1111:11100:0:0:0:0:0:0:0:0:0:0:0:0:0:0: (total 7)
0 4 8 12 Thread 0 going to cpu 0
Thread 1 going to cpu 4
72 Thread 3 going to cpu 12
Thread 2 going to cpu 8
going to barrier (cpu 12)
going to barrier (cpu 4)
76 going to barrier (cpu 8)
Thread 4 going to cpu 72
going to barrier (cpu 0)
going to barrier (cpu 72)
80 Thread 5 going to cpu 76
going to barrier (cpu 76)

cpu 7 cur 7
Thread 6 going to cpu 80
STARTING...
going to barrier (cpu 80)
STOPPING...
Duration      : 10000 (ms)
Acquisitions  : 22415258
2856
2544
1410
1916
238
1216
1854
3678
1066
2560
1066
3012
2656
1888
34146
2130
1514
716
4628
286
59898
250
2088
2654
2270
1840
37882
3042
2644
516
1194
740
28848
744
1412
520
29960
268
1992
522
484
394
1784
37818
2284
250
6750
3972
1276
1908
2544
25942
240
616
1012
1876
498
396
274
296
520
884
248
1612
410
2068
3486
3480
1596
846
260
506
1116
2332
2508
248
10460
1858
2478
2504
504
504
53720
9246
402
3494
1132
49128
9918
1604
744
1828
2908
738
386
2016
1820
1232
2986
10626
514
2576
1216
2366
43678
744
244
670
656
1226
504
918
49888
52448
5204
73840
43812
25356
618
1254
1374
109232
55260
25762
616
2060
34718
348
1056
1764
560
534
618
1600
23386
2592
402
16858
1586
244
3124
1258
23306
3816
1870
854
2856
6096
2038
386
86096
1592
4056
224
1618
1032
386
352
14080
4270
3608
2206
2448
1530
348
470
2268
11772
1826
2036
744
113842
594
55232
284
2080
510
2198
766
3024
1750
2134
3250
2014
490
388
394
504
2454
11050
34472
1802
104834
3028
1616
396
1376
1366
2038
252464
252
716
1014
35296
1880
1948
1552
58488
386
44468
4578
27970
1272
256
1720
976
500
250
4916
3848
390
1636
596
1616
62880
1858
512
2220
506
794
1918
1030
662
2500
3350
658
382
276
264
2668
1642
2828
520
634
54040
1444
4176
2180
8730
1842
2530
272
1970
1520
1342
1544
1686
2038
496
24360
250
736
300
8944
622
1830
916
2226
244
660
1520
21430
1518
1690
1194
1286
1680
1392
1424
1908
3528
270
1296
2314
1670
1770
3636
270
266
482
554
256
644
1464
1386
3632
1720
1534
8444
23738
386
2442
768
242
4446
33530
1546
22500
274
119642
13182
512
1062
774
2064
1354
14396
1772
602
500
2034
1842
1496
1910
1912
97806
5994
388
2192
610
566
924
1002
7034
1168
2016
524
1562
274
1384
1398
22744
2220
506
386
386
2634
1706
384
738
478
504
614
3508
58886
2148
1100
96750
1922
2182
3060
2066
3850
6390
532
1368
1778
518
1426
2018
1892
398
654
1146
1096
3114
27840
260
2604
990
5366
1554
2300
774
1234
13484
1190
510
400
4256
2324
254
2312
1956
1674
256
3372
876
1800
51254
348
3680
1294
524
1248
1120
76324
1776
660
350
744
1496
2870
484
2998
4204
35798
616
2572
384
1392
4670
248
3534
488
1432
46016
1544
608
2088
29744
262
304
842
2198
28748
554
912
1872
2052
3854
11012
59304
5002
1640
246
4684
838
540
3012
620
882
2132
864
1374
384
768
57434
2440
19444
262
1966
1648
574
2998
3410
516
1672
2138
3458
35498
1278
742
29038
256
1944
1764
1790
1998
2326
3770
35696
1560
2306
380
58882
33548
230
2150
2444
2328
1280
498
276
662
1424
97032
372
424
3930
3946
54000
912
246
3262
252
620
384
1296
488
2038
1728
1340
3686
2790
26020
2966
2404
5938
6380
1714
2500
1910
590
2154
2350
1758
42154
27360
388
1522
2262
946
260
1034
4124
1268
5242
266
514
11862
53160
2280
1728
1982
1042
1848
1822
1942
522
370
38662
4374
3298
14074
2760
246
270
3692
512
742
2170
2512
1260
510
130778
768
2314
1086
30302
1244
392
3018
1896
258
378
2244
2028
870
4162
618
418
478
680
29274
3052
1630
2746
1176
242
35876
3326
22946
610
354
37036
768
1124
918
2440
498
372
266
141436
1924
1296
750
2008
792
252
65882
41380
12336
24706
1802
484
29538
738
600
1478
3286
2796
6608
488
1022
1732
1912
1928
76526
20356
384
2152
1842
390
3338
1924
73330
3988
2920
476
608
28748
654
468
2010
1624
2596
1920
1460
286
1464
614
272
1014
2510
764
1640
658
1072
852
3428
986
1642
656
924
510
580
24594
1126
2554
1702
392
10114
492
4132
1056
386
242
98960
6608
1666
2270
1594
1550
13622
386
5928
3496
390
2786
254
2580
736
274
31048
264
1046
1600
2050
592
19684
10420
1100
66538
1964
258
1936
1728
1134
32880
4192
1134
770
2546
1396
1656
656
2252
496
14306
14464
2396
1380
2930
94046
1088
1796
22932
484
2236
2904
1520
1670
954
388
2604
1838
260
492
1788
23086
1640
570
1430
1340
3328
3624
388
2262
424
1834
2024
1618
1364
3114
2986
4312
1138
1822
1658
3160
141798
46544
384
520
226
1688
66248
2784
248
972
382
2534
7516
1412
2120
56240
620
4562
1620
1166
2038
962
2518
1506
1774
1316
2250
13664
1328
2004
1948
2188
1874
22562
2966
5180
4534
2290
2800
1432
2376
1438
2768
1522
1604
2576
3226
2322
3090
1782
1900
1278
12006
2316
24960
1280
4570
2056
2546
2322
386
1828
266
1152
512
998
276
242
2892
598
1788
404
1354
604
27556
372
516
1646
480
1364
2032
42218
1194
2246
1922
648
988
3272
232
388
1662
386
250
1848
794
2506
540
496
1774
2602
2054
1070
2490
10558
730
1466
3218
1714
3092
250
2524
404
1804
240
2220
4752
1970
2836
2216
2804
2572
1720
27220
4148
70808
1156
2246
1028
844
396
1622
3586
762
554
14582
3792
384
1374
11190
1900
270
256
2254
1788
2430
388
11570
9380
1728
36850
2248
3406
18536
13006
264
2398
28792
528
808
1302
1142
658
1916
518
47918
1762
27542
1010
502
1766
65858
1406
1920
5150
1384
1676
2496
2644
1974
2478
750
1862
386
658
3678
414
270
400
242
107468
1978
77598
1622
2026
426
386
3500
1556
398
608
28370
5834
3362
492
1728
2170
512
1674
262
84634
2882
2154
476
1136
2788
740
660
240
4672
1064
1536
514
41694
384
1494
11250
2350
13738
2250
2802
402
500
1400
13896
410
1134
1878
1768
1676
4300
1572
1608
1186
1926
1778
2886
466
25214
260
250
622
1026
1468
1028
2612
518
15068
1602
1738
16380
15822
520
1834
2382
1748
1920
966
4636
1598
2026
1296
2116
2016
658
2676
2644
66040
134926
2038
1350
3162
2174
654
2102
288
25910
508
2540
502
784
3504
222
2314
860
4168
2168
750
1396
992
510
2412
1760
1932
2046
2042
1750
4030
1274
888
2344
10180
730
2866
2352
1768
370
482
59658
13404
57836
3730
3550
1850
602
2636
3778
72742
376
3368
608
246
1282
2330
3180
604
1554
2098
1624
1886
2274
2668
1520
238
2248
1612
2148
1366
115428
520
3260
1922
244
512
248
11550
92476
1588
1128
1232
3530
2460
1916
1060
66288
230
90810
270
222
1650
486
658
2518
518
554
4824
1578
1006
3026
1658
1768
644
2132
35036
1696
760
70606
880
1560
696
508
652
928
506
392
3004
2334
2748
276
1642
23844
1886
3458
3860
1810
2176
230
1282
2380
1680
2430
656
22688
3416
2008
658
1716
246
1576
2166
1908
1422
266
1748
2862
3140
2148
2236
1768
74306
2668
964
2798
510
2894
3934
4690
566
1558
13612
3368
1786
5876
3464
2136
1382
2262
482
1936
20918
478
1214
4466
2196
2042
640
236
1296
224
75798
242
1568
652
250
44616
246
236
3912
1412
2344
2310
2326
724
1370
2258
508
274
620
1696
33836
3692
130506
1010
2594
1578
2452
1376
494
1560
4262
189846
55330
3260
1478
2132
2452
406
614
27736
386
652
1642
4130
2010
2550
1810
3408
2436
248
53106
388
1652
2658
234
266
4120
1682
582
93338
554
2282
2168
386
2896
242
2748
4838
1514
1488
2330
3326
18316
2000
3168
516
84164
1856
384
968
2172
660
2038
526
1470
282
4214
1732
5178
25354
2008
790
3198
4450
1052
1548
13274
166040
1310
1000
928
3176
2416
16656
2160
2424
125766
1146
622
490
414
1782
246
1400
2150
22160
82314
3192
1932
5504
2022
38640
81946
788
1840
1502
6594
5116
8578
3052
2636
1724
1700
2258
1520
1140
988
3370
392
3736
518
1236
2538
1510
33350
54684
2368
3166
64380
1334
2468
1286
2068
2446
246
1748
2266
1564
94742
3164
3550
488
740
1456
660
60914
2028
1740
228
1898
1500
1692
484
3328
2938
1846
1228
5990
1126
2024
2822
3192
4490
3166
660
348
2562
1304
232
3644
2826
1530
742
2886
526
1614
3580
3676
2020
2584
508
1496
2044
40640
22958
3494
398
600
8266
1472
17074
1544
2214
482
1778
536
3348
5112
2182
2204
1310
2700
2630
1718
1704
2020
850
3634
238
2014
4186
32116
2648
1854
868
2300
2028
1162
2128
1848
1482
256
1850
1868
1278
1816
3430
264
1580
492
1528
147866
1690
16186
53802
2418
2496
61392
52582
1420
526
778
1862
64834
109694
1236
546
248
2880
238
1544
16508
1732
768
20224
1372
3578
3086
1028
620
1560
228
23924
8530
1170
4042
16580
1328
388
2120
8898
732
2196
2070
8134
1296
2626
38972
1792
1116
1344
1490
248
1880
3342
1042
1422
1236
1208
1808
770
2374
4242
10288
1448
268
1902
2964
1044
2466
700
1490
1380
79802
56656
1164
1536
27456
3858
2340
2384
59558
240
3386
53958
1770
2648
3078
982
2924
1222
4086
1470
800
2070
4384
2292
1616
1224
1730
1852
1278
2094
528
2104
1662
656
2634
1716
1128
2834
2082
978
1690
656
1404
2524
75710
1202
34634
658
2046
618
408
1406
2046
3496
1202
2362
1752
10036
1504
658
183506
2768
1262
1222
2120
3438
1452
758
1172
248
716
2156
2740
622
2064
2164
1210
1722
1150
244
1504
4240
1522
3442
16028
1566
1288
1254
9946
81064
3152
728
2816
1270
740
386
62100
1610
1704
77984
1142
1772
1374
1832
3694
33108
13992
1418
1484
544
13730
2432
6726
40232
1654
384
3054
2218
1408
2196
350
1432
1254
35470
1946
2030
13488
1246
838
1080
1542
2472
89394
1580
596
1282
1202
1882
2072
10496
252
1194
1094
1766
384
748
2620
1184
37130
484
1496
2388
546
944
772
2330
7358
470
1526
502
1658
3118
660
29300
2644
1498
16086
472
2234
1124
1512
242
1152
1860
2028
1444
1760
1628
3426
12364
2726
1472
2314
520
2426
240
2716
276
1264
3412
392
13324
264
602
89492
1726
12466
376
738
1778
2274
270
1494
668
484
2210
2160
26376
776
8366
13732
972
2806
1908
2562
1528
23874
388
386
612
820
752
63538
1280
2798
1298
500
4374
3856
270
1610
3408
2916
388
1950
38108
646
2726
2382
6096
682
3288
2524
7566
16606
3008
4600
3782
1408
1362
250
1968
244
554
19228
664
22258
1476
1808
2936
1686
2690
2264
1158
490
1992
2320
2292
3046
26908
622
384
2830
3834
1828
988
2736
39338
2362
3410
2200
1910
2178
2556
6258
278
2764
48718
1406
1966
868
5900
2814
1036
1384
764
604
658
750
514
45658
1546
2022
1642
13150
2138
1156
794
1864
12914
1988
3362
1114
2638
386
6066
2242
388
248
1350
642
26146
402
3060
3114
490
398
1366
6130
2240
240
1008
1198
4720
24986
662
2212
45850
4394
16780
1254
910
2834
3378
2762
1296
2718
494
656
2178
246
1026
1876
1298
1580
544
1566
24292
3730
29924
248
656
1842
9604
2450
224
538
2840
390
7262
88430
2016
1336
1562
133780
10688
442
4072
2470
4738
2526
1912
356
2768
2488
45340
1984
1014
1820
1948
478
518
2280
2270
756
718
470
1822
21064
4328
806
228
18620
1552
2442
3248
2490
1708
1264
478
498
1792
1842
2764
20128
2128
1524
2292
244
1248
386
4696
546
2098
1130
1276
1932
3954
2172
1416
1858
3582
654
5034
3052
770
392
2590
3088
80364
1904
1642
2048
476
3442
664
426
1372
530
10632
23116
514
506
384
1494
1938
390
42010
2114
2370
2840
1758
2486
1280
2744
1412
56206
7714
676
1434
656
7202
187116
16430
1642
30594
688
4042
370
1060
828
2990
544
41972
516
1984
1652
92030
19784
2546
1824
2432
4154
1764
1924
2102
8286
860
2820
66614
1492
2118
2602
1882
2506
11174
1058
1702
1670
2092
67874
2250
1850
2552
1150
1248
2132
2398
35216
1372
384
1404
1828
1668
42436
388
384
11528
1144
3884
3164
2448
36904
1494
2424
6576
886
308
1150
1436
1414
1138
24514
614
12350
1898
3206
3004
44950
1118
572
1902
384
2460
638
254
2300
3306
4862
302
3728
1726
4152
394
2650
3166
29518
658
344
1412
2720
756
2584
2102
628
1006
982
5088
1534
1544
1140
390
1458
794
1118
1102
1624
250
92086
2356
2222
34848
20318
38962
422
256
16996
282
2672
384
1986
2112
2660
384
130626
490
544
3322
2960
1526
2028
2502
2458
254
3440
4484
512
500
1716
1466
3674
1654
532
1496
512
4274
2920
1362
2188
384
746
1964
512
1814
39858
1814
3612
378
876
650
878
1052
3198
1708
1438
2226
2252
832
510
1226
2516
386
654
1284
53570
262
514
1910
1510
514
936
278
376
1900
7382
15318
43320
948
724
506
3586
1650
2444
386
2422
412
3552
2654
1150
54970
1054
258
720
2348
2292
4886
35334
240
1516
754
78582
1268
1008
1996
1462
20194
592
4018
1478
2010
3286
1058
288
1190
3346
1786
752
656
1278
2020
1430
1728
1926
294
2872
34658
1544
1754
1938
2132
2384
2532
24022
736
3170
670
14310
1532
32694
386
1818
244
2646
2396
286
2712
3172
2352
372
500
1880
2914
860
1240
252
1090
1406
17190
1946
46460
3234
2022
2158
1880
1210
384
3100
660
524
1250
3998
1562
282
2754
516
2294
2380
3844
2274
1410
3744
2090
51848
1306
1866
382
3978
3380
1156
1716
656
1386
2424
878
2310
266
2174
1894
1614
19294
59886
2056
250
1152
20840
2218
86120
1642
516
522
69384
1918
2338
1900
244
2052
4058
264
398
2336
410
1450
384
1490
1962
1778
1992
386
3054
1776
1304
870
2044
2018
1796
23172
500
2314
752
588
1608
69034
384
3044
27988
246
1298
3852
2030
1568
660
2668
254
468
264
1512
1894
384
500
1846
1402
1816
388
260
264
1638
2518
616
276
2542
4806
5662
436
2270
1274
256
2332
2232
384
232
244
1734
3054
1368
1658
678
3136
26272
151354
2064
5222
2586
3366
1130
2614
2588
1056
1928
274
600
1082
450
3036
2482
1416
3056
4064
1580
2916
612
1982
108556
750
1936
1904
1826
97838
748
256
1124
660
1972
2502
3792
2548
616
1334
4466
2292
3368
2108
1560
1334
394
1156
2666
1498
386
386
9628
1478
2098
1982
3170
54034
736
26648
1540
390
1158
3116
496
280
698
1286
1468
1650
1694
654
3318
616
658
2314
1808
518
3820
272
384
386
10026
75584
1770
2394
2288
9268
5512
2748
2314
398
1862
2314
2234
274
1684
1804
1310
1416
3668
1358
530
4086
82694
3254
12604
2246
3876
47352
2328
722
2564
3902
880
2130
1118
2130
98070
1670
1448
472
54680
302
1392
3692
1054
2908
2044
1842
2576
1268
1756
22666
1008
1824
386
2804
492
390
57754
62132
1134
2498
1828
4096
348
45766
3098
2830
16890
64602
612
386
1494
1100
3066
14692
1114
658
382
53392
3778
1978
1920
4932
1034
2668
1188
2072
1458
5860
1374
38510
1890
1454
78000
1572
602
1272
284
234
386
728
268
272
1880
1264
1902
1378
262
608
1434
1562
1464
2948
1756
3266
1120
1622
2504
1964
260
3860
1242
384
1122
3584
2730
2060
3668
9360
2944
1470
556
1326
350
1922
526
1898
1152
1432
922
888
388
1618
1792
394
262
1432
2326
1184
3324
17348
1054
2344
1830
978
1390
1162
1802
4026
244
2030
43360
1166
1402
1886
4368
1198
66716
944
12772
1230
1688
1398
39504
778
1890
2804
1744
3060
2822
1014
656
622
1864
1116
544
1138
258
2338
2118
4798
1928
1314
590
1838
1026
1512
1514
1652
1882
1862
1858
1206
1374
1648
386
1438
42102
1916
236
1136
1766
1930
1134
25238
3314
614
1646
3410
1020
4038
852
1436
1236
1638
2016
530
1670
1376
2064
2412
4612
57624
1776
658
42932
2158
1296
4360
284
1234
1536
1414
1126
512
278
494
1192
2124
42958
1398
2244
384
282
1690
942
1296
4024
514
1126
2296
556
796
1866
258
3576
348
280
1942
268
3102
2712
2194
1162
1252
388
1700
266
1766
988
7256
1650
2032
1978
1796
234
1164
34900
264
2932
17532
1864
3408
2570
1664
1274
384
1344
1242
2136
1346
4408
274
17824
2162
500
934
1096
1382
1136
624
1548
1498
1524
1316
74660
1662
31986
520
5520
2380
1738
1934
1626
1708
648
2340
538
1440
1820
2230
2658
1824
574
1744
1144
972
2230
1348
854
1762
2074
1032
1962
18292
17114
384
56424
1082
1808
334
550
2116
624
2614
2038
1622
1738
270
13778
1664
530
76018
250
3088
352
1642
406
394
304
1260
500
19754
1282
2928
3004
3718
1504
1266
7398
48816
11720
2490
250
1142
3278
3794
1300
252
1384
388
512
1148
2348
1788
250
1606
27704
3984
1518
1148
1084
1440
262
1446
558
272
1952
1822
1648
2532
2148
7056
544
930
3072
1376
2666
2528
2710
31930
1680
194576
1164
1804
1624
1582
1242
260
1674
3680
544
4824
1614
3222
2226
1856
1350
2430
1146
1138
14244
614
1406
92120
95324
30804
1614
1584
512
1158
2612
95054
2370
2238
1284
82682
3594
1374
1786
1422
4498
3964
1430
124636
1428
2452
1768
9256
1794
3472
11334
1286
3750
2354
1456
1524
1056
1080
1036
1984
23146
1670
2622
3162
284
1848
2600
1734
96992
1726
404
654
1006
2280
1932
73990
1744
3098
1994
402
1600
2880
16538
1142
502
79900
1686
388
2366
2228
56476
27036
1188
3008
1888
516
1524
894
1398
2756
2642
13864
122544
888
764
2240
1420
2214
84118
3292
7816
2376
1366
1480
1612
242
2764
34452
2768
16698
5892
1512
79070
4484
524
942
12820
386
110326
1952
2736
2050
486
1186
1754
100698
3348
1256
22860
246
396
30490
3952
1948
250
570
2268
2120
49304
90368
69696
674
626
240
516
260
82030
258
668
508
1004
254
18720
256
240
260
260
7742
258
228
47270
14850
514
13566
12216
71568
260
63694
644
254
382
242
424
62396
500
8070
466
29038
256
50036
380
602
266
392
520
510
750
30402
532
129224
7466
248
46886
254
88054
256
390
638
9496
266
628
750
1188
26992
13840
258
708
31570
2918
242
48808
362
48890
70474
27904
9140
9064
79620
27748
286
1308
650
366
188558
508
356
488
418
258
16362
25100
652
12008
71506
522
508
1254
9006
472
262
16214
1278
276
10888
628
618
622
1280
264
596
17394
634
77568
22482
770
622
101086
1002
260
524
268
244
404
562
762
366
638
302
1258
9502
270
286
656
374
408
860
40544
262
516
37626
806
260
244
384
1466
20324
5758
3542
17518
24132
662
280
380
280
504
536
71182
388
65622
488
510
630
256
49590
514
258
2036
8942
15002
738
378
646
266
628
650
394
532
386
530
444
242
528
135438
524
250
638
626
754
492
498
74020
258
25172
492
137862
396
256
1276
482
41926
266
48162
642
11398
26066
498
8044
5564
71038
644
734
386
244
17306
372
820
562
13612
934
776
614
97304
506
290
262
770
638
24866
45422
282
490
632
286
516
624
356
392
14442
1276
372
1120
382
284478
898
778
66892
1310
250
262
20236
498
50984
8332
480
408
172524
258
892
382
55432
624
262
394
910
266
628
10208
808
101056
364
13188
238
504
398
626
616
498
504
524
264
624
274
252
290
1502
904
26704
5642
624
31094
536
504
85752
510
520
878
6022
534
292
648
52096
496
526
638
794
408
18058
27712
73700
5718
504
256
490
26698
262
84180
370
30292
370
506
648
648
250
550
476
34570
504
284
53288
760
504
1140
662
380
516
502
137954
534
528
616
376
242
6056
606
4906
248
360
498
26390
384
522
734
258
384
36636
8584
670
256
622
232
24552
33360
508
12048
392
378
500
500
630
482
244
270
94994
5068
508
492
594
412
38680
496
33646
258
646
101336
384
508
9364
246
752
248
520
752
626
250
244
374
93016
246
120948
15894
23168
762
3826
1004
256
232
388
1302
1054
248
244
816
538
31234
516
492
46242
66428
498
260
130584
492
772
376
151522
390
382
20120
640
248
77474
642
5858
266
512
7550
516
272
514
378
518
388
412
8050
390
11310
3782
392
260
616
506
54018
26990
752
1376
13848
29928
258
10172
296
534
490
30742
502
18052
522
384
294
35340
3644
638
378
632
3336
886
1498
142394
124508
428
614
74250
424
244
886
518
1046
262
5438
17318
262
54002
512
758
486
242
230
31284
230
39738
374
7624
624
736
390
518
80224
636
228
252
262
396
27856
12350
498
286
512
12310
53444
508
992
244
784
424
492
620
892
50430
368
8752
1096
696
374
380
506
530
512
42670
372
264
898
1750
244
1450
766
506
120926
254
258
502
516
6166
7998
900
618
23154
806
1566
290
884
350
870
248
652
558
250
262
514
414
254
1146
500
110232
518
254
244
15200
258
376
260
362
612
488
31832
384
104108
530
26728
9958
11516
562
584
46842
5562
388
252
660
16840
532
41604
264
268
524
8502
254
71756
634
396
490
382
612
104074
48094
24064
384
634
628
77956
108046
1294
264
388
16408
54696
42900
55588
520
368
15160
490
376
360
636
17846
14568
12488
506
390
8522
470
508
256
364
382
266
510
380
390
504
11404
396
62074
394
7916
7488
382
258
78292
894
94628
258
506
402
382
504
368
17498
374
496
1668
412
392
522
488
526
37942
270
606
726
2924
496
738
250
524
648
524
21444
640
602
42056
12568
862
906
37526
27664
258
244
500
284
510
16194
750
47682
38722
44176
536
732
506
780
230
258
556
500
28264
133888
742
506
632
256
288
54918
492
878
882
23160
252
129932
382
640
319724
494
264
232
380
98476
490
256
146464
64556
548
260
358
390
268
260
256
1434
372
18396
516
242
652
250
50670
220
57738
382
13194
632
882
274
114388
248
504
490
502
666
370
1010
644
156850
1128
242
508
386
362
874
366
366
53254
1204
294
78406
266
3740
368
642
554
89356
630
88842
718
72460
384
624
742
272
40264
500
502
352
34660
266
35744
1006
1042
390
670
47028
518
238
498
66278
894
94020
520
272
284
4976
502
484
376
20730
374
64200
762
16694
256
264
426
870
654
39264
266
107026
370
149322
754
506
9630
726
264
636
12946
524
48088
231084
35430
254
230
498
244
380
194760
640
260
500
26576
524
792
394
902
44826
360
256
24856
540
392
664
762
720
85200
92228
398
626
632
498
23874
66132
484
242
498
614
254
536
360
272
514
762
126952
1160
916
19000
370
638
770
26102
466
890
778
232
352
45728
522
626
6880
406
232
634
35102
378
256
15340
81980
32164
506
32438
76824
632
878
642
20740
418
388
890
394
270
646
366
636
41288
183458
120842
766
140468
400
45146
366
494
400
244
658
268
384
25210
512
382
524
628
286
266
11632
250
774
6058
646
5096
512
476
384
656
76
258
878
85208
1006
514
366
492
270
780
23316
84232
4996
488
414
230
51896
64874
5850
366
119878
19078
63814
674
27096
33080
5286
254
502
258
614
93784
6914
256
278
828
262
9322
38008
408
494
520
254
18532
534
364
664
524
638
282
1124
916
2142
488
25400
68414
430
67784
408
77190
492
178638
260
3072
1966
776
6456
2006
1988
1168
1414
14864
2360
3092
3198
386
498
1464
466
2388
2804
2842
604
518
3168
1368
510
2902
2280
2424
642
1524
1228
28382
1378
70622
1006
5576
2146
416
17220
2604
272
2302
1934
526
266
654
8752
3316
2362
1498
2440
540
17202
1712
38684
1532
516
522
7524
570
10040
2714
10088
2610
400
1192
26698
2636
920
1228
3496
2122
45690
1406
24396
724
924
1572
1616
67826
656
5022
107550
2484
77110
1558
534
3338
250
408
2830
3628
28640
500
730
252
2996
654
3706
1142
2798
2436
85274
3408
3078
1574
386
7350
2528
3224
600
37510
2724
1636
256
1040
7938
2786
13316
1434
550
4280
17166
2528
1322
1644
1814
246
250
2544
1666
1826
946
1666
2078
526
32174
860
1574
1244
510
244
2664
14472
2184
15330
404
2054
15532
1680
662
1742
508
2322
2140
2568
1410
2044
386
2774
794
986
1520
1714
1508
478
2776
1896
33858
1828
2412
384
66716
2104
262
1626
352
1780
37844
1588
784
1528
498
5658
574
29818
2784
388
656
28422
252
5168
1188
38702
7044
2414
658
608
746
1938
1340
1782
20414
7764
9788
3270
2390
232
1398
1874
5720
2242
1908
1750
398
598
784
7074
2180
2130
54852
1770
6774
272
2274
398
242
994
47590
600
1050
1316
410
2922
488
1056
1522
3572
1750
474
3948
384
1600
1546
1666
2360
13634
2292
1332
47138
2736
2282
272
720
46884
392
260
230
48406
1646
504
612
378
262
2016
73736
516
14128
25882
1416
390
26014
1960
83268
82984
27636
2476
36562
6820
2228
23406
386
17874
2554
3334
386
3202
252
242
18494
614
1448
504
804
868
3848
1094
862
6504
3546
82166
2544
1640
252
514
2628
992
3430
500
13192
246
286
490
2030
546
1728
1674
1514
2816
484
12360
1756
244
1504
171720
2666
3192
392
2740
622
250
1300
2960
2400
3378
4354
714
1148
472
656
43770
1182
103544
260
490
1300
1998
1294
1504
484
1544
254244
37142
1946
1304
1086
398
54768
2626
42294
2912
752
25204
508
252
1556
2694
5248
390
1376
520
1476
488
248
2922
2550
62500
2732
2362
4020
1770
3594
1822
492
5776
384
2330
2752
264
58508
2678
262
246
384
2144
1588
8648
2262
2544
1402
1522
1530
1370
2884
2768
19546
742
348
5384
448
8322
1394
7054
1364
850
17248
246
2180
1882
2390
1250
2434
1500
1490
264
1770
2024
850
3128
1778
388
2416
2080
378
1862
610
278
6636
1806
1970
706
374
1582
1116
7616
1236
400
512
578
9088
7492
1992
248
3410
602
622
32830
658
1704
1940
23640
256
117278
1412
15022
2428
500
1268
14236
390
1124
4236
1284
1564
1462
2718
386
990
94022
498
344
2344
510
858
374
2778
5082
10636
2310
5384
1220
2070
22758
6036
658
1482
6940
752
608
58198
1804
3976
97952
1854
1806
608
2570
1434
406
520
984
3276
386
1988
2140
3470
2038
2026
3398
2962
388
1732
528
23352
2686
2250
7630
1536
2490
13488
1306
4136
386
724
2150
3304
648
1906
260
2060
2020
262
642
3058
384
996
52120
506
622
2150
4522
52710
384
24346
382
6314
2534
392
3664
446
1618
406
278
39182
1008
2230
1536
724
278
694
1904
412
2158
48682
2942
500
2214
528
26172
4998
1200
858
774
346
25272
1430
2352
1952
606
558
11012
2312
53674
844
272
626
1732
660
386
2886
3200
742
520
3748
4458
3348
4610
518
53054
396
1754
22800
1442
3540
276
2310
384
2788
1360
1702
272
396
35152
2126
1176
1762
30248
1428
1828
1532
2730
1760
378
662
1906
33022
482
3218
422
60032
32670
234
2806
250
1564
292
1790
2256
5268
1070
95596
3596
666
1636
496
392
56714
3124
390
4980
2824
982
476
1378
1916
274
1874
514
24804
282
2078
386
3086
1696
542
608
1220
1310
880
890
236
496
1954
2500
1558
2886
384
1554
384
2468
42088
31432
2022
1736
1784
748
500
234
1616
1528
626
842
482
3540
9764
1920
610
862
39314
504
6940
452
386
1836
1574
1808
4024
1620
2060
3620
39758
390
656
2742
664
288
1192
14540
3140
610
470
4170
2198
2004
2780
522
382
362
608
128604
1430
1908
29760
2320
372
3096
2976
1038
3704
506
372
700
35992
2160
1120
398
36000
622
666
512
2508
526
18030
482
386
640
642
35718
388
640
1228
250
1882
854
1736
1638
144246
2050
1682
2810
67274
44626
648
886
370
490
852
512
370
2520
22256
1118
34800
2300
510
1822
592
1030
3626
2086
1646
1920
2876
5782
766
67858
252
1902
17446
2066
2068
1804
390
382
1150
1544
494
72754
1666
2052
5584
656
22924
540
3906
1392
1304
744
2466
2440
2646
4362
1370
2602
236
5258
1008
1012
1280
4744
28962
1644
532
254
1900
2586
7714
2286
610
272
5496
95060
664
1570
6784
2034
254
1542
1808
13282
2026
528
1616
1816
936
2456
390
2046
1054
2448
32080
1510
2260
4228
32420
62004
410
374
1288
2768
2224
1174
31772
1894
878
498
1484
2382
614
1518
1270
2806
14140
492
498
7076
416
522
260
7118
2042
1938
242
33288
63296
25912
3266
2926
8052
2104
4596
26428
3128
1418
2066
790
1488
778
252
2926
2874
2400
2090
1682
1858
1988
240
1792
520
504
2728
2554
1698
1192
758
143452
50468
67950
382
4944
502
2378
7470
1502
1310
510
53422
2000
1684
272
1450
1684
2370
3046
1672
1752
2324
1470
2510
12820
902
502
2438
1516
1312
3160
1064
490
14822
648
1444
8296
524
652
1872
1250
4080
2450
2392
1870
2160
1546
350
1946
1230
1516
604
1130
658
2054
1590
1548
1384
738
11530
1096
20750
482
1848
1958
252
236
1182
2172
756
2510
5104
3062
2690
2648
2184
22990
516
990
3698
2428
1364
2320
41766
2186
1716
3352
1820
1134
3976
116202
606
1516
2832
3026
672
2384
386
948
1264
262
8438
1482
2040
66664
1530
1014
248
1984
2362
1406
13904
2052
1512
1512
2014
388
1880
2060
2734
1212
1826
3962
2422
1860
654
510
63300
131640
500
1778
1650
1086
620
496
2456
2882
2930
22706
2956
3314
2862
3290
286
2948
2752
4242
1910
1420
1040
1310
1638
2300
386
526
1088
2312
618
9848
2806
2444
264
1366
2812
530
55756
2192
70322
874
606
1544
502
736
1212
2434
2472
886
2298
69588
672
3116
244
5228
1918
472
3068
1576
2154
1162
1368
1418
1926
2154
2026
2046
2288
119396
746
1876
14222
91002
730
2406
3118
1392
482
526
996
3220
1482
69520
534
4454
86382
4076
5008
278
670
2474
1252
1714
528
2308
2046
2174
1516
33186
1896
3614
486
70150
1108
6654
500
1280
2240
3468
2236
656
23444
1506
220
520
2210
756
284
1382
2588
2370
1440
2606
2050
494
3128
21556
1898
488
1686
2900
2268
1656
1766
2024
1750
3676
1206
260
2898
2122
1466
1890
726
70406
1498
930
1920
1980
2298
1654
662
628
1630
1132
522
3152
1704
11664
1752
1146
970
2772
3450
2490
792
1668
610
1708
1844
876
2296
2186
384
17408
2056
2124
514
3058
2166
4278
2524
76462
3690
45674
918
2058
1640
1120
1298
386
1986
1388
41092
678
133892
2120
1394
1804
2436
1330
504
250
684
1146
189846
54640
992
1820
1558
1064
3208
30266
1782
386
1768
2016
1682
1918
386
232
1624
2110
49826
3562
1816
238
220
3650
386
746
262
2032
97614
2092
3460
398
2694
662
2392
392
604
480
902
1648
1654
614
2004
656
19298
1438
2034
244
2462
80134
962
2306
3366
1294
386
2374
2394
2226
648
476
1390
1600
5050
660
21612
854
518
4324
244
474
1792
520
930
1778
1242
16352
33808
1036
21120
106188
1402
2936
350
2652
15160
236
668
1882
1898
129142
3462
2254
1568
242
1712
274
21326
280
84290
1750
488
3830
1546
37048
1894
82694
1650
2386
6152
652
492
248
386
1642
7708
412
3186
514
2080
1936
1404
1774
2396
1002
1926
742
2392
498
4548
1104
2018
35768
51224
352
1520
2708
402
62372
508
1758
1538
2230
1324
2168
2264
2390
488
1390
96654
394
2218
1006
4628
3534
490
59554
5370
1016
1398
1990
408
236
1746
1654
240
1730
1844
7694
976
240
2160
824
1818
658
1676
3726
2254
2236
736
484
1354
750
2038
234
3548
2700
1656
514
616
2334
606
1462
1870
242
2892
2254
1910
750
1074
58144
1614
536
5558
254
7798
2148
15676
1508
2240
3354
492
1514
930
1904
238
1614
1972
1518
406
5804
2252
1588
1300
1898
272
3742
1808
514
650
35098
278
2118
3900
2922
2926
1536
1896
3104
1162
1704
1742
2126
520
2394
3348
1032
141282
980
1022
658
1722
67764
2866
1722
1780
31932
25980
3074
382
49496
5766
67010
109482
3296
3282
1748
13536
1846
21630
4164
2530
4116
24396
10610
1502
652
522
19540
3100
8548
3184
1718
8264
1750
2060
41926
2100
1212
1804
2992
1714
538
488
1008
1930
1746
1458
1816
4250
2022
620
768
8300
1822
2160
1830
2238
1222
388
852
1000
1378
80998
3610
1976
1504
1820
2222
1590
1802
3622
1886
74784
1802
34796
2934
3838
1390
2332
392
1400
1918
2032
2204
6198
390
1654
38108
148230
266
1652
1422
1132
1430
622
624
1266
3022
1898
1082
494
866
892
3616
2440
2214
1680
1536
3014
3656
508
1560
2036
238
13402
504
486
2124
1292
1236
1258
10476
78608
1130
658
3288
1724
3586
62446
1482
77822
1144
1550
1898
2082
1214
658
536
34714
11812
1478
2618
3532
14850
1792
388
524
620
2246
37594
1422
2550
482
1900
1966
2218
2670
1010
1754
33370
2212
2200
13792
1696
4118
1272
1628
54210
37742
2564
1016
1892
1902
2056
7538
1606
1146
1614
4150
1680
36994
3436
1250
2942
3716
7010
390
2998
2928
274
1640
388
512
30416
1300
2086
1628
17908
1462
1282
2194
1132
1936
2206
1192
1250
1426
612
12074
1802
2646
1710
3438
1868
248
2996
1770
5178
390
1338
8280
95274
2200
14594
1948
980
3488
3490
242
1246
1914
22546
496
3096
854
5262
17108
2138
1276
234
1306
22656
664
4360
3244
61384
1800
934
1548
2802
376
664
2752
508
488
2038
2538
662
1868
622
3524
2334
928
37420
2400
394
1652
244
532
3038
346
654
2232
6572
520
1994
14032
2414
610
1586
392
536
1552
468
2122
1166
1988
5172
14284
428
24608
896
1856
2024
464
1782
1566
1078
1372
2734
1000
1694
2476
388
32200
272
240
3092
812
350
1476
1846
1976
250
1552
35892
382
2216
2138
244
1476
2290
1684
2308
242
1470
522
518
616
2536
466
51390
1124
1320
1878
506
672
390
1102
494
1734
1280
53746
1886
2616
11628
244
384
406
1242
2310
2002
1686
522
9160
2588
1626
1978
1582
388
2994
3060
1522
2928
3202
662
26068
388
1852
656
5252
8346
2448
1034
1148
776
28710
506
47284
238
274
470
390
19548
2544
1648
744
2472
834
2256
2048
1504
772
4326
2834
1370
1182
2606
2300
1776
494
19848
480
392
2188
548
1602
31074
1716
10134
3340
512
2394
7930
88552
1296
1884
35100
97288
518
11846
2960
656
2402
3388
926
1336
1822
2610
476
2020
2436
684
1044
40114
1156
2264
1244
1412
3046
2444
490
4528
23578
562
20920
1534
1958
238
1758
590
1400
1936
1588
3972
1700
248
1858
2508
386
242
618
250
14704
1354
1658
2606
2568
2418
386
670
2190
1768
1466
1760
1848
236
890
2128
1884
2142
2208
660
3204
5014
1510
5192
1628
85908
2328
1956
2738
522
3776
3242
1260
532
620
7608
24932
1756
1742
41848
254
2864
1734
1386
1720
2146
2076
1908
1750
56206
8184
2978
2340
686
186686
16624
1886
1468
28440
3118
620
3476
3072
37306
272
4256
2518
1550
11424
412
932
1326
1410
1550
1870
1134
1196
7726
45808
928
1984
2154
406
388
1664
68904
1512
10370
1832
1762
1270
43916
1958
1346
2824
494
966
390
1512
4242
1582
2058
6336
2230
1360
1642
2408
2926
1684
966
1178
1686
1644
1870
2052
878
1308
1250
2518
2600
346
36550
294
1298
4844
2596
1912
27222
1364
2950
2652
866
1658
1378
1722
1054
976
1348
1160
1186
2756
1348
1910
1818
2298
2676
1510
248
56440
246
47900
2240
1538
5230
1462
1600
1490
4882
1404
1614
40814
258
1230
998
496
5102
2128
1156
1848
518
304
2760
1194
3190
1496
2506
1364
4710
2594
246
256
1838
656
2032
1812
1120
3138
2056
1546
1134
5598
1228
1386
2296
1232
3862
1930
238
31482
2152
2274
15856
1940
1358
1060
2728
3124
2614
2026
1472
1202
240
994
2416
758
3008
2600
13974
1966
1380
1000
1350
4756
1364
1584
1318
1490
72636
1282
34946
1140
512
384
1946
1934
1978
1758
1750
4146
2796
1916
1896
400
2472
1398
3158
2070
3574
2026
2976
2042
1952
1218
17834
1764
19162
50494
392
520
2090
1770
3842
2878
3102
1868
1618
2192
15514
2676
76966
502
3082
4078
22388
1518
1810
1314
656
1264
8820
63624
890
2546
934
624
2162
376
390
1316
2520
4392
882
656
1468
2394
30234
266
480
1418
1282
1646
1022
2432
4078
2564
2170
1138
348
2576
2134
4712
602
4128
476
2228
1462
656
1832
528
964
1980
654
28556
1160
193764
2016
4174
1282
1218
2582
1880
608
9734
1510
246
2392
2070
1420
1250
1316
1382
13800
3346
91364
1510
31544
63630
262
28058
1288
2026
2330
2628
1334
264
94014
620
1654
1270
80360
524
2396
2858
1662
1694
1514
246
854
388
2260
620
620
1572
902
125554
1334
490
1172
1946
10320
1388
612
15096
1906
484
2124
2020
2014
1114
1430
1380
1396
1272
23402
1264
284
1192
4062
2222
1728
1170
97032
3680
990
860
2094
74702
1420
1774
656
1386
4328
1482
508
15796
1264
80700
1902
1804
286
1118
274
2000
55246
1142
53468
1260
350
1938
2244
1010
1384
4276
852
14280
2006
118816
402
1250
2682
682
874
1902
86376
386
1234
4410
2218
478
1142
1144
2126
2118
880
1282
620
412
28918
2754
610
18114
800
384
1254
46734
388
30320
2764
890
450
4386
9582
384
614
111148
1952
2304
254
1518
3460
2336
1832
98528
1296
240
404
1302
2396
18850
5268
27478
2042
522
1262
3856
1878
49352
2292
1324
1188
3568
64024
246
1524
1316
1438
588
1418
1246
1510
2338
36786
2044
1698
1202
2036
51552
226
2412
1522
662
740
1586
492
524
1138
496
1454
35662
1308
6650
618
388
1138
2258
1270
1992
1282
27340
12994
1676
374
1762
304
2596
280
1618
41372
2330
3172
3578
2638
2082
260
780
488
606
2496
684
2230
2862
404
3664
250
2334
494
1408
31060
2028
4254
2186
2612
3282
656
256
244
1944
1172
2160
2616
1498
992
1124
2306
95106
1478
1864
56776
59024
3228
1868
5972
126954
7302
2018
1972
2260
1398
508
1506
3486
2198
514
500
4518
1890
1786
304
2554
2506
2690
248
758
482
712
278
3364
540
3272
2450
1682
40168
2146
482
248
6000
1626
514
1284
1370
2118
1722
3788
2544
3950
52898
242
4082
1762
1852
3404
2364
836
1802
286
1954
278
10566
526
250
45392
3226
782
266
1432
2022
2336
2876
654
3350
1620
1662
54938
3790
2834
386
972
862
646
1692
32976
1992
76668
1964
464
1784
2984
1258
23992
532
614
1978
1542
1160
498
1812
3308
2486
1414
6992
1886
2096
1218
3018
37494
1056
1476
2446
1824
2374
506
2538
21190
2646
4596
622
12658
1478
1470
486
256
30916
2750
1766
2324
780
418
1984
3046
1440
304
2206
1930
1700
1552
17022
488
1362
45766
248
778
1748
724
1196
1520
1460
3308
250
4530
2630
654
510
1454
3268
258
1934
2368
1440
508
618
1148
2268
1426
508
498
1748
1830
50032
2026
1976
2136
862
284
1350
478
1410
3220
2320
2640
3266
2430
1608
1686
19344
62140
2508
22080
86148
1468
4942
67330
2342
1668
278
1272
388
1618
480
7832
3824
1820
1636
388
2294
1888
2260
504
3434
1904
3694
2212
2904
25884
3800
72906
31938
2454
746
1420
6024
4388
1350
3502
1930
1418
5106
1368
256
3348
1426
270
506
2298
612
414
516
520
3204
1592
2646
1294
4978
1320
284
2320
1132
2812
656
3216
20192
234
304
2176
142692
2096
2762
1930
2090
386
344
384
2040
616
2140
352
1284
1658
386
620
1740
512
2536
1640
3146
2464
278
392
1454
3034
1684
240
532
6536
1264
2700
2360
104568
542
2216
1920
1300
101610
2270
524
1802
1924
538
1218
2026
2812
1334
486
1120
390
1016
1918
250
386
2350
2048
2126
1566
1112
754
960
10586
384
1528
1560
2738
2724
280
2718
50216
528
3160
240
24596
1786
2878
1876
384
5072
1362
1692
2032
3230
392
4258
620
1230
2686
654
832
386
15218
56180
16006
1062
1440
678
1846
234
15470
2206
620
1532
3342
1390
1964
4178
2396
2248
1386
6468
2964
482
490
85638
548
1514
12980
2250
594
1756
44450
4252
3240
490
1084
886
256
1476
4108
1610
92218
8006
1594
54598
708
2966
1916
392
484
1704
1860
526
2072
2178
1748
1840
1028
1470
25546
2788
664
2816
54446
718
61712
1828
2376
1748
2006
242
800
2492
43150
2410
484
2452
656
1928
520
758
76426
5334
3442
3606
12276
1906
57780
492
2140
1888
2668
276
880
2448
1114
564
1408
938
1810
2712
796
1108
1992
36730
992
1618
2574
1494
77440
2362
6450
1862
1344
1906
2584
1734
1164
1672
250
1614
946
574
1816
844
1792
2248
3252
890
1570
2734
2014
498
1236
254
1584
1160
1726
1892
518
7650
384
2650
3392
3258
3320
882
1790
1132
748
1788
2274
2852
1350
1046
3474
1344
270
