11111:111100:0:0:0:0:0:0:0:0:0:0:0:0:0:0: (total 9)
0 4 8 12 Thread 0 going to cpu 0
Thread 1 going to cpu 4
16 72 Thread 4 going to cpu 16
76 Thread 3 going to cpu 12
Thread 2 going to cpu 8
Thread 5 going to cpu 72
going to barrier (cpu 4)
going to barrier (cpu 0)
going to barrier (cpu 16)
going to barrier (cpu 72)
going to barrier (cpu 12)
going to barrier (cpu 8)
80 Thread 6 going to cpu 76
going to barrier (cpu 76)
84 Thread 7 going to cpu 80
going to barrier (cpu 80)
Thread 8 going to cpu 84

cpu 9 cur 9
STARTING...
going to barrier (cpu 84)
STOPPING...
Duration      : 10000 (ms)
Acquisitions  : 18218309
2538
1950
548
2746
2284
224
55658
118548
2986
4062
2612
1538
2272
2958
394
11008
1412
3206
1684
1988
3410
2856
494
1348
2622
662
3004
1130
1906
1198
3126
3340
1316
2208
1408
3176
17362
5870
36646
1980
600
1374
392
4684
4676
3132
2248
3910
2486
1940
1194
790
86774
8296
2822
5484
1254
1714
1130
2718
2814
2792
3404
3164
624
3234
1276
1796
2496
1376
1616
3188
1338
724
4558
2342
1390
348
4352
81334
3008
1942
1808
2896
2162
2764
5212
2088
1058
39376
1102
1064
21026
962
894
1592
718
622
155666
2558
3756
344
444
2902
1836
228188
2126
1524
1432
6360
2930
512
2052
2930
1800
1542
2334
2376
2580
1790
4188
260
2326
4456
2250
355892
1360
1686
48386
2554
1546
53660
2350
2110
356
1102
7062
2978
5140
1082
2528
1956
244
2414
838
1560
674
2784
508
14562
3244
2098
484
53880
412
1096
494
3160
3700
2490
1768
396
472
582
614
1278
356
3296
2336
6296
2182
3148
3072
292
818
3486
1734
822
1728
2116
2694
2186
1112
240
1212
234
718
25974
6934
600
3764
1140
3024
360
5326
244
580
31918
2398
1264
360
3040
2720
2996
1230
3212
240
1250
2300
14268
1910
1000
1374
1308
3048
1560
206
2804
257184
1712
270
380
730
400
744
986
1430
3080
1982
726
586
2596
3734
1274
712
1042
504
2958
6208
68288
2530
506
220
1502
3398
1942
610
4428
2856
2624
484
966
2534
1380
5462
1804
107212
1296
362
3950
490
2328
2654
1866
1638
3432
2588
15654
27640
1968
1618
1070
388
1752
764
180140
1998
1172
29444
3492
218
1452
3002
738
3294
1760
2606
2042
988
232726
3598
2666
1842
2352
2890
1002
2082
59046
816
1706
876
1956
866
1866
1182
730
1410
386
606
2162
246
1076
2136
394
3784
2306
3160
1298
1736
398
6484
1684
236
3722
1232
1122
802
2238
1810
2652
2232
127504
354
188664
5148
1922
604
1440
4644
228172
2400
1036
2518
862
882
2578
1212
1998
2414
84830
6110
2338
2048
2244
3774
524
4804
758
4058
2860
2444
264
2410
1124
2236
2546
744
54222
7746
622
1688
1170
908
2322
2576
344
3984
2300
2888
354
682
2810
1630
402
1280
2516
3004
3666
1328
482
1316
2350
248
3698
270
1946
3276
2346
268
1988
3688
152034
2374
6042
8656
1230
6370
1610
1928
962
4704
1254
4048
238
3358
516
614
778
1424
3410
7312
824
246
1898
950
2246
1620
4238
1628
2980
400
4064
2074
742
2040
1580
740
2006
3814
722
632
1882
2936
1704
4400
546
5164
3070
4994
340
1310
734
180954
1348
2416
510
828
726
2752
1504
182694
3724
846
5874
1512
1388
1512
1294
478
2258
16764
350
3756
2698
61774
2436
2280
1498
484
3158
1976
250
614
2544
3002
6136
370
402
1252
1066
776
2770
4748
238
3320
1072
27042
500
240
2896
2432
3218
2406
2200
1738
530
1512
31214
520
1672
238
3446
268
273010
1420
4792
3186
3316
1462
2156
3832
5288
1732
1966
117114
2890
1426
2184
2584
3084
162714
3078
254
1984
1090
4286
590
2482
1076
3038
4764
2864
612
2060
2626
256474
3264
1700
482
4464
458
1622
2084
1522
362
2652
3204
2488
604
6602
1528
1728
1820
1472
4080
2384
3526
1466
2130
4940
166550
686
2118
1468
2842
2246
632
3362
2528
2556
2712
1562
484
2426
2534
2366
576
2316
53150
610
2602
1054
396
14224
2272
2496
756
89398
1126
2804
2180
68494
2700
2684
2176
2476
1684
2554
2560
1018
1922
368
1422
516
27218
776
3624
5660
2670
910
28468
3132
276
111560
3658
4156
3696
2904
10748
360
5282
4698
2214
2314
113902
2734
6748
1998
2416
1498
2030
958
4628
1664
88576
864
358
111780
74094
262
1730
1336
1642
226
2332
508
1216
238
262
2006
1940
85544
480
2950
2270
480
1978
127832
210
246
1228
236
2226
5438
1568
17658
2662
266
346
604
4794
1702
1324
5712
1118
104534
876
2102
756
80182
1822
238
508
2062
2946
2364
2590
17112
226482
4376
232
492
270
4286
260
1188
1372
1974
2220
2138
690
470
270
1182
5060
4150
2280
850
3650
1240
2316
3018
111200
2070
25800
494
2590
358
358
822
1494
3350
858
25688
348
2846
478
1206
2028
2556
2398
42914
910
1718
42808
2330
506
2998
4750
518
498
738
768
79056
3582
744
246
1068
238
246
1458
238
910
1978
224
3278
2764
1212
473934
3024
862
1954
3188
1024
738
4122
236
2638
702
634
874
364
2308
346
2558
4362
175076
4544
1558
1804
870
504
4796
1264
5442
240
356
1850
3896
712
48634
2208
1404
2954
1312
3806
19822
342
34336
2334
622
348
836
508
474
3580
2524
1838
246
3940
1774
602
1002
2412
2438
33138
3160
91042
2900
1390
3036
250
352
242
482
1336
156488
834
626
884
2944
2904
2252
594
1150
3854
856
932
1112
31156
1884
1962
2414
226
2984
3666
354
274
121968
768
3458
1638
710
55140
1576
674
2170
398
1928
2308
1774
1786
1888
2238
2584
228
410
1586
1996
4020
3386
2022
1976
2206
1018
2824
4734
498
362
16196
2058
1124
486
788
3486
2124
3456
3294
608
354
108394
3196
2040
2294
4180
826
192802
1838
704
1596
488
228
490
846
2188
4954
1046
616
2520
1436
3200
4158
4148
4498
2664
231502
1774
2240
1248
2310
1324
3124
1480
5570
52476
1278
1292
586
234
504
608
2020
844
1928
6586
3418
2576
1642
2060
3142
2448
480
4422
1128
244
1430
2912
1722
484
1084
2302
1442
2288
1344
3402
234
2546
394
16334
3728
1746
13044
1836
1926
2704
1504
2686
342
2968
3500
1842
4206
4874
2634
362
636
1914
588
910
1718
278
2514
502
1080
658
256
2080
480
1692
872
85136
228
1116
854
1928
3212
1894
486
1112
24562
246
226
238
728
748
406
1536
2810
960
604
1918
1690
27718
1572
1674
3226
1468
16856
1106
1852
1368
2858
3142
1826
1256
3286
2276
2698
2622
1996
394
7466
1510
856
5346
4264
3700
2736
3160
91286
1982
602
1994
856
1504
2780
2374
1962
270
2528
3818
482
2968
1794
3284
1364
2550
8594
2350
1550
1034
4294
2136
4016
870
490
950
49798
7778
42518
3578
252
1244
162188
396
1418
78042
3804
76208
1924
3110
1920
5714
30420
48434
2710
1248
2000
1514
4584
1336
1832
4372
1978
636
264
1570
3120
1574
478
708
3192
2914
2994
514
3256
788
630
472
2156
3954
2116
830
2434
746
3278
3232
1508
2910
1542
726
258
4462
1260
2058
1954
858
264
274
3230
2346
2224
788
79354
1990
4664
1734
266
2606
2276
1174
3978
1726
1698
3242
878
1934
1962
2154
2928
2226
2218
6784
1870
3054
41146
1766
2042
606
1756
1060
442
410756
476
3144
258
892
73390
3306
1094
1654
2192
2274
1740
82360
1122
2764
1850
870
2838
2928
814
2072
1280
470
2764
574
358
3070
1018
256
2042
2086
25520
748
854
2806
2336
2712
1732
4506
4184
1248
476
4252
626
3510
2246
4578
404
1766
2858
2960
2096
17132
2394
28778
242
1994
203056
1784
988
2738
1908
245222
4914
4054
3688
836
2506
3764
304
13310
4314
726
1580
119172
3452
1794
478
1132
1638
616
588
676
4708
254292
262
3760
738
596
2816
2698
394
134650
3234
2716
2016
398
1798
1948
185530
396
242
360
60914
1442
1418
4508
26012
2324
1888
2508
4788
2162
2910
1022
676
238
1882
510
2118
43110
1680
68448
48046
2408
242
2496
722
2406
2794
3348
248582
880
3224
880
2110
2236
2758
3262
7230
1800
412
4796
2072
4724
844
3680
2214
784
702
1728
1154
1364
1468
4910
1966
438
1826
105540
2424
472
246
2512
880
740
1252
3750
620
4370
4482
506
1668
1302
1878
2016
1632
262
950
356
2956
4436
191004
2960
840
3712
1084
2650
4296
1728
470
642
2448
238462
4668
1178
58702
3498
1080
608
1962
2640
77530
1956
246
2574
392
1874
1764
7706
990
2026
520
1674
86600
2596
3620
238
756
586
856
4206
2644
1090
3830
1926
6340
9946
1078
252
3470
2548
2218
2344
2632
1168
364
708
3436
480
3052
478
4970
4934
1512
398
1580
26158
6294
194228
173752
4064
286
2980
1740
1912
752
1726
246
3268
180590
1144
396
2028
3558
1238
2892
2564
848
2332
398
586
1126
1002
1368
1612
3640
1052
262
1852
2166
400
2260
784
356
398
4120
2654
238
244
1098
4696
1418
7128
3324
98854
122000
2320
3772
1966
742
3282
2034
492
3112
674
1712
471958
958
33612
3996
2948
2338
1110
17542
1440
2790
2610
6564
4428
2978
596
458
4000
161576
2774
223544
202186
3226
2456
2390
3212
6212
2302
2240
2350
3580
3476
2710
3650
1792
234
1620
2728
3986
1780
2794
58792
2838
3400
64884
2588
2722
978
612
2640
884
394
1590
2238
718
4564
102714
242
2102
1994
1434
46760
1012
2428
2082
2296
472560
3620
1140
1582
5290
2816
1632
1510
1962
2290
254
1228
1196
2458
2784
2242
912
5140
2362
490
4916
238776
636
1392
5044
1092
5566
242
3428
474
782
1694
2844
2278
346
1936
6582
536
2652
516
1988
1908
476
5528
1126
15678
48008
488
73888
694
2984
1732
1592
750
612
2940
1956
77246
5596
5094
2122
3844
846
1076
69580
4010
1604
113110
3072
754
50510
329718
740
3680
1944
1722
2630
3386
65316
95332
860
139650
140076
2128
10090
7594
1526
150752
814
7682
2268
880
1908
508
6060
256
1046
386
362
1346
260
1410
95796
240
242
30650
2110
1898
920
3804
904
14190
2592
4822
1972
2436
64972
2772
722
2674
3296
4922
1526
2274
1038
159512
2290
2280
624
13962
1186
6218
394
3166
6512
165766
988
798
1742
2238
1074
1076
3454
614
1666
1402
4958
244
726
1082
2832
634
3438
1458
246
232
2644
32288
2096
39476
1158
13938
362
2016
3304
2340
3020
3224
968
87146
3258
4744
1382
464
6616
272
3112
172522
754
2280
26578
2674
590
494
2734
2706
1306
2842
20914
90574
1486
3608
984
2102
37560
3930
620
258
1970
2478
1042
3054
478
1360
15556
3822
352
2276
2018
2502
4052
1654
862
2850
77652
41756
3098
11018
738
992
402
366
1114
1860
4086
2672
213864
2320
618
252884
121704
24530
3288
608
2746
2288
4440
2184
1038
2358
1208
3160
2498
169730
1734
2360
2816
1778
7546
1244
648
2148
91108
343016
270
10244
1926
1708
1772
4208
4232
2812
5400
16788
2298
3076
978
284
158540
606
2190
2912
3004
3980
396
250
1544
1264
450902
476
738
3552
1786
2416
4340
784
4824
1796
48784
5082
2136
620
3672
1682
4236
3650
56902
2394
2268
1052
2748
2326
10502
2280
4798
4622
2088
4410
119552
2056
3426
3830
2330
1344
84468
75392
738
2800
2714
2478
1424
1164
342
1000
1858
2866
4430
4644
2258
274
1626
406
586
1290
1554
7100
8968
193626
478
952
2656
2368
1386
1984
4006
1320
2716
2624
2128
1692
2408
4424
1072
398
3444
2110
1782
65718
1604
1510
2904
2342
970
1342
3568
2806
5782
4392
476
1860
486
496
280
706
1574
2110
3132
882
3578
4222
3150
2074
1536
54550
281920
404
3268
3054
394
396
246
8346
2882
80428
2346
362
446
2220
352
2444
1500
2602
1952
2840
492
2208
1800
1960
532
2250
2020
2966
1736
6106
776
396
284
91806
2830
4452
149642
294
2104
3370
244
101014
350
2646
2210
2456
1052
3208
2074
3696
230
2564
2864
992
250
780
5108
2874
398
514
766
2192
2022
5318
4582
2182
3148
7238
2716
121556
4524
958
4856
610
5138
866
2032
5690
274
2808
1462
1866
732
2894
130444
4586
1080
4642
1506
850
716
2594
1176
510
3124
1074
3498
1048
1698
72608
992
470
7210
2150
2696
3368
472
3120
1606
3262
758
49704
2050
4566
281848
802
3134
1362
488
4776
2952
2208
3242
3798
2368
2360
2600
2144
1448
5652
1328
1808
80026
274
2242
150020
392
4266
3458
3688
860
2466
4392
3106
502
500
1088
5260
1490
4226
602
3684
3920
240
1554
4118
1078
894
2318
3354
2930
252
1744
1908
3144
676
1594
3074
982
1138
3710
692
3798
2808
3016
1866
1916
3104
2104
1566
4980
2690
6682
2688
1570
598
700
2162
1204
860
3702
5102
5948
5978
1746
3404
696
998
3188
5010
1804
2130
714
268
2026
394
1900
852
1386
608
1640
180994
2118
400
390
1698
240
900
3752
2776
5216
3248
696
2070
2318
2986
1944
1554
7000
257638
660
578
1268
1066
2650
4678
2948
4548
770
4024
530
3410
2626
4390
54276
2776
3834
3244
2874
970
6272
764
49128
6108
192888
1756
1792
1388
3022
3578
1118
2046
55826
3002
4720
3196
388
2104
1676
246
2032
888
12662
1320
33946
1392
1260
1328
248
3062
2436
2866
64440
2256
912
4110
2266
262
5082
39504
1272
1492
2702
1906
2136
2214
996
348
1232
3968
228
3470
226
524
1858
6494
2308
1982
2066
4272
2570
880
44640
3550
2672
396
1946
2538
632
980
2366
1542
486
10030
632
1090
1816
3332
3930
1260
398
4818
234
3058
32036
3720
1550
2402
414
1852
1274
2912
2176
1374
1254
246
1016
1684
532
518
1518
7314
3750
1000
5024
664
1990
1424
754
1336
1770
1932
848
604
3162
32762
514
10016
3338
2720
734
140408
2380
860
82258
1008
4130
2156
1486
118434
6480
3150
750
1466
248
486
1300
218
3360
266
246
248
50532
2098
494
422
1912
1232
5390
742
2116
3712
1954
2400
3606
1512
472
1594
2282
1610
4134
117418
230
1370
252
2378
2412
3996
992
780
1324
536
40870
262
1328
4940
2136
2534
2974
1252
4498
1902
1686
3010
1996
2356
2346
57704
83678
476
1022
698
252
906
3224
250
2488
1886
2294
2416
2622
1422
3172
1840
1366
14070
54668
4598
19568
2602
616
1604
1452
1230
676
1802
1004
3528
722
1766
468
704
2344
3326
460
11172
5418
854
1634
2322
754
2340
17080
1344
3628
3620
2248
2942
778
4570
948
798
772
830
1212
592
2704
1482
394
1448
2658
1134
4076
4658
1904
1944
226238
778
1546
1008
232
2714
6168
6640
242
2500
4064
213270
1242
366
710
1184
1066
118524
1268
234
232
270
862
886
20506
3106
1416
734
260
2530
2630
4334
724
2734
1944
570
2048
1992
4360
55566
746
5690
2862
1918
228
734
1190
1586
1824
1824
2086
3222
2782
2128
4516
1914
1934
2482
1116
3616
246
630
3058
954
1558
620
102222
720
1258
111014
1200
2714
342
2110
2648
1922
47210
2130
21664
2420
2108
2518
400
1934
8086
732
2500
1682
750
34622
2148
1204
4814
610
2140
1580
129768
2628
2912
3600
105566
22550
1202
2184
3908
1118
468
1328
2894
888
3446
2380
4500
1954
2858
1874
3558
2272
3118
2996
1286
3494
5414
103610
1144
498
244
4178
6922
1928
4782
2406
2548
2428
3270
1960
80942
2518
3790
910
5540
354
3426
94882
6028
12560
1876
3516
252
234
16608
986
1404
7814
4280
296
2964
634
2792
2058
23610
264
1048
1712
1556
5190
1778
64602
8200
7532
1548
750
39030
2326
1920
3950
4820
3376
1450
490
81106
754
382942
2362
1776
3102
5126
4934
2186
1084
904
498
3432
330
3664
234
492
952
1732
3744
3222
2054
4940
2556
2556
2944
896
66590
2150
1538
454
194880
27382
244
359742
338
2114
2538
3604
716
4674
13314
3102
5740
518
2302
1722
1224
1810
892
384
800
4420
1468
980
248
1872
2110
1156
1328
1434
274
1294
3298
3586
1370
784
252
3428
1986
2096
1472
2070
1816
1356
2598
7704
2274
2002
1366
41160
682
624
2012
2826
2318
720
2952
3660
842
1366
220
2888
205810
1632
4394
1958
900
1506
240
252
2066
2242
13592
462
1304
3532
268
1118
2714
1102
3114
1246
3148
1574
234
90762
2298
354
246
340
4390
872
4262
1490
294618
7352
15466
2022
1140
4396
620
796
2010
2020
476
3630
4502
1300
98112
4968
972
688
2564
230
2904
4654
234
1252
2216
94216
1480
1258
2304
1714
1556
3404
5260
9378
3208
9066
1140
584
2784
3902
616
1258
2794
2086
884
396
2170
388
114512
1528
2598
4786
2138
236
722
444850
4914
1306
720
2104
4474
4342
216
1086
3814
2380
5106
2268
5420
1162
2380
3898
111426
3188
3446
224
1746
3104
2666
1372
4454
780
3518
472
2246
628
2134
1650
2792
4728
248
4894
2550
568
1874
3820
1126
2366
2722
1378
1596
2038
1820
700088
6664
734
1910
4908
2792
3838
2096
2756
972
4140
1620
2420
1612
338
5054
452
598
1928
2824
240
226982
266
862
6836
230
980
1508
596
1724
2160
32960
3386
3584
2140
880
4936
358
1948
2200
1190
61626
1790
886
1530
872
7060
16904
756
2950
20998
2820
2776
248
1032
1480
738
2032
2954
3114
236
9990
248
3732
350
1106
3354
1474
1778
2814
1094
2986
1620
618
1062
786
3008
19456
2548
1630
1706
1236
724
848
2176
1748
2540
2900
1464
4018
4470
1884
1786
746
942
487188
2814
1976
252
670
1118
344
1038
3632
268768
1344
888
2508
1540
1604
1114
2462
2790
592
1006
1406
24834
3288
630
2248
248
2336
2136
2062
726
1916
240
250
716
1938
246
1842
1910
1776
1422
2660
2894
264
210
4142
496
338194
476
2146
648
2932
402
1298
882
834
2690
1292
445996
1704
610
242
2664
400
626
3560
982
2164
1752
2332
350
638
1940
5144
630
21014
246
1602
212
2082
2360
38488
4936
74868
608
790
1704
3372
640
1650
2332
670
5880
1854
1386
586
1216
16284
67176
482
2234
3338
240
61088
3008
17730
1524
458
272
3322
21126
2310
326
37702
8748
112212
250
1742
2674
2654
3764
2860
3392
1966
24228
582
246
2708
1314
254
2908
2992
2314
344266
264
1566
1468
2512
1468
2336
900
1372
2312
39082
678
4894
2538
76468
786
3324
1698
498
2950
1874
5398
632
2194
2442
3002
21074
19668
760
392
32500
358
54102
3324
2204
1232
1890
1894
1266
2332
2082
4894
2350
1820
2540
3326
596
240
1428
396
1904
396
3402
1812
5128
2162
2284
2622
2238
1332
1892
776
2518
1726
1204
260
2414
2788
2308
1734
1760
400
15778
2944
2470
105536
834
3148
1766
2454
3402
3536
71080
3464
516
446
4540
2024
2536
103818
1556
2798
3086
248
3390
484
3550
1364
42054
670
2584
1672
2688
2042
3724
1952
1322
608
6614
3014
5324
808
2418
65806
4036
246
2434
63784
5138
2540
2936
63976
2756
706
358
3122
259952
1656
1332
3330
2512
1836
600
3670
1172
1418
1994
1754
506
68252
2684
240626
42842
500
238
974
1514
4538
253722
3940
2118
956
3748
828
2910
492
1814
2914
2644
4940
4038
478
120406
244
2408
695000
716
3602
1306
720
238
1412
2264
726
4806
4388
242
2468
3958
262
970
2504
1438
2876
3742
3454
3222
4066
3588
5352
4150
2772
17140
3380
1946
2824
3170
724
1544
281646
2954
228
520
1452
3316
3152
248
5888
2222
2514
2684
1646
1976
3800
3280
276
264
2322
4276
2578
486
1996
22926
74594
3288
478
740
226
914
4692
1902
1488
3824
6156
2710
872
2928
3676
3334
111450
142812
1150
4264
3670
1586
4178
3932
2294
264
132862
99630
1830
4546
25906
286
2042
1222
2256
514
130266
2088
2276
1938
1610
3018
7736
586
3562
1642
862
1068
1330
134034
1370
4610
1640
3102
3460
1658
1836
736
2572
2604
1574
1960
2384
4142
60954
3162
2442
5700
2116
157912
2848
88782
1468
1322
1234
4288
1670
394
62830
1294
1930
994
720
3452
2756
1838
360
3540
3674
82066
1340
1264
42952
150432
4686
2574
6704
3894
252
604
3126
4602
1244
724
3030
1580
2302
1350
1992
1780
176008
142014
4128
360
3140
2880
2864
2940
1580
468
1872
141416
954
1798
1830
2428
7526
2900
884
3054
1876
32654
620
1814
1892
1972
4150
242
32788
4852
1910
860
307436
4974
474
522
346230
2938
2112
331648
3264
380
936
1938
3086
240
74626
1750
978
402
1638
1940
1794
210508
26110
2818
394
768
186758
1742
1244
508
506
163404
1408
2906
258
972
636
844
2724
892
1644
1352
7650
1260
2950
1522
270
2420
3770
246
1548
3028
722
1050
2592
2028
4282
794
27058
1318
350
2828
744
3650
2458
2892
1698
1234
1464
21578
1812
3522
1934
544
2064
2026
4254
482
2380
634
3484
3308
3498
1154
892
2716
3324
2080
2600
354
3022
856
590
2338
3226
896
1626
3138
1488
2122
1964
292
1902
2206
2150
2534
1394
5320
858
1448
2104
3968
278
282
2804
1752
3618
2008
718
2802
4378
4660
2434
2832
2550
834
276
2598
620
4088
352
272
2442
626
1412
2242
254
1622
268
193624
3828
2580
522
4568
1234
242
2484
618
700
2714
3092
310
1534
1966
264
3712
4032
1144
2174
2742
4018
2230
2580
2310
108240
8108
1156
862
602
2758
3234
2954
1638
3418
628
1296
3166
944
2828
2332
2494
256
32252
5382
47860
4596
1694
3618
3640
1754
3540
590
8358
2108
538
1456
3392
2950
85014
3056
141382
258
2020
728
1200
298
29948
746
1356
1468
3948
4358
2576
756
632
248
728
730
2616
164400
5592
1868
3412
486
2324
2560
2816
1870
193690
618
3022
5524
246
3466
488
1834
1538
492
1286
2106
244
3296
2826
4696
2084
1872
1912
1352
272
2464
2358
136464
3342
248
2140
2322
7028
268064
866
9790
2452
1868
1784
2050
6426
2562
1710
78172
2296
1882
2994
588
2214
2436
3072
2876
2344
248
4354
2616
1736
400
2052
7448
8020
3926
3372
394
994
274
848
6686
137890
770
2810
5376
5736
856
11180
738
2946
1890
110756
1202
1512
3864
2760
2192
3806
2844
2120
1376
4504
11226
1802
2682
3602
2286
1316
1910
2866
3216
1642
2762
2958
246
3028
2356
598
12186
3430
2816
1450
494
638
1848
2484
490
260
274
3950
1570
612
730
2936
1658
1228
1860
1304
2202
1594
4322
4490
3546
1932
1376
2202
1992
3306
866
4656
2304
2582
1354
49644
30274
78532
546
6218
496
2446
3506
2820
4316
2730
244
1188
518
3288
792
107524
2188
220
4514
618
2240
29674
632
612
7104
244
2550
2956
3124
248
2248
2160
1504
514
8876
1956
3138
1900
2428
260
3446
260
2996
996
216560
3668
4518
2110
4334
1524
600
2478
2904
730
558
708
494
2678
2194
2494
762
2698
1400
1450
544
3900
2024
988
3204
2432
1980
2252
2926
494
1838
1266
2110
766
4350
2338
1578
4712
2600
1624
238
2864
4392
3096
3600
856
1462
21646
3884
186028
892
518
5202
2256
20682
1976
2990
2690
1660
3322
71936
2652
3576
54464
1728
2402
2460
4398
1012
1920
4260
1796
276
268
2286
4204
3886
3458
4212
2858
4360
2390
614
5508
2262
1430
36920
1640
2242
1938
1736
2520
1860
3832
952
13238
47202
13494
2246
264
3570
898
2746
1348
1820
760
2356
360
1844
2170
768
73860
396
3338
1160
1868
3100
2710
1612
1376
718
101938
2434
2416
2186
810
396
2772
3864
404
254
2220
694
4484
608
2428
1992
3260
3586
4210
580
756
958
1480
502
2998
6508
3214
74832
4332
280
1984
1710
3690
496
4434
4692
1394
4752
2508
968
2670
3334
5404
107794
604
1400
4956
602
252
1798
1272
2936
51162
2746
776
93436
4178
2996
2012
2836
2234
2458
6692
1230
736
5740
1502
3160
3796
9094
2512
3764
5548
3040
2758
448554
2476
242
738
2268
1908
3806
132268
3496
408
506
3622
756
5138
2024
1262
3176
630
1478
522
2496
2904
1094
4116
13510
2166
1832
164512
2198
2504
1046
1022
748
65100
7586
1952
1614
964
3528
968
2854
958
25762
23036
2252
1754
1666
2614
2334
2702
1508
3290
4214
1458
1342
1784
2368
27200
670
274
606
48120
20356
8172
732
544
372
622
614
606
834
732
264
1204
1020
78740
630
258864
79870
740
768
242
138552
1834
376
63212
280
394
606
336
368
378
14850
980
106676
1320
252
14186
21288
378
656
68166
740
566
1136
726
880
258
272
880
746
88820
336
252
94160
30628
234
12638
750
27904
284
494
774
712
480
910
28542
1134
958
608
882
262
8944
378
746
346
34576
656
98424
316160
368
1322
436350
604
1450
78398
1260
662
94828
640
364
278
354
244
370
97816
378
330550
1010
37848
516
25736
756
872
624
708
254
674
588
130600
382
1130
184814
382
286
608
270
250
1452
268
986
654
688
582
624
656
976
228
272
217790
506
478
758
1342
244
156364
344
454
470
518
462
354
488
246
492
1288
1166
11452
268
630
486
778
498
482
1066
1686
266
872
758
532
178700
636
2054
980
568
302388
1258
262
394
236
736
490
346
904
988
382
252
1090
656
96914
716
376
624
248
81076
494
398
288
950
46516
402
1060
480092
240
42350
488
260
244
362
510
358
612
266
41558
516
512
500
40414
260
44442
112516
135672
276
122148
244
892
510
378
350
938
968
492
264
248
264
594
744
262
520
388
250
530
1006
239996
636
22164
1012
622
476
732
226842
250
1186
828
1004
594
1012
406
624
846
14818
632
962
424
394
57182
54894
382
428
21442
61718
808
644
622
1174
268
36814
602
530
234
474
114604
248
151182
844
644
354
498
966
16332
126294
468
1012
506
528
432
638
266
129322
478
994
608
248
340
1430
624
93052
400
504
246
510
370
980
366
910
272
810
15212
1440
94678
268
492
508
1062
638
1322
398
182860
354
3842
298
306
10154
604
250
21476
14414
492
664
29486
250
494
118520
796
380
260
590
400
474
386
26776
1012
624
760
632
262
1004
748
654
760
598
21700
650
1490
610
90264
45404
32652
400
760
256
636
768
244
618
372
478
498
814
846
268
103340
2834
262
508
374
1000
1100
408
49134
260
362
888
246
1304
530
20372
594
224034
400
378
1018
352
508
264
614
1116
382
892
508
488
46888
244
1224
1116
590
768
19604
720
244
24156
1338
17394
264
246
864
5354
246
1576
232
1676
610
400
378
500
1050
242
98956
740
290
776
776
636
472
378
181202
736
114274
366
240
986
378
626
356
278
244
1238
960
996
394
42208
41180
626
792
872
228
736
57984
392
506
1810
1250
650
850
252
286
618
752
246
960
378
252
484
356
386
1260
1214
1120
68
488
628
138612
362
990
372
286
378
642
568500
372
626
2496
246
43412
768
488
526
69720
948
590
230
45152
904
258
376
366
696
216
266
486
96976
1716
782
382
256
248
420144
866
256
742
950
270
794
372
886
98866
11172
946
144122
1518
384
236
70
540
176182
27596
177470
366
250
20076
366
390
368
1102
115146
242
378
820
1540
502
854
236
394
290
46764
2246
1228
30250
728
1118
1614
606
614
394
1716
356
508
800
510
370
996
134148
156042
72334
518
9984
1608
374
494
27488
374
626
262
514
734
278
230
135472
57984
628
366
392
494
236
34920
1156
1176
67354
750
98470
250
262
266
1484
512
246
266
262
374
292
204620
646
896
17694
604
189922
904
748
924
9648
508
266
892
1018
1170
23546
1604
384
12222
560
1064
418
11540
580
410
66090
354
514
412
244
598
476
11438
266
376
34602
86158
354
242
41118
1658
480
624
13596
376
896
40114
262
54856
17426
151334
1524
988
896
1750
260
776
760
474
888
315062
604
454
604
372
652
1522
158148
114420
616
608
34000
606
1008
246
868
1102
792
600
68542
776
214806
246
24116
153216
20208
492
1736
774
376
380
664
464
870
396
352
278
238
10686
51812
1298
1356
242688
10148
234
1342
385806
630
154922
19614
246
606
1206
271616
83596
76790
844
506
238
526
12688
248
242
362
262
4820
638
740
1412
510
628
115150
380
392
868
330
634
494
294
732
110724
250
916
624
113978
736
486
650
493844
890
744
722
650
874
125170
140514
724
36232
268
268
602
245438
380
732
1882
219666
742
140792
1014
234
532
502
620
494
506
956
464
392
394
860
242854
10130
268
766
266
85272
718
37962
850
366
35856
382
241030
237268
1008
352
117094
734
510
206558
248
646
1490
500
620
99354
370
608
103132
356
97610
177866
70254
246
218
1308
484
392
286
872
248
456
1352
174546
384
10844
612
354
268
272
508
262
640
290
518
276
1188
458
372
254
2692
740
83254
1626
70210
125936
115500
1012
618
626
994
214406
1518
512
4632
1142
376
282
1714
528
456
888
970
648
136072
392
244
146380
69868
484
610
35706
358
232
126050
618
842
69380
4488
276
862
590
596
1208
840
728
358
482
982
646
366
464
492
1098
280
25330
179616
592
1120
252
238
130646
614
640
73872
82120
632
1658
380
248
354
1524
492
68812
246
860
36206
79700
722
890
844
394
244
274
604
126908
59526
460
1004
734
1020
392
734
1096
284
1652
244
642
754
11360
798
246
228
698
472
17076
738
164618
130614
1310
64418
294
14160
398
55712
107702
256
44388
390
134348
83318
618
974
1964
396
382
752
516
960
468
224
920
100974
496
656
532
1464
376
1618
710
382
618
800
792
498
500
230
318956
1004
630
502
250
196486
954
730
157096
244
274
8888
376
1920
864
45172
650
1654
878
844
234
1204
248
252
22866
4508
189976
362
2430
3548
1334
796
516
3268
225342
486
3134
1626
2506
5370
768
1656
2970
576
838
85580
458
966
364
1600
3230
3192
2158
630
2768
234
3370
1368
5544
4846
3026
2368
56730
2744
1078
730
640
3694
1916
2184
2274
808
3906
900
1284
1346
476
5386
3178
3260
1424
2122
4598
862
1454
1864
2224
284
2646
512
776
2668
2630
1688
716
2940
358
1840
147658
238
712
474
498
1306
3698
1116
748
13516
888
400
2456
994
352
1656
1542
756
3302
5256
5402
2454
2050
242
410
240
4236
3046
1824
3426
2444
2036
718
3242
3566
2956
1436
2404
2526
404
7464
318
2042
1510
724
282
4380
240
534
1992
232
1424
1708
2348
2632
230
179734
2936
6082
184850
612
1350
348
13096
2572
1410
2958
226
21922
622
1896
1804
59962
2054
2914
1790
2240
3132
5050
2808
2214
846
354
3686
764
2796
2118
1690
2450
544
1922
33274
1514
1704
446
2410
226
1022
1112
34576
4214
1660
4788
1742
262
269334
1932
1396
232
1306
886
2834
2590
1344
1668
3266
954
782
1958
2456
3538
976
748
112278
2210
2508
2082
3218
610
166370
976
2612
3614
1192
3566
2006
2454
1544
1834
3028
4134
1558
256862
1882
1380
3028
796
270
5046
1542
1978
1920
2332
866
2834
3668
1132
716
2274
1956
1858
2234
1678
2482
2248
1688
2942
1426
640
332
164838
672
244
2902
2032
2726
214
2214
3670
742
1830
1946
1712
224
1706
2504
1752
1772
4348
2228
230
53716
504
1468
3926
588
9184
228
1424
2484
360
89336
612
1376
1620
486
1612
68212
1712
2004
2062
1282
2582
2506
1830
3118
59382
738
3344
602
1000
2636
1784
1064
1074
820
354
2568
3040
3746
1976
3798
1694
2126
10072
232
704
2838
2680
244
244
860
2072
3318
3600
848
4552
4100
830
488
1812
3520
25692
252
1512
3714
109450
2402
622
250
2476
362
638
2700
2696
484
10322
4240
464
1080
542
960
1984
2848
264
1948
111928
2522
3030
354
606
1976
3644
1872
1224
2822
226
246
1470
1786
398
82234
1690
4652
179564
480
594
1244
2778
1368
1216
2878
3248
3602
2844
87122
2932
254
2274
3156
1942
123154
4390
1564
3228
1578
252
3920
15004
2966
6088
1848
1882
1154
1720
358
1588
1126
1188
104964
1530
2066
1592
470
492
676
70792
3270
3134
1138
494
1476
272
2478
1362
978
16922
512
223396
258
364
5028
918
8048
1924
1542
6172
1932
528
504
3096
474
2796
1144
4500
1066
3428
2502
113738
980
25608
7466
1608
254
2466
878
1098
366
388
25028
4558
2234
1970
364
1332
42754
4080
1706
834
38388
1200
4070
394
1628
226
240
7272
78162
6522
5140
3312
1370
476130
876
746
3682
1512
762
5086
250
3822
3668
4242
2382
2350
178100
4762
1406
5120
492
612
222
2456
766
606
1182
4224
2854
1076
356
54000
3508
848
902
240
352
1340
244
55836
9672
4268
1892
3156
1194
2676
3474
1588
2192
236
36546
2164
90950
3204
2648
5318
1326
151734
714
4860
2334
232
3128
758
2572
5474
234
4118
2234
1786
29652
1482
244
3140
3702
4592
3156
119822
3606
356
18244
40786
2168
2402
2464
4624
1148
2956
1760
2534
7086
4858
2534
4400
2044
2876
3012
1790
762
852
19494
5748
394
1204
2728
756
1666
4044
676
104726
1014
1442
2902
2326
194510
1612
3842
5430
1896
2530
478
1090
3424
250
2276
1636
2686
236
3104
674
3278
912
1218
234190
1342
1784
2942
2104
1686
1866
3810
612
636
52616
1802
1500
6336
5450
2810
1940
2830
498
1226
2118
732
3632
3240
6468
6240
1442
278
1862
4492
1520
2506
3396
2498
2572
12466
412
3002
2844
2742
12490
1952
994
2326
1190
2842
364
1980
1070
1552
2402
272
3924
244
732
1174
348
3204
4160
4758
7830
4864
71662
232
360
20900
3662
2384
27206
8954
1934
4748
2694
26896
470
242
2290
2290
1836
4336
2652
2564
49592
716
224
119772
2480
240
2098
2048
2112
2028
1184
15106
1770
4892
3418
510
1122
2326
2174
3324
1994
2582
1822
2242
1784
890
1230
2520
1928
2100
2338
14086
2154
244
586
508
3354
36608
3626
3980
3418
620
1116
1238
6158
1356
1344
810
2674
690
1950
2940
236
25284
55988
1378
2494
5350
1590
4064
484
610
742
5340
1608
1076
674
1934
1838
472
226
2290
484
3068
2682
2442
1528
2348
3620
4158
1168
2412
608
2480
238
5998
738
248
85436
360
1326
3922
248
3206
2708
2910
1180
720
3488
1486
3318
33316
762
2652
19458
1228
2488
3074
1234
3758
153438
1952
2768
618
3450
2470
396
226156
2338
2800
4320
242
272
678
2754
3754
1674
2410
1826
2324
1688
1834
1748
1700
224
3190
2262
800
604
2132
50526
218
502
295336
906
1028
968
2810
2056
46908
864
2704
236
1556
55388
2802
3614
3264
1360
1568
2088
1418
358
762
2096
2664
1474
2876
2480
2832
16292
1398
862
2044
608
55430
2250
2914
1770
1998
2344
6542
358
2606
2124
2866
966
896
3622
2032
738
2648
4672
3574
3386
1144
804
2424
2896
4058
30662
818
3732
2770
2180
1588
356
1230
3534
31810
5800
1886
2126
1158
4362
240
4486
1704
408
1076
222
858
752
7460
1110
1364
2410
1472
2926
3040
261416
9762
3422
412
1382
1918
4384
3044
2026
3648
4278
516
1526
896
3054
63846
2750
880
3102
2202
2386
3626
920
2854
240
3184
3790
1892
2046
2302
5334
109490
2698
504
3036
3766
2334
2598
2698
476
2450
1722
240
10280
1126
27784
1986
3358
2748
2382
4302
174606
242
238
1282
2398
29440
4084
2976
1342
4174
2530
1332
2382
2168
232746
1172
476
862
2702
2700
2442
246
1168
4094
2478
54670
240
604
3138
3676
1502
1754
4280
3484
2238
1062
2028
1948
1476
460
1700
2746
4118
360
708
768
1688
3288
482
476
4240
2032
1638
1472
1810
127710
1854
1120
2022
6738
406
2932
3612
620
466
362
3142
396
862
1348
32438
356
256
724
2184
191730
1924
284
168900
2754
944
4642
2674
1374
3946
2396
272
180060
3420
1786
1310
5010
1468
474
490
2506
4516
1476
1432
2984
3170
1232
2514
3134
1754
3852
5046
2400
766
4742
1356
2432
1744
1256
588
3286
2238
95410
2914
122152
1948
322
260
1218
500
3430
3232
3568
2198
472612
35374
884
592
2168
3804
23628
3036
2686
2928
844
592
730
1486
302
3354
3896
1074
2298
484
158078
504
2250
1708
223908
95024
106504
1838
238
1678
2076
966
248
352
486
348
470
2476
2356
2306
2426
620
1864
864
2666
464
5022
264
2084
2620
2538
3428
756
3564
1386
884
53670
4636
2502
248
3042
240
1078
248
64902
2878
4706
246
4508
2770
3040
1516
107414
2686
1268
1290
46510
2790
1648
1568
91360
378288
1196
2172
712
1534
1604
1762
878
732
2244
2080
1546
2772
1800
6746
2090
224
2762
6270
3510
2482
268
73630
163314
4184
2558
628
478
270
4830
226
506
690
3602
972
5974
2074
6500
3360
270
4814
4898
1274
3734
608
1294
1436
2354
137122
2992
1126
2538
1404
7072
71862
604
738
1914
2438
1546
108540
2128
602
1536
384522
262
1828
3490
1518
3220
1210
63330
2308
88388
398
283356
1672
1624
874
562
586
604
864
2774
644
1068
866
1284
136868
12256
1936
4016
618
266
492
3070
2864
2874
896
278
498
1782
6978
131908
2390
1782
2520
714
1636
13590
3998
364
610
398
3478
1736
3952
370
64616
4544
1710
748
1170
714
4072
158880
352
668
264
1830
3556
14498
2502
1906
786
1250
1930
1520
732
736
1096
174440
3142
1268
8414
1872
1626
400
768
6474
3892
5260
31906
1176
1616
38242
19504
1970
3096
2212
2840
4236
82260
2348
1956
636
1942
7278
2640
408
1904
173386
24686
462
1402
4300
1420
1420
1992
110884
2550
1702
776
242
2408
41488
4494
2228
236
1496
2208
22888
3044
1060
2616
4236
1998
836
2036
3206
862
1878
602
71488
2518
41446
12414
9266
1780
2208
2306
588
212996
1706
60752
313842
488
1604
25594
4228
404
1716
2720
840
1476
3212
246
1568
1520
4192
172672
2732
2450
856
2790
4166
600
876
408
392
6216
93330
260522
95488
1528
1706
2412
1232
1314
706
5914
20792
1854
610
4314
155110
4470
2432
1954
396
2598
482
2958
2482
1966
453150
3114
1436
3500
396
800
5048
358
2394
2072
266
45776
2068
894
1700
4856
642
2138
2282
472
5532
356
56428
2970
1842
1940
2254
1672
1628
7834
2704
1594
482
2478
404
3096
1790
622
124244
2050
394
1862
1786
1140
83136
398
2440
77496
244
1838
492
1986
2366
6526
2984
1610
492
1372
798
1232
2464
3180
3892
1246
2344
398
628
986
1280
238
522
708
514
193516
400
7054
1754
1868
1312
3136
1000
2408
1474
2536
2540
1692
2304
1222
472
5258
2442
2726
1958
356
62962
1526
5222
3432
6866
518
1976
2732
252
1192
2490
728
3090
6404
3466
1740
5508
788
450
356
4410
4388
1964
1538
55140
612
282740
1302
6284
906
1382
980
610
2742
80612
2424
3244
7018
2440
3428
1644
2190
2376
3316
2126
2114
3442
3222
2266
2132
250
1788
98206
1988
2818
154592
1590
3122
1358
99198
1602
1656
3428
2590
2030
2588
1598
9614
952
3020
608
5160
952
3778
2486
564
622
3168
2090
750
6038
228
1794
124420
856
3688
616
264
512
3140
470
526
2912
4196
5482
4736
2332
3060
264
129788
1520
522
2100
4408
362
362
1592
6106
1866
3818
516
5196
4256
1500
79362
410
856
612
1408
2988
3020
4710
1710
2042
1142
45954
956
246
952
770
1002
2146
400
9508
273224
2750
2494
3124
404
2204
1456
2614
1148
11774
756
614
2488
1896
1912
2110
744
3076
2084
4096
2272
1594
1510
2778
254
3302
506
396
3672
3590
400
4042
3780
784
1648
480
864
650
91324
2290
3534
4262
1376
856
1566
1894
2674
2724
400
2330
2826
2320
2054
1276
1854
1690
870
1130
2878
6480
504
2374
2542
258
6498
49200
462
606
464
362
42044
1018
764
2268
2704
164814
76682
504
1626
4458
73178
3010
3588
2528
1862
264
950
264
396
35276
44218
1912
680
1864
2896
2466
1484
624
488
1212
3218
2480
4044
9124
2680
1930
3518
508
2160
2796
4448
6604
3164
1430
2518
490
3852
3362
1606
2226
1650
284
2564
5502
1026
1716
2266
1950
6834
594
2886
2902
2474
1498
1424
78044
2224
1286
2234
1944
1726
3790
738
2066
3400
4296
2652
1748
2872
1670
3380
1624
1102
428
2496
2490
2656
400
38344
1288
2528
2156
416280
3756
75498
870
1062
1970
1618
1380
2172
1872
864
364
352
75270
3220
2692
3494
2374
1258
1110
5386
4752
4630
3196
2836
29376
2218
2230
2688
1950
2446
1386
7066
878
4312
710
3926
2420
486
344
3944
3008
2400
504
2756
17584
3438
2922
32028
2572
252
202480
5370
1094
1342
242890
3128
356
274
2704
2326
6140
1366
588
3702
13670
274
2672
121364
2252
11734
1030
2556
249740
512
3036
260
5652
1854
3110
135938
430
358
2960
2430
3198
1584
396
185350
4856
62098
1552
1468
31354
244
1808
1654
2206
1082
1664
560
3388
5430
2984
1876
43494
71816
754
45750
5242
4934
992
418
1640
2196
870
1332
241044
5196
5832
1730
2250
970
1970
270
1758
722
248
332
626
3378
3448
920
2544
2672
512
858
3572
848
2542
6822
3652
2026
2168
758
244
482
1922
3782
108464
4708
3252
2296
980
4404
480
2336
400
3076
2096
1842
1374
9458
2574
898
1888
190780
264
4566
3758
1480
746
1702
4060
239280
1838
4078
56176
1454
5838
3564
1492
700
78236
4176
3462
3740
1890
608
398
610
542
2850
3014
240
1640
84336
392
1940
13484
676
3158
4204
724
1422
1772
246
860
4488
1172
248
2934
5410
2678
3706
2496
6892
3304
534
2154
1790
3132
3376
1244
2568
2986
276
65236
5730
190362
722
27380
2214
460
354552
4722
2562
1486
4628
242
17974
2588
1122
266
1242
4370
2148
3346
7898
476
2274
2032
5338
1620
3046
2890
1356
2150
2168
3208
340
248
2660
1576
1080
2566
5030
756
2566
756
1686
2304
1694
1984
41144
3792
1806
4378
246
2822
1832
550
2386
4510
3506
93510
576
502
1114
106308
2102
2778
7722
1482
20190
1860
944
6658
1592
2066
5090
89516
4962
3390
400
1976
1068
57828
232312
258
746
602
388
476
638
2264
13588
2004
1574
1796
1640
1446
372
3686
2032
782
474
4862
628
93612
1854
850
2988
2318
3196
396
1854
2936
1836
95524
2430
1496
1936
2362
2876
1058
364
2660
764
2600
852
340
1268
238
2992
2478
11794
1970
3070
1632
398
878
890
1286
3726
113888
620
2496
1200
338
2504
250
2092
2972
445572
230
400
1604
2898
2390
730
754
1326
240
620
3654
1530
638
2614
2826
700
746
832
3200
5330
1918
1226
900
2606
108110
3766
440
1268
604
2598
2014
2394
2878
1828
246
230
872
3942
400
3540
3490
1864
3552
624
1574
1232
2790
232
718
264
2746
2744
1356
1368
4026
1190
2086
1880
2676
2148
2516
694982
958
2740
514
222
898
2276
2382
342
1746
2120
1234
3988
4082
236
364
2652
2040
3710
3016
5314
2672
1600
233470
486
4024
5186
1010
32178
220
1546
636
3548
2722
2964
568
364
482
720
2416
3208
488
66704
1226
1196
7252
272
2866
13112
2394
20606
510
1660
256
1580
2856
1224
3708
2326
2098
4746
1628
1730
3396
870
3966
2878
978
2712
2786
1420
1828
2282
4952
518
2352
734
10804
476
6072
1624
4612
3214
1702
1648
1220
1634
1260
1242
3092
1548
2394
5304
261914
229480
3090
8292
1388
272276
2680
2706
1416
2088
1560
1054
954
4654
27322
3504
2826
2426
1490
1896
4798
3122
2478
1528
2540
1742
4306
4562
343070
2770
354
3464
5256
502
2170
1774
442978
1090
4562
258
5762
330
3106
706
3550
482
3242
1718
404
27230
2544
3180
40830
600
682
74962
3724
1226
720
3050
1378
5384
738
2182
2356
3380
1730
13134
238
66634
4438
2036
474
3638
81192
1370
4234
328
3184
896
878
15016
1128
41452
1234
1374
1432
2176
112996
2580
1932
2444
762
2620
2318
2644
3134
25898
1242
3542
2088
1974
628
1044
1252
338386
240
240
4746
3632
1944
1840
1330
1706
2732
3020
3106
1834
1448
486
452
3036
4582
75212
1310
3872
2266
246
151512
888
1514
230
248
1210
728
2614
2814
1820
344
1760
246
7698
1232
1950
2686
396
5672
622
1632
3286
1814
522
398
1616
3166
580
4352
594
2236
610
3468
246
1600
850
224
4336
2606
2086
1366
1828
508
3652
466
2420
2212
4032
1690
746
1738
236
2136
2840
1802
402
3726
1968
340
508
398
1644
2428
356
3784
1620
3022
254
2080
532
278
1494
724
864
2164
1902
466
356
2342
1860
490
4594
3036
742
1580
2620
4610
3910
5988
1662
1052
175894
8098
2756
1986
270
2780
3410
788
466
1968
5298
2190
1952
488
1042
2068
9932
260636
1764
2324
1720
636
2022
466
1914
1230
3946
4774
990
484
1290
862
1516
364
54178
2316
718
964
240
2814
1560
5074
4310
4860
17710
30472
604
592
446
494
1182
192082
2236
496
1284
3616
2936
5372
1690
53646
2208
1480
596
2108
3142
2120
3114
2766
10148
2670
34934
940
3154
3858
1232
2468
354
2456
62498
230
596
1412
352
5984
2272
1894
614
476
1818
36686
3406
1560
3966
2314
5316
1592
388
242
894
3616
720
6716
2650
238
1334
680
2592
3710
1506
2400
736
1046
2962
2568
2544
41032
2158
466
274
1488
2468
3184
5870
2632
4104
1444
1626
700
264
4298
730
2334
754
2410
1718
2358
622
242
2258
2332
31796
1680
2310
2992
2116
1766
2262
2902
10538
2926
388
1220
1086
1796
620
242
3270
532
398
6074
5648
2002
4222
44230
3064
1506
268
4764
140580
2278
81942
5986
4174
1822
3096
113706
2828
270
992
1646
4248
3788
2258
334
54668
2054
4546
1404
2752
1012
3030
988
1030
1192
224
1130
2952
2734
3092
1924
2676
2140
3862
119002
3054
2154
3552
522
5232
47634
1286
1892
1958
2186
1440
2134
586
862
2656
1350
1742
3028
2776
232
1750
139622
498
710
7942
698
2738
720
1930
1764
1232
2916
3530
1570
4182
8056
1230
1680
50376
1372
532
966
23472
4096
2044
5002
1882
1970
3192
5020
1960
4352
9402
676
1038
2284
4506
2854
832
21410
818
1820
916
1094
3038
1000
2438
1566
3912
7218
2994
240
2030
3094
2320
4858
2698
502
716
1828
3408
214370
10690
600
3428
4960
3110
1192
1572
728
1402
1104
2678
1702
998
842
216968
1104
2228
1100
620
602
111772
7922
272
15860
1114
270
838
4406
2866
2248
1538
3472
2586
2954
2772
1552
2246
796
55150
610
4396
584
2824
1456
252
5442
726
3704
2506
3588
3166
804
1976
1526
954
1908
1998
954
3968
3202
426
5048
108548
2032
109140
962
1462
3288
1438
1962
45238
334
610
1334
25886
2774
1930
5084
1534
500
464
676
3062
2124
7484
27908
2430
1530
1568
1134
364
2348
1164
132650
2622
598
2460
248
890
80290
588
24038
2272
1122
16346
1454
1252
338
2200
246
754
1856
3712
3236
5580
236
412
2172
2258
1176
3192
3372
1692
3522
766
2284
2120
1158
3126
4578
1606
676
2656
107884
822
10270
2626
232
4412
1518
2238
2794
366
1986
410
82868
244
1514
3470
1584
1198
238
848
2788
93644
5112
242
740
2256
8790
1896
3224
730
3512
16246
2170
10990
3002
5576
3662
1266
29088
1094
3482
606
3274
78044
246
900
238
250
5492
38174
2418
1482
1066
2934
2214
272
2114
4034
462698
1220
2232
1568
262
346
5270
2514
270
482
580
1590
8620
1456
2314
1258
3700
1152
1454
502
2130
4832
2378
396
676
2132
264
2732
496
2194
3022
1950
260
2048
3970
922
2868
394
2438
1836
33926
2858
2050
2118
1396
1360
3270
3142
2912
1374
12458
282
47692
918
12778
2558
752
2224
1072
2026
798
4122
2678
1796
81540
1872
4652
346
2078
1286
1820
102296
1690
2150
362
1694
3214
2872
604
4350
3304
3722
2474
3190
398
3044
238
4350
7416
1864
262
2808
912
602
1968
78062
4642
1206
358
1516
698
5058
1690
494
402
3570
1408
504
2422
2802
260
2248
1688
1120
113298
1976
640
4274
396
1198
2212
55804
2764
90080
2208
258
3664
878
3890
2118
1530
2856
1356
1440
7086
324
3378
676
1390
398
2422
350
500
8254
358
1090
1002
2082
992
1436
348
3464
1714
448372
3632
1914
636
1832
472
642
132730
1992
5796
5246
510
510
2954
1374
1718
4084
3486
2524
1034
1194
14040
2922
168746
2382
578
6224
63516
1408
1680
1442
2596
1282
2320
850
1608
1886
992
2040
254
1794
1286
1998
1802
26044
2596
2064
1764
2620
1094
1684
292
2732
40710
494
2896
79098
1822
1630
2958
3490
1678
1078
2486
2384
3420
24802
18038
4880
30002
2060
51744
2706
2712
1522
1878
1604
1994
1430
1734
1276
1232
3454
878
1872
3100
4430
3124
4234
4526
8494
1998
1620
2136
1738
1816
1662
1174
2998
3136
2850
276
1774
5852
1714
20964
3068
104984
5384
492
1942
2272
2396
7800
72464
474
4990
1154
1828
2322
1760
105420
1604
232
2554
684
608
2362
3730
1000
2004
1860
45076
5050
2464
1590
3734
2074
3440
1950
3272
414
2226
4390
65566
2350
1874
63374
2374
450
3444
2088
3652
63556
236
3164
360
259488
1156
5432
616
1824
2020
4872
5582
2556
74374
3856
220668
19458
41398
6378
1982
718
1888
250530
2268
464
2336
2930
750
2322
250
464
2804
1266
4898
3242
236
730
2524
488
352
3608
119980
701116
2136
2686
1896
3314
738
3370
502
2514
2502
248
4148
520
1250
1726
2028
256
2586
1272
890
394
1980
3114
572
3516
2098
250
1988
702
17202
2082
726
1982
4470
2266
620
6180
278926
2880
718
2786
668
2234
602
5726
3624
1782
636
1952
1958
1794
1470
2590
5652
3788
3168
5156
26150
71848
1870
6280
640
1590
1696
1414
244
1182
2338
850
1400
2610
5162
3528
488
1138
774
111622
1638
454
138586
1670
2060
840
2472
278
2580
2544
244
246
1932
732
1634
912
137802
27466
72010
5046
624
912
24178
4306
1364
2946
134276
3248
1310
2770
1816
678
11584
2682
3228
850
1778
131064
1408
1626
444
260
1990
1402
3454
482
2622
1570
4434
2250
3536
2466
2142
2986
258
62572
2276
398
2422
642
2070
1652
49504
304
110344
2784
89730
2340
7068
970
246
2356
2234
63510
1162
7388
1750
5730
1884
3076
82800
47036
147226
2938
2622
3240
258
260
1066
1542
250
3884
616
3088
256
770
490
7038
2496
1868
3780
1938
2576
276
546
170926
123454
14978
900
2620
250
4364
1786
248
500
2414
3950
1712
3218
2340
143120
2054
2048
7814
250
3122
3640
3044
3418
29046
3372
1600
1758
1794
254
4608
28530
2338
794
3384
2764
586
1686
304006
754
5000
350
1690
342502
718
1954
246
1222
273718
53708
1858
3976
2362
3666
72574
2742
3184
1318
1892
213904
27052
4952
185432
4904
161268
2670
3332
5062
2764
3602
3394
2016
476
1086
2988
2650
2214
2388
3546
2136
1548
3248
3210
2636
2376
1342
4170
28852
4948
976
1476
248
1878
2612
3534
2100
17946
256
2332
1892
1726
4944
2146
1802
276
3968
270
3918
284
2592
2746
598
1232
3200
2062
3054
1734
2326
5938
3134
4446
2296
436
1714
1346
2602
4562
2754
1268
2240
1152
2252
356
736
4158
1460
2290
3590
1616
1820
238
2010
3402
2776
592
710
4264
1128
1996
244
2124
1846
5558
3728
684
2412
6102
3332
187340
864
528
866
2380
3748
2772
4326
2684
1356
3010
2638
1400
4094
1984
240
246
3152
1388
2808
1488
3346
2672
2954
105552
2228
828
714
3298
1422
3518
3650
768
2682
2176
984
802
2454
2414
832
1946
1374
1776
2228
3614
35832
48116
2022
1152
476
1814
1584
2220
232
1966
2240
426
3832
7576
3596
1384
2116
514
1444
862
83284
144596
4310
35996
1848
1812
506
624
2600
284
1828
5770
2886
167864
596
1282
1546
400
2890
2532
1648
2366
2602
190686
3080
3336
246
262
282
2530
2954
2346
1988
1116
4530
4328
1154
3276
2044
1604
3778
492
2260
1898
133480
356
2722
3114
2066
1368
890
964
394
304
2140
263378
14808
2062
1534
400
2392
2688
1174
464
638
1000
4434
484
78300
1904
2524
2876
2946
1684
288
2926
2954
3742
276
2596
1502
2504
4454
398
2394
250
812
722
2338
474
2164
862
3064
9826
1230
138086
3566
840
264
1278
382
404
2776
254
13494
4136
2198
107034
1938
4664
486
2172
3084
2754
2888
3354
3830
1472
8674
482
1730
2330
240
2908
396
2152
1732
2180
2022
398
236
1988
3392
3200
3902
2856
984
2214
12358
2222
1436
6182
1762
4626
494
2340
5100
364
1034
4836
3886
5660
574
3984
4932
1908
1960
2250
2674
2812
254
5394
2758
3162
394
1302
49982
1564
404
25304
82652
272
2824
4086
1402
606
2752
3500
256
1988
8506
856
4714
1288
103096
2432
356
2538
4490
1998
33782
624
878
510
3796
1992
3316
3686
2570
1782
11570
4970
2936
2448
2580
4712
2650
3134
215840
274
2472
708
2158
1026
2124
2188
474
2514
3334
3198
588
7064
1934
1858
5058
518
1148
2520
2752
406
1732
1974
1600
2828
2400
882
1566
262
2882
3104
1932
4336
276
4070
1450
1130
260
394
1586
3500
2398
484
2072
746
494
496
2070
2490
3370
2344
386
18102
1400
2026
188890
852
492
732
2820
2154
854
15532
2908
1534
3040
3410
1998
32192
1044
38260
1858
506
356
54830
4464
