11111111:1111111100:0:0:0:0:0:0:0:0:0:0:0:0:0:0: (total 16)
0 4 8 12 Thread 2 going to cpu 8
Thread 0 going to cpu 0
Thread 1 going to cpu 4
16 Thread 3 going to cpu 12
going to barrier (cpu 8)
20 going to barrier (cpu 0)
Thread 4 going to cpu 16
going to barrier (cpu 12)
going to barrier (cpu 16)
going to barrier (cpu 4)
24 Thread 5 going to cpu 20
going to barrier (cpu 20)
28 Thread 6 going to cpu 24
72 Thread 7 going to cpu 28
going to barrier (cpu 28)
76 Thread 8 going to cpu 72
going to barrier (cpu 24)
going to barrier (cpu 72)
80 Thread 9 going to cpu 76
going to barrier (cpu 76)
84 Thread 10 going to cpu 80
going to barrier (cpu 80)
88 Thread 11 going to cpu 84
going to barrier (cpu 84)
92 Thread 12 going to cpu 88
going to barrier (cpu 88)
96 Thread 13 going to cpu 92
going to barrier (cpu 92)
100 Thread 14 going to cpu 96
going to barrier (cpu 96)
Thread 15 going to cpu 100

cpu 16 cur 16
going to barrier (cpu 100)
STARTING...
STOPPING...
Duration      : 10000 (ms)
Acquisitions  : 10277769
278
3708
2766
3744
230884
596
2422
325700
2514
2216
660
5420
292438
3612
488
2432
2386
830
634
638
9874
3992
104896
5372
17964
6538
1982
6080
4382
4614
2126
251598
474
2690
1350
142868
722
1658
3976
965836
3522
2892
7034
4102
3278
3474
4740
1370
6520
2908
652
5836
4170
766
540
2746
528
7296
578272
801904
520
833260
4250
9966
2646
4078
7274
461478
6308
412446
2318
268
82532
1414
1508172
5780
540
612
162134
2668
220
110694
5336
4240
2586
742966
3618
3122
2852
808
5796
758
6624
8706
35264
5006
12706
4412
1310
5574
749408
2944
2728
3704
1624
360
2102
1356
1258
892
791562
2894
3170
4212
15942
862058
3368
3380
3070
1682
3414
1660
1412
1472
3440
1628
2104
2772
1016
2546
5216
6114
882
3100
118992
7456
1748
463640
1788
382
6270
66514
5282
7350
1054
3134
4800
2586
253350
249196
1408
3230
192088
359552
3516
183110
2632
1200
4812
19038
1908
1572
5198
1574
1998
4372
1702
6530
1808
102074
1948
252
3460
232
2762
6914
478200
634
1266
1902
2168
4044
5724
3016
2314
3824
1406
658
2900
4128
1092
4946
3464
6736
718472
4216
866682
2614
4094
3828
3176
1972
4312
229098
885548
3762
1412
2160
3020
4148
1764
510
2568
125794
8804
634156
3390
4632
390804
1200
2178
8666
1976
4852
83486
4716
7358
2910
4108
3032
7216
418672
1382
72868
2128
5950
336756
6054
1188544
5718
5630
4440
1990
3542
3738
4864
1084
2416
1512
1404
1668
1954
3512
199634
3484
4714
3834
502
8930
4110
5136
5658
3218
1097938
2732
752
3604
4790
1924
3080
2908
3208
3894
1177994
390684
598
3338
240
401146
3758
2080
484
331064
2052
5040
4048
358698
5366
12296
3442
1368
3522
1778
2072
7768
3484
2342
1024
610
2874
1886
4306
243594
3136
243450
5880
3346
4572
2222
5818
422
984
3682
1057506
366
2114
1958
3210
5566
1166
3042
766
1870
6672
89742
280
505964
4678
1940
264
6636
2148
256
834194
4012
580
5916
2306
6626
5386
356
2252
2936
342
508852
2194
2928
1690
5536
5888
5032
348
6550
1116
85500
2854
2092
2952
4010
5244
3620
1034
6876
2226
4934
470
3056
2920
2284
1104
5880
754
478
4138
171152
7110
988
49146
362
1310
510
5276
4658
6934
3052
6304
358652
2584
18586
486
2786
4406
5462
1652
8720
4404
7316
3074
498
420
8176
4058
3280
676
4236
2912
160142
6108
3778
1682
916972
216
2944
4650
5620
324026
996
7596
1262
5896
2974
1131914
4892
2190
2448
309148
3542
2534
2020
3376
216
4212
2864
6018
3688
2158
7744
856
5040
4052
3190
2070
110926
5812
163998
2174
3948
1934
1014
3314
2588
3706
370
11770
1012
2484
386
5310
96010
2820
1862
408056
1748
565276
2882
4240
5238
5330
205208
4598
3852
6234
6456
2984
2212
16454
1796
5238
680352
3578
5316
2878
2290
374
5522
188744
53290
4702
62598
2544
3816
2204
3346
638
5196
633376
3254
3394
3866
2030
5312
594
1872
846
656
986
4088
2644
668
34788
2178
1548
2216
1880
2712
542
2418
2186
758
4592
4288
3560
778
1730
4932
67374
3738
217926
512
1964
2086
230
616
8170
426
6554
3494
4348
5442
563860
2062
3212
64490
6272
664
2220
2992
4318
3086
2622
338
4262
1028
3756
412168
2220
3168
4380
1470
305210
533570
5756
7492
7788
401808
5076
4334
1080
2352
724
1338
926
3328
4122
368
2606
3870
2808
3506
4416
724672
1658
6678
1172
5650
4554
128686
3546
6552
1392
2466
8358
7248
4316
334322
1766
838
3528
9432
6420
2312
2526
8286
176378
3084
7896
4446
4026
3316
3404
518
3742
1384
520
1528
3618
5414
6612
1608
7564
6086
2740
6510
886
130386
4460
423782
1272
1144
117352
4748
266
5248
1750
14322
8682
4314
7856
240
484520
4370
3374
262
1158
169022
10956
4338
1010
3982
8428
364982
4424
1780
3346
4944
648
8450
2922
3364
4838
478
470
246
4370
1873348
6488
3696
5570
3658
4408
3952
978
2076
1100
6740
242218
822
77644
4580
3484
786
6654
1138
1530
2358
716
1038104
2848
205372
4002
1264
4398
13156
11940
801606
1648
3066
27662
5750
6128
7316
2644
6146
11946
2914
2094
2550
232
4354
2014
3540
1302
6676
18122
9196
3274
786
1474
3162
212330
7116
5464
3464
9250
260
262
496
4332
2576
129026
1624
4250
2868
2570
6350
9812
5162
155626
1614
7256
2084
4050
358
4422
6400
2590
2602
3786
2066
1478
3968
3040
4632
4144
2574
3054
3076
6872
4802
2856
1016
124002
970
7012
479472
4236
1970
7044
2442
1014
1594
1500
2364
50234
3616
201580
3392
570
2916
2472
2376
31450
2528
2502
3336
2772
1910
23476
2410
78504
7064
1890
4940
3108
4504
1016702
1416
1394
38136
3276
4674
1396
2254
4254
55194
1992
3212
4114
1266
602
876
6112
332084
2566
1362
5734
272
1392
766
780
2852
10088
2668
4268
33404
3000
732518
2408
3364
3204
5420
1188
490652
1444
4754
1630
3366
1232
3266
1098648
4376
1952
2048
90788
2022
51670
2106
612
1072
1144
5512
7578
3720
4662
6134
2196
4156
5324
4218
1112
3130
5476
1014
1322
2610
7774
5044
1416
4348
1010250
1924
656922
1138
9908
2054
1602
1830
7330
2978
2426
3676
5736
660
2370
6006
4900
215802
5152
796
499912
5268
2564
3786
13566
2494
2566
6920
2454
1806
349672
1038
2332
75160
1310
1390
1750
7268
1028
5490
7044
878
1262
3868
4610
3432
1760
1942
1980
7546
3376
1422
2684
238
3970
4500
3026
1234
5270
3818
2540
2908
666
1326
2604
4260
520
734
2804
2110
964
966
1716
4256
2696
74680
1912
6838
1015804
272270
2288
2006
9270
2520
2530
508
1922
2304
432562
4070
2612
796862
7570
4234
900
4560
1916
6744
8280
1304
640
2954
1636
5962
2604
5152
5430
3988
5526
260
2556
6346
11548
1728
1626
4572
3320
278
10130
2334
376
1534
758
1058
2104
834324
8734
4580
2074
8036
2224
1550
3210
306152
8094
1798
4630
4730
8292
9128
598
12434
7214
6838
3240
5834
2994
3082
256
4188
1772
2826
5498
2644
7300
4766
2448
1312
8420
122922
1478
430
3912
8462
2620
174484
3466
6448
3252
2902
5054
3644
2436
56550
7968
2570
5426
1554
7256
570
4300
8570
4204
4532
1002206
6604
3130
4006
3164
5448
486
718662
3744
4586
3626
2826
5716
1308
358
4976
4446
2276
5096
624
2358
7672
1238
384
2858
2738
4266
3622
1038
10980
4222
3400
2110
4176
714
2930
478
248
8268
3416
1324
1804
43736
3778
2750
2842
2942
2732
6254
5998
584
7400
5338
304
748
1224
4190
5616
530
420
3940
3286
3812
2960
4328
3964
526
1792
8322
542
280
4104
6450
2880
6626
628362
2020
7922
242
1637198
6688
820
7232
956
5834
564
2812
4318
5700
1116
3098
260
1066
1966
296
6446
699272
1042
1164
1960
6768
2528
6278
4562
422
4568
5254
866
3836
1914
4650
2346
5576
490
3904
5854
4936
2380
2786
238
1038
5014
9702
3594
5056
6402
4402
1306
6108
3754
4990
1304
2530
5866
1478
6834
1492
6740
11090
3148
6812
6070
428
1780
1762
6486
6730
8978
3986
4018
1162
5078
9108
768
418
5050
3472
9104
6820
9510
12020
12654
3484
68296
2652
584216
1768
3246
12360
424
1536
11410
4780
2248
4188
1358
2896
1760
600
4476
2452
4706
5546
2444
1462
2108
484
520
2446
3594
2360
1386
892
4684
3218
2874
447948
4262
666
4072
526
19590
488868
298472
9748
352346
3332
4882
3710
95294
8540
4378
808580
106754
4056
8030
3588
2124
3212
642
15462
946
866
590
3318
3240
854
69404
2262
4464
6394
7798
6594
645848
12484
207028
3616
546
762
3964
5536
2978
3926
6856
2972
10332
3624
5336
860
1032764
2478
470
6294
1588
9844
8284
3690
2722
111144
542
3062
155028
750
434
7436
403200
4988
47698
5516
2126
7078
2622
3838
2884
2696
1062
2842
4144
168234
1544
1108
1938
6920
2596
6448
1842
4424
638
2174
6496
4376
1094
354
296
820
6820
4488
5550
1181332
720
354
10476
4574
1010
279068
1382
5462
2474
488
3008
3056
2374
3012
1864
2018
4516
2266
4682
2114
4282
1582
3236
2696
8520
463210
2576
7240
926
676
9168
2992
243868
2786
2322
2786
3218
870
2114
201040
254
4576
4078
6976
434
6642
3332
2542
6820
2358
230796
5476
1610
3132
4818
5294
6514
7356
368
7368
4996
1654
2634
3924
7024
3868
7278
1154
430
82656
1074
2884
4426
902
2880
2106
7248
2152
5856
600636
636
2298
6862
2552
2506
6036
9450
6102
724
4190
1744
9792
5284
892
1142
2782
91236
5270
3378
5362
1750
7430
2376
5024
5568
786
936
4382
9092
984696
402882
3002
3310
5984
1410
190654
1630
1222
4046
3710
272
7104
2098
2834
4198
1928
1818
974
2046
4116
140944
4192
6984
970
3386
5002
5854
1162
4978
76188
1896
4856
6764
291390
286
652
1928
2500
559674
5492
9752
4146
3568
3002
2378
7536
1390
14622
6228
5900
898
6614
3434
672
5516
8150
5030
3820
3590
614
926
743762
6218
11344
7532
1492
4062
560
4490
5124
285710
7664
5284
4158
5862
11262
1770
956
7492
1686
3652
5038
1424
5562
2118
3546
1678
866
6406
5432
3876
3672
245080
3434
7072
4052
684
5550
2910
3224
4692
1782
6138
524
163440
2996
1482
3218
1028
3980
3112
6044
3900
3270
272
3652
10196
10654
1172
10508
1906
1680
1428
3606
4722
2284
4622
5242
5462
6452
6412
1864
3960
1102
204004
734
5824
5220
4156
4244
6822
272128
482
9580
4262
2522
714182
1468
2198
792
1782
1210
272
4646
930
278
3810
2920
1342
361874
6708
1304
3280
274
927586
4396
5220
2308
2354
3782
404
3670
4016
2296
746
5014
644
2740
24510
2050
3718
882
5884
5068
3434
3220
1202
3224
514
7244
3328
7878
7252
5490
6854
9854
2318
416
150762
3570
5390
428
5008
1263352
2832
2556
4936
5980
492
171122
7586
2340
3538
4424
5136
1462
3334
6754
3172
2102
2112
2834
9100
520
3606
5900
262
7776
572
9266
3048
1714
518
1232
554
6976
384
5806
3890
5092
6900
8836
5004
4642
6764
6454
1046
4574
4130
5606
4532
2560
2930
4434
814
3446
2902
6022
4112
8842
2138
8288
3876
7432
4092
454
1706
4498
7338
326518
7326
5602
6454
422
2950
744
2708
1788
14874
486
1296
5072
4670
4630
2944
9762
2538
1430
5878
202334
5994
5326
9672
538
1390
846
428392
1128
4914
2202
6076
2504
1027446
3836
4958
3252
492
540258
506
426
2584
9108
6394
247042
6758
4418
488
2022
224118
151546
5520
12830
9736
11886
5074
4840
598
396374
2016
1746
5604
8002
4452
3746
13538
3194
8620
7694
6932
364
559406
2986
1128
4190
670
331976
2782
4742
182814
1384
5154
3564
264
2394
4726
5536
256
772
5184
3184
4430
4684
5448
5066
3608
3322
2198
1752
3194
3716
3512
8648
4220
3252
3668
1216
872
2918
2916
1034
4782
7658
7530
3678
7206
1800
3100
502
9776
10134
488
3036
486
6518
514
4080
956
5302
74754
1244
4790
2404
2340
1586
10164
4338
304
4330
540
3302
2896
2612
5182
2996
1220
646
476
678
910
392
2382
6202
1142
3432
7040
2112
3310
4448
3556
3292
1126
4504
2728
7006
141562
4022
3410
4810
1482
1112
2600
5778
264
2448
4058
5042
3838
1264
4362
2582
488
362
3834
1934
2370
59892
1180
2680
8454
3194
5596
3582
526
1014
2932
7468
4772
1168
5108
262
1214
2016
502
1754
2682
3612
2284
4166
4050
3592
426
3448
108660
918
127676
1414
5324
5474
2734
3990
1012
4734
4094
4170
1498
5800
2570
750
8144
4760
3010
664
432
7302
3704
3372
4728
1598
1514
616562
5354
2040
956
4310
5926
5082
7732
846
3250
974
528820
4062
754
3184
1458
1318
1420
2762
2762
1012
2248
5860
6698
1398
323172
4220
2296
5016
3942
1358
2694
221064
1244
3688
2938
13836
4724
2054
2526
8278
651602
5220
10076
5350
1824
3294
5192
4250
7990
388
3150
528
2916
3866
1544
3700
274
4576
3094
4842
3522
192574
3340
4224
2012
2820
4674
1532
870
1252
2352
5098
3302
1862
3608
760
3364
334
1482
272
2082
1614
6134
972
8264
3876
5894
832
6426
1794
4904
12112
4282
268
1862
4544
390798
5510
4808
3340
9154
2586
3514
2762
4110
4202
550
832
4980
208
2642
1112
4800
4922
2106
8410
804
1686
1606
3036
2708
5056
682
6354
6660
380660
2956
5612
3970
3424
3670
5730
8356
5532
2020
9972
4246
5962
418888
10054
5974
11772
6202
2450
2038
2474
11856
7204
5582
1798
3654
3034
4664
5976
5176
2978
3042
778
5060
931340
242
1452
2662
5682
1532
3050
470
3368
1164
4760
3920
2894
2072
577482
4620
4544
3550
5202
15394
48648
1474
8364
4686
4360
786
7232
476
3570
8436
4116
4112
4326
6530
3640
4186
50318
2148
532
3564
6212
802
1830
2666
3554
8682
4670
1918
2126
3030
268
7374
4672
3684
928
2268
804
6562
5364
2502
220542
6010
4606
5486
382
1562
464
2132
3034
5662
415714
3614
1772
3256
1690
6492
3252
3174
289964
662
3628
7134
3802
3716
6094
716288
3748
3326
88756
6456
270
644068
1558
5282
7042
678
776
2620
1454
3944
3150
3458
490698
618
3400
8224
374
1164
1566
4324
760
4222
240
2340
5478
1864
474
2358
2506
3624
5596
5732
5750
6302
386
384
5810
7468
224
1254
1596
3144
2134
1810
3124
3052
28336
5670
752
3200
3162
2530
4158
545256
1078
1146
4066
5852
2474
505402
2978
1992
2820
4986
1318
2116
6398
6578
4268
6342
2522
261226
5620
2234
4348
3020
1912
109120
678
7074
9204
1115786
1480
4124
3324
8552
9194
1034
6606
10080
2718
8422
1082692
2646
3208
244
5232
486
1248
5936
870
3406
2262
4926
268
5916
860
2914
3376
2204
646260
424
876
2830
9626
5110
382
5942
4710
4314
7982
6546
2184
522
353660
2378
5880
3276
8052
5150
244
3434
211852
3996
149960
3956
316904
3814
3558
4818
12458
1376
2672
8644
2746
6056
3692
1722
1204
1856
5564
250996
3974
890
2686
4604
4998
9366
3256
2950
2738
5224
4856
12782
7956
3850
4028
7412
4882
6660
1500
9872
4826
2116
5244
2634
3822
7924
1468
228630
1812
332
1686
5638
4064
3142
4044
4602
722260
12714
276614
436
3746
3406
8260
756
506
2748
3346
3978
772
5644
3620
3138
480
9428
2402
140112
9498
74752
59216
3180
5958
5026
4680
528
370776
6544
365444
4330
2310
9556
120058
10580
4996
7292
5076
2298
643254
4326
5164
2598
263060
57636
2880
5484
631702
2534
5046
4986
337592
3182
280
7688
3578
2444
2704
2048
44344
2852
5020
4958
2574
750
2054
2820
368130
4416
2544
2036
4552
4304
4384
3408
2540
5902
4168
6454
5346
2180
146716
3228
5264
9050
4090
7178
1348
1612
2926
96752
1958
3752
2522
1118
375836
1792
2928
4112
6350
2710
6954
3296
2554
3702
3140
3378
1124
4154
5046
4904
5356
2206
4540
3652
5600
868
3046
3214
5264
2510
358
1394
6576
2556
1132
928
6292
3218
1424
4512
1144
1524
815472
6652
5770
3204
618
113644
368
3388
288
2692
1918
7714
220
1878
650
2042
3216
904
1296
89882
2968
1446
317122
4952
1175834
2144
1608
1084250
1810
80874
674
1634
4356
2744
7894
1166
4408
4112
9052
2720
4090
3494
6886
5488
1984
3552
1802
4744
305784
4216
2996
388496
5590
1910
3194
5614
4328
4214
4018
4038
1986
5338
590
5406
712
5030
90992
6240
5692
1688
3236
676
3214
3916
2598
3680
3030
1218
2068
49600
1468
336
374
5060
4630
4094
4152
915800
5658
2756
9640
2804
4950
3480
1758
4604
7038
1276
3284
6488
4174
5682
4344
784
4560
2504
4112
3404
2194
2938
1658
7054
2104
4946
3180
4888
3730
374626
1518
169218
3298
434434
5824
434316
3422
248838
2654
1736
1094
9068
6028
4786
3830
4492
1816
252658
322
6850
2022
4256
4112
7048
2422
10476
5372
4748
2066
5862
4844
4130
5616
236
2058
5036
4884
274
5282
5152
3372
4634
1416
28382
3980
1062
2968
3814
53574
4394
4164
103740
8380
5670
2470
6392
3250
2528
2700
1742
4748
11984
5590
2890
232
6908
5160
92088
3438
266
4838
2518
7952
343062
4096
6502
1192
5964
9192
1804
385788
4956
2550
277664
3510
2526
516
3942
368076
2422
585124
4844
544
4082
262
6254
5804
1604
1942
234
9750
2466
4842
1516
4792
376
5784
3880
358
3846
9260
4686
48088
7370
2648
5958
1830
6088
145484
3840
2206
1264
4694
590
8266
9504
1988
497544
453548
4406
718
3570
5634
292
4232
7136
4668
7418
2934
2484
2636
6650
7064
2694
4406
642
7998
830
5936
5044
4974
2130
5346
588
4360
1192
4356
1516
1188
6632
1162
131620
2300
6048
220
8446
5156
2934
6866
4196
458052
2632
3186
7336
5472
620
1332
4660
268
3558
1436
3626
1222
4296
6960
4494
3712
3776
484
618430
2966
2956
7220
738
874
3848
180710
4368
7144
2532
4568
1902
1404
2804
500
4102
4614
1356
2290
6364
5516
3774
474600
108072
3488
10346
4306
8274
794
5322
67426
2726
670
422474
4310
526
3550
2554
126490
5694
1832
4262
5486
7098
3666
2412
6618
1898
4576
3456
3848
896
4592
1908
866
5464
380
7680
2888
3390
4252
366
7148
3384
1272
5316
6988
2228
32758
2724
862
4648
4670
1986
2300
5194
4850
3030
6708
2770
4704
777442
2092
3084
848
5680
4700
4494
778
7882
6066
3366
5210
2440
6098
4100
3772
3340
4324
11744
520
4100
3396
3390
4500
1872
3384
2778
628
3742
1848
1406
4716
8264
3004
4708
401714
204164
780
3458
388
1304
4670
3946
3866
5538
2620
1012
5962
651922
508
262
6034
3864
7272
2146
559920
2122
3360
6380
2980
652
2084
5380
5288
5254
296356
4972
6154
5318
206934
3074
4816
896
1924
335198
5092
2036
1634
3136
314588
8390
4594
3356
520410
3364
2496
2614
5638
4530
8410
2726
5060
2536
2612
4280
299928
97752
4062
9056
630
3622
544
5664
9688
3294
756
1096
377146
2706
5046
932
2992
1696
3150
388
2972
3056
4396
3152
294646
79468
500
2306
3882
4106
1228
246
4652
2060
272
1900
486
2168
2414
5566
6136
950
538
3068
196388
4432
3566
370
3702
1778
89234
422
4022
4794
220682
328
3556
1426
558
10492
374
8146
3838
8126
3486
5532
1852
4370
4628
2622
2776
361384
4290
666
1382
2654
141534
2350
6978
272494
248
4202
4684
437172
2154
6704
9368
310
11316
3786
4380
1334
4016
4862
554
4446
7530
3894
5522
2614
1566
2622
4256
10512
5452
5492
2594
238
666
3982
7870
1036
4414
5410
8170
424
1742
3764
4324
424
8928
5592
4404
2752
1038
2884
4906
3958
4008
3576
9194
962
664
3002
2924
5082
1520
5994
3590
3352
2204
3988
7132
3182
6214
2410
1150
8326
3314
2660
2358
2254
3068
4046
7136
6132
1822
2340
3754
4352
3990
5530
42188
6736
8418
5050
2086
169140
580
4310
7940
4492
2646
3594
6244
480
521512
5684
6034
836
13628
1320
8894
3626
1118
7288
364
2378
3122
4820
4924
1788
5360
1464
5436
2670
2970
3414
47858
7456
3512
7508
5220
3658
3284
4126
864
1994
4938
4492
3298
880
2094
3012
2122
3434
7590
288
5422
6364
3370
4436
445192
9024
6918
3958
3610
4564
4026
4136
3546
4718
786
2486
6628
1482
4302
4626
6664
1141078
4312
1140
5194
3064
4876
4810
5064
4530
4176
4674
502
1680
2268
6278
2652
2720
3596
3490
644
3642
528
2980
2608
6788
3482
2928
2642
2510
2388
5844
3444
6952
58566
2778
3774
2516
3042
333312
4318
534990
1496
2732
5006
360486
366694
19288
1012
9180
3012
3888
1016
5622
1748
3654
322932
15108
2710
3510
1186
716
6044
7668
512
5750
4254
6990
5410
2374
4390
2106
6202
6352
626
3460
6228
5038
624
312
459806
4124
4934
666
1820
4556
388454
2826
2332
6994
3094
3642
1388
5620
3100
5024
4722
3436
1134
6054
273704
4018
1180
3278
3200
2770
3996
842
2764
4336
300
6246
876
3636
4262
2856
773986
3456
102782
4620
6062
3188
3446
3532
2824
5220
305822
395170
536
4764
1866
2770
6532
578602
3966
2162
1316
4490
2368
4076
5554
3648
2282
26850
5048
4642
3122
1472
642562
2880
4048
4544
3110
5128
2102
210980
562
5290
3058
4296
10454
5432
32874
1166
3810
97162
382
2024
1922
2742
3468
3704
1502
5642
149470
9522
2186
668
4944
3316
7150
2838
3582
1714
1778
5196
266
7848
1514
9598
2740
7176
2444
4096
1072150
3046
1093942
2560
5622
3736
2790
1584
3930
5992
2356
8788
84164
4804
1156
1188
5308
2286
1016
5142
1372
4532
3064
7308
378
738
566450
112892
3094
3414
6624
364
5790
3390
5364
1910
494
2284
2716
6228
5828
2488
94194
6882
6674
244140
100134
270
5502
2800
4462
3056
3006
284
3824
1414
2850
4128
2010
5014
8266
2056
1514
3718
3038
5316
522
7274
322066
6480
1060
8462
5774
3112
7008
4214
3768
4136
2836
734
88580
8178
430
4552
5670
5662
254
4006
4472
2000
2634
1922
2134
2694
5554
6906
2398
1178
1728
2654
2902
4904
2662
247994
2050
635630
3536
2262
3020
4334
1684
1686
3336
1182
2636
3856
3752
4532
426
6962
5588
4116
6204
1360
6258
1530
882
3084
515338
7094
4210
1474
3744
3256
973794
534
3334
6696
4570
662
3024
2340
3006
324022
7146
2092
5312
1724
4112
2604
5174
7232
3986
271868
3694
288
3236
754
2242
3638
3696
12254
5724
110982
4878
2936
4956
2790
2296
2650
5302
3958
344306
1766
968
2040
926810
3898
2928
10130
2740
2186
5026
675724
3774
3976
2432
2998
504
4140
189764
9706
8066
608740
3614
114282
6880
289826
3068
4346
2020
4458
1892
1692
5510
4952
2698
1820
258
5342
286
3844
6898
5270
3806
585416
1244
6838
424
2978
7318
68226
5766
1330296
1120
376
240
4698
5604
4490
6414
20032
4344
2438
2336
3818
4614
5446
54846
4528
5972
654
3392
4008
1976
3020
4252
9046
6536
70324
7020
6674
3768
6244
6720
5698
856
5710
1230
1932
5348
6802
750
2574
2008
4046
641864
4092
5174
2898
7202
7112
1460
1414
7918
85296
5258
4836
1822
736910
2992
3936
4186
6036
3196
1014
5314
2738
8086
2358
2542
5130
8384
1624
3770
726
3072
1732
6198
5554
560
1156
3830
2316
3068
4314
111856
3588
568
2982
4702
4882
1602
2344
5076
4454
818
5002
1134
384
2298
616274
790260
2686
2816
484
4460
3378
4902
3694
4382
2936
86198
2068
1822
5004
2778
3208
2264
4200
4396
3874
5086
3884
3584
3788
4368
3922
1436
1324
4262
5968
4744
6054
325538
1988
3392
5616
154500
5456
2572
5772
740
862
160736
807972
5032
1324
5448
7338
3034
6420
4848
971720
14294
2110
4362
748
7204
7704
2434
3772
6736
860
720
7616
928
1358
8818
6626
3152
276
4968
1180674
4950
3748
6314
6042
1912
252
2032
6086
7930
4182
1886
5420
6342
2226
4930
2586
424
3672
2156
449148
4838
5222
2906
518
3604
1504
6190
271006
2794
2876
496
319796
254
8260
3432
1794
640546
1914
3434
3178
4364
3260
3156
2434
2124
2182
4086
8524
260642
1734
1356
2644
5198
896
2272
4478
6444
9612
5414
4142
2918
1164
50922
5626
3740
5838
898
3486
83604
3198
284846
5516
9710
3904
3394
392620
3792
2024
1110
6636
726
4234
2270
3306
10392
2576
3104
276
672
65870
516
3298
5582
3922
10932
7164
426
1014
3500
1148
2174
7084
1716
3290
1634
2542
4740
3458
4016
1070
758
624
2654
5810
4282
5256
5180
11520
1020
244
3964
5058
3074
7608
4288
4306
3828
2270
5362
4246
2984
7344
243846
2832
384
4360
6452
5434
5564
4360
3390
7892
246
552296
1584
4582
936
10792
3442
4768
3230
4166
5920
130328
6768
227302
400420
3998
826
1964
64162
7172
3050
1356
332010
6738
4820
3446
6324
442
240
3580
5690
2050
2036
6646
306894
668
1258
4868
3998
1096
301910
3190
1828
3690
1704
5020
2180
1486
2466
378
4510
2922
5070
4062
904
3370
4788
2962
1708
4054
2934
6012
2182
2558
2938
368
7800
11474
7538
9392
3906
3262
9882
3472
6480
5244
3026
4174
3518
4576
506
2484
2546
4546
3360
2720
4006
1032
5476
5970
430
4564
6926
7260
5110
16308
3560
601510
1066
1024
3710
6762
4472
5286
3068
5658
6654
6276
9286
778
3694
1846
6754
4938
3426
3466
2318
3512
2064
6746
8200
3662
3164
952018
714
25402
2988
2858
286
646
1998
272
1410
1096
600
7512
3178
1982
1812
373262
984
6146
2688
2678
3284
1214
1026054
1806
4158
1152
3736
266
512
5376
1538
99734
5344
2166
8394
3630
4816
3340
2488
2736
1106
4144
988
1932
5946
1606
3306
34384
6314
22874
11796
3502
3524
4182
6992
1478
14206
3518
6636
2410
84928
5628
3762
3112
5258
6976
3256
1850
2786
4942
271916
3500
2126
1016
424
1694
626
1866
2960
5228
6408
920
274820
2746
500
436
1464
382
8920
3704
2444
2402
3176
1874
248
4880
4112
255084
3624
532
8636
3370
1498
8010
3750
3470
2144
634
520
522
78562
674
10504
3148
7276
2406
3898
7064
418
270
143358
2314
798
1964
7488
1496
2666
884
648
6262
2852
3148
3876
3698
3828
1114
9488
1314
10166
22734
4492
7036
1480
8272
2200
5892
4934
7100
502700
276
10158
3656
28524
2006
2446
256
4712
4686
484
3100
484
1472
978124
762
3380
1548
4426
29060
378
3836
5940
2564
2478
7582
3934
5360
3162
3858
204642
33960
3338
71978
2262
1614
6550
8016
1408
846
1764
7186
6388
366
658392
4116
1330
7796
7226
1538
6064
6220
5364
2092
3984
3906
2702
1609894
7586
59852
6188
4014
2666
3324
79608
2476
5164
502
5340
646
2304
744
3102
4444
1602
2996
386
4938
1330
3328
1096
8298
3050
4852
3344
3714
7062
3084
7910
2138
2364
4426
4468
2350
3704
5106
196190
14256
3838
4958
2778
2584
2010
2442
2430
3844
2936
4016
3910
3808
4024
6042
380
2604
2428
4028
5488
3254
3048
2366
1242
2622
2638
1896
1450
2124
1108
2662
5382
518
41030
278
3732
5334
6106
5536
2904
3350
3984
12432
649526
2626
288
1264
672
614708
4028
266
2404
432450
650
384
284
4746
3328
3892
448
5670
670
1660
3614
3840
1990
3200
10480
4844
1820
206708
7956
5370
3798
3186
2304
1938
1116
7814
6262
1066
1372
5338
1654
4656
834
6684
7244
550
684746
1190
2576
2838
600514
3246
1312
2984
1760
3700
1842
4800
5590
3188
1368
6688
6422
862
3532
146294
1594
494
1140
5646
1894
6032
2272
5904
8420
118354
736
3510
7730
1750
826
4702
4422
5278
6834
2794
6048
494
2782
2408
596
3902
4950
343270
2146
4890
6632
379368
2440
13086
7116
5348
606
3686
4182
2164
3946
626
4322
5462
77010
1906
860
656
2252
8552
4206
7242
5276
2128
2198
840
155986
3890
11572
2790
2064
664
4722
4232
5086
968
4666
6950
1078
7316
462872
5384
270
2780
4244
4172
6244
2890
256552
6204
2410
510
2650
3792
5376
1042
3088
7292
2506
4682
3648
4888
2726
2704
3042
4466
2454
4386
3452
7516
4908
3590
5208
4384
7006
4502
4910
90934
2360
406
270
280
5080
5538
2832
604
1554
3372
3304
2200
1066
5288
11802
10158
3928
366994
5426
337520
4606
6208
6800
5994
3012
258
3408
380
1526
5454
252
4176
2124
5750
6700
3594
2266
4208
10818
6944
4034
248
282
236
876
276
1168
5234
1228
1352
3832
482
328
3612
6732
870
5810
11414
2210
7064
1644
5422
1474
3706
676
1726
2516
2130
9526
1666
1232
699348
4948
6712
570
16006
1398
1998
4156
8408
2530
5810
4156
3736
908
142446
2700
732
5484
622
2674
5452
3096
2760
3298
720
523634
236
5576
12438
2608
1502
1030
276
2860
2986
1496
1096
920
1760
356
1332
628
1136
2580
2264
4948
2822
3748
1752
2044
902
6816
1152
478
5836
2078
282
5274
638
5680
12630
2728
742
7344
2570
5810
4210
852
2014
4696
2538
1446
3906
4574
101670
4522
3158
2124
125934
2812
4268
2684
3178
10414
2254
3568
576
3882
628
3866
80186
7722
242
7296
1024
3896
356
9426
4712
91598
1904
480
1668
3486
3880
258
3090
3292
8540
6700
1808
1606
228
3606
246190
4610
7140
2862
5326
2490
1610
6842
488
2732
5466
652
1390
6742
4728
7070
1458
1404
438
1908
7608
642
4156
1230
4270
4754
3848
1768
1974
496
3978
11670
1448
4538
5854
325932
2948
2938
5250
1010
3136
4272
9584
284
1134
1488
5196
5814
5434
1802
2672
1770
1414
3500
3466
4686
1428
328848
2562
588
2430
3580
4628
4720
1194
2432
2084
8124
7186
8892
2972
3950
5232
1802
6140
2542
4792
236
5398
1416
1692
2228
3378
2960
4802
2282
73604
2060
1310
734
660
520
4620
3014
1954
3886
6340
1538
8310
8804
4530
7136
4198
252
5438
2170
2884
6712
1166
526
5274
364
390554
952
566
1220
7444
4272
7224
4296
360294
500
378
4956
3318
492
1552
930602
2762
1608
5154
1583464
1562
3320
1418
4376
1718
7938
2782
7138
266386
2138
4896
5366
4792
1274608
1538
674
5154
1618
1152
4458
5324
2472
229250
248
3078
4466
4326
756
1124
758
1158
10814
601270
5062
9374
2446
374
382
3238
5354
6678
3436
870998
5954
2738
3902
648
6626
2688
1852
5426
5300
4494
2780
5464
3648
15588
61362
4032
4662
1800
4212
2126
2068
4564
2292
6052
2100
2004
3834
9986
5062
2280
3166
5400
4718
516226
3592
1850
740998
3628
3270
1738
1880
844
496
4852
3186
2284
5178
246946
2486
4656
7646
2008
10064
1564
4618
2674
2410
266814
4134
492
4402
158592
10074
7100
4058
9564
8810
9216
7268
394008
106198
8186
5686
156792
6582
1444
4662
1122
572
1764
2430
6476
9292
5378
726
2850
6726
652966
1492
4702
2674
1708
1018
3778
13780
1114
350
4386
266
526662
100316
762
2104
3708
2694
5388
4138
378
512
4840
5802
6314
2992
10730
3340
2268
5312
1424
1314
2204
4704
5172
620
1682
1562
4722
2904
4328
1682
140928
5552
6692
47682
2738
3282
8958
2382
4296
101884
638
3060
3532
1748
5502
1146
5736
4168
5448
5940
4536
3628
756
2978
6444
282
5686
638
2432
1818
77702
4532
2716
2496
266
1956
8022
2870
226
6754
4790
4868
3392
1310
8690
2858
3104
2790
366
4908
33738
3258
1528
6604
3208
7568
3194
7944
2048
2630
496
89184
6094
472
1372
5932
7006
6014
5308
3336
33820
4478
3746
1876
3028
6318
3618
5226
1746
1456
6038
1638
3342
1554504
4976
486
11286
5822
2438
980
2760
4996
3190
4946
3982
1018
3364
1252
6746
2804
1892
3632
4712
2714
3572
756
3488
1102
532
5340
4694
4532
2696
6028
3928
3628
2122
2170
1544
3462
2812
2066
1626
632
2094
780394
1958
4898
5646
3840
6626
4742
1582
5466
36782
3498
2448
3288
1752
4092
577076
1068
2374
381884
172106
4172
520
1536
6936
2024
145254
4756
3766
3790
4656
1369386
5448
3136
3060
63904
2412
1554
2678
640
1572
3268
394828
216724
2670
2612
4846
2930
2838
4918
3400
2864
1118
8866
5208
7960
10170
4022
4128
4674
4040
108050
1772
3644
3054
730
1998
3794
9818
1120
5804
5770
4296
2708
1314
3172
2212
5390
2586
2234
1176
3124
3120
1080272
1622
9092
3938
6606
4386
10512
2748
5174
11362
7026
3944
7300
970
4874
4260
4364
1474
828
2380
381458
1028
3466
1262
3790
2782
940
1982
366
4116
888
10092
550
4508
4302
3036
5560
3978
1108
3538
1214
7312
8410
5592
5732
7996
4720
8852
3484
1380
4552
3838
5974
492866
4484
4104
2046
6316
3804
658918
4468
3574
488480
2770
246
5450
2322
1116
2398
4320
4976
350128
3784
3352
1318916
398766
280
5264
4072
2472
4776
7280
2904
372
3450
398326
8290
4776
1712
4756
4960
2792
4610
6966
861998
3070
1452
1448
6406
2836
1382
256432
3842
2924
2102
2070
3920
638
1138
790
6120
4962
5978
402996
5972
4348
6870
2572
641352
7664
3988
4070
790
370
2846
1116
738
6736
12034
2694
290
2732
1020
1014
435072
3466
7590
3324
4852
768644
4724
1820
5662
4710
3200
2794
4210
3932
5764
1950
3492
798
1744
1606
3578
4080
2946
3960
4430
4696
6488
5558
510
1728
9754
1594
638
3394
4548
160008
2550
3864
3030
1930
8038
3348
5306
5108
6740
3564
1688
3202
5338
4120
3064
4586
658258
1976420
7534
1950
3320
4008
4224
1878
4734
38764
2314
3336
2838
2438
3270
2118
5732
2762
2626
2724
3058
3288
428732
1564
528
9610
418
1192
1750
2250
565040
540742
4334
2430
3438
6636
4770
7674
3600
676
2492
1298
1410
1436
8034
1856
4288
3132
15964
4090
270
3732
4284
1658
4886
3342
4346
115552
2688
6980
164628
8082
7624
8594
2180
906
4780
5906
4856
5734
930
6000
4448
3244
7384
3452
5240
1982
1214
4510
2796
453500
3348
3152
3316
3710
344218
6234
5188
274
5762
4650
848
4948
6970
6292
846
5454
2960
369518
350980
7064
2948
4478
2938
9352
2044
3722
2614
238
5238
1710
3882
548
7340
3558
2704
5136
3868
2340
5788
9642
56626
636
2124
2722
1626
8170
4144
6768
4914
5422
2786
3690
4188
7140
4578
504
420
538
3744
632
642
1214
8850
998
5828
717316
714
3160
4518
2300
5394
696876
2706
5386
6138
1574
468
1826
3722
824944
7780
4608
874
4686
1496
4684
9048
6548
4790
8088
389062
1414
5132
246
3222
3802
980304
1116
5552
2960
431434
4560
6064
7862
2460
4928
502
4064
2916
9504
2000
3820
7656
2266
2362
4508
2800
5114
6928
3056
1552
2676
1044368
762
3370
24980
5166
1872
3884
1856
6638
506
4372
316
5096
468
3378
630
3226
252
2770
3948
8630
3464
8804
878
3520
384
1790
3870
3084
14928
2290
3228
2790
4648
1676
4624
4934
2744
3920
2810
3472
139256
4958
718662
2912
6982
7066
4470
1102
4000
1108
10016
5488
890
3432
260
4238
5262
6018
4098
9838
886
524
1552
4482
2634
882
8592
7452
4498
424
260
3190
7074
472
2254
756
6400
4546
3074
694558
2296
2556
7698
4062
3980
5666
4730
5498
494
378
2540
1954
3978
6424
3066
4772
348
2898
3088
274
7876
1692
607674
3352
1016
157974
852
2486
6454
382
4310
4236
244
6640
2716
378
2702
62012
7344
23052
8306
8032
5356
2986
756
3220
3366
826
3586
5444
2800
58700
670
2702
391152
627762
3606
3428
468
910
1360
528
754
214704
1352
250
967722
2748
3348
5754
5074
8824
3656
6430
6196
1496
774480
892
538312
538
265414
1606500
3482
2438
3706
3516
918140
6532
1782
1570
7354
5976
3136
530
2306
12160
9838
49646
5294
2086
3752
4102
544
2720
1006
5194
7004
556
3182
6770
2976
6104
2852
4768
5852
5748
5212
650206
63260
11242
3594
81230
5472
3524
3152
5618
3426
228
514
368
3626
7768
2578
2760
3556
374
3098
658
1358
3236
2586
1012
3820
508
4194
1570
34514
716
854
960
4998
652
1132
2052
654
2204
272
4810
516
2614
870
584
4956
2818
1710
1268
3720
2504
1142
4988
192022
3150
380
718
1390
3132
1892
2190
162398
1382
500
320
3064
4164
7670
5082
618
6638
714
526
2390
376
5792
4796
3990
423468
1606
4186
3566
3812
1900
7048
3710
3272
2962
2062
2808
2808
1160
4630
492
3560
7066
4136
3574
506
376
2274
786
3414
2922
4082
3836
2564
1406
2968
6572
208926
628
552
1426
6180
12588
4770
74160
4296
4756
1128
3796
1776
2720
8572
6578
2558
3770
8352
5150
2454
400372
4566
1960
3212
1670
4134
843006
2230
2814
2514
4416
1340
1944
7978
258
6872
426
788
1624
5096
1640
910
5720
1154
3290
5202
1698
964
3322
1112
3140
2538
223624
656
2058
9434
286
5574
3508
2454
716
3746
1674
650
292
5114
3926
1554
3482
39966
1906
5828
5602
5574
377700
2654
7256
5584
2440
1024514
5712
254
2992
9088
1266
4062
774
4688
199058
5364
4282
9052
7990
4328
6520
20486
5376
4214
6000
2500
1774
5048
2946
4646
1862
4018
7866
2534
1173044
2796
6084
7270
13982
3982
4246
8664
1802
3530
3942
2776
2722
6530
1446
5908
4740
4352
3880
3592
213806
830
1010
2550
1684
6204
2930
4334
5586
145568
3856
5554
3056
47976
2154
10502
2870
4930
307518
2580
368
2292
275020
2820
7568
3858
3912
533298
4566
3716
3028
5164
4784
2264
2506
424
2822
61248
11050
3346
2196
378
6616
3930
268164
3782
1790
249370
4308
484
380
1972
6266
610
3860
2114
1158
490
473276
20192
509878
6780
10980
6470
2792
50776
720
5420
375706
381954
18228
2282
1962
5056
6558
6768
4922
2600
1824
1012
846
175682
926
774
1284
5768
317506
414874
9146
152534
3756
2362
2898
4988
621284
1184
634
3146
824
3462
9534
5110
197618
3466
2814
734
9538
4528
722
4802
5180
11556
3728
528
5578
244
908990
2030
1301666
2528
5132
2770
6262
2836
2488
369432
2878
2762
1610
6598
4244
354
59180
2028
1366
4892
3838
1834
3306
5048
1190
3240
6156
5752
385846
964
1322
7674
10590
5840
6412
2452
2208144
5122
876
2664
17044
4208
1836
10178
5484
6108
2808
8002
7706
5402
6680
3132
3700
1974
766
250
3274
6706
2304
2632
159470
2082
1036912
3244
207226
644
5524
1340
230
4626
5308
2932
458
4422
6650
1320
2886
730
4968
5194
1764
1446
4488
3674
4042
2968
403654
1532096
3840
1202
1130
2498
14014
7706
244
2010
514
1720
2920
3960
5798
336
6418
3766
1140
2812
2070
3682
4568
2758
3578
1132
303614
1174
8168
5576
3812
3550
858
1808
3456
3706
4204
5812
5528
1326
157104
738
2720
272
3324
3142
1378
2882
794816
630
1760
10638
2452
508
2594
282100
4278
2704
372
2084
4004
2422
2682
1121514
549352
3420
270062
8230
709962
2058
4234
4800
6372
548
2882
5668
4448
3082
5768
7446
107520
4092
5130
2132
11262
3510
3426
3444
3086
5838
1338
5864
6094
4644
5144
10462
2836
2542
6698
1792
5252
7434
2314
5338
1314
2526
2752
1942
2522
233426
5318
2344
606
178474
7036
384
372162
2142
2870
7818
3176
1266
5084
464
716312
2986
4554
1062
7126
4080
1336
1266
4992
1752
494
868
5208
790
7820
1150
180716
2992
193836
2454
898
4646
9588
628
4048
10462
3446
3446
5186
3766
3348
3814
3140
170144
472
1438
262
1390
5588
3798
3096
5442
4620
1736
1936
4250
2402
3044
1724
2142
607944
10628
2916
4948
8232
3872
1390
1608
673938
236
7082
4612
6626
9962
1984
5482
16568
123282
554
1868
203518
328
3876
6174
6492
327802
4008
6084
3652
4088
1032
3896
3664
3266
648
4226
7764
1310
6522
458
5666
57506
4764
4082
5800
9720
2252
3524
236
11394
5398
5196
7016
379692
96804
4506
5496
2746
1934
5904
5178
8098
344
4938
3950
4804
278
862
2704
912
5366
2852
3340
5712
1168
5004
498
648
5750
1984
3728
6160
5812
1258
3624
1088
1668
6262
3218
751840
784
620
5670
84470
394
3844
3898
8712
7836
2892
5502
814
1568
3840
1026
4202
1786
1628
2996
3728
467206
5996
7006
6150
3960
870
2952
1602
6552
2466
646
1510
4866
366
6544
4024
2132
4004
3728
644
548
219522
2178
5794
502
344
4528
2930
614
630
3296
2854
5828
1642
2654
740
2562
4542
3558
1112
2874
4258
358
2872
2132
4412
4320
4978
1218
2950
2774
1142
634
4918
2230
1090
2036
3280
2104
3784
4876
4394
544
7120
280
3474
866326
2956
2480
153232
2068
7050
4238
257574
2890
5970
3264
5888
1098
658202
260
7064
9602
358
127376
840
2490
2926
5670
512
626
5972
3600
3836
4418
4612
226536
482
2762
3718
354
2522
406826
2266
216588
1168
6242
2562
3994
6386
3526
132300
5250
4068
3832
108652
119928
202024
4608
8152
1368
4006
844
501986
260
720
626
5788
1644
4534
5692
237728
5806
632
561116
3888
30336
4392
876
266
5708
6300
3594
2482
1770
3376
3702
2606
4594
3646
99014
4842
358
4052
7194
6768
3158
418874
2538
4182
3010
3060
5286
2322
10606
6134
610
3464
5714
2574
3066
9930
372
1982
592
1872
2342
353624
3754
4938
3628
3192
3374
6168
2250
4284
304868
7750
9036
3752
2118
115172
3508
7020
3288
111836
620
738
1358
4698
844
640
4926
6112
5988
1816
4302
5566
1014
362
3886
5446
6948
2856
2380
174352
15476
215946
3192
4312
5572
4596
5148
4142
359758
3578
3678
2172
2418
2326
5590
1864
5210
2344
1438
4978
4780
2542
2490
9168
6312
4642
5264
2980
5812
610
1886
250
354
964
460
596082
748
3830
1060
4670
14160
702462
7378
1574
7656
6866
3546
3784
2476
3424
5632
4092
1058
10004
2582
1646
430
1256
6604
3738
1053548
2442
2436
3626
2558
576
732
3070
2436
265276
1166
878
4240
411978
7654
1994
12902
2100
4742
1640
4666
3652
1536
256
3194
280
7234
4716
3082
1256
3126
5974
5850
3000
896
3688
3066
1834
4216
6836
892
1372
4308
11510
4380
10010
3686
4254
424
3326
7796
234
2568
2460
4448
2546
5282
5032
2632
3516
1690
274
1194
4644
2194
4796
3754
8420
3164
3522
1864
778
2712
4490
8180
8638
4146
576
2644
966578
500
11242
45052
1102
2008
3720
6936
3838
818
2814
3564
8636
5250
2374
4738
684
2200
2770
3116
6820
4728
6940
4370
172408
1324
7246
4646
8226
2264
2894
7718
6454
722
4132
3928
2364
7012
2484
504
648116
1500
7602
3446
468
4952
734
3458
920
2378
3458
4242
3026
6636
57214
160696
5596
4066
372816
4940
6320
2176
5314
1560
3934
270
4254
2778
1912
5038
2612
3300
1914
2790
3240
2982
6042
1826
455094
3338
2660
162310
7624
1690
5312
340
3484
214
546382
3514
5646
3324
5468
7632
3398
2978
26838
2724
64944
3994
212
2782
2670
1864
3808
670
4322
1550
3880
2866
4682
960
1002
3898
2028
5176
3700
3250
2652
3242
3582
2780
3436
674
819896
5560
5756
3490
728
7654
2640
1600
4058
880
2328
238
938
4604
2362
3098
270
2418
3754
354
1898
4392
3016
3700
573458
4692
1276
4658
2290
6004
240
516304
10098
4008
1768
5116
4160
520
3074
2506
11492
4716
6676
366
6720
3070
3504
906
486
3098
7612
6006
5666
8398
1500
504
3018
2642
5660
4532
6034
362
4372
5254
3884
1524
2276
4640
236042
272
4482
4638
5340
34962
3800
3778
1290
3300
6010
1748
4476
80456
4664
2316
3400
1640
4656
2366
3354
1530
2232
1470
2442
2352
1752
3062
9078
3058
4978
1894
752
8052
16990
4112
10990
159072
626
410954
2642
4608
3176
2728
246
6118
4046
7080
5536
962
3460
776
7098
43604
3336
1378
8342
1114
5454
7458
306488
500
7786
2112
395646
228
864
454516
358348
5998
4006
5274
2584
236210
3996
1840
406
4848
208738
1058
4552
3182
2640
3298
2964
2296
239072
5280
268
506
6128
3990
3994
3778
1308
964
1492
3608
1454
4504
564966
4240
3564
4386
6750
5958
4430
3046
831716
2156
422
1010
3144
2848
4432
1380
2168
4100
4248
1010
548
2584
3810
248
4192
4174
5070
36960
6688
2180
379880
9222
2268
5176
6202
2624
676
5444
488
4856
1966
1476
258
970
2500
376054
6810
2354
3660
2958
3534
9330
1340
1370
2740
1679626
1060
10968
1858
3814
2326
28192
2872
4540
2164
4202
32128
1814
296
3276
2452
5186
1994
380
322
1308
226
1038
4122
6600
13574
2332
6410
3124
7290
4452
738
2426
5846
883688
1788
4980
3840
1392
589714
3092
770
360
1369048
198378
2204
3396
5570
4296
5238
1529032
3514
4608
644
380
5858
2976
4474
1482
4808
1150
4060
4636
2762
1050
233774
660
5162
1602
1342
1432
78340
2748
5454
3332
1342
3148
1916
4654
2320
5912
187808
288004
956
2602
1852
2508
720
770
4026
10546
10140
4246
6172
321962
1376
2040
3486
1924
4530
3700
948
2524
4994
5494
2394
2552
2324
4142
602
622
3404
3816
7810
4602
5396
5166
474
2022
6308
2334
3054
550
1980
1096
2586
5236
2166
670
10794
266
1066
6554
80122
4888
4306
1952
3612
5252
243140
3910
7552
7852
2438
1316
1920
3134
1040
1236
2520
2132
1786
1730
3088
5076
4180
2300
74576
542
2560
4792
2842
1202
273036
2988
2964
2788
2078
3418
6556
11766
9310
4490
368
6438
5410
4860
1338
3462
1240
2044
5072
2910
5792
7244
83606
5808
854
504
480
3682
4350
4020
6152
514
3326
910
4730
246444
6534
367398
11018
1834
8216
3632
8624
424
4574
264
504
10670
724
476
6740
598
6648
252
297006
238
7668
284
160952
2482
2128
3202
7870
322
9988
3680
3574
2842
3962
1602
1988
4524
2564
614
5462
1038
2594
452
2904
3162
8676
2898
518
1644090
1100
2052
4016
8732
2614
5110
2646
516
3042
836
2692
7544
1350
2132
2458
2102
3292
6322
263932
5408
1150
1240524
1764
368
1714
625324
4606
750
774
2970
2780
3980
4198
109040
5898
3264
298
201498
4438
1748
297564
1668
278
3482
2058
4222
786
703208
280
950
2564
4474
948
8268
2894
8026
8642
311700
424
5104
4224
7862
598
3180
2954
191354
4202
2176
6160
1144
2814
758
3082
452798
5526
3966
4556
1640
4328
2250
2706
112210
6708
2816
3216
350
856
7182
1640
1986
535260
2342
4612
1536
131666
2306
384
2416
2148
1546
1230
9400
2680
5854
4394
3574
4308
1400
5596
7484
5564
4828
4838
2902
4026
7030
508
3070
1092
424
2122
2566
380
5336
868
2914
1970
584
4774
4572
496
7872
784
147854
6828
2370
182524
1210
5310
646
2604
718
2152
3240
232196
878
1348
3154
771086
10044
6094
1444
5542
1858
3044
11252
5870
1506
1970
1792
2174
5704
492
2148
250
2282
936
6120
2828
886
1420
2468
3834
8440
2670
5002
2920
1894
594186
3630
492
748
500
8254
3846
632
1206
375464
3164
4500
496
1508
926
3528
1678
1640
5530
1134
1094
495710
2492
3588
240
7780
1806
20392
1328
2298
4344
12534
3860
502
5430
708294
2458
766
1684
244
380
1008
2846
5266
15032
762
3146
764
4774
5988
944
1028
6504
1088
3050
3610
3326
512
2332
416
636
5450
4086
283674
5848
9374
5342
1328
3262
4320
5158
66144
2550
2784
3890
2352
4068
5130
2150
3114
1478
4846
3754
670
4360
3696
205072
1304
608
4562
2450
1082
2700
3840
516
430
2996
966
3434
5486
9654
10328
4258
2506
1914
4934
5222
7038
2818
4824
1111496
9294
614
23684
1366
5068
5518
4540
3794
4182
354976
5474
441476
2356
4168
8776
3300
7392
1554
1014
504
1594
438382
1182
1002
10624
2262
1796
3704
2532
242
8142
7512
3148
6070
2794
3818
2516
1672
3034
514
1974
3420
492
2584
1306
550
3446
3188
552
1734
898
470
4796
12368
3522
3092
559760
2668
3160
26522
3534
7116
2134
516
3146
381036
287612
242
3754
1870
463376
44442
298
158176
5304
884
2656
7774
6212
556
3562
5486
506
368
1256
3460
2722
3208
4566
3952
384
3726
7516
1526
650
1749352
3874
1808
4126
6252
1812
1666
966158
2658
1366
3562
380
1836
1216
3864
2816
6000
7464
134298
5164
7178
3212
4406
5932
792
474
7834
7468
3666
3542
1600
530
2698
1132
151378
252
854
2716
2510
3904
6506
1128
1364
3732
870
930
3952
5762
2982
6402
3714
925982
3512
1488
7756
1923320
552
1862
5576
389350
3032
6118
35754
1919100
3376
5184
3044
1904
2336
112364
4832
3672
82446
2906
5774
3142
5896
117406
3486
2532
3816
3044
4992
3364
2106
1591570
4992
1064
3642
181112
2670
3166
2504
2968
2726
3438
272
4112
1874
4680
6124
124938
1108
4302
100268
6250
5034
896
1114
518274
7280
2824
472
1202
2638
592496
3102
2874
2986
528
1372
3070
4422
4616
230
104706
7132
4552
1572
5072
1100840
3506
895990
384
3404
4494
124048
2086
2710
4076
742
2874
150646
5562
2036
3898
1818
7844
169248
752
836
1448
3402
716
2200
2990
1856
3070
3962
3492
1434
40820
3760
3732
3406
538
898
1652
1734
726
2398
3098
868
2544
851838
1342
5202
2902
3758
1534
5170
1812
3844
5116
4948
546
4786
5762
276
770130
4594
2744
2336
4306
4094
1276
4064
4306
5378
5964
3082
2126
3648
1140
2764
3642
5076
2696
3236
4324
272
6158
1817672
642
2178
3544
2734
879622
2762
135952
4594
4586
3194
5436
4860
1222768
4712
5300
2990
6258
1638
2144
292574
384
5198
1400
674
3968
2566
5158
5750
192742
1400
5116
3788
5058
289610
5350
414
1718
6422
6066
4590
1998
252
5644
755998
2238
4290
5020
1738
7014
7776
6626
3276
598
2900
298
3856
4418
1956
3030
1758
2194
4528
422
1178162
386264
6270
2102
397478
2284
3526
336910
1922
782
3304
1968
354654
3520
2876
2224
4430
8092
2306
1562
1702
1116
8820
6196
3994
3770
3158
248052
240498
2346
638
1506
3000
2848
2970
7094
2026
1063110
2652
3824
2538
8968
5020
6036
91370
4196
504846
1710
5084
9980
829696
2698
7498
1240
506
2112
3668
3496
8026
2390
510164
2072
3990
2716
3974
1636
854
4968
538
1630
5184
6046
86442
3420
3506
1998
4588
2198
6252
546
3026
4058
7784
3406
1268
7442
882
5672
179574
1798
58128
256
4244
5204
3786
4508
3512
1388
351732
4144
1760
9632
566
2998
2826
8128
1054
2852
2946
3010
2614
428
5052
7840
1928
2154
896
3754
5194
4088
6948
160034
5638
4842
259744
651070
3756
3274
1196
3362
331918
1620
11424
4116
1126498
618
6656
390
5412
3618
310128
1738
240
4628
8242
3424
1504
3858
8876
3642
1332
7400
4270
998
5050
3774
106102
4686
3832
1664
158434
2198
960
3856
7638
2368
1460
8442
4312
504
6594
3660
2732
2922
98538
413692
564084
2940
552
3534
2342
1014
1966
1780
195434
4132
3136
3130
7264
600
2206
3864
13894
5320
2106
1076
2706
681266
3210
5962
4886
6256
188806
342
3408
48070
3130
67706
2894
2944
2940
5886
633532
1960
2414
4754
5712
2912
1674
610
4288
5302
2118
2008
40376
1644
1784
2620
2290
3898
2708
5926
478
1334
742
1630
674
2630
8170
69992
358
214772
4574
1408
5196
2294
238
2388
5000
3468
644
3550
1634
2476
244
559528
3112
8018
3358
66544
872
3272
2448
5564
3836
2314
4930
7382
410700
1570
9940
1846
8434
488
286160
272
240
7814
494
286
519040
480
5212
6406
638
3516
2494
1962
397194
4990
4890
23408
2812
3522
728
4610
3256
1326
658
728216
2116
7028
5250
820
3834
2228
129362
5078
3472
2920
2886
3704
7666
356
4258
222
2454
334180
5988
3092
280
370
1598
2386
232
3866
2912
4618
4708
10930
163682
3680
5702
1418
284
1352
2238
4304
4006
3148
2370
11670
3354
6632
874
2216
9822
1714
542
828
480
3304
1508
2772
2254
134784
5806
4948
415484
1084
118742
5294
5906
5406
1030
3704
872
3792
890
456
4638
3404
1260
326766
158782
3034
2816
8720
164300
5468
1522
2338
246
2970
4504
800
1836
5684
356254
5038
6454
2336
15694
6336
3996
4494
1128
6206
238
4648
1872404
888
3776
5392
3178
3172
2980
5596
7364
5596
530
237072
61850
1504
274
428
316
486
4798
8254
7546
4928
1035268
209724
426
8768
5388
534
3902
2436
3264
4690
804570
29358
2646
612
5702
4392
1846
3556
3382
858
422
2044
1136
754
1060
2276
7822
7214
1130
5954
6738
456
2742
4382
748
1556
622
950
4582
276
1714
3734
2908
3958
1604
1062
1776
680
191896
4280
1196
3170
5274
8724
252
6560
2996
135106
6700
2302
4362
1744
2570
944
234
5012
482
2802
264
145628
256
1268
3000
362
1826
5060
3014
3408
1498
6084
246
4142
1956
2822
3412
1806
2266
6238
842
3276
4290
2424
10962
4148
428
2620
138578
1240
485432
8306
2416
6234
3882
2012
4970
43330
250
2520
4770
198538
3088
3820
250
2708
3886
37266
3890
4504
3106
3392
2902
20294
3174
80380
1926
2376
3096
1170
4510
3180
1015008
2378
976
42032
4126
1006
5822
3898
49792
4010
3048
5996
13086
339288
6284
8300
5506
5304
480
432
6886
2938
1238
40546
739854
3464
9380
6502
484012
5214
1018
2874
1578
2684
4390
1099148
3816
5564
95238
56266
6420
3496
8124
1962
3976
3416
6352
2494
8372
2118
956
466
5304
1194
1892
3578
1652
4762
1758
370
2938
3892
5998
5334
1064
2168
642164
1030
360450
5242
2316
84626
566460
7800
3226
1598
2526
2944
9496
2364
602
1830
5468
4696
6810
2132
1946
213612
4990
188068
313606
4482
2414
3294
2732
1270
11586
2998
5114
3252
3244
349264
3486
3482
69952
248
7102
1458
3234
7600
1896
4512
1010
5958
3740
6064
2574
2384
2090
3996
4390
3530
2076
6390
5282
3556
3076
924
7866
1628
5592
4934
6702
3972
8730
1080
4562
76200
4266
1287082
1764
2706
1118
1326
382
4318
6220
4228
441204
270
3484
796874
2668
1358
2324
3228
6462
5100
648
1408
6004
9426
5016
2988
6168
4308
1162
3548
736
4242
1794
5000
2482
3474
926
898
2398
5254
1254
5382
3604
1202
388
2756
9376
830134
3510
3524
618
3440
4942
2498
12160
1484
309930
366
2374
2884
4212
5640
3252
736
4552
380
11576
3670
8772
868
4508
2306
722
364
2570
8790
1840
1542
4466
468
3202
2438
584
780
8886
3480
1566
1158
229838
4302
330876
2330
7566
5802
242
300008
3378
8352
1638
1538
4228
1752
105862
3546
6600
14124
8418
4164
2570
5110
4206
6622
253962
152538
4928
969484
3518
2584
2836
1536
2936
4936
2636
1714
3540
4356
9650
2384
9082
368
4386
534
580680
1646834
4172
734
3010
4674
4444
455966
1158
1452
522
6662
399360
382
766
626
1244
846
6236
1590996
2582
2102
168386
2576
118416
782
218
4908
5166
2412
739902
4108
6436
5216
1560
6050
2292
6536
4120
32288
422
3892
3592
3606
6074
1014
4096
1582
512
740708
252
2756
2854
4942
8370
4530
3764
788550
2136
776
2770
2560
3324
8706
856084
234
1452
1708
1464
2690
5598
4338
6280
11746
2678
4416
2284
5826
4528
4530
113888
3470
471014
1880
4096
68998
3720
2582
1270
6632
3514
858
640
2470
4296
246818
257096
3066
190604
362988
187030
4056
238
6940
2544
1246
4488
1944
2564
1312
362
3352
3374
2752
4066
3300
3720
104712
4224
6688
4158
477292
12340
1662
2374
3600
4110
1516
4862
4308
2872
1608
7548
6116
3486
723916
3480
704
274
862926
2028
4280
5496
2912
2596
226370
240
4488
2454
882366
8372
3320
4302
8116
130530
1204
4886
630234
4330
392668
1988
419370
2086
75448
3392
346306
1188164
6502
3158
3116
7700
3580
3872
9156
4836
1580
2624
3392
3536
195532
2560
232
3844
6690
1016
6986
3426
3424
5496
1722
556968
537890
3598
6502
5286
5568
8496
4334
2336
3066
128130
434
660
2548
4282
916
4296
6076
3504
4414
594
1966
79942
6480
426
2500
295772
1832
1654
2184
550144
6804
362
354
3192
520
3832
2584
598
4412
2722
9328
9066
2946
8936
326
2692
1424
1608
7472
8372
6812
8032
4036
780
3146
2686
7800
737418
5154
672
1210
6748
1192
1164
5616
9906
744
7048
4938
678
1788
354
277710
3884
6036
4922
7156
328
224
6192
252
1098
10742
2146
2850
516
1378
446
8178
2660
4610
1092
9170
1198
4490
502
3022
2970
2594
246784
3812
3330
5752
6808
2500
4318
2092
4390
1722
730
7430
922
157128
3812
3192
4092
5032
6322
3296
3478
3950
3780
5914
870
888
2002
2412
2158
10642
638
4564
3778
2358
770
818
4364
2342
2154
930
4292
3150
5726
9508
6312
6642
196412
9678
298
3416
3206
2256
3888
3708
272884
662
2704
3474
2842
716142
3176
10464
9884
1608
3108
369858
818
4066
927434
718
2844
254
4934
7842
1894
5808
5574
2332
1372
6244
904
5888
25322
2888
3164
5840
636
3808
3942
3782
7912
4630
1704
3168
3968
742
3396
13566
5426
600
508
952
152812
4886
3366
522
1176
12112
94790
1171376
2624
1456
642
2228
672
6152
165376
3228
6664
2620
3348
376
3344
6866
4894
2240
1902
4652
2900
3038
2946
3048
1536
8082
5832
4516
1796
10514
1232
2348
382
9116
5062
3636
6570
1676
3764
4996
380
5606
1036
656
600
5196
4108
4082
1272
9952
2058
1646
4156
1952
274
2352
2940
4076
380
1910
3992
2574
4614
5310
4254
3472
4158
3534
426
7060
8404
2554
4564
2912
1508
5400
333558
2210
3284
424
716
4100
7860
17654
6566
1276
1562
1126
6368
4106
5874
1360
3610
3186
5322
197138
544
356
304
5726
2838
4932
564
437104
5050
9148
600
5386
3766
57410
2782
957564
3196
3622
539060
1304
11092
498
1726
246
6734
250980
2912
7266
222266
145752
5494
724
5770
716
4200
1138
4900
484
4800
3628
784
2946
424
2506
402240
6614
3698
2864
520
1098
3968
3150
856
6580
1234
1632
2424
3068
596
1234
4306
2158
6788
5172
220312
340166
6800
330826
1254
946
14728
179016
1100
7722
2644
4320
6172
7862
9208
4306
1746
2242
4346
3168
2534
7926
950
13410
7560
1062
3694
4392
4372
6140
2850
6478
3114
634
3530
354
5098
4940
1148
5068
3764
6100
2208
7166
238
5400
5490
9440
4210
64848
2562
5650
5616
8050
1606
1490
3986
8110
7228
1034
1126
3728
2856
3246
18010
2580
8438
3104
6864
6588
5524
4292
3706
3186
3200
3898
4958
3906
131410
512
432
348
6070
2368
3226
532
7998
2310
444
9020
2174
4066
6624
2924
4642
4964
71036
2324
1526
7638
6588
5230
6988
3546
684
4098
1320
9162
488
7270
2086
5336
1112
4790
4644
1988
3224
4822
2502
268
105338
6862
1550
4310
5638
2432
1390
1212
3358
5396
6046
12088
758
4016
6430
2690
384
1570
2880
2392
619254
1730
8090
2896
5390
5854
5290
6836
527330
3370
3550
916
3070
1956
1502
2992
6210
1668
2392
331216
3862
2586
3646
6600
2104
217236
6730
1730
2798
1342
516
1640
4184
3946
5378
4130
732
3010
646536
3508
7538
4082
2356
1586
4256
3962
2182
9612
4466
1238
2496
1724
6288
4320
3526
4332
2250
622
185342
2722
6166
4856
426
2080
2310
6858
1540
534
6134
6396
6384
3434
6738
5362
125304
3946
4576
2866
280
170828
464
6072
1698
1646
2520
3064
3592
3658
6424
54778
388
1862
2692
7620
4672
6120
4022
1070
5624
1426
1428
3994
1002150
732
270
3352
3556
2374
4344
726418
1318
292
6022
3114
4890
1078
1766
5036
2652
634
2174
2480
7588
4572
578
8334
2570
3350
4904
4950
3652
4382
1264
3066
6262
7786
748
604
1842
49764
2932
5942
2312
3572
4654
2866
1772
1694
976
4710
1010
1220
11742
5530
2044
6332
488
6100
3268
3504
3356
2778
7418
5440
3018
258
1102
3024
4498
734
724
634318
4208
426
3408
1631434
4676
5136
534
928
6726
6742
4496
3020
1238
514
11526
5800
11898
766
701818
13122
654
266
3340
2012
1730
3534
3476
7314
3068
3868
3382
6792
2722
7016
534
8450
1556
12812
4390
1940
3560
4732
4930
5834
1680
1446
2606
3494
634
6660
5242
746
1052
2236
4788
4820
6354
384
7770
2334
442
2622
1524
3656
2834
4448
5224
7420
1562
3514
12236
6366
580
632
9766
2574
2506
380
660
4672
2738
1056
9260
290
3498
6006
560
594
3014
72082
580342
676
3212
2006
7514
6130
284
2998
3664
1640
2750
4240
7708
2918
5092
4046
762
382
4580
9550
4676
9486
6358
620
3538
5860
5092
432388
540
3190
6756
278
7168
634
376
554
2918
1232
790412
2864
2784
880
2980
352156
2798
5860
94598
2066
2910
1768
842
7236
7210
494
802536
3006
290
101462
2162
382
3968
3516
5820
30950
2846
5288
64736
4270
2800
1692
2120
5282
5238
4176
653880
3230
4302
206508
7340
6260
2250
4748
1352
2162
386
784
10148
514
2544
3938
8508
1032310
3554
280
6856
3460
648
278
380
732
5144
4912
4024
117514
10180
150878
358
6034
5864
403312
5048
43460
384
3364
5000
4142
9280
4400
3298
7072
2918
2956
175226
3744
790
3226
1422
1412
3620
1180
5432
3592
5226
12548
2878
7358
3004
1175580
5192
614
1764
5530
1634
7854
280320
5630
5072
3510
1776
3632
4674
6844
8808
496
5796
2422
2154
3834
2960
1488
1706
4762
463342
3350
1170
16350
2160
255526
3342
9074
4628
202170
3440
1976
2080
7356
1762
1638
4096
3696
1240
4840
2420
229602
6630
4976
6250
1688
4130
1776
1330
2512
1102
5094
2142
3308
2680
2434
1320
262
3258
1264
82362
1682
6538
3778
5356
6890
458
372
5186
4702
510
603176
5552
3728
3730
5472
4378
620
272
814
3332
2220
8114
3248
4250
2278
2704
6080
2832
88662
6848
4874
6736
2434
5242
3860
5124
528
9896
1486
4342
268
3462
644
1384804
2300
5284
6488
3102
185102
8094
9016
3998
5710
850
4126
5264
5442
2876
1836
88878
2742
4824
1010
3376
292
796
346896
3326
610
5728
624
3414
6090
391566
3250
276188
2668
3650
7744
372832
585954
2912
4844
4980
3742
11140
1202
2196
3196
2194
6136
4568
4324
4344
7092
2714
254
3152
54520
9226
2618
1516
2300
2316
4078
144798
9292
578
4644
1152
4032
1648
4386
953684
2306
5026
4294
7710
10766
2908
1620
1630
424
2736
2194
2278
7000
9692
7184
378
2784
7220
10432
4330
648
3192
6248
1200
8630
5510
14568
7114
130378
3180
9664
5356
6546
2832
268
1850
5054
451484
5718
5326
2156
680
3228
10562
6492
1166
1356
7830
5216
6836
248
2194
4274
3846
619018
3464
224
3534
4402
292
4422
2844
178974
1434
4262
504
5082
6986
15794
518
5550
7314
3022
2816
1782
3822
474142
6734
110540
7380
320
5684
3560
866
6356
69744
3444
422262
252
3264
10204
3686
4642
130656
2992
2758
2932
3508
1762
2334
3392
3760
2232
4084
7966
3764
8914
11696
4752
320
4054
1936
4054
6104
5118
4018
4752
496
2140
5040
31170
9208
4860
2978
3278
3582
3438
4650
4636
7730
4204
4284
773780
2758
2398
2538
582
3040
4494
5280
356
358
4040
2832
4576
1420
2828
6010
332
1696
5352
3830
2814
756
2716
2282
5534
2152
7600
3996
3016
3476
5148
5056
1848
292
3658
244
752
2158
438
2470
615592
4988
2920
352
2376
1690
3608
2480
5552
2116
658422
1480
5380
3412
458
4280
5756
564778
5142
3082
3766
4116
2186
3124
298752
2372
5046
5426
213090
3310
4840
341072
1020
5232
1722
309966
1630
4568
7134
4020
524616
5278
4016
4526
1010
3656
5312
816
2878
4350
8396
6942
1522
5088
638
290556
2438
97580
4292
5524
2444
5042
870
4188
1052
3850
1008
292
4746
6696
353432
22204
5578
636
3634
8000
11538
2190
3042
4302
598
289518
70766
5260
1764
2424
7636
6172
10586
7448
4476
4332
2254
7862
3780
192780
822
2686
13966
1384
6250
3444
3416
382
7316
288
1902
3212
4102
642
2740
4008
3708
2532
2232
4020
494
384934
4364
6546
4276
3618
1018
2746
3076
4726
4182
3178
12024
4816
6660
3848
2354
6574
7924
7092
4786
3200
6428
348
6856
486
4308
376620
3370
1836
1132
4040
2794
2262
650
3024
6224
1852
3460
3094
5076
728
482
3072
5910
774
419420
5682
462
5244
2872
476
248
780
4508
762
254
2124
3814
5112
3336
5658
6760
516
3554
1990
2550
5488
3564
1656
3450
1828
2686
5992
956
2978
924288
2482
2594
3660
3468
2982
3774
7996
1708
4136
1306
584174
1210
2992
3986
1460
4432
17836
1010
45228
3828
2334
3620
10214
7648
884
7044
924
5754
274
650
5106
4610
4974
3992
878
2420
3162
506
652
54892
7746
3466
8892
5214
3210
10904
3854
9810
6756
3258
482
4154
9336
266
1090
656
2706
836
226
3234
3512
217336
5134
7546
1372
8682
2344
2888
423620
6248
7416
1250
2356
297222
7592
5294
5168
2796
1516
1308
713258
3606
1428
8250
868
3680
7500
6062
3262
1638
81970
2514
5162
650136
6840
12364
1166
2084
2034
3720
5448
490014
6190
13118
9590
6892
3602
2718
5334
3854
3136
4312
724
2758
6630
590
3334
874
9686
1730
4432
7832
4266
3336
12846
35978
3482
3230
4330
2078
4054
548624
7144
1396
3108
504562
1650
3640
2324
3666
3830
3934
3296
626
3848
498
13942
264358
3282
5944
4222
3876
1882
98670
7164
7436
2998
1116654
5730
3286
2924
534
462
522
3296
652
14062
4504
1942
4256
4446
1152
1091982
3480
4180
506
3854
3306
598
3928
3502
2370
12236
3990
1784
660252
5720
7692
868
4996
1864
2580
542
4738
8274
652
4200
3894
2722
354856
4222
2378
1722
5302
5696
274
2234
212324
1750
608
140912
315976
2198
3736
4860
7026
11468
2026
1784
500
1712
4336
5396
254
3798
4222
1306
3746
6138
250602
2624
7492
5746
4456
5802
1182
5876
3050
2038
5054
722
8806
4264
5764
8844
2420
862
5996
6774
3736
2802
1720
3064
896
654
2758
684
7156
4860
3590
2078
484
1294
232012
5844
7310
1076
3834
8066
3704
238
1844
723350
604
1834
3966
3676
263954
236
8300
5000
5916
362
12778
3806
5938
9684
6484
11166
1052
2876
149884
86002
58100
4172
5878
388
3222
4920
2056
746
284
362600
1172
365206
3366
3710
6762
272
586
124698
4174
1886
1326
4198
2492
643342
2220
4982
3808
262374
56516
2936
3618
5408
632270
3012
3832
329258
4010
5542
2652
2984
5836
3708
6846
41686
4256
2126
3568
8406
2502
4498
361648
4324
6912
3048
1682
4130
5226
2280
4960
10476
424
4524
2274
524
3756
146742
1978
6542
3302
3850
2722
8306
4696
1754
1868
2932
96492
1636
336
2904
3960
369488
5042
3658
2722
4432
6234
6774
2812
3600
2358
2928
9102
2582
3540
3490
1104
4118
3342
1468
8264
4808
2804
2852
830
1748
11266
3990
8436
782
2900
7762
7148
4432
810408
4164
6180
2388
126166
7824
3532
2268
894
272
4784
3132
2968
9844
90062
326538
384
2154
1182444
9238
1075748
2442
3434
76746
3828
3298
450
3254
2352
1788
5536
4394
2920
5470
1344
4710
6134
4152
5316
5348
602
3800
1458
1084
2844
1678
307980
3750
994
2392
342206
1020
45730
1312
2912
2020
2068
6254
2808
1842
840
2450
1370
3634
1652
2530
5084
5644
3054
87598
3824
5736
1014
3484
4486
3954
2572
2250
3200
2162
1112
54842
4820
1018
5784
2830
4378
923508
2356
3550
860
1772
5888
3450
372
4386
4750
734
2798
960
4424
4176
2822
2382
4800
6964
7746
3586
4098
2000
2548
2674
2290
5614
2868
4162
4706
2796
4070
383342
164916
2330
3786
1160
748
972
488
420882
3508
504
3296
240
431872
3024
242668
13236
626
1012
5270
3004
4334
3590
3750
261318
788
2398
8932
556
1880
776
3578
3478
8394
502
5828
524
6336
4746
3028
1430
4802
3516
9164
5428
380
1658
470
1904
4104
2172
37128
3058
3432
3868
59786
4764
107826
514
6166
3620
5250
628
1514
304
1644
4684
6954
312
1008
3396
296
598
1140
2640
5850
2358
4394
4018
2320
6736
1850
2010
12192
4906
3040
4526
4572
3740
6928
2632
3210
3168
4794
2268
4102
6042
4692
3846
52284
2524
4168
2398
3084
336872
1348
530834
2918
2446
2308
362448
361486
19464
6664
742
2752
3924
4942
1856
4816
2040
318396
1678
2552
15330
5550
2098
4354
1014
524
4040
7022
1254
528
3426
3860
1928
2548
3366
1864
3330
2756
6258
6072
3752
2106
3222
463870
4194
4328
8316
3294
2940
383692
3794
1830
5644
5478
2826
7910
1478
4110
6084
3020
6722
1014
2556
267682
2602
5346
1774
4496
3876
7916
10232
4478
6342
2818
4108
4570
3408
2356
773498
107636
1542
644
3332
5266
5984
2212
1472
307018
2016
391098
8406
3056
6006
4654
1016
585208
1828
4648
2712
3448
3060
4608
3972
3982
20016
1756
4806
2374
3926
2274
639992
3918
4044
3490
1544
3788
216820
630
2776
4098
4278
1328
1792
5548
32632
3060
1346
4032
86562
1056
5836
1544
2408
2588
3024
3844
2424
155160
944
2560
5928
392
2294
3066
1192
1538
3714
2612
1784
2176
2790
6626
1550
1808
5252
4882
5312
4002
3356
3686
4796
1068922
2884
1098244
3252
4934
3342
1844
6620
4464
3054
3264
352
502
87762
1150
2484
4872
3174
7544
7626
2802
5048
7068
564604
112970
2712
3244
3222
8322
5068
3924
1560
3150
1924
4008
2332
102586
782
2364
1030
353736
3144
3884
3422
2788
3698
4906
4182
6262
1602
3740
428
422
2160
3432
4792
5052
2852
8672
7716
315684
1936
3630
3936
362
3856
4188
5676
2580
8520
3946
3646
83540
3638
10566
1082
2912
4094
3978
2688
5738
976
3812
1468
4782
6694
866
3646
5662
4178
2702
10098
2740
502
5146
244462
2876
634056
3402
3314
3674
2446
5298
4490
3860
4750
1540
3372
3394
4726
3186
6980
2652
13084
1678
3204
521870
3094
8352
2194
977684
2330
5350
426
7222
2248
1858
2000
315808
3210
428
3202
3396
3994
2128
4154
386
6366
4016
4962
4150
266078
2046
6092
7092
3386
6930
424
738
5544
1654
105948
3066
3872
3782
4980
2682
3706
3558
1384
3504
348778
7518
1958
921976
2368
2358
4640
2540
2778
1516
1266
672762
2942
2968
2918
7756
4672
198182
1314
638
8582
1838
610144
119928
484
1652
287376
4610
2218
3780
2744
4644
7490
5354
1398
3362
5562
7858
2314
1170
8010
5060
406
6596
4576
68712
3302
1306
1332964
9880
8932
2034
6774
1848
1750
510
1694
2716
748
2910
6454
3436
2866
7070
3768
52938
2670
1986
1608
4156
3474
6156
4610
4032
3832
1104
72972
4902
3324
5628
4686
4390
6888
5124
7948
6100
2384
1418
4294
2934
4612
640126
1118
4620
3624
910
3436
5210
6026
7892
2192
884
3698
86348
2932
456
5658
740042
3054
2818
4646
11352
2572
4854
8832
2854
532
4184
2448
2720
8506
7922
1022
3340
660
6998
4576
2342
3510
116460
5510
2834
5114
11662
1824
5912
5920
12710
1412556
3406
6212
3620
2908
4204
4630
7532
5762
252
81342
4688
3162
2590
3628
2880
4398
2596
4556
3204
4206
2204
3224
5002
2120
10596
2260
2720
4086
3852
2368
806
332080
5998
2712
1982
160322
4410
5816
5940
158428
4076
514
801186
3288
5218
4000
2120
3076
5592
4550
4810
966230
2866
1138
2270
3488
5860
1228
6608
1096
4722
1188
15002
2698
9312
866
8858
3554
2162
1050
2682
6488
372284
810232
5570
3120
3162
680
5274
4482
4758
2552
1212
664
1766
2948
1150
3170
2778
6592
3152
9424
4332
5714
7388
448448
5530
9590
3902
3796
1728
265900
3004
1824
331492
430
5246
4522
644262
1728
868
5678
4560
3630
938
2598
3320
8174
5074
6214
1992
255768
2412
2748
11094
8116
9100
3270
2640
5196
3320
2952
758
2454
6968
3066
50714
1046
9164
7544
5032
82446
4246
276856
2482
558
3856
1906
672
4384
3288
3034
389530
3654
2296
4686
3476
6274
3570
2876
3066
13684
362
77118
3368
1894
4620
1334
3922
1616
3930
3560
2246
3118
5192
246
2214
1936
2484
4762
1926
3366
3192
896
7456
1688
4396
4016
4956
5256
770
8904
4018
520
4870
4962
4564
11632
3376
4154
5628
5200
3110
560
246834
5580
5216
674
3258
1412
4874
5682
864
6424
563134
3368
4990
4912
7364
1322
7554
6522
4314
131870
3898
1052
3020
428
621510
10264
5380
2608
1368
50614
928
5704
7372
12358
325866
4124
1424
3254
2036
3830
1860
9604
5370
1012
1202
904
4618
322264
1938
311810
526
5096
8406
1538
4146
6554
268
2984
2452
3484
2216
5164
3672
4722
2700
2534
514
1930
3732
888
4908
4094
2076
4702
1048
10712
2786
728
3112
2880
3658
5576
5498
4828
722
2334
4734
6654
2888
2160
250
2576
2692
1266
4254
2556
2728
834
2896
5492
3286
9920
2836
9214
2470
6420
2340
1558
16990
4794
3638
593624
260
5720
3482
1828
5422
8950
89628
6222
3756
220450
10304
2986
4042
2604
2646
9502
424
300
4018
4144
6344
2362
642
4002
4626
2328
5516
343910
380
3150
866
10818
80348
61428
648
2166
4150
2526
1128
278262
2726
1774
3082
434478
4418
4292
644
300
4706
1274
1208
2668
1602
4744
2994
5424
5622
4276
430
3620
5332
798
2126
6594
4188
422
4952
598
5516
3228
632
2862
7756
1330
6124
10246
2734
1488
3314
522
4420
3176
2310
7174
6110
4138
4288
2344
3870
3126
2200
2962
5318
4510
664
11152
3046
8494
8040
614
6064
4418
2328
2308
2768
966
2866
7028
3026
5862
1062
7322
2884
3130
5224
242
2054
500
5334
2602
424
1088
3104
3290
4750
4290
3856
3590
38928
660
4160
2926
1620
418
4714
756
3448
174864
1020
4218
3342
1548
5770
4908
746
523972
5908
3896
1558
9550
1900
258
6870
4968
7772
8442
6388
5618
3870
4036
2374
2712
3698
1140
2234
4072
3438
2226
47264
624
4564
1844
676
5262
478
8694
2082
1232
4784
6096
2716
4868
6020
3704
2382
6550
5858
420
8136
2692
1858
2772
3506
5410
444094
1260
302
6594
4896
3248
4438
1694
586
920
3220
1876
9382
3700
3922
1924
3262
4704
578
1145326
514
7300
3964
2106
2316
235562
2764
2282
9382
2598
894
3832
601926
5900
934
2056
6954
3084
370
722
3700
3408
5360
859858
6470
4126
3502
6088
422
2428
1980
3478
3162
4272
466
3336
3472
4748
794
1956
7922
2184
1200
550
326
286
65182
2518
1894
3456
2260
1182
4472
11756
2986
8998
5244
738
420
11718
5622
2646
718
3140
520
521994
2764
560
5838
706658
326
8594
4954
2308
266698
2190
4948
157676
8074
1144
3172
606
6230
4006
902
5818
1240
6288
2402
564
7938
393926
107362
3434
6512
2076
4624
154804
1840
1018
1424
2534
7264
8346
10224
474
2382
662
2918
4074
3148
250
2380
493240
163206
11048
4258
3652
3542
274
4794
3532
5346
798
782
619684
4022
3642
6876
254
2882
5614
422
754
2510
306
5744
248
1778
3616
4876
844
4508
416
2454
6748
7836
1586
5338
248
9474
5996
3764
7642
140498
3352
1052
3970
47082
4910
5672
436
4408
5684
4560
102754
3570
4556
2368
1498
7362
1508
4278
3890
254
3188
3854
6942
7212
2534
6694
4882
1814
2114
1370
74598
3600
2850
6060
1546
388
1476
3418
9948
4834
6198
4642
2302
3502
2902
6160
2880
1100
1832
6506
4358
3592
1896
648
7576
7864
8892
3060
4914
6052
1554
3030
6508
8242
1948
1916
4690
957812
29338
4244
13768
2402
784
366
5236
6688
2228
374360
3594
4004
2440
1188
1030138
1208
670
5482
10148
103636
382
2918
1354
2354
4438
1824
848
1684
2894
8818
3234
6016
2238
1834
2792
1692
1336
6238
3174
30318
1786
318
21526
6274
310
2814
2518
3472
4822
2370
4462
1446
2824
3004
1018
3500
95408
2004
2924
6600
3602
522
3440
2742
5324
3584
1410
894
2716
264534
3568
4946
10188
6068
3012
2806
5520
546
283078
8168
5320
10276
4928
6006
2418
7046
254
1198
253958
3884
792
1646
2536
512
7968
3018
3790
3220
7576
772
72326
4082
1062
246
6768
2292
1654
626
2670
3714
2604
666
149324
8234
4930
3784
4692
3330
2148
3266
2478
4922
5686
1318
5012
6648
1416
664
3990
274
260
16322
3682
2388
798
5304
934
2152
2238
3652
5400
2888
6612
654
1752
1454
499412
632
886
2202
2518
22236
1140
3148
2440
5704
5656
9380
987910
4276
34290
6732
4556
5050
4944
252
624
2984
2890
3798
3072
206128
39894
248
2326
71344
6622
1894
4464
504
5262
4356
3342
1014
6086
6220
418
649998
4370
5910
1014
2210
424
2492
5910
2274
484
3056
6940
8834
766
420
2432
3882
1603640
1206
592
4912
2022
63542
1266
606
10906
3940
1044
84090
2106
1896
4822
388
5742
5268
5774
5682
2690
7648
2008
1956
10376
1456
5626
4904
1698
3376
760
2766
4944
1648
3448
3074
5402
890
5626
4358
3728
3736
201558
500
12372
5686
1890
3532
3548
3020
2882
2982
2424
2958
1870
3454
3576
2498
3044
2176
3590
3232
1118
5974
2452
2478
5148
3102
7834
4344
6082
47182
4998
9856
2460
388
4522
3088
7384
2688
1070
526
659966
15758
530
609820
4748
437216
8700
430
8268
3374
12292
892
3580
1544
3294
2780
4256
14550
5734
3456
890
197616
680
484
5290
714
502
3618
1982
9608
3010
4614
6582
8902
2474
1280
13152
1742
1862
1180
9080
677354
4384
4856
597070
4686
380
7622
4634
7304
248
2226
4422
1906
626
1728
648
2074
6160
814
3920
498
358
354
5792
3126
142488
2912
12076
2716
2800
4584
3150
2018
858
4616
646
778
3540
108558
744
3242
1286
1426
3414
5152
3790
3906
254
4150
1862
1458
1826
9930
7148
3826
3900
347614
4918
3650
244
377884
3182
1006
2352
2246
4226
312
2686
8274
5134
3520
3532
3384
3750
790
82644
5278
3670
5934
4500
1180
3616
5668
8254
164892
3452
668
370
248
2412
2780
6760
388
10324
3648
4610
3416
512
4920
1234
2236
1590
6098
463168
258
504
5738
9654
3148
4370
722
4512
4378
251368
3254
7186
6176
4880
4910
2920
870
2036
3178
1384
3780
3442
2600
6512
2582
4758
4206
6202
3474
280
3842
1014
3180
5014
3792
3610
1122
422
5364
2816
2448
83036
736
2456
8642
252
1592
1172
7384
3092
1866
1854
798
2974
5072
2500
5030
530
486
554
3524
258
6210
266
366770
1634
264
340632
826
9098
2616
5714
360
2586
2748
4860
5226
6324
4708
5992
246
3882
7632
3478
3532
1152
1924
360
1628
6198
5134
8120
4444
258
8914
7202
5004
8384
4122
1520
722
410
8150
1552
250
4026
3916
3554
5470
4180
1522
4020
5700
5798
2732
696790
282
4618
3548
1134
3798
6374
1680
7768
2546
2728
6730
5232
248
4640
1180
5226
148140
4534
4138
5802
3442
2870
1962
4478
520744
3716
856
4026
2912
8354
3518
1134
3998
2922
3356
4148
4212
11668
6028
416
3572
2600
5640
3058
5384
936
5974
1414
4576
5414
8502
3508
1084
1142
388
482
3122
518
3864
1234
2850
1468
3360
5364
2554
3364
6420
808
262
2208
538
5814
95548
3948
1048
3772
5340
4434
124358
6710
2600
5060
2134
1050
252
6912
3920
3994
2848
81088
2364
644
1510
6032
8136
6714
478
744
1532
3858
4626
91958
3126
5534
2134
6634
2112
4134
2816
4590
2776
11424
243380
3432
3854
2182
3614
2988
2300
6182
5544
5772
590
5160
914
8486
2642
3796
6132
2342
650
1414
9532
4098
4006
2990
638
4944
5554
3538
634
364
1170
4762
2758
1980
335374
5030
4300
5864
832
3674
1914
8108
5996
302
1542
4218
3504
4882
426
1412
2784
6594
320996
3014
4334
5888
3808
1012
6480
10822
3368
5788
1438
2854
7080
1440
1928
2166
5356
484
848
2334
974
556
2330
3034
1274
7620
8098
2372
6224
4882
8994
382
792
62464
2928
9986
2774
9624
252
4402
862
11072
5498
2786
640
2608
5022
6058
7132
1318
5890
25152
383772
13028
274
1364
4852
9596
367700
1318
4866
3220
932258
2370
5946
8996
266
1576776
6742
2346
2196
2168
3198
2700
7986
462
267608
7084
3832
970
770
4242
2844
3912
1271250
13220
554
272
600
946
4964
470
4486
752
90650
474
5842
5474
4098
4588
2296
6568
3798
2432
27202
2864
5048
7130
3348
6080
3822
5424
6452
2314
838
798
2242
2640
1558726
1914
9208
3572
5920
802
2642
2216
4392
2872
2680
3182
3412
5852
3444
1400
2974
350
1014
2844
2904
2654
1878
5184
894
6824
646
6574
2518
4362
3220
7996
3672
3570
2568
2818
2432
2712
248
2352
3400
8142
785624
1776
4016
3942
4020
3646
2492
1256
41168
3218
2876
5916
4060
122034
451030
4352
4928
375964
176990
4540
2132
5212
3348
144232
5552
4022
5634
2826
1369784
2150
2178
67402
3500
5806
7180
398372
1800
210124
3090
5624
3354
5206
2492
2150
2548
3292
7108
6004
2656
278
912
950
4042
2910
5412
3470
3070
104216
2096
2884
3466
4582
2552
4836
378
5862
1014
2108
1310
2464
3390
2918
2286
5460
2886
2886
3006
1902
2596
4680
520
4796
1069020
6332
3182
958
4942
4728
2348
3172
4694
250
2000
3846
3694
4766
2152
6362
672
250
1932
5728
498
730
9164
7066
4192
5120
4920
2854
378392
7020
3696
5578
7470
10534
8424
4856
3474
6554
532
2676
7724
5730
4924
3174
968
2668
370
2810
2662
306
3976
378
3478
1754
658
7070
8178
3716
4440
4026
604
488284
3058
4750
2422
3470
1184
4410
668270
950
496864
5950
348
1984
8722
1918
2928
632
349418
3316
1316572
9328
390192
7602
3866
4640
4032
530
2926
1606
7462
3276
399820
5692
4474
1624
12176
5112
1110
2030
3376
2942
3094
4102
622
550
630
857020
6946
1874
259868
4766
6206
2106
4408
3272
640
8728
1942
2748
1058
405524
2850
854
3428
5578
900
504
2768
647714
3322
3824
8442
6798
1148
6452
264
1674
4464
4504
8538
500
435120
1812
4350
4276
2846
171334
5626
4812
3886
4584
3858
3904
2158
720
209186
844
1214122
3676
3700
4804
4586
605308
4974
1784
3302
4620
768730
6120
3030
4000
9720
2798
4726
3434
380
3566
3834
1522
2744
3414
4926
3244
2142
2382
2724
3162
5632
590
5318
3594
1660
1270
904
2044
2272
5086
166050
4414
3786
13626
3338
3488
3196
4564
2062
7652
3402
4096
734
4074
2174
10854
454748
207966
1979072
5668
3144
3788
2356
1396
1638
2320
41834
1464
4942
4390
4498
4932
2946
5352
1442
5072
3794
2494
429232
4168
6896
780
11206
6128
92612
1007456
2232
6976
5492
2308
522
2562
272
7142
3962
9402
1742
2474
2612
4210
4788
3334
21538
4582
3428
5582
6808
3372
108040
5882
2308
2252
2566
165068
1724
448
2190
1308
5706
918
3328
4830
1666
5102
3036
1538
912
4772
4618
4594
4616
5372
4668
1272
5298
4100
460538
3250
3752
2508
345924
9006
554
7916
3590
4320
376
5222
4536
428
9322
2986
3464
365180
350284
5510
876
4848
2882
1894
6980
518
3722
4942
6704
7846
378
3974
1284
7506
2770
3270
1328
4324
7844
6624
64006
2048
2602
6300
2662
4358
434
642
7144
6616
490
2602
4396
1184
1272
3356
3842
626
9354
1458
6990
3044
7350
723630
2764
5236
2952
3704
688242
2636
1824
814
2778
3814
3972
4086
830600
500
3378
6946
5770
5890
2672
3260
4128
1354
1606
2694
1886
382204
622
3616
4030
4510
2958
988108
2362
435638
4172
2168
5252
3636
724
4530
5064
4782
14546
3160
2202
7142
1522
3950
6334
814
2406
790
1050406
9210
2430
18878
6302
2964
3438
4556
980
1852
8762
7184
5980
6086
614
5854
2752
6408
300
2908
4750
622
4828
11628
3628
3904
500
266
1200
492
8354
3008
4234
9780
864
3854
6872
716
2022
3534
137180
10810
727474
3756
8178
3190
5574
7858
2142
1400
2208
9016
4312
2398
5730
6334
240
3954
386
762
266
12458
6990
4090
1380
2792
2346
7094
8354
772
5344
6618
2000
2834
1998
278
702370
2840
1178
1650
3684
3856
2232
1844
1964
5438
7872
7862
4426
1452
2232
5578
248
4722
5698
4154
6536
2688
609634
158272
8042
1940
8362
3260
6082
276
1764
3924
806
67478
22886
1842
958
5294
6234
1910
5810
3932
5494
5282
236
736
4788
2128
57674
402184
623826
4266
12262
1183636
284
2448
5346
2594
2710
4836
4276
238
8124
3274
1936
3574
1250
783660
533482
7120
1860
1871460
6888
6234
5868
2618
1044
916964
7576
4730
2638
556
7270
4994
3152
418
500
2502
532
55606
6742
2992
384
6968
3996
8168
5392
6652
1938
1638
7380
2324
1556
2724
3886
246
3716
1608
4374
618
4116
4188
711940
2862
4326
80852
4564
7204
3216
2110
542
3952
3468
5706
264
668
3888
4914
3428
4530
6272
8548
6626
4272
2182
2708
40964
630
13676
3208
5570
6270
5042
3316
2798
6246
892
8130
1948
278
185996
4052
11268
3478
2230
5584
167394
2262
794
4542
6066
4224
750
1382
6266
4856
8810
4916
430440
512
2686
5170
4034
2530
288
6828
3302
6184
5214
6012
5438
6326
5274
1624
3426
628
2302
4048
6546
3888
4002
1014
2804
3274
4334
2088
4926
199962
11112
524
5760
476
1182
2796
2836
514
79196
2446
882
5416
1330
5630
3560
2108
376
5932
5058
2494
278
5296
6428
5842
3676
394730
4394
1260
1400
2878
6144
510
5718
842092
2042
4862
3182
5418
7516
4474
1860
8314
7260
5132
5672
2392
384
8330
5642
6674
226710
4730
8706
1648
4060
1126
3816
2810
5438
3086
6468
474
3296
2944
3434
44192
2038
4196
920
4342
514
377952
886
3266
856
2694
4102
4114
388
1014216
378
4118
498
3394
3390
944
2120
1934
1376
3816
2158
200690
6004
2410
4490
5174
5478
4438
20154
1942
5120
1692
4142
2840
4420
3656
4346
5906
3404
740
3886
1171576
3336
3088
656
5402
3768
10662
3098
5654
5446
1208
3372
2674
3548
646
2556
2104
1650
7444
1786
4140
5778
2372
4002
211602
9732
2852
2296
1394
2594
1746
5586
148822
5782
4662
1150
506
1708
8314
778
39586
2428
1168
646
1544
3602
4764
305288
4802
2524
2878
279050
3374
2118
1442
2484
424
3538
538426
3370
5088
3636
1110
2630
2838
5854
66904
3288
2876
37990
2204
6944
4182
2140
1512
3208
3890
1400
2984
2590
4596
4776
6528
9346
7086
2288
4336
3972
2792
3840
480
10368
2190
1010
3032
4482
7456
2830
8694
2302
9540
3910
3312
782
2584
1690
5098
4314
1126
358
4382
370
2748
380
7186
3464
5944
2120
4456
3402
3188
4096
2704
2462
4166
4316
1052
2584
622
3576
3772
2642
1150
2646
1636
3170
3524
1426
5514
1820
3398
2368
7290
1344
961460
5410
2924
45290
3970
1794
5182
6118
7770
3974
2504
490
422
2698
1010
1558
2220
248
4950
5800
1910
5302
276
5756
4344
3828
4378
606
3892
171590
4974
658
6598
824
3668
264
5090
3336
3296
2198
4102
6344
1118
2488
2916
1866
2832
8558
646722
4008
1898
2220
6198
5794
864
6294
2312
1444
256
3734
4086
946
4196
52284
3540
159378
262
4952
1610
367618
390
3714
3936
780
1262
5510
4276
4714
5452
1734
7300
3082
6056
2494
2236
2010
2738
5974
5462
3128
454106
1600
3478
167584
1514
1392
388
5124
549242
2376
384
2484
526
458
2418
3388
264
4056
1774
2030
4586
2672
29722
1802
50502
268
4550
3722
4398
6152
7754
6912
3764
2836
720
3098
2928
4470
4344
7064
4184
2088
1000
496
3396
2730
4042
7012
506
821224
1256
3354
744
3564
5340
5184
5968
4360
6830
2492
3164
2228
540
2920
3698
1984
716
594
4190
3948
2718
652
573068
1250
1424
4022
2566
1338
2692
272018
240988
1702
1600
7382
1948
2464
5288
364
3616
1088
4808
2496
640
5222
2188
2356
362
6632
5168
4302
9240
8052
782
5766
2828
6700
8396
1914
4510
6614
2916
2136
4684
5042
4882
14040
3908
237200
3502
658
3838
616
42908
4458
4980
7466
1506
1460
1230
5666
772
348
1178
73424
4020
7848
4688
2570
3114
3094
2836
3624
1320
1642
4024
2266
2522
4670
1498
5008
8716
1630
6586
271880
1380
5208
246786
4608
4666
504
7448
482048
19952
1804
1134
508362
730
5016
1396
630
1754
6060
236
2660
2654
39952
240
490
626
1220
728
12638
4678
369254
381570
4240
20674
1736
6344
2870
716
3610
3006
2614
1634
178952
450
8778
1388
908
3136
310232
418750
426
1866
5728
146502
7752
1644
2752
632778
2930
904
1144
5122
201608
4168
6630
1142
3422
4460
6256
3112
502
4544
5228
9516
916370
4088
1293948
648
4450
1670
470
2236
1964
3086
2240
1576
371120
2222
14028
346
60328
3716
4800
8402
5456
3974
486
2776
5616
5444
4874
1254
5022
268
386266
2940
360
2560
1062
2746
5026
2216086
6388
2030
13356
2904
2852
5140
4858
2528
8716
4284
6640
550
5314
5400
1390
6296
2612
5124
4202
1020
2086
2054
2452
155328
560234
471796
1492
2440
2358
213050
3436
3408
828
2224
2260
5814
2168
252
382
4410
3444
608
5610
2428
2752
2452
4552
650
1932
3202
3518
399860
1533156
2582
5408
2216
3890
3628
1708
2888
1900
3914
4824
980
1806
3714
7388
224
3780
2540
2004
1700
4860
6530
3832
1994
3844
4636
295752
5930
1012
3832
3146
3160
2214
2482
2598
3560
2962
6134
4854
2100
5768
155496
3216
4944
2080
9332
785116
7694
6582
270
6458
290284
1784
5584
1132
4026
726638
648080
304846
1948
274240
714226
4662
1388
3682
6852
3182
2230
2454
4974
5544
5620
112310
5500
474
4284
3246
852
1548
5800
2844
2418
4324
952
2550
3920
5392
1080
386
1458
2266
2388
3772
2808
542
718
1550
2688
2910
478
6688
5134
2194
914
3978
9392
4668
1068
4358
1278
2076
231264
4824
5108
177118
1234
5436
372048
1634
1748
2490
2306
8966
246
714974
1784
8156
4026
806
1368
242
2288
1268
5324
3696
16236
6934
620
184416
3728
2784
944
193646
3248
1194
3888
1030
5054
260
4068
374
3836
1620
3164
1204
3172
5578
2336
3158
4314
175206
4240
622
3848
4104
6066
966
3042
3788
1722
4530
3902
2360
13802
603674
2548
2430
3482
6606
4368
2036
127004
376
4854
549436
728
4242
5060
490
582
1934
1814
5164
4576
2502
3234
16906
584
490
1004
110482
4294
211424
3314
1726
4736
6176
324290
5122
276
3546
358
2440
4960
3534
3812
334
5070
3110
1220
5954
3750
51890
5338
872
262
4304
7024
5952
2756
7554
4636
19914
8128
250
2770
478802
2240
3058
2364
2620
4372
3374
4778
1252
3326
1846
2598
1412
14920
3276
2922
1170
3274
6902
5794
1034
4424
3006
910
238
3512
5862
7170
7224
751208
7306
86216
2464
3150
1994
472
632
7066
9712
3436
3916
5868
764
7772
498
1846
2502
467952
9246
4564
1310
4528
5246
6522
2100
3002
6128
9918
1146
2324
3392
5264
788
3196
174912
780
46926
4846
9572
2588
8194
2754
3310
488
5956
8336
3854
12176
3874
3562
718
3396
2310
580
2350
520
4920
7454
4118
6350
646
9768
3256
2164
6180
4052
5924
11508
5034
4290
544
860622
1018
2248
157108
2664
3196
1642
5728
257000
6644
538
3358
4652
2556
665630
1548
3792
762
1660
1612
126644
15230
5436
274
4530
4864
2976
502
2080
233988
133974
3440
1782
3846
109118
115200
200888
4776
1652
4358
5418
493696
972
7842
958
234
3288
4288
2842
2324
234820
238
4898
376
572164
27658
1204
5714
222
4544
4012
242
2922
3446
4664
4182
2030
4194
378
1600
6984
94638
3152
486
8184
3106
6760
2688
425596
3842
8618
730
2108
5594
2526
1974
2224
618
2336
5134
5668
2838
796
3128
4524
3788
972
7994
3584
3374
359818
5904
3702
3624
10998
1664
5246
310224
508
1266
5544
1820
2794
226
113742
866
7146
5260
5112
424
1526
113056
2670
4672
4298
952
592
2782
5896
4186
2150
222
10124
5104
6460
1316
6148
173634
634
2746
594
346
220494
4728
2724
906
6828
3142
2582
3056
348856
1520
2660
3802
5404
4778
9506
7050
1990
3890
4200
228
4992
4720
5696
2140
1238
2712
7962
4032
4982
4430
4876
3436
593996
6884
3396
3884
716716
262
3738
3002
3708
3612
4750
2790
2120
5976
3012
5392
6698
5138
2062
2906
1692
272
5114
1048792
1020
1888
2122
2136
2642
3436
5162
5072
1382
2344
1116
265070
4308
412158
270
896
596
2916
3436
7452
93048
2746
4000
4506
522730
746
3946
3074
1672
2568
587320
2102
3560
2492
258
2954
2084
1662
1054
2994
112312
5510
1456
2978
4190
1228
1105410
2448
904156
4418
119270
2374
3334
1306
1368
162682
1250
2062
3184
9922
410
2176
162266
5622
2146
5394
2802
2946
6534
3112
4266
4754
37588
3324
2890
5540
1418
916
3632
2928
5090
2222
859960
530
4622
270
2684
252
4048
1544
556
3274
4222
4498
3070
5206
4986
7624
774400
1708
1694
2980
3876
8046
2852
4300
3890
3774
608
3610
1732
5470
1522
2610
2584
388
1824
3378
2314
3686
1021620
1732
793708
3034
4278
1834
880748
140274
10898
758
5464
4224
4670
1233718
2442
9026
1522
5356
3046
293198
6550
3592
2638
2092
4706
190500
9474
1944
6064
2458
290408
742
10378
9212
386
226
4196
1012
9420
754470
1142
1146
4708
5124
238
3422
2658
944
4862
3054
5264
3934
3532
2526
7390
19760
1520
4012
1312
2826
1014
163814
864
1236
378
406524
7854
1702
1854
4808
4838
5624
1546
3426
2438
6376
5750
722
50520
7634
1234
8190
3814
2554
307746
6600
716
1664
393642
7448
447050
272
358322
1750
3562
378
2508
512
360
1722
242872
14908
664
218088
4348
2992
3870
2918
2830
241982
9408
6890
2750
1056
2926
11596
2132
6954
2462
386
562878
5252
5150
3136
5018
2430
2134
3038
4224
832370
4882
242
422
1456
1738
1064
8312
4022
6474
774
6644
3442
4834
3942
2832
2946
2336
36110
1018
324
3614
3992
373116
1544
1400
468
3912
2284
2270
3848
4546
728
560
3540
6860
4704
377330
2102
6116
3398
3772
4412
2102
500
4390
3192
2748
1680680
1462
1978
6852
1376
24016
2782
2886
3798
5900
34064
1178
3226
5082
2236
2530
2062
11984
3136
1216
3884
11992
5740
4110
1546
1152
5900
422
7874
6524
5908
873014
4808
7020
4604
672
1260
590972
5364
1381502
192508
248
2968
3090
4658
3468
4408
4254
1010
2488
1518434
4608
3476
7710
676
640
2398
2888
2200
5066
5316
2888
2960
237214
7014
424
8186
82272
3346
1442
496
2386
2220
3856
1838
5444
2092
3062
2008
474
189410
293208
496
6618
3376
4314
3126
504
866
388
3926
1168
254
1328
246
3170
1858
418
323324
1132
1652
3260
3092
6594
4566
2512
3334
254
654
2636
472
4464
4560
3450
2562
5262
4370
5082
506
4440
4316
2470
1018
2962
2054
5484
4508
8004
2514
266
5660
9692
220
618
8328
86650
1366
5090
3486
386
4384
562
242390
4104
9002
4828
4716
1926
8000
3472
4018
5356
2390
8214
1150
6956
7106
70860
746
7600
3188
364
2678
277420
10538
2312
2628
3434
2526
3798
454
740
2186
5816
546
3698
3564
2254
5100
4036
5468
4066
3764
2310
3824
2616
650
5214
2082
80926
6430
8444
532
2628
4350
4364
4918
5344
288
235246
1678
5038
4288
373266
1014
2332
2764
508
376
4588
4748
3790
214
5420
8596
1494
6078
6154
5918
1650
290566
5436
466
394
716
2908
458
364
150030
5242
1410
2960
5872
4970
7008
3822
3094
4376
10874
5940
5130
1304
14850
4672
3644
2376
5474
1625120
3402
166666
523686
5646
424
7276
4478
1466
3588
4732
8332
8134
502
1202
3334
5980
2422
386
5466
244
4498
3302
2008
7310
2846
4460
7840
2190
1306
2808
1758
838
3772
259122
3284
514
1240864
3578
3658
628820
9798
4170
1890
3338
114396
422
5594
2722
202664
5374
2372
296462
2208
5300
3232
700886
5402
7064
4206
1010
6800
718
1826
1014
3062
6562
1230
968
4652
3426
312740
4350
3620
4432
1164
1100
536
4582
3676
3748
185634
656
4398
5094
932
9136
5666
460190
2260
3826
360
2448
4128
1270
3464
1868
116360
4918
2792
9448
744
541472
7284
388
136618
4860
11180
4212
3194
3978
1534
2616
270
4120
10594
354
3476
3118
3516
4564
3974
1790
1980
4490
234
2920
1242
5054
10936
2328
4026
7204
8404
584
5224
5036
9334
832
132122
1606
2208
4256
1842
180764
2578
2466
6616
8342
2930
1916
227978
6402
1884
778654
270
500
1184
2986
428
5730
6662
2840
5364
378
7728
3104
3468
1426
1378
4862
870
7510
7204
3068
7326
1776
6216
1464
422
4030
2860
246
288
5222
2612
593808
2642
13376
256
556
512
6200
379916
4152
5100
4072
4118
3066
2148
2332
774
5496
496316
4844
1692
5984
27872
2196
1722
1404
514
3768
2942
4140
3648
709174
8132
5632
1108
4774
1770
284
2620
1256
1148
5022
7068
3048
4750
2374
1806
4218
3900
3102
9608
2404
281228
876
2014
1812
930
2094
3932
7478
4436
3014
1244
64204
1338
5232
3434
880
4358
2756
4444
1804
7892
3622
5398
4386
4468
754
2948
5412
213522
2282
3752
2942
7714
8280
240
4934
380
636
6368
482
3630
5688
252
1728
9338
1020
8558
3924
3292
3370
2140
1410
1115528
23070
3826
3832
3244
5000
6030
944
4624
349284
974
492
4294
394
4940
908
1314
2488
425914
1858
4464
3622
522
6616
4416
5976
6278
2060
427722
1282
804
370
5632
2476
4566
6838
3892
1730
5204
4488
4482
5496
4792
10720
3286
4216
3274
5240
7900
3282
3390
7232
3302
1514
1774
3658
278
3018
5032
556748
6260
3560
30498
3514
1766
1986
4942
379932
283168
878
8642
3624
6072
503974
160604
244
620
3988
4224
5332
1416
880
7444
2890
270
512
7638
4440
3126
3134
626
1698
650
8684
6444
6530
424
1742934
2082
3220
3800
660
4082
974854
1790
2678
4244
5036
512
3524
2542
3500
298
786
3520
722
424
130732
3904
1944
742
5360
2970
4104
1840
6774
2284
2704
2130
704
2604
2728
8994
3738
372
153186
542
5440
2492
1548
378
10254
8006
3154
1600
3616
5278
1784
246
924422
520
842
3240
758
3138
310
3226
1587314
328626
2074
854
4718
7878
389680
4726
3014
3166
3916
526
519572
1412960
12688
2934
744
2290
5830
6784
110210
90438
8918
4854
5408
2046
123278
4738
5946
4264
3800
762
3702
2834
422696
776
1172612
4544
6174
184530
2526
4158
2062
2158
2670
7942
6256
3116
5918
127328
3092
492
4212
