111:11100:0:0:0:0:0:0:0:0:0:0:0:0:0:0: (total 6)
0 4 8 Thread 0 going to cpu 0
72 Thread 2 going to cpu 8
going to barrier (cpu 8)
Thread 1 going to cpu 4
76 going to barrier (cpu 4)
80 Thread 3 going to cpu 72
Thread 4 going to cpu 76
going to barrier (cpu 76)
going to barrier (cpu 72)
Thread 5 going to cpu 80

cpu 6 cur 6
going to barrier (cpu 80)
STARTING...
going to barrier (cpu 0)
STOPPING...
Duration      : 10000 (ms)
Acquisitions  : 29698161
418
2674
956
1872
428
1100
416
266
2066
27332
2372
1070
1678
2168
386
262
1052
976
386
6060
406
384
24396
1600
1510
2270
406
392
16272
386
1232
112262
310
1048
892
1984
268
1602
394
35818
1452
1836
1038
1232
766
6122
744
430
1554
488
1414
1584
1196
1466
526
1708
272
1372
388
260
406
1690
1188
1728
10128
3596
3804
2174
1770
1566
514
1862
2454
2216
2022
1356
380
1076
254
276
2448
250
384
5966
1478
40318
658
906
410
1646
2824
1118
1224
2528
2418
88260
1790
1378
2640
14222
406
1766
1302
1298
402
258
1446
1414
504
950
688
1186
2990
1600
506
384
2502
394
414
268
2274
16672
1052
562
1112
1414
1754
406
446
410
782
256
3186
390
1534
2026
958
412
506
2664
392
414
1806
400
1420
1782
1726
12260
384
1106
1398
400
1716
2816
2150
388
1168
3382
408
1076
1834
1746
9552
2090
1614
1134
382
386
1174
504
394
1476
81730
1368
1088
230
1552
26062
386
414
3504
1364
2222
250
1518
1132
2542
60110
1410
1320
258
1544
1924
1326
1302
9856
254
1608
2506
868
406
386
142732
384
1076
1294
1686
224
37024
1434
1534
254
1418
674
19648
1046
2102
1704
1018
35378
386
38986
2850
1256
518
2598
4382
1130
554
1670
1734
1346
2648
2700
386
372
902
1938
1268
23302
2910
1504
1588
528
388
390
2538
1788
852
7036
1032
1466
1236
1702
12788
1778
422
3376
3796
284
2400
1042
384
1380
2340
23504
1754
1102
658
2316
1878
2370
1178
938
2540
1698
1454
746
1580
396
926
2290
964
252
886
1856
9774
1536
1958
414
1670
410
1366
1208
1054
1174
1174
372
43660
408
1004
408
2786
576
3020
386
34726
1448
1250
274
276
262
412
1828
2258
518
1076
6548
44098
428
1628
580
1296
2190
1314
270
900
2432
268
956
1046
2108
20868
488
382
1426
1664
11948
3262
98600
926
1282
1552
1330
1056
2462
384
1182
37672
1130
224
1216
1724
1624
1502
410
2360
2366
1396
248
414
1718
1504
3862
1060
2376
2222
400
1204
64256
384
2420
386
414
812
1044
115518
3014
926
64292
454
424
548
1542
1234
2520
408
384
1976
1082
1464
400
3032
918
1540
404
2222
2220
404
258
284
1276
2416
2754
1106
19986
282
1698
496
384
2684
1436
404
18610
282
1536
19018
1960
1538
420
2628
1910
11254
386
39018
408
2610
392
53168
408
276
1186
1614
1110
2446
2012
372
386
6296
20318
19706
406
1414
1400
1378
302
1066
384
4508
4096
854
1084
782
544
390
16556
406
1216
1064
9710
1986
1104
29524
1682
1614
1572
654
1710
388
284
3746
258
3054
1206
416
402
558
1790
1536
54514
45504
384
1290
400
72044
1548
402
12966
58198
1158
1680
656
41940
70610
1522
1682
37908
1292
2354
482
2458
266
1208
1628
2668
270
1106
2652
390
420
1268
1510
1562
2104
1678
2360
274
482
390
2500
35766
1432
286
386
1052
1280
408
5850
1632
1818
1210
278
80292
484
1008
394
272
392
404
139608
404
1516
8530
388
1522
920
1300
1196
1496
1422
1640
542
406
1100
1156
1080
420
8102
6796
254
260
270
1360
2190
1442
1076
494
1050
1482
1520
352
762
1822
2112
1304
1046
384
248
24046
2552
404
1162
384
1176
1250
1406
408
238
1134
1120
2900
2068
1744
7874
272
494
1440
542
1690
1400
35584
1508
2636
2916
1216
394
10358
1146
1546
1424
254
1242
1136
1078
412
1048
2720
382
1686
1640
922
71852
420
420
1412
406
1046
1554
1854
1430
278
1290
400
1528
4538
121032
2026
1536
266
884
1664
492
384
1418
52744
404
1456
2238
1968
4710
1894
788
1056
412
556
270
278
2516
410
1718
834
1858
280
256
1326
400
1432
1458
1038
426
1060
2014
29684
1304
2122
1340
1144
1282
1814
19036
1862
490
1294
3846
112588
3780
1216
386
1338
7120
402
1490
1688
388
2058
1690
416
908
1002
1968
1440
654
2198
1538
36238
64004
3740
1822
1196
386
1372
2788
2902
1314
1996
3426
1168
1936
2530
2704
1142
272
1536
1698
2214
1228
140218
1168
1224
1052
520
1564
2378
1320
592
284
1280
2306
2278
10184
2394
1550
2466
55274
1680
260
276
1074
5280
1592
14788
4800
432
3208
402
1558
26594
254
420
280
1788
274
552
2278
46264
1054
1492
2670
408
240
2166
2102
1666
2002
402
1158
426
1006
2566
272
39858
398
1538
408
1184
256
1430
662
1694
1544
5190
1244
2088
2638
42224
3516
39170
418
1852
1434
8788
408
1638
15324
59392
402
1852
1760
1728
1418
272
490
546
274
1548
418
9676
394
404
392
2354
278
2744
1920
406
1778
1022
236
256
1576
656
252
2860
3744
2392
2836
8460
25610
29996
1060
2168
540
1666
304
1456
6596
740
286
370
386
2230
1324
2076
1290
59024
858
716
504
688
2120
262
1076
1786
384
2014
394
612
408
2514
396
1664
436
5078
2780
1190
260
1806
1156
270
1328
1190
1334
2816
1450
63370
2634
95844
1060
1824
7704
1164
1032
1370
390
1080
73070
2064
34666
2132
1324
970
1324
2566
1096
1176
298
1396
1824
1238
248
398
1276
400
1174
282
410
2368
1868
384
406
1502
1452
7516
1130
1376
8366
232114
16152
1104
2338
1034
1114
1136
1854
2346
1170
1036
3160
406
1202
2224
1878
254
2086
3370
1378
1548
2734
1660
3284
1012
414
1276
2630
264
1028
1188
1596
3292
1734
1726
1742
2232
2376
412
1568
1672
1488
2170
1708
1552
1884
1568
1114
1808
370
2170
2998
1360
384
494
1096
56294
129668
254
2440
270
1206
1166
2624
1998
264
532
956
384
1974
1856
3124
264
510
18670
390
384
1086
3294
17538
1810
390
1312
17720
2148
414
654
22892
2644
1224
1060
3288
258
492
2972
1112
1612
1468
2944
8692
1230
746
3004
1632
1418
2470
794
374
384
554
390
932
1132
2788
2420
244
2742
1636
2324
994
10702
1530
1164
1542
2004
1604
1854
254
1912
256
386
392
402
4762
252
388
2182
794
1402
378
924
2234
372
1736
1724
396
3302
2310
406
1834
37384
3038
1370
394
1928
1458
1864
1276
924
1318
1350
1392
270
2606
1072
1300
1142
1424
432
2900
1220
384
1044
1476
2512
4446
402
5704
368
2948
6702
113462
384
272
384
1298
1164
400
1710
1308
2110
880
404
1548
1394
382
394
292
1016
408
400
542
1578
258
1388
392
2296
1774
516
388
422
1042
2352
1202
384
402
1760
10570
6442
386
2956
30506
246
384
884
398
1166
250
1408
1486
1246
65918
1444
1430
236
102898
1512
548
260
2548
4172
1064
2764
1260
1510
92924
386
372
3086
438
1918
258
1636
2516
1548
1244
2462
13332
1656
438
2216
10222
1746
1142
242
430
378
268
1552
284
1192
1730
408
2112
438
1652
1668
2654
282
262
1922
1836
2306
1614
1672
1656
3124
3014
382
1762
1736
4516
3860
2274
1568
404
274
94780
248
33504
1034
252
422
796
380
50138
246
374
1614
382
13720
234
926
4082
1544
1326
388
250
388
508
660
576
2684
264
43648
384
3120
1250
1442
1076
2118
410
272
1258
370
1654
558
3658
1598
384
1256
544
1524
890
2084
1852
2256
572
1756
420
384
1440
1968
5234
23172
410
1700
104672
29880
386
3050
1050
542
38464
3382
242
83546
1062
20828
508
1992
406
244
1278
3390
2404
29624
252
1432
380
25782
1084
526
530
64828
1374
1198
1980
2200
528
1086
398
1470
1494
2040
2368
264
5868
250
374
1548
66056
504
1596
1684
1100
1536
127274
508
46710
1922
926
1334
440
52290
1836
1814
1516
10306
77912
246
394
240
266
1110
1388
390
22466
546
230
2322
2266
1886
388
1190
1490
436
1480
1224
1280
394
1546
392
398
1164
1708
2364
402
1426
484
16496
388
3176
412
776
1206
1638
1282
370
244
2470
928
382
260
1574
1436
382
23840
366
1564
3190
276
384
2844
1974
548
1592
57854
1000
1210
1688
530
1320
554
1054
370
1882
28014
1174
4140
1182
10324
544
1732
26430
1166
1658
528
2510
2254
5148
990
258
238
998
270
2302
1714
1412
1996
404
43780
1194
2546
1558
4072
410
2094
51682
1060
1538
2612
2756
2072
1030
424
1764
408
1696
2100
1372
262
1422
394
1356
1198
268
1884
1460
888
1930
1762
390
266
2600
260
396
1498
1608
6086
9786
1458
418
246
1004
1506
246
390
384
252
1374
1202
378
934
28326
396
234
1392
410
270
1404
918
888
382
3092
550
1006
438
268
1336
1580
1682
2132
2356
1256
400
1252
1462
386
1400
254
382
386
1592
412
2658
2600
422
2102
384
1062
400
3062
7728
1716
1080
1316
1678
1650
2674
1708
3110
48584
1276
2072
2344
2758
1578
384
1314
232
1956
380
2142
262
560
57868
1058
1880
1492
1846
2482
1534
382
982
412
1554
996
2372
386
1446
3228
2008
2062
2232
712
938
410
1270
1180
390
388
740
2952
232
3084
1556
998
384
1028
2550
2888
390
256
1920
23598
2042
384
1690
1458
544
880
1078
1650
1570
386
2240
754
408
244
42552
3332
1024
1234
45084
274
1278
1472
1816
51606
1982
974
2074
382
896
1300
1694
1450
656
1542
1758
406
1948
672
3664
49902
1066
864
1324
2120
454
2094
2302
1094
1070
1202
37478
38640
252
1078
22056
1320
554
1190
1538
406
1234
1160
652
1002
1962
574
2278
2054
418
2578
400
2488
252
274
406
1446
1230
2436
406
1476
1274
252
102010
1512
60630
1592
1032
3256
250
250
1426
1484
4178
2184
768
434
252
1440
1320
16682
1516
1448
1192
1394
550
1552
2874
66196
1696
244
2428
1334
252
2498
976
1660
1552
398
1208
288
256
318
1290
1802
1498
1778
1566
238
248
2062
518
850
388
1906
1612
2476
512
1142
2700
2082
272
79958
1086
2456
2770
1386
418
1060
1118
1532
1306
386
5294
386
388
1274
3538
1020
1050
3132
994
1444
2450
1546
556
69604
1230
1102
996
532
1638
416
386
1444
2722
1882
1016
404
1066
384
1398
1138
348
2184
1440
416
1360
1694
3560
1722
1264
2902
1626
1772
1314
394
412
1162
394
384
390
540
394
386
1044
256
932
408
274
522
902
390
1718
1816
1216
1148
2364
2666
1210
1744
1480
22444
1446
388
1864
536
424
1342
1224
1784
108520
2002
6322
1268
910
544
770
516
524
1600
14916
1856
1218
388
1944
1996
558
1182
1668
5938
1410
15138
886
1330
812
242
1722
814
398
1532
398
1670
382
1600
1608
51088
380
248
654
2138
2750
1842
998
2202
2110
5334
418
1218
1226
1916
400
2002
29358
254
546
3302
264
1172
1246
1860
1354
1540
1476
1162
392
272
1424
1176
536
1378
534
374
2046
670
2070
1044
1388
6814
1042
3238
958
1948
276
1512
244
2016
1626
510
390
3368
1462
1056
1538
510
1360
256
2648
113410
412
390
546
1286
43238
1334
5730
2452
1560
2544
276
3226
284
1070
1636
1790
4332
656
1280
1406
1454
1212
1860
1644
1432
1094
400
1550
394
1382
3602
284
34782
1448
400
1632
258
22458
384
524
1946
2250
1420
412
280
1274
270
1344
1752
5014
1576
52542
1474
386
1868
2344
1590
1060
32656
1718
3044
1990
412
1162
1066
2230
398
5732
1518
1350
1370
766
7624
1846
1330
2356
412
1884
1864
2278
1658
1404
65270
15608
1942
484
262
998
390
2154
2534
752
2748
538
254
1548
270
61644
414
1414
502
1268
6400
1082
1342
1598
388
1782
274
63590
410
230
1972
392
1286
1362
422
1602
2224
1428
390
414
238
272
422
258
2368
3590
2002
1826
1542
4534
1758
250
2434
392
248
390
1110
1586
530
1202
1570
2258
268
1082
2580
370
8410
270
1152
388
402
45582
2628
2060
2302
510
526
73922
1592
1092
1010
1454
270
388
1548
2486
1766
1516
388
154284
1688
39198
660
392
518
1494
2010
3270
1722
1284
1964
1470
1218
1002
2108
53610
384
3644
834
520
1638
436
16286
2872
1436
7384
256
386
1682
5886
1324
2424
1334
1298
3308
37420
1318
1802
1374
918
1170
468
18156
546
1198
2524
1446
390
19536
798
1714
1016
930
100624
1538
35230
1406
384
1594
1822
1906
1116
1488
392
1956
1748
388
2670
1356
508
254
386
100734
886
1536
1422
1720
3744
1232
656
1170
256
1682
3066
1538
1064
274
2018
1020
1208
7648
1136
16414
2158
1668
27054
890
386
1142
2200
16326
16008
3814
266
1012
2430
268
482
32190
244
384
1876
1230
2142
4214
1712
418
256
3266
732
1546
2618
61168
304
494
514
1644
3314
408
272
1632
412
1316
1406
2564
244
682
62692
1612
406
1354
1524
544
31880
3016
1868
1448
384
1192
1198
1518
406
250
262
1460
27726
2230
1274
1590
268
762
408
1950
1714
2228
540
506
3180
1368
1788
434
2096
8636
1480
2414
1426
1570
2474
75298
272
1488
932
286
1212
1010
254
502
410
1674
1834
2366
1438
536
32576
1390
388
980
69508
1372
382
1422
276
1542
262
1672
1032
8928
388
27884
1486
266
1474
58110
1058
288
384
754
2014
52408
1702
416
1154
388
260
3348
1760
1100
390
1590
386
1976
5208
2172
396
1688
1154
404
2086
1118
410
1214
1424
386
544
250
35368
1212
3560
418
1052
378
1076
770
1276
4150
414
45076
266
502
868
1280
368
266
1164
1212
388
1074
860
278
448
1810
406
258
1796
1096
1146
1654
1862
1150
2026
2426
1544
384
1498
498
254
1132
16458
384
1512
1590
268
1510
254
402
498
388
5340
1660
402
1042
1450
1204
1710
1552
384
534
382
9958
268
386
1812
546
526
66662
58272
1174
3334
410
390
502
1264
1956
1946
1548
1338
682
1412
1618
1788
1780
406
926
1312
384
934
1690
520
386
2546
264
3502
1314
508
504
58038
14200
270
1040
28666
394
424
404
1148
1544
1202
1434
1534
1722
1410
254
922
526
1556
1284
964
2010
392
388
23780
996
28266
2820
238
2648
1042
284
392
522
246
656
440
151406
546
1034
1796
276
1178
1198
384
1056
254
1720
398
250
1474
262
1044
45606
1274
2122
10956
1132
1532
402
386
2106
724
406
3472
412
918
534
1124
246
1404
3304
1444
374
386
2126
384
1230
270
406
1466
2666
280
1064
1442
1162
1276
408
62804
1904
41422
388
1776
2916
384
1460
386
386
1928
1150
2116
51836
408
246
134830
1064
1386
276
258
490
418
7036
2302
1288
1438
938
1076
402
4748
390
384
388
1412
1184
530
1662
1880
1920
1808
1676
1626
388
1374
246
2204
254
1816
978
1920
252
1360
816
1324
1280
2304
3424
1904
242
2088
141790
1960
26302
390
2008
412
2260
396
402
1950
1316
1322
392
554
23374
656
73206
442
1988
1840
412
400
1658
1468
1380
1458
1326
2576
994
37848
1664
1214
28088
1086
1538
1016
1562
434
1372
802
1682
904
1288
3012
3018
2104
1274
384
2546
2824
3384
2892
2748
2050
9370
248
11548
276
24864
386
1532
528
1956
3044
1964
1416
1758
386
1852
2492
1266
930
268
1678
1404
2510
1352
1048
1526
1418
284
540
1598
512
5516
2638
3616
388
7640
1416
546
58016
520
388
254
7040
910
298
388
292
37372
2038
404
260
386
252
256
244
44284
438
384
866
1040
54476
1026
1334
394
1078
560
1246
276
404
1032
1318
1770
1160
1714
2542
2450
2678
374
2436
1614
49300
6686
244
250
1646
175724
700
1266
950
8564
412
7616
406
388
1682
1332
2334
1084
2730
1688
1584
1616
1964
2984
14344
2090
502
1568
1502
1518
1378
2274
944
534
420
2736
1452
1446
1800
3526
1786
1354
382
2460
1282
1406
1714
2092
1820
1408
440
1000
2818
1570
1694
38372
246
1544
240
1496
3318
502
1934
9370
280
408
404
1202
2848
1990
390
800
846
388
5838
1526
1322
370
1538
548
1046
2466
1030
516
252
1218
386
69630
228
2430
1848
1558
392
420
1548
1276
2470
1054
880
546
73840
394
972
416
80766
1480
3124
1598
1342
1468
2932
2820
412
1912
1218
404
1538
3592
1550
1040
12398
1034
388
394
1660
250
398
1256
392
1432
1432
268
1000
404
1036
1458
1010
2100
390
2318
1030
742
564
1692
92438
386
2470
10956
922
1562
1600
540
1212
45904
372
2388
254
548
248
1572
254
266
1218
2634
1558
1268
552
948
52570
3056
410
3228
11604
384
254
408
386
3494
42164
246
250
404
2008
238
1534
2478
45602
386
240
1422
1442
1440
500
54344
386
410
2800
2668
1462
262
234
1790
870
268
246
1464
1374
412
386
10872
1986
1472
1198
2856
400
392
254
1934
1366
1652
412
482
3008
254
1088
2046
1100
692
388
1386
418
388
886
1570
2220
394
404
10706
3302
1146
2232
2352
910
280
1888
1178
39482
912
1708
384
2370
1650
2630
3656
1266
1214
1594
1868
906
9438
388
1116
668
1380
408
33638
1142
1248
2362
1232
3550
762
1280
970
1722
2202
1410
1958
412
1320
1452
400
242
1692
1414
1290
232
3220
408
378
1138
412
37510
298
918
1270
1246
2216
1688
1168
2144
386
2754
2600
654
1306
1744
390
412
1666
1292
1274
1500
1372
2128
2740
256
1060
2294
23676
1878
384
1000
1514
894
256
1606
1806
1542
504
250
16788
1324
1664
1168
2248
1684
1236
1494
13398
1424
660
1052
1632
1508
1788
496
2436
542
518
274
1912
2126
1300
2608
3206
82134
1528
998
2196
1408
27650
416
486
512
1658
1334
400
1848
1530
1228
422
1328
59702
1610
1976
1154
252
1508
1116
1878
7436
1772
1812
266
500
1064
146104
1554
1744
35764
254
402
236
1476
1230
2288
20656
388
1448
1962
1590
1226
1274
502
31590
410
1726
38784
366
392
866
1798
388
264
1820
256
410
560
1666
2160
1388
384
914
1060
400
1120
546
2352
1038
2100
23118
1446
390
490
1506
2102
4520
282
1098
1578
1196
432
418
296
388
256
406
1116
906
1348
1014
1830
12424
2040
536
560
3056
510
410
2596
422
1042
1662
1430
388
23286
2218
1718
1962
658
1446
388
1428
388
1200
890
1560
386
1654
1300
2730
2208
1414
1516
1542
1740
11224
988
410
1856
390
2286
1528
1514
1210
1038
1920
44396
2430
278
500
2702
394
548
2234
34120
1036
4670
1684
278
1912
1074
48024
390
2926
2578
1088
392
1180
1974
1308
384
2092
1458
1058
222
386
24238
1518
13714
1438
98968
1286
1610
1482
1428
1074
1820
386
2382
12632
274
25592
2140
1566
2384
1416
2996
416
942
410
1508
2984
1822
1562
426
386
1416
1282
388
1266
404
2870
67010
412
2916
934
117432
398
388
1610
1064
95176
18978
1552
2454
404
1300
14340
39572
302
57368
914
1554
1070
382
1098
9546
20076
17534
1594
1654
1520
2244
1788
404
262
656
1546
554
654
1182
816
990
2708
14236
2498
1346
1448
7918
1476
386
1382
1372
29440
402
1828
1610
2142
2670
512
486
2260
386
386
1162
3894
256
920
1376
252
52336
48442
75688
12478
392
260
1474
404
57188
1772
40746
660
416
69998
272
274
1522
1760
1918
37110
1586
292
1794
276
2052
1690
1684
498
1928
1234
438
2680
2024
1160
1322
282
1388
958
408
4884
392
36476
1596
2824
1438
2200
4448
916
1300
1412
226888
2200
1058
6290
512
1616
1282
1160
1626
1340
1770
1406
2900
1220
1146
2062
386
418
4674
6696
3324
1306
412
1046
1624
1972
1278
1146
3420
1476
368
1304
1334
27310
424
1756
2080
1500
878
3244
1320
1330
286
1620
1374
1306
9240
2622
1232
1064
404
264
514
480
656
29800
1378
1202
404
1532
394
266
1624
11056
1504
1592
1328
2208
1938
1370
1932
1384
236
1882
258
1510
1602
70792
658
3532
1804
1104
1552
1690
1950
2624
1516
426
512
246
1554
414
118524
1196
1410
1462
1430
3062
14982
36794
2834
1858
406
1512
278
1480
390
486
262
1376
384
1048
1534
4806
412
392
2136
1454
1572
256
3228
2642
902
1198
2774
1618
390
1588
29370
1480
406
1230
1142
1468
1074
1396
18158
1088
400
1990
1178
412
282
422
1912
110494
1802
386
410
878
1062
246
1666
1148
406
8138
1174
2410
386
1596
1790
1794
1360
1586
2374
390
1566
38658
61974
1576
264
418
296
1364
1088
2056
1342
264
384
1946
398
418
1778
1732
396
1510
398
430
1046
1556
386
1292
418
1082
664
1186
1750
1574
244
986
1148
139892
1382
1158
1296
2366
1640
386
1324
3544
1340
266
1368
346
1650
8210
1354
382
1608
1342
514
53330
402
386
414
1142
2646
1462
5270
16124
386
510
514
496
1986
262
438
2122
30740
386
3004
414
46150
1134
1080
1268
414
2782
256
2358
400
1784
1106
1930
2196
1092
532
42686
2488
2006
2628
1364
1348
256
400
510
388
1204
1382
254
1080
440
43742
246
414
272
42364
392
1414
1004
9266
1216
14044
1736
410
56852
2010
260
1212
408
806
1688
5052
7936
386
392
256
3512
514
2100
510
256
1238
3038
1146
2758
2844
386
372
1272
272
274
420
1200
400
1232
428
1218
258
500
262
642
30590
31850
1272
394
2258
2226
5894
502
1182
3748
388
1238
884
408
1272
1154
548
392
28526
28818
2628
564
1672
1062
410
2434
3666
484
1866
2826
550
558
396
2342
384
1148
1958
376
1118
2326
786
1518
1474
408
402
1218
65686
542
390
96426
1450
1138
386
6990
270
272
1262
1090
1316
2090
73116
1380
276
35836
1938
2090
1256
956
1014
278
1416
1040
2298
1194
1974
2706
1616
3572
660
1210
538
2370
1484
1506
298
4222
1266
1312
1378
412
4466
268
384
1306
232130
14708
1512
1666
394
3322
1224
1312
250
1204
386
520
1116
1434
1050
280
418
262
2328
1348
408
1244
418
2286
252
1714
390
388
1352
1314
1362
260
410
1418
1300
424
242
476
1288
1700
1576
250
420
2114
1274
1438
1646
406
288
1100
1504
390
1988
1218
654
1352
252
2024
386
1530
1544
1286
436
1074
412
1158
1268
402
782
2010
1774
2262
286
1402
384
388
1554
3068
1338
54276
1376
129938
518
1746
1068
1652
254
412
1148
418
3264
1752
280
1700
1174
250
422
20336
2478
1500
398
254
19246
386
2224
19640
252
25714
1692
556
1696
2038
884
414
398
3006
384
304
1506
1788
1708
2412
408
1310
1778
2516
3046
276
27436
1236
392
1112
1458
1174
384
2490
1694
2184
386
496
394
274
648
510
5200
278
21386
1454
1118
284
2474
514
264
8482
6644
112198
2064
778
1086
1932
38792
1336
1190
1094
6034
380
3368
2376
2188
1234
1590
2386
2224
3652
1276
1444
9670
268
1198
426
410
1422
438
388
1572
458
1312
282
1188
1988
392
1146
406
1534
1414
1186
2322
2790
440
9882
43202
1652
412
1384
270
412
1424
1472
1402
406
1046
1244
84988
614
1958
1756
1816
270
16910
274
1698
1594
3324
930
1836
2468
1328
400
260
2010
396
2864
278
3986
258
16370
1422
2530
1016
1498
6826
398
516
1828
382
1434
406
852
2764
518
3296
2384
720
392
1414
372
1348
412
12398
864
3016
1526
546
1206
276
1978
1544
384
388
2116
962
274
1452
244
1558
7740
1434
264
1542
47026
2876
2164
49534
498
1192
1070
1490
1710
656
8964
80892
1706
22120
386
2462
410
1520
388
1226
2310
716
2070
1952
1064
2336
3988
956
380
1384
3132
1968
17702
494
408
238
1868
1028
2024
862
3214
254
1206
2876
386
872
27610
946
370
3914
388
406
2048
506
2214
1828
500
53034
372
1266
1272
1476
2316
2508
2044
1294
372
422
384
20664
2450
1412
1422
388
262
230
514
1684
1366
7706
388
2508
24456
388
388
1668
1066
240
2604
546
1076
386
1980
266
410
798
1582
2558
1650
504
1664
390
1326
926
45048
1048
1472
414
944
1766
266
424
394
2028
390
264
1134
5236
44658
1230
1602
1204
492
1530
414
1318
1002
2382
2384
386
1442
1552
1872
2924
1152
2342
1658
1096
1128
394
1508
2510
424
2364
1492
6256
1126
10586
2464
6702
4238
1110
2464
28758
3538
3130
1160
1040
2150
756
404
1822
3426
1620
1938
388
876
242
1544
276
1072
2368
910
1872
3892
2208
440
278
1568
650
2494
402
2092
2380
400
254
278
9374
248
1024
754
1138
2232
914
390
398
1258
942
408
382
1580
432
402
46554
414
1696
386
1800
512
2648
3024
3452
1460
304
9942
1142
1644
1964
2108
288
400
67962
238
1868
2126
1788
410
380
388
4508
386
11246
1490
370
968
246
410
388
11460
388
1142
29180
1232
374
1616
408
1478
266
540
1296
2384
2276
2626
2680
414
56634
1512
1188
1278
2270
1386
2458
2616
1506
1036
2094
1790
256
280
418
2454
1198
366
1828
238
2930
1816
1308
3888
392
394
1952
524
1338
890
1804
2010
380
1592
742
2682
408
24352
1712
568
1820
1696
1856
1432
1406
1692
2194
388
4468
38248
390
560
3032
1332
1164
894
45436
1138
1086
1952
49432
1018
374
1820
786
404
1708
920
1250
1580
2532
1598
276
1826
2286
446
494
50270
894
716
1076
1260
408
2752
398
1900
238
1508
1160
1306
1774
35792
41038
23918
2274
1408
2556
1262
2838
1302
2656
272
1202
2280
446
1838
262
3644
1368
1124
618
1890
1072
101520
928
2088
1604
60334
960
1056
392
270
2580
1126
1036
4554
548
4118
1080
1596
422
13880
1276
1324
1714
1200
2004
1568
414
1816
64444
1776
1830
1744
2122
234
1086
2056
1596
2236
3410
700
486
1216
1610
1342
2236
400
1840
2050
1926
1090
274
384
1612
1522
532
1710
80264
1080
3958
240
244
1458
2622
874
1162
524
1658
9344
1300
414
400
1224
956
1406
644
276
1128
1212
1388
388
1098
2598
66324
546
738
1782
1386
1504
2606
3752
1462
386
1842
1782
2132
1750
1810
2468
302
1674
1750
1354
2670
780
282
1506
1200
1758
386
262
1334
1706
1284
3096
5818
1534
3934
2210
2152
1314
1478
1552
1104
292
408
892
1518
1414
23946
2330
2928
1172
2446
111174
390
3964
384
390
496
1036
1512
2128
2758
1172
14878
2154
2572
1498
308
2610
1262
1698
4604
1352
1112
10152
398
358
522
1150
1328
974
2406
3340
2098
1866
1650
1584
48818
390
3738
256
392
1542
560
1828
2532
1128
404
1236
1248
3670
2838
1344
1180
518
2222
380
1922
27596
3352
414
384
2268
1736
1392
1382
2036
1408
1282
2758
1080
1672
3018
412
2044
496
1184
1242
6142
1200
1266
680
518
1512
892
252
1966
1892
388
1882
3156
272
418
248
1492
1060
1214
2468
2416
266
1156
111482
3816
45152
1098
510
1390
386
432
1630
1588
1462
390
2130
542
260
384
2034
1074
946
1124
410
1784
2076
1704
1274
1190
1956
1596
1032
3706
2084
1582
384
386
424
35708
1636
1964
27282
384
1430
414
1266
3840
2388
1756
6520
54648
2400
386
1276
254
1066
1476
2066
25490
414
506
262
504
406
406
1866
1052
384
252
1800
1952
1560
1184
390
6840
1080
1346
1722
1296
6624
404
1216
262
1184
1822
404
2640
926
394
1650
1246
1234
63830
408
502
15644
1196
412
2700
2032
272
1986
254
1194
1328
500
3672
65570
1876
6758
1274
1548
1694
2374
1866
43570
21118
1866
1748
2556
2004
1802
5920
1680
280
264
388
1358
270
396
9122
1206
1060
836
446
1348
384
1058
1122
526
5506
970
1812
260
252
286
1648
398
1674
396
484
928
1382
276
972
1446
10592
1602
1060
1708
390
1796
1638
2374
526
3946
548
276
218
1062
2632
264
264
2296
2680
1324
402
1684
406
1102
2100
386
1518
402
2002
388
1040
37672
388
258
1090
2012
382
1678
2238
1574
1792
1042
1844
1124
2344
518
1214
1314
1688
1054
2146
656
404
1070
1628
1774
1294
498
410
4714
10304
276
240
125128
1580
1856
1504
880
548
1220
2076
1432
3174
3616
2004
1812
270
934
266
3610
1586
394
1672
3296
10152
1280
7714
656
30304
2328
1662
2040
1530
1682
68884
1838
103352
1290
3038
272
1178
388
396
264
1128
1278
446
1550
904
484
97334
2070
272
2008
1642
276
1722
1686
1156
384
2086
13048
2466
400
1626
9568
2008
4348
2360
1614
2812
258
2616
378
1404
1346
524
2510
412
1356
2306
1676
1876
1048
394
1258
278
294
1084
402
250
2068
918
410
954
408
370
388
518
1312
250
248
800
2012
278
1138
2792
96022
412
32198
3032
2846
51186
2350
9546
386
392
1612
1344
410
396
1716
1326
6946
22116
24020
384
468
274
1008
1212
970
1684
3022
1776
2256
388
412
270
1922
1990
1956
1048
1730
250
2150
1648
506
3512
3174
1946
7118
500
242
22234
520
1576
296
135050
386
260
1342
41200
254
422
2322
244
240
80500
1188
23572
404
2396
1692
262
558
388
1442
238
32406
28428
2844
748
408
63286
1382
1022
410
1434
372
3232
1794
1922
1818
388
1330
516
1884
412
244
250
410
664
2588
1214
67764
1910
1750
1390
1604
124950
2370
2090
1256
516
254
1780
3046
384
1994
3294
1090
386
410
1720
1806
1088
1722
65768
1326
42466
1068
290
394
2164
2352
1628
1468
400
55688
135310
1062
8822
390
392
908
386
250
1550
1102
1032
1370
9334
1146
1890
1540
998
256
902
238
1632
1360
2324
1406
426
1586
2086
1272
1564
1272
1424
1028
1560
1548
382
384
1026
388
2348
1220
266
392
140286
388
1080
522
27542
388
2120
426
2810
404
772
1998
3620
268
542
20484
2090
388
70688
2834
266
2132
2842
1578
1104
1520
1434
1272
386
1216
40450
1308
24464
542
262
416
520
536
1380
1420
1032
1380
2522
1412
886
2162
898
1050
402
386
1414
386
538
1448
1736
1580
246
388
1968
268
1472
244
252
532
1602
396
384
1548
406
272
1238
12158
37544
2510
1438
404
388
1324
388
1406
1186
2612
1192
246
1212
1304
1472
1500
1052
398
1066
1564
1030
1324
252
3134
8156
388
400
1440
288
256
260
2126
6644
896
1880
396
67220
40926
242
46596
400
536
390
2866
1206
56530
1140
1762
2042
2900
1110
1230
248
1186
1416
1568
494
1432
396
384
892
282
388
1742
268
1308
416
1388
48796
7664
1962
175206
744
1664
7310
410
2148
5168
3366
1658
1376
398
1068
1538
276
266
1696
1588
1314
1408
384
1130
780
390
15732
1962
1182
2260
1156
1000
242
1160
4042
426
1034
1140
1714
1020
408
390
384
1100
1220
2680
276
1220
2052
1446
1546
384
1814
982
2702
1334
418
380
1716
256
1678
386
928
34846
524
484
266
1654
2096
1620
266
660
2312
1310
12650
1606
522
304
1542
412
2054
1158
8658
950
1826
2322
1322
388
914
2472
72822
524
1194
240
1710
2932
2032
1190
402
1216
1150
2366
388
260
404
648
71036
2118
77480
512
1392
1938
656
1544
1356
1622
758
250
384
384
1450
398
1914
1792
1966
1432
442
386
1284
1100
14134
2600
246
3246
3272
1060
1814
1914
1422
1182
1154
244
2030
410
872
716
2194
274
95356
678
1484
9632
760
1068
1008
2532
48814
270
3124
3052
1692
252
388
700
1136
2292
54052
512
396
21528
256
406
42892
2846
280
1654
1626
404
1748
624
46060
1076
1424
1606
55922
404
1350
280
1050
3006
254
1052
2162
1022
3386
8256
384
1610
384
1476
1234
1534
414
252
4050
396
1822
1372
3748
398
2070
1614
1282
3226
2742
2092
1444
384
2884
8940
1138
574
942
1668
548
1418
266
1972
1790
486
1404
1914
38752
1216
386
2350
400
1346
1474
500
1914
396
540
916
1594
864
1710
254
1324
1284
382
5540
386
2368
2526
35886
1520
1264
540
1542
1678
382
388
400
1254
1534
1344
876
398
1510
254
1100
1594
252
2062
1810
2726
2222
1106
2384
1100
4048
38000
386
2880
1522
1446
784
428
1252
1180
2214
394
1960
414
1100
248
258
2576
1548
262
2722
386
1362
1396
1158
1040
1748
266
1070
272
392
2220
1282
404
386
1288
538
20680
1518
386
1822
1386
1428
1950
1828
1692
2960
448
12448
404
1800
1094
1342
1148
406
1362
248
1584
1918
13746
1552
2510
1502
1194
1382
1960
384
3996
1414
540
1252
410
1676
1234
6264
1756
438
3374
1004
2288
554
1416
2512
1406
402
6304
402
386
388
1794
48608
246
392
1396
392
1518
412
256
3134
410
70576
2216
1770
1018
1298
3288
1182
792
1518
1086
154266
1956
1644
272
40702
1114
510
2200
270
390
1798
1608
1426
386
1176
1304
1036
1356
392
56238
410
818
1456
1862
402
19214
392
392
1092
1182
8972
1236
412
386
390
388
656
1564
1318
292
234
1514
1012
1084
388
502
274
37226
1468
1420
1734
1728
936
22026
2464
1584
1838
19414
1386
3070
99978
390
1192
1146
35222
2032
1086
406
1030
404
1128
1580
2378
536
1096
398
1818
384
1086
98536
392
392
276
248
250
390
1044
1094
1454
1390
1032
422
532
386
1370
2470
1836
1336
248
798
1154
1970
1834
422
1864
1012
1690
6674
1448
516
1126
1364
3364
258
824
1000
1892
12236
978
2578
402
408
282
1302
248
240
2422
1150
510
1084
254
1254
254
1458
410
1986
846
1098
16752
384
1032
26786
382
788
1802
1434
406
15094
654
1950
15760
272
270
276
2018
1328
388
2650
30446
3050
414
1542
1040
416
1772
292
510
1348
2776
416
384
264
2294
1348
410
240
65652
1856
258
386
3162
2472
1044
924
388
424
65154
938
2564
1402
2146
31476
534
248
1080
390
1380
2350
1364
1058
3452
266
27390
1192
386
1206
1268
4616
1592
246
1820
392
3120
390
544
1534
574
394
3236
268
8118
406
1286
1162
404
1400
1338
1244
388
1588
75730
1302
2496
884
3542
2510
412
2074
412
1358
33372
1190
2126
71504
2874
2150
1596
1270
37870
1544
2102
59456
2408
1146
1276
260
51684
254
2000
2800
390
384
1494
248
936
2604
2072
1768
408
402
246
658
1180
2172
1584
4404
2308
1024
3628
31870
574
1210
1426
386
508
496
1894
2178
2208
888
410
386
236
532
49596
1270
2262
1658
1820
1042
3366
3024
1370
1688
2626
1730
520
1214
914
406
1082
530
1106
1832
2928
1328
14656
2570
1096
2280
4740
1256
384
412
1122
252
2344
1616
1136
1246
1698
4960
398
9380
258
1068
69620
506
57088
1078
302
396
3152
1486
1116
386
1044
932
2224
1170
1072
246
1842
398
2230
1334
2272
1178
3288
278
2860
402
390
1408
73814
2346
1036
31020
1204
1572
1384
1316
1480
1430
1884
1892
1184
1184
1406
398
3356
406
22728
1912
554
25624
1362
392
288
2500
252
1910
155844
262
1868
2020
394
2424
1210
1864
1804
402
2554
1554
16046
384
26736
384
1140
964
248
248
1342
10914
1142
2356
428
1370
2122
276
388
2404
2508
