111111111:11111111100:0:0:0:0:0:0:0:0:0:0:0:0:0:0: (total 18)
0 4 8 12 Thread 0 going to cpu 0
Thread 1 going to cpu 4
16 Thread 2 going to cpu 8
20 Thread 4 going to cpu 16
Thread 3 going to cpu 12
going to barrier (cpu 4)
going to barrier (cpu 0)
going to barrier (cpu 8)
going to barrier (cpu 16)
going to barrier (cpu 12)
24 28 Thread 5 going to cpu 20
32 Thread 6 going to cpu 24
72 going to barrier (cpu 24)
Thread 8 going to cpu 32
76 Thread 9 going to cpu 72
going to barrier (cpu 72)
80 Thread 7 going to cpu 28
going to barrier (cpu 32)
Thread 10 going to cpu 76
going to barrier (cpu 76)
84 going to barrier (cpu 28)
Thread 11 going to cpu 80
going to barrier (cpu 80)
88 Thread 12 going to cpu 84
going to barrier (cpu 84)
92 Thread 13 going to cpu 88
going to barrier (cpu 88)
96 Thread 14 going to cpu 92
going to barrier (cpu 92)
100 Thread 15 going to cpu 96
going to barrier (cpu 96)
104 Thread 16 going to cpu 100
going to barrier (cpu 100)
Thread 17 going to cpu 104

cpu 18 cur 18
going to barrier (cpu 104)
STARTING...
going to barrier (cpu 20)
STOPPING...
Duration      : 10000 (ms)
Acquisitions  : 8915368
618
5330
3266
6896
6666
8330
1702
3832
1010
4938
8734
7052
6764
8304
115716
2268
2916
1484
9970
2552
512
7032
1908
5944
4502
1690
3692
5780
4782
786
3124
5502
24068
3872
796
323996
3496
15354
3776
4922
1540
4516
4750
4026
6796
5508
40452
3314
590
914
2132
4552
5606
1390
12284
242
6802
5240
260
3988
8164
3866
4926
4926
3070
982
2914
8424
2230
3026
4456
746234
5132
2526
7626
10346
4294
3212
4372
4904
3118
7470
11232
13650
2924
10818
5140
9870
8314
1398
394
2072
11648
2782
6272
1296
2782
1000
1542
798
4232
511918
2572
3688
744
27506
79378
4160
5312
7994
8782
10088
4084
2552
806
3224
3202
9138
11426
5302
8834
3946
9164
2652
234
25282
4486
5770
6362
614
5144
6062
514594
8398
7492
9088
3754
2094
4836
4096
1322748
10354
6872
6924
6978
5646
834058
5444
2120
3882
970
4188
3012
2232
546
4068
260
8860
3158
644416
2930
2658
3102
5876
4706
850
65838
1560
5668
5522
2170
394
4688
6630
1264
6656
1568
4370
2972
3412
2698
3516
1232572
10314
655294
4360
6346
6880
1094
4250
5578
6146
3530
1142
1186
3698
8950
3298
406406
9968
4112
5918
4918
830
558
3336
9628
10080
5782
9482
118682
6708
6868
1744
2024
7166
778
4106
7368
3434
486
8364
4350
3142
1460
8008
2248
2246
2616
26254
3694
5510
2372
5796
13786
6110
2882
12180
518
15930
4444
1770
3890
5372
1040
7054
4330
4730
5762
6662
3502
4156
9794
3296
3470
1506
16270
38398
3048
1636
3348
7140
2700
1618
544
7522
2272
650
5402
5460
522
1658
156906
2868
2228
7830
2450
6278
6258
626
652
2580
6136
1248
3030
1770
1522
1854
6632
8774
6338
740
4468
3290
904
3106
3680
256
5932
1844
10920
2148
6654
7434
3650
2144
4636
15548
4500
1444
2662
728590
4348
5804
1664
2308552
4024
2960
6472
12820
4064
5226
10882
2438
2758
9048
3968
140672
4148
1938
7594
4560
10772
5200
3534
316694
740
3312
6084
12286
999132
748
386704
9296
1390
5570
512
5800
5130
4416
6632
11310
9370
8766
188244
1062
4002
692
2672
5890
2808
9328
5550
9248
2002
2904
234
8386
770
2928
3498
12102
3826
3320
2258
5348
5738
4360
5210
394
3906
970900
7394
6206
8812
1676
8422
1714
1754
1706
7566
2098
592
4276
1134
7264
518
80270
845216
490
5810
9998
2020
2728
307704
382
661590
456838
348418
5670
554
3324
5334
1484
7530
1846
461160
7770
6374
5056
2586
5186
3772
606
3908
2210
5466
13372
2204
5120
554
1400
4108
6270
4846
4306
5734
3392
3872
7034
883190
4094
1996
7826
1086
4862
3250
7270
910
1300
730
1582
3808
1444
1226
7352
688
5486
2844
4264
368
1495598
4468
5626
256
6698
2916
121272
4410
4518
5978
5910
8082
8172
512
4672
4592
2192
1280
4054
7484
742
6094
364
2100
7804
4808
5072
3892
2804
4912
1086296
4814
3428
1650
2584
4156
5324
3962
398
1402
4578
3528
2300
215442
394092
304406
1832
5894
5256
67034
3362
3680
5992
1196
1798
3928
7260
1312
5454
1064
2840
2200
2310
4544
2766
6078
6190
6022
1173022
5958
3578
3322
3202
216
4134
5694
3154
2804
8846
3484
4244
527112
7966
7408
11988
3214
6902
7688
637712
7088
8634
5220
130988
9582
234
6028
5220
5562
1780
5930
5132
6798
1770
6208
1856
5614
7708
3640
164820
4088
6190
806
6332
3624
3686
652200
251232
6290
2062
7158
2954
1294
8484
1660
4152
3852
4846
352
4844
2482
2448
2434
3208
2550
2506
7236
2616
8568
2364
2908872
11354
5110
8696
6470
4650
4284
3290
7400
1664
2090
6866
3988
6376
944
2996
5654
13584
5806
5348
16606
3768
1602
738
8786
5706
75736
996
5992
7666
804
563788
240
648
2342
1228
7084
7692
6802
5434
3514
3220
2834
7274
1638
2644
2858
4410
3878
4642
972
6966
6414
2310
4094
282
3110
7030
11430
3932
4306
4668
141138
2724
1694
1796
229086
7344
3698
8890
26558
21034
6538
484
2714
4274
4588
7916
3322
3422
1460
115644
3130
5888
2712
1732
1682
3914
5100
2170
5562
4980
408006
1764
5508
1616
4728
10944
6278
3360
7048
2544
2202
9220
820
2758
3678
5922
3444
182802
5460
3740
2218
3716
1100
4314
4398
4000
2544
4454
2454
5258
2776
2226
7056
5424
7960
9834
7354
3268
651014
3542
255108
4814
9398
3152
1352
4732
135252
4634
6396
8194
2516
3250
5598
587322
457962
752856
2240
6980
2066
2232
4366
4084
3690
9112
250
4606
3306
2848
528
472
1350
9246
6648
5074
4814
2336
746
2954
3284
4276
5196
752940
7418
7150
5506
3406
4702
7864
2406
4754
4150
190048
395136
104274
3340
2268
5310
1082
2210
6618
2358
4504
2474
3270
2884
2976
1500
2762
155716
4406
6346
774
4522
2922
2724
4062
4974
1562
744
4582
372
3884
5562
2892
2832
1344
2468
80230
6066
7996
3304
4352
3716
2914
297116
3458
5504
2642
4166
9202
1112
3136
868
6250
954
2780
4066
5988
6756
2436
1090
1796
2602
368
3022
4266
490
776
3186
1830
4684
4424
9784
157068
402
5914
2192
4022
7966
2326
2040
2090
9734
1762
5268
8284
4462
4122
12706
3680
688
4084
898
6194
2880
3938
5378
3090
3264
2468
2310
5344
2478
3030
3358
4110
3348
3416
6192
3108
4616
4498
4028
222286
5534
4812
1194
192904
5530
16196
4492
3468
814
345456
4454
3682
264
4144
5828
3206
4812
2874
751562
2054
7040
8286
4886
5548
3536
413768
2774
3594
1410
768
3768
398
5014
8406
5088
3308
3400
2740
5914
510
3484
3374
9768
5356
262634
2210
3104
8902
6514
2448
1212
1532
3108
6080
8524
4708
86530
1408
6362
3788
11942
7158
3008
3860
4948
4240
2964
11174
6730
14340
2624
1666
4158
4268
782
492
10296
10524
398
788
2556
6250
4512
2988
250
364
2092
6196
544
1492
2500
6924
3068
7052
3942
5582
8076
3854
1474
3390
3856
524
289744
2336
4814
1604
4962
4994
4884
3902
3848
2944
2064
2262
5702
1304534
4158
455598
9660
101098
5218
4836
6840
2864
3898
6524
3546
80526
1420
1566
513612
5606
2536
1082
444
3018
2652
4594
2239896
4164
5766
442
6926
5928
1814
2404
276
1646
396
2762
729052
4920
3976
7714
5362
451516
4354
5024
4012
2522
6210
4566
248
3240
4790
1742
266
3548
2284
1936
4702
4140
4134
7562
3874
7014
258
297256
2820
1492
1902
436774
2420
1364
2300
4456
742
1790
996
6134
4404
6256
439954
466116
1087372
2336
2646
4154
6848
4486
3558
6056
6132
1960
486
12452
2852
1134
2386
4734
2586
4902
6096
4278
2644
2012
3126
4342
2592
486
3768
5544
447008
4576
436432
3360
5556
3558
92972
5260
1060
3398
288
4896
4258
7116
4164
3510
4172
2504
2520
336
3126
6716
3244
2722
2950
5344
1926
2756
9058
193932
2932
784548
4704
26062
1322
2448
2562
2610
552
6396
7748
3050
4874
3170
1356660
3754
3008
5982
2556
11882
5542
5666
2632
8774
7566
1374
264
382
4568
3998
4758
4504
3300
3538
5818
384
3744
484
2630
3804
1006
440
1830
3352
2680
618
1466
2638
4884
5434
194074
1944
7176
1896
211272
4328
3122
6968
9686
2678
7060
4080
5822
9044
2294
4394
4714
6982
334304
2656
5742
1506
3644
5212
6190
4382
236
5534
5226
5528
6246
9698
3182
241132
2476
2308
1196
2784
4886
5458
1528
998280
4998
3186
1536
207234
4004
1826
540
1821470
2692
3110
2532
286
2488
738
2840
4158
2006
5496
640
5082
4120
3594
1258
1238580
2392
3250
2694
6010
3602
3386
5916
7106
2294
4152
6194
1994
138298
2044
2334
804826
1500
5226
1592
1182
1456
3928
732166
1724
264
5132
270
728
5662
2128
616
7650
3280
3888
5076
2448
3718
1082
2420
2720
3472
84640
5572
3602
3102
2486
2482
4854
4670
1439412
4228
6776
3566
5174
12548
1202
2832
1910
4382
7652
4424
2056
7700
1336
3094
5218
2226
4258
5518
3406
5750
2376
5648
9964
6456
393544
1758
6330
454
4852
6854
799090
3164
3828
512
756
398
6998
1370
2596
2580
3718
886
808
2904
4618
2740
3652
486
4652
3136
236092
290
7456
1000
5204
686
2816
9480
3716
4560
7244
2902
3896
2552
4466
2264
2926
5190
20140
4534
9624
2572
2068
7684
248412
2522
5630
5310
1276
2940
1896
2968
3622
5874
1836
6516
4304
2092
1754
5006
3420
2184
7034
12344
2628
4670
15246
2862
6322
1148
7472
4872
2502
5604
6562
5560
854
2418
2186
4168
1170
2164
10394
4564
3258
1724
3432
1974
840782
4838
6388
6308
46478
149004
92366
4470
506
2608
252
4332
3380
4186
5714
6840
4690
5482
4362
2362
3402
6488
3506
4044
3420
4162
5104
4520
4856
3746
272
3284
3982
3760
1386
1942
6436
1250
3658
4576
4284
6806
1654
1960
432
3688
17006
7640
5088
3598
840158
6854
900
3176
9440
4010
2828
2298
1176
8834
6850
4698
2478
4390
5788
598
6034
4698
1002
234210
9574
2156
1832
3528
4302
7664
5000
5278
1816
8772
5158
2636
1664
6606
3310
2386
3014
1052
11500
4510
2942
245280
1002
5948
2304
2626
5668
790
13274
870
4596
1972
2282
258
2030
766
282
3290
2490
10568
4706
3574
4064
2996
6872
4918
464
1900
2546
1006
641178
8444
1824
364
1452
394
2504
6270
1174
1198
1632
2304
3066
2606
1583514
2412
2642
2814
9854
2056
5000
1152
258728
3056
1762
6454
307122
3468
6424
7946
5472
2224
5808
728
3746
11600
624
3676
5858
868
4280
5628
579918
1582
6490
3894
3952
3906
3244
2722
1474
818
2680
948
2578
782
2928
585754
12176
1212
1408
4724
1860
3920
7414
11480
9534
662
4590
3240
4184
10374
4058
6308
6268
12294
3708
4672
2430
2990
3562
3190
2782
5568
8354
10210
1646
3492
590
1108
576
4366
4584
1774
266
145540
2800
750
3062
1212
2610
4622
684
4372
4310
9096
4042
3194
111188
2264
656
1236
3316
606
4390
3674
908
5958
1786
4890
2902
684
2714
269238
3660
5628
1546818
6456
6746
2278
3268
3834
4052
6074
1224
3186
3450
1266
2172
3984
400
88112
8094
3616
2916
278
9472
5020
234
116706
562
6408
1088278
2558
4852
3552
494596
479104
6158
1640
11652
1774
3718
2904
2824
2436
4402
2294
2654
248930
3580
4978
1656
5034
2700
2270
8384
862
5196
1622
3448
1258
5042
3542
1188864
1684
2862
2902
7042
5286
1240352
376
6492
3226
2888
2486
3514
4292
2766
3920
610
3324
2102
294
3190
1046
873594
5102
4138
1307700
2216
1396
2498
1634
2892
9812
2486
4380
738
2622
6080
1367164
3074
4322
370
1428
2266
2658
3050
1220
6660
4622
1048
934202
666
6514
5574
2852
4462
6576
4402
2816
3078
3664
3680
7558
2242
669868
2348
3750
1856
6582
6328
1350
576822
2846
7816
3530
3846
1686
4390
1654
6662
3110
7414
5188
7014
4966
7214
4728
1115306
1122
1972
7240
4812
284370
254
10110
692480
4990
155378
3644
3512
2300
4238
2436
1498
2358
4770
1690
5708
351238
1078574
5636
384554
7674
5068
513492
6008
2214
7856
4470
5170
6764
3056
5948
2418
828
4036
3364
1112
2956
2744
3508
3448
1123854
579208
5056
1213994
862
2734
1490
1944
3546
8122
1244
3848
2196
2906
5670
3752
5216
7824
4452
4526
1122
1280
1247872
3016
260
168046
3712
2470
2072480
5974
1166098
5264
1198
6700
984
2708
2590
3936
3462
3470
3928
5726
5570
5134
1184
3306
2568
4116
3076
3970
4296
2916
6872
5060
6968
3106
1272
2226
2386
3054
8466
2574
3624
2094
10062
6940
1266
2604
2410
5144
3118
3460
4484
1140
304
4376
5890
364
1948
2646
2198
2820
2336
2870
972
5772
5640
2810
2118
2558
2398
4434
2228
5818
1628
4406
9010
2728
5094
6052
7970
3128
3752
2988
28564
3070
1690
2796
635300
195408
3620
4572
5688
34632
3710
2614
428
4170
5588
2788
1608
6158
291858
2818
1922
614
5574
3628
7130
4110
4564
4820
504052
1824
1582
1514
6470
3756
2898
10454
4672
4130
4420
1604
4460
327698
4510
681912
1376
2714
2728
1398
2268
2072
526
1800
5804
97634
1516
5136
6600
3106
3300
826
3774
8492
1474
940884
5320
3874
2874
478640
516
3640
1382
5642
752
218126
5656
1930
7356
8388
1954
630
368980
13596
868
9772
7074
6574
33672
3882
3312
4424
3600
5522
196446
2778
1612
1394
431144
4016
3592
4372
6746
6218
4836
20778
9452
5878
3916
4576
555826
230070
14570
4488
4368
260
4760
3718
2040
1282
4568
2004
3504
4548
258
4668
1068
651198
376
3130
5958
1566
7058
5226
479662
4248
4270
478
632
2750
4886
2684
920
4822
12508
2912
309294
2914
4218
2792
668
5588
1758
9580
5882
288
2960
4920
866
8466
6946
6416
1422
526
7392
4992
4384
4798
488
6892
6876
768
4692
10296
214570
529950
644
4668
2878
1564
218086
5498
3648
1680
1920
3732
11518
790
1778
1856
5254
1356
6344
3294
173832
2946
10822
5850
6384
3024
95354
5016
2796
970338
37970
4680
8314
6214
1252
819724
2164
2248
3390
1372
1044
5774
5246
1174
1666
1606
10192
4574
4296
906
2336
3036
12038
5558
842
12258
1456
5626
13582
3388
3346
8066
6340
3534
572
7406
4818
698
529496
366
859176
5858
1596
5814
404
1554
2888
3470
3948
2522
3996
4198
2242
506
3918
3418
6120
876
2606
2764
2762
764118
3708
370
11120
6340
83258
3656
4226
2504
8432
378
1814
8316
4824
3360
1194
2968
6002
7348
3756
6088
6114
1616
5864
2296
6056
804
2988
16146
8616
5938
4752
594
1232
8322
11112
11528
7186
3292
1858
3118
5610
10478
4628
2574
7402
3312
2170
5198
1532
2074
12558
2340
883826
5874
1008
8536
42896
6116
235380
2706
437692
2494
1546
270
1152
456
653182
6928
4602
2794
2474
1874
1266
3922
996
804
140206
4152
3308
10782
10784
2904
2536
1924
5294
1256
7538
3800
2280
7026
355286
3566
5048
1676
8706
2086
440
3558
4902
3518
3472
982
6488
447426
1766
898224
631126
1112
2454
5196
8944
9550
3506
4690
7038
1698
2358
7668
588412
2666
3530
722752
6938
2350
1130
8964
5308
6222
6986
11602
8210
7136
792
1376
1183622
2242
2596
3080
742
5234
674
1854
364
1152
5170
4962
355154
1876
2058
3916
639454
1684
4670
262896
978
6116
3900
5480
378
1590
370710
760
3956
6808
1300
6276
7776
2526
231532
244
266
11712
746
3170
2782
213348
2658
5158
4674
3630
2640
159734
2768
794
2170
3266
2084
2024
1230
1618
1470
404380
4972
3554
848
494
15226
2330
4030
2264
2010
7920
11154
996
6028
3024
6622
180452
4402
242
4148
3830
3424
1342
4592
17338
6418
2456
3314
3836
4440
6262
264214
12384
4016
5326
7046
1660
11096
4912
742
5350
4194
5086
943986
7160
6736
4344
907536
336268
10564
5200
3740
6296
4674
604
3206
1138
2520
571390
601792
1158
4338
4726
4094
5390
4748
322832
5428
1980
4498
3860
2134
3014
9172
448
308480
1608
4684
5170
14726
3132
6264
5724
428380
6514
5738
3094
2068
7866
2504
7780
10746
5496
4740
559976
280394
2086
2268
844
3438
9682
336324
234
514
1464
4122
3526
6482
6768
7868
1898
9868
3046
804
11360
4580
5306
1052
398
8022
8212
1154
769464
700
2448
9936
3288
5848
9016
3092
6446
75126
5014
6590
3034
1578
2136
1700
5224
3752
1920
844
386
2914
3936
1094
2536
1266
3592
8794
3378
1865162
1004
4676
1996
750
231626
1974
5926
1076
1820
626
3158
9946
4562
4780
2190
164180
3972
67874
7020
3576
13674
5960
8674
1762
2176
5108
5188
4666
6414
2848
11214
4302
3916
2026
5826
1130
476
7602
10882
436
209774
4532
3950
754
4548
2188
4978
3400
313100
2832
2824
4278
2288
10214
4584
5086
1548
4552
76668
3146
2522
4658
3854
3270
3814
9702
2608
3406
1237776
2294
2406
6024
5474
4744
4320
2724
2416
2054
2778
6534
10698
7824
5800
5296
67810
4580
6432
4678
3180
6768
756398
1300
374632
1686
3322
5462
4046
5324
5116
2544
3220
1706
3386
4714
1478
414480
64696
5264
5316
6124
4118
3416
461352
6654
1297132
972
5496
3454
5250
3600
6696
3632
3006
1992
6074
3008
3000
6422
694
230
2096930
2910
2732
1784
2502
4178
4894
7946
6032
1688
5856
6028
1352
15474
2776
7442
1218
8840
1226
6006
510
5216
270
494
5756
536
3868
2470
6830
4262
6818
11560
3622
5452
2874
6258
3970
5238
6520
5076
13490
3608
4286
7314
2094
3306
528
2768
9032
4516
112504
1920
1199956
1132
5100
8320
2514
2702
4640
9978
1456
1364
3878
758
1326
3016
3162
3884
1122
3800
376
3990
3544
3248
1398
370
3604
3664
625888
1354
4080
12358
6206
1050
4394
1068
1421450
4436
610
4944
8476
4894
4848
3818
5948
2692
9678
5272
5376
4532
766
1844
5542
2908
7294
1556
846
7692
5082
3560
1116
16098
3754
6614
5920
530
1600
5516
4026
3090
32960
2050
1426
934
646260
3260
250
3540
1194
3760
2354
4066
2444
3416
1470
954
4136
7688
4046
1498
8020
2780
2284
227200
428
13324
3514
7232
6348
514
6846
4168
438570
406
6384
2896
1958
6134
5954
5596
1384
6358
258
3816
672144
394640
12556
2460
7622
3442
360
8562
6294
3870
744
10606
10984
376
1550
200
7482
3640
973284
11250
2782
2948
838
6402
12156
2752
4292
3672
862
3144
3444
3552
1270
5234
4870
4408
2562
3862
1970
4506
5178
794
5002
792
6782
5714
1962
1276
3558
3488
2274
6046
3630
2656
4880
6620
616
2226
5154
846286
368
8416
3136
53044
394
14478
2636
1918
132164
14346
3398
1538536
846
392
5570
252
3210
4544
10918
1260
2510
636
374
5268
484
6684
5030
1357782
1242
5954
3436
433162
3124
2002
7478
450
3608
1212
5114
922
286466
4898
4010
3088
3752
5062
740
606502
4308
5390
5228
4744
1056
2102
6712
368156
2010
364
1034
5928
153430
3430
9488
640846
3938
8250
2988
1280348
8204
4700
1694
780664
4356
1158
1166
4682
9766
320
3122
3458
6362
1686
3828
10414
4608
16172
3456
7416
7964
2488
1390
5888
4606
2056
3372
1472
272
3892
2350
209226
1086
5884
4964
1254824
3706
113778
7550
842
2392
460
3658
2452
2378
5650
5214
1656
1660
4744
6890
4914
4274
5338
1150
4878
10532
4368
3936
3018
6264
10528
1344
4366
376
1144
748
2784
4264
2538
5170
5336
3592
3518
5260
4644
6244
4678
8130
5148
6834
7804
105480
2604
203636
2446
4084
5212
4150
3646
205354
5460
7990
2653858
7236
2450
702
4348
6304
3592
5104
138388
3330
2112
686
5632
151398
2378
7936
5060
1876
5908
3984
4516
4982
3928
163878
5658
2542
3586
3612
6150
6216
6350
1102
2806
3826
3916
3688
778
4268
3922
3686
622
2706
5144
1006
146024
622
6782
2000
4732
4624
3940
6396
8676
5172
3946
5414
3118
4090
1978
1568
3344
2192
3820
4118
2352
291034
8590
3714
5890
3408
3568
8060
3780
3076
2930
4736
7380
4418
1342668
7482
1152
5598
3178
7814
4322
702
288
2210
5758
5562
2598
4568
3706
1864296
4528
1504
2664
4206
520564
6322
3708
784
7860
5748
5266
1608054
4170
2406
3716
4346
7688
6782
388
189826
289114
428
5816
7646
3696
4738
40640
478
4664
5442
402
358
2738
10468
4174
5650
5176
415834
2296
6192
5606
5440
4146
2804
9086
14562
1588
7816
6874
5196
11918
7994
4706
1122
4710
7950
2030
5534
12604
5566
3940
4802
246
4816
4422
4906
2410
1966
540
624440
6896
5756
2494
3514
5946
8688
3460
9064
1446866
740
7830
6090
5252
8284
9056
3928
3216
2328
738
2014
6482
5052
5902
2122
264
5092
1962
5994
1922
3964
6538
2984
14636
1880592
3004
3742
7048
7910
5542
329216
7818
3038
4916
5282
3626
2330
6902
2692
4888
4220
3758
2506
12238
6794
9304
284
434
3422
6092
2992
3016
3686
6410
988
3616
8010
428
8910
1456
3982
7104
2122
3472
10970
2142
508
5544
6984
4618
2388
4224
7362
1968
4544
1200
1562
754
3396
6074
920
9276
14614
2890
592
3474
10698
868
5934
5174
1004
5660
11122
4186
9026
3416
5304
616
5284
6560
4034
786292
2598
2086
5008
4398
4092
754
8522
5072
7856
3346
112858
546
4598
892
5972
1124
3430
4386
8440
4922
188072
3526
3786
7652
8466
3820
7360
233012
5426
1102
3120
216114
6776
3002
2326
5044
55946
354
5304
7936
2242
762
8710
3002
6442
1048
3840
7938
3090
804844
5724
3034
486194
2946
3516
6822
1740
762
5246
4768
662
742
3748
6682
6704
6202
7800
7566
2396
3898
353454
6208
396
6522
7448
2538
13554
3626
7936
4188
4122
1122
2050
10246
3734
4762
3724
6296
550
5226
8620
3650
329588
6076
7148
5986
432412
2824
3882
3178
4208
2496
3792
8716
9148
3684
3522
992032
2678
3378
4674
2876
376
290
3198
2900
958
3134
2126
2228
3452
3128
4990
2026
3860
932
3148
5176
1890
3754
7216
2220
5092
6464
5140
2646
7898
149198
8756
5136
1246
5026
998
5280
781570
6784
6158
3598
163128
1524714
5086
6524
7328
6302
2154
766
5326
2384
1296
4986
4288
216688
3322
3996
6182
5648
4910
2804
4494
2888
5390
2708
3026
7748
2324
3928
7884
3548
5250
236516
6390
4574
6160
5464
796
2310
824
3484
3644
264836
10494
2336
4332
2444
2530
7650
3126
3254
8230
5630
774
5228
4634
288
3596
3392
3162
6774
197006
5644
3214
1164
4794
6854
1138
3890
2526
544
1440
2878
8928
5884
5334
488186
2196
12446
638
2492
2890
5476
6750
8116
3292
652
4536
7150
5052
4590
5110
3398
6278
2044
4242
920
6208
542
392
2582
1119966
4286
4982
6136
2894
1776
3554
2980
514800
1430
8894
8444
2918
6198
256
2314
2592
400
990
2732
5842
1202
3948
2464
8016
390
3248
4360
257790
5118
4100
558
266438
1624
5970
3252
5542
1192
3402
2332
190458
1588
2856
2954
6996
394
6186
5178
2452
1494
486
9990
7004
4790
5474
2142
3422
5190
1422
5008
4940
1048
8470
423718
4354
3232
855890
2648
71500
1252
4134
8470
3922
7042
1452
4152
5468
6168
8052
740
2130
4566
3508
5476
270316
1112
440
2104
1282
2908
288
4482
2786
870054
634
6318
226088
3348
3342
230116
5238
7448
8548
567922
6486
5678
5414
2056
9242
3868
3828
20436
17982
8360
6186
750
9266
4870
10176
4010
2505458
14974
4124
876
7420
268
3646
7428
3862
906
744
8774
561088
686
3336
4202
4350
3716
5004
692
3552
3746
1314
5646
3966
4960
6566
372
5082
522104
4484
3868
3696
7208
2452
1712
476
442
3158
810
2104
2950
11182
3332
6942
7336
9200
3912
916
4708
2956
3234
12256
6592
9004
1390
13696
7090
2146
235026
2034
8056
424262
1440
4042
6204
7980
2780
1968
630
103474
3200
2826
4432
1160
2454
882
40772
127594
3916
934704
12138
2664
6624
4670
5476
8388
3448
368
1150
850
2610
14818
315096
3146
3240
385440
6658
3698
1424
7146
1677142
1738
3826
1356
284
130898
2268
5940
4730
4130
3674
6452
4756
2684
960
17268
6748
8906
448
288
350
446
5714
2570
2586
902
10562
3090
9786
3140
7488
2098
4824
3638
5130
5186
358894
1790
3546
5008
4194
3012
738
3674
7776
6042
1700
5488
5214
4282
2796
2456
6832
1820
10270
7842
5044
9754
3440
512
10984
5276
8456
2032
9282
4604
7300
10422
422264
3390
5990
3266
1274
5594
638
2248
4838
3828
4520
3204
136298
5560
1259702
650
6896
4464
4936
870
5088
4530
2330
3106
7578
6858
1738
8090
7458
11300
2402
1368
1400
4930
604
7710
3186
4566
4178
10868
842
2826
5250
5330
7484
5214
9022
254
5756
2462
4028
3158
10922
7128
4294
2582
3934
7618
612
1342
1046
3248
3394
1560412
2736
1048
3968
4372
890
376
2524
3966
3872
3640
944
890
4212
4448
6568
6438
1510
6362
4148
7058
1181320
759898
7524
6830
641372
6662
4724
1068
7262
2082
1384
1432
1668830
866
3644
848
1044
5424
460
4612
108922
484
4428
3306
540
1966
8792
1454
1516
4698
518
6110
18602
6888
3942
5354
436
5596
5944
5106
5554
7276
5728
2174
2404
4512
6268
547380
7182
3796
5778
9320
434
3856
8430
4952
6210
4568
524
4604
1380
246
3690
6900
2814
1820
7056
5326
1770
452
3232
4468
3428
2176
5666
1218
13704
262078
928
2894
7514
6504
4384
4254
1080
1044
6346
268132
3218
626
6192
7624
3280
9020
384
1434
69306
106524
1744476
3766
9638
2074
4114
2892
2784
2076
6032
997594
624
230
6180
5404
2698
4544
8008
4338
5616
4318
1642
8702
5220
1674
3734
2702
3616
3174
1666
2176
4626
2488
8682
5364
4862
1936
876
6966
3858
4838
2264
574114
598
10896
32004
447420
7134
6254
13718
4236
6830
1090
5084
5270
5286
4196
976
1962
3016
5312
2392
7538
782
526
5690
5030
8138
2550
234
318
3026
864
474
2610
2572
561182
6702
2436
5252
6106
986166
3326
6876
2670
3604
1542
5392
8636
834
8708
1766
2802
3126
709924
4426
2782
3608
5432
80330
4474
3326
3156
616
4510
8474
10698
4138
6150
3784
3906
11734
2282
6096
2752
660
3580
1670
31374
1246
3236
7302
388
2040
4182
4894
6622
1680
2696
4506
8532
356734
748
382
314
6968
4736
5990
9116
366
4642
3258
2874
3976
4692
1684
4216
333672
1120
7050
3666
4154
5870
1594
2802
6398
341662
2688
2442
25080
2132
117848
7478
9874
13088
2638
3958
11856
21084
386228
2274
3282
350
7724
4966
5788
236
5672
6926
2280
3458
10506
5240
2488
6686
1784398
2020
2674
1103486
8422
4202
2296
3354
638
3976
3388
8112
4414
3898
2306
230
1790
1751580
72624
6328
1512
8144
3518
5940
2782
6412
8242
16554
6410
836
6732
6092
4860
2562
5928
352842
5106
1822
588
8146
3656
5600
444
36010
2008
5642
5802
3836
5884
392
3068
9406
694
3090
4218
1584
105382
7000
4166
6296
2938
6588
544
650254
4048
3754
3556
3808
308784
4002
456
3740
220
8078
2504
6360
4728
3864
6530
8064
5308
1066
8542
270
7714
590
8584
4016
3538
4200
2912
6490
5062
3480
658
9086
11302
4922
982
4270
1810
3554
7062
4650
4656
3872
3470
3268
7016
1132
903088
9844
4100
5640
8460
5800
6304
2454
8478
14462
1138
15176
7474
3904
6050
7924
127186
4530
512
9806
2394
2382
1266
2312
12910
9938
616
5224
836614
10762
4522
3294
1384
4136
8992
538
13206
1046
4900
3138
1382612
434
3204
8646
2518
474024
6288
1654
84640
4818
2482
2602
4434
764
848
818146
375302
6004
7244
4092
507802
578
414892
8292
3362
378
4934
5700
3208
2750
11474
2154
5054
5172
3944
2996
6806
398
2644
3014
2396
3190
1760
10744
6104
13026
2630
1168390
3168
6864
3846
3230
5372
727822
2796
3662
9700
6076
3792
67940
392
979094
2234
5534
2330
4778
97650
2048
6700
3690
4358
3834
448
8188
5048
4540
4636
2266
248
8804
5776
11082
626
6324
4644
836
4400
7248
5352
2414
6006
3906
472
3070
7298
7426
5658
2198
6602
3464
3286
4926
326
9778
4194
10094
7212
209396
3242
2614
5154
2546
7254
5020
2338
276
238
8196
284
4232
2222
5886
6422
2080
7386
1136758
1394920
446
496
8096
2278
1438384
3544
3808
3444
2260
434
5224
5778
2882
3624
4464
4748
5746
6164
6910
4960
4106
2998
5304
4680
8758
4614
4120
4848
2508
4216
5262
774
2998
857592
5150
9198
4890
872
5860
5162
680
6454
614
9134
5572
968
7848
412374
3208
568644
5964
7966
1836
5806
648
942
5358
2190
1380
874
1132
659962
3952
6000
12544
412
4902
10150
9654
3428
444
2296
108612
2876
5634
3314
2830
6656
860
204916
2844
680
2148
6038
1258
3496
7900
824
2268
6128
298
9066
972
7966
6846
4652
4812
7640
624
668
6290
461814
2822
464
1788
4948
670240
3734
774
6644
6594
338
3048
1820
4582
4054
4490
4368
3384
3636
534
1718
2680
7432
5180
3398
447466
4930
3206
3262
1734
277800
5922
2902
352
1792
9282
215178
1080
7034
476
2740
9374
3574
352
2164
3906
2664
7130
2106
13370
1044
1161068
356596
8412
11028
8984
2208
6850
286
3494
2538
804
7366
1188
5860
5024
5942
7968
396
2928
4288
8276
3792
1712
3590
3710
1864
2240
8500
5246
10152
246
496
5150
4122
2242
575118
4246
1798844
5484
2054
1660
4584
6908
460
1842
7214
5344
6848
5128
7376
5674
2896
272
627940
4964
307356
358
1135756
2136
1134
4294
7434
3018
478
4976
4166
966
3208
2564
52718
2036
2452
6138
6458
5100
2107846
6886
4954
1078
13362
3290
2958
4930
8224
3344
2080
7134
6738
10062
1218
11184
374
247894
2708
3654
10818
760
3434
908
6440
1114560
5688
3928
3676
5388
5196
3086
2880
5962
7338
6882
7348
6988
362
4312
5146
6258
8522
7224
4674
2148
4760
2912
8396
1924
166816
4222
2366
15110
3300
4490
14872
2704
3532
12780
9058
4498
4932
774
2052
5562
2456
3212
3180
861368
5398
378
4446
4460
2520
6496
2078
1514
3154
11062
47712
5328
3130
7502
6236
6478
4800
2398
852066
4774
9260
8190
2844
3452
5276
7138
5792
7042
334
2108
6694
3946
6054
5002
238890
4662
6334
3066
280
4168
852
3626
2136
10112
770
7418
7886
5586
2778
3656
1694
4762
113460
2054
402
5490
3738
3258
11202
3168
3548
372
750
4576
6848
8902
3226
4996
354
5474
2368
1604
818
2528
728
3190
6622
752
2050
9438
4460
7084
6402
7032
9668
7224
282
583984
556410
6894
8634
656
1680
1846
208850
7136
4176
4852
1280
2034
7536
5538
1062
4208
2073242
4366
676
5816
1704
4458
3644
1389334
59558
2844
1354
454
9676
1810
13632
6530
542
5294
9022
9030
8726
1762
2200
3158
370
5244
3126
636
9436
5646
6192
6570
7994
1448
1727336
9996
5766
4622
1028
2208
1260
5868
5942
3458
8510
376
4096
5518
4956
8010
2858
5210
105188
3492
9936
6086
9750
3776
2970
344
5416
5096
2144
3816
4624
3060
3730
7300
5352
3004
826
5602
1792
4290
3190
2794
478
6742
32798
5678
5492
772652
7732
3248
4840
7418
8926
3190
2278
3646
3740
6798
8910
9940
2810
947898
7586
10334
6812
4426
2640
2260
308080
3502
1924
336446
3418
2308
228
2022
3232
272
2082
1228
6780
8194
23014
5340
4456
3886
8136
4214
6678
7124
5978
6994
10460
1868
672
6032
3200
3044
480
4818
7672
11780
5366
3732
3526
29242
4840
5102
6788
6106
6342
5422
6720
5836
3584
7206
9882
3680
1488
4704
300
530
4466
4558
5302
2820
34492
2780
1240
5428
892622
5360
364
5716
191464
2010
5946
1468
5212
3496
2800
2672
286
456
4826
3682
5490
3764
4524
384
1854
1460
5224
4764
3448
1854
9136
2378
1814
6318
896
8850
3578
1412
2960
4568
3972
580
14398
982
2682
384
1780
4038
436
978
2994
1246
744
3666
8788
8404
872
210110
762
6218
8296
5242
9814
3428
1656
179914
278
4960
352
8848
1502
3932
3914
3426
8136
2872
7702
8264
1048
7930
410554
2824
5742
8534
4998
844
4072
4652
4252
138338
1422
10586
5080
3216
4142
7044
2734
3926
516
4742
16546
1048
4164
6002
4052
7784
3474
6364
7142
651772
590
5952
3382
4974
314
4666
1312
3554
4784
7382
1385738
1188
3276
5514
3456
6020
5954
2852
5792
1312
3744
762
8510
832882
6396
4242
2922
3322
2132
7502
1854
740
7184
2484
21378
3390
746
659510
1654
2580
5420
2982
4620
5996
1828
394226
1396
5040
6150
2452
5270
6154
9442
1566
676
820
1496
594
7682
790
2534
6812
7986
5116
2072
6402
4642
1882
10004
860
3428
5206
3882
5658
4796
1457374
4500
5562
7724
2864
1292
7624
1170
6320
3720
7230
294904
474
3018
6794
5996
210590
778
42242
4986
6968
1358
3628
6740
7736
2834
2736
1512
3356
5296
2674
5648
3804
5324
2206
83986
3524
660
9070
7448
7002
1174
2098
5840
3392
5476
8088
6118
15514
1834
6046
1013726
4146
4802
1230
1752
2722
486
392
1658
10472
5414
6966
6486
11694
1986
2696
8800
6976
708422
7118
7128
8044
3350
5086
642
6630
2664
2460
4276
1178
8570
1836
6030
378
6402
6138
6220
4946
4384
1716
7950
5248
6006
3314
5160
4502
3824
1356
5226
4346
9630
1736
7250
4704
868
3290
2816
582
2546
648
11960
283306
4864
5132
4490
5080
1280
11778
3598
4538
1058
636
5056
1582
3066
490
6308
4172
7246
1592
2360
3210
997562
5662
7986
6120
1118
254
3116
3634
2876
388
194078
2694
1294
266
2630
3380
4740
1652
4072
5474
5674
6974
2120
2274
524
2098
7070
3342
8866
4560
6660
285444
2228
6730
908004
4242
670
1532380
1438
9396
2688
308
2648
4440
3462
10492
1668322
3790
2642
6820
7144
3240
866
6512
284
2644
3314
2034
5292
5252
644
5508
2704
363324
3768
3096
7822
9452
4126
2028
3608
1126
3502
1760
1634586
5820
4284
7526
1514898
2820
1516
2164
7442
5950
2470
2282
506258
3772
4536
8796
5148
3502
9198
3828
6820
1004
7734
7774
5988
3334
6398
1472
2160
496
3480
4882
756246
7944
1566
3094
2202
7166
6494
6326
102972
6848
3608
3996
7672
3660
155374
11826
1416
9912
7852
5618
778
4882
6466
2692
32574
394718
1684
680
7664
940
327744
3536
6384
40492
3514
3536
648
3468
1746
257074
1084
504
10386
5458
4850
66096
3040
5494
6316
7628
558
9182
378
400424
2798
9782
618
6960
5046
634
1900
5108
2726
2404
2124
5860
7154
214870
9968
6942
1234
1682
266
290814
3932
5310
4498
582
3340
358
1040426
396
7548
2302
259090
3422
4436
2054
5014
3888
2096
860
4394
4234
880
2104
1914
1294
6394
8494
506
4030
4738
3612
390
4502
2442
2500
3032
2150
5614
5094
7948
734110
6948
1512
262116
5948
1406
4032
462
5434
5836
4722
4610
2044
3198
5204
3750
1520
6826
1232
6708
808
4208
5556
2348
6000
3514
1696
12174
542
394
4524
676422
4838
396
3122
5822
6722
6614
8496
1404
1818
6084
6006
650
4298
4584
5494
9320
3866
6904
2804
644
4620
10870
3684
3156
5250
4302
4104
3212
2642
756
5298
2466
5780
3338
7862
4456
2670
10836
280
5986
3740
2134
260
3486
1766
6670
13930
104126
1082
2624
3746
2136
3066
5318
2788
542
2758
3062
1010
5338
2028
2284
3184
7452
2060
3690
3946
5964
8668
3998
510
2526
4448
2072
858
11008
2172
9978
284
2086
4978
5024
3038
440
2734
3098
3446
3786
629142
2370
3656
3004
2604
2896
2826
8848
4138
68764
4466
4782
6848
628
630
4222
3570
1794
7762
4566
5768
5838
1774
1591970
3514
894356
4104
1984
902
4094
2042
1674
3074
4292
3618
2542
3914
4372
1670
2582
2818
4932
1352
1402
4632
298
157404
3132
4936
13184
1254
5066
174548
3128
445222
1834
5474
7154
3952
3344
3410
3294
1792
2284
3750
4526
3762
487818
5354
2376
2718
28374
4804
4842
3148
5496
4762
3034
6066
3140
6832
337058
3286
7212
6306
1612
5110
2844
5126
6614
4552
3204
5822
2724
4092
2328
3012
936
1542
6640
3750
6188
208552
2080
3742
4030
3148
185628
10112
3080
1808
2822
2224
4158
869472
2244
5744
2156
4904
4916
2454
7876
2188
6822
286
2200
6228
848
1240
5038
7504
81258
6066
20264
6638
568
6032
4542
3932
2168
4664
4974
3058
5718
9116
1217676
764
10218
3348
7128
11030
3426
8594
6452
9376
802
4552
8152
5658
1303586
7410
1686
5370
2630
5686
4336
1750
2682
9598
2784
1822
892
6184
133212
1360
362
9726
3714
3206
2984
1436
524078
9792
8754
7644
4860
430
4962
3186
4510
3616
1860
434
8456
14316
8148
8998
483048
6680
2710
2468
3204
4660
7036
4430
642
11162
592
12794
5220
6984
10488
2586
233264
465136
1822
8968
1258
5228
4596
290
3108
3560
4902
3182
360
3388
2216
4154
15870
1958
10516
6594
1584
793212
1172
256
3644
2942
4150
5392
7568
8348
3954
243420
978
3824
3304
5162
2560
1834
3286
8424
1356
786
2088
5654
2164
5468
5036
69982
184370
9620
15594
544
6464
4856
5206
1780
3144
7030
3436
10922
298482
9206
3250
4116
11572
326
4194
1046
1770
370934
848
4010
474
4094
1740
2998
7254
6210
2828
6254
944
880
3360
10916
7350
4216
3236
11720
302
2316
1706
3040
118982
4162
5982
13774
8454
5356
1304
10632
2220
3278
446
299686
5794
626
5252
394
1850
426
6840
5068
9564
4256
8018
950
7754
6212
6212
7332
5782
1002
650
1220
3948
5086
5080
1998
3934
4180
4572
11780
3508
3882
940
4110
155944
2998
2406
6282
4000
2756
4734
5766
3100
5270
438
5188
6880
6952
3756
1278
9188
1536
6278
1138
3140
203300
380
2280
846
4914
6418
3744
6220
1948
6206
4466
2812
7830
3028
5340
3144
3458
3564
4636
6748
43756
5338
5226
1320
2086
8202
3726
1008
2918
201742
802
3306
812
1256
6996
646
4306
390772
3216
3888
3166
3758
3120
2922
6316
890
1804
1154
2704
5126
4558
1402
3054
282
6328
4428
5252
1350
6132
1064
5496
7686
4728
10772
1970
3712
9034
5952
5346
7546
6036
620338
350
5562
5724
539186
2006
7090
2378
464
7054
2290
2390
4786
3414
113770
3162
2820
2424
142196
3238
1634
4934
6318
4806
2838
8480
1680
4538
366
2610
4332
6488
2412
4970
676276
372
7492
1047922
1818
242
1646
2838
4130
848
9932
6300
148226
379610
398494
2668
3424
5116
2064
5196
462526
1602
4600
1672
3884
2784
22294
6958
7926
1622
5792
1624276
3952
9828
119574
5824
9170
5818
5644
12072
5914
14006
3710
5302
6174
8770
6034
384
6726
676
968
2896
776
7510
260
5056
11072
133830
9990
1134
3964
8408
2586
4986
1088
2706
846
4722
1424
2636
8060
8380
11124
3140
3832
212912
6976
356
628
3284
6490
5626
225774
37272
650
4402
11212
5360
872
3614
5932
1089250
3752
10206
6892
232332
3354
4870
364
5664
402098
13406
3922
4786
3444
7460
3118
7238
3210
9386
474
7770
961972
2958
480
9364
5026
396
3738
7990
426
816038
7608
2052
6478
7626
7178
2932
1132
786
4072
4658
7624
3840
4264
4120
1716044
9848
1180
260
4364
5944
3594
4314
7478
2630
738
8986
333710
876
1512
49840
2288
4918
4224
3514
10510
1482998
3702
3382
1542
7056
5988
262710
5422
5158
204578
7500
9052
5552
5354
2424
3294
6454
11112
6006
2710
2814
4536
3446
702
4680
1108
4768
3568
3194
315664
905518
1268
1171498
15714
7746
552152
3860
952
900
5962
2860
1780
3232
7628
5522
2138
11238
520
2902
2914
1298
1746
5754
4782
248032
275172
2110
4270
6290
829472
1932
6132
3626
5234
849454
243724
1300
52554
170864
4142
4328
58978
3420
876
4464
229260
5438
11444
1320
1516
262
3384
212646
3158
456920
3648
6404
1626
1502612
1356
6090
1152
11178
5640
4804
9948
6952
9286
5356
2800
376
280
3856
3234
2182
381448
3462
8392
7682
362152
2110
4932
6302
11724
10784
2022252
6634
6978
8354
4486
5966
976852
3750
1062
3266
8626
4120
5330
1854
598
4310
73444
1022692
7902
542
358
5104
1070
7084
2594
2745658
4652
2204
1458
2780
1056
6302
5618
2822
4580
5270
256
358
4328
1938
330306
4664
1388
6348
382686
2426
1200
4782
13906
10034
2412
334
258636
16274
4610
624
260
425858
532
514054
2736
2024
3586
472
244
280330
652
2756
3704
440114
562
6566
4714
4986
5460
2582
2328
6164
641456
179462
230
2258
1942300
2144
3644
1672
3742
1998
478
3456
4338
4714
7152
6508
4956
526494
435634
159164
970
2052
3250
2086
1718
125132
6920
7288
4040
1816
1050
1688
9384
3914
850
4114
7106
3288
496
3250
1154378
934
3364
3962
14260
1724
4886
4952
2092
3952
16632
376
6932
7114
2624
13334
4886
512
4358
504
3150
1770332
5846
5006
1358
5868
2858
7512
7598
8110
5424
11392
4592
1236
290
11388
1970
12950
5570
2812
8438
3414
1650
8498
5860
5500
2328
7572
7242
7052
4318
6106
294490
3180
7816
5132
758
368762
118436
1674
2406
6952
5384
4362
1062
1996
4014
12414
222
512
230
390
6410
290034
214
2846
6076
482
179858
3740
6338
1830
4302
1150
3816
6366
2276
2996
1170
7496
409888
1552
1118
966
2726
5928
4668
206194
3740
6510
2388
4252
8222
1256
1632
5958
1561960
90844
6686
9176
620
74580
10414
1112
382
3664
3022
83138
1122
3974
8814
2626
970
1090808
886
4986
3970
376
760
7864
2424
12348
5092
1076
7402
4216
2334
3804
8120
492
3298
5112
292212
2322
2894
1200
7644
3894
2882
11426
6068
12288
2020
2422
8142
3712
163308
2002
51060
1270
3522
7182
4132
234624
5266
7660
2364
1292
10504
4950
3350
3624
7132
1264
11082
2594
2176
1380
15512
4154
1172
224
4322
2586
6024
4366
4792
1222
2530
6992
1970
409252
3832
5000
2292
2478
11654
1046
860
4288
8152
1458
8552
2168
3842
950
3830
1190
1699998
6042
3262
340
681890
4000
3370
2034
6790
1461806
11088
9288
9748
46674
260
4042
5008
5652
4604
1788
11218
1778
3612
3844
2512
336838
1984
3680
6438
1450
4346
8318
9118
4568
1014
1404
1178
2484
3624
3332
4144
3368
4766
4806
5490
1776
342
3616
664
258
4024
6782
4806
7136
5356
1474
6358
3416
6178
2528
1428332
1094
3368
7326
2168
343894
106102
252
2774
2576
11122
7150
8820
3026
1732
2960
2402
11218
4844
960
8478
5332
4988
338
2994
3914
4460
272
196504
3274
1502
2556
6346
4034
3498
1356
5952
5992
4856
240
2772
4162
1369512
2402
3680
3856
2620
2582
8462
12190
6364
1798
532
3190
1528
6246
1248
13512
1660
2192
2704
12262
406898
4640
9562
4050
2050
3300
5738
3168
320650
162464
3338
3228
870
2028
7278
7344
3692
3968
388
3360
2870
3822
2864
2344
4244
326
490712
838
7526
1826
9952
118416
6546
240538
207182
495510
6254
1434
11900
3830
1760698
339060
17292
515372
6322
1038
5218
3266
166648
768362
942
836
1872
1982
1504
828526
7258
4358
11328
4710
5928
488
3200
4042
13270
6182
7672
6254
8368
1408
1154
7212
904716
10436
1432
6550
5042
14142
13156
8026
7068
6990
185338
3530
384
2618
1423700
2566
5524
2480
5328
1084
4532
4804
4864
838
613240
378
1192
2544
2842
118968
4248
2882
910
6406
3816
6898
5146
4782
7686
924
11528
990
3412
2208
1504
3352
626
2670
2932
7284
2044
4082
2582
4344
2848
5312
824262
5518
5992
2754
268
3188
5224
7242
83304
4076
4104
190140
2300
8536
6634
305658
8270
6406
508
157826
45264
244
680
808436
3438
742
194458
1052
3568
5222
296244
5230
4348
336362
2568
9316
540176
7908
3250
5252
3636
3190
5332
340
3666
3074
547768
179424
15202
3368
246790
3070
5354
133088
2220
2158
1288576
2664
4388
7538
342
2594
3130
3158
3728
6882
1600
2582
594
2078
892
276
9860
3210
760
4568
2346
2876
182276
5682
5734
187488
6290
2406
6492
757868
2906
620
640
5658
4158
795302
4466
7624
3510
393502
3946
137124
1010
904
341670
6330
4982
396
5734
3274
8622
6972
2656
6406
436
1282
2796
4912
7450
3786
3278
4560
889638
5402
5082
1006
1161098
228272
9178
2190
2082
6476
5460
1692
5386
2854
4272
606
1730
1628
548
650164
28702
896
4434
488
810
1276
631810
1896
9884
2658
2828
6860
7180
5234
3072
3018
5692
1796
862
4702
12306
4572
3222
4960
3174
386
5166
5956
9304
10152
780
3676
6758
5044
6032
7056
7256
48250
1572
5184
6516
4868
4862
4178
5762
3012
3056
66644
375834
2254
9508
5056
432
2302
518
8634
416
4998
440
3946
5196
8888
9132
4412
48862
8502
2868
6372
6096
1470
2092
6272
6494
7764
6658
4250
5396
6348
5296
5296
10514
5352
2272
268
5454
5184
10108
4432
1172
1546
5522
3382
4724
5292
3512
5770
3124
113796
8486
756
1764
5700
1004
4966
14914
801966
6410
6094
9992
2534
1926
2848
7462
848
2236
1406
5390
640
3764
1512
1178
5480
1728
2220
349846
484
2748
1205490
3550
440
2028
2818
3378
8142
502
4984
3238
2386
3824
7618
2624
2304
2464
2472
2642
3238
7676
2568
442
6398
5364
6406
9022
4192
1308
5308
3570
3976
1096
2282
9278
1284
780
4192
2224534
7922
377974
6224
6904
7334
2202
4268
7948
6494
2132
6498
4134
1660
3612
2304
3742
8156
255040
4022
3990
2046
2508
522
7372
2604
5882
17846
144658
5612
5836
1450
3462
11944
3552
2606
235426
6266
1522
6232
3684
3440
2634
1450
3624
4154
5968
2876
7540
3140
2236
7596
364
698
3232
989918
634
4736
2632
974
1824
3788
376
510
4512
3502
5576
1798
6666
6626
350
6866
2970
5642
2028
5412
2900
1432
3958
7236
382
894
3774
748
2018
842
575696
4104
5082
3078
403210
2262
7158
2282
2078
7514
3584
57516
3410
4044
4212
3040
1532
614
3832
87596
388
5370
1874
5444
5590
3548
4014
3414
2438
3496
6970
1444
4162
2102
4038
4662
742
1442
266
4682
6982
1760
8822
7090
478
4796
6798
943034
372
1225026
5900
5328
8734
2636
240
15372
2208
1586
740
6474
116958
1962
2282
6494
646
6222
3336
3330
5612
3602
502
4010
918
948
420
99722
2928
7190
4050
470904
7128
3336
5024
4886
4868
2752
3642
648
3662
6856
3496
1228
90734
6986
2016
534
4644
266900
47040
8328
744
9838
1200
3200
5090
1368
5004
1064
394
2072
1588
3580
2038
3580
6006
456
3800
2104
2758
440
738
2702
240
2086
3046
4910
9790
3168
2656
8200
526
1196
8704
5624
644
305372
5984
1394
442
5100
8050
520
10466
180488
2754
481576
1165388
290
4612
632
5484
6464
6326
3024
2786
472
3280
4764
3156
3200
1784
1390
1040
1854
5146
1822
8776
548
4862
2964
10964
876
3294
13206
5094
5832
7738
693234
1724
6214
160050
9714
702
10800
3760
5382
544
6426
5654
1694
209598
6712
3722
1704
3090
622382
278934
464
3328
1404
5730
9398
3030
5618
4396
6622
7458
4492
3222
5564
5078
3842
6912
11886
3328
5104
4808
5094
746
396
4560
7274
5382
262
460306
3462
10884
7196
3164
508768
3962
7464
1924
3850
2952
7444
396
6966
744
3194
296
6344
1784
1450
3530
884
4194
7250
7726
6466
2098
6312
5526
6868
4720
3344
388
5138
7818
2632
504
6786
742
1050
5026
870
771682
5582
3962
4744
4636
320644
1198
354964
482
2802
5330
3758
1978
2482
1308
5128
2538
169652
1987834
4776
4692
4308
5570
4718
7192
152924
104258
5648
2910
6044
3730
2220
500
3214
670
4376
2484
2608
3678
7506
7930
6998
3182
265410
3114
1575784
3506
5736
10666
6134
300
7264
4006
3294
4898
6764
4118
5730
438
344
6624
4160
6480
2746
5628
2550
10616
275804
3030
5770
384
566
3596
7242
7010
2892
1534
3726
6704
7652
2016
7764
1274
9238
304754
376
6578
526
4564
123876
2014
6242
4718
5310
2544
836
898
2746
4048
6554
858
3894
542540
6862
3404
5160
866
3144
2076
6938
5810
966
291896
3278
6256
4666
9302
8876
5122
904
1251878
5494
12556
8102
2678
2688
4724
1498
11842
6456
141124
9442
1658
5290
6450
2978
3370
7094
1302
103894
4436
394
5132
3056
2160
862
396
4858
6416
4270
1354
1242
6450
318738
3992
4950
3754
17526
350242
456
442
5374
302344
1414
1922
758
3868
2884
341980
4564
4106
1124
455272
1508
3626
3308
1656
1820
7276
11928
6166
8496
4582
26952
6048
2554
7110
5478
4434
454022
144026
1436
5240
2840
488
5134
4152
5224
545012
4624
280
1580
3572
1048
11254
5330
2106
10654
6906
4180
3302
1964
4602
6354
3982
1272
3028
3448
1252
7502
1356
2508
4128
3474
3166
4496
1200
2778
2756
4822
764
1445100
4440
5962
3466
8104
98008
2812
5800
1550
10450
3892
2086
440
4602
6846
966
830
340864
432
1234
1355438
5374
4400
6094
440
992
4596
4736
51934
5382
5152
744
6458
4434
458654
3606
948
3732
294
311964
4708
2746
2626
3906
9334
5362
236086
299368
3158
4368
4080
1704
522
4530
4326
558
1684
5438
589348
514788
7104
6248
3856
6758
5346
3412
5610
2178
784
4412
4220
1194
4430
7926
677168
5748
9900
1341728
10424
5378
4464
1432
258
256
4398
1956
5298
1070
1648
5064
4536
614
338678
4420
1728
3736
5094
3082
3082
595554
626
1810
3536
4312
376
304
5054
686
433324
2468
5098
8838
5772
1974
8426
1488
784
1804
1438
421810
4740
2712
4024
6628
3362
4162
8340
4796
1358
4844
4886
898
2286
460436
5936
2522
11188
6544
6294
3932
2316
3258
1693414
3336
3352
3450
800
2916
1808
5634
4994
3914
42852
1829702
2502
7082
4250
3446
6928
4024
6068
3534
6602
9282
5668
1314370
2874
3514
4358
2816
5370
5934
6558
1646
2586
4798
3934
2244
5036
3356
5046
3556
2782
287764
3058
1684
167346
2764
4484
130566
5214
3718
644
5288
1114
3426
1712
2702
2720
151500
2762
200906
3258
5174
3994
2696
4188
358
9468
8410
3698
5328
3640
1754
2142
2828
178334
9800
1722
3134
5058
323826
734
800
21042
622
4782
1902
1362
4902
1400
3888
586
634
5432
4552
302514
3274
1858
329998
3524
1694
5752
364
3126
2748
2178
3870
5892
9256
5106
2580
7328
3248
397628
6266
1530
169204
772
14530
5950
544
3554
6842
1084
7412
3710
6280
2304
4664
1802
3358
586
6506
6216
670
4690
1886
340
94414
890594
8354
7542
3374
1166
3228
258
6382
5812
6534
3092
682
5756
223900
4006
3044
97512
504
3399644
4640
5068
611758
752
492984
3782
6406
607142
5440
5322
7942
4616
8772
3554
600
5986
4650
48644
2998
3348
7142
2140
4746
5566
6336
8244
1476
10424
11066
396
3640
7138
2970
2738
418258
3130
176122
2744
3412
834
4134
4004
3820
3568
2650
6366
7142
898
5906
8096
5478
492
378
2944
692
2760
478
876
6040
10436
6372
616
930
752
112484
14450
4236
4188
2100
2576
2042
5332
394
8024
1200
4712
2174
3088
2360
446
6192
800
4834
6716
390742
348
4462
8696
6218
4101442
7386
4124
5398
2690
1468
1004
924
2568
1260
209164
4990
3850
6650
1628260
654976
264
3384
1120
329758
2122
11410
910
7816
3074
1350
2679170
7434
4522
2218
2660
1976
8124
6580
3860
3552
11214
4484
734182
5354
2568
7460
2754
1524
3790
2400
3282
10546
3344
7220
3528
5416
2036
2972
6764
392
2722
1554
4262
2338
222230
5684
2952
3648
2524
6038
796
5332
628
4856
1872
3888
3826
3844
3440
5636
9644
7876
4284
4266
212142
1530
1008
10012
2812
7562
5560
6230
4474
3166
3478
3842
4106
5170
4400
3432
12006
2992
3282
1964
2088
236
87494
4400
3454
2012
3230
1918
416678
318
2514
6002
3056
3900
604752
6172
8130
6758
506
5742
3986
359446
982
1830
7228
1180984
7890
3546
10120
6616
3210
1656
8166
6576
5050
2934
2746
2556
702
3736
5612
6046
2716
4930
6250
7222
3674
7244
4190
3824
1098
2618
5080
13786
3986
7288
2330
4254
4318
6588
2954
3744
3506
5696
2436760
592
2814
2510
4316
602
4420
1880
2352
5892
3662
7898
2044
1504
4204
3144
6602
2010
4092
2440
2812
2940
5350
2238
194748
4506
896
2028
874
9492
7170
5520
5256
4754
5694
1996
4374
48666
5304
850
2594
1666
7920
4104
4230
6860
1784
766
3394
2494
3856
1852
4472
93054
2610
6294
2464
5666
650
4320
2878
752
1144
4090
4730
4234
5750
2708
1890
2118
4610
6682
2020
6186
1642
3158
2478
5382
248
7878
6640
752
850
1074
5276
8040
275820
1459902
129920
2734
2882
4072
4234
6514
10098
2314
2650
2136
7900
666
2220
1514
5232
11000
4402
1536
4692
3250
1458
4270
2094
2510
1852
4404
4090
190650
588644
6416
2564
2077050
4118
1640
4100
5648
5220
2480
626
544
5884
6000
7350
9768
4164
4054
4396
235282
4364
376
1246
12298
260964
2286
6866
2162
4712
6504
2772
8884
6676
490
4660
3806
2690
1592508
3102
19138
1672
5810
552
1442
9760
4548
4466
3172
5470
10326
2078
3280
5104
3826
826
2196
8218
925656
6638
6284
2024
1522
2206
4312
11640
744
7326
764
2344
2668
404722
240064
2882
3626
4344
4330
5024
2754
6428
632
3464
5562
96488
386
3856
2616
3336
6456
3314
2842
1436
445172
3562
3792
1274
436306
112368
8134
1826
380
688722
187322
4998
3050
458716
3916
3718
2792
5276
5840
800
3648
216278
4058
6180
10196
6284
7064
2912
6902
524
2054
1668
1586
6986
3526
388
7384
5058
5096
182984
1966
2434
861376
4390
2206
2928
6594
6294
4460
4466
5914
1184
4022
4126
6982
3008
2412
5160
4470
2180
10412
1966
653158
6486
2814
3174
1534
7876
756636
3758
3008
3454
2574
1960
5406
956
2994
3686
3108
3656
4508
13628
173470
3680
4012
1304
8450
4416
1966
438
3876
1758
4308
1916
10476
890440
1006
12682
4216
6494
6688
3584
526678
5860
382
428
2366
6872
123292
95482
2360
3158
7974
628
604
5400
1172
2068
4334
6442
268
2766
3052
5204
9660
6732
3256
2018
5400
2384
2618
2254
4312
2100
4676
3060
85612
798
348714
5764
4010
3476
8584
1137190
4946
2432
2650
418708
7516
6764
3178
5598
5586
4294
5812
2790
376112
5212
1758
2366
3840
3618
374
14064
8018
282824
376
4450
13082
3142
440
2566
5128
4068
1218
4250
228016
8002
5610
274
7882
5182
668
2592
3224
2520
8544
984
5908
8230
5332
10260
759352
4462
386
5562
7398
854
5688
4864
3464
1508
3788
3180
540346
4090
2378
7460
514930
3332
350
4360
208512
4482
3602
333866
4826
5456
1230
6752
4724
1562
284278
1046
4942
2896
2134
1224
3118
5020
10512
1548
5374
1656
8038
8856
3844
5070
315434
3424
8822
3410
2170
1704154
5868
15362
44006
3704
1602
1994
8114
978
5270
8442
3490
2182
4688
704
652
5108
10268
5648
5230
3862
1347506
1864
480
2390
3386
4208
4858
578316
512
3144
2744
612
5652
4204
1243312
5530
4948
3266
1306
5984
5598
3860
596000
1126
4340
868
10672
2212
8180
3806
646
5094
3522
2100
3750
902
5268
1794
1064
2694
4296
3754
4690
2754
2404
2740
5148
592170
3860
8486
584
4050
5660
3308
8700
516622
5468
2124
6422
6720
3600
72294
131950
4852
6904
16184
548
3828
3596
3262
1758
2302
1717568
1092860
1374
3936
4546
492
1610
8302
9272
6544
2134
15658
591756
2608
3790
1556
5454
374
1056158
11372
1070
3290
8032
5012
5110
372
394
4014
6928
3372
390
3192
5692
5064
1582
4086
378
4144
1656
3676
2563896
560
5078
8732
740
520
6550
6220
2136
3472
2590
3386
2450
4478
382
14610
482
7332
1668
5538
3466
2410
7394
478
7734
740
6342
116346
9060
5264
2622
2344
4734
3496
1694
218648
2840
7708
5162
293380
7958
1828
382
4800
7508
2057236
8522
14894
1854
4970
4716
7552
8372
5492
6582
4994
4738
462798
5872
8334
3856
7618
484
808
5532
5218
3854
826
3636
438
7310
388
286
5200
2866
1273312
698
6350
4438
1306
5888
6160
8422
9714
5020
5830
3872
655452
11694
7160
823892
6344
6324
6716
3492
2924
4628
740
250
2428
2370
4668
1568
74728
2334
444978
5702
1510
3266
4306
5672
3606
5048
6066
4016
2460
10664
1076
2722
6970
1350
1006
4978
534
4850
2156
655060
3540
257040
2892
8052
10186
140102
2544
5732
5106
3708
3566
1035162
396
546
4342
749364
4252
3478
4910
4170
2430
3712
6500
5666
1728
250
5538
3988
4978
11212
3884
1508
4406
2894
6704
8690
4190
4638
2422
745892
2094
926
928
5934
518
4584
1110
3684
3728
3858
2060
4832
3148
191142
5252
390972
5020
103742
3294
4792
556
5318
2098
2598
2882
1864
2552
5730
3368
2808
3100
1928
155830
2806
3944
8188
3510
10480
4664
528
1110
8516
2894
520
5936
4004
5386
3150
7536
254
67574
1480
992
5140
3342
1084
6910
3978
4162
300512
4562
1008
7354
2834
6348
616
4332
1896
3986
454
4264
386
2888
6888
2562
8164
1838
2842
3958
4870
4492
7036
700
3378
2928
1894
155052
8046
7036
9056
1616
750
6640
2670
6106
3386
3250
10712
3306
5642
3194
1610
3376
1930
4968
4152
8582
2826
4888
5936
5308
2440
1846
2168
5234
4742
2192
6088
3858
3616
3072
2498
1966
8646
1736
3730
5664
219624
3296
5186
264
192752
3926
960
2556
368
2796
7260
3528
7216
339162
372
3248
800
4842
8716
5576
316
6672
3206
1986
3966
248
739636
2460
4856
548
1648
2206
9856
3016
4586
3270
6492
4470
4214
1156
4512
293598
4634
468
1692
3816
7122
2136
10254
2534
4552
3336
1762
5656
354
3710
1304902
5492
457386
1796
3344
95082
2138
646
4036
3362
5808
8024
6452
5818
86888
3902
7748
5084
8156
4034
7708
5116
750
394
4276
498
4740
336
9730
5540
608
114082
4078
1134
5754
268
2644
5946
1796
3754
3038
3300
2648
8024
3770
2378
666
360
3356
8154
4934
2106
744
634
330
1660
780
4678
3702
324146
4360
602
1434
762
4830
3740
750
1492
7232
780
1848
10776
5498
1076
3216
45940
7702
7524
2934
7786
3214
6268
446
10188
5790
380
1884
2528
10192
3052
5504
5752
772
7690
6038
7722
6382
2520
1538
739214
3030
6388
2408
5888
1540
8806
2558
6440
8446
3658
4300
1048
892
2826
4098
2220
5362
1234
4336
5236
2926
606
2642
12552
4324
4900
4178
8086
5924
6384
3042
507858
4634
2890
278
19944
3402
70850
5040
4618
4708
5662
2610
2372
4404
4326
5736
3088
4058
2114
7838
1292
10622
618
3290
768
1886
3742
9032
2820
5964
386
224
3654
3986
4024
5676
546
5654
7304
7262
1580
510386
3048
4226
9070
622
2240
3302
3124
2734
5356
1323028
436
278
828
3462
1620
1324
6694
7600
998
6230
516
820968
8580
6748
1986
3326
2394
6584
2202
6078
5042
7142
648654
3056
7682
6086
3774
69556
7778
244
6494
10808
3108
10396
7636
2366
9390
8144
6134
1225242
4956
1062
474706
1472
1002
178142
4144
7150
9660
6542
3838
3728
15510
3246
5324
395774
1582
6062
276
3618
7088
2448
7052
2176
3350
328
3786
2216
4952
11340
112116
13994
5258
8280
7368
3852
632
498
2946
3364
440
4064
5200
6288
5310
5674
1832
27020
1214
1760
8338
2666
9906
4580
9830
10840
14498
1098
686
5090
5108
7516
6718
636
5374
2974
5860
3362
5660
3616
3200
480
5980
4364
3988
58594
6350
3750
3002
3594
3930
3332
8058
2586
5248
636
7866
170946
3536
2850
11056
434
9310
8814
2804
7100
10456
6472
1962
2610
1916
596
4012
6522
5800
9830
1272
1184
380
5082
3116
7376
3552
12424
362
5406
280
1660
2398
760
4440
3442
3226
1198
6322
242
3598
3630
4592
7678
723022
2484
868
3998
692
1996
1274
438
2309590
3122
2938
1152
4394
476
752
274
4316
4078
874
8112
604
4882
4640
3488
3528
5232
134844
5996
3500
2466
5428
4444
4496
5482
3144
317096
4410
7818
4788
1134
988644
1150
393876
1220
13040
4978
2606
2152
5912
3344
1482
844
2212
5552
2282
864
4994
190908
2984
5416
2334
3508
4872
5792
1188
986
1218
4340
10416
6110
3390
2866
2276
624
5804
8490
4974
8554
2006
2106
13824
2630
971860
6766
5132
878
4978
5164
9408
3176
398
5470
6864
7398
1966
82120
854676
6276
7000
6490
974508
806932
4838
6998
3176
1950
2878
738
1954
2042
466
2698
446984
870
5802
5928
8508
1226
7058
5426
784
6660
6422
4192
4174
5096
5940
4006
8818
5770
7052
4568
3564
2102
6694
4840
886222
10664
2962
268
1682
7164
5546
4356
746
366
4392
3052
3120
12084
270
5722
4122
3946
4434
1496560
2790
646
4882
5064
118580
3150
4214
798
4980
7992
9014
2678
948
9088
6924
3088
6776
5472
270
9562
11318
230
3088
308
6994
1814
3364
1308
1081326
6492
2444
1118
4048
2918
2720
644
3306
11074
7062
5882
214434
1380
696590
3418
4392
1114
70358
5434
3914
8730
4726
346
3522
5126
2472
3218
5966
1974
4212
7038
4290
3778
5616
1180934
398
1598
784
3098
1512
1544
840
7776
3112
820
2744
2586
6038
2158
3488
5344
1446
522672
4062
4770
3784
6658
3686
684
5208
6338
637628
2618
11636
666
1522
137892
580
6032
1710
3884
4104
4442
2352
3372
8934
1646
1594
6650
4740
6060
2140
1194
4720
4322
165710
1354
2616
14692
3228
5606
7218
646016
259446
394
1318
4188
470
3348
8774
6072
2308
3066
6552
5630
3472
3510
2570
1902
4866
6994
5300
5492
3900
1864
2910986
2290
828
402
3828
254
2962
6162
9458
3410
2696
506
2672
2362
5846
5440
652
4796
6280
4632
4236
626
4032
3418
6618
2026
3298
3350
2990
2756
4144
2312
1696
1346
73974
6714
1050
3670
1858
9408
572600
6720
5424
7842
4274
5002
3108
2670
2248
800
2792
2520
2272
5802
4214
4572
8284
3138
1284
4930
2578
7710
7744
2058
1728
4852
4940
3806
148922
11150
7508
217414
3478
886
3276
2288
1366
4590
20038
15820
812
378
5968
6824
5024
3638
4258
7868
2260
2496
3522
110090
2756
4370
1092
3316
5966
4364
5774
2922
5086
3188
4444
402828
5684
5856
2392
2466
230
2024
1052
362
4842
4032
508
3284
6290
2418
7284
5518
2008
516
184792
3406
3536
4870
3404
237326
4696
2518
1426
2592
1430
4000
1464
864
1566
2648
4662
608622
2976
640
3016
7734
2858
3676
936
8784
2836
900
3130
4428
997596
5292
4526
237856
7108
4330
3768
4140
4286
9270
5454
9310
1948
5834
2638
2774
5916
2080
11624
4118
5080
325020
4814
402586
2498
2340
5874
1508
2484
274
2676
4998
2956
3146
1126
3286
528
5684
6562
357510
1071184
1730
494
384706
4950
482
5344
6754
516210
3068
3154
1542
3662
4214
2064
1350
3294
6066
2768
4964
5432
4524
5172
2032
3952
2890
1117354
2644
580970
9994
1203518
6792
4196
5382
8868
274
5286
1896
1872
3898
2024
4974
1688
3908
2558
8532
674
3224
1358
11458
1248842
13754
164296
776
3556
2071598
5788
3490
1764
1167862
6634
5058
3694
4486
3410
3944
3706
2030
362
5408
4062
4238
5716
4346
4778
4914
4254
2412
4120
3176
1616
3264
2622
3556
9742
1200
2994
398
10294
4860
1890
820
830
1452
3222
4020
1232
7668
3706
272
1740
2756
9762
638
4980
490
6874
3282
3628
3308
4384
4596
4496
464
6888
3418
2736
3026
1538
5248
2642
960
3422
6924
1700
1102
7690
4554
4364
7790
2950
3282
2960
26236
3476
2714
2790
896
632362
198062
3544
5074
34892
6420
2024
1960
986
3300
13524
290210
3442
3852
3046
3202
3394
4100
3126
5066
3800
510724
2388
7014
742
5158
970
4132
3652
4116
8514
3374
394
4654
6648
5344
328330
686282
2036
4966
1858
6084
6944
99010
2042
5632
1098
3438
3498
13778
3566
8464
1702
941276
5322
5060
479166
6412
1368
2520
226118
3664
2386
10030
510406
2746
9266
8608
2241192
2670
276
5568
8362
494
5110
2708
2994
10484
2802
729524
4738
3922
2584
1092
388
3206
460648
702
3620
3216
6006
1550
4224
5038
4562
2892
6538
6986
3850
3166
1208
2052
3046
4672
5908
307524
1672
2404
3148
2346
434158
2728
6440
4472
5872
2006
3228
436944
1560536
3344
6784
3970
6714
3904
5872
1374
4100
1038
3818
3800
2786
1994
4874
5794
4198
1510
6324
4644
1260
6532
13302
6154
6644
3962
5410
448444
5632
433984
5002
2842
2446
1932
1154
92776
3428
3232
5000
3712
250
1294
4674
494
1752
4224
5130
284
2006
3414
4608
4094
7372
4884
2992
1550
1358
5388
4736
200110
783448
4728
29372
1976
6034
11350
11514
2778
2680
8218
865358
494192
4478
7898
1356
2082
366
5406
3366
6058
4760
4220
3536
1378
2910
274
5140
6574
5234
3694
748
8414
2498
4182
4322
7964
3672
5132
9838
3186
1608
8020
3354
5654
6322
187952
4146
1924
258
2928
211498
2348
4266
2668
506
5986
362
942
4992
3096
7122
4728
908
3892
872
2448
2504
1840
4752
820
6812
341174
6760
3134
4018
394
1994
3066
5288
3322
6214
6444
11864
244100
3260
6552
6634
2274
1722
4130
999178
3014
4682
205132
1450
3938
5904
1754994
22410
43408
5168
1790
4944
3814
1452
6116
3592
5302
2382
3924
1296
4330
1233738
2972
3170
2730
4272
4646
3532
1352
3858
4024
2202
258
6636
6062
2894
137488
3126
4592
804186
492
1138
2886
368
4314
1246
3800
735066
10466
7156
5480
4500
764
4176
4626
3248
2486
3572
5256
2732
3160
85434
3972
9628
986
4912
3624
580
2914
1446948
3770
6644
4780
10100
8626
2926
3340
7646
6814
3120
1012
742
290
3470
2032
6640
3706
2446
2970
2206
6382
2560
1974
2464
508
6022
960
387280
1620
2812
2684
9018
2796
824
805160
3036
15604
4834
9540
11170
4976
2166
2524
6134
5662
6732
239538
678
8278
12754
1468
3798
3808
4644
1102
2616
2794
4850
1942
9788
3664
4040
20202
1150
6008
1840
5994
251220
4766
5930
326
2062
5974
4528
1776
2324
3574
5734
2420
974
4406
2266
8260
3708
2968
5276
5132
2452
2116
3514
12196
3458
7108
5378
1198
3330
6556
6086
3474
6440
2992
6376
8786
12956
684
2660
3428
4910
2354
849776
1048
2572
207374
300
92182
9598
4148
2236
8576
404
4662
8630
244
3076
6694
4590
1322
7494
3220
5088
4000
6524
4110
5776
1066
5022
3466
280
6026
4634
1970
3544
6388
1376
5650
3952
5408
5166
4262
6638
4736
9474
1316
5612
2374
841712
248
5890
2436
5492
5810
1414
5962
3482
17226
2858
608
5262
2300
3580
5608
7658
3514
11396
234512
7800
5448
1148
2804
2188
3552
6234
2688
6554
2198
1766
1188
1598
1056
4046
5436
2912
2578
4668
2166
4060
3158
582
2772
243368
5548
2612
1960
3848
18746
5724
3518
1562
22458
2324
4718
3916
5942
2486
5274
850
3116
626
5130
5710
2354
5510
639780
6310
3410
2564
2370
492
3002
3260
3872
3994
2448
2712
1584900
2730
4128
8026
7252
261940
4274
1290
8358
4344
300428
3152
2352
384
2462
11464
4934
3572
2756
1766
6142
2114
5086
4136
10282
3490
583210
4594
5090
4172
3826
5270
8564
4850
1456
2112
5204
3088
583354
7182
276
1614
6118
4014
2658
8310
4454
5816
386
2696
9324
5814
3954
5744
1822
5558
1272
5320
8908
5918
5062
4430
2386
1994
6926
4106
4556
3314
2140
662
4454
1922
7926
1284
2836
150994
10560
4332
3076
6414
4004
3342
3964
1440
119076
2452
2974
8436
770
12944
5916
1486
2338
6176
265478
3438
2490
1552580
5354
5258
2090
6454
17638
1498
11598
86446
5968
504
2722
4368
4770
980
4174
356
6210
112634
8306
1098300
2266
4228
5310
490090
2380
483516
394
3254
6550
7648
8412
7424
6914
3390
1868
257604
7038
4650
4126
1164
6726
9422
8144
1310
900
6752
2288
1186090
5506
2358
4304
7094
2216
1242558
7024
2662
2756
3104
3376
4390
3642
8684
13214
883082
628
3054
1310718
2846
2938
1134
3846
4698
5836
514
4722
4116
4314
5176
6380
1361712
1004
1746
2090
7892
8518
790
4622
6942
944316
4050
6392
3366
1404
4822
4590
4462
3184
3552
5100
3812
668218
4318
4542
3738
2458
604
4188
504
579956
3232
2608
964
1812
5026
3976
5238
9086
1152
5182
3810
1308
6456
5172
3424
2110
8228
4152
1114188
2234
2238
1370
1222
5518
290746
4882
694050
562
163148
4466
4118
4622
2158
2310
2668
3946
368
9388
3942
3694
4352
5780
3668
2728
6504
6806
3590
407540
2484
8962
608
1138
2358
2686
1732
1454
2058
570
556
8986
4698
3820
1500
234
6908
190652
2402
10986
3374
1176
628
274
576
4384
426
3722
2378
2952
4956
894
5418
271984
1188
384
7184
1440
7188
9788
4438
9636
2930
4664
1190
953240
3078
3062
2822
909406
5554
329452
7484
390
354
520
4692
1988
3570
3692
7864
6966
580950
603974
4030
7880
5666
323260
262
4848
2054
2684
3584
2556
3014
5112
478
5436
309632
2864
3242
394
504
1000
318
848
884
4974
3064
5874
292
414706
376
15576
2706
4830
5540
7842
4746
6504
592
5526
1742
824
6278
4566
6144
240
549942
3390
277346
1406
5496
4610
392
594
348962
458
4830
2690
1988
3300
504
7194
680
2858
5534
2714
9564
5324
5272
8592
8910
9266
769662
7388
490
2064
5216
5938
632
4322
7014
72732
3792
382
1912
1044
3492
2468
2912
7310
9508
3004
4474
3106
382
10300
1336
2952
1414
2600
7296
3878
1856624
1452
7782
5246
237692
3586
5708
5642
3858
1108
9558
3292
4192
3070
159786
3432
704
2608
68152
388
3712
3748
504
1396
2268
480
6890
898
9438
4536
3112
1138
3740
1148
8140
3572
594
5552
2582
2704
3798
366
7206
3564
850
368
213438
2728
2802
10298
6762
1520
5156
6442
307686
2240
3050
5656
4554
3344
2886
6232
894
4220
3220
2218
1230180
7108
2554
512
4814
4372
4054
3854
3258
4624
5406
4374
260
5142
1236
4784
232
3910
754
5446
68316
3446
2708
3396
2620
7102
468
751886
377684
998
2732
2528
2604
4720
5132
3690
4446
1700
6010
5398
2484
5068
409720
66036
5836
356
1996
5194
5128
4160
466670
460
1308142
4012
3258
4638
5502
5842
1230
5952
5006
3012
7582
1298
900
5770
2095998
11954
1742
1516
5672
5348
11518
420
3252
622
7536
924
5346
6392
11780
274
472
6678
6260
5552
892
8788
462
3016
5116
924
4118
3066
7694
1422
1750
4606
5126
1054
6668
7514
6076
3046
888
368
3026
11158
2104
3020
6654
5714
10960
2614
2096
854
7378
120118
1205900
7002
394
7024
4386
6196
1178
514
3800
7094
12590
2022
482
3880
6998
3360
3408
6428
3548
6526
619582
328
9832
5076
5656
2574
1106
3546
4900
1417474
3990
3968
7986
4266
808
5122
2594
15926
4990
4542
7014
2696
6126
3154
3304
8294
10052
386
6414
2184
5472
1194
816
244
5018
4562
4208
10198
1842
2526
3466
32900
3164
669014
1320
3172
2334
2358
2148
9908
3808
5732
4408
12066
2364
222
7946
2882
6384
220534
4024
622
1782
1930
2430
582
2762
1646
360
4572
1658
4670
3934
435202
2384
2228
6348
4798
612
2694
10660
3364
5630
674752
498
397252
2476
4474
3630
5382
7822
5740
854
228
12284
1404
752
1574
1658
12318
7802
2652
960332
1480
6672
742
538
2908
2438
9272
4422
2872
4050
3420
940
3068
5410
3624
5152
5982
3528
592
3924
3746
3490
2692
3008
398
3394
5058
4702
1662
2884
4138
7134
1916
3852
3956
4484
7564
5024
7992
7198
3336
1612
846614
390
3536
55868
5396
418
5422
2928
4978
6322
3382
386
135996
4014
858
2926
10342
1544666
4228
5804
3116
3356
6022
9720
4208
6402
6500
1660
602
1350390
2976
439416
1056
4902
8424
4564
872
291626
6292
2680
278
1834
1396
2706
2196
6962
598152
6986
9882
4076
2458
13382
5862
358702
5780
6860
147662
542
4548
3878
4556
636488
4672
4484
610
6860
5952
1283406
7096
348
787882
9264
7810
392
6502
2520
6908
4190
9868
2586
376
8398
2172
1836
5048
4750
7382
8586
2754
3572
8420
7378
218046
4870
1253978
3222
109258
7948
7754
2760
1214
8548
1412
8540
7522
8546
1242
4708
4672
5930
5294
1998
4848
7976
4112
1524
2148
6340
1350
818
5590
5606
5206
5030
2248
4604
4662
2502
5308
1878
2850
4240
366958
1546
604
278
5226
1230
1884
958
3896
3328
33522
1410
962
4786
228
3366
5116
7022
198342
4048
9914
427412
3218
3904
3582
8276
1892
2446
25944
2174
1432
2740
7858
3714
3518
2422
782162
606
1002
600
6440
354
268
3332
3722
2682
6850
2686
5088
3186
3780
6852
2288
4118
868
1922
225360
420656
518
9092
5640
504
486180
3466
7258
2650
5834
4564
8328
850
774
7492
362
296814
1082
742
558
854
2372
1868
9604
6068
1364
494
3322
5688
2552
11808
4724
632
7838
2646
9332
4362
3470
3160
6042
9508
7920
5568
908
3636
205588
523772
3442
6070
7484
7702
221354
5208
2254
5008
6542
13212
1002
5144
1606
2294
956
169652
5584
3382
280
490
6270
1090
6726
6934
92906
480
3198
2146
971568
43568
2468
4984
3648
4674
825954
2052
8416
2060
9468
2620
9606
3828
4998
3348
5358
1518
596
8236
7624
4632
4608
1106
6300
462
1800
834
1250
3158
3890
4190
552
1774
5542
278
3932
7868
7288
1393112
8024
7428
3432
3576
4196
3402
1126
6304
4316
6822
7850
5400
2598
6412
3536
3820
5718
1374
753090
4102
7320
856
8184
5410
238
79194
3770
588
1450
3654
3404
4042
4012
742
6524
460
3204
2082
4872
1970
2634
1544
258
11874
6130
5054
1080
380
4968
2760
1968
2518
4524
678
3674
1828
3724
5508
660
928
6624
5702
10812
3694
496
4444
1706
3076
4544
4688
2164
5676
3498
12264
2380
3198
1510
6086
9984
6040
8486
468
820
5878
890494
7564
4656
41532
235838
3434
2654
438280
654138
518
2286
3666
524
3396
3712
5716
6912
137708
11256
1686
6128
302
5866
11278
3156
3194
3990
2436
2556
626
6114
7284
7586
656
868
344028
4150
7946
12826
6374
1692
2690
5864
6266
440430
7936
892406
4256
626146
1442
1634
5268
2162
3614
1396
15286
4566
3726
10342
597682
4620
570
729722
4674
5850
1890
5436
8534
1756
6244
9822
484
3610
8278
572
4474
1189088
852
3282
2106
2220
5034
6202
6964
6504
4740
356626
4530
648102
261798
10748
2654
4860
7894
356644
10736
2604
1004
6462
1530
8674
5588
238852
506
8090
1944
6292
209300
2802
1044
4438
3060
3968
156286
1128
2630
3226
2318
2932
4428
271670
4686
4392
3304
3848
9320
528
6024
264240
646
6644
1400
5540
3358
3720
189308
1738444
4542
400
844
2376
4350
2622
3934
3988
3506
6222
2658
2758
6804
5776
3220
6212
6702
4510
3862
116042
2274
204490
4946
5672
4466
8450
296
2856
202540
3930
1934
1151294
1507716
4678
964
3314
5680
5140
4986
1982
3074
136856
12880
500
157356
3532
438
5828
6186
2556
3568
2734
2112
824
3252
168252
4646
5228
4438
2382
5936
4172
988
7078
5246
4810
1544
1670
6248
7926
6572
7158
2862
8624
446
139204
6618
3944
2256
3828
2932
4712
4764
604
4132
3060
4840
2752
4276
2768
4014
3954
3272
3948
4016
302946
1718
7100
4264
4494
5078
4112
5680
3814
5148
5370
2782
2664
5094
1343070
1874
5426
6106
5048
398
2888
6888
3926
7266
3208
2528
2976
1863958
4368
5058
3770
4460
2278
523306
268
2416
7362
8266
2004
2956
1256598
738
334004
2140
5582
4368
4450
1824
3916
10332
483660
4054
228
3114
2142
7628
35694
6340
286
6906
392
784
4872
4232
4048
3920
8552
988
2778
421464
6172
3410
4130
7650
5784
7668
4030
2962
444
5260
7166
5868
8138
5386
7498
3468
5744
2798
3010
5792
3000
1176
3180
6440
4808
9044
4702
5382
3402
2786
4062
612836
966
6378
966
3216
840
6818
2542
3404
2254
4038
4762
4056
1170
434
2752
1451860
6290
2974
6192
542
5830
438
7146
2930
12972
6066
3804
638
3712
4664
9852
2132
2326
3558
5264
12340
618
260
3050
882
1877302
2428
6582
598
4124
10850
3748
329880
538
652
3536
3644
2926
6500
3234
3148
8814
2328
3272
7000
4516
7620
614
268
3440
7776
590
770
8478
4736
1908
6956
3704
5408
6590
4310
1598
6074
4218
4968
500
7408
4368
5598
3342
280
4224
7756
11512
4486
3946
2274
6910
12936
7994
3932
4700
8338
5576
6704
2464
1900
3746
3008
1398
856
3994
580
3554
5942
5154
2820
9132
3582
1306
386
4230
3572
6610
3698
6092
782438
484
2208
1834
2650
540
1058
10614
8544
1962
3608
7298
2150
4802
2808
117272
5910
5904
4570
2126
8454
194132
1920
5144
1894
5446
5264
1166
6056
226442
1916
6156
2400
211534
4140
4190
7090
2960
3572
56606
6922
4060
12534
4962
4842
6128
9882
3762
806288
5436
2876
3030
485538
3254
4178
2410
4916
2282
13026
3904
1348
5666
524
3480
508
1982
1658
2426
5288
359440
4404
4576
2402
5628
4324
3354
4042
3010
3778
10018
2466
4728
1298
3950
752
2970
3692
5250
7020
3958
3844
2514
852
7442
328640
3628
3418
5244
434846
5250
3530
3696
5938
6166
2642
9042
5116
5256
984958
4462
3166
2744
16054
3550
5884
6074
4940
1818
2968
6416
2516
5142
3992
6990
1910
5020
3348
9902
3538
5256
3888
3964
4120
148112
2044
4382
6820
6272
3380
777744
5458
9426
3218
3132
165754
1051780
636
436
468242
742
3218
4954
7426
2178
6316
4068
5686
4318
216684
7072
4082
3904
9092
3658
3694
2922
5932
3744
4008
3072
7196
1974
3592
4958
388
2282
5060
6518
236206
3204
4110
1694
3990
12310
4270
6146
271342
1556
984
4718
1190
2976
4324
6624
2250
4528
4264
5840
4918
6196
3938
2970
7492
440
201294
4054
4782
6744
11890
6812
11660
2872
2368
4852
4634
1004
494510
5838
1472
9016
4384
4344
5044
1664
6336
4324
4774
9090
2488
4000
3360
538
2346
3784
3422
3952
8384
7764
6378
1110888
3144
4700
4546
506
6158
2320
6904
517260
4036
2892
5576
682
3336
2564
8092
2102
4542
4004
8788
5788
3434
3510
5914
258732
3548
3990
296
265076
690
5070
5184
400
4654
7064
6828
4198
2506
190286
2360
2306
3648
4728
1170
3532
4228
2680
9842
1108
5286
4518
9206
374
3668
3306
2204
6752
8214
10146
5232
424584
4760
861026
4158
5864
1450
4254
5572
68736
3422
484
2268
8156
2892
6554
990
9162
4414
11114
4698
3426
6488
2664
2140
2638
281210
2528
5172
10178
3190
870648
5888
1236
216472
7512
4702
231156
3944
2870
840
1928
780
666
5198
563694
9372
3712
2978
666
2928
6988
7234
3344
3006
16644
3814
19630
630
1912
310
2554
5836
1752
6356
4132
6334
2501734
3824
1460
658
3416
4510
7338
3264
564
3600
9102
568332
4640
3982
2622
3676
6236
3626
11028
4650
2690
1438
9572
9006
662
522002
4184
2636
5794
508
2210
9122
4740
3120
5434
772
4660
4432
3876
750
6652
3788
3772
9292
4394
5418
5142
920
1734
5734
6426
1164
5974
2932
458
1654
4820
245752
4512
896
425518
5708
3854
678
4322
866
2834
2486
386
105078
2948
4570
7870
6448
43464
1066572
5172
526
1240
828
4608
3794
3660
8218
2888
284
6230
10058
6554
616
2808
832
4696
506
304730
6210
4082
384412
1758
5562
2406
5956
1678174
5494
2762
6382
4462
125530
1860
3378
4514
4026
2858
1434
8908
13828
4360
15114
4316
5744
382
384
316
410
420
270
4904
4168
6856
540
986
354
566
8200
1312
7880
3558
3854
3254
2874
2254
5038
357290
438
1908
2890
3286
6592
4070
12316
2888
1228
5308
5396
3726
2518
6310
7356
1692
7000
2970
640
6480
4754
3970
2880
10940
3782
272
6604
2920
8462
3548
948
9770
3500
2130
415060
1870
566
3900
7416
4856
3376
1670
3270
3306
2130
144832
4166
866
1258042
758
6448
3220
6164
5636
3418
1710
4690
910
5074
932
9594
7278
436
7296
1378
9372
4666
6138
4500
3184
3270
2280
1104
396
2328
4392
3510
3526
5160
1360
3448
6774
6856
1808
2218
4558
3894
1346
1052
1494
2752
2498
6208
6854
6646
4212
6160
7416
1558306
360
3292
4970
9166
10118
5086
1628
5044
5522
5060
2656
1776
9712
2728
6488
1188106
754682
4280
4242
1476
644282
656
7232
7294
10836
1667250
700
5482
298
12754
6540
5330
111738
7492
2390
440
7682
7008
3060
19096
4084
3142
4954
4924
3400
2572
2400
5868
3906
2486
3540
3110
1476
6926
550562
1782
2866
490
6072
5992
1132
7252
3776
2842
6476
1520
3274
4364
1482
15140
4132
6760
364
3932
2204
5606
4612
6534
448306
6138
3498
291896
850
5214
5304
8898
219000
6706
11384
948
3756
7904
2654
5770
11106
2752
2792
2704
1160960
3100
348548
3478
610
5782
3806
1858
6186
1754
432
12396
4444
5780
3584
2470
236
7176
1248
3918
5196
4000
2754
10748
4246
3464
5346
4058
3084
2146
600
2758
4014
2976
6246
4292
384
3454
568908
1544
5966
1795336
3104
3504
9280
3950
1084
6736
2490
2142
4466
4810
668
5450
360
4948
4492
7532
629604
1782
2120
302668
7528
1131390
946
2618
8660
4588
7566
6508
2808
8522
1734
55740
3066
2614
6856
2115010
19608
246
1960
3372
2460
4470
3596
564
10368
7560
2284
3344
8220
5154
1106
1512
255126
3420
9474
8034
6486
4070
584
1112000
8494
8544
2772
6150
2968
2914
4416
370
976
2584
1442
3920
1978
6854
680
4280
7196
4034
392
5420
3912
886
2444
2056
974
2450
3754
2212
3864
1986
740
4090
5264
165286
5088
3128
2210
770
380
6146
3310
2248
306
1264
1004
3288
3700
8968
1900
654
392
2722
7104
5932
7458
4302
7220
2004
2126
864610
12014
4808
3986
12752
8030
6144
438
6066
41164
6472
1412
2412
2914
566
4068
1422
3566
6812
3106
3364
845878
4162
7298
3354
1938
6424
3010
5880
3884
2916
602
764
3294
1432
8528
874
2004
3836
3074
4996
864
278
550
233500
614
2916
2802
3682
3344
6628
4658
1894
2430
4576
1448
1800
3082
10000
2550
3810
111156
6962
6712
6140
5652
1452
3156
6764
10060
3448
1122
4608
4228
7282
4578
6242
9914
2646
4666
7576
18784
1522
4670
880
8408
380
1638
748
5398
5844
1044
6284
576290
7112
545520
7172
6238
224460
626
3036
3864
9384
4168
4452
11054
2072684
11002
14272
1432
5466
1385496
624
50302
12990
544
1870
5616
4142
354
6014
5346
4218
2172
6998
5726
648
4432
7522
1272
752
4574
2894
1200
1728500
792
5750
1252
5032
2590
14606
3478
3870
11610
392
4020
406
3826
6884
374
7938
1966
2194
3934
105672
4326
2568
692
7492
5282
492
7180
476
3644
11502
5310
12678
4980
1816
3392
2322
1468
10386
4576
1860
3706
586
3466
1768
3878
348
380
39298
7318
778242
5196
1908
5414
3102
1714
4502
3644
2788
7456
3242
8738
6408
3186
2930
3174
935336
8756
3548
4240
4358
2598
3462
8274
6856
180180
122398
2438
7004
332066
2422
3396
11246
7642
9876
8864
1318
3792
1226
1110
524
2810
1054
7584
8086
3742
6138
1234
290
10184
5080
5346
384
5154
8702
3338
6680
3324
2174
6600
1074
7110
648
1496
6254
2964
10340
1088
2498
3118
5078
7742
2998
29238
2338
7326
5938
4280
4992
3548
5904
256
2900
4532
4818
1306
3612
7144
8952
3728
2690
2612
3468
51174
5404
891344
4258
1654
192818
4784
374
994458
9936
5400
7066
5366
7966
4650
3834
1786
2312
1404
3482
8788
360
5488
1412
3878
9184
2428
998
2940
2154
2282
3834
6628
804
2024
3712
7022
5342
746
6018
6192
569790
8490
1460
6688
1138
477274
982
4612
4570
14780
1972
13604
1408
5144
6272
7588
7258
7458
1232
7608
11538
7126
8528
4980
398
10162
5212
5294
567500
3526
3466
7440
6498
244
980462
3780
3242
702
8910
1942
6210
4572
366
9234
5008
1476
5968
715304
5230
3470
4614
80470
6126
4032
4750
5858
2562
2978
646
3056
1128
2948
1564
3572
4600
3110
10506
1064
7198
3538
3516
5168
1586
3592
34562
3790
4636
4630
3426
5888
9024
6494
11554
370850
260
2054
8488
7056
586
5578
4500
2776
7114
4750
5362
5336
344438
436
2418
280
6236
6018
316
4816
2212
894
345100
3964
34080
5648
115264
584
4006
2298
1686
6626
1996
3058
4316
4604
5932
3620
498
2052
1838
384340
3894
3728
6128
7482
4094
3482
630
6414
9986
7580
14024
5310
3988
1775702
792
6452
4218
1101214
7796
396
4248
3858
5916
6568
6604
2712
252
5154
392
4254
2510
1753646
8654
67310
7158
7086
5804
4850
5496
6414
7220
5650
14110
8630
4840
1682
4258
4706
4666
357944
298
2708
6516
7002
4944
41834
3334
608
2198
3006
3922
4136
3238
6646
1582
260
8086
100638
4466
240
2326
3862
1318
6758
4670
652838
5672
4120
4262
307714
5908
5178
6494
306
4350
3296
13892
5562
5240
4534
7810
1482
3162
8138
2108
3344
5918
3024
3484
652
4588
4930
11378
9878
4826
7556
3198
10330
308
5592
2894
4044
2470
4694
3672
562
8986
894844
7892
756
3134
3874
6574
4278
2508
2188
4238
4760
1574
3606
6014
2164
7014
782
5000
4376
392
5532
72080
65424
7816
248
2388
3734
2738
338
4722
940
442
4016
1054
2038
7766
2782
826038
286
2274
9222
2070
4520
4298
2374
10914
1282
580
5230
10460
1383638
5126
6704
4700
2120
461300
4708
1792
1794
81392
8658
5630
8654
896
7964
812756
5696
367056
1064
3068
838
6850
6014
510326
6634
1656
1192
409360
5258
6824
5626
3774
4680
7214
858
4680
8408
380
7814
6144
4268
5354
5168
4564
5132
3162
10752
11582
7230
1892
836
360
5146
1171720
4460
2162
4660
5008
2848
1786
446398
269300
6438
2944
3350
4142
2412
4728
1046000
2750
10448
101040
10608
1044
3924
4770
6288
6040
4986
11402
4770
4862
9940
2608
2106
5998
7420
5846
1226
3532
1482
2364
3884
4848
6888
5708
6868
2542
5612
9924
7464
7028
3624
8610
7980
3436
1052
1518
3052
1740
206028
5198
3574
3188
4710
4678
1132
1542
15164
3052
7534
8908
4536
5682
2416
3538
1132434
1404308
3614
4648
1437812
3468
1230
4530
3004
6264
4806
5386
7126
9768
3404
2440
4026
5210
768
4118
2588
4744
3852
4354
6688
2806
3800
4352
3208
2000
4362
13692
859902
7532
5316
358
8632
398
3536
6086
5072
480
6140
10240
418278
6898
552204
1108
3162
1912
6886
382
9208
2520
5402
12164
659418
7192
5876
20386
7114
1212
3282
3442
442
8610
8514
112444
5224
2062
4564
7844
205136
12266
7856
3252
9658
12024
9270
1004
6310
306
8510
3468
1108
6644
7892
469026
6222
675018
11098
5542
346
4718
10576
1394
4610
3754
5654
3026
3096
7040
7038
5666
4624
4328
2342
6492
5428
2550
400
8754
13630
6114
862
252
616
626
8366
3576
1774
4032
478602
3714
5126
2268
7470
6900
4798
4402
8838
13152
3746
2928
474
3098
490
748
1472
3602
232060
5440
465862
4056
8748
5076
6974
4440
4810
3712
4542
2056
2104
16166
8578
1982
4910
798528
4162
3538
5818
4316
5400
2150
6952
6770
4618
235474
242
4446
1074
4998
2432
5126
4962
5788
3394
1830
12428
3824
2956
508
6884
74894
177882
4120
4242
8354
844
6894
5088
6380
5664
2772
3530
3954
3596
302958
3440
5840
6046
5390
522
3058
10530
8578
376980
4194
2708
2330
7356
6134
746
1736
3428
6342
6816
1046
1960
3162
5284
2660
4736
6778
5384
130928
2612
1780
1186
478
11000
1314
6744
11220
974
6628
5420
6118
293410
6302
7368
4126
4320
1652
4448
3162
8504
6340
658
9956
4680
3036
6560
5634
9072
2652
2160
7354
1682
628
1724
4524
3592
5664
4556
6818
152900
452
2682
3938
6488
1048
2424
6532
1034
3918
868
6190
260
3788
2472
3252
520
5272
1720
8396
5462
1750
5702
2478
1666
6696
207080
3586
4834
2758
380
3396
2678
10720
10726
2776
10408
6368
4992
4924
6716
12726
4400
4548
4482
6592
2846
662
918
9764
4954
4774
1094
2586
4846
2508
4388
6606
4604
362
896
842
11280
4656
4772
8144
10124
7464
836
4104
972
2026
207632
242
5628
392
362
4828
968
7780
4864
1738
5104
194830
4398
1470
2154
8406
1834
2604
2966
2348
5906
3986
448
392
2050
14672
4710
310
403530
2854
4416
8474
1250
2422
6960
4026
2878
145272
828
240
4244
376
3824
3400
1504
8154
2106
2972
5390
3718
1512
3206
5380
1738
4882
3844
4074
4430
786
1406
2988
692
3344
649552
11480
9928
6996
7502
3918
6540
4530
1397534
2956
3786
952
2772
6860
4800
1744
2794
9602
236116
1916
592034
4944
832
5256
352
6220
3096
2228
3004
2814
10930
1528
24278
6614
636
7368
650768
614
12528
2938
3006
3148
4904
2374
4328
398810
5016
4536
2616
7518
850
4642
562
280
6622
12912
902
6984
2832
258
2544
6122
9452
6532
638
2300
2364
1044
11546
520
3262
1460
6588
2818
1754
1455320
622
7324
2744
4194
788
4648
5550
3134
5470
3478
6610
297256
4306
4572
3244
10524
206354
49840
7102
660
9534
5796
6438
2236
4500
4074
1104
2068
2796
1108
3770
2990
964
3996
92164
4070
2482
6882
4166
1262
8136
3074
5308
2144
4024
2212
9504
6918
3740
368
1282
8288
5028
9606
1007316
4598
4410
11120
9316
766
744
6410
4380
5188
7230
980
3336
3710
10932
3506
524
5934
699636
7728
2928
3854
2916
4762
5298
902
5520
5866
1904
3300
7648
332
1168
3234
3246
7918
3718
7040
5138
4320
4994
3550
860
5940
376
3116
2188
4632
3138
5116
6082
4686
848
3930
1002
4890
2986
9206
3112
9364
8764
5388
282894
4042
4258
5346
3842
12476
7914
8258
8722
5408
9338
634
3548
7954
3364
1926
280
3408
438412
912
545814
2948
2580
366
3538
5056
4176
1682
7374
188436
2332
10438
3220
4046
4612
2420
684
4120
374
6658
7036
5310
8702
850
5636
6760
4688
6988
2626
3082
285934
4932
460532
1718
439210
3968
3752
1526898
13442
3832
4554
7196
2274
5180
6454
1671996
8696
3092
8694
1620
8288
5634
4416
2658
3138
286
378
1760
9500
4592
368788
5136
4178
7152
6916
2172
5274
6004
4068
1643044
4468
5186
1511390
1604
10646
1496
3778
11230
4186
8350
504282
916
2000
536
3586
628
6308
7686
446
4872
4770
2166
5136
2900
1172
902
3660
376
2064
2982
5610
5664
3946
6676
760040
9068
3658
4698
1046
2420
1566
5348
270
107936
11044
4708
5264
155008
4996
2000
4198
4422
4380
5658
3062
4434
3188
32958
392524
2466
11092
337424
5074
5724
22744
444
2580
678
550
1130
1694
4224
4906
9158
6626
244602
1130
13178
2348
2066
6534
68318
4814
958
2944
4134
790
3976
880
413164
744
530
824
3940
5922
11268
3108
3588
7418
2986
223656
438
1382
6314
305448
2870
6574
6494
764
1041288
3736
7174
253152
5920
4880
3878
4960
2826
4492
5632
3206
6696
2184
1500
2028
8642
5220
2268
3730
5120
4660
3428
9218
4320
4328
4840
3338
424
2706
726280
3122
3048
5004
269206
1590
4610
5780
1124
3256
396
6592
3670
688
4588
2146
5432
4560
6868
8292
282
6462
4234
1358
4214
7266
4162
2392
550
9744
676364
3580
2294
4616
1348
2358
6720
3500
5376
3808
236
4750
7772
5204
5052
2252
2420
4194
5640
548
2770
10504
3790
6384
3634
1532
3882
4816
2856
1598
5964
6500
3506
2616
6032
2952
2336
1780
6670
10980
7010
2356
8364
2052
6592
4402
1680
2220
103732
7120
2684
3784
3752
2060
1632
5290
4492
7290
6384
1612
4476
6792
810
1868
2322
2816
6940
2774
6378
6186
3970
5262
5226
378
3126
2914
3822
516
4810
4144
3922
5286
2612
2762
3446
1596
629458
3318
1804
3256
3810
5982
2400
6646
1916
4246
66596
5688
5462
5410
9874
4174
9680
1656
5122
6736
6620
2448
4260
844
1590268
4968
896330
3290
4434
2562
4828
3638
2306
6178
5766
3338
5908
2992
7146
2630
3922
7040
7600
153394
1862
3658
2528
1714
7796
1258
181480
452310
4636
2798
2360
808
2270
4698
2842
2844
3012
3008
2006
2512
2940
493936
3478
1310
28294
4306
6406
4134
3134
1982
2464
5712
5380
3572
4814
5174
338618
11286
392
9134
3344
3728
3736
6388
2590
7280
3972
2594
6458
2790
4380
3384
1410
5108
6082
204216
3708
3612
3910
3180
3288
180868
5238
850
2714
7076
6362
8550
2994
861776
1568
4076
5540
5670
5722
4072
3470
1416
4534
2800
4900
3986
9382
7070
5128
1044
296
382
40838
8632
1876
5756
4898
7222
5222
244
260
2766
1217804
4152
1648
3890
5364
3218
862
2870
3704
1240
1066
3726
5688
854
7168
740
6382
2170
7332
1305572
3328
2558
4222
5158
8014
4078
7386
2566
2778
3050
7004
5428
134126
5182
424
584
2202
3782
1912
4618
3982
520238
3124
500
246
1000
3716
434
2856
3104
2112
1664
118648
6112
6456
7562
5422
2608
1288
8372
3340
3036
1208
1128
4038
4352
958
3818
578
796
2206
1758
8046
7024
11796
8566
2222
142476
2108
1572
3754
8240
3780
10486
4248
2134
5472
390
7616
5474
1770
348
368
3108
1708
4138
1478
206260
444
6032
7444
588
5380
268
6300
228004
37118
6504
3572
234
2982
8714
1422
7414
2472
1240
1093214
3590
996
2022
4452
254
4558
652
228874
3846
1086
6790
1284
4302
238
396950
5352
1792
7186
2192
2252
432
8072
2792
1148
4202
6972
5710
2788
972796
6962
1154
6452
5942
5506
868
5642
807822
7722
4170
2166
878
3054
5436
2736
7044
4704
4040
6288
3256
5964
2534
1716380
4052
2766
15742
5018
2914
8274
5868
4198
1312
3090
333720
53726
1926
4156
14526
8212
7260
1485766
5230
548
6450
1092
5150
260384
4052
3802
864
188816
2076
1374
5984
778
2010
260
1984
1010
7728
5284
5012
3282
5974
7016
6706
5026
6208
6838
508
6206
2406
3984
2348
1310
305276
384
4870
908420
1162702
4108
888
352
3612
7126
554462
10728
3140
2946
2186
3580
7808
8464
1212
874
7130
3178
6198
2290
3608
246138
1200
4438
211216
520
66554
6032
4198
792
824208
4458
5168
7392
847558
3480
238302
5938
3694
43996
972
184632
4848
53536
2984
3750
218476
860
946
1662
8966
3378
2110
1218
2540
6930
215496
456182
4536
5236
242
5022
1510540
7420
630
3598
2984
3676
892
2174
3740
7228
782
5540
276
3592
11510
5318
1594
3332
382256
90284
1698
288050
3946
3602
3020
5736
1532
10292
2786
268250
388
590
394
5048
423736
690
536118
6196
277974
346
4162
447900
722
2384
5838
4072
4938
3902
5670
702
2522
635808
177882
2366
4486
1939384
3300
7984
14278
3190
4940
1988
6146
3818
2018
964816
2284
153154
7844
1342
136030
2088
3584
4296
13258
502
5976
6512
5848
5028
4524
115228
1032822
856
548
5774
4042
1618
3000
384
3494
4834
3114
6646
2934
240
1548
14560
5992
2752
5194
490
4612
13250
8294
1766940
866
1142
5810
5442
1374
7808
5298
5054
7028
4604
5918
2414
2050
3560
1116
8166
904
10122
748
6554
2470
3822
1654
4632
2424
2764
4528
602
3764
258
6632
4712
6750
5548
2158
3544
4020
305408
1562
354
1954
3624
369978
108682
1514
764
6952
5204
1072
6692
1334
6302
6066
3660
434
8050
1816
14218
7104
289744
3238
5234
176542
352
7282
1430
2892
5832
8320
4078
3796
12062
1120
422674
4098
368
3348
206092
2644
3346
6810
4348
1368
2156
652
8856
4296
1563544
97528
4514
1238
9012
68112
3226
248
758
1708
11880
3822
83112
1368
2514
3696
3280
736
6934
6532
1093138
9496
8150
496
2690
510
4554
516
2694
1658
1740
4080
3838
12156
276
5294
1852
7008
744
4216
296174
5460
2810
1250
2072
2710
572
2218
1370
3008
4122
2648
4240
11154
4730
153374
2708
3342
1278
41012
1610
1474
4860
6958
2184
248718
372
2714
13112
2404
3462
7822
5600
14444
538
246
1660
3946
20202
12012
3554
3284
702
5194
1852
7118
8890
413928
4158
5210
10508
846
4098
8016
10174
3012
3904
4702
8056
6920
1705806
5940
7680
1390
370
677572
506
2304
2270
8502
590
6570
3374
1220
374
1442190
3822
366
272
338
1344
812
10114
44862
7864
2758
2488
5868
2790
4144
1454
660
6500
6604
2390
340334
2848
882
5472
5176
2656
3518
1508
4924
3048
3200
11500
1900
376
2428
2660
9666
7216
2990
19200
5456
3338
3658
3128
5316
260
8950
1194
564
4456
496
7490
1434638
7876
304
2708
70712
260608
1004
468
106912
15300
392
13358
5150
4570
2542
8226
2862
3108
536
762
792
3564
6980
1670
4278
5656
4002
5190
264
2186
206152
2496
1742
4426
622
4272
2280
11738
4830
6536
4656
3350
5996
2248
1366284
3444
2678
3938
1786
3204
5054
260
4010
1362
11008
5522
656
5076
816
1212
1798
3496
3476
3488
5062
3130
1910
407940
3536
848
6256
3628
2986
5432
6392
319282
7582
480
151754
9000
8076
8270
502
2688
4716
8730
5288
6184
7332
916
2052
3996
492028
4108
858
5758
2954
5372
116314
5370
236206
209034
488680
1358
5342
1466
4698
82800
341276
1154
1834
1002
365276
1836
951884
1962
624
3128
339690
654
1102
2836
544
514064
3686
1250
16918
7148
163500
780994
832704
2024
1522
7234
1884
7144
368
4784
2762
12444
5050
4212
3340
1172
6752
5312
1006
6208
276
5338
1224
8278
2648
1872
3210
895168
1352
3288
12258
574
5626
5278
462
652
456
5200
1224
2226
1658
8064
8522
184240
2836
13692
1428514
5398
4616
8692
5418
5912
816
615706
1000
4356
4932
1946
2270
121112
2170
816
4624
4766
764
3784
6146
8274
1444
246
1576
5662
264
10022
1466
2768
2162
5354
3272
2654
1908
1832
3248
1700
9782
3298
1728
828684
10176
3398
4666
5698
2088
1436
438
82228
5040
2990
194528
7048
1700
1140
1938
998
301168
4484
636
4226
160638
40308
812360
5100
6020
198328
2576
5878
294360
3538
490
2458
336494
6374
536678
5692
4300
6742
610
4174
2716
766
3090
7532
1840
3596
544304
181582
1404
2480
6370
244470
5430
2112
137260
7138
3616
1364
161240
1604
1117418
3868
6038
5176
12024
3524
4640
736
3548
756
2548
2162
4518
3130
6654
880
1456
1814
7370
2700
2736
3884
4578
4040
2752
8392
1088
3516
4138
2670
2504
3716
4954
4482
47882
3658
2490
4672
8228
5622
2092
4544
1896
203434
6334
742
9388
395682
3250
2036
2502
7214
3936
374
3440
392
354
5072
6568
3458
4524
4520
2520
11720
5544
3614
6126
1604
6344
2586
2156
4442
7262
6168
3360
3464
3036
2056
5400
5484
4332
618362
4726
276
3010
3942
535760
3698
4582
5174
7248
6516
276
3400
114676
2958
5074
6862
1198
400
136030
8726
5810
4248
3032
1932
2698
2648
4392
6796
1806
4624
2422
4816
675544
10406
422006
635992
9082
1740
5490
594
3810
933792
2998
1156
4968
3522
464462
1604
3154
3576
2192
18728
1200
1162
4662
3112
1088
2374
1116
3342
4056
5212
952
570
544
1222240
385786
4668
2910
2678
12462
3528
346780
6350
3330
5448
4406
263586
1670
331656
4436
6100
15456
4050
429624
2238
10716
5022
5600
3700
12924
420108
2640
4648
3638
2160
8686
606
6582
2754
4740
13224
10376
1170
3094
458804
1930
1454
2956
3424
13216
4624
1656
1874
3672
4034
3868
1693634
2704
1816
6406
3004
4516
4406
6002
1877368
4408
5808
3072
5714
1902
370
7384
1682
3232
7034
4714
2372
6930
1313680
944
4292
2080
7162
4536
2920
7854
2958
3392
3476
3180
3570
5080
3248
6068
3574
1886
294112
3012
170880
6952
137886
1946
9020
6254
2814
4882
2150
3980
154026
205118
2714
4702
2514
2154
4670
1924
1074
3374
1464
1132
1742
3892
822
4782
7100
6096
361518
3130
3348
5342
854
176346
1222
1292
3020
2674
4392
826
746832
6220
8474
5376
802130
374
2382
395242
1696
1228
138564
6826
345368
2522
6820
5886
5626
3588
914
5732
1470
4222
3178
7716
1518
1874
4348
2290
4974
4288
890226
4152
848
4436
7084
1382590
1284
9610
6352
2552
3306
5394
3498
3302
5472
2712
5722
1154
652230
1992
41238
643252
3852
740
584
8814
2514
3280
11590
4808
6748
4354
3216
514
11062
2066
1268
1700
5512
6314
3450
4448
3574
1428
6342
5472
1918
6714
5848
562
3544
3482
2052
4230
7662
1714
46986
1426
4456
6410
1714
4232
636
2814
6068
4400
1512
2126
61608
6324
1300
374392
3164
642
5526
6212
6190
8742
510
13096
5538
382
4778
2932
7864
9946
7368
2604
34914
6264
402
12390
4934
256
1614
11100
3134
5574
3002
382
5222
364
4252
4502
4298
1954
692
4510
4714
3992
3858
8152
4580
3594
4492
8130
500
3576
588
2098
4504
4112
3844
2474
117202
6518
5380
4950
2710
3166
288
800
4038
268
4408
892
804290
502
4698
8798
1776
6472
2290
2620
3298
8952
8164
11654
3368
1870
5382
4098
346426
480
8700
1414
1197498
2914
4252
6192
4936
226
11526
9344
528
6136
6358
608
1590
4978
2550
4096
6480
3100
4454
3996
2192
6704
8136
4978
9986
1392
3528
7994
1008
2428
5382
4676
6956
630
692
6894
2952
2215332
380
390
5316
876
7880
374940
1410
5124
4302
546
1726
7282
2096
390
2320
3058
7432
3282
6990
1306
1414
6010
9738
252032
3102
760
7874
5806
1742
770
2974
6714
9578
156840
7092
5502
3886
286
2974
268
250
2556
6106
242064
6212
7016
622
3848
3052
12176
3508
3844
7932
2590
3962
4902
5108
989320
6670
4162
5366
4510
3664
4620
4114
9726
2218
8042
2762
5798
8792
8298
6478
6478
12694
583544
4406
4348
2884
407500
2178
996
3306
5574
5666
2508
54220
272
2684
5494
2946
10612
85374
3850
2014
3112
6894
476
4144
3636
3918
2928
5868
3716
5484
11226
2826
5540
3680
10944
6172
1102
4622
2718
5528
398
1790
2464
1290
4302
3568
8022
943702
1213462
3900
6732
6844
2782
7294
1764
6772
9812
125938
4668
5324
396
348
4300
2844
8430
248
5112
9096
112124
4662
13576
1886
467392
1048
2368
3678
9004
4948
9578
7602
4704
5652
7394
1296
438
86994
574
5270
7348
271286
1454
1110
41638
11290
2878
1784
7636
3936
12266
2566
4324
6218
9856
6210
2702
6160
8720
2062
14650
11320
3932
608
5028
2714
2844
4280
10996
13052
4198
6912
291594
1110
776
404
3734
514
5406
7422
6420
3046
7390
4436
190620
387828
90590
2130
1164072
6616
1788
888
1416
3708
6072
10888
3220
4582
4836
5194
14122
2572
5396
5438
3490
3588
11842
3348
2570
6306
3640
2800
1840
3072
682350
5568
4908
4168
153946
3374
4588
1066
3326
5374
7110
7180
6398
215178
2488
3130
5666
628158
2678
584
272898
9436
6844
3086
1468
6890
3782
1194
7708
6198
3150
3900
2368
3444
4006
7416
6780
5264
4408
3816
964
3272
6642
518
5390
380
4700
246
5602
5114
650
276
443194
1146
1188
4062
5750
1190
5152
1312
812
3626
250
502078
3512
3752
5670
1536
3312
3056
462
3160
2162
4600
2330
5930
4604
12088
5720
4246
1130
4450
3524
380
6610
5122
6936
596
3160
1004
4656
1140
6130
3152
3448
6848
9012
8700
436
758380
2168
1042
3112
3536
6596
6238
8942
2030
320884
1742
349344
3594
1510
1186
2782
3422
4692
1128
1120
2264
169800
546
5388
1984364
5236
5832
4180
4562
9594
161786
104154
2610
3350
358
6872
1518
10266
9532
2710
5818
808
832
8496
3508
2696
271198
3928
726140
844726
3948
4342
7260
1558
1170
1858
4488
7070
5886
1738
4416
428
1402
5532
2160
6262
982
2180
1108
3046
10788
3292
5468
282120
3304
1096
6494
1716
378
7380
3268
2230
4804
3140
612
4438
6184
3724
4312
7068
315650
276
5932
2018
124474
2250
2992
3906
376
1832
4562
2810
3310
9626
547016
3508
3740
8494
4046
10292
360
3016
5832
284646
502
3552
4556
5512
4058
4722
6102
512
5026
1245228
4212
276
6588
440
8190
2372
2710
4660
5326
1658
3044
4824
130194
2056
10254
8654
6038
3794
3696
5278
358
120792
16658
4904
8674
10562
325096
11086
3056
2796
1386
368450
1208
2856
335790
5142
3886
2448
66544
4094
78454
7906
4188
3340
392
3686
2800
1804
2446
1840
1350
404
2080
2196794
2284
1704
1606
7356
3764
1366
8316
794
3692
293312
504
4154
12330
752
5422
347610
2028
1138
459850
4312
2200
654
4104
10716
7616
3138
2816
1368
6846
2534
896
832
5944
37268
4396
2682
10114
2550
250
462228
139476
7940
1196
2582
4632
488
5846
4930
552474
1102
4944
1390
6338
694
1474
5602
5086
5890
7990
5300
4862
5050
5668
13522
2376
8626
1914
8914
3376
3084
3892
3606
6492
4324
2566
4076
1228070
210928
7828
4436
4186
1374
2188
93382
11124
8418
874
1858
7378
4900
4160
1384
9106
2382
4676
1695752
7086
482
2836
6864
10194
4196
55104
2486
4336
7026
9348
465172
6494
316414
5670
5000
4054
4906
372
241698
2950
1410
293980
6114
4622
11390
4090
5118
3178
1188
594746
514316
5388
5268
3508
12422
7310
4712
2422
5148
5358
1162
1962
4088
560
5400
676902
1408
1998
2782
1349662
666
2356
310
2544
4484
4140
280
3748
2150
3390
254
3894
590
2898
6276
7024
2872
8468
522450
9404
2526
130590
95952
2740
2304
7604
1532
5248
7336
2804
1242
3836
2610
3972
4598
2242
4298
2074
2990
2444
3618
3412
2032
5192
3190
4082
89814
3598
336364
3536
1556
2062
2038
4616
5430
6066
2806
1138344
510
2370
5722
880
5908
417378
5662
3746
2902
2178
394
486
2986
378
4052
2728
4880
1790
376460
8888
7122
9758
2296
4980
293912
2844
808
940
944
8534
7380
2012
4040
6436
348
3302
223156
2802
5048
8088
4528
1308
7862
4398
3980
3244
884
1958
8806
5992
1688
8100
10456
760
71368
688962
2268
10736
916
1376
2676
16448
4186
8024
4170
5348
504
533918
4618
3858
4214
519842
8998
508
1632
554
206418
5860
738
4954
1436
326882
3816
4468
5552
2336
3496
756
7852
279812
5350
2562
7598
4734
4300
1904
4794
3528
7112
12908
3626
4204
4234
560
1098
303290
606
3718
4158
610
606
5636
1701286
4598
1502
3212
4502
2946
7588
2616
41416
3934
6640
1118
4014
2318
1232
752
3884
1626
2566
10084
7098
1768
4284
3938
3282
5398
244
1350302
6628
1856
3074
3628
580936
2504
6760
6886
1248422
3396
2556
7622
2376
2070
5728
588292
11146
9412
1220
3592
6882
2038
1514
2336
8298
10884
2814
3244
6502
10454
4122
1084
1510
2414
3904
878
2370
254
2364
4554
583944
512
5062
754
2428
1282
6834
626
3218
4804
3144
286
1482
521846
490
6704
5636
1746
5772
203060
1952
24788
4194
4182
6314
1719496
3804
1084320
7690
5866
2586
4466
5554
5940
9816
6342
442
2218
2036
7516
590342
2696
3844
8014
1055192
1132
5984
7460
6072
464
5280
1080
9180
2404
916
2290
4942
3044
492
4632
13270
5218
7996
2444
928
2553758
534
4830
6690
816
9606
10336
2822
3440
7864
2910
3298
224
6660
542
1830
792
638
4150
7210
432
8748
9906
358
692
5524
5862
762
3782
116030
1402
8562
3058
6116
3982
4266
2752
216804
3466
3498
1718
3108
4806
1682
297374
1006
7752
3406
5446
560
2061668
1432
962
360
462
4014
950
436
1190
850
1864
3008
3870
4272
6120
7494
4330
4256
1508
258
3838
7350
4744
463170
744
5966
4660
2274
664
682
8838
3120
460
1488
384
6824
4906
9306
2930
1275262
4062
3282
2040
4666
4082
2476
2264
3728
344
1962
5634
2388
2766
528
3618
655198
1704
8002
392
830120
3850
1130
2874
4134
3898
2010
12300
3670
1992
2180
2814
69262
5210
440356
6528
5074
4480
876
4484
309804
476
1976
11702
9144
7182
12582
9510
7540
8128
2488
926
488
546
298156
339906
6926
666
3118
2780
3516
3108
5250
1238
2676
1786
7634
4840
404710
6324
2318
160780
12378
304
492
5226
510
4968
3214
1252
9600
2550
5222
3890
3548
8976
10792
564
9832
6398
1420
94044
889706
5392
7112
3404
2070
4850
6974
2576
4270
7620
5528
1230
7070
218370
10236
3398
3493584
8506
2752
624320
485820
1832
2656
4046
6774
603342
4096
7906
3654
3218
11080
2512
1976
11750
6058
1100
49256
5732
2346
5508
7280
254
3688
4784
9234
9674
394
4986
6298
3926
3350
3774
3670
418796
9068
177292
1616
6324
5970
2794
4280
3706
3530
3130
898
1962
4024
5194
3056
548
9122
8288
3440
7982
2322
4160
862
6324
1152
2498
8058
105800
3764
450
9004
1062
3668
4180
10164
6898
10572
9464
6348
5242
8704
2090
5656
5626
3150
390
377882
6954
3986
630
3650
4107680
992
3666
502
3294
16570
199232
2740
7382
2806
1631346
658038
2746
331882
4384
1574
376
788
366
4862
488
470
5116
6114
2674562
2178
5580
6528
5078
2418
3628
3998
3848
1792
4758
396
698
1652
1778
737098
392
2362
4084
8954
2540
5828
2476
4186
3826
3832
5830
5398
4566
1560
5418
5762
360
5692
4640
3474
221476
2758
3380
3444
1892
3620
6450
2946
1752
1306
1998
250
3332
4554
2904
4638
620
7214
2102
1530
5966
214084
2554
6124
8812
6804
1308
5964
496
4738
1182
6228
3998
2754
2976
6038
2034
4128
6782
2110
8928
4366
10852
93590
2180
4186
3714
5756
421538
4606
6380
607386
2606
1548
488
5272
8786
2838
6400
1584
353964
5990
2990
588
1005284
173332
2416
3100
2632
2458
504
2802
772
6418
3170
8346
4674
388
1098
2954
5164
3162
3796
9654
3810
5176
11186
3296
1664
4188
5506
7452
5624
10932
10168
4318
4542
3988
376
516
3554
8702
1140
3222
3756
2766
4400
3204
3526
4400
3906
2440170
3464
5300
7506
5032
3032
9900
4654
4310
5634
3868
2634
4018
3622
3564
6360
8354
4292
4622
3064
2222
186538
2914
10574
5028
850
1514
354
4694
4062
3272
248
5286
5240
4928
50040
6552
6388
7388
5272
3752
2846
1768
3318
14216
2624
1598
8340
634
92522
1598
3660
3230
5696
10472
4994
10790
5056
8184
3476
3770
5210
3272
4620
3754
6506
3670
1550
3888
3088
3364
2334
2618
6342
3882
1108
286
6656
3840
3682
7798
272060
6534
1460766
524
746
122738
6098
2308
3772
5892
4050
260
1454
1150
8200
2932
2820
8646
2710
1418
5164
776
3206
7396
8378
2912
2744
3006
2324
2988
3046
2892
1598
787040
3854
3088
2070412
4078
4186
2936
4316
5768
648
1462
8264
3418
5812
8212
1490
4786
6398
3994
3836
228648
4288
3174
4028
1488
265660
3368
5862
7488
3240
1104
3470
4268
4826
3824
612
3498
4032
3976
3692
1587328
1080
1306
796
1372
1086
868
5274
2470
14384
1182
2390
1446
4700
3264
4118
5536
4114
3652
2966
6798
2914
4150
6216
1864
1920
925516
514
7698
1186
2648
1406
2246
2104
674
3888
1290
6560
1082
4436
5246
409636
239800
2874
2468
878
4534
4352
746
3450
2772
358
8674
5920
95160
6052
1184
2362
2034
3522
3916
6668
439128
4676
1692
1404
436194
110096
6354
2030
7482
884038
1878
1632
850
450676
4950
5608
8040
3710
8684
2892
211366
3920
3214
8098
2308
1064
9260
4962
876
3114
8686
13806
1126
2380
2246
4974
3782
5484
189290
3044
2044
8284
618
163680
2744
3760
3258
3852
2692
3938
3828
6130
3904
5802
5386
1092
890866
