111:1100:0:0:0:0:0:0:0:0:0:0:0:0:0:0: (total 5)
0 4 8 72 Thread 0 going to cpu 0
Thread 1 going to cpu 4
76 Thread 3 going to cpu 72
Thread 2 going to cpu 8
going to barrier (cpu 4)
going to barrier (cpu 8)
going to barrier (cpu 72)
Thread 4 going to cpu 76

cpu 5 cur 5
STARTING...
going to barrier (cpu 0)
going to barrier (cpu 76)
STOPPING...
Duration      : 10000 (ms)
Acquisitions  : 30579311
1196
788
10384
3800
1956
386
3280
4668
654
348
71326
662
1746
1252
2632
2732
414
896
924
2102
916
234
1558
2772
2218
960
1116
388
2000
980
1108
1972
1094
386
21972
18640
1364
384
1056
912
1736
1486
129240
22132
622
2914
7032
1108
278
1228
350
878
1002
1112
736
4626
1210
412
26658
984
1346
698
8350
1550
402
2036
350
418
1324
3102
1030
8328
1058
388
928
624
1080
396
1524
1260
266
266
1610
350
880
2724
3828
1416
1162
3164
1540
1228
824
494
1006
1020
10548
466
4092
1378
1436
2424
1888
2972
1362
246
1298
1504
62914
1136
8344
1708
964
1364
32352
1370
386
992
498
260
2828
1202
2492
244
242
748
3372
2614
7722
658
1478
1066
1366
1594
1916
2480
1128
1448
3460
1186
1142
15960
1786
4666
964
878
1742
6606
1572
1508
1076
516
3438
1634
2162
1134
2916
1786
2052
408
1978
1218
758
1674
2226
1180
15066
408
1644
268
386
246
1678
3154
1062
498
286
1976
382
410
8552
12104
1238
256
1338
3752
7598
5896
1370
1308
1404
394
350
224
1310
2134
910
520
40530
262
1078
350
1276
338
398
1668
940
1114
878
22428
2042
1408
1396
1126
6648
1298
1828
15790
1256
2220
1610
8716
1436
382
382
738
1508
1510
1738
1450
2480
244
1138
22386
392
238
226
1040
1204
660
18158
20778
416
1740
18186
1376
382
3156
1004
1636
2588
77626
410
1670
1058
1286
1164
870
1382
376
1182
392
1120
11118
348
1434
268
1850
414
490
854
1188
1516
10882
20264
744
12710
1064
384
9696
1574
10114
18132
10568
16256
7136
1708
474
1334
1966
1222
520
1080
1054
1450
408
724
2108
272
19898
1876
386
13968
2202
5496
396
9572
398
346
350
264
408
234
1812
1068
234
1308
2670
1470
1958
1444
386
346
1272
2988
4096
1484
390
1406
1590
36916
2686
3570
1512
1188
1284
1344
1030
1378
350
396
33792
1142
220
268
1118
2910
2654
480
1122
238
384
1642
1808
6914
1456
504
9034
384
678
3804
1748
1412
990
1222
934
1602
272
388
480
1044
1644
58656
1564
1626
1036
900
552
1254
234
1580
2164
1282
590
22370
870
1972
1328
18966
1624
1984
3010
2116
1486
2012
754
7062
3286
1410
4590
2688
986
1648
270
384
390
1226
2038
7038
2010
4082
272
238
11906
242
1518
894
2082
2600
1620
1598
540
270
420
226
13210
1338
410
1718
246
256
702
1304
382
5194
1018
1492
2178
1136
1742
1104
964
384
1170
1762
2322
872
1144
9170
3826
2938
252
1428
768
1080
1202
2036
1184
2774
1528
1812
388
1508
1230
1502
1416
384
1482
372
8006
1898
3084
1642
2556
262
2756
2308
23838
17570
512
344
1632
1628
1370
240
234
39766
1950
392
460
240
5118
2366
1330
24626
398
1170
1738
348
1024
726
856
5548
1298
1480
5110
388
1504
252
310
242
1712
1590
3162
1406
1414
1788
916
370
1914
722
1564
1274
988
410
19144
4252
1626
1648
384
1658
1734
3614
7450
248
1428
35066
390
2058
1102
2350
384
388
1128
1570
2736
888
1632
2234
392
3992
1146
5798
244
5176
14430
1052
3700
2542
1148
996
406
386
238
1250
1516
17778
1618
57084
768
1666
2190
1174
384
1548
1490
236
386
1354
1342
394
2302
248
384
1398
402
1202
1898
2754
1132
1252
1370
846
1168
1092
1466
1236
1612
244
1070
3320
1140
248
1296
380
1196
1398
1516
1184
4202
1020
614
396
352
272
246
388
2966
1164
532
386
238
982
386
1898
396
386
222
1516
262
1708
238
1684
2314
386
1256
1626
23208
1930
386
1082
1272
408
1234
2026
2046
388
1234
860
1928
4878
388
384
246
244
412
348
416
3100
460
1566
272
1414
242
226
242
5440
2402
1046
1180
1944
272
744
2024
1588
1784
2448
1224
1004
1548
518
1732
412
354
8018
1434
2150
250
1360
2300
1486
1200
792
380
1774
384
304
3284
1116
2626
852
1040
1290
1136
1774
222
840
2066
474
832
386
898
408
336
498
852
1040
480
384
890
390
1298
25270
1372
1680
1518
2066
2400
724
852
9844
1038
4618
930
904
388
856
12382
3178
640
1328
16530
506
19784
276
238
1402
1336
870
406
246
250
2178
250
1392
1128
3116
398
956
390
248
1712
3748
1726
8354
1072
1422
32088
2872
436
54846
15540
494
2008
1304
2666
536
216
966
1666
1058
2364
352
1692
1878
350
1406
3926
854
2522
1652
390
230
1916
1158
1378
49808
402
1594
984
390
2332
420
388
4720
1356
6176
394
2946
3860
2454
1208
3028
404
3278
6484
1564
390
10074
238
1638
494
1656
1304
1562
272
1540
1432
912
746
388
1060
3834
3162
1026
382
1486
766
1524
1188
2882
388
1338
390
1558
30602
956
1002
8752
2394
388
880
1248
832
7314
1256
1170
1476
504
1390
1130
396
748
996
1516
966
1158
1056
1904
1376
1372
224
1794
1200
2328
3946
910
20162
246
950
1192
11948
260
14542
1784
1142
4150
1140
1984
16426
1312
242
1072
1124
1444
34330
1068
350
1632
240
4956
1692
1158
32494
4644
864
1300
806
1780
17086
424
1126
1078
480
1052
1316
842
1998
3470
224
1148
1368
8232
3318
3680
1662
1066
392
1328
2510
1036
2078
1408
3652
820
850
2668
1340
1286
1020
386
386
1536
1244
1016
3068
1090
2870
1192
234
474
1046
406
2368
1248
544
478
926
1410
1510
846
2068
244
1038
1044
216
2106
484
16768
2976
756
1208
394
1448
1108
1498
7004
1034
1000
1150
1614
258
1026
35986
458
13742
924
1104
2162
31786
386
1030
382
1262
272
1020
1808
386
854
1466
1264
242
514
7570
730
240
1038
248
540
2486
1266
934
1126
1490
2330
10888
39172
1170
1344
384
1100
820
262
1352
684
11242
47224
1246
1510
3692
1344
1812
2474
2040
21110
10762
2292
2220
1304
1592
616
1474
1120
1782
396
240
1514
1688
1692
4166
2142
26644
22948
1360
386
26710
2430
390
244
1574
488
454
1106
2788
7782
384
1258
4000
384
1060
7980
1376
410
384
1102
346
742
368
244
1260
1066
1632
1012
1696
1278
2044
1944
3326
5904
54752
55362
1956
4000
1982
1656
1318
486
2350
384
1400
664
496
22990
1356
1048
55438
984
61850
1394
276
388
2264
242
386
1856
614
402
1786
1720
4846
240
1106
15750
1052
262
1290
274
234
1720
236
15738
256
490
240
1254
272
1244
11766
1948
2234
1028
1372
1374
2294
4656
270
598
242
2098
1288
1792
2260
1808
388
37076
1330
3156
1084
5494
1628
1694
2446
1882
1004
2102
1592
1916
1156
1306
2588
13016
1306
2914
1378
2068
2804
478
1520
1818
1052
1048
1140
2314
1400
1416
1834
1374
284
264
1232
1084
902
4248
1864
2336
2600
1700
3390
1532
1106
52318
244
2104
422
346
256
404
5264
1512
226
1906
602
408
1976
350
1416
1328
1688
606
1652
1024
3568
1960
974
27310
25972
250
6120
386
1212
386
464
1314
944
384
37234
244
472
9802
830
398
1288
238
4008
3136
1466
388
1328
244
1096
1218
1504
1478
5804
1192
2640
376
11418
1384
1078
1202
41678
1628
384
1726
3882
1644
2132
884
7500
2154
276
4746
9314
2142
1606
270
24206
1194
15308
246
924
2518
1382
542
3154
1204
1356
1320
3076
1678
1928
386
294
916
18708
1248
380
2086
1200
2180
2506
1520
346
414
1532
1308
1088
346
412
1500
384
1304
866
20226
1086
2134
1612
1156
348
23970
1970
382
7566
73150
382
886
244
842
1684
1368
22910
1018
14726
612
9530
1498
1050
950
640
390
384
2156
1466
2062
1374
926
10766
270
1708
7664
386
1250
1950
1414
1072
1432
2096
402
2088
1106
4198
1704
23028
242
1444
1044
21052
354
970
1340
2122
3842
614
1670
1548
1008
1692
226
1634
450
250
244
1058
2882
3678
2666
1572
2318
2500
18568
838
1010
1560
22096
1268
2982
1120
5514
820
1188
782
484
1118
1680
2158
1814
1290
388
240
2414
1236
2620
220
382
1472
222
1330
3386
270
1666
1986
1306
618
1942
386
1130
1334
1404
46644
994
1472
498
2978
2060
2054
236
270
628
8874
570
1550
2360
6160
12564
7944
1004
1076
888
388
1168
1062
406
1194
988
2256
796
976
450
1492
1720
2008
11610
384
236
1270
1558
3724
886
1764
358
406
2130
1286
902
1796
1300
398
1042
972
1682
246
1416
500
542
1056
1126
1408
240
370
1190
1050
18086
386
1798
2098
3772
8038
2310
238
656
348
2194
3696
430
1394
336
10368
930
14332
7294
354
3020
1566
384
1238
1440
898
1584
1012
2884
1988
8106
1344
1536
466
258
78492
498
516
27400
4146
6978
374
388
2146
2166
1486
2158
1140
11556
2632
2160
1434
792
1688
2022
12240
246
1162
1646
15896
600
1434
5092
244
2550
514
1466
386
1540
340
354
260
1284
1948
1106
1134
992
1042
1586
2374
808
1766
386
8648
25330
2170
1304
1252
958
12630
1140
606
1118
13268
386
23268
9436
908
346
244
986
1918
1864
51578
1258
1430
238
1462
16916
402
1966
276
27474
1152
1222
364
1410
386
1660
1458
1434
372
1940
1700
344
1964
1242
1012
2996
1136
1346
1178
29640
942
1172
726
1342
260
1332
1016
344
394
2994
976
850
844
1110
1026
35670
1282
13214
1002
244
3676
2076
2170
994
1960
1584
416
1386
386
2012
42532
19100
504
1090
276
1240
2966
1042
2026
1434
370
40698
390
30120
2266
2418
1604
942
386
1326
892
1128
4760
552
8060
1776
44320
840
2090
1000
19500
8306
1346
1918
5834
1004
242
1296
1056
2684
12702
244
388
1032
25266
2418
1006
2442
1406
2102
1572
1224
714
1386
1376
998
414
1528
862
1212
1122
1170
386
2950
16034
1380
1060
1290
1508
2374
1330
1748
1064
16920
936
10408
894
1318
2610
1618
1072
348
1128
11326
1748
2256
26282
8090
660
1032
14046
3016
1090
7370
4042
1144
478
856
1898
248
1610
1340
348
1342
986
10538
1160
1568
3164
3294
486
17240
508
3194
1508
2110
1152
416
1490
274
1434
1414
3146
1256
1392
386
2180
1202
2302
1044
1590
1148
246
6776
2184
1338
1310
2324
984
1584
2198
1204
820
1156
1124
1386
1556
22238
2854
1418
392
1984
17042
1234
240
1100
352
868
1118
3242
3004
754
2018
2098
4446
1960
5120
2282
1760
346
1040
1044
234
7394
2092
6056
990
1496
728
344
8500
1012
260
1580
772
3028
6906
1734
386
266
386
1012
4690
1070
1090
5738
364
390
6516
502
886
26266
1598
1328
410
736
272
956
1138
1274
10812
1238
1516
1772
1522
386
8308
2942
388
1372
1244
1304
46068
1020
384
1062
1250
994
410
1426
976
2058
1338
988
1346
3126
1172
1506
1242
296
1064
654
21898
956
2290
1242
1202
1176
2320
1234
2682
1206
896
404
5582
1578
394
35002
1240
1106
408
522
25500
392
1702
1216
1618
388
1756
412
1562
1180
1996
1124
1542
390
2060
1040
2086
384
1268
1070
876
2158
872
3748
1172
1028
1084
350
850
374
348
1404
236
1828
1374
20914
840
1172
1242
1914
1856
1872
1120
912
4028
9750
866
1678
1198
392
638
2258
276
1338
2222
470
25802
4118
18528
1674
1190
5260
1320
3814
438
348
1136
30320
1552
764
1154
506
1244
43112
1142
460
1356
9754
34746
16042
9172
1192
1170
1010
248
1146
350
1814
1106
1442
1128
384
8538
988
1244
2618
784
386
19880
868
1684
412
1094
1038
1068
2286
1474
1960
224
1276
1316
1186
1968
914
566
16728
8274
506
1558
396
1098
230
1374
344
656
896
1510
874
236
530
3058
248
250
378
270
376
18828
5898
756
12118
254
392
368
10150
12574
962
474
13692
600
380
1508
1926
256
11814
242
34030
7678
16330
390
76290
254
256
19508
252
388
832
378
9770
738
250
390
20776
370
664
376
370
22222
6722
12246
51386
356
2680
22456
8574
426
398
358
990
244
20500
388
262
490
6746
252
27000
248
254
262
20424
280
38660
372
12272
3150
3048
554
400
24116
48170
372
604
8442
36034
892
422
45776
16080
2296
260
9602
7664
15114
246
258
390
262
386
60142
762
372
250
5774
6854
28386
372
726
254
360
394
390
390
258
956
33492
252
7840
258
388
9996
34822
12452
49766
246
362
392
22280
366
28018
424
242
6560
262
23140
21988
250
15042
248
248
376
27878
382
8500
388
384
7984
374
26350
34246
7002
406
20972
400
392
278
376
40524
7490
368
382
254
394
358
254
368
268
988
100324
354
6058
20460
498
18596
480
10042
572
25936
32742
48644
68
394
254
248
264
48888
2512
8740
368
374
246
17788
246
5652
28292
68
29706
17116
372
252
28370
382
26266
382
244
266
250
536
1022
380
254
370
1882
5770
388
8030
392
7612
242
250
368
4604
284
16182
254
5982
14788
5098
256
264
15936
10564
382
5952
11764
386
264
376
248
376
26898
378
392
27742
22868
12672
246
386
24082
22256
266
388
11108
378
20200
380
380
3548
1614
376
416
25704
250
866
14626
372
5542
246
13748
368
44294
252
8336
496
394
19550
372
54892
484
396
28094
260
386
266
252
12844
3218
672
40568
248
2638
386
10198
262
272
406
47762
52400
250
394
476
244
4356
41580
244
272
366
244
488
19588
342
250
264
100088
2330
252
516
376
17446
31706
2942
506
610
372
382
252
43984
560
524
244
396
372
8746
25900
18204
500
6486
268
262
48770
366
3308
242
11662
250
250
244
5620
4664
12116
50634
3830
246
2986
388
12922
550
264
376
31350
16078
6148
266
268
32592
386
378
56158
17038
9162
394
266
95034
250
7502
23268
358
46958
35018
366
386
9392
20338
258
258
7998
250
52904
68154
6102
248
656
270
954
254
3034
43680
248
248
50476
370
416
15120
390
280
10586
402
258
29706
7996
506
10198
408
260
998
17112
6000
3334
248
34238
386
1916
370
20524
378
7538
24694
58560
246
368
12176
372
10714
9032
250
388
4680
372
264
396
24064
492
484
268
250
396
2442
372
252
260
264
8922
38712
250
388
612
7040
30846
252
420
586
8584
724
408
536
8172
10798
4408
246
396
7658
3526
6494
358
6476
8050
384
266
18246
246
42604
376
372
528
388
262
380
13780
264
13782
746
382
244
3888
372
390
258
434
24630
386
484
266
264
40826
254
530
396
8688
24840
20180
47124
4826
13698
8446
12578
418
382
256
19612
508
2646
372
7294
398
266
28752
15860
2416
14942
5506
378
3052
7248
238
2952
248
10038
242
402
14838
272
250
256
390
392
18248
17568
282
246
1714
392
5812
386
38530
394
264
250
878
554
258
388
506
388
250
250
494
622
244
256
7710
254
82
986
394
256
372
2060
25682
3898
14926
424
29176
27310
658
790
370
242
376
406
49924
494
386
248
258
968
6940
254
27696
398
560
250
280
15886
244
246
250
558
382
378
262
382
19780
792
734
386
17584
496
2342
392
552
266
5138
234
17234
46128
12928
252
260
256
256
8406
388
27450
352
9520
360
3362
254
10514
364
658
36940
358
250
4412
384
16578
240
416
276
386
3762
388
6740
388
666
244
4156
68
520
374
390
426
634
5884
91682
378
382
490
266
392
6108
16504
390
14814
368
254
7990
240
10174
642
20688
23932
8272
380
384
486
8670
628
556
396
376
79768
466
382
5632
272
392
258
400
258
4734
610
12628
33782
2328
374
272
34494
256
21294
358
4116
7158
360
268
370
254
392
8244
390
266
31060
368
54574
11074
10532
420
408
1112
37776
53034
514
2398
428
250
550
378
6044
1114
7772
13398
520
7582
860
18790
500
4856
39050
60728
380
408
262
472
19908
362
264
10926
2040
390
250
250
248
2594
5732
268
372
248
2804
258
3246
912
250
510
31764
358
256
566
488
21596
378
31718
1986
730
248
264
14134
3182
13206
394
382
370
260
504
254
384
398
274
31544
376
2712
284
380
250
368
378
244
416
248
2770
276
4940
248
376
628
5148
244
384
508
14824
8344
1340
372
25588
12460
268
5394
376
38036
378
35324
22474
364
1072
5152
280
13270
8152
264
45060
256
390
9478
32990
49020
4460
4290
2982
380
11524
6096
254
252
3424
248
17526
240
498
266
378
4220
244
256
48504
390
366
360
5374
362
12420
378
248
3588
7322
374
372
388
9658
400
4330
512
486
382
13634
370
254
376
384
12786
24094
5236
512
9494
358
43124
39118
81682
404
268
284
670
3818
246
19338
5114
370
254
380
264
380
378
4780
1654
508
32956
400
9330
28026
260
9230
516
628
370
398
12034
252
3100
250
368
376
262
418
248
28294
368
256
260
250
272
532
10212
268
242
25966
1086
258
4380
370
19944
8892
9902
7122
246
4832
286
364
254
368
376
79486
388
394
20876
378
244
254
61220
408
19986
3388
246
376
374
378
9694
364
16552
250
382
374
10328
260
256
7434
384
370
374
8156
480
256
18720
352
25812
17174
5126
234
372
250
252
236
22772
3044
256
45782
252
68
20596
250
30476
278
27726
526
7694
372
1622
5788
384
258
412
372
370
254
258
6158
25556
496
1858
1376
388
2692
5352
386
374
4222
2604
386
1602
234
248
496
392
518
386
248
9132
1008
270
2162
716
1028
1046
3258
2370
1262
18334
1634
246
56166
868
404
1014
492
1004
1746
1228
2756
1224
1972
412
3098
1828
1598
242
1404
936
1286
1364
1038
1512
1514
1568
772
1142
1084
240
2008
3594
1528
2170
1776
1276
1310
1468
906
390
764
386
1480
8850
3204
1752
232
3480
1352
402
1706
390
1248
406
1822
1406
24818
2392
1608
2448
1594
390
1354
372
2190
1248
1470
12036
734
286
1918
5070
388
392
2058
1310
386
1162
738
4272
1360
282
1640
1422
236
1560
388
1392
1000
1170
2280
2582
6698
1430
1016
404
1352
1868
666
1544
1232
3464
2922
416
280
490
1882
1618
386
350
1060
974
1290
1358
970
1872
1322
2876
1842
4482
3036
1952
27178
918
1118
1946
1224
236
238
748
1282
1060
9750
1220
2478
1550
858
1486
1532
10762
1660
332
552
2180
904
14642
20782
3530
1304
1270
3570
474
2170
1484
1436
392
386
2228
3286
1884
348
234
388
236
1202
232
10060
858
1206
260
33490
56084
15478
2250
248
1278
2434
398
2694
1118
1946
1234
660
1838
1262
392
1702
752
3664
1826
400
1204
390
2178
1366
1106
13796
34754
348
1648
256
1584
6664
386
406
488
386
1534
9120
408
384
1670
346
614
262
1278
346
388
1048
1916
500
3014
294
8500
12750
386
1724
1014
1680
1652
416
1110
1224
1224
1728
1196
2404
3404
1276
2470
872
1126
998
5460
3138
33088
1018
10352
348
2950
844
1144
1092
7376
1274
982
2468
1144
2134
1036
1134
1314
1030
1036
1218
248
932
386
1322
1802
1068
1128
394
1552
2656
1096
20060
3702
11516
2292
14664
320
1474
1418
346
908
928
860
392
1190
15134
1174
2248
910
1136
282
33666
1210
2154
242
5686
1436
248
1152
32336
6054
1742
988
832
408
718
238
18228
1158
2342
2436
696
394
5766
1230
1360
8882
388
518
862
3720
382
792
1724
2352
1208
740
482
1288
992
3698
1130
874
390
426
1140
878
1242
2062
1700
1094
1350
2842
1436
350
354
1296
2658
1938
474
1462
3116
998
1264
1412
958
390
1936
982
1654
272
19828
392
388
850
948
2268
274
1042
1298
7182
1012
894
1072
1046
1670
35540
14176
912
838
1344
346
31818
2242
1872
2114
1678
1964
724
1662
2744
5290
1154
1870
1528
1332
398
2832
1214
1364
1374
390
50542
1398
1260
3198
720
3428
996
1146
8324
988
548
384
622
2304
2208
270
386
1702
390
1280
544
2700
228
68576
2242
232
1120
1288
1148
772
378
2760
914
1022
386
1108
1820
352
2774
1106
2142
880
1916
354
1322
836
1372
664
1060
22760
1234
18188
2830
992
1136
1068
1260
7574
33086
234
244
86242
19092
402
396
1920
396
9264
2168
2152
820
1416
2074
4906
2122
26962
1034
1172
946
7826
2200
352
2894
1284
236
514
1450
8204
1198
2052
2384
2896
1372
10622
1502
1510
394
1424
386
400
392
886
998
1886
396
1252
1538
884
1788
1646
5862
6918
1826
380
1122
1814
3936
246
912
386
264
1550
2490
1102
62878
1036
858
8756
976
1292
892
2182
388
51350
1364
346
1672
662
238
1012
2396
406
2390
1662
1834
2008
1252
388
354
926
1390
2362
1204
332
2680
2816
388
1732
2106
21476
1420
232
1688
1340
3326
386
910
1758
2720
406
1302
1148
822
370
1988
952
2174
1004
390
276
1656
410
7362
1012
1102
1386
1002
504
1306
246
1430
1164
1412
222
544
418
1716
1618
17958
1088
3068
958
914
1566
6750
1592
1148
1150
2610
266
422
496
1462
1612
386
1798
1186
424
1608
1890
386
1232
386
976
2754
1600
386
1020
1546
16212
4056
4986
2770
394
9952
12914
942
2530
1280
246
1136
8022
1522
346
5218
1406
1722
3368
1400
2080
41556
1568
1920
2222
232
892
740
1310
9614
8700
534
392
458
400
2020
250
2952
1166
540
250
6290
1344
2268
14936
1844
408
1576
10488
4060
1010
1338
1544
1312
488
512
1500
22806
3070
3502
16740
20996
2446
386
1134
16760
1458
5744
1098
1174
252
402
1240
4008
71832
2026
1682
1404
1436
1354
1336
2006
1980
1702
11486
2112
3200
1100
1080
1248
11054
17934
2356
12856
10166
1010
8776
386
1400
356
17924
8640
1268
498
13908
8828
2352
1500
492
896
1972
1730
1444
3106
244
404
22028
2228
244
13758
386
15314
658
5700
386
1584
1830
1084
362
484
1148
1414
250
1034
3184
1002
484
412
1412
408
3134
1644
1168
272
38964
474
268
966
384
420
934
1564
1236
872
1326
1180
33830
656
1600
2908
2046
498
1134
486
1868
2730
1544
7076
410
1160
11814
828
2120
1188
410
1210
1464
952
1100
972
3558
1414
60200
1526
1306
1008
2350
2022
262
1740
416
1476
23170
1316
1072
400
1286
18960
834
244
974
504
1238
596
394
1286
418
1162
1018
2708
4868
5084
2866
268
350
858
248
1188
1338
3320
1462
276
8884
412
6864
12792
1892
1204
500
1154
500
1930
1130
18582
2036
2404
694
2422
386
1034
524
274
1588
1570
1080
250
346
1228
1240
1778
888
1682
1002
384
1460
390
272
1298
1384
1746
6634
348
1754
664
584
268
5552
1100
1340
1290
1408
390
1252
1060
1410
1758
2914
1706
1406
1296
1744
10982
1442
458
2094
414
4878
390
3684
18962
390
388
274
608
2290
19892
1780
236
1066
2620
31326
386
7642
406
3330
3684
1202
392
1100
24496
266
2384
1392
1570
1446
2628
396
552
2250
2934
1414
3430
1894
3216
1848
1364
502
492
1006
258
1372
1378
482
1416
2904
2406
1136
1220
21642
392
2126
1246
1276
1502
346
1350
5880
4856
416
1186
38342
346
1342
2144
2906
1424
1034
742
1250
1900
966
9884
1606
1108
1906
708
308
1262
392
620
18642
2432
1138
970
1820
1018
1954
2158
1318
4820
1322
2190
2268
1608
390
1188
970
1106
1612
6836
386
1418
1230
1238
416
1000
1410
1488
272
1224
1010
982
1014
1372
232
1450
1540
22990
530
1466
1868
272
1532
15164
1226
1760
1914
694
4480
608
1252
1114
606
998
236
4710
1502
5540
1242
242
1040
622
2380
1248
7226
920
350
856
354
5600
1484
1032
1694
8386
2264
2562
388
412
1396
5328
1652
3444
1082
5578
3156
4012
8074
2468
24014
1196
1210
352
1328
2066
2026
1014
886
1266
230
10778
1266
1822
406
1146
7632
380
388
2640
2064
1436
1414
42342
4796
2020
736
1466
1606
1308
1032
388
1728
698
1618
3152
1632
994
350
852
2510
22662
1010
1036
390
1000
1430
1564
1892
348
1202
1846
388
1290
3140
3494
1052
248
35602
824
1070
3594
26568
248
1150
960
2068
2908
252
998
1386
1700
906
4606
4608
1314
994
1040
388
1076
5612
1762
1090
1824
3262
2136
1708
20676
756
910
1722
826
398
1158
410
2008
864
974
1258
410
718
476
1006
7852
1032
1388
1344
1802
844
386
2172
992
472
26730
5896
16940
998
1500
1914
3806
1112
724
5940
32276
1344
848
2234
862
43616
1922
1106
8146
1426
35210
14430
1032
5220
3764
1604
1258
1808
2026
418
990
822
1076
2304
414
7536
1040
1790
2068
20886
844
1162
2272
1188
1066
1440
404
1074
1452
256
2594
1432
1202
1382
388
1620
2902
14364
352
8390
2714
1816
1774
3348
1058
384
942
2734
974
20608
40282
1522
1310
248
390
246
1222
2168
1640
382
26742
456
6798
1194
578
1422
412
1284
1104
4514
1674
2570
1126
1574
274
1448
440
246
1370
502
7814
20630
350
7192
14894
26168
272
518
1256
300
2366
4634
478
384
1228
5392
616
1332
1444
484
1314
1658
1136
660
3336
494
1410
2782
4244
1742
998
940
1592
254
1554
1912
222
1772
1550
348
244
1090
3494
488
1192
54334
53508
1342
1192
388
500
1368
1428
388
710
2034
542
1802
27194
880
14964
41902
1738
416
60588
2898
586
2934
3536
1114
1526
5228
17018
2024
2686
20046
2130
1730
9748
1080
386
1292
386
1132
948
1068
1210
256
3566
258
3972
590
1276
1574
1568
384
1156
39432
1564
400
394
1304
7764
1556
1318
1220
398
1592
1322
386
966
1026
414
3124
536
556
800
11398
1024
1928
504
1600
1650
1608
238
2518
1722
1680
1350
1080
1416
518
1112
1220
1500
388
1048
2392
1576
1368
886
3872
616
1548
2942
1006
1110
376
258
386
1610
1276
1822
388
660
51298
246
5712
5476
1460
2918
2044
680
1404
350
2560
1504
1366
662
482
350
1266
960
1168
25032
25752
242
9774
3140
1378
50858
1766
1854
266
368
882
1804
402
242
1824
2236
1972
964
1676
508
1346
7568
1214
408
2098
11532
1760
682
40934
398
1408
1778
408
2006
1704
1386
1650
1782
7116
916
526
2000
11800
482
1688
1250
1818
472
6492
14606
18088
888
396
1160
914
864
286
386
1058
1536
1924
1372
248
242
270
1422
344
1284
390
3292
1132
16908
3962
348
1382
1546
440
1062
278
1628
2460
1680
1198
2292
2274
1258
19558
1142
1024
406
910
4228
21848
2390
2318
81666
1308
1378
1772
25066
1592
15374
264
5352
242
406
1070
1616
722
1268
3214
418
1266
910
412
1564
1120
9366
548
388
2366
10510
936
1728
1300
1766
1546
244
2456
1022
1188
410
384
268
472
1480
25744
1006
20866
2660
1340
1380
1308
2224
2008
376
1684
990
1670
350
1788
3740
1226
252
488
1716
274
240
270
1408
276
386
1586
1406
388
1222
1176
16482
248
1094
1228
1134
23436
876
668
252
894
5334
1492
930
1260
2058
1114
1252
534
1780
1806
5822
5366
2150
946
4738
1398
1800
2592
1390
1162
1176
1712
838
250
23536
20320
1290
4434
1486
240
2010
390
3984
7392
2422
1688
350
238
1632
388
3170
12658
7834
1420
1810
1340
1500
1304
2282
1830
1208
2272
882
3008
1438
268
1672
286
1380
398
236
5144
272
4422
1248
2982
926
1172
2860
978
1162
1632
1372
2340
1108
1214
1758
3290
1476
1074
2254
2026
17904
1904
238
1038
386
1670
10750
856
338
248
3668
426
1500
246
454
496
2434
10692
252
1052
2050
13436
7480
982
2750
2122
1214
1372
2106
250
1110
1504
390
1426
1396
7958
898
3034
80758
10578
350
408
13160
1764
856
396
482
6902
388
2350
1866
408
1188
1392
248
1716
10114
246
388
1506
386
1692
396
1968
1248
1114
1768
492
1150
278
9238
1622
1376
1654
16994
1112
1974
272
2882
246
412
3140
2304
2702
892
1370
1498
684
3014
35524
1314
394
1146
1382
964
906
12756
2248
1132
402
3612
8796
21154
11296
3080
972
492
1206
1454
52230
1246
2710
19482
246
30070
1188
1724
2248
386
938
1094
1740
388
1890
2258
242
1152
1006
776
1564
1144
1260
1118
1144
29986
1370
966
1182
2322
1488
3530
344
1704
1134
868
826
1260
1230
36152
13250
1234
2274
390
438
1298
2292
274
1230
1162
1406
2132
2280
510
42248
21748
2222
2230
1546
1092
390
1076
2404
41572
29964
352
1738
246
1306
388
840
2292
1018
1042
5158
8976
964
1524
43568
940
258
1044
996
6536
9578
10584
1500
244
1266
396
2190
404
1284
1840
1518
880
250
388
12798
2696
1080
23754
4320
1272
348
1642
1018
488
1556
1230
2666
1012
1240
2786
1370
1026
1120
998
2220
384
380
1152
15940
1052
970
1106
246
1316
2126
1136
276
1066
1032
1368
8630
6158
10256
820
1512
1156
348
1072
484
1376
2128
1220
10124
914
1532
552
31914
264
994
2292
1406
7008
4264
1290
388
386
1128
1060
4868
246
6516
1784
1174
2320
1636
