111111111:1111111100:0:0:0:0:0:0:0:0:0:0:0:0:0:0: (total 17)
0 4 8 12 Thread 0 going to cpu 0
16 Thread 1 going to cpu 4
20 Thread 2 going to cpu 8
Thread 3 going to cpu 12
Thread 4 going to cpu 16
24 going to barrier (cpu 0)
going to barrier (cpu 8)
going to barrier (cpu 12)
Thread 5 going to cpu 20
going to barrier (cpu 4)
going to barrier (cpu 20)
going to barrier (cpu 16)
28 Thread 6 going to cpu 24
32 Thread 7 going to cpu 28
going to barrier (cpu 28)
72 76 Thread 8 going to cpu 32
80 going to barrier (cpu 32)
Thread 10 going to cpu 76
Thread 9 going to cpu 72
going to barrier (cpu 76)
84 Thread 11 going to cpu 80
going to barrier (cpu 72)
going to barrier (cpu 80)
going to barrier (cpu 24)
88 Thread 12 going to cpu 84
going to barrier (cpu 84)
92 Thread 13 going to cpu 88
going to barrier (cpu 88)
96 Thread 14 going to cpu 92
going to barrier (cpu 92)
100 Thread 15 going to cpu 96
going to barrier (cpu 96)
Thread 16 going to cpu 100

cpu 17 cur 17
going to barrier (cpu 100)
STARTING...
STOPPING...
Duration      : 10000 (ms)
Acquisitions  : 8986584
2472
1846
3604
5056
258
4312
3418
7116
1200
2226
3806
7876
5350
3424
834
5658
1970
3734
7446
3192
2590
3734
5566
1684
3150
2152
3244
3870
2054
3240
3070
6826
1594
702
3222
3956
982
7668
2604
1466
1862
1611478
1992
3094
3496
1818
4160
1504
2396
2366602
2722
766
2880
30290
4282
3498
8238
5224
532
3882
7162
9436
4478
1710
4936
2962
5604
5310
5358
5788
5448
5102
3772
3048
740
398
378
9162
254
3558
1694
928616
1050940
2914
2868
6118
478398
4600
4506
7268
1288
2406
2370
7946
8020
127706
442
4410
8438
6638
5974
250
5836
348
576
3684
152988
372
7920
493912
4552
10006
2064
2610
6054
5010
4424
746
5304
3478
3996
484
4216
5920
3730
7858
6988
1362
10292
183592
3398
5894
8320
1780
2566
1880
3476
5050
580
2914
2114
7604
2714
5644
7188
5600
5840
3994
1507370
2194
2054
11400
3626
2368
472
3688
2844
484
3190
1688
6748
5814
4452
2914
14644
232
5206
1906
3438
3710
5038
6994
390
4228
3288
3998
5414
7166
7102
396
568962
467970
1486
5038
4716
3048
6748
9736
5562
676
6388
4604
1908
483264
4490
1276
4258
2052
4764
6344
9664
638
2246
4290
4180
11468
4206
3144
4530
3714
3246
7936
4406
8516
3878
5948
4928
3600
2380
2748
500
7436
10268
290
1146
7242
5504
7464
1324
5944
3752
2230
7654
3332
3166
3776
2662
2848
3682
6636
1420
3696
5516
9084
1776
2898
3046
2534
4754
3082
8718
4294
2416
3138
429706
4782
2632
1716
3380
1458
3852
866
4318
9680
6406
4076
2498
5592
2792
880
1724
4816
4720
235320
702
7172
4806
4680
4506
1218
548
2382
4178
2688
4772
703442
1054
4218
6400
5086
7028
5478
6022
2816
8826
3172
8424
2342
6440
6040
3654
2048
3442
184744
4426
2562
2526
3722
4654
3638
512
11084
24118
7486
5754
2724
10382
3798
4374
77738
242
2422
6330
4926
4838
4654
266
2810
5566
5248
89778
5762
4634
2876
2782
3178868
4290
4562
7238
858
3284
11234
3906
6766
5290
908842
8828
7972
2896
2574
4704
4486
6090
400
3294
542
4192
1210
2720
9694
31834
878580
636
974
5380
236770
756
283090
4868
326
3978
3776
5938
438
2286
3884
2748
3928
3542
3000
3096
706
2774
2544
4912
120604
5916
3068
2620
844228
358
5560
674
472
4574
1738
2394
3314
6142
5506
258
735126
4346
4952
2050
2402
3338
1520
3878
1504
858
3802
660
308448
5996
2476
6584
5352
250
302
735248
924
4120
514
2850
628
4486
1200222
4736
11266
7766
2994
6682
1166
79008
2686
1548
1434
362
3722
10720
11084
3692
8372
7504
968
1988
9836
5494
2030
8882
1052
4552
250
2864
3678
3188
4620
3100
3252
7160
1244
2200
992
3168
540
2332
1948
1832
4812
2840
2388
3848
8134
5592
4570
3200
5924
584
1132
9592
9090
302
3772
7296
4784
1208
2122
6602
4426
4386
6378
788
4256
1902
278
4282
4704
2650
2734
604
248
3168
7702
966
4466
3042
568
604728
2822
215354
4008
3086
6234
4918
3432
4422
1814
11956
3378
512
4280
396
2650
197044
6700
7754
6228
1574
399248
134074
2724
2354
2586
4592
2986
3262
2162
2540
3526
2052
2280
3852
1310
207696
4584
3604
2542
992276
6952
4624
3394
5768
1384
1714
3122
5168
4956
1192
6418
425474
49646
1474
2844
5600
3270
4120
3142
7554
8324
1934
178174
3844
2486
4156
3932
7654
486
3068
2268
3796
4410
5092
4862
2504
6826
6710
5944
512
7250
3230
5474
1666
437270
4460
63448
2298
3360
3068
3732
4016
5802
916782
2910
6320
5532
2004
2638
4932
2596
3156
3508
698
3630
700
5494
6978
1970
728204
2398
584
2566
1668
3730
6198
2958
5528
2418
5614
914
4324
3470
3230
4404
482
376
3848
3356
232672
2994
1062
3162
389244
1726
4252
931420
2878
516284
924
3252
3302
1640
2492
1884
496
8138
2594
4814
78618
7026
4908
1380
8260
2690
1228358
3884
3970
11850
10346
5392
5010
6790
5842
3586
1068638
5712
4810
6874
4044
400
4072
4028
1000
1732362
2404
1898
1420
2334
2778
709042
3028
2024
3418
1188
10898
4646
4150
3642
2344
4288
2892
7720
1358
3546
7896
7878
4098
1076
3630
3472
4000
7544
5878
1602
4544
274
4156
350
1768
3440
100098
4148
252
1372
862
2094
3746
3922
3610
4986
8580
508
149270
3848
6016
3290
3632
190722
9436
4478
2030
4986
349778
3386
3628
2492
3554
149576
4210
5378
628020
9666
2710
6216
4932
260
2436
3736
3036
3966
3624
1984
3146
4012
4408
4964
2294
1776
5288
6218
2320
3168
1212
1230
4418
2412
85564
2990
4028
9672
598
4888
984
5328
394
1940
2600
1260
2800
2242
2792
6588
4808
6330
3190
4216
558930
1492
5114
4000
2510
3330
338
5152
5140
1798
4416
968
69724
3778
522
5716
3566
2994
6574
8422
806
4300
5742
7514
2518
3782
5276
1802
2818
13706
5444
5926
4494
337934
2832
3882
3238
1664
5534
6588
3008
6780
2944
14296
8382
1538
3064
2422
4532
2890
5368
768
3496
5118
224
484
1072
8224
5230
4234
10242
3778
2740
8350
7584
3876
2774
2076
842
1864
5574
4174
2836
472
2444
7374
3688
4942
688914
2748
3138
4398
6778
45650
736
5022
3896
4778
352
3578
5708
1658
4824
5868
6290
5076
157610
1804
2888
7328
693970
2874
569290
1202
3468
2228
3410
108130
1248
9012
5262
3716
1940
6872
3308
2860
2304
4762
1964
2842
4164
4338
8420
2052
3578
2874
2346
2156
7248
10194
2474
2698
1318
3864
3766
7422
3304
266
2041266
352082
2726
7450
5900
3140
1590
2854
3010
4008
5468
7372
654
8968
5902
5098
608
810
439616
6574
212228
4330
3966
972
2932
5784
1396
3376
3472
6900
7184
3756
4496
1610
484
6134
4380
8262
1536
16498
4892
910
8424
3186
2612
7514
500
217158
790
4310
5934
3946
2244
2448
6764
9622
4524
276608
3714
1354
4242
23724
518
2742
2448
7522
3740
4260
8998
3236
3034
1490
4098
2152
5918
3886
2952
2372
3976
7194
2970
670090
1454
11866
656392
1336
6176
692
4026
5186
574066
1841436
360
1470
4508
6758
2382
6566
4526
4904
5734
402
3484
350
4168
1249420
4696
652
4040
850
1782
1430478
1960
4164
2580
4908
9846
6910
594
2050
4632
514128
339516
474250
7132
936
1882
3154
4680
1978
7230
2534
6688
246
111922
6016
392
494
8640
4072
5596
2362
3224
614
54778
3616
4912
6372
2602
772
5840
1010
4054
3342
3164
372
1378
8700
3830
5854
9012
6094
6272
5656
4706
1232
1938
3354
4838
1270
4514
5596
4224
297072
2992
3952
3118
41868
5380
7520
3194
4454
2290
1084
2108
1614
4008
6726
3318
3346
5534
16654
6728
3768
1452
3090
4202
5160
4144
4226
8094
5670
3484
2390
3710
2942
2890
2118
6790
8154
392
199260
3006
2942
4150
4930
5226
394
8024
6380
2888
5402
2014
2928
62956
4340
2764
1682
10700
584
308
138066
2646
2628
2470
2666
3060
5006
6964
3926
394
748
9714
4840
2994
2928
4494
6606
4926
2636
744
3414
2966
7706
77282
7210
2444
11524
3348
5500
1608
2596
1916
73162
6898
4192
3562
2048
7030
4250
2034
3434
1082
3096
2444
3022
3182
4460
2604
4880
7238
4886
2794
2800
337212
5290
2006
4744
1760
379642
1676
4762
5602
4302
132364
4338
9418
3156
504
386
3424
4794
4320
2410
6316
85040
5708
3294
3134
7050
980
5676
2406
3730
264476
2572
688
4256
4388
3232
3784
3434
752
1770
46816
2986
9520
3408
632
1822
3086
1988
534848
2452
2734
2892
3102
6024
2167206
3620
363842
6442
220008
3142
390
5846
18294
7138
3578
744
8502
5388
5628
3362
4194
8152
6622
696
434
944456
2794
24954
9272
5936
574
4492
3336
632
5154
3444
3658
1056
8090
2392
2064
5970
4768
4782
330812
502978
2788
4944
2780
1814936
5304
404
13188
4072
2806
838
876
990554
5574
3840
605766
4708
3082
5826
862
5778
7930
29130
93124
2902
6420
3444
7654
1660
4436
7430
4958
4578
3560
4506
502
8150
642
3696
8548
3554
3270
4496
1720
6562
2004
5526
1570
2766
1496
4648
2846
5954
4924
7966
2912
7678
6356
6084
944
4136
7026
978
6224
1762
1574
2832
3126
124370
4016
4150
4778
3790
6930
4420
3138
4880
6164
374892
6350
2070
3264
4332
5652
4240
3762
4092
4106
4474
1706570
4698
1612
235402
8092
2690
156928
9058
6600
6016
4988
4096
5390
1742
3626
5178
494
2690
3614
4784
2188
6416
3726
2996
2074
721960
3964
4840
3580
5348
4982
4428
3202
3332
1430
398
1052
4422
2048
2614
7024
6332
1134
2990
9552
11194
4556
10686
3572
2972
6840
3720
4710
3644
3718
356
6364
11042
3226
7982
8428
2072
8654
6548
1104246
7870
8662
955566
6834
3416
5602
2854
976
384
2510
5068
1916
2498
644
4272
298564
7042
1124
5936
3850
6992
7932
1682
843264
582
6186
1808
502
2460
5584
6146
4300
4108
4752
652448
3670
1864
5600
4468
6306
4404
3027124
2046
5458
2266
880
3354
9216
544
1544
1282
6808
4420
8514
5238
4076
13672
2680
4676
3926
4614
11274
443140
2378
3152
2070
3092
2432
228688
6138
4732
2138
7338
4168
7120
424
3680
448
1062
3552
2606
5208
1108
2354
3496
4468
3200
2590
1494
3612
820
3136
3334
2278
4750
4210
668894
2980
310896
3606
942
6594
4422
3326
6670
9328
1076
6768
2648
6946
4720
4704
2172
486
3476
5286
5522
3420
4474
1074
5664
8196
1008
584
3492
247706
5182
4858
3794
6958
3158
3206
8680
529526
8480
1704
5656
3148
3192
4702
844
2506
5634
878
7438
2444
840
6256
2066
2104
5142
1602
5734
7116
7418
754
2766
500
5904
3972
484
5274
7098
5730
950
4136
390
2188
2592
2842
844
7828
639822
4490
6022
6130
7754
5858
1046
342
1350
528450
4504
6726
382
6784
9218
2290
283466
7508
3308
906
2330
938
2702
1755482
5922
634
11400
2038
4662
1518
7792
4864
474708
2414
4194
3736
534
3250
4530
4010
6136
2576
556
6102
3186
4576
2430
10830
10756
3290
4190
4378
844
2932
3024
4466
4566
2698
300148
3610
5816
97012
3124
2606
3804
2260
4344
3384
5176
2060
2310
3632
9160
1570
5818
5842
3292
100980
9270
5380
2698
6790
3998
943018
4712
808
3314
5250
10240
11794
5480
7168
632
1888
2902
5290
5182
3320
5126
5096
2812
5884
4492
956
2226
250
3556
409324
836244
5318
9618
4464
13352
3284
4248
6172
2044
3346
4854
3098
3980
159566
1446772
1192
7908
2160
2638
2998
3798
6786
5080
4662
792
2876
7814
4942
5484
1654
3112
632
1214
2354
108594
2768
552
2904
3466
58924
2982
4788
2514
256
2164
7316
7972
4118
7042
1056304
9592
1556
398442
3878
2314
5088
656
3716
9384
2186
2026
4036
2440
6608
1070
1000
158862
3584
6526
3668
2646
4198
6680
4620
1210
4956
2506
750
7564
6654
4756
4618
1722
3810
1192
45632
2794
4360
6734
5384
3320
284
3032
490
2022
2884
4466
5170
5916
6816
1672
6750
4852
496
8150
246196
8516
5940
3296
7818
6196
3026
2786
2950
6994
2524
2206
4294
161724
8046
7070
9220
3452
4684
2588
2356
5946
6400
6822
1820
1920
3464
7816
5774
442
2878
2278
778
2060
4970
5806
2546
4062
3660
3214
3266
1048562
5252
5558
3270
2126
6416
3162
888806
5136
6588
2690
2514
2198
6574
4052
508
1386
612594
2644
161116
4246
158110
3680
7704
3644
3950
4386
3756
4132
970
1214
4132
3480
5392
2358
2346
4196
3528
173436
4868
4212
4800
3110
2956
5316
3644
3278
5316
482
3840
2786
3194
5666
5834
6922
2218
2214
3228
3110
5472
6690
4138
1892064
6328
3182
2830
2098
624
3698
4128
3286
656524
2722
3186
3384
3088
382
9114
5506
3364
2396
5610
3436
2622
2272
2644
3316
1198
868
1098
4026
2032
4564
4148
2982
9550
1344952
2164
3776
4486
4092
3428
1288
1776
3186
59482
2042
4426
6524
1234
3396
5288
4622
5252
1249378
2820
3346
3714
4782
2410
5642
4122
2670
5174
2198
5054
5554
4580
868
2116
904
4468
165518
93868
5296
5182
8058
3788
512
3050
5076
4020
6540
2514
3106
562
5202
1806
1504
4338
830
264
1986
6754
1016
2450
4132
4698
6270
292398
976
2976
6774
2206
4964
1518704
1004
1930
628
6652
142184
2514
226320
9858
1718
592
4178
5580
3438
3562
7310
1812
2020
6246
6326
2610
5804
664900
12432
4010
624
1490
7138
294
976
4696
1688
8900
3962
38672
6136
7308
6078
6250
542
1048
21118
7626
5078
3746
7178
2532
9694
6918
4076
3334
8176
8752
1912
3794
5934
2888
6558
8390
1286
478
1976
4174
5340
6830
4046
8122
7148
1814
2512
5888
846
3486
3712
7600
1960
6856
1140
2978
17482
3400
574
1188
4120
7850
4908
3380
6750
5494
2762
10410
1994
313692
175922
1426
1112
6046
2874
3732
702
1753814
394
87738
471642
6966
82816
8498
4190
1274878
1319618
3008
7916
2268
95106
472034
274
3370
4292
1760
1912
4720
4034
646
4872
5018
782
1640
6168
4844
8564
3146
7944
736
196976
1128
1274
520
7030
3144
5668
286380
6500
2936
2272
1414
4652
10768
3324
3600
3350
2892
2100
6548
387974
6450
11986
8064
2384
4068
6384
5654
919020
6014
6660
4930
4774
3334
866
3020
398
2092
8234
1724
4282
14202
6630
144068
1612
5736
254
6876
6034
3214
3896
1634
2098
7518
7530
3082
9976
4254
868
536020
1596
10788
1286
4324
5986
6758
6366
1956
3768
1582282
1196
3728
7204
6460
635190
490
97094
1080
1524
8984
496
3900
520
6446
3792
426
482
3572
2306
5066
244
5136
3108
5572
4508
14726
4854
5090
9648
5408
7856
684
373666
434434
8470
3356
3998
6146
362004
9012
1504
2444
5794
3804
2530
5246
2948
7430
674698
4808
604386
6166
9898
3104
5018
1690
5224
9102
5004
3492
6648
3226
3304
6332
2982
1456
5530
3082
4296
3066
5190
1042930
3556
6142
7892
1980
3616
2978
1978
5592
2026
3826
3862
4166
6000
2708
6272
3440
11366
8164
3870
6524
3356
3790
8186
4758
1184
3446
786688
3626
6934
5708
6810
1926
634
1299956
796
472
3706
105414
388
916
5526
3388
2352
4764
3810
3332
7328
4310
12032
3354
2954
6214
8314
6300
69190
3980
1664
4158
5372
1102
6458
5600
8860
10404
3612
1702
5392
1740
2498
1082
1834
13004
3064
4166
4138
628
9778
3744
6368
474
4950
5590
4398
6540
5156
6818
3794
7894
11516
348
1806
5802
5892
5496
580
2894
2882
390
1854
2624
6242
474
2610
6184
1904
5490
12790
9330
4202
1566
61974
380
16502
5770
76130
6250
6420
717240
5004
4098
3778
3832
440
262
1264
2552
3928
242994
9202
10338
1128
1914
4316
6898
3780
1258
244
2966
1124
8006
4146
9532
467440
4766
8708
282
5138
942
6304
5528
6168
1084
3672
9364
3082
482
602
270
1144
2798
426
5706
1060
3716
508
1664
4142
512
3204
2928
3898
8512
416424
6224
5088
5308
230
15380
918
5472
2120
1112
5178
8166
4084
490
8904
6308
4902
1772
689908
7098
752
830
4360
8848
3076
5110
480
4336
458
7220
854
2064
378
5064
7886
2682
8708
2516
329194
6064
3258
6154
3136
3130
3204
1216
1810
1412
4054
468
5782
1546
2078
5396
3038
2366
1284
1008
1384
2606
2772
428
436
4542
8076
940
1004
3272
2438
4734
194774
51686
318
2522
8758
792
4306
614
4020
4110
870
1780
6780
518
1482
5306
386
3062
542
6680
2560
4448
230872
1820078
570
2322
5834
3308
7582
5240
698
2196
6710
3694
7108
5090
296
740
286
4878
226
2192
86250
355666
1140
7376
2506
5952
6138
1640
7854
3788
3700
4194
3676
5172
5534
276
4348
380
1350
5234
12106
2078
4738
14018
3858
2021120
2564
11408
5400
5192
6288
4576
9718
4266
1806
5006
4226
3516
4800
4304
6496
4320
5932
2834
5926
3282
1678
3990
305878
4932
60930
7566
5796
7698
4096
3162
3036
6188
7760
1232
1708
215884
4134
5014
1934
2380
11224
2080
3728
2906
5388
6196
5248
5890
57084
362
2956
2844
3752
3744
3614
4056
5628
1846
3554
2810
4596
2014
3404
477776
1364
10196
766498
3170
5072
1204
77724
2966
2922
5182
3640
2476
3804
3000
3258
6016
110702
5744
1012180
7426
3232
3780
7958
3974
3236
142358
2216
6844
5402
4628
4250
3342
2784
1932
147056
2710
6490
2188
2984
5252
3636
6668
3800
2492
756166
4468
5002
1942
607748
5106
2648
1914
5900
5610
510
4670
5346
1043650
4488
3044
2202
2694
2436
56514
8440
4744
266
3676
4882
3646
3522
2570
3034
4098
2974
2320
6540
1860
2978
3720
6682
6538
7316
3962
5164
8086
5462
5048
5662
2550
4744
3250
4728
7468
7632
2186
3544
5552
1460
220974
6144
4894
7830
3462
5446
3928
87900
1388
5536
3748
3566
3488
6420
4388
1246
3570
1236
6078
10168
5294
568914
4398
3772
5268
4054
3758
4878
3992
4504
4266
4290
2228
2198
232
2808
5630
2872
759292
6960
3788
4288
638
2060
9962
3792
3364
2836
4586
7370
862
5306
151980
2316
4382
4922
5740
2588
6954
3986
3966
4514
6570
4620
4396
651474
1960
2522
548
3154
8422
5158
4168
2624
744
1932
980
1712
4794
3726
6740
4378
4538
3022
3822
528
7448
3454
4848
7854
7104
5266
8472
12942
4444
17464
260982
3112
2174
7240
5770
4710
3994
5394
3280
2304
3388
782
2124
2766
1352
978
6632
1914
8132
398
7288
284
2904
8714
8246
4048
6518
482
3046
4806
6164
386
7096
8780
9428
3868
1820
264
6014
6922
332
3350
1920
272
696
864
10208
3638
5766
9790
2038
830
1232
4716
4244
167832
5072
5848
2744
6994
4618
3090
254892
4264
240
9914
6916
7146
3888
2400
1384
4736
450634
5572
2814
5288
354288
6198
834
5430
946
578
3424
3956
7686
733358
1580974
4940
4034
438
4322
632
4302
8040
6642
535024
7858
18262
1262
2964
3180
470
1038438
538
392
206762
5220
16064
4886
6742
766
1622014
9040
390
4086
3744
6008
3190
7958
611736
2788
3558
3856
6120
7478
10906
2224
6794
8588
290
2400
167660
5026
275246
4680
6924
306
974
4390
1030
5314
5138
6136
1282
11022
2698
3880
4480
10772
1368
4390
10768
5674
2354
4142
4172
1656
6580
4548
3088
712332
5296
2888
4238
4524
7642
246
588
232
6834
9204
1956
5790
2692
5856
9206
5340
458
3816
2010
1202294
3482
5698
892
3362
6546
2286
4900
4408
3034
1526
530
11380
7566
704938
2716
7560
4298
3490
624
2632
3276
4554
1216
8070
11160
2186
6066
11652
144900
3808
6162
10996
3352
6398
3426
4168
7646
2414
4608
2202
7446
3110
1156
4610
1590
4474
7922
4876
8974
482250
11962
5468
2256
440
3606
5884
10490
7452
2680
5342
4458
6672
2184
2740
502
3400
3716
2966
7964
10854
640
3496
484
1662
4570
4112
1668
3514
347078
1304930
172390
6120
4590
4114
2354
1984
528
15668
614494
4614
1042
350
4010
6784
7636
3914
7336
4624
3956
4996
6514
2886
518
5768
11020
3326
8698
7142
288
8546
3364
836
5794
4904
6434
5254
7314
4080
8744
5094
5138
5356
3050
7302
2322
3102
508
4796
4780
1732
6470
3226
946
398
4512
586
2998
6386
4308
5224
3638
6028
1694
4726
512
2632
3064
8252
9600
3694
3248
8842
1002
2214
9592
3404
3336
4328
344440
2512
5674
2876
9066
2598
7882
896
1588
13818
3446
5888
7702
4460
2364
11092
7450
2712
4486
2772
1630
4118
5040
5780
2686
7186
8510
178570
4562
392
5948
8882
246
1202
401284
3912
8614
6416
7480
290756
3676
626
2574
3142
3896
526
844
8138
4790
3278
335530
4490
2914
4582
4342
3174
8222
1238
427522
3840
1816
572
288254
364400
3224
4648
352
468
6196
6832
618
384330
2716
746
4142
2540
172220
1078
3198
3844
4998
2982
1346
2722
3168
7686
3162
5524
340
9392
3480
132126
4372
5690
6026
123676
12836
7052
5930
7024
6406
8372
4562
4178
280
2012
1088
388
780
4854
113074
4214
3816
3884
608
49766
4960
3394
7560
7554
370
876
85026
6888
4698
5274
2590
2162
3884
4380
2624
3264
5842
270
374
2888
866
7070
4782
3880
3126
3240
2878
7790
9084
360918
4992
187096
1582
2088
3462
9126
5730
3998
2876
2632
380
4228
5302
247040
608
264
7954
1204
3720
3294
2206
5132
3552
1998
392824
4094
5696
707656
2880
2826
5358
4004
11820
5944
4834
7922
816
3836
1686
3238
496
390
5546
11024
5938
4594
5554
3240
8304
2574
7304
3952
530
6116
1960
5010
4330
6876
2528
6588
864
5516
5806
2478
3446
3968
4796
3136
3202
2046
5556
3324
11600
2266
3070
5284
2110
248
5602
3310
7884
6368
8460
3376
3220
6952
760
8766
2892
7200
5222
7928
1344
6062
6370
5424
5614
4038
3362
2686
864830
2596
1710
4530
3906
11410
5510
394
2818
2604
5464
201000
388
7696
6262
5410
3522
1242094
3318
8248
6984
2552
2288
1046
5970
3448
315818
3988
5588
6246
4510
3028
5138
248
252
5002
7590
4582
4146
2494
3918
5002
2764
878
6624
6146
5024
390
8464
2554
882
3610
3170
6440
11200
2998
5992
3560
3654
26114
4106
3586
3520
3598
5282
3608
6870
852872
3896
2780
1782
1700
4184
7300
586
5438
1806356
1300
2874
6146
2658
5604
4860
5446
12100
10248
4404
8200
3032
364026
9974
3548
5868
292470
5630
51242
1529182
16496
8094
3454
5042
1262
4036
6600
1962
5624
5090
5572
1132
588
7820
4824
3584
370
6316
5204
2726
2716
3274
5984
3282
5404
2008
918
1866
4782
3906
5324
432
2196
3604
5236
5248
522
4210
4260
400
6760
360778
5214
186718
6408
6528
8236
4436
2656
1263966
470
492
8542
4846
8156
1355202
2584
7794
9286
5986
2166
4736
12194
4670
12464
2938
4522
640
3162
3810
426
510
8098
492
1008
7968
4184
2902
5642
4444
436202
2870
4226
1552
1510
2070
5670
2030
4192
4056
1352
8972
8352
1218
2446
5568
5414
6556
3882
1290
2526
5248
3042
4440
2148
578
1670
7502
2406
1530
680
2214
394
6788
5352
7246
2876
16242
6584
2756
6194
750
4858
7458
3886
88906
12070
6028
384
12972
247382
354
8588
2284
9984
9842
594
856
4562
2498
3726
581830
250
2500
392
774
8278
7856
2916
2438
3012
3852
6690
4912
2388
9536
6264
11020
4456
7954
3138
824
624
11964
7604
4268
5982
9232
1224
9694
2600
11924
5414
3368
6184
3938
5682
3366
630
4880
3158
2924
1234
1896
13894
6616
16808
3780
4798
10402
7304
366
9158
620
4116
3612
238630
9890
8256
222
156172
2162
4238
3712
373830
4038
3402
4966
5102
2028
2084
1311096
4554
3592
1384
5152
3184
128506
4060
586
8644
5676
5252
2810
5928
8406
1844
2902
4854
4030
6316
9162
2952
4850
5698
3540
6054
2906
4270
5072
6086
848
4304
9646
1346
6454
6464
6246
42328
586
1476742
2936
2524
7592
7020
4996
5792
814
3670
3038
16074
292
4204
3934
173776
4720
4766
4768
4012
3964
3956
11660
3176
4986
5312
2590
10148
10792
436
6950
1406
4418
3886
248
5828
6576
196098
354080
4386
1098
1388
6312
380
5554
1006
948
2852
8546
3166
960
4214
2504
962
11224
3986
7138
1882
4462
424
822
250
382
1354
8268
3616
5286
6520
7728
1652
5090
10228
1266
1832
2896
258
7280
4046
52894
12442
1811964
7024
6212
5436
7436
3482
1476
8024
1950
4422
5270
3532
390
2362
506
1683118
5360
7922
1610
834
3432
3420
694330
1892
576900
3526
440
1950
4268
2624
2404034
6204
3618
1482940
3274
4544
1952
2386
1460
2364
7070
121390
2758
5278
7358
5024
338
6444
3276
12288
534
3884
1056
3268
4908
3970
5410
4458
8824
8066
384
4266
2348
3950
5044
1362
242
1918
6416
1666
1070
6316
3590
3438
3106
5496
1171044
4746
7718
3748
4582
500
7324
6776
3686
149972
3932
2144
3266
9052
1666
3912
4864
5634
992
3728
3316
627740
6152
3252
754
3942
2734
3966
10578
392
3812
3434
179436
4024
3380
7590
11800
1958
3004
6816
5984
6180
498
284288
5584
1622
3770
3478
8114
7030
5306
11782
3774
7074
4392
1666
1548
4320
155032
1822
2388
7790
8394
9782
3980
1808
8986
4372
3786
8132
3316
5368
618438
6010
4844
9252
4712
234
11770
2964
3916
2532
5320
8916
8618
5378
6552
8720
1744
4848
3558
154568
278
7910
247486
6936
3678
9812
256
6040
7308
6022
3544
742
1424
4634
671310
7338
3852
4732
5728
296510
7948
2812
1446
8802
4600
374
1670
580
5080
2422
11612
4600
5422
7612
6450
3652
510
498
1332
1056
9420
6200
5692
2034
6416
782
2362
3974
170108
1722
15058
3380
2014
5000
4738
6398
5452
4324
2122
196136
3802
3210
1616
2624
851020
7484
834
336
4368
1596
368
3662
6314
584
1230
8748
4636
1094
6784
680
6158
260
226904
1440
2858
4740
2554
334332
368
5994
1046654
6946
6268
248
604
4072
4244
5210
1842
8644
12572
1474
8398
246030
376
886140
9024
2820
860
2070
1314
3830
840
4306
478
5504
4578
3298
5646
10156
760
343720
2200
5486
6018
480
2910
6022
4452
1738
360
2368
592
1248528
4940
4208
3004
1147392
6958
3892
2750
3830
246
4108
11280
1668
7998
4114
236692
4124
2698
4746
2588
5910
593900
846
109490
768644
17764
42674
2664
124656
1696
4680
590
1263682
10732
381052
1092
266
4772
3400
3730
4042
460
2982
5004
8554
250
758
4464
8150
230
1540
606
2514
742
6894
1490
6098
9098
13900
7472
3040
2674
1190
10896
549236
2364
1362
2600
9202
452
350
1048
3166
366
3002
746
4568
3842
6088
3292
2994
344
6492
4946
8898
2880
2786
7532
2890
536
3692
1086040
119242
81290
4528
3410
2380
4834
4132
3956
9226
1376
740
2344
3060
5168
510048
694
2464
6248
4306
4138
1748
1164
1876
2708
3564
794
2250
1960
9650
2528
2914
250
466
56812
3426
895100
9104
1548
9474
2040
2410
4870
143082
358572
2920
2528
2758
2436
2178
2416
9666
2308
744
1990
2334600
458650
478
936
3856
3082
100920
908
3802
2314
6778
342
1458
973550
11364
2440
3622
6612
6804
4324
7024
240
3624
1898
191490
2574
2304
330
342
828
668
3826
1452
1630
4222
1310
714
436
1964
3334
4736
5656
242
4652
2504
8218
5434
8782
4080
2966
628
5622
3486
5908
2188
153496
510
4348
2402
598
239802
4624
974
496
754
1836
8808
9228
2026
278
2488
434
3346
4532
2270
2854
5334
7046
584
3242
733312
2268
3494
1796
3304
4242
3428
589194
4380
2692
514
568
2472
527082
347646
5954
342
9880
9254
3188
282290
212286
4622
33628
5862
500
2498
604
686
4538
1928
4500
4524
1594
4850
1276
390
152548
5198
4046
440
3324
5754
5738
1072
3364
2570
8044
1208
252
1752
938
4364
2698
1420
434
1154
67658
1088
456
68816
2996
2241166
4224
490
2102
14138
1362
2590
6676
414
5450
1812
2872
4668
4354
1050
268
4486
2296
18382
287342
256
1496
2016
2192
315498
594
3800
179650
1806
1394
4348
1938
3350
6464
1698
1516
5832
388
806396
5088
1232
8870
5082
10066
4512
4490
6262
500
4248
1846
3806
1964
1038
3608
3570
1512
2584
7104
320244
3968
1362
936958
1306
2876
762338
762
1474
476
3148
12272
344
6244
2426
3712
157478
4342
690
600
5668
1690
346
2344
234
5656
344
4158
422648
3356
3170
1131858
1518
384256
1918
5264
1328
1618
1348
9360
1454
1400
3032
2374
353754
1230
462
3834
6012
521570
2690
636424
6284
422
234
502
2912
5352
1826
4704
3352
1780
209400
1408
3764
4192
244534
942
1304
1828
3796
3010
2728
18834
6140
2526
1708
6596
2092
1724998
578
676
1772
3954
6930
7802
9498
2842
236
3836
5588
1692
628
6292
1530
350
2618
5698
5670
2411538
394
586
4772
1714
699854
2796
78852
4678
4306
266
1018924
740
5684
738
6508
4698
1115140
3498
24202
808
830
756034
891046
486
4036
3330
4052
1422
2024
568
1070350
3384
482
555680
7444
882912
2156
7210
7478
11626
3614
1572
2360
2686
2340
2470
2654
3042
3770
1412
1754
4874
2930
123608
1964
388
2414
3030
3018
3458
346
3444
2292
350
3922
5690
3822
2786
2474
4084
2938
2934
3436
477060
1542
3796
252304
1564
5248
702
4016
1542
7446
1212
2286
3418
8812
2740
116260
1546
40812
506
6374
1662
5564
2838
4244
6854
749208
3256
7532
2146
4056
9562
4182
240
762
4106
366
5590
234
236
5484
1272
3750
4044
11594
501742
246
9400
2490
784
830
3676
390
2010
7478
374
8554
2624
3946
4554
604
1427324
1906
3828
1388
11302
658
366454
1046
2356
124664
6320
3340
1012
1778
4754
3122
5926
6416
7984
3108
10012
5754
5734
2760
2008
4998
6864
5448
356
3414
9336
606
5010
270
3230
2250
846
878744
4100
996
180720
350
2782
3466
3144
1230
1450
1946
3848
386
1818
4908
342
4888
1576
4932
2548
5828
1504
4114
3008
1162
3294
5844
3228
8246
2958
7220
2936
1814
10258
3060
10042
6192
386
392
560
76360
7976
6982
7812
724
2338
2722
228
4522
539686
407556
1763928
803020
6188
486
4156
2910
7026
510
1352
1056
2792
1730
3668
3368
668
1784
6092
8970
3258
284202
3382
7962
3472
3754
3204
676
12708
462
8076
2130
6414
548
8908
9184
3438
2870
980
1274
4606
4078
1354
3366
6508
7820
846596
5582
3792
5866
9782
246220
560660
3758
862
5736
4516
3986
15056
2686
3670
5060
7382
2978
1304
5896
928
562
1096
5510
2004
20908
4254
2058
1694
7110
3312
1452
892
2694
3878
368
1664
3384
10662
12176
1560
3808
6064
2800
4002
352
2958
2340
1176
1586
376
3088
828
1226164
1074
342
2360
490
3120
482
2380
5700
5184
7852
676636
3230
5648
5446
3228
2506
2964
1212
3378
616
9628
5376
1948
744
5456
3132
5324
7538
404
2208
139774
4362
1558
1434
2502
488
3142
1838
476
8134
5258
232
6234
2666
7402
2192
1622
1566
3472
6068
2116
1362
2392
682278
5500
3594
7318
5314
5332
1448
3064
3036
4252
1920736
2286
1886844
3112
8848
5150
14182
1200
5852
488
340414
5922
1216
2606
13790
1362
186342
5154
1954
637388
502
744
2628
12454
1096
2898
8480
392
2410
1096
3068
1544
1638
2616
5060
954
8590
4142
6010
1046
828360
6302
2026
3432
1708
7708
156366
7508
2764
752
3032
8312
8700
9272
974
2022
1886
1312
1962
6032
3140
5836
4062
4914
11262
242
4576
3994
240
2110
3654
2220
4650
3172
3790
3464
7746
1336
4304
8280
2498
3272
1721286
11846
3496
3188
7342
6964
436
4898
2696
6130
10198
4288
2790
842
2720
2748
4496
6986
3018
8818
528
3588
8724
220524
3376
9982
2766
4086
2066
5730
540
1884
2788
5360
3948
74628
2740
3104
6508
4400
8236
4674
3502
2698
4404
3358
2100
5810
2416
1796
7714
1430
3128
2750
8020
5236
3606
950
2384
4406
5680
4514
6276
894
4018
2694
7134
7002
4674
2326
262
5092
510568
4672
886
4916
2628
3130
656
6480
6400
355172
4388
3572
2198
4822
6408
126652
8036
6242
7172
1074
348
5654
748
2746
6592
1960
6064
524
4644
6544
284
7482
2874
244
1518
12754
1388
14562
8138
387370
3830
542
3286
998
8846
2564
5750
950
6634
879932
14482
5926
4718
376
4578
1374
4818
2518
7826
97114
1218
4108
3722
7486
4640
2942
3156
1792
3660
8886
382
2424
1660
2702
1884
1712
4864
296880
3102
4678
6108
4590
4642
59978
5920
3382
4570
3588
5680
10854
9142
4126
3856
2314
862126
3620
662
6276
2084
13152
2502
1618
6628
2668
3358
1086
2992
2178
2816
2320
5466
5408
3704
5670
4272
9640
392
5500
5556
5938
5710
5922
7126
10340
964
3910
4970
4810
5184
119406
876
1574
10862
4742
4514
2036
1164
258
1812
7782
1021176
4810
976
3178
400
156298
4480
520
5156
9302
890
8050
3954
7476
540158
81700
3734
13736
7722
5114
7514
3112
96196
740658
5088
4030
7182
4276
2024
4456
3528
7556
5004
4364
2066
2802
7438
5086
3260
2956
6840
8192
2748
5352
929076
610
10466
5514
3410
5088
4954
3270
1396
4924
4180
5776
2688
2904
1714
4520
599484
400
232662
4738
2998
7522
3098
4470
9432
3872
3572
894
865800
5780
2626
3516
6280
4264
5042
6182
482
6134
3328
3260
2832
498328
3208
4916
7488
7720
2538
6248
105616
4542
2312
2388
398
3586
506326
5660
3582
648508
4244
8330
570
4238
2992
2420
2082
3142
5402
5406
7504
4048
2444
3630
3660
5164
14332
3818
7740
9896
6630
1140
4198
3108
3234
5090
2772
492
2040
3610
2648
7480
3842
7142
4570
6474
1974
165112
3052
3444
4538
3708
420486
6692
8570
7664
3274
2494
7990
5188
6982
3772
2448
1173390
4690
4166
5866
3810
387082
5644
7590
4780
3870
902560
4418
8250
3610
6896
2882
2060
5766
2422
2682
108488
10364
3332
988
1258
4810
1014136
2676
3344
3280
1208
6540
4834
2800
4200
215612
634
3868
3792
5910
4566
3320
4874
1782
2094
1822
1014874
3396
4012
525286
2540
5940
3796
2732
3466
3002
3208
488
2630
4212
1326
7232
4388
3616
3812
1852
372058
8228
916
3708
3718
79448
4970
2726
4524
3282
3698
3818
3304
8438
3192
4696
2782
6690
3144
3952
2426
3438
8794
4254
4750
5446
8968
4034
4768
2096
2802
8944
3124
2278
4774
3050
2790
4190
2906
3700
11698
5076
5980
2722
2420
1602
1068562
6688
3212
3886
1242
4686
1832
3122
290
3586
7520
3452
7252
4392
286
50706
2014
1132
4558
4942
4708
5146
3030
2734
3108
7194
3054
3000
465696
5222
5886
3882
3536
680038
2482
1418
2136
4838
768
3198
2662
5974
516
378
4366
2712
3798
4420
380
11622
1390
4606
3958
7768
1720
12462
2816
6284
2924
7402
10436
5040
2218
6038
3738
4340
2456
6308
752
5402
1790
8028
3478
6102
4532
4556
5822
4686
5970
5060
4566
458
4102
2682
9026
452
5240
1086
2146
7560
1964
944
4636
1156
4674
1242820
5110
380
6540
111052
4506
842
468
9214
4096
232
1086
1710
5570
594
4212
2218
4088
5048
6560
492
5144
1470
5184
916
5940
756
4796
790850
340972
9180
1710
6056
4030
1874
7870
2812
461254
3266
978
4588
5020
6250
3226
5426
4248
5240
5312
6760
5336
5544
5818
6322
662
5088
3790
6786
5442
2018
4506
1103820
3596
3826
3768
3468
2926
1236
4884
4692
7238
4916
4342
898
4860
3656
6886
994
1218
7724
1916
630
348
5554
724952
9268
2440
2912
238150
7702
2722
1187568
762
8040
5964
3900
1124340
2450
4510
6638
438
6316
71836
2910
3376
2596
948794
366
2440
3520
5732
4826
3128
3954
392
6780
5812
566
3870
508
10074
6758
4228
820
3358
2778
12188
738
7720
2458
7300
5022
4002
3268
3792
5744
5468
2638
254
4840
1108
7258
12314
1750
8604
1910
3086
12412
4734
2646
4332
7034
10062
10900
5914
6622
1214
396
2670
5058
2084
5486
6212
1060
5500
520
3400
608
1058
7504
2000
4446
3470
24170
1068
128890
3014
4656
1676
40404
9220
372
4934
10388
3284
1848
4010
508
7420
5072
4974
1592
3880
5510
3734
17724
548166
5090
7048
912882
5406
1874
880
3302
10670
7964
436
6316
4300
4636
390
1416
749814
9168
4160
8614
552128
3974
8294
346
1710
2734
2884
1794
6742
2348
1172
2654
2140
4694
4536
6702
6942
4214
7334
10658
996
6246
2424
3872
1890
7574
2914
4466
3562
1674
3120
2060
4150
5736
936
1048
2454
11420
1294
168048
7370
16760
5584
2550
1348
6918
3734
596
434
868
2860
4070
6290
10030
6700
2642
1570
5242
2612
6390
8688
1594
764
662
2074
3546
522
2326
5528
2612
2854
6008
3064
2218
926
3456
5782
256
1538
3454
316
4170
246208
4484
7056
3210
6706
5578
7588
4984
366
5360
506
10906
6792
6498
3670
9286
386
5296
4492
3456
2912
3912
5076
606
2042
2774
2352
398
4086
10252
736
3248
3834
8580
3154
82232
1550
790958
614
3564
1770
3034
1740
370
2966
4370
1346
595964
3540
256620
1048742
6362
5998
7102
6024
5350
3530
1744448
2062
2938
5420
1049786
4664
892
514724
5378
5294
8768
390
5504
4602
4332
4062
3968
3132
5422
1012
4590
4248
3964
8060
4052
374
616
1178
1096
3636
1358
3774
8104
8034
6622
474
6402
3962
2702
7730
5978
6614
2040
2654
2334
5244
55092
3746
2034
10544
3242
8146
486508
7238
7162
3456
434
2862
354
528
3880
2998
2208
8970
6818
9142
5086
4206
6958
1536
3196
302134
14400
3096
7052
1280
634
7778
4690
4098
358
3064
6104
4644
137148
7308
3242
3416
12542
5940
3254
13036
4878
6502
4684
5568
5892
6226
4796
2626
11426
3420
9218
384
10862
4414
4132
10600
436
5344
5228
3348
5242
4198
3162
3224
4152
968
4948
7066
2208
4238
2670
498
236
282
5722
13412
7390
2080
665934
133516
9182
461408
4806
6344
2306
4772
8854
4608
3820
5510
17746
8922
1712
7910
5070
1916
6752
4988
1578
6674
4706
2554
3550
1294
986
1244
7228
6512
8918
850584
756
4862
1918
3398
4476
530
4924
1992
6350
2428
1264
4988
4636
1270
127080
4292
7928
6970
5268
6676
1878
3060
246
4772
2432
888
2438
7002
4050
5066
1080440
4672
2460
590
4050
4508
5776
9364
1052
311996
8154
872
6710
3128
4584
394
1006
3804
1480
2912
672
4520
7982
5876
364662
232
10848
4186
6390
11324
2876
4566
3292
6388
566
15592
480
5340
2392
11154
4974
258
8718
2248
286
2590
6738
1455484
10710
4738
3418
3832
4776
6430
3806
852
3962
7180
113346
5660
1048
3156
7110
892
860
7390
5954
6908
2892
1710
516
8274
3650
8776
5746
4496
7112
653206
4990
46474
6074
4508
2306
4474
3858
2981752
6802
86578
3172
2646
2072066
2190
7048
972
3864
1408
2904
4094
7550
1364
8686
7202
878
794
6764
2264
2844
5834
2326
1126
2132
450624
6578
10502
2868
3616
9038
3894
1250
4714
1534
1862
3344
538648
4750
335882
5440
1700
5536
3228
4970
10824
5750
2152
5954
6150
8498
5760
5426
7794
3786
6238
6032
412
606294
7124
4964
8622
2732
770
626634
3932
4126
10988
3260
3994
5626
4440
6476
5590
3476
2468
2288
2912
751970
6004
2796
852402
1878
594
7988
2800
2622
680382
54484
2208
1464
1084
726190
3760
906
4592
3786
354138
4774
3882
4962
1858
3672
850
5570
7780
3790
4402
1090
3546
3994
604
2764
470
349246
7198
8528
6494
5924
7760
5134
606
2254
1592
1538
2466
10296
3174
756
3546
3636
3842
3310
5854
2428
6358
4922
1602
9342
687820
2468
5278
3108
6502
1822
10110
5730
5236
332
2000
7422
7384
5084
7538
1212
7718
3888
9290
764
1146
1046
6494
4650
1198
7094
4804
406
982
1594
4132
2046
3026
264
4206
1716
8514
10936
1696
1942
3566
1616760
776420
6006
1734
2118
606
15662
3874
4122
5406
9852
4442
663144
11948
5276
1252
3766
5198
3796
11320
7216
6688
2498
5308
7110
758206
2926
5380
6238
273280
6720
6548
9362
486056
9912
4004
2548
6804
7040
4236
7510
786
5894
3470
405674
7732
6432
7592
6922
5110
3298
4700
4186
2780
3610
444
6014
622
611478
13082
2624
238
4088
4322
4452
536
12164
3272
3152
5760
5444
5982
3780
3110
5526
4982
976
6094
6398
2662
4732
6834
4174
4280
6730
4158
10722
3894
95546
3474
3174
5730
308004
7538
1156
3276
4422
10078
6020
3704
2776
8296
4318
478
3892
918
844
4572
11598
7938
3892
2386
2904
4618
1364
4248
11940
3240
12216
2990
9818
4580
2068
3752
924
6102
6142
4586
3728
7470
5194
4434
3320
3106
2908
816
1070
4344
7254
9872
8018
3380
5080
8510
4560
3262
5814
1830
2260
521108
5832
8130
2120
13716
596
5826
528
1114
2554
1838
8204
161950
3276
6018
1126
8602
6828
2980
345232
438
5968
4662
5224
3806
2858
3048
594
7554
2280
248
4392
2214
6244
11158
3450
1754
728894
4118
308
1654
7278
1584
330
2900
348
4880
1000
6198
994
2830
14710
4574
1726
1044
505170
549576
6678
3404
6564
352
434
1434
19502
2434
2528
10094
4466
4228
7076
1232
5208
986
2630
4834
2740
8010
1462
5882
5668
890
3742
5852
380
1090
4662
3126
6544
306
410756
3034
7144
2514
2454
1492
5750
5994
302
230156
1756
598
2408
1694
2240
9614
5300
1816
604
6772
1854
4692
8840
948
15126
538
3162
2328
3762
5746
8828
5292
1538
6274
2510
1468
2268
4760
163024
550
830
8022
8178
4882
992
6524
8096
286
5034
588
3862
2478
5326
1826
2382
475110
4114
4548
4024
3918
2624
7894
8590
4948
5678
2426
988
2910
5016
4842
395736
9822
1512
9326
3376
2064
3598
7306
3478
3814
8490
7894
6778
4840
2874
8406
2712
7244
1528
4270
4706
6668
10600
4852
10886
7082
587872
3164
211072
1038426
7750
7428
2454
4204
8996
9106
10974
4688
1008
828
9144
754
8400
185916
12224
1222
4718
5126
73668
8708
6108
6622
1230320
7556
4738
144612
1228
5974
2372
334
3688
5178
4674
254
3078
177998
4666
984
856
6878
6192
460
3982
5500
514
9138
1584
3684
9692
1196
1644
6096
3810
840
2816
4766
5446
2918
850
4424
7458
3034
3426
642
4640
3674
9384
5828
10828
6262
3506
2428
4158
4686
764
5250
4190
8580
20432
6546
1310
3942
4376
924
10706
534
6898
1992
6026
282
234
3004
6830
5710
9226
5664
2774
134982
2346
6028
594
7696
3890
294716
3250
901598
496
5666
1824
4032
3178
5826
2044
5526
2374
6476
7526
6870
3484
6684
5404
7826
5370
750
466472
880
2406
2376
2062
2180
256
1693052
3872
2314
946
2810
7022
2408
838
1041002
7772
3824
2976
1435366
4196
132534
2728
932
7112
3022
4080
3592
2218
2124
2572
1550
246
220668
12418
2342
5646
3264
5314
5616
1164
133712
4944
884
6758
8440
635010
3750
13940
13438
2554
254
8842
3934
4450
5726
6118
5078
244566
5590
512
4554
268
4806
367270
3184
750
3022
606
1292
7458
846
4072
9748
12066
4772
2842
4312
5106
4130
5048
5770
1900
678
4528
5670
7156
6420
2996
5200
2502
1544
305158
1912
8986
1260
14154
5120
248
480
7432
3372
301676
62294
3138
3243960
6432
1122
6238
1104
13020
4188
448752
704
282
592
438
5384
4362
4102
3214
3068
1736
9134
5598
5750
4728
2088
1082
8872
4794
7906
130512
3514
274374
1060
5650
2834
32548
4220
4872
2952
840
512
3634
2354
4308
8960
12238
5454
602
2294
5398
2156
5590
3308
3910
2982
3858
602
7930
12246
4496
512
1656
7206
14194
5578
5040
3232
834
6994
4816
7772
7974
158696
632
1964
3096
10220
6524
6270
4830
2438
3282
97388
7042
3734
4926
9864
5766
1616
12810
6206
4360
1096792
1666
300862
3362
2480
512
962
7454
1492
334
2404
1228
2026
1992
2938
2246
1386
6036
2150
1808
1130720
2876
2390
5632
3302
6960
3080
3326
3470
2036
5364
4634
6056
4202
1110
834660
3158
4074
3600
4772
6070
3582
3362
4250
2776
1244
1608
756226
798
4036
61164
3480
1904
5500
744
4994
3130
4918
2688
3492
574
6936
1156816
482
1678
1540562
6364
2938
217908
492512
1948
6272
6132
4076
6200
5656
6898
1768
242
960
6428
3772
3982
1948834
1588
2092
3964
4782
4010
464
1218
5878
5928
2930
613874
1088
5084
2196
11826
7320
8842
6952
1354
3064
3346
1730
529210
505850
8002
4054
120440
244
3414
742
3104
344
2874
4636
2180
124488
2334
2820
3686
2092
2208
1716
2172
185210
376
499632
1514
4106
8834
2974
3578
1878
3262
2968
5356
8344
1174
1698
6422
3950
3928
3728
4448
1824
1604
3048
470
1914
1990
3714
2506
4864
4846
9138
5414
2328
4672
5622
4604
8350
2114
3756
1608
5538
5742
4378
15472
4754
694
2268
1804
485100
2448
5432
5796
5526
5018
572
2460
275268
544
382
6404
630616
534
3936
2420
9018
3558
6494
4844
3182
18874
2128
11046
3772
2114
4868
5510
6752
4654
257242
5584
4402
5386
5952
936
4868
4734
740
5820
3820
8218
2292
824
478
5466
1748
8348
1926
5782
6492
2160
9646
2104
14544
9746
5196
3732
2928
7974
2174
3364
4672
42116
4962
1670
3754
9178
3762
3442
254
1410
3292
8096
1258
399582
2676
2866
1598
4056
5680
620878
1508
434026
514
9196
3218
1270
2248
4360
1664
354
2664
409326
5744
58156
352
190484
4804
26790
3086
466
244
3860
352124
4066
1698
3586
7226
139194
13488
1562
2382
3986
8432
4066
2146
10128
3284
8388
3598
6242
4156
2059162
3622
43314
546566
8818
1642
3744
2224
4510
13804
370
1392
956
5832
5722
4738
2676
1062
3630
3516
1676
647800
5694
4166
3500
1420
6906
5748
3808
290
194130
6684
4826
5820
2910
596
4890
5404
9262
2904
3936
4358
518780
468
1484
4658
339176
478
4378
8098
284
736
3146
3418
14928
371828
4140
5678
2946
2752
202002
4458
270
4054
9250
51102
1970
5090
1718
12406
3190
7976
4404
270
4934
3790
14918
5310
2476
2480
4226
4372
248
2934
1680
354
4472
1184
222
9886
2746
2064
5040
5298
6474
4642
490
6892
1930
654
9086
858
2790
462
4678
1482
3790
4020
4770
1428
4814
264
448
260
9406
6272
4362
4508
6088
5184
2716
4600
5834
451374
6080
6958
516
1638
232
2690
217558
1376
3810
5682
229218
5956
7772
6146
4060
7774
5380
3242
1754
2044
7874
13444
1816
3586
5922
4906
364
4890
5304
8838
7312
348158
4906
958
1868
3940
3238
2314
4616
7944
3752
5118
5672
230
5634
4998
6530
8708
958
5074
2072
2118
643594
2522
2900
7382
5714
520
3006
5696
4920
4376
4802
3780
4232
7982
4730
5662
9474
2058
1072
966
348288
5904
5352
2528
4146
7948
466
2896
3046
434
4436
5220
4272
2486
4430
3776
686
1200840
5534
3228
5612
1900
3678
532
4082
600278
3924
1988
1126
8190
4842
2570
3538
156624
90152
4046
5088
5456
2804
4540
1113090
1172
5194
988
1762
3578
2702
344
510986
9574
1442
628
394
1195498
3398
8122
6056
173530
5126
6094
944402
3256
2674
854
1640
3342
2042
2050
5626
5328
1800
3902
4402
2908
830
3310
3642
998
4102
800
4074
1984
131848
5362
4840
5480
5446
7420
744
111546
3030
552726
398
666672
2552
6588
7552
242
885218
8434
4436
5484
348
747870
2832
8394
3900
4738
2962
7234
11242
1608
6040
2284
4788
388
6070
1298
708718
260914
2460
1994
16472
211254
4314
11116
1530
896
972
2366
6708
2356
2524
1121366
5758
2416
5778
5532
4896
6112
4634
6918
1922
3286
2006
6778
4368
3152
4934
4820
7388
5920
3662
4164
5406
10266
6662
3172
300782
1164
4210
688
3964
6082
8524
3962
6274
4584
1190
3474
12866
384
5008
5090
5478
1782
6020
510980
382
3322
1712
6218
7868
594
4850
2902
509234
2330
1196
3748
3794
3988
1094
3160
52354
2782
268
676090
50224
5332
2370
14762
3156
7364
1342
2456
338126
3732
66962
6296
7402
862
1290
4440
264
638
909996
7048
1128
1122
3562
3816
87778
384186
5618
3702
4068
4194
486
3096
4940
3836
1166
1444
640
6086
3666
4904
2372
1168
736708
3194
7756
350
2576
2500
2404
2812
4070
4636
3102
1073982
1076
131806
236
7510
3470
10792
118480
5158
8200
8646
13820
7606
6176
4332
1458
2672
2626
4318
4518
1594
698
406
3748
5332
232
6144
21310
3926
920
9074
1790
5432
9076
2674
5462
2332
618
3100
2484
248
1303488
4550
5008
5560
6364
2794
2328
2472
7922
801212
1808
3358
12044
4054
1720
5742
4004
2848
10572
10336
1948
13904
1330
3662
750
484
1704
3116
862
4974
4152
5278
1922
274
5462
2332
8934
1732
756
762
710746
992
6816
748462
2782
5750
2236
1950
1460
4482
3550
3584
161420
1142832
2798
1590
4028
3456
496
7858
2972
904
376
6204
7226
3186
83244
1088
3064
684
1386
10780
388
6926
1840
384
3086
304250
3092
4388
3586
384000
9892
6628
8760
1642
5510
6834
5284
2894
4810
734
1554
5062
7574
4846
1822
3438
3578
380
504
3268
628
4246
6086
6978
488
876
2712
1842
5454
4212
3784
4250
2696
368
3688
4144
4910
2936
4530
6514
7858
1182
1914
6500
6936
4430
3216
2072
12618
1250
293312
2400
5042
2266
4290
5604
10294
982240
4026
2672
2406
4526
613426
10110
482
3578
4518
4382
3908
9456
4238
1806
6574
6250
4072
842
3598
246818
348
5096
5690
3458
9680
5510
4870
978
282954
3060
6214
1354
3522
3166
8078
3630
5840
248
6196
5898
1482
4502
7464
918
1704
2340
982
11934
458
1250
728
4526
1374
1470
482
2654
1352
5262
2820
12932
4578
3590
4088
4094
658
2210
4358
5502
2864
3608
3118
6658
5304
2434
2752
5106
1890
1272
4780
2954
1704
4206
3366
962042
5100
3046
468
3868
205512
900
4144
4736
6542
4798
6132
2918
498
3568
4182
582
1224
1310
1892
924
1650
352
1200
468
604
950
626
404
360
238
270
250
402530
262
250
354
2644
798
1328
642
368
622
2786
850
242
1004
540
838
454
67534
384
858
1572086
370
2466
1598
2180
516
202382
390
284
948
368
272
874
614
240
828
684
510
246
464470
868
588
510
728
602
1312
736
590
1014
1874
354
762
296
368
980
1450
262
2946
944
884
788860
606
792
1388
354
1594
930
296
5612
502
906
2184
616
1290
1190
352
982
30856
2176
1328
522
1694
2638
1994
19630
1344
264
986
870
1368
206304
658
954
728
3644
1400
734
2376
616
1428
1902
1134
552
1482
1428
1444
1238
728
1038
1164
260
858
2204
2120
1764
1128
1330
380
468
750
724
1360
276
830
380
942
1534
1252
758
1238
356
352
264
866
725934
836
3100
932
8038
394
3332
2000
1454322
844
1918
970
1340
1972
524
1074
1094
846
3480
608
460
350
380
782
818
4258
4826
376
2962
1156
372
730
862
3454
2302
378
1360
3314
696
978
950
368
366
620
1338114
1756
3112
404
858
1296
258
866
242
940
760
65090
962
1188
4460
736
840
338
678
36820
1304
31262
378
1030
364
296
352
1730
1838
1422
846
1116
604
252
374
366
352
216344
360
2078
958
2900
3974
504
488
244
2250
358
484
502
662050
3366
1260
246
3180
264
248
862
1808
606
596
3536
1200
1066
2436
1812
1096
5320
492
1056218
1688
2188
380
2164
318592
254
248
1340
526
372
1298
1768
1056752
376
1716
480
476
1170
360500
1902
610
830
1214
1084
420
4660
482
256
1874
1080
634
1157234
956
840
526
254
1754
1756
364
1648
1494
1466
2890
4696
1110
412
1200
380
916
624
298
1066
8076
866
2222
724
758
874
1874
1228
151300
1286
2262
818
1471806
398
1061130
1240
122846
984
185512
2884
880
291748
369570
250
1446
1542
1008
1678
556
3248
258
936
3754
468
370
2172
884
382
1230
1362
1464
1590
1774
1480
2402
1456
1950
1358
1102
470
2132
404
822
1670
2188
1362
238
1436
978
630
586
2170
1040
654
2078
846
2084
368
2454
1716
602
2048
1330
3394
368
750
352
368
746
366
3440
514
248
474346
710
248
886
522
2238
982
504
978
1132
388
650
392
512
474
9164
5774
880
158496
274
3168
372
2816
81650
1152
624
1570
820
914
680
380
1552
724
848
760032
496
1212
418
1124
1968
1252
2732
292
1160
2136
555068
2576
868
886
2782
3592
1574
1194
1168
248
724
648
722
650
2028
986
917598
542
1110
2116
742
624
354
1044
2636
1012
508
726
504
728
1146
852
388
1328
1346
948
1496
462
1436
268
1216
366
5950
754
386
408
262
364
1918
1485058
374
1284
1108
1470
1400
1052
592
1580
870
1298
1668
1122
764
1375152
286032
1782
1150
1360584
1560
1862
854
894
492
850
1756
614
458
814
1120
488
1354
372
712
722
2660
722
3358
2100
860664
482
966
1838
1044
954
317940
484
553754
1103148
348
1670
632532
5424
624
864
260
2304
1234
414
758
946
694152
2954
2674
1021632
390244
290
518
2544908
1088
716
508
274
1558
191820
1006
834
888
1456586
1774
694
608
534
518
712
356
490
422
498
1392
2620
572
1534
1928
2900
512234
1300
1940
960
1938
266
512
766
292
860
246
296
360
272
1920
596
1080
2358
2218
1586
364
92654
1848
864
248
1318
360
296
250
710
518
1546
910
4034
888
354
848
390
491296
528
299006
368
504
462
2534
580
508
1696
1256
2264
984
480
1536
300
990
866
490
718
281090
498
354
1248
606
1454
204938
296
2602
266
356
1472
360
962
492
374
496
266986
247836
2832
2602
622
484
586
742742
928
1464
616
3360
1292
1026
736
192272
1334
1948
284
1780
150854
382
138362
746
1550
4856
454
1166
486
2744
17084
680
1410
464
458
594
368
258
836
1472
1310
246
1062
746
374
830
1806
610
500
500
185034
372
786
738
1996
282
1578
844
2874
656
808
5704
1241634
380
1454
592
2488
260
1662
1484
296
1039226
876
630
383124
1566
260
248
1070
726
736
358
864
386
578
862
432830
812
262
254
376
493532
380
1446
1096
368
720
596
1112
358
1070958
1398
804
1548
1496
1198
1454
2714
1276
638
2464
614
1234
1206
822
1640
1302
1998
1276
388
1306
244
1618
632
528
1286
7130
820
602
596
244
28296
1102
544
878
80096
1374
474634
1248
3514
3044
360
1254
1496
352
588
363350
2768
580
250
266
1388596
600
1046
1494
1988
494
1194
948
930
460
252
4618
416
370
456
738
1096
1578
376
1940
958
886
1146
680
1000
902
1398
1508
688
376
2300
984
862
896
160756
656
504
1396
1202
1572
1537814
1084764
2416
1324
988
1034
518
890
2056
604
2606
604
368
596
1340
2338
1316
2218
1360
1120
2482
646
1088
382
452
1366
504
268
984
1014
1568
374
832
614
620
484
534
384
16496
1424
2882
1066
296
372
492
1230
1080
262
978982
1108
852
780
2628
986
900
718
5076
478
232
1066
696
736
853844
1278
386
1222
272
468
364
962
270
1932
2794
848
2886
494
1840
1262
2246
1176
1758
1523562
514
728
442360
2404
696
157962
3240
1222
882
250
1466
808
616
990
604
722498
364
812
17998
370
368
395138
374
1246
348
180012
1302
914
358
2272
1150
2556
384
16602
1852
498
502
1810
685878
1154
988
2254
2066
803094
2328
1200
472
1088
2266
332
602
1892
254
2944
898
626
494
732
386
1178
992
1062
746
653448
646
2042
374
958
1548
1290
594
620
1166
962
752
439074
830
830
350
374
622
4098
1328
1376
154080
284
3904
4886
2274
3828
4024
2494
2718
11948
2226
3790
4774
933008
1046632
2406
2120
5958
5516
477494
1616
2550
1798
3030
4422
2416
9800
930
1218
2314
494
2870
124156
5492
4900
1118
4180
1594
5906
4344
6012
1836
141266
3494
5210
566
497136
2298
1888
972
6374
2460
498
4692
4902
488
4138
6536
3746
4140
4656
422
2646
5212
2084
5942
4116
1374
2298
183922
4760
12366
8432
1496
2062
5656
5954
5096
4946
3120
3296
3906
2520
7076
2988
1520
6056
1512308
5958
13082
3118
5338
4530
4130
6320
2860
5830
2062
5978
1924
1838
6410
5620
4306
4080
5656
4692
5330
360
3232
1922
2404
8930
6514
8310
1033168
4890
5316
4894
2012
4626
14690
7924
8212
1590
2734
477014
3416
8726
2806
2024
3880
7172
10756
1826
3904
11690
2528
7134
584
4036
4006
6702
3824
2530
1752
3450
5098
1286
3164
4486
9452
3382
704
8882
4070
7260
6934
1280
6202
3080
6340
3214
3758
4814
3250
1766
6212
3596
2508
1486
1930
2004
4612
746
1160
7480
4264
2552
2884
9412
2472
2698
594
5586
8274
9134
422554
3674
764
2882
4106
2148
5958
15430
2882
3120
2482
4844
4770
5740
4544
5722
3476
241508
5800
3872
678
2066
486
2982
3766
2870
4154
1672
664
2496
712412
3120
402
3758
7084
6574
352
5908
1280
2146
4770
274
2730
3966
676
1612
2634
474
5500
6012
5078
3232
3210
184710
2238
3196
3388
3906
4628
20738
2140
26636
6336
5268
5228
3704
2580
83630
5058
6316
4848
3094
1190
6976
4466
5714
1262
3120
83290
5824
5700
2394
3334
3183750
596
4088
6580
504
5276
4310
1666
258
8434
3464
914
4104
902072
8156
1502
4762
3908
4072
3894
5216
4284
5842
6920
9786
4608
4842
914582
1148
243462
446
508
272628
872
3746
4128
4132
2634
4858
4088
4386
3680
6874
10026
6012
1824
2150
5426
119128
772
6806
4928
854340
7254
4592
4690
2248
5902
492
5866
742812
2214
1736
10498
9272
5432
7732
10670
307366
598
4238
3074
5880
491006
252108
7420
7992
1197820
2910
238
3258
866
596
2522
5868
7104
4974
86778
8762
4086
3420
842
3854
378
1248
5316
2702
1536
3776
9108
3854
1616
1918
5722
6032
2666
884
6420
2834
5814
3162
590
6450
658
3794
2958
4968
8192
4284
6016
5014
3098
2412
3644
5134
8824
7040
6480
2820
2810
7038
20486
826
4456
2068
4426
1858
7140
5088
2590
370
5366
4852
7592
8054
10760
6454
1616
1910
8590
6078
5336
621844
220610
2902
5282
8406
4844
3658
308
3672
2336
1140
5136
9510
6700
202186
3782
6126
4676
398032
1186
132310
5550
2916
3108
6272
3396
3140
1020
6300
5116
2726
5088
4562
4520
198606
2762
3310
4776
2530
552832
439812
3746
5740
388
2788
2580
2290
1698
2260
3996
3512
6432
3902
420382
1482
53824
6120
6656
2734
236
2066
3526
6870
360
696
1352
4124
182718
1216
3066
3794
4328
8970
9280
3758
240
6400
4230
4940
2046
702
5134
4946
7458
5194
3884
3238
510150
5604
2816
3046
5464
3956
2916
917846
4602
2916
5224
5738
3198
2510
2410
6512
7508
664
3296
4778
4818
721698
2902
6064
252
3182
2890
8060
4908
5988
1888
2392
3072
5100
4320
4818
1236
472
9842
3464
1806
227794
2688
4618
392484
3348
5582
2832
926562
524608
3418
4140
4266
2372
7520
2496
3694
6226
4652
79184
4698
702
8122
1594
586
4206
2838
1225062
1718
1380
3390
592
2456
2200
2202
4868
7478
3586
3008
3988
348
4024
1556
1064592
3290
2616
7292
6016
4100
3316
7344
1365492
357636
2374
11532
3604
1642
702526
3194
4606
2314
3734
3014
952
15304
5244
4060
6148
5326
4606
398
4858
5032
5382
1834
3894
5104
6712
8542
3850
7638
7018
4994
5760
2186
4198
93170
5440
6142
4062
4108
2904
14362
4606
1502
7062
258
141456
5656
5094
5458
3594
458
198784
5950
7786
4352
343420
3840
6072
5342
3174
154698
5306
634924
7856
3568
4442
4332
4742
1938
3262
7474
3574
2074
3984
3330
4612
354
8098
2400
2648
6332
6782
6854
3930
5434
81958
7216
2396
6042
246
6244
6324
5540
5840
4166
1930
2066
6676
6904
5236
588
3254
3638
3378
366
557490
2962
7710
246
6264
7018
5540
5010
7356
70680
7692
5256
2944
2140
358
5044
1192
7344
1866
2220
8496
4294
3496
4314
2050
3222
4044
9580
3154
3504
6510
341400
488
2318
3078
3604
3804
4246
3034
3504
6302
12382
9676
3342
5288
2660
3800
7820
4938
4978
972
8960
1046
6490
990
374
6768
5876
3200
274
1374
4794
8390
4298
5844
3190
2912
5996
5510
488
3192
3308
5984
3950
6854
5368
3748
683722
2504
3200
4406
2932
50362
6552
5130
5958
364
4310
5828
7772
2976
5194
7648
7342
3902
155222
2628
1978
816
697844
569078
1756
3698
6808
8788
104964
820844
402
3338
16956
604
2626
4634
5016
118852
8130
4480
5548
5156
8136
5888
3094
5620
234408
5904
4210
2122
1010
1964
4138
7026
1780
1754
3800
678
5630
3918
5222
1922
6170
5778
9126
4794
2448
6054
4430
2356
3336
6990
910
3306
1804
4528
2388
1936
4876
362
5434
7260
1226
2038440
343738
3074
2734
866
5964
4340
2894
2950
3600
2586
11704
3546
1824
10440
1596
4128
5508
8014
435528
6006
209718
5226
6120
8552
1788
10102
3734
6854
3628
3268
1774
2874
7102
3896
4002
1554
4652
2738
504
3022
654
5564
9468
3970
3334
2748
662
233288
7210
1456
5214
11088
7528
8758
4454
282812
2310
5560
20556
842
9570
3080
5588
1394
8046
746
4370
328
548
2038
4008
6146
1400
2164
5632
3818
2946
3546
4874
4492
2538
192560
468326
8212
378
356
6652
650254
1646
3794
4164
2388
2346
7294
1828
5932
7016
3122
2326
608
764
7226
3338
7998
2072
4146
6840
2532
3750
3870
3268
2056
1228
2614
652
1878
2652
1330
3430
3030
1338
2484
4536
6250
3440
2342
7700
5076
1812
2322
2124
7642
5050
556218
1052066
3720
8068
3424
2098
3666
1360
2928
2360248
3632
9898
36878
2516
3420
4282
8674
3938
4926
842
6374
2314
4998
352
3104
2886
2572
7088
3922
684
1715604
1052
249216
3614
4194
161318
5062
532
4710
1548
1590
1452
2618
6852
3608
3116
1212
1676
7672
6774
2080
1010
4068
520
5002
4422
1812
3190
2570
588
538
712562
4292
494
3076
4534
4722
4704
1958
2948
8588
3834
3842
6008
6372
5636
5150
396
8100
574
3432
5562
1064
6750
3278
1172
1204
3318
5764
1370
2490
5778
5480
592
2762
624
4190
6780
7758
366
2528
4096
482
808
4692
1102584
4110
4250
5318
952790
4932
3700
388
4824
3822
4602
1762
2488
6730
4550
618
298118
5216
6828
4156
1108
9814
2730
829010
14776
3812
3698
7282
2292
1604
2940
948
2834
4432
4090
661222
8458
4760
4870
744
4688
2296
3028092
3700
6066
4470
2376
1234
7972
9388
7640
3464
968
1358
2968
4326
2286
1224
4952
4146
4000
7314
3500
3552
449638
2516
4334
2072
2836
228454
4028
3100
4300
6288
3972
4520
7884
11666
2662
4054
1314
9292
2856
2784
2758
2238
1948
1946
7718
3070
1522
5590
666380
2900
3558
307916
1446
3120
7922
2520
4398
5402
6280
3534
3784
3304
3234
4306
3070
8008
8012
400
3110
3188
9204
768
7454
7416
2552
246450
5038
6320
3004
582
3812
4536
6500
2408
1314
531622
2524
4112
3502
3222
2178
3290
2174
942
4904
1310
3384
3728
660
3748
2768
4078
5470
2844
3766
696
2790
8046
4206
1654
3550
6980
7104
4290
906
3142
7050
7436
3408
8278
5560
647874
1886
2038
510
394
6592
8126
602
4604
543138
2196
4084
5114
5914
6176
276616
2330
4186
1964
492
6684
4210
2460
1756372
5542
936
17420
3216
2604
2902
5018
6148
472522
1186
5062
9070
6434
4966
2442
2328
9572
5906
4460
2822
3810
1742
4138
4734
2620
2394
6560
2936
2076
7694
2650
10498
296166
2096
101838
4832
4086
3572
3040
2110
7520
1720
4194
4912
5674
7172
8962
3346
8324
5392
99016
576
2212
4046
382
4332
6130
2608
948138
4490
6316
4274
1120
5044
642
2298
386
3918
4672
1312
7688
3638
8762
2572
1524
4392
6900
1844
4526
3142
407548
3964
835334
8298
2502
5512
6446
356
6576
2278
6384
3202
5350
3926
392
5188
3684
746
161072
3086
464
1448012
4978
3306
2482
2758
4188
7972
3496
8056
6064
4070
5870
508
842
2974
1820
7280
3008
3280
590
95884
7910
6972
2820
842
64200
3684
2338
4436
3608
990
6846
3262
3136
6502
1055970
4846
2264
396330
4220
4802
2698
7696
6730
748
2664
3346
4004
3752
4048
11326
148086
294
3250
4652
396
4510
1960
3082
962
4820
7070
7224
4590
7054
1180
7094
704
1652
740
2918
2636
2674
4396
49910
5920
2470
6910
2806
7036
2764
1102
3468
6326
5466
4712
6236
4618
8850
250308
2198
4300
6508
5282
836
1116
4960
5256
2786
2068
3066
518
8312
3198
167450
1992
6022
5012
766
5012
2342
3682
1390
3884
6504
5684
8990
2754
2480
5402
14536
5104
3996
2840
3374
3832
1790
3564
3352
1056660
9146
4166
8566
1282
3572
4466
887226
4728
4236
2210
3492
1402
5574
5554
4526
615900
156504
3868
1856
958
588
146670
3834
400
3786
2352
2860
3456
4448
9404
6288
700
7064
3468
9042
3248
3434
177982
1894
3554
830
4432
4328
1802
4426
4672
1932
5322
3136
3934
4166
5824
6744
1460
5654
1452
4396
3764
3180
5336
1078
2354
3526
1400788
489698
2748
2008
3942
5722
5688
2970
6634
657966
342
3206
6996
3316
5928
370
1588
3258
2556
2616
2772
4082
3552
3104
3048
2312
9738
2476
2518
1196
3774
4950
2370
1044
6828
1338114
4976
4606
1188
6592
4202
3846
2218
4764
56508
5802
2306
4178
5486
4660
2270
376
1247040
6644
2802
3760
4008
4078
2032
3172
1734
5366
2252
2902
5588
396
2966
6776
6030
162344
9904
88240
4088
256
3570
5472
440
7048
2994
3352
1784
3284
3456
6660
7976
2466
7244
3428
2298
569590
996
4206
1832792
7048
2904
516
5562
774
5102
530
4418
2434
4282
4622
5314
1239532
4226
7636
4056
207272
1229866
3956
8272
4732
2360
4936
4476
3846
1068
1614
1412
513882
332140
478084
1464
5918
3100
7650
2048
4710
686
2070
2228
117400
1552
12386
4612
686
3898
762
7756
7250
58966
4482
368
3214
1166
1454
5816
4448
636
6264
2740
2362
5356
2266
3016
3982
6298
6236
6600
2782
1976
6242
4170
3186
386
1948
2882
2606
748
6150
2846
297648
3170
2486
4412
37092
11118
6696
4812
5882
6294
2962
3572
4374
1960
3624
2450
4566
3872
10706
8324
4112
4670
742
1416
3154
424
5328
2104
600
5634
4848
3620
3742
3772
392
5080
3404
2702
3806
4838
966
205786
3302
3258
2300
946
6426
2838
8600
976
3714
1050
4446
2944
1746
4284
61704
4522
1862
5322
5246
758
137364
1922
5234
2750
8502
5090
6376
5658
10212
3668
5460
3282
3976
504
4792
1142
3528
2792
9598
3846
5994
76368
2200
802
3204
4372
812
4438
5434
5714
7448
68150
4320
2132
1874
3196
4578
5864
2400
3196
7444
3782
3752
3372
400
3700
380
9674
3560
1068
7806
2906
342764
5724
6196
2482
5436
4716
378170
3616
592
2862
4090
4328
134562
3118
348
3992
6744
1634
7482
6090
1230
91166
6836
4124
2008
1292
4286
1184
1690
1866
271336
3218
4606
1310
6792
5300
6844
47106
4608
5770
1894
5896
4186
2252
1780
537264
4150
2672
4308
4976
6484
2167068
3882
363846
3898
219806
7276
7636
856
16898
5892
5456
3514
4972
2544
3970
3890
4398
5312
480
13360
946648
4486
1202
22630
888
8056
5338
3136
4132
3122
4396
5566
3890
3620
8586
5486
4972
326760
512270
1650
4608
1821582
9856
3110
4728
2844
7230
983500
5006
2306
544
610040
3430
6158
8980
3256
4146
22208
3860
88728
6708
3570
1156
3026
4964
5942
2384
8844
6858
5938
4550
6344
3518
6110
4710
4732
4324
4842
8706
374
4564
3096
2300
3282
5580
3762
3482
4578
7224
5060
2788
532
1468
4406
5358
4418
2202
436
1252
7134
952
6556
4804
2880
3294
5800
115658
1806
3370
6858
3288
4288
5070
3268
1630
8280
5232
367272
12552
3414
5636
3148
4028
2366
4232
7046
168420
4606
2344
2342
9704
5182
5072
255552
6308
8438
528
4086
1484
4176
3480
4596
8448
1392
754
441010
3748
1094
1972
3334
7988
348282
1840
9558
9164
768
4046
3140
2313096
3806
4450
7256
7342
2342
3438
4762
462
3416
535252
5942
678
1360
276
6844
13692
3340
1256776
2714
1292
6690
1100
1918
4616
488
2892
1629646
11692
3592
4696
5352
4678
3314
612296
1804
4054
4048
8164
372
902
4326
654
4238
4834
1490
4952
1910
8056
3910
167806
3542
277208
2024
506
8014
4606
4278
6022
5516
870
7754
9528
2644
7360
3560
8356
3918
1180
4420
9826
4844
4198
358
6618
3182
2686
709804
5434
4090
5070
3692
5962
7956
374
5956
4896
4074
4278
301138
6086
4348
530
1722
4992
590854
927914
2360
5640
4346
134866
4296
2154
1332
222004
15924
6616
1988
5362
3668
1578
8194
1044
2578
5008
4266
9326
2502
665726
518
5914
4720
3158
8636
2120
3444
2414
3640
36954
5664
3442
3102
7048
28308
6028
5012
5850
4032
5018
5802
592
8002
6160
1960
6246
2522
946
7870
2286
3718
3270
592
4528
8116
4430
4942
5094
5802
7422
8420
9232
3332
7486
6926
4864
2410
8700
4638
16648
3650
8732
5264
4290
5674
9420
4962
6292
4400
780
5738
312670
177234
12266
4560
4132
1090
1753126
93230
471672
872
93948
2304
822
2598978
4680
1750
107258
463268
4880
4368
3536
2098
2208
2788
8684
3150
6596
4920
6628
3564
2102
2540
5686
6800
236
200346
5422
3518
293662
2184
2048
4356
10464
360
5560
3790
3076
5730
4928
5232
632
6098
2200
374892
1086
2842
744
3196
2730
278
4830
5212
4438
3912
476
2418
924948
3394
3472
2388
2040
4246
3958
5354
3744
2020
3398
4536
7374
2324
752
5176
3354
144892
7468
796
736
1952
1052
1458
5270
1924
4058
6848
4142
5392
442
8978
690
378
3524
5608
626
487230
53184
10036
4676
6960
780
5674
1764
6072
4154
1212
1590932
5156
1606
546
738056
9258
7424
6554
772
3394
9920
4348
960
5302
5704
7198
6062
2320
658
294
2192
4366
7200
2174
2678
6834
1878
379620
4496
394
435274
1558
5614
6190
366406
602
6214
2810
2942
5728
3140
3426
5500
3634
4576
669426
4518
3398
599362
7794
5150
430
4538
3608
1402
396
1754
4840
5158
444
364
6896
4226
6214
1584
4396
4126
698
4838
674
392
5906
2176
2292
4092
5860
1146
3298
5538
1042750
2130
2118
8754
2264
5130
1822
5156
376
9098
3446
3020
3854
4022
5310
468
4672
4500
1562
9418
3254
3634
9282
2472
4294
674
8208
7916
791050
3952
1456
6046
3670
7234
55750
1874
1241374
5114
2580
113024
6474
2562
4770
960
3202
2236
1986
3474
3042
2180
7384
574
4060
3042
2894
364
510
454
2956
2512
65134
5458
3676
5418
7604
9048
2690
6028
5372
2310
3356
7920
3596
10488
6720
1402
726
1244
5730
3592
2392
4496
1614
8704
246
2790
2064
10198
2340
7408
7820
3444
666
2298
854
6308
3726
824
8892
7638
2422
5664
4182
6064
3174
12802
3360
5644
2758
3200
2566
3866
7040
2114
4992
5408
58158
13788
1226
1478
388
5312
1714
69326
3218
8384
4064
707168
6492
3890
2292
2372
15102
4040
4180
236564
4664
356
4932
1858
6782
5880
2628
6264
9452
5588
4342
3702
4740
467544
2436
2250
5182
438
6752
1166
3848
6486
6654
8388
5120
14870
6396
4872
13324
572
8572
3080
4804
3178
411014
1184
6904
5456
4918
6756
2428
1772
9622
1966
10948
3818
4398
6694
4122
2736
701072
636
9548
402
4176
6642
3716
13326
12444
11572
3278
2300
6528
4054
330172
5198
772
4826
4724
6478
5990
7940
3362
4346
6154
5782
5844
4146
3860
3918
10324
5750
8952
7272
9946
13282
6054
191266
49274
6598
4746
376
3816
8910
1514
4116
5528
3842
4310
2380
4368
9128
3532
3554
231444
1814228
3386
9072
3844
3376
5742
6004
10060
470
4678
8566
2966
586
13240
4336
88496
353826
6182
742
4690
2626
3058
880
3676
4050
1102
3808
3442
9468
2828
11020
5940
9058
3592
3866
6080
1444
6116
3396
1108
3048
2030770
3614
884
3058
356
10648
1214
4078
2728
5980
1358
2822
2972
3344
2072
2754
870
4092
872
4298
7700
480
4630
3722
6978
1598
2396
307852
2664
2992
52554
4326
3734
3056
742
266
2310
3930
4486
2096
4584
3816
4136
2154
217646
6022
2610
4906
5704
5154
3692
7930
4392
5902
4958
56234
5442
1566
5834
3586
3180
504
3106
4246
4028
3766
3970
3008
2468
3412
2680
480898
764856
4548
4150
6516
72124
3632
3798
4430
1788
7038
1896
1822
2174
5560
7188
117720
1004294
3274
5072
4814
2464
3504
460
2538
146944
3206
382
742
2442
3184
4438
3654
460
3584
3344
145174
1828
8316
1380
4814
3446
2740
4522
2512
5566
2194
1664
758686
4902
406
2756
4702
608430
3660
2888
4680
5614
9726
2206
3390
1036438
1632
3920
4758
4692
3582
2172
46346
9124
4030
946
4828
2962
8274
2192
5492
3038
3410
3792
5062
5084
4572
812
236
2608
1454
4568
502
9748
4448
3772
4790
2594
4430
5500
7236
5724
1488
1452
3804
4890
5012
4594
944
4250
2028
4434
756
222810
1406
520
4942
4218
740
4794
4356
4184
1546
83536
8530
6060
2968
558
4678
2632
5164
6804
4176
1800
474
5352
1236
4482
8422
5592
7220
298
1920
5398
572600
4752
5960
5260
3170
3440
5618
8204
3974
4736
4250
244
6262
7360
4090
4918
1918
512
756558
5974
3806
6482
5730
1106
8046
6598
4350
4444
5904
154320
3106
2472
2506
4510
4954
770
5184
4072
350
4682
7602
3762
1408
3812
3258
352
948
250
655792
2444
5786
9026
6514
4142
5672
3848
4104
2958
5126
4924
4668
4600
4398
4478
9026
8766
1676
4792
850
4810
3702
1078
2014
282
1178
8626
4746
280026
6770
586
3944
3514
388
6220
7240
2704
1858
4488
3202
2900
4052
3120
7228
4120
7002
780
6666
7478
2978
388
248
1250
1506
7724
7174
8360
5492
4234
11056
6106
438
1086
1936
4872
4968
5432
4612
5264
4580
10600
2656
2312
6158
11214
5032
3308
5154
818
6590
4604
4320
8342
5726
3296
4932
9188
5932
1504
7108
3698
372
9986
5480
2476
4188
2058
2546
4316
5078
5780
4404
742
4518
1888
2114
7722
4160
1178002
3110
2632
2232
3368
1126
5936
412
5462
153488
5778
7856
9218
1136
4910
376
8222
3172
2688
623030
2920
1520
8276
2462
4724
4314
2788
6750
3538
6054
178138
5940
4804
912
1748
598
6164
2326
3136
2746
5474
287766
4784
2880
2754
510
2486
4168
3244
6454
5034
3220
2876
2556
5316
152196
3024
3576
3816
7846
1686
4574
640
8530
5708
3186
4696
7974
6682
2244
238
4118
629188
1146
5354
624
3474
1588
3284
2760
6638
5638
2166
6008
906
2538
2410
7802
706
2572
6582
6956
8126
3502
2906
158690
1238
3294
250444
5390
4220
7784
6178
6084
3896
12782
672284
8196
260
3442
5326
248
2648
2128
2876
1436
3908
6470
3446
5978
1199192
2478
608
3714
6500
3062
856
3884
2498
5884
4812
8810
696
380
1748
5530
468
711980
4776
5212
5936
9576
2616
6780
2122
5352
378
2530
5464
740
3838
952
7240
160502
8808
440
242
5588
2742
4364
1780
7104
2576
4292
2536
3350
7136
10496
7894
3436
6246
3554
2592
6380
486122
812
1844
6482
3242
6062
6048
7400
7588
1968
2686
4280
3228
2266
3422
1448
4482
2996
4868
4390
4710
5996
5184
3962
4398
3166
3608
5032
2234
858
1647582
1302
172022
3538
6380
4274
3074
4202
5152
9920
614308
4634
11572
1734
6244
500
7916
3332
4874
4238
3452
7314
1210
4026
7496
5666
1964
784
7016
6582
4258
12424
376
8306
9346
1464
2360
1464
6916
768
3200
4264
1688
3656
3722
1262
2510
2098
2296
1080
2896
3554
6916
3736
2646
6208
492
11538
7462
2508
6188
5304
5146
3404
3282
2504
2926
3854
7050
5018
7084
3194
4050
9906
5948
2576
2392
5806
2644
366
6442
338002
5552
2180
8786
4736
1512
7480
4048
470
4916
1848
3068
244
3230
4464
2376
970
3212
4538
5084
3172
5248
2724
5090
4074
1636
7220
3250
4646
178756
8386
3486
4222
3076
327216
2212
5838
5292
8502
4014
5032
432560
3088
3738
286544
4360
366166
3614
1390
5740
4536
8584
470
2114
373522
12710
6078
3312
162446
2506
7924
2892
6202
5036
3374
4660
2792
5198
4760
5070
7782
800
5798
130586
682
5396
6864
5032
4048
109502
2950
6106
2884
352
480
5028
3084
256
2108
366
3038
6890
4290
2342
7796
3256
13446
4010
109414
2826
4728
260
826
4294
5962
46128
2464
5766
1696
600
3006
886
7876
87558
592
6502
6136
5416
4002
5552
5092
5640
2972
500
6742
6920
4718
6152
10078
5842
3038
1972
1714
3962
1460
360718
2512
3790
186772
4190
3560
2580
3874
3016
3984
8242
3624
256208
3610
8558
2932
2166
4542
4350
396796
1576
3000
4656
520
696026
3560
2016
4926
656
2956
2258
6106
2236
4570
7508
2450
3698
11426
5308
494
2910
4150
2428
3954
4630
2754
370
7186
6248
1834
5316
5898
6422
3522
2524
2432
348
5884
2788
8062
4500
14834
5396
10402
2394
5006
1796
4222
3718
3302
4834
4520
3660
11594
4076
11792
4350
6546
1766
3724
3908
3650
7584
6490
3798
378
342
2690
6580
1134
7520
5734
1898
6630
3324
2758
5272
1212
864526
4742
4452
5554
5102
1890
4020
4108
5670
2860
210106
250
5896
3474
3954
989852
245416
1270
6170
7152
782
6180
5894
11564
4438
7634
318462
6030
1164
2044
5494
5594
6852
7320
3418
3596
5740
4792
3438
6678
1974
4366
614
3178
1906
498
4492
3936
1512
3398
4150
486
3458
2748
690
10466
4248
5210
2112
20390
6904
354
7716
2608
378
3490
5898
5246
910
1242
256
851210
7034
10712
2802
11926
492
1808602
6162
3860
5798
1658
5092
3574
3396
770
3322
492
5830
3726
4248
4012
355440
1384
4728
3114
4030
6196
574
289792
52252
1552020
962
3148
956
4262
2474
2154
1304
5886
3618
4490
1536
4018
9442
1348
1074
4766
3042
7242
6244
5672
9940
6106
1636
938
4872
8902
9126
3290
6960
5370
4794
3874
7026
3796
4616
367416
191032
3456
10558
354
6782
6380
867012
399434
6680
9796
7268
141610
1211390
4142
1416
6230
250
990
1428
5524
1740
4804
4034
5576
242
10352
366
1100
3370
5582
9694
2508
3818
650
12196
14418
3616
5508
435620
3658
2676
9408
2620
4640
5584
1798
14928
750
5128
1064
864
5472
4044
5086
240
5836
2294
5564
3828
602
6268
5334
2804
8366
1772
4836
2218
8408
2182
3438
4290
6980
4500
3388
2028
398
1202
6204
1084
2678
4432
7572
4964
7238
4850
84526
2988
1162
1134
5208
1080
8826
492
3638
4118
255502
9330
5974
520
6040
13194
2916
10494
584898
9220
758
6586
948
586
3800
1892
6324
2794
2000
2400
5320
3572
2422
2114
996
6224
2832
4056
3902
2024
7578
2392
7610
5386
4824
8902
894
5380
5776
2364
992
4396
6630
3708
1304
4446
3996
778
3144
4984
5010
3180
6504
848
5948
6982
1616
1542
5752
5096
4692
1232
2138
6244
6682
4500
10162
2912
247146
4192
6660
1062
150182
2782
1544
3336
1548
1246
360784
2494
3564
4360
3648
4758
5244
1320460
396
3710
5988
8174
126128
5400
5916
7090
4378
10886
2418
698
644
5374
6142
3560
7432
3928
462
3338
7080
5984
6040
5278
2542
8246
3060
6354
4374
4230
500
284
1724
5586
4032
3838
2440
5260
3520
3642
1114
752
29354
2164
1477982
4544
3190
1256
6506
4428
4186
6034
4426
2688
5370
6134
3642
178198
3952
3004
3996
2430
6726
1410
2046
2088
3064
3598
522
4178
13464
5784
590
4164
4410
2688
6410
5088
4702
1276
199322
353686
5598
9772
5134
6612
2212
842
602
5112
10422
2436
6036
1406
3762
3590
772
9884
16288
9868
2798
476
1046
2214
4982
5944
6154
11982
4432
5234
51414
7994
756
1816928
5308
7948
6694
1126
2774
2236
2452
2636
5694
1822
3904
5540
9402
1683630
1960
8516
2772
694038
9024
565922
762
3692
6174
3100
2042
2408028
2052
4848
950
1477848
5566
266
2454
3138
6520
4634
1306
3122
556
114736
7398
598
634
2762
7546
11164
5778
494
3526
12140
4912
6166
1748
1640
3334
8376
2754
11174
2270
284
390
5714
388
426
228
2440
474
7156
4418
8666
6844
3752
7796
740
1234742
4528
4574
3032
1550
4058
3206
1298
1246
671780
3148
6236
2846
2852
5112
4886
2924
11438
230
886
2590
3608
460
2578
3232
4842
4842
1206
1910
4166
8364
828
141884
2380
2534
8292
3702
2636
226
2594
1668
5820
2982
4704
8276
2912
1910
1962
1692
3592
3056
684428
1178
2532
814
348
2424
524
740
594
5768
2472
596
2110
3974
2970
3464
3428
1613062
305460
2018
278
2142
1881062
3344
522
1376
1988
5196
1424
2148
326
9308
2758
342160
6828
5624
2878
196694
5266
642806
708
5448
1002
1372
9426
938
8234
746
5876
7638
8196
6116
758
390
10298
5550
3172
828336
3144
1600
5528
6736
600
486
4058
149640
3070
1190
3044
3382
4928
2058
356
2240
694
812
4056
252
576
360
376
18430
3102
1288
5068
3536
4870
446
6674
1686
368
1658
3094
5034
4994
460
6694
4458
2296
4386
6830
2280
1548
9086
570
4646
6096
2760
296202
946
4514
1264
3466
7156
1826
486
5594
8966
2306
2514
574
1348
2162
7702
3248
3066
2888
1124
1948
2622
17236
386
228
1794
1996
1352
1952
3314
5106
1538
2858
179458
5704
6768
814
3024
9412
1392
2314
930
10338
2652
3158
2452
174278
826
820
1790
476
1474
5228
1590
2164
857396
7886
456
8282
1190
6246
1410
3700
1122
3050
6088
280
6290
4840
228764
3452
598
5052
339480
2406
1046174
888
3672
466
8344
4538
3548
3744
2194
474
2028
3980
1208
226
600
1348
576
2086
1624
257538
1156
600
360
874200
226
3324
834
1462
1472
16668
5366
4310
5034
3822
1478
4476
760
2054
350176
4308
740
3080
950
16888
6048
3186
3480
4360
1296
360
974
1239344
3284
1252
3198
6404
7122
1150328
2150
1656
5788
3246
2500
1188
1796
582
1458
6734
4692
366
4334
44720
580
186188
3108
4408
952
7450
3498
1354
2216
173684
421680
1514
99968
2464
767076
7654
570
2600
2674
41278
5508
118966
4096
1150
1270140
472
482
490
388224
586
2310
1212
3258
1526
5064
8200
1652
4820
3842
1084616
1674
200730
6840
4836
4926
3332
1064
2738
2850
612
806
1660
242
7536
5010
2440
1208
2420
1276
628
508688
3604
1132
2118
2848
776
7626
2924
2176
3426
9706
938
756
1506
468
2296
1882
5922
2266
2562
48248
894494
5090
7470
246
372
670
2266
5482
2898
1048
136290
592
564
365154
1004
7296
2112
3712
2878
1900
4476
6392
2338336
454858
7236
3406
104194
6280
4708
3960
274
4322
975878
5350
848
706
3562
3352
4722
3312
2240
276
1056
1204
8748
4354
194448
2120
14014
894
2216
4964
5890
6122
2536
5350
1174
1768
3318
3110
5254
4126
2566
1408
3330
2632
4482
5370
3588
1806
356
1772
5484
384
153524
3566
237016
2150
20292
3660
3322
620
3170
3340
11006
3124
4000
3060
5112
3734
1060
6328
741652
1960
2336
1704
3792
2360
589350
2898
6880
5212
522758
358856
4658
4802
2166
1784
2598
281852
212468
1604
3926
31680
226
850
584
3378
14534
6598
3218
5146
1660
1512
3596
156554
828
4460
6858
1854
478
6748
3014
4718
3412
10710
12256
142800
2242736
1426
3778
4146
3856
2720
1062
6118
3870
8818
1286
3984
2108
2196
702
8382
9380
766
2994
305620
4616
2222
942
321596
178776
564
1196
2314
2262
254
1304
1252
1328
2792
7326
1916
807268
4160
2194
1102
392
610
5616
276
1442
3854
1770
806
4544
4976
540
2376
5674
6102
2162
6694
4976
3056
2300
3392
2990
261940
474
3086
35378
234
16956
1524
940190
1762
6896
753364
6588
3170
6574
2182
352
3946
932
7746
159436
2048
8306
8912
3474
4260
2442
834
413402
5236
2202
514
1138500
384878
5244
5534
12060
5196
4722
360796
5724
4432
528810
3480
304394
956
331164
8398
3832
704
8080
374
7642
204282
524
4900
1950
2292
252436
4878
3514
600
972
3662
516
1566
1048
732
352
394
1452
6890
746
6646
866
1438
806
4132
104234
350
1619218
602
10834
4282
8354
1258
592
4440
5804
8174
3870
5352
5140
1312
4418
334
2368
5276
3918
2407006
3776
6914
5994
699030
1350
3886
5256
68496
342
386
1996
4022
1550
1025712
678
4672
2112
2208
2382
392
2774
1112540
2222
1356
2592
2186
1672314
6974
1572
1856
574
4994
1075054
566006
1002
3618
928
490
874386
2414
2846
508
5968
4438
810
2616
586
1432
7614
2746
3824
3294
2664
5978
10084
131830
436
5690
4208
4352
6802
3188
5314
3164
5290
7920
2348
1652
11976
3174
472624
7328
254344
5342
2556
3380
3202
3308
1402
4166
906
2380
5428
8628
107706
1348
446
3416
2418
37102
3170
1402
4376
4574
2138
3760
2460
1230
2866
736
2634
748040
366
4054
4718
7812
346
3762
3982
4852
6754
1662
6586
3344
4954
5024
268
2286
2126
2264
496838
1330
4228
1900
2466
4506
9736
390
242
4562
1806
3854
1421530
3868
2960
832
9154
2426
992
478
365778
4278
2836
630
112264
2294
678
3398
1280
5310
4908
2274
2216
4888
676
870
2568
248
3684
2812
502
1824
266
2440
3838
3932
2640
6384
2256
1240
3310
6242
3778
1972
398
846
3142
10974
2544
882908
4976
184136
1948
2674
9718
4478
598
6878
3828
8086
2580
676
4150
7058
2250
9020
2566
2794
836
3974
4886
11164
2324
5652
692
786
376
572
866
5696
5010
602
222
1788
1676
1394
360
73926
3078
5908
3054
2296
5498
4676
3668
6280
5772
531712
238
4224
2169654
1302
808578
752
354
4062
242
11714
4704
8650
6298
234
2436
3624
1720
252
3532
1458
3894
3742
276648
3786
1354
1194
594
2692
3910
242
2570
5896
6984
642
3724
404
3432
4066
576
3492
2382
242
932
748
3290
1906
4158
806
2760
3226
2262
4124
5870
3028
3152
640
2590
853530
4044
4632
374
4854
2384
246856
564644
4664
348
5228
2338
6836
240
610
3334
2236
1630
1566
1512
5354
6210
3054
2394
4308
10198
4426
1566
1488
7300
2776
4968
4778
8426
5406
4622
6784
1644
4186
7154
2248
4900
5812
5942
3912
5452
510438
4712
5482
3336
4770
990
12664
4848
6554
351660
6144
2790
4480
2428
252
6770
3582
123408
3632
4630
1590
2574
3474
6852
9588
6574
4296
8802
5454
7842
12534
3206
686
1302
7934
6786
904
1492
6442
7090
2586
374206
5120
6784
7318
2082
3708
4942
16686
6924
885354
938
1102
2572
4478
1788
5252
4444
4520
1802
4458
392
105746
1382
4236
1078
1314
1752
6524
8624
286
4694
8906
2458
3308
11290
2790
305806
1918
2724
386
6928
252
1698
1710
60154
3066
2688
4298
2278
850
6068
4392
2226
5920
3106
865580
7228
4766
292
4570
3070
994
528
3542
9898
4292
3770
6652
8792
5056
4120
3904
4204
2712
1302
3116
2526
9662
3808
1172
1868
5300
3720
946
6998
3876
1164
1856
7564
4706
5726
6372
5910
113472
7766
1138
2740
1576
14844
5594
2288
1024438
6724
158136
1934
7770
2438
1794
340
6060
1458
2940
5128
1234
622034
1774
6422
514
606
4838
8684
4058
1132
3346
102562
742402
4618
2714
904
3938
4776
7558
2398
3700
3810
3796
5306
3684
5750
6442
3334
4518
5024
5320
518
3436
4758
5344
594
936118
4798
3690
3760
5664
400
3546
4452
2110
4800
3676
6910
5660
2980
595670
237714
2512
3948
5260
1142
4924
1512
8334
1172
3058
2324
6140
866454
1106
2372
4206
5574
6884
5230
2340
6638
4524
394
3328
503180
360
2488
7182
2134
404
3754
664
3230
3368
103322
476
2940
6172
2884
6162
3860
502288
3138
4642
6114
652036
4526
3104
4760
842
3430
2290
1916
3284
6170
7320
5662
3708
1152
3572
5180
1996
11504
7046
9610
7108
4614
4340
2834
1964
2768
6224
3086
6138
3976
2800
3924
4878
1410
4498
4500
5442
1046
3078
1270
2372
3728
163852
5840
4074
4842
2670
414032
8088
2484
1484
3734
950
3092
2858
4290
4758
6490
518
4428
6158
2516
1169622
896780
1704
3478
1786
6854
2630
4750
3888
2014
2660
1960
7426
99120
4998
964
1050
6838
3850
3974
1017428
4034
2480
4514
1960
482
4292
3118
2196
214972
3468
6556
5716
3826
4716
3658
10384
1014186
2262
8280
529318
2742
258
4306
3450
3400
5528
3790
4478
2648
2488
3842
1920
2550
3284
4492
4538
1558
364412
1418
8492
5318
3464
4768
76812
400
3378
3226
3658
2304
4890
5382
2790
580
4944
2816
3832
3602
2170
1540
4142
2434
3702
5948
246
742
2288
2222
278
2312
3158
8086
3562
4016
9744
5528
2170
4504
7518
6238
4722
3404
3982
3596
2132
6166
6524
4956
6350
4240
1064522
8724
2358
1828
5068
5702
7812
3742
6172
2750
10044
53000
3266
8716
3566
5036
3658
1434
3570
1378
3444
3758
2066
5966
2280
471328
7778
5456
5120
684346
4304
3836
268
526
9868
3926
2846
8904
3136
4114
3962
9090
8522
6426
3890
2096
5604
502
968
4290
6848
6486
2620
272
608
6864
1728
4954
574
5788
7124
5318
2548
4922
6114
12534
4526
3654
3588
3910
3820
3100
9712
286
5532
4092
1562
4740
3456
9046
7934
1908
6690
1208
3986
5862
13716
6680
1248350
8092
840
1224
120500
9874
592
6310
6468
4268
8188
10712
2168
792
7614
11664
260
6020
3702
608
6248
10190
798258
333124
2432
1472
4500
4254
4520
6926
742
1968
458906
5894
5352
4954
4400
5582
4218
4314
9924
3192
2684
6452
2894
5220
880
1858
5998
3598
6712
512
4204
11072
1105062
4712
3938
4324
2874
13538
3372
3384
6990
522
4990
6890
5572
6510
10978
1260
4466
4572
616
3212
719554
6196
506
6176
2592
241378
7284
1196570
1154
7114
4334
5608
678
1113412
3856
1480
2622
8948
5138
72792
2292
2632
2336
945482
4156
2852
4768
4132
2786
10468
4008
12256
5240
3094
7202
3946
1688
6830
740
3930
2688
2504
344
5412
4816
7672
5358
5018
5634
5764
3588
5138
5190
8774
3294
3340
902
6990
1186
4194
3806
4036
3736
9512
958
4106
12102
2634
4772
2080
4802
1290
3628
4000
3284
5084
4536
6364
2970
3768
2412
5688
318
4868
9374
4610
2782
6002
156718
1196
1506
3606
1286
1270
44938
3722
9116
5980
1496
3504
4328
2936
4092
4700
4732
2026
567662
5800
5272
7330
913260
9774
8734
804
1094
3802
1050
8188
4026
5216
656
763138
862
1420
2246
4266
553274
3624
3808
4572
5440
3120
10934
1362
2792
13022
7450
1188
3116
542
4964
6422
5646
2182
2482
2004
8834
4268
4360
374
4992
1742
374
2958
3348
510
3230
7216
2880
3910
4908
608
7046
6998
8306
169270
2578
3370
5076
10450
8150
6616
7400
252
13352
4026
7996
2984
254
506
5694
1178
1958
5442
3094
7424
3504
13338
12216
3960
6788
3304
3332
3908
6474
376
1602
480
7536
8972
252308
2922
4130
5056
4028
6744
5870
5792
6054
1832
4454
6354
360
2380
10800
2072
3746
12344
2348
3218
5738
2788
2628
6494
4484
3928
6638
21962
4210
4556
380
3198
90608
1800
503380
278650
4852
4798
2878
1936
7914
616
596966
3530
246110
3108
1041096
7954
5290
4412
7536
682
3118
7230
1743076
2954
3180
4044
1054828
6192
6620
1200
502910
2172
6012
1788
2538
7436
488
2990
4792
5804
5872
4630
2890
5726
5618
3160
8468
3998
442
5498
486
12406
5892
4866
2150
5528
1100
2872
6742
5024
5128
5528
5700
968
3058
6422
2024
3132
3516
3668
47456
9292
4688
1924
538
350
6002
1372
514
2766
479774
6012
5384
4552
7090
7396
2174
6174
756
996
2030
4650
4804
2784
4856
4012
4510
3318
1930
1598
297308
3658
1232
234
522
3334
2864
3704
5894
762
7888
3056
4170
4072
816
3618
4532
131724
4922
4460
2890
6846
7554
1892
4420
1690
396
518
4506
2864
1582
1410
2810
866598
810
836918
4036
1286
7982
6192
2912
744
5896
4198
7302
4980
3228
2274
1286
6186
998
2098
3360
6248
6588
4984
5104
5972
1440
856
7004
3906
1082
4512
215948
2180
4370
1210
3836
3432
4130
4640
7840
2412
6014
6946
2058
79440
6158
476
3576
3252
5088
298
2732
7000
4364
3316
5130
1374
7808
1290
6188
488
6988
440
562
4404
677964
2536
3062
3500
454
2966
3308
240
6664
4976
6110
10914
2658
3708
5988
3972
8046
5572
6358
1224
14068
5046
6118
3040
19652
360
4142
2658
6434
4526
1492
846
3570
3524
5954
1664
3252
2320
1615604
774956
4854
4704
3652
2176
338
1994
3322
3770
2512
7744
4650
666990
3376
1904
2662
2296
5170
5398
6760
6090
1174
4176
868
1248
12360
4612
1266
757568
3928
6700
10548
268398
10340
1008
3754
6184
1224
352
4196
488104
392
5006
3010
1714
2726
4880
642
2876
7582
5356
6586
404984
4220
10264
3512
1448
3562
6622
6566
1592
370
1158
4000
12774
7102
607316
9436
490
1102
1002
3392
5388
4052
4282
9388
536
9248
2246
2826
3340
4756
4860
576
5440
7230
5146
4970
4628
2596
2860
4022
2554
4204
2572
2008
5108
5136
8930
3634
93914
5288
3230
6552
315872
6236
3420
4478
2066
1524
3564
3554
5890
3806
7586
5964
9536
4410
508
392
4302
242
5740
4866
1896
6184
6864
5526
2070
5212
5378
1182
7030
7106
744
6846
2984
2310
5782
3294
4528
2500
2948
7562
864
3020
3750
3250
3296
3050
10772
822
4384
4690
3028
2672
972
5024
7558
3526
5394
4476
4182
15956
523990
4454
4162
2956
5044
402
3404
8208
3880
3012
162672
2118
3794
478
10950
396
6838
6386
2980
331410
262
1790
4046
3940
3870
4432
2798
2764
6224
3756
8056
4092
2196
4656
2450
4974
1306
722622
1258
5466
2712
5250
3044
4106
4510
7778
3108
8598
4276
513624
546208
3434
4470
2580
12716
948
3140
4164
2878
2782
4564
4856
7022
5576
902
1614
4172
3254
2432
2580
2040
1120
11968
4092
9164
1956
238
9626
5166
4496
4976
406404
3204
4312
6936
9714
5678
229732
290
11480
9260
4074
1444
3042
944
6986
1700
504
4094
4714
5694
300
926
6194
302
692
6754
8624
8280
6458
3434
1398
2672
5936
2706
2082
5754
2960
175164
4410
6140
8476
5608
7378
6182
6184
3142
483238
8388
3900
4890
6058
3836
4922
662
3962
484
2624
3076
278
1478
7602
3680
2064
824
5408
399234
480
4862
1564
7116
2470
7436
3468
8708
2220
3512
1654
4232
4122
354
4942
1970
5934
6602
3990
1760
5196
5052
908
4190
9984
2688
7118
6508
2522
1118
5678
5280
588190
4454
1196
198274
5168
1031540
3086
1816
4702
926
5498
7342
2936
510
1304
8008
3718
7136
11860
7942
8838
1382
179508
2822
1120
288
2996
6122
4390
3346
610
72112
1544
6256
4032
6632
1221384
2882
3090
3834
154374
6920
4692
2952
6478
10754
183596
12634
2354
3672
6930
3282
3380
6770
3386
2236
5372
3696
6464
6150
2516
4162
966
6704
5458
4402
4760
3882
7866
7338
7378
4932
3056
388
658
6822
3386
4060
1954
4530
6462
2342
7074
4374
924
21786
2742
6866
6948
5410
2722
2020
5466
8468
14384
5970
3112
7232
9174
3956
2742
1732
126392
9212
744
4106
293486
1112
2606
3356
895510
8118
3020
3774
972
4690
4730
4932
984
3384
5810
954
1584
4070
2438
3180
5528
1920
1268
4014
473846
5800
3824
3284
1705948
11574
7668
3372
7154
1042528
4470
1416
2626
5590
733862
1362
687150
3266
140186
3604
5578
4958
7970
3952
5754
5166
10536
215262
3158
1450
662
7570
2728
5148
5372
2474
8178
128256
3838
6056
3528
1534
639936
8114
6714
436
6252
7642
2980
2784
3596
346
4592
828
5382
250632
488
7680
11574
372176
5162
10802
8966
7748
4862
828
3788
1846
5194
4602
7258
1894
6916
6772
6996
688
3208
332
7134
4652
5836
5116
2394
301612
246
8676
2420
10000
1484
8492
5122
8188
7412
354378
872
2966
3248124
7158
6280
1110
434
3156
443856
5652
410
292
7340
3448
4184
5144
4116
5654
2698
342
2732
3268
8062
4292
6872
2000
5068
5816
1844
136010
281734
5200
5252
43494
3314
2598
4630
6438
4628
4074
6752
614
8396
6414
2050
2930
3106
5492
3216
2320
4576
2716
1674
5096
982
450
6612
7450
9950
376
2524
2654
4954
5358
8086
2528
10326
1264
5250
152958
11614
2968
1732
3042
3136
6902
2374
3570
4730
88392
2342
852
664
2218
3084
578
1682
1114
2206
3472
1580
3508
17510
4060
2176
894
1087390
642
6390
842
5556
476
3002
5224
4624
4726
6172
5582
2862
2730
1538
3148
4604
980
8062
852
2434
2260
5926
7146
7634
6178
1280
2592
2034
704
5640
590
2204
5328
2900
8032
6158
4626
2212
3748
11816
2300
502
1454
640
476
2356
7340
664880
3192
133714
5876
460026
2696
3044
2140
612
4144
496
3702
1660
2702
3938
4668
1860
1078
894
9132
3932
3554
6232
5056
2740
7394
2316
9534
1450
8198
2378
5010
1862
6414
3284
7846
834714
24068
3974
3680
2572
4682
702
6936
3760
4926
6512
6802
8074
120412
1208
3948
3292
246
614
570
3888
7318
6152
1416
4952
3930
6510
4694
5804
8568
3328
5102
3316
1074004
2914
1460
1532
4464
3940
3742
278
1242
2728
4266
316098
1002
7466
5692
4314
7676
7894
4642
4956
2682
2770
364146
8006
5026
3262
4846
2950
6458
4800
3848
7348
482
9852
846
446
8036
3600
7528
1194
3900
5278
874
3872
8504
3280
1461168
1068
1612
5030
4748
3782
3750
8032
240
7024
7908
9612
117386
8020
6154
890
14254
3336
388
504
5744
6238
4638
6044
4954
7722
1468
1848
7312
5926
3252
4658
658062
1206
37366
508
7364
4264
3246
3466
2746
2981338
6544
6470
81268
5164
2662
2072692
2514
3912
5226
2318
1648
4868
2432
478
2550
2730
3144
2382
7216
696
4568
8430
306
462750
3374
4636
9328
3642
3114
6940
5388
10190
3610
7686
537472
332140
4926
10506
3904
5888
2870
1728
530
4358
5946
4386
5778
4526
942
3808
3244
5206
878
3280
6458
3618
5644
1994
592248
5626
402
3892
240
250
2348
4494
6634
624416
378
1086
670912
3852
53738
3170
5308
727746
7974
3188
351758
2936
6206
3748
7980
9726
9140
1096
8884
9792
6614
12058
357858
7538
742
9750
4670
236
4998
6100
5412
2482
6888
4408
504578
8332
2002
4466
3880
7320
4732
476
2742
4052
508
15056
4850
8664
4364
7330
2736
5284
2912
5042
3812
2654
3980
3460
348
678
3454
2732
2272
1000
3520
1776
590
3982
4900
4936
2966
2440
5076
2862
5398
7586
396
362
6350
3346
516
4228
2452
487474
394
952
380
3674
4506
4324
1850
2976
940
8276
5444
280896
638918
8272
366
1848
1244
1278
3908
9460
6416
16058
7928
3026
2508
5794
4910
8370
5350
6072
255644
3954
3120
4644
3006
4886
276
4978
8938
4198
4170
2620
8396
2438
2410
1178
14354
8400
3286
17204
624
3828
2292
2436
1670
2242
8912
4118
7904
3112
6200
40762
3852
6286
1456
574
2194
3686
5068
9384
532
7572
393476
3132
5084
3034
3280
3874
2620
1508
616608
1084
428548
10916
7566
10668
3294
8050
3598
306
1534
404472
960
55790
5420
2364
169330
3324
966
8108
580
1062
2404
24096
3358
4224
842
359502
1064
6336
5916
4700
480
143610
2056
6466
4700
3268
3266
992
1610
5254
2518
2520
1384
7782
2172
7684
1884
262
380
5712
5466
2057588
4430
372
750
38482
462
2592
5116
5766
4910
3804
3268
531716
6652
334198
8406
5854
8614
2144
6550
1740
2656
372608
2274
4640
6142
3472
1968
1986
199114
8194
4152
1008
4518
50028
5856
2512
2428
278
504
1762
8584
980
3380
608
346
2954
1232
338
2482
5326
374
356
2288
4674
3186
5646
9458
5178
4228
3922
8046
2272
4178
2116
1414
1786
3250
274
4698
2792
358
4910
6232
6094
1300
2178
3100
6304
9076
2418
1868
9620
11186
1612
6380
4592
6148
7216
1106
656
3548
8240
2962
451708
2274
850
6336
916
6334
4072
218144
966
3832
3288
1960
2256
646
226960
5996
1958
5908
5376
2568
1538
1350
4000
2428
7358
4022
7768
4088
2470
3216
2540
5302
7056
10606
6766
6376
1254
337816
1064
3852
8874
9508
5516
3778
3692
1804
5336
5810
234
7572
5938
6104
3304
10302
6304
7370
3334
644928
3284
3270
4388
4004
1782
7716
3538
562
2218
4622
10692
5430
2212
3536
270
4918
1936
468
372
1098
1700
14164
347640
7298
852
2958
5180
6352
2338
7608
6186
4650
2674
792
578
3958
1472
3998
1200930
3320
5250
5736
8706
498
8288
598910
382
4934
2918
3166
2540
4564
5366
3236
2992
3132
244238
4746
3032
5130
3660
5516
1123082
2094
8586
1978
3772
505750
4550
1724
15712
1195470
2566
6042
1218
175072
1162
940458
1384
502
3330
13086
1394
1696
6230
6826
4624
2776
3628
834
9264
2646
380
11898
8386
5398
2518
127248
3502
3340
2390
8086
7710
1794
4968
108894
557362
3716
876
657658
5024
2358
4788
580
618
892360
2782
3928
1242
4662
740270
1094
3786
7914
746
3484
4486
9932
514
3692
774
838
10380
3110
3708
6456
7106
969428
2610
2202
4838
214418
3104
354
10112
7890
5794
5460
2842
5820
1119772
2828
2278
5928
596
4780
2860
2294
4358
1094
5972
2338
378
5058
256
4360
3616
1720
2280
2794
1676
3988
5198
772
1296
4262
5776
1424
394
684
4960
652
1382
2784
296750
6356
6416
3274
8864
2604
1712
482
2266
4674
2586
6280
8056
8192
7584
10274
511818
5278
516
6826
4246
1070
6066
3748
3368
6274
600
1668
504392
7308
3542
6580
8554
1598
46336
1348
5164
6540
714840
4872
440
12694
1408
9040
1868
2210
3320
5224
345054
448
2988
67172
2016
1746
12720
492
7910
276
905248
8494
6072
474744
4846
2176
3616
1892
6430
6604
6748
2696
6646
382
4104
3554
392
5700
2326
2380
729138
914
846
3626
4576
8038
3258
5558
3466
4284
3248
4906
3356
1846
1059122
134150
3790
1280
7408
8478
6046
109456
5696
1804
480
3326
596
274
4318
2980
978
518
2984
4582
7432
5580
2386
3354
1966
630
2258
2748
6628
8124
7062
5484
1370
1270
2424
2392
5646
6336
884
2958
3422
3514
1260
3492
3704
1090
3700
7724
686
3934
1094
1304
388
1298968
4938
504
4724
7022
378
2696
7268
6766
804542
2686
2200
4892
3040
10288
3610
352
6240
5156
864
7042
366
700
1332
7006
4400
2410
1558
11118
8020
3014
7124
382
7554
342
5424
3898
3698
713518
1714
4892
2422
745778
3464
760
7024
6470
4114
2518
4362
146904
2456
1916
4112
1140662
9062
946
4162
7982
2056
2860
7556
574
4698
4306
4228
84784
6132
2660
1232
9718
12032
484
880
342
296350
1942
3902
3006
388972
4266
11932
1918
4040
3014
1354
8282
7062
3144
2668
12210
630
5758
1656
3002
580
4442
3546
2846
4916
6974
3870
8854
7870
12690
2638
5976
4238
5942
5662
6474
4034
5446
2608
388
4826
780
956
4934
854
4728
2532
7660
5570
3018
850
6284
1260
3576
4012
297000
3166
2130
6766
4112
6704
2598
398
2362
970
983318
3214
4112
3778
3044
606134
1612
922
5866
5816
4076
6788
1668
4412
5594
8880
2222
1660
7668
4406
5306
256316
1810
3362
1824
1740
3072
4476
900
250
6838
2492
280570
4094
4030
9668
2582
4410
5024
2694
776
582
5392
3648
1194
2466
4652
11084
4444
3694
6610
13336
5918
3854
6510
5460
692
852
460
1070
1350
7454
4814
3084
4202
4594
4740
6110
3034
7630
5344
5538
5606
5122
2140
2432
5626
4140
9002
4568
2746
1050
398
955314
3000
3298
4938
217216
3572
4564
394
1910
4920
4328
5250
7002
400
2394
301332
3268
358
5366
10112
9760
6954
2020
2806
1582
8724
5558
8158
1131322
5094
3296
9094
3890
5780
2872
2700
888
4854
2652
1856
1456
246
2958
15128
823784
3728
4640
7356
1220
4914
2278
4130
2186
5312
3600
4000
761376
1100
1384
62038
2564
5178
5452
6064
4076
2646
2702
3962
1161062
3096
6182
1530282
3868
2192
2520
878
211506
498972
2416
280
3252
6842
2212
6422
4212
1892
4118
7772
4336
9472
5604
978
2534
1940962
1698
3300
3760
4254
7940
9148
6540
4402
606716
12296
4200
4216
3190
6138
5368
1118
744
4916
7004
3786
3708
3552
492
2678
1025510
2468
8576
2846
115826
5108
9028
3392
2036
4546
4398
124704
5522
2060
2998
1136
7824
3560
182852
