11:1100:0:0:0:0:0:0:0:0:0:0:0:0:0:0: (total 4)
0 4 72 Thread 1 going to cpu 4
Thread 0 going to cpu 0
76 Thread 2 going to cpu 72
going to barrier (cpu 0)
going to barrier (cpu 4)
Thread 3 going to cpu 76

cpu 4 cur 4
going to barrier (cpu 76)
STARTING...
going to barrier (cpu 72)
STOPPING...
Duration      : 10000 (ms)
Acquisitions  : 45944675
244
756
264
742
818
818
258
714
272
824
820
820
272
740
1838
246
796
820
820
2064
1262
254
822
1612
806
766
784
258
254
280
830
764
774
814
786
754
254
768
1372
1652
2340
768
814
272
772
238
824
752
808
758
764
1510
836
800
21364
7228
282
250
10338
1060
244
2134
244
282
270
260
242
1000
274
1324
746
1842
242
260
1860
1554
40998
258
268
1036
280
1906
254
3938
1874
254
1036
248
2926
254
742
274
244
1654
4128
260
752
2200
780
280
3024
264
4000
1644
246
794
268
274
244
240
1376
830
1090
244
1042
776
766
1090
1090
1004
1102
270
1136
822
270
1376
264
760
250
1280
254
268
244
244
272
270
264
270
1326
246
766
782
2922
272
272
286
1302
276
236
272
1778
246
272
1260
282
288
238
264
2576
268
252
1016
264
25500
1100
280
278
828
278
254
270
758
2192
270
828
322
808
814
866
1384
1368
800
36268
1100
1372
824
830
1428
2320
272
242
258
1294
1924
820
270
1378
846
584
1056
238
266
240
252
1372
276
3616
798
1098
1114
246
248
270
780
1038
826
248
260
268
282
242
282
278
258
246
252
1284
836
1832
1086
274
272
832
270
1102
1378
1074
1068
994
246
1304
268
808
252
270
278
276
274
65694
266
788
1072
262
776
272
274
242
796
2662
272
784
254
1296
4294
276
734
290
262
782
784
1104
244
782
824
1788
246
230
734
262
2070
790
1418
822
270
824
6848
1372
2132
776
270
6272
244
24154
288
1822
828
35964
276
1314
832
276
988
1136
240
272
256
282
268
264
268
270
762
242
272
268
266
248
1266
1036
958
790
800
260
1064
254
1372
270
254
266
242
260
1790
272
806
250
830
278
248
784
1610
756
276
282
268
848
830
270
272
1028
1004
1280
1082
244
1418
808
1096
862
824
1104
276
772
276
274
272
1020
244
1324
274
818
756
1044
246
1598
808
27318
820
1348
1338
1572
792
282
1372
772
820
820
826
1084
17796
590
796
248
270
824
822
798
1016
790
842
244
772
1122
274
768
246
796
1008
276
820
1082
242
1578
1792
238
1066
762
1794
272
1908
250
792
2868
828
832
1084
804
270
312
1956
310
284
1878
1876
3162
758
1562
284
288
270
1378
268
282
252
750
1096
1572
276
1076
266
770
270
852
246
1090
270
790
1324
260
268
17624
272
262
274
822
4710
772
270
864
858
3214
812
996
6792
264
2444
18990
268
278
860
836
818
1366
1588
980
1094
802
270
268
282
3046
812
1074
1536
1000
274
250
1076
794
1334
272
3196
240
234
864
1028
784
248
284
1100
1790
814
268
782
292
1068
5814
1360
7190
1340
270
274
248
270
238
230
1854
278
252
238
2886
272
71172
834
2242
830
22532
270
268
1058
862
822
284
1378
808
276
1120
272
268
242
794
1062
816
1356
15138
822
860
242
1026
306
264
1340
272
276
1548
1090
808
270
816
828
1072
1330
258
784
250
1072
252
832
1846
244
2118
1314
790
242
276
1312
1220
1050
2096
3922
264
258
1022
262
796
238
1054
832
274
276
1370
790
1052
260
2114
23884
244
252
772
30462
238
242
262
270
270
1924
2136
1090
244
774
2154
268
252
806
1036
274
270
1030
248
266
256
798
1302
3046
824
984
840
2586
1668
2100
274
1270
274
1066
33508
248
2056
246
2648
266
266
1790
826
1306
1072
794
820
826
1688
866
1646
1080
826
2120
262
270
806
742
996
270
276
320
728
1062
828
270
242
1054
1786
254
1028
272
1910
1824
254
1276
798
31442
270
1014
8888
2462
786
13240
794
272
238
750
1378
27962
242
1800
864
37610
270
1848
268
806
258
1862
766
270
1390
278
1350
258
242
838
812
248
282
826
1090
1374
822
828
1370
1062
246
276
1512
272
1812
254
262
252
272
240
758
272
270
242
766
290
1556
1040
1054
248
856
274
1056
1046
3404
238
1844
244
2370
270
828
272
276
1066
236
272
820
830
2198
286
276
254
234
1366
2180
2332
804
826
258
258
822
998
276
1554
820
1054
1376
840
262
248
13866
1276
1100
5078
1280
792
252
744
272
276
252
246
790
242
994
1302
252
238
246
272
1310
1834
1488
314
1026
826
244
1070
260
862
1852
1824
788
792
268
274
742
1084
252
796
274
270
264
272
1852
278
272
1524
838
268
2112
806
282
1608
756
1374
852
1344
280
274
748
278
1024
3022
278
270
272
836
774
274
2770
248
774
270
248
280
764
280
1570
862
1022
798
1102
270
1074
248
972
802
256
784
274
1292
270
1412
276
1340
1582
258
246
268
280
280
276
820
13906
274
276
822
818
1054
862
590
1374
1076
246
246
1082
1366
1388
236
252
244
250
264
794
238
262
252
262
278
1308
254
774
1016
250
766
244
796
750
282
820
1136
1026
790
286
282
2884
242
268
260
1344
1324
834
814
288
1526
1414
1130
1020
790
242
1342
1344
804
264
266
282
268
240
1288
276
272
70134
442
294
284
248
268
782
756
1932
1054
1312
824
806
1276
266
20784
270
814
1822
814
276
778
248
740
828
274
740
808
834
822
824
734
274
798
238
1308
754
1372
1334
794
836
826
1380
822
734
820
810
2096
270
824
1328
2894
262
806
824
808
1306
280
284
284
1506
742
786
798
828
802
772
258
1084
1030
6962
16804
1536
254
282
272
284
266
1924
830
820
768
1018
794
1758
816
1112
1082
116314
246
270
1058
748
1076
974
870
276
244
814
248
1114
1368
1264
270
234
786
276
2430
988
1776
262
1060
614
862
814
270
268
268
248
2954
1036
814
1086
1376
606
836
864
822
270
822
828
1040
274
276
1370
868
780
1034
278
274
824
1956
1098
782
254
2116
1620
1256
1348
15900
778
870
830
270
830
284
262
790
1134
824
2728
1296
1372
1370
818
844
282
274
1278
14322
2396
266
270
1874
242
816
806
1364
250
252
792
742
788
996
250
1016
240
2092
254
792
262
2358
2732
1286
14408
852
852
1090
244
758
864
304
1324
792
1278
1058
296
270
272
270
30534
286
250
1836
276
818
5606
1098
12136
1558
1802
830
1928
1096
58532
270
848
2782
864
310
1814
268
258
732
290
778
1890
1610
1140
1304
262
788
12614
238
270
1646
250
768
284
1636
734
794
826
1410
1496
1044
252
782
242
300
286
1334
278
27202
1020
52678
1094
294
870
1006
264
252
788
238
808
266
814
274
264
274
284
280
826
768
1826
244
266
1114
818
3158
250
30480
300
1094
848
1324
262
242
268
14708
824
746
860
246
252
882
274
826
1068
242
266
264
1072
794
856
1920
740
808
766
1098
298
268
270
2650
854
1132
1534
1094
832
21134
1590
2784
256
246
244
784
1258
1042
8814
1922
766
280
1632
294
3564
808
2610
848
272
274
282
790
250
268
268
766
9554
50130
4540
1306
776
1348
1118
820
822
1688
822
820
856
1030
850
272
278
1094
1796
1554
270
1100
1898
246
238
818
1660
270
258
802
2326
1308
246
248
258
276
812
830
14454
760
858
782
862
826
2192
1910
1084
1098
270
2196
822
822
272
272
860
1048
272
1922
1322
1350
828
274
1640
822
3838
1094
820
1826
298
272
1058
304
274
1088
786
244
1030
17744
288
748
1530
284
272
274
970
1378
296
2940
250
258
1920
1002
1360
770
270
8644
272
1934
278
4670
268
262
1262
260
242
1592
818
772
300
268
268
1106
272
848
274
282
2374
45608
282
270
39412
256
1086
1106
1596
768
1346
1136
278
282
836
280
820
298
272
272
3666
806
292
1016
44368
824
860
822
826
16146
9374
268
732
288
1604
832
892
272
278
272
270
1962
1128
1122
1584
290
278
774
1128
264
1094
836
288
268
280
596
782
864
862
1320
1138
816
103530
818
868
870
822
822
2390
788
1688
286
276
818
1064
848
270
270
248
230
256
788
23224
256
278
242
1080
268
2336
272
1142
1370
254
2604
830
284
274
788
1652
1026
1054
2152
294
1556
240
762
268
1112
1886
1274
70760
3162
1028
1962
820
1116
1012
256
1102
274
822
298
804
756
820
778
868
1112
1142
1654
276
278
846
262
1284
280
270
270
750
826
270
818
1092
1326
1074
246
250
286
1110
752
262
982
1054
820
810
242
278
1784
1374
862
820
270
286
1030
258
252
1098
822
42660
560
252
1020
248
12204
862
2948
230
796
1088
782
842
1060
1794
1078
1014
1758
580
816
824
1088
280
272
6834
244
254
758
850
280
3016
846
2238
1920
800
756
4396
1268
870
826
1642
272
1334
3020
1104
242
772
73254
248
1880
1686
1072
258
252
1612
242
1308
814
282
1354
268
272
252
1538
1082
838
826
272
1310
268
268
17852
246
270
272
818
1524
278
274
1374
824
248
770
248
1060
1094
1616
85060
1352
270
826
278
276
1546
276
274
278
2626
1040
258
242
820
31620
804
266
252
256
272
306
748
1374
746
274
1062
284
284
230
268
1378
824
2172
48994
808
256
768
24414
1918
1950
272
836
270
1862
846
1906
1042
1142
270
828
1064
1282
1068
1630
824
252
262
2180
278
826
274
800
270
826
1008
1038
770
1314
1400
796
1600
278
1604
770
1002
288
1078
820
832
272
804
1592
1100
284
822
1070
240
818
1094
1642
1368
7102
272
1114
282
782
1866
1016
1284
862
1650
866
1006
862
270
270
820
790
1330
18706
274
290
280
238
1010
1052
240
1670
1410
66060
250
762
268
1374
272
252
270
738
1094
1076
306
1396
280
2966
866
1338
252
254
5648
278
272
812
1106
870
2458
1028
2772
276
1360
1352
822
1088
274
286
266
1050
240
1056
1554
1064
794
1044
24912
268
19078
840
1372
1134
1124
764
808
1416
244
1406
814
1368
270
288
862
1090
274
1096
1094
256
796
866
2344
882
872
52454
980
804
1092
824
1104
242
2342
824
826
270
286
266
842
822
798
292
858
828
246
780
1132
286
284
822
1656
4782
768
270
834
824
2330
5916
1220
266
1840
274
1096
1016
820
282
274
818
300
272
5574
272
284
254
240
266
274
278
758
1692
280
260
246
1032
242
2976
766
836
1572
2150
2084
756
2192
7126
1094
1648
828
286
286
846
812
1016
282
856
264
804
258
244
276
760
1096
266
270
238
1030
276
2502
254
762
852
270
276
822
818
2370
1820
94604
2234
792
3592
822
1058
117330
278
276
270
232
816
286
804
1050
1318
838
840
246
804
68984
266
1888
768
266
590
276
268
244
242
276
266
268
260
260
1800
252
818
1408
3712
272
276
280
274
260
3294
266
272
268
1092
270
1064
792
860
1102
860
1102
824
308
236
250
1324
1010
272
860
1960
282
276
862
818
1838
1086
2328
1620
280
1066
824
772
802
1678
1336
806
1348
1294
252
1640
286
1640
246
1042
268
4024
756
14866
822
824
1040
816
822
268
984
2078
836
270
1104
274
3338
3422
260
1272
756
1304
1232
1058
1584
1092
1098
860
1864
246
264
274
266
2340
274
798
272
968
794
1610
248
1136
274
1102
800
820
1054
260
1062
264
732
3528
236
68192
92
90
94
88
90
90
84
86
92
88
66
782
254
558
304
2330
754
782
276
276
798
774
276
824
818
784
256
23162
826
280
242
772
1566
1274
790
1334
752
822
822
824
776
1306
1232
272
736
800
274
778
276
736
820
836
820
272
828
770
762
824
784
278
262
1378
826
274
738
272
264
276
260
1302
790
818
758
276
2668
244
822
770
852
818
826
1272
1306
770
806
1326
1318
816
824
1316
774
272
242
1326
790
818
822
270
244
800
244
1618
816
276
822
750
804
2646
828
798
790
826
756
1508
810
276
822
288
748
246
286
286
752
796
1376
1498
770
810
752
750
750
292
830
1030
51226
1314
298
248
3404
1372
274
784
4136
260
266
772
258
846
298
274
37784
272
1840
1680
306
1292
248
262
234
250
238
274
824
268
274
1268
1556
272
242
244
266
1310
2018
274
808
248
260
268
234
240
248
1312
788
286
272
1058
1588
286
264
268
268
1362
270
262
268
268
234
244
786
272
1312
2846
272
822
826
1300
864
770
782
870
1080
826
1436
280
828
1648
276
1344
1550
250
5064
276
1466
772
1088
256
246
248
254
2432
258
2290
260
272
1790
248
2680
262
274
274
1732
1274
268
276
23096
824
1960
2642
816
288
276
1372
1646
806
1090
1098
276
822
274
1006
1042
36076
836
276
830
824
1096
278
802
258
248
252
2378
238
790
274
278
826
1646
258
1076
794
804
3074
250
1360
278
242
248
258
260
758
826
1140
2372
736
818
6000
268
1066
564
246
274
828
2090
1376
1108
282
826
1028
798
1612
258
1320
70096
980
1360
2356
784
262
302
262
1344
1312
268
1052
254
240
268
256
258
276
1350
2126
814
1002
1294
824
1056
242
250
1750
1270
248
276
1104
1020
286
822
1326
6478
278
824
266
828
300
270
740
1380
272
6224
22862
1560
250
242
826
17650
254
254
17100
1280
262
820
1326
1114
5214
3714
234
814
800
762
806
1376
1300
242
3222
240
244
1578
1266
1812
828
286
730
2720
588
1918
804
822
246
784
1548
276
818
828
1112
820
826
1598
2392
1272
282
1590
826
754
1294
270
858
27552
740
818
252
1078
274
1010
276
754
2184
260
1070
782
784
822
822
16902
278
284
850
1048
1826
820
1060
776
846
1020
1302
1088
1350
1274
606
1364
828
1288
290
776
250
262
1052
796
770
284
1370
292
1310
798
276
272
240
242
782
820
1098
1024
2472
260
272
2184
270
274
1000
278
266
734
262
266
308
272
772
1016
294
2714
270
2690
766
1124
274
1600
1276
1590
1266
1592
788
276
1854
19116
1054
274
246
246
264
278
248
238
1016
1624
830
842
248
284
274
280
236
756
778
1098
246
240
252
262
250
244
270
270
272
232
242
1338
276
266
274
1052
20154
1096
822
768
280
766
252
848
802
1026
2436
260
240
250
248
794
816
1072
262
762
1832
1094
738
274
1300
286
268
256
264
2064
990
1016
2068
816
240
256
974
1584
1564
872
4514
752
282
1052
242
242
238
234
272
256
264
238
238
246
234
286
786
270
4148
242
244
2332
270
266
248
256
1532
69884
826
1094
306
270
826
25144
1152
814
1372
268
1054
1858
2374
826
1030
804
280
12280
246
238
234
272
244
272
814
1096
1252
2074
270
2154
244
826
1040
1338
826
850
272
764
270
1614
1552
1348
794
282
246
1272
264
252
750
276
1064
2104
250
788
250
1006
1044
264
236
816
272
274
240
246
274
238
1834
1318
1258
838
1924
276
1060
734
1332
248
286
756
21106
254
276
272
1790
34362
276
272
1094
282
240
762
1302
816
286
248
1830
1054
2136
2602
1060
240
750
1850
790
1070
1080
566
244
304
274
782
274
240
1084
270
248
1360
246
1354
792
274
236
32768
246
268
1314
288
274
240
1796
242
264
828
828
280
996
1048
802
828
1088
286
1094
828
286
826
828
794
294
276
1878
738
764
2708
784
1122
1824
810
246
244
1286
1412
290
834
250
250
1316
246
1080
30480
262
276
1336
814
7078
260
1094
266
264
276
764
14512
1860
772
278
29740
248
276
1066
828
308
242
270
36264
250
272
1372
1228
276
272
726
1636
272
1374
276
2066
1098
1812
824
864
286
828
824
818
278
826
1858
274
1476
250
254
3378
2134
1318
252
1114
792
1554
1548
868
774
288
264
248
248
262
1246
256
274
1480
272
252
250
1376
1924
1822
828
826
312
282
3424
264
1034
262
278
1044
244
260
268
726
790
1928
1060
1338
246
838
820
1030
266
1068
14368
270
790
244
822
866
270
272
266
266
276
272
268
1092
252
772
1326
2820
1284
1020
254
2762
274
1012
274
278
756
254
1636
1032
1274
1682
834
274
274
996
276
260
970
788
1898
1008
1364
3246
270
234
1822
256
1108
1532
250
262
992
1650
280
782
776
270
832
826
254
1888
1520
1054
316
280
280
2734
756
1306
252
262
246
238
1266
22022
2586
1410
302
302
1590
836
280
1508
272
270
244
862
1882
1020
292
760
822
798
280
268
1554
248
1358
1324
868
272
258
762
254
784
69010
266
752
258
260
270
276
1086
1020
280
268
816
1102
862
1618
1408
1652
768
1040
766
1048
1096
1138
866
288
1922
1326
240
2350
818
1378
820
856
270
992
2398
816
1320
774
862
1086
1818
270
242
826
272
1100
830
1916
1838
1132
42300
266
616
1272
1312
8684
264
270
286
1130
2872
1320
1054
1040
1006
604
840
240
256
1086
814
806
270
246
764
800
830
826
2240
314
7034
788
1140
270
270
254
280
834
856
284
314
828
274
268
1098
538
826
1784
236
278
820
246
1046
824
824
288
1346
248
810
282
272
284
274
828
1362
74982
270
274
1056
274
1114
1858
282
1328
284
1038
1578
262
2462
284
796
1138
830
1372
272
22274
826
254
1878
1078
1272
1266
868
864
290
84722
246
1004
276
1378
1836
296
2430
250
264
264
1140
1878
788
30342
794
3608
822
272
796
1310
3172
276
818
828
312
274
48948
812
1270
782
24240
276
272
1092
282
1658
1640
278
264
998
822
270
272
604
1036
1680
996
1052
248
736
804
274
840
2060
270
278
1414
1540
1364
822
778
810
864
274
986
268
786
746
272
1636
274
1042
760
1672
880
822
1324
752
256
868
1408
826
1552
820
866
272
864
270
822
7458
1840
1074
240
266
758
824
246
1090
832
284
1132
788
1044
1914
1014
974
272
22164
818
1346
274
264
1082
270
1098
274
65800
1296
282
2414
788
860
1692
272
1320
290
270
270
1112
1100
272
1796
6538
1080
1134
826
286
270
1050
1112
272
308
282
1366
278
826
274
826
828
2510
1316
862
282
784
1116
738
26806
18878
594
278
1090
1132
790
604
1052
276
1504
254
824
822
274
2460
828
1414
866
1276
856
988
280
276
270
1020
1100
53756
814
832
856
818
1578
238
248
272
822
826
3040
1094
1028
1914
828
1260
1098
2514
1094
270
6074
1364
828
770
250
272
242
7138
246
1328
246
264
1380
1026
856
2210
11826
1098
308
2596
1322
286
272
282
1138
1000
1038
248
1138
282
264
818
300
276
546
1084
286
276
8386
866
274
856
2470
776
794
1648
1090
2328
756
2696
1360
270
274
252
1344
1026
1888
822
788
264
244
254
814
258
238
94248
270
850
274
282
270
792
800
240
248
248
242
262
806
1022
824
119174
1658
806
252
794
276
992
1086
1252
69206
1334
276
262
828
1562
5516
244
272
1282
1096
268
820
282
234
264
262
276
3574
264
268
276
302
2480
1566
1060
1026
1102
1136
822
866
2628
270
716
1650
1088
274
276
2178
822
824
282
248
1008
846
1310
1140
1060
264
13182
746
266
3788
270
274
822
824
824
1056
862
560
246
256
762
862
834
868
117122
812
796
796
1118
1868
1526
862
282
772
250
2070
1642
256
260
278
2266
274
1354
616
1074
1644
278
260
770
1078
274
1098
264
3716
278
278
1414
268
838
1092
1092
1086
1094
274
756
288
264
270
1062
252
1096
828
2910
272
296
270
1076
804
1004
774
276
802
1008
1116
822
1374
806
1004
1958
274
1090
804
746
1962
1086
276
266
820
862
1242
284
276
728
286
826
244
792
248
17186
1088
824
1378
2068
1082
862
1088
274
274
272
780
268
824
280
826
266
824
836
1644
248
14612
4770
260
270
1274
1038
1024
264
1798
748
796
752
1588
1290
282
254
1364
1360
272
264
254
1020
286
276
252
790
248
764
13078
834
856
838
1362
1058
1910
264
746
786
236
768
3246
29260
1840
256
272
1370
822
5398
1026
11912
260
830
252
270
800
822
288
834
1092
57250
1650
784
244
262
240
248
1048
1650
282
250
1810
1564
1018
264
282
742
284
1096
832
240
1312
11796
270
270
1814
298
1296
1304
276
824
764
822
1082
272
822
246
840
1582
2616
256
1354
25914
1092
782
51372
824
1952
790
1828
1294
1342
3808
810
756
266
278
1614
860
814
1876
31142
1650
888
864
270
2388
14456
764
1046
2062
1136
830
2364
806
994
1090
272
274
806
768
1006
810
2726
250
252
300
1098
1090
866
264
786
870
818
18802
244
268
1098
272
1024
276
264
280
2340
812
256
814
1018
8554
282
834
1540
270
4560
1092
762
274
280
266
1006
2474
2538
8460
282
262
800
49900
4590
272
818
742
274
1098
846
820
1086
282
806
826
822
594
1032
1920
824
262
242
1062
252
1390
868
258
274
1772
828
284
1884
750
274
260
266
1018
272
2792
824
14406
850
1022
1018
1074
824
1104
292
266
790
278
280
828
868
1412
282
284
812
826
2188
1034
1390
260
272
820
270
1010
270
814
1378
266
864
828
266
272
274
274
270
862
860
826
314
2112
236
2180
864
1340
1028
16416
1848
784
254
2364
844
270
1826
258
274
280
266
1792
284
778
844
272
1014
1356
6748
274
1648
266
278
1370
290
242
252
248
248
260
286
1824
1846
274
1004
822
2632
1406
1618
270
270
1100
86784
834
860
266
750
1044
250
1056
1968
1642
6890
1648
1040
42428
268
822
1106
828
818
15844
250
8502
276
272
1334
1316
268
870
1096
3056
272
270
1098
1140
1100
268
2288
1088
1418
1140
2726
764
854
1102
1014
252
1082
864
103204
258
826
1098
1078
824
824
826
284
272
782
1098
276
2230
974
836
3200
792
