1111111:11111100:0:0:0:0:0:0:0:0:0:0:0:0:0:0: (total 13)
0 4 8 12 Thread 0 going to cpu 0
16 Thread 1 going to cpu 4
Thread 2 going to cpu 8
Thread 3 going to cpu 12
20 Thread 4 going to cpu 16
going to barrier (cpu 0)
going to barrier (cpu 4)
going to barrier (cpu 12)
24 going to barrier (cpu 8)
going to barrier (cpu 16)
Thread 5 going to cpu 20
72 Thread 6 going to cpu 24
76 80 Thread 8 going to cpu 76
going to barrier (cpu 20)
going to barrier (cpu 76)
Thread 7 going to cpu 72
84 Thread 9 going to cpu 80
going to barrier (cpu 72)
going to barrier (cpu 80)
88 Thread 10 going to cpu 84
going to barrier (cpu 84)
92 Thread 11 going to cpu 88
going to barrier (cpu 88)
Thread 12 going to cpu 92

cpu 13 cur 13
STARTING...
going to barrier (cpu 24)
going to barrier (cpu 92)
STOPPING...
Duration      : 10000 (ms)
Acquisitions  : 12986188
534
2748
2306
1380
1466
1548
1796
2880
2340
626
1974
4094
886
1980
58908
14016
3798
4276
4070
3148
3496
850
716
2062
164966
4258
6036
860
255148
4520
5580
1148
280
756
536
69484
1920
3786
358
520
400
712522
4940
19860
4694
2956
7010
1940
2994
3552
1300
698
956
6140
244
3542
3470
1926
820
2866
549762
1422
2788
6436
2916
458
5006
2798
5112
1726
3658
226
248
400
1590
758
2568
3146
1384
250
894
2232
4236
4346
700
2318
122044
8010
2568
1078
5654
3730
2346
2864
2254
2822
728
93496
3680
2916
2816
2268
3980
1844
5374
2674
700
400
496
356
468
334
278
112072
4304
356
2326
6856
7950
3118
5936
4688
6632
440
6160
2232
209592
5694
6696
4916
3328
2344
766044
3138
2424
846
3066
882
2078
1108
8484
8178
1560
3672
79580
3586
9738
2548
528
2616
3630
4550
1350
2568
904
396
26216
7780
2904
1380
4634
852
1234
2264
490
3878
400
286
2980
4138
1338
3438
5476
2008
2160
2692
2326
258
5210
3356
3620
474
3194
173808
2154
8646
1972
4612
1094
584
452250
2792
1534
2712
1664
1954
1024
4944
856
198510
414
246
1984
2658
1248
7954
4094
1602
2606
538
4624
2912
3016
3896
1730
1686
736
772
4476
242
2118
1924
4464
7420
6922
828
2602
4792
1454
506
2384
4804
198438
954
672
638
207982
1830
468
392
244
2298
5442
4502
2432
790
342
2760
988
4708
8714
810
4008
4082
2036
826
3190
3742
1148
1518
2308
6420
1080
17686
4422
3202
3612
1494
2636
2166
3018
2072
5874
862
5206
3486
1890
846
11396
1678
3436
4436
2684
73760
295520
346
198810
3468
3826
9010
2514
80046
254
2244
124786
4156
698
2622
6170
618
870
802
3250
2238
164478
4238
6770
400
4842
23190
1380
4694
3034
710
1932
6364
1532
6848
636
42630
240634
354
2430
2544
1892
2236
5414
2980
1000
4576
86552
708
165094
2238
1966
952
678
1588
3454
3336
6848
636
6214
1372
1680
240
1352
5308
1240
5496
3158
610
2408
1752
1796
444
1550
1060
6560
734
3132
1276
6044
1074
2924
618
2240
880
5058
2054
2902
2488
306628
4192
1234
3814
2256
121606
3378
522
252
2276
850
1628
608
2834
2476
3134
4062
4698
2512
12730
8438
4980
14924
179286
460986
2672
626
6074
940
5786
4300
35566
2102
2244
218
7358
2194
4112
1694
1544
2604
2588
2758
3548
2306
2530
2806
5156
1048
2618
276
4652
5252
256
6864
1812
278618
2866
3478
2468
1512
1202
3450
3098
2452
258410
1382
3050
922
1884
586
1514
3506
2196
2828
2222
4752
1588
2030
2486
2388
3154
2160
4982
10466
3222
401718
7418
3540
244
2492
4602
3834
489312
5190
3592
5118
7594
504
2726
4406
5032
1154
7342
1912
1376
3470
4740
2898
3448
2538
3116
2692
1988
2206
70080
4868
3472
163120
2274
5310
152012
2718
238
1734
248
1966
6620
152242
3414
938
4822
1110
2776
2632
3192
492
2958
4632
5640
664
7170
475966
2830
2578
140878
1788
220
478
11734
4100
2906
2648
1558
1842
2080
4106
1606
3024
5276
1786
2024
2454
4610
131926
2064
127520
1420
2202
2608
506
944
4654
1624
6710
2196
250
2922
83000
2990
36186
580856
1418
1886
252
6864
8986
4764
6358
4102
4602
1126
8054
36100
3298
1912
5120
105132
726
5132
4076
4446
5758
2900
1564
152448
4226
5924
596
2078
4760
3384
3168
3568
2346
3812
1534
2676
3650
3622
248
494
3416
3452
274
2554
444
5662
4328
5406
3208
952
2926
700240
2728
2752
3400
2988
2276
2802
724
4030
126158
2820
274
1026
2530
1878
274
3576
2930
2730
8618
1234
121406
1562
512
154206
46284
2638
1214
18614
1490
2196
114082
402
1070
1334
1830
750
1540
3326
2348
3066
1160
4738
1464
110292
640
3612
78612
2656
2988
3378
8728
504
427756
3396
4756
2620
5402
18892
3726
2049418
5302
2366
1468
950
738
508
464
68692
5104
3700
2432
530
7640
2854
6602
1374
7246
2022
3072
622
4798
1368
2496
2678
1664
1650
4018
3272
20064
1816
3002
1040
742
860
226
3768
728666
1718
6126
103700
1102
2796
3752
918
408
442
360490
386870
3802
448
2018
3098
4142
2896
3610
976
864
1776
1462
4808
2178
980
6510
2222
2546
1502
1048
1700
3004
1346
3374
1002
4100
4576
5242
1898
1358
3942
2438
2606
3360
5716
4628
4388
714336
1378
3140
1948
4728
1402
97426
1726
2978
5636
3940
1524
2600
5322
714
2522
400
6656
7564
4630
728
244
95410
3342
3106
2010
5358
2670
3392
2744
2298
2836
254
4020
3596
119232
4074
6184
598
838
3760
1968
1246
634
2930
616
734
7562
354
5128
2754
912
6774
4498
1460
2636
6430
4802
3188
1378
2558
2906
1342
1530
4690
3678
12678
2526
2998
3536
2776
1264
602
86018
868814
238
153438
6954
5710
4406
7194
418
4998
1902
172446
2246
394
19742
111342
4278
2738
2736
570
413152
2026
1720
1440
3404
1512
4174
276772
79966
2856
730
9288
5930
132162
741114
155698
4562
3536
5846
3482
94566
244496
2386
7948
11534
1520
722
4698
2978
878
2102
894
5012
148368
630
322
2052
2784
2616
5746
1536
5568
6992
63476
2316
1352
3264
2656
416
282508
3004
402
89200
2826
489528
4478
514
3640
5368
3470
5212
1350
2936
1138
3482
4760
52580
3414
592
1566
2998
6814
2544
4850
914
7310
8782
1326
6976
5974
1472
1560
516
5692
343492
45484
482
516
1038
218
2476
2916
4566
2432
6592
2174
3528
10914
4724
2736
4760
173218
822
21084
300
3336
1312
2240
2526
4026
194068
360
3632
16968
4234
1172
2906
958
3206
2904
1708
2348
2088
2840
7198
264
5072
616
950
4714
3322
83706
176366
730
2952
4250
474
3270
1238
5056
348128
3390
1124
248
1726
2722
512
1512
2252
1786
10754
3188
5404
5046
3776
6394
378312
1466
6508
752
1288
3520
4740
8742
1518
496
5044
574
3376
954
2098
4186
2872
250
834
3710
1076
295632
3014
498
1900
680
11628
3158
3806
1242
5922
271202
846
3730
3116
566
8524
6176
5138
9558
1610
8566
6128
8524
6790
3642
7818
6988
1314
1140
6076
514
3374
606
7648
698394
872
6542
9076
6240
2436
3030
3352
5290
1562
488
1858
5734
1870
3160
5916
3396
5704
4962
7272
4430
1986
2086
4790
2188
2268
4492
2226
421284
6332
2262
1404
175688
1728
226880
766
117848
2094
3922
7106
255734
958
37874
734
3766
1686
398
5370
8234
3858
4712
6312
5630
254
2872
1960
4218
7236
1412
3250
2314
4250
2736
4656
2472
2084
4914
2486
3676
3826
3012
6388
970
1280
6508
201362
3436
524
2314
3306
478488
3716
5010
784
31518
232
7568
6078
3234
1846
394
6326
7334
84752
3632
2214
1304
5224
510
6048
4476
3740
2864
262
9858
4844
4386
3780
2864
2746
1932
396
450
167498
4286
3836
3642
5678
5480
952
3046
5306
300
752
6074
3736
240586
2994
920354
2644
520
3678
1662
7718
6954
4298
6258
484
398
4018
4228
3922
2898
1088
1512
6508
2196
2050
408
3286
2682
2690
4004
2180
1508
1846
2194
3236
3542
2432
420
3868
5280
9958
2880
77504
2198
644364
2698
5694
2158
2886
4190
3044
498
4742
1718
1120
439314
269222
1458
750
5786
5000
2652
5924
12572
264
6372
1156
786
456362
1000
754
3990
2370
2010
604
418
4416
5754
2810
5800
392
12338
1572
4240
6732
26956
4406
6160
3782
3010
6256
266806
25064
4568
3126
5016
5988
4266
3244
3430
708
266
3060
1570
400
1476
4922
3044
404
3060
996
3662
6552
4434
4886
3146
3202
8540
2316
5520
3126
9522
948
6050
770
3140
4434
4452
4068
1556
610408
276
7004
5196
236120
2618
2644
2000
2676
3216
74278
5178
962
3148
1950
1230
2376
998
1016
936
9014
266
4166
3226
24918
4564
2182
400
870
4228
812
552
3010
4262
4912
2916
4870
2432
278
2818
1612
4312
404
1486
1808
2496
1440
9230
2030
256312
3744
678
6794
1334
67812
2256
2574
6196
792
2142
3186
2238
103894
2132
1006
2384
5522
4646
4248
3104
3694
6266
125546
3240
4686
5438
4862
2590
2512
2214
400
2954
396
2426
4400
2774
12130
3966
63480
3646
4956
3058
276
1126
3892
7520
5202
2154
4392
5894
7572
276
384
398
1868
2778
4378
5526
3190
794
1226
572
5046
2060
5008
878
4716
3976
3594
6582
29700
3440
1996
19646
1280
451580
4704
2244
2124
2438
3716
6572
5254
4228
2800
2438
2042
4666
974
1864
5786
1952
189012
2892
2274
1058
1874
2066
91884
1858
1442
1138
4590
1102
99230
2300
3838
1934
884
134454
7078
30356
2974
4782
3888
12370
5606
4814
4968
227856
5774
3220
1548
2402
2074
1930
213474
694
6360
49068
512
1274
3906
3188
640
5784
6566
2342
2652
107682
3652
4182
2352
1692
4814
6012
2656
3578
4298
6078
4124
3354
27720
420
3408
6050
86192
1510
282
5962
6402
5658
482
5178
3916
3178
9390
3700
4804
1964
626
6518
3562
6556
1836
9196
412
732
5092
5344
5744
3468
4842
2450
2566
8060
516
1526
1920
71424
6564
1788
7406
4530
5884
5138
226836
3810
5384
786
178182
6862
3764
6578
4756
8298
1714
3550
750
3630
5768
2756
294
1440
2526
3738
5368
3572
2184
2420
37910
5332
4616
2208
744
90526
4600
9646
215242
2256
278
111128
3840
10380
3122
7216
2112
836
916
5940
1518
2860
4406
2040
2544
4862
396
1090
1924
1824
1120
3334
5420
2696
1888
2084
3408
5262
3664
4184
3858
3642
638
1158
548
2496
240
400
404
1920
422
1684
278508
3798
4036
1592
160242
1402
70556
3876
4754
394342
2922
2216
2224
3272
4582
2554
8944
4392
3336
3520
1690
770
4710
732
5714
956
48574
447486
2102
3430
2646
4406
1476
1636
107604
532
4704
789140
6786
1638
532
3086
3596
342472
1852
1816
205448
1750
255470
2450
3030
2802
4982
608
1188
2982
600
8642
2410
421622
1928
22238
6422
7792
3556
3528
3788
1786
512
2260
1602
109034
6288
2766
8312
2324
3176
5094
268044
1942
3272
83060
6122
4862
4758
4514
692048
892
1254
3162
2994
616956
4642
304
3172
462
2962
4600
1264
806
1060
2264
3388
2948
1454
1184
2894
1098
4336
2538
2546
5894
3658
8212
3858
98832
62240
2648
2914
2334
2588
3596
1886
5238
5452
93584
2258
3568
2996
3108
1572
3480
1164
5018
250
1766
2898
2756
315920
3302
4720
46854
3568
5340
2282
239534
282
7786
2868
3896
2120
19948
3238
4890
1468
2308
4620
1186
2454
808562
2504
4012
1018
2082
2540
6046
956
3728
2706
2798
4140
399894
1698
1352
5610
4748
2194
2054
1054
3754
5002
1942
1478
1652
280500
7110
7092
1112
4508
264
2502
3848
2328
1780
2386
455800
2038
1328
3508
8326
998
7006
38378
716
1308
3612
3604
3196
402
5786
3304
1918
625076
1974
2672
45352
3748
396
524
1914
1510
4840
4506
4440
3146
2358
398
1378
3360
3924
4362
55710
3052
2900
5254
1846
198720
4650
2696
1480
2804
2938
1278
2282
2598
1482
3532
3108
3352
3242
1266
3414
2652
1454
47846
1552
7234
398
3288
4030
3410
91626
5784
6552
3728
454
248
1106
7064
3990
3984
2890
1082
6552
4672
2754
1522
2846
4182
1632
2588
2390
3462
2076
6336
628
3372
7136
1652
3462
432
3760
10830
6446
1898
2168
488182
2618
4790
3670
1374
1846
2954
2012
17968
102468
3566
3788
3086
3280
4174
3550
590844
3328
678
2712
298
3626
2988
2624
215280
772
4416
11406
1234
1086
4648
5750
3240
2986
5842
888
1948
1212
4588
1500
8308
3092
904
502
478
4372
3824
258
402
4148
1914
9580
1324
3520
3238
548
42256
4604
518
3550
1574
862
3502
2762
5184
3944
3456
1248
347596
1354
522
3092
6492
4434
3620
5564
1510
42850
4088
141530
3538
5804
10900
6498
4798
4488
1088
1716
9308
27694
2000
8476
2350
4226
864
4430
2330
296
2164
3210
3306
1850
3586
3318
5260
752
8454
3706
6094
2880
2552
1144
6746
266
8046
2970
1398
4632
452
2622
5264
5658
5990
5790
3048
3504
2966
2072
2878
1198
3510
2406
2368
824
1644
1974
6362
2494
1940
2518
960
2708
256442
2584
2050
225382
4928
3798
2570
2986
1644
1710
2856
2400
2376
2754
716
388
80984
3420
2786
406
5452
400
414
1930
111640
2142
4358
336
2560
722
936
6434
674
186542
3378
1292
1052
1012
103424
5994
1864
3484
220
474
3590
2824
2064
3364
129626
513632
2264
1996
1320
103800
5120
62962
3292
1534
3630
1630
3290
2228
1026
4054
2408
366
238
454
2784
602
114812
6598
1376
5006
202778
4158
1592
1782
4124
3796
1368
3838
252
1642
798
225022
4462
414
3844
2818
110298
8218
2174
154562
101158
6202
5480
2768
4014
342
1574
734
65768
466
1104
770
2200
962
16734
7542
998
492
5444
234
5268
348
1644
2818
620
880
244
5602
1092
97114
482
1012
1704
167994
1054
952
6220
864
3278
68522
226
82248
4036
1264
1158
4618
1124
500
352
3218
400
2094
2052
2272
638
4074
472
4852
262
57638
3376
2578
8430
610
1776
5138
1080
10688
6470
3330
394
720
2492
1228
5242
880
1056
2802
1492
4272
1850
1170
3056
4332
599298
3876
2672
1524
1238
254
712
1324
1694
348
1844
1092
4104
612
960
1778
102710
2808
129668
2178
1798
5198
1142
3472
622
1750
2580
128606
5272
2858
5930
210
1872
3578
1178
792
752
834
1014
1370
41444
224
2272
500
266
2606
3918
2712
3880
3852
1596
30770
986
5546
278
464
37876
1318
956
686
2162
780
2818
3354
256
4588
5018
2784
1952
7568
1398
254
4506
5704
234
1510
109844
616
1836
2502
896
574
223598
214
2540
1400
464
180748
855828
2940
5074
866
3708
219478
412
3702
646
1740
2132
4596
3268
2624
6358
3534
2126
4284
6806
4498
13892
3704
1730
2556
5140
3834
1570
5548
5206
4110
1402
446
756
10220
788
678
382
2136
3010
3138
1868
5934
2614
1616
3928
29812
2328
1612
1568
5722
6438
15766
5188
1242
1642
2450
616
5138
1412
9184
884
3442
9050
2214
5662
2896
5506
1916
388
4422
2078
280
986
674
3454
878
480
326
2764
1940
1434
9816
994
1832
84768
1542
64222
1694
8914
2110
247454
1342
11706
2688
6504
2698
822
2668
3108
5066
416
21012
452804
484
1962
3662
4156
676
238
2690
3624
4108
1620
2206
1676
3586
1196
1308
3328
1190
1964
350
8738
884
2478
9846
960
1574
22888
3458
2370
300024
2740
998
79502
159330
2868
2530
5790
574
1994
3184
3954
3762
352
2140
3816
5112
2754
2106
4958
4220
6014
1942
4022
1784
2846
738
1314
4580
534
2934
1788
291702
9978
1302
4246
1860
898
51912
4236
3352
1946
47386
3338
220
1358
278038
2678
1970
1952
158256
4330
2970
974
1968
634
736
400
6060
1396
2238
676
5834
2966
448
413970
4906
1710
380
3944
207912
1022
1150
5238
2254
4890
1092
906
1000
492430
810
226
3166
3950
4610
1596
4006
2266
18004
8338
3846
4402
8918
12598
2350
94002
2364
1986
1818
3122
502
1144
2268
216172
374
412
2866
3740
1594
1356
555922
94746
4138
4728
7032
8958
7176
3860
244
950
522
1034
3948
1402
1598
3244
1954
2928
1108
7896
3836
4234
4170
5118
1738
1284
3284
2732
33130
5624
3438
246
2606
5298
67020
476
1722
145778
390
3356
3860
3690
388942
4584
628
1970
724
3254
1524
2392
4804
1048
7920
1690
354
8268
3512
4352
1450
4826
2194
904
1836
510
394
1162
1590
1464
6882
3710
4240
11546
83312
3054
80976
7532
3468
3476
2200
4042
3340
4050
3122
2122
198230
876
1982
11356
252
1208
848
1650
1960
476
410
266714
238
4336
244
53598
1250
5064
2502
2842
3658
462
418
226
504
2736
3118
1660
546
1246
4812
678
250
133086
704
1008
1272
2390
244444
2136
2182
1464
40228
3022
2940
1652
2104
6128
976
3676
2112
2490
2468
2648
2220
262
2088
3758
4146
2028
67912
226
464
1960
2060
2214
1936
330
1408
4976
4520
2908
4618
3436
4014
700
5108
4258
1476
7314
3430
412
4192
134392
486
1488
3976
5214
596
2980
2206
3584
872
1714
2248
1092
1902
3624
1546
3718
23130
2566
4018
3636
563432
2756
2342
232
5274
2276
2388
2510
2336
5108
3220
384
5564
2100
2830
3574
2686
600
2422
2836
4366
1480
456
3222
5490
1096
2902
1692
492
400
1834
638
3032
1704
260
201418
1250
4394
3270
2104
736
2270
1834
3020
5186
2660
794
356
1652
362
10536
81542
1174
4528
534022
10952
3842
195788
2548
2610
272
3328
1538
6000
2018
3316
1332
6796
1684
878
1662
2820
4466
3548
4268
3578
1006
348220
2904
492
2834
1290
1576
1802
5454
1538
2160
2648
838
5898
1862
2814
674
5258
7278
824
4752
111718
6862
3400
2246
474
1596
2882
2488
2986
746
2086
2594
5942
2084
1834
334
2292
1830
1180
2250
208508
1610
1828
2030
1518
3254
1652
1260
3592
3352
956
1374
1576
500
958
202106
1426
398
2592
9840
6148
2358
9648
7204
1174
2964
232
25940
66256
55278
255174
4120
470
4136
6376
1828
592
2558
3794
4268
1512
4598
2676
2582
778
3762
234
8182
230
4024
1856
2112
350
1928
5702
3396
4048
2070
640
784
1638
1522
708196
1716
2098
1248
2144
2028
2386
1468
2664
63248
4184
3682
2962
2124
7516
3154
278
640
3892
3948
360
2256
2098
2964
132088
1504
2622
1682
2172
2266
1354
1458
4916
2238
861326
5832
2898
2908
1990
570
418932
8656
2638
11802
984
3512
4704
3070
2714
30860
4020
3672
120944
2152
250
684
1886
1092
2092
1910
2792
3874
636
1948
1350
3232
2962
3006
4264
2642
122960
1136
1138
1956
504
3150
3582
273028
1134
3658
952
1554
1814
121666
362
2644
2554
620
2616
6596
2192
952
262528
4252
1252
1362
25104
1604
2334
596
910
2278
3648
816
10012
2454
4154
258
2790
414
6170
377678
620
458600
5074
1738
1082
3554
2158
197104
3986
614
18028
5126
1596
4888
3958
3200
1878
1738
2540
1956
6268
384
2610
1616
4468
52360
4584
2520
750
5250
8922
4318
18186
2248
5790
1648
1110
185804
3994
4338
1006
5954
510
1424
1090
238
2038
386870
7852
6006
7290
5616
3396
93694
2574
4472
508
1000
5002
3708
2074
2758
360
3758
520
3864
1390
122976
10438
5976
2872
36134
5672
1322
530
8880
9880
2608
1634
1462
886
1740
3324
3312
55670
3776
1958
5412
472
105950
286
2824
2148
876
4976
522
614
8212
2696
2592
123100
280
222
4236
23124
1766
3498
3854
3744
756
4104
2030
2976
870
202606
77772
4410
1910
4050
4294
236
6390
1780
2482
1172
4994
726
1026
45776
5270
4084
1924
2578
5826
129870
40888
2630
2024
5722
1074
1302
2232
9752
3106
6038
2414
1030
5294
4638
3096
1836
3488
3038
5544
5274
5396
2566
7122
51372
3368
4542
404
248
3456
3684
398
5154
356
89276
3808
2350
2684
6254
2526
20860
4852
3598
576
5692
3684
3834
2950
11752
790
3914
3078
818
8372
7836
532
5734
123610
514
2076
1578
21822
1964
2354
2988
882
858
2684
89244
4488
1408
2426
2102
4412
2138
880
218600
1102
1938
3342
9264
290128
5180
406
251974
4724
3146
4682
339106
16340
618
5360
360
922
3000
2876
13634
1494
1720
3844
4856
3826
3688
6626
358
4050
563322
177062
4764
2716
1546
2452
642
1962
604
1014
2690
488
5106
2408
1036
2290
992
2772
2236
2156
2548
2614
2240
5188
4112
1842
4014
398
5362
244
6676
2108
4092
864
1000
1598
2034
5098
449250
421072
6250
1820
2444
3190
1820
4588
1342
416
2158
3502
2408
2146
1722
2762
1086
3390
674
4058
2962
522
5660
3792
4556
954
114300
4424
228106
596
2088
2732
85170
413766
126274
72722
178000
1858
254
7020
1946
3976
3600
2612
2250
756592
598
3586
2468
369702
2810
9506
2692
2150
2954
6702
1750
3756
870
4382
3734
1372
3306
3348
1414
3818
2428
846
2942
14016
6208
3270
2902
252
3148
2106
3150
4084
1362
88196
1542
2460
2800
980
2478
634
1992
3950
1312
4836
2630
2658
2216
1794
976
4984
6446
204800
722
228
4784
2174
3604
352
1936
2226
6952
3776
1234
2718
8630
2976
3518
5488
838
41766
61786
2186
1920
4590
4212
9590
1324
4100
5052
3282
1316
5916
4770
1836
6476
676
874
2374
1796
4634
834
486
2210
2646
5284
3934
1874
5976
4524
1482
3404
3720
1390
486
2538
2458
4566
1950
860912
211080
896
1388
10842
3644
870
27764
3172
346
4994
1752
1744
1074
1704
1622
1644
2340
6674
1818
3898
3366
2642
5634
2386
3286
2888
5736
756
2926
528
33102
358
1922
3414
4644
312106
2688
4524
4006
2338
2018
1644
5066
1310
964
5114
155372
3774
572064
5688
1734
2776
764
292
2220
2752
6442
3666
215176
764
4292
1866
14096
4746
4662
5076
66152
5992
7036
708
3234
2942
6574
5626
6638
72720
5726
1640
4670
1790
3516
1436
3500
144388
2710
2198
2900
3048
2938
6922
2648
3988
4450
178920
3874
2136
4944
2380
514
3238
6116
412
2254
638
4348
1280
544
1996
2276
284
4756
6032
2446
466520
1258
2028
172534
1128
758
612
410
5530
222
3056
1558
2726
2332
2520
228
2198
2210
304726
592
472
5724
5350
18428
2956
298
4052
892
246
3926
2780
240
4552
183820
3104
4172
8126
6338
624
1528
2930
760
1480
1080
321954
2780
3190
1090
3342
3470
2142
1420
10192
3362
1520
1304
293394
486994
1108
400
1044
508
6710
406
994
1402
1000
2116
1376
2186
1542
3034
3504
4632
3018
3154
203934
2098
3786
3354
490
1978
1312
2762
2646
17968
1698
4850
622
18744
2788
558
122188
23618
196434
3680
2152
5856
1242
3394
3402
5340
6926
1008
5230
32886
1232
2756
3604
3200
80900
3500
926
3692
2528
3196
1382
440
147612
496
2296
3682
270
460
2154
3496
2786
1120
3860
4206
3502
4574
4286
3052
4280
604
7844
510
2400
4044
3648
1516
1160
11114
3482
732
5064
3976
2014
5022
604
394
3826
1452
2182
119772
352
6076
43232
1396
5518
5192
480
356
634
6024
2266
234
4802
8396
1464
3474
4816
3644
3928
510
30066
4654
480
1188
968
438148
2778
1560
2196
3682
5648
7304
732
408
7526
1112
6024
478
2920
7238
4328
5058
2282
9810
504
4262
654464
1254
2324
248
3162
170726
7024
3576
3094
874
248
406
44188
3242
5350
3082
238
2404
272
396
4796
1678
1360
1180
1866
1240
12002
244
1728
3016
4690
4466
1042
1990
7076
1526
1190
2360
3600
8900
2140
4328
5678
4836
154744
2328
246
526
7302
83292
4092
1944
8978
78668
1542
1070
2090
5422
1738
5360
3442
412
2336
2398
332
3060
5442
4660
1090
1946
6582
1546
5226
248
954
524
4646
6142
576
71686
3144
2568
172890
3334
297714
6460
730
56160
228
270
2380
4490
7172
420
4560
6798
2016
5608
2712
340
2914
2590
5198
1342
5094
820
5590
2686
1186
3746
6638
134690
960
24876
97050
106476
12996
1844
838
1768
3588
494
2368
2154
2452
2650
2838
49006
1258
2822
1284
412
3628
1366
7662
6820
2912
510
930
5490
768
4828
2204
3898
3332
167982
29124
218832
232
748
2022
2788
113798
2238
2268
2254
292080
32420
6114
192248
4590
3962
634
2526
72370
576
6082
3258
1474
7026
672
317800
3096
1500
5438
7628
2518
2804
6224
129704
4528
1468
4102
16218
2836
238
3652
130132
9056
772
2072
7140
482
666164
1326
1756
2228
248
5388
498
318534
7660
1058
7024
3036
276
600
268
1584
1514
3168
3786
28810
338988
400354
148728
400
274
3256
636
7112
1362
257926
2586
492
3942
3746
512
3452
4468
7836
4530
5460
5658
4374
760
3830
3422
4330
2462
1350
4940
5556
2772
2658
3986
2084
6318
2640
3498
2744
5286
2024
4632
1352
503914
2352
6662
7040
736
12166
396
2604
3554
64050
748
1998
3584
3052
2370
2964
2280
4990
406
4390
3574
279024
4444
142938
1398
3134
460
348
398
3272
724
4154
4582
3258
1540
2782
466
350
1544
2848
2264
4922
5302
19902
1784
67484
3132
4954
196210
2372
2686
272
480
348
270
2942
866
1238
2350
64464
2132
111574
4126
8902
2896
2630
490
613730
8052
4510
1730
1760
718
2112
252
3882
594
402988
5694
5644
2138
2684
3936
5136
754
2094
268
2276
1222
594
4624
602
95394
3368
724
4456
3266
3718
1984
3224
4056
490482
1002
2778
2940
2208
5530
2172
1086
3526
2506
17726
2962
668
50258
6864
272
270
3294
4268
616
5994
3172
3084
505408
3608
1318
153526
1126
6974
7024
584
1016
488
4320
244
2522
4560
419486
919344
4296
776
497712
6166
2152
528
3390
3566
890
474
1342
5852
8868
80188
3070
4932
116224
2430
4506
880
1104
1070
6782
547586
6680
726
4350
1378
2636
2330
10684
1096
666
5758
3110
234
8324
320
551758
10758
350
596
3866
1688
2582
532
248
3498
121790
446
3620
3436
760
224
2056
598
3600
1566
18770
1562
356166
3964
1688
252
157310
4082
746
5868
2244
3110
27818
6346
682
868
6496
464
1748
3886
4724
496
1844
5554
3984
334206
2810
2022
3362
7120
1160
4470
3814
2824
1154
1426
2612
1136
270
3264
3638
196904
1004
5828
1864
21892
7866
406
2842
587672
102358
4936
7896
1794
92296
6326
5580
140620
1298
1916
482
1268
396
3268
6816
958
4416
262
353530
19558
1334
9470
674
238
3320
85866
3192
5166
4000
356
8676
4108
720
1384
2562
1642
1456
482
2262
393102
26816
3550
4334
1110
5502
1990
4194
4576
1566
516
8428
4532
610
2656
1756
1020
780
534
1668
5968
3810
1990
340458
4738
3060
63498
478
2054
358
2832
12140
1870
3054
1922
868
7738
8866
4632
526744
8164
854
2726
7400
5356
7362
5720
5036
4348
3806
954
2796
287500
17866
1954
2408
918
1982
5578
1830
183002
6758
248
1708
3170
1114
79276
4156
944
1908
984
3106
1634
7030
2298
2800
478
2956
3482
5132
2892
4930
2642
4550
2136
1962
6110
4570
7140
4952
5110
236
360
268
7152
260
5384
1156
10016
2760
272
188664
476
1018
476
2874
3342
3416
4634
5606
2344
1546
1622
818
3964
4980
240
2000
972
1414
294490
2266
1482
2024
3202
638
6312
1528
4574
1992
738
68098
3892
4094
5170
2028
2480
274
142800
4680
108832
79536
5932
5996
1312
2696
2716
2866
5904
3324
6482
6304
3788
414
8162
223718
1504
110772
1918
7550
2322
7100
1444
2898
85432
102532
1310
2334
1328
2158
9018
3068
1110
294818
72796
6568
151730
2912
260
2570
9294
22484
127422
244
7926
4384
4922
2672
244
4156
3830
1568
632
240
1208
423108
980
516
2818
608
85470
4342
204002
996
2434
249706
736
494
3514
3974
5246
3326
2982
358066
2378
2626
1502
7118
62158
3232
2752
362
5640
842
6192
7104
518
3688
1866
3744
754
3486
230
98062
3410
608
1002
3354
460
240686
7850
422
6322
1848
3270
4574
2722
512
356
592
82200
2998
2512
4688
290350
2808
2056
4048
3216
3126
36386
620
1286
2906
29710
4136
136192
2536
3924
1138
7868
3294
1536
5256
6130
3500
5862
2668
8218
2094
270
719612
674
1510
1148
244
156870
3088
9226
2156
362482
4868
5148
412
3652
3820
654
334
3156
237524
3324
5760
730
30226
482
386
165360
2812
1598
7574
4876
474
5640
740
1980
206
1142
3256
307902
150826
36288
606
486
3622
988
352
1254
2462
10978
3506
1928
1776
1656
1928
674
8088
8830
2230
468
4690
1818
1976
2064
1950
3180
3330
752
3374
2388
1320
4128
1486
472
2126
738
546
3512
886
1760
2662
3534
2436
5218
3342
628
952
414522
4652
5836
5322
2574
213228
6768
682
990
1564
7710
1066
4442
6228
792
2208
2972
4714
1626
280
2228
4040
1364
3718
36128
79700
512
2100
616
3432
3886
3344
4044
230
5874
100830
5814
516
1254
742
3458
3580
473940
1128
403806
1670
632
9632
2624
722
2082
4724
2706
2456
1076
3896
5808
2238
386
3532
4834
35152
9886
1386
13994
1966
738
3694
1160
8906
169772
4392
1130
5084
5620
3002
3522
2752
3504
834
226
2460
38494
3006
1858
3006
4484
33804
8506
124466
753124
2110
2484
2796
1878
7890
4104
344
4016
1128
400
550
868
3988
3510
1744
431220
2658
87734
13886
3456
892
3262
1310
4058
1758
3636
3594
2326
2252
1468
6420
8778
187350
2706
3304
4316
4842
990
7856
5906
1930
1084
2484
736
3460
2784
5808
5016
2936
6008
754
3310
2172
3098
862
2812
2074
3172
1264
5228
254
2470
7718
1816
5618
2582
5228
506
2856
2392
2354
3754
6292
6044
5938
5570
3722
1804
3700
1380
457322
550
4054
166634
752
1650
1942
2406
578
4112
6872
2336
818
352
2026
1840
1506
203176
9088
3980
5146
2190
1672
3818
1740
270
9952
2854
822
3694
3186
5414
4816
253356
15822
7458
4104
524
1952
2220
4912
3170
3322
5086
228
2804
2486
1492
610
315912
242
483168
2334
7180
522
1052
302370
880
118672
5844
3326
762
3534
242
3644
6966
362
3436
522
4272
3294
4142
6448
408
4026
9084
3196
2832
2334
2466
2860
3280
6770
588
2786
10272
1558
333382
624
4310
67258
2954
3394
1988
1376
1954
2502
4830
2998
410
3720
986
742
734
676
3858
1076
360
3436
2796
3304
4110
1574
2344
7400
4480
1976
2338
1106
238028
452
295388
532
952
1932
2712
276
996
6170
2310
4422
760
9560
2208
3108
1772
3872
3198
500
3508
313734
3356
2790
548
3700
7008
528
181808
354
264
5676
272
3610
586
8334
1124
2352
2976
2332
6710
3492
14006
2988
9134
302004
3748
3776
20330
982
1782
4620
6770
1718
608
5492
890
3214
5752
1630
8006
7466
4654
7094
3018
1764
5542
6756
39342
3634
1138
10826
4708
4752
2018
218362
4682
3720
8284
3760
4252
362
3840
6552
340
244
592
4702
678
614
6470
1698
5884
3174
3540
3552
3132
1782
4874
1844
2394
2538
2924
2898
2568
1608
1052
512
1354
26658
2594
4732
771570
48244
2400
848
2114
48916
8220
988
412
1808
1812
842
930
502
392
3628
2498
524
994
2374
74782
3632
6802
1738
494
3472
5798
2068
1828
874
7190
1728
76588
256
6156
516
4812
1650
616
242712
157680
1394
1660
1984
2496
2188
3434
1462
2900
304362
3316
63686
5194
386856
282
1456
2756
468560
9026
3880
394
4038
1866
518
498
1922
1552
4536
2066
4874
2836
5016
135900
6366
6728
3558
2524
2966
4100
45592
616
5096
3054
1164
386
250
9624
2106
3098
2342
2198
8782
1980
442
2132
3340
608
400
101864
6444
388
2068
742
490
5744
60486
2592
5338
4942
348104
1532
5202
988
724
506
1676
246
1620
4178
449464
5150
488
3384
384
982
402
2124
71876
5466
36044
266
496
252
57172
1334
1872
1848
1666
628
1538
982
242
2148
2236
12994
2466
4766
3424
730
1056
3562
3048
5006
1916
2942
3750
4154
388
3470
5176
241226
632
1242
3070
2472
23076
2048
2946
476
3472
257134
280
1658
4528
231878
3352
4582
591110
3304
1786
3296
1234
228
5784
4818
2590
3892
384
5186
1598
2200
480
6746
402
4182
7684
78886
552
6128
3606
2998
1084
22322
2500
4502
4132
1944
3036
904
2272
4388
788
207528
5126
358
954
368832
5684
2906
6472
170232
28060
426
1394
99330
2446
339688
3130
5876
3496
2680
592
2890
3972
2012
48254
2098
856
1230
1864
606
1868
4068
2484
1680
3472
3674
110052
3930
4356
2120
1108
278
3344
12490
398
440
6758
3258
2182
2320
3034
896
4850
512
1260
2494
1958
4252
5546
732
7072
358
49226
2938
6302
1458
3340
27388
6840
898
4610
5284
642
1920
2646
182876
3974
2710
6298
224596
15520
2118
246
1880
6468
6480
2868
9268
1264
468
6012
1954
4240
774
2138
994
3176
9988
5566
889714
4504
286
1990
4312
1154
4954
4068
3220
6238
2608
1378
1226
964
3286
398
4178
2092
8920
2398
4070
366030
6644
1211958
252
2438
151896
610
119886
8414
2278
1200
2220
2260
357476
700
890052
976
2158
1134
13654
1980
1836
616
2642
2076
204414
43956
3404
920
4136
1712
2122
1776
484
3242
460
3950
5252
2956
2430
1434
1728
4288
7956
1768
998
524
151832
2104
3528
4328
3624
2194
1464
358
240
5010
862
978
3136
3512
158612
1198
4832
3118
3568
3694
286
293668
2540
638
1014
992
1914
362
463610
6686
4102
2658
1454
358
278
1082
3424
59544
3170
7158
516
1080
3154
3068
4136
3850
1312
324
28780
1010
4846
1286
2058
884
1212
3446
3346
48116
780
682
948
2656
3422
3622
5010
5656
4096
712
1266
720
61722
1734
468
486
2264
2288
3578
988
1280
2194
1350
3980
3806
1188
3448
486
1772
47700
12186
231902
2374
3254
294
2036
6438
2280
4338
6150
1360
6142
2672
268
3508
2198
3840
620
3376
2438
2520
722
1554
1898
850
7700
2522
1880
4882
1834
1056
3080
836
3466
782
4012
248
2804
886
2420
1936
876
4764
1438
970
1796
1906
2710
274
1276
6200
211688
146048
3130
7108
5038
5184
2090
159282
5234
3326
5764
3568
2508
280
2586
2928
1616
4178
612
4610
360
226222
2484
2244
7436
3072
234
3412
3016
2262
2660
1666
2788
348
1294
3064
8474
3444
3562
244
954
334954
1682
4410
382668
3332
7780
3268
1232
3532
232
2416
832
534
954
2520
3034
548
1096
6360
2400
1874
468
1796
3336
1132
3558
492
3646
3650
5886
5650
510
2228
2492
5480
518
6730
5236
3904
3088
480
4002
2498
88626
630
398
2094
7550
2964
5110
9004
4912
498
7536
5434
360
1538
240
734
5868
414792
273586
4510
522
4988
312
858
420
2606
872
5696
3332
3838
1584
5810
2084
1272
1332
1914
81046
353408
4296
2406
2092
760
5702
199644
7418
890
676
119426
250
248
632
3234
1318
1530
6016
2604
5288
1744
3842
101628
2172
488
3658
2088
6258
1042
4742
3248
2056
8046
4566
5402
596
4830
832
614
71486
12450
1702
1512
2158
9442
3966
610
7342
6484
444
217558
540
2976
1524
13154
6092
4046
962
3072
802
1338636
688
2472
188680
3926
622
3026
141610
9996
2714
2368
1656
1238
163960
1052
2724
488
74270
1826
2158
2888
2536
179048
2278
4058
632
1018
1028
2516
674
1582
81952
8016
4278
11226
2580
356
114576
138460
396
4866
334596
2382
150302
1572
5338
746
4054
4500
2306
828
1994
144964
3200
5902
1322
1230
3542
628
246
603974
550758
1720
366
2808
2722
392
3108
2158
13064
3908
4080
19024
20486
514
2124
3252
7010
6244
674
5068
620
6508
4326
2052
2900
4644
4296
6996
2888
280
616
2514
4256
1068
252720
3892
2134
6772
43900
8128
1586
2078
5972
3620
4706
504
2580
282
179196
6806
6084
4014
4102
2290
274834
4988
2970
5388
2272
4526
5638
1368
4256
1978
274
246
1096
212300
528
1264
4402
2096
3706
2196
3226
1512
2212
3342
536
2872
3914
38454
45300
4872
266
800
3376
310176
2480
798
5104
3904
1226
2170
1780
4744
4482
2508
121342
1062
147226
44368
1144
428
1978
4154
54328
126792
4258
2642
101906
491528
2582
1512
99130
1654
750
2554
1754
5746
5134
1744
952
293988
2552
1522
4382
4878
3656
1350
97362
81264
6412
1096
3452
1756
158186
4444
5066
3420
1508
4372
49488
5698
3880
449316
546
6124
6012
994
4144
354
113592
1274
5424
2500
2354
610
3398
1678
5450
4018
3502
990
250
1086
4130
86974
964
2276
3080
1294
6102
2084
4042
6672
149478
43308
2560
5836
1206
11168
284
2178
3332
2822
400
600
2758
3514
736
1198896
276
3048
88900
4428
2234
2448
2134
1954
362
2750
396
303582
536
406
4068
3168
5734
400
77248
3236
2868
2684
1602
3582
2852
1232
862
908
2054
2200
398
1972
676
3768
2544
2084
4334
1612
628
3790
1380
860
3268
626
6580
396
458118
4336
3368
600
1102
1222
358
7210
22900
2742
4804
952
3816
748
598
540
2056
240
5086
4396
529964
2262
199382
4882
2358
2016
232
1342
536
1192
5252
27580
1848
1546
75880
2420
162034
70842
616
88430
366
1224
476
246
282
724
476
602
3154
772
672
1056
888
664
250
233892
2392
260
258
800
336
184920
646
252
319600
1030
217558
102594
458
910
2818
272
708
648
249622
1024
246
1490
1608
760
890118
392394
252
642394
236
44472
198256
896
191166
1060
4246
420
1114
2382
864
468
278
504
246
450492
756
734
360
1056
312894
956
1084
334
1196
274
594
66992
896
42236
28266
54156
1430
420
476
227748
166508
1122
240
85774
127548
366
19722
246
930
52392
1176
305854
70
248
91916
295430
127240
586
246
160914
252
187436
744
1874
862
1664
238
1034
598
1096
262
1268
1086
386
1940
868
236
860
396
8256
246
1396
636
710
160736
68314
382
153848
1670
1016
610
47182
736
1036
814
1414
654
656
844
248
386
181686
388
350
1212
2336
528
3748
536
105270
2626
364
716
159266
528
48884
382
244826
1011234
712
198510
71502
1072
724
95484
386514
1934
2388
288856
35738
1010
760
1212
36576
224
708
376
370
958
1736
634
60046
466
794
654
980
666
970
246
9038
1882
43966
584
854
227410
281946
1170
196422
127244
176994
748
80102
514
844
944
996
44726
207534
638
2062
433912
218846
470
808
1366
358
856
492
167954
6642
2416
884
522
482
109496
850
980
2838
1578
68
7038
497716
2078
1752
892
1726
1752
470
1522
98214
42320
62624
412
4248
633926
362
638
262
434258
2908
673338
122130
824
254
2140
20786
2118
252
238
1082
28380
90354
1326
872
12384
1200
260
2312
412
19476
490
326112
760
269906
1110
1632
266
986
638
662
115360
2444
19398
1674
364074
260130
11686
41158
270
524
362
79866
744
47880
360
924
360878
1628
131406
854
330
112676
328814
2476
3356
32718
858
730
782
1250
266
33102
227124
1870
366
91888
202924
248
415772
248
1222
900
147862
222
61378
28924
482
2194
598
520
578
670
848
644
708
596
604
508
1400
522
508
240
14980
35274
81348
2386
118602
364
265716
654
1370
530
1182
198556
185110
470
73284
16504
253914
844
382
634
360
848
90802
200852
45182
134332
338
1220
858
12006
31952
4892
584
636
256
182836
664
20648
644
230
1738
752
260
244
1826
308970
266
1670
2454
32384
818
636
105498
82718
238
484
81648
286458
498
870
81656
51858
244
728
694250
64346
14414
43754
726
228470
354
45232
1092
642
788
221112
1116
610
27516
1182
269604
53310
31724
932
510
1002
242
246
357550
1232
1130
77638
588
532
920
382
19644
16606
378
962
394
236
506
589508
37548
940
1128
614
262
242
516
1092
264
1246
698
290
728
1162
68
594
276554
256
1120
741374
242
1780
26786
262
1024
58720
680
474
304
1256
258922
502
1362
857140
174978
1322
355500
21594
2154
996
468
544
502
470
244
33740
378
328342
604
47362
1058
610
259008
133210
858
609394
616
510
41426
316508
248
388
874
246
490
590
236
260
250
1522
1634
1476
656
754
1336
546
1176
776208
780
34488
232
738
231262
676
1348
366
372
245678
260
488
427592
846
1504
3168
1000
35486
980
22764
195990
11238
1146
152476
1704
610
38586
53786
358
1948
1880
382106
24534
38246
1398
766
648
53244
3130
262
1132
1140
1136
159772
1652
386
598
1062
840
838
1118
246
594
352
268172
418
204988
730
390
478710
2078
1498
1280
229710
844
336
2578
506
874
672
99736
60272
3754
317670
173538
1036
1108
1116
612
76408
68
60396
1858
1392
388
490
1020
3316
20074
1948
322760
1084
372
2110
1764
212958
488
121246
350512
2438
574
53684
498
3712
130186
1318
522
28500
3850
486
420546
878
55952
101416
19394
1152
395872
1040
262
390
974
201958
500
209478
294
33832
388
292832
2850
1378
376
1356
75478
858
1334
251520
1370
493924
264
301144
406
484
248
423904
508
252
1012
844
258
6978
352
226538
2922
502
3410
641652
141130
1016
240
26812
2082
248
145024
1450
552
1778
843630
111096
500
97206
372
360
73382
1824
1510
364
1674
476
132794
150580
511210
908
378
1248
516
1350
1386
384
168860
1222
594
253362
224700
988
349170
594
770
108410
1132
728
370206
738
870
96432
1668
522
3132
604
578
114548
634
39042
736
12786
242
1482
1126
1222
142644
1200
386
59960
524
3526
516
872
494
251276
268086
1688
82622
1110
1338
232
492
242
274
726
1282
217230
496
752
1118
646
1320
1626
510
52134
486
394
401912
458
232
1242
414
1262
472
2786
502
618
1632
7320
868
51598
54626
378
1014
313742
564
636
836
200996
384
994
398
720
490
830
608
1276
932
690336
374
1184
250
606
356
1882
277272
264
277508
1128
616
376
358
358
17776
386308
880
366
398
520
832
24704
2352
1034
370
1036
1218
246
936
432572
272
786
171262
254
744
236
858
240346
500
856
748
1212
584
1394
1126
246
236700
184614
248
254
236
378
71678
104606
2008
390
456
252
642
928
516
396
496
664264
720
752
244
964
604
1554
30174
3048
500
218080
510
115900
188878
39148
1318
225022
992
364
1230
248
236
232
520
762
642
6802
1110
236
252
1034
53840
250
506
346
240
508
246
602
500
112888
166220
580
70
1154
388
520
384
480
492
18060
2198
5890
486
1084
317960
508
123806
862
362
92750
1624
380
522
354
702
328
362
209052
766
886
65786
1120
582
1598
1008
1128
614
127694
514
72
427542
794
642
632
73096
726
980
618
232
246
998
506
372
360
1124
260
1130
508
51290
2116
110042
103368
1378
1130
1806
268
3430
380
660
640
195176
15888
398
1156
1024
120908
518
488
388
1116
990
213934
1628
3264
980
1258
14784
39668
61014
346
167590
1832
20698
34346
360
11512
368
464
76826
1672
600
494
92636
942
1274
1878
149792
376
83546
704
2002
786
716466
6768
20218
2788
544
2390
2126
470
3898
1072
4348
4956
4808
834
3338
3780
2138
3170
547394
898
1288
1076
612
2634
1332
4928
6032
886
2492
6748
5532
8840
1920
4720
7282
2596
402
3324
6408
63264
61384
2172
3682
7782
4502
4104
1756
2108
2558
354
102446
2680
3062
4434
4742
2878
2694
792
952
3938
127142
3160
4252
3166
694
3418
2626
3484
2770
3928
730
270
4520
226
676
1544
3826
5896
212218
8198
476
4748
608
3580
1420
5048
755744
476
760
1096
6040
2238
6256
3582
4228
2382
344
352
3722
602
6436
79782
2176
3516
1226
578
3978
6820
2916
1958
6518
32468
1096
1762
4556
3706
1738
216
3088
3324
2542
6150
3218
3396
330
1930
3520
2254
5518
1512
1370
1228
3166
172942
1862
5066
1196
1088
596
2858
4738
7578
447232
1848
1494
6682
3286
826
8946
4530
194720
9250
3814
1086
3280
940
1732
7272
2812
1996
2592
982
2612
3358
6312
4974
3412
2126
3970
258
2306
528
3982
676
5610
2320
616
3352
3840
5464
1252
2302
188490
862
11298
400
1002
197548
326
1202
12708
3044
870
5218
5296
8160
268
6412
3694
1598
3748
3086
7094
846
4846
6126
17942
5570
5342
1962
2290
726
3682
1618
2312
2090
1230
1334
1090
1142
2334
2596
6626
412
1304
3168
2598
3624
7270
690
986
2524
2286
69512
2254
282480
207022
3942
3838
558
802
2186
205072
1932
8718
9960
1898
168284
1548
896
5732
490
2342
19568
6372
688
3136
4492
1896
674
3438
2098
876
52368
239126
618
1786
1722
2454
1826
244
2112
4198
512
232
1792
80826
2144
166244
1934
1758
4868
3330
5010
1888
404
3662
3202
4610
3962
3912
514
502
4808
516
480
1826
3694
1394
2718
3108
6732
2340
4244
2724
2510
6894
342
4586
3480
958
4248
2456
1478
3396
524
298506
1234
788
6360
3082
125104
4416
1250
1188
5482
1434
2414
226
2410
250
1672
224
2282
17826
256
838
7030
16748
182836
460964
5512
5086
4852
4494
31444
1934
1888
396
4460
6964
1756
970
3240
1032
2168
1738
3136
6724
6170
4408
2904
4444
4290
566
2072
716
5084
4364
285420
11744
3144
1342
3100
1720
3750
2990
2024
252548
1950
2114
3738
7900
2176
3672
1428
3756
3914
1530
4212
1476
2222
2278
1940
2348
1382
1874
1918
1242
5722
604
1192
3964
400036
352
3450
7662
1118
6020
494794
1006
4706
2866
1524
848
1342
5446
6646
2066
5886
4098
5920
3068
1234
4432
1476
2018
3998
2034
3224
3394
2568
67758
6782
1116
3290
160046
1294
1538
159568
3026
2856
1850
368
154128
2548
4934
3290
1744
3762
6720
708
3644
3204
400
758
4026
1292
914
2236
477150
574
1462
139428
2582
6180
1108
1236
8082
3842
1930
5804
2712
3448
2630
1510
360
2638
1560
6008
2576
3062
372
134560
131614
3174
1430
3432
4350
8852
828
3606
3882
84340
2210
6130
33536
585244
1828
6828
470
3162
10830
3228
6066
4688
7268
494
41324
2208
3410
111770
1988
2986
246
4748
260
2712
2630
152796
1442
5298
1626
3176
4394
1140
1556
4086
5798
1780
3578
2900
3728
2920
5332
3982
398
1140
7024
5014
1122
2630
694
2378
496
3172
512
2854
2668
697626
232
1674
2032
4262
1448
3026
2006
4722
3626
122434
2658
5466
2542
2278
4300
2934
2580
726
1134
2198
1568
119790
156342
7106
5824
2128
4406
464690
2614
2388
2792
240
4248
67576
690
354
606
3110
6378
9272
2976
3132
734
340
4108
1748
3504
2346
4922
2932
6712
466
155650
1608
268
52470
1762
26100
2730
6750
116832
2284
4242
2392
3734
2840
3982
6534
108308
3206
2784
55476
238
21538
4432
4714
2772
1276
276
3802
426634
356
1990
3692
2156
412
17802
4192
578
1191348
856554
2702
4148
45968
39844
5882
648
8012
5018
9008
1258
1018
5082
388
3816
468
5058
1244
1920
4106
1318
2218
2296
25308
5856
3868
726648
3582
1256
2972
490
97610
6700
244
3942
364774
387682
6474
282
4556
2160
500
1650
1446
11112
400
4312
1424
1728
1278
1146
3174
1642
2190
2924
2652
5048
5756
3492
4714
616
8066
606
2984
3516
5482
2126
868
2812
1152
2390
540
713358
508
4822
1474
2664
3776
3604
95244
1694
6964
2764
6210
3974
2470
5194
9128
3108
276
6798
91188
2414
5124
1522
2384
772
3188
1270
3844
3652
4286
3564
518
448
5338
7012
117320
5632
8446
7254
2956
2736
7408
9238
1726
520
3178
254
968
2256
6628
5342
862
3736
2380
5188
3834
5300
3018
4262
3842
5630
362
7516
2514
4414
9148
87870
600
860672
151782
250
400
2100
408
1030
5884
2698
1076
3856
484
5910
252
2202
171676
2562
19948
117090
2636
2730
5956
250
137842
274652
3302
3278
2958
494
361598
2216
12174
5436
123246
1984
897114
614
2476
2342
2502
4496
874
1754
3944
92108
246616
2484
2740
2422
768
2254
2640
7324
5226
8272
4666
248
232
156212
3464
1720
1554
5862
2258
62598
2112
4018
3344
3494
440
276
279342
5898
82712
1146
3526
4076
520
414
487398
2658
2030
496
3752
3478
958
3092
466
5292
810
3200
244
57824
3432
3774
2466
434
3418
3166
2090
3014
818
1656
4838
486
600
2240
3152
1908
3460
340
270
3934
7860
266
339828
2194
56204
4480
2184
3594
3636
3572
476
3322
1314
398
4422
4250
1840
768
2796
408
163160
1384
4798
19666
3826
2232
3844
960
2742
195922
3734
16614
6310
3340
3548
3062
3160
4364
4792
818
2296
7476
4062
1236
826
1944
264794
1618
6316
2918
2428
1122
346446
990
2526
516
5338
2576
5530
230
2884
3602
394
738
3380
242
1472
516
1146
4152
4174
4740
384870
2786
1486
7782
2812
1684
1092
3116
400
1192
9796
720
5872
4502
1044
2844
9206
299598
4072
3356
4530
7516
2324
3868
2990
4358
5222
1438
4474
57244
3112
1880
4058
1602
242
4174
2666
762
1768
2138
3578
5586
164790
2108
1648
5622
510
5948
408
253178
3888
496
2202
2200
4566
65102
4242
3364
3052
746
269868
7610
84080
2880
5846
5564
1178
302
692560
9580
2980
2194
910
82996
246
1144
522
525476
5132
3536
4528
13924
1512
3340
9570
7772
6666
2430
3168
3478
6146
294
2098
3516
162180
3394
4496
5004
3434
1986
360
2454
1510
90192
6630
3540
2928
2240
2568
1750
2656
684
3980
3414
3028
3278
311488
3056
3288
47432
3634
3054
1192
2644
1876
237114
6642
2306
4018
3572
2434
1406
518
21708
2974
2504
2414
1460
396
2432
1788
803450
1334
1068
3718
1924
5706
3230
2396
1412
5968
2400
7752
2374
399862
1972
2930
10316
3190
4370
1652
490
6398
402
754
2346
2098
1386
287158
678
1762
4606
6032
728
3436
6450
3628
6550
2294
2472
449388
1920
4794
6148
6008
1638
2202
38566
3652
2720
2514
3148
4748
634
4440
1998
2746
622526
1618
2362
48106
8116
3292
1270
4244
4332
1728
1558
9306
3448
5172
1234
918
50486
2662
630
2102
2098
1620
2308
204418
1406
1618
2468
3078
2486
1788
1538
1810
3446
2044
2462
498
2592
2266
1556
2686
9846
50162
1232
4544
3954
804
2072
594
5752
398
2718
2190
3410
2912
5894
4788
1774
1554
1052
1302
1564
5528
2168
9286
5798
9230
5608
1130
4364
426
2838
5262
39820
3052
5112
5116
4796
4976
4366
406
264
2790
6720
2950
2180
343508
3140
2504
1642
482
616
5064
5164
2238
514
6336
596
45148
148334
3774
4618
2810
2742
810
628
2572
1276
2192
490
4286
9678
2008
5356
24466
3098
696
2908
2804
5224
2680
6380
2630
5832
7180
398
3448
508
2370
842
5848
1880
1248
502
270
2094
2192
1186
3690
3080
2916
1396
512
6516
948
4726
3264
740
8304
1806
2626
2376
7864
880
298
3734
2884
1618
6460
276866
954
2544
3912
424
1422
1000
4854
1114
4922
9612
1072
5642
1248
4462
4310
728
396
3692
256
2366
4550
2284
3942
5770
7192
5306
7250
1120
3918
691630
1600
8160
398
2640
3212
2194
4120
318
638
3586
2472
1734
4894
11702
1526
2828
1334
4052
676
2102
400
3456
500
3984
5780
478
3746
2380
2244
2714
1018
3054
8812
2764
3658
1236
414618
1844
1792
2126
7000
519772
1338
2150
1842
664
4846
3290
297478
1270
3330
3876
364
2514
5144
4652
3844
5608
2438
1806
980
2154
918
1072
3570
2528
3124
4738
2310
3214
3330
2188
3508
4016
1584
3578
2796
3834
880
3880
4698
632
262
270
196572
518
1540
3588
3906
2944
482800
382
4262
34398
4938
272
952
4584
424
3952
9664
832
4116
676
796
3466
81116
1918
262
2738
2450
5900
2754
360
872
792
2240
2830
2242
4132
864
988
974
3056
396
3940
518
1802
2990
2042
3896
6546
169328
2892
3160
3332
5920
396
3814
1380
8086
1094
2744
4658
239768
3774
915706
4554
3282
3684
11676
738
500
4076
2494
6592
1908
674
2240
3278
7014
8162
1384
3368
6564
3702
3600
4296
3330
4212
5062
3594
4236
2718
5340
700
1688
2642
424
2592
79298
1330
644558
1860
2056
574
1252
2656
1584
2376
410
4520
7358
484
3164
1194
443646
263346
494
2512
5704
676
974
278
3606
534
3856
3502
724
5730
1400
2208
648
6096
462030
6696
8992
7650
856
3446
4584
2104
3712
2346
1364
1186
3042
4252
6364
602
2708
1012
23058
528
5896
3662
3340
5184
1104
1232
4806
246
360
266120
398
23998
676
1840
3576
3440
520
492
748
5020
4304
14242
10636
416
1668
294
3978
5468
496
1870
754
1048
2424
3708
1132
1972
5832
5366
1412
4578
1688
3116
4018
2982
8176
6648
3420
2806
410
5482
258
2700
2072
606592
5286
274
1902
2726
2792
230912
284
2778
6350
2056
5768
75394
2064
1306
2710
3146
1948
3208
5648
1016
1402
4256
4278
29508
4274
4828
12770
2208
4228
2768
860
3988
1254
1512
2964
2014
1576
4806
3088
1160
5396
542
962
3280
2778
202296
48430
2640
5162
1988
1844
3848
62694
5378
6260
542
5524
2186
4550
3224
104286
4952
3856
502
2462
4706
1304
2612
252
2844
490
870
4800
606
284
124150
3364
484
4938
3038
532
270
1454
5830
7554
7804
502
5662
5424
5918
2138
1380
714
746
52312
6872
2204
2770
7148
4556
4260
1360
2058
1282
638
5112
7028
426
7764
5222
2634
5214
2786
13326
2428
3246
11968
1094
3178
1626
786
2918
32350
1372
4614
27278
451850
4654
3078
2044
1066
6500
4066
5500
2246
3888
4602
2172
8964
6304
4064
181610
2920
3582
5108
5348
89076
8416
1416
99118
6958
1834
3750
137014
2724
400
35348
4806
5086
3312
480
4036
692
858
1884
556
542
2904
1290
3800
6140
526
231646
4518
5690
3158
2364
217546
50122
7480
2158
3224
2882
874
2924
3100
113340
4274
3286
2886
1224
414
484
1518
1018
3324
2548
2286
2818
406
2600
4112
3872
30700
3314
1516
2402
85014
3678
3304
1090
2124
2204
8420
2088
3614
2026
1520
2398
3356
3398
1440
6068
428
5060
402
5874
3184
3858
790
518
840
3990
4226
2060
3924
678
3700
5110
1202
14498
3560
2658
66730
2458
3998
8988
500
242
3512
5878
596
2814
624
3690
135828
89448
1400
490
181526
3774
2908
1646
2802
3062
2030
3490
3142
4950
5092
7284
1930
13294
1416
1958
4092
2284
2212
1898
37774
4112
896
3392
6288
90626
3328
1062
1926
1182
218680
3900
1138
528
99378
3278
734
2096
534
7074
3878
13450
2734
2142
3506
3298
4350
2904
7790
3426
3294
4482
544
498
3366
4694
2218
3104
4380
4760
2376
914
606
3524
3926
3526
4542
295092
2828
5500
154502
8972
73826
5602
389646
1146
1696
2386
3866
3224
3336
2442
2670
1108
400
236
436
3378
3980
4774
2960
4184
258
8230
2290
49728
518
453206
3876
4574
3412
2408
2504
106304
793900
314
8966
8428
342426
3798
7834
199258
1454
246528
616
916
1004
1148
474
2206
3680
2774
2736
630
11264
13684
417230
980
1088
2242
26730
4204
4526
2052
4828
3266
630
1630
3464
1874
1874
109230
756
726
2770
6308
1280
4144
4832
3640
4666
2264
302370
2212
2810
51946
2738
4430
492
2818
1820
4392
42978
11130
276832
2560
2576
2282
152792
1042
2192
5464
2948
93024
3914
378
2166
5148
4054
4112
3578
87510
5762
1998
2028
4016
1608
1166
4326
444
1140
2056
578
1860
5152
1236
4310
3886
738
3540
1122
3252
328902
1870
1086
400
917982
4048
1516
758
274
1594
242
398
148448
956
2842
7060
262
4820
5776
992
6490
4272
6956
272
4504
6502
2246
418446
3602
2230
4220
207468
5618
1922
3790
390
7510
482726
472
772
2016
5724
3204
1508
2744
1432
2326
2880
2986
858
258
1406
1062
1868
392
570
1022
4946
2036
4618
1316
356
218
1904
2620
414
892
1674
3446
1216
92240
3198
2426
2798
9064
217872
5890
1908
10106
551616
3778
94146
4802
7594
1818
5146
6376
2744
1780
11702
5668
3198
3326
2484
518
5186
954
1094
2194
2590
2656
2440
782
1960
7958
854
2948
31034
362
3562
588
4436
348
4490
3488
340
770
400
63754
1098
148898
6412
2038
4202
386846
10488
3030
5060
3282
226
7554
638
618
1632
3494
11542
2742
5730
240
1236
14002
2788
3456
1538
812
2648
2902
542
510
2358
874
1714
516
1342
4368
258
82966
78598
454
2216
716
4616
2840
2492
5006
864
2272
2354
604
2832
898
1580
198512
2330
1190
2476
4638
582
2132
2752
6970
6526
486
266404
61210
3276
410
8282
1414
9752
1714
3086
4784
7622
612
125380
9646
2018
245998
1096
46904
1314
3224
1526
2336
6174
5104
3140
2976
5526
400
4348
3542
2208
638
76148
1698
4496
2990
3342
3726
2816
3414
5238
3370
1960
2158
248
604
1734
734
1804
2292
1362
1708
678
6562
636
3730
136104
2406
4618
252
2090
1900
4188
8952
1678
2846
2138
3374
1234
5328
1380
25496
3696
242
3670
232
240
558046
3016
1260
5436
786
5236
1840
3090
1614
5264
4004
3472
1270
6222
3952
2166
4404
3440
3188
950
2680
2466
2940
4582
614
3164
4450
268
4452
2632
2938
205952
1218
2666
4198
3102
1688
2604
714
4330
7736
1658
362
728
4768
77058
5590
834
2738
546922
200430
2762
3388
5670
528
3192
1576
1654
2106
1196
3776
3394
2860
3212
2500
3016
5742
8816
339788
2896
362
4412
1836
1676
2142
2514
220
9676
2234
6958
1102
5010
4406
346
366
3698
1126
3960
230
116002
366
816
4270
966
2896
3110
4970
5186
1856
1494
250
1672
1646
2102
4384
2808
3652
1774
207544
1310
2130
2006
4712
2508
3380
5694
608
1258
1338
2746
1908
4656
193664
2202
2698
2954
2526
3572
2102
1034
1830
1710
2340
2786
406
420
7124
93712
3504
54708
256336
362
5728
2066
4800
6070
6310
1016
490
2374
548
7040
1324
3792
5876
14060
2772
3108
3154
1398
6332
1626
6298
4450
714480
2514
1074
1842
1792
1930
1490
1808
64220
2816
1510
6226
3322
2614
720
1064
3538
7162
4690
5582
1190
2612
2638
132276
7622
2038
2390
1776
1098
3440
410
740
2436
1970
857738
1794
2430
360
2002
3914
6216
417938
812
3520
2902
3316
1512
5852
3844
2502
696
1936
220
4204
29442
468
3130
3190
120090
4108
3476
3060
1858
4564
3200
5930
3214
6808
1136
2802
130544
3836
242
5582
3474
273378
1600
1754
5178
2226
130598
3796
8930
3512
898
261192
246
5618
21226
1348
2308
3320
1514
2516
3106
676
632
1954
3016
1098
3116
5818
762
840538
3512
1818
4454
3226
193304
234
1896
28772
1562
2274
3982
832
3998
4864
1586
1210
1842
2904
2146
472
1244
1002
1938
2222
1282
2408
2362
2732
2250
2290
5912
1342
2158
3786
5596
4528
3370
255058
2848
228548
396
3978
3192
998
638
2020
5786
1898
1200
2236
87690
462
3558
4768
790
5658
113412
3172
830
1192
2988
3026
1876
1720
2512
186684
4360
2346
115412
1608
2310
2164
3966
2576
1408
1148
352
644224
2302
2506
105880
2298
69092
490
1274
3768
2744
1982
2002
1164
2060
1522
11086
3264
113296
480
1900
1232
3900
3876
197652
4228
2824
6330
2730
4636
918
634
225440
394
598
3432
6668
880
5114
1006
998
99780
326
4280
518
706
3710
1900
143376
220
458
234
1678
105158
8102
3202
498
5018
396
256
3770
264
66670
1380
8630
5396
10516
776
18056
772
4872
494
2646
2172
272
6900
360
98604
908
183460
1642
4974
66202
958
5646
762
75112
4114
6840
502
13438
3570
2394
3788
5388
472
56046
322
2492
1166
7866
616
3632
2468
238
4114
330
1382
1966
966
4520
822
3598
498
4506
6952
1618
880
8508
7736
2538
4126
4544
490
2516
36578
5668
446
486
486
540398
232
516
4794
1596
2650
1472
6700
5808
7088
504
604
3684
102758
476
133374
7028
1512
1474
6240
10482
2846
128834
1234
4960
2564
2218
5556
14976
3632
1188
354
1296
31584
4098
3144
1988
4114
4430
5078
36236
6518
32648
6682
5498
3146
5498
4418
1832
2734
5360
3270
664
2016
3436
3860
596
476
4090
3094
106846
746
488
3964
1754
235286
188582
386
678
841144
1242
4568
850
3054
988
3154
224212
868
6616
2742
1130
2180
1970
3884
408
354
778
1354
3376
2732
2472
1074
3578
16506
3086
4478
876
578
1828
3604
5252
3422
266
1806
2260
13600
2288
1398
214
11380
1560
4220
782
746
2798
1132
1874
25960
590
612
2298
900
5080
5268
19782
2048
4174
2760
3392
1268
562
484
3552
616
2962
478
2234
964
8058
730
846
2750
10528
3562
746
6664
1584
5864
2888
1852
5518
552
362
430
1280
6084
2022
82274
69596
270
57822
1206
1152
188328
2686
3130
1450
476
1092
2622
2180
882
1538
5630
5532
2492
24814
451294
4472
2196
4952
1750
612
1376
630
10892
2662
3212
5296
548
3882
3574
8846
3806
276
220
5378
28624
1952
3734
295924
984
2444
82034
154320
3028
732
1266
920
1224
288
240
4206
2608
1842
1688
252
484
4506
1996
718
3048
244
1042
2258
4158
6282
3666
380
3694
398
2506
2054
246
2872
3436
280
13788
2644
2454
4804
2600
752
5832
2616
1964
6764
200480
77422
3316
1552
3786
3204
394
4440
3266
6566
1240
49390
3352
5832
3256
3076
2006
364
3324
127006
40948
2212
4306
1546
360
1108
3148
1620
226
3336
390
240
740
1326
2962
4230
4102
6374
642
2730
402
3592
6302
3806
3848
3754
3016
5530
1910
1108
2646
51434
3504
396
4090
4170
236
4186
2976
1288
544
1444
236
80094
2262
4594
266
2440
834
260
472
236
8680
516
1304
10958
4020
1134
678
2108
6226
2230
392
3558
2302
4798
728
6828
2004
952
5188
3718
884
7422
332
3176
132012
4308
616
612
17302
6954
3634
6026
86832
2858
5896
6240
2336
848
2448
225780
2276
2604
840
2434
293954
6184
167886
1048
77440
7988
484
343106
19148
10396
2676
358
3166
1114
1680
3444
3272
1652
1250
498
4444
3294
5508
4120
6164
560378
174112
7128
4630
1542
3572
5244
9258
6712
998
2796
3636
7002
3914
1528
2558
1728
1146
1440
2414
2442
1402
1258
3440
4016
8414
2130
2732
9638
3074
2772
6132
454078
415238
4262
1290
1094
1876
2562
4364
1350
2386
1640
398
3384
1946
3388
3948
762
3980
6414
2556
676
3226
402
1888
966
8006
116324
2878
3920
1466
222936
3692
1228
624804
77568
171848
980
4760
3494
992
3518
3214
4110
3802
1590
764308
2652
5228
368548
1346
1390
976
2480
362
1412
1462
4818
846
850
3332
3894
1232
2906
1094
2296
6070
3254
1952
2702
870
2388
3426
17644
2630
1708
2778
6038
1530
4420
3764
2104
92706
1960
4118
3238
1392
5266
3622
3240
3892
1944
232
1430
2220
2060
550
3948
1098
1580
204042
3064
5622
1300
4518
2014
3560
1472
398
2588
7150
2946
2570
3446
3898
2804
1060
6112
101406
1330
2552
1928
1790
1552
2812
300
3540
2658
1696
1984
676
4304
2288
3216
608
4622
400
1554
1834
1174
6574
5832
7458
3186
3368
2490
4540
360
1382
3802
2876
2512
2568
1970
2398
5846
3190
2662
768
2688
867226
209082
5078
1576
500
1648
6220
37572
1426
3522
3704
7692
5000
3350
734
2208
3180
4082
1844
2900
3812
2114
2240
4814
3526
34542
2408
2450
3300
3150
307096
2060
3398
4996
598
2996
3092
2068
4878
4656
3350
498
159532
3636
572488
4574
1960
7456
3614
3664
532
3636
5298
210644
3460
24336
6356
1922
2380
63664
2202
506
4932
1468
8084
1834
2292
3726
1116
4050
82244
4756
6858
4258
262
250
2604
2938
3298
141614
2540
2650
1960
2580
2862
4876
814
2910
4858
2204
3982
173874
4598
282
1922
2010
914
3470
4336
220
5288
1072
2598
5450
762
2584
3938
2334
3106
1382
5922
350
2196
224
468998
1658
1358
172470
6064
5188
6590
1922
318
1746
3092
2056
3248
300072
2992
6390
24090
5660
1934
5938
456
2180
6782
192460
1494
1188
596
312
3800
396
1390
398
6974
5368
4734
4018
1842
311286
402
832
3306
2714
1548
2270
3748
1220
6856
278
1958
4466
6186
2860
293110
484482
10054
3426
1678
3358
1008
1734
4782
792
4076
6422
2078
205268
2864
3464
7056
2560
1928
2426
21542
3016
582
7236
18774
57620
68842
11240
394
2140
592
350
3250
190214
532
1468
3090
1738
306
7072
6078
5022
436
1940
5390
30222
1080
1806
4354
6286
2460
1532
1072
76000
3044
3398
1342
2880
157276
4220
4528
2712
2952
3774
2968
3970
6220
4154
4902
1906
3550
2022
5356
2852
1736
776
1898
1000
5466
1464
232
1196
2250
3256
4758
642
1652
4442
1864
11058
5562
2080
1534
117802
48264
2918
748
2982
832
8842
760
9758
464
244
3644
714
1154
3214
2692
3326
1034
2426
3316
4956
26174
238
4574
7940
357296
81660
8260
4992
4866
1580
4294
354
354
8062
4578
3956
1426
3678
4744
8642
392
256
4586
654274
1718
1230
3732
544
4656
163806
396
6008
866
1334
3472
4712
536
238
1514
3890
36898
3874
1848
276
1286
1804
4404
6600
1900
9506
240
3954
732
368
2458
5844
2738
1190
828
8110
4636
3904
10538
4300
6254
1850
1380
262
5148
408
4052
5748
496
154438
2248
5154
1416
87610
1816
3198
2824
6390
758
77082
9430
3808
2868
3478
248
1762
10286
2264
3562
3292
1346
4654
1064
3990
4910
4134
2392
8436
1064
3786
540
5106
70324
5346
172450
299534
546
2370
7050
52630
1008
6968
2468
6274
6974
4106
4856
3384
4204
3710
2946
3584
4052
726
6336
2778
2528
3102
3922
350
268
142666
25906
97558
100844
4970
248
1064
7068
3348
4860
5102
2790
4102
48734
4436
7924
5662
9674
5404
6076
5684
494
2328
1688
1946
196510
8492
219952
2910
113026
3560
6430
3028
290066
2272
28036
5524
4114
188316
2968
1064
2896
5624
1612
70196
3560
766
548
476
4006
3322
4262
323900
5586
606
420
2322
688
1862
1876
2922
1268
128970
2032
1182
5724
2104
402
358
682
496
480
3452
674692
3942
5724
330432
266
1330
3054
1356
862
1938
9028
3598
710
2988
5028
363094
746
6052
1442
395000
147876
5264
8126
1866
1706
258420
5980
3094
1244
4680
3470
592
2278
354
258
1528
2338
540
2520
5174
1734
4800
4634
716
3948
8666
1688
224
532
4100
3504
1984
3480
4184
4472
3580
278
2660
3748
720
1502
5908
254
734
3176
503546
7880
882
1534
1304
1784
3860
248
2068
3208
1466
65936
5656
3460
1486
3626
3830
720
1932
8096
5062
1770
3576
2550
21154
258240
236
5472
602
136652
10696
6434
532
3512
4750
3532
734
8854
3878
1692
1426
4750
7314
1672
3342
56826
4228
8414
3656
2440
2808
500
4290
17712
2886
1848
1996
184756
6860
742
2638
4454
2938
3140
4836
379316
1784
672
514
3624
1584
704
270
1868
584
5628
418
1120
3322
3824
103642
3416
2634
672
484
2248
2622
2352
4230
4298
250
134332
272
3946
1140
240
1596
37662
2076
2120
8782
2188
2584
1088
3116
3388
14986
3244
680
59518
768
3550
1276
7856
1242
101808
4056
3386
4590
1510
4866
1374
3576
1998
124840
7236
1576
524
554
3216
10860
423662
3120
3548
2346
3232
3612
212440
1158
1140
862
3650
4798
1936
3126
2762
5136
7046
2786
3830
7978
466
36528
1658
758
4636
5382
15550
3396
5456
284
500
2044
2028
526
165800
5218
238
2822
2520
4552
3232
3164
1306
3556
1874
31362
246
842
2424
3046
3422
1320
268
1442
2744
760
36392
1234
130070
749530
3284
3670
1724
2208
1660
848
354
1352
1550
5884
7430
1414
3186
2858
429636
3188
2556
1182
78950
2176
4826
606
1570
422
4444
3678
918
2424
1026
1010
1410
1126
2678
3352
2700
1172
270
3142
2044
9676
1610
187832
3388
3022
868
1514
6382
2272
2166
2554
4998
2080
1784
3216
3098
1348
1588
2348
3960
3402
2834
1760
6776
2988
3252
1770
2160
942
3076
5518
6026
1918
510
234
2232
852
3644
3248
2302
3572
1856
2630
1130
1346
1508
5392
2272
508
2476
610
1498
2808
2698
4306
496
446072
4800
512
4702
166156
1294
5506
4220
512
4828
6140
2312
5822
195698
2540
404
826
1066
606
3890
1238
1030
252
850
1854
4020
8566
2916
1522
964
4268
2848
1446
4482
620
3090
904
2582
251668
19064
1466
1180
4516
6394
2040
3148
10262
678
402
4782
3214
458
1436
3614
311568
486526
1524
870
298698
1938
1944
506
127770
960
3140
838
10048
2756
602
5274
6698
3666
2336
4050
5128
2456
626
856
5738
2374
1820
2964
276
1774
2600
396
5782
4966
4014
226
620
1270
1666
340068
5632
358
63530
1844
2626
2678
4080
3066
1564
238
486
2184
4864
7734
480
5532
3098
270
1470
4916
488
4466
3950
1276
2770
494
7380
1590
4514
238576
289800
1098
246
7066
6180
9834
1174
2606
1078
478
1110
3818
596
238
2458
2182
3408
2974
2698
7026
2126
3542
2618
2072
297976
1862
754
1430
6060
1768
598
608
187280
882
4212
3962
888
4856
2056
1928
2854
824
1194
270
2206
16960
4436
1746
309534
698
2374
452
238
1986
748
19290
3284
3260
1610
2312
4646
3806
3528
2382
2506
4158
236
1430
1552
1254
3008
2250
770
494
2298
4872
1958
3158
502
42340
360
3752
822
1594
1464
4360
1372
954
3994
226
1098
3884
219206
3292
1064
3820
2728
1308
1244
3844
1450
4458
5078
1306
258
4150
8446
5252
3156
3288
9904
3438
1612
5064
2440
2758
11298
3328
3396
2100
5532
768
18400
3226
952
775140
51664
3446
2194
734
42146
498
1066
11192
2638
1064
2832
24156
2240
66266
2778
1256
4070
260
2242
189138
1496
1654
5086
4012
2424
924
62778
2228
970
104472
3108
3406
778
2902
3608
4436
603512
2572
1102
826
2464
3998
516
6100
4530
5296
404456
4288
4110
1128
538
8418
3500
2446
9038
1420
3702
7336
3182
1968
85868
6182
1142
2230
6488
2950
3054
1722
4040
684
478962
5458
914
238
2322
2500
3828
3910
2398
1652
12740
1512
2210
1272
1808
50452
478
608
1232
4834
1736
4400
4274
3284
3650
1124
501618
2256
158432
534
366
370
6278
7152
8964
424926
920730
506516
3974
10838
6704
1356
3292
588
5770
1084
76940
3236
4214
115394
400
3266
5430
8318
1112
2428
2256
526
337552
203970
5508
1140
5522
3300
4524
882
1522
1166
600
6714
1698
8046
3186
5236
541178
600
594
600
4760
1700
1118
5318
3760
2202
6562
116002
2184
4026
1654
4780
5290
6174
17480
4100
4436
348704
4360
163346
2350
5840
574
2068
3768
402
4084
1686
22330
3452
266
1096
4356
7870
5342
5798
5752
1050
3626
1652
760
2376
333792
7992
2856
1736
492
6358
4026
610
392
1756
5216
1874
9566
1984
1980
200808
7072
13948
4914
5562
2816
685678
4394
1594
1040
710
90774
4050
5084
1514
6024
136658
250
486
2092
4436
8246
742
5762
4532
4560
349192
232
19612
2324
4078
540
2110
3564
91322
4312
538
2512
6994
478
1108
1194
1304
1010
9158
8494
1952
420282
5150
5338
1392
2334
3790
778
2992
870
3008
7232
1374
2810
8544
4190
7932
2870
1218
1642
1346
254
2254
341338
450
1340
3580
68344
6398
2698
218
2248
3096
3202
6820
2138
3000
3526
1570
1184
2890
521694
6334
220
1588
1546
2782
4142
820
856
1558
344
598
1224
4276
864
268
1416
2842
5142
2204
5388
306438
5012
3060
10886
1202
186086
1108
632
1426
1828
78760
2542
2316
11156
2508
2388
998
1126
3252
2534
4158
4852
1908
1748
476
1790
1752
2750
1554
3256
2782
3710
4672
3682
252
360
1090
4566
5678
1076
262
10160
5932
990
2976
8442
278
1990
183372
238
6526
3420
1082
988
7348
888
980
6044
4472
1136
1614
12210
287596
760
3038
2370
6120
5944
596
2586
518
1908
3242
3212
73552
1740
770
1566
638
3530
1326
5988
130792
2150
1880
628
2978
112034
82114
3072
780
1262
2458
1276
2484
4430
684
1694
3092
4220
914
736
2400
7766
221024
396
2476
113934
2586
7238
2180
1144
272
6066
2536
185566
4066
5026
3338
1274
884
1530
2440
1766
1888
288806
3796
75792
153420
3184
2850
3428
2072
1302
604
14472
3132
508
140556
2600
776
1702
760
820
1280
4050
3820
436302
772
3554
2104
81904
2628
205146
856
257720
398
2692
2252
1062
2092
3874
361718
5714
3070
2750
1616
63782
3096
3378
348
2664
986
234
9418
952
2908
964
1556
3998
6298
366
3028
98582
728
4326
6834
4012
1654
239934
486
4928
6416
1736
4866
496
1952
83664
358
3188
6422
870
289944
2536
2624
7408
2702
1370
31796
1630
248
5984
31924
5324
127590
1158
3028
2156
4236
880
966
1550
4680
5412
596
6004
1658
3350
1748
2884
3928
244
490
2478
731516
155798
6496
2098
922
3632
354526
2444
5352
4102
4860
490
3540
3628
2194
568
510
230168
502
4992
3128
38364
3988
164868
3872
5532
3696
5820
510
3320
5694
498816
5534
2034
5876
2538
1710
976
258
270
482
3282
3024
3540
2896
3096
858
1474
3160
1198
1188
6640
6148
2656
1652
7314
2518
3462
1748
960
1810
4996
634
1856
10906
2634
2832
3250
1912
7786
2168
1612
1344
2120
2248
2650
3216
140954
520
402
3864
464
704
3432
1962
530
2508
1990
51786
726
550
4060
7608
4320
398
2586
1472
4550
2100
4472
4082
3618
103404
250
954
2824
436
8920
354
3964
1250
55738
2100
4564
3748
232
4366
348240
1276
476
7872
1652
1688
451626
5516
8724
2042
69278
240
5752
2732
2098
94744
3766
3590
8048
5546
3742
3676
1504
410
1512
2820
402
1554
4986
4930
2554
1930
1926
1848
2042
2820
5368
5694
842
1180
245246
1930
2608
25092
2968
4528
2376
266116
1674
225646
226
2446
3026
593092
4188
1936
8452
1458
1858
2114
1004
4154
1578
4550
1956
4346
876
504
7570
6702
238
85156
824
1198
494
4080
27548
3886
3060
5266
3056
3944
2408
396
212034
5036
6996
364044
1842
912
396
4992
3790
1744
590
169942
32984
88880
1060
2084
2986
1520
340944
1856
1804
4668
1402
4760
2354
4964
48896
2272
10012
3178
234
7436
3230
628
402
2518
115666
3318
4880
4678
416
246
2136
3330
9044
1194
4568
2170
1866
5826
478
4114
4976
2688
774
3178
7418
1618
54730
1612
5734
2668
2224
29596
5326
3122
1076
530
5926
3110
184224
2410
358
3510
2396
406
730
2848
224976
1236
616
3828
632
2398
3716
2646
748
1724
1592
3936
5124
752
616
5494
400
2250
2130
3460
4352
2418
1086
616
2224
2590
1370
640
3252
884564
3050
274
9890
3128
1350
966
3622
1814
3218
266
3410
9938
2682
400
2540
5360
5382
544
2588
5516
361900
2942
492
388198
822848
1354
3712
262
1642
149272
2116
25168
400
93472
1220
2786
8770
3240
1392
359722
805690
83594
4024
298
1678
1778
6882
2992
201658
606
748
240
594
2802
39738
1498
6172
6380
1504
2754
3702
1598
952
2090
2150
10076
4206
274
4230
6232
143726
1124
3000
2272
236
9138
598
3600
2096
6140
7268
1690
3190
157334
3466
3304
2046
3902
3344
1534
291932
4942
468754
4426
2482
1814
10700
1104
592
2064
458
55218
2878
3046
250
7742
1754
2828
1342
5522
494
23006
2906
2454
2244
8968
62428
2010
398
3316
3128
2790
2942
6410
63200
2370
10480
1642
3816
1672
1760
3032
1932
576
4120
5852
490
286382
2478
3762
5262
2698
9646
266
1336
1344
3540
836
3614
4232
2846
3386
5540
686
3580
2768
4654
2686
3712
450
2238
4806
2390
9418
13182
408
3198
4456
3808
4706
9600
1410
1832
6696
500
490
1866
359366
5532
3302
1050
2700
1194
1350
161102
1502
2910
2924
2030
3196
2348
3100
1318
3084
3652
252
4854
225666
3282
3152
1976
1526
400
244
2748
3040
4578
2750
7914
6328
10118
1130
3628
2514
338090
6624
674
262152
2260
125676
3980
964
2378
394
6990
4484
8940
2474
5804
396
604
5574
3446
1232
1474
1316
3568
792
3036
4146
556
396
1752
1814
4530
2576
2420
3874
400
2134
5078
1824
5736
2844
88960
15356
496
392
4134
1822
548
3564
754
1376
5874
6298
3630
7632
1012
1314
412954
46868
228400
1192
3972
694
5288
7676
5952
2768
2868
508
9208
2208
432180
500
264
2470
250
9154
5174
203664
1194
6430
120402
1372
3154
4702
3190
3542
858
1542
4336
604
6686
95428
792
292
2118
3444
2372
2016
1422
282
4814
3902
1886
6858
1898
1252
496
684
7784
3992
1706
64816
1594
300
400
1682
418
1728
3792
2294
412
1138
2182
3564
4358
506
2050
2292
1736
223746
3322
7672
2630
6568
2292
398
2570
1506
2884
6596
192942
1142730
3948
192324
6140
137920
472
4578
266
282
5348
2932
1666
1520
1858
161076
4006
80332
1990
2228
2310
866
1342
175664
2330
240
1838
11336
384
4786
79394
1700
410
576
4076
4458
740
1346
2732
112126
478
244
1106
142158
480
339258
2248
147020
3402
3400
248
744
3538
5844
7522
3772
140776
3682
4006
6794
7268
1160210
6914
1316
3100
228
7146
394
2870
3524
3722
10872
3750
20264
1556
2812
5836
4558
3394
1302
1866
2354
2334
2896
1992
3694
4392
404
2844
4090
6058
4894
247772
3704
478
2140
4442
3608
48144
620
3984
2006
4292
3720
4432
394
189552
2900
2558
1070
3850
3712
2406
280490
848
616
2302
1078
3946
1556
5360
6236
3990
2538
5212
207690
398
4982
1348
1670
3074
5704
1876
4296
1450
4760
2838
2742
526
33478
3222
39540
7232
319432
2786
2820
3334
4384
822
3086
3554
117800
358
626
12548
1860
398
129414
53548
2662
548
52850
123598
1416
1838
97836
1414
1228
601172
7242
1200
5378
2704
492
4944
5080
290330
1176
2830
1792
3400
2210
4952
93804
83820
994
3654
2522
2608
3938
722
155894
6928
4808
5918
49368
3742
4134
2566
2236
445932
4144
238
680
1434
1786
9094
2918
115948
492
9290
3644
1302
2498
506
2416
15532
988
87804
1076
2842
2420
1006
5700
1514
1578
4494
514
3868
582
778
3758
144574
43634
772
1766
2808
1434
416
5836
2192
742
356
2004
6976
2372
12402
240
1207316
1992
86010
2172
514
1672
2370
2914
3974
4374
5678
253082
54880
2910
396
83734
732
1990
3470
3816
5892
13962
1248
8392
6472
1984
494
1906
2652
3604
7010
7378
4860
2632
456818
510
1934
6660
5262
2530
4092
14902
2648
2482
2186
4406
11920
3844
532340
1552
209358
10750
3500
412
2372
25878
1560
3636
1446
69866
3650
11792
400
2128
5530
78782
4290
4190
7252
2914
676
8846
5106
82472
4798
592
1572
3490
241406
4976
1706
1784
18632
31472
6870
83510
7330
437676
1870
1048
117662
88138
5632
690
520
2932
3780
3762
2464
6088
4702
486
306778
2504
2822
4868
4118
4116
3312
263090
5336
384
5432
2022
2524
540
502
176070
394
33260
1964
1798
10624
273712
2230
4686
738
240310
2444
3122
3630
6242
1550
2678
206174
13026
4002
672
2558
1354
5612
121534
1642
3334
43514
68094
1556
12640
370
463638
250
2084
470076
3932
3002
1844
4952
67590
3812
3212
506
158830
2022
5248
2030
272
2522
5532
680
1976
2138
54836
254422
71424
976
392022
2010
3356
464940
4012
5186
4770
