11111111:111111100:0:0:0:0:0:0:0:0:0:0:0:0:0:0: (total 15)
0 4 8 12 Thread 0 going to cpu 0
16 Thread 2 going to cpu 8
Thread 1 going to cpu 4
Thread 4 going to cpu 16
going to barrier (cpu 0)
Thread 3 going to cpu 12
20 going to barrier (cpu 8)
24 going to barrier (cpu 16)
going to barrier (cpu 4)
Thread 5 going to cpu 20
going to barrier (cpu 12)
going to barrier (cpu 20)
28 Thread 6 going to cpu 24
going to barrier (cpu 24)
72 Thread 7 going to cpu 28
76 Thread 8 going to cpu 72
going to barrier (cpu 72)
80 Thread 9 going to cpu 76
going to barrier (cpu 76)
84 Thread 10 going to cpu 80
going to barrier (cpu 80)
88 Thread 11 going to cpu 84
going to barrier (cpu 84)
92 Thread 12 going to cpu 88
going to barrier (cpu 88)
96 Thread 13 going to cpu 92
going to barrier (cpu 92)
Thread 14 going to cpu 96

cpu 15 cur 15
going to barrier (cpu 96)
STARTING...
going to barrier (cpu 28)
STOPPING...
Duration      : 10000 (ms)
Acquisitions  : 10268355
6344
276
5042
3278
5034
3256
972940
1134
3326
3070
1614
3988
986
2456
6862
1478
2678
1302
8282
1728634
3466
644
232
1584
3632
2510
1644
1702
8626
2750
1456
2994
2836
305552
2986
1226
3726
1160
7330
5682
3622
2160
2114
2590
2292
2184
4580
350
2232
3786
10394
3974
3512
2826
234
880
5322
5478
5504
1658
3184
5062
3558
526
2262
270496
5990
2148
3032
2296
3798
1692
1625574
1800
4294
336
3160
60266
4384
6222
5630
1836
5314
1628
5120
6120
7900
544370
5190
5134
3904
282
254
5806
502
2866
2884
1010
1890
2500
9586
676876
1866
4088
3628
2670
10776
89218
5032
7122
4466
5750
3364
68764
2461588
55936
10278
2878
1068
5140
1068
4866
8594
1422
3112
5474
3240
5928
3562
17538
3140
1848
528
4754
8034
5864
1582
6244
6150
195348
5084
906
5182
4116
2184
1818
2506
614
4714
3660
2510
1404
3056
4504
1548
2702
3006
2078
4980
448
2250
3868
376
4600
10232
1612
4218
152670
3432
1912
324470
4270
3320
7400
9872
2484
1778
2034
6724
1038
2864
758
2586
297218
4806
224
3060
2770
5462
666
3144
1976
1644
279050
3946
771210
1660
3238
4282
2038
7048
3780
2388
211920
3124
526
5938
918
906552
398294
6764
3312
1794
358
8402
4154
2756
4666
2396
3750
4542
270
5410
722
3756
490
1206
1245502
424
1906
5762
4432
2784
315582
948
148266
1522
5152
4042
1406
2996
3634
2208
7940
1228
6332
104214
2916
40448
8586
1308
272
379220
439958
972
2172
4692
30258
6246
510
3072
3924
2846
2554
2546
3088
1014
4332
2318
902
1886
2402
6078
3024
4726
10302
2134
570726
738
1914
2268
6102
388
7260
482
4874
834
972
5286
2114
4614
1982
4640
496
868
4014
4630
2900
2900
1920
3260
7020
2752
1310
3614
382
2026
3670
578
3826
6192
37768
7020
383300
720
1986
569354
686
5944
3522
4896
4046
1340
391022
5996
2720
4602
3532
976
6860
2644
4156
2544
10834
522
8414
2030
2374
16288
4704
2424
2172
1960
203856
592
6722
2408
420
518
5376
530
108786
2078
1920
5208
2790
2226
3886
3142
20602
4720
6164
5404
2018
3328
3876
3116
1250
3490
376984
5928
617996
2688
3574
2424
2158
45660
13402
7080
3986
5706
370
3960
6620
3500
116662
2940
2976
5734
230
253168
5210
4962
3204
5336
3202
2610
5306
486
1752
884
333340
3978
3576
424
3172
640
179066
3860
3046
348
3972
4118
2496
414042
3172
1982
322944
6288
1992
2498
2022
2036
2762
4372
1318
900
574384
2452
3380
119378
272466
3920
9746
6692
2072
11444
617212
6516
4810
5778
4770
2996
13622
3614
200528
2714
2126
80736
2012
2782
594
1140
4710
750314
4146
966
474
542
86082
3214
6612
1412
426
2562
2950
5158
769042
7638
57326
1178
3808
1324
3400
3452
237844
6186
3670
298606
2166
260
80282
266
3948
2978
79364
2996
6190
2074
1956
6194
7164
2056
3848
3958
3044
724
5202
3390
2216
1624
3386
2280
693200
823846
9510
2332
2854
1852
1504
4754
4030
2370
2114
2376
4212
2268
4872
4970
280
946
4762
1842
2700
4634
640
4120
877270
7216
5188
728
3782
4376
2576
4774
1262
7070
4778
7956
384
2558
3436
7820
242
3630
4274
1582
3186
516
763290
3044
4932
4348
3620
2620
395860
1160
1844
3734
7366
2334
2078
52308
6786
380894
1712
7424
5136
261172
2058
3394
3516
1882
1144
8860
420
518
6070
1290
582
3050
3738
2052
3808
5124
3672
5204
1980
2398
2486
3838
504
4742
242
6040
1724
2412
3224
238
9338
166002
4874
902
2248
1776
1618
1106
4916
360
68172
682074
6376
734
2284
2436
1330
5658
3266
6024
1608
1074494
2206
1234
5344
1488
4450
2414
7152
5452
978
3232
2916
4844
442064
2904
2204
2532
857998
7038
2928
2458
3094
1680
2286
4948
864
764436
1484
416778
955370
866126
2268
4500
4136
2642
2388
143042
98276
1762
2314
333402
131392
4712
2870
2946
390
344372
1870
3396
281930
1562
2330
2060
1140
7256
2558
3988
5798
355890
4412
1259218
4404
2198
413654
60922
202364
4864
59122
6074
7090
1268
5264
2492
718
3352
4564
3394
4488
1914
3536
1956
1030
2506
5644
2032
5630
7580
1001994
784
5258
8568
484
1922
5628
7868
3940
2322
1519748
5854
6078
3074
3524
1976
1272162
8398
729826
2772
1270
1666
6154
3238
3452
3086
3070
3568
2530
502
4450
216898
3604
2968
3128
1214
3610
2930
5668
4986
61006
3798
2298
1846
7586
3456
1790132
5896
872
3462
2740
83726
3922
9604
330488
3858
5070
2254
229228
4980
776
2914
6802
4250
3440
2924
94276
2236
363784
2892
240376
1028
790088
4398
5644
4864
4438
3708
1430
2420
2172
5064
2020
6532
5968
3012
4050
2790
3478
878
2884
6146
3468
1848
270
1736
718
5534
6912
2118
2578
2294
2340
6790
3454
248
7818
10484
70952
2960
3262
4204
3404
4364
612
7748
5196
4954
4392
254
538
440964
2830
9572
5418
5090
4708
2172
217024
496
2682
1016
268
3908
4638
5336
356
4292
3612
8972
3178
4084
2990
3092
1692
366
3470
5000
2130
4862
8730
3908
46762
1928
508
1534
3590
3322
5996
6380
608
872
2506
5770
9054
3446
3864
3578
2070
6012
2258
266
4776
4530
248
10548
3580
5612
3662
5592
207286
1966
3772
3664
2338
1250
2354
946
5726
92752
2496
3522
3172
1250
2012
2592
5852
158088
8144
2928
1086
4560
3454
10428
7448
5302
260
1364
3802
4302
10320
1422
532
2662
4226
5326
5206
374
2528
5706
3792
2822
6978
4530
1056
876
6114
4074
4392
1962
123286
3918
5634
2624120
6744
2582
485028
362
2676
2678
3204
508980
2164
2666
4264
6112
2784
4330
4990
238728
4058
6186
2234
4030
7604
3522
1122
1156
3994
1312
3136
7022
4958
3012
6542
2544
4168
87592
718
3172
1744
4616
222
2308
5536
3194
748
2106
3670
4206
4634
248
2274
1750
2780
1824
7810
840
2338
4592
1080
7352
2066
1480
1140
2534
384
3152
4662
3104
1704
1894
3942
3544
1092
2928
3676
5338
10166
3768
3168
2984
230
3152
1144
2340
1730
1878
3454
3872
2792
4144
2190
3418
5508
2820
2420
1294
4358
3506
4438
649340
2750
244326
2328
110106
4072
3584
1038
4376
874
4370
2408
12110
6820
1752
4716
6078
422
2888
4646
3500
7106
107988
1814
2806
255960
4810
196768
5052
2174
2162
3254
8230
7960
554
5024
1416
3516
576
2222
5304
672632
2038
2404
4554
928
5794
4300
2846
1740
2620
1630
9342
1904
886
912
3112
682
5616
2728
1936
4176
2134
2502
502
1618
2348
732
515246
30694
5474
4214
2810
2534
5504
2720
2680
898
918
2288
3288
2570
1760
2350
3990
1238
193298
1692
5258
504
5202
26696
3934
3184
5384
940
11540
1410
2518
3938
5632
3922
1998
3306
3828
104390
72860
1066
6116
376
4460
3854
4788
2472
3898
5770
2564
64376
5426
4160
1666
2246
8910
3566
4246
1816
3624
1550776
6806
4564
2360
4280
3562
1297522
6130
4012
3064
5002
592
1472
3572
758398
3636
972
1111212
1818
33522
4268
2382
5884
3644
2746
3050
1758
3804
4544
232714
2236
9734
2332
5956
2194
416558
1842
3034
1544
7686
5116
64020
3990
496
2830
2642
386
3698
595286
4850
5564
1256
3148
2956
45388
778
592514
3922
4012
1212
3292
424
1146
3138
2806
1780
1412
756
3164
8064
4666
3914
3524
3616
4392
834
1170
2974
510
2700
2396
1708
536944
1700
3848
3634
4846
206112
940
5430
2732
686552
3332
3796
4326
2688
2094
3366
1222
3144
2340
1176
1998
856
2870
1482
2924
3802
876
3184
4478
4870
6934
4054
3920
3690
2514
3984
2822
894
2740
438
4134
2720
1332
1150
5838
2206
5004
1950
8348
3270
2616
7330
6456
1860
2974
3596
3830
2358
3454
1032
1443186
782
4260
3884
2980
3658
4146
2466
860
7412
9558
4202
2164
2298
1232
914
2684
2066
3766
524
1406
4232
3536
2718
2662
800
4034
1112
2914
2016
98900
3148
2282
5844
2430
2392
5064
1652
284
3708
4424
87114
4366
7310
5214
4466
41902
1988
3088
3538
1140
2674
6204
3708
3370
4706
7036
6646
6312
418
1576410
203020
1463400
4480
504
7816
3914
5986
1284
1495006
504644
2982
322
7000
6004
3170
1154
3688
7052
4098
1668
1750
3440
6562
3596
2550
3702
3322
3260
2178
3422
4070
3430
492
3216
2986
3356
3652
2894
2246
438130
3358
306192
77494
2882
5376
3222
2346
3916
1376
2156
3228
5510
4042
2702
5962
5814
3498
2942
7538
1380
7130
5618
2170
480002
3506
4430
5980
618
5970
7026
1938
4328
3752
323700
2654
4422
5326
2844
2220
3030
976
4804
264
426
4348
3956
7220
447006
41358
3346
806
5522
4276
222080
3192
3060
244
2016
4250
6376
4448
4830
2864
4820
444
1984
4314
3180
19686
4582
3446
20722
4514
1016
2322
3356
6242
11346
510
1994
9010
2430
636
5716
2214
105680
2396
854
1166
6760
5394
2820
2684
5512
680
2644
2924
1470
4496
7286
3722
1208
8012
2892
432372
2658
384
278
1166
4166
5346
5864
886
4838
2496
4464
1714
74506
3054
2964
4748
5004
4666
2960
7810
6120
3252
5562
1668
7798
4182
3156
5692
2996
2024
3122
2184
296
3390
1700
4424
3636
3256
3766
5604
1268
4000
2000
2534
2750
6374
3144
3760
266
3668
2782
880
2210
3746
1054
3350
3026
1768
4110
2288
453010
5266
274
2590
4776
1758
3598
6364
252
2616
5712
4388
4764
3634
311004
232
7174
3726
6780
3328
2568
1618
2684
301944
648
6432
4016
7816
6176
358
3046
3526
3460
3722
4204
1826
21310
586272
3420
2434
2522
2788
1412
3254
6316
1238
1694
2916
5578
1578
3316
58618
2708
4442
3994
4636
1022
188970
428
5146
2620
2186
3884
8740
4068
3532
1830
7944
2408
557026
3294
3176
3612
3994
1352
511176
4174
8652
4590
3360
3824
4602
2146
499514
2708
2026
4704
2364
2670
2878
2654
1424
245338
5918
280572
894
3270
190570
2188
1074
4508
2058
1366
7738
2338
2098
454672
561110
130498
7760
7234
4590
9912
3856
6326
3174
805268
2976
147080
1970
2266
482
2538
5920
502
3150
2036
4352
3762
4054
2368
3398
3684
424
5402
235726
2410
4646
3600
4826
3456
4428
542
4828
374
292
4884
4300
106980
1012
2088
4434
2200
5518
2090
4220
468
3958
6638
2632
75474
2630
4032
2396
4122
1822
2476
1964
3920
2728
5270
3926
252
1436
740
3566
2362
4402
1574
5026
131892
3126
2598
1358
4332
722
1036288
1596
1414
5500
2412
8420
5246
4438
6346
770
5132
3582
1014
6550
2758
2722
1308
5410
125380
3858
1998
56588
1240
740
508
5234
5488
4656
248610
1148
2294
2948
4768
1494
8140
2988
3536
950
498
5512
4646
625860
4018
2344
4822
6028
1736
2554
1726
3146
4288
230118
4570
4376
390
3156
2248
232292
2010
3824
6338
5914
380
622
2330
70738
2472
2932
513816
4320
884
2296
42168
3570
450148
5432
4212
600
4122
2934
3556
5442
1696
2384
2342
3964
2592
738
2058
5092
3046
1818
586
3546
2892
5058
4588
5690
2946
616
6290
5150
4782
3824
2816
3088
2118
4204
2778
2288
1736
2650
2230
1924
3724
5048
5886
4966
1914
1138
1138036
765904
2122
774438
1764
1854
2352
2510
87842
794
2966
1804
2554
1978
4506
5450
2780
8220
3732
96070
474
7480
5130
3352
6020
6420
4772
3954
4038
3418
348
3300
272
436
3470
4102
188026
4112
3122
2694
5542
2448
4100
5222
69522
1988
1346
4656
1014
1356780
1338
3522
10580
3174
92524
5252
6620
5054
422
392498
2364
3008
4504
3530
2332
3332
2162
209012
3904
4708
517376
8720
3092
3362
1674
1378
4078
2712
6296
2522
4658
1656
2760
254
1918
2970
2854
312568
818
5294
976
1286
648
3314
250
846
18424
3226
3600
746
5118
4030
2382
2256
1022
396642
3018
2422
3308
864
4366
2022
664
386
3564
612
8206
2576
81570
3396
1012
2930
6464
333014
2140
3062
2722
2792
2718
3938
8224
2032
5110
48334
3674
974
3232
2294
220420
3600
3536
2822
10382
6992
3960
2274
166786
3036
6142
380138
20526
233086
142370
2812
1468
3476
1472
108354
7776
8376
4494
3514
1454
2100
2674
5384
1660
2934
1024
2320
2762
3286
960
8256
7130
4182
2302
3360
3366
3108
316640
8648
1324
4616
1932
5280
3962
2556
7038
7562
758
3562
238
2192
1150
7696
4924
1034
3074
3444
4492
4192
3530
1772
4466
14998
2982
548
4892
1888
6196
1251538
4146
2552
3206
13244
2730
3592
5484
2214
10156
167488
5512
6848
7032
3148
544
11836
1188082
6112
3824
2798
3058
3392
3890
5368
4344
760
922
4666
1728
5114
1436
418
256
3820
2288
2630
7228
4684
127362
2976
4682
3268
416042
3060
165184
852
362
3378
678494
2152
4460
4968
5628
5898
1918
2874
3810
4892
2296
2608
532
6798
4508
4128
722
5420
6014
4576
2568
1168
1188
4986
5316
4562
3546
5758
5616
3532
1526
3806
1926
3178
4072
3298
5916
5878
3980
4054
1510
3656
870
5276
5402
8256
2220
5154
13122
1692
340
5206
1162
4878
2156
4408
8370
6716
1506
8944
6298
2914
5554
58844
2600
3292
2084
514
3372
4858
5596
1726
764
252
904
4612
286
232
307380
6484
878
2542
4580
5946
1012
758
1732
10188
7166
380
3272
2282
5176
3322
3012
6490
22696
1264
10570
632
9044
3474
640
4128
1260
3934
1408
6878
313632
830850
7576
6518
3358
3638
2702
8522
2452
3192
2526
4496
718
2808
262
274
5910
1684
4832
3844
1912
3260
2064
262
2454
6452
3716
45394
896
1768
529246
236
4676
376
4768
1468
1802
2020
3974
5122
460
4492
3338
2318
6330
1884
274
244
3704
2408
2912
4088
2242
1298
5248
388
121766
2198
2062
1602
5336
5362
3210
6734
2802
382
1330
3890
2768
7642
2500
240
3456
5674
3190
4742
4718
2004
1146
2026
668
3038
1410
2472
243402
4704
5582
7732
2082
1012
2344
157320
555794
2094
1532
7986
580
5372
6074
3134
4906
3606
100750
3120
4932
1322
2288
648
4274
220
1922
2886
750252
834660
99004
3474
7242
1774
4612
5532
3634
6514
2390
2910
2884
6294
624
542
1966
3464
5398
748
240
2650
3480
5144
962
246
6972
1944
3122
998
910
2152
2226
10360
3642
8284
5320
7322
804
1088052
764
278
4856
620
4572
1664
5982
540
1010
3200
4924
6400
5696
5836
738
307508
10332
1502
1574
3706
3056
4332
4884
2394
884
748
3014
932
1716
1648
1780
3858
262
280
6032
3528
7390
3266
5526
1634
4474
4278
3760
5820
3492
3996
4876
4968
11042
4614
3966
367724
2944
966
380
1972
4642
1528
2578
6548
1236
932
193538
858
1378
5320
2708
1836
3776
101110
3274
269878
2658
7268
282
4046
5388
1502
4670
6412
5604
849012
272
5606
2824
4812
7958
5122
5848
3282
6382
9272
5420
2764
2292
1382
612
468
2648
498
1170
158166
1080856
232670
2678
1016
6172
4688
2492
5800
4032
9736
5246
2132
388
2128
9514
2884
928
3046
1930
5470
516
514
2284
1670
3310
119244
2312
9150
1744
7420
624
3006
2260
2306
8716
3840
2600
4624
3378
6686
347854
116648
248088
3650
4104
8212
2142
3478
4540
8160
3228
2666
2362
3956
1394
3906
1870
2600
5174
1274
4022
3490
6906
3190
776
3196
9870
234
3990
734
1130
5124
424
2202
4386
2084
6270
5152
282
2210
374966
1632
6660
5398
2848
3122
7442
758
736
2298
4872
1346
8084
4704
4262
248
6328
3724
1720
3742
3440
1206
1486
2638
1156
3218
2908
2714
2912
4918
5080
8648
3814
276
8828
5984
6492
378
7946
2350
2700
1098
2498
274
5206
3816
216358
4248
4124
3658
5112
814
5180
608574
10268
4362
3550
3426
6690
1382
3272
2134
2996
6972
2202
3784
4304
4874
8590
187118
5600
8320
3528
3344
653282
7538
4408
4450
2936
5106
5074
4520
1554
5920
2326
11892
10678
7232
7064
9848
8318
7818
2242
4350
5676
242
314
942
7252
1086
6012
2926
5082
43298
11140
3928
4904
4614
4788
2100
70140
280082
790
8032
6058
1566
117614
2560
5150
2140
4792
4944
4150
4162
466
202830
362886
3322
7772
1076
7052
3928
4044
1694
7312
4632
2630
7510
9660
82880
222
3148
510
147074
572
5734
6878
844
6252
1988
1072
3090
754
5470
5830
7848
220036
2888
1378
2000
3804
4486
5900
4314
2920
6534
4392
3976
290
426
4596
5422
5350
860
7874
1394
5412
6580
5102
3770
488
7608
728
5592
484
2714
4080
4510
8368
7126
2478
4766
970
5228
244
5018
2342
9558
1606
3998
2806
278
5498
447732
3992
2836
2718
730
1524
760078
3116
690934
3072
86866
1688
6308
3640
151094
59172
4140
3384
1920
3718
614
504
5866
4854
5352
8468
6712
4002
489230
1820
4458
3292
4170
242
5358
3610
1408
820
5208
9358
6152
3648
8386
11934
3878
3890
7064
3914
5120
244
3474
3672
6714
5570
3988
1490
5384
4362
3884
5246
9070
88406
376
4660
4298
35714
8392
10188
1980
6702
6074
500
1618
2858
2498
4692
2488
908
2794
1122
8874
5494
620
6352
6168
2972
263226
3162
4494
569946
6384
3234
3876
4166
1726
6448
3282
1384
6576
578
4444
1764
2768
101880
4980
276
6986
3334
2012
718
147520
1338
127568
4618
2226
5412
2676
1602
2746
126948
3454
4630
4356
358
4798
2854
6944
4564
9376
83608
2500
420
4532
6074
498
3076
1642
7348
6538
1128
3988
250
6898
1426
366
1410
6258
2580
720
2360
4888
7598
356
1432
4676
5258
1418
3984
922
155596
1676
2752
2194
642
516
4086
3884
2812
2166
1782
4430
6122
3864
2358
2782
2606
4012
5334
472
216898
4886
4230
4162
1690
2204
1950
1268
229532
2130
1800
2848
198416
4230
7800
2290
56924
821832
3770
4408
13724
4300
3434
798
10402
5370
8170
626
4100
2294
408050
433688
506
3984
1250
9872
3744
295874
8110
1088
3928
1366
7396
5268
10428
3460
490
1570
2638
2160
4036
2716
13606
3436
151984
5772
3846
502
4048
6554
3728
2556
2944
3538
2732
2994
5510
7670
4192
7830
2386
3014
3544
4656
8462
11282
4330
3126
1716
6396
9222
302
2518
280
6870
2746
6184
2246
3002
7024
242
376
7966
544770
2682
4086
8354
5200
2208
5598
6044
4338
5428
4704
6038
3362
1458
3822
227988
3938
2730
8434
4406
6640
343056
964
6244
260
2048
2538
628
3274
6112
2438
3400
4486
5394
4440
454
6532
1790
18834
3528
1898
5388
2266
2994
4152
4102
510030
638
7594
672
6298
290
514
4902
7290
894
5528
1698
2432
6338
1680
894
6400
6732
3864
3550
3564
2322
3744
4018
20906
4302
6118
11056
752
3384
672
860
3094
15584
4502
741724
264
10876
2728
13810
2120
2006
353030
5368
4314
7168
4862
5198
4878
2052
4262
3566
1178
8736
6126
4850
2576
282
78148
6670
514
2584
426
1392
846
206164
3466
8172
2384
1952
5232
1100
3824
6664
4832
442316
3132
7904
2186
6648
3764
3448
1326
9080
386
4620
1934
10220
3708
1532
2912
8138
2892
3740
3138
3106
434
1588
3420
4688
270
2196
300
3420
2658
273510
538
210488
123054
3562
5764
138798
3510
667266
9132
504
11378
242
7062
310
944
906
6454
8374
4712
2700
1524
6322
5384
1414
2046
5564
7448
870
12366
6102
2656
6200
4388
1056
670
4740
2362
4204
5704
4104
6004
3368
5438
5670
5770
2756
1072
17808
6218
4740
3452
9204
8384
2878
7388
1820
1098
110104
183882
832394
9158
5238
3760
1022
3548
5322
292
278
4986
6894
4704
726
2048
448
4462
4078
3112
2610
8968
6102
919210
3016
6398
6206
548
870
6592
790
5630
3610
439474
3240
5220
272
2972
1540
4826
3736
5918
3470
994372
88478
3756
7218
5146
1626
4988
7810
356
1144
862
8954
768
2108
9452
424
1228
147004
4234
279984
464
660
1014
7092
606
11670
263288
7240
14250
246
7342
2442
5668
3896
311780
3882
6576
7568
1700
3786
1028
5262
4370
5220
2708
659292
5798
1004
3428
519540
2798
744
6942
5030
2718
2638
2250
2396
3564
515378
7562
2698
2394
3060
3306
3486
3096
3936
6922
2022
27276
4206
7722
3964
8830
3022
2138
2438
1212
2100
4040
2258
1408
1338
2640
3324
6348
5610
512
64754
1640
475276
2970
844
117866
736
1894
4212
103600
1064
5402
12384
3138
284
2442
5888
1762
154034
3056
3584
284
2236
624
2932
6126
3510
2288
4358
5658
5788
7862
6658
3642
2376
764
262996
1524
3560
3558
2700
640
8442
8402
2046
2628
2346
3766
6150
3572
428
6516
5912
267026
2640
7546
179402
364
2940
1880
7828
7490
2866
2206
1620
442
1216212
2744
150928
802
3612
5260
472692
2254
894568
7974
7614
11110
3358
465770
4636
6186
8052
3794
8786
62844
3194
4624
8074
1028820
1812
2420
22958
2588
3718
2658
3292
254
4940
4774
5478
639224
4010
3356
7898
830
2826
3430
2602
7678
508
3706
1752
4420
4918
3622
4906
4718
6028
3788
9890
5174
6566
2426
1686
401582
8084
9442
3760
1652
10242
2624
7890
4842
5896
3724
274
5490
7780
1192
1054
772
5546
582098
8270
3084
1318
3526
2468
7270
5372
5370
5250
2034
4058
3122
580
2984
464
15786
4100
6066
10862
5500
332874
4728
1604
3918
2128
2470
308
3076
162600
6118
3570
3672
2950
2192
2558
6970
3694
2490
302
288
3188
8612
4326
5124
1662
844
6044
5270
3614
5170
288638
5444
5216
3702
244804
1648
5880
3868
432
3810
3662
3142
1306
2622
1022
422
4958
3046
382
348
25642
634
2602
6764
9680
3332
1172
943404
4668
4098
770
3512
620
5086
2084
2588
6740
8876
6180
3262
3692
2550
3824
2770
7024
922
3414
2748
104582
6890
5106
6964
5552
9948
6686
3058
864
2326
6500
149494
13406
3882
2836
7218
8398
5126
3792
1056
3028
28558
3392
8686
3610
7086
1348
198506
790
3016
5752
5594
3894
2818
3926
4190
5884
5572
2362
5082
6184
8608
9790
2516
3152
4044
3192
872
3466
266
274
11322
586
2026
6054
652
3466
2274
264
3426
508
6460
646
1696
1660
607266
420
3032
2658
788
3322
440
4652
1298
2616
2832
486696
7052
4852
4196
2800
4896
4650
3770
2504
4392
2508
640
8320
8910
3720
6076
2214
3772
2572
930
6414
3392
2420
4856
3480
9536
2834
2750
116484
378
5032
3946
3452
4642
2516
906
5340
3228
3474
5212
2036
1066
3730
4338
6954
7106
9254
5586
490
3694
168544
1124
2754
3538
555010
468
2924
1512
4948
7170
5902
3978
15732
450
3000
2926
8256
4124
3452
766
375646
6360
7582
1404
284
2068
3226
1604
8252
1306
2968
1474
2778
1202
2716
3368
3410
5038
2252
2298
5270
1772
368860
2746
1244
15632
5452
894
434
8586
4386
718
5368
5852
4760
4976
8180
4454
794
4872
2238
3554
4370
1928
305636
2866
6066
1874
266
300388
1250
2694
4590
2424
2736
770
1360
5400
1308
1980
1998
3646
7720
1208
5488
4426
6738
3472
1904
428
7908
8312
6320
1244
4490
1896
1552
143722
6924
6762
1446
24536
3250
4808
2502
3914
72746
3566
1040
5994
2852
1454
1728
279704
360
2022
5558
2866
5702
2710
4528
3542
7586
3364
934
5312
1778
224660
2168
854
5056
2388
7352
2368
9684
117658
506
4172
4284
22362
2610
5274
6058
1460
528
5062
640
666
2996
1234
536
8770
87184
7550
7536
318
3564
3464
3062
1170
4360
4776
1016
862
3122
32898
7480
6132
25816
2772
4590
8780
1706
8196
7708
12356
4302
4304
5940
7420
424
72070
1418
4594
4364
422
4020
4230
1726
3300
2914
4184
2480
2138
3870
5840
5926
5124
5840
6352
732
860
239932
5462
4458
1436
3044
530
4926
7152
4436
2354
3080
7040
4690
498400
874
4272
3984
928
3876
8414
10474
1576
7736
238
1408
852
1204
6236
3046
896
6172
459538
2416
3304
1132
2130
5660
5708
920
4610
2488
5198
4708
418
10722
2394
2724
10200
8072
2140
1818
4588
1262
1702
7354
2760
6588
7604
6720
4188
3062
3438
882
422
1486
4716
2284
4460
332398
4768
3712
5668
3516
3936
1692
1788
4378
717842
3944
1198
560116
5828
1188
968
664
3888
4072
378
8064
9890
6952
3184
2624
5258
1164
2438
28682
4542
2888
2250
4304
4210
604
3082
4678
12278
4890
3014
2352
1370
254
6374
3010
1092
3360
3834
5314
3228
7100
2024
8650
622
7416
1824
271002
1332
7086
5386
4262
3900
2094
3098
3978
5028
2046
3158
11094
218
5812
474
3548
5810
5650
968
960
256
2646
4032
3586
2700
4676
2118
1620
1508
4390
2452
2732
2706
3434
6528
2230
5746
4720
556
1634
9820
1244
3198
314
2634
3222
662982
3496
7266
842
5654
2172
622
10860
4904
1052
162250
2300
1020
3496
2154
2286
3962
3618
1014
5922
5288
494
1800
3092
2880
1240
7710
3774
284
7056
9196
1812
5696
2282
6050
2474
5684
5978
1504
3144
2900
2746
3256
1538
2180
240
6832
3618
788
2746
661192
5952
3074
508
2474
9342
4442
2378
3256
3450
3606
2460
4234
2628
716
884
1014582
4534
4774
618
252
3250
1374
8648
2360
3850
5924
1408
1022
4448
4380
1490
3138
81592
1085738
5940
4216
2540
652
6200
590326
3248
6186
6174
8510
5340
3500
1038
5476
464
75678
2054
6022
676
3510
246
556308
1514
2222
3936
866
6676
3776
3950
4184
5282
2370
539374
4920
1026
3188
1490
5076
4068
88234
4686
5906
93768
6076
728
4144
5990
262
4196
1562
9070
639748
1836
4332
6076
72666
360706
4252
1042
1660
758
2940
5386
942
5406
3128
10014
3590
10896
540558
2756
18646
3710
7056
2312
2126
978
17584
226
2768
3094
1310
4670
3608
354624
9218
6656
2000
61822
3332
3228
212328
6274
9166
248
7138
496
540
3296
1232
290
4900
1594
6930
11926
4102
2892
1306
1036276
2586
628
640
606
5336
1182
3500
3568
620
1216
1012
398
2450
2662
41984
7034
6220
4242
1718
3240
9074
4990
2696
4354
2680
59764
384
4040
5570
1194
3510
3580
1556
3298
4376
86700
3324
3372
3714
3726
1090
1874
2096
482
4848
4504
1524
9892
1696
3726
3050
2370
6204
2990
7306
3878
3038
3442
4238
6398
5006
4090
628
4038
5730
396296
4662
484
2686
1642
626
4442
698668
3572
1668
5312
10570
3832
2240
4432
5250
1582
528
1614
744
4114
1600
136174
476
66454
5260
471070
2430
3658
1752
2240
1960
8194
4030
872666
252
8586
7570
308410
280378
6172
7586
4764
615826
5768
209010
20256
1114
3940
2984
8988
8616
908
914
258
197130
5396
5120
6174
1994
8940
1320
800
4196
1046
1750
3336
3400
400
132408
12876
350486
3502
474
6426
394432
9706
5468
5512
1092
1586
2478
1234
255306
3990
2106
544
6562
2074
4938
1414
3428
4544
6608
1368
7182
7884
5538
486
3422
364990
3374
844
1448
3496
1532
644
2350
822
2828
1928
2692
636
358
2912
4228
7572
2932
420
2702
9444
4182
2498
4280
1908
10418
7000
1946
3316
3920
4806
2764
2310
1850
4450
758
2760
4730
2268
3606
587278
4306
3780
11206
3464
956
4210
4774
138476
9354
3918
494
2892
63488
3986
4082
2012
6930
2364
796
4430
3068
734
3730
420
2944
544
1650
2918
3182
3198
2770
7824
56080
2510
502802
386
652
604556
226
2080
7432
1594
4420
5198
6214
2528
3352
3858
3560
290
1278
228
6294
3074
5982
398196
2340
3044
252
4508
2398
242834
3886
1148
2220
361796
3860
533368
486
9300
244
7052
1966
9294
2504
382
2634
7608
7024
5658
8342
4784
31858
1740
4662
5640
4176
6648
2542
4252
7502
12410
3460
11974
8496
3132
2998
3064
1500
3902
2194
2290
4260
3714
4808
924
2670
3880
834
4492
612
5084
1084
1168
1484
1244
808
1826
2288
3740
1948
2480
3358
7100
974
7042
3466
4296
548
14720
1338
4028
1264
6404
5752
422
550
1188
8182
4832
468760
5550
4880
1152
1194
2040
2166
7036
420
1136
2754
2746
5640
4188
6982
5358
2908
2412
3974
8368
8140
1820
266
3158
4112
5048
2782
2018
2858
384594
3020
4906
2900
1332
7416
71032
494
4252
2940
2832
2304
5674
4696
234
4140
7294
18250
3340
3312
2258
4334
1181994
1198
2176
3700
906
525368
7010
3022
2334
1012
2300
3254
167104
4016
2160
5754
4046
6486
2338
3180
2740
3296
6550
4564
391868
2834
2666
2568
3036
2286
4220
2504
496
8040
7152
1248
4254
3512
2534
1646
572786
266
4076
4582
3244
2980
512
8576
3382
3514
248
3180
4760
3080
8056
7156
2872
186292
135838
3802
3736
1264
498
2450
8626
2374
4100
6686
288
5074
182086
596182
3768
2486
5874
2340
3742
5076
282
5120
4552
1436
2186
2718
2320
424
2368
7066
1388
3158
5300
3716
4408
1518
4300
3312
6090
4340
7020
5840
62106
7842
6876
382
4786
37678
7226
3658
270
262
4268
1604
5798
7096
4854
644
4958
645290
4518
8386
1332
336656
2448
488344
1800
11418
3358
966308
3240
5882
380
1486
3260
4704
4786
786
2874
836
5320
2764
5824
652
722
6488
2014
4646
4954
2700
960
728
9172
3476
424
1266
4530
1198
6552
1578
306276
3886
11250
7682
1786
1626
3954
6350
526
536410
4274
5502
1448
3258
4352
4160
13042
4940
476
5250
7580
8374
1746
250
9484
1834
4790
4774
4600
384
4530
2548
349102
2424
2346
5414
207308
1312
1644
644
2432
3230
2160
4122
2466
546
8818
3470
1230
4176
249760
2544
1392
7376
3138
1490
2750
6518
934
2646
5474
3764
5594
2376
6456
7416
3914
1070136
6174
165388
3682
4676
4528
1035236
6132
1608
1347766
376
3960
3430
4948
1308
1922
3248
1898
5732
78416
110540
6462
926
5524
1042
4796
5992
2034
3090
1438
1192
3192
844
3646
3342
3566
6522
608
420
3018
2080
2626
3956
3156
6356
1890
5246
2746
3332
14446
3518
5832
3820
2980
892
3644
3822
2328
7906
2802
3486
4710
3590
1982
366
2366
3086
8462
5428
2642
5040
2210
3594
5916
2052
1614
4354
5530
2734
2270
2738
1710
10326
5906
3234
2226
6728
1150
5420
4102
6390
372016
3222
1362
6972
332
6314
5936
4452
10684
11930
520
2844
480
4494
358
576
6480
2100
3656
2402
2726
272
1306
4584
868
36814
3012
7126
3674
6948
174410
5526
3252
2584
746
3072
6348
440208
4664
4008
2936
4266
6818
8324
5840
2538
2112
265406
1270
307442
118706
7534
6658
1224
5156
3794
95878
2694
5232
5762
4828
74248
5966
3786
4686
156608
6908
3044
2000
1206
880
3324
364
5448
7320
10864
6630
928648
3458
380
3946
3498
2848
3362
1014
3196
638218
3572
3554
5946
4364
5462
8374
2686
1972
264
5222
6912
6714
2872
780
3432
2680
587082
2066
3430
7196
65838
3500
6130
2544
3358
3486
4936
1878
2454
3260
2098
1510
5092
420
4116
2826
8886
6376
5916
405830
1938
884
1750
1414
1912
6112
934
3530
476
6676
3806
2158
824
7006
126250
3540
4708
3088
4330
2888
5096
680350
2950
1650
326734
7884
3734
5142
368
131878
1884
1722
2712
3836
5608
7398
4316
1364
520
6110
3928
1042
2882
5436
252
6858
3530
7674
2070
3918
2936
1724
2318
4394
7846
1638
3494
49228
528
500
6466
6146
5072
52648
672770
2098
3152
924
11016
609430
2428
14390
5348
6306
876
3572
3660
616
1642
1172
290832
5828
5084
369202
486
1856
490
3560
15174
6078
4440
784790
3150
4660
102164
6246
2150
638
1142
3064
2110
242
5348
420
472
3232
1020
6660
950
5030
1898
8126
1756
2712
3686
1350
400152
256
2732
76258
2508
1346
3394
3130
1044
294
1814
7606
4272
5140
1904
7644
3734
4216
3698
1450
2414
246850
6360
2968
734
7108
678
3768
3794
2490
6800
6520
272
5580
7304
6352
3944
1010718
3776
4122
1722
1200
47172
8574
498
568
4986
4298
9720
372796
7312
2622
638
446674
5486
3202
1532
3068
3642
862
7278
159526
6520
6876
4470
83258
1464
4670
2730
2726
278056
1838
6150
849516
6002
5132
5274
376
3894
2094
453230
874
3720
3266
2366
7294
5416
3956
7102
233594
4522
4412
3014
2054
748
1652
2308
4084
6126
10278
3062
4252
4428
398440
2522
1588
69800
4178
2672
5448
5122
6334
3704
734
3178
512
462
4094
3764
3264
61498
1128
4702
500
2310
7298
1162
3648
6250
1238
4784
41472
386
2418
4972
3854
6136
6520
5934
2532
3192
6772
3850
2276
2186
734
4290
422
4080
2096
5284
886
3824
570
866
3766
3944
6200
3160
2858
4566
474
127592
4458
2230
2836
1318
6074
5966
1940
8134
6812
1996
628
2886
260
4754
4196
4552
386
1186
860
3826
726
97954
282
8888
362
406
358
2864
472
2362
740
11552
6874
5864
642
1248
2726
2332
2210
254
608
746
1355094
3208
2706
4420
3924
854
455436
2402
7692
4474
6452
7390
772
4294
1540
6454
2772
7786
3926
1660
6314
4026
3560
9982
1948
2710
1102
290494
1418
4386
3624
5856
6744
242
153298
4394
12798
369864
2646
6546
5124
4868
3330
5110
3862
170872
6366
4396
504
5794
2692
2150
2956
5562
500
3598
3086
3524
2940
744
4124
423150
4458
3490
3810
2862
2854
1238
4832
3024
3666
5312
3206
552
2188
5050
6588
6520
369638
3814
3910
5662
1560
4234
1450998
238134
2836
1516
900386
910
6628
5674
7688
3218
1422
292
1760
582
3434
5216
4696
1520
1348
8946
5896
2692
3642
7588
4542
6142
9348
8080
4446
1558
144556
1266
8192
656
4236
6230
2884
1642
4350
8810
104454
3466
1942
1196
4456
4526
1300
4934
3642
1532
1168
4572
5684
3294
2362
1199826
3204
11864
4126
1618
7102
6374
1418
8344
12138
9370
1312
4096
4196
1888
254
272846
4398
7260
1864
6364
992446
2808
576
5598
80152
3610
3928
2714
46522
370
4330
3668
4826
150720
802
3702
762
4526
1474
522
1144
854
2776
3330
4680
2798
2250
8064
2358
280162
3720
3718
523966
4048
2132
4358
1256
1408
912
3016
2122
4464
1540
2150
9282
2560
209488
5180
86658
4236
2704
4174
2046
318412
1934
3968
2520
3672
1326
3690
4380
1898
1120
654
2592
4850
597166
1746
2994
5764
3194
1632
4004
1053880
1374
1828
4944
2772
7546
5528
14152
1198
3300
207328
3574
2652
4910
3722
3934
5854
5058
6612
8658
2720
611644
5002
9964
4046
3110
382
3850
3474
510
5790
510
6248
3618
5576
5142
5142
648
3076
10986
5576
282
2136
1388
1270
3590
3608
1484
244656
29110
616
3060
9066
3186
5702
4680
3356
4402
522
548
3420
5544
1884
5084
6780
3492
3736
638
5244
930
3112
506
1250
5394
1730
4994
950
512
870
3610
1490
1682
4680
7680
2838
3196
876
6864
8192
1678
5290
254
546
8376
732
27020
736
9196
340620
1846
3764
321096
6350
1734
1182
266
3412
4160
6492
9762
598
102140
678
860
32848
5120
608350
382
598
1470
794
758
644
3254
342
3404
1022
260
395232
3752
3216
814
4814
6796
4184
2738
2608
5758
2668
1840
6644
5400
58116
281686
3174
122510
2880
4154
66094
3764
256
954
65038
3176
4408
1966
3750
3110
2494
722
5272
1034
9168
3500
3372
2782
260
512
1558
3118
2006
3606
252504
4558
4488
816
3682
736
272
150814
5558
907600
4712
4390
7234
1964
414
2736
4232
6456
6388
3574
648
5170
422
3990
6792
7252
4446
12984
4070
4884
2868
464
2524
552
528
644
2726
4560
4036
604
6606
7534
3440
41990
4938
1496
366
2536
3868
1804
5054
3242
666
7572
7346
650
2280
4788
3890
256
4478
4308
3388
5992
7582
368
2234
6518
4442
1190
3436
2862
391816
8126
608
4376
3360
1780
5068
6584
680
4716
802
732
4362
5312
2416
1168
2256
1171934
123198
1244
7690
4052
2024
4980
1618
1172
4088
2182
2872
6972
2950
5230
268
4504
2864
3988
1486
5114
3022
4534
8260
372394
3416
7230
660
5312
7268
8036
3680
3500
1720
4932
370352
2952
4402
7094
6394
1302
4868
332798
4926
3818
2460
1222
6436
2346
4050
248
7194
4530
364
8022
2114
1402
760
3168
1316
1176
11596
1608
7522
386
1990
6308
4352
3348
1138
2268
2410
9398
2444
4846
1856
2600
3992
106462
540
3790
856
9980
2764
2168
296
2882
2680
1712
3164
3532
276
1798
3964
270
650
12902
1480
470
336668
3728
6196
4384
3900
1396
1776
5466
2066
1286
5500
2658
6474
5232
3338
7906
5538
4104
7806
8336
3186
5404
3646
1898
1110
7318
7654
3330
3072
2666
3678
7060
5034
4140
244
1508
236
2776
1386
8822
1122
4862
380
6006
4160
3610
4354
2908
3242
10770
644
3512
9014
8748
618
1206
3948
4508
3746
6678
3572
950
6550
4332
2846
2972
3966
10066
5012
2402
9544
2824
3712
3276
2336
1896
540
4494
2252
413614
284
217744
447684
4410
5064
1620
4220
2756
1502
1838
996
6464
270
4950
6214
868
2384
3242
924
1162
4722
7070
3668
4424
2160
1218
3024
242
3102
7586
4260
4434
3928
24432
5218
3442
16628
434628
5058
1970
5398
872
5060
197760
787086
4274
250
742
131514
4702
1966
221884
1322
1628
3056
5988
5734
5936
3254
5762
1922
3348
5034
4836
193996
1420
4380
1362
776
4512
728
186702
6402
4670
1644
632
4266
5152
184616
776
7710
4610
5826
3194
2054
4386
896
5292
1442
1404
3160
5770
942
4478
3086
5618
1462
3022
2314
1540
2998
354
1422
854
716
5112
8116
503432
608
9028
3620
9124
544
7994
4936
6810
488
4004
342
2302
496
2654
2786
157974
3872
1606
70410
722
876
1644
222280
731404
718
3208
4738
544
3344
802
1952
5258
4094
6072
2768
276
5876
3576
10076
2166
4698
3690
498
2408
145232
754
3590
1842
2970
7138
5594
2542
45682
3758
6112
57140
108872
5718
4612
5872
2848
3248
8190
2032
1216
2610
10772
9772
4962
2584
6350
4184
4080
75198
2124
420
1870
1362
6354
51892
45940
3984
3328
1736
270
6902
2140
8176
1272
3788
1310
4512
4784
4292
1996
6542
4984
4170
3058
1360
4482
876
3396
4866
7344
4048
630
524
4960
3408
3850
1964
9308
3428
2788
7970
7024
2678
4934
7228
3922
5716
4156
12634
4584
602
4738
1894
4358
2210
4746
3802
958
5204
1708
5626
5804
2242
276
70596
1088
4110
1640
4728
2646
4684
2916
107860
5004
3578
9190
3810
482
5800
9272
3806
1898
6720
902
1582
3444
4562
2458
2530
6106
970
2132
2592
1610
3780
155574
2446
1776
172348
3902
3312
2946
6916
6302
1014
1858
1496
5918
348
206050
5188
3898
1184
15780
33106
5006
3256
2400
258
256
3700
2182
5526
6992
105052
2326
4144
9258
3330
1068
1524
604
163282
5688
762272
786
1790
640
496
5826
3872
2978
5344
1546
1618
1120
836
6928
758
351400
3454
3062
4016
1968
4622
3144
1010
3338
2442
4498
3666
1370
6844
3034
8142
2626
12412
678022
74504
2892
5788
3086
4384
1914
4424
6068
3024
2984
3460
2830
9626
5786
4322
4378
253330
3628
358
5162
726
9758
1414
1732
5516
774
4226
2578
3870
4320
4970
2538
3658
111678
6178
4260
9650
3618
380
1104
2776
3972
41488
7762
2182
5912
2846
313480
17378
362
4050
1674
3688
314
1970
4298
1258
1900
6590
632
496
1792
768
3886
3394
3462
4330
3042
2754
2790
3430
4158
3504
3860
1594
2578
9552
3812
4090
2506
4750
3558
2034
718
5764
4974
474224
115762
2030
2288
4664
525406
350
3034
2006
3396
3748
802
7160
4286
2336
3600
7050
5214
2816
2458
4092
3024
5246
2200
7914
2760
3892
3936
3206
5702
3454
2148
4528
490
4616
2100
1838
1104
4090
5722
3982
482
2790
433690
6954
624
9454
4180
2348
3824
4186
1912
5930
6454
242
2688
5870
1372
3292
3936
2542
7310
8036
3358
2720
1862
2732
59406
5186
8326
4788
3416
1540
6750
4622
486
2762
8232
3564
2554
826
2234
1938
2018728
1028
2520
2214
3916
4062
4186
3866
1620
3584
334436
2310
4014
1028
6524
161504
1826
9296
4702
6982
4592
2126
5394
2990
2184
678
4916
3952
1740
8792
3638
4910
2946
3434
2426
2840
2326
3762
8262
2372
16298
5730
1266
3044
6814
5974
2712
2342
1756
4800
2736
3742
3020
2750
2058
640
5664
5984
1016
2170
264
3100
7148
8428
3834
5482
4124
370
633636
549624
6018
4390
1498
1382
4270
6162
5020
1250
3958
1115908
101110
5040
353178
5304
2578
11860
4796
732
2934
4104
3800
386
214968
742
1902
2758
2752
74376
817992
1692
470
3640
2306
4830
512
7932
3254
4070
506
3180
3028
6114
3678
5960
3498
4012
372
2730
2330
6054
6358
4278
638
5224
720
6738
3942
1440
9380
820
4648
1616996
3942
5270
6856
3728
3122
6020
4580
2642
228
742
5764
2836
1014
9512
886
271322
1304
3378
4128
2172
10186
3638
6544
6294
144524
4496
211128
11540
715456
4486
3158
4746
1210554
6316
3664
2458
826
3164
1030
3204
618
4566
976
1018
2982
5030
4080
122064
930
5756
1606
9352
218
2286
612
7656
1492
5780
4586
5634
1880
4632
3132
1226
8686
4018
940
4718
522
636
146408
440708
914
4284
4574
1904
3114
674
3774
5388
2938
35900
10022
7292
5736
4106
2850
2452
2152
660
2306
896
484
3866
3214
2280
7080
618
201504
201124
4080
1904
43108
5836
532
5702
8342
4484
8748
7084
4934
4166
562
9606
9938
4726
4712
3500
748
3712
2892
2042
4390
5760
6448
109808
4120
11026
518
1136
638450
526
472
2190
512
9000
270
1624
3052
4582
368
388
1600404
2328
2628
4836
1428
54686
608
3906
4824
500164
2084
658
2498
1590
1990
778
5574
8338
860
1124
3568
2488
11240
3084
5272
2806
4856
384
1230
2264
6270
1100
595058
2914
3708
8750
582
3332
68238
2234
360068
5828
1828
4496
2230
5408
3792
2470
9646
1800
8466
2222
4644
5524
2020
2464
4040
2972
3290
3434
3422
1688
3582
3142
4590
2290
264
6626
456
7128
70764
9402
4238
930
4378
3974
1144
2598
90864
225802
63996
7586
571494
4358
84592
2706
1974
530
560344
2560
386
3434
538
372
121708
6304
1578
7180
1696
4358
6218
3114
391476
3420
272
474
628
8416
4812
268798
3198
480
150206
443124
2450
3524
2800
8306
2376
3278
12420
4428
6490
508
2988
1098
2472
296242
4146
1494
300
3856
3544
1648
4482
3570
1662
5022
4892
2592
3230
714
3180
1756
3042
306510
3628
6506
3150
7392
1638
297382
234
3948
5490
9060
4262
7040
3734
4120
2958
5692
2566
546
982
1722
2914
309386
4890
494
3410
720
854
1256
272
5016
1600
2410
2930
382
10320
4976
502
5334
328152
216958
5070
6394
862
1246
276
474
965014
3934
5572
1814
3424
11038
2446
514
5652
10166
4826
3428
2398
2998
3998
380
812
974
496
494
654
510
54046
2462
1432
1450
480
522
380
1056
336
420
264
386
2118
886
618
1474
534
1264
870
566
482
980
1000
449440
854
256382
506
402
288018
1328
121614
260
1210
476
358
382
762
1530
634
158584
2434
630
864
918
394
1988
636
756250
86190
865506
466
1278
520
462
1189718
712
256
2418
1474
400
36984
240
1128
206832
282
410
398
1240
1390
882
1032
484
329622
1340
252232
3872
966
1192
528
355320
604274
598
670
512
694
2854
274
986
63958
294
242
3988
848
59046
2028
488
226
522
512
2334
55696
1216
256
604
628
272
496
139694
76392
3316
268
274
578
864
374
514
254
264
2800
480
1998
380
30122
398
915360
572
1328
830
763956
1532
736
1476
514
778
51058
2376
4416
1782
872
1404
474
1966
1236
498
1180
2922
268
279800
46408
1066
145858
248
282
850
362
1284
754
96030
1258
1046
514
349140
416
1080
670
425094
203990
1974
370
1938
1350
201580
256
355436
374
618
388
506888
336
678
704358
1718
542
1892
498
444
1932
354
1252
1422
1508
99234
371082
221026
884
392
371910
656
896
738
60848
322594
1292
248448
2562
2798
196334
242
298
944
516
862
652
1492
2212
532
2868
1054
1014
60974
534
56992
1564
1356
183626
1502
360
2604
522
2962
202208
512
1626
1396
694086
811722
83170
1434
318702
1204
576138
274
1810
1026
1692
962
526
254
404
484
2564
201478
328168
3398
268
68304
696
368786
2230
2788
398
1187222
874
1414
256
298164
1364
277184
1052272
492
368
538
1414
660
792530
766
16790
141370
401554
734
65086
356
514
569610
980
130084
1109510
28004
500
1142
1156
392
384828
423774
746
634014
276
354070
1586
340
103790
514
1026
154708
1806
366
609612
797206
592666
1348
101414
227230
864
766
24424
341058
1120
1323564
396
60898
318
962
290
384
344
1594
854
220856
989678
806
366
1660
688
1654
2030
650
508
252
1120
478
536
648
2322
1668
814
491118
2488
1792
932
1086
91230
660
1354
1214
1112
378
652
4158
518
200578
223464
1030
1046
396
1018
438278
1018
610
190584
892
2384
526
398
1430
1736
3794
386
757550
378
740
1210
266442
788
1276
866
121460
900
634566
482
1748
282
4740
740
307128
516
298
236
490
1060
276
426
804
2440
1322
549650
1438008
1102
382
866
1252
600
268806
1556
368
864
322524
388
610
1078
372
1516
1372
1280
129978
994
388
1004
632
736
602
1538
886
996414
964
606
526
207230
254
502
359110
2846
191014
2450
388
646
812
264
358
1470
1860
910
400
2480
794
504
199486
1118
1582
234
712
1252356
1948
1188
1804
724
616
622270
630
2588
1984
280
396
264
2566
394
752
398
251536
1124
2296
1748
1908
702760
534
1790
27114
2178
85310
736510
276
128006
270
1396
1486
660
706
325286
2282
348942
360
2670
77342
458
15192
2002
758
13748
958
298
3154
140700
790982
1540
262
231398
199600
45404
374
1474
968
313362
1240
229336
64368
186756
1386
638
496
526854
1562
618
3892
866
1218116
656
59534
36552
423914
21650
294
191856
466948
268
1422
1656
248
264
508
1260
773632
1480
252
260
526202
252
510
984
1258
144194
368
387424
109708
1028760
374
878
272
262
988
1472
852
770
266
324812
770
22328
268616
870732
3236
2272
2188
736
390
85322
300
1134
440390
647472
630904
220
672
67912
243766
736
1330
618
1684
149684
258
498
1170
404
528
169772
1046
1026
1277240
1560
311806
546
278
1024
1982
824
308338
2004
274
514
10550
474012
2136
410
839336
1196
2444
1370
970
876
652
296820
283450
384
468
298
1262
682
1434
2414
98738
425774
840
938
988
238
1672
1900
292076
4796
1602
4774
872
136776
904
941256
732
1976
744
213996
722
235414
744
326572
43762
1600
612336
2508
1960
1508
276972
366
1396
1566
436
864
750
832
766
486
266
472
10970
590
1472
114440
2694
493010
518
928
434
76190
708
966
1950
229288
1240
23064
524
1270
650
1192
768
1212
284
786
2598
108972
164522
528036
1724
776670
364
358
378
642
122452
650
274
1158
770
2168
1078
1194
1076
762
198190
800
568
262
620
630
384
626
2136
1288
770
640
654
294
256
2198
564
1336
428944
69792
382
616
2452
298
262
880
366
740
2076
528
758
246
1232
1146
598
1086
374
212836
402
706
848
806
74
356
3948
2052
1016
149568
710
147936
262
494
738696
1638
482
862
1674
2960
172772
618
500
710
1396
930
1288
1808
1210
1124
622
24520
192986
1114
58462
1850
736
888
3242
1726
262
404
174658
616
372
2500
670598
674
492
390
356
3948
1632
232
852
508
980
1472
298
4064
256
500
1172
117744
2322
294
1970
400
736
602
745012
426
528
2492
2852
298
204896
1314
2190
1490
1200
964
1804
1478
1364
5132
6368
1752
846
532
1122
1146
256
254
307852
268
1504
988
268
794
1702
534
840
1384
1060
806
236
368
392
252
502
638
552
458
886186
1454
66454
75996
694
229716
1016
298
70546
188492
581690
313334
1022
1608
848876
374
1994
51904
736
281662
633596
518
2352
660
504
1154
474
5208
858
14102
834678
238
1010
2045812
894
1954
519202
12758
1124
1356
1564
498
250
291356
280
1336
574
570
432
317920
262
185332
1490
1566
336076
282
1078
392
396
382
11272
680
628
500
438
1159272
1286
2384
402946
928
11364
2438
87824
323654
108704
844
74
14772
480
187650
1776
1768
2120
366
863232
485612
1627114
2432
1836
514
275574
506
668
507424
468
2211166
1385762
480894
784
342
774
410166
1440
1074580
1642
492
549922
481018
708
362502
262
986
272
740
464
2256
137582
364
215278
1840
526
52930
282
1984
244
4254
1226
290
700
1120
149982
1152
453628
3020
378
866
866
384
2838
754
644
750
954
2776
4576
2082
244998
1586
3822
540
331756
134216
1590
2132
350422
1680
7126
275822
3704
1782
5194
4218
1884
2610
5406
456
362422
1114
2352
1258060
1234
4252
408786
4910
51706
266
3744
2498
200286
62162
6136
1456
4454
942
2422
5432
1644
1514
3092
3396
548
3454
2992
4678
5404
2718
376
612
7726
536
3984
5136
1004992
718
4988
234
8126
2554
7208
844
1280
4222
1520046
3402
3796
96
3590
4824
7742
1264762
1364
1900
726210
4028
1958
2330
4138
6240
3196
1706
2342
424
4118
4176
5278
3116
154286
59234
4524
6428
5476
4654
3030
1606
4862
2196
57284
4230
270
1578
1888
1938
1014
2520
1790558
4202
466
5414
86018
1426
1258
3768
274
336822
3544
1896
232496
6704
3622
7910
4282
3456
92008
364584
5348
1036418
4238
3842
4660
2332
5222
1244
2048
2688
1192
2640
2750
266
4824
3890
8024
4288
2142
5744
1950
5896
1642
5786
5286
816
4570
1172
2334
1888
2214
4112
2818
2864
7774
7714
4152
3848
4296
65050
600
4358
6196
2570
3948
12028
2794
4972
1018
2510
9742
434310
2232
2832
5938
6114
2322
5198
216462
8012
2478
798
4138
1748
6602
2246
5492
242
468
4152
3296
376
2810
2628
3002
4604
4662
4576
5286
6944
1236
1700
45214
10944
2570
3354
500
6572
9882
8074
1908
2954
5436
7014
9508
3336
3526
2392
724
4148
2810
3616
4120
4138
197912
3156
2372
3156
6488
4008
4304
236
3892
94934
4352
16390
386
156420
2212
3824
3420
3770
364
8686
1926
3368
1358
2514
5162
2862
11174
1138
4002
4994
2792
744
806
1862
5584
2376
4378
7444
9012
3008
6100
258
3000
3362
294
2044
10922
7640
5496
7680
602
123490
2848
7026
2622800
1960
1690
2090
484878
6666
508742
1954
9932
1920
484
2630
3606
1964
237032
1608
3782
3624
3614
1508
2542
730
3420
332
10662
7616
4716
1112
4606
3236
3642
6406
596
3928
90706
5210
4554
2858
236
5172
1812
3100
5618
1110
4130
4184
8634
1342
2310
1564
1126
1262
3432
2052
4602
244
3758
1648
1010
2024
4498
3004
1144
1208
2814
1950
1876
2968
592
1972
7116
6794
5288
824
862
864
3336
4534
2858
4928
364
3940
3318
9568
6656
5044
4376
508
2470
5658
976272
5512
2102
1478
3248
2612
3458
3130
1764
8254
1734250
4896
1718
3020
480
6870
1486
4758
1288
8030
1682
310036
4102
4092
8000
804
4084
4908
2624
1482
2094
2042
1874
2822
490
1384
4770
2860
740
2276
902
1702
5376
4734
3252
8400
3432
7010
3696
3876
1826
236
3494
5134
271224
1830
276
3324
4066
2746
1782
4478
863614
510
754746
5110
4434
56444
2550
4860
4022
350
2514
5094
1660
5094
4568
3848
6294
872
754
1500
536184
2112
2256
2224
462
3164
338
9344
462
11080
2910
4942
2434
998
7438
502
732
5138
670916
1638
4952
5098
2944
2952
2978
2476
84220
1808
2770
4126
1350
4774
8986
382
5958
3876
2583512
3866
1550
1006
4048
4806
9118
2624
3200
246
2420
1864
2662
3776
4998
1180
1952
6412
1826
372
6410
3108
5422
3148
5914
2116
2702
1096
3172
199040
6986
2356
2052
1734
1680
4914
3322
3168
1602
3420
5724
1878
2346
2598
1634
4000
5978
3994
4986
5584
1238
642
7272
5030
153768
331690
1660
4884
1368
4876
538
614
5202
2020
2058
4816
1900
1268
1888
4074
5648
186194
105230
4170
6218
7784
4570
6366
1338
3916
277982
2452
3242
766958
3114
5230
3596
1248
3350
2808
1326
3124
7022
2234
207380
2310
5332
490
1004
913246
2194
393486
5586
1066
5708
380
1756
2604
2588
2072
1886
3190
384
5394
338
5272
1996
1255616
1702
6568
2526
315972
157862
2112
5336
2260
4030
2270
1554
1530
1424
1230
5422
99556
1656
38410
4820
498
8726
79836
294838
442154
1404
28442
5762
1858
5662
4386
3848
2588
2640
4354
4472
4502
3104
4182
5456
4144
2486
7512
1480
3822
576768
2438
2040
4020
2238
5934
508
6608
628
1794
7714
1772
2120
482
8006
3306
5452
1448
4644
4028
2546
10830
3678
988
6712
2380
7582
36102
4486
382324
2710
569668
2880
1656
7348
1312
387444
3126
716
3440
1810
1834
3064
3096
900
2574
4036
366
3070
2314
4076
5362
2824
2446
890
636
584
4278
484
2156
2248
2916
203532
5386
4698
8244
2408
109936
1964
2210
484
3942
2934
3894
602
4772
17018
444
3994
2938
324
4260
756
1696
2192
2484
640
9492
3208
379418
619436
2492
5008
3762
3682
2066
1012
42922
388
3366
3304
2442
3048
7700
542
2782
730
2872
122604
2658
3498
3478
254136
5490
3362
2200
6090
3472
5468
339854
3658
7676
6300
177084
2428
5064
3962
4914
414238
2184
2848
324400
4626
774
2674
1782
2084
3032
1488
4274
3292
6518
580182
116380
7494
266536
5510
2676
274
786
2216
4796
10930
618328
1388
2364
1148
3750
1436
3266
490
2344
3456
384
1302
528
5912
4150
199912
8410
83626
4088
7390
754302
2752
5528
82550
3958
4462
2562
4168
1952
7588
4428
766544
304
52868
1430
5750
5418
4242
246224
3140
754
1832
3090
224
226498
472
63642
1896
88482
1534
4190
80730
4236
2098
1458
3956
7662
5224
4412
2336
2956
6896
6206
3914
2244
4610
3850
730
1520244
12838
1612
3148
2536
6636
1010
4988
4384
2842
3178
2274
2362
1018
278
1218
4200
9802
912
1726
7102
4410
882190
626
5160
1138
7310
3306
4314
2908
5074
1366
3016
596
770
3098
3498
4038
6924
2738
1176
5582
4364
250
2516
2512
767362
2824
2414
1556
2364
6744
2930
2368
392392
3014
3680
3370
6676
1664
3100
48204
1586
390654
1732
724
594
3102
6564
255304
1284
2352
2838
4214
5482
2956
1058
7540
674
2380
4486
3946
1496
1742
2596
5084
470
1792
6670
2494
9714
7062
7698
4822
2766
9858
1342
171454
5712
1552
2160
2760
1672
232
67902
688542
7698
1920
5030
4364
1846
1830
1073650
2694
8066
3876
1076
2796
4376
496
3156
548
6128
4108
2878
443726
1624
2024
1818
866408
3316
2096
2422
2318
1960
3954
9742
764834
372276
484
44328
1821906
1956
1786
78404
5396
424
3610
5622
2660
4000
4046
5536
63148
3964
426
390
2246
3928
1826
5054
260
2328
3216
4738
6204
1557262
5800
4402
4318
8798
1301382
860
2674
3010
3352
2806
2032
1464
517828
244820
4782
2914
1220
1097678
1696
38192
2236
1898
922
426
4316
3162
3966
1508
2828
5608
272
232240
2562
2228
3204
4104
3536
1934
414378
1848
4086
5778
1912
682
5590
65696
2186
4014
3788
3538
422
4158
502
960
586566
5488
2398
6448
384
2190
4370
42096
214100
386434
2154
2290
2700
6452
2302
3342
2228
1644
5944
1770
1552
1472
2082
3754
3882
1932
6762
13244
4412
2344
1850
535274
3566
2340
432
2672
706
3416
4566
199728
1304
4712
1302
3020
687074
3680
1564
1214
1610
7102
4566
2214
670
4276
4912
4386
2776
2510
6184
4216
3612
384
3616
316
3566
3818
6662
5064
2386
5538
7188
2822
6632
4922
3592
2094
900
1558
5072
4886
4634
4190
812
1740
1708
1994
3866
3616
2678
3046
2952
3406
1442114
12318
4516
4500
3400
5290
1722
5546
2166
4902
5040
3938
1600
2478
3974
2804
3316
6590
5124
4600
6024
6062
6908
3134
3352
102818
1678
3210
4262
3834
1436
8916
3048
5234
85296
512
4442
9686
968
5420
2196
15310
25646
3824
2560
5700
544
4384
720
4768
1878
4586
3462
428
1156
5768
7104
5968
1573414
201578
3842
1458768
5962
6186
424
3874
2960
958
1882
1495068
496326
8268
4798
7434
5336
6378
5100
2994
1034
822
6338
3054
1478
2504
5076
7420
3744
2638
4006
986
2850
4280
4866
4690
5244
3146
510
3228
8448
1854
5112
438832
5086
5210
297564
7112
76526
4032
9894
1398
5934
2760
2320
6116
3482
3856
7486
4388
5624
7048
1944
3424
1478
2980
1532
3226
476082
3418
4130
2984
8160
258
1516
3994
1024
3942
1350
3672
221842
97104
9856
5922
8582
2492
1456
5478
11462
4368
3462
376
1150
449534
42070
4136
3116
7492
818
218488
5562
1964
3392
3010
4112
5574
2372
1588
2414
5688
3412
3826
18770
2908
1750
3160
2850
15936
2562
4736
2056
13846
1698
11232
804
1572
1976
9304
10038
104828
10306
2826
2458
5452
452
3756
4116
9584
4238
1042
2224
5862
2522
2846
4326
2108
431126
1792
4206
2528
7598
4852
5098
2744
2170
4510
81112
2734
2772
2772
3726
2836
2044
506
2860
530
8910
2536
3050
2134
2512
4592
3204
7938
1976
4768
2144
3610
4246
2784
4658
2680
6522
4166
2370
3864
8132
5204
2652
744
4258
1886
1792
1290
4742
7430
5832
5814
1506
453044
4340
2852
2784
510
3158
1326
2120
7974
2534
958
5188
3870
5718
309858
3328
4440
1476
4332
7910
730
1064
546
377470
5772
2632
3566
3042
1622
3254
2844
9998
3986
3756
77810
272
4732
3312
6760
3174
4282
5350
494
2940
3064
4594
310694
382
4742
5002
848
280
2958
6506
3462
3518
6130
4080
2120
5528
17714
592196
1408
3562
1598
3574
4680
2858
794
2798
2752
1936
3716
3222
2244
1810
55224
1874
4434
4086
3598
194286
7322
3360
2748
3172
3732
766
4866
4060
3498
4926
3034
4386
2744
553728
5992
3050
6104
510744
6304
6162
6580
3084
5416
1164
3168
484
498936
2436
7222
2326
5570
5992
2738
5180
242210
4776
288080
2068
190818
3076
2146
2468
2142
1118
382
7268
2434
2748
448572
564032
134142
1456
282
1666
838
4290
4158
3164
4928
1070
5820
807942
151162
1856
7662
4464
3016
7026
3068
5338
3014
2044
1544
4938
6144
242474
5972
2090
2816
3536
5440
4678
6038
1548
956
103288
4266
3404
2836
3230
5978
1872
6160
5182
3712
76340
3560
4132
2854
1862
4934
2162
2736
6272
2560
3490
4318
1960
4436
1254
2240
1422
486
5376
130858
4394
2086
4576
4002
6606
1031476
2340
3352
1896
5692
3910
314
3352
2882
5886
4862
4694
9324
2242
1338
5440
876
123826
3982
266
1962
1762
53460
8662
9730
5738
2378
246034
5132
3158
2246
2918
3666
496
3628
3908
8716
908
2438
6292
624992
11320
1584
3542
2284
1988
2866
4090
1888
236862
2814
846
4292
237092
6100
4240
5250
5704
5244
76258
2124
517354
262
3894
3034
252
34236
2956
5374
448456
3040
246
3988
3484
4306
4660
2660
2854
1970
662
1602
1882
4878
4336
748
1934
2526
5308
3558
2768
4310
5332
1562
5822
5950
1798
3006
3860
2242
3810
1766
7824
1434
3722
3474
1088
8338
680
3956
9538
2922
8770
362
1137550
759010
5044
3224
775368
5766
1586
3294
88280
2446
6358
5008
4374
5386
1964
310
1374
564
3062
95734
4426
884
1234
2592
2840
9388
5818
5854
3518
2520
5860
6900
4728
190666
2948
2278
6546
4222
4040
3160
3964
67838
5192
10018
1358194
2702
4488
428
1824
3040
2038
94254
8024
6056
402514
1354
4874
4436
5394
4962
212984
1026
2240
4512
513674
1050
2082
2098
2386
2280
2916
4336
3378
3090
740
2098
3102
2144
1698
4202
4918
3112
4604
308424
4750
1934
1150
6030
25604
1012
1494
4774
718
3414
5966
4230
5086
390940
7378
4896
5634
3318
5694
7614
270
3030
4996
83944
5676
3690
332542
2782
6224
5094
4852
2300
3576
3374
2148
1286
2874
2742
45328
5048
3748
3382
2464
1542
217280
2946
1778
10242
4874
1730
4972
2394
6100
4694
170278
4930
954
380772
3500
22370
1978
227892
143848
7230
1616
2022
106522
3268
6714
292
520
6186
3990
5964
4112
2978
7508
1530
6706
3574
2732
2622
3376
3360
3448
1498
3910
8242
2260
4314
1614
3980
1956
640742
4834
4384
236754
1130
4584
3226
1212
113634
5158
8270
9112
2904
1106
1440
1384
2620
3756
5468
1504
612
2362
378
3620
3728
5022
5786
1312
432
110910
1300
2648
257088
5152
432
195728
504
782
2018
2336
7266
4284
424
4108
1428
7560
7602
7984
870
866
668312
6682
3676
2588
6188
4144
4762
6306
2010
10312
2722
11836
9066
2770
7032
1992
3078
2470
3386
3086
517440
38844
672
1810
2332
3796
4108
422
4100
2348
4594
800
2364
4628
1904
5620
206516
3824
658
2418
24324
1820
1264
356
6376
1380
1408
3062
2244
4818
1764
5014
5258
2564
106850
2460
9498
3852
6722
3034
4138
396
198074
2712
6246
4692
1372
4022
102312
736
5272
267786
4152
356
4428
7618
918
2520
5202
3088
7794
260
5534
2488
840034
6952
3506
1944
6524
3888
3010
3584
4042
4652
572
1762
7502
1914
2272
2336
3464
14440
8218
151562
3580
1073374
5262
228562
5072
492
2040
2504
1932
7128
3420
3482
292
3028
11198
1348
382
3656
1952
6966
1118
1810
3234
5130
5820
660
13636
4364
115606
1558
1634
3400
2366
6558
974
2696
3094
12894
1678
1826
256
2820
6034
4224
1168
490
2482
636
628
348990
363336
3436
3034
808
6974
1850
4042
5104
3262
4732
3686
3058
4890
2948
3614
2516
2688
5516
4054
3380
6696
1486
6452
6352
3002
3066
3876
9018
5804
3506
3994
3884
381564
7510
3544
2936
2506
9140
5528
1404
6290
2724
3074
2106
8066
4626
848
3780
2090
3968
842
3840
2430
7220
3160
1714
3140
4978
3702
3920
1180
3608
4858
1016
752
5962
5986
4904
2604
376
3612
11834
4360
3028
216912
3756
7040
3470
1014
4544
601290
1560
2720
7140
1488
2312
3368
4110
238
6612
288
4260
1052
2624
11904
5880
3940
3654
3300
6660
1260
189978
5380
240
248
6434
2870
3572
646658
2322
3610
2122
2050
5106
5054
3924
4670
6868
5932
2930
1060
5950
226
1430
4094
5958
2324
820
3924
1146
5228
7068
3640
2110
12364
4734
3138
3276
2882
31094
5100
892
1986
6200
3464
5600
6490
3124
6266
1100
340232
778
1128
5938
2282
6308
2542
2976
96764
1038
5110
1150
238
1964
4370
5134
4980
4122
2222
2500
3034
2710
195484
1382
362336
5546
6480
624
3140
2772
380
5868
496
340
4838
4052
3674
5418
1510
1134
3546
70864
2360
4258
3956
141364
6184
4826
5106
5164
8260
5248
9568
6228
216886
1116
4140
6572
3834
4972
1994
684
5444
1620
3412
4378
3186
9338
5570
9682
6144
514
8568
3088
4052
6316
3560
496
7036
4930
2820
3476
362
5372
1006
6408
5646
1120
6504
3838
2696
5492
506
7066
2758
6024
3004
449050
6818
5352
262
756564
4820
4508
7662
554
4816
1010
3420
3196
4308
4900
788
188780
3612
37354
10496
1140
277846
411808
6672
4514
83524
2082
4054
5148
213182
9750
3338
728
10266
5322
3168
5324
566
724
4370
596
2836
496364
3562
3242
7202
356
5388
380
2112
2202
5410
3764
1038
270
346
5204
4162
4674
9656
2228
6678
4266
5122
2488
3190
3426
2108
3334
4148
2156
502
1712
6830
7178
1476
1732
4484
1592
4738
1052
93532
1230
37470
16348
1238
510
4028
4462
3668
1182
9844
864
2032
3862
7620
9538
4550
548
3736
6542
4148
1068
1642
1760
814
258616
1786
4294
576068
1012
11004
1826
3468
3416
5244
6074
290
516
5176
1524
1870
6858
88866
5602
4614
6504
2208
4190
140214
636
3930
131946
5640
1742
3278
4434
128022
11218
476
4168
5928
2340
1538
6700
6128
1794
7046
84342
6526
3184
10264
10148
3460
4176
7904
576
12116
3752
5152
1922
4800
10784
978
3910
1876
159728
2022
2612
3442
11288
3010
2760
5148
5400
4348
2830
3802
10376
4150
2730
6008
216286
792
4562
4378
3638
3150
8724
220022
2186
884
5110
4672
197628
3158
2660
3582
883696
7222
3326
11244
392
5044
4070
5488
1262
410
5408
5374
2998
3560
843702
4092
6066
2478
1320
264
1954
301032
2052
9120
2342
2524
7580
4752
220
290
5484
2954
1212
4966
5936
1982
4038
1776
3612
157832
1796
2904
3324
1314
6026
6358
6184
5344
5376
3014
3128
1416
3754
768
3712
1964
506
4652
1902
2506
3754
7290
2228
7290
4672
2298
2836
7642
8328
648
978
8966
5856
2052
2774
4036
4216
4746
258
6462
2942
550192
1394
9316
5550
3248
4024
3006
2280
4144
5602
5568
3162
9888
233998
2610
1686
7784
5250
1394
882
5374
3824
3670
2832
1090
3070
320292
4260
3710
7384
4940
650
2172
2600
2792
430
3644
1782
1236
6810
5374
5764
4450
8084
3612
4564
3420
1902
5558
6456
2382
3044
5094
3586
7790
5062
6598
1252986
4604
7220
3350
1984
2244
384
3656
4018
5720
5404
8658
386
4470
162208
2332
3426
3216
5422
276
3460
5570
278
1090
354
5548
1185046
982
3654
4164
7250
4822
334
2554
3286
2904
8812
1270
6106
8368
5652
4630
5558
4440
123404
3780
2606
4034
3384
414966
178304
4874
532
199416
1978
862
1548
874
461316
4536
3154
3966
420
6420
1728
5932
3814
748
3568
2892
6418
1910
4446
3996
252
2964
4616
1644
1348
6842
6070
1502
4348
5114
3126
1568
5868
6840
1516
1782
4198
2002
3684
2802
614
7084
5430
6222
9466
1674
5832
972
1978
1512
6728
4794
1250
3416
9170
9334
5132
742
1916
1514
3348
1556
466
7032
2648
538
2444
4346
60442
5246
4886
2906
3002
13508
5578
14356
4644
310808
382
4582
6140
5628
20436
646
6294
4474
7216
4434
5694
3538
4384
4390
866
16056
4542
354
2014
7118
3260
10274
5022
3954
5578
6268
314642
1946
833506
1474
3340
5086
4302
4134
6144
1108
508
3348
3902
252
8004
6428
6606
3344
4702
3436
1644
2076
4862
5108
3482
4730
516
45122
7950
520970
654
4492
10038
5332
3416
2926
4074
386
4946
4512
11384
638
1130
8722
248
5640
6762
2026
378
1992
5074
4324
666
112950
10046
988
3912
3532
2426
4446
12392
6042
4228
3006
1598
6968
734
4354
8612
2186
334
7202
3966
7514
200158
38230
280
254
4978
6636
3642
4022
4746
1872
708218
658
1950
6290
350
732
3708
386
5182
5266
5840
8830
3010
93236
2094
1626
9686
8924
362
9792
752208
833568
3532
96210
4950
4094
1660
5022
4086
2382
2132
2098
7168
5962
4876
11284
2540
5706
6338
898
3978
9764
3294
1906
6838
5586
4410
5328
3880
256
3582
5216
5670
1093526
9464
2350
9100
2226
3528
880
2600
1762
4450
8662
1204
304548
3004
5978
8224
3430
3874
3038
4158
7182
5086
10902
4628
10118
4570
2700
242
4270
2536
1992
2496
5152
6458
3984
8084
1762
3390
5062
2232
2822
626
2898
762
232
3266
6268
364674
8568
4222
343158
1032
3304
5020
5318
4698
2156
5482
386
9360
2054
10882
8710
1972
422
2516
92996
5100
217998
3734
2422
3008
2598
6488
7930
4102
868
966
5064
449192
2294
6772
3520
646
284
4242
1694
10918
316
4494
1920
2254
1506
1790
1928
6176
2600
4022
4164
1834
3986
4062
7068
3050
780
4410
13472
2708
278976
320
202868
130910
6642
6430
3222
1382
132974
672836
8502
1570
404
416
5722
1480
386
9520
1562
5452
662
10402
2858
2120
4510
5492
368
3724
1538
2392
2744
7212
928
270
2998
770
3568
3264
570
868
3634
272
5006
1946
4922
3066
5712
7120
258
482
3312
4490
5420
2838
1760
6504
15994
9152
3824
7216
7308
3756
1834
2920
123496
1010304
346
6952
518
6660
2250
7840
2110
660
5346
5022
516
374
5896
3780
10382
4538
2712
1034
4346
4732
1416
1020
3844
598
917840
290
2168
4432
1336
5372
614
7228
854
8096
3586
4394
441478
642
2594
626
5816
4154
3556
3780
3876
1824
5832
987998
2864
86494
726
274248
11332
11100
262630
3724
3320
2344
786
8048
1014
3976
3340
1868
5598
306528
5594
314
2202
1110
1652
4232
2898
780
4886
1492
4114
2694
3140
651566
884
7410
6302
516392
5084
6422
1854
2402
2046
3624
4904
2312
513042
942
4376
306
4168
5364
2518
498
1700
4680
3162
2680
3984
270
33884
760
3200
1426
5272
4130
862
2592
422
1144
1376
3154
5216
2888
5332
5558
2462
2460
3262
1568
740
4268
514
64422
2422
7934
472470
127468
112358
262
2544
850
1110
546
3540
5212
12222
159020
3100
5192
6866
7992
3138
3506
4878
5536
8122
5532
3992
5446
6050
3338
8008
896
257234
5206
4212
4084
3092
550
616
5898
3852
3178
5998
902
6706
3634
5860
5488
1462
6828
726
424
266354
490
184218
1452
6256
870
6326
5730
3248
2784
1220936
3706
148478
5446
5682
3460
469218
3410
904408
1202
2344
2248
6662
5442
2834
656
1582
463558
832
4524
4254
2788
2772
4822
292
3504
280
630
53454
4914
4654
6592
2418
3196
1021048
1114
5922
21928
3616
7900
3724
2726
2272
1330
2610
3050
556
1202
426
636754
3058
3488
5354
1898
514
8596
250
4698
754
5998
7452
3736
2166
2450
5332
3154
3432
5498
1996
5312
4286
718
11368
404466
380
5888
5600
6934
516
5724
2118
962
2796
8036
4894
6726
4702
4512
4736
934
850
575480
3974
770
5624
628
11368
3550
4202
3022
5638
4880
7608
5388
5334
3314
3020
854
1010
2466
1220
2638
278
2206
1994
2204
5050
5120
327796
2452
8004
5304
3454
6698
169332
7586
4738
2246
3448
3042
6530
3810
3406
3714
370
2474
1928
436
4028
2744
2584
8186
2378
5392
2732
291178
6688
3984
4992
246454
1640
4312
5116
6884
2944
11908
5192
5452
4574
35118
3624
378
2870
378
898
3754
947718
4536
5144
5216
6336
272
8120
4994
7296
4600
1614
6388
2700
3642
3354
4930
5152
3752
3174
104076
1146
1502
4418
7088
9706
2302
1396
278
290
4232
3298
5678
6848
150532
2590
324
1478
2050
8136
1712
4476
1444
4588
3430
5294
3426
2820
15164
502
4314
6000
646
424
5984
1754
582
201600
6588
3946
292
2622
2658
3574
5282
2384
3158
286
2840
6464
3606
4660
1996
3276
4152
1336
2994
3268
496
3064
9712
518
534
7084
4816
670
10686
1368
5530
366
4218
3666
2962
606804
5632
2878
9590
8082
1764
5934
3908
5844
916
478468
5698
4664
4184
2018
3948
5390
7702
4986
4054
7948
5506
1854
3462
4222
5530
3706
2712
4390
374
3506
4564
4238
3480
4242
2948
5968
124468
7042
5644
610
3248
4552
7216
2934
3568
5878
3692
4972
1864
5102
1176
1876
4132
660
9782
7050
3096
21094
145922
3522
561488
5922
418
3000
2086
3668
420
4332
258
3022
16022
7172
4220
1524
282
256
3774
6016
6038
372694
4222
926
5224
4622
5976
2904
2378
2896
1168
4036
2468
2644
6228
5570
2220
3332
718
4136
1828
2806
2132
384274
252
528
5604
630
3504
10392
1924
978
4924
4826
7030
6518
646
1434
3330
5022
1932
4790
5280
358
580
9448
3770
1818
3072
308750
2488
638
1290
5738
305360
4456
1170
12076
1014
10978
4280
654
11648
2196
4490
426
5046
4302
12224
5132
2502
4768
9142
4966
148232
3518
1714
2164
2852
5720
17752
4006
5240
7196
80416
7408
2642
2596
2534
281716
2244
4340
270
4372
3710
4506
3444
290
3682
4654
2130
6990
7358
6942
223744
5562
3310
3080
4352
4772
1136
8500
112868
258
8550
3978
3024
11964
12300
7138
9444
5454
8254
5856
92160
3330
458
4464
5144
4760
4082
4588
9024
3320
25418
1818
1266
4908
8852
19008
4108
4036
4608
3100
3376
550
5854
1706
962
3504
720
1450
1900
3398
294
2272
5602
7624
800
7652
73522
822
2562
5092
3958
3660
3388
1134
1976
4120
4246
2310
6282
5016
2260
300
3206
2006
5590
6656
1674
231590
10008
6364
1638
3026
9182
3114
6020
582
2698
2626
2124
732
3348
3692
493602
632
4522
2976
6862
2844
286
6820
1218
5016
4390
16468
4820
6256
469228
9230
5208
8276
638
290
6524
3896
10474
5142
5252
1816
2490
3734
4132
238
910
6560
650
3924
2036
4552
7004
1478
3732
2160
8332
3642
2134
2636
4018
17454
8144
335838
1694
2712
3616
366
4144
3108
6626
3876
716524
3620
4628
551034
912
4368
304
13880
5858
3520
442
2890
10104
3426
11392
4682
27526
3332
4120
9312
3840
4968
4724
4578
1070
5700
4636
3044
2398
5742
1390
2884
4286
1298
5094
2960
668
13554
5214
4816
5408
428
1504
4176
6440
279486
2642
5528
2854
2766
3008
1508
2874
7144
342186
5626
562
282
4638
6024
4758
1174
3198
3968
3830
5036
5392
3410
6142
2120
4458
1968
5106
530
430
1886
3856
5956
5134
2668
5404
1198
519670
1230
9098
7634
7438
9312
6118
7418
13900
8620
2948
1342
2006
4648
3206
4194
2774
14278
848
3830
2132
5326
1064
7274
8980
8482
922
290
1396
3466
733224
4656
1630
5952
4714
5048
1990
972
4880
6678
6002
4180
6526
252350
3304
10052
866
2632
2730
5982
3392
3612
928
2400
5904
3840
4362
2632
252
2196
358638
2728
1912
6288
1074
386
4450
4486
13600
4740
2896
4616
4146
4282
3600
4216
1658
9002
3400
2258
4224
250
6740
2974
2704
1700
3472
2736
1792
2896
5242
2172
4624
5426
585636
1190
1396
10788
272
834
3476
5754
1214
2830
1490
140494
2916
3850
5212
59250
2384
1472
5164
4396
7434
3886
6076
6228
8578
280
5070
3872
2096
790
2100
670
1520
4410
50500
1125008
1104
3878
3402
3742
5166
4606
1348
2648
2564
506
10052
2326
226
3638
2816
1950
2070
395330
1466
3476
4824
2148
243462
5138
1292
358102
1782
880
534268
3934
538
658
1056
8548
4762
3846
1372
4584
6448
2832
302
3868
864
2540
4284
1836
4652
5440
2092
28522
1112
6810
7702
3322
2786
1942
5460
272
3558
426
2472
3390
10570
1940
4530
1350
370
5268
1102
2728
2822
6100
11476
4668
1852
3454
3252
4406
474
4816
5406
8356
3668
2482
4852
2640
3014
2648
8112
488
2790
1474
8278
1650
500
1314
5468
2074
3040
5788
814
5470
2820
736
5778
220134
252828
374
226
3480
14148
4784
1602
5960
5474
2660
4688
252
1142
612
1376
772
2938
3194
1400
1154
3184
1850
5816
280
1824
3314
2142
5172
2620
3774
1798
2668
385406
6652
4910
2582
970
81170
2588
6094
6974
6570
5152
4078
278
24480
2264
8022
1179860
680
5498
1714
8458
2134
514182
2688
720
5480
4974
6402
159430
1032
7628
4100
5832
4508
4154
542
4666
3562
474
7074
4232
2034
5868
5196
390320
4282
4360
3710
1926
4838
3254
4320
3866
4372
7212
1680
1586
6186
566990
8792
2482
4664
3124
3828
9736
9372
258
4360
2734
3172
588
1052
898
2874
450
101992
86424
366
126932
1192
3844
11030
3616
3316
1778
524
2394
8108
2220
177548
4528
504
588274
854
3652
764
950
5312
2454
3914
3580
8206
3120
3264
4686
14026
2946
2536
4090
6826
3044
2656
1982
2330
4588
6978
2226
2756
432
4248
5730
456
66656
7610
9342
3784
34128
1660
766
3256
8846
3310
2566
5700
750
3586
650
4662
3682
645132
288
4486
500
508
5264
4098
833964
634
5174
964248
5562
4674
784
1534
5088
3632
2648
7090
5088
3482
874
4788
2832
7180
732
4006
1984
982
5784
7872
9692
9392
5000
4336
300252
334
1738
522
8422
382
4640
2406
2478
3270
3892
1848
1016
6362
532918
2802
1508
8042
3520
7010
16918
734
7042
2398
3220
548
3838
782
5036
4272
1714
1328
3286
2138
510
2218
5344
4554
350324
2102
2142
6148
3802
484
208382
4934
3126
5282
3488
496
2622
6832
238
716
2310
7576
248544
2928
5136
2630
3768
6126
2804
1114
2708
5686
3164
4414
3598
5600
240
2580
252
7468
1078636
2300
159048
2304
1830
2922
2268
3474
1035954
3680
1086
3328
1355698
12432
12238
4644
1432
77136
115108
716
6596
1194
8976
3794
1594
5940
1302
4654
3662
4290
7506
478
1494
5944
2742
2696
2436
1274
15886
282
2946
5650
4500
1008
8916
7152
3302
1220
4254
3690
5356
894
3304
2070
2252
2152
3692
3086
4622
486
2440
3006
4064
1958
6476
4222
2518
1424
2650
9372
5376
2198
2222
2142
1472
1570
2314
3792
2538
2508
7292
360
2784
4082
377602
1710
3112
736
8696
772
4220
2650
4008
3886
660
6390
1306
4028
2598
520
5362
4994
4192
2620
7524
2478
640
1180
10506
30568
4424
2708
2456
4186
181432
3986
7636
428
2986
1948
440760
1260
2286
2322
654
2096
2908
5896
3332
1652
8366
3656
264644
4474
303104
2656
119580
1360
6362
1340
2108
2392
494
97784
1334
7110
6482
2776
6178
472
74260
892
7208
4068
3982
152390
2422
828
4662
11420
5542
5722
7204
3402
2380
1144
3480
9010
2418
2140
5570
1924
348
462
5672
252
4888
5048
7592
2544
6948
5234
1426
3758
2204
2888
1070
2228
2314
290
2304
1800
7360
896
2832
1706
2960
1990
1588
3376
7618
1726
884
6804
890
8090
3892
657956
2788
496
6928
2312
4372
1244
512
834
3754
168900
11162
3018
4718
3966
3244
7444
1590
3844
2176
4548
6866
1748
5308
5756
4920
4704
6980
2566
764
3252
2644
5654
3916
3630
1122
2574
2816
2492
2344
4312
384
2660
3724
5100
4338
5214
662404
2206
10430
4322
846
8326
4454
4370
4924
6454
3946
362
1021488
3758
2200
858
5894
4642
502
1542
4064
4136
6522
11408
3326
9470
302392
865038
3792
1238
4116
622
6130
8280
589756
276
2004
5318
1818
1346
6078
484
5858
4314
8034
74712
252
1548
2924
506
5778
900
565036
874
7510
2202
2918
1852
1150
880
3942
537816
6660
9058
5884
5946
4612
85462
250
3818
1348
102304
4814
1844
5886
5402
490
646124
3852
4400
72826
2522
354772
3936
3268
7242
2512
1126
5594
2100
2794
2972
270
3300
4792
1558
548342
3754
1408
3570
6902
7186
1910
1478
3194
1972
738
2894
1384
588
2346
1990
4740
3468
6644
1952
356624
1612
4820
2598
4190
55502
1076
2676
2986
250
2820
208612
3788
3146
6234
3402
6230
9094
726
3070
1822
352
622
5536
2734
782
8458
8896
1542
872
1028826
7888
996
5298
5224
7024
4752
6738
42386
3028
1204
1674
1704
3092
1320
2714
7826
2500
4366
4352
59786
5976
3628
1912
4282
4888
14896
5290
79484
7210
4066
5172
5838
3324
4060
2792
11460
486
1684
240
358
2610
4452
4766
4336
2180
2710
7178
2946
584
678
4046
3016
3144
4116
596
4296
4884
2898
10376
3128
5062
296652
96696
4218
4958
3372
698886
3434
2298
2960
3768
636
2236
5310
2444
3462
3654
4404
16140
2174
134906
75282
1106
1664
666
468238
2896
866
4356
4030
3438
2150
880714
1014
720
7826
1012
309390
280438
614
3024
4456
362
2612
292742
321706
734
1432
1730
206674
5852
25426
4580
2756
1532
4860
8030
193732
4262
7254
4466
966
3932
2312
734
270
660
7348
2960
6914
3772
2556
378
133088
6388
1192
194988
146938
2604
3394
1934
3380
388406
1968
3308
2182
321456
2146
6474
2594
2130
2438
1956
648
3066
7722
3054
600514
1564
952
3438
518
3894
3574
1604
1438
1053208
5666
1944
3996
4146
4206
2340
5066
8208
240
1438
3184
4958
788
191780
788
4812
5142
1192
3074
1810
5006
290
2878
7378
316
4934
284
1604
4080
2492
605434
3368
1004
5968
1470
360
2098
364
562
3566
6218
4088
7364
7162
644
5574
6338
2546
3534
4392
2758
1606
2964
5948
3078
8782
2496
2538
1804
244944
23140
8426
2056
5116
4508
284
5462
4792
4772
5918
3872
5948
4654
5176
3898
2698
17696
8766
6128
9084
814
6618
3302
8138
6862
526
7830
6138
3222
6248
4366
382
6590
33040
5788
888
678
264
346728
504
321636
6246
10238
488
4600
4940
7508
5848
1440
312
92808
39994
630214
2100
401988
1964
258
3466
6900
3346
832
4190
1738
2956
3338
6886
2702
5122
58408
4732
281856
3926
380
113728
2302
3054
3648
68960
5186
64742
5186
8884
388
1766
9916
7284
526
4052
2144
4026
4956
1934
4988
3546
247090
12130
5554
153762
4544
634
908090
2262
4094
2178
918
288
1900
4382
5362
3894
252
1340
2406
4474
7446
3498
508
670
3216
258
5174
2004
9170
3704
1766
2246
870
3870
276
2552
6676
7522
2774
2368
374
3400
5290
3452
45546
420
10012
4398
7086
2508
4500
3800
3802
808
6050
3188
266
4376
3610
2970
3954
3762
364
2710
7662
4316
1190
3324
6418
4406
3862
387590
3986
822
4336
5622
5778
5304
2200
1522
1350
4570
10036
3216
2424
3834
3084
1330
1164766
8014
1640
122546
3450
5404
6498
4912
2018
3764
2630
2784
4600
6766
2494
418
7056
4560
3620
8532
4284
1746
4100
524
5316
742
368858
11498
7726
5782
5790
2036
3998
874
3880
4638
3162
17262
348594
1306
2184
3672
2856
1012
4194
2730
5316
331338
294
3892
2894
854
2148
6264
1114
4744
8072
4118
798
650
1954
6100
1708
5076
5108
6950
5796
1686
6810
2538
5296
3170
3004
1664
5408
7724
276
2202
3340
4788
4190
2828
430
8806
113138
5456
3160
1708
3252
3698
12238
2976
2870
1510
426
8140
860
382
3504
1562
7614
330562
3800
3982
4060
4508
8840
2760
826
2790
3168
2250
3196
5338
5126
364
3938
3664
526
5206
3562
10378
2124
1898
3448
4898
810
1842
1756
5286
646
1908
6266
380
5210
3600
8830
1762
3002
5452
8978
2228
4216
2604
4464
7584
5214
2378
9010
2304
3750
2184
4352
6154
6312
546
3908
13214
2204
1252
8366
2062
2594
936134
4074
1542
3516
3880
3982
642010
4894
4404
1710
4498
3672
4578
6712
6522
1048
3424
2206
3790
448
1914
9058
2078
4220
732
585742
3830
2514
1350
67366
3150
1892
2408
4806
2604
3316
3942
4588
4278
1546
5826
896
296
6574
6362
938
6240
1114
254
3542
1336
240560
171734
1262
1614
2188
4418
5496
618
3722
6720
5030
3020
6994
124806
7244
2042
3694
4844
2842
2510
687424
368
329282
1128
3926
4226
7960
137024
9158
2676
4224
6838
2086
3990
5830
4508
4440
3686
5092
580
4576
1948
464
348
3066
2194
2870
9540
1248
6110
1216
352
7824
56628
3700
484
6482
52142
1186
2878
669048
2622
1970
5914
3040
3862
602370
4374
2812
1738
3400
1016
2666
4092
6850
5208
6660
289656
4084
774
2086
371578
3298
4850
2156
1460
2916
268
1904
3218
788758
5562
5160
3052
10144
2890
594
880
2720
8176
326778
5624
9154
4878
1726
600
5590
1426
42428
701892
8424
4904
12478
1208
516
3416
1608
820
1914
276
6824
2886
7406
4700
4942
3714
104560
3232
386
4622
7922
1834
2942
620
8590
3146
1784
6362
6180
3324
1648
8824
9072
407618
79708
5776
260
3720
10692
4056
918
5616
1574
2440
3604
2530
1412
1498
5506
4096
4400
1534
245654
2226
4600
10768
8356
4138
1776
2570
648
932
3112
6406
754
8194
5806
6954
1013184
4406
62734
1338
6070
2954
5336
4026
374656
952
2682
458712
6256
2650
1942
2516
6514
372
3792
150100
6146
3620
3536
4406
85844
5280
3320
275894
5640
3914
842002
5364
3478
422
3608
4208
610
1400
3358
452414
3238
3398
12094
4552
5758
2212
2716
230236
4610
1492
2026
3956
4558
4982
2874
3340
4878
2712
4852
1774
4984
4030
393346
3474
4344
76492
1414
2488
3288
248
3882
5434
2016
2468
11792
7118
238
8306
3206
250
57122
3034
6442
4802
2298
346
6316
2150
7088
3394
46146
2550
1686
2886
1216
5902
3884
6350
870
3530
1156
646
2754
1244
3052
5168
5066
6416
2540
4960
5694
8276
2292
5680
498
3358
2954
2812
130440
2816
17988
2206
3946
2460
418
6760
738
3356
10276
256
3178
250
3252
6746
14288
5308
97868
722
9634
7654
2998
4322
1442
1382
770
3844
1182
2736
8354
1806
1506
7182
1349886
6324
278
5298
3232
752
2434
460700
2144
892
250
2518
1724
656
3708
3582
6728
1138
2094
5220
1450
2492
3348
4178
7614
258
5568
4638
2994
4162
5386
5700
286484
5786
4528
4574
2180
290
157854
4238
1276
1660
370664
4456
3246
728
2980
5308
1096
2852
5478
2240
178148
2958
10034
2100
2596
3324
2864
4804
3092
1948
6618
7126
302
6330
417070
2716
7002
1896
2964
3368
6608
5332
3298
2366
6238
5448
3206
7994
1908
372084
472
2528
3478
6506
5654
319764
1132334
239040
2478
2020
910052
2362
1798
4448
3428
15644
9746
516
5668
1806
6100
1744
422
6690
4452
4918
5194
1952
2900
836
3620
6844
1610
3614
8112
145432
2888
6804
7446
2758
5076
3328
2618
894
101784
3654
2866
9116
5420
728
2440
2410
1398
3858
8190
3616
2866
3920
1199502
1606
4218
1010
4120
4528
644
4060
534
3634
2208
848
654
2004
266
4638
3294
376
4374
3774
6140
1762
952
4182
267304
4784
6932
7298
4796
164786
833774
3130
2544
80700
1612
3428
53212
3820
3958
151982
4310
4322
2918
2612
4704
990
2428
4218
2332
6746
380
3868
3328
278686
640
3558
521346
868
2934
2876
1722
4412
6036
2354
3138
1424
2636
2386
492
1906
2138
208824
2640
94136
3128
4460
1660
800
3600
498
3984
1922
6750
1568
3430
3736
1584
1276
2042
4338
860
5530
948
8732
4612
5110
304
4008
920
2316
3394
2476
5704
818
650364
386
522468
4036
2072
4354
1242
2100
4344
6566
6918
1118808
3370
102240
6508
347956
4192
3126
2036
1324
5084
756
760
4384
1090
4374
4976
214512
2012
3794
3058
68628
1656
944
807384
852
2732
6278
2982
3138
3360
872
1270
4030
2928
3278
2658
942
5312
2792
2836
5294
5482
1570
5180
4154
1974
2814
8282
11506
3546
3512
3832
1621906
11208
5836
7428
4698
2886
3556
4324
5308
356
3824
4390
270
276416
5474
4000
4396
3904
634
1116
10396
1384
464
2164
6458
141488
214716
3246
520
1234
714444
1482
4558
3006
488
3622
1200024
496
2120
2404
5018
5744
4072
5454
7658
2648
598
2632
906
128834
1528
3616
1140
3322
5544
10142
742
3112
3156
2582
4050
12212
380
2020
3482
4970
564
149192
450048
1986
3450
2954
4690
4078
4782
39758
386
2938
1096
3568
770
3814
7654
594
724
1482
5124
1770
5124
5658
2080
1674
868
2672
402134
3392
376
46222
3772
2834
8484
510
238
6052
3496
258
6798
6138
3016
3572
3084
2278
802
4550
3452
3724
4376
600
2672
2638
6832
5948
2146
1318
2666
109704
1874
1204
866
504
724
902
5756
5498
333812
303638
4450
1294
5684
3038
424
2756
1033042
570004
6410
4036
4862
5924
46808
1144
728
4168
6216
5658
978
495212
3950
1526
2686
5566
2292
1000
10718
384
8496
536
2596
2372
2858
6404
384
8788
3374
9362
252
1898
592362
1818
250
2860
2414
2348
2818
73114
362878
5366
484
3202
4500
578
1976
2950
1338
1130
366
1380
2442
2984
752
2468
4992
5402
476
5138
2966
5232
1754
3824
6226
3600
2230
4944
1200
4676
6544
7146
420
4650
67038
2338
640
3862
4582
5646
4472
90822
232
287864
1016
5016
1520
4164
569930
796
3960
82452
2164
4430
563236
11500
129546
388
664
4558
4068
3722
1242
6186
2110
3044
390072
4804
5748
3852
530
3364
2704
824
512
204
4946
296814
5384
3920
1644
764
4664
252
1502
6602
5826
1752
6020
4280
9890
3614
4546
8670
680
305096
7000
9388
1608
5360
4142
9080
4528
6098
334594
207232
2640
3226
2738
16380
959316
4598
5832
2404
1892
3682
1226
7318
224
2776
1228
4360
4332
4256
2354
1116
4722
4934
3186
2494
5264
4936
2452
4694
2666
4014
466
2686
4378
8974
242
4376
3654
4560
6314
1938
5264
3958
3498
604
632424
446428
4246
3228
2186
7150
12966
5624
2640
4644
2908
8694
1772
4276
3208
7050
2722
13066
6804
3554
1812
1342
2676
780
5036
4656
32762
3614
6818
1602
1564
2912
5000
422678
1422
516
514
5710
1310
2312
2300
532
2590
195624
3442
786454
131094
6884
1822
4914
340
224500
5356
5218
4132
770
4742
1960
4642
3400
466
5198
4154
2196
378
1430
1398
1374
201248
7736
6464
182802
2500
1010
4550
5482
236
1502
2942
174506
636
5826
2566
4302
6096
4924
4788
3102
2788
498
256
2382
3584
938
5940
5022
4250
4662
4962
1970
2084
2532
2664
5786
480
498
1964
280
386
3856
500094
5840
588
2586
3452
5300
1308
5336
276
436
3692
4762
7490
2786
358
2392
1984
584
444
1612
145672
3154
3664
5502
73194
5844
672
1612
215692
740030
3776
3164
7220
3476
2732
4402
3748
3094
2752
2608
1146
1046
232
4714
6460
1474
2948
147274
5102
2824
8934
4184
596
246
846
1850
3478
45978
1894
2266
4376
252
58332
504
1072
103408
246
1404
2688
3392
4556
2750
1110
3428
2192
6710
3712
1138
3322
4706
5688
3968
2154
2890
2970
79628
6982
6330
796
50458
3916
716
34672
7966
6818
556
2228
4186
2708
6300
3304
1972
3736
3338
426
3300
3572
5948
3580
2850
6414
5086
2480
2778
4050
276
5322
6958
246
3424
2666
472
508
4524
570
2490
3816
1926
650
1096
1282
4712
4772
2608
4388
3138
2394
7490
266
888
862
3440
520
4262
1718
4390
4648
3856
3148
4500
4406
6020
4538
8196
9650
57300
1230
1070
1932
3712
2496
8022
5844
3418
1734
112522
2920
1924
1502
2544
3868
2130
6242
1664
372
722
540
2484
2782
7172
2790
10834
3198
4854
3366
3806
2792
1078
1196
3048
5206
586
2858
1422
5918
152620
1444
2238
175392
3558
3174
1582
2934
376
8474
3914
1660
206354
2988
472
4588
6606
44006
478
2764
2490
2436
5442
7688
3002
598
5424
116038
2470
960
754
1976
5086
164518
7000
1680
2468
759144
19764
734
874
1336
1978
7474
6532
5736
350
343596
4994
4376
1310
5272
1702
2710
1920
5878
2882
3852
1694
4436
3300
8354
5920
540
800
2676
4654
894
1040
683842
78260
6286
2710
6114
2870
5334
3612
9008
8072
3326
4396
1846
1310
1852
4778
428
1374
1608
1012
6126
2522
2562
248718
5564
6220
1620
1108
746
6640
1650
654
5006
376
3430
5482
4496
5554
3534
2406
114222
594
612
8624
4816
6386
348
3444
494
2438
41104
3306
2010
5824
3794
311982
614
1354
362
3494
366
5988
5600
5822
5180
11050
9616
8042
3150
2702
3230
4166
4300
2302
2378
650
3648
1826
1128
4304
1238
5340
1524
6706
1610
5678
5970
3554
3188
240
7268
3828
4584
4030
1510
473014
120814
3842
4154
525740
6350
2098
1980
2634
7130
2090
3508
2716
3858
3228
3694
1106
1742
2144
2328
2056
3096
6150
1120
1980
2044
3224
3748
4570
5452
6534
3346
6850
5710
2330
6138
5750
1858
734
4956
439242
8622
3374
3230
364
3540
2964
4042
2184
3870
4936
732
2210
5046
3018
3024
7228
1828
6420
486
1926
6624
2262
2456
1414
67464
1270
280
2266
2752
1592
1620
3234
588
4228
3018
618
5126
4718
2900
1630
1196
3512
3584
4992
3960
2018554
5222
2288
3276
2820
5780
3568
2730
4118
340366
3714
3368
2800
620
1982
157868
6424
5622
2630
3730
2634
2294
4722
1912
1358
2182
1210
6752
802
4114
5926
7956
990
9254
2374
2852
5216
1622
7546
7414
6252
1704
19678
