1111111:111111100:0:0:0:0:0:0:0:0:0:0:0:0:0:0: (total 14)
0 4 8 Thread 1 going to cpu 4
12 Thread 2 going to cpu 8
Thread 0 going to cpu 0
16 going to barrier (cpu 4)
going to barrier (cpu 0)
going to barrier (cpu 8)
Thread 3 going to cpu 12
going to barrier (cpu 12)
20 24 72 Thread 6 going to cpu 24
Thread 4 going to cpu 16
76 Thread 7 going to cpu 72
Thread 5 going to cpu 20
going to barrier (cpu 24)
80 Thread 8 going to cpu 76
going to barrier (cpu 72)
84 going to barrier (cpu 76)
going to barrier (cpu 20)
Thread 9 going to cpu 80
going to barrier (cpu 80)
88 Thread 10 going to cpu 84
going to barrier (cpu 84)
92 Thread 11 going to cpu 88
going to barrier (cpu 88)
96 Thread 12 going to cpu 92
going to barrier (cpu 92)
Thread 13 going to cpu 96

cpu 14 cur 14
going to barrier (cpu 96)
STARTING...
going to barrier (cpu 16)
STOPPING...
Duration      : 10000 (ms)
Acquisitions  : 12893518
696
2198
1614
3472
1916
1592
858
7076
349852
1302
1318
3208
3876
3932
1648
598
1410
1104
976
1398
1924
2172
272296
3812
1177588
2862
3360
724
1804
420846
1132
6220
2572
3272
576246
315842
4166
876
1926
2840
2702
4642
2874
3298
1726
1970
1874
2194
1952
348
490
2008
1798
1900
3616
6910
12058
2948
1768
1220
4526
1474
1414
1858
6232
7824
4352
4126
6600
3982
2862
2414
1942
345774
66222
3326
2220
2466
2552
2494
4042
2568
3102
489902
1974
3048
2858
1522
7058
1414
1588
4756
3002
4168
7014
7874
1764
21678
3104
6288
210488
2754
391206
3466
744
4476
4558
1530
95452
1122
5018
2842
85276
4756
1926
2314
2548
96816
3222
4708
4434
972
2800
4054
5834
2052
3986
1686
2514
884
5064
3642
4180
2580
2734
2414
360
870
1332
3498
3662
1830
234518
768
1024
3084
1146
2642
4526
6762
398
722
458
2566
136120
9178
366
2142
5006
1020
1166
3722
2660
1540
412
898
1942
4950
4940
4092
1332
362
3632
253034
258534
5482
1474
2812
5122
5106
12942
1046
8726
7650
1798
4550
6198
1010
1892
147252
7138
212142
1070
3072
8346
712
5872
2458
4946
6476
3690
46798
6016
1958
674
748
2952
456
4832
2620
870
2062
5284
1916
2006
498
3428
1826
2436
1982
2934
1738
3194
3148
192362
327834
2882
5888
3496
4574
2874
246
3310
5988
440
1234
3694
1034
1000490
5860
4356
184948
800
1540
326
1926
398
2086
2600
7674
7008
2198
2758
6142
1516
732
5480
302020
768
2704
1950
274
1824
4574
740
3060
1798
4568
4958
2060
1630
1962
486
8306
1120
82144
2162
2162
512
720
1140
5462
244
40954
63296
2556
7044
2366
2442
678
6936
736
2712
3240
3220
2874
3086
4532
3796
15360
2112
6394
992
546
2514
4196
410
1442
4008
481874
248
5660
5804
2246
5762
1998
404272
9480
168016
3194
2044
1096
180560
920
1682
2168
5248
3282
3204
3144
5210
2740
396
632
5354
5868
474
5542
348
2558
1302
2148
3576
842
7934
308
1112
3752
406
334
243958
356
2994
1950
2626
746398
6336
614
5272
10240
612082
358
3070
3156
2712
5042
4542
608
2412
546
575030
4920
3732
1018
8446
1070
734
506
1326
4108
8290
2824
1942
4300
502
50284
4294
1112
6944
3492
9954
358
406
7644
3466
1058
298
4320
7048
2378
2864
4348
31180
98714
2264
470
356
1110
624
6254
168132
904
433804
3648
2728
3150
6110
1330
3282
2900
4140
268
5750
4324
344
8082
1670
244
2920
2624
966
3660
4312
1330
7652
4620
4590
9236
670598
2712
2866
538
250
4850
2890
4750
550
4966
3934
2532
2914
1810
5156
742
280
102088
1098
2498
680
878
464
2114
1690
6216
512
4018
502
740
3352
436
7702
2194
406
2850
820
1804
3526
426
1398
1760
3604
516
3494
4776
4888
1688
2884
406
5212
2580
268
6432
2082
1082
2944
3734
277520
4568
7220
4076
2068
5238
500
293558
1552
3242
2280
93162
3836
5046
2638
3796
4446
464608
1646
3080
4516
3152
1766
1876
3790
2274
4360
5140
1586
5006
1836
9364
474
274
163050
12128
8538
5802
2520
3426
2366
167700
7476
3148
67550
6406
1584
30078
4726
356
4120
3782
7052
7320
231676
2792
7242
3236
508
216506
1886
3610
544
7340
7548
4406
4108
522
240
2276
346
7696
584
4104
2386
2522
3544
270
1480
50940
31878
2048
270
680
8334
764
128466
2728
3028
1358
4116
588
910
1132
5268
2450
234
4164
1628
5834
2612
2688
1248
1534
105076
5186
528
4592
5532
1218
2064
3666
4062
4112
1548
2952
3880
5296
1798
286
2560
6174
3264
1664
1142
9016
7576
4896
1236
1138
286362
2972
7548
5548
798
6788
8422
2664
4606
277180
828
1318
258952
3392
1762
3024
582
2378
6326
5358
408
1822
7144
6508
2304
598
4080
5842
1896
7574
1794
2494
1850
548
9066
3196
1376
3926
487024
3744
2250
1554
864
2828
4316
256
2540
5874
4738
3292
246
1780
2712
2582
444248
866
678
3704
3906
4400
2346
5644
399306
4664
10256
4678
6194
526
3838
748
8334
4742
1936
634
3472
1342
2808
4216
2290
667518
1600
2240
4736
4726
1340
2672
3284
3224
1356
4348
7140
3934
626
832
7306
624
880
11692
594
186436
1666
4284
1550
2280
2046
7818
2744
1886
2522
846096
383296
288
464
2618
1080
5916
294340
3012
5970
274
280
3360
1156
252
5894
5402
3734
626
1852
5960
838
3604
165052
5648
748
2142
2624
3022
2240
2466
3970
67474
804
4282
3266
4474
1180
1968
2410
616
1280
3496
1360
2732
1238
3062
240
846
75130
1206
1118
588
472
1518
248052
422
285112
746
49388
5518
112348
2706
2506
3786
1720
2384
8092
500
3390
27172
1422
5582
1602
3370
2964
1818
2100
2828
2366
2448
175724
3020
2546
618
3696
3410
1536
4942
1868
69704
33568
6002
4072
2518
4864
4266
2016
1428
2458
3394
1766
2398
1216
3036
1924
223992
1854
500
2372
362
365432
854
2564
3392
3924
602
3600
3572
452
2700
5830
1468
1248
3344
2932
4638
272
4924
5226
594
705754
1834
2854
1072
2502
3218
250
3320
1620
1790
1288
2752
1880
2688
232
4780
6918
4698
248
3048
1508
1980
2130
2422
4518
2144
2860
4456
474
3330
2086
3314
40180
4598
174056
3146
1776
5466
2944
2928
4870
1992
1760
2514
1772
2304
1712
2598
6270
2820
1590
2462
9276
546
5784
700
342
7990
1754
24114
716
102632
78324
2686
497496
1714
2752
2164
7312
1602
2748
5500
1618
5162
2718
3802
4066
2550
284688
518
2468
3988
2484
1104
2390
4542
2292
2098
103860
2078
613200
508
2102
34152
3036
2400
2552
1980
3118
982
3278
236
2144
2252
1982
59570
4918
136850
6736
3452
6302
1470
2994
2258
2704
862
2796
256
3468
75734
3572
1588
3824
1548
4784
2328
5908
1976
3044
4660
1334
3248
2468
2372
323996
520
1888
498
2550
2708
3936
4370
4404
2306
2876
2890
1354
5878
2054
6176
1644
167552
1504
3154
5188
3186
1416
280
1186
58574
2748
3964
250562
1548
884
1092
1158
5116
484
2422
1938
10254
1654
2148
2064
1272
8942
2884
5486
3238
3198
748
1128
514
2620
2790
2280
551974
11156
2178
4678
2314
2208
4638
91162
754
4526
2068
2198
394
396
274
3078
593258
2380
996
678
1932
3610
1810
214002
255016
163936
3980
7400
1208
1586
1534
972
1312
4290
3582
5284
2406
220
618
406
4236
2898
2206
1754
3792
73440
1910
2162
1654
4670
1854
4776
2268
490
611110
60658
2510
5756
254
452
276
4610
2408
370412
2758
2216
624
189718
883844
3552
7864
1150
513470
2100
278
258
96650
282
3608
268
2342
5810
4136
1410
1498
612
1458
2148
2468
484328
120946
2780
2856
1390
3152
3024
4210
2460
3640
4380
5514
172158
6130
604
2052
512
3218
1376
2088
87012
4188
2308
7490
4092
3584
5234
3220
1378
4258
4244
3870
1628
2366
3714
3676
1234
1698
6076
398
476
3664
6212
2534
4152
6836
403008
2518
1960
4250
2584
3472
360
3412
4982
3116
404
2254
1846
542
3080
2190
874
3698
4596
2706
619112
3842
764
3174
7904
5024
2926
2154
3914
4898
866
2828
3314
77236
419048
3210
379976
8264
268
1960
9166
3120
3528
250
6026
5174
2182
3780
1168
2082
1472
1142
3174
4566
830
4730
2372
2688
1948
1798
1366
126780
31804
5314
6584
996
1982
3176
720
178226
365452
28700
282508
2648
2082
4662
8004
233320
1728
1814
522
1880
3098
3688
4938
1624
3550
416
1732
2346
590
228
4760
3116
2564
4470
960
9488
1230
7096
2650
2660
2608
1494
2194
2050
4150
1310
1422
1924
906
402
712
1790
1824
770
396
1988
516
2726
3604
4826
3790
2430
2626
1592
1065212
1244
2688
4484
177088
2710
676
3572
7212
119816
1924
4944
2388
2304
3256
742
1190
2972
396
1196
2198
2740
6710
1358
446436
678816
2888
68110
2614
329894
3540
2434
1432
74290
5464
1832
6334
402
5990
6864
606
3168
1348
1006
3230
4130
1652
5110
396
3498
2946
612
2560
2164
2706
4410
2400
2522
2914
1950
2444
191774
3282
1544
1736
412554
4344
1394
2976
1896
4018
4250
8772
1130430
2226
1516
510
2906
1100
4890
53824
5488
1762
3272
1994
1748
2566
3260
107224
872
377966
1132
3576
154996
3294
3806
1094
3030
524
2114
5644
2230
9656
1486
5484
3608
355022
5202
1678
4304
48056
4452
794
1746
802
3076
341678
244
1664
2230
1044
51738
3312
4100
5728
4460
1906
616
1814
5464
3342
1340
856
3184
1194
1612
2812
2236
2418
2006
3060
2648
67374
538168
2246
3558
2490
18716
3926
4156
3480
906
10530
746
91714
3334
4640
5404
254
1356
2538
6094
4764
1724
47700
1826
5380
5572
5020
1850
6410
4398
509108
1868
1230
412
11466
870
1470
2128
3552
4230
1620
1474
500
550
974
3200
10176
2368
7860
679020
398
4400
6256
3440
620
1684
348112
5856
3334
5644
87132
7484
3906
3310
7002
499146
1288
441608
2006
8856
1858
385256
1690
67650
2464
2288
1258
2306
3224
2452
226
2376
402
4974
1780
3112
7144
4606
1606
6990
3752
3728
99162
3404
2714
3424
2042
7986
2704
1806
1120
412
962
1444
3070
298006
1980
812
142358
362
2628
1282
4032
6562
7122
2894
1204606
8266
2056
4840
131800
396798
2664
1910
3690
2000
5166
4404
2400
6046
2114
2290
1682
2132
3402
1266
712
4052
3048
4416
5786
1026
5128
3184
192152
2430
309264
8400
333820
2400
3990
3416
2368
4568
2440
2988
2018
1486
3172
3240
2580
1948
282
1806
3306
45502
3418
2630
964
1446
1058
1832
1650
2930
3700
754
2422
386
966
1844
276
2216
2658
1252
1978
3196
3284
892
3338
1760
47612
3344
3084
2258
3774
4214
3166
3140
10322
1034
3658
3194
7300
6200
954
2482
3908
268
1400
418
712
2536
6460
342252
1844
2668
2214
8410
614
1110
5310
686
90122
1694
5796
890
180212
842
6856
127870
3148
720
10648
3710
1628
1558
1384
150310
78268
532
532
3520
1694
1764
1064
2050
2368
2228
9088
1868
484
2812
1386
996
494
2856
1594
3586
1778
4488
3982
7558
3134
3786
78782
1466
1618
600
4890
3808
3544
2564
1282
270444
3108
2882
3386
2022
946
1650
2730
2496
2882
1190
50784
2670
518
1650
980
958
1250
7434
2008
364
3650
4270
2628
262
1628
2792
1888
2260
177046
562
2368
2282
5154
144434
1284
1138
710
1126
4888
197504
3532
3606
488
4678
2284
4984
3450
14780
1102
6276
3760
270
1826
2254
1960
1692
2006
490488
3058
872
3636
8208
642
1870
3424
406
6914
1804
3364
1034
2504
1130
3488
1460
297870
4118
2122
131800
2878
2118
2226
2086
2228
1794
1350
600
49504
34320
8660
98760
2364
6312
2428
6514
3818
362
3336
509168
1954
2130
274
6890
4174
2624
11804
1906
730
398
6224
172560
100434
2730
6270
1630
3958
102920
544788
2860
3062
2774
1976
1686
2958
2804
116378
3104
2244
8136
2518
1096
3860
1512
1796
2276
1128
4244
1810
916
2734
3660
424
569236
2028
1998
1840
1568
2264
2806
168398
1752
3688
402
3506
800
147246
1908
3436
1714
182872
1114
5392
3008
4236
2614
96568
5930
701210
3094
232748
1674
406746
3200
3434
11628
400632
2586
4622
508
492
974
3588
3306
3326
622
289666
7950
13408
4688
315076
604
5530
2430
4786
4420
4074
547514
2400
472
610
1392
2554
6840
1458
3534
470378
2202
1316
5220
2652
3800
1020
4738
5074
396
1674
3082
3698
710
1002
5244
1262
89264
1600
348650
3754
7948
1746
4818
802
908
3602
2916
592
2930
1680
2600
832
138090
260
4506
5254
2274
5772
4272
3640
3484
528
4472
1400
1127094
3242
740
206622
1388
216946
1968
3472
9354
6970
244
5846
718
2078
2994
2132
996
1016
482
147466
3610
792
2204
854346
5136
2846
1852
3008
4532
10320
3074
410
6168
1136
410
4020
3238
3390
6426
2880
5110
13858
4734
3686
1816
1706
614
3586
2770
4454
1386
2398
3202
2446
2572
576
2554
1870
30956
6530
2568
3210
1708
2506
1962
4220
2806
626
2298
9094
375322
3744
4270
4604
4582
1460
862
4346
1738
1602
2370
1102
7142
1368
432
2098
2754
1658
8152
896
641106
4936
3100
1156
402
1088
1374
43168
3570
1428
6190
522
360
2164
248
1018
2576
6088
1714
618
5554
8424
57296
722
4222
884
5394
1182
5212
228
31870
988
2524
478
3870
398
5270
2320
996
663268
127488
918
1192
478
2522
750
2400
1446
1306
298
910
4062
1366
2300
3854
3546
2864
4310
1658
313770
238
2292
3108
780
4636
3586
2158
4012
397810
2300
406
1010
2220
4326
248
4018
1994
1978
3922
3360
3996
5456
1542
9528
6976
417144
3076
2064
1020
4036
2350
5572
2620
3572
956
2292
1446
129176
156014
1104
3884
258
844
2094
258
272
718
964
4216
498
4432
3970
39612
3108
3022
504
2458
382738
400
1680
3304
404
7040
3146
3234
580
1088
3464
1034
4728
128120
5968
358
1040
1122
1638
1448
14120
3070
2706
490
258
9422
6802
1918
1830
1404
4662
3278
1044
812
5032
2636
242
1278
5866
3754
2092
1956
6532
2946
1468
2258
4800
2808
1118
356340
7454
2066
824
3880
6160
1050
3354
854
3252
4860
12118
2896
3304
716280
1538
2616
87972
816
3432
1556
10046
398
2680
4622
3008
4132
524
3142
79214
103222
592
1546
3058
1588
842
1348
1722
5386
5672
6954
2378
1424
248
1930
1654
4138
634
4820
6244
3742
2796
2892
702
4948
748
2478
238
148326
1990
1620
8520
1700
2336
3246
404
4808
8346
2730
4596
402
5698
5274
108742
2004
25420
3240
1764
2628
1484
3620
266
6140
83310
3800
3382
4214
63410
602
53356
80266
5356
4652
5052
3308
1862
1818
998
24602
626
80390
976
1934
2792
5006
3880
5936
169308
12748
1372
1288
1450
824
3280
5828
487780
268
4934
826
2360
1046
1612
6358
2910
2256
4798
1758
246
3818
2864
3356
1140
2044
954
1800
6864
248
1028
592
1840
1262
4146
2814
518
2314
1456
804
1866
73902
1942
4406
2190
1442
472
2098
3510
828
1004
1254
2612
134932
2056
984
5616
3824
478
1420
1736
5020
1674
9008
2560
4616
132612
998
2640
4822
278
2278
3596
1386
270
2042
3738
2582
6018
5538
1048
2166
1178
4048
3834
2614
1816
38034
3894
1700
2234
2546
2644
1870
6310
2358
1686
1636
4374
4706
4142
3618
148430
2682
4014
4072
1818
2616
690
2114
2806
2376
4274
544
4542
2344
2280
9166
580
4226
3392
2282
3710
2700
4980
2382
608
2434
1850
42350
390
5174
1284
4354
3444
5606
1556
4468
2020
1492
3432
1874
310846
3096
2058
2410
4482
238
5386
2658
2068
2208
30094
2236
2788
4258
252998
2208
4952
1510
4168
3590
3576
812
2014
2256
2872
3228
2438
4992
2652
7010
8286
5096
638
1012
1322
5214
3482
954
2776
616
4592
614
1264
36900
474
3324
454
3070
4232
1230
634
2250
1884
616
2474
241516
230
728
492
31902
1832
4942
4638
1124
2676
5178
2256
460
4336
4520
786
230
2048
63630
248
4034
1326
268
648
756
3456
3996
2750
7682
240
2906
272
3472
186278
3232
1448
5334
6456
3478
496706
2434
2224
1812
262
1568
728
4872
1196
2058
2624
348608
2416
3126
274
1164
6390
2246
218
1234
6148
3148
990
4466
2672
248
3282
3290
502
101234
4338
2576
75942
496
2236
1688
5410
3566
2492
1456
7392
4898
1956
70530
2506
762
5974
1924
894
2262
4590
4328
4418
2418
7694
2534
3432
3192
405006
236
474
2368
38180
2528
4954
1272
3238
4200
1192
1496
6676
307672
844
7640
2868
450
4322
8506
2326
1900
1596
744
2378
1608
9400
2158
826
3872
242
27838
2780
1394
2184
3384
2274
964
7178
3516
3082
872
998
272
1848
7152
75654
411088
95674
1036
2110
261000
3196
6568
5522
210408
1616
780
2722
5864
3278
3650
11574
2332
2912
2322
3768
846
2268
1296
2286
2848
3570
5266
162668
5708
3570
5846
2164
2614
244
398
238884
936
1842
1244
3386
3422
264
3846
2658
3298
1056
984
2624
260
2422
4706
3492
2996
208182
4296
2824
194534
5092
8364
480
39406
224
248
2416
1038
5510
2312
588
5876
274830
394
7154
3360
1878
1138
630
88014
6198
526
27600
1382
206960
6630
7264
5930
5216
2956
19544
5914
2304
24046
1778
2176
2270
1134
3084
720
2068
3932
240
240
380050
2154
3450
886
8756
6854
7014
726
396
1602
3544
880
268
4262
3726
73898
5996
3850
238180
6412
3244
4590
4542
3882
5190
4868
3036
196170
4182
5244
8278
2550
5468
362
956
4460
3854
1294
2488
3340
921586
2408
1090
2264
5464
1446416
2438
3584
171392
21468
578
230
7170
722
8162
912
358
242
2788
3870
3814
1894
1742
290580
3240
3120
2706
3986
3570
2852
81784
1506
5018
4754
4818
710
378
412
4046
30700
3596
265354
228
3432
1994
3968
3154
2728
1716
958
176560
1504
40170
3506
4326
2992
162378
2044
21910
956
562
590
1080
3808
5276
4510
4142
4404
3080
348
4014
2850
698
4886
542
6306
3500
1498
3206
10292
1350
58254
2532
2482
3420
8398
3716
3046
742
2896
1184
402
1870
4234
3086
4338
1972
5286
1062
1950
452
472
10808
3540
6568
4904
1764
703572
2148
1686
2474
5600
1860
2656
626
2786
3584
5528
2640
1994
804
3390
470
2830
398
3084
1512
484
4248
5210
2294
1586
3910
1940
4266
5840
3120
1004
1842
358
830
4350
4702
321336
738
1012
11364
970
2432
1378
5442
6542
732
434
161846
230
3480
5352
54618
3300
4698
6272
262652
498
4172
10352
323174
4874
1458
556
2568
8694
9836
2942
1494
45460
6736
1374
1594
274
1590
222
774
450
190890
468110
484
1626
4702
1698
2856
862
1692
1538
3628
2132
9832
8368
362
166244
238
248
5696
4718
3630
3212
8516
519278
12220
11046
9874
5968
8078
2014
2016
7912
3664
1244
4612
2512
121438
258
232
3088
738
5538
11664
2942
2006
212020
1550
490
1620
1094
3566
165228
3064
4686
2234
718
4226
6040
416
3466
464
2796
3178
2472
4772
8348
536
2794
158612
83976
3698
1802
8404
2328
2386
8226
4278
1076
1102
5268
750
4700
6652
30936
5512
640
4372
4534
3090
1570
4856
5838
510
3244
2582
4638
6380
4214
608
1122
1696
6756
2612
30650
47828
366382
1200
638
224
248
12110
3230
5046
1310
103112
93412
5080
580
5320
3074
1788
101046
1672
2530
157986
175370
4070
3784
3852
3932
2096
1622
1528
356
2068
297824
1370
2986
3358
1030
4830
4528
5208
3528
6420
302224
3090
3004
620
1174
728
1230
6470
1602
352
860
718
242
2838
448
4670
4642
2070
3938
1328
460
32658
6274
6600
18876
580
3372
1888
258
1176
4140
5070
123964
742
678
5046
3442
5188
398
6370
3576
1360
3558
7192
2618
2810
1316
70216
398
7012
3782
2916
1004
6060
5610
1678
3292
3072
5198
1502
462
6030
1996
103754
1718
368140
3056
3118
2716
6650
2928
2468
754
496
165786
3254
4438
7346
2900
3880
3616
3740
7114
1936
360
3004
3686
2208
2616
826
480
406
2304
1968
2714
3216
2208
1028
3828
5942
4392
836
1404
4228
187724
2086
830
2502
2226
3718
2568
754
2686
2058
2376
4466
254
2058
364
4374
1922
5294
111754
1370
5206
2626
726
3532
1674
360
1712
2280
628
6534
1672
1318
130614
242
7900
2726
1134
2642
5918
2046
2910
2032
149278
738
199698
2168
1992
1136
1624
211828
3370
852
1980
3084
2946
1194
2622
1770
5660
6898
1198
1870
2636
3056
4532
1062
7076
52460
626
4876
1218
3000
5798
2084
3522
2574
2588
2910
3278
686
2900
2010
3994
6834
225600
405832
1790
2978
1856
596
1134
2658
2184
1224
1960
4182
6236
2638
246
1968
1938
2476
5734
332
79174
3480
966
320642
1534
2496
5142
1456
818
1998
2360
4298
3410
4852
3610
1358
1778
1326
2476
375304
2702
2698
3584
6352
3730
400
2944
3358
3464
258
2616
5816
2978
1658
3710
366
1330
3190
838
205998
600
2344
1630
1134
2762
1334
1108
598554
4314
358
2904
1442
2640
834
2764
244
8600
3428
1514
2172
2468
918
2174
3356
964
6768
2456
3480
1096
1814
2024
172196
2892
4900
3480
1850
3368
1470
3640
4850
232
394
3044
1834
495840
5518
3556
4286
1830
3306
1606
3266
2056
694
2282
572
5760
908
3888
914
23268
4698
742
166894
2506
220964
7260
3422
3920
3278
2164
2874
1128
3694
4784
135234
709874
3584
1920
258
3742
5348
250
2730
1142
2464
1558
5330
4670
3494
4708
2786
5390
1184
3798
2860
1536
250
1882
3450
494
3460
71576
2486
2844
718
5196
3252
4728
3322
1936
4154
1796
5990
3420
3232
2648
1518
2176
1864
872
19142
2966
1710
4392
3122
3278
912
4230
4058
236
4954
123360
1360
3366
1942
1704
2924
2984
1906
3088
736
2828
2648
1196
5456
2580
1794
157526
2506
209016
238
4500
792
7376
53118
1842
610
63114
2148
1804
6346
3032
6912
2630
2882
1478
364
4200
3682
2016
690
1814
2882
10854
3836
1088
2488
3754
2422
3492
3540
8874
1248
704732
3860
2152
1338
1886
1512
4172
242
1604
364
4848
1540
3870
2146
3142
3576
3242
8528
1236
1288
2506
272
2010
2290
1508
1986
1898
3642
1152
4446
2008
1930
2238
1094
6738
212762
832
1358
2204
1254
1616
2932
4266
4320
330
741038
5400
2456
7238
232
5054
1232
2708
2882
874
3244
2486
628
354
2736
9478
238
724
2048
398
4548
48902
1136
2714
2046
1872
810
5456
2018
4690
2212
3854
219812
2982
802
1594
1108
2346
6834
67314
2560
7054
1706
3294
2800
932
4166
2462
1126
1768
1890
129174
2662
5784
130798
2870
3286
7316
6348
4228
4844
4502
1092
4194
7636
869286
2324
213490
918
1740
2820
392
1366
1700
5030
5696
2588
1694
46112
3846
1894
248
5882
1028
3940
1868
236
5410
6280
147298
6940
1642
1576
1932
5138
4182
2572
2970
6502
1200
3520
3988
2136
4584
169338
2842
5870
520914
73982
206574
678
3338
2630
250
346
1880
1720
2350
1498
12066
6456
405820
2074
4568
228
3186
3042
3228
1168
4576
5064
377056
8152
8224
2938
628
238
524
1480
3966
2800
2448
436056
760
5976
3908
6952
3282
2828
5570
7240
335014
3514
460
3510
246
6816
13188
5070
3302
4500
2076
1468
2312
259824
2630
2674
2290
328
7882
7660
244
494
580
1454
584
3866
1046
3132
2738
5384
4932
5288
4538
7280
10432
206410
2846
478
2482
2182
3424
3904
2116
2374
3004
1250
268
528
1024
862
486
97390
2786
2656
3008
637064
2146
4094
3048
4158
874
1784
1348
5214
1836
1208
2610
4062
1932
3508
482
1684
4910
762
2108
264
380
250
30204
892
2624
4482
3528
2092
3830
1822
1512
6310
5216
3364
894
2094
2460
558
2952
4104
810
5726
7102
2670
1748
3976
4660
708
1234
1790
1624
844
264
2122
1484
394
2436
4080
1234
1004
8722
348
5990
4772
1868
240
402
350
1558
384
3926
386
2954
598
1866
4852
5092
2426
3900
2086
6812
5762
2702
3366
222
3434
1846
3534
472
7522
6794
678
1708
1890
3730
4118
180826
3516
3532
3770
3300
5212
147198
4016
1238
2058
2002
878
2246
242
4786
4526
209862
186322
2656
1472
2156
3480
703912
268
1928
58206
2844
2378
264
398
5116
6566
4012
2546
3744
1234
86016
1606
9338
8702
674
2240
8692
5696
1946
1534
2096
251682
520
3696
3214
154328
1956
4328
3166
1020
348
360
4314
2704
1588
5284
171252
354
7678
2574
226
4232
3880
5440
2100
1232
4666
8500
5460
6934
2482
3476
2746
630
3510
4290
8048
2582
648
3294
328666
5938
1550
148392
5908
3748
1364
129556
3200
7086
5598
5458
357236
4108
1442
3094
580
672
2086
29548
4442
1906
364834
6298
1970
5024
394
5708
3454
4776
3462
4314
694
3928
2298
3010
2550
720
7692
606
6114
6812
658678
47018
5306
5898
3128
11830
2650
4442
2920
3468
4316
1554
724
1230
4352
4880
622
2756
2090
7156
4126
8924
258976
272
3386
65198
133944
1466
2980
3632
226
2232
268666
177360
2742
5168
3442
2382
4466
596
1282
2790
6818
8126
364
386
3562
722
146714
682098
1748
3626
4802
3646
5386
348
1008
4238
1074
233432
4298
5824
3490
1364
5134
348
788
1378
400
1318
352
1047428
8656
3518
3228
4272
1658
5712
10168
5630
3758
508
320
11396
850
2752
268
4200
483030
2790
1022
3982
2030
1598
42576
1692
360
4144
8234
1844
8454
6472
726
18240
878
1254
294612
2498
15894
354
5082
1314
5000
216
2982
364
2722
2502
1788
3292
3174
1762
6964
6380
1364
4606
1138
3478
4488
4572
400
236
1060
242
954
362
8412
163976
362
4062
516
5224
2080
1286
1328
6048
5254
5540
360
670
836
1806
4024
226
2166
802
762
4264
5922
230
1802
1374
2852
8744
2892
238
868
884
5888
458
2502
3984
1294
4410
5166
3528
394
11846
2512
1186
1660
2946
394
549116
1250
9788
500
10696
3774
2726
1688
588
400
1180
700
3038
2178
4854
3158
3238
1962
2390
1280
1044
3784
7308
4020
84376
588
713682
2902
4048
353706
12364
358
4696
2902
876
3694
593860
87516
4104
1366
4484
328
4506
305620
3176
2780
2708
1112
1352
5312
7460
3838
4516
3114
4068
1638
716308
996
18812
3638
268
894
2580
4090
4560
4102
11946
2936
4806
2062
540
7292
2416
2312
1038
830
2294
242
868
4902
4018
674
5588
5060
3278
4134
1152
320
1778
3128
1290
2792
2100
2800
3572
3190
2322
1784
3946
4662
84812
4818
2586
1864
620
3192
5268
6526
5146
8246
3778
1518
1412
3672
252
3998
316
4668
1372
2608
238
910
3636
130150
3518
107532
740
49148
1752
4148
112130
2246
488
352
47660
1462
191806
880
5212
3146
718
6826
396
8146
3618
3214
8514
2040
4046
2520
2866
4630
2842
1672
732
1352
736
11786
582
5312
2204
6140
56316
990
2678
1012
1720
2548
970
19212
1260
1940
2494
2974
5050
240
19920
400
2244
8882
364
679478
2010
249484
2080
748
1054
402
2218
6168
2792
3884
358
4692
3156
8310
1802
674
5752
1754
352
3590
8408
2226
275796
1102
3652
2972
436882
358
3066
4242
9716
8800
3252
2886
2522
8180
6550
2020
3710
1958
4658
1682
3688
3250
2326
111308
906226
413952
2988
3028
447376
3356
4858
2178
224
11542
2808
79666
3706
886
1706
388
2672
2506
5438
2994
2214
12096
59212
2508
4940
12582
1808
768
226746
1048
760
2604
732
1544
846
2408
2566
360
2322
1704
6452
356
878
60878
3614
4312
360
377540
1154
5338
2516
1198
1716
858
1744
2474
3082
139464
1588
1084
3714
2468
2860
2640
1078
7288
5346
1926
3850
690
8262
952
730490
1174
1336
2178
2762
3214
350
352
3768
1784
1902
1136
3850
216
55024
2868
2040
2878
1098
6828
4776
982
976
2124
2816
7544
232
2370
2600
3468
2450
7266
1874
3228
974
532
6544
15932
5522
4058
6720
3492
1106
1588
4638
3226
9140
9518
602
5704
153786
4164
788
600646
329984
3672
322022
2828
6006
1626
4864
2124
4236
2818
610
2452
5384
1230
3420
1196
1364
187158
5674
4692
5622
3116
3590
1950
1438
3316
1630
250114
317540
239916
256
156092
318704
1430
5238
4870
318130
314976
2786
2154
2350
5648
3356
3528
431112
1816
309642
2528
1356
4572
2918
790
3470
2162
1434
3302
2748
1792
926
7356
398
230856
768
646
252198
1230
674
4380
2066
240
3448
3038
18882
3694
4090
1514
1790
5752
2674
574
2104
11436
998
320184
5002
1392
7428
562
79212
844
2410
502
1626
698926
7706
36824
2916
710
10160
926
4030
3446
466
5576
1716
7372
3326
996
6094
7274
8348
2490
838
2858
1124
3862
3260
1514
4952
482
3386
2900
1966
2184
3252
2640
2198
4986
10642
9170
326
244
3208
2748
1018
924
24368
674
52136
1196
580
7256
1828
4886
2722
150648
254
138474
2650
2624
610
1186
6280
3014
1462
138550
6840
5146
5470
4134
2234
2342
67100
5122
571538
1926
3262
716
958
3936
1698
346
10872
552
884
2176
123080
1462
8114
412
41046
2836
184544
2004
5314
3120
2926
4626
968
1498
1790
2204
336174
360
3258
1182
238
630
5144
3356
238
3774
1838
9624
4080
1656
402
972
564550
3744
32082
1408
450
5584
244
1954
1780
2084
72236
222210
3286
2886
3340
242
7106
974
3182
2614
1376
1100
2642
3314
236
1142
1954
3956
1468
276
358
3866
2172
2552
6416
952
568
240
2348
340810
2128
8696
2648
639262
2278
2256
4110
3228
3566
1000
40130
176166
77650
5508
5526
478
2530
5194
1784
230
486
179224
1700
26098
6366
232
2508
5158
952
1902
1712
3652
1886
172708
3402
1016
414
254
876
2164
986
1232
1329568
2812
6380
4268
1686
69574
582
2560
2760
4746
5940
2304
820
1160
4674
406
604
4026
580082
5732
2752
6224
1306
3312
1300
286210
2220
1736
3258
5362
936
996
2188
596
2088
3876
8290
224
1188
1250
542
371290
137134
692
5508
115716
1010
1388
360
5222
4938
1794
6528
1972
2700
954
4226
2128
1790
1430
436964
4486
844
1536
347162
4156
410604
6674
3322
1602
5384
5318
1080
4650
3084
3716
1218
1434
4388
244
1892
1232
760
3014
5066
3622
2278
590
356
3348
11872
2832
1368
4368
2362
5030
1864
3668
16754
7386
622
1788
2518
114744
4828
1826
3408
4836
6250
1600
187998
7642
6650
1668
906
742
354
2430
5616
708
2980
1128
5232
2346
602
31234
4494
85388
1026
2634
962
1866
1766
2270
2304
1462
5002
528
368
4082
3134
3414
7408
2422
60258
2786
1848
6056
1230
5902
2880
5102
36986
3276
2152
310044
624
66172
1098
3688
464
2154
964
2796
329950
352
3566
1494
1716
4618
6136
4992
1854
1036
4218
7188
2870
3372
2190
3148
498
4528
4718
3492
870
4566
3458
616
2604
5862
3476
68874
1740
616
954
2678
1788
2688
46700
4030
2194
3982
738
1354
2520
7646
2100
82776
3616
7674
4392
1468
3828
4982
9162
3842
1084
1942
4102
2374
3392
2162
173990
3036
580
1292
4044
215744
5340
598
2668
3480
3606
3992
3240
282726
1108
1956
72898
2822
2608
4650
2028
400
3044
2270
530
1644
1062
5276
4640
1116
604
862
6258
826
82640
6008
1510
3858
2022
1938
1166
246950
1690
402
3546
81406
3266
8270
5478
6248
344
1134
3312
4082
488
228
1536
32384
2774
4274
6206
6652
963512
1536
1344
2500
3218
3154
1364
75320
1632
380
3546
2612
1858
168338
3392
2030
3628
250606
996882
2246
5074
1928
272
2084
4130
2940
3456
2852
476
1584
131616
2146
838
5794
2792
131158
548
2606
2512
3740
3194
1848
1968
12864
3794
5148
280
272
2222
5890
3122
323792
1052
1498
79200
356
1506
4504
462
6422
2678
410
616
3036
1904
416
350
1626
534
4906
143506
540
3202
1914
4432
356
678
2088
1602
2962
678
4214
3624
4296
3278
398
22862
240092
5510
1880
2910
848
272
604
1740
858
2584
478
1188
5964
396
4098
782
2956
10518
1364
577532
4136
1914
574
1818
2930
2606
2034
238
117202
4150
2576
306
2478
4568
2264
7064
2604
1674
3416
750
2226
3496
413028
1682
2254
4420
3994
2308
2798
2984
400
1816
166468
3482
14140
5066
724
3950
3234
426194
4966
242
3160
1746
73510
6398
8442
4590
1352
292564
3660
2222
2690
4918
1788
876
700
4872
442
4510
954
1426
2012
2882
360
1538
375296
4920
1910
2574
1232
50744
482
474
356
7944
1446
3494
2618
240
3474
5348
2022
786
2364
362
4584
1972
1984
3020
7236
3084
899864
1438
9092
1964
232
513854
2724
3668
3916
512150
2448
8702
2048
3462
3428
4578
858
3614
2118
1932
496
2984
784
7140
4492
3306
168316
416
3948
6616
3902
3852
1002
2476
2888
2716
1038
524582
2238
634
8766
3720
7928
3948
342
4092
5402
4944
7342
3176
3338
714
1412
8026
232
88116
2868
482280
1572
2946
836
4318
4402
5372
4138
8150
1270
348
5126
1246
3512
1094
630
2138
2294
3710
622588
748
7256
2004
1008
2596
500
2682
2920
2684
1198
2392
2720
6526
5130
2888
2846
4986
350
1556
3430
556
1970
2660
275678
1768
2046
1998
972
109070
1304
5832
362
5186
354
771428
1118
1594
4466
1368
4412
3444
1932
132134
2034
672
3268
408
9136
4424
366
3988
582
205138
1706
780506
5704
4552
4944
102258
6976
6242
878
1292
1820
2852
984
4760
3694
6432
4700
238
3170
5034
5810
2804
490
2758
7278
17022
3858
3222
2344
2380
9062
2822
3072
5118
17876
336980
686
11890
7830
5014
4742
476
642
2078
1442
3466
76512
1988
1728
431438
2582
770
1000
2744
1592
285854
6332
3972
592
486
1078
6094
2942
714
1650
284214
2774
4576
1338
6006
6762
4346
9074
1590
1804
236
5528
628
2134
9694
438386
666
1756
2628
3454
15390
596
514
794
2022
3906
91996
284374
1990
700
1618
7318
2280
4134
20506
7592
39212
2988
242
5358
1744
1128
3994
3936
6940
3330
4196
5300
164412
524
1706
250064
2562
4010
2896
908
2904
860
2240
3098
3306
990
79936
1432
415192
4954
4512
3672
10556
2992
4198
98778
3320
1448
1572
4206
6634
1636
4358
2744
3252
2818
155508
8314
1178
1898
9306
3608
492
2264
148334
1148
4486
5490
5746
1002
2424
224978
750
3116
860
6354
2240
3010
2594
1640
1534
1918
2624
230
2444
4352
278
2366
1676
240852
2332
1092
167474
616
620
2228
3520
780
2268
2300
1888
408
5082
894
268
5388
488
1088
5106
109820
501140
3958
1930
228420
28580
2534
1962
2838
492
3226
3300
4128
112708
1694
4328
1886
97582
476
788
143758
8132
6372
814
565828
3456
43590
250
750
3502
680
3746
22810
828
110468
1116
3438
137654
3144
3058
40630
2254
7456
1698
6938
2102
498
8134
472
3430
1094
384
2922
1686
4666
2560
826
3020
559000
184978
7594
9538
3992
341332
742
5212
3126
7198
230
716
2638
3404
350332
6442
869888
828
724
165922
4192
4904
1898
1972
514
248
3636
3310
2412
4018
3770
1578
1800
1518
220564
3916
4356
282
1994
332
6566
722
3988
1012
1496
902
412820
2520
1362
2554
1092
4952
2026
1470
1676
2060
1976
2994
3066
5654
478
1686
262
624
2698
51264
1830
39966
3010
268
2866
4452
472
8330
2314
582
238
5728
4346
4676
3912
4080
840
478
4402
2506
3932
272
6272
698
632
8266
498
686
390
5890
6816
5094
1380
4766
1238
2612
8618
246
3426
366
809112
3742
7712
1642
268
492
2556
1376
1276
1282
3666
3524
7814
874
1960
2268
3720
3414
1432
2288
2288
910
1362
3600
3388
730
7934
246
2984
54240
398
282
2244
13294
1098
1344
102182
1574
2616
3440
348
350
3682
502
5858
3796
2894
1560
1416
5652
1652
270
4040
464
1960
620
4284
3094
5052
498
1794
4438
302
1460
1128
188900
2242
826116
284
4882
4986
246186
8024
344
622
3900
7162
10626
1920
4476
200488
9882
180004
2122
2326
2104
486
1508
832
5246
3450
472
3644
4108
304
8130
60512
1598
1814
552
502
442198
286560
1516
3658
478
222
1444
2386
1198
2146
639928
11198
3028
4254
1296
5034
1584
225778
4354
252
4708
558
240
2706
2262
2358
41544
2222
1056
1652
212
412
2026
4412
2074
234472
302
860
850
2888
2872
1574
1112
4646
538
252192
1722
1470
3316
12852
4540
2402
3646
3938
5428
4136
2878
7078
3198
4222
4354
5524
5718
2850
2934
3818
1236
174534
4988
1394
3656
10630
8362
5060
350588
258
6384
338282
3612
2754
2918
289662
1966
8918
1372
1510
201898
1862
1082
2038
1104
2328
2834
6034
698
962
4346
5088
3008
402
622
9762
10320
474
1308
4788
802
2618
331526
568
1960
1342
816
6854
50524
472
4624
3260
4590
344048
1716
4626
2696
240
127628
6232
5198
852
506
636
1996
1532
441562
1354
592
1564
396
164588
3530
12684
535714
1268
2634
396
2750
1984
1968
2680
6950
25966
2896
1584
352
6684
694
1362
6770
2920
1928
6674
3072
638
1750
2956
6156
286
6204
4908
6672
502
264504
1192
4796
3238
2128
1384
2306
184628
2406
2294
710
1732
1206
142928
1366
3202
724
2616
1422
4530
3072
4526
3762
1638
2292
45470
1256
6834
622
4126
6176
3416
2810
355374
91206
523800
1474
1000
4268
1310
1900
966220
268
415128
64558
5896
5804
2688
2502
3614
2350
3718
3342
1976
1666
2294
382682
1452
1328
2230
3220
4942
7918
2576
678
5446
136194
6694
3930
4122
3494
3322
5134
514
1160
5658
490860
628
12754
4198
1996
4122
438
1878
4744
100218
1424
466
2850
142936
490
6026
5490
746
1614
4752
8702
1190
512
2432
3432
3902
3934
2378
4928
1590
5158
2786
978
250
1986
3966
326778
5754
458
3266
2360
4378
476
354
680
6536
6240
3652
1984
11100
321452
816
2606
396
3976
149490
3286
13252
10398
5290
6140
7862
3380
6092
4190
5078
5732
1366
3194
354
3366
3344
2192
1906
2810
2584
626
886
2714
1378
396
4314
1378
2986
346
2346
3314
1304
640
486
3382
2282
236
1466
2514
5526
4378
6518
548998
2730
522
228
2138
3162
2852
627274
2342
3154
3328
2884
472
4104
2256
1670
3798
3016
246
95118
1456
3128
307590
950
288
3468
2146
1972
9650
524
65980
3432
2338
1662
3186
530
215926
6156
1982
3112
1114
2910
1244
3158
3064
198618
1332
1762
4672
5578
2732
402
63194
6492
236
1426
207112
3974
1728
472
3378
6078
3326
311278
228
6512
2576
478
740
4822
9310
3544
17668
2756
438528
2860
1658
2500
238
6414
6482
4234
610
240
292922
2736
4016
248
6152
2958
230
110212
120914
3666
4498
3028
6314
756
8284
2636
2282
722
1446
1694
274
6166
279022
6084
9658
1776
9100
480
1234
3490
1706
658
2750
1776
3826
950
3154
6294
2428
1104
2812
7250
187738
6832
268
1970
29626
5568
9408
260
2124
3096
1730
70758
4414
4304
1308
482
3936
3934
842
1760
552
7302
2406
5062
2152
3968
1058
2012
2874
984
510
1332
4122
241790
1448
614
3176
406
260
1724
444
2586
1944
4642
2652
1114
2144
7900
139274
3540
4172
2624
2628
524
2480
4390
384
10166
1304
178492
1020
102210
592
3290
880
5928
4266
40828
3708
344
460
1506
272
4114
2274
3412
618610
282
10286
468
4322
1824
6396
614
1980
553386
3578
5670
970
3834
4104
1870
1576
2062
1146
3614
3302
2922
3098
2806
1546
1812
1442
700
2628
4004
280
1992
3842
1828
2848
1468
6026
1960
3068
2166
6206
248
250
1052
268
4342
1576
3284
268
404
119242
5184
2406
1738
626
4016
387348
7802
4462
3864
1466
5638
3886
254
818
7072
442
4860
1922
2998
288
1548
2082
4212
1456
2276
10152
472
7790
2926
5076
234
2096
3266
1554
132730
4874
912
6716
5534
1060
191602
399708
5280
2216
119780
690
5764
1450
1296
5874
3610
1106
2604
2720
1894
523526
2356
2162
7084
8508
3258
266
3740
46452
5726
736
25160
116756
2152
4788
2822
4410
806
226
746
5054
2932
4056
4854
382
11286
788
2944
4266
3714
4086
466116
4360
3308
2476
3400
105716
4076
2612
772
1372
2246
4592
2376
3362
4220
3120
1836
2270
69732
3220
3822
2254
498
5386
1610
2256
7666
182290
1228
3264
4378
9468
64020
394
632
786
740
376352
3398
1770
4754
2080
1318
4932
3718
3356
128062
3578
1524
224
5170
2254
2090
2852
2392
896
2714
364
5840
238
3532
806
135728
244778
640
4068
1118
2652
1730
1878
228
3744
502
199316
5154
818
750
4378
3104
3732
398
1286
3556
3198
4030
229868
2266
5532
4556
3406
1238
3494
2290
2164
5284
4164
6812
4964
4566
502
1352
262
270
224
2084
3122
2014
224
3162
6522
4012
4660
4680
3218
6616
1720
1072
1266
3204
2714
2372
2972
2584
302
638
1990
4130
4182
830
691458
398
956
578
317084
1530
1642
52004
1098
78694
3252
2268
2452
4066
49094
2466
178008
358346
2146
598
6682
5454
1326
2584
1098
398
2914
2582
1848
368
4500
2462
3198
3474
7074
236196
4764
2148
420
5596
2466
8310
4714
2696
1854
1546
494
3358
255974
2252
484
1006
1112
3510
5084
512
720
3122
1848
3038
1728
130654
3098
888
678
3528
988
5354
3320
242
3262
1436
2070
238608
3984
3184
4140
3834
4452
1918
790
984
1102
494
5276
826
2310
988
1352
2670
3856
5078
464
4942
2084
4186
2440
5800
2754
5232
1344
3910
1978
418
2580
4488
3634
2768
558
3792
2376
5688
121280
880
5914
260
4358
3246
2984
1480
1254
598
4422
306044
356
2308
2538
11946
4822
12630
1952
5820
1922
242
3142
760
48210
4036
1428
1128
5494
251888
1536
1100
2596
8172
500
4258
4046
1190
2302
696
10526
3214
2662
384
1004
888
145026
1688
1666
3530
976
2060
1558
2546
6482
3562
1730
248
3068
3118
257314
422
452
640
3574
520
2730
3514
3594
25756
2002
3126
350
1338
337052
2644
1454
3572
236
1224
3620
7898
5568
3502
1830
77862
870
3442
474
11482
3120
956
566
4600
4010
3262
2354
3340
242
2934
310
248
1688
4128
75422
1600
394
1806
1890
160266
4692
2766
1786
3202
3142
4352
6974
260
748
2356
6112
5016
5840
3012
916
3908
17296
5464
7490
3740
4218
1710
4288
212596
137038
2652
2490
1878
2670
5088
2788
8012
3168
239738
844
3802
1378
1090
5452
128874
1816
720
2476
6470
83054
118908
2570
165048
2936
602
396
1080
571118
4034
2020
1832
7856
2078
2454
4934
1756
3154
303808
972
398
3508
82836
5942
1538
12978
1066372
24984
1912
1866
636
3676
4148
500
3248
2066
986
350
2234
4472
818
272
3420
1558
355826
2356
2004
3828
2848
250
6010
5172
4188
17698
357024
4994
3136
2504
3296
3490
6106
1276
1632
2160
3016
970
199356
398
1664
2848
4150
1110
3904
310
3030
1494
4620
1262
2244
2368
3132
3462
592
1690
574
5290
3666
5102
6618
5316
2276
2368
608
3990
2584
4538
280
1316
6176
1582
276562
2130
1510
1682
3682
2762
499708
3180
43248
6136
1922
1990
4318
872
1790
389518
4602
1282
360
5626
3030
24584
315108
6482
131182
3726
2320
5738
5676
5738
2582
4064
5568
2436
884
1814
2714
1752
248
9060
100780
3996
632
3382
1956
5060
4716
5646
1804
892
3180
1284
3696
5548
2522
3228
3966
3908
4274
888
2982
1544
5330
5206
854
1834
750
3930
1298
614
3432
284560
296
4502
4946
582
5150
524
1090
3626
1574
4336
406
1300
5754
4704
284834
254082
750
2818
2738
1158
5200
1886
3114
5860
2700
638
252
4696
2294
1874
4768
1784
9014
4520
10332
8284
4228
2942
3626
477322
2792
2294
11416
3434
852
4738
726
1964
1882
8606
990
3236
453358
734
3390
710
2196
728
2100
3704
399060
246
3506
272
3056
466
1292
2364
820
916
5558
956
398
5550
4728
2732
220
550
6064
2002
3466
4300
2016
1956
674
5934
139704
792
530444
2620
2080
3614
1782
4668
2698
4590
2426
3744
9226
5486
6266
7592
886
358
2102
193422
2030
8398
3986
1732
694
3542
1018
5174
796
837082
850
396
708
2396
379696
4120
3634
295054
4140
3310
2454
6588
5654
3528
274
5110
5794
1424
3166
6180
592
162906
2950
2948
1556
2060
2594
3542
484
67602
3772
2760
2352
2532
1826
3572
3252
4362
7528
1538
9738
75172
6724
247896
4756
712
273452
808
54576
2038
1428
5048
111518
348
1428
3122
2646
2884
1850
512
1194
1466
5106
1966
19050
5206
3296
1192
410
4676
6088
964
2092
2930
1582
4066
180364
2390
5880
252
2526
3472
1644
362
2238
2506
70802
27208
1446
6588
632
2804
2772
3200
506
3602
2104
2006
2928
1236
2220
3478
2060
4286
223824
1714
3562
6486
359930
7962
2368
244
4046
2230
3140
3480
506
3086
1184
972
3248
2098
6790
5394
712656
2128
4476
3740
2574
2318
1142
1300
1832
2526
2042
7230
3480
2898
1814
704
6322
6332
1896
228
2382
2142
7266
2288
7066
2402
2854
41824
1824
4262
169038
2274
548
1810
2610
538
3078
1504
8172
2622
2930
3000
2138
2390
2252
1860
4558
872
3022
1590
1088
2990
1336
394
3572
1238
6824
268
3510
1946
20060
3062
100524
1646
76394
7830
494226
2818
3306
2170
3878
1646
1606
2052
1174
776
592
254
3434
2038
588
1484
4906
1556
2860
2756
279542
2652
3384
3030
2866
3436
2364
1462
3212
102518
1776
611850
4122
2436
33740
1112
2376
2694
1208
5466
6374
2700
3448
59508
2650
956
2106
137768
230
3280
5002
622
2460
3464
2168
4048
1696
1420
5332
4338
356
71438
3008
7476
1840
2164
600
2522
3562
5302
2200
1648
518
4374
3200
1568
322676
3866
5416
1780
2766
2298
1546
522
3904
2246
1578
338
3088
1040
2414
2712
860
3328
1950
165002
2094
2654
2704
1588
2808
3316
5400
3124
5978
1266
2680
3460
2094
3524
350848
2170
1548
2904
3296
1762
2886
1212
4758
2204
1890
1044
272976
2090
1177002
2400
5512
5222
414140
3892
418
1906
2314
2558
574834
364
3012
2710
309462
2930
2940
2238
1656
3836
1376
3740
1944
282
1812
4522
3164
2918
3676
2498
4796
1762
5404
2358
2688
972
1092
1896
3240
1520
5016
5696
5592
856
1382
2950
614
1226
998
1690
4538
7914
1780
1662
1824
344316
70950
1676
3020
2202
1698
2652
2376
1808
490466
6740
2276
3558
4674
548
1864
6994
2044
4206
248
368
3558
672
6066
618
4244
26660
2856
1622
2264
207878
400026
4612
2424
2860
2726
1026
440
90642
3148
3958
362
2116
4590
82288
2786
2390
4640
6126
93758
2890
1980
758
240
3364
3760
6942
1090
6796
5102
2008
2738
3722
5868
2928
3506
2280
2278
9386
234
3856
7186
232628
768
6006
3068
8604
1100
1238
1086
1378
746
5200
1898
6082
2696
4318
336
6418
7404
400
141860
3604
248
1808
232
1860
214182
1420
642
718
698
3492
306
2472
3494
720
266
2098
1104
1506
248
4374
51410
12604
3178
264
2654
10782
1434
1634
6484
934
5186
1104
2646
6130
1744
1826
192812
2140
2188
321670
2874
5246
4316
1246
2334
1986
3452
526
482
2092
5446
5850
999196
1564
250
3376
194888
9120
4058
1916
3440
2064
2258
1788
5390
11418
306490
5706
4120
414
3936
4500
2602
1106
2780
782
2304
5000
7966
7800
84278
2204
7886
1824
3922
42226
724
58002
3004
4192
1338
612
634
2994
2584
358
5526
2470
7018
1644
1684
3434
3472
1996
1096
2282
15952
3930
4738
2154
6012
4430
5020
2566
2444
478892
4964
620
2860
2378
2698
408
3196
4836
397582
1626
5424
2280
956
1628
394
161676
4562
4764
189864
5758
396
2916
2102
2450
5042
1896
5384
412
4292
498
2624
1462
2442
5706
1962
1468
4990
1076
5972
251776
2054
2086
2782
742744
1632
350
1956
3396
396
8664
1900
611168
256
9704
778
2688
5454
1004
3632
1078
3126
4644
569802
2394
2394
2542
954
5684
242
11208
5044
228
522
3264
3430
1714
532
516
3562
48640
1828
5022
404
614
1446
3804
5384
262
396
918
9420
722
2114
508
8412
684
218
1972
864
3100
398
2278
352
2236
130970
10858
632
168522
438778
3098
4594
4904
6576
2974
3830
3026
1192
954
2502
5590
1870
766
3740
4620
3134
3126
4074
4910
610
1024
508
396
2810
304
1672
1064
3268
3322
1342
248
6072
370260
294384
1850
5478
364
2926
4090
5138
1644
2760
3014
2250
7274
10108
101766
10306
2014
2600
4212
3908
7972
1592
2972
2062
360
7202
4058
1964
5638
3046
1182
2688
3032
2558
2326
6206
2362
1748
3948
1096
336
3020
4280
3086
4494
277338
2644
410
500
606
2762
730
6360
299260
2368
4398
3688
99522
4740
2934
2636
2686
464614
2300
742
1278
4374
3300
2036
1872
3612
2120
400
4300
5848
3308
2380
7776
640
166576
216
4074
4444
566
2530
2146
3580
1576
3602
2958
167494
4080
1134
3826
68660
2936
790
2128
3092
3208
306
622
27812
5140
1894
4842
2740
2360
2258
229244
2022
4874
844
2038
211682
1098
352
526
854
3350
2264
1246
5004
1096
4676
396
1388
3348
2162
9374
394
5638
4814
3122
1834
5100
51532
5054
32136
5452
662
896
2496
2350
620
2540
1490
5172
2708
5830
4168
528
3820
3200
2700
4406
565170
3362
2290
5992
1636
1154
256
3174
574
168598
2668
4870
4246
141412
1802
6558
5228
1544
452
518
178060
4728
2760
740
2238
2948
97012
2540
1110
500
697508
392
643394
914
3996
2366
414302
3272
2732
8136
2052
1912
5224
248
289056
626
4210
3224
1124
868
5308
952
315940
2988
1370
7098
3406
2236
408
2780
553016
9776
370
2728
1058
1720
2168
3684
472112
5708
1986
2654
402
3970
7018
4746
5496
6906
5074
4794
1132
2734
92492
3482
1120
341978
634
3652
632
3700
608
1510
3188
2130
2168
4142
3410
2178
2446
2608
3290
139150
876
4010
748
1398
2792
1584
5660
2666
2048
632
7216
7290
1122564
2808
1602
6082
205682
1986
104480
108570
2646
1396
3674
1642
260
1920
264
8470
8958
2162
3808
148846
2710
6468
724134
131674
3008
1956
4138
1550
4564
854
2634
3952
2664
1932
3320
614
2118
3306
2416
626
3598
4466
354
1482
1242
734
1690
3088
1784
1778
3494
2886
242
7064
2380
3768
2192
3200
1028
5140
7002
2560
23976
1856
1690
3692
2602
1842
2562
1944
1300
5478
1128
62942
3494
251376
2430
4990
970
1034
634
3688
1928
8116
1386
1342
1750
12988
860
3292
2686
3470
3148
246
7512
2832
1174
3402
546586
976
3584
2390
3194
1242
1880
1956
1998
356
1794
4142
91504
1312
1662
3756
9220
592516
1884
5178
2716
3978
2098
209262
3402
514
421816
4060
400
3282
2792
4014
3902
2864
2160
4118
1690
8100
2514
1348
2480
4264
6642
70608
2572
2888
1288
2050
1876
4148
1986
3564
606174
2416
60762
1778
11526
6566
368130
2182
1524
8118
726252
528
506
339056
5110
5050
1530
634
956
2354
512470
12038
1230
91258
7136
4038
5458
1962
360
974
1614
3416
9518
978
484278
123720
4066
2354
2952
484
2400
4128
954
6010
3436
2156
480
1486
398
274
3902
172942
1472
5214
4904
3094
5730
80320
7446
5048
3658
586
998
2108
1834
2248
994
3162
5076
4222
1944
3402
2528
1860
1758
5646
1466
520
6434
846
3522
2782
1734
496
2932
2604
399152
2042
2010
3294
640
1970
3162
3132
3732
3514
2872
1644
4800
1966
1700
4166
3670
3942
619594
2344
12338
1586
510
1482
3332
3172
1606
3124
3610
882
594
72462
890
5696
420894
377344
1696
310
5324
4874
2250
286
1512
2402
4496
508
1012
1864
876
2626
4122
7376
3576
2158
3020
5274
922
3374
2686
4482
1998
1552
2690
127212
25622
3708
602
5322
290
6190
4302
3690
986
171476
364908
30552
3072
276922
4166
1952
1318
2134
3256
1338
362
236218
1828
4964
1928
3900
6440
6858
3698
1716
4134
678
2160
1002
2328
1750
9236
1122
504
3506
3074
6300
3452
3168
2872
3618
864
3866
2018
5012
5122
1350
2200
2370
3554
2732
3198
3046
812
3784
1760
3846
364
1578
3566
1059530
1830
3064
2544
178142
956
5992
768
726
704
121902
9174
6644
2682
1540
8954
2738
1128
1800
1498
3798
456
1668
656
1114364
4490
2322
65684
998
3650
330322
1028
1072
2242
4508
2006
70806
592
6524
5666
1620
3528
746
6952
2066
1180
1428
4458
2262
3838
6366
2494
5450
1986
2982
3010
3078
3638
2966
1550
1914
2348
185890
3892
948
5114
407784
1334
584
1676
4670
2070
1416
4980
6936
1018
3612
1129636
1664
1484
4726
5360
49344
774
1554
1708
2056
2756
5454
1836
2302
496740
6826
151922
4040
1780
4612
3960
2104
9564
788
1588
3634
1830
1704
4748
2272
352196
4414
2932
2644
1270
1738
43284
7782
4186
346138
2646
1870
1892
54892
2294
3206
1314
3624
282
13678
4666
2610
5948
3978
3128
3544
1924
1124
1884
2636
67464
538540
2114
1580
1520
25168
3232
3710
15232
96376
520
1920
1514
1602
3080
2326
3254
6448
1270
46900
2352
4212
2554
4898
4618
3294
622
746
5870
3736
509514
10528
3128
1936
1416
3276
1988
2774
5646
1742
5950
1988
13322
3996
982
3490
673388
2006
6762
6170
1294
622
2852
353190
2706
2128
752
962
1742
87024
2100
3280
2962
2266
3442
502786
438608
3820
2630
1800
3486
456788
1930
5166
3130
2236
3730
4776
3330
2398
4028
694
2758
3884
1480
990
3610
2276
98506
1830
1232
4686
1742
2060
1290
1104
1770
2446
3696
3874
1922
4012
302854
4732
424
134900
3940
1378
1122
4472
5192
548
3840
4806
2122
1202566
628
3698
4180
536078
1858
394
2002
2730
2994
782
1230
3108
1694
2534
3502
858
3688
1712
2472
2272
2314
9354
3178
1532
1788
5156
6914
280
3058
183698
1848
864
1442
2508
298624
2444
6386
332
334168
3112
1822
4714
2372
4406
1460
1876
2134
2778
2772
4786
3502
5992
2524
48374
1756
1114
1780
9764
1650
1600
1508
5700
7420
4818
2090
2610
3884
2180
3142
5450
2924
1640
46558
4162
3068
5394
2844
3580
1846
1328
6264
6642
3988
2008
636
2322
7532
4976
3970
7570
1302
1782
342366
4824
5914
3212
986
7278
696
4686
1448
92102
2022
181272
6818
8386
111056
15454
3926
244
764
1610
1184
4966
1412
157820
74598
4886
3928
2134
5040
3278
2002
3780
394
2030
1002
3254
4082
3374
6102
6332
992
1114
4022
3180
5608
3442
404
2954
78458
3042
2612
5278
4114
3484
2544
1744
1370
272044
2688
2514
1998
1658
6088
2816
4302
4580
540
46248
2112
5352
1446
2996
4192
460
954
1680
5878
2556
842
1502
5028
3150
1420
2940
2896
178322
1524
3536
5112
110572
26106
638
1146
2736
4908
268
3206
458
162522
27548
3056
2772
5182
9602
2268
11884
918
5980
882
3264
520
6584
1176
1640
1872
1636
495448
4534
248
4054
400
6104
2896
240
6274
690
3908
2762
728
8092
13226
302386
134292
2024
2498
1840
5038
1914
9540
740
45230
4640
27208
3992
590
4256
100474
1512
2230
2076
742
3326
6114
512748
2330
4186
1396
462
2908
2794
522
5994
2914
1346
8016
700
172532
2584
95746
3142
3970
722
7180
104222
2556
546138
2972
2226
3562
1798
1648
554
1838
1170
116094
4026
3658
1662
5076
5902
1182
6124
134416
153154
1336
4126
19272
5788
3086
1370
2788
38914
4602
3468
3382
1696
386710
4644
4062
2458
3384
242
1674
5186
3138
4764
127794
348
3654
3534
840
4826
764
2134
876
1196
3290
7160
352
624
464
5284
664
5788
3498
5918
3202
5056
3796
490
924
2822
3088
2068
1336
2816
5670
2684
1424
3598
3866
3580
2370
244
356930
1198
5514
974
5952
844
6568
2466
1820
6620
2980
260
17008
1366
715962
1842
1042
93246
4026
4316
1666
8720
5430
2274
1706
4646
1952
182602
2286
9524
972
764
6626
1414
3416
632
772
1504
2558
5048
1634
3364
7902
4120
4726
4016
234
3024
4708
6348
149370
2232
6926
5118
1936
1332
3390
728
4588
282
3062
724
3232
2868
5774
660
1314
2620
632
4666
104328
3044
21238
1802
2370
1282
3934
2816
1810
3444
88970
4450
3262
2546
64982
49910
84356
736
260
3262
6292
3852
1844
2118
4626
1870
3454
20836
88256
2176
2836
2414
240
2108
176468
3976
262
1446
930
8004
1592
478
490072
4432
1034
3152
1528
2708
1762
3114
1106
1668
4292
5242
4246
3834
4760
3686
6244
60098
3270
850
1918
2386
2344
1354
836
1638
1730
3882
3810
163326
1232
3638
3236
1272
450
3308
6180
1784
299564
1004
2508
5126
4772
3632
3616
1814
638
568502
3950
4860
3308
4306
244
700
4744
7736
4704
736
9786
2456
2812
1994
2488
2546
6240
75008
2250
2902
504
2854
2696
3576
1784
5038
1546
1522
6000
126458
234
1718
4692
216
4276
2416
1208
2926
6306
3342
4188
2528
688
138984
3022
5766
1258
2710
4690
2144
388
3364
2144
296
1844
364
612
2730
1548
4266
4796
4754
1536
1840
38206
902
3010
2730
1240
2782
2524
2130
770
2512
2102
1888
2550
1522
2438
4000
716
3034
156272
402
3220
404
3554
1180
4102
1332
4684
1998
1192
3298
4020
8456
2066
238
360
3852
1130
2126
1010
2482
2224
6452
226
2752
4144
2148
2578
36102
4388
1016
2472
3004
488
2834
232
1620
2148
4024
4190
2364
3480
1880
2094
307576
2070
2692
2896
6126
4912
4020
3156
2630
1954
30464
402
838
2836
1856
244592
1296
1080
2776
4300
7690
1464
3748
7760
3630
2832
2100
3550
1254
3816
1984
9236
404
362
1466
7174
1082
2588
2058
1892
3850
3434
40988
4086
5662
4812
4790
250
1108
244172
402
38002
1758
622
4186
5422
3482
1470
2760
2842
1328
2778
638
7228
60820
4426
1496
6924
1686
7262
2260
968
638
4852
4118
190484
1634
3762
1854
2534
4850
3060
266
494098
1828
9430
3882
862
5302
1580
820
1378
348998
2562
4470
3376
262
2502
8670
1560
954
2516
1950
4636
2490
2538
1638
9778
100024
6014
4338
72244
3102
4872
468
234
5144
3236
2370
3736
1146
1448
1178
3032
3222
71632
6526
1324
7010
3230
5354
2906
2486
1478
1336
5070
4034
1238
405098
47158
2770
724
2104
1346
404
4292
4682
3064
1026
1654
312012
2072
3526
830
4492
3688
1898
1964
360
3090
4722
4812
1128
546
8240
33216
4476
2244
3936
518
2446
5192
2784
2138
3084
6300
5872
2082
692
70778
2530
60050
447944
3380
260586
1880
3440
1250
1626
230
217010
3814
1314
3854
2486
3846
3654
506
748
4778
1782
2254
2544
3950
4614
1412
1978
3196
4236
5546
1166
153260
838
6734
4100
2910
610
526
1440
1194
246698
2216
8932
732
5108
3202
2702
7192
3426
3150
5596
3292
3158
201858
3466
488
252
3026
194298
834
3436
518
3056
1246
3486
40564
1808
2794
2372
5436
8234
274154
3536
2922
94918
3174
3500
19738
213104
398
496
2476
5412
856
5862
2276
394
19054
4750
2498
3330
25368
3416
5608
4482
5936
379856
454
4308
2134
5710
1326
5796
3746
8352
2722
5056
3920
5668
73540
1696
1838
247090
1004
2142
802
3432
992
4368
4792
4446
602
1802
498
5088
198450
1020
2956
756
1196
4554
544
1192
3438
2770
1836
4332
2790
7940
2894
642
4980
917560
1088
1748
4654
1158
1348
1451232
1996
170754
602
1052
21760
3304
3712
604
708
1828
6578
2510
2152
1280
642
2150
1622
1878
710
1010
288802
1626
3112
1884
6730
3504
1690
86590
2540
5932
522
4480
33928
3144
257078
2396
372
3376
2472
2902
3054
2778
2520
182930
47154
4180
2170
3768
151672
2482
678
2552
21592
9264
534
1274
3056
600
1258
576
2552
2916
840
2604
3938
10532
590
484
3050
2954
5258
3120
716
3180
60944
3028
2890
2182
1816
734
2802
888
4570
3756
7492
1124
3660
5150
7458
688
7380
5592
596
2072
2138
1102
3872
3146
632
2492
703108
6326
4714
5584
8778
5362
4036
5410
606
3100
9482
5374
5480
2570
2840
992
2760
4744
2294
5380
3108
1240
2240
1110
2328
4044
8532
4662
335390
830
524
3774
1748
2246
2240
252
9078
706
160556
3452
586
55630
4432
4210
3416
2754
271072
2912
244
2636
356
626
332178
5692
3200
2128
2396
616
8116
1644
2278
2998
2538
41598
3934
268
8680
9210
189834
475408
5002
4464
2230
3198
1558
1828
5076
4082
1100
1898
4174
168602
2100
824
4128
3720
14174
512506
1184
880
1048
350
482
360
2544
15944
354
1308
1126
6174
726
5346
904
396
938
1610
3064
3262
520
1996
4936
4546
2562
2662
124924
5040
234
3558
234
484
342
272
4160
218536
3158
4822
2166
166058
5822
9140
414
5996
5116
264
4206
2858
2070
3608
240
780
692
642
379656
3324
2832
3444
2078
1980
5178
10128
1702
7422
770
272
3270
5236
1388
6268
466
1342
466
9400
634998
348
4604
2420
3022
53186
1114
3948
524
1814
5702
6710
3862
7064
1958
3188
1546
1688
66470
350
2224
2612
1510
10590
834
23320
620
4840
214
2406
4822
1478
796912
6916
5430
7228
1992
5268
1638
3302
2574
3034
2292
1864
1784
1262
2546
322402
2934
404
3568
496
3620
1574
1948
3906
394454
2754
6432
5340
738
4058
2226
2518
3426
3268
5632
5470
1060
6732
586
7132
1304
946
416234
2992
1930
4234
5010
25196
4480
1556
3558
3110
3490
348
2268
1868
230
1206
236
1662
3142
4188
4936
7970
410
1828
5288
4024
484
3702
4884
956
3042
494
7244
10732
1600
4968
4330
5752
2148
1106
1318
470
6572
998
3806
8430
6686
15214
3820
1048
2024
2124
1562
692
956
2938
1232
364
1416
5084
5150
2010
1174
4228
1366
968
1950
344
6124
1322
3162
5270
2646
1790
178980
4806
3266
9014
478
150182
6198
4782
5006
3062
5058
206914
187994
2018
2012
4256
708362
3838
56364
2280
2016
5546
7826
5288
3394
3382
1362
86830
7258
7204
848
8472
5544
5476
1136
2228
2540
1538
255344
4112
362
328
2640
786
2696
146178
6790
2542
510
850
5658
4346
1722
4264
914
486
2984
170832
1424
242
2612
3736
1002
878
1992
890
596
3444
8264
4838
398
708
6838
9380
958
2140
2770
582
4238
3450
2940
242
2120
670
624
604
2122
5328
331240
2554
2306
151794
4668
134734
1302
2464
3204
1052
3618
716
874
360732
2286
2926
8076
6576
476
23240
2226
1134
2138
2584
361738
4754
5284
3242
4964
6508
410
236
11678
3990
6318
2556
2006
4176
674
586
8030
2924
657274
2410
46702
2208
2516
5666
4296
1090
2062
2682
1166
2274
1310
3306
408
3048
6452
1702
1086
6126
5062
1326
1186
3450
4566
2356
4524
259174
1664
51158
488
910
450
138704
954
354
2586
4380
115622
964
154122
172892
1760
1454
2342
2006
740
496
1618
1830
3160
164528
82898
2692
4268
2068
4860
5984
2344
272
1216
492
1478
2118
2578
860
6908
5508
956
448
4738
28312
1446
2182
1908
2790
2214
2126
3186
5180
2362
4812
3594
2506
2010
396
7458
4366
242
240
1952
4398
25164
3692
43052
1614
366356
8934
1924
8242
4930
478
6096
195956
2422
1740
296998
3866
5878
4224
7584
2958
736
8552
2852
716
2092
2586
2374
508
9608
628
680
626
984
27416
726
2462
678
616
15544
5876
6284
2836
2904
762
2816
121276
8668
1532
2430
1352
3474
3802
3046
2130
228
7840
532
744
2130
2090
2566
4970
71130
1542
700
2392
1848
2472
3372
1636
2882
252
270
6672
2436
4030
3766
5400
4264
216
2914
103574
2068
367770
3714
2612
3910
5120
1102
170902
868
4232
536
524
5366
3024
1642
1832
1238
3052
956
2490
5016
2374
2862
2932
4810
5440
4084
2066
3804
1142
4936
476
2592
1346
3874
5428
3162
4980
186058
3378
2648
2946
3002
1254
7370
3318
2776
2242
2730
4136
3284
2682
556
1176
107688
1326
3122
1586
3678
4430
6958
5330
1848
6658
130702
8050
2770
4244
916
3230
720
2786
1296
2198
4236
914
350252
1660
6806
207256
2872
2398
2024
1560
2618
1872
2918
2086
1268
916
5790
864
794
5464
1464
478
5004
1884
5498
1578
51424
5006
566
1508
2120
402
2488
3808
1556
3722
2226
700
3054
1166
898
2466
3574
626
4474
1314
996
224542
407948
3636
3336
6766
3056
1418
1300
3050
3346
1088
5092
1450
2062
768
6084
78074
562
1084
2738
822
888
323464
2692
4690
1104
2340
3756
5230
1458
1268
4292
1526
5472
3306
2926
924
5166
377336
4016
2610
410
3516
616
2212
5816
600
2002
364
1368
720
3924
3126
7218
1720
2116
4638
1552
410
3922
201576
5974
2420
1958
1280
1418
1808
2212
510174
83212
5140
5098
540
2958
1670
5988
3526
358
718
2516
1768
1576
2554
1668
2154
4394
4040
1272
1080
3212
1694
236
4202
2014
4480
171824
1578
744
3512
1986
1832
1702
3590
5090
6472
2188
5100
496096
1382
4336
560
1646
616
1716
9216
1568
2018
688
2716
5638
2840
1836
29146
984
3370
168270
220680
3006
1788
1074
2010
2876
1270
3034
1062
7056
2694
1892
2118
135100
712254
1708
5968
2046
2426
4152
3570
2358
1656
1998
870
7294
2062
2580
2106
1578
8564
3364
4958
2402
1984
8950
6104
72122
5216
3430
4090
1668
2116
2642
1840
4588
4354
4288
590
2468
2796
3092
2108
2344
4792
20660
2828
2924
364
1580
1684
7170
354
2328
4786
1234
220
1430
116746
8244
2178
2078
2622
4136
1374
3310
3578
232
4452
1692
3598
2102
226
862
161916
139470
65654
8548
6126
614
55872
1588
3180
64876
2014
2592
848
3170
6224
1472
2248
2626
3514
3086
238
3664
1090
8146
4402
262
834
1998
3514
5658
5034
3818
562
1714
860
3398
2246
5096
357606
344550
1612
3650
2158
1234
1526
3364
3102
2294
3932
3336
3510
1726
9018
596
1354
3026
1274
3572
1768
1438
1248
400
1730
2886
342
5298
1028
4350
2090
1230
406
3338
2624
212270
4030
1972
1876
1418
1156
3480
3552
258
749744
3252
5184
4182
1700
4758
1758
2854
2158
1704
8726
2148
5562
2954
2826
4788
50594
4574
2078
1358
3872
1098
4358
2416
3560
1914
226014
6360
2164
2466
2828
1180
238
67862
2838
1278
226
3532
4990
1488
6992
1806
4934
2164
129716
2102
4358
400
1746
127930
1670
4238
5020
362
3114
1596
2338
214
3626
506
2858
1590
1364
398
262
5084
868392
4824
220688
1180
3990
2220
2162
478
3322
770
1342
3136
244
1546
4172
45116
3426
5524
9124
7452
3272
214
2926
151652
1062
2832
1348
1696
3094
5846
1120
578
1736
2136
5538
2866
2500
2988
171026
3076
272
2120
468
4098
517142
3270
68858
212716
404
3358
2276
1828
1330
2104
11226
4492
560
406980
1296
5290
880
4942
2798
1492
1610
2884
2498
540
232
2188
379340
884
854
1894
260
740
734
1280
5668
1266
526
1254
2264
4998
442122
3864
574
5470
2836
4786
1946
1008
2700
2224
1784
5314
327564
4114
208
3328
1306
5514
2016
2476
510
262
2158
640
3776
2008
244
2188
696
2390
2438
260188
3084
2870
5390
914
1248
17490
5500
1594
1952
612
3988
544
2214
634
1180
2070
5254
764
3128
948
454
206308
4522
3884
3340
3110
474
1904
504
2042
3266
1274
4412
9206
92482
3980
2132
3346
636112
2876
3114
3852
3242
5932
5186
350
3942
2820
1554
3836
592
2854
2184
8026
4092
3804
1180
716504
19912
372
4364
4702
3222
1862
3474
2340
1884
538
712
358
5166
2640
8452
598
1516
1230
4960
5112
6062
3156
4148
590
564
2692
3748
334
2430
550
2714
2264
1952
3436
3156
8498
214
3022
2086
2436
4368
3786
87054
1374
4766
2194
3272
4272
1680
1792
3940
4450
952
1908
400
1870
1844
2098
818
5668
240
8580
976
2526
630
7520
129964
240
3514
614
102596
1260
1696
2764
1068
46406
3630
954
1230
844
103512
2160
2720
4204
43772
1808
196216
1108
3596
5976
2200
4122
354
1908
2508
608
2608
228
4034
860
644
2670
3204
878
3214
1650
226
604
3718
1470
2610
3768
2402
2210
846
1146
4076
2850
4004
55822
6004
5878
1466
24624
1982
3734
2434
1098
1090
596
6722
956
642
2570
542
496
670
3504
2866
4044
428
1252
5254
677954
254900
4244
6020
776
260
1800
1952
5060
2518
2470
3620
908
1446
7202
12418
1866
1514
340
1570
3300
240
2260
269272
532
7456
1952
2536
437724
5254
598
606
4150
240
864
974
3378
1042
352
490
3748
2604
2800
5268
1800
2222
2112
2258
3852
2748
3796
1472
3912
1518
1088
4520
3346
103286
234
1510
902966
1560
406586
240
1594
1650
1734
451270
2450
482
3138
3106
2580
1004
476
4170
82598
724
8022
1312
1354
594
2808
8900
748
512
248
5402
52256
4636
2556
584
1462
1706
264
8698
227924
5092
8816
2514
5558
3980
1320
69730
5350
2342
379618
3108
1132
2574
1748
2770
1722
1056
4296
2546
117268
146758
3158
5278
338
232
592458
760
335172
137060
180700
730
3982
3264
1072
480
2294
242
2814
2708
6656
2066
2696
4236
1390
4296
7388
1764
181688
2864
1788
2328
356
1338
7154
2212
842
1656
9008
176230
1396
488
385560
240
3420
392902
954
2196
740
548
310474
6574
2098
1940
504
2428
1394
309300
316740
4522
2028
1668
2260
2280
1610
1172
4608
500
268
1410
428238
2564
299768
976
6982
1852
4170
338
1238
4174
4648
3632
5418
1994
5928
3766
224350
7494
954
255020
7332
2598
1552
1338
16060
2232
2304
1768
8870
282
502
4910
3920
1426
698
244
396
582
4190
317120
2706
3048
1388
1474
858
3252
282
958
71764
3688
9590
680
692320
1620
2788
3810
35590
8796
1228
1706
1388
4012
2750
6948
254
1784
5486
2294
1134
4970
400
206
840
2088
4818
3140
232
3502
338
3454
1498
5110
3548
388
3310
3044
1790
2720
4034
1380
5322
400
622
402
1374
2652
2092
1254
2602
236
6298
24358
244
834
6364
55676
226
2512
2458
3594
1912
293820
3338
2136
2822
2272
4498
143726
1110
2632
710
4052
6854
2468
69758
1670
570500
3204
1304
8300
2340
5326
2998
9300
122442
232
500
486
596
3186
33558
758
236
398
2760
184350
2392
1218
1598
950
1688
1704
1094
2764
1696
2482
1910
333374
2998
770
1672
8144
7218
1650
2100
954
740
1732
4438
565090
3136
37408
7322
74896
226776
2144
1550
468
3666
5896
3218
5796
1652
2786
5372
3558
10568
8052
600
2868
6518
3720
1118
364
2358
332222
1700
960
1370
3520
600
2232
1232
632480
620
4390
4292
3486
4652
2622
468
5892
207248
606
470
73338
2082
1126
1512
2070
4930
3048
1466
3372
182728
28860
14476
2404
1482
7164
3226
1530
218
3304
1764
167240
1328
8008
2112
4100
2362
726036
595024
2912
4116
1162
79632
2528
4002
526
3686
396
900
9566
4948
468
583762
1590
2472
1510
2240
4384
2208
1162
2144
287080
11362
2474
402
714
1456
4090
4384
2578
2338
2088
402
10252
520
582
366370
133306
5052
348
1608
2590
3252
2370
98158
1446
520
2282
1190
10762
6642
1778
1148
2102
808
1388
2904
2878
3288
7282
864
436158
728
2246
2668
348946
2884
854
411170
1782
4526
3822
3698
870
1018
2514
4460
336
362
1182
2194
2118
4658
1978
396
6876
4912
1466
2850
4594
1982
7096
234
6078
344
890
7824
6932
2508
1070
1566
5812
3558
2610
1622
1620
568
1004
572
3314
1248
6732
118700
4626
1920
486
1860
2372
5342
183864
2692
1062
16432
3580
1456
3192
3728
1022
3060
4208
704
398
27882
84376
728
4838
2874
6446
1174
1816
1602
2046
688
7450
5442
2606
610
1622
896
2426
706
54790
2826
1954
3968
614
1790
478
3420
336
3402
2478
1456
28706
400
2492
390028
1646
2522
4844
2718
1126
322800
1726
6546
4786
4652
340
3790
868
5610
2932
494
5386
1376
2894
2178
3554
2402
2330
698
1338
2880
3862
1506
5792
1830
730
3282
470
3060
69730
10062
1320
51488
2772
3100
5030
1914
896
620
544
3056
84158
356
2740
1108
362
2310
6456
5196
1788
2758
1248
2288
2948
1464
3608
2158
652
184758
2858
5034
1648
221176
1622
3876
2426
3342
5918
1070
3580
456
6598
3020
4912
2270
2166
640
232
4210
156564
678178
2236
2294
1944
4024
4768
4372
1644
3552
1732
2752
238130
618
3312
554
2182
4204
1058594
238
3816
208
1502
972
5096
4138
980
2456
1852
3706
2184
548
1792
2862
266
2302
7456
364
342
400
602
4782
8038
483570
3016
2684
3136
906
7152
44934
3790
3818
900
568
2166
2680
4680
360
2478
234
350
4026
248
23212
296000
2686
4006
998
606
242
1594
3388
2122
6906
3064
4392
8880
4180
5220
542
332
510
2886
8918
3486
1592
1090
4444
726
5368
8540
2714
5134
494
162672
214
3854
816
5476
4618
1178
628
4746
3420
962
240
244
8042
476
3796
5308
638
3548
246
346
2294
2744
604
8736
1806
6586
722
4070
1988
2472
1498
700
276
4268
2844
7924
3532
1064
1428
1998
4270
4858
549882
3416
13660
678
1848
1072
264
3924
4968
7230
4638
2724
862
5888
4444
2532
7336
2354
906
4912
2998
784
344
260
494
2964
1412
85586
2952
354
709010
226
2112
1040
2526
354746
394
1332
7830
9644
591396
814
91280
8104
1320
3832
5534
302176
5830
2736
3882
4592
5040
694
5118
3854
342
390
3332
122924
1942
4116
2286
764
2512
7496
1014
2848
6402
4390
2834
417670
5606
510
3728
242
2746
5224
2336
6138
494
160640
3808
3582
14056
1688
7934
3098
420276
1334
2806
6636
1338
75194
1850
3682
732
816
726
3976
1782
2190
248
283334
614
400
222
1140
3904
2276
1656
3046
19118
5708
6454
2472
3068
2678
371616
694
2514
950
2338
2508
6022
950
49610
1316
582
742
360
6004
678
3712
2126
3120
1954
2372
4928
7678
362
1262
11178
3154
2406
1586
5618
3256
546
904202
548
742
1558
514586
4712
3384
3932
1850
512646
3114
610
538
1598
402
3356
604
1432
2288
2696
3018
14788
5480
526
3138
4520
164702
984
246
526
4212
1192
4758
240
2678
2092
868
4252
3694
2372
1492
352118
173352
1952
5652
1838
244
1792
3110
4042
850
6670
4460
6478
1614
540
2442
870
270
1322
4638
6316
8126
730
734
89578
2554
566
3840
477004
402
4980
1674
1642
2614
3130
1816
4328
1360
2068
10330
6348
6828
2328
2364
1720
624426
3036
1992
3106
834
6652
2920
2186
3880
2652
2598
6606
902
4028
2442
3828
6232
7604
3030
588
268454
3888
2270
1526
114788
1534
366
3252
1016
771106
3026
3482
1632
4708
4546
3540
134166
5102
7622
760
1056
2308
2252
560
3358
368
4698
201212
2136
785056
542
1508
3330
398
5798
104840
616
734
4328
464
4838
5376
6262
2930
1928
554
240
500
3104
1330
4144
4284
1382
2842
760
4260
6424
2304
20584
4460
1500
3922
2404
1090
578
1118
212
240
4220
2488
3008
22560
330788
220
346
370
5550
298
240
1622
7994
1614
1286
3156
5340
4820
2978
83642
1674
435728
7316
1350
283592
1064
2096
1362
346
678
2084
2030
5208
1784
2236
716
3516
283572
988
5912
5854
5154
616
2768
3298
406
1840
5478
2806
1588
3686
4584
1598
408
854
994
443692
3560
3086
24192
4934
1298
95708
280632
2848
2970
3210
854
5306
2410
728
20702
2246
1162
41836
3990
262
730
4672
2788
1722
548
4144
398
244
1376
2678
2274
2346
234
167424
4348
402
602
240250
4928
2520
1848
8640
7242
3540
81160
634
421664
5760
3482
1892
394
726
502
3940
3584
98362
2428
5894
602
3560
528
2750
5152
1678
2788
2496
154966
3328
1536
950
4938
3526
238
620
830
1828
788
6636
144312
6524
5624
6048
3178
220590
4068
6380
1510
2924
3130
878
272
2562
2600
5704
1382
3772
3716
6234
2050
240114
168564
3426
1712
5718
3412
8858
1452
3874
1278
4306
1896
956
109578
3418
502182
3682
4382
896
220326
4030
25682
2312
2278
4824
3184
1706
3380
1166
118352
101336
146280
3332
3110
1658
567256
3590
3934
226
44190
3808
300
135922
5922
3906
131020
952
2516
1824
2230
768
46806
862
1034
3302
2724
852
2446
3720
618
5310
2754
3674
2546
2472
522
3482
5134
1816
742320
1318
1830
604
4026
506
2230
1032
3340
712
1240
2142
340296
686
2152
3118
330
11086
348490
824
3046
1046
1040546
2598
402
360
4144
1694
6096
3960
526
858
3348
756
1736
6030
229230
3570
3296
6310
8254
2856
421438
740
824
2716
4294
918
948
2338
7984
1876
4038
2634
1446
7888
56528
4318
37304
4260
256
3976
4714
488
1510
360
514
2268
15204
1228
1988
722
2696
12030
4476
2074
914
2834
5894
364
1972
1184
5114
910
4012
836
3992
3054
3154
276
4370
1790
958
2682
862
3890
812800
246
1100
1622
10862
4058
3860
1100
6202
5004
2344
3164
1332
2282
3522
5734
250
2008
1366
5388
1378
5476
7738
2466
2090
46434
5188
16950
3576
4666
586
103642
3872
354
4622
3952
830
1162
1436
2908
5486
2636
844
1856
4754
9110
1352
640
1328
8988
200552
826332
4468
248
1354
2134
270
5060
410
245522
610
2136
5698
2208
3794
11080
1832
2070
201272
684
2288
968
182658
2284
1722
2974
4980
352
1548
5086
4820
7108
2720
442
51380
544
5874
2392
6794
2210
360
1300
426108
916
292488
7462
3346
1536
640406
3402
496
1234
1448
962
3878
3980
4184
252
362
1378
230578
258
2878
250
7322
3162
776
44618
7400
7052
2066
230410
500
10114
360
1306
1832
3894
254506
3794
2600
3492
716
1266
996
400
246
4210
890
2538
250
3606
610
3260
618
1058
2338
2400
2966
3706
400
2440
394
2668
992
2610
5270
340
530
1824
2562
2322
6872
172726
458
1110
3458
3012
4566
1342
396
4818
1470
640
820
5814
1324
1000
1348
344838
4218
1186
4564
329478
3310
3112
2436
4484
878
281576
2536
1818
2138
6114
195976
3032
3846
2954
2512
3482
4758
6470
916
480
2998
1926
5454
2898
244
3890
884
948
3284
3752
6012
326316
6626
6736
1788
58286
3556
2606
410
342394
514
2260
2852
2610
3796
596
416
120570
1084
1102
836
1510
1694
7748
1964
437938
1090
9860
164740
10252
272
3854
535104
3298
5360
2426
3770
1654
4932
1084
242
1004
27520
2252
6322
8080
5740
822
2438
4400
3730
7938
1748
1876
1440
1462
3772
6990
348
7526
263610
3540
2598
2826
1488
4434
7732
172796
760
596
1344
1368
4046
5166
2926
287514
1382
74762
360
2244
628
1468
5442
1802
5330
2060
2236
804
734
6824
83280
604
1816
494
5434
3618
8182
514
3196
241992
3302
84530
3676
394
804
472
1878
3736
504
1056
7044
4070
6488
2052
31690
2598
1268
3576
612
2390
3306
220
957656
5792
1510
4714
3860
2232
1812
75072
4064
264
2614
2170
222
1122
169116
3534
3996
253404
386
238
996408
1218
716
5716
7322
724
4094
2350
1342
1840
464
4448
8030
129922
4042
1372
4550
1674
364
131638
3736
1226
10794
5792
288
542
250
862
1332
1402
11392
335736
87460
5214
560
702
2032
8278
2746
4578
2932
418
3248
135056
1514
10390
6068
2326
2368
3038
2260
472
1918
458
990
5768
26968
506
480
238366
1960
778
12632
4142
2534
224
4564
6816
862
1814
278
512
886
248
3648
1076
572600
1790
1084
6300
2686
2430
2026
24432
1910
3846
3114
3356
332654
3642
3710
5018
5400
254
3996
908
5698
2304
2794
82460
2184
5124
1398
2724
5964
2274
2858
2326
2520
2756
6510
86138
4080
1872
161026
5246
398
2198
1616
826
5926
5808
3670
1168
5808
2206
1930
1332
874
2534
508
1462
582
4994
454
2662
304
8898
352
4274
596
3148
1614
5384
3598
1330
4474
349804
3490
3642
1768
1872
2986
12158
1916
241726
7322
2448
864
124786
2052
6462
2814
1518
87068
121220
2916
870
163502
6998
561810
4918
958
1654
3274
2838
5372
2044
2948
1346
2484
2360
974
300656
6926
5172
76672
3280
1330
4712
742
192102
3434
172120
4576
1266
8178
1370
2238
8846
179340
5946
4246
1870
1344
3562
2082
348
1558
3138
3024
508
2288
2432
278
88754
4746
2054
51622
1322
4634
1692
4068
916
3220
4906
10382
6564
504
494
2756
1236
3012
3438
2002
3136
3708
9686
2354
1061846
7584
22876
1424
2338
2460
2288
250
4436
2846
3920
1520
602
6862
1340
358264
1444
3548
2894
4090
6114
4042
510
1914
14240
2920
860
2926
353536
4020
2538
2506
4126
2228
6282
1692
2414
7554
195324
7594
2234
2270
364
3772
988
504
5582
2566
2808
2322
1198
5484
1096
3566
4890
1840
4892
2020
2652
2646
1868
3604
2960
2654
4196
4454
4036
4498
2206
4124
1714
272610
1658
2528
1598
5468
3426
502270
4758
37720
2472
644
2392
3918
2072
5248
392260
1292
1948
4198
5596
7080
15434
236
4934
311936
2282
636
398
1138
2982
5520
1916
142030
2634
1652
6906
1370
1652
242
2594
3908
2448
804
1444
1978
5666
44736
7258
954
2228
360
4834
4824
352966
618770
6512
1312
3058
3968
172450
1206034
71392
3148
516
2660
1886
3092
1534
2958
498
3380
1836
2992
1760
387332
1618
1710
4118
2996
852
3550
412
1106
746
4200
5034
542
136608
4510
3610
972
3406
4638
2198
468
2574
1822
5188
4328
7170
662
836
476650
4332
230
2346
380
4654
3198
1988
11060
100762
8960
141716
2772
4544
9564
5916
9866
7154
2822
4326
4618
2570
5836
5696
346
1746
4962
2118
330032
734
7782
3676
3704
7598
578
2650
414
2762
4024
1758
428
692
4398
317428
4432
7270
153430
3502
244
8404
1836
1888
510
4012
5640
1904
256
908
510
3508
4896
3496
524
2166
4950
860
4768
7474
8054
3306
5118
1802
4460
8500
896
4592
2746
2824
2556
4756
13044
242
2096
4488
988
2918
547156
3238
8646
3634
3458
627140
6650
4942
3336
4552
3906
2112
1546
1270
2970
105034
307660
242
8272
7834
602
5834
462
58716
2220
2646
2448
4210
215576
264
3846
268
5760
3918
2808
1314
8560
5722
3272
41816
256
147112
1698
2780
2832
3654
1406
3942
5646
65606
6888
201748
3386
242
984
8452
3850
2552
4640
506
236
312884
1740
2336
8326
3472
236
2284
19846
3220
437084
2808
4644
4806
1414
4846
860
7440
298298
3694
2754
2496
388
3604
248
3464
348
256
100252
1724
112096
1700
2564
1088
6756
2016
4166
16688
1878
6224
4268
1762
780
281626
2440
268
494
1658
406
1604
268
4600
16908
5266
1776
1828
5340
6046
1668
6132
1432
3270
3144
180528
700
7890
2804
2050
2448
752
900
22516
852
3788
1664
6964
3844
2334
1424
252
674
59088
918
1982
2806
3464
266
2998
4416
2614
5898
3066
1652
234
2458
2558
624
2552
666
4096
3138
5924
3046
3200
241042
5780
4704
5620
7454
6390
5426
3158
1928
780
4552
462
238
1616
432
1034
131912
4906
4356
1866
9586
1978
822
1526
1990
1422
175852
5170
1522
102712
5430
1640
1068
3826
35596
480
1716
534
6832
2372
3322
623924
526
500
3078
5480
860
842
768
3184
3012
558246
2336
3936
3062
3940
3298
8670
996
5940
2120
2672
6228
3122
6110
2382
7906
3124
7274
4120
4220
756
7078
2244
254
2280
2624
9762
4016
3526
125710
378
898
5352
2082
3240
2386
387058
492
1586
4260
5730
486
1242
5702
11058
5336
3232
2782
5092
1728
4554
1722
2692
2774
5204
6618
1278
2450
2534
4658
4448
5116
139910
4730
270
988
958
4286
5370
190320
602
398168
512
3286
125776
4592
5810
2498
7698
2676
3510
529180
1958
2680
3844
8312
6292
37760
2514
296
1206
1234
30614
1700
109202
1702
612
2170
5624
1580
340
7754
252
4646
1980
3016
4512
1750
632
8736
3030
3368
790
2050
1774
240
464460
614
4822
1518
1802
105012
2258
2916
4408
4646
4040
1640
230
518
2542
254
1960
2342
1364
5076
1814
1024
64084
2704
4514
4560
1582
4412
3224
1008
189422
4656
758
7278
452962
2202
1376
432
590
2600
9294
2680
2720
131184
2810
3222
2330
5962
2852
2378
6416
3704
4042
136548
246918
6016
2128
1106
2152
530
197338
7338
5790
346
2430
246
982
878
3894
1302
4624
1550
232862
1694
1096
4970
2748
2958
1966
2214
2664
2994
1848
5636
1268
4004
2988
552
8582
5264
2794
2228
3276
3382
412
4136
4322
3724
2542
4226
996
4608
12150
3314
1884
4500
3584
9828
4648
4358
362
4232
697648
316932
4788
136276
2994
3626
2198
1970
3016
802
658
41244
542028
2182
9686
2428
2272
1942
3174
5626
3062
9344
1986
2758
476
1876
3780
796
1048
237622
402
1008
6750
2068
2266
4870
4826
2602
2264
5424
261060
9500
3044
5884
698
6426
1276
1038
2384
3364
127006
2434
7852
5642
2346
1112
4750
7366
235394
236
4134
3438
2128
1418
5584
2328
10384
980
4374
7252
1966
2908
3628
8970
308
2510
2844
682
2474
2000
3330
4234
2624
1178
2982
7998
1212
1466
3432
3030
680
4622
4330
2776
216
996
120562
486
8134
2528
530
3356
242
3608
2626
6432
1852
1522
303306
5518
2194
1958
512
732
3738
4840
1392
244
1044
700
8600
9534
602
3312
47700
3434
220
2760
6560
1276
246648
4220
4082
726
3738
400
722
240
270
4076
1456
1654
2266
2262
8494
994
312
248
2876
5762
154448
5552
4292
4976
5622
4170
4168
3078
3290
2516
3938
262476
3456
4438
694
3380
