111111:1111100:0:0:0:0:0:0:0:0:0:0:0:0:0:0: (total 11)
0 4 8 Thread 0 going to cpu 0
12 Thread 1 going to cpu 4
16 Thread 3 going to cpu 12
20 Thread 4 going to cpu 16
Thread 2 going to cpu 8
72 Thread 5 going to cpu 20
going to barrier (cpu 0)
going to barrier (cpu 12)
going to barrier (cpu 4)
going to barrier (cpu 16)
going to barrier (cpu 20)
76 going to barrier (cpu 8)
Thread 6 going to cpu 72
80 Thread 7 going to cpu 76
going to barrier (cpu 76)
84 Thread 8 going to cpu 80
going to barrier (cpu 80)
88 Thread 9 going to cpu 84
going to barrier (cpu 84)

cpu 11 cur 11
Thread 10 going to cpu 88
STARTING...
going to barrier (cpu 88)
going to barrier (cpu 72)
STOPPING...
Duration      : 10000 (ms)
Acquisitions  : 15118809
1496
7722
4378
1206
2144
3848
138638
3312
1492
7018
54798
714
1560
226
1132
478
3188
2364
2162
2308
840
2238
3764
494934
1272
3794
6024
7056
2200
1144
266
4258
2134
2202
1890
278
300758
2146
3868
3350
270
130046
268
398
1434
360
4056
4870
1066
3910
5032
2376
2266
3212
2606
3196
2110
1096
408648
51900
4132
9484
1708
1506
4392
1690
6500
9774
762
3446
1442
2016
3558
1874
2592
5112
2740
3278
1820
192258
4424
358
4050
490
1234
604
2646
270
804
1258
1414
1188
1350
1780
3910
346
1736
4458
1354
13554
1526
4930
305248
1272
5994
260
726
1928
100168
746
4134
2522
4212
353764
1680
2698
404694
27810
7576
272
3682
1764
1396
1852
638
282
730
524
2498
5242
2306
2210
2252
1382
5432
3288
1066
3358
244
2880
762
388
2926
2506
2654
1318
2928
246
284
744
422
71128
462
2960
266
2630
2408
2458
79014
952
3036
1864
129094
398
2268
2988
730
2064
1792
5056
1264
2708
480
844
1826
2382
1188
2254
2430
2130
3936
3454
1590
64350
11336
2216
4488
4886
197738
93600
3706
179512
2288
3576
4842
348
2844
2470
2048
3624
2772
4714
838
4928
396
3436
1058
444
4326
2480
2802
840
2122
364
3750
5856
280
1344
592
798
254
1596
4404
2092
882
248
333974
2302
840
2222
2694
1862
1952
806
90456
3970
396
2314
852
7758
376534
2050
2804
230452
6150
1968
962
2982
2148
1412
242
408
1464
4568
1458
2414
4196
4110
2962
416
272
922
2122
2722
366
1484
5218
2958
286
894
3952
1148
7442
1116
1314
254
7950
7030
1546
250
2010
5030
1422
1086
2428
3888
1096
2576
484
1950
3172
3636
362
4346
2908
1542
56920
2526
91142
2974
1366
2956
2070
256
788
4170
4154
1556
2480
4348
2190
6088
720
954
301672
244
246
354
2538
804
240
2096
214730
808
14124
778
5228
4588
34908
866
83586
242
410
238
474
5510
3460
230
754
264
4460
1776
776
7772
3498
268
2380
2512
2880
282798
2544
1932
250
2064
8730
63672
1420
622
278
306172
256
3704
2434
610
1318
1884
2922
240
3164
3424
2556
3168
1258
724
3490
480
1624
2044
266
3294
129224
796
2138
2590
1828
74840
8116
528
5652
107298
4042
1214
5166
764
246
500
7646
496
258
2968
1054
308
1406
452
2152
4320
4130
1524
1104
4508
2614
2660
4710
5492
2130
1470
4876
1806
768
744
1826
2930
512
1378
622
3098
240946
4074
2950
1428
256
676
2244
365450
2430
5354
8220
3822
746
24854
2170
244
2288
248
2472
242
6636
1674
3588
392
234
106908
187770
2258
610
280
4350
5796
2122
1304
7934
1690
22644
4700
4834
2386
1222
1850
1580
1930
1058
39298
976
6584
308
1644
80294
1386
258
4116
3314
1632
174868
246
1614
1254
4766
748
4052
4408
1738
2380
1920
2842
1242
638
398
8262
65858
244
1346
2040
956
1070
3794
352
1088
4906
270
1580
1718
2944
1658
2620
7986
282
3246
290
2332
4820
5154
6924
15934
3358
244
306818
362
2320
3270
2726
246
240576
4736
80592
2858
2942
3834
2778
1436
3222
34540
1080
1206
2486
4396
633708
2956
632
286
2868
8170
29160
258964
2050
2004
1332
268
812
2064
15696
2590
6742
85930
1744
246
882
4824
1456
5976
240
425900
4146
5856
30190
1486
238
1228
2336
1706
3354
5502
856
2162
2208
80930
256
244
1716
2234
782
2816
2218
1424
5804
628
3108
130354
1270
4082
3970
2506
1230
3640
3750
727364
4550
274
1396
1678
240
452
2894
1068
1272
2086
710
1612
2462
1298
676
354
336916
4526
5412
3074
350
1828
1790
3322
756
1536
976
4116
406
604
1184
3798
5716
526
3034
2774
8272
350
1894
1234
3188
4274
2674
2262
314
29558
354
4024
1132
592
2362
882
2414
4430
3680
184598
268
1422
2842
4956
2160
1036
1476
946
1850
1876
1592
2164
1508
2584
230
2796
1534
4966
9928
3294
312
5676
4708
4184
242
3292
4656
1806
3264
254
3472
624
242
992
6010
1368
141938
2242
2720
354
33050
1644
714
55476
5298
2034
2538
840
11958
2938
1552
1402
130400
2902
246
1526
1796
1712
362
572
264
8362
2852
514
1914
484
4636
3504
1346
2046
3052
350
1522
7206
2846
506
2442
716
511400
260
554
250
4090
6360
1648
846
832
3982
234
5460
1448
6264
624
5620
1018
260
6046
277994
4976
3164
442
200634
2222
500
8318
412
131282
2592
2198
2958
6518
1976
3230
3424
280
4056
2200
1578
4718
7068
246
1462
4094
3202
3424
3066
6756
470
514506
6794
854
539032
2296
304456
248
1880
3484
1612
1736
1538
624
4776
362
526
1168
5146
4126
127990
3156
1860
946
5114
4320
2622
2078
400018
2060
2600
2294
2162
998
1184
2480
354
356
612
242
269850
1010
1542
1540
1174
4632
7110
2692
1994
3420
225886
3186
640
1484
2484
10768
3050
1344
2624
4376
1022
4312
2158
2516
1948
48872
1104
254
2744
412
129778
1410
1684
276
9458
890
2348
5456
238
304928
7424
414
1828
3224
3584
175586
5256
124456
2792
247556
4448
886
6464
3276
2502
926
356
998
5572
2502
1602
248
348
5568
2906
252
6858
242
1880
2226
4116
1728
808
211730
3316
5054
4208
960
1980
364
724
358
522
119518
9018
1950
1112
2994
1878
734
2214
2954
1684
284
6796
1126
2424
1112
726
3188
4020
400
2738
1280
1690
1742
2464
3074
34520
340
614
3660
1960
66912
2962
718
1244
1842
986
1856
233026
246
700
242
822
358
310
3834
125100
5808
10420
1720
716296
422
115564
232
2504
2002
744
1074
3094
1874
3138
2358
5864
1570
4212
514
1686
4042
3312
2076
1744
3432
1726
2788
6708
60744
252
59542
2874
2596
2682
4288
978
12778
4092
1170
2756
506
760
5064
1174
458
1394
246
2510
3362
4254
502
1742
1416
1610
898
276
2042
1088
2074
412
4382
1028
1112
4000
398
482
408994
1920
3304
3140
659366
3298
125062
1114
1776
1108
3252
1246
484
818
2716
2544
2322
238
880
1886
6842
638
5858
302
2764
2706
2316
3334
6882
3024
612
866
1940
1252
238
4238
744
1140
4476
2702
358
600
1114
3666
1098
2200
230
2122
2300
2184
2998
206
11014
246
4704
232
23202
252
6212
412
2908
7556
950
2310
260
5910
3118
1694
876
2174
2828
538
3988
248
5312
358
1702
2212
2090
2900
2752
5090
1612
3742
854
1348
3602
5958
1812
236
3392
4452
406
1802
1022
3276
3434
1336
8194
3744
3488
7720
5736
234180
360
3968
1504
5070
4054
952
400
2338
244
138922
3086
2084
2238
2052
504
3178
2400
2196
3184
3372
38124
2688
9686
350
2168
264
702548
850
1868
3160
2742
4334
748
2186
1694
5320
1264
5030
165570
83166
4674
8502
2846
912
1794
6218
3442
4820
1092
1972
2842
4120
2154
754
1078
5340
4504
5992
2422
482
2410
153378
1988
1594
7352
1596
218954
4464
157994
2374
507868
800
3872
280
2902
2656
1568
5490
242
3126
2008
2940
264
4608
1474
5252
396
888
77446
2206
858638
1842
2802
880
2112
5998
2394
3502
4244
734
630
8408
862
626
2386
1284
1886
2324
4510
3732
244
6140
216
168584
242
2048
76090
4158
1468
2192
3924
724
5860
2970
1796
3906
614930
1510
75886
5954
978
2084
1078
1510
2364
7556
3576
1978
3324
108072
1462
240
180292
2774
595586
2140
1682
4034
270
1356
2462
948
7912
2324
1910
972
1820
1838
2912
4628
1112
4370
268
546
146366
30264
2956
3152
1614
2772
2698
1328
730
3476
3422
1228
210816
2682
2318
2038
2806
2114
13140
4154
552
392
280
1056
3506
474
338
1646
5108
2634
3180
3212
270
5428
1942
358
2270
2120
4054
4702
1642
2690
278
824
2404
4094
2236
736
246
1202
2208
1554
3876
2996
3756
1820
278
4406
882
3278
1582
680
3242
5520
1258
1464
616
1100
4430
2660
3108
1442
206300
4460
5734
1760
694
870
3874
2132
1968
886
5280
1724
1356
1800
4068
3286
4152
4888
256
6556
1422
1456
2982
5000
1012
6746
2616
3888
1374
248
7218
528
1278
2460
6068
2214
752
594
2212
362
4312
2438
2018
4112
1456
5082
4020
4584
740
4168
2082
4286
1444
2328
6418
922
275762
2602
38496
5716
5768
107520
858
270
3474
4368
2020
3668
7368
1274
4462
2890
720
1224
3030
2232
3190
1890
2134
2992
5206
4202
136826
1734
2468
4190
1510
1648
272
3900
2194
1848
1732
800
5356
2772
4242
1672
1250
2050
4184
5042
1924
1818
1412
822
4674
3892
1874
1814
1872
4070
4034
2462
262
978
2048
30710
4598
4556
5642
3296
882
3282
1810
5494
554
7416
9322
3848
388528
4500
4604
3480
2742
2268
1632
2924
1112
41996
1222
1712
2320
4756
7260
1218
1478
2842
1238
114896
1972
103614
1250
3414
3354
956
3700
5988
2474
2272
1108
968
990
5422
3084
3302
396
37036
5796
1378
1798
3240
1034
3948
3144
1060
2626
89384
2866
1798
880
3146
1198
244686
3058
4348
1338
4228
2372
3716
199426
2786
4006
1396
6682
492
4576
2512
3668
826
3404
2046
1756
1926
276874
760
3302
5252
65714
3278
3156
6452
2012
890
258
2034
1394
3192
3240
302
3896
3588
1584
1934
1806
2106
2972
1802
411890
3684
1002
1730
1516
136676
5430
2112
4736
113602
2690
1636
1920
3826
2704
2508
2990
1630
3334
10896
3618
7200
354
16122
1330
878
276
70144
4942
4494
2302
247684
1386
1816
708
3666
3554
140736
256
586750
2394
2878
2984
82176
4068
148310
3058
4958
1714
1248
1554
1112
3176
4478
2488
1726
2932
150104
1900
4162
5616
2276
6042
238
3066
2756
1150
4716
9560
4642
53552
3088
2446
4798
742
2874
3752
63362
4070
5238
488
3182
2092
1222
242
800
2690
3648
3378
18256
2520
476
2564
5944
1674
3484
1954
480376
3002
1876
2610
6144
2616
2308
7662
5816
6022
1794
4138
1854
1458
4752
2982
1094
360
3406
2064
3512
2516
2314
1556
736
3450
438050
5882
2194
2466
262
928
770
1498
1828
3626
1182
354
814
4362
2616
2474
952
2198
2420
2024
2534
1112
2760
8512
910
3314
616
31424
904
4420
2620
272
2382
640
58744
3926
1524
2254
1572
2320
1238
956
2510
5560
1048
1036
1398
2022
2350
2274
772
1292
2358
3888
1596
1774
522928
246
207598
252
1524
1712
3746
686
1268
476
2696
2024
282012
2038
1816
3612
6246
2274
1690
762
2046
1550
2298
3344
2854
6886
5130
2988
742
6636
1724
1246
2754
1826
1322
1372
171968
6270
1672
2062
1962
794
93098
952
762
4008
1282
1828
1178
1888
1796
1088
1136
2194
2444
145370
1008
1308
2238
1326
89370
3008
153024
824
2592
213330
223318
65026
548384
3052
260
212
906
39884
2698
1604
1150
1124
434614
1084
5358
4836
5364
3002
820
261256
133210
1340
4196
466
5166
3132
242
5208
259142
2688
5612
3798
2252
1446
108808
1146
2174
878
3060
896
3738
3020
2660
5366
3120
6438
3728
274
2386
2580
3796
830
1398
613450
356
714
3330
4514
1728
2012
10926
1322
98690
1570
268070
758
42108
542
2892
8578
394440
412
3210
16690
6850
5040
482
400
1224
113786
272
2262
750
1048
4176
1866
37194
2134
1018
2424
1364
1716
6044
1990
234440
1544
274
842
760532
3178
4760
3062
2224
2232
3254
32392
340150
2804
174490
1274
1032
3954
5580
8522
1690
2598
3576
6566
232
7352
268
1440
3096
59592
2944
4310
9808
626
142718
2058
9988
3356
3612
260502
238
400
3212
1762
4512
3274
3276
4134
2452
3614
409846
892
1414
429830
1622
2878
5492
6118
3208
250
2642
2520
8048
3916
2250
9210
2622
2914
1994
2818
2302
5600
3108
1526
260470
396
4448
1998
1860
3706
2104
4190
8270
1722
3034
3664
3348
9232
2360
236
1024
1640
2644
2476
3616
2134
6482
1968
5166
2328
400
358
936
248
406
5414
3900
1100
476
2516
2120
2976
3184
2174
866
842
1414
3318
1718
298968
5856
8090
4190
4500
474
276
2006
6778
14300
2080
3184
866
1762
246
792
2094
2096
1232
2690
5084
1242
1602
1590
612
2840
2146
3920
3302
974
1602
1152
1752
4294
4152
924
280
256884
5394
1736
3070
1456
3428
1884
770
3130
5318
252
3334
3236
2672
1202
11178
782
3090
1896
1432
218274
4106
878
1280
1082
1028
264
3410
3894
96128
1352
3840
1096
720
4164
2972
2342
2574
2544
63764
976
2746
2878
104742
1074
2036
7378
2038
3320
2758
1904
136526
1246
2988
183176
288858
2400
97300
2294
4834
1436
8512
9048
1170
12374
1028
3460
244
3024
832
4034
2938
4228
1150
2660
1748
2052
244
3108
244
18682
5638
250
307266
2614
1746
2618
278
744
2506
674
254
4236
2612
1844
1230
738
904
2888
187304
2924
3508
892
524
4076
3464
3194
1738
2942
4558
72346
78624
3376
3580
518
840
5818
276
1650
992
10458
864
3582
4226
2082
3544
3930
2346
356
4936
1672
2252
398
1208
272
272
4028
344
322032
1322
544
3884
1550
5306
7476
3156
9612
375406
1728
2662
988
1310
3244
2172
46880
3476
2118
246
8032
2438
266
2500
1250
5364
406970
262
3832
4990
3548
1794
258
3530
272
2158
995558
800
2034
244
1502
1332
2094
4768
2044
244670
246
482
2026
2552
1554
230
228
254
4880
1756
1198
3566
5282
5278
4570
734
2988
254
1490
3774
68552
1586
858
500
8788
2568
2636
3398
2384
2220
2472
11926
99478
1652
3418
3682
3582
344
744
540
1368
350
4644
1392
2536
5798
1356
226
8042
2542
5058
1724
1408
1734
4280
3876
358
53664
1258
1434
272
8322
329922
4212
5354
3062
3248
480
48450
9372
9618
754
3928
173480
2804
1510
3460
2100
2362
3412
20634
904
2904
2234
99244
612
1884
2710
2582
4014
3224
2138
3948
1506
2306
1776
272
4550
2808
3338
3580
2612
3196
3256
3540
858
622
2090
872
6250
2574
594
398
1266
6190
2298
3652
6118
154966
6222
1986
268526
2680
408
3116
249010
3406
772
1650
2600
89272
488
1716
898
30268
356
264
614
1564
2488
2378
1080
3736
2808
5722
1686
1292
240
58014
1598
2058
46510
1632
387134
828
482
4578
2326
2968
2554
3752
4518
266
2374
7494
4868
3734
360
892
34812
15188
23754
1680
504
2864
7076
2250
286988
2460
1250
778
7746
2646
4052
3112
5222
266
4936
248
846
8964
84718
1564
5860
1174
2842
184274
270
3922
1000
4974
2516
790
4978
6308
1744
1070
2510
2020
3040
2388
3410
476
972
2690
4334
326
5876
470
302
2070
2148
362
1306
2282
488
1626
3848
826
256
6992
476
848
3332
4956
2544
1712
822
2792
4604
5864
3960
790
1090
1154
3906
250
4220
3198
4528
5904
6860
256
256
2170
256
952
342
1372
876
2158
2082
3672
820
250
1218
3552
433360
2406
3410
5484
836
1312
2668
3684
2198
2318
2810
3570
4194
242
3434
1166
3870
265776
1990
616
1518
2710
2784
2964
2680
104316
2132
3394
4972
342460
108142
262
2142
225960
4714
1112
1514
4988
3690
5350
3984
4196
250
1142
3486
1956
37494
1090
156928
278
1328
2772
1476
3656
4050
5478
3464
1852
3176
766
25334
67286
349862
3366
1484
2006
2180
4986
1108
9240
31304
343206
3378
2670
2792
262
334
193754
2238
1926
4786
5990
5288
678
2336
78500
3602
1818
1604
190832
3350
3218
2686
3470
2170
244
1604
6040
2564
36454
2198
1234
3790
252
2480
6132
2102
1720
17058
358
5192
3474
2232
2660
2256
3090
5438
242
1654
163360
240
690
5494
2860
1224
2992
978
1952
4754
143434
4178
285450
1100
2384
1488
2182
918
862
51038
482
272
2610
342
2648
488
2472
832
252
1462
1974
2916
1382
3370
6512
4044
490
1316
4018
2318
6266
1910
1002
406
1164
1418
2754
4638
2664
3294
864
5662
3042
6354
2130
1002
159662
4150
2568
714
758
132422
2678
358
358
2338
998
4552
256
1018
2508
2308
258
26974
2556
348
1660
254
2348
1026
2784
69942
250
1648
260
7280
3080
282
1700
2628
1702
1906
3152
561790
602
1346
2532
1454
3882
6686
8982
478
236
4444
3572
3348
2476
274
291618
12782
2554
3610
147088
2116
4938
3192
644
3996
4544
3230
250
42852
2442
240
3378
8916
2562
1334
3266
1110
790
1104
602
6282
2078
1960
310
164094
5360
254
2102
246
3650
1268
2506
272
4088
3416
2602
160654
3792
774
3054
916
1822
3080
1144
24504
1166
2244
348132
5198
258
1102
2304
1454
219640
1966
618
244988
4252
286
2018
254
2202
412
1156
2972
4820
2364
2836
2184
500
2934
3692
600
1236
1874
4492
3022
3144
4688
4388
5900
866
1738
222
239016
958
746
4616
340
320176
238
1980
1020
1280
5662
2262
254
3436
2588
268
246
1400
3366
416
61250
900
2266
187246
1182
1388
804
89660
3562
3770
5510
538174
1618
1664
1226
252
2032
2174
36240
1682
1616
6120
2142
2228
262
3600
962
2892
36154
2676
250
4774
1124
832
4410
2130
6132
3552
354
356
3146
1310
4508
4858
4000
606
886
3562
4836
2542
3370
1950
2456
1638
1340
4986
978
5106
3394
1966
1116
726
304
1364
242
2896
6264
136408
2548
272
456
2998
6006
4596
2234
2244
680
6616
980
49500
7994
1954
1116
206084
814
3374
34104
400
1104
2428
1798
1220
7972
2000
2098
4562
266
4202
1364
5888
4444
5384
2192
1712
4140
3700
1048
362
1156
3424
6074
2480
3982
728
593508
2088
224
47036
1256
2176
228
6682
2270
2740
3082
1392
133260
2672
2004
1828
5250
1870
242
256
3226
1266
456
1830
2114
2212
2444
746
236
2164
1588
3062
1996
794
2418
2872
69036
2666
4780
612
1062
4148
2050
2180
4342
48100
890
248
1176
1046
1156
238
250
158942
401142
9612
2468
1188
226
2950
5340
2954
222
4202
4214
1500
1774
496
107910
6578
284
2176
4120
86902
4190
250
260
414
134816
1272
5510
720
462
7724
3098
5808
3040
13060
2170
2138
1788
4926
4970
400
2896
102148
1302
256
1278
5198
400
492
1242
3772
7168
7652
5242
677662
1260
6246
608
270
4766
2198
2456
264
476
262
98260
419806
5384
56296
388
46412
3954
2958
8524
4560
6310
248
2292
1774
1808
1036
2116
1460
2886
244
438
250
151820
44934
266
832
1074
836
21356
2182
3292
3716
2748
8828
3540
75150
5134
2912
5298
486
3054
1788
4002
496
244
252
103586
2076
2828
3924
2660
3962
240
686
468
3310
6140
1786
616
2996
784
3014
2108
730
580
3408
2930
4880
4308
2082
323574
396
3602
240
2058
722
3426
238
274
82584
2130
3092
240
888
1834
256
2016
568
2284
1716
2738
3592
2564
2506
34902
712
958
1904
1026
1888
782
2394
3220
1248
1718
2604
242
182156
4012
1914
4884
4112
400
2374
4076
5182
5058
1304
270
520
1232
1842
3616
4668
262
1422
6238
1234
400
1208
1272
3212
272
590
1094
4008
1160
5358
95188
478
250
600
3046
2070
4798
2792
1964
4948
268
862
1230
623538
260
266
8116
3660
1692
2406
528
392
1782
894
350
1400
1238
986
1516
3394
2004
2746
270764
350
494
492
510
550
1510
2596
1808
1846
1230
944
2724
604
1132
3190
716
1000
44542
6096
876
1232
400678
1326
1212
266
4136
2614
250
5032
4104
348
998
776
256
462
248
1822
3804
578
648
930
91808
2908
338
1794
55640
4578
260
1640
5558
3966
12454
1964
166440
3634
302
538
2522
4572
4532
2050
3070
1212
1742
7110
610
280
952
1952
1366
988
167410
217344
2064
1604
914
398
1832
2164
280
272
358
894
3366
834
3250
3198
270
1636
3988
3288
1000
4126
366
2068
1220
744
1136
490
4638
2776
624
3274
5190
820
748
1554
2910
834
2332
276
2258
1018
7066
3938
4556
10188
406
3178
3364
1064
240
1372
8486
76514
4162
5596
236
43588
1194
496
618
600
1228
1326
2206
1834
2332
3292
266
74080
248
2256
1364
360
2480
2882
792
1020
1650
1358
836
34062
782
1934
1698
4178
14510
1400
256
10404
1480
1650
201318
1188
1420
3116
596
238
1640
2490
1920
1648
244
896
400
4000
1352
1978
2920
270
978
830
3186
1990
31258
1242
504
268
3494
214302
7046
1548
2426
1590
2890
2276
1258
2220
1250
3816
1712
143062
2490
1476
962
2484
2054
1510
2344
7114
244
3136
3638
1184
2134
848
814
238280
512292
452
1206
2362
6846
3590
1798
4942
278
219826
2332
100682
884
10032
3526
770
1958
342242
396
2902
812
2078
806
5734
5072
1722
380
282
750
1262
2024
1070
3496
4438
2796
1768
224
244
3174
3034
1728
1514
47106
5016
3654
4434
3952
42342
264
3920
1298
2642
814
3224
4826
1264
4190
3880
5028
1694
4064
1326
7792
1454
3294
82016
2400
12050
1784
454
7944
2472
1320
246
3862
4044
33090
26964
238
3236
10174
3414
1908
914
246
6282
1810
262
3254
2840
4942
2774
4416
3820
4406
1374
824
744
75526
820
590
232
5170
1260
2502
722
664
3170
2478
540
3150
12054
470
1708
708
268
764
8146
2178
248
870
4124
362
4666
688
3292
916
4142
3060
494
8788
5212
1520
1766
175660
6648
2952
2178
4412
114346
5092
1878
1232
15130
5462
488
242
4002
3286
1260
1688
39338
475324
2202
270044
3414
3484
1644
2012
2634
358
2274
3966
2044
1744
252
254
514
163234
712
9354
744
1936
264
834
1708
1692
456
480
2868
2158
460
912
1966
2056
1122
37872
411406
2674
2782
272
6328
1966
268
2424
1408
10980
3912
4136
890
3732
3018
720
143532
482
358
720
1658
3748
480
2226
27848
1320
3596
1068
256
2418
900
360
4158
482
1370
4406
490
270
674
3862
3300
116360
780
1034
1778
830
262
10150
7910
4952
3172
1516
990
228
342
1332
1714
363960
2502
248
882
2818
1126
3282
456
4438
9220
6618
2562
2560
2112
280
4154
572
43694
61318
1242
6028
1538
1316
1060
1874
590
7086
1728
1258
14814
218268
1468
16044
264
1608
2224
248
1284
276
244
3352
2732
1646
1032
5380
230
246
1592
178092
950
4406
4428
6076
4944
1412
2616
2434
12278
7072
11660
282
850
406
1924
626
4250
398
3054
1872
1378
4638
744
1508
4210
3304
84596
3056
1440
966
412
242
956
534
278
284
854
2570
442
242
630
7484
4604
732
1016
542
3296
854
244
4978
2466
1248
9844
242
746
1060
270
3294
41454
3752
4494
2398
5650
1444
4354
246
674
492
1494
864
1026
268
2042
1190
2694
6324
264
260
3424
338
242
1184
242
1868
7852
256
8244
70102
2180
3152
274
7128
408
295132
242
2380
1266
2112
4868
258
2686
604
1844
1812
504
264
1190
297118
1774
238254
1594
4168
1370
1712
272
1106
85614
730
304
2554
572
244
1458
1248
2924
1720
1306
4478
1130
23232
2734
736
5392
1718
244
874
6314
1092
5894
2042
197826
772
3636
598
1720
1554
266
478
456
258
3040
2934
2426
27026
402
466
1144
1440
746
650
4026
4516
4402
2432
343032
2106
814
33880
3020
3298
1416
7010
1776
1584
2114
3568
1378
242
1320
246
1388
1150
244
5646
3786
42516
4854
55804
3142
1010
2428
400
3224
1574
796
776
760
268
1686
23228
902
3662
98300
3596
1388
692
4824
7112
766
2308
720
15330
1800
7544
684
4036
1148
590
2972
179036
4330
3082
1192
2140
222862
344
8558
2798
2614
3330
1592
1520
1778
2616
1556
3686
844
276
826
5218
888
722
640
746
4996
2422
35472
490
2484
246
4634
5854
260
53684
288666
1476
2806
11976
246
3152
1416
200368
254
882
3354
968
1364
388
1136
1992
244
472
1146
244
1692
55476
301046
5628
822
246
3680
710
580
2416
5684
1168
1738
266
2502
274
4258
7052
4296
254
2230
2948
3048
4172
1332
1136
3066
270
1778
240
2242
1756
2170
1344
4008
4408
4882
1562
242
3518
3272
1562
5876
66060
1562
3930
130532
2576
1600
10506
2306
5256
3760
2870
1286
1088
2340
930
248
1298
2890
2858
578
2516
496
586
3916
724
1066
286
6006
1344
7962
2404
2792
114770
1556
272
250
1878
246
5640
3942
278
37968
3224
2338
396
103938
15126
2620
270
2416
3340
8226
3026
4078
4718
1368
3772
232
2826
112328
3816
3472
2768
262
244
2540
6324
1066
2690
71284
267290
29058
248
3396
1252
516
2160
360
135668
6200
1096
6688
2302
1910
1064
3324
2184
484
2986
3974
2872
3500
968
1132
2920
2604
468
3372
2312
2896
3476
3562
6280
1646
199196
4338
6014
280
344
4634
1430
4980
262
5170
4162
476
2292
824
528
1428
1796
4066
2440
346
990
1988
3244
1366
928
576
5260
1236
3068
1460
2918
49264
151762
950
624
2266
1460
498
128558
3346
1870
4608
2416
2362
4704
2016
2776
5156
121260
252
9848
5682
9644
714
4278
6342
2508
1532
3544
1558
5102
2114
1734
2192
2754
1882
2860
6828
7876
470
3784
1120
3748
1110
1692
309380
1826
328
2534
11628
4464
342
323398
2804
2352
4314
646
264
240
246
2266
258
1178
3338
276916
54272
238
242
1422
276
950
2008
147932
3656
35898
718
814
3730
5656
1686
3248
4514
4184
1706
2646
1724
240
2084
1484
1328
143208
6270
1232
1112
232
4298
394
272
3074
252
9088
6218
2794
246302
696
2640
3758
966
1110
346
228
5460
250
226
244
160722
406
1014
4312
1310
3242
18930
3648
125684
268
1462
244
252
240968
1330
4356
1998
1660
272
4358
2366
276
1188
760
2766
5896
1792
1952
1562
818
1472
46698
590
254
3048
10298
3332
738
2566
3306
3176
2936
3134
3958
3142
2978
1008
2050
2244
76844
504
3902
3280
498
2164
2894
5236
3858
1312
3894
270592
312
1716
3558
122024
378070
450
622
2064
510
358056
91992
1900
2056
5920
1812
3192
7558
2160
248
3348
516316
3424
3772
260
100896
248
2008
1826
1810
4284
1626
350
36240
1158
3246
1688
3172
250
1994
2712
5488
2380
1840
252
1854
502
166942
2552
150760
312008
812
7714
3404
2730
5168
1270
3086
217060
2980
6518
5948
862
353564
1514
1166
716
1682
153992
352
4062
2790
1778
3672
3842
6190
17076
540
2392
238
2324
4456
836
752
2024
522
3928
978
240
2508
6678
3868
5300
5042
390
334
2916
2770
3076
1512
350
5538
3210
2802
2824
12762
176442
2700
153982
2826
2508
832
510
238
1018
236
1222
1798
1308
1150
1500
1880
5774
1230
172884
472
972
2072
1040
28606
2982
5310
850
4076
522
3244
1870
5914
256
790
20590
1240
2288
5358
3440
2904
2360
3732
780
492
280
2242
4348
6170
2362
962
1598
87108
3724
3748
1770
870
5208
850
3148
1574
2488
2240
1418
1008
786
5048
2428
1244
2626
514
2974
39940
41738
4842
460
472
242
1804
2232
3442
63722
5014
4792
4106
228
1230
3480
1500
4152
278
1840
1126
2704
4150
638
1462
1662
1880
3770
636
1806
1034
255244
1038
252
4244
244
3714
1604
4152
128624
2292
3592
4286
6914
3188
196098
3254
103022
182980
486
4422
552
1436
3694
54620
2452
310
119286
10144
1614
3472
3858
258
602
334
2804
42690
488
3946
1740
3548
1832
2090
230
1274
2264
1578
1894
1168
282792
3334
1508
1314
5650
1892
365444
484
4370
2682
7908
274
1026
6628
5528
2478
6122
234
6088
2362
1672
940
4728
1294
6238
3362
878
2654
249320
1232
4012
4064
1406
3482
4024
2574
3838
1566
1974
232
2214
1252
2978
2018
4104
84126
270
2778
1506
3200
1594
2018
3152
394
408
2116
884
1456
1232
3430
2320
724
2072
3720
3046
972
1098
216
4348
3804
3462
748
2710
1568
4830
270
1574
3482
388
3246
246
3466
2432
2730
3934
147398
277364
864
2348
4226
4608
3820
260
974
2584
268
1850
151214
1984
440
1448
2082
492
2128
2710
1834
3076
3652
1374
3036
7994
4790
3284
234
4028
21074
3318
2034
3064
2226
8176
710
3476
754
4742
5122
746
1726
4528
1130
818
1776
2094
6400
7992
2308
2692
3224
205316
2398
1164
2208
2924
5438
2384
3278
846
69490
3626
3516
542
1588
1606
1606
1280
2510
498
2374
648
5398
252
996
252
838
3042
91176
2646
4510
276
908
6634
1242
4764
1336
2066
968
1488
2392
1388
1372
2096
2810
1612
74250
2684
5976
238
7666
3660
348
1906
1660
2376
6902
2638
900
6530
5582
3716
1002
7556
253394
247984
6698
1514
8508
5422
710
2520
2788
5086
1232
2112
244
1044
304
196772
2128
5714
1284
3660
2554
4626
2376
8026
5758
482
810
3510
2748
123160
6850
434
19100
824
4030
2420
234
1462
622
1192
1310
6096
842
840
3880
2816
264
1450
250
752
1080
358
2282
1300
682
4326
4158
117026
177644
6824
996
2084
4812
2104
5072
1340
3822
3274
248
358
1160
1942
4040
4618
7152
2184
970
1168
2444
244
3344
4098
1914
632
1770
117492
6828
334
2498
744
466
34856
2012
1236
226
2922
3922
284
982
44082
3026
2946
2904
274
234
1448
4430
5308
4102
440458
4576
28722
1544
348
912
1364
4090
5182
3080
1608
500
4486
1790
4566
1100
748
2974
242
3694
3738
886
214
9014
3516
732
252
642
6484
113570
690
155604
612
3330
2792
1460
4982
1882
4320
1572
3744
894
11506
121840
1308
1166
3240
1258
396
1362
25376
480
2438
522
5940
234
3154
876
396
2430
3380
5076
706
3550
4934
7170
270
43736
1808
7024
360
2714
2608
204192
5542
510
490
506
2612
129838
1972
1972
7868
1420
4044
274
250
3780
4056
2072
224
1396
260842
63680
860
350
3580
4074
2334
2020
876
400
1322
252
4690
1554
1398
278
1102
2424
742
812
2400
2278
581806
1702
2426
3080
408558
3818
6710
5766
264
1896
1096
2600
440
268
2306
2600
2624
732
126800
1112
3752
1640
3328
270
210
5538
486
9132
248
728
1226
88236
246
252
636
1186
413084
478
372
1140
1562
260
480
736
502
252
378
846
27800
716
848
540
552
584
3124
1696
254
642
1720
352
246
1394
254
632
2532
1836
254
1332
380
494
596
330762
1554
256
502
1124
540
628
368
1686
964
1976
388
1086
372
740
494
197802
254
746
408
246
850
252
260
366
378
1206
386
666
294
244
218
2794
606
744
1394
424
1978
712
1610
242
226
270
486
498
240
2156
113018
696
490
254
516
244
272
256
610
126724
844
258
1372
528
858
756
1276
672
166908
744
1800
244
252
155684
360
636
480
610
1304
1256
488
504
256
2674
364
234
496
502
1964
864
494
984
414
1050
269260
1640
850
1284
1634
408
31590
262
189134
646
72468
368
242
482
240
248
1146
1660
75684
2162
234
482
854
1568
238
378
274
480
1006
692
1648
468
262
5930
890
352
1986
570
1284
490
248
950
3006
720
1770
1186
1380
107988
1496
386
250
368
260
616
358
516
246
254
252
928
1250
484
1504
290
1364
376
634
494
407658
360
2492
256
508
482
260
904
382
262
394
496
352
252
250
268
472
90996
570
1416
622
1570
248
1210
382
986
366
2422
254
238
262
370
850
1116
57046
932
392
510
2080
1818
400
268
1118
984
234
1424
3244
712
794
420
362
258
1206
250
250
1382
998
1628
918
370
260
256
1914
958
866
866
276
254
1340
254
1150
227698
87712
290
246
738
392
372
137110
375936
382
238
246
248
784
350
246
474
640
468
107716
250
152890
546
666
986
96378
570
15192
606
638
250
684
1124
386
252
374
1448
492
672
760
734
2062
248
1370
498
996
42072
177096
526
840
492
1026
252
600
1298
1334
2982
250
1108
618
872
1422
900
250
760
2410
258
131876
46576
626
254
648
1506
1256
994
616
276
2350
234
254
418
522
252
768
1612
772
734
494
750
550
2196
1870
994
276
260
3686
636
632
63328
1246
372
398
616
1106
750
250
510
248
1454
856
1230
366
254
360
258
252
1806
264
376
490
137768
1276
2374
498
986
374264
492
632
328680
1378
524
264
372
1064
490
244
258
602
714
252
2430
2324
408
904
262
496
1630
364
382
2196
234
422
1622
370
944
496
364
372
260
3822
1806
354
360
848
606
1814
1256
720
380
142300
1094
706
1126
468
1548
738
898
622
384
370
248
386
1122
252
248
1000
514
318468
254
1974
2630
1026
872
39990
374
1416
1422
1446
510
378
2446
848
262
370
1278
1942
566
24042
372
504
914
244
282
1446
358
238
254
728
766
514
418
352
339836
746
852
256
456
910
1118
3196
248
1256
248
384
366
159572
608
2292
260
1474
256
372
16100
988
760
1620
1208
604
39216
262
496
238
940
238
254
246
396
658
670
244
2094
382
624
236
1110
254
254
256
2194
706
1046
746
108230
370
704
57592
1614
28032
266
250
211490
842
2416
1028
244
260
598
388
3312
354
1008
478
1000
640
73066
476
384288
4926
986
356
2216
708
380
848
984
1132
358
1512
256
2520
97132
3496
8078
2494
354
1372
242
1398
390
252
516
708
3202
896
610
362
1450
268
237924
2104
738
736
132406
382
250
874
264
602
618
2354
1600
984
1504
1798
42404
270
268
376
374
2844
254
284
270016
344
454
1148
1440
373296
233564
1314
11538
106416
111090
26818
1080
506
846
1586
366
496
742
199472
250
1704
131064
252
1066
634
518
260
258
31488
252
490
1224
1100
1592
980
730
728
1330
11464
610
504
614
254
171138
2052
718
1150
380
1620
598
278
378
270
246
880
2076
1738
262
534
400
1168
1870
293388
533532
352
496
1648
256
554
910
1884
4132
246
44440
366
860
380
1204
15140
934
414
496
374
264
376
27504
378
256
1228
268
1234
1284
636
480
250
1004
608
598
734
360
256
518
264
332470
1144
246
498
458128
78356
982
798
374
1048
366
256
604
1298
2208
1171442
242
974
250
632444
258
366
478
331564
954
379992
3466
366
3876
258
1116
2524
2006
252
220
2332
594
762
622
250946
552
496
1186
46134
101802
1176
3364
608
508
1878
244
542
66674
1370
766
756
2442
1112
660
972
1022
912
119014
708
39696
262
108640
258
770
550
520
364
856
2302
750
1586
1226
742
982
59646
1800
496
376
494
486
274
470
888
520
612
267882
1434
3078
254
1616
1348
232
254
262
1256
366
252
1778
500
1194
109360
958
1480
654
494
256
246
734
266
382
520
1560
386
862
1350
348
984
376
980
240
374
1388
370
354
269992
950
840
608
3840
71640
1160
1570
270
43406
464
768
838
872
354
244
248
244
764
258
278886
254
1420
984
2168
1268
88482
1464
1508
364
1394
20240
596
3468
240
598
492
246
228894
760
734
1116
238
246
93448
748
348260
366
128476
1584
880
25646
72738
260
246
383552
1530
982
1950
280
4900
366
492
708
2750
1254
1850
254
264
252
1186
860
615120
512
1066
370
250
384
360
374
1616
376
736
512
106958
402
99406
430644
1704
610
1942
410
254
366
598
268
466
2116
26372
576
928
378
490
2434
392
552
252
380
1634
912
520
356
250
1098
996
1424
352
376
1348
1214
1076
502
1638
476
846
754
894
1870
2216
250
712
258
246
826
260254
6516
1540
358
264
250
246
256
392
376
638
244
256
790
1122
382
1546
502
714
382
248
83108
268
372
264
1348
506
248
12386
382
5390
2952
3018
2892
3420
1508
3632
758
454
2334
66718
3668
540
518
680
2332
1872
3234
2810
196480
97452
718
540
178710
5366
3846
1552
2090
1606
1534
2258
3512
1666
862
260
988
680
972
3824
5140
1328
3642
800
2464
1858
7372
2518
508
2044
564
268
608
10258
406
1866
4838
740
244
328398
6926
2800
2342
3436
228
94944
3028
4448
385114
822
1836
235596
1264
1504
1388
4444
2382
5222
3110
1944
1792
1112
3462
3670
2586
2362
6660
1948
260
1160
5718
758
944
1072
246
274
1202
2498
12752
1942
2842
2460
2816
258
3608
1654
3032
1284
5422
3934
2646
2732
6482
256
1832
2640
59412
834
92628
358
252
2156
3464
1088
1532
1114
550
3476
250
2570
2626
1218
44894
3650
1566
1104
2564
774
2376
1452
71556
57282
4868
14104
7884
4778
412
3378
9314
1320
5560
7794
1890
1560
8820
488
1530
978
7610
4910
2538
1580
3470
5430
3352
2730
242
9984
5176
242
362
2732
488
5184
3856
6326
1684
5666
956
2796
2294
2184
7088
462
2786
268
1166
1702
5958
2016
3326
264
232
12184
305098
1592
1944
213196
1256
670
22022
3316
1618
29508
1988
2120
82296
6458
304
244
2188
11842
3942
4148
256
4194
2672
1632
1158
275532
3978
798
3132
1284
1176
1318
246
62790
1616
311680
1228
242
2288
4004
4514
2666
4580
8006
1592
4324
1862
3610
4334
3622
127464
1740
862
3280
826
2936
72878
4184
262
342
4862
2224
752
2478
104616
2628
2560
4312
6760
798
5562
2600
3514
3008
1472
4486
1412
4926
2944
2130
262
3068
2028
520
13914
4434
3290
1962
1930
4816
260
5396
4080
238750
638
1848
394
350
5662
2602
365996
2460
292
4016
608
4314
1320
26722
2444
3626
1356
4422
264
1098
262
3774
1240
1350
297920
2526
4562
4856
3000
7408
586
580
252
5220
21644
1342
824
1010
3968
2224
4966
1946
6834
42502
1076
82492
1788
3256
3742
1634
1512
1510
173316
2618
3540
228
3486
4130
1712
5158
240
5360
2902
2058
4816
71936
2968
2752
3038
7836
232
3088
1990
302
2848
2778
728
4030
404
5974
4736
1872
276
2414
362
4372
244
402
22928
3402
310108
2022
1828
2870
260
2150
236804
76156
634
982
8296
2054
2782
1376
1844
36980
1468
2314
3264
3840
455540
180430
248
6192
2520
960
638
272
1988
287908
1234
2712
15866
254
3264
812
2754
1698
3030
1668
258
2260
246
292
78210
4296
4566
758
3078
4326
1400
362
364
431922
2734
3548
25724
7286
1088
3282
4652
5204
1282
232
1090
2288
76990
4280
1394
3878
1478
2426
4578
5222
129686
1786
1750
4252
3010
6260
3604
2092
2242
716134
266
2554
3070
856
3408
2244
4718
2878
1122
2100
339358
4202
1834
3348
4978
1474
252
1694
3260
2064
3224
3680
996
3032
1288
636
4454
6074
896
1924
3054
5564
5042
864
2046
364
34978
254
2090
4430
950
934
4962
6268
181974
8238
1038
406
2516
2414
1966
4010
1550
260
2064
2820
5696
5936
10744
278
3570
734
2584
292
688
1220
304
3324
280
3376
1338
460
3546
468
2804
3192
6626
1478
5228
2372
4156
4888
370
398
698
1600
242
136058
5140
27854
4448
53862
5238
288
872
1438
4584
2244
11710
956
5524
1376
128936
778
4994
1230
2506
5920
272
2354
5910
3270
2342
1292
2014
3362
3540
2690
5092
1088
4316
5236
521820
6440
258
1732
9040
2220
3288
1410
3722
1986
5156
1108
748
476
922
2532
1696
3860
279024
2630
5018
202430
3452
268
4202
133300
1306
904
1984
238
1628
810
278
1100
1084
3112
242
3766
2534
1894
1508
1360
362
9990
1548
4650
1194
276
3250
6236
506
744
516518
3840
832
2868
535788
248
586
2204
282552
22858
2062
2618
14784
3012
2276
1380
3868
3048
123710
1438
2886
1274
716
4642
4058
2580
1494
496
53180
1548
333852
2646
2010
2166
2542
4036
1274
282
279914
1018
1314
2172
278
360
2132
2714
5246
2788
226508
1454
6452
762
1616
1096
1542
3694
1550
2092
1744
818
282
2390
1890
706
2286
4956
51612
3008
133496
5074
3196
224
3620
480
252
8408
1012
309128
300
708
4960
284
1290
1576
177202
490
1054
40152
4202
84538
3032
239304
4228
1152
6806
2326
2582
1818
3686
590
236
3884
1054
4738
232
878
1028
882
5934
558
3108
2860
4948
994
1644
213224
270
3014
1814
398
1328
974
125350
4274
1420
1920
742
3384
2862
2218
7204
1998
260
3230
5172
254
4790
1494
2304
2772
1266
890
4644
1970
2370
1388
1908
4144
36984
3840
1624
69344
2250
1978
1846
1008
243044
128926
14946
734
246
719674
1138
116752
266
5312
842
1808
4842
3054
2878
358
6018
2308
1768
1510
1440
1554
1592
1914
2558
1624
2110
246
58794
2464
60140
1476
232
3570
2926
592
2360
362
12746
3742
3750
3136
2562
7280
3576
2386
2622
1320
5892
1416
4246
3388
1458
6064
1364
6582
480
421092
492
246
1232
3748
246
1962
5034
1740
4166
130998
236
356
586
964
3572
4726
248
484
63722
1868
4956
7418
2902
3390
495864
1960
1086
3390
1674
2034
400
914
5390
392
2338
1694
3056
6120
1052
504
296214
4776
1260
5594
2730
127764
2626
2400
802
5652
2182
2060
2002
3300
2582
362
4172
3522
3418
774
405938
596
248
54404
3376
3396
586
786
1546
4364
4702
238
1032
3802
3594
1376
488
2416
3238
1708
1460
1578
3862
1208
3026
290
3486
1578
1414
192522
3106
4854
8084
5242
1006
2254
350
796
274
3530
3080
1000
10824
504
1684
968
810
256
394
994
302056
514
1554
3048
282
107898
1920
1278
3324
2280
258
350972
3102
272
2746
2534
286
401944
21986
622
1030
9028
236
2770
1486
974
7792
2984
2236
1712
2368
1932
1908
3008
5066
2114
2006
346
4118
1596
672
1520
1140
966
3478
4246
5384
71174
396
3006
3404
1806
2284
75840
1192
4078
1954
135540
722
2046
2772
2798
1496
3690
2728
3430
516
1760
2046
1312
270
526
2416
302
392468
1066
1954
1276
280
1124
2960
2608
2066
1812
1280
2676
38996
1742
3712
4814
252
3144
268
1402
1114
1040
682
1542
1352
112722
4326
98180
768
920
996
4760
364
4530
5248
276
1774
230
1552
3244
4840
2638
5332
3464
2938
40750
1984
4170
4226
278
1554
846
6026
2918
2176
90964
1468
7494
1690
1094
1434
238824
5380
3094
8784
1626
3946
201330
2582
1242
3256
1358
250
636
2622
5312
3244
1182
1488
9524
702
283722
2986
2378
602
4984
61324
2220
1392
1234
914
2288
1358
362
2346
3192
2898
3710
3648
7044
2808
2754
758
952
1884
1474
1398
412184
776
872
958
2094
133702
6142
3420
1406
2006
246
113078
4156
1584
4244
1460
1234
554
1096
3120
880
13664
3978
254
19746
1584
3294
73624
1464
404
274
474
2974
241970
532
2278
1734
2334
2188
3282
2120
143508
303242
281018
2298
1728
2896
2160
81976
151428
2094
1800
6356
1226
824
1416
1368
3480
2874
1818
2738
854
149760
1928
3732
3174
1692
402
1140
5328
3504
1912
4046
508
5106
1958
3542
2880
51646
2784
1230
1708
908
3334
1110
3550
63706
540
6304
270
1684
2456
5146
1584
1326
2298
1356
2292
3620
2028
814
16054
5210
3572
4946
1076
2532
485970
2564
3594
2918
698
3722
256
1372
358
1862
854
1844
3802
4306
12714
7078
2750
3806
2610
7472
6146
3516
3226
1912
4570
441746
622
5052
4670
2490
2108
1616
5862
1682
1786
1868
1680
1936
3936
2822
2514
1170
364
2198
1360
1234
2254
4772
9096
34604
3382
5576
4600
55052
1716
4604
1388
1764
998
3306
4566
1108
988
4930
1372
1426
3366
2184
5148
1898
2410
2746
4914
2076
2618
290334
227660
2488
205902
4034
1342
402
2850
3194
8192
279480
976
3786
3334
256
3404
956
1350
262
1580
2628
4710
1930
2794
250
4092
4556
2648
2276
7482
3606
1238
274
2040
1814
2230
2020
170506
3412
1562
5288
6618
840
2172
316
86406
450
270
2520
2656
3344
2730
1360
2986
1892
1322
7242
2772
145432
1074
2630
1138
2364
89720
1420
218
153262
360
2084
110790
323136
1818
1026
53168
1120
2842
402
545174
4382
46550
2100
506
1032
2050
3292
435760
362
240
4458
3054
2286
2242
259902
132464
5112
246
3362
1122
506
2074
420
2604
1068
3218
826
255694
922
3956
2972
3084
2140
820
107236
16062
506
2672
612
3718
121336
1396
3082
2182
37628
3124
2112
2906
2236
5792
444
790
3140
231326
1350
2124
771086
1192
4258
1462
1812
1372
1958
3332
33994
342094
2254
171316
6382
3508
2286
618
1466
502
1792
1528
2874
2452
1228
836
356
1918
626
1704
726
1620
3222
1912
1710
692
58374
3618
480
2606
534
266
238
978
3546
144076
4672
5074
1884
400
1386
267438
4036
2628
3286
4236
3512
1554
2722
492
410170
2528
1712
1020
428714
2386
3028
468
2242
634
1858
3666
1854
2890
7192
1714
4202
2600
1074
6728
352
2114
3810
3306
4952
1920
258
2070
2394
960
104306
482
3376
142848
10674
2678
2470
2290
3324
250
4350
1906
3062
3870
3636
4670
234
2776
5130
3198
4154
868
258
1226
1002
1432
9736
2732
1106
1304
2610
4302
8334
3364
1482
1928
282
3416
1818
2242
2298
2496
1714
1950
3532
1576
1888
824
1548
712
904
266
657320
128396
2102
2838
2614
4346
1154
1906
7420
1986
3390
1162
15614
3584
2282
1016
472
996
2454
2974
860
270
5670
1344
5210
5252
4314
3302
5878
724
1662
3546
1884
934
2228
7596
1372
5126
282
7346
25338
5800
6378
244
4558
2576
2866
8200
2638
2300
5000
5430
3670
5528
2074
728
3074
5392
1246
248
276
2568
3826
1628
3498
6186
5728
268
2954
1742
5100
3846
530
3098
5258
1224
1720
1816
242
4758
492
280
5740
246
2324
846
3346
9572
238942
3804
2564
996
2300
4282
145980
2494
2868
2574
3480
1626
402
2266
2552
3646
43518
2888
480
7200
4870
697222
3380
2564
2056
3390
5618
3800
1548
4980
2262
276
166432
2698
1926
728
75364
1730
5108
560
2202
3070
5440
2998
2538
2248
4572
2366
2210
580
10338
2168
5730
586
830
828
548
1200
234
1358
1126
682
4058
101654
50406
5336
1222
3584
1588
1638
216340
384
164962
512176
976
1160
244
4796
2948
5788
424
280
3158
4360
870
1846
3646
738
81008
222330
824
639528
2004
5744
1898
588
4528
250
1950
344
7530
988
288
4100
2410
3130
988
1452
834
4918
5018
838
177588
76202
2704
2548
2690
3204
612
5274
5228
1896
1574
974
3334
614454
80114
3298
3564
6964
3244
1180
1796
4936
1870
2246
486
2012
1238
1036
536
96828
2976
3026
181634
592778
970
1080
6144
3222
556
3588
4460
2634
1076
910
1234
5568
3084
3680
620
2044
854
2574
6080
153944
27668
2712
3140
6440
2622
2010
240
824
4418
4042
886
214974
1292
1094
236
1162
1188
5646
362
5826
508
3442
7480
3250
516
4552
1836
694
2356
1266
640
2772
1660
3428
4280
2364
1872
1760
4542
3324
5792
2626
1640
4000
1940
1126
1440
802
2444
1916
4310
2780
1286
1756
2876
486
3892
3014
1250
5340
1426
2530
354
1028
934
206750
3536
5140
248
2024
2624
2518
788
6142
570
7036
1446
248
6766
2758
2154
262
4258
360
2640
1534
7320
1076
3394
3522
360
3594
592
5566
3154
266
7186
3896
954
2526
4260
3868
1242
1140
2816
2442
2398
362
364
1280
3030
4804
350
1978
1828
6026
3008
3472
488
1184
6394
3112
2504
1064
3590
1368
1704
266924
6644
41208
240
2914
1458
106004
2206
2088
850
4404
1900
606
1390
2972
5668
2360
3240
2262
1978
1938
2714
1380
2758
3916
1382
2958
140464
2658
4402
3866
1942
1140
5702
782
1458
4112
1096
284
2742
2900
356
2022
3572
2144
2146
300
866
1736
2568
780
2152
2876
362
1626
4666
1776
3148
3114
5792
2352
2882
28036
7266
2298
2272
974
2526
1274
944
4858
1546
4234
1126
1790
4516
254
5386
416
4820
2754
398
3520
4030
7626
1014
4152
286
1042
6236
1782
71082
1450
7582
246
5574
258
2144
4344
1116
43032
704
678
3878
6416
1360
560762
6630
4048
1672
2022
256
6296
5878
2698
402
1912
2676
5346
2318
108706
718
8730
1706
88452
1128
524
138064
5322
6682
3884
1742
303036
306
264
3124
262
4430
3958
1506
948
3506
2160
256
758
2536
244
492
8506
1594
1478
1440
3320
1398
4158
348
2032
2380
1790
6790
1902
2874
798
238
3830
268
1502
1310
1928
2978
2824
750
1550
2878
2880
257438
962
3340
1178
3152
1434
3804
4934
1610
244
1470
3090
364
4008
596
366
2092
11178
7998
1056
1384
220388
1030
4458
1172
3650
1356
1406
1644
94998
4158
6768
1328
726
3152
1494
3362
2400
70046
6670
1134
106254
7562
3738
242
2924
4572
2932
144334
1416
101306
78220
288360
796
7060
2628
95016
1498
4020
7200
1846
2410
4022
284
986
478
4040
522
1446
288
2058
896
3094
400
1380
3094
1730
264
808
5284
2176
1788
4152
17910
4472
284
240
240
312282
3086
536
1466
7278
5442
3152
4078
1774
5848
187118
1464
3392
4570
2026
1350
3936
1582
1906
2832
152850
270
2014
3472
1862
626
6128
1738
5690
236
1834
326
1004
2754
2590
4434
458
852
3744
1668
5022
3086
314756
698
2548
4240
4514
3292
492
1280
1258
2896
1004
2550
238
2182
380982
2206
2904
5736
2956
1878
47670
3262
1884
2120
2700
4884
938
6480
408614
1430
1306
958
1468
478
3588
6426
380
6980
992462
2854
5348
3464
2162
1190
234
1380
3708
245246
3090
1502
362
4054
956
6958
4438
3978
270
5122
954
1134
1424
4336
3284
1236
282
70278
5792
6848
2736
2240
1900
1378
2590
2266
4808
10794
97728
990
1452
3476
2788
1518
1944
3930
3224
684
964
258
2528
4592
1492
3972
296
1380
3708
2774
3440
5640
3906
2670
5896
54340
2376
2074
4922
612
908
604
1722
333944
3108
1520
1626
1224
49480
2682
3194
858
8068
366
178142
1948
2372
302
3294
3408
2302
1520
278
20058
986
1954
534
2048
96780
3924
4240
1934
5054
2622
256
3246
1260
344
1788
5356
2146
2252
3690
2462
3576
2104
3572
358
1916
1236
3088
5502
5706
756
3950
884
2066
3800
2050
6342
3894
2370
514
158932
744
2668
1426
416
52456
238
640
209990
2298
4568
252612
1638
4072
2136
92546
3194
31928
4318
4304
772
2272
2928
1494
264
1816
59406
4504
1518
10278
42962
2034
1242
21572
365746
1698
2418
1476
3184
4108
1204
3470
5298
7962
2764
686
82782
358
6638
2830
1140
5254
204854
79138
3280
11654
482
2476
5468
250
3744
3880
590
6756
1312
4980
838
272
416
486
870
860
3070
88660
1032
734
266
3662
11532
175444
6010
9046
886
1382
848
258
2120
1484
3640
1236
4960
2346
2686
5776
3952
4228
6660
5026
5094
574
2264
3210
410
1234
6050
3278
4768
5608
1202
2892
1080
314
3546
1764
4924
1966
4288
300
2448
1164
1680
260
240
2960
4882
2388
3474
4792
3364
1708
1652
2742
2170
2264
436910
3780
3010
2076
6926
1258
1026
264
3448
4172
874
4776
306
5366
846
2748
268372
5652
3700
2718
766
272
1666
272
107128
4822
844
344486
342390
1432
2340
1104
284
3602
5338
984
268
2274
6020
340
816
764
4046
2350
242
2144
32262
246
2338
4156
157734
906
3940
3842
260
3160
2860
1020
6830
1702
4468
23222
418738
3644
2046
2302
2296
1042
248
3324
4150
4246
248
31738
278884
59258
246
1104
2368
966
2024
1868
3272
193652
2298
2812
5120
268
1110
414
2352
3324
5548
76400
4306
1324
185472
238
1136
3020
2424
3302
228
1440
5054
272
474
4480
37480
7608
1920
3304
3228
1968
2374
1870
8798
8124
1282
3902
3608
992
1360
260
3318
588
2784
240
238
614
2924
163006
6444
620
2786
2740
1924
1084
1790
2064
143404
2902
242
2602
284588
2016
838
1574
3156
56302
4462
2706
3666
1452
1264
2440
2770
2918
408
956
3972
3730
3394
260
4158
2808
7706
2336
1138
1750
2160
2944
3400
3350
2616
3890
1648
266
894
2534
2482
3602
165962
1964
1454
1360
3642
66148
60798
2370
3706
3722
352
1442
5094
3384
288
2278
25350
5126
5254
2054
3138
2776
74596
276
1892
2902
3200
3310
1360
3470
782
1284
561594
2716
1656
5200
1678
756
2444
1294
232
87410
264
6602
3418
4314
3012
2906
1374
3720
7778
2602
1412
816
1800
278
4016
2256
99748
3948
230
3894
396
14238
5006
3784
4660
260
293664
17486
2422
2324
123036
17580
1258
3434
4514
1872
3638
1148
2576
42626
4664
2214
5784
764
1450
2170
2248
1404
3438
11692
1400
6034
2650
262
164490
4086
2210
524
1910
2242
4042
260
3890
2518
242
1360
161462
3904
8116
3462
880
2176
252
24792
3094
350210
1358
1104
1178
1848
4526
400
215526
1776
252138
272
3884
1856
5486
1236
3090
1336
1450
3200
3222
3480
1340
4238
2548
2494
494
262
950
4126
732
2784
8274
4994
2840
270
398
236634
3330
9854
298
313628
1230
2434
1242
1036
4232
520
2078
4194
7552
2878
1678
55670
2186
2640
2342
1384
187388
760
2782
2064
89632
486
2630
3950
844
2130
532914
2058
1344
1188
1194
2522
3764
30550
3418
3820
2568
514
3502
2296
358
3278
1084
820
1618
4132
30112
2292
274
3858
4678
3672
1046
3274
2004
586
3980
3336
982
7614
618
2252
732
2334
3934
1140
2882
2454
2002
2842
832
1528
3012
1332
4510
1714
2994
7960
2842
5528
3150
133470
2410
3710
2076
4224
492
262
2920
1502
492
4458
1444
244
7298
52072
776
276
236
474
1378
1608
207796
3382
1716
300
36006
998
1898
1456
904
960
2214
2378
5636
3618
1810
602
2416
3874
2168
2600
5354
5238
5020
2322
1764
248
1998
882
1884
586
1026
8478
254
278
592348
46940
1542
2070
1976
2208
1654
3694
2560
2922
130816
8458
9396
2886
301516
4964
232540
5500
692
5386
86468
3260
5006
3460
762
3788
1796
2840
492
278
1096
1380
22366
1740
988
1354
7226
262
1088
1298
4354
3202
202178
400
1496
1656
2332
6196
2466
2406
16796
274
216
1156
220
250
930
10354
416
462
1032
4222
820
2910
1672
340228
1584
1390
33096
2554
992
2040
524
2256
2844
272
244
1300
1966
662
790
494
1556
624
13342
1234
1968
226
262
41240
242
2216
2380
55674
1468
594
3156
548
1426
2968
1324
3056
2094
772
26782
1974
252
95160
5186
3336
2164
702
744
2110
398
6360
2814
16658
272
244
258
1230
268
3738
756
2442
4014
190580
1566
622
2954
1346
250
224580
252
6698
3990
4262
1218
2068
1474
3374
2222
3824
1902
1702
1526
4406
1170
5410
4746
1654
33820
678
4422
1760
57920
299006
770
244
242
2818
3276
244
4626
606
3580
242
1276
4004
5336
900
1488
1156
4616
2506
5066
2366
1128
1546
2790
1246
1092
4126
3216
272
1568
3696
1058
3046
2112
264
742
1904
606
960
1254
5262
590
3210
1852
3158
256
95362
3320
824
260
246
8028
246
238
834
3582
1086
1362
916
681824
2276
6992
7130
5048
93416
402
2370
414012
490
2116
1234
1482
57800
264
45330
862
4142
2692
246
388
5130
254
1136
3164
252
274
976
6938
4582
1830
2702
1954
158860
40748
8026
17890
1102
1666
1374
1398
486
592
3364
486
364
1702
1006
232
2394
240
2664
78618
516
268
3442
2794
3554
5846
348
352
108432
5358
1858
1344
270
1548
11304
828
584
1872
1750
2234
4726
276
272
4896
2164
396
2766
2376
254
2016
248
3416
181706
135534
242
408
2596
1398
4490
4626
82918
2016
266
3028
2118
2694
10000
7358
1784
29494
616
404
16724
2072
1540
1876
5592
332
185930
3068
4968
1240
2276
5116
3982
240
2274
3720
238
872
5984
1860
3932
616
6318
2248
4720
930
1722
6284
2286
3676
628
2066
1230
684
1938
82074
350
256
1232
228
6496
1826
3940
348
880
3292
1202
2866
5996
614374
1786
514
1316
5384
252
756
394
4806
3900
1492
4672
3726
8038
2028
2450
268
2162
1960
265562
8044
2374
3468
2660
2442
1628
228
2520
2900
2340
3410
43590
2068
4604
888
400654
4616
1518
2078
3598
1008
2750
4580
10394
862
340
240
8440
96614
292
2192
358
60220
488
352
4018
1242
7284
270
1134
464
258
1858
1898
1060
4526
166050
2082
674
4336
396
3046
1568
1860
344
596
2734
1682
796
1224
2120
6358
260
1228
13554
690
153602
224
2886
616
482
2846
2130
215238
1364
3706
922
9436
5160
396
678
370
7390
2114
4838
1884
2500
494
13468
844
732
2358
7150
2734
1860
1782
672
2670
3420
352
1102
4626
242
1368
986
2970
628
2198
632
1318
270
1836
4284
1804
874
3684
276
2908
992
1998
4402
74260
1490
4082
45864
15058
820
2100
866
76282
2468
236
3118
3148
2356
6036
1582
770
3828
248
31526
1108
2080
2462
1202
1478
9608
272
450
350
398
15822
5226
270
201846
818
1386
2454
4710
1410
316
1552
1694
2206
2478
1408
1058
2070
6512
930
2402
258
29580
2948
213802
3392
724
1006
2556
1348
1708
3258
1464
254
11814
768
484
1204
3410
136562
1786
1282
738
5272
1112
6598
4764
582
454
2922
402
2734
246
3382
3122
274
224898
366
268
1128
704
610
523158
3522
1826
2244
1254
5358
219582
2980
99028
604
3366
728
3474
274
814
344220
254
948
802
3476
1472
2036
878
2640
334
1248
242
5902
3502
1138
234
478
278
740
1560
4306
734
1616
528
1044
3996
1520
42174
280
1584
1016
1456
318
2808
1944
238
1890
448
48348
4244
5078
4626
1936
2888
676
850
4302
248
1154
3346
672
2816
404
736
266
244
1724
1606
898
846
80438
1508
2388
5394
240
2000
398
812
1370
1738
2276
2858
830
1164
4156
1924
270
66104
8490
4886
2540
274
276
2770
4916
400
746
2336
3800
1684
2292
3064
3184
754
1394
2804
1398
636
1120
4550
746
81162
1064
268
3650
1942
1344
5176
2134
2730
11396
244
726
2472
3540
8608
5978
2486
3634
3882
268
3058
1330
236
1208
2758
2874
1514
1294
2824
175810
1880
248
2740
2238
2176
1854
406
112034
246
1112
274
1822
252
482
3792
274
1034
18370
820
460
3314
264
1964
8754
37002
542
640
504
378
236
468012
6118
278
722
1094
402
362
262956
272
1296
670
3738
5194
3548
260
4166
576
534
2458
876
5258
163920
1262
588
21096
246
264
1422
956
4214
400
2544
2216
894
35910
260
1578
413082
456
1752
2406
276
2196
500
2538
3188
2024
2588
580
834
1358
974
234
2218
1350
258
1002
4178
1164
768
2360
246
476
4490
148092
1936
2936
238
26990
1434
4180
402
1712
1282
6046
416
5178
3114
258
7274
242
3040
117024
1948
1142
3064
2888
1100
346
940
692
1528
716
360
1828
604
242
2682
476
226
2508
3152
3714
362
2948
359288
1252
2494
1506
2902
4182
1488
3274
6602
266
2210
852
3364
1240
246
596
1162
1488
2882
236
268
3202
512
1080
102880
3054
618
1398
402
1516
1448
1472
1874
1770
1500
254
476
2236
3096
354
4142
1664
3388
4720
638
214190
4284
278
8910
1688
2240
1380
3652
250
1566
666
4844
3944
2018
3766
182384
860
396
3066
1512
2922
240
722
4438
632
2460
710
3710
490
634
350
466
332
352
4002
1960
270
3380
1330
662
248
1404
1638
16876
390
3136
1520
244
820
2250
5338
620
91462
832
3104
17778
1528
396
520
3182
3328
2222
2924
3148
576
394
3370
836
3704
1698
250
3768
3808
2946
42568
2294
244
1926
1098
2212
1872
236
250
804
922
1764
10052
5242
2664
994
866
3818
352
4822
238
9910
1878
280
3844
296
3202
71472
5852
1638
301828
2072
3342
3350
2448
286
1844
3570
734
67546
12452
2928
3730
234
1184
3358
1142
3062
1326
1422
4438
1944
1736
6144
698
2508
5722
2764
518
35444
302
382
43888
5764
7706
540
63866
2586
4648
7422
1818
6404
592
1120
2890
240
5702
1604
862
2752
3016
3428
4918
6898
1652
256490
4624
2706
248
4566
252
1488
2682
870
286
130134
2244
392
1984
1644
3068
254
1652
2454
538
12398
180774
472
1252
100806
412
6212
182650
624
3540
3582
53636
2630
5666
121758
796
248
4178
3688
1652
10772
716
42358
1924
1574
1574
3012
246
4164
1544
1856
1526
2542
2236
5636
1832
488
854
278906
3464
2580
1338
1254
2184
1454
236
832
365288
1570
516
3454
356
362
222
3892
998
362
2990
1564
4338
800
3476
400
3070
280
3680
2170
664
860
360
2324
1624
1308
1956
832
2962
3516
2514
46314
185628
242
990
300
350
2560
354
3528
282
5458
4216
620
248
1426
264
1924
3310
7328
3948
2386
2814
1780
85918
1524
242
3104
5488
2976
2080
4016
5222
1698
976
3728
2574
2900
2808
2574
2250
1778
3110
5188
490
1144
5896
634
1542
2090
3662
1426
1132
2956
3872
268
1350
3634
246
1660
155516
2608
266118
4668
1454
1340
3468
3726
350
1696
2668
3294
2118
148680
380
4992
2652
6122
1586
256
2114
4698
2090
9612
856
266
3776
1168
4604
5224
2220
400
238
11092
4086
2962
3644
3952
14212
4810
3070
4714
3566
876
2904
3900
1466
258
1442
1146
5378
308
1228
3002
2692
828
211230
8952
450
3258
482
7172
274
482
720
70518
1566
6046
1710
1842
1822
2994
5746
5240
356
1584
7632
88128
3398
236
4664
3692
608
276
2990
1928
3842
2616
1164
1490
2822
1162
1390
3636
1590
2228
1074
75986
1542
6814
1542
5972
220
2482
840
3536
6726
608
3086
2572
2912
254
440
1320
2916
3476
462
5454
1006
4990
696
249402
250940
302
1512
676
1666
4010
1236
2224
786
2292
1076
4364
3268
1228
1842
680
6300
3678
199986
1684
300
2778
2920
2558
998
1600
3370
1078
500
252
6120
696
3240
3544
3980
122880
412
1054
4226
21260
1344
2328
3600
1992
2646
400
2086
958
2700
514
3370
8408
2336
5316
9054
396
295476
1124
3242
2202
834
468
2296
3986
246
266
3122
2064
4470
4434
3020
2160
256
254
3300
11882
278
1966
1630
1300
1544
290
2410
3158
7206
1002
115900
2082
270
266
4014
42344
5132
1028
51980
2424
1996
6988
2786
5292
4214
439746
1290
33442
4098
5026
2418
232
936
3738
4158
1072
746
1330
362
2348
2376
4444
1880
5466
2996
730
316
664
996
1216
864
4968
614
1090
2196
114466
151680
2080
4154
2424
1436
4682
2144
3820
2622
2472
670
1812
3070
396
1076
336
1992
2280
114036
5132
2144
2588
6962
22466
3414
3262
3590
268
2460
3118
2898
1868
2102
6458
404
3066
262
276
2142
254
46426
996
884
4072
2248
212240
288
4738
1462
154312
4226
2696
3196
1868
568
4530
1844
3200
2520
3324
1466
486
1614
582188
2364
3020
2010
2486
408542
2906
1540
1660
392
1124
2192
3262
11226
1582
274
2236
396
43386
74344
640
1334
1956
2410
2926
250
1184
6032
5010
682
2984
972
3544
1750
260
6700
2458
2320
1334
548
2962
57834
824
466
1180
3010
2722
136196
1334
1512
2496
6964
990
1242
4656
238
2022
3338
2408
3960
4832
2764
250
4722
5330
4620
3740
5314
1624
4618
2794
228
2728
748
110024
2010
5080
2130
1972
2576
44488
2900
109654
2908
1806
1056
4382
4076
2104
3916
2416
1842
4090
1442
2898
7622
2192
3284
104248
1480
230
584
4324
1072
356
7066
2794
11572
33580
236
26716
242
3508
266412
32250
242
2606
2092
134352
592
2390
7106
242
978
5148
2292
6730
2088
256
4884
4904
2348
256
774
986
3582
2292
2988
1338
1446
1590
622
988
3680
5860
264
1896
201662
2590
5138
248
5114
2700
2862
272
2488
8028
3860
276
1744
2024
2112
1386
1176
1886
2060
4208
464
1416
2448
1184
3568
1536
1930
44672
4378
560
151424
4952
2632
24264
94508
238
2762
3422
2110
2542
2648
222
1004
3006
362
1958
270
1358
1128
1026
256
362
1448
102662
14948
812
5726
1432
3670
8032
4440
3180
2734
5250
8102
3066
246
4350
2046
362
2198
4546
6446
1384
1280
844
264
5392
488
2370
1272
3214
2546
315244
1408
3274
742
280
816
740
327796
284
1226
1726
1874
12076
336124
3846
1386
3880
348
143288
1680
400
45714
3920
2908
2746
1672
2232
282
958
3324
2644
1364
866
2558
1330
4016
4022
147026
344
232
2470
4382
6926
3220
1110
1632
222
2012
976
2750
245082
3478
3348
9858
3270
157330
6638
604
6204
4574
18408
2594
902
674
348
125244
241946
5010
4998
3868
4440
820
1908
7568
280
1334
424
3590
4562
1740
55754
1386
1336
266
3034
1240
1814
6346
4524
346
5944
4776
4026
7512
2610
3024
1514
1364
79292
344
4196
3090
1560
2154
8046
273438
1264
4060
505432
334
451472
1898
752
3232
3512
2302
3168
820
226
2018
2190
4246
956
1114
714
321796
192880
3406
105186
2060
3670
1050
2236
40114
4156
2414
3372
5484
2742
1616
5422
4496
252
166062
966
352
2004
2736
286
284
232
456454
4096
604
1230
1730
276
3510
1840
890
2356
236
3370
242
210978
418
6394
4468
278
2294
758
3202
4146
836
500
1272
348094
5556
1282
230
248
148466
744
6800
3020
1914
2062
2492
3144
398
256
5980
13326
8492
1548
4450
4046
8900
6082
1392
988
4356
950
6996
246
4364
2670
1828
4070
1642
3834
2942
1814
2200
1314
714
2758
1814
2846
1096
270
171108
2466
4020
286
148772
2334
3498
11842
2290
4774
1304
2362
600
9206
674
528
185032
28478
1212
470
358
2452
958
484
3800
2454
5420
1378
1234
1094
1002
882
1018
2506
23906
3828
1352
242
240
4336
2740
3506
254
3080
734
2112
2402
