f1f:0:0:0:0:0:0:0:0:0:0:0:0:0:0:0: (total 9)
0 1 Thread 0 going to cpu 0
going to barrier (cpu 0)
2 Thread 1 going to cpu 1
going to barrier (cpu 1)
3 Thread 2 going to cpu 2
going to barrier (cpu 2)
4 Thread 3 going to cpu 3
8 going to barrier (cpu 3)
Thread 4 going to cpu 4
going to barrier (cpu 4)
9 Thread 5 going to cpu 8
going to barrier (cpu 8)
10 Thread 6 going to cpu 9
going to barrier (cpu 9)
11 Thread 7 going to cpu 10
going to barrier (cpu 10)
Thread 8 going to cpu 11

cpu 9 cur 9
going to barrier (cpu 11)
STARTING...
STOPPING...
Duration      : 10000 (ms)
Acquisitions  : 15855799
2058
2034
2103
170310
960
29445
4368
2805
1956
126258
1776
1812
1608
25923
1830
99459
16836
63453
2193
2793
1167
1434
3207
10185
999
2442
3705
3081
2208
2142
16638
1395
3012
53274
2325
2250
32034
1686
4062
18765
16860
155517
2562
1899
114333
74805
51522
2544
3324
14811
10575
102003
3699
14424
3234
3612
2433
2313
89874
1848
21042
1449
1599
3747
2736
207588
30240
2049
92283
2382
12258
67053
4785
3600
47202
76614
2301
3261
2040
4563
1941
3387
58500
97989
192567
45312
3078
4662
897
2376
3408
5835
1536
26997
196275
1734
27609
83430
6168
4122
3393
1209
2748
76374
2091
9924
30606
64350
79005
1914
2082
2019
3408
16347
1044
1680
1737
82053
1602
2673
25743
3801
132747
4554
1737
3990
2898
3495
1752
44226
2400
2817
80406
1650
3090
1929
4194
2643
1503
3750
23787
109950
900
2376
3366
1929
118701
3861
2754
112158
68523
97371
315069
35268
2376
23835
3099
4569
1941
16752
2565
43854
56496
2529
6789
34935
1734
4569
12117
1566
2799
17817
3480
2802
5133
2100
2862
6081
2106
5199
3132
35622
2466
4779
4962
99897
2451
1332
2220
2187
44703
1863
1083
7818
3432
3690
41181
81204
2613
102975
78162
106440
4095
2391
7644
25728
35784
3075
2451
127977
85446
4641
2295
1827
72702
2646
1908
5145
1953
5565
60327
3516
2991
11685
1617
104790
2190
3672
3723
49191
3741
3312
3864
3375
23307
2253
9303
2541
21159
2697
35472
1605
2559
1305
33057
100404
16506
1704
3234
7272
87324
1692
3522
2646
29319
1890
1419
57648
12420
4422
1380
2097
45714
47862
6765
2616
23898
2190
2724
1518
25704
903
68490
15927
3027
1266
16767
2772
2565
2427
3942
18921
1905
32829
2439
48579
1848
4242
2400
72471
82029
3183
3576
1929
70467
22899
4224
1536
2784
1590
16608
2664
1851
35916
1617
17853
2100
13155
78204
3537
30309
2640
2085
3108
2196
2910
22986
1764
1752
2922
3381
20955
2331
1638
2322
3627
4518
3036
35307
3084
114888
2346
57420
35976
2379
31815
2445
35463
2211
2868
114900
1770
1737
31008
5118
1917
3978
1152
50463
35397
4116
131040
2007
3000
2679
3216
115026
15321
2205
279216
10422
1539
23094
1647
2475
3051
56496
2277
3210
76752
220680
1059
1728
2670
1812
68373
10656
2736
2967
17721
6588
2061
4986
1758
13014
2169
2334
2730
19503
40014
37305
4488
193896
7512
56931
3378
3504
3438
4167
18657
65385
2487
132027
2007
2676
225687
49209
4020
143481
4008
18648
77664
2100
3618
65595
2934
10218
19125
2349
10086
130746
202971
2811
3324
1935
2307
1950
1764
3375
28320
102954
4308
3834
9786
63408
10347
49992
1941
1416
99972
4437
74865
65793
6645
35541
15429
3303
3129
2241
22107
9285
1374
35763
2082
35103
2463
2541
1488
3267
2046
1806
73812
51312
3327
75969
1752
50367
157485
20361
98802
2073
33237
2964
88698
3450
9198
131445
23619
2361
35184
2667
103146
10998
202590
2229
1110
2361
2574
3381
27411
2853
26064
2442
2253
2778
13062
1353
48525
1983
111105
198420
4533
1527
2280
1617
58110
4200
63063
70644
1338
4263
29289
18090
2085
231555
3195
1149
5613
14013
51879
34617
2400
1608
48801
26115
5115
2580
4494
1233
3105
1095
98016
71454
85686
61572
15930
45555
2094
1185
20055
963
22191
3660
174018
227403
2373
2034
3213
876
1437
1392
1242
31917
1953
1536
1626
1602
2610
1719
2802
7473
44382
1980
1581
25185
1887
58056
1359
1992
7056
3069
2358
1803
2613
1587
60642
6750
5715
82041
102072
31686
1974
2355
4287
6147
5196
51438
3267
16263
276729
2448
7398
74916
2814
3096
1500
103506
30591
108471
21228
6879
7590
3144
17064
1074
945
56355
2388
44748
64038
129039
152688
2958
1392
1557
2655
2352
1941
4299
87687
59049
107493
3411
4041
7902
23406
20784
25500
27240
1428
3285
2679
33672
3534
1212
16536
171690
65352
726
27147
2403
117282
1983
3576
2040
2745
2829
3000
46110
2355
1080
1914
2148
37494
3465
4104
3390
1806
33927
31944
1161
193098
1650
2301
3690
70833
1548
126030
3432
1248
3120
6519
7407
3048
1608
52824
2316
3243
2412
1752
2724
5652
1695
2241
4800
1764
1752
1893
1248
3153
2394
1566
174702
111807
4911
139338
3102
25014
4209
3747
2274
2205
7986
10647
40314
3645
4032
2043
1380
3237
1860
41706
85941
149157
1281
1017
2970
1938
3006
2730
55827
5286
109107
177819
2529
5091
177015
129591
4221
1881
72744
2823
3894
36942
1725
54801
1290
2019
8913
1539
3399
67830
14187
1686
55425
2886
2829
5940
4803
3492
1680
119823
100986
2781
27141
90333
1848
51948
10509
1626
3360
1470
2163
19374
65058
1629
2985
1389
1674
1479
20178
2295
2427
2898
2811
87273
2868
4977
2466
2316
2478
1881
52788
2376
16191
5181
2178
3591
171288
1542
1947
35334
41766
138855
4167
34797
2925
68937
19437
33483
1746
235359
1245
20997
149916
1536
11739
133233
18201
1704
1896
87675
52560
1767
16032
1449
3882
1080
112845
62310
2781
4806
3765
2517
2865
27180
8949
2055
4839
267960
14238
42117
123480
2598
1812
1116
1836
3375
3339
2400
4362
6027
2904
1824
1932
134475
2007
14457
2544
2412
73896
3009
3273
3522
2223
2103
3765
10578
1830
3138
9177
6582
43095
2004
2742
2343
2238
27408
4134
20115
74880
1620
50490
16533
2757
30792
4551
3165
68409
2421
60363
130827
2715
2349
13452
85617
2217
3228
1404
19275
4911
72948
68589
2421
64632
3240
2088
1620
1266
25026
46545
2862
4272
1620
2046
5352
19698
8910
1020
2043
2478
23268
2544
3087
747
3777
8373
22167
2637
10917
8877
22467
26502
9069
2574
3048
2067
83298
2727
4518
1902
1626
5271
116796
9444
106635
801
54828
92571
2346
855
4854
38802
161667
1680
1392
1896
4737
1773
55620
2358
3555
4125
193938
1488
3555
54231
2109
10335
84600
1785
1299
1674
40377
1263
2892
32694
1713
2397
1797
2856
1782
2952
124167
14145
1644
31695
2526
2307
1797
2100
2382
2082
83040
1854
14220
1920
17340
3636
2433
3138
1929
137259
4533
2193
4056
8214
16464
44862
2352
21417
2622
1407
40200
13932
185631
133530
2814
25191
1926
105969
2568
2529
30330
113880
45501
57900
41010
29415
108564
1977
109311
2634
1590
867
1026
786
1998
1794
2877
3864
1353
1458
1392
1659
2007
1065
1629
31287
1086
26670
1029
2715
1866
1473
2658
1311
2250
1188
1227
1287
840
1503
1107
1248
2262
103191
2046
876
32385
1242
741
1989
157467
1038
31191
360
3621
1383
1461
1047
2220
1242
2130
1041
31755
1674
1497
1983
194031
846
2430
4710
1929
1677
18549
2142
1167
2070
1398
1128
4050
3072
1377
1440
2139
2004
1374
1758
2157
50856
1695
25479
1476
906
1266
1359
2094
1344
1299
2109
74370
1374
1914
1836
2097
1785
1788
3918
2364
1632
876
2295
10242
1263
969
1356
1122
1326
3192
2217
1047
53571
40800
61722
1617
85935
2898
1050
1677
3159
768
792
55608
1746
2007
32658
1773
20835
1986
825
2058
4611
1401
5319
1524
4755
1203
1893
1206
333
13932
4374
366
9096
80931
53412
1041
1446
3033
1929
1113
2736
2265
1638
2097
1686
1479
1083
834
145977
1281
948
2259
3159
54699
1677
7647
1344
3330
1590
1680
49884
1392
1179
1917
38229
1962
831
26718
5808
969
882
2229
1827
2064
1179
1497
132873
1800
1065
327
1185
1320
5556
1293
1107
56853
846
1254
2094
3093
1140
1305
2961
2145
3639
1176
1887
1494
1566
1482
2133
3876
25812
15780
1479
1029
2058
1287
1674
1206
1194
2121
1773
1110
2208
2724
1917
1404
1155
249
780
21666
1131
963
3435
1059
1578
1182
1764
1176
71493
1815
2211
37521
2766
165
846
2439
1428
2004
1614
1980
1911
1971
2244
1125
1770
2247
1113
3810
1146
1530
2592
2700
2463
1206
2931
1437
1422
1308
14511
37728
1551
29115
3612
795
1131
2337
1701
1452
2814
1101
1365
2808
1671
1578
1194
1191
1524
798
1683
744
1134
2160
1215
885
2349
5337
1797
3363
1140
1506
741
849
1224
1923
2535
1074
1926
2181
3861
1407
1362
1428
1017
4620
1779
2283
1410
2562
2136
885
1680
1215
1242
13257
1725
2076
1356
1344
2436
1179
1527
1779
1737
1494
1728
825
1434
879
876
23637
825
1350
1788
3267
3312
855
1155
1320
1986
2067
136236
1041
900
1092
8631
1404
32475
1002
1146
1020
1467
1020
1182
975
1365
1524
1074
2415
1014
1236
1215
1110
936
48660
4035
1689
795
999
1506
1650
3021
1176
3360
1107
1299
1692
2919
1413
2064
1386
1026
2019
72807
1542
1647
1980
2049
2043
1083
1365
1632
960
2016
1746
1221
1479
1389
44877
2475
3459
1332
1578
1224
1269
993
981
2028
1287
1311
1422
1749
1329
1212
1926
2385
2010
2256
1179
18933
816
939
693
945
100032
56880
1326
2502
1260
11652
1881
1797
1347
1293
2028
2100
83433
969
1812
1515
2013
3381
1782
1839
5763
2046
2226
1809
2232
2217
1377
2034
2190
1302
1059
786
1701
1224
1440
1269
1560
981
1443
2451
1881
1164
2244
2070
1593
3219
26697
1413
13848
1944
1755
1200
2817
11526
1443
3846
1806
1521
2742
2253
79188
1380
1797
1893
1254
909
1272
1032
1473
1119
41166
23232
1449
978
72399
1638
1458
2604
2598
1200
1461
1557
1404
2583
1134
1038
3165
17994
825
1215
1179
2691
1050
31923
1101
46482
3828
1860
23676
969
20919
1215
4467
1287
1818
1167
8934
2646
2025
981
1230
1155
954
1341
4542
1311
1443
987
2151
1509
1602
1362
2235
1842
47754
1458
1197
1287
1896
2583
1197
1200
984
1089
339
1464
1842
711
2352
1311
1269
1773
158823
1308
1155
831
1563
1248
852
3084
2472
1602
1326
2751
1935
1017
1065
1101
2382
1014
918
1233
1401
122151
1818
2781
3156
3708
1065
1872
1233
1311
801
1434
1995
1458
1491
369
1908
1686
25788
3243
2214
2529
1533
1299
1173
1845
1620
1908
1983
3879
3495
957
3498
1089
36258
1599
1965
3057
2439
2232
1125
20706
1422
26820
1863
975
3324
1326
1452
33168
1569
41790
2142
1005
1278
2532
189
1284
1443
10701
24258
2406
732
3231
1887
864
1500
2220
2853
1863
1437
1221
1194
1560
1416
2082
1755
103281
13701
1116
1188
120939
2919
1065
1866
1053
1359
1428
1470
2790
2790
1257
837
1191
41952
1734
88869
1698
1305
1713
1074
1914
1161
25473
24291
2661
75306
1197
11475
1494
1140
100413
1524
2139
2361
1836
1827
2187
999
2451
1077
2190
2604
2067
2952
1104
1125
1773
1116
1005
714
729
124263
756
1962
1731
2277
4269
2283
1341
1167
1392
1731
1707
1905
2700
20208
2310
2136
1311
1740
750
1380
2541
2355
1101
819
1443
1935
993
1245
1512
1911
1659
1191
1167
4194
1680
1467
1026
1134
1248
1473
1194
306
1449
1251
903
1350
36024
2079
1503
1086
4878
16635
2934
1224
1944
1767
1899
4545
882
1197
55938
1287
1572
342
1365
993
1608
2454
1641
1719
2124
1920
10761
50241
1398
2142
678
1491
1272
849
49284
1611
1188
49050
945
79428
68553
1305
795
972
1407
45960
1311
20103
1068
2460
1341
1794
2739
978
1281
1995
990
1035
1533
1902
1344
40779
2367
75168
2877
1332
1305
2646
882
993
708
1512
1362
45051
249
3558
1698
1287
1407
1014
1716
1701
2166
15921
789
1521
2511
1584
1149
852
1248
1017
1374
894
2076
1386
2106
1881
1563
1572
2445
1545
1257
1608
1329
8295
1836
1119
2769
2079
1437
3306
1089
1368
2211
3627
23160
34449
1338
1623
32652
1233
5715
2025
1188
2301
1818
2652
1110
3135
1578
930
1167
71256
36267
981
1146
2301
1902
1188
1575
44739
1875
2235
1707
468
2562
1833
1956
798
2253
1776
1290
1215
2436
1305
1107
1620
11733
1530
1254
8637
2145
1641
1323
2034
1389
2526
1500
2631
2907
1830
13578
10086
1146
14523
1155
1485
1656
1590
2016
1539
9363
1338
1881
1527
1215
15714
867
13452
19029
1437
2352
2406
1071
8817
1086
1632
1308
1089
1002
8439
1962
2616
1023
1140
1596
1557
85452
1140
16638
44739
1446
498
2034
1425
1023
38169
1494
1635
771
46473
1752
2007
1578
1482
1584
2619
1200
1605
1305
10089
810
1290
1932
1932
1215
2511
20397
1083
1857
2931
34077
1479
1899
1818
2583
3204
1656
2343
312
1434
843
1260
1764
696
1968
1620
1935
1683
1512
1476
1767
98586
1347
2754
39177
1668
98745
51351
1029
2517
3957
2244
1464
1302
2013
1257
1680
981
1230
47499
1365
1311
1245
795
1989
3177
3159
1710
1968
2514
1398
2508
1272
1932
789
2745
1422
3090
807
1233
1563
1392
14547
1164
750
1608
1419
3174
1251
1128
3030
2448
2031
1533
59628
987
2907
1506
2835
21285
27270
1488
28674
2058
873
2646
1443
2100
948
2394
1158
1344
2049
55872
1101
1710
73722
87045
3717
1392
4992
1017
2004
1929
1998
993
1629
1359
1014
1368
1218
1848
1434
150
1602
2232
780
1494
1980
1512
1221
1395
1323
3156
3174
744
1989
54480
55086
918
3918
2727
76314
82653
1287
2901
1554
1362
59700
25644
2469
2661
7938
1749
3519
18006
1050
225
20355
1005
1827
3510
1506
1800
4011
26187
1899
3033
1380
56451
2229
1416
567
1113
104838
1719
1011
1995
2496
120219
2697
1347
765
2496
2856
1608
1908
11334
45657
1689
2505
1125
2571
2163
1125
13974
852
1155
1359
453
1335
858
1047
1380
1281
954
1473
7560
786
1722
876
3660
54762
7212
1131
1344
834
1629
32547
1389
837
1233
765
1563
1326
1668
1725
1401
951
26007
28341
1563
2592
167445
1152
1938
1452
1797
1347
122106
1035
2772
124269
2151
2139
2223
1077
1476
984
2205
1128
1779
1413
1101
1527
1002
1323
918
2307
1044
2118
1746
2922
2448
1224
2202
1203
2430
2517
2496
6243
1710
2307
1833
22179
61188
1734
1284
1113
2742
1770
1785
50901
34905
1569
753
1089
1467
34038
1269
1593
1032
2049
1572
1515
1530
1047
1944
1491
22839
1338
2460
1404
1812
1851
2100
1650
57339
1503
42117
2391
1308
909
1089
1917
28734
80799
1188
1638
2436
1626
1836
1287
969
1716
1812
1998
1098
1572
2028
5679
1572
1323
1398
140259
1350
2907
2529
1506
1941
1275
100794
1401
1824
1521
3927
753
1947
765
25782
1767
1524
1659
2154
1818
2562
924
2088
30312
1815
1011
1590
20595
11109
1599
1341
12651
1671
912
1605
2400
1749
1380
1257
58812
1326
2217
14553
1335
1176
50925
1338
72237
897
981
1947
747
1662
1386
1563
2115
41181
1989
921
2706
1452
2253
1311
2097
2928
1233
1011
2976
2133
81903
963
86457
1614
1788
1563
9162
1086
10068
948
2541
267
1062
2217
1983
1260
18381
1626
1548
140694
3000
1692
1068
14145
1500
1239
1515
3192
22644
1188
1398
1203
2139
1392
1362
12717
2808
1776
1446
1665
12852
1176
48567
1824
1644
2070
1857
1185
1122
1272
1800
1632
1992
8298
1071
1347
1593
1542
4887
1470
1497
40467
1926
1407
2442
3075
1182
1713
1701
2235
1038
1326
1707
47187
1779
1008
1356
957
1548
1368
2736
930
1737
1182
3036
1368
7602
67110
1176
2199
1038
1209
1365
1725
1230
178983
996
162381
1806
1443
2148
1752
1071
1434
2166
2031
1023
99873
2382
1164
1680
1515
357
56103
1782
20622
2307
2751
1764
5001
2052
58587
2544
1377
855
31248
1425
108525
1482
3186
76731
52494
2823
16035
1002
23892
1806
1083
1467
2502
2526
1725
1290
1593
1830
1959
1938
30390
1602
1416
1713
1968
4023
945
2430
80238
1302
1530
1071
22164
1323
1059
1101
1653
20277
2124
3267
1173
1557
1290
1488
1119
2592
1716
2100
98502
3060
1314
1878
1101
3324
60336
183
69285
1323
1833
861
2775
57147
1074
828
1521
1086
1464
2934
1218
1551
1575
882
71616
1050
1809
1611
900
1113
732
837
3315
2259
3741
1491
3201
1173
1185
1437
1272
1128
2601
1557
2298
1101
7179
1062
1608
1962
1125
2712
1680
1110
2691
3405
36393
1668
1407
627
2217
1299
1866
249
118206
1365
40914
1446
1413
2598
3888
2265
1137
1035
2259
18021
591
1359
20151
861
2064
2982
1107
1383
72792
1227
1398
1971
1584
68712
1620
1452
3267
1155
1476
2196
2484
1344
76902
2814
31296
1800
1254
1965
1230
1659
2613
4515
2244
2145
1032
2580
1599
2064
1290
621
1350
67140
1707
1608
5583
3501
3060
1479
1974
1323
1983
1203
37302
1086
37311
1680
912
1437
2706
2442
2877
1491
1458
5139
1083
109557
69015
1137
1737
1467
2706
2364
26718
1905
6591
103257
1251
1578
216
1884
1071
1020
1041
51942
3183
2694
1455
23355
1506
1614
1323
939
1887
1764
1479
1725
5910
1527
2163
1491
1734
3150
94929
1404
1296
957
1041
22857
318
6420
879
996
40947
1455
249
2352
90957
1314
1137
2244
1179
909
38517
3963
1701
2142
1332
4059
1209
1005
156
1056
1431
65466
2523
1086
2448
100317
58878
1647
2616
5604
51987
2844
1755
49113
1662
7851
3117
1224
2532
1848
2712
91959
2808
2088
1242
1512
1569
1218
2748
1104
1533
1860
1089
1488
1203
7689
1584
1683
1341
1836
834
1287
1752
1326
1146
1251
185046
75093
2697
4626
909
1431
2166
50976
882
1686
903
783
1974
1176
1044
1458
1176
1809
945
2001
1251
1062
99468
1737
103188
1314
38652
1902
2130
2907
2871
1311
1506
936
37521
1875
1881
1794
1800
2385
1212
1290
1506
1263
3300
1230
1401
63252
1545
1617
23841
5340
92298
1584
1338
2118
104088
1494
2514
1686
891
40455
4038
2157
95856
53535
957
1890
39789
2139
13821
1245
1065
2064
1992
1539
3417
840
1929
1839
3660
5643
1794
2139
32430
4563
1596
1113
2838
1086
1647
1104
1437
1827
37977
1491
1665
1515
1617
1917
6261
1251
2412
2082
2058
1740
5187
1746
1812
1557
2313
240
2322
1182
3663
2052
2265
76317
2613
42519
1221
3153
2601
1764
1515
978
40452
2211
2250
2073
714
1830
2841
16944
1101
1146
60372
2421
810
2943
1752
2031
65790
1074
861
1122
1329
2967
17535
1473
1053
1440
1269
717
984
2220
2160
24594
1230
1734
172212
1593
2694
3648
1140
7722
885
375
1215
1590
1131
1668
1377
819
1491
2043
1971
2307
3198
1308
861
2346
1059
975
1878
1950
2556
1719
139710
73578
1374
46395
68208
178236
1827
13806
1254
8091
1359
3036
1194
1803
1464
2046
1527
2172
1140
2370
2604
1371
1833
1413
1440
1302
1017
1338
16086
2274
732
1461
2847
1611
1968
2115
2202
2070
1995
2439
1371
843
2448
31257
1143
76893
1635
1179
1461
13878
2586
1800
1254
187566
3243
125637
1956
5952
1839
61773
1662
2580
1833
1449
3213
28191
1278
1980
1920
1173
1599
9294
68118
26292
2526
1920
1242
162426
1146
1869
1404
2670
1863
1074
3345
1140
1431
1806
2529
1047
1053
1950
2247
1257
1158
1170
2049
1290
789
1599
1680
1845
2862
1767
189
954
2667
84648
1218
1170
1218
4293
1305
16455
1071
1233
93858
213
2031
1791
1236
2211
2883
1158
54852
1773
1935
1863
1308
3522
1812
7212
1890
43530
1581
294
1965
798
1011
1314
1995
1251
24708
2328
2070
2985
1359
3297
792
1740
891
1491
16383
1800
1317
2469
1107
18090
1887
2085
41067
933
2652
51681
1557
2052
2772
1356
1980
2091
5760
879
1446
2799
441
2928
1626
1578
1470
1680
2979
1707
1419
1851
1278
2049
735
951
843
2271
318
1002
1749
1353
1014
1305
28443
9237
10971
83373
1473
1260
49974
1722
897
2304
879
1257
1857
13626
2490
1137
2307
4992
1050
2106
777
1791
1227
741
1302
1134
9501
30414
1029
1773
1776
915
954
1845
1728
1752
51957
1671
2994
1650
1221
60543
16089
2838
2505
7944
924
107196
70740
1590
2184
27639
1113
19608
1299
1113
1116
1233
2508
903
1827
1329
73278
1344
1710
2001
78843
2799
321
3327
1716
1005
2097
19485
3861
30054
2196
900
2175
1314
1641
3060
2661
1365
2109
1401
2121
3888
48558
1083
471
1494
2547
95436
1653
777
1182
1161
1941
1344
2139
1431
282
1173
2553
1071
2091
1563
4167
1251
2238
1182
1173
5865
1131
3405
2085
495
1638
1464
894
2637
1857
1686
2028
1164
1590
1545
1002
20835
9051
1758
1566
1500
6063
888
8313
2058
3414
2277
1743
2763
2157
948
1872
16032
1161
1779
1749
1059
1500
1569
51102
63600
1995
1572
1143
1182
13635
2274
1878
12234
1089
1224
1692
1797
1215
3174
1695
1608
933
1524
1620
4218
3699
1443
20211
2676
1200
1287
1869
1911
2556
32733
855
3498
1101
1692
4455
1959
1440
1245
1404
1083
40368
1071
1836
2373
1686
411
954
1323
1599
1224
2157
1932
22830
1422
1038
2889
819
51123
50364
1410
1782
1125
1608
55848
2028
1944
13197
2538
2130
1248
1317
1155
1158
2358
990
972
67401
2319
1080
1047
1512
1014
1611
3573
1539
1380
864
1413
47715
1509
44916
2403
1326
879
1206
1314
2529
1728
1677
1740
1359
2802
1854
1260
2787
930
1875
2247
42231
1140
1626
1848
1881
1527
2622
2073
1635
1155
1164
1059
2847
1029
169113
1050
1932
1401
966
774
1116
1749
1704
2763
1206
2526
3141
1239
1113
38154
909
2955
1911
2610
1488
1764
1050
2115
1008
72972
1362
1329
1194
1488
11850
1509
52374
1272
60309
1785
1497
1695
12525
1956
5349
1254
2997
1377
31125
4533
1308
954
1761
2316
1410
981
1011
12399
1011
2253
1047
47865
2928
1326
1464
34923
1947
2184
351
2256
1329
2178
19944
11121
882
1761
927
3108
1419
2433
2265
2289
1005
1503
4317
1125
2187
1074
1476
2481
1734
2226
2358
1398
1563
2388
3783
2409
1293
25317
2427
1212
2538
1968
60651
3525
873
1419
115944
1644
948
1056
1794
2064
1200
750
2247
1092
5031
1926
38451
40278
1416
828
2373
975
1083
1290
1152
576
10359
3036
2103
2979
2265
921
1017
3129
1668
18948
2094
1596
1548
1302
1584
876
2703
1164
1803
1971
1320
981
2040
38964
1296
849
64614
53988
1443
810
1899
17508
2214
201
1110
1971
1257
54336
1026
288
2235
201
1653
1686
117249
2343
1152
1323
1401
2172
2052
1374
2820
10212
1233
1782
1596
1125
11148
1527
1392
5283
64575
1245
33834
2271
939
2367
1341
1269
2100
1209
1311
1614
1596
2589
1572
1257
1587
91248
1206
939
89472
2037
1221
2442
4341
738
861
1014
2592
1029
2181
1038
68286
1530
1212
1764
1581
1188
1950
5442
1212
2577
1518
999
1476
1653
2559
1233
1146
2091
1416
1188
1464
1476
1158
9942
1554
1005
1131
3174
1218
2010
2076
1749
23817
1362
1308
2391
777
1593
2628
2121
2091
14277
1800
23817
2550
1797
3141
1449
19845
2127
2535
2370
1746
1623
1824
1842
1638
1779
2235
1746
1926
160896
1335
3240
2058
183
1395
1494
1050
1059
1845
5970
945
2574
1716
1362
1857
3639
2196
2343
1965
1386
2148
1542
1320
2208
222
1473
942
822
1713
2001
1398
2238
882
846
1413
1140
9603
2109
1905
6660
2124
1650
1236
1017
1377
1290
2340
1041
1410
1563
24882
807
933
1038
1476
2325
85335
1491
1902
2316
1008
1440
2949
1656
2109
11994
1248
1509
69003
174870
3048
2631
2295
1188
2451
1206
1509
1281
2751
1536
894
1563
1887
5682
1056
2514
7227
1500
1563
945
98913
1101
18894
2238
1926
1440
45252
23916
921
8793
3210
1446
1041
1527
1554
1374
1227
1704
1662
1755
1332
12012
30141
8316
42663
2412
2937
1839
1407
1938
1281
17559
1182
73626
2310
1404
648
3240
1614
65331
20772
1503
1356
1752
1227
3978
2163
1743
1233
19224
2100
1056
1236
1212
2145
1497
117885
34380
1437
1665
1563
34572
1182
1458
1248
1785
44151
1245
1530
76866
1065
2397
1344
1845
1986
1332
1668
1272
1200
1032
1740
1680
1650
2586
30384
1431
2430
1569
981
1122
1770
31143
1077
921
1275
1056
1179
4281
1149
13134
1065
2385
1728
2178
1380
61122
1824
948
882
2313
2004
1467
2250
1770
75357
26274
1503
1272
1905
3201
1413
1422
1167
2565
1869
18639
1860
1488
1497
1791
1689
1485
945
127305
2241
2082
1131
1533
201219
1566
2004
1638
47673
1041
2259
83823
2097
35436
1959
1092
61947
1644
816
2070
1341
1554
1725
6417
1857
2091
173127
1275
181617
1668
50673
1668
1773
1500
1893
2001
1422
2772
5151
1242
1824
1788
1023
1431
1299
369
1773
2214
33789
1620
1797
960
1884
1602
1026
1788
1620
1092
1557
843
1995
1452
3348
9579
1347
27897
1692
252
41745
195
84897
282
453
6624
12942
420
29487
186
936
168420
148941
61050
327
45081
180
486
933
195
276
183
360
174
402
336
7626
276
843
825
64236
423
1158
18813
246
273
88368
67755
729
210
627
516
687
189
609
285
252
570
291
684
174
1392
816
696
567
438
258
444
252
276
258
753
330
8751
441
522
480
192
450
276
522
438
570
183486
798
747
258
285
975
945
192
1131
57093
204
444
786
189
864
276
447
207
432
528
954
192
339
882
204
22590
282
462
189
210
342
279
735
192
261
690
210
519
996
288
183
249
459
87789
507
264
345
267
999
258
804
207
207
489
189
474
981
25260
195
405
669
189
52740
252
17580
207
195
104148
249
387
360
10794
279
447
252
49008
489
189
2310
198
14841
807
321
177
984
273
345
477
169611
780
157839
267
339
351
420
162
1155
315
125010
69621
88350
63519
174948
261
273
162
363
255
2196
576
198
408
5679
432
174
26502
186
55161
195
133422
135117
270
195
15567
336
7794
2745
759
285
1089
324
510
198
276
672
423
252
198
91056
270
1512
306
399
195
345
80121
1092
204
159
97722
678
10089
375
201
204
498
40626
429
8763
444
894
195
1068
195
39204
21573
189
59058
74166
243
447
261
53850
192
19875
195
276
471
180
486
336
555
204
576
267
195
44034
204
192
34497
318
192
261
279
1809
558
369
3828
201
37146
183
408
516
246
504
276
249
204
276
483
21309
702
195
270
192
15996
198
270
426
1170
119292
195
588
5598
573
354
456
189
5211
159747
9969
18402
369
189
195
183
570
342
255
828
165
276
891
597
279
363
183
62565
195
282
288
195
252
336
189
357
576
933
513
198
20169
744
687
351
2514
198
252
189
357
270
369
594
420
189
336
282
198
5748
17076
282618
53946
756
249
91035
119487
423
366
13917
186
195
139203
186
648
1878
1062
729
768
420
276
270
162
522
435
570
29046
67551
429
279
282
192
444
204
567
252
747
423
198
13611
687
363
528
204
414
192
189
159
189
573
46665
357
387
105870
201
1692
513
423
183
57432
270
1506
148161
9639
981
456
189
162
195
180
348
681
186
252
108861
513
282
198
426
789
22023
960
276
606
450
1038
5178
351
984
108567
360
252
45096
498
28926
492
420
381
243
531
849
4509
207
816
348
615
963
183987
447
168
198
84771
137481
189
1776
666
183
273
50091
333
261
255
72573
1389
759
72252
441
405
360
198
501
252
162
330
11589
453
366
597
363
16218
264
426
122970
204
192
89940
198
185394
198
249
291
70311
414
59718
60969
534
291
270
819
291
285
678
6609
192
279
195
279
273
279
201
282
678
210
360
276
201
525
870
528
192
59118
351
54861
255
339
123108
1008
159
201
369
312
261
603
270
20244
291
195
71553
882
267
333
642
67683
297
198
333
858
13902
28629
53367
195
17292
276
288
146403
366
59346
198
372
438
492
657
13032
324
366
91956
759
198
1002
186
189
192
288
70371
585
360
276
1710
240
252
567
363
195
495
198
270
80856
267
672
606
684
333
186
282
156
27621
366
189
31629
195
420
41589
55686
426
516
261
339
1779
504
573
324
198
24879
1248
186
195
447
180
183
192
52446
1296
285
29238
1083
318
44463
31068
246
282
17379
342
35820
180
267
165
273
24132
273
276
327
192
525
489
492
195
195
276
441
8850
24078
186
43218
591
26730
267
345
285
279
537
690
246
5901
339
32565
576
8124
255
161187
17946
1176
198
17799
27048
249
426
17916
324
261
4860
282
159
192
444
639
17544
183
41415
42276
369
270
255
252
201
492
1194
360
453
183
165
336
393
195
252
531
21462
843
256614
807
537
501
390
38694
204
339
351
657
270
354
198
198
186
144216
978
3828
168
2055
285
201
192
1410
471
1461
333
201
276
423
1047
195
183
16611
189
291
195
276
234
279
240
15117
270
258
345
147072
183
192
345
873
192
1389
24360
453
396
366
456
31494
52401
171
198
195
39867
189
444
170832
7419
117684
267
189
780
5436
1515
279
186
543
468
27567
432
756
369
450
609
189
198
375
759
10806
279
903
492
516
288
339
366
594
987
71031
79404
59541
89835
10887
369
432
255
125718
1197
1020
477
159
192
198
591
89751
192
189
183
18285
198
594
1080
336
276
192
10149
282
12639
102957
1578
10347
43464
483
85455
366
198078
333
465
186
267
579
282
336
255
417
435
159
192
168
249
40122
525
258
15870
198
468
75090
29346
414
195
259167
276
381
612
18279
279
195
49812
561
522
195
285
840
513
285
360
1275
498
273
585
927
168
10803
357
237
198
444
441
351
198
366
192
849
1029
675
270
186
291
357
50124
56541
492
783
333
705
1158
37209
465
39567
67794
162
44112
471
24180
828
183
192
198
189
765
963
429
297
270
261
1140
372
354
192
420
204
357
267
10044
67410
369
285
285
282
83217
9696
189
201
195
35694
246
252
87711
159
236211
159
471
333
267
378
47199
195
327
678
198
714
159
276
191889
53013
192
273
201
570
73722
195
510
420
195
60204
324
588
669
39939
252
75480
528
357
189
38022
276
252
609
291
369
249
822
267
429
504
366
333
198
227352
522
762
30237
42915
750
337158
63708
4092
3195
2352
84336
3072
1884
2862
1872
4470
115941
7485
2661
106128
53877
1158
93348
1404
2340
3429
34449
1272
165978
1464
1710
3276
1608
56379
2526
1854
3216
191262
1341
1887
3297
57885
735
7152
84201
3039
2274
4629
3387
35346
2016
41979
1635
1452
1224
2415
3396
126417
9432
2352
29571
2733
2787
1770
1887
2073
2217
84057
3099
17427
2112
17094
1974
1212
5502
106038
35007
3636
6915
4284
10368
44346
2007
1734
19158
1467
2580
38502
294846
36960
1692
2343
26481
5892
99555
1887
2970
27507
50463
68244
40587
5061
54645
39369
29529
2238
108030
75474
36381
2910
1770
2703
2247
3189
8880
121089
33837
3657
2211
29319
3396
1944
130461
2328
1233
24603
2352
100569
3915
81078
2823
4755
2793
2142
3021
7575
1593
1140
2205
2601
3624
1248
1296
14247
1683
2358
53718
5532
2655
27756
3273
2214
3666
17334
15885
156930
3993
2442
110676
1074
74532
52704
3768
15675
2109
46932
62616
1503
1500
14172
1590
2418
2280
4041
87033
2670
23781
3333
1836
1440
1851
29517
174471
2880
30528
94635
14070
70992
1197
46833
1830
76422
2283
2256
4644
1848
1539
2769
58770
97914
64455
121899
46767
1497
1917
1527
1419
3387
3924
2322
1398
30348
195777
1767
24663
84096
2085
2889
1935
1164
82272
1845
8319
33921
60678
3249
74790
1125
6402
1419
1332
20274
4953
3003
78717
1647
2718
3354
27072
3102
139218
1176
2415
1869
2871
2784
34032
7251
1131
1620
75219
2100
3018
2412
3054
2727
3915
2196
27228
57738
46080
2544
1395
2988
4686
118005
2214
2649
111852
67353
104145
194430
118578
3117
32226
28083
3642
3756
2265
12114
2094
35619
5496
1740
56112
24711
16254
3351
18612
3144
2346
18852
2073
2124
2436
1611
3213
4653
5001
2520
41754
1905
4203
4695
96618
1368
1215
2100
1065
45201
3033
15132
4899
122499
2490
2217
5745
93312
73716
110772
2133
1989
31092
2289
31674
3129
1068
4809
130413
84987
1500
2310
1458
69684
2532
2694
8211
6009
2973
61704
3837
2070
8838
2175
5283
103935
3777
2616
1668
46359
3195
1827
4545
3222
23823
3582
13395
25338
10317
24990
2364
3060
2031
4512
31470
74151
25185
18708
2673
8280
91056
2880
1341
29778
1563
1629
2043
54648
10716
3705
4647
1923
1548
40872
1512
49014
3414
1554
24135
2652
2091
2361
21021
2793
1812
84558
1665
1632
12930
1605
3693
3264
1884
22017
2517
25872
1830
1470
48810
3144
1830
78126
83325
3300
2151
16827
52791
25887
4038
1779
4170
17967
2421
1656
35277
1827
2430
18078
2973
6396
4959
76089
4383
30372
1101
2487
2880
3756
25824
3006
1824
2283
20034
3840
3423
4254
4005
2574
2766
3597
149286
2952
49344
45285
2640
2256
4854
28560
14166
20019
1983
2370
115527
2289
3099
7248
27378
1233
5010
3300
51786
37641
3804
125634
2118
2079
3447
1902
115902
20367
281454
15084
2709
23931
2751
1614
4188
55890
2109
3525
231486
61491
1239
1578
1572
1149
3534
67389
10482
1995
4158
17406
3837
2349
2454
3492
15081
2082
1863
23781
57795
21789
2562
262734
2712
6879
3462
2805
12975
5100
330
62607
1251
132132
3069
2322
216549
7500
47844
10740
137754
3228
13773
1509
15741
58038
2115
1887
2799
60705
2061
30459
2340
118545
24363
90564
111474
1899
5658
1974
2385
1947
3330
1158
127827
4626
5076
11772
24720
49308
2232
50571
1332
2208
101025
18129
53865
113757
15948
2223
1665
21807
11865
36555
1086
35862
1227
3228
1734
2154
2502
2661
2133
26118
42459
55272
79305
55716
174228
102813
37296
8193
79032
4062
3507
4293
134136
20148
1461
1767
32445
1923
26274
87039
1461
199701
4911
1548
1629
2232
1956
2904
25314
24297
2370
2361
1746
16140
2247
2556
47868
178839
133800
3309
2070
3381
3009
48747
7470
68613
2826
71910
5484
2676
49338
233016
4680
3015
1308
1548
7950
1131
49896
1761
31245
2376
2703
48615
26013
4791
2925
5454
2082
2853
2400
94437
69960
3165
80025
64017
13335
49182
2535
2721
20898
1749
22482
176871
224835
2799
2097
6660
1293
1818
2631
1620
3861
27681
1947
4533
1404
1842
4125
3867
3126
11214
43845
3144
1500
5676
16011
2028
50283
4845
2760
2514
4320
4209
2253
2754
2886
3558
59817
5331
4395
5400
76878
105855
21138
9078
1788
2067
3930
2241
1521
51636
2031
290814
1467
10809
74463
4449
2664
101703
140091
21783
4128
3105
7311
2238
11931
801
20379
37908
2907
7173
34341
82869
263799
2607
4023
1002
3459
4140
3846
1668
2103
28446
224562
3837
3606
24681
50325
22959
2406
2688
4260
41703
1287
188700
66192
1257
24609
3732
119736
3096
1869
2835
2220
3333
47940
2025
1851
6273
1950
2844
38088
1617
1485
2715
2283
31701
3810
29427
180645
6558
3465
951
4083
2046
73770
3585
125364
4773
2463
2001
173928
2352
111981
7674
137058
33480
1251
3510
1734
3363
3324
51210
4491
1686
1521
5538
1947
42570
1140
83235
148899
1494
2391
2598
2178
2046
3444
53805
3171
3318
105810
2652
173499
2202
5310
176973
129531
3228
3504
4137
69843
4167
5094
40209
2850
55368
2646
10209
2109
2964
2238
41664
26568
12774
17085
41310
3627
2649
4245
4224
2742
1974
3255
116748
3783
44406
53868
1314
27414
90081
68880
6426
1353
20868
63261
1512
3498
3498
1557
1188
1779
20547
2676
1584
2028
5589
82536
3693
1332
2016
2592
3996
55674
19773
2514
4095
3231
2409
110673
56085
2235
1566
2298
32160
185646
39282
2964
64542
17931
36795
40017
195615
2628
20172
3912
146139
2019
1086
8739
1743
130614
19233
2283
2289
2634
84816
57804
16815
2295
2031
3513
2370
171816
2190
3078
1770
2553
4152
1542
40917
3849
272634
10785
41535
120129
3462
1932
798
1632
1809
6099
1725
3225
10569
1443
3090
139878
3435
15003
2463
3387
72615
1440
2436
3807
1623
4239
2370
6939
1641
3168
2640
8895
6951
38049
3138
1365
2157
3099
31110
4671
1869
17913
1779
78570
2799
48705
15417
2151
24099
2646
1968
1383
72345
2073
60417
129807
2850
14130
90180
3276
4734
2658
21636
144384
1926
63444
1389
4854
2514
23313
49488
3084
2703
5079
6645
3177
20160
2829
2856
1701
2457
3480
23844
2778
1554
1137
2199
2562
15558
4440
13506
6030
60192
2595
16722
963
1536
786
735
102429
55275
939
4797
14976
1056
2283
1509
1377
4122
1656
81612
2541
1794
1680
1389
1869
636
1956
1311
1806
5940
1188
3648
2982
789
1971
1995
2556
1461
3597
1701
1386
1086
828
1662
1512
2103
1506
1443
1662
1296
2166
2088
1287
2439
2229
26907
16110
2469
993
2805
11937
1365
1428
1881
2388
963
2988
1860
82779
1305
2439
927
1236
1200
1449
1617
897
44916
20934
1221
2037
1224
70968
2070
1407
1248
3147
1881
792
1350
1182
714
2328
1032
2295
2508
15036
1194
1386
1227
2013
645
1050
35832
1302
43575
1236
1191
1497
27105
23871
1260
582
1893
1629
819
972
7128
2334
2238
1311
1227
1338
1917
1599
1242
2322
837
1464
1527
1875
894
1800
2076
1014
3246
51951
2961
1092
1173
3054
486
885
2364
1347
1284
2403
2616
1440
1224
2595
1797
1836
1629
15621
139608
1212
1707
900
1044
1542
1281
2532
2568
2253
1506
2112
2484
1119
1146
939
1308
1443
1134
1092
942
123936
1377
2040
2244
2982
825
1329
1089
867
1395
1689
1209
1212
2217
228
1140
1227
23652
2109
1338
2547
1005
1503
1044
2643
1182
1320
3990
1359
1047
2283
1050
222
2994
38268
1752
1266
1236
306
1401
1296
23082
29622
1920
2211
1614
1605
33765
3189
1182
41988
1551
1431
1278
2370
1524
786
7401
1221
22239
2304
1539
3411
2403
774
3132
1434
1278
1329
2676
1035
1059
1557
978
1227
2487
1545
100794
1362
10134
1476
1743
122478
249
1311
1233
1797
1098
1947
2421
2856
1701
1584
924
969
1362
39657
1458
21708
66327
1458
1383
1062
1617
1704
1182
27435
21027
1515
3240
73008
2037
14337
882
102438
1833
2580
1224
1020
4932
1398
2082
1752
2214
2178
2238
1935
3147
1995
1260
819
1038
2193
993
128163
2451
1284
3114
1260
1725
1407
1452
1263
1755
789
1341
24279
1938
1383
1698
1209
1182
1818
2097
1773
1749
1488
1947
1365
1374
963
1623
1797
1494
1395
1542
2322
1026
1683
1020
1536
1149
1242
1794
1974
1191
1428
1089
4104
1389
1263
1617
1269
1911
1872
2289
64968
1140
1695
1392
1287
852
53505
1167
52320
81423
66333
1104
1395
1101
1257
1596
46518
1338
17889
1479
2196
1545
1359
1617
2172
852
939
1770
1956
888
2682
1233
42921
80580
1050
1659
1680
1008
1020
1710
1620
1167
50712
357
3717
1236
945
1425
1326
1347
1932
18012
1719
1602
1119
870
1017
1710
1020
2823
2193
1215
2172
2313
1236
1260
1320
1332
1098
1104
888
1458
1266
5919
876
1431
3219
3738
1125
3366
1725
1524
2316
1953
62592
753
36666
9393
1266
1161
1191
1512
279
948
1008
1611
2352
1176
1920
68880
32445
1104
3075
891
1812
1026
1704
47022
1854
2523
1791
228
1863
1395
1632
1887
1533
1995
1581
1650
1218
1146
2220
14613
2127
11544
2868
2631
1752
1959
1041
369
1410
1200
420
1827
1497
2607
11304
12054
13881
1254
1455
2643
1929
1443
1749
2235
5874
1116
2019
1386
1110
981
13419
1692
15198
16764
2274
1557
2121
1221
1032
5112
1422
1878
969
1182
1794
2886
5265
2244
2460
1005
1083
2598
1431
88143
1029
14490
47043
4218
1953
1446
2001
34935
1647
1323
1413
48240
2907
1116
2472
963
1578
1677
1170
1176
12765
1374
1647
2232
1281
1821
24735
1119
2565
36876
1419
1092
987
219
1380
2379
3414
1098
849
1962
900
2802
3726
1812
3120
1188
1899
900
1737
2817
861
1329
29151
972
1323
24180
1122
1677
1218
1662
1395
249
1722
1446
288
1518
1449
1371
1410
2646
1662
1257
3621
104874
1575
1392
30585
858
1299
1530
1164
6330
148002
1155
1590
27567
7821
1098
1830
1848
1086
5073
1041
28914
1344
1416
1341
196134
1761
3234
2193
24141
1878
795
1086
936
1107
228
1329
1524
1875
1563
2226
1863
1461
1173
2640
49149
2097
28812
1764
1650
1218
1641
1905
2415
1977
2433
71997
1557
1989
2136
2196
2907
1425
1716
423
2445
1686
1470
1062
13161
1851
1194
1086
1026
1011
3126
2307
1530
51039
40365
61440
3165
84321
1305
576
984
1026
2373
1452
735
57435
1539
2220
30060
2715
1788
18681
1377
1140
1209
2745
2166
2478
4254
1653
1305
1086
1575
2028
18498
975
2328
5460
84003
49992
1890
1659
1221
387
2700
3012
1437
2364
2763
3111
1638
1128
1002
1098
1566
144165
1599
1266
1152
2688
2841
51738
951
10893
942
1788
1794
1233
46266
1536
1293
1665
41637
1017
2406
23211
1338
3234
1422
1656
1446
2400
3621
1830
1896
1488
132522
1494
2388
2085
1212
732
327
1152
1101
1176
53208
2295
2733
1212
2298
2340
1134
1323
2073
2988
1761
2673
1131
1626
1692
1299
1932
28767
13311
951
1497
2919
801
1605
1404
1512
1416
1770
2391
1026
1110
810
2943
882
861
3303
1452
18228
1017
2145
1617
4296
1191
3438
837
930
1023
67866
4452
1284
1779
32559
3015
2775
1323
1419
1788
1290
1602
1017
4335
1212
2091
1062
1509
1701
1053
3156
1827
1092
2415
3531
1410
2703
1530
1911
1806
16869
35199
876
31716
1764
1419
1290
2655
1941
2283
996
1299
1098
465
1665
1278
2094
882
1260
1215
1386
1326
972
1032
1257
1122
2487
2664
2058
1170
2421
1203
1209
1086
1248
2286
1113
1707
1791
2022
2382
294
1278
1317
942
1500
1338
2022
1359
918
1725
1944
1278
1290
1509
1689
1716
13629
1308
927
1017
1131
978
2532
1476
1344
909
1413
1266
1263
1236
3375
23619
1425
807
1602
1107
252
1416
1710
1746
1188
1551
1782
2316
133158
2475
1113
2169
12288
1833
29937
3378
1092
4794
1875
2343
2055
2187
2598
3033
1125
1470
2613
2046
1095
1239
46299
1614
3723
1785
1296
1830
1956
1455
3417
3681
2985
1278
1350
2838
1611
1689
1353
1227
2406
1929
70311
1116
1701
1128
1296
1251
1701
1869
801
1593
1311
468
666
1233
1533
1248
1458
42240
1053
1407
300
1188
990
1473
1353
1296
1203
1635
2424
2682
1200
1515
3141
1917
1689
1731
1884
1968
1248
1857
216
915
2562
53214
32169
1173
837
1266
1548
1872
32325
885
1647
1695
1131
1455
1662
1416
1371
3060
1257
25596
2130
2187
1506
729
1329
1254
58959
45699
1554
1611
3354
28689
82812
1047
1473
2160
2877
2808
1677
1347
945
2163
1242
1041
1623
5649
1266
1068
1134
32319
106215
1332
1716
3276
1185
2403
1863
103074
1008
1965
2040
1635
822
1977
27087
1080
1275
1830
2310
1173
3525
1761
1308
26298
2814
1482
1128
24627
8751
3267
1167
1203
9384
1356
1500
1662
1095
2055
1032
1266
2556
999
57654
4071
11814
2496
1002
1563
46380
1944
3681
66786
1071
2079
1947
1161
1650
1281
2229
1020
43866
1710
957
2004
1701
1617
894
1509
2313
1395
1524
1716
84813
86748
1353
1320
2064
1704
7125
1524
1278
8304
894
1668
408
4365
2025
1719
1440
2055
15816
1260
984
143721
2247
1275
2019
12198
2088
1692
1056
1050
306
22401
1473
1740
933
1764
1431
1539
15663
2421
2028
702
15894
52395
1509
1560
273
1779
1917
2229
1488
891
1020
1002
10902
1539
972
1662
1761
3162
1260
1161
43638
1320
1566
2529
1365
2379
1296
2775
1446
1314
2073
50790
1779
1437
1599
1347
1440
1518
3486
2190
1425
1494
1314
2052
7344
65124
1809
1065
1605
873
1083
2334
2583
1182
176616
1587
163644
1431
2535
1155
1353
2181
1077
2100
2679
102732
1569
1737
2265
2562
53046
963
972
20754
6384
3036
369
1746
59907
2292
1056
33579
108891
924
2298
133962
19512
1155
20586
2340
1647
1377
2586
2772
231
1503
756
3210
2442
2271
1110
840
27558
2070
1830
1110
2046
1032
3168
1143
2265
77772
1254
1788
981
1311
19608
1647
1548
3930
3009
23349
1605
852
927
1050
1380
1485
2817
1167
1221
1110
95442
1569
2454
1788
1818
1419
1692
59079
2877
67770
1146
1482
1275
1188
59745
1083
1809
1056
1056
1812
2145
1260
1608
1845
73260
1047
2703
1263
2526
927
918
1629
291
1530
2148
1176
3228
993
1179
729
2352
1881
1632
2049
996
1140
10146
1194
1668
1386
2178
1902
1467
1623
1734
39144
1629
2019
3312
1023
1896
2514
115881
1848
44433
1455
1050
2703
1083
828
1848
1020
2028
1572
14418
2901
1470
16953
2091
1851
2301
1524
1227
1494
71949
1080
1332
1950
71910
1737
4650
1077
1950
2136
1188
79296
2964
29439
1503
3348
2892
1314
993
1131
297
7863
2079
918
825
2172
1917
2301
3585
67332
1236
1125
40146
3522
2286
1740
1278
1500
2625
1602
32925
1911
40287
1224
1620
1632
882
1428
1200
1545
1920
1908
112092
66861
1443
2256
1074
1293
1881
30618
9009
99912
1392
1875
2583
1050
2190
1116
54441
3294
1353
1875
20958
1845
2040
1371
1212
1158
1191
1236
1155
5496
1641
1881
2343
1317
3969
98373
1902
1179
972
2259
20715
3138
4488
678
1167
44223
2757
92463
696
1908
2211
1038
3006
34542
1827
234
1539
1290
1332
1338
4674
1473
2682
1986
68664
1362
2451
2085
97566
61581
1056
438
1932
3390
54786
3420
51081
11790
1026
3441
1449
1716
1650
89934
1671
3927
1065
1326
1266
1407
1281
1842
2496
1566
819
1149
1566
1380
7671
2586
1200
1791
1158
1122
1809
2376
1170
1866
1488
106467
75438
78825
3879
189
2142
2043
1638
1908
48588
1008
993
1311
900
1134
915
1065
2910
1194
1959
1428
1479
1035
936
101250
2184
100542
1200
42576
2802
1194
2763
1083
1743
1053
39723
1095
1572
1989
2445
1233
1215
1071
918
1821
720
2712
1662
66507
1194
23973
3588
2103
91671
1494
2505
107259
1815
2199
2172
42918
2559
94497
918
51207
1794
1623
42429
2754
14469
2067
1842
1779
1713
2421
915
1581
4017
5337
1479
1227
2739
1530
30888
4335
1434
1083
2253
2124
831
2244
1239
1725
1263
38877
1827
1095
1179
1074
9459
1950
2259
1713
2247
7518
2295
2325
2205
3291
1596
2733
3333
1323
80622
43719
678
4017
285
1215
1413
1113
2895
37827
1608
1197
1812
1938
1932
1350
20691
1080
63711
1743
1245
1809
1143
1584
62691
1269
1110
1803
1485
2301
1545
18000
2346
1032
1434
870
2439
1947
1464
28161
1062
175431
2223
2022
741
1257
9741
1350
786
990
1440
1683
1488
1002
2097
2082
2115
2115
240
1197
1041
999
2037
1281
1173
2112
2046
2643
141612
70512
1434
118491
176085
1557
15792
750
8781
2568
2310
1236
1260
1332
1575
1638
2334
2871
1533
2574
912
1227
1455
3996
3000
825
2478
1776
1647
1596
103938
1443
1821
39975
1752
97425
54360
1713
1140
1122
330
1494
1677
1254
1098
1641
1524
1995
49239
1230
1272
1158
2913
2469
1023
2214
2193
1140
1239
2529
975
1569
936
2145
939
1461
3093
2376
1050
2172
11064
1377
1035
1200
1314
1914
2730
933
1488
1668
411
1236
1728
61224
1128
2715
1032
1014
18186
29280
1875
25674
2439
894
2250
1092
1518
1266
690
2340
1233
2160
2184
333
53484
975
1080
1503
72720
1035
5292
1182
1188
1977
1584
1344
2502
1731
21870
1599
3369
4656
1635
11973
1104
3510
2535
1752
51381
1347
91686
2469
1533
594
1677
1407
2025
1515
1008
2079
1227
792
1164
1317
1998
2109
2256
966
2736
1218
291
762
2283
1002
1173
1968
1023
3474
1362
56949
52209
1998
1050
1638
1839
164595
1683
1170
2088
819
56331
31008
4266
10320
3768
1206
14424
1890
22731
2628
3207
2325
2103
1416
249
1617
22335
2454
1470
1608
59448
1590
2862
107571
1521
1290
1524
2688
53394
63996
2331
1263
1554
1281
2004
1119
2205
13707
42609
2313
1902
2445
1056
888
780
15588
1191
2124
2451
1239
1485
963
1149
1596
813
948
5658
1749
1470
855
2688
1062
54624
2556
1443
1572
1167
1434
1155
30348
1551
1239
1686
1548
1359
1383
1407
1161
1194
2667
25242
30978
1563
2118
165741
1293
1662
2631
2469
1986
124965
2763
130134
1962
2202
1062
1260
1920
1836
2253
1158
1131
1146
1539
1404
1008
1701
1770
2373
1425
1476
1314
1131
1842
1752
1296
1740
2475
1017
4062
2088
1116
1236
1047
19425
177
63573
1854
1719
1464
2241
2178
1608
1794
1197
519
2322
2208
2754
3279
369
1329
1278
1116
1821
1464
1404
1917
1551
1185
1452
1962
1137
753
2013
3201
1290
2379
1041
960
31587
8364
8397
85794
1638
54123
1209
879
2460
1707
1053
15732
2211
1284
8076
1950
987
1095
1617
720
1716
1305
3798
7383
933
28401
918
2337
1368
1806
945
2139
2097
1776
1389
48945
1026
3477
612
1986
2133
63042
7071
483
4182
1944
1101
5523
2808
882
104280
1419
66237
1407
2115
29223
21186
1833
834
1467
1923
2637
1545
1671
1605
71304
942
1716
1608
1647
76839
843
22158
36651
915
2532
1569
1263
2754
2442
852
1452
3030
1566
993
330
1266
46119
1818
3627
1686
98592
846
1254
1200
1089
2730
1203
1884
2232
2985
1983
1719
1272
1452
636
2853
1824
762
1254
8907
3066
2841
3585
1746
1137
2097
2571
972
1386
1137
1029
780
2583
1080
18243
13428
1611
1083
8286
9855
1248
3564
2136
2652
1362
1881
1389
18744
1158
1371
1197
993
1365
118707
2400
1770
1260
2079
10821
2451
4680
14271
1659
1299
2085
1647
2802
1791
1719
1380
1563
1458
1863
630
1440
3036
23205
1659
1290
1458
1479
2496
35130
1338
312
1578
2547
738
249
1866
1089
1308
1050
1137
2616
38784
1251
2742
2019
1056
2388
960
1512
1554
1182
2235
24774
843
1086
1227
54300
48399
1347
1740
1308
1029
53874
3198
1971
13248
1650
1455
2064
1533
1014
2766
3429
957
1245
930
65688
2334
954
1038
1371
1032
1443
2586
2226
2166
1767
2334
2328
45303
1611
2217
42216
1485
1131
1215
873
2415
2670
1053
1860
1047
1116
1551
2136
1362
1620
1686
2283
1377
1692
35286
4026
1536
1665
1185
1809
2370
1467
2505
2121
1539
678
1395
1695
363
1101
171432
885
1413
1242
1143
1353
1497
1395
2022
3090
1317
3366
1632
1194
2766
552
34287
942
861
243
555
1356
4773
864
1254
1455
1521
72648
1536
1089
1341
3534
15489
810
50367
1155
1083
56871
975
2031
1227
14586
1572
2760
2007
1392
2190
34827
1050
2295
1092
2286
2484
1524
1902
1038
14166
1434
1182
2355
44727
1980
1059
2259
34482
1158
2130
3183
1815
2445
21774
8235
1365
2958
1410
1545
3309
2094
1125
888
1551
1434
3159
1923
1383
1599
1137
1299
1584
1800
2586
1923
1926
1704
1266
2094
2424
1008
22776
1851
1923
2307
996
1878
63471
2046
1005
1719
113790
1914
1446
1125
909
1851
1215
1635
1602
1926
1083
3216
1341
2076
35769
1956
38025
1350
1239
1059
1737
1050
1065
1998
15573
2391
3417
1110
1614
1008
1812
2619
18969
1398
1200
1431
3999
1875
1401
1581
900
1152
2091
1140
984
37242
2364
960
122193
1386
1872
1365
15270
1896
2142
1110
1788
56580
2136
3528
1620
120234
1407
1707
930
1083
1128
1515
3375
2688
7221
1623
2298
1800
933
13674
1092
2277
3147
3024
60690
1599
885
31125
1542
1947
1215
2070
1359
1107
1518
2028
1050
1557
1380
2079
1746
1272
93588
1521
1026
86661
1845
1350
2175
2580
282
2298
1086
1629
984
1266
873
1101
67899
1293
1827
1680
1497
1176
1275
1749
4809
2037
3660
1602
1560
1278
1950
2334
2514
1578
2331
1602
1311
1884
1173
1371
5862
768
1485
1503
714
1140
2511
891
1524
1344
26409
1971
2619
2775
3021
804
825
1701
3315
2529
10695
936
26004
858
1851
1587
20460
1638
1581
2670
2052
1284
3417
1524
1938
2805
2334
1692
2124
161688
1620
1590
3312
2892
1650
1275
1089
1623
3078
3144
1092
2961
1314
2721
990
2469
1230
1116
3411
1098
1464
1836
1557
1539
1884
858
1476
1506
2742
1932
1944
2178
3663
2289
13134
1968
1317
4947
1584
2187
921
1167
1383
1290
837
2883
2439
1149
27282
1107
1581
822
1389
2592
82695
1527
1521
3435
903
2226
3768
4275
1704
12006
1356
1905
1260
66168
891
175926
2106
1455
1491
2274
2196
2058
1581
1194
1293
1422
1908
1932
7965
1536
2430
6897
1401
1485
100443
18846
1290
2151
1155
47778
21195
747
11208
3570
1086
1437
1590
1521
1119
1053
1659
1143
1725
1068
8637
87486
2061
2649
1089
1074
1197
20757
1611
68598
1758
1593
3798
2196
68130
18231
2055
789
771
1512
1968
1131
1572
3165
1632
1803
17526
3042
1962
1437
2286
1521
1821
1791
114711
36129
1722
1392
2982
29538
3765
1122
2280
1890
44502
1290
2220
2997
73278
2121
1809
1548
1878
1644
804
1785
1053
2697
1281
1668
2067
1257
16014
11199
1815
2256
1866
1074
1182
1410
33129
1230
1164
1134
834
1617
372
1479
1641
13716
1626
2487
1374
1842
63333
2016
2022
1164
2313
1764
1428
2697
78171
24009
1467
1872
1134
2241
2808
1128
855
1959
1809
21582
2055
1101
2247
1392
1131
1296
1398
125130
1842
1938
2559
1461
199611
1131
1209
918
2490
47010
2034
86241
1032
33249
1515
1089
64062
1299
1275
1131
2292
1014
1485
6405
1176
176127
184086
53406
1758
1365
2577
1413
2658
1179
2763
204
2823
1554
1893
1677
1281
1449
3642
3060
1956
28692
2523
1452
1254
1149
1761
981
1548
1023
1062
1368
2160
2013
1722
2616
11631
1956
25542
1008
1839
1335
1776
1704
2082
1326
1242
1575
13563
3042
786
1500
4692
1269
1872
2004
963
2970
3165
333
1008
1503
1992
34242
1518
74712
1362
741
2088
1890
10149
6216
1509
1911
185064
1311
3699
122679
1161
5808
1257
64224
1392
2007
1017
1275
30813
2961
1437
1818
1263
732
7464
1071
66546
29079
1440
1773
37143
125022
1845
1941
978
1845
1152
3663
972
1644
1032
2370
1680
2715
1350
1392
2346
1455
3417
1137
2073
1065
1347
942
2163
1434
1059
3030
2985
1023
2067
83031
1446
1425
1101
360
2760
18474
1230
894
92028
2346
3588
1737
1782
6534
840
53007
1878
1050
2580
1935
2253
1656
1167
3504
3195
1314
41487
2118
2415
1599
1563
1200
786
2235
26733
2055
1401
2034
2136
1227
1728
1002
768
1425
14349
1362
969
2529
1575
2064
16329
1344
2736
1596
37104
2841
1377
3300
47610
1890
1023
1482
