707:0:0:0:0:0:0:0:0:0:0:0:0:0:0:0: (total 6)
0 1 Thread 0 going to cpu 0
2 Thread 1 going to cpu 1
going to barrier (cpu 0)
going to barrier (cpu 1)
8 Thread 2 going to cpu 2
going to barrier (cpu 2)
9 Thread 3 going to cpu 8
going to barrier (cpu 8)
10 Thread 4 going to cpu 9
going to barrier (cpu 9)

cpu 6 cur 6
Thread 5 going to cpu 10
going to barrier (cpu 10)
STARTING...
STOPPING...
Duration      : 10000 (ms)
Acquisitions  : 27810763
678
840
840
669
198
1575
37023
663
1128
1068
591
2127
981
4821
1950
693
1074
1074
1338
17457
729
834
1407
17907
1164
921
993
780
5256
693
753
840
285
927
1092
1335
777
270
753
702
672
1473
846
720
1149
942
1731
687
1947
2895
876
8145
828
1095
1236
759
1005
840
774
774
678
2238
2028
1173
1143
663
7092
213
1224
762
1089
1002
846
999
327
1125
768
1734
831
1167
921
300
1464
1080
927
681
828
861
2532
822
1065
1704
1317
3906
852
1269
846
945
1794
1410
675
864
705
1323
759
1698
29514
924
1086
930
33591
822
762
7176
1152
780
76506
765
765
837
912
1224
1230
285
1305
1155
933
1473
1305
1323
768
1080
1332
774
297
948
762
1944
1005
20079
951
936
684
774
489
783
1401
1098
996
1161
387
723
693
846
148983
795
471
870
1188
1041
40443
1098
1104
1638
2058
2385
1032
945
840
1572
933
5196
765
873
8190
1449
1089
183
777
1005
1752
864
1035
1215
714
849
759
1428
783
849
1491
1011
42858
1833
942
777
1833
795
1197
1179
1161
1119
780
1677
12744
28287
933
954
804
114228
840
1020
1596
858
234
1107
804
783
873
1101
1086
840
774
21318
67380
1017
942
1248
2085
777
1578
1899
708
699
699
177
1665
915
26199
2616
10872
1047
1191
708
783
231
759
1839
804
783
189
1257
1902
807
846
1002
792
945
258
789
768
867
1179
44070
1095
240
1041
5349
1317
771
20919
1494
777
846
765
774
222
1866
846
1398
1914
2112
774
786
1398
1065
1065
10170
46224
1299
1314
765
1149
1587
909
873
1788
33339
2178
699
687
687
58572
1005
849
1500
849
1092
777
1167
1017
24513
594
696
681
918
1785
1008
1086
912
222
879
849
3786
993
1440
831
38187
4188
873
1416
825
2268
939
849
834
702
684
834
1692
2319
840
1083
19113
780
2505
113733
1524
1179
2013
768
672
765
849
4962
1002
759
1224
1086
1422
396
993
162567
1221
225
825
840
1551
942
62904
2298
1230
222
1008
951
1458
699
25092
777
1968
1158
678
1245
1071
675
1014
2670
864
759
1479
1032
756
8343
207
720
1428
222
843
762
47133
843
36813
18525
990
1002
1158
312
71895
2172
1176
1482
771
930
777
2115
10410
747
750
387
16380
2277
1074
38493
1599
1488
1002
714
699
774
786
675
23349
996
777
2274
1314
28128
678
28182
708
1560
23784
855
987
1320
918
672
999
294
864
303
1623
1464
939
71730
2343
9408
27378
1014
921
1140
753
2532
1077
687
2058
1716
1770
867
762
771
1776
849
1539
1707
1092
693
945
1161
771
1155
858
930
1776
762
1242
933
939
1620
915
1068
1065
1170
1014
837
690
834
708
1140
210
684
1224
891
1083
759
1635
759
846
219
696
1080
23823
669
591
1005
207
774
1152
981
1626
1239
918
228
1119
1314
1089
921
843
696
26571
678
330
762
1521
753
1098
678
1065
1164
924
840
924
267
1239
522
1452
693
774
675
1398
849
2175
1785
2019
1302
171
921
1146
1311
1161
783
210
1059
780
933
1056
1365
1548
1233
777
1383
777
906
1791
858
852
1305
204
741
3309
16395
993
1167
1002
987
1020
11670
1497
1086
975
1557
25419
1407
828
1146
1305
1194
777
10950
1206
1461
1149
1470
1176
771
1221
795
32346
1083
858
918
1158
6630
756
765
85074
2190
1275
19959
687
669
852
9453
1245
2097
1719
930
702
8643
993
1020
213
1077
828
831
1548
1266
933
1782
1230
684
12369
918
1062
684
843
765
1248
1356
954
843
219
11058
6303
819
1713
774
1890
1224
219
1623
765
663
684
762
35949
771
861
1023
1359
837
1101
978
978
837
684
1152
912
306
1464
759
933
615
951
765
1236
990
846
942
14445
687
825
765
831
753
1470
858
1314
2160
1104
678
1068
1392
699
1572
1239
1014
2436
756
1248
1077
1185
795
1866
774
759
702
756
777
1068
828
756
687
1242
2970
870
51648
741
1251
1449
2160
1080
1092
1971
1779
942
1401
1842
1392
1380
40737
1866
765
270
1005
921
768
1068
2664
681
1002
750
690
858
678
1623
1017
840
759
67917
1944
1014
1863
921
1152
1713
930
183
1164
906
870
849
1401
1116
687
5901
1098
762
861
792
300
1179
879
171
936
996
777
1803
780
837
225
954
747
756
795
684
846
1857
696
711
987
762
705
759
7611
2097
930
1005
849
1167
831
687
1488
936
996
768
852
12120
693
1692
1695
762
858
1071
795
537
735
681
780
1581
1707
678
1233
927
1008
1152
933
1884
345
849
765
1008
1086
765
1257
1539
699
678
984
840
1074
1059
270
1527
924
210
912
981
11871
474
1392
999
975
19431
915
1650
1149
28269
951
1629
999
672
1458
32094
2043
840
774
303
765
1404
1140
699
1335
1164
216
924
2235
684
852
1155
921
1020
702
702
780
996
1662
1083
762
777
975
750
825
222
1062
1830
687
18036
219
675
34083
825
378
840
831
714
765
762
1545
225
678
858
696
384
1008
786
771
750
774
768
1059
843
687
780
762
993
14985
1551
2748
20178
750
993
840
1332
1707
669
1311
678
1083
3489
1641
1068
1011
3660
1500
930
1341
768
834
993
669
837
759
1239
678
282
753
1017
189
1104
1278
5667
15900
37641
1731
1689
837
228
1047
2253
849
999
849
1008
171
690
16125
1248
1452
1467
741
1530
1161
1473
930
183
1023
1083
1317
1071
1569
1140
1092
40908
849
2532
21486
852
1404
687
1881
2199
2277
2601
762
756
1725
1935
3912
675
843
1086
294
1146
759
888
840
1206
756
756
1104
936
1086
750
1797
294
846
216
1506
840
789
1077
783
861
1326
690
831
984
1533
1749
1089
5406
996
252
687
1707
18186
987
999
1476
690
1086
12054
1359
768
981
1161
19371
741
213
2430
831
999
1176
705
40386
11337
708
846
852
999
1314
681
762
1149
765
1014
831
849
777
843
765
756
1092
1080
1488
423
1623
1065
777
930
33987
915
39984
34653
44076
27810
786
690
1056
231
1011
921
23802
1149
792
843
846
924
28860
843
933
981
864
219
912
789
840
783
840
300
1161
1002
219
777
915
876
852
20907
1518
942
1023
780
909
1236
303
1317
9591
165318
1377
843
990
213
23307
1572
777
1311
702
1014
8982
921
834
846
924
918
696
3126
852
98994
4263
939
213
2757
1650
1305
6891
297
1005
18210
1092
1002
1104
504
1374
2418
32199
1521
1242
16728
35823
62586
1092
711
759
1014
930
699
1239
219
1236
1377
228
714
219
687
681
309
846
1422
717
1086
1023
921
22323
693
855
447
1086
855
1089
828
32811
1686
774
945
915
41307
843
1086
690
993
1440
852
1005
858
303
702
29841
915
17901
696
1158
681
921
1137
774
930
759
1068
1089
795
216
690
933
927
309
951
1458
783
219
2190
225
768
1005
783
27243
1092
2118
306
1884
702
1734
861
846
684
699
7854
1002
939
1677
1341
909
1881
1077
1236
852
198249
858
786
861
690
930
789
1902
1008
1161
447
1380
14202
1479
1086
690
20181
909
6270
696
699
993
22134
705
1137
792
768
933
1152
876
702
696
684
687
690
73539
789
840
1617
1029
978
771
1005
1152
1260
14508
705
303
1233
5367
1086
1143
1884
753
1071
1635
750
38658
1218
771
1824
1326
38424
723
711
1014
696
1098
1365
1053
858
14748
1008
9930
711
204
801
939
870
186
696
771
966
1074
942
804
1026
237
948
873
61764
987
705
1320
69408
1020
933
765
228
768
180
831
774
324
777
930
858
708
789
261
1086
1188
30972
795
1485
2919
1413
1485
813
180
2190
855
1284
1548
1680
1089
786
1107
228
1398
1482
1188
849
870
1506
1020
234
687
177
13137
702
234
1338
777
183
17451
849
11745
41748
3024
705
3624
1428
41145
2061
192
786
1323
2283
1806
39159
1350
68745
1035
801
1989
726
183
1371
183
1425
1572
1008
705
1017
1011
858
813
339
798
795
876
35403
1182
1344
8265
780
921
1185
1371
864
876
1404
225
684
828
1608
1308
39630
834
699
1953
978
1539
1224
1065
924
4800
1188
228
1035
16182
52500
693
270
1611
1860
17274
945
765
687
2214
1059
954
1392
15609
255
23229
6558
915
2475
1650
777
1140
216
1992
855
225
1074
864
1080
927
8730
774
11493
1227
783
1080
225
210
2868
864
3147
66732
1014
765
987
918
687
7128
879
1131
1533
441
765
1179
846
1245
771
762
864
3564
2337
921
906
921
381
804
1623
978
53193
1389
1227
1143
855
1314
990
780
1650
1278
252
999
843
1014
222
687
1167
927
699
1239
852
1476
22875
1008
687
1281
759
1440
1245
894
915
693
1188
777
225
1548
429
1155
771
219
1071
867
1152
933
687
186
897
1452
1692
846
1248
939
1647
30234
675
984
1164
687
786
558
27390
1266
753
1794
747
765
1158
924
1392
1062
930
309
15096
762
68535
903
1311
762
2484
1971
1401
792
1062
231
1152
843
1041
1071
825
1302
1074
1278
681
894
924
999
174
861
288
1416
1677
1797
510
702
1143
984
915
1065
756
855
777
708
1134
216
756
678
1710
1395
873
696
1146
720
846
1281
1383
1290
1074
204
1320
15195
12660
921
780
693
12630
756
705
690
849
690
1230
783
666
846
759
855
1812
999
1146
1467
681
1812
939
780
771
1392
1317
921
921
1161
1065
1233
699
1155
2943
774
861
1086
690
840
1059
774
219
696
792
225
1830
1626
1092
1389
1071
783
771
1137
996
828
870
852
1056
759
855
1071
918
777
1011
1326
207
1011
2337
849
1152
843
918
675
10191
1401
1215
687
35994
1152
930
696
1725
1347
88626
678
255
1095
987
999
903
840
849
567
984
2346
1215
303
936
1797
24429
1539
1314
987
768
17571
936
255
768
1158
777
681
924
762
2025
840
1377
2337
1383
1785
1383
1017
768
594
1155
999
1095
702
52416
783
768
771
696
1323
2085
43689
984
1137
993
846
774
1155
999
882
1545
921
924
30063
1008
690
1077
975
1416
177
768
51150
693
849
762
843
690
17631
312
837
1149
903
1011
1227
1083
732
705
915
846
768
1515
1017
10854
768
999
999
1212
1206
690
771
1080
1008
705
1227
765
1260
939
777
771
1014
1008
6651
795
1095
771
708
1485
1026
1089
933
1302
174
879
1152
1221
702
699
831
46881
684
1320
936
225
729
759
864
1605
696
921
2160
777
696
1557
1221
693
1071
1092
1161
2100
1386
1149
1467
987
750
834
927
1779
762
897
1233
765
6402
1308
1305
16974
921
1092
1239
765
831
13236
1071
1743
861
1170
7869
80409
948
699
1242
1008
1149
1227
378
684
774
180
990
1446
1236
303
1302
906
27036
1338
1008
174
1551
849
1632
1155
312
1158
1602
837
717
921
777
822
696
36552
41733
1341
843
696
918
678
771
993
909
981
1017
711
42321
1059
780
924
849
1182
12006
1482
831
666
1068
1365
17496
1635
2001
759
1215
771
1245
912
780
3936
213
768
2331
774
732
222
765
687
8277
10332
690
294
699
26052
1038
852
3540
696
1146
1179
1209
1086
1383
987
834
762
204
1521
1482
759
48690
1503
675
261
1335
870
216
10149
765
678
837
2274
1545
693
2022
876
921
909
825
24291
894
23973
930
1485
3138
1071
225
1395
858
2619
1023
1479
915
2319
1476
1083
63381
1224
37434
1134
279
2055
912
1137
756
792
171
1659
1674
1134
855
522
999
837
993
840
819
660
927
753
1788
7077
15669
1080
678
80625
12033
765
12498
46875
747
1227
924
33246
1782
1098
915
915
22833
924
300
44643
21582
660
1059
846
903
2619
936
834
753
993
2043
1020
1242
1224
1170
2292
771
615
7545
852
306
1764
918
861
1236
696
651
774
23400
1425
759
735
11076
672
1539
1188
1404
1170
756
2415
1185
1128
5103
1242
858
1074
6555
909
903
813
927
1488
180
750
858
1395
930
927
1713
687
909
52707
906
1617
846
840
846
777
1716
174
1050
930
999
837
35331
903
1230
849
816
2370
918
678
255
22017
657
984
873
13278
1008
1323
774
174
1578
942
699
813
1020
1101
954
771
1581
2250
1503
768
1020
1983
2256
180
23112
777
6090
693
1659
1272
43629
1197
6684
1011
1104
33741
843
858
1032
1374
927
849
312
756
2469
1533
1002
1620
885
2016
2712
774
1347
1833
19266
1485
1191
1563
783
999
939
1257
25683
1695
7125
1527
765
1182
2337
2238
693
1602
1335
861
1200
43608
234
699
555
780
693
1989
765
9519
2955
771
2964
768
783
765
864
4173
1749
777
774
1185
1140
24303
837
696
774
2067
771
174
669
1185
1662
1176
318
825
9777
6510
1746
222
1593
771
2247
1260
231
2919
789
1683
1584
936
852
873
228
2787
1041
1440
1029
1029
38142
693
912
786
762
1083
2214
2307
1590
2928
1407
1257
714
6375
1437
867
708
1587
684
34311
1272
2742
1107
312
1071
2544
849
119961
765
684
747
1065
690
1248
19275
987
753
6489
750
501
1644
771
1155
924
1011
1155
684
3531
906
14457
1068
855
186
1353
1155
852
303
22008
927
759
930
678
993
216
765
699
219
1164
1077
750
12762
843
43620
885
82230
225
1251
225
759
675
21930
1980
756
1389
1017
1626
987
996
678
927
846
84360
999
846
1473
1002
990
462
1239
1080
672
672
1389
1005
1011
762
25488
843
681
837
3036
912
915
768
180
747
9078
1242
684
909
906
858
945
1869
225
924
810
759
768
927
11391
1263
40833
1002
13809
1062
21672
1245
1611
852
1005
171
1146
762
828
918
675
918
34500
1398
834
18681
777
768
1167
1071
1941
639
1149
339
804
1569
465
624
219
834
999
768
1299
222
30171
666
1404
26286
29868
1332
834
1083
1005
1014
663
834
765
912
3957
849
843
756
1017
300
783
756
1008
699
1011
801
1254
1092
747
798
1248
40785
846
1068
1497
864
1158
909
9453
744
2760
1080
1059
825
1239
852
831
675
1308
1479
927
1083
666
17757
840
1320
1074
1344
1557
855
924
759
954
750
687
912
753
765
14664
9528
753
867
984
19509
65775
44496
1224
2511
654
1407
927
58959
1071
744
1158
1086
1086
1068
906
840
849
675
25971
855
28218
1089
702
873
750
1344
1578
918
8088
24534
939
681
1899
1179
1092
687
906
1491
684
1152
915
171
912
7098
1416
1155
213
993
846
774
855
303
852
1242
84390
1113
219
720
1545
1014
1224
669
906
131640
1470
1818
765
8661
1644
1317
1071
921
1398
702
840
822
1092
1575
774
1398
690
882
999
1335
1233
681
252
999
756
10725
831
11958
2139
1089
2280
1068
228
675
1962
825
771
717
843
1071
1863
657
2109
906
867
810
261
852
765
1101
1002
1941
999
825
930
171
1872
831
291
1134
750
831
2070
819
819
750
831
912
720
67452
9561
843
1650
1869
37101
6519
585
792
759
927
777
1164
1488
1938
927
684
909
705
687
495
1413
1233
984
1362
669
906
756
309
747
3108
1464
759
684
828
19521
1029
1347
837
915
675
1479
222
912
987
840
756
1245
1026
915
1635
228
924
843
300
1074
687
417
849
2181
1008
19251
828
1233
852
1002
1062
1248
678
1032
984
828
28530
2433
306
1086
1251
1248
831
900
990
7500
1002
768
765
1803
939
825
762
1086
1026
984
1947
930
2742
1401
696
7953
1233
73941
861
687
29736
771
1485
690
906
900
924
1476
1926
756
234
936
768
912
1164
777
66630
1722
2460
5442
1296
1977
738
2583
1236
15861
834
834
771
753
510
1251
1149
8526
1098
828
213
231603
27891
771
1968
747
1101
846
1092
10059
837
222
1158
1104
747
1641
1152
1068
684
60228
999
23391
669
771
762
9330
1719
927
768
240
993
768
927
699
1314
849
744
681
831
927
924
1857
306
7455
60609
918
933
1101
855
789
1560
999
213
1161
79755
678
459
840
1074
909
1173
993
924
342
900
90207
765
927
537
1623
753
1239
1173
60219
831
3054
177
834
225
990
1395
1386
228
819
1014
999
660
1098
1899
225
1638
810
753
837
318
837
1608
759
765
936
2607
843
1788
1014
846
684
38724
1803
1338
987
1074
771
771
2118
1071
780
1344
1890
753
62745
2076
945
1074
1176
381
687
921
765
1008
996
918
1044
1083
14949
837
1389
681
2025
29004
870
1080
39975
1488
384
1260
22479
1032
2223
756
756
930
66795
213
924
939
7083
912
774
918
231
1023
918
765
27570
747
4533
669
1815
1089
261
912
222
1002
11148
1479
1008
942
999
753
675
993
747
1458
1152
1158
1173
219
753
1005
840
855
255
660
840
915
48609
1260
4731
14874
852
1242
846
1035
1320
1938
921
1239
777
1608
849
1020
1074
687
915
2085
3144
16773
684
1479
846
768
915
13038
1236
999
978
1221
15144
7968
1389
777
759
1473
1233
1191
846
12345
1308
1326
768
1386
1158
783
561
768
30990
1224
951
828
1158
7857
987
86625
513
1029
21294
702
786
849
7920
1233
678
231
1548
672
1245
1008
7341
1386
1233
1641
678
840
1221
870
1497
1221
981
1077
14025
1293
1389
1038
693
675
1893
930
837
1320
9750
8004
1887
747
3645
1875
231
762
834
771
915
789
34308
837
783
1026
1071
1146
1080
615
1086
843
1158
756
1077
1815
981
936
1245
669
1569
759
2193
1005
927
15981
849
762
948
993
837
171
666
1059
1635
945
774
675
1779
915
1314
1329
933
3804
1245
780
1737
3264
684
705
705
825
1083
1077
990
978
762
1080
852
2085
798
50007
897
930
1011
240
912
210
1170
1776
1743
702
213
1221
1017
2121
381
1479
1299
756
39486
942
279
1062
2031
960
690
1074
927
693
762
654
984
1230
1542
768
993
1710
1005
846
765
66561
1401
1635
1071
216
1086
843
1131
1407
1890
1647
843
1149
1164
1194
786
870
4854
723
861
762
936
1860
1113
2169
1008
837
1167
1497
1083
1590
765
1320
921
687
765
996
1479
534
759
1296
921
840
768
6042
1296
384
849
759
1161
654
1170
834
1092
771
1230
762
780
1470
9888
1224
1320
900
753
693
909
774
2568
792
696
855
1971
756
1005
1071
786
1236
699
1077
222
1914
852
834
696
1230
1176
678
993
771
828
999
774
831
2238
984
1707
972
12999
1035
1398
978
21717
1326
1236
30009
828
987
852
1839
681
30648
1311
168
759
846
1887
672
828
1155
765
1332
1404
681
213
858
840
1098
753
681
768
789
702
762
873
1170
1161
783
681
993
837
1695
939
213
1326
714
16611
1719
795
33270
1104
2028
987
516
927
1068
825
2484
699
774
2304
1005
792
858
756
699
900
813
849
756
768
1308
16668
996
240
22635
894
897
768
2364
1077
984
765
1014
5277
906
1149
5388
1431
846
1020
684
1293
669
756
756
1017
924
2088
771
2091
939
5889
17190
36699
798
270
837
1245
1623
1452
981
990
768
984
990
1653
840
14112
1107
1764
1848
768
1548
189
1008
1017
999
1764
987
669
1404
915
1791
918
768
39855
1167
1167
843
20187
1158
1236
1329
1146
996
222
1332
537
753
780
1077
2703
225
831
306
4374
855
669
993
3036
762
819
1467
840
3381
38916
1521
750
1083
972
264
933
6546
753
984
1188
939
222
18732
813
927
1947
18513
1416
921
1398
7416
828
987
1881
1098
699
219
840
1494
882
1131
759
693
774
699
858
1368
3312
678
936
861
10026
846
771
999
687
831
825
780
1323
1419
195
975
195
1128
900
522
954
4446
2307
747
693
1089
996
681
1617
837
762
174
954
2175
861
3123
1791
765
918
741
771
861
2109
675
1143
1233
837
2169
1401
1869
825
768
2040
1929
1311
687
753
780
777
1134
30486
1329
1332
35427
909
774
5556
1317
918
78372
774
852
1146
765
1314
2073
834
828
1572
1008
999
681
858
708
933
2331
756
678
504
990
1623
20052
774
936
852
1689
846
1491
855
1467
1788
759
837
148686
705
1851
786
801
699
38583
930
1284
846
228
777
312
873
231
669
930
1245
849
216
1203
873
4947
765
882
6714
1263
258
789
1758
846
1314
774
711
927
186
951
699
849
693
300
870
696
1542
942
693
40851
1206
312
798
699
843
243
693
1194
951
852
1143
1044
786
219
14658
26763
969
1110
783
870
112896
765
1239
948
231
915
1617
954
711
858
1350
930
1254
1005
912
303
18900
1074
65394
996
678
1662
1647
237
786
774
1092
264
783
780
705
1515
666
1002
24762
1080
312
1668
9711
933
1047
930
1173
1977
1020
306
921
777
2181
1257
309
714
1089
927
858
681
1674
1014
1026
792
921
43134
747
2412
37059
1866
774
19263
840
1149
1158
849
849
2190
960
1242
990
1776
219
858
924
765
1140
993
846
8418
2199
43857
744
1158
849
753
990
306
1218
927
1095
34617
690
1326
1083
1314
1017
1077
849
939
2490
933
1020
996
1380
36075
1152
2031
1005
1008
1341
762
318
1008
849
924
687
750
771
918
1764
228
1620
1095
20472
759
306
115410
1083
1005
1521
765
705
765
696
5733
1326
846
1017
687
222
2673
843
160980
1128
1794
927
909
933
1101
61362
921
216
750
2346
771
831
1005
1305
22944
780
1695
462
768
768
1401
762
837
921
2034
219
1236
693
1395
1338
996
10005
1254
1962
681
768
45558
2769
2319
31911
20775
837
840
1905
69594
750
228
666
1014
1170
777
771
1011
303
11829
828
1710
14298
789
228
1152
681
36534
861
228
858
999
774
693
696
864
843
678
22062
702
1164
762
300
984
29661
29715
750
222
25227
1143
840
852
918
753
2100
1959
915
1398
696
2871
66816
846
225
11790
23583
1797
1239
789
915
1062
834
306
1380
696
834
207
846
1626
1398
1086
1773
1338
1554
1158
1215
801
1176
786
780
1374
1155
771
843
687
456
819
675
846
843
1488
1092
771
981
696
690
1164
750
771
834
1248
1467
825
906
855
831
762
1242
834
1590
1080
25284
624
954
1395
1722
981
753
2247
1065
3198
1695
837
1386
852
1008
24753
1008
1569
984
978
984
930
762
840
1098
1158
1092
1491
3432
1065
774
780
843
1251
1215
216
765
186
3909
1911
768
753
1161
696
1854
1008
1467
681
1434
1146
825
1377
1134
777
987
1305
702
2358
2361
693
2109
1068
1176
708
852
1638
981
1017
177
786
1473
945
753
252
765
29016
927
762
840
1143
1020
2166
25578
1494
792
846
222
765
843
1074
1146
1074
1005
1707
2211
14115
828
918
66993
981
1305
1236
1545
468
1884
1011
1095
765
1662
1641
621
1170
999
999
1155
978
840
912
777
765
2046
1917
1473
393
774
1857
618
1398
996
918
1056
1005
1500
1071
696
1875
843
1077
294
1155
1152
885
915
837
840
1014
213
1530
1707
750
2184
990
13605
1074
12396
1227
777
13926
684
693
747
990
765
1236
861
837
840
792
849
210
1092
999
1230
675
1095
294
765
1104
768
1086
1185
756
837
1536
936
1134
936
996
1215
225
1065
888
1173
774
693
780
996
1716
1626
1602
273
792
1704
840
1230
771
693
759
759
762
759
927
843
1455
909
687
1134
855
780
1305
1734
1077
378
765
852
1338
837
774
1224
9003
747
1071
990
924
34923
1305
783
852
993
228
1002
89862
1770
1101
897
1371
849
762
1950
996
297
918
1827
924
255
26268
1167
1077
678
18867
1950
849
759
699
930
708
843
213
1002
1062
1371
462
1140
693
180
993
1320
681
1884
1239
918
933
1011
5211
45516
687
1632
1248
1017
1071
858
45693
759
1449
762
846
774
1008
1092
1236
1161
993
1161
29823
687
855
984
1017
2325
52842
693
699
843
684
1074
16218
1830
849
1056
915
1605
945
906
897
1176
942
765
918
1374
966
8943
1092
684
1080
990
1146
687
975
759
1296
690
699
996
927
804
918
699
1239
2085
7755
921
1557
849
861
702
1398
1152
798
2307
921
852
690
1092
849
1212
45114
687
2697
1971
840
753
1410
768
837
774
438
777
942
780
777
1152
828
1152
690
1071
435
1512
834
993
1008
1074
834
1086
708
351
849
984
642
762
7653
1140
1458
15243
1152
843
774
1011
1158
1002
11883
852
771
387
786
768
1002
6450
81558
768
1308
1233
690
1464
1491
1065
1416
1608
924
2040
840
1143
25716
1227
804
1719
783
999
183
1236
1740
1086
312
699
897
1275
852
927
660
699
35133
43017
1143
756
1401
1929
1245
669
855
1320
756
45894
1173
1014
1074
12672
936
1248
909
768
981
846
15522
1008
225
1152
402
993
993
759
1419
699
753
4152
2022
1398
681
687
771
1797
765
921
7932
8670
1092
1566
765
24621
1248
957
792
2022
837
954
1455
909
687
1311
696
909
843
909
999
753
768
1398
1257
744
762
381
1494
2361
1017
930
843
846
1020
771
1179
897
1161
1143
1617
1470
6900
1929
1041
19398
771
1395
696
1071
14025
759
762
1290
21093
1578
531
927
993
684
699
1002
38901
12696
1005
690
693
1092
1068
675
1068
825
1224
765
741
1098
837
1011
693
783
1383
762
2190
1998
1002
768
35340
780
38526
834
33075
73977
711
849
1509
1074
708
22215
1227
1158
990
774
912
30852
1158
1095
837
1968
912
726
855
777
1623
1020
1659
1314
870
996
22902
846
723
915
765
684
2049
177345
1302
912
1392
22362
1464
699
783
1224
687
1014
7212
1224
924
768
999
1227
1377
4494
100674
2994
762
1800
717
1575
1533
696
384
4314
1797
20004
1002
1248
2091
909
540
33786
897
18099
33342
915
60828
696
714
783
990
1074
852
927
2043
1302
1572
2028
762
1977
918
1335
1332
1017
846
696
19944
921
774
2184
924
936
1305
34095
1329
1314
759
693
39858
1449
1053
852
1152
687
972
765
1485
1422
759
27936
684
19392
909
912
996
1086
1008
768
678
918
1236
690
1968
762
855
1752
849
1539
2400
606
1719
1536
1167
28614
846
531
1581
381
699
687
297
771
1014
765
693
774
6705
1461
738
795
225
840
1224
690
387
1311
987
681
840
196200
843
783
1089
714
1230
858
846
306
1155
1377
2433
15588
1410
771
759
16527
1635
1332
7845
1341
996
948
20901
696
699
1011
783
1155
708
936
1077
1023
687
777
840
73194
687
1023
837
1173
1008
756
1152
1401
915
16854
1701
5658
867
843
1077
381
864
921
1389
690
40038
1881
1569
1500
1479
36822
1104
870
783
684
840
1080
780
783
1008
13689
858
10734
2229
702
1026
1587
696
795
1554
1236
1266
960
1587
711
1422
60360
837
1023
1164
843
67752
774
1002
939
1791
1578
948
1998
1170
1395
852
786
1764
783
711
29970
699
801
687
783
924
924
783
1560
1170
663
771
852
768
690
1032
2151
1557
1401
687
768
870
1116
2043
15315
1620
699
2427
16113
1146
948
10122
43080
1485
1113
777
2235
843
1179
38970
1251
225
1659
855
1089
300
1464
41652
70350
1260
711
264
1020
2220
1947
300
999
1107
852
1476
1014
786
999
1764
705
879
36609
1254
1785
6045
984
780
705
963
786
792
1005
1575
846
975
1149
40863
1074
921
183
915
828
225
1551
1014
1518
6471
1545
693
14391
53166
4920
1887
333
900
846
717
1140
777
267
912
852
930
1239
28341
1176
1239
67950
1008
1146
1038
987
867
1467
1542
927
786
696
30360
999
840
1497
1068
2262
1074
180
18996
1020
831
1098
183
825
915
2007
1002
14238
2487
20859
936
4893
915
1218
564
909
603
798
984
2118
1650
2025
1389
1086
762
9900
1008
9549
930
1089
1152
5865
882
72270
687
753
822
1056
1209
5124
855
993
1446
2592
936
846
768
696
1083
789
4983
294
1473
756
1065
1653
855
249
912
54378
1539
846
1395
1224
999
1152
1287
222
1131
2148
834
786
1185
615
984
1008
780
945
1629
24555
1140
1050
33642
1080
918
984
1110
1371
360
1506
678
2049
54249
675
930
795
10479
897
849
690
2775
780
762
1122
792
1680
1191
864
780
234
1176
1593
1272
927
858
255
1032
321
2448
21807
651
2409
2829
477
1656
693
1494
867
42186
1266
1035
4083
864
774
1275
32466
1158
1017
1605
1707
1287
1026
1893
1161
237
2151
858
1098
180
876
1260
879
309
693
1083
852
22257
1503
1359
846
858
1431
1029
26748
1020
7332
852
783
1350
693
1245
1188
1440
2010
939
792
1182
42012
1683
1341
657
861
861
231
1503
1419
7746
693
240
672
2649
180
1644
684
1113
840
4263
675
312
1080
852
684
627
1599
22641
768
1017
759
690
231
939
1893
786
786
231
1023
1668
783
3996
3321
861
5307
762
2706
1017
1356
234
1428
2805
699
1941
1104
180
768
1434
1125
1863
234
1101
963
1191
1125
1023
35961
1119
1014
1107
831
762
1200
222
1026
936
4482
837
789
7677
1353
864
1101
753
768
32346
1017
1173
966
1014
2139
1332
222
1179
121251
687
825
756
684
831
19137
924
762
924
5148
675
2913
756
669
1143
678
849
927
996
2250
1371
16497
990
2247
753
762
22920
759
921
1488
684
1473
828
1068
14235
915
42465
741
82521
1962
1773
906
672
20718
1230
219
678
900
675
846
234
1248
1560
672
837
1173
84138
765
1071
1542
1572
1647
2613
1173
678
762
834
1140
1002
825
750
24600
618
930
750
4617
1215
843
1254
675
7464
1074
1248
1089
672
756
1179
1017
294
1689
852
1335
765
858
12906
42138
15543
23190
1080
186
774
768
1644
1311
1224
1065
849
852
35934
1656
20451
771
1077
780
1074
540
660
738
1866
981
2430
1899
1011
924
765
2166
28311
924
918
56874
1257
921
930
906
1002
678
1065
753
996
5562
771
852
834
1863
798
774
708
828
780
1026
699
756
678
834
42156
918
927
927
831
906
10695
4662
2472
1149
924
852
756
903
666
177
1005
930
825
636
15918
681
855
1233
747
1671
1086
1143
1107
690
780
918
663
990
678
1080
12897
11298
774
669
672
18045
67431
45627
1014
213
990
930
996
60765
1239
828
915
1236
999
894
1077
771
918
27027
681
26499
1809
948
762
684
1440
2061
840
1224
6024
25335
831
915
222
1011
687
762
759
675
1110
849
1005
1539
1071
5403
1002
1407
1956
1233
756
837
1644
759
64842
18645
1137
1902
924
213
999
939
1068
762
756
130638
1428
219
1176
1410
1458
6843
915
219
1911
990
1704
1422
1224
1347
852
1080
717
840
1656
945
1146
759
669
1164
849
1947
999
756
9144
645
13413
288
1092
1398
2148
2277
918
1557
678
864
834
1158
759
183
924
1317
870
993
882
1383
990
930
1029
690
417
780
819
837
1941
984
2178
915
981
987
219
1062
816
690
999
669
783
68853
8010
1185
840
228
861
216
837
35025
1257
4944
2244
888
750
1167
843
1008
756
171
993
774
678
837
1098
2097
1320
1779
1218
1266
1005
1056
1887
3063
1011
1080
678
831
20892
945
1740
876
807
774
1473
1134
1233
693
927
1767
690
864
219
2622
741
1788
678
1797
684
432
759
20829
1077
936
942
762
1077
846
939
1008
825
30489
528
1803
939
882
1089
834
1071
9210
753
780
756
1470
678
672
1077
858
666
1158
228
849
1971
252
1146
1323
10053
75132
684
1152
28137
831
1425
1320
846
819
993
663
177
753
492
777
2043
1170
759
1218
1014
68706
492
762
393
7401
990
231
735
1383
177
1002
17223
735
1065
831
2184
1059
9711
984
2580
121317
108156
1110
26148
834
933
1395
825
831
768
840
8379
621
1392
1401
1245
837
1635
1086
1005
61395
984
21345
678
765
1077
10524
1413
699
1713
1167
927
774
744
1425
849
747
630
840
1017
768
303
1818
5229
62046
903
864
759
684
1398
228
759
1563
906
78228
1347
2928
927
762
2517
666
1791
765
88755
933
996
774
630
306
825
750
933
771
58695
900
834
1857
1449
1977
717
1707
1701
858
1068
1179
735
837
1746
228
717
990
933
1821
993
225
1032
687
786
1221
915
840
384
978
825
918
762
37353
1491
1020
777
759
1086
765
1416
252
663
840
1422
687
999
918
60840
927
381
1086
1161
1251
1458
1008
675
771
861
759
1065
981
915
12747
750
1395
1167
831
216
29220
828
675
771
39912
219
2034
23607
1167
225
798
732
996
828
65133
1623
1092
8322
678
687
1971
1152
927
840
26454
657
762
2904
1023
918
1149
2103
1611
1110
9597
675
669
861
1068
1191
675
1149
759
1083
768
1083
849
2277
906
924
837
2268
855
993
50058
21474
1242
657
852
1158
888
834
930
1569
1077
1332
50352
1491
1797
936
2253
8292
771
678
840
1473
294
1389
681
1389
756
681
993
837
24240
1296
25773
1005
225
690
1779
1242
1713
1257
843
537
2073
1161
918
2772
816
1572
828
62124
972
38853
2661
900
1155
1071
609
2535
1332
1008
1182
756
783
909
1230
762
903
738
690
918
846
231
7005
17160
678
82134
10620
846
747
333
9888
47970
1164
1155
35541
180
783
1137
837
24756
1863
42756
22776
663
1653
1257
1065
225
1410
771
840
1221
684
309
843
915
984
1053
849
225
1023
1161
720
5730
1221
2118
213
1407
1020
831
2169
759
1089
21591
1188
753
528
12708
984
180
1698
1350
1725
1665
753
216
1704
2415
3411
912
1494
858
7920
999
900
981
843
2106
1230
762
216
768
948
1086
684
843
753
51255
1101
1158
750
750
777
927
774
252
1797
1317
942
942
828
