3f7f:0:0:0:0:0:0:0:0:0:0:0:0:0:0:0: (total 13)
0 1 Thread 0 going to cpu 0
going to barrier (cpu 0)
2 Thread 1 going to cpu 1
going to barrier (cpu 1)
3 Thread 2 going to cpu 2
4 Thread 3 going to cpu 3
going to barrier (cpu 2)
5 Thread 4 going to cpu 4
going to barrier (cpu 3)
6 going to barrier (cpu 4)
Thread 5 going to cpu 5
8 Thread 6 going to cpu 6
going to barrier (cpu 5)
going to barrier (cpu 6)
9 Thread 7 going to cpu 8
going to barrier (cpu 8)
10 Thread 8 going to cpu 9
going to barrier (cpu 9)
11 Thread 9 going to cpu 10
going to barrier (cpu 10)
12 Thread 10 going to cpu 11
going to barrier (cpu 11)
13 Thread 11 going to cpu 12
going to barrier (cpu 12)
Thread 12 going to cpu 13

cpu 13 cur 13
going to barrier (cpu 13)
STARTING...
STOPPING...
Duration      : 10000 (ms)
Acquisitions  : 11245559
2688
265770
494733
70923
2787
1251
1662
225684
1680
41814
672360
1677
53220
2037
1719
1305
2337
1773
2676
3216
181824
2016
386874
2115
2136
1977
6882
2016
2982
2328
63468
111621
38256
1767
2502
2559
3075
4089
3909
1575
1827
3186
3015
3012
2880
69699
60552
1302
2040
179703
2259
8673
3402
55929
245751
2463
4680
3681
8055
2070
2538
64323
2781
3738
6837
137232
3528
12678
2475
1767
3345
165411
1392
21156
38337
15015
42240
1557
56760
3732
2067
3012
2139
10257
1581
2730
3213
116478
3870
906915
28308
1047
966570
3150
101040
2823
2433
2400
1160751
2502
3552
5562
3843
1482
1407
1476
2616
1638
9804
5490
1344
5481
2109
4173
2199
1395
103248
2535
228039
6996
212979
15897
1644
31179
288870
5385
2067
14637
927
3810
1926
3618
2925
3762
2163
1008
2835
1716
2232
2670
3090
1776
1959
1974
167982
1257
2205
1068
2052
1749
14529
2658
4185
2760
1194
35187
3147
10614
1539
4503
2568
1149
27249
2028
2100
2907
2937
2100
592572
703167
631356
1995
1860
47115
1743
2223
2130
2037
168711
1641
2991
2154
1461
2829
2829
180396
34869
1554
2994
3129
1461
73323
153333
2883
2568
1533
2400
7977
3612
3069
442857
38364
2901
1965
6390
559941
2619
1290
2622
4368
1797
4143
3420
2010
1030332
2103
1674
39624
1749
1617
124656
1295913
3600
3303
294054
1476
359982
2283
329397
10380
3630
34605
2163
884748
61659
4032
696858
371283
2034
3621
1518
2421
3372
436119
1680
2949
4155
2400
1521
2793
3657
2751
162939
16827
5325
2697
1335
631332
3612
3255
3885
3531
450177
1920
2409
1500
2478
1674
1392
1686
2148
1431
148722
266925
2265
1374
2223
26856
1830
927
494475
168810
2490
166281
333585
3648
2706
2730
1434
33468
1764
2877
2022
3456
2220
2061
2643
1854
969
1848
1776
2952
456081
13695
146346
161529
277755
2529
2115
2679
349170
1323
1317
52116
1788
5754
1392
1914
4848
4287
1887
4197
3474
3168
1719
209190
33843
3561
3621
71736
3408
1041
13260
3276
490020
2634951
692622
1617
1248
1224
4506
312549
1791
3009
12471
58407
3090
4104
1569
2040
1980
302895
1761
1917
2145
1407
2040
2718
1509
2934
2034
2772
2079
17805
28302
1575
2994
2055
2904
2820
3987
1755
2550
3525
1974
1236
2886
703572
3297
3444
3309
886782
2523
2103
216642
3123
2271
2757
2205
2694
2082
1971
2460
2016
2856
430032
1977
2823
2457
54267
1887
2628
537486
2130
682506
1986
4074
2130
2082
3021
2484
2181
183156
903966
2613
2442
4125
2010
31461
21921
2619
297
2853
167706
2421
2304
130548
1707
3765
3072
479625
1067721
1899
4689
3300
80352
126369
16725
2241
1425
3144
2721
1263
1299
2769
3930
1362
158472
560166
2388
1788
2094
2607
35388
2496
2439
5400
2430
402
252264
52119
161790
130089
2385
3405
1764
2346
1053
50565
4452
1803
30579
1668
3294
3123
361080
1641
1599
1668
291528
60750
2181
1452
3978
3195
1836
1749
1920
3825
492990
379374
114114
1836
101625
2997
2826
3873
3888
3201
1146
289413
2520
249162
1494
363795
1665
2781
4164
2070
614433
1707
2586
31200
2982
1059
3885
110487
2163
138894
181812
673344
3186
1380
5202
3345
1839
324999
3000
1785
1896
1344
1407
2334
2256
2355
2733
3228
87426
2121
229029
31017
6390
2649
542838
1181055
3513
1407
11727
1182
2820
2103
2427
23634
1995
139560
2655
1713
204669
2253
1428
1767
21474
519261
1722
13452
1368
2736
3423
3093
2010
1839
1626
29154
3879
762312
3609
531648
2376
665661
491451
1647
28005
401643
3333
5973
268023
2133
3120
1923
3210
193707
26670
2835
229083
2175
4053
2985
673911
2391
1998
2013
2940
2442
3258
71640
5337
2337
3483
280986
1599
115284
1869
3993
4221
1506
3864
356364
147696
103719
142086
1827
7854
1024164
1734
1011
1962
2469
357840
1884
6441
66765
1896
2100
143226
2367
1830
3042
11259
3426
1947
2280
3921
98376
2580
1398
128547
2640
113421
1077
1503
25887
3465
2535
3474
30141
4806
2580
1800
2319
2835
330102
73797
1056
1734
1320
3015
2172
3789
1647
2979
4344
1647
3192
15045
1833
234294
2295
1827
2358
1620
2478
2751
3342
1365
2172
4338
2025
66342
1467
3483
43599
1590
3444
2028
1767
2844
4044
279543
149268
103998
36306
3270
2781
2496
2241
2226
2850
1800
147771
2676
2016
414999
3336
586047
2730
89379
2703
1743
2577
320073
632232
96273
2064
3336
4056
2568
1929
1557
7350
2892
1644
1923
1812
121161
3087
1512
1773
41439
3255
3822
212499
2415
3714
1377
2502
2316
927
1491
1041
3423
3798
2406
579096
2559
1437
4638
3321
3318
2109
2118
1971
16299
3165
2094
2043
3417
1770
2472
339966
339
1608
3321
3750
1926
1185
2055
278316
20787
1965
4545
2919
2730
2355
1665
1995
60963
1470
1350
1884
23244
4380
2757
242340
3240
3084
3528
2022
258303
1461
2688
2418
2397
2055
1791
1755
1725
1689
2952
3000
3339
57345
3693
814482
987
2796
1842
2043
107244
2235
2121
2061
2667
4431
1788
1677
73722
3387
3120
1029
22278
2184
1773
2589
82653
34917
2931
3786
2901
1515
2880
3753
23940
2205
1668
1719
2490
2943
2547
3402
2064
2313
315996
1608
2982
3711
155010
2979
124788
1491
1818
45105
349860
3447
125406
2352
3126
4470
2454
20661
3057
1992
1947
3423
2442
2808
2025
50346
1692
2037
4332
2739
536508
444864
1464
1407
4329
2472
2487
4197
39432
2748
3090
1803
2820
1749
29100
1659
10734
4458
2169
2151
1677
4116
2487
112356
2583
2877
3240
66438
1566
2286
3900
300147
2661
2511
3576
4248
2643
2103
170208
395646
2256
1425
353367
351456
1743
2445
2202
194394
181290
2205
100248
5052
2625
1929
3663
3915
3837
414396
1926
2382
2937
17208
1980
1536
183252
1731
2730
264852
1437
39402
3786
453357
2007
3615
2331
2439
3027
1509
2199
24285
700125
1443
3273
4455
3138
4413
2934
35229
2241
2913
2994
237726
1077
2571
15429
244692
2706
3150
5802
3111
21135
2097
2655
2022
523071
495318
17307
1641
226632
2064
120420
2133
155436
2298
5007
2079
106332
3051
492759
3138
3537
4638
3966
1986
1920
1437
1944
34941
2070
2376
31539
1491
1584
1332
3471
2961
2496
2964
3438
3708
3987
4266
4203
3363
2574
1119780
64311
260061
14193
4659
1986
1914
3099
67263
24093
2133
2022
159456
1410
98169
65025
5286
3897
2973
1812
200712
124617
1797
2919
1596
15348
794565
4044
22122
90141
686481
4575
1992
3165
703254
2238
19287
219033
2976
2391
2613
1542
2550
42993
2913
96402
3336
3306
1566
45783
109359
21972
3078
1935
2397
4038
948
2580
2082
4599
2778
1959
3105
3180
8538
1590
3285
328974
2415
2592
2976
24159
2412
12621
2142
3069
1893
1911
2934
246924
3633
2517
2784
1483896
3015
2910
262704
372
1911
1454985
2871
2883
4827
2214
1959
2109
2820
3651
1458
1833
2895
2955
25185
2088
378882
2928
2079
1308
2148
3930
129207
3882
2916
2409
4380
34668
3144
1989
2361
2295
1824
2484
2427
284040
1236
1671
2637
211167
2229
1707
2022
3330
2700
3270
3477
2226
99870
181410
672375
2787
1668
278268
2145
1974
2136
1569
2604
2460
27900
1620
2349
2196
2151
1986
2106
2520
2043
1077
2085
3849
1491
1995
3402
666093
2784
2274
2687763
371451
2748
96138
2523
3279
2994
1704
2394
323724
2463
2124
28263
2811
2823
2991
21261
2355
2601
2481
371070
1554
6147
1146
1908
17136
2157
2067
3375
126273
771636
704382
2775
20742
1803
2727
220686
366
289269
2256
4200
3618
3618
1731
187710
577446
3771
2646
2811
124677
2865
2247
2385
20679
2016
2463
1527
491430
1704
837657
1491
52473
2457
3258
1959
3189
2550
520755
1404396
852
2103
3138
226515
1581
16815
1362
2403
80088
3807
1683
1797
160203
653373
1860
1446
3060
2175
3438
2172
32019
326115
2085
61059
70710
2733
2439
84168
2514
4098
1773
145908
2400
1977
4422
499473
2460
2712
2376
1953
2301
1539
1725
2463
264642
940035
2814
2001
2088
468
2727
3117
3924
1917
2595
4419
2229
71325
1770
2346
2871
1809
37476
1503
2796
3162
3162
2052
6771
3966
27822
3243
2667
2556
2067
190701
3804
3063
2994
2655
3207
3345
1725
3924
305553
3651
3906
1119
1881
1353
1920
452646
5001
2799
1887
517971
2841
2100
133074
2058
28965
6126
4371
7389
3855
3090
2547
1257
1899
79047
2043
2580
2499
1851
2703
1158933
4182
3093
2739
3399
39627
4089
2043
3177
105765
3129
2091
5334
1950
2046
1803
18636
44847
1893
3696
1686
2352
2481
3771
1557
2196
1632
2949
2838
2322
4599
1731
1710
5205
1233
2217
1119
1818
1968
2772
4230
1316088
1701
2280
2760
1602
2214
3231
2343
2409
1872
4704
1737
3423
2652
1257
3897
1974
2304
1788
3579
2589
2355
1686
2415
2265
3372
4755
1779
2928
2058
1995
275532
213954
2061
3702
981837
2175
1488
1773
33645
3342
4449
650142
9648
4572
2637
1308
1965
1776
1926
5322
486966
3099
1779
671091
2535
2775
1308
2739
3090
3186
382743
1410
3597
3981
2421
14229
1842
1569
2271
62217
3537
128748
256782
23532
1746
4326
1650
1278
1890
1137
14376
4614
2430
15891
1983
1371
319815
2817
2487
3204
1350
3099
66399
2784
2136
2919
2187
3036
2613
255204
3891
2691
4833
2607
2538
2214
2733
1818
1893
2562
3306
2319
5193
637101
1239
2931
1317
2127
52749
139113
2166
2319
15852
2598
359148
1872
2553
410958
2568
4092
3318
2226
3258
1809
3555
9951
4299
4500
4614
2223
292995
4836
2724
2610
861225
1575
2274
1896
30183
2343
1923
3060
2136
2649
100143
2232
2694
52695
1665
1290
1833
16047
154539
2841
2523
2397
2901
2697
3534
2862
96786
91053
3498
1944
5019
98835
1323
24999
146883
319860
2460
255417
2817
128982
5388
174342
2169
1977
2184
124203
1665
1098
151215
153072
1860
1464
2574
4215
2511
22533
3402
2016
150816
47406
2229
2463
1794
57756
1278
2160
2586
2061
2808
316863
1917
3027
2454
3210
3126
922494
1659
16071
2847
2301
3123
2883
334482
2163
2547
550317
34014
3216
1974
308754
1467
972
63372
263802
48000
448281
5229
1182
102339
2016
87387
1518
2337
1563
3045
1644
1608
3189
3474
1614
1206
2100
1995
1722
3723
2061
141885
1989
1962
3264
4266
1341
2568
10890
2379
4230
2685
312051
2571
2580
1995
70806
2145
61191
359472
194202
116130
1512
2682
1608
1179
1863
34707
1716
2241
815820
2853
1950
39087
1227
37902
1464
2514
2253
2577
2613
19782
2733
3087
2643
96552
13593
2601
2280
1983
3405
443949
1470
2100
3429
2697
1953
266586
1452
10071
1863
2952
2865
3366
3108
22827
1836
52449
1746
2514
1680
4173
3387
2397
208620
4140
2604
2274
3072
45207
369
1746
2772
125199
1953
1875
619221
177975
3057
3273
27396
2283
880788
3054
44556
2478
1401
2289
3165
3636
3810
2787
1326
2019
31668
2430
2415
2013
1869
2361
2946
33333
1362
2346
2454
7653
2931
1815
2517
394629
3738
17550
810021
260214
7314
1896
1485
1512
792105
3078
2154
3408
3792
2844
1566
2403
308550
1482
5181
5967
2121
2841
910863
13152
1746
2496
11328
1314
2325
178791
12432
42252
1581
3120
4092
1416
2289
36615
2202
1893
1788
1575
1011
2946
43080
1770
4305
29796
2742
1872
4200
21408
2298
92025
1347
3795
1530
6876
299187
336729
2718
1344
2424
43914
1677
8454
1881
89052
4602
3381
2196
1788
39381
2217
340320
21564
2319
2949
2829
1812
2730
3972
2103
72567
30768
3279
2328
2112
2679
181059
3096
2838
105345
2394
2544
3084
31629
6843
6306
31887
254634
2955
3933
11385
1944
3108
511032
2127
2430
1665
3609
3249
138588
1527
415188
4515
2409
2745
4383
2316
1431
8997
2619
2340
2490
3318
61599
1262619
2676
2346
130854
1737
2709
36531
2370
82047
2073
1512
40593
12522
2076
1032
3708
4908
22089
3081
1884
1872
10173
2343
2427
3231
1941
4413
1770
1167
8196
2352
2622
3933
217143
3024
2175
1569
82782
885
171216
1359
24651
2280
3444
3582
208977
2475
38952
2592
3138
3945
57663
10611
25659
2922
2895
4584
2166
2907
76107
29052
3603
2658
13893
3540
20868
20703
34674
2055
1782
3486
3339
1680
22731
53448
12522
24465
2715
240375
4164
13845
44934
2529
3243
93330
2331
23286
1632
22260
3627
156189
2331
2220
499788
312102
79086
1821
2520
20907
1860
2916
2175
2286
2859
3627
2505
1449
385314
2682
479325
3957
3318
1578
2286
3846
2355
68400
20514
2997
2169
3291
2259
1407
27528
184563
1755
286479
611736
366
39111
20259
2148
2700
2562
3369
1428
2703
1899
1347
3711
1464
5619
132522
2148
41517
2760
1623
906
2757
20064
58980
2061
5343
4152
22008
6213
902616
3870
1914
93228
2742
40173
279765
1872
1782
57399
323373
4059
38226
2346
257985
58464
1917
127578
3969
4113
2499
488448
1152
4125
546798
1674
2133
42705
445620
1890
3585
3471
106140
2427
3333
1992
3096
2943
2082
1341
3165
1170
19434
1054785
1224
9654
123468
2247
1977
3048
41970
23280
1635
1617
1701
2568
2052
79785
3507
2097
19491
1359
2283
2628
2337
2424
2700
596631
1257
3333
15018
3870
1680
3177
1998
1995
91014
1695
1536
311892
510414
80211
1323
1704
427569
3213
5784
2715
1326
2013
2238
697134
1402887
2412
1470171
2718
3255
3144
887061
2613
2643
3051
3399
18369
2946
1755
2613
3099
1302
5166
3390
2481
520731
2145
174684
3144
269250
3888
1728
2778
1833
258276
2073
2556
2823
3222
3825
2895
4515
1350
2229
1740
1992
2988
1575
1230
3069
2751
709341
2058
639828
5115
58449
3480
2130
2142
2433
656544
120465
2391
1185
1890
279798
19533
4920
12939
10044
1866
5352
2736
2787
1615596
2013
32658
2469
1236
4710
245571
2751
1659
2142
3111
2235
1995
2898
2619
2826
2223
3447
1728
2439
2511
39246
1650
1776
46260
1416
1422
28149
1170
1503
19641
1938
188370
3012
1863
10650
2445
2604
1815
2409
2784
493350
2097
1989
2541
1680
28881
1281
4779
3165
45156
3573
1908
1590
2814
2595
876
373794
51270
2865
138975
29148
1680
432600
3372
1134
5049
3195
14124
3039
3507
1203
2538
3627
3039
4317
2895
1410390
19863
3273
62103
3831
919728
2625
2361
1848
1809
2334
2226
1842
18375
2286
1299
3291
1668
2103
3753
585033
2919
2781
13962
1440
28557
3012
3159
2412
2487
62703
297285
3258
2016
2031
1065
645708
3144
1521
1770
301161
3339
102771
2985
1383
1221
1479
76461
203718
1575
2223
1116
2595
1920
2844
4395
2814
1248585
144531
2721
751770
677028
38889
1377
1794
2715
671757
1620
10212
54660
3786
2019
437403
738057
2118
2400
2205
2817
2715
88224
3666
2586
270420
1368
2064
43260
1281
499911
382437
3342
2736
2391
666585
3651
1680
3732
331692
172185
3411
149568
1938
69423
2118
3558
1758
1434
107754
1497
1983
4209
446274
277248
47646
3699
16650
908280
73365
429525
22221
3369
1575
4068
1599
2220
2652
1716
76158
2622
103182
4284
128664
2397
3096
2358
1902
3573
140586
10851
2163
1827
3963
83250
2763
1782
2415
54813
1401
262629
8913
1890
2295
4161
9045
2700
2052
87138
2826
1218
1710
196869
2082
5049
2439
4812
2439
200160
2832
1002
31989
2550
2472
3018
98382
27282
2604
1491
1758
3540
985560
7935
2679
2055
3696
555621
2190
1818
1956
2019
2298
1569
981
2637
74322
20970
3120
2754
2037
38193
8973
1710
2580
261264
533664
2103
3033
183747
34794
1164
167856
4422
2679
3147
2214
24237
203391
2346
13785
9993
1095
2922
26664
2205
8280
1839
2784
12243
3555
22989
1248
142299
2205
333798
3087
2577
37854
3597
3645
131451
76947
4008
501276
4956
31656
2145
272514
2067
106740
1467
2850
2601
1554
1461
193761
1257
41757
2037
3618
3843
744
306
921
894459
2829
1638
42030
1296
8331
1779
3978
2145
2064
3168
1668
2904
3132
2829
155967
3270
1815
23286
423666
2475
2985
1671
150012
45024
1305
3255
1482
3987
3945
1575
3027
4179
1500
5511
2079
2223
2808
1395
3330
1686
4074
3495
21339
2307
145239
2004
3177
39738
272913
2496
1767
3822
2262
3183
158490
3819
2886
607359
3987
6042
1917
3300
6219
2067
2073
2919
4335
14214
3984
212496
2418
1737
1767
97845
146220
1335
5169
30090
3633
3495
1452
2817
20118
1551
117396
72633
6273
2427
2373
343434
2445
4101
99540
1362
2049
2784
331872
729180
355851
472761
2310
38055
2067
59025
2259
1872
207330
2736
371487
3114
1347
147372
2094
286635
4386
4680
2556
450009
1914
1161
34209
5358
3066
156231
51717
2031
2439
137640
3621
2097
3726
807963
3822
349443
1779
155886
2883
86418
23613
3264
53670
3636
2862
275154
55008
822648
2184
3861
579384
66714
131082
2280
3288
2712
1941
81960
1608
44784
882
3105
216519
1959
1767
1320
1791
2154
1019172
1974
2448
155319
2895
2343
25380
2748
155994
50052
2172
2991
4935
72552
4014
2808
1290
1506
3102
2100
4209
2913
44547
3255
10512
3183
2892
2256
2301
2412
45132
103962
3522
26250
1572
2046
188553
52365
26142
3123
10707
3618
2805
46509
2811
2010
2967
27414
3069
2388
62577
1470
200832
4002
92799
2289
1749
231210
15873
2487
2232
2058
47865
1470
1620
69252
131754
1680
3024
2592
2205
3291
2085
567543
314454
2091
2616
138549
3582
1548
2781
2304
1509
2742
1839
1605
2109
2952
316053
1764
467043
7440
2427
1569
171483
473562
2754
5637
1494
4764
4929
1398
3087
392754
5802
2547
4155
3888
263682
37734
29676
2538
2898
3933
178155
1260
1989
3138
167997
148350
23970
3024
2256
2874
1920
2616
1185
3549
1268943
3192
3129
12945
1863
1971
57528
2151
2013
312
2073
1731
5088
3579
3039
596760
93180
3111
1950
1902
1605
1665
11307
2205
529128
3072
3621
3345
2853
2385
2961
4032
83337
4143
3330
1083
3486
1821
2061
1287
73278
2469
30057
1914
1284
3990
9687
12546
2202
89928
4158
1305
43539
3384
1461
3282
428844
3438
232119
70398
610023
1791
39738
3219
472773
1518
769893
47382
1168632
2802
5784
1815
1488
1557
2622
3333
269130
3723
5346
10389
43554
3228
52707
28809
365196
5265
21384
1749
188616
14676
12102
1785
653622
248259
1959
1701
2874
1869
1530
2313
56535
108150
75033
1902
4281
11946
1797
107361
340974
22794
2469
2415
1374
2919
2442
1401
1275
237498
1860
1944
2223
2304
2559
1299
2754
207159
2409
975
8853
1764
2871
4416
334593
2532
28581
5208
3129
54780
4425
2052
2196
3561
4938
2100
2661
43767
3684
128472
36282
94812
7719
4986
3354
2361
2454
1914
1602
1536
3483
21687
1980
3780
3378
105051
2799
112743
225588
1872
2577
1353
18117
2682
61074
13074
1983
49413
44223
170124
586239
1353
3189
51762
5736
52311
1443
2778
3033
4305
1575
3252
2607
30198
3039
2466
1554
2058
2013
2718
3720
2286
138726
4515
11985
1299
3972
367305
1566
2310
3207
917016
1677
108690
1767
855891
1146498
3501
2907
379830
2679
3768
1512
2934
3012
549906
1716
317184
1593
3786
1869
294195
2571
1728
356871
285087
2532
2580
1434
13701
2322
1293
3441
1707
3300
1077
209124
31833
1812
2790
115824
8346
2724
3435
78732
2652
2229
61878
3090
2841
1836
3288
2745
3075
1962
35988
2904
1455
2430
2805
456315
1548
10452
27543
3024
2778
1815
8139
1857
1971
11052
1248
154176
4473
944511
135093
5472
1134
92118
2004
3015
2481
204957
2568
68211
135651
15888
3630
2451
20352
36165
1719
5997
11055
1974
2754
2451
3336
2268
2145
3006
3264
119589
2211
4278
2478
102822
2124
2256
2364
121950
1983
1947
2511
5760
2871
1761
1680
1683
4125
1560
5253
2724
18927
2256
1431
2898
2694
1791
340011
2013
306843
2286
3180
2976
2310
2112
175200
93852
4230
1260
2430
2118
2016
2814
347703
2685
637956
2958
1581
2658
617190
1890
2130
1914
10299
2487
1413
2718
72693
31179
4116
37755
2610
7113
1242
2055
1983
171000
2727
513537
1797
2937
19602
2817
2421
1932
1059
4767
76287
2739
1347
2055
2658
132564
1845
18222
1878
423564
3921
64518
187758
1773
508965
4920
1959
2697
2601
537264
1914
3678
3549
1131
2340
2460
1338
63378
173286
1332
1806
3321
1194
22146
1998
4638
347352
1122
3105
1278399
2802
1623
3159
3696
328719
1854
1680
3492
1779
2388
186438
4806
2127
4485
165576
1491
3339
1458
7656
312024
4092
2463
2397
6450
3315
2706
4098
2013
28362
758133
117549
1971
3681
8157
1761
2115
2904
1650
16464
1089
1854
2889
2253
3213
1770
1569
244566
156825
92334
67824
2832
3492
2754
3054
1938
2079
479712
4308
779289
2424
343029
3300
2211
46146
1971
2862
36033
4077
1836
1446
751341
3873
2007
3207
2400
3105
2082
2316
14631
1902
2499
29730
41319
2577
724632
2769
10344
2748
1389
2190
1785
234024
3834
1566
1860
296997
2187
2445
487104
4410
27699
2088
2457
4209
74448
1935
2898
8193
2058
136371
2841
1401
2940
2286
211512
435948
1608
3633
73269
3678
1860
388128
2670
124851
255540
57705
3072
660
2316
2262
1971
387270
491280
216645
3723
1932
2406
3405
1575
334497
2505
2514
2523
2994
7719
3159
83610
2163
4026
2595
1989
1566
2838
2094
2493
1536
1380
2016
1119
2997
2871
4569
183252
3390
4386
35973
2925
2874
227958
2247
3156
1704
1734
1836
2094
1578
2406
5193
2139
2226
1476
2007
1416
2901
2838
91422
2127
2994
2430
550512
1419
96585
4101
39960
2865
47448
1482
2466
4983
4545
144993
4641
2838
1965
1596
3219
4428
4362
50097
163497
2952
1893
2133
3066
2814
4449
2688
1731
4773
89082
556680
35217
3039
12126
486
2439
157752
1593
1542
28800
169380
44661
80994
222225
2442
3600
23313
63063
2244
301971
1140
1707
2679
1638
9180
426180
1518
1446
21225
2505
3750
1644
2058
1458
1104
5670
18327
2493
2865
1674
2061
2184
1587
357
1680
3489
247737
2718
3138
14817
1569
2334
2058
1071
3555
1464
18903
3591
1833
1623
415578
533139
2409
56073
3771
2952
1548
43005
865584
275403
2745
2007
97080
2508
2208
37593
3435
2913
1416
2523
2124
1851
2526
3630
142791
107715
115089
68115
25707
1044
2565
3093
2634
594843
1818
53937
34446
2094
924
670692
1473
4068
1935
1074
2019
2997
3948
1556265
2460
8136
122442
2367
2310
1857
2697
89220
1638
2445
4551
4164
1944
34296
1878
1986
2619
1110
1710
1371
103053
187476
1236
2175
229491
2439
29895
2187
2967
2631
2028
2121
88083
588771
2178
3165
1740
1104924
4722
4599
4320
2007
2256
2397
2874
52245
99666
1290
1224
2250
2898
1509
1659
2439
2682
1118538
3339
343725
1905
2637
1899
3219
2250
2847
22833
426081
1059
39255
2049
1296
161190
13104
97095
2751
186936
10140
1530
759930
1932
2091
4458
2841
1842
987
3036
1671
2475
2709
4542
1707
2406
198540
2355
2100
3171
1938
1959
15555
3450
2892
6432
15603
2145
2607
3396
2964
1815
198240
2034
115773
2532
2628
1911
290616
10962
1422
4041
6210
2289
174603
1854
2748
3297
46545
2211
4596
2271
3333
190131
1770
2592
90543
2397
3108
20415
7428
1686
280125
1386
119088
2898
2433
1608
2385
4095
173178
1053
2520
5655
1764
95325
849
197673
1818
1824
1950
1995
2451
1302
3582
2841
2460
1314
3126
1416
92220
260013
2400
1992
46878
1776
1611
40632
2298
4530
187959
1314
512688
124341
8199
3948
293517
3207
2571
1524
5826
1989
1428
166074
2814
2139
78735
1839
5574
2409
2343
1803
1926
13575
859155
150327
17496
934227
3813
456246
2244
1629
2070
2787
2364
285333
2202
1863
41430
1030404
74160
5574
3057
14961
470466
2661
2073
61395
3705
554256
2730
2004
3144
1197
2262
3870
1770
1296
1650
136230
1157559
31107
3180
776016
2988
311316
2901
299166
3603
2898
1881
2175
278061
1239
3669
4032
1926
1884
2805
393270
727608
61422
2523
863478
2469
2640
2655
1510695
2511
2121
1299
518946
2040
3459
2619
5706
1899
1299
4038
2364
3036
1337151
98196
2814
4344
3507
1854
2760
2724
1194
28284
2463
4428
1380
1554
310128
1497
1464
2307
4986
2283
1914
403953
1782
2976
3855
2916
2370
3435
1851
2055
569574
1176
861150
2325
5541
2562
935754
3126
7551
1941
253392
1929
3276
1626
17199
1578
3063
1320276
1473
5379
2175
1233
1428
59634
2094
2163
172572
2670
3786
97578
702
47751
2412
2127
3183
2349
3600
1929
3249
1995
1704
3567
1629
13140
1641
2574
3462
2796
20871
2043
2229
719070
328929
1929
8382
3129
2577
2496
43482
3657
2013
3318
10848
2271
2676
2346
4719
4692
2031
2661
3000
1479
3177
1776
1929
2943
2343
2898
2019
2751
16098
2223
6075
3432
4707
1350
4338
2940
264897
2085
3531
98427
190494
2550
178989
2349
5307
2280
2343
185493
4809
53991
1035600
3687
1911
38067
3756
94410
226014
281499
185856
1461
159633
2229
47559
3654
28755
1803
2055
581760
2652
2772
1902
100074
2331
1386
127305
232689
2397
3795
894444
2550
2310
2604
28596
3381
2346
9999
92193
1695
132834
1812
20421
2724
1734
2781
1701
1437
1959
1317
1869
705627
1740
437733
209058
1758
2205
2733
2208
2484
2319
4779
4143
7530
445947
4731
2709
153711
4176
14964
196560
67929
240504
5343
226749
6795
4482
9597
137586
256374
15603
3792
3069
920142
393258
3276
422196
6003
34008
3792
31452
35124
10515
14043
9426
248328
3570
154074
133656
29016
50538
6831
2007
209346
1716
56391
4290
42636
3882
3609
3252
168453
5547
86349
9693
7884
3774
6312
3789
2898
5172
12600
2571
53820
2949
597567
2538
3081
7044
85080
6015
4275
4692
67515
4677
102885
233238
7602
2403
4083
165720
4839
1995
3267
15687
2730
30126
18144
587238
23541
8439
4200
3495
20139
338883
45150
6546
893355
1920
840786
319557
94296
14052
391200
3450
117474
6984
6405
230280
312963
5679
788205
3066
4374
3540
2535
3699
694152
1851
340197
457470
78258
609078
70827
3369
5136
2475
340950
3684
3909
14157
2070
118674
3264
1221411
7227
26526
9030
5478
3429
7092
3444
14832
1269009
650946
34545
3306
4065
1773
374388
56322
473556
662613
9741
3447
513660
398046
1839
4557
13374
10740
150561
2526
55581
273018
732939
9765
21378
137904
3996
424389
2160
3123
5070
36366
3462
26406
197559
32469
567342
4494
6096
3381
3114
24663
4998
4944
3210
237195
2050347
929688
7215
288942
403725
10992
3684
3531
35199
4725
17250
645147
4956
4740
2709
8841
781593
92871
5364
3045
7107
4203
8043
4311
5508
1217049
275433
4911
337431
11544
6822
4530
72423
51564
6438
6027
8457
237954
696954
10053
143964
4743
16857
4044
69522
104193
3840
3795
3000
8112
5127
2388
20469
4314
812049
8013
3600
376437
5742
3372
5622
2523
2787
4128
618516
1938
1124688
4941
62451
3003
1686
35634
3585
629862
9228
63813
11334
12663
6624
18375
13965
214731
5160
2046
3174
3393
133332
3969
10713
766041
3540
82131
226623
5949
87651
7308
352881
4446
10650
4905
72474
26499
15522
5412
3246
3162
7785
593073
28044
790644
6282
3276
94020
125034
3948
125145
4203
291033
568209
18549
902556
85368
29151
20289
6309
6060
2457
44073
5955
4074
4503
175143
11670
120906
3450
4683
23805
135825
319215
4926
181044
3603
4200
4818
2058
226671
16806
2205
2331
381771
30783
64674
5196
235773
187467
385086
4131
2772
5643
6225
1359
322158
764034
2244
2055
8244
29043
188178
9840
492303
59445
5826
35859
20820
337953
290637
35835
4326
2235
11697
5457
4467
2649
4413
102435
279426
9534
58926
67923
1755
577767
113001
2553
4536
28935
146319
3429
64902
6138
3327
150036
2310
9750
1647
3450
6489
54561
4599
11835
79899
7743
1147611
3192
4275
3108
44472
578640
295899
391698
705465
139869
3168
151020
6576
3258
7179
74208
4437
3528
15363
32952
5076
11127
3852
64470
6420
50250
4767
22947
4617
3120
5076
4590
48858
2643
4374
4362
6732
8319
2748
5778
210681
6438
3096
104922
23850
65154
1180746
4140
456204
1214463
2082
3072
193599
321198
2742
179034
2628
196692
10587
135363
11751
15972
60498
34077
3351
7503
11058
74862
231213
28236
394320
873873
3507
4599
3804
42393
4521
2355
4314
37434
5040
30927
3249
3315
109542
9336
4725
9213
3825
3084
10326
5211
12231
9096
199380
462492
477876
3405
122016
56802
88329
50016
314919
6033
5373
731244
31590
2505
2751
260637
351153
124515
1716
84588
6054
4893
3201
3162
29766
235512
93534
5541
230265
106698
1599
21090
5250
48447
6465
9060
209715
114552
2385
117843
3300
4512
4707
132657
11769
445182
4353
317784
7050
40962
8919
150036
2862
737259
3381
3630
4518
77817
2058
6213
6606
3528
428874
695994
530109
16227
4638
83421
2580
3630
2556
16797
3747
5052
14136
4125
62325
2520
285093
632295
7251
3390
424302
19461
644496
46701
527598
3672
153375
3687
15729
6147
3438
3678
248067
30240
8541
2721
5910
3348
84846
2445
4788
80880
191772
3501
287868
58332
3027
1542375
9228
4446
5007
9372
7869
4098
57723
190698
14874
47406
1152756
397332
5136
295206
1947
4020
2529
2895
4503
2415
4749
1641
3750
2643
171444
35055
4113
21885
31866
8751
938295
9099
33897
107178
3804
4680
2790
7917
177414
702450
3171
46200
6297
315315
5775
63369
6237
12420
434499
13578
11685
44475
186486
12735
7674
3519
2337
460845
28623
3831
169215
3723
28635
108921
30102
4062
4035
71682
71784
66024
8142
162843
256488
200712
4857
147927
3930
110997
21006
56517
96300
49278
3246
2736
3579
94554
18510
72417
31248
2352
93180
63528
2706
45069
73773
3261
8487
217455
6381
6120
34749
57363
109575
9996
16566
3606
47409
3828
205182
2712
5397
4395
3510
2619
13608
139134
178605
5856
3723
14931
305196
211344
1935
8019
3531
3132
83658
8181
59181
9465
4032
5049
4413
2154
176604
2808
38652
78513
73638
3627
2844
72489
4404
3936
4224
8028
2055
3489
67974
3783
46884
86772
6600
20976
3204
14040
3513
7665
5322
120234
2358
3657
7800
42543
14700
61593
7677
2490
830088
89526
4047
2550
20310
495273
66105
4470
345801
53319
4248
256920
3342
16545
12603
9405
5025
1675746
522561
80733
2709
6093
29319
21243
3810
3894
4263
307203
44532
27888
8457
43059
7662
122370
3195
3948
7257
3393
3570
6051
5799
5496
2145
43047
5997
3549
28011
3000
7458
75678
2706
1514268
46821
6321
5124
8601
1788
120603
204708
27144
4596
156054
13419
17625
11892
271368
9417
3396
366198
140178
154935
5409
73914
1860
4011
11832
20400
177207
3771
2478
3966
10326
6363
181227
44229
5040
199500
3186
6000
59649
4272
48174
3858
541893
205377
3468
6606
46689
1818
21645
878433
4263
346383
4581
529800
208026
3039
1451355
4092
3639
2826
1980
3777
10833
3048
62550
24570
289815
4071
3696
381660
7350
7332
373116
6201
4035
183888
4854
178650
57693
2997
273513
131112
3864
3909
144804
4527
3924
3465
6114
3546
1560
3885
170922
32643
83013
13356
10176
363711
2283
3981
458343
5520
99390
3789
5745
34974
81420
2646
5427
239832
3525
60039
8406
26946
3387
1947
8226
3060
844572
4242
4176
5493
4206
5646
4113
4548
3246
514095
1178178
522006
2496
9174
3315
3786
78621
3783
4389
2658
400236
11967
477018
3033
381087
7266
217791
3234
4086
3753
17028
5946
13773
3360
93996
3756
82293
3075
3690
28275
7167
1947
5835
4959
8253
344289
4719
390873
332484
3477
4506
7185
4161
887895
4080
270885
74631
6033
6621
7158
3024
2481
5001
989742
179568
327483
255690
27090
2196
110679
5634
22014
3855
3279
428058
4302
4263
4752
3018
2355
924951
27849
3009
12036
193140
1041228
3354
66744
1821
1590
2085
4275
84858
4212
636828
2061
1653
1524
85800
3174
1707
43047
16182
63780
1242
117744
7425
2769
144651
3483
47343
3414
3234
2541
212964
1464
32757
1716
3150
3927
2943
207705
289620
2451
1842
1503
3195
139149
1704
1986
4911
2259
3060
4950
1476
220008
2397
318273
58734
258873
3300
2271
17103
1338
3408
1440
1428
2214
378459
865239
254376
2019
1905
2370
1389
1983
3780
2730
1155
2472
1620
3210
428055
1614
1650
3753
2349
2994
2865
24018
1908
197418
1851
2817
1995
3633
6024
1428
38832
1770
116043
98880
4032
2994
252801
2382
38943
414945
4065
282258
1716
9249
101271
511857
1020
3696
2157
2736
1005
33813
3648
3228
4113
1092
22716
196122
2226
325479
3561
210651
3153
211896
1548
1605
1770
3027
655269
151851
1719
2133
119175
136209
2871
1545
1680
5529
3372
518118
1302
18354
2856
3174
3222
2859
1980
2466
2460
52053
481749
1998
1455
65016
427992
329418
3696
3051
2937
1803
3408
939
2703
2883
1617
328062
15402
87975
36150
51243
174540
3420
2193
654228
2364
2967
3510
32145
4965
2496
2409
1443
27273
315
618
16692
1947
1320
2760
41301
1956
2571
3192
4854
1536
1578
2511
160695
2802
158115
2151
1698
1980
1977
2982
774
100083
1488
4425
2082
3141
1665
8094
229521
425817
3249
4746
2307
2034
2973
2613
39204
6021
4140
2118
379962
2697
3402
1809
4548
54768
24717
2463
88572
2769
251298
506652
2466
1275
2211
266133
1482
2703
1506
146034
4533
1803
2013
1929
164748
1149
513198
3081
1896
1899
27525
3672
1602
1698
3195
3927
3906
2538
2337
36864
1080
3939
1521
3723
5412
626001
138669
1839
44136
155139
3651
2247
3366
1770
3291
2109
2016
27636
4314
76251
21573
2550
5544
126480
1713
1209
1449
3246
1323
22335
3384
53415
1356
3612
3036
4131
3576
2751
3216
1878
115548
2844
1839
2919
1824
261744
948
109584
40227
2355
229800
2919
1467
17709
1620
2976
15786
2607
384003
4035
4728
3738
936
35373
41208
4062
3231
2400
265734
380655
2226
4335
2763
27813
73959
481647
181365
1038237
3795
82740
2967
64245
32367
3198
1809
1338
12960
64071
1422
146181
103467
41013
2355
2463
316404
3417
2247
4458
1704
324762
1989
2595
6261
5121
1551
972
107325
1929
2040
3264
2229
2682
3315
3495
11910
1668
29232
2457
34419
2406
2508
233778
357693
2814
2598
4062
1686
942
2148
823836
691896
1983
5193
50637
860643
2613
1872
78099
2526
1410
1257
637974
1026468
2613
2613
3264
2211
1290
2328
10821
1050
2292
2532
2616
1842
1323
3453
128691
2466
1887
12219
1260
1476
2538
11697
2127
2997
2244
15672
1603239
265914
2079
2376
1893
3546
2262
4902
289647
1179
11022
50400
3204
2076
2658
4791
3786
1188
155619
2535
18957
1272
294465
2979
1767
18813
3873
2268
2607
2379
3990
3804
2778
49278
1932
2856
399063
2001
4152
3777
2469
2940
201837
2421
386388
1464
1869
5184
914529
5583
5925
3543
592437
70140
2724
3909
2841
3234
2982
2166
24339
29850
3189
3585
3903
150957
2070
2448
59007
1968
2667
4566
2085
2418
24003
56745
1851
2067
2193
2364
3054
1800
51855
1476
327
1152
1221
1371
1344
94740
3741
4176
50796
98517
37059
11745
42675
28440
1572
4035
44130
2625
2205
1809
3501
3477
1977
2352
1251
3147
27876
248499
26169
2595
921
1653
2625
2523
3516
574674
6954
1701
2085
2910
87492
2085
7518
2016
2073
2505
18402
972
2337
2670
1011
921
1767
1191
2043
3495
2910
2532
29922
3420
1896
1158
438624
540087
338997
41961
1080
2649
1590
3663
352047
3216
260160
1563
1105038
4392
1497
1524
1416
19740
209808
6168
104532
3999
2346
972
2031
174819
128088
303951
433971
3240
227586
1794
2016
1926
2214
83193
38922
50802
3597
944493
79500
311061
13923
2406
1860
19914
2097
144516
155271
38196
2208
2118
437430
9246
4134
2943
2850
2022
2628
3531
566544
2193
3711
2475
1878
2571
4134
2268
2595
2382
4170
3399
1638
62277
2106
3159
391341
1581
1890
1407
4446
44100
2994
16023
2301
3864
6180
1119
1542
2454
1695
2517
4956
1983
30135
1575
3147
506883
4596
1728
1944
10914
134739
1063512
3447
15843
3450
9138
1731
3093
1854
3618
83787
2490
2796
1716
2064
298794
408267
2331
1134
2022
1560
31914
194718
2550
1521
4254
1962
3543
909
3591
483057
1372290
10263
3306
2040
1409160
1106265
2154
435261
26409
2196
809658
2001
2847
348651
3060
1848
2232
200907
6690
1341
1374
228348
157212
3978
2973
88422
3978
3321
2556
199992
2703
216669
3273
3093
684915
14895
354642
2175
156390
1941
2598
190791
981036
2094
28539
2610
229254
2622
2595
50598
2439
3078
15351
2766
2469
3558
468318
1803
3126
3498
790995
3630
277092
2127
87177
69582
234339
13275
1632
480210
31401
92640
237288
36621
4674
2586
3408
2460
180027
190638
1587
344193
1689
3030
124560
7029
2544
245367
2226
1028481
2397
3885
1584
2826
2544
3057
2559
1338
2415
2247
10131
3678
27417
3618
2133
2655
2895
15486
310188
1722
640500
3900
6333
2163
19557
4248
2262
86058
503073
2154
1779
140064
11733
16023
2007
96729
8988
2079
3627
2247
4023
1794
222495
2361
658872
2229
4167
2376
1404
1797
3045
18867
154977
801
2541
2694
30303
6558
1971
3297
2352
1485
76707
108627
1782
55005
10071
199854
1818
2412
2487
2229
532914
29454
2382
615210
1320
37665
3807
2118
373614
4548
2115
86493
17709
3114
17334
152115
5625
228804
1935
2715
625497
3093
2532
2223
1086
1695
2454
827643
4308
2661
2544
1133202
2595
138861
3033
2253
2361
1767
296250
2586
2565
431223
24618
966
2325
2142
17301
2466
26541
1998
2205
362709
2574
1830
3003
60573
860646
2934
1257
1245
277851
169803
1380
2154
3171
2286
41181
23052
2388
107214
257913
1947
1269
1407
122280
2127
2799
9960
2286
71088
20544
246528
966648
3081
1656
1785
6474
2673
2061
1722
394482
2754
20589
1683
2595
56013
2703
2529
1812
4731
1062
93117
1797
1551
1827
2469
3201
2604
2301
1179
77049
3510
288147
2046
3648
3780
4218
106872
252726
68346
40350
298530
2013
1482
49944
292632
2673
1038
32613
2331
1785
1059
225867
1203
3585
2685
3144
1794
2556
4191
1773
1176
2415
3207
38952
372
507
816
729
291
183
798
495
171
198
750
771
456
918
801
471
1488
165
801
963
288
1218
285
411
351
2028
813
549
759
543
282
756
888
738
1131
723
282
381
648
201
795
288
198
1038
168
276
909
519
357
810
2028
744
58989
282
282
282
558
288
267
672
1080
1302
516
492
2025
297
276
288
1488
471
621
519
249
471
876
336
192
207
381
1350
345
672
288
915
297
540
993
525
162
576
252
537
387
627
636
882
879
255
339
294
288
285
738
348
468
1461
570
627
714
546
606
699
576
459
699
450
738
510
261
1176
444
537
1176
606
567
444
1335
438
1077
168
345
171
663
297
285
570
429
546
465
702
522
204
273
957
1050
1041
291
369
171
534
1557
204
192
342
1407
294
273
669
279
450
702
294
1200
495
531
633
744
444
786
264
1059
192
294
258
426
375
279
918
294
747
174
525
537
672
606
534
1464
204
1302
471
1677
204
759
477
1014
267
288
291
351
474
1884
288
204
24906
195
456
345
717
1146
126393
1230
342
729
264
525
1146
300
909
390
270
285
1842
285
432
348
168
171
450
828
549
351
909
171
771
204
756
918
300
612
189
270
273
894
978
207
450
978
1062
450
513
2112
675
732
867
1977
501
171
291
1362
618
549
345
699
291
537
864
456
933
435
783
804
447
810
354
885
636
597
168
291
345
462
198
2424
279
558
516
816
1089
444
1584
2526
645
552
591
513
330
249
603
630
1167
282
282
198
537
462
282
186
612
534
291
165
849
279
348
465
1050
600
282
771
1482
165
1347
1527
414
288
615
798
546
165
558
1464
309
357
294
474
672
519
1059
897
294
303
411
660
585
291
264
672
675
936
615
525
525
164568
276
261
294
438
624
363
744
1905
1236
690
1344
786
618
357
432
189
345
300
189
702
687
291
453
294
165
456
198
171
1014
300
1014
456
303
567
741
276
351
318
1206
618
510
294
375
297
303
1152
174
1245
384
600
294
1026
906
930
552
342
471
450
615
291
981
201
765
411
504
450
285
210
459
903
69921
198
609
171
465
933
366
216
573
624
420
282
1374
342
381
630
795
1050
279
345
1206
735
552
522
381
459
73968
2067
975
612
654
954
264
555
59316
270
50157
441
162
177
519
279
768
285
624
468
294
513
450
765
504
198
444
456
2250
195
468
297
543
855
12414
438
534
840
336
597
465
501
486
291
195
1764
816
108885
1128
762
390
2379
285
2133
456
291
531
1152
372
1167
648
1371
294
1161
303
996
960
8859
165
678
534
1074
897
2052
279
339
1287
729
1617
570
1719
957
750
180
471
273
339
441
1272
639
423
870
1587
348
402
1227
351
453
453
507
717
351
627
1074
651
441
204
267
729
282
606
1065
459
285
1242
363
342
333
1464
732
672
198
444
1092
84
75
81
75
78
75
525
438
402
849
2706
267
171
1098
285
285
33351
840
2214
2115
693
2763
405
1128
201
198
765
822
642
171
393
666
297
300
195
348
213
942
192
654
174
390
399
309
198
450
420
543
357
726
354
1872
1326
1434
1002
330
288
939
288
348
570
387
804
300
447
1341
273
552
285
960
300
285
756
348
279
423
744
171
354
282
288
279
171
720
459
282
306
810
555
753
168
2298
1740
453
282
1179
1101
699
519
1284
294
1218
543
468
474
375
879
1074
576
696
354
303
285
357
465
294
183
507
858
303
1131
363
2376
585
876
270
282
1755
1119
1764
645
1158
288
195
189
1422
288
1020
168
309
192
744
885
279
516
186
177
168
270
198
978
837
1341
462
498
393
1224
762
1578
288
798
294
453
711
600
180
1164
765
1209
306
981
693
693
918
1749
879
279
210
1476
1005
486
318
447
309
261
282
282
927
564
1056
639
1620
276
468
381
1407
561
957
1212
453
363
171
1776
468
264
1515
765
171
864
909
579
171
870
210
579
1317
405
456
579
282
744
210
1239
450
306
171
1140
834
1044
798
591
1017
165
636
285
300
1092
1596
1416
282
519
207
651
171
528
1299
444
192
522
705
996
651
225
384
342
900
1509
291
822
2967
624
849
642
282
771
519
945
561
672
615
927
642
513
822
264
684
1083
198
345
216
1260
447
864
273
378
687
189
1212
720
2283
540
789
903
1014
408
219
198
1704
192
420
915
843
663
1056
774
168
471
183
366
1194
267
831
285
312
717
477
189
648
261
651
2556
744
219
453
483
279
711
579
648
546
282
525
405
297
327
264
357
504
501
648
414
855
891
561
339
888
438
198
186
171
345
195
31314
381
372
1032
558
261
285
1809
2064
261
1158
279
507
1611
204
894
516
591
966
414
300
294
300
471
636
747
261
870
267
174
465
1464
189
285
204
213
480
342
288
789
489
1296
993
261
258
651
351
645
900
1602
624
393
345
195
690
2571
837
1659
534
252
171
1284
471
441
165
291
684
255
1161
468
714
261
312
282
282
1725
903
201
204
288
936
801
759
189
171
282
399
933
282
690
654
468
1020
597
204
264
270
339
279
3081
5295
1338
614535
3045
2595
31470
3111
2397
3021
106722
3021
1266
136335
858753
1986
2598
2586
2274
1911
33453
285000
2592
3372
1962
2154
1068
2175
5739
3033
3261
2841
83727
3786
1683
225189
2223
29100
2541
5637
1730364
2511
2835
7836
1413
1959
1842
1605
2529
19197
1752
140316
2736
2025
204129
1866
1590
2376
23997
514872
2025
11940
2871
2409
2922
3066
2166
3435
1752
29031
2214
767253
4308
527565
1644
1971
661608
3981
418848
66921
1599
31227
397932
1809
3324
2478
263730
2685
2121
2436
1665
160074
34659
26883
3546
232344
2355
2853
679812
2850
1497
2256
2733
1875
71709
5004
2547
2217
2136
276423
1770
118785
2901
3960
2931
2916
360825
318
247266
141840
3987
2049
4527
2352
1025325
2367
1986
1920
361983
10680
62916
3144
1692
1335
20811
118143
2367
1290
1758
14175
3699
1911
1533
2724
95082
2748
2361
131817
2688
110298
2046
2091
24828
2091
2565
1839
3054
25659
2307
4767
2397
3234
2268
5322
324834
75945
1302
1365
1227
2364
2055
3918
1854
2835
3471
2631
3072
10806
2064
240198
1971
3459
2652
3612
2343
1155
5610
2130
2148
3366
2757
61878
2487
1080
48276
1731
2343
2313
2049
1632
4746
279402
145638
2892
98205
42855
1995
3075
3786
1833
2205
3006
152886
1980
420246
589932
92820
1656
2283
320403
629448
100155
2412
4116
1824
3639
1596
2196
1419
2295
2766
2202
2886
2283
122220
2172
2922
2646
37551
1620
1575
4242
212124
783
2493
2244
1518
1647
2595
1965
2004
1560
1875
1296
574257
1230
2181
4476
3543
1557
2364
3045
2232
1890
12666
2478
2046
3129
3615
2499
1386
2526
7674
327900
3456
2856
3081
2757
2238
1173
281262
18192
2268
2289
3288
2058
1785
1983
2202
2571
59736
1467
2577
21951
1620
1626
247449
2556
2355
2625
1143
258537
2040
1878
1923
2133
2145
1608
1041
3270
2895
2214
3306
2625
53427
2757
3735
810876
1002
1689
2139
3759
3129
104895
2541
1857
2283
3129
5610
2118
1956
3036
67308
3774
3429
1980
2478
18903
2244
1185
4896
1539
79296
39912
3822
3510
2604
1989
2958
2547
20013
3324
1395
2556
2613
2463
2838
3381
3162
2379
2313
313248
2031
2133
5340
5271
151764
1668
128772
3435
2799
41388
354192
130209
5028
3576
1893
23442
2799
1752
4347
2898
1293
1320
56040
1107
4887
2706
2241
533766
452991
4083
1851
2514
7560
35337
3162
3828
3801
2520
1626
34125
1842
11865
2739
2331
2709
3054
3810
115749
3453
1554
4983
59196
2160
2313
2202
3207
295992
1485
1653
2328
2877
4398
3405
3885
163836
5310
391296
1821
1185
357627
280494
66396
2709
2301
3198
195438
184272
105951
2688
2403
2781
2472
3894
420153
2769
1953
2709
11649
5268
2190
1983
179403
1644
2493
43116
218610
2403
43038
457158
2226
3504
1638
3258
1821
1974
3486
20340
707394
3378
6144
3582
3438
2844
30078
2340
2010
2595
3990
237846
2202
20352
238623
4359
8619
7506
26208
3021
1470
1980
518682
2157
195666
295530
2430
9612
2190
2247
226962
2370
90024
23787
3378
158610
4308
2208
109080
494211
1701
3144
2088
2139
3501
1629
1584
1908
37659
1461
36540
1572
1131
2652
2517
3222
2976
2463
2616
1980
2640
3417
3768
2394
262443
400137
93138
69981
2766
3069
1902
225129
2664
2223
35667
676893
1275
48852
4830
2370
1434
2670
1725
2223
3825
4962
16167
152283
2739
2349
1740
388236
2112
1911
1638
3906
1305
3207
2334
60474
1530
109149
2061
37743
2472
3969
3213
2184
4581
864
1659
1182
6213
3018
4185
138456
1437
2157
176922
1704
13008
282948
17649
2457
2838
6513
11991
2175
68196
2781
2274
139383
2676
10806
2439
3912
3006
2058
165567
1152
18333
1530
35856
58137
1596
62910
3099
4746
2163
1452
7233
2580
3501
2037
117921
1074
3507
903513
2283
27153
2121
961569
1950
2850
101088
2757
2835
3987
1053984
98580
2898
2637
2766
5463
4101
1653
1887
2739
1110
1998
6261
1131
5976
2130
2331
2697
2730
1140
2217
100422
3258
2751
230136
236526
1290
27612
294873
1710
1314
15840
1947
2472
1476
1953
2661
3105
1497
1095
3135
3483
3990
1911
2421
1608
2820
171867
2457
1014
1206
1821
2394
9813
3570
2757
3282
1644
37788
2400
6171
1740
1953
4161
3198
29775
2289
3903
2331
1686
2136
591453
699069
631905
2619
2679
50838
2727
2448
1677
172161
1881
3813
2178
2463
2064
3648
177687
2046
32013
1833
3441
2634
2421
72927
100173
52461
3675
2067
2025
2136
10887
4737
488193
2010
1797
1998
556509
4074
2337
2379
4194
3147
2745
3624
3462
1029876
2703
909
42147
1737
128391
58998
1236825
2832
3291
285147
2259
364821
2805
326277
2061
3537
166356
13119
2469
2301
1536
1506
2190
629430
2817
3843
2358
2868
445512
3255
1737
960
2325
3021
1593
3150
2031
2604
1278
145509
270237
4389
3033
30087
1056
2646
664338
1941
161991
3423
331209
1668
2199
2964
2694
4434
28374
2769
2649
3885
1119
2283
1542
1845
2037
2352
2361
2493
1479
625119
159123
2475
277041
2178
1635
2253
345186
3003
1635
55497
2847
807
3462
1617
1473
1080
2757
9192
3294
1560
2253
204921
34314
2448
4467
2409
72576
1581
1674
10956
1896
488313
2256
3325233
1929
1980
2508
3897
317715
1545
2433
9102
1560
51153
1875
3408
2106
2115
1980
307608
1623
2283
1131
1989
2283
2034
2637
3441
4512
2787
19659
33063
3693
2760
2304
2286
2457
2355
1989
1875
3366
2016
2106
708591
1839
2904
890601
2058
217266
1173
2988
2466
1641
1995
2748
2346
2580
2166
2169
434076
1851
4617
59661
2691
1971
536862
2043
144612
532245
2436
3801
2784
2058
3372
2820
2859
1689
183495
899943
1848
2148
1911
1845
2523
10278
40737
1509
6312
2409
162531
3252
2040
2634
128706
2787
2727
2016
477183
1230
1061100
3651
1251
3456
84408
119958
21996
1794
1569
1884
1680
1056
1482
2718
1269
157995
558273
3072
1548
2007
4371
40428
2124
11001
5793
249816
56010
157401
134805
5601
2004
1527
1338
2415
29748
17580
1899
30390
2832
2607
2793
5235
355857
2517
1287
2133
1257
287904
1869
58437
1395
1962
3552
2550
3270
1446
1971
3465
879039
110370
3549
104487
2388
2439
7014
3129
1089
291885
252723
366669
2103
546225
34149
2673
2457
312669
2046
68652
261450
1845
44793
452220
2055
105753
90228
1449
2196
2634
2667
2856
1770
4020
2193
1851
1578
2043
1875
1986
2145
145065
2925
3009
2475
1617
2127
3828
7155
2835
3600
2895
317070
2256
3612
73680
1200
11259
46431
2136
359730
191883
115104
1428
1194
1908
1602
2163
34410
1188
819783
2217
41370
42084
2253
1875
2688
2616
23028
1944
2235
2457
92370
17010
3483
1770
2208
447831
1767
2478
3357
2448
2094
260715
2664
12858
3468
3885
2637
3360
27186
1290
50022
1800
1968
4149
2940
3612
2814
3357
203520
1932
4905
3321
3933
51894
4692
128346
1287
802248
1998
32298
884211
47187
2442
1737
2544
5289
2526
1425
2046
1743
36789
2628
1821
2391
1461
1680
2040
28506
3612
1371
1455
13182
2163
2667
399174
2229
14508
1074360
4137
2532
2016
2229
2187
144864
641937
1824
2721
1974
3021
2511
1656
1527
3330
303987
1815
2958
390
2625
2787
1734
917580
9714
2553
1158
18801
2106
181122
9069
45294
4377
5211
1974
1716
2070
33534
2610
2742
1548
2073
1209
1566
3060
43338
3861
2268
25998
2838
3543
2067
24813
91440
1581
2760
2259
649185
1710
2649
47277
2520
2520
2598
1311
82368
4821
2217
3471
1518
2271
37239
1971
340056
21126
4116
4680
1626
4155
2253
2901
5001
2088
67230
1437
26640
3405
1632
2877
1830
184398
2547
1719
101799
1500
2055
2013
35991
1797
2811
4674
24771
258960
2169
14937
2427
509829
2178
1098
2652
3489
2112
144303
3348
378288
31182
1650
5484
3093
3528
2640
2196
7911
4143
1587
1872
1683
65814
1259304
3888
2238
134631
1698
2094
33555
1977
86202
1476
39357
12684
2607
1323
2631
3822
4272
16191
3525
2616
3696
1458
6324
2340
1857
2142
2559
2205
1911
1872
1434
4128
2205
3237
4497
1251
81873
135171
2406
2601
1695
79626
179598
22800
4470
3060
2490
2883
205485
3342
41421
1992
5073
57612
11556
2565
5031
14448
1986
1908
2310
4110
2346
2436
71766
28947
2775
3525
1566
10680
3120
23574
16380
41454
2730
2082
4104
1809
2358
18897
58812
8007
1845
20616
2061
240642
2136
17175
40401
3339
4179
96618
27042
1914
19656
1857
160038
1701
503082
303189
1650
36999
37371
1422
1950
1791
18018
2982
1818
2043
3759
2031
3318
2664
1980
876
81612
299934
3171
475593
6687
3453
3951
2547
3930
3534
2178
90684
3954
1779
2694
3327
27906
1269
3603
2280
1122501
59511
263124
10794
3240
1575
1623
2022
2808
61377
27732
1941
7335
85719
68853
95694
4098
60300
2742
3357
3804
2724
200658
2493
120279
2979
1761
1263
3204
12567
2409
790092
2295
1896
17538
89589
690726
2454
2733
4026
668664
31032
1581
243978
1767
2361
2073
1524
48564
1923
18873
74376
2382
1992
3012
157635
16536
2052
1491
2502
3087
2871
1599
1941
4011
3162
1923
1509
3732
4614
2637
2220
2589
332472
2100
3318
25638
1296
17124
3342
3597
1215
2526
1746
247290
4752
1545
2454
1483140
2985
3609
259098
2508
2913
1449504
2856
3570
8886
2154
1863
2571
2535
1245
1437
2193
2511
2316
21693
2805
383289
3315
1800
3639
1203
133131
4206
1776
1467
2643
29973
2358
452952
6318
662304
103710
4518
2109
695457
26241
359352
2157
1680
2295
2253
2385
2121
2043
1986
284937
1899
3954
215481
2850
5562
3948
1974
4185
4173
102219
177234
677319
2973
277056
1644
2301
1788
2190
1116
2883
1947
24465
2541
2409
2649
1797
2853
6549
1821
1776
1311
3882
1398
1848
2007
632484
31713
2835
1590
2736
2684415
375042
4389
90648
2619
3417
1764
2757
1326
4494
318819
2637
3591
31776
2952
3087
2274
17274
2664
2793
3405
2148
370374
1965
2211
2907
20190
2115
2376
906822
700704
2148
23877
1698
219861
289749
1932
4575
1866
3792
3273
3153
181254
580644
1734
3141
128877
2088
2124
2397
19809
2589
2715
494832
2355
250140
147639
437490
48999
4824
2346
1287
2565
2157
1905
518340
1403472
2433
1275
4425
3570
202386
17844
3090
20289
2838
78711
3549
2910
1791
2235
153507
4428
647490
2628
2076
2208
1881
1638
1020
2148
27282
332253
36393
22941
2250
70734
3111
2589
78279
2250
2673
4206
2373
140709
3600
2112
3567
503718
1617
2793
1536
3153
2562
1485
2478
2211
8847
249486
3414
767235
166887
1758
3780
2415
3735
2193
3105
2799
2298
2250
3321
3255
65367
1602
1308
1830
2091
1680
37002
1509
4536
3498
3036
11442
30891
3177
4068
2172
2199
184965
3888
1854
1743
3762
3348
1212
2568
3162
1539
301593
1824
3525
1908
1425
1326
2220
2604
450147
7485
3654
518316
2730
2967
136089
2874
23868
4239
9111
2652
2520
2010
3897
1863
1179
83049
1281
2589
1575
3438
1164972
1950
4530
2106
44163
2523
2037
2484
99714
4353
1443
3012
3807
1995
1962
3018
20100
40413
1416
3696
3270
1860
1317
3537
2421
2559
2619
3108
1734
3417
2559
2577
2976
2451
699
1470
2574
2466
2133
2328
1278
2976
1319109
2100
2637
2589
1431
1824
2652
1857
3483
3015
2250
1536
1839
1752
2913
2205
2712
2892
7857
1320
1773
1770
3072
2280
2814
1815
2043
2745
2733
281178
210381
2328
2088
986136
1899
1890
2196
30201
2523
7164
2367
645057
17367
2370
3318
1464
1860
1380
2400
303
490638
2943
676461
2442
3882
1833
2670
3198
386358
2670
4701
3159
3468
9003
1248
2091
2121
66465
2643
125895
259926
22224
2493
2421
1881
1389
1722
2451
16107
3099
19503
2010
323472
3099
2229
2181
2457
70062
1911
3090
3171
2484
2673
257922
315
3414
4959
2388
2742
2019
2310
2028
5217
2391
1944
3174
645861
2748
2340
1761
198813
2352
20673
1518
355308
894
1983
1887
242640
12720
152520
3081
3339
1596
2499
4860
3003
2772
5325
1230
10638
2325
3180
45786
241149
1920
1758
2172
2541
856743
2061
1713
1596
1671
807
22443
2883
1701
1374
2421
1491
104664
3075
1902
47448
3774
1878
2889
1560
13413
1791
149937
3279
1938
1317
1890
5574
1467
195822
3321
1842
104208
176592
316773
1662
261930
133347
180432
1578
2025
3408
122799
1149
310611
1761
3006
4047
3360
26736
2706
2028
145227
53286
2478
2217
60747
1950
3207
2010
3822
320460
1926
2169
2376
2682
926511
19314
3222
1638
3360
338211
1464
1509
2208
234726
11829
1977
2175
2793
51084
2106
207264
1833
4608
2565
2628
2979
1722
568332
308997
4647
2121
142071
1377
3243
2274
2160
2820
1662
2871
1092
1581
3084
310608
1476
2358
463254
2025
4356
2652
2841
175881
469764
1869
4770
3543
2352
5058
4281
2262
395430
3600
1968
6384
2361
117585
119853
20262
1887
35196
1881
29646
1530
1152
181482
1638
2142
174729
144570
24591
3018
3552
2166
3327
3828
1239
7416
551724
710640
2742
3111
1842
7569
1788
3084
61488
2625
4863
2373
7962
3669
3471
59910
628404
2439
1443
1029
1410
3267
7692
2028
533073
2448
2346
2349
1743
3156
2439
2433
402
74925
1644
4341
1815
1485
1380
1890
1071
1977
69768
2715
1995
26835
1842
1365
1719
1734
4113
15663
93981
480
2754
47433
792
1890
4431
64953
79419
277227
2730
236802
63810
4320
610323
45549
477408
960
628176
88740
43719
47490
1908
1165494
2550
2790
3921
1779
1287
3354
3084
272082
2433
7488
3402
48051
56688
23499
355773
9480
2097
26073
1605
187005
335883
26610
2415
1110
1683
4629
2589
1311
1335
233025
1833
1620
2265
1530
3465
3456
2574
210378
2214
8214
1689
2670
4533
22959
309435
2322
3384
29739
5445
4200
53385
1755
3414
3474
3804
2706
1449
47280
133794
34101
112473
2274
2886
2286
2361
2223
1746
2400
20244
4221
2427
2817
2637
99873
3228
111534
231639
1641
2166
1989
14970
1596
61119
16614
53619
40995
4233
164676
591123
1641
2262
47817
6252
50913
2946
2202
2877
2244
1905
3558
2100
33327
2310
3219
1881
3366
2976
188649
288081
605859
450
43086
24186
3507
2361
3408
1563
3219
2526
1422
3771
3222
3276
135726
46200
2892
1320
2373
19959
2022
23355
1929
10920
8130
13485
1365
2667
2847
897234
1077
3690
92340
1911
3783
35562
2286
275454
3333
2211
61188
318156
3408
3018
33066
3135
260544
55524
3606
1743
127362
2151
7593
488604
1695
2268
552123
1788
46245
445548
2664
3669
106614
2433
1899
4164
1950
2904
3453
1500
4701
1188
22695
1051014
2220
1164
5808
126060
2145
1851
21750
18141
26691
1818
1791
2490
2352
3207
76758
1437
3546
23655
3504
1821
3264
1926
1971
601818
1803
16977
4734
1572
1992
2295
2256
95307
2601
318219
504783
84144
1083
426009
2712
1944
5337
1701
1275
3387
1651356
444381
1629
1475133
1104
1368
2313
883671
1827
1533
1653
2103
5538
13752
3087
2706
1695
2409
2622
2352
2730
2328
525627
2208
171675
3570
2064
264444
3051
3633
2013
2589
2175
254454
1956
2466
3177
2202
3696
2361
2595
2331
2748
1248
4071
2538
2502
1644
2796
1782
711387
639249
2646
11172
47319
2775
2076
2049
2490
1734
653022
1899
115131
1992
1026
1020
1914
275412
22761
15513
12615
10542
1619292
2244
1719
28020
2775
1476
4035
3795
244947
2349
1983
4659
2100
1680
2082
3252
2331
1866
954
2418
3285
1713
42309
3783
49857
1317
2820
23259
2547
1356
23388
191088
2556
14406
2679
1626
3627
3084
2142
490182
2373
2298
1470
2154
3414
26328
2148
2385
6273
3243
42579
2499
2994
2262
2607
2700
987
372672
56070
2073
136962
24384
1119
1704
17055
8682
396078
2949
8799
2130
14973
1332
2187
1395
2436
4296
2706
3339
2313
1800
1430310
63075
2940
2265
503571
408789
3375
1161
4005
1221
2763
1071
3522
17409
2760
1449
3942
2628
1056
3543
582510
2628
2130
1845
11070
1353
31833
2358
2772
1008
67020
292374
2643
1479
1299
2397
649941
1659
1314
300822
2103
3213
98823
2727
3678
2019
1338
284229
1971
1065
2604
1332
2457
3765
3894
1071
1249971
140937
2958
3060
305004
440841
683586
35544
2079
1923
1707
5019
664509
4308
5151
3603
48885
3513
1194
47997
387870
2652
732456
3054
2568
2073
1839
2625
87807
2523
2529
271506
1464
2010
46302
504204
378732
3153
1758
2250
667032
2325
3687
2814
3252
327447
2298
160647
11691
3480
144930
1587
2076
64749
4125
2730
2724
2559
1476
102834
1035
2409
2586
5754
441123
3642
273828
46845
2325
3252
17574
902820
1602
69705
432762
17280
2649
2865
1890
2931
1953
4188
2163
1026
71706
2211
107331
132402
1587
3024
2883
1338
2262
138579
1176
8376
1071
2871
2433
1170
7056
72006
3255
2775
2991
54465
3420
261117
12366
2862
1914
9192
1803
3663
2190
88782
3189
2211
200664
1704
4353
4005
3141
199278
2445
2799
1332
26886
4491
2505
3039
99204
30477
2295
1155
2283
2949
70542
909357
12594
3462
3015
559593
2322
2229
1593
4296
2106
1653
2589
2787
71358
19236
3804
2121
2205
3480
32385
9174
2310
1545
1563
256677
2907
528024
1464
3468
221748
2814
399
161505
3930
1839
2766
3738
1314
21312
206928
1947
9462
13818
2694
30081
11574
2430
11541
3576
2280
19431
1557
2841
137370
1839
1656
334050
3081
40644
3615
19521
107544
80139
505932
4923
26520
1356
276042
3192
106122
2535
2754
2028
1446
2028
189906
1221
1065
37431
2745
2742
3087
1392
2745
2571
895890
3066
45372
1557
4869
3213
1410
3366
2565
2634
2226
1953
2877
3213
160455
1542
2760
17424
2037
424092
2166
3201
153228
39951
1392
2619
2637
3564
2346
2001
3093
2046
3354
9177
2319
2940
1386
1254
1815
4185
2790
3186
23496
2658
140709
2964
1764
40554
275388
2112
3375
1938
2142
163236
1239
2730
605904
4281
4452
2655
9744
1851
1770
4227
17949
209946
2904
1560
1764
249375
4701
29487
3096
3042
2046
1227
24417
2373
113661
2424
69690
2745
4155
2670
2721
340914
2403
2340
101010
1353
1569
2838
2235
328062
1565526
41319
62703
2031
208944
2241
1806
367626
1704
3042
3114
144231
1680
1830
281631
3927
3999
2778
453144
3759
1455
30471
2928
2400
215685
2394
139596
1560
3261
3054
802161
2022
3159
344133
2013
161667
85845
23895
2256
52809
1998
3537
2727
269796
312
1566
49233
826890
3321
3132
575352
3165
62457
134961
3087
2361
1863
86475
1533
22521
17541
2478
1878
6348
210033
3621
1539
2214
1521
1473
2079
23544
991224
2271
2211
160599
2019
26988
1995
160329
46542
1800
2979
3228
77340
2244
2238
1440
2226
3342
1941
4503
48744
1371
6528
2244
3660
2853
2571
1467
155313
29928
1899
1602
185118
4185
49230
28335
15777
3633
45801
3111
1617
2124
32220
3312
2199
62223
1671
195996
3126
95943
239013
4836
2151
4587
2097
1818
2097
2589
2154
230526
1668
2043
1884
300525
2082
484341
3690
31026
3669
3675
79371
1749
2784
1452
132930
3348
2409
2388
1323
215133
433152
1416
1554
77871
2337
1599
388839
126450
258663
53388
3570
3018
2274
2406
393429
487569
220716
1854
2106
1638
3999
339066
1884
2055
3063
11286
4770
78102
3780
3315
3612
1938
1134
1494
2373
2793
3096
1086
2718
1359
1845
2865
2556
2361
178560
3930
3168
40071
2205
233550
3411
1989
2904
2853
2223
2661
2178
9318
2331
1167
1635
3093
1716
2586
90516
2595
2184
5211
555120
96537
3864
5493
38226
50361
2103
2640
3018
5037
139638
4023
2274
1956
1911
3999
4938
2331
50235
2775
163209
1341
1971
1635
1533
8607
1713
3069
88344
2604
549999
2553
31023
2331
2193
8586
4542
160902
2661
203985
40392
81027
3456
217014
1953
2538
22413
66231
3915
301218
1395
1767
1923
3072
9927
418488
3270
1494
1653
17487
2232
2118
3189
1587
1473
2040
2460
15615
3816
3267
2352
2211
2748
2565
3630
3582
2727
241794
2835
2271
19647
1470
2001
2562
1494
2238
1755
15753
3477
2226
2910
1749
522
414108
531975
55620
2070
3432
2310
2442
37608
1146912
1659
100053
1713
1719
34317
3177
1857
3801
2100
1605
1887
2256
1905
148533
103464
114756
72618
21276
1482
2004
1662
1824
3432
593625
2028
2130
51003
1641
30921
1989
1389
2487
279636
385875
2124
2031
1944
2064
2355
3360
1428
3297
1551711
3078
3954
6465
120354
2739
2391
1869
2112
89295
1323
2073
1983
2733
2829
39396
1845
1767
2454
1596
1908
2523
98640
190272
1962
3723
230364
2703
25770
945
2163
4035
2907
2163
93300
582579
2253
2646
3576
1108311
3309
1944
3039
2703
3312
3300
2643
47808
2529
96207
3204
2817
2376
2595
3144
1995
2316
3681
3429
1119813
3144
332475
7815
1749
3330
1530
1299
3162
2427
2160
20250
2028
421347
2154
43287
1317
161046
16113
1572
1491
1899
2874
2184
154173
40233
1974
120456
1887
2961
288954
1929
8298
2079
2271
3099
3603
177087
2721
2454
51810
2022
4533
1803
4341
186315
1857
2712
77568
14202
2484
4053
1686
16674
2214
7458
284424
122868
3777
1590
2457
4155
2676
168915
2031
1458
3783
3378
2733
90684
1614
200082
4419
1479
2139
2142
1704
2049
2451
3564
2709
2883
1665
2382
86112
263835
1089
46935
2928
2193
2376
39678
3477
3171
183681
2694
2433
433020
75201
129441
7884
2241
288384
3717
1905
2178
3255
2220
2571
1983
162777
2544
2673
82149
1002
5196
2109
2436
1629
888
9219
1000233
11334
45180
906843
2892
1974
451386
3195
1428
2916
1023
3315
289158
1350
2478
41469
1028244
79239
3102
2532
9066
474045
1995
62493
4128
1902
556797
2196
3459
3702
2862
2199
1344
1242
1416
140169
1153077
34485
782979
1308
245271
64341
302997
6459
1647
1581
3324
273402
2940
2208
5280
2328
2649
1452
3324
388899
733023
58134
4179
1944
861024
3831
3261
3414
1935
1013181
490437
2607
3486
1890
1863
515181
1338
3423
2454
2385
915
2562
2340
2835
2238
1875
1878
624705
707685
102027
3138
3003
2568
1911
1584
2931
1080
24660
2154
3084
3036
2091
2028
50616
253536
2607
2046
1890
3489
3108
2697
404196
2076
3801
2361
5475
2253
1728
4482
3108
574152
2010
151050
705081
2364
4182
3072
2460
930015
4107
1281
2682
2646
257301
4674
1380
3999
17403
3243
2925
1315605
1026
2031
3891
1815
1575
64278
1761
181836
3738
3141
97455
32169
10383
3348
2316
1575
4872
2625
2055
1551
3078
1746
3549
3738
16200
2388
1752
2334
1950
18627
2877
2739
1356
201072
513285
2127
324225
1494
2535
4377
2388
2871
3423
1869
40350
4206
2484
4017
15630
1926
2535
4032
3027
666
3741
2025
2901
1434
2574
3183
2907
2709
2514
1599
2745
2046
20268
5427
2364
2544
2871
2229
2994
4095
315
32406
222933
3048
2049
101586
187836
2484
2190
175110
2802
1668
2718
1533
2385
185070
9591
1089909
3240
1071
34053
2553
2976
88113
513246
181950
2340
159486
1266
53823
35025
2490
2178
577659
3297
3327
3084
104976
3945
1491
124122
1254
48891
179391
2304
2598
900114
2151
1557
2550
24789
2208
2424
13581
89991
2016
125460
5232
2529
1962
15711
1293
1128
2187
2928
1950
2775
1776
2610
710232
2220
645603
2001
2127
1725
3408
2661
3246
1176
143505
15651
2841
373857
3054
3180
917796
2535
2418
104841
2259
859149
1146426
3591
1821
376869
2124
2691
4014
1803
2937
437052
113358
1911
321519
1464
4191
4551
290469
2340
3879
1380
354609
2202
281004
1827
2040
2475
18375
1671
3615
2550
2706
2283
207123
2328
30333
2778
116037
15933
1611
3120
74157
3405
1773
2838
58281
2760
1923
3060
2361
2307
2748
2262
39144
1248
3252
3267
460557
38718
1668
3252
2004
1281
3858
1305
3042
1536
7323
1974
5190
149580
3357
1085874
3081
95214
1476
1407
207519
69138
1104
131547
2880
13437
1893
2391
24987
31533
4527
2235
351
13365
3471
3042
1638
3372
1977
1569
2916
120324
2262
4386
705
3930
2826
100425
2034
2175
1668
128244
2601
3612
4041
1881
1842
2109
3114
2238
1251
4395
2613
22488
2556
3123
3003
2742
343770
1473
9300
291078
3087
2805
2043
3186
1668
276243
5118
1434
2181
2715
3081
3072
58761
283428
2940
640122
2541
1395
1851
619950
3873
2271
1374
6825
2304
2304
2580
2532
69408
36744
41544
4110
1155
1914
2130
2805
1902
167994
2208
2229
509748
3018
2247
2169
15054
2547
1233
2742
1674
1986
83544
2391
1242
2547
135900
2391
14667
1722
2841
424476
4032
60951
1335
183660
2841
1713
505287
8607
1305
1644
2985
533256
3165
3513
1746
3201
1872
2706
2448
2262
60294
2091
173679
1191
1953
1161
24447
1740
2508
341952
2322
2205
5742
1278129
2064
1944
3285
334380
1677
2496
2841
3372
1977
181962
7800
4860
163257
2319
2847
2454
2091
8346
304584
5901
2772
2649
10479
2028
3570
1224
2004
24504
881469
2940
13773
2073
3642
3147
3180
10896
2037
2118
2817
2436
4188
1464
3138
404679
89463
2196
66636
3771
2907
2013
2298
1428
483975
782439
341295
1494
3450
49833
1836
42357
1440
4338
1320
746487
1671
4893
1671
1956
2196
2466
2115
2919
10122
2865
3510
76170
2691
481857
3882
1004961
15357
3237
211362
6765
549345
10644
135066
41139
3453
942060
41034
101850
4185
4413
6882
3288
183561
3237
689382
2916
2082
41184
5799
3975
314244
7077
18771
40113
6840
441642
16296
4182
8193
39138
5847
184584
15198
4332
3426
494748
3297
134991
18321
4497
15780
58641
81816
23250
4194
16140
4404
67416
5568
9549
48525
3450
59652
1869
3045
159561
7875
256824
128763
70113
8364
149595
117018
57345
11445
42513
107118
3525
3357
3081
94872
49716
77484
1704
84075
6057
61134
2967
123474
5205
4401
217218
13935
35349
52815
110898
4410
27816
43455
2268
46488
170607
3723
3012
3684
4746
3906
148959
178887
2430
6765
7086
7467
3543
292863
8007
5034
209040
2757
5055
5508
95676
3837
50757
6210
4047
3276
8409
173508
3813
201312
73119
5772
3030
5715
13077
4011
73233
47130
119433
10812
5910
3768
4941
7269
126876
3798
4647
50187
13410
64590
2256
834849
77763
8433
3036
22602
494712
16131
51261
5097
5064
349989
53376
254364
5187
38049
5373
1677114
3309
606939
9414
2628
24753
3729
12480
3768
18369
2475
309861
79713
3543
48183
125682
3684
4257
3297
2469
4896
4869
4737
4344
47043
4062
15297
30984
4617
3282
68550
1803
1568451
3549
22332
117456
2649
202659
21069
5178
128466
21609
11322
15111
15360
274650
4293
360840
142548
159462
72657
2559
3963
3429
205980
1260
5463
15258
3177
231150
203577
3939
4923
52725
20727
4545
49683
544170
210825
2676
3246
38169
4395
16518
889401
344802
5448
1584
521151
29085
176451
587379
854607
5169
2826
3903
7050
3474
5154
8829
58443
2895
319674
3327
1815
383283
8403
1131
379275
3804
185835
4401
186210
50550
3936
7962
404688
3849
8007
73674
61836
6522
3153
3897
3129
5328
3507
3666
10686
160371
42429
75015
9387
7395
186489
185523
6408
7443
462552
3891
100596
4281
37338
41274
50808
7431
3483
241056
9861
54396
2688
32658
2868
1578
3732
6486
508080
322629
5208
3576
4038
4614
3486
5754
5451
2601
488061
1200312
383694
141606
18582
6372
6018
1992
69723
3993
5781
6168
128247
274560
481866
376980
4743
221835
4992
5742
23721
5640
16353
2658
103194
81867
4161
2049
40353
3843
4638
3696
4566
7677
338076
6318
5520
728283
3276
2637
11412
6219
882999
42903
217746
87621
8097
10836
8589
7578
7695
925806
67788
507297
249948
36267
5328
111588
10749
21564
9594
3423
435417
4926
2883
2811
960186
13566
7995
3501
7026
450732
4305
3891
24081
129999
5958
198849
74778
234156
4566
233349
3561
11880
142830
247137
20424
5145
923136
392451
425775
3171
37443
27588
41352
4023
19512
256284
7230
3702
140973
9498
123489
7062
27498
48912
7590
218238
62703
50061
4506
5418
172644
3033
3933
79068
16137
5166
11427
3366
24648
64383
609471
3840
91131
3066
5751
7656
60066
10266
97890
10308
226197
9807
9183
2970
169521
3867
3450
7842
2610
55752
586425
21279
5412
5670
16860
386136
8502
12417
893184
2556
765783
78741
411612
5742
4440
387387
3522
124290
6633
225867
6936
313539
4941
630135
146997
3114
5409
2190
3333
686268
6144
5403
334950
5682
457311
80793
268803
332127
3765
71070
2526
2097
345180
6720
2247
7509
4752
120447
6693
5712
1215231
9420
26118
4002
9123
5442
3282
7326
1284543
46389
636180
3201
8832
374676
529623
5316
654696
5655
919557
2238
2469
3519
4038
155949
332802
740199
162153
436956
2424
3303
41421
7911
250671
3915
561054
5187
4356
2091
20031
6291
4638
6690
242982
72564
25206
1944087
934014
3501
278229
8652
173631
225117
15126
4881
41304
3084
54174
315159
256158
10059
3507
2640
5616
2538
776847
97260
8604
3834
3537
5160
9444
5286
4494
2571
1212024
279039
7266
312159
17313
4971
8277
4650
6393
5256
63084
48270
4563
11697
24084
46428
884607
6915
148734
6237
12330
4461
3843
63522
5133
103632
4533
2559
3717
4095
2781
4011
26235
3147
807480
7191
3264
382767
4305
2820
5307
1551
5301
322359
82749
211680
1128354
4599
69921
4764
11427
1887
36498
638295
67884
3864
17163
27858
222099
3816
2217
7014
140880
3900
5166
767304
3453
81027
235071
94770
361851
6627
11649
5070
93549
6225
10122
9921
3966
4698
290820
299652
827757
5919
94761
130365
121119
7140
4542
293376
223326
339717
3222
10506
903729
3741
76251
34497
13320
3003
4620
6420
6441
43749
3180
3831
169353
18624
123855
4833
3744
42276
431550
185103
3666
1572
5598
251100
4569
389409
6369
25221
70185
14244
407784
6819
381654
9762
8814
2709
7347
3291
6537
320790
765138
2931
14010
26616
192984
551916
5691
61683
629928
32955
3015
22101
2370
5493
6774
4983
95367
284877
90906
39288
3198
599871
113394
6831
30030
149343
62598
2178
1878
155475
5640
3213
6588
6252
56673
4569
4035
2430
73917
2916
3516
1142463
2034
4194
7482
606696
293523
2700
395556
80772
627423
126570
4203
3552
159135
2787
3990
80487
3561
2781
3000
24504
13944
3657
11271
66144
3405
58410
29289
4149
7236
6756
55914
4020
4362
4902
9474
5919
4137
6063
198117
12771
2937
131451
56307
1185648
5925
453564
1189491
19071
17904
2166
9168
186807
325152
184242
4035
184128
3465
2850
146433
25791
100488
4809
6933
2007
69000
220041
7698
1015086
279252
3351
4458
4185
30030
5442
3003
5487
28143
10002
2580
4605
22002
4857
9093
114858
14274
2100
6429
8679
2874
5613
8310
3549
201063
355647
98616
475641
2601
9177
184590
81951
84663
220425
61152
4410
2700
2082
763581
9657
5346
264432
93174
250632
3270
120639
84732
2406
4938
3516
5469
4755
29562
329145
5607
222324
109383
16224
5643
9180
8652
33606
2493
2463
1845
270105
56217
117960
3516
16260
3069
2442
128022
11556
4221
434994
4281
312450
8418
204480
14763
743391
3228
3612
82779
5799
2016
5430
11289
7395
420831
129369
1095525
3900
17928
5826
74580
9108
2856
2994
5667
3081
4038
5817
9096
4197
9249
63990
295032
632346
8700
4395
436812
12159
643899
37911
4068
526347
3060
148056
4776
3723
2412
4158
3705
3015
253398
35265
1668
3171
6639
80157
2574
4746
3960
85692
9027
187188
3990
2418
341052
2226
1553154
5967
10431
2934
3948
2775
3483
228267
11592
22653
1203114
282684
117114
303324
5910
2895
11610
7401
4122
2358
3945
6033
3408
1428
192897
3321
25761
1992
408474
6930
799221
111714
1365
3537
275415
321372
3660
221178
2757
7413
1911741
2259
6099
2841
4578
5046
4689
3069
905076
4068
220467
4629
472944
3456
2550
2637
2214
366231
3060
2274
258837
1734
3825
2466
815760
5157
45438
2757
2286
1662
4368
3630
2427
159549
1740
18615
297336
5469
21687
1830
3381
4590
1635
1629
1284
3477
53445
2940
402270
3531
6453
2646
2937
2271
198222
1242
1410
383322
2031
1590
925137
5931
4275
4032
98766
488562
2526
68679
4839
2373
1311
2697
2280
4455
52890
3141
1224
1080
129603
16383
3201
3474
62181
3213
2145
2961
2487
87657
3255
1107
3699
1512
4323
54498
4722
1278
1683
1071
98418
2844
55827
96027
1182
40005
85230
1350
50175
2439
2259
2031
5913
2304
1707
2142
1113
312498
1578
1104
2454
2160
1218
576660
10329
1878
3669
91341
1584
4161
2715
4056
2793
23058
2046
1812
1899
1230
1935
2784
2130
4203
2217
4428
34113
2337
2085
442026
926649
3768
3432
4128
357978
2649
59847
195243
3888
1335
482175
618768
3393
3093
1605
1362
2670
13047
2541
91563
112791
8589
99006
2772
3327
1878
1719
2160
170571
132441
299508
436719
2829
223446
3228
1356
2556
2913
124089
3795
52236
2508
941259
990
82614
305094
13527
2730
1488
23511
2772
140868
159360
34884
1293
2001
439527
7074
2379
2019
2151
990
3168
3195
569550
4383
2550
2262
2244
3984
1848
2097
3324
1656
924
2565
65031
1770
394548
2028
2547
3780
46587
21144
1848
2205
5517
1581
2055
2178
2280
4248
552
2568
3549
24948
1428
3369
505959
1746
3837
2091
3198
6120
1557
130689
737559
324402
1929
22071
4800
3495
1752
1425
1842
1305
3288
77745
3084
1959
3936
1014
298149
3240
401706
1668
2310
2001
2283
231012
2031
1653
2682
2115
885
2682
3513
480114
4131
1366392
14934
3417
5208
2517969
3672
429297
2298
24657
1548
813162
2064
352449
2316
1767
211782
1461
2142
223998
163782
2493
89271
2868
3891
3303
203670
3189
212976
2235
2349
688335
11709
357924
159978
3246
191697
2205
980970
27213
3171
232413
1551
3051
47094
4488
1689
14928
2355
2688
2175
471315
2232
1773
795501
2709
272148
3522
87429
1341
65700
254625
2880
25173
449211
36126
89550
280113
3225
4176
1737
3294
176292
2181
188421
1740
348159
1833
2601
121632
1242
2247
2631
1283682
2700
1614
2520
2778
3801
2625
1926
1773
2316
2991
9264
30318
996
2346
2217
2439
12540
2151
306078
2382
642558
5364
3501
24546
2844
88230
236490
257967
4041
3861
2388
82740
50340
36726
2682
91740
12978
2580
1569
2469
3126
2106
215010
1365
665106
3942
3186
1434
2070
3258
19446
158154
1314
2700
35739
2919
2436
3294
3312
188883
2577
50883
2082
212637
2331
3033
1893
2289
529149
32820
619107
36105
2922
2928
380286
2481
90330
13926
1206
20607
147771
2325
4347
223440
3303
2103
631104
3795
1860
1974
1434
1785
782004
43713
3462
3039
1563
1132671
4035
2079
134520
4017
2367
1416
1443
3540
298518
963
436308
21105
1530
2598
1020
2775
13008
2262
32568
2445
367224
2442
3396
2583
53823
2802
861285
2895
1974
1638
138030
132210
2628
132483
33126
1800
1563
2628
2112
2709
36294
27357
2631
103542
263070
4257
1467
125751
5109
13641
3327
64005
2739
15909
168273
74298
966447
5292
1953
2613
7656
2652
2370
2625
3321
308070
80481
3324
1506
23109
2487
59136
2616
2361
4134
99285
1653
1650
1992
3231
2238
3267
1092
1293
72654
3288
2145
284283
2292
3036
2826
1587
5019
102972
256611
27606
80898
296259
2220
2322
1980
38385
7671
296658
4221
36246
1482
2157
1182
223143
2235
1890
2415
1788
2133
1725
2436
2133
2232
1113
2700
2661
35607
2526
188067
1038465
2214
72117
1767
1458
3033
2787
86898
639186
3417
1884
2151
81354
2040
2307
2265
41421
15927
59322
1833
131022
150855
4617
42210
1983
3081
2304
217428
2514
26145
2988
3465
1851
2451
2217
205044
292545
1311
3006
2097
94461
46566
1143
2409
2295
1749
3471
372
1731
134763
83817
1908
322839
52806
2181
255228
2298
2382
2205
14121
2883
1797
3480
1629
382767
864939
257406
1836
2892
1863
1860
2700
2919
3273
3318
3054
2391
1383
424152
1722
1755
2688
3138
1899
3579
2910
24627
201099
4371
1314
2328
6738
3300
41853
120507
94770
2721
6606
1926
248553
3492
2727
35727
413976
5616
287301
2304
4023
3381
97707
1683
421302
88149
6420
3345
1935
37485
3210
2448
4986
27822
189120
1914
2172
319740
3492
215304
215052
3420
1596
2223
660033
145308
3900
1419
122520
133092
2196
3225
1941
3123
3189
522174
20595
1950
2301
3702
2118
2295
3372
1614
536343
1248
822924
3414
2511
3408
4098
1164
1494
3147
1539
3960
347103
86175
34614
2163
230532
3687
1869
647817
2103
2229
3540
37608
3321
2937
1671
27108
7026
13077
1698
2448
1134
3027
33408
1638
1794
2988
1269
1566
1089
1224
162999
2355
157746
2652
1674
1146
4236
1074
2382
4452
90933
1788
1320
1893
1554
2373
2598
2931
9441
226722
430899
3135
2910
2301
1308
4362
2526
24663
9906
4836
2703
2130
385188
3030
2775
2901
4938
56829
10863
8733
2787
94740
766266
2448
1371
266877
1461
2922
2661
151140
3345
1875
1743
167709
518469
2463
2244
33036
2832
2499
3588
2757
8496
4173
1911
2106
34860
2934
3540
4257
638679
134226
4401
1854
41163
1539
150042
2541
1392
2580
1710
1344
3381
2835
28473
2181
81321
22959
11613
122664
1830
1383
1302
2184
3609
2307
17694
3420
58677
1542
1875
3063
3042
1575
3591
3678
118890
2337
3153
2679
4179
255045
2988
1278
105486
43965
234144
2235
17001
1509
1848
20256
383637
3450
2664
3093
1923
82317
2508
3117
1341
261432
384708
4569
1563
1815
25551
73365
482157
1085094
134166
3507
85965
103215
2367
3441
12252
66906
145590
1107
99945
47064
2934
318813
1401
2526
3015
2238
320391
2154
4137
11247
3684
2559
3489
102054
2103
2088
2307
2268
3477
2748
2562
17628
31050
35409
1995
2466
597117
3075
3408
3303
1440
1308
2166
66825
1447755
5505
492669
419904
3825
1365
82167
3669
1275
1668978
1854
1932
2490
5208
2007
14700
1023
2613
2397
2304
2355
2427
133107
3453
12075
1860
1830
1200
14406
2961
3294
12705
4050
1149144
722493
2955
2745
1836
1905
4410
293166
13521
4770
238986
3780
4101
2361
2622
1839
2766
427209
1245
2010
2004
457473
2535
2394
3189
257571
1809
2205
60186
1923
5025
24780
2751
