7f7f:0:0:0:0:0:0:0:0:0:0:0:0:0:0:0: (total 14)
0 1 Thread 0 going to cpu 0
2 Thread 1 going to cpu 1
going to barrier (cpu 0)
going to barrier (cpu 1)
3 Thread 2 going to cpu 2
going to barrier (cpu 2)
4 Thread 3 going to cpu 3
5 Thread 4 going to cpu 4
6 Thread 5 going to cpu 5
going to barrier (cpu 3)
8 going to barrier (cpu 4)
Thread 6 going to cpu 6
going to barrier (cpu 5)
going to barrier (cpu 6)
9 Thread 7 going to cpu 8
going to barrier (cpu 8)
10 Thread 8 going to cpu 9
going to barrier (cpu 9)
11 Thread 9 going to cpu 10
going to barrier (cpu 10)
12 Thread 10 going to cpu 11
going to barrier (cpu 11)
13 Thread 11 going to cpu 12
going to barrier (cpu 12)
14 Thread 12 going to cpu 13
going to barrier (cpu 13)
Thread 13 going to cpu 14

cpu 14 cur 14
going to barrier (cpu 14)
STARTING...
STOPPING...
Duration      : 10000 (ms)
Acquisitions  : 10372617
188814
37725
2811
378198
1920
3900
2976
2523
273477
1554
72447
218829
3744
224658
2064
3774
2550
2127
1953
113016
43461
4188
3153
3675
168102
65025
3774
2787
4356
26199
1611
72207
3675
2727
2739
1665
1833
50340
2370
1551
1734
68730
187524
1542
1899
3831
2355
2856
17337
11643
2334
1779
1668
3261
1554
3021
4092
2028
35178
2853
2796
5208
2718
1707
2937
2751
2586
3213
3024
2379
2814
101478
2085
2874
1125
1917
3171
1296
1620
3537
2757
2064
29544
1764
1983
5754
1956
5124
2079
2292
2241
2412
1194
3138
68310
3156
2337
2862
1800
1905
7428
3330
15375
1836
4062
2355
94788
2253
2472
2379
3120
1443
1815
73821
1587
2223
2916
1929
4026
62715
69405
52179
3573
35595
3267
34293
1617
2727
2844
1713
3276
3906
3705
39600
1737
2781
2586
1470
2607
1662
2730
1758
94197
4536
4518
116148
3672
3222
268266
1863
2460
159999
4188
1269
1854
10500
1824
3546
48132
4785
2220
2253
1587
1452
2823
1353
1650
2004
2490
5178
3912
1971
2163
101484
1908
1368
2688
117153
1422
154128
3579
2703
49983
1548
157023
2604
31173
22566
83544
2382
7419
2034
32490
3252
6216
3714
2658
2523
72639
3177
1347
1521
76971
2376
175077
1680
2469
2166
1902
2292
4905
2289
4473
2985
28251
1698
2133
3762
2928
1674
4167
186543
5865
1848
2286
2772
4215
1431
1791
120621
3369
1338
82215
2106
3153
2655
3246
4818
2010
2013
2169
3111
4002
2541
1950
3108
1611
3147
2139
2673
230583
1827
3108
126411
138165
570
3540
1581
58122
3732
210186
1950
68430
2280
93261
3045
1878
2019
31569
3663
2442
1638
2772
6096
2676
3408
37986
3894
2430
60006
2511
2967
1290
3504
1224
4074
49758
2568
3249
10542
5253
3447
2214
140106
60993
3132
5835
4368
97212
1821
142275
3906
1623
1626
3996
3105
3318
5001
2745
21024
2514
4995
9231
3801
136812
18849
298104
2754
58629
26703
12099
3387
91191
3321
3096
1125
1428
13281
3246
1536
2259
3072
3504
3999
3924
2709
3954
1806
3057
2493
3450
3006
4023
1833
1302
1803
2349
3255
4449
2673
104328
183906
2286
43824
1614
17967
327261
3795
1650
2088
3447
1563
1440
19479
1554
1266
3717
3081
1302
2610
1830
195942
1521
1923
3618
1677
1293
2850
3675
2889
25263
3435
13368
340560
1530
2841
2019
2448
1107
169797
159894
2727
23412
1707
11622
1644
3870
2217
1437
3276
2703
3807
141294
1209
2766
1761
3411
3567
4404
36570
3984
1830
276372
1467
162744
3240
4392
3768
169032
2334
175029
3144
1593
172125
2721
2736
2379
2778
2265
2292
32769
31278
3756
38661
4473
3357
207798
2610
2619
2835
4296
1728
3042
34011
2223
1962
2523
1362
2649
1491
4686
2271
1473
2697
1983
2703
3021
2865
72681
17007
4329
2895
3144
2376
2112
99774
2982
185208
401034
258354
1455
3249
2310
192150
3270
51543
2457
4713
3555
6636
2460
3216
4704
1713
70665
2088
390
3924
1374
17826
1950
8340
3873
1470
4449
114975
185820
36969
3570
2385
2496
3339
4395
158814
302070
2862
1932
3648
3510
2556
2595
3060
2028
1638
2088
123492
112587
13326
1623
1896
2319
1104
2967
2040
3252
5700
2754
15120
12621
2721
63318
155832
1887
3273
2874
3129
2358
1956
2619
2643
2346
23451
2352
3006
57495
2331
1446
1737
1410
91128
843
2460
222048
29037
85308
825
3852
235077
1767
1272
1281
2670
1254
1098
2526
1698
144774
74022
1449
1965
1893
1695
2796
2700
1872
194016
2097
2409
4137
1104
1881
1614
3141
3960
4170
1728
2760
1920
2316
133110
4494
3699
2253
2652
11976
2706
1686
61056
2712
1656
35490
3243
1701
177228
134610
1383
4650
2955
20859
3015
2448
10017
19713
1551
79416
2772
2163
2223
75597
2283
367119
2778
1527
3696
2409
2352
2502
3111
2619
149058
1317
15669
2913
2847
2196
1731
3615
4875
37980
1869
1695
2424
2163
4977
3792
3441
2340
3141
2634
3795
4674
3516
1725
144429
1836
92640
65664
1662
28518
26403
3906
2028
2832
1989
1563
21486
104691
2094
3393
4044
126747
2784
1110
1578
1368
62580
1755
108135
3510
3216
108633
1410
257244
7986
55647
2697
1239
60201
2094
3882
3333
2436
3507
4227
1389
24432
2271
4128
120213
3126
1515
5451
53883
1662
109074
3147
1797
3354
3987
29949
69156
68184
59634
4140
3372
2973
3444
8319
3300
1413
90855
3261
1560
4272
64920
2568
4776
2169
60024
2742
2757
16977
2889
3135
1464
72651
3084
1806
280248
2829
2976
2883
2178
27615
128982
5721
1560
2016
2754
2751
125055
4011
3504
3843
12942
50121
46839
1716
2496
3744
2175
1845
2280
2010
85419
2415
1557
3036
2790
5394
2331
1938
1710
1542
1050
56274
66411
2055
4095
51849
53544
1293
2712
2721
3108
3342
37770
3729
3051
3498
2169
3042
1812
2001
1920
107817
32100
1371
76287
2940
1671
2262
177945
1500
2517
5721
4245
2199
60228
73305
2895
171891
2958
3183
63042
3447
55560
73842
1569
116535
454746
3240
73278
2142
3900
15801
1359
4602
3087
70008
62232
3123
2646
3648
2103
256581
99453
2169
2238
4653
119037
2751
227691
2853
18657
4716
2544
1932
32361
215172
26397
2907
433977
2553
2238
1962
2271
4419
3168
7269
13485
5310
3732
2931
4662
2097
2634
53568
3762
2160
123654
29664
127029
1365
3780
66792
1773
2400
71139
2073
1761
3129
3684
2124
51417
3324
2961
40161
4155
29295
3360
142617
35910
2298
59574
19704
1794
1464
2568
2859
1575
4530
2718
3099
2373
22281
2160
2997
2676
1395
18963
58275
2538
2541
72618
2520
2973
1992
2076
2373
3411
3471
128139
209550
50334
6183
3063
21585
99423
39288
1668
192
1947
2631
1350
2796
2976
1968
2760
2550
175968
2265
23562
11928
3549
1902
4884
1680
6954
4056
1728
2697
43992
2436
58350
5727
2523
1764
2367
1698
2253
46026
3978
95376
1227
142581
1446
1899
2853
1611
78324
58035
75822
1941
3132
8547
334599
2529
12492
114435
7629
2568
3717
1698
105072
2901
94641
129018
4170
3075
1686
1845
4806
2505
39207
186954
2454
84816
2184
521307
3648
7236
1389
2100
1971
80004
2889
84981
72981
2604
2280
2745
1062
1737
2517
3036
3171
1548
1824
52458
4308
2025
2109
4881
91692
5523
2697
1953
97878
33567
3411
2703
3663
3987
2487
6240
44547
2469
2400
2955
70575
3483
34137
2271
2649
105510
1257
490032
2814
2952
1506
1449
1677
271851
3642
3222
2931
2910
31197
1758
1404
1698
61368
2100
2595
2217
12714
2439
4302
3537
2616
3099
3198
4320
1482
3807
2637
6048
1788
3603
1752
44793
2271
96516
24483
3756
1830
9558
3504
3015
3465
2109
2784
196599
3336
4893
4431
3030
1488
12246
2466
2280
46737
3186
2979
2163
201471
40575
80301
2373
1755
1908
1446
2469
165624
4026
3945
4494
1911
1347
1512
95028
2451
20679
4620
2616
215667
83088
3012
936
2385
3507
2562
2082
2775
69333
1797
3834
2718
2163
3285
3180
3186
2412
3456
1437
4098
2622
1911
3744
31161
3036
2382
2832
2010
2478
309930
1659
24246
2028
2679
1410
1488
144444
1470
4527
3333
2280
2472
2772
20058
2274
2763
1746
1785
3054
3285
81660
2190
40998
1554
124611
1290
2106
158484
3483
3309
1383
1722
2337
191493
1947
3339
3219
2181
2112
25377
2508
2613
2565
69693
64836
3513
80778
2022
1437
2796
3351
2211
41601
2049
2265
2208
2427
5577
1965
3132
4860
1545
1893
114057
48654
20031
10632
3051
2532
80076
149592
3744
1770
142167
2532
156819
8781
1713
1527
3066
2430
3417
10452
2343
1713
62493
2163
3246
1185
2526
4041
3729
13062
1596
9279
57432
1554
3519
1458
2421
2313
74184
83394
1572
2775
4878
133179
115917
41787
154245
1893
3093
4506
3300
18039
1725
1809
2322
102375
2352
2361
4536
2148
1932
2154
2919
11112
150654
3105
2721
1026
6714
5850
3090
2061
2067
1605
4365
2379
3282
2565
121254
5271
2547
2211
183807
2313
3411
21240
20031
2262
891
5403
2463
3273
2022
2808
6759
33870
2604
2967
38151
2172
180615
58134
3039
1617
2430
1983
1335
1767
2223
104040
1344
4863
1083
3369
26502
1725
1665
2607
10644
1983
4698
3594
3834
4701
2643
3618
3162
1374
2121
1884
4044
2901
1959
172809
1443
2214
1545
373488
2847
4530
94947
4230
5376
2751
1899
2640
1848
3906
1626
1941
2478
1872
3597
2193
214020
75651
3390
2649
2421
171603
2994
3165
3336
3507
7590
68643
2568
187608
21018
3717
3393
142317
1824
4347
3789
1884
1809
2937
3909
3789
1611
110337
1803
1491
1911
103173
50361
2190
1995
2622
3717
2991
2421
46569
11508
1461
2433
2814
2064
1221
48480
3093
4500
41541
2403
2493
9114
41181
68274
3633
2259
250623
73098
1767
2745
3777
2007
2184
2214
3690
1881
95211
2907
4674
2511
1737
2688
2085
2076
1992
56799
4620
2781
2196
1902
1659
2883
3300
34212
2037
21909
3567
2634
2817
2301
2100
3003
3210
3675
3078
1872
4167
4233
3240
2124
60870
4191
80226
2781
2256
1809
3453
4089
101649
9294
93915
34698
3078
1911
2868
1365
255792
3021
126552
2976
1833
144918
2370
4596
1536
1356
5667
68481
35040
3126
2133
3681
2931
3345
1695
29949
1743
32832
2190
1731
57669
90867
3870
2340
4203
78294
3006
171912
3402
6324
2856
2079
1131
1641
20025
2019
2151
2610
1878
7035
2898
4407
4950
1407
3642
32691
1524
2250
138243
20664
3090
94560
4770
20904
1569
2967
1398
141867
2634
3336
2220
1332
3840
1842
3099
112194
122211
1908
20997
112710
2184
3117
45912
3102
2694
2010
38010
34986
2307
2334
81033
1266
2292
4710
1917
2427
5148
19374
77745
29712
1302
1623
5295
4296
105528
1917
140463
2016
1965
2799
2529
29187
3354
3330
2760
3165
1182
129747
4542
2064
1392
2400
1662
192318
4179
3240
110412
1791
2142
5700
3951
2262
381267
2034
1770
2244
3345
35292
24180
291
33774
1803
10563
3270
2724
1500
3342
158967
192732
62490
2262
1833
4617
77508
2475
25212
1938
1932
196260
2604
123891
2823
20742
1476
1440
1995
1674
2079
2079
4905
3612
1473
9009
16131
3099
3075
1533
55893
1788
2112
6720
2373
1623
1779
3333
114066
2481
29859
2697
1593
1575
4047
69150
4248
1539
2796
6498
3204
2724
3270
2976
2484
1008
140613
23640
1533
4128
3378
99519
70644
3270
128187
1638
4527
3321
76932
5475
2271
2193
2391
1950
24102
17829
2448
3906
2412
4440
50241
1674
1974
3033
5763
3378
3624
72186
2463
3477
3078
43716
2967
1683
95517
2556
2634
17199
2322
2343
126006
3060
252096
47217
42549
3798
18261
1962
1734
2055
3657
3579
2592
1344
125913
2640
2325
3342
4950
2439
41412
127653
2100
1656
2700
1545
3201
3564
1812
3213
2520
2619
2373
3126
10644
2403
1800
2388
3804
1467
2931
1404
3957
2685
4221
134031
10773
1197
72012
2778
6279
1875
1923
14475
28437
3240
3675
61914
73665
69486
1329
2445
115188
154590
2871
68781
2370
1710
3459
3687
2799
2667
1941
50151
1563
73440
2019
1080
134955
2565
3669
2562
125643
1680
2955
4260
1980
3723
1833
1377
1986
26379
1680
8262
1344
3582
20664
3087
23076
140388
3999
2418
142299
46122
3459
85317
1188
3114
53496
2076
2718
183507
4893
2085
2796
1857
2130
66516
90201
19425
1725
1644
1701
1551
36036
78360
2973
1659
78453
21771
55005
53496
6087
1749
2982
1011
2268
4131
3273
1149
17202
3222
1518
1986
2103
29289
4236
3249
2895
10395
4965
3660
18108
1560
240681
1674
3054
2238
3072
1947
1998
2784
247614
2058
3636
2658
1287
2262
2781
40848
1572
69984
1737
266253
2151
1482
2220
20646
1545
2301
10395
171861
63189
17679
2127
257283
2910
3444
1662
55062
54375
123807
6381
3105
1974
2571
2955
96462
1371
2271
161361
81621
3414
14913
2820
3918
40236
2394
1566
27552
3573
4578
11124
45849
4314
180744
2541
23385
177777
1803
31068
2709
1887
4113
3378
3120
1833
4860
2097
12660
4089
1557
50916
4668
128313
2367
3240
86529
2610
2022
21531
3336
95670
4809
2253
1188
108570
1932
4560
1752
232074
143058
2925
1104
232551
2295
3000
3270
1509
4416
119217
5511
4998
21453
1743
4194
18387
1092
1995
1530
103455
1668
53691
2325
22911
39297
2064
1008
3204
2238
3261
2622
1677
98436
28650
57405
3174
2031
158172
1635
2670
65076
1326
1734
193692
3321
3849
2190
3339
2508
957
1521
2100
159075
5313
1938
90141
3396
2919
1290
1008
1563
3783
13254
2730
44112
4614
2250
2322
2415
69540
3909
3048
1248
2919
97125
3438
2406
1560
3441
309483
1875
117096
2892
2268
58062
1881
13413
2088
41742
1206
268449
1989
21618
64467
3069
2691
4116
1932
55128
3579
24492
22338
3561
3192
2157
4773
2913
2352
92607
2118
111495
1911
3465
2202
69870
3339
2802
1263
2388
3795
3333
4701
2373
3330
4173
169083
81951
2439
4902
2271
2511
2214
3762
1581
25674
3246
1938
44175
1683
3294
1086
2496
314091
5268
3249
2145
89124
4581
2508
3630
3255
79986
63144
1647
2673
16800
3567
3438
26814
26901
3126
122874
65295
2874
2514
1749
2787
3372
2142
2745
2361
90534
696
46221
111015
1842
2655
2202
1554
116442
2526
2622
2517
2169
7218
3855
3603
91818
5367
2529
84057
2694
2721
4386
2892
3297
2130
1965
2361
3675
3441
153900
3324
2004
1080
3519
3015
2535
1371
2580
3198
37275
3513
3045
1722
2715
2847
93930
85854
2181
1983
2190
250626
4503
3420
51618
15483
1986
1839
195
1815
1992
1803
3036
2712
1923
1614
2727
3570
94533
2601
1956
2457
2070
1626
3702
1998
1971
39483
1803
138639
27120
2445
2277
1641
1908
4512
1758
31383
2286
2697
106566
2508
8178
63072
122319
3057
2145
47244
3567
6552
1770
19602
2037
2610
80364
2928
22095
21084
124020
1716
2412
2352
3066
17088
2007
3441
1836
7287
29328
43023
2166
226092
1197
1518
8436
2622
99372
4035
150639
2538
1833
1269
1842
41742
3243
2301
2184
21906
1944
1515
1365
2502
2508
2538
273168
1122
2463
1710
2658
4152
1653
338856
2940
2310
1119
2436
3699
2499
5202
2352
39825
1812
69516
13074
2601
2247
232248
2235
2226
180561
133650
2487
1854
3564
2133
2409
18642
2382
2505
2772
1668
3975
1824
1830
1401
59493
1092
2214
46287
2229
3237
8718
1881
1638
25086
84879
3930
5718
2358
2169
3594
2718
1281
3066
2382
49833
2544
2853
4923
4707
169989
1968
94776
1518
2751
3138
123711
3531
2649
1386
4410
2001
144933
2097
33312
2760
1695
65964
70335
2142
5871
2613
2280
11019
2802
3618
2361
3210
2616
2772
2121
91650
1512
31011
2802
2001
327
4893
2067
266913
1362
2319
2151
2250
2247
51150
69108
61449
70878
2673
4356
2733
1206
2268
39930
2046
5505
1416
75432
165777
1758
2271
4626
33939
3075
3609
2556
3237
2067
298437
2973
2724
2844
1824
1902
2742
12003
9474
2421
4767
127065
1731
2997
2379
2175
288
2388
4407
198951
131214
2598
2331
4422
43848
34608
33447
4623
2847
1326
11706
3201
78804
2151
2055
2808
68769
924
3033
65565
3249
162678
2184
1752
1731
78420
32814
70899
7755
143253
3225
3246
117558
39120
3246
1302
2532
3711
1518
1035
4437
139011
1743
1731
43236
1584
1026
1569
4110
15810
4425
3078
1548
18471
9900
2913
2499
2877
5025
15930
3516
1896
4308
3009
6846
2289
90525
3477
3717
1101
130617
1944
2418
30375
2379
222981
18270
2265
2175
1578
1671
77073
30708
5013
2940
3690
3087
2973
1203
3417
3531
2022
2388
3024
2646
1668
2028
59199
3582
1746
1935
2487
3081
15447
2877
1116
2118
97422
2565
4677
1176
2457
77460
2883
4062
38070
1071
70953
1887
94608
2157
138228
2493
415227
1956
2526
1872
30591
2508
3030
3363
3114
2061
56952
3675
2133
2211
12426
1395
127779
1893
3006
2436
1749
2016
2136
3084
36609
3822
2361
3345
1914
50427
1761
2358
2145
3783
4002
2865
4473
3426
3363
147168
2334
2256
2163
2964
3063
2913
37629
1131
2139
3294
3054
3306
1953
3255
5613
1389
2427
100272
2073
1131
3432
1932
277521
49962
2157
44220
2418
3126
150237
71376
69387
36447
17895
182472
68976
4287
2385
3681
2055
2814
3567
2136
1443
147186
57699
1269
14805
4104
16026
1881
49059
3642
1518
3246
130035
3510
3267
1488
1914
69885
1845
1305
4437
321
2694
2262
2223
5946
1428
2856
4338
2019
1059
3435
2505
1818
3552
177552
4338
2751
233625
12654
1743
1635
3225
2835
34275
2556
2112
3102
4815
15720
3663
3255
2409
3501
2634
3810
2442
1863
1536
4338
2949
1821
3390
257721
127248
3066
2757
2694
1701
1764
1797
322452
1617
3849
4704
1263
2961
3012
90408
21828
1977
2814
40995
4308
2889
2727
3405
9339
2091
1584
2709
2259
45714
2574
190911
2676
3363
2667
2367
1575
2526
3420
2232
72246
2277
37386
1911
49188
54024
1803
1926
159291
109479
168696
1797
1509
2370
1353
1650
2445
2394
2730
2049
1671
36354
29844
2907
1185
2388
3141
1461
1644
2238
1992
1686
2265
2223
213543
3003
7920
3354
2256
28716
3534
1398
2358
3783
3621
1473
2772
83409
1419
2115
3060
25272
2421
109011
2442
4743
1536
21063
9594
3453
2049
4188
46950
1605
3021
74910
3498
915
3213
1335
81399
1815
2022
1671
22995
1749
2361
1524
1632
87399
2268
2112
2613
1629
61302
66135
3102
19632
1002
5424
1146
15396
60063
32469
2670
1371
114078
2772
2265
69771
2382
57333
2532
1734
2895
2157
3807
3735
1797
33024
2949
226083
2286
7077
41400
3411
27978
1992
4455
24792
4911
2091
3582
2601
43098
71118
3183
10779
1590
3726
3225
2808
2802
2832
1899
15258
2385
3396
2379
1611
364617
4398
2607
3849
2175
1743
128073
2007
2334
1455
1800
16476
2925
4158
74166
2865
2145
17514
3735
70545
1794
2001
1548
3498
5097
2130
22689
74553
3126
15012
2979
2865
83361
81186
4638
2868
2382
331884
2220
3183
1530
2964
2214
2232
1251
1728
5259
3111
2235
1932
1191
1677
1104
30675
2898
1563
1437
27306
5127
1827
47649
3273
2835
2547
8685
399
2121
2877
92571
2685
1737
3273
2607
1824
2604
126798
2817
20187
2373
3702
110283
3525
172197
6369
3471
2010
3537
50025
112506
3828
1860
56226
4629
2277
2100
3030
2757
27360
2739
2745
23037
1392
2370
2979
22689
1041
228483
3888
82071
2628
3447
2766
56508
2928
3303
2793
218565
2172
1977
4986
3138
3885
3381
3597
24966
115143
2298
4053
3108
4272
138468
21585
2871
4644
4161
1095
8658
1671
2349
67713
1254
3219
94473
3366
64524
3027
115296
1467
2211
3756
48900
1632
4218
4410
229818
2250
7059
82491
1317
2109
2364
2091
1758
40383
6333
2583
168633
1152
32370
75558
3960
603
2697
2286
2226
79011
4062
81729
1623
2712
3318
2289
1743
2379
2013
2697
2385
3657
2850
3270
3846
76554
3801
2736
218916
45738
2691
2904
1113
2883
1497
2871
3138
123093
207381
1377
40836
1989
61305
1434
3306
108696
1410
1935
3444
3072
1929
1842
1668
27711
9591
1227
3120
71769
1854
2346
291183
1920
1296
1803
1488
3909
2352
4068
1668
48357
2916
2892
48114
2799
4158
2058
2160
251916
2214
31590
3825
135744
19656
2727
2469
2424
31536
4038
1089
2766
64899
2553
2136
1791
4422
2346
38328
2184
153981
291765
4257
2655
15387
2976
2115
2538
47277
2313
102684
507912
393
38364
213978
76614
2148
165621
2739
77232
50070
1746
136329
2478
996
9903
2379
3078
3852
2739
71817
75900
2028
4641
18027
3267
19545
2442
25872
3771
2733
249282
3081
1353
323247
3069
191724
10737
101688
246864
1710
277251
3231
53592
1842
3852
3096
1713
1227
3690
3159
3171
2190
3207
4257
3207
2706
156918
1884
2358
3249
157059
2268
3639
8658
3264
2547
1977
86226
46995
3318
1752
23856
2979
2973
1476
2184
3324
1581
1707
3996
2769
3462
9318
4311
69759
2520
3405
41472
61524
2430
131907
13419
284064
2157
2430
145158
3123
1617
203019
3228
2736
2460
57045
10905
2592
200634
1605
2235
2058
3270
2229
4257
3453
1971
3468
1497
1455
4761
2499
2157
1569
2457
2550
1458
91065
3240
2463
2208
3204
312
2589
4533
1065
2427
54306
18246
2604
2247
149931
1998
2298
54411
181197
2382
2874
70527
10050
90585
2919
75972
2094
2340
40065
314580
55764
47382
3387
1347
1284
2532
410022
2061
2046
23223
83259
2346
3231
2844
2013
2988
2151
1074
73146
2583
3015
44307
1590
155502
280500
3348
123102
383211
1485
2919
3219
126651
3177
3786
76371
2937
1704
2685
2316
137253
1992
306774
5259
3870
1710
1527
2868
1374
60255
2295
16629
2844
40827
2673
2307
153153
3354
39297
1806
2457
1935
1608
2811
1848
1875
65190
397764
1437
4803
4056
5508
46353
2319
73758
4749
4332
83838
2217
2463
3168
1020
2739
1842
337770
2697
3642
3975
3570
2457
33435
2466
2880
2538
2424
3546
135753
2988
3015
1485
1632
1905
126804
5559
1533
3252
1947
5139
15864
2163
1740
2805
40743
1470
111843
55746
4599
30279
3123
8571
2082
1557
3420
2733
34677
3300
23112
3012
1797
3474
4449
160647
1950
423
1572
3414
27396
3669
2328
34179
53367
2193
2994
3576
3183
148134
3168
1779
2088
52671
1869
2028
4734
102696
1347
2526
2985
1911
114099
74034
26595
1896
1518
147021
2841
1629
2271
1863
3084
5208
2592
2430
2352
2127
2553
2865
2388
58638
2304
2835
75690
53760
2124
4089
3360
2349
52557
2619
2385
4656
3315
1596
2058
2349
2451
53742
1257
229371
3027
1617
2799
1137
2994
2646
3981
2205
2358
2496
1122
2628
1698
103614
205653
2310
2619
114915
18354
1707
136530
2049
199080
3447
3174
2445
1098
2157
1983
3498
3867
1638
64806
1452
32259
8208
2163
1236
4602
29262
3213
2904
4638
1623
3438
13638
2814
2613
2235
68007
2112
3735
203688
103056
1869
1065
5892
4257
3882
2028
2082
2202
1977
3108
143199
76323
1890
180102
1194
1911
3165
2103
3252
2991
2775
47985
14061
900
2559
2334
1914
130824
1308
77793
3342
1938
66357
1452
52587
1440
1626
1938
2199
32424
174465
1656
3468
26706
2709
15468
1371
1809
2970
1632
3408
2751
2388
2967
1902
18990
870
1923
1737
2439
250053
79194
33495
66219
2187
2982
3297
3465
3627
2067
3069
6345
1170
191244
40803
1752
1872
2124
5211
1689
2754
22257
3885
3597
14778
3732
2307
2631
1560
102156
53331
2664
1524
3579
3642
2130
96609
2409
2640
7761
2406
1764
10875
1731
57435
1752
2409
5223
2397
93777
3444
32649
2841
86430
5247
1959
4323
4905
1362
9510
1545
4275
2787
2109
1527
1935
54996
3447
7353
5166
2733
137691
8190
12258
6621
257787
1992
2277
2790
2445
11631
2280
30210
43029
136812
56994
66588
267591
3066
1602
10638
4467
2814
2478
4002
34212
1899
3057
46926
1971
62385
1992
2082
1767
3555
77778
61308
2586
18153
4854
113304
1464
41682
5229
2616
2628
1317
237831
4302
2763
2475
1956
2262
2601
2610
70896
1893
1623
97674
6090
4470
3564
3240
993
37653
104091
564849
1614
16884
6399
4029
151230
3156
5760
2895
2208
94710
2835
1908
2100
2103
346569
2388
2016
38937
113244
295995
26760
3162
1932
2076
3096
81750
2415
2358
2133
2352
1977
3936
2283
2172
52704
1473
3222
4143
2625
12846
1686
3171
62193
2976
2091
42336
1800
43821
1461
2325
1986
2067
271680
3450
1224
1719
2856
1092
2430
1407
1947
2649
2025
2157
2229
3195
2883
2880
43716
1527
2175
21525
4233
2274
2073
2721
2511
55452
89319
14097
1608
3231
30747
2550
2412
2646
104532
2334
4341
2667
2823
3723
2271
63303
4170
1605
115056
2580
2193
2532
2955
6234
2481
81093
1071
1911
2184
2457
1500
1281
56850
105417
2259
1692
2499
2553
879
5826
8436
3555
2658
2298
3117
2673
98982
2088
1533
86049
1902
1620
1602
98502
33213
3456
183180
2898
94620
5550
2235
5505
1899
1671
1749
1866
1614
26004
2970
3279
2349
1530
2355
92640
1401
1251
1761
59538
3738
1248
366465
49650
3579
2574
2289
2727
155283
2628
1926
52071
1803
491520
2892
2937
1197
132063
2229
1071
1905
137664
2226
85491
19773
2031
4323
1809
3765
3192
6315
2361
1344
1428
1638
2262
4533
1656
3435
4866
2412
2340
23091
2010
1674
3909
2496
1626
21393
150549
1764
16323
1719
148800
30498
62316
55083
3096
2952
7617
21540
57336
3342
5394
1626
80073
3387
53583
1044
228906
50193
178920
68460
2373
1092
2382
29538
1629
4542
175686
2118
2166
2121
3546
14922
315
2805
38733
67617
48645
2598
3447
151239
2331
2004
65154
1596
3006
2847
138579
1404
2715
19887
2274
2892
66549
1881
2151
1770
2193
2778
182292
3813
235503
4968
2673
3486
1770
150624
2274
3378
276585
1890
2409
74217
243090
3414
22542
3648
4515
7944
111879
1254
2025
56010
2088
4062
28677
3084
3147
50796
2613
1554
37440
4656
62943
4515
2064
1095
2250
25239
2436
3549
18453
4074
2610
6681
162669
263238
3528
1968
2037
104661
5259
1686
169494
2223
2976
1935
38214
2178
114966
1449
2154
1290
2145
1989
4410
35214
2610
1803
2865
1338
3015
1827
103698
1995
489
80313
3066
3594
66387
2766
2895
2208
2868
2970
2646
2937
1833
30939
2052
2982
2793
3243
149259
20385
3525
2868
2505
2145
1440
106764
2631
194781
2751
2019
4131
2808
15099
2379
20769
38898
2205
3285
1569
1698
17052
123042
3555
230715
1980
2586
2418
3777
948
2016
1326
49947
3369
44622
3546
2850
2835
1359
25755
36456
3291
1707
3516
16665
1131
2883
3219
759
6711
2199
50844
2880
1722
219003
3399
2016
110592
3708
337203
4623
1977
1305
4032
2037
249885
2202
2100
1329
1989
3951
2127
1629
143568
198276
2520
18099
130791
1263
83586
1887
5460
4338
1908
60222
2370
4311
2346
1389
1602
198834
2472
2637
1689
41970
2340
14529
9981
2322
1383
157854
2892
1890
2994
76050
69717
2088
1479
411675
21720
2058
1620
105972
3207
1833
1500
2025
1608
100980
2790
62424
94767
89922
651
3720
16203
195675
2736
2652
2949
4404
42366
2973
22668
11412
18228
1509
2121
1665
1395
3018
3039
1761
1908
84981
1887
3732
2883
11364
2541
2205
313515
40707
1446
1575
35457
3168
2706
1434
2004
1536
2343
1290
1509
4089
2271
1872
13206
37566
134175
2379
2004
2871
1113
2355
2913
55578
2955
2793
92319
5736
16239
3873
3051
12738
18318
2673
2184
56070
3366
3447
2079
12276
98883
12351
3267
2262
1863
2268
105159
2106
1725
1212
2091
3192
2376
2211
2958
3657
3129
116439
2070
1200
60879
1887
1830
1953
1278
2499
14940
3777
2121
2766
1746
141507
3507
1539
18255
3753
3012
42549
111180
149997
3546
4905
3393
95292
3090
120300
313917
3204
2949
2079
1116
2013
4248
102537
1581
2013
1305
93423
44193
1662
40887
1674
1893
63516
2064
1962
2286
1845
69702
3054
2808
1041
1812
3174
24693
2673
3015
4602
2379
7395
26505
1719
1731
7512
3267
1935
24762
2838
69555
2646
1806
1932
1224
127383
3135
2430
3222
317325
2202
2241
156255
2571
26367
17199
1194
9423
1131
5697
26304
29463
2694
115176
2010
74292
1497
5388
2856
3837
1923
8700
4089
1644
3687
17286
140757
3627
81444
3834
2994
38697
18864
2331
165051
1686
20292
2892
125973
2391
2748
3192
2406
1395
35349
3213
1938
3324
3636
1383
468
2802
120348
1983
1656
1824
116277
7533
2994
1548
1479
1755
1308
1494
2160
69063
2865
3138
1785
1545
2511
19542
71127
3960
27195
4380
1845
2784
1455
3216
3843
1497
83049
3669
241611
2334
2811
3225
181413
129132
34290
4992
2829
2850
2373
3129
139377
2328
25944
208179
91098
52647
1860
102222
1908
3159
1890
2628
43371
1845
3405
2292
89133
1890
1773
1476
1791
2292
147858
2745
2583
4158
2340
2529
3276
1845
2748
3210
2889
140400
3207
89013
2316
55476
62358
2514
1395
106155
2217
1464
3714
20178
1461
1830
109176
52554
3372
32067
3666
2622
54507
3447
284565
3297
2292
2529
2172
2016
2868
43338
2676
1047
1386
3324
3126
2094
12264
2697
2937
171255
2181
2070
3045
31002
1230
32664
255444
1635
2109
48390
1500
43356
90780
2220
3048
67950
4191
1638
1116
75336
173049
3546
3513
108384
2604
3948
3486
2535
2562
2202
2343
123591
3990
27405
2565
33291
2190
2904
1962
2859
186114
3306
3423
1857
86589
40164
4473
2508
2589
53574
42873
2739
1971
978
3084
1887
2322
1710
3288
5169
1539
2538
130611
2865
2298
2493
364485
1809
3663
6573
2073
2493
5079
3963
19908
160545
1737
2217
3366
2775
2757
1716
2949
3558
3990
4299
2898
198342
3042
2430
2412
21546
2535
1782
3303
1350
3285
3180
3537
3555
510378
59157
57618
1593
3423
367224
2712
3750
37941
2298
37485
702
2010
3087
55071
1923
120213
31941
201267
75576
260730
954
15858
4113
25434
1887
1404
1707
23541
32562
157599
2403
3063
1569
2364
2055
4188
46410
3843
27924
1200
1044
17499
1401
5658
18459
2622
118839
1452
2499
441657
1596
1899
113505
1749
2085
1509
5205
83214
2202
2937
1653
226740
1935
2142
2898
2496
52632
42231
2166
2187
2025
2913
2028
2919
41358
14082
2508
1395
2532
1527
1671
2079
1413
1932
3777
125259
3465
3597
2955
2352
1776
2013
2181
53865
2511
42075
1305
3774
2943
11943
2250
1866
100653
4464
24369
1602
1836
2166
2484
1206
38622
3294
1584
273900
2061
69387
1782
2550
31209
2523
1761
2313
256752
63018
2826
1824
214581
70587
3288
313611
23094
152838
1440
4038
3180
3279
1944
870
1896
2334
115890
29529
3762
2340
38250
4089
2694
2514
1701
1917
45615
2973
53577
1566
2082
1176
35025
2232
2934
225729
2649
2796
3483
1089
3588
1110
1188
1593
2925
3318
1053
2061
1527
2046
1722
89400
1776
69681
354777
1278
59313
103146
1407
1170
62646
1512
302019
2343
2166
270516
41358
1707
21405
21654
2379
1257
2388
2445
4308
3639
2082
281073
3867
1908
1638
2628
4194
2691
2700
2016
2751
82512
2706
2766
993
139248
3132
1797
3768
3108
83538
3747
1803
42537
62862
3990
2259
1746
31647
2748
10290
2850
55521
3063
25374
1260
1698
1233
2295
1725
4977
29901
1941
103149
2022
43953
146499
44565
2772
2844
1596
7617
1743
1713
103278
158100
3981
130275
1569
11637
31890
1602
146415
2331
41955
40539
2520
1923
3078
2223
2466
150165
30063
2283
3399
15504
3315
3456
4770
2733
2292
55926
5592
2754
129690
55206
1548
2130
10323
14460
2967
2178
52410
37320
157293
2139
1746
23295
135150
1269
108699
2505
101496
1638
34344
2502
1950
2076
164016
1275
1821
3774
42762
22959
1833
2094
1575
253518
110025
52026
3027
2007
31401
4881
2091
1674
62595
2703
2892
206472
1206
4002
4968
1848
1893
2472
2163
15000
2781
1548
2889
163770
3039
3456
2646
2592
33849
1824
106089
4605
3768
4434
50643
27297
70872
126768
2772
1548
1776
31809
3468
1731
19500
2631
11616
4902
46815
2169
3291
2859
1911
214065
133161
1182
1461
2397
2592
2175
1752
4278
4242
36576
3192
2010
2115
1968
151770
1281
2451
3702
3276
74037
2709
2217
49611
2529
246030
293391
4974
174675
30504
1785
2226
18093
3783
1497
3345
26925
1386
1665
165855
3627
1737
2637
1419
1365
807
85224
8574
3072
1905
2415
2655
2562
210321
4830
1491
8511
4275
2436
4065
1791
60879
90459
1581
2229
2769
1395
7182
1284
77862
1623
2394
6375
31590
51498
3528
27981
5037
2778
200550
184956
10815
2166
215544
83946
38070
2403
36402
1872
2274
8604
3072
128061
1452
3540
1071
40944
182937
178287
73743
3051
3102
31695
2157
2148
3717
4362
2112
3639
83325
3003
2070
4596
3081
4020
4224
39075
1425
4320
2103
2505
3768
2577
1614
69489
1542
20064
3993
1920
1503
151347
2586
301704
131919
2922
1530
172566
3363
3561
999
76539
115593
2223
2844
54330
2982
90783
3915
2373
1500
5205
13980
1713
165879
180507
8184
2250
29757
2514
2163
95046
2715
2190
41517
2580
2922
2898
189399
2451
1785
78921
13593
7545
1521
3258
2685
99213
1638
3123
12513
1554
100899
2007
2382
2307
3246
22638
2610
2730
2799
2025
14361
2601
2430
4332
1998
5409
1650
2124
2745
1743
265050
3021
3069
2007
3156
1347
2007
75330
1617
54198
62784
2796
31935
2247
131445
42546
2358
50208
3807
2937
116292
85356
138642
2649
2517
19743
1833
3528
3771
2700
2064
147213
2775
1410
2022
3852
2904
3234
185094
1974
2826
4536
2451
26364
2118
2301
2181
2499
1449
2997
2937
1353
37245
3162
1815
5043
17052
3621
2355
1299
1617
1722
8433
15603
2091
1452
76959
81822
4581
2427
4209
326958
1437
1563
93651
3216
21201
4011
180096
52833
3450
3093
15906
1833
2436
5226
1701
1827
1500
2886
108162
3348
4644
2196
1845
1533
3381
3009
1611
1719
4599
4251
10236
2637
3849
3537
1584
53349
2628
2676
2151
2193
67902
2040
3228
2007
123582
3780
1932
2214
8088
2112
3657
12318
2880
3252
4389
155517
3867
79389
2436
34173
2568
119454
59100
1599
1974
2103
119352
62946
1977
21153
1929
2448
4587
6090
122634
29412
2646
2028
2271
2970
31782
12132
54351
2805
1398
42339
2049
19065
4473
28773
342324
1773
3771
6267
34671
9390
4434
2235
18588
2937
2904
3198
2697
3114
3081
3693
13434
41784
3627
2424
71238
3633
1911
30966
2055
1968
1563
15252
10833
1881
1638
1704
3702
144168
3147
9783
1782
1902
3537
206037
1992
3216
2043
5580
3969
5649
1335
49854
1353
23838
2475
653106
4386
1119
1704
121029
99165
224259
3720
3015
148158
212193
211362
26778
3606
24882
1644
1998
2370
4047
1974
2169
4680
1632
3690
2136
105081
4614
2145
4305
3051
2334
74490
24426
3258
2703
4944
82161
2328
105447
2055
1932
2394
3405
101553
1422
2442
58128
2823
3462
7563
1683
4221
5025
2328
4779
1428
83097
2835
2730
1725
2679
4482
5352
3210
2451
1821
4689
1533
17955
3330
825
1668
3081
1887
23943
2859
2730
2085
32169
17337
4281
243873
780
125715
1995
3048
3627
3054
92496
2685
70314
2721
2469
4344
3390
2787
2040
1323
2595
27090
87030
3006
2166
24171
1800
195888
1926
87891
2097
3504
61404
3267
1341
3663
2331
1827
56826
1476
95184
190296
28953
114324
1416
4038
3288
2007
2931
5040
3462
3750
12348
3693
2178
1698
3444
3180
152730
4314
2934
1902
60300
56487
19035
2127
2373
1806
3012
1731
72579
1533
2184
2901
3351
1638
150213
14250
9498
2043
1809
1083
2205
47613
2472
1395
3663
35331
5388
2541
99657
2619
3303
18867
13530
2901
3036
16575
63663
29430
3426
3357
2862
2370
1956
3954
3315
79431
1857
2124
87723
2121
4089
2802
3348
2202
108432
3081
4335
2544
123678
4590
175386
1701
2709
2547
1527
1890
5178
190719
1788
77541
2379
3903
3156
62133
1827
2001
2817
42951
2070
3987
1533
3474
94212
1491
999
34554
23916
2481
4245
34953
204819
3069
2649
1299
3354
3042
25812
1563
56025
3558
1554
600
1908
4278
5172
2469
3387
4575
3486
5916
1980
1737
2034
4281
261963
2169
28170
1893
177312
1869
1674
67620
1986
2160
1947
4503
1446
1935
1782
56268
2430
14103
2883
1995
4431
3792
4335
4359
4119
2946
3273
29268
24747
15372
2202
29478
2973
1746
56523
146565
24735
2643
4038
2484
1398
13515
2454
97671
5145
2097
2655
2445
281268
22143
3180
5019
2517
80685
417432
1290
5709
37623
2511
28902
5772
2634
2670
2880
42657
3708
2229
178794
3555
2523
97503
72873
160059
212607
4497
202542
62748
1071
2553
1632
46371
39375
3291
29919
2649
1887
3624
117531
91359
29559
3738
52818
11559
140733
3648
19992
1242
125724
3177
2097
1191
1815
53760
5703
1905
1542
10269
12732
50265
2721
1395
3087
169248
1779
5457
3762
9876
150573
1524
2619
3045
33549
3042
27069
1995
2220
2529
2376
2367
12120
1971
1821
70095
3363
1902
25362
3192
3639
122685
1989
30288
3054
2052
4338
1929
119841
2085
74457
3417
1137
4356
1716
1692
80853
2247
1614
2199
2160
2826
2634
204828
15780
1833
366291
46026
3294
3171
2985
3318
3381
4596
19068
5160
37827
1089
1869
2166
3126
217776
93762
2280
1689
3132
8640
3237
2619
3864
83847
35247
1611
1929
1704
5613
1449
69297
2589
3912
2172
4773
3585
4335
33393
87612
2829
2955
2556
4422
3345
3069
15645
3054
30774
2607
11730
176673
2664
7656
2796
2406
3654
21594
393
2610
1482
2880
5571
2046
1170
2808
2457
2292
2073
2229
1212
2808
2082
2157
1779
1629
271026
100140
6855
1266
2094
2058
83037
2850
1617
1008
110742
112956
1347
1167
2457
30543
2751
3681
2508
1998
3879
3201
1707
36546
2679
36801
34341
3639
33582
2844
4110
84522
26517
2133
3114
3180
1863
2415
58434
7548
23571
7971
18069
3114
55194
4302
2874
2580
142584
40680
1662
1953
3870
123066
1704
3411
2355
128742
26700
4122
2226
51645
1908
5745
3309
9423
3405
3810
2442
2310
1584
2448
1572
2556
2757
3321
26838
1704
1845
4752
999
60663
2217
1755
1629
2523
3444
100641
3432
2898
2970
1293
3885
3558
2784
3375
3036
4068
21582
3297
246
1707
3957
2337
3486
28962
18861
9594
2454
26577
146181
213735
2952
217539
3717
2499
49551
1332
34248
144831
3705
1956
3951
2718
5094
3078
27957
77460
2193
70533
5277
40965
113616
309450
2481
1638
6060
3507
1779
2205
3915
1698
165033
2280
2520
1515
1596
3102
1503
2880
2118
2643
2130
1689
2469
2886
423234
63963
87036
91491
2259
2034
71988
3441
2376
79890
2385
23130
2418
2328
32481
3030
1485
33099
46581
1980
3807
70830
1776
3348
2514
123333
3879
368043
358491
2715
3948
100485
6906
2601
2400
2193
1365
3315
23694
2712
2802
59853
2796
3240
2100
35172
2259
3078
1326
2025
2724
5130
1179
117915
4362
1902
2937
193362
2967
119079
1152
22497
57327
477
2331
2640
3555
83196
42876
4005
126996
31527
20427
4155
56973
3117
2607
13653
33306
2061
19137
1851
2097
1959
10074
305940
1950
2739
66135
95652
2796
315
3699
2733
2199
3192
1557
4185
265278
3000
3615
1041
1980
2079
2088
2442
1212
1245
2820
3087
3522
2295
2910
1227
1464
77550
1905
2133
2553
2523
370029
3120
2562
4548
1620
3558
2751
2703
36438
2034
1287
2829
2970
1563
33786
2343
3171
1548
2817
43218
2457
1824
4350
924
125274
3729
138777
61068
4092
77226
3117
19836
2859
2733
66837
4245
116472
1740
3561
2610
1938
232524
28734
172167
2535
4104
2388
1929
207759
3471
3429
257628
3066
211683
2442
71571
1491
3729
2061
1308
3249
3981
2853
2730
76836
5373
4143
1890
3180
15771
3258
3834
2607
3279
31965
98016
4203
364236
1629
160635
1965
1647
2211
2289
3594
3945
13641
2091
2364
47187
26523
52221
1827
58209
2163
1554
1401
1797
3108
2304
83835
2205
3897
2244
2067
26355
2475
1410
1977
1854
4371
2169
1899
1785
2652
25884
2385
2772
3087
2322
76140
3210
3366
2514
77496
3840
3066
1740
4893
5535
199173
2247
1422
5100
3201
2802
3036
129930
2877
5031
2784
1551
30624
1500
2112
1719
2061
1401
58686
3300
21801
3006
4740
5616
3012
2979
2385
3747
2979
2901
103359
2940
1674
2385
3483
3042
1212
2064
1899
185121
4059
1908
3510
2883
1899
1908
2973
4284
2445
1923
2703
930
2427
2883
10962
50574
2652
3708
3978
4548
1665
3183
43728
31491
1794
1854
173985
4518
2340
40332
2991
78372
74511
4044
254583
1965
1836
3468
1878
4383
195540
2580
3096
1500
2358
3075
2769
81318
2139
2334
2691
4308
3018
2706
4245
37428
4461
4848
3006
60441
4209
24057
119934
5010
2199
108897
3519
3879
6321
2499
3123
85659
147492
3309
2874
3657
1569
2478
2247
3156
33255
2961
2814
65073
66516
3726
3249
2025
37566
306414
2724
4509
15759
2145
3255
1287
157116
1785
79800
6678
2703
4158
4638
2676
213651
2154
79524
1584
1566
2616
2853
132717
3429
2658
54018
1992
3972
104790
148806
4071
3681
1956
58416
3447
2082
3891
2754
3111
3867
23103
77229
2262
3987
4434
2934
5679
2673
2448
2520
2952
2832
171291
3105
2250
2292
268332
4314
2199
53958
1845
127887
215016
81204
10296
45420
1593
38613
79671
4137
2619
2241
30051
3174
81231
4449
4782
3090
31428
2799
4020
1785
2520
3375
2910
87303
65139
1752
1563
3432
3642
31920
3006
4086
19695
50232
1461
2466
2034
3576
2721
1800
1908
97389
1998
2307
120759
2082
2709
2418
2427
2448
1686
2214
924
75891
83835
2400
118236
68046
3660
3585
4563
3189
40524
2217
3183
3033
1734
2529
68187
4500
2202
28215
67515
2220
19509
2064
2247
2370
1572
75042
249726
120681
4290
6669
2214
7614
26991
1311
1551
1629
28428
2499
3774
2235
23397
4146
3882
2973
1899
31497
1461
3792
1479
2151
3468
4080
3132
4473
2331
3384
3642
4635
1212
2208
54258
220350
2646
1410
3546
1287
3024
101550
1467
3129
1896
2211
1557
106497
37848
3225
2649
1758
2736
66081
58659
1155
113091
3420
3549
1704
4149
3708
3165
1959
174312
1632
8154
3189
5118
4275
2670
1335
121848
1965
873
1440
46668
3759
3669
33384
2040
3150
1890
59031
1536
1065
1647
3966
5526
3423
47337
1560
32382
1323
3384
1575
3981
2982
1596
6486
3297
5385
2208
90720
4416
2085
1845
2397
171978
2250
2295
4938
13593
1962
1971
2094
22539
2406
2487
1290
3915
966
2679
1479
4920
1383
1845
5364
963
5646
3348
2679
2442
42216
56163
4332
8424
1770
2244
68883
4560
2040
220842
2247
13995
3645
1485
2958
2229
1404
2067
2466
3279
2376
1776
2136
1665
94701
1581
1485
15513
224463
117003
2835
1899
3240
2607
53406
89307
21225
1413
92151
1725
91515
3651
1683
1881
1383
3156
1707
2637
1977
1962
2961
175077
3456
1962
1254
501576
56448
3396
45381
5631
3996
2064
3003
77889
2001
8466
2037
3261
3156
83475
3324
2709
1188
34548
2535
2106
9864
2799
148887
1488
292101
1998
4449
2409
36909
1989
4059
9204
2748
1620
2406
1806
61284
3030
1704
3318
58659
981
1506
2310
4083
2559
6549
33732
1059
174312
2700
6222
2493
2025
1764
2562
3501
12240
2226
2211
1467
2742
2376
2682
4254
2496
229515
2016
66996
1812
3753
16677
34050
5034
27825
31131
3993
1962
1842
1854
3846
1725
1764
1917
153759
3621
1986
3600
2832
1863
3126
22539
1584
159843
33285
1203
4743
71079
5856
4206
1695
53283
113595
40317
1914
57051
1503
2181
4221
3807
3426
2079
2670
4269
2391
68556
158058
2982
11847
2133
3594
4062
2169
2964
2538
49398
50634
3033
2157
2505
2577
81756
32859
351228
2835
1815
3594
3099
73503
1848
2892
2349
2754
2691
123339
3246
4074
2817
24795
21417
3873
2598
39057
3156
65301
20034
2271
134550
2301
3081
1119
2016
2676
1209
1815
2517
36543
2448
4896
2145
1962
1809
3843
975
2328
11718
1368
5298
4377
86379
123966
9216
2229
1977
163971
2898
89292
16137
1128
1725
3672
4227
4524
77016
16098
3792
12525
3573
1686
2190
1809
1446
6213
3204
20928
7803
6981
1548
1791
24675
2967
2352
25107
1296
3207
57048
1113
160047
2643
2535
92037
13512
2613
114534
1932
2829
2577
50940
2700
1401
1857
2355
4683
2085
1665
3450
68604
3162
2124
1002
2322
2886
1008
2085
86469
1992
3360
11043
91302
2685
1083
164838
10569
1038
3597
3090
2511
2832
155406
1428
3432
1335
73752
2703
152691
1851
2121
2538
52254
1995
1656
192273
3534
2940
3459
3705
142812
4452
101556
50376
3270
166116
4233
107601
3099
2286
3033
157860
36105
80619
210519
29580
1008
21234
2670
110811
79896
2745
2637
2775
3600
4059
2256
3801
42486
1833
44763
1758
3720
2082
3624
2793
1920
2268
3261
1791
2166
2520
4290
93789
1467
1974
3468
1677
92838
46194
2412
2712
7890
83640
61593
1893
1506
23940
2079
25311
5811
2490
1299
2883
136899
1557
4092
4545
123843
1584
1578
1947
1800
66297
1329
103878
1905
2295
3456
104682
1275
271677
50202
2880
3030
63936
7161
2202
2946
6189
2610
28554
1701
4290
114255
1647
4785
1929
59217
114135
2670
2055
1419
29646
59538
73686
2433
54891
2688
5340
1728
2286
9621
1734
2370
2496
85596
1098
2400
4629
67368
5508
1587
65028
3498
2268
10896
2247
2850
1878
1509
72696
1743
216198
60807
1719
2817
3261
1992
162372
2082
1917
3063
1848
3648
2316
121818
1206
4284
3750
2853
8595
2565
49548
43524
1653
2106
3963
1608
2451
2505
2661
1725
81171
2484
2286
2802
1860
8835
3129
1326
1998
2409
2802
52563
70212
7476
1191
46281
1989
12915
34200
2289
2463
1824
2511
4881
38433
3798
1707
2076
2265
1539
4284
3132
1293
112566
26508
912
79716
1656
3264
180555
939
3606
5040
2550
61188
3825
70188
918
1389
172431
2190
2430
58125
2844
1518
52278
2232
74490
115044
1098
18336
77721
131532
120498
92913
2631
77775
2826
21150
4683
3168
2709
70467
59049
2073
2700
2709
3270
3321
8325
242640
2016
93960
1185
1842
3210
2859
115317
1497
228666
3756
1662
15486
1779
4122
1611
2337
26868
216111
1188
25779
3750
428589
3495
2490
2661
1731
3876
2706
3522
3810
17883
4080
3885
3813
3564
2898
56874
2574
159486
124164
3750
2130
1341
61668
5709
2958
4239
66885
2208
4617
1731
2532
4017
55476
2817
45666
3663
26082
3348
146631
35850
1827
77922
1035
1596
2463
3312
2037
3240
3441
3510
2556
23334
2112
1551
1503
1059
1818
963
13650
1671
52728
3456
3591
1836
69276
2022
3225
1734
1887
1317
1896
1932
2928
123054
3732
202524
50928
10128
127593
33747
2799
4104
2355
1317
2340
2370
2790
2661
3981
181563
1818
20010
4521
7077
2091
1827
3807
1758
3171
3123
2796
1641
2409
49989
2883
52368
5622
2910
1974
3093
1638
1827
2490
40437
2121
4671
91773
1311
966
37173
6174
94851
1563
1779
3048
3894
1860
73974
138117
2367
4089
5562
338619
15375
804
108393
4341
2493
2106
2367
2742
102366
2367
8262
84438
137010
4143
2268
4215
3132
3123
2544
177
3057
191226
3240
85398
525099
5199
2046
2043
1563
2793
2361
75588
3039
82170
77952
2274
2067
3576
2712
3093
2685
4011
3222
2967
56208
2253
2142
2181
195396
34278
3228
2940
374637
2511
2751
2049
3066
2109
269004
2352
75783
216963
229419
1554
3594
2598
2586
112506
41433
2769
2394
1908
74328
90183
2688
57222
6210
2526
2763
29256
79095
3609
5616
1539
3438
48639
1437
2091
1122
264270
2604
3099
2568
2568
34710
1878
2157
3198
3495
1176
387
3087
3588
33771
2451
4179
2094
2352
3132
3324
1488
1860
1386
2895
2745
2802
2403
27654
72870
2142
1782
1596
2088
2157
2583
4542
4266
3138
35133
1878
1020
5829
2187
3360
1653
4755
1533
3216
2445
579
71838
3036
3423
3204
1881
11457
18987
2256
3030
101394
1536
4362
1947
1491
1668
77943
2637
2331
2016
2220
4830
66567
38706
21234
60777
39639
4737
29535
1338
2616
5388
3291
6021
3876
2850
43542
1623
3369
1719
2769
2982
2850
1221
4638
89634
1533
468
2061
121023
2292
2646
268080
1629
2508
164328
6795
1206
9822
2553
1890
1698
45723
1062
1215
1281
1788
2184
1992
1998
2424
1494
2706
3387
2994
3636
3738
1665
4557
95994
2046
1440
3399
2139
117009
157710
3336
48906
1452
161937
143106
12981
37431
2313
8046
2796
3009
73464
2730
1335
1578
81153
177264
1497
3063
2253
3711
4764
2919
8208
1851
25413
2286
2670
2745
2385
2175
3003
5424
81399
97365
8775
1398
3849
1743
3852
1905
126189
1809
80841
2592
1701
2334
2847
3975
1962
3066
2001
2286
2370
1911
2181
3501
2940
933
2709
4035
234996
1527
266214
3840
3699
63315
3234
206361
2538
70518
96696
2223
2346
3456
28773
1803
1983
1137
1893
6792
4137
3654
40701
3108
2271
22410
29223
2883
2871
2685
3273
1221
1566
52164
1809
13230
1788
5898
2415
143877
57405
1446
2592
4473
103038
145308
3642
3180
3285
2673
4761
4887
3294
27282
2901
4020
10263
2799
137073
15987
300825
61845
21603
4245
6552
2040
97851
1791
2238
1617
4557
6990
2835
2169
2109
2535
4419
2733
3162
2532
2775
2013
2430
3240
1551
1917
2523
4011
1905
2133
2628
1746
2430
4647
2349
23070
76101
1200
180294
3090
2088
40818
1497
1653
13671
333864
2202
2307
1935
2439
1275
2976
20205
1947
2502
4752
3504
2712
2517
199131
1536
1980
3090
1407
2736
1707
3486
2964
15501
3135
2232
18654
333903
2820
5667
2460
2931
2637
1584
165801
164337
25986
14334
3651
2553
1371
1707
4974
3036
4293
141606
1869
2226
2457
3159
2103
36792
4392
1896
1350
272982
1803
158766
3048
4536
5010
2514
14181
151761
178614
4452
2535
167793
1773
1779
2382
2301
2136
1332
3975
35007
44937
3177
212337
3405
4344
3981
2229
3015
40446
1779
1647
2724
1650
1140
2937
2625
1026
2517
2082
3714
1554
3270
75018
22260
3216
1392
3003
2484
1518
95604
1788
2094
180084
663912
1833
2415
1491
198921
56556
3009
3813
3003
6447
1413
2964
1983
3084
65640
1782
3231
1287
1659
14091
4083
11283
2343
3774
119967
187086
33831
3849
2367
3756
3657
3771
4335
154818
183951
116775
3411
2235
2733
5922
1866
3213
1914
2790
1914
2976
256917
2049
3039
2592
4008
2181
11061
3549
15834
15153
66966
156609
2982
2544
2508
1908
1938
1146
4953
1776
26142
4461
59232
3435
1635
2694
1317
2688
87993
1749
2868
2484
216090
3801
25929
2538
84678
1890
240681
2682
2070
2157
1701
2886
2679
2370
148287
73854
2793
1974
1536
2937
3351
2304
196302
2559
1653
2355
1470
1686
2673
3234
4482
3060
1614
2403
2568
138258
3210
1872
2616
16707
1194
64887
2169
2418
31311
2040
2604
317739
2649
3153
24696
1077
14157
16359
1971
67221
12414
3111
1833
1665
78426
2940
204483
106431
50877
1839
1518
1893
2586
3090
1635
3456
3177
147708
1392
20145
3228
4017
3768
2937
3774
43050
2193
3093
1617
2433
3144
3684
3306
3309
1992
1953
3708
5004
1713
6657
2925
1572
2622
2574
1620
29580
2028
25197
3036
1650
2343
3489
1782
3222
4503
3078
2898
1797
5250
2595
3294
63657
2640
75072
2448
4788
2517
2007
3975
104199
2469
5415
2313
132333
1899
2151
2931
1509
93807
157677
1830
4356
41103
81747
2166
148479
5331
4035
2016
3744
73470
31650
2721
2253
1593
2331
2058
3684
2331
25155
1938
37695
1440
1389
54585
2388
9027
74226
5502
2379
1800
84555
176997
2967
6492
2586
1635
1284
24528
2823
2304
2802
6792
1983
1353
4116
777
1107
3291
1731
28740
3003
1971
143664
18279
1194
2406
89826
2514
3153
17493
2184
1344
2805
2442
138114
3657
2184
3576
1680
1710
3048
2886
1242
109827
125934
3384
15999
116403
2670
50382
3534
1749
78420
1395
3459
76233
2022
2463
2481
3855
1299
2397
2685
15036
81297
27807
3309
2568
2238
107049
2121
142521
3117
4245
2208
2016
29820
2193
3132
2070
1815
132309
5424
2016
2658
1950
195609
3069
3150
138783
2049
110079
2856
2799
5190
3303
3312
380418
3846
2181
2112
1203
4182
32727
2493
19983
5130
14805
11316
1689
13602
3201
1770
2322
216
2436
118836
36321
196047
58674
2844
1632
3972
1602
72939
1473
2997
21681
3456
2424
1650
192744
3726
129666
23241
1419
2169
3246
1896
2307
1911
3759
3882
9051
21087
2313
2349
2628
48741
2724
2616
3588
318
1896
2484
3018
2430
3075
25191
82014
1281
1932
27207
4071
4017
2883
2082
75702
2139
2802
3957
9003
2163
2250
3324
2298
144801
18591
2082
1947
1521
2394
19314
73275
75210
2718
124506
2523
1521
2409
2211
72597
2544
2385
1518
2322
2541
2571
39333
1308
2184
3510
4116
3921
46182
1830
1902
1644
3045
5604
2799
78480
3873
1815
40116
6642
1143
98427
3825
1464
13536
1902
1452
4302
89742
31185
2175
255765
41826
46971
20874
3048
1908
1884
5346
1755
1287
129306
2676
1521
4161
2406
177027
1740
2565
2904
4455
3372
1539
2679
2151
3789
1194
3093
15546
3957
3198
3234
6660
1338
3075
1533
4290
3147
139242
5685
4737
78417
3912
5730
1641
14301
32415
2568
209079
1641
1179
3660
266421
2721
3225
65517
1365
2073
2622
1938
2703
1737
1455
54381
1377
71244
2640
1239
137928
3183
4386
127905
2517
3252
2664
2616
2193
2130
1365
29313
3456
6744
1554
1401
17625
1581
4533
18363
1632
137913
3567
2835
148881
41496
1680
90390
1083
1728
55620
2049
187707
5346
2967
4335
3855
67005
4086
85986
1836
16095
2874
1206
2190
2163
1665
32109
83772
3102
3024
74442
30264
46908
3234
60507
3897
2823
1926
2310
2865
1965
20919
3171
2157
2643
34110
2793
1986
15939
5754
22290
244269
2130
3297
2958
3426
1863
2193
251229
1464
1569
4206
1617
1815
2724
38058
1344
74499
272064
1974
2799
21765
1992
2559
189219
57633
23040
260571
4491
1857
3852
49833
58734
98490
19206
3984
3027
1836
1986
1566
5523
93084
2670
3408
87057
68133
86289
20652
7506
33213
5538
1941
1002
23436
4041
6075
4095
5937
3174
39195
5067
185445
3228
16674
3870
169188
1581
35166
4482
2586
3435
2844
903
7104
15057
2247
1914
47232
2343
128523
3102
2979
86373
1590
2691
26091
42549
52089
3966
1722
2184
111630
2103
2037
3837
227598
147504
2322
1155
227721
4500
3258
2754
2310
2352
120066
4998
1200
567
25920
3564
22713
1902
1458
107481
57132
28269
38511
1905
2049
1059
2763
2853
1572
98259
28464
61545
3501
1008
152568
5667
2667
45327
20703
2457
1011
2373
193824
3612
2334
3942
1803
1551
2652
2193
162678
4587
1827
85566
2199
3525
3528
3252
1581
2499
19350
2025
37683
96054
3906
1269
101775
28665
2730
2538
4293
2436
2409
9774
41106
1908
4071
1872
75861
38493
2523
112071
3558
92049
389937
3180
3252
2013
1557
1974
279015
6093
3369
3786
2520
28359
774
2148
1821
2913
56778
1959
1032
2940
3807
7815
1908
7059
2073
3273
2079
4143
2727
2301
2760
3354
2457
3198
2586
3705
47289
101514
24951
2871
17040
3336
4476
1659
3201
2088
193536
1740
2046
1698
2487
2271
11349
3003
4005
1854
42294
2676
4515
3171
203745
123972
1260
2814
1749
2583
1944
167277
2340
3432
2667
1578
1905
1818
92553
1782
24825
4791
221421
78894
4725
1107
2547
2844
2742
2874
3000
73449
2901
5628
3057
1620
3615
3003
3375
2328
1788
3594
1839
1596
2556
36762
2406
3156
3633
3579
3012
55851
252210
1305
19245
2373
1905
3438
2262
150624
5007
2448
3189
1737
3693
26721
2094
2904
2892
2820
1935
2955
82245
3546
38196
2076
125439
1632
3114
162318
3339
3216
1032
2439
1530
63573
123042
1791
3387
2538
2541
1365
28398
2109
2502
69987
67731
1071
86319
1278
3000
3159
2745
41859
2373
1470
2184
3147
4557
1782
2634
4302
2004
2355
116154
2268
43710
1506
31140
1326
1947
74106
1047
146658
2640
2511
2778
137553
2187
3354
150759
2658
6333
2070
1194
3720
3444
2607
14085
1917
60753
5385
2295
2160
2958
2172
3141
2238
6012
3168
70875
2271
2637
2718
1749
2058
69951
2127
57927
20139
1680
2661
2178
252672
1368
43374
74169
39015
36141
4635
2238
3324
2481
2745
15093
2274
1884
1266
103095
3801
3948
2337
4236
2481
1710
1941
3924
6609
2094
147369
2574
2343
1272
10020
4041
2526
867
2853
1722
4260
2913
1413
125307
2652
1608
1764
185223
1020
2310
2229
17361
24975
1887
2637
2490
2835
3066
3732
1602
42552
2046
41922
185835
52026
3087
3720
2445
1191
1338
2271
1530
103086
1761
2292
1464
3216
30723
2388
2058
13929
2091
2142
2715
1749
1818
1809
1923
3084
1374
3024
2265
4686
2523
2544
170484
1113
2352
2346
372837
3474
3558
100290
4212
2997
1827
2142
3690
4725
2109
1905
1197
2955
3972
3132
216972
70815
4104
3510
1626
175590
1743
3591
3249
8376
3453
65553
2691
2208
184632
3141
15720
2280
2115
147945
2718
3552
3534
1110
1815
2739
4557
1998
114774
1869
2718
107295
46755
2151
1461
2187
1884
3150
3225
7005
38184
17028
3642
1707
4071
2760
51540
3198
46119
1785
12921
36717
72342
2367
90513
158226
3165
67518
3525
3426
5277
2067
2217
2658
3636
3453
99939
4212
7215
1206
1590
3531
4536
1920
2148
51060
7458
2847
3018
5850
23535
1746
1824
2100
2811
1896
2376
1539
3465
84036
3660
1914
31662
113028
3315
1200
24147
6279
2319
2478
2640
88068
2400
2787
32124
37011
3957
3309
1062
3054
1167
77451
2151
1260
1479
1887
17820
1257
2808
3084
2661
2070
84441
1410
3261
2160
1830
1617
26946
29148
66096
3504
1782
20391
1599
3168
19317
60567
31785
3561
119199
1380
2724
69981
3420
52605
2571
2109
4221
2277
4332
4434
3399
37647
226077
4914
11205
36660
3084
3231
24024
1611
33426
6021
2619
2220
115782
2031
2619
6615
2670
6183
2451
5397
1401
1380
3921
20511
1821
3258
1374
371037
3087
6825
3195
131256
2088
1362
2829
23676
3954
80220
2955
22401
75690
1533
1863
2775
2631
2457
1806
22356
69840
2280
17106
2571
2772
3117
80418
2364
58329
16539
5508
2529
2439
335100
2448
2370
1182
2610
3444
1518
1710
2736
3942
2238
2337
1548
2556
1530
30906
3225
1620
1272
1554
24615
2223
6123
4326
42636
1482
3477
3411
2259
3591
4257
2346
97767
1920
5418
2673
1701
1485
134286
24114
3042
115701
175911
6141
2370
3357
169440
2145
59103
3333
3195
2433
1803
6369
23850
1434
3387
26646
2568
2256
1953
18087
1275
2361
168414
58440
2796
79059
1893
2928
3000
59856
3456
3540
223398
2199
12315
4446
4071
2913
4611
24141
111450
2823
3291
2517
2550
4779
130029
1611
21102
3222
1458
2319
1452
9396
1566
66588
1782
1902
94632
3066
72489
3459
109287
2151
1221
2319
756
2283
45969
2436
1554
2397
234141
4797
86931
1554
3033
1605
1230
1833
37905
8028
2874
167397
1389
1659
27951
1845
72363
2739
3498
2319
2964
2421
2220
71913
1743
1983
1587
103119
2058
2190
2256
2859
304407
2814
120840
2478
62136
17406
44199
274305
94707
2928
2838
3543
55608
2559
52335
2883
2469
2376
2397
2868
1638
90348
1122
116895
1767
2307
2541
66519
3273
3864
2904
2193
2043
3525
2583
1578
1554
2334
2448
255483
9264
2163
2745
5190
3555
28533
2667
45174
3351
2481
1593
2100
1920
311715
3927
3651
1173
4617
83613
2346
5169
2673
2064
4338
76545
67554
2022
18975
4230
28320
32538
101331
17367
69045
1584
3402
1578
3441
2196
3180
2649
91389
4245
41073
112227
3255
2925
2346
1881
119661
2511
1533
4350
3219
4446
2190
4056
2184
87594
3801
3009
3249
79974
2769
2970
2757
3951
1992
2832
2181
2262
3480
3663
3939
870
50442
94968
2754
2517
2871
3285
2649
3837
2466
1644
3213
2619
33057
2751
2730
3096
1992
2193
3576
89466
4812
83157
1863
2085
2697
254088
1857
48153
4830
11472
2526
2178
2898
2109
1383
2055
1785
2805
2829
2130
2232
4128
91482
2721
3597
2424
2616
2745
2646
3099
1818
34806
2235
137970
2019
22734
3549
2889
1962
1617
2625
3174
35178
1998
2184
106293
7935
4020
58092
4098
115332
3756
1941
51645
1671
3156
3372
24138
1563
84423
3096
18273
20889
4422
122724
2955
2133
2352
2640
13158
2862
2337
3075
40836
40350
2001
2139
222087
1260
1725
8754
2322
1752
78006
17223
3027
156342
2265
2193
1686
1749
42603
2568
2085
25119
3027
2331
2289
2280
2370
275895
1035
2115
2340
2799
2241
2016
338718
2640
1968
2721
2349
1098
5037
3420
1332
36399
1980
2316
65811
11829
2193
2586
235824
2037
183948
2241
130518
1344
1638
2004
972
22992
2010
3051
1905
1548
3318
2268
3258
2805
56142
3408
2100
49575
1488
3591
3888
2013
1077
111531
2058
6195
2472
3321
2916
1818
1929
2742
2466
53031
2718
2130
10722
163065
3771
2232
89703
3705
2361
2802
3000
118341
3387
2976
3975
2298
3327
150210
37068
1962
71517
63876
2019
2160
3000
2772
2967
15042
1290
3138
1827
1980
2931
2082
2670
84756
2235
33639
2439
4308
2730
269436
1113
3036
3279
2778
1911
48009
1911
131658
65754
1083
4335
3240
1119
1833
44703
2655
4176
3588
72600
2541
158007
2904
1980
3258
37302
2835
2265
2403
2589
302415
285
2532
777
495
2268
1566
2157
29610
3990
131661
3792
3087
2001
3063
3240
180696
18696
135522
2274
3471
3357
38424
4317
29730
34044
3843
2646
3717
1986
7443
1554
86622
1692
1935
2313
69024
3303
1611
41274
20370
4314
164880
2160
1638
3174
73518
2784
29049
69207
11808
140211
2658
3060
125724
2778
3882
2916
3672
3531
7851
1776
2577
4200
53283
68694
39834
42999
1437
1422
2940
46854
6513
2769
3003
2199
18303
1869
3843
2265
13914
44307
3156
1851
2886
2157
1521
2061
142512
2187
46536
2880
1998
1698
23373
7245
17571
15222
2433
2016
4371
2157
12213
3150
1185
4581
3384
11400
2919
85668
4812
3363
1965
127383
3423
2664
3597
25977
3867
246297
1302
3477
2397
1620
73896
1179
27969
2919
5262
1743
3171
2805
1728
1926
2436
4089
2505
1029
3990
1917
2100
62595
1815
2274
2298
3381
15801
3264
2340
2100
101184
408
1740
5112
1476
2061
74043
2313
4638
42291
73434
95220
1905
143157
406545
5838
2703
3426
2460
33576
4248
1728
2955
5148
61971
2541
1491
10188
3150
132285
2649
1710
2088
2163
2571
2520
39975
3354
1914
2700
53319
1590
2511
4017
2436
5004
10500
3465
152490
1644
1566
2916
2493
3918
3750
32649
2865
3141
3525
4761
2535
1827
1191
10023
4005
104550
1464
3492
3054
1905
277059
45501
2409
49722
6981
3219
147333
1383
67746
72873
31665
18309
1830
180150
73380
3645
5025
1920
2178
5154
2733
2217
1518
143601
62148
19554
21855
1830
45441
3804
3654
1902
2937
128805
4407
2349
1803
72597
1308
2028
3138
3075
1680
11967
1992
2889
4119
1563
3981
2247
2712
2130
179892
2106
237105
7719
2886
1650
1998
4500
37278
2871
1884
2859
20787
2676
2376
2502
2793
5397
4071
1599
1038
2691
2601
3201
2811
5172
254751
129912
3366
3930
3093
2496
1707
326532
2022
3900
1239
1713
3774
1455
89718
18459
1953
2463
3231
39927
4629
1023
4386
14496
2250
2430
2160
2556
39813
2055
196248
3621
2862
1773
1461
1371
2625
3942
3849
72432
40491
1899
44082
58620
1392
2316
128358
25533
2694
106413
169134
1518
2469
1374
2103
2139
2679
2919
2826
1170
1380
72591
3423
2109
2517
2616
1965
1965
1092
4407
1281
2199
218277
4767
4527
4002
18690
151356
795
276657
2085
1476
2553
2940
6225
1533
30390
987
43218
130698
2967
52479
2724
62688
3849
267480
2922
2100
7842
3111
2049
1899
3591
41058
2436
50205
3396
12534
42666
3204
2097
2940
1845
147543
17076
2364
116895
47937
2706
1779
1401
2118
235584
2679
2886
1845
2982
4455
3384
1470
3735
65994
2928
1251
1593
91917
11985
4596
1881
1074
42150
9681
27591
60804
468555
93339
2721
15558
12183
154608
3222
2109
2361
2820
2424
91029
1515
2061
1191
1809
2277
346965
2028
37461
1323
414561
22611
2715
5886
2202
3414
86823
1845
1716
3258
1212
2979
2667
3075
53397
2001
2496
5316
2478
3216
10011
1533
2568
2883
59286
2574
1896
1191
36687
1161
47346
1149
1587
1599
275736
3702
1902
2628
2265
3780
2235
2613
2238
4545
3075
2268
2775
2994
2130
2235
44256
2409
25893
2589
3228
1359
3363
2760
50343
3975
84747
2082
10473
2304
3438
2337
27570
5064
3582
1743
2208
62373
40590
1719
3960
1746
4662
2844
1923
60144
1428
2520
120486
1572
2139
1530
3531
6330
84435
1350
1662
4863
2580
1335
57246
2082
102420
2088
1404
1269
4476
2988
11622
3750
2895
1266
4062
1785
5202
103629
1266
90744
909
903
1716
93534
36510
190200
99546
1812
1620
3495
2415
2262
1605
3456
27411
3957
3579
2700
2628
94572
3759
1869
58842
2100
1977
2166
42516
36861
181470
93978
50760
2964
3522
1371
4512
158259
1953
1647
13983
30480
3567
1449
492717
3363
3054
2532
128010
2268
2262
2523
142830
3129
82386
24558
2664
4116
3942
2877
9801
1206
1377
1344
1659
2898
2019
2448
4035
1578
2097
21891
2394
2454
1380
1887
3315
179739
20550
3423
143667
30339
123993
3291
2751
3018
84147
5586
1158
82899
3789
47340
3537
1944
223371
48783
183177
64119
2982
2574
1857
1530
25176
2436
2088
3651
163533
11268
3885
2130
1851
2709
15129
41622
64836
51432
1512
157056
3558
69072
1263
4035
1287
81090
55851
2718
23889
4785
69516
2271
1818
1323
4077
43770
41736
94257
1818
240339
4176
1791
3891
56673
55401
32391
2346
3033
3345
243744
26382
2142
3639
321318
3765
17331
2157
4587
126891
1788
59010
3537
5199
23157
2238
2286
55317
2388
41100
67443
3072
1461
4575
28344
2616
23478
3009
3987
3438
157998
2319
257958
2910
1497
2796
3861
2613
1974
84327
87327
3000
2481
2961
1806
1890
4347
3834
1644
1569
2247
1899
3948
924
72513
2280
3234
219084
2607
46149
2088
1557
2874
2949
2181
2070
123873
209970
40884
1839
64065
5187
111891
2499
1491
3294
2352
1932
2904
42321
2346
74235
2280
2454
42075
247401
1119
1401
1803
2115
3819
2007
2808
3699
44031
2403
1722
55635
2664
1458
1650
256434
1995
29061
2688
164082
2043
2787
34398
1446
3285
2832
64962
2949
1500
3846
2952
2940
33708
1239
157737
288528
2733
2739
19485
3345
2769
3003
44415
1761
102747
1890
510204
34707
2457
213003
71517
1869
155814
12285
2691
73263
52476
2778
131529
2889
1911
14115
2715
5862
2724
2427
69417
79092
1527
21699
24879
25821
2244
3228
252294
3261
2685
3417
315606
1563
3768
148758
34593
14400
98883
251181
282240
59451
1047
6060
1122
1635
3180
2781
1626
2352
1626
3999
2250
3588
160986
2277
1857
160779
2490
2427
2706
4194
4665
3648
84972
51741
2043
29823
4053
1761
2445
4266
1824
2826
2667
2385
2727
15399
68874
2208
1521
43701
62091
1656
432225
2472
2160
150471
2937
2088
195096
3480
2466
1632
3765
71433
3102
3531
2286
3030
30420
10353
1890
1428
2904
87855
1935
2562
2466
2925
11283
2772
1368
3882
1908
3795
1989
29436
3174
1362
3084
1788
205299
1944
2430
4914
1413
10101
2094
1554
5811
966
2889
2691
2622
1350
2526
2184
3321
5157
83262
4050
2772
1989
2301
3468
3000
3759
1347
5436
50562
1755
16383
3039
1731
2760
150189
1371
53367
3318
159138
16362
2304
2421
1437
67899
990
5139
1752
86547
4326
79758
2460
360402
51747
4566
43905
4185
3822
1278
1899
412692
3522
23118
4413
58728
19497
1239
6093
1749
2202
1527
1575
2055
76455
4047
44820
3888
1446
151596
283833
3144
119646
2589
378939
3183
1296
1977
2283
122373
3831
3669
3879
71502
3048
2307
1890
2427
2661
137622
305775
5838
2634
3183
2937
1713
49362
14982
13737
6582
4587
36483
2790
3162
4563
151104
44637
2643
3912
2274
2832
2022
2703
1344
62715
398163
2589
3990
4008
3333
55854
2565
70587
2721
2976
84417
2691
3093
3195
3042
1647
2529
3813
335448
2193
2436
2499
1758
36864
1647
3162
3171
3255
129759
4641
2679
2604
2184
1344
2079
130761
2067
1878
1914
3852
20388
2667
1713
44484
113973
51786
2217
36957
2130
2166
1575
3519
3135
2733
35379
23274
2574
3066
4836
2124
162879
5256
2856
35583
1554
92313
3399
2124
3267
5916
62775
88365
2913
1446
52137
2367
2658
1494
5235
100176
1479
2169
2835
2181
2931
108105
2985
68226
32229
1353
3348
139530
3726
2169
1938
2160
3048
4680
3324
1812
2595
1443
2670
1341
1932
61152
2748
2151
71538
3363
49500
3087
2889
3153
3171
1233
49332
2961
2997
8034
2232
1983
1065
2484
57108
4746
150852
69831
4413
2082
1659
1722
3720
3348
4986
3279
2139
3105
2076
1116
5769
918
99882
210081
3768
139287
3048
2328
123852
5751
203274
3627
2991
909
1710
3720
5211
3474
2634
38184
23814
3033
2778
28491
2673
3396
5604
1569
1461
1509
34194
3129
3126
2340
4398
19191
1815
3105
1200
64248
1017
2247
3516
198921
2385
100533
2181
2679
11238
2289
3174
3093
2730
2181
1023
224679
183630
1479
2538
1071
1812
2394
1998
2535
44871
16800
1755
1887
2400
135423
82107
4305
71301
57066
2139
2916
2001
210138
2670
31137
19476
2283
3123
3264
2331
3147
3951
2601
3537
22143
2592
1119
1887
249672
78264
38796
36528
22005
1671
2736
1407
4350
3096
2595
4329
2130
4581
195357
37917
1527
2847
2103
2043
2865
2889
26400
1884
1911
7728
2442
4902
2709
4719
160407
1680
3966
1485
3522
99633
2919
11742
1551
11091
2499
2682
51513
2265
2772
2469
3831
96039
1791
32718
2439
87510
219
1830
2079
2526
2871
3447
5436
1713
4125
3987
2838
1383
1635
3909
50007
164886
1560
24966
128502
2919
2454
2382
3087
34815
2154
2340
2208
3315
2247
4581
125376
3432
1620
2562
44232
79878
2868
2760
2004
1623
1824
891
74334
3111
2133
2625
1296
1746
16149
1836
67761
2820
2895
23274
3657
1563
1014
2424
3468
2478
1416
86982
3975
240945
4074
3981
184362
126144
36471
4431
3522
2397
2586
142407
1578
21996
207573
147711
3885
67071
28800
1287
3063
2517
2376
2379
39390
3126
3756
4134
92283
1359
3801
2073
1854
153645
1743
2955
2865
2430
3054
1473
2202
3189
2679
3171
70131
65604
2853
90051
2541
123576
2103
1311
101844
3021
2538
2403
24822
2064
113199
53190
393
35670
2751
1812
51429
2124
2601
162906
120468
1599
3810
2187
1803
1827
40806
1908
1044
2241
2307
3924
2643
1971
6573
2532
2502
2079
167643
2805
2037
2970
36552
2334
23376
2709
1470
228363
22668
1971
1554
53295
45984
87129
1023
3510
3288
67386
1317
1095
75414
176511
3348
4293
104769
3840
3633
2130
3519
2049
4317
2277
123831
5118
3579
21195
2862
2646
29319
2553
1884
2139
2232
3906
180579
3252
1101
2925
90432
36534
1485
4668
1917
56937
38109
2493
2133
1830
2244
2928
1821
2853
2001
10290
1989
3273
123396
5472
2769
3492
2841
89808
267261
3561
2724
11979
2793
2481
5004
3747
13521
163305
2262
1854
2499
2472
3555
3786
2589
3363
2910
3396
198216
2925
1581
3597
2091
18462
1242
2316
1995
2280
3129
2925
2079
1968
3255
84351
420984
57186
3246
54945
2037
2595
373233
4386
1800
34083
2076
3399
31053
4260
2496
59517
55704
62526
36039
203364
71028
2112
257658
1059
15546
2688
30282
1437
1905
2487
24291
29016
3528
151614
3255
2484
2013
1575
2295
1839
47514
2448
30948
2178
21648
3018
4494
15435
3930
121572
2628
1893
436902
2415
1527
2520
65679
43404
3339
3603
957
9228
78741
2364
3285
1836
227430
4551
2346
2532
1422
100851
3315
6459
1137
1425
1935
38796
2889
8379
1914
2205
4002
1341
1800
1044
1719
1461
2184
2961
20664
103899
3582
6195
2655
2103
5217
58899
44316
4971
2019
16110
1869
1770
88563
5733
1737
4347
18345
2520
2727
1209
1479
2625
41178
2301
278238
1308
69789
1638
34812
2541
1746
1773
78288
94899
76143
1428
58362
2592
2352
215181
2430
68535
1029
2472
309654
2733
19272
151404
1833
3006
3546
3540
2694
2361
1389
2049
119868
19662
4740
3102
4740
41658
2622
2970
3285
2904
48387
58422
1917
1551
37980
3081
140631
82542
2352
2424
1815
3276
3240
1494
891
2088
2349
1521
2631
1968
2205
3603
954
87582
2586
72969
349281
1320
62481
99540
2583
1647
1566
59664
2808
2799
61164
19893
215016
1431
2163
132090
72516
61077
2175
38763
1995
2253
15969
25026
1947
1818
2448
5085
1800
2979
284346
4134
2466
2094
3060
4512
2352
1710
9567
78504
1806
3144
2541
144669
5175
1671
2457
83109
4515
1641
113367
5145
3381
1851
28080
3267
15168
1518
50049
3705
2070
21858
3093
3699
2046
1641
2415
2793
1797
29640
2037
70020
26961
3960
47316
143169
1473
42258
1908
1038
1839
12723
2385
2439
99684
161268
134106
51336
3147
141897
2757
1803
40050
2808
39897
1317
3993
2514
1632
108453
40404
1596
30399
1722
3687
12339
2448
3156
2436
1950
1701
62034
4902
1641
125010
60156
2403
14331
19101
2313
6462
41469
2391
33453
159753
1536
2913
18726
2457
134676
108291
2511
1848
97641
2844
39003
3453
2667
169539
3111
3072
1959
39177
26526
1917
2292
3474
249777
167988
1530
4323
27270
2142
1983
1941
61320
3996
1398
208992
2121
5847
2775
1284
1017
1638
18372
1698
2106
170118
6750
2946
2286
31632
3081
106665
4347
3603
3678
2322
47094
227940
2508
2622
2646
38574
1893
3051
15072
3276
17880
918
51000
2076
3030
2418
217128
86325
42321
1896
1452
2835
6018
1554
1518
2349
1290
3786
33384
2445
1992
1515
1407
158604
1521
3582
2847
78498
1806
1548
45777
1824
1911
241581
299103
2211
170472
5031
26097
3315
2169
1542
15123
2184
3804
1305
4704
25965
3276
170151
3516
3894
2367
1455
87573
108579
3522
171672
4002
1314
2436
35838
1494
118965
2238
927
1857
1209
2355
38802
1893
2667
2448
2397
2784
107202
89661
1461
75720
1380
2985
2352
2871
1224
2625
35529
2541
3030
2556
2457
146097
27315
2976
2220
1986
2127
110745
199905
2661
2628
2196
1908
14871
3228
18039
1116
34071
2610
2742
2706
1764
145353
235935
1389
4467
2931
2043
2355
2445
2637
45927
2082
49437
3255
2481
1152
1311
20010
40326
5139
4680
1929
11658
3165
3750
1959
5049
5733
55758
1713
2505
214902
2550
3558
115335
335565
2214
3954
3531
2199
3813
3384
128325
6318
111552
2091
1710
2493
3357
2538
1833
147372
198327
69549
80523
88527
8394
2406
64566
2766
2718
2664
1839
203484
2397
3819
41838
2556
4059
8115
15834
2418
1785
156648
2868
2178
3429
72810
74043
2583
1917
26850
400305
3393
1050
3084
1836
41196
59622
2070
1872
1953
1998
2097
103500
66450
89160
1953
86718
4455
219282
2334
2412
2658
47010
23832
15120
15213
1659
2205
3555
1293
1464
2745
1383
2610
87189
2403
4212
14415
1746
2553
112197
192153
1773
32961
1632
2148
1560
30585
2037
2574
1848
2697
3264
1935
1905
2457
3408
3786
3123
52998
1986
130803
2271
1044
2205
3198
1554
3675
59658
2865
1701
88896
3663
2676
11397
4155
2478
14958
23043
2985
61098
2262
3495
15819
101556
13605
2379
1632
1512
2709
99876
2121
1437
3363
2013
3363
3591
2163
1470
2514
5919
2256
113190
1536
1041
2415
56931
2541
1992
2625
1521
2037
18630
2316
3138
3519
1917
138984
2850
2976
21612
2772
47202
107118
153501
3459
2970
95145
1545
3978
115383
318702
4218
1131
2751
3603
4488
105549
1758
4614
2319
89139
2904
41910
1998
43449
2460
2574
59568
3921
2544
3075
2520
75327
2124
3060
1569
1686
31311
2667
2082
2226
39300
1875
10803
2706
3792
19737
2058
3192
65520
2226
3051
2598
1368
130140
1485
5298
2466
209238
103617
3213
2079
2361
150213
2346
1308
23718
19536
2139
7731
9855
51342
4716
50031
62958
2484
78717
1878
4833
2304
2763
7392
2706
3678
2001
4311
14085
2946
136035
2616
87561
3678
45951
13683
2337
200856
3885
309
205917
777
87855
35544
2496
38901
2388
5763
4275
2751
121818
3357
4371
1362
45009
179784
178155
78180
2478
35865
1371
2250
2928
4029
1440
2325
78945
1653
2583
4251
3090
4878
3840
44526
3057
2691
3003
2349
3093
1806
72522
1677
16443
2331
4125
1533
1560
151836
442488
2442
176898
3723
2091
196533
2253
57531
95088
3168
2364
5760
17085
1827
163767
179196
3321
2955
2439
32265
2949
99297
3294
1977
38409
1800
3642
3744
192798
1596
82740
9621
8259
2778
1887
5706
103170
2241
1491
12303
100116
4131
1677
2115
1425
4197
16779
4128
1557
2967
2526
1440
9132
2622
2712
5502
1509
4872
1803
1815
2322
2904
270216
3252
2349
2991
3180
1692
79410
122427
2493
26952
2532
130893
47820
1575
49839
2256
209361
93717
38406
3660
3588
1878
16914
1815
2796
2694
4206
2127
151200
3594
2226
2001
2151
2976
125751
62283
2505
5805
2898
32064
2538
2466
1449
3102
3609
2388
1260
41580
3090
1242
17877
3435
2934
1413
903
1485
1737
4026
19785
1650
81780
498
80850
3372
2793
329466
2457
99657
24030
3045
176958
57387
3465
3780
690
8928
1926
7749
4212
2688
2919
1995
2940
103929
2772
1419
6243
3147
2550
1299
2217
1848
1833
2493
6060
2604
4980
3180
1839
2310
2538
2523
50850
1323
3765
3372
2868
71739
5109
2022
128655
1698
2235
2547
3972
2571
5118
18087
2700
2217
157410
1443
2994
74466
1365
1152
30270
2817
184386
2154
2166
122994
61773
25221
2667
2997
3726
128976
29454
1872
3657
3357
1731
32310
8829
55377
1485
1770
41496
1974
22305
3618
23511
345801
1800
3099
678
51483
1728
3612
14427
2931
1926
2556
3462
1227
1143
5223
16956
43518
2235
75291
1728
34569
3357
2625
1464
10956
3561
7098
1923
1293
1602
2430
2820
15783
124311
2280
2694
2907
2952
1530
2100
211206
2400
1548
3288
6231
2190
2889
53517
28095
659970
2928
948
1824
117624
331089
4833
2190
144837
1710
183309
21636
9501
201741
2454
24384
3084
20142
2112
2169
2151
2142
2442
3543
2796
1983
5244
1746
106050
3213
3681
4365
3369
1935
102789
3666
2562
87801
2385
104958
1575
3303
2166
2124
97731
2850
3180
5634
53898
2430
2355
1890
2637
2340
2106
2466
2277
4107
1305
2112
86709
1995
3204
3906
2907
4554
4206
3090
3573
1668
5475
20139
1893
2166
2706
3588
2637
20220
2913
2844
2211
12504
14844
15495
4188
2358
237795
6156
121812
4428
2067
4047
2421
2967
93741
73044
3252
2184
4335
2664
3024
1584
2544
119934
1815
2304
21696
1236
1722
104853
84729
1182
91914
4224
61242
1836
3576
1605
2619
2715
60627
99486
187626
1323
26196
2904
7554
101334
3150
4035
2601
2217
3054
4188
5001
2361
18039
3012
1269
2061
2382
1827
148896
2541
4380
2199
4383
55728
79794
1518
3099
2835
1767
2610
69381
2139
1263
3567
2541
3471
176724
2187
2223
3309
2166
2541
44451
2805
1428
2532
39945
3012
96675
2286
2490
23799
11868
3504
2247
14925
981
59736
36831
2520
3795
2079
3000
1920
2034
1929
76860
3807
2025
92649
2703
4083
2595
4437
3468
100446
2262
3252
6228
129297
181230
3771
2811
2274
1998
4116
193434
73965
1029
3108
3822
2148
56622
4206
1320
2508
1803
39855
1794
3495
4935
2340
74445
17112
2064
2232
3669
35622
18480
2400
3144
40656
161388
43320
1512
2718
1041
1143
30093
61215
3273
4506
11169
1743
3390
3804
3579
1743
1953
3408
1278
2931
5790
99474
153270
4200
32184
2196
178341
2187
3324
64653
2907
1986
4884
3042
3855
3924
2526
58548
14448
3363
2934
1686
3651
5124
3210
5574
1899
3162
34548
21915
2907
10281
1683
34704
2043
234312
1614
447
1803
3135
1809
7902
3672
102795
5775
2406
5583
309501
4791
4773
501789
3012
37806
2010
34386
5121
4113
2301
2622
38364
3765
1275
184707
4635
102291
74040
154146
3756
213525
2286
199533
65124
2907
1716
2646
41703
44712
2331
31962
2010
4650
122382
87495
2718
26223
2811
73074
103407
31302
1536
3069
16767
2814
129819
3249
2397
927
59265
4935
3036
1164
5988
64248
2172
2328
2637
171525
3396
4689
164808
2040
2781
1956
29889
2631
3723
26820
1986
2190
2271
1914
2691
8187
3054
2073
1368
71259
1593
28398
3552
3834
116901
1989
1200
27738
1440
3672
2811
4572
2697
115704
2337
2250
70233
1785
1887
1080
1533
2004
86685
2205
1263
2466
1857
3306
1404
22584
177408
19215
2541
360903
3225
41334
1416
3192
3078
2844
1236
10845
14499
4251
1734
36303
2349
2574
2556
319230
3477
1467
2979
3186
2190
2598
2853
2697
62601
16668
3177
27660
3345
2586
2250
2070
5967
72747
2433
2652
2790
3651
2427
37014
81627
1542
4293
3540
2505
4395
2841
16092
1968
35121
16713
138576
37107
10119
1812
3039
29304
1977
2634
1938
4209
1458
2490
4434
2625
2688
1824
1590
2271
1908
2880
1824
2742
378015
3219
3717
2334
87273
2934
4668
107415
2637
108531
2022
1452
1428
36552
3648
2781
2418
1731
4692
2235
39963
36966
2964
1827
37752
4401
1326
82122
24774
3402
1833
3405
3006
3330
2547
66273
17016
4095
4326
21069
55860
4107
4023
2814
65427
73551
45459
2955
3336
127362
1749
4545
132909
28617
2058
54075
8784
3480
5298
1416
2907
2778
2334
4521
1395
1743
2640
1740
2448
35400
2670
3513
3114
65082
2058
2469
1980
2037
4203
96849
3144
2445
128322
2070
1977
2037
3255
2547
1902
2106
1803
1680
2112
1473
3324
2364
1938
1911
1677
2949
3114
119358
72552
4248
4545
4122
2886
4167
3051
3327
19758
2145
2976
2172
2445
1104
4068
3195
3528
1659
2634
3294
18573
3219
5532
2937
1257
3438
62799
2949
30963
141435
216990
222648
1104
3225
46026
2010
1557
29616
2727
140241
2643
3198
3903
2178
2697
3381
110898
74307
312
4524
37695
4887
108327
2601
305685
1578
2340
4299
1527
2853
2778
2421
2772
168042
2886
2559
1350
1569
1776
2874
2220
2583
4083
1359
2454
2205
427512
60201
2949
82089
2532
89364
3081
1173
75936
10257
3408
1986
2835
3309
3801
3357
206340
2940
3426
1563
3672
4869
2742
4962
3174
2277
55638
94215
1917
3069
969
6663
2730
81357
2163
3372
95091
3648
24894
7209
200988
2418
3528
4209
110331
29268
4479
2595
2310
3138
3228
2202
66273
52098
5322
118008
3024
1914
2643
1740
3969
1662
179118
3192
3276
3969
3228
2454
2436
1887
121878
2544
1755
2214
50577
2394
36801
2406
2082
61524
2235
1821
3306
3261
2364
50259
40458
3711
3042
2469
2205
1830
5493
2685
4908
94332
3792
1623
1749
175788
1920
2613
4326
9981
1452
2082
2499
1890
17985
3096
2538
1488
1818
3294
1710
1734
7944
2778
5043
1998
2913
2283
4977
2160
44937
53055
2058
16182
2559
4179
69480
3498
226080
17502
999
1323
2217
1320
1830
2424
3693
1662
2898
1887
1638
1710
94803
1209
1587
19926
65700
153594
2355
113100
2487
2547
2853
3024
57057
83937
21552
2730
1014
87075
3105
48747
39204
4200
1485
1938
1614
3222
2643
2301
2124
1641
3708
177492
1743
1911
503658
9963
41298
1827
48669
2133
1437
2931
2673
1818
74196
2448
2247
4446
2067
1485
1632
87630
5217
2907
38031
2448
2211
6717
1464
1503
142659
4776
294564
2382
2340
2265
32403
1974
1155
14076
1395
1431
1575
65028
2343
4458
1122
58077
1089
1377
1617
3477
2619
1764
37755
174510
2481
11601
2505
4227
2187
3675
13887
2814
2124
2175
3078
4782
2850
2535
2376
2337
231186
8658
54291
2328
1923
2133
12918
3669
35250
5082
18831
6429
25314
4038
2991
1965
2943
4842
1854
1527
2076
157317
4065
2010
1236
1998
4572
26175
79623
77613
2376
27855
4146
2325
71421
9747
2817
173340
34578
2325
62238
2112
2532
4329
3429
1149
2058
1734
5034
2343
231045
16125
4563
2706
2034
3528
3126
54000
52704
1884
1923
2076
86067
29046
3423
348036
3498
1392
3141
2292
77214
1755
3105
1650
3450
2751
123786
2796
3639
23280
3438
18921
3060
5007
40314
2538
2601
61062
2124
17055
2184
137970
2646
1395
1275
1935
2343
1737
2076
2712
33387
2286
3726
2370
3066
1890
2364
2550
3435
14544
2517
4080
2880
81987
123255
15825
3282
169458
111624
3282
3708
4170
4131
3327
71118
21531
1767
8439
3537
3858
1875
2256
2100
4992
5202
1734
16197
3555
7137
2097
1287
25503
2976
2724
5019
18435
2115
2499
63414
159030
2361
3066
2343
86559
2910
9438
1653
118476
2472
2559
2586
45309
2085
1737
2286
2079
3408
4113
1836
2520
72747
2712
1563
6735
6048
89868
3090
4140
5610
2733
85062
2250
2427
181377
1359
2235
1269
4464
2037
112221
36375
3348
1653
1878
76506
157782
3636
2562
56337
1638
196062
2199
3045
2355
2430
138654
3732
156516
1929
169839
106206
7596
2307
2961
154119
123531
56847
152424
22986
2193
20550
2802
194460
2535
4647
2148
3654
2247
3768
1749
45864
2076
39315
3339
2982
3072
4002
1863
3135
2190
3810
1989
2121
2310
2901
100248
1842
1146
4317
75264
2358
23934
2538
2577
35766
2232
36894
41682
2625
1857
46641
24429
2502
2877
2307
127662
3429
363873
2586
354237
2100
2061
106257
4167
2373
4149
2034
2253
27693
4932
62181
1623
3003
1830
30420
3366
2355
2088
2112
2979
2448
3735
119022
3879
2877
1548
1071
187665
124578
2121
18144
62586
2496
3165
86544
36906
1491
4743
1149
119823
32181
20370
2097
61563
1830
1644
15858
29739
2889
23832
3036
1716
322434
1740
73722
3381
1455
1653
3114
2631
2880
2286
2580
258951
11265
2799
105762
5130
4170
2622
3135
2727
3519
1947
313215
228621
3558
2628
2109
3213
1641
1689
966
2388
26586
2625
9183
43428
2913
1605
1575
1776
2082
1677
97041
1782
5952
1953
2937
2520
4014
2589
268785
3396
1368
2325
1500
1164
2292
2319
2319
2637
3273
2679
3504
2781
2181
2745
80751
2055
1464
3636
1653
367368
1551
3075
3882
1914
2961
3426
3780
41427
1707
3615
1935
1860
39330
1461
2625
3057
1635
41454
2010
2862
2655
129699
145248
56340
2892
84453
24369
1866
71130
2484
112632
2247
1899
1779
4281
3732
257643
177087
2964
2688
1818
213489
3555
4422
164646
89037
2241
1980
208176
3048
76104
2238
3954
1365
2475
2319
3492
2001
2808
71073
4239
5346
5016
2169
20487
2367
3351
4143
135900
369651
165135
3528
1572
2199
2712
2430
19371
3189
56685
17175
55914
54132
3360
1821
2538
1356
2676
3567
3783
83379
1977
4005
2538
29325
1716
1947
2160
2340
4665
2799
4188
1563
30384
3807
1461
2880
80655
1845
2796
77493
1914
4089
1614
1704
2421
3957
199617
1659
8346
1665
4476
134424
3801
3738
1914
31353
3078
5565
3657
1917
1824
59592
24807
3975
10485
2655
3090
2322
2787
3495
102186
2607
2583
2097
2103
3354
2157
3261
3327
190362
2409
1491
4254
2523
3003
2193
2079
5349
1752
1977
1482
945
2934
1284
5985
56223
1842
4053
2625
3450
1299
2175
40017
31902
1302
1938
177582
3042
3657
35994
2364
5415
72909
1569
69834
2820
255327
3009
3063
1677
4110
8952
191862
2013
3999
2274
3576
1791
2973
86652
2712
2277
2706
2700
3939
2652
39999
3045
4179
2331
64056
2673
19800
2121
121047
1563
114540
5424
2112
2091
2142
2421
2199
81627
147849
1584
2007
4128
2181
1050
3330
5862
1998
31512
2823
1845
70110
66279
4392
2478
37983
187818
122523
2370
15342
1329
1518
1950
161850
2031
77562
3228
4953
3585
2037
2898
219795
83514
1557
2382
3858
3345
51681
71730
3594
4173
57489
2637
109755
143247
8514
1203
2688
59733
3078
2283
2859
3633
3246
2619
17448
81450
2118
3705
3678
3885
3789
1221
3363
2826
2952
2427
165912
6690
2220
3729
3498
123438
139845
1872
5559
1956
49569
2316
1887
128625
105465
105402
144570
2952
120027
3123
4863
1767
24381
2088
80604
8538
1392
34230
2439
3165
2655
2694
3210
91401
61041
1650
2250
2769
3108
31977
1428
3840
69567
2385
2598
6795
1863
1752
1338
102105
1488
123693
3300
3369
2385
1332
4326
2238
1917
3042
71229
89292
858
115029
73365
4053
2418
3051
48150
2733
1812
2667
2328
67392
2844
1938
2418
24276
4041
28242
38064
1431
16143
2361
1689
2070
1308
79545
244125
128328
10176
6933
30036
2643
1224
28944
1806
2640
2040
4077
17823
2481
4089
2826
3669
30360
2619
2760
1719
1554
2955
2592
2685
1365
4677
2016
3033
3516
2313
2277
58104
216987
2520
1824
1503
2958
1572
1998
5163
92979
1980
