101:0:0:0:0:0:0:0:0:0:0:0:0:0:0:0: (total 2)
0 8 Thread 0 going to cpu 0

cpu 2 cur 2
going to barrier (cpu 0)
STARTING...
Thread 1 going to cpu 8
going to barrier (cpu 8)
STOPPING...
Duration      : 10000 (ms)
Acquisitions  : 51497500
632
232
574
966
214
590
578
216
244
934
660
966
720
562
302
246
214
624
334
592
628
610
494
1132
1118
580
88
616
1542
594
244
1470
580
238
214
222
260
272
628
296
958
618
284
1058
448
242
1128
276
622
604
584
988
618
568
930
296
318
226
604
638
968
298
888
606
336
102
254
1082
584
254
838
316
790
1128
592
290
916
254
678
592
568
596
638
572
304
570
554
286
612
942
600
650
256
622
680
248
584
246
926
540
960
548
906
1470
236
220
126
636
686
18718
586
258
1466
1466
564
790
234
784
958
970
958
440
246
932
588
204
904
970
582
376
898
650
942
276
244
756
550
366
662
98
592
660
562
698
636
628
566
1170
580
608
220
578
942
594
272
306
680
214
990
246
328
220
606
228
594
304
936
1126
544
582
570
328
582
904
966
732
254
660
596
678
1124
604
586
270
256
292
670
224
586
288
930
1342
924
574
958
596
328
978
926
1382
600
672
1474
244
256
1008
558
904
280
276
988
556
606
304
228
272
576
640
630
276
246
290
1088
564
290
582
610
590
584
550
1130
310
618
558
706
678
270
240
596
844
918
604
274
888
566
1218
636
792
270
734
770
298
1472
980
252
1090
590
224
662
298
1128
734
1034
1112
1172
924
1096
272
964
606
890
316
564
592
1130
888
1582
672
954
264
640
606
214
956
932
330
298
588
962
610
246
934
924
288
296
596
588
574
232
924
308
1076
266
1110
606
788
944
234
616
922
670
1118
262
782
1090
590
224
662
298
1130
750
1018
598
696
224
596
994
314
976
882
578
580
664
1104
626
790
596
950
264
946
552
660
984
782
596
234
588
538
556
772
936
1090
944
616
582
628
594
290
264
574
586
640
308
586
244
608
290
630
246
906
788
290
586
246
764
578
614
308
616
1018
766
592
1130
986
650
254
892
584
590
296
606
552
606
578
624
564
578
918
308
1156
238
560
572
892
1008
616
640
222
640
252
902
756
260
628
632
620
322
608
620
222
574
550
254
594
978
630
762
250
956
1004
254
958
240
226
1488
636
226
254
296
1142
232
1108
568
916
778
590
564
1120
966
554
1154
300
966
552
922
596
586
888
618
556
216
624
592
576
606
632
574
610
242
296
628
642
630
276
246
290
1088
576
906
626
560
946
374
340
564
278
638
280
1082
584
284
282
568
948
574
992
618
294
610
258
294
944
578
638
978
278
246
684
1338
1094
598
906
242
298
916
972
296
316
230
726
246
242
782
1106
622
972
578
778
942
636
548
576
598
224
730
578
244
574
664
586
254
266
332
888
572
298
280
1132
380
602
82
660
968
720
890
560
556
364
608
220
892
1248
648
286
912
634
904
580
214
586
572
312
1128
606
114
928
596
890
582
900
572
562
680
654
1574
788
654
590
1000
276
278
296
288
242
258
588
612
448
270
628
244
586
220
950
914
560
240
650
636
912
580
954
756
618
974
570
932
558
232
224
580
236
598
652
274
802
1142
586
538
244
1442
646
542
584
224
560
586
868
960
862
242
280
600
344
586
890
946
632
604
224
994
936
310
432
550
258
560
1012
244
318
564
1306
328
670
752
780
244
622
1498
756
556
968
332
1082
1010
790
624
102
436
924
594
250
266
916
640
682
318
324
642
900
638
944
88
700
1112
596
1452
608
1184
608
888
910
920
300
724
946
572
292
614
940
1082
612
618
384
668
610
890
632
622
924
332
256
294
300
622
244
1008
1470
628
576
900
236
888
594
604
598
934
588
226
568
628
588
558
640
306
214
754
764
530
796
222
254
948
592
280
626
1098
970
572
904
1468
578
586
966
572
782
548
704
276
970
1162
594
628
562
630
230
750
588
1002
594
782
250
246
596
630
956
212
654
668
574
950
994
618
918
958
902
284
596
632
244
590
88
590
1000
944
226
570
1126
584
264
644
552
602
284
1506
588
778
954
736
250
260
1094
558
248
338
654
552
640
208
282
732
566
1366
584
962
954
606
556
970
582
556
586
270
612
1126
284
254
260
676
584
890
550
738
562
238
922
1010
254
570
278
988
578
290
734
692
626
724
1470
618
950
566
582
1474
934
1164
240
922
296
600
284
590
616
218
226
288
580
1124
1016
982
612
1302
904
610
1084
550
224
920
244
588
304
642
888
548
636
210
298
338
574
676
594
674
954
554
680
778
456
902
556
980
618
294
1468
916
242
572
928
754
968
568
214
924
566
798
878
232
580
640
1466
244
922
1012
946
630
588
800
918
1022
898
944
630
574
646
300
664
590
934
586
604
572
208
760
246
582
1080
306
332
1120
592
266
650
526
90
608
294
1470
556
580
252
242
958
628
276
612
1046
636
644
662
638
970
300
900
594
338
784
234
580
944
940
586
618
246
604
594
278
276
562
586
652
308
574
244
620
290
630
246
894
764
316
792
936
246
216
212
970
948
900
912
600
222
596
924
756
758
1448
674
964
632
246
784
256
1448
586
582
922
576
288
270
236
650
754
762
662
586
1144
914
572
612
606
568
1008
632
902
326
554
296
1044
1092
234
608
300
1126
420
554
748
308
250
554
1218
550
254
672
980
614
950
962
926
286
960
572
906
750
862
1020
630
970
1124
638
278
594
622
228
562
708
1014
244
278
790
1140
244
970
544
274
606
558
930
924
968
664
970
1026
1102
622
288
682
1134
790
608
968
544
590
246
628
590
652
594
238
570
618
1476
222
628
562
254
242
250
590
552
300
620
738
958
246
216
216
552
328
600
926
1424
586
582
960
614
964
602
768
292
1022
298
756
244
560
640
1062
946
216
278
552
628
912
674
1124
296
604
594
552
270
596
314
566
588
950
1094
924
596
1122
946
562
610
574
560
262
650
1394
654
290
226
756
348
582
972
956
646
934
102
630
546
666
906
226
624
598
1112
248
298
920
1278
266
542
734
322
244
968
256
958
608
574
968
266
238
90
1118
566
962
602
670
638
928
574
746
892
604
218
286
540
592
604
562
572
582
276
562
960
586
614
966
1012
970
194
580
624
962
552
714
938
756
584
588
300
938
620
550
618
574
540
254
244
248
580
572
234
758
322
588
774
880
456
670
636
928
598
244
324
640
656
1140
1126
622
996
766
614
970
638
624
572
596
580
250
292
1090
670
916
602
970
248
598
1108
310
246
254
894
790
598
274
596
624
264
254
596
1062
672
286
504
972
572
768
752
1322
606
1142
596
586
652
608
598
220
246
1122
650
966
560
564
212
254
724
636
258
1152
650
638
308
438
972
252
1186
1140
1012
244
670
926
280
224
236
248
724
300
560
1142
602
574
272
452
246
692
290
282
656
1120
902
952
756
904
580
334
244
238
948
650
624
560
594
568
460
256
556
598
502
608
244
612
640
224
620
596
300
658
578
604
956
332
576
574
588
248
262
1486
606
592
596
610
282
658
610
306
556
572
902
1442
1062
960
568
236
858
798
670
18656
558
244
592
896
288
626
968
924
756
328
214
704
958
966
544
452
664
1132
780
566
970
614
754
602
594
1458
572
310
282
616
386
236
1360
618
544
576
634
586
1470
556
112
574
984
248
1074
584
936
254
330
600
792
588
572
222
300
552
296
588
286
654
618
876
1084
270
584
286
898
970
572
244
292
970
260
1130
938
736
614
312
322
284
610
214
576
626
1132
936
888
596
594
578
600
906
632
602
696
1012
1174
208
1114
900
1130
606
332
672
576
962
286
254
278
612
292
988
270
734
286
268
640
556
246
846
282
592
934
238
640
268
988
650
598
310
248
1128
636
802
962
310
586
912
630
960
796
542
788
246
288
606
960
614
298
574
652
242
646
634
238
632
554
946
572
556
606
590
1016
1064
584
628
628
1118
542
980
586
1462
584
334
688
1106
634
966
586
808
1118
1132
640
1160
1186
970
606
288
1096
246
606
1092
566
562
248
566
222
970
244
638
560
250
910
606
624
596
256
302
562
666
230
660
634
226
612
1462
640
256
750
1012
604
636
908
550
596
904
328
592
1156
662
1108
658
702
554
584
1034
578
590
254
624
730
908
226
692
542
988
584
1144
986
1096
322
246
254
906
790
610
262
596
624
276
254
596
1074
654
246
258
596
256
652
568
252
664
628
572
596
742
942
936
296
552
982
762
838
652
606
276
986
266
672
548
926
618
258
1124
552
244
1222
988
586
938
248
222
652
624
560
236
664
682
626
298
620
1006
292
1090
552
296
1124
638
582
584
312
606
1470
598
594
596
214
598
608
660
228
312
676
310
246
924
652
584
336
888
244
966
910
746
648
704
576
928
1460
226
922
554
914
724
1134
586
580
324
602
544
564
672
234
244
664
976
258
746
286
268
640
906
606
1444
588
584
500
582
304
800
594
288
964
262
288
230
890
586
956
602
670
650
296
280
594
892
782
948
590
288
664
630
112
242
944
1140
574
302
604
954
608
242
304
760
258
300
756
598
640
1142
572
598
1116
616
564
906
302
576
866
952
232
270
552
704
596
748
322
594
578
1104
298
642
728
650
468
968
574
542
1100
864
908
1090
236
566
970
632
286
1102
630
1024
610
548
556
244
552
290
970
1332
1496
636
866
542
926
236
946
642
708
594
334
656
632
670
318
232
332
276
250
614
232
784
236
316
674
590
224
1088
1468
572
542
322
658
1032
922
630
576
224
940
616
910
592
582
312
598
264
576
1116
266
654
840
694
718
570
1134
606
904
228
1108
550
736
968
100
596
1442
554
286
240
662
608
638
898
646
672
640
622
1468
594
356
762
338
898
950
614
336
1124
662
104
256
254
592
234
306
244
958
586
252
960
626
292
964
552
294
1370
800
920
236
304
592
574
962
308
244
310
1286
566
890
848
648
618
1016
926
596
278
