3f3f:0:0:0:0:0:0:0:0:0:0:0:0:0:0:0: (total 12)
0 1 Thread 0 going to cpu 0
2 going to barrier (cpu 0)
Thread 1 going to cpu 1
3 Thread 2 going to cpu 2
4 going to barrier (cpu 1)
Thread 3 going to cpu 3
5 going to barrier (cpu 2)
Thread 4 going to cpu 4
8 going to barrier (cpu 3)
Thread 5 going to cpu 5
9 going to barrier (cpu 4)
going to barrier (cpu 5)
Thread 6 going to cpu 8
going to barrier (cpu 8)
10 Thread 7 going to cpu 9
going to barrier (cpu 9)
11 Thread 8 going to cpu 10
going to barrier (cpu 10)
12 Thread 9 going to cpu 11
going to barrier (cpu 11)
13 Thread 10 going to cpu 12
going to barrier (cpu 12)
Thread 11 going to cpu 13

cpu 12 cur 12
going to barrier (cpu 13)
STARTING...
STOPPING...
Duration      : 10000 (ms)
Acquisitions  : 12441925
1287
331953
3429
3291
54519
11535
3435
2007
1887
75123
59403
2022
4368
97275
3411
38778
65814
3198
44544
2703
3210
63132
25077
3504
17370
111588
93015
6786
9171
4095
21954
4014
31794
27672
87081
87915
1971
2004
74361
6966
79404
105555
50682
8121
17046
10416
4683
6255
2100
3642
101112
3168
104184
1971
4986
2151
27348
36828
41733
2559
2574
72720
57504
3204
5922
3993
263853
29691
121767
26892
4110
199689
26013
3366
8637
143661
119580
4644
85068
3966
4455
1740
33771
81315
79749
8310
3141
4623
27801
3375
4572
22407
1785
3138
15171
43083
11982
198582
1374
24609
3252
1590
50655
24435
72774
1470
4851
21495
2127
63003
41418
2199
30561
3393
11199
2208
7926
5826
5484
3093
7260
14586
1140
2100
2010
4641
4725
96753
2487
21363
69654
2172
8388
2472
139134
1443
1944
2799
24984
3174
8874
11076
6249
4926
3861
3606
2991
2868
193038
2451
51531
3522
3762
1824
5460
61545
3744
2793
79983
3774
68385
70323
5613
1566
68988
6966
39306
107145
3405
4404
4488
26631
188799
63432
82305
87741
30978
3087
5481
2220
2925
7122
3861
2841
37521
117360
3810
5097
119751
1479
23586
2238
4596
71838
52590
2151
284037
5037
56646
6276
49431
16035
4800
3315
1926
167772
3036
177195
2697
2094
80868
3996
3357
7302
1845
78597
79245
3450
48960
2247
38376
5193
57678
91053
44568
60243
8541
1353
2088
19299
20604
4200
1560
204789
2793
47301
1911
97911
14322
5544
43086
3345
29046
3330
89028
33453
77328
1248
4980
195996
3033
25959
2196
2358
3471
29838
4032
6102
2112
11418
2079
5433
1416
6636
3390
6984
7431
2280
2169
3732
2238
42888
44718
3645
13317
5130
1824
5637
73356
44424
3711
103593
27063
4080
2775
2205
3687
2670
36726
2607
3354
2136
2193
71769
3708
93000
4113
3192
2772
2667
4260
2847
3390
2541
168348
5040
3531
14496
8637
64629
102309
6933
3387
2580
114714
9294
7188
159816
2424
3573
78828
4653
3444
5328
6984
47646
3273
226431
3291
28287
63645
2052
6879
5115
61077
156411
69153
2916
69180
21657
3186
1869
140838
2226
124203
3612
5574
5907
110391
13512
109785
1173
3057
100716
5595
3867
3084
17214
3918
7395
46347
3873
43320
4005
2982
130752
4896
4779
3486
5526
6159
105966
1725
216597
3003
3927
134217
3066
3441
4134
105471
2343
95172
2169
4257
71481
6300
2370
4530
2025
4569
5112
38745
3729
127647
6639
3729
13407
2499
4506
54276
35262
126402
47481
4989
98121
6027
9264
86277
2811
21426
2982
3114
3108
24414
2502
2409
69264
4101
5751
2706
4287
79203
7008
121980
1980
3672
29049
3942
939
3543
81096
49371
45153
4998
151872
3156
3432
11469
1374
46674
14955
2544
7122
46557
11661
37563
3396
119370
1911
108507
6633
5625
24987
3507
5478
146601
7779
3435
79317
59478
2847
1599
26139
4410
76362
2130
2022
2049
93615
3984
88962
62082
68877
5262
39342
2802
19935
2205
7512
23013
10380
5448
113256
3207
76752
58773
80766
6030
2049
40482
86913
4482
25017
49434
2337
1425
2424
15444
19665
1863
36552
5940
139926
323472
4203
36123
33240
6360
1833
215394
3765
1257
15576
111621
5778
57699
114273
117606
2520
3780
39915
173172
3006
274623
43557
34251
99204
2568
67785
138438
2325
1539
2862
33228
76284
2136
19068
1986
1839
3387
71346
178137
3855
30714
5301
2706
2583
3141
2025
73989
1311
2163
3141
10320
3993
254871
7395
12006
95391
248259
1383
321474
2568
58104
225885
1911
7902
2211
1980
2076
7113
77940
42402
3699
4365
12267
13428
26946
3627
325695
2367
2274
63204
43611
71043
34374
125877
5274
5496
140739
5226
50016
101022
3177
4578
4677
57540
69948
4023
130920
2037
3117
27810
12735
165432
4203
107886
4059
112764
42984
82509
4155
3153
2022
21054
1473
177444
2616
4068
5022
102528
93426
8739
2175
7455
10263
2631
160317
235629
82800
4644
2667
1338
101910
3273
3192
329307
162855
152946
25287
1152
3120
38298
26388
4470
75711
155988
3048
33981
43107
2565
2049
52041
2763
3903
3378
18078
3192
3525
51735
23415
107172
5052
120945
27180
1560
3150
4470
2415
10959
373938
88440
3054
7488
10329
1035
162552
29952
6717
3144
3228
24357
86004
87306
55026
6840
124899
21708
1875
1989
231519
4428
117201
4107
70455
117105
1173
1761
3654
175431
2814
63378
1671
1875
39996
6894
5031
5721
2634
3105
65841
7122
55374
5622
71322
42228
3519
13920
244221
3378
15846
2475
7002
205176
28134
9072
260730
2571
4821
41754
77865
14577
1977
27828
70092
133539
2523
4794
2523
50307
2136
113163
2661
4893
2832
1302
6081
3027
3429
16617
110268
5415
1614
63513
2619
104556
3420
17856
1575
4941
3384
45366
6708
3645
3885
2466
178338
3342
4386
5352
21147
3018
56943
3546
6909
106020
73452
4770
2868
130962
1989
2361
3570
1992
123531
5232
3621
3078
3384
3693
107988
50415
81741
78555
7956
34455
1191
3243
55029
36354
2925
16950
169848
3561
5724
3873
1002
46170
2148
75558
124398
56562
61470
124704
4380
2193
5796
2193
30528
21996
2238
1620
22980
1410
4839
4173
2850
58707
95451
1857
318930
69636
7140
65616
4062
45246
4041
18489
1683
1728
107511
63039
34983
8430
28722
2619
248778
53739
18432
4722
54477
2058
114498
3801
43131
42417
8409
1785
61995
137673
46962
86859
3339
4086
28776
3120
32535
5118
41664
13596
84138
31287
3735
8193
96996
19572
118407
74154
28344
2700
3942
4146
5313
37983
67437
56685
3594
3531
2319
26364
3774
392901
3480
12108
1497
6930
61578
212808
196971
6486
228171
3216
2265
112458
2913
3303
127131
53010
79053
65844
3279
2604
3780
40581
6153
2532
8595
39507
5712
140472
54441
254481
1548
33942
18621
2277
4953
4392
7287
2367
19089
18918
2334
62298
2967
2364
2259
48960
2442
924
96105
2097
40947
59313
3588
144138
3834
4566
2877
20919
3534
103521
4077
17472
122103
4374
182340
5286
2532
3219
26670
95496
1785
4032
2541
2013
3408
103185
4260
3393
68409
78999
3852
62352
37014
2910
13398
3093
3441
6720
84036
2715
3075
3699
373584
5151
3498
29568
95634
13590
5343
3798
2775
11391
4656
3150
2094
3045
3393
152259
23442
13302
2397
21612
2274
2955
26871
2124
216642
1878
4593
4014
151092
32133
2454
39297
41478
62628
4575
4239
49722
2244
1749
125211
1026
2511
1602
3117
2109
5109
253344
2346
203874
3102
3129
2436
19194
1662
2481
1158
2274
2112
1683
1095
3561
531
3912
63183
1239
101835
41736
15501
2856
2595
1326
398268
342378
1497
3195
43725
3930
170976
2166
2721
2196
3255
211554
1794
2052
1188
1581
1932
3405
20031
11712
2025
2721
1749
2307
1206
3063
3018
2019
1710
2412
3501
13986
74940
3003
2844
15570
1665
1596
69090
2559
2499
12939
1809
12648
2748
96456
2397
53718
1563
2604
2424
3420
2475
82476
1569
2424
1653
133845
2724
2979
906
3054
60732
1386
21375
3582
2202
1914
1725
1095
2025
34554
2361
163140
2619
2505
224211
1119
80601
1425
3366
1887
51261
253215
1233
1992
2133
1992
2643
2430
17274
52188
18321
1497
1665
2361
1476
2379
2388
2085
152262
133254
2385
4866
1131
2679
114303
1359
2244
1335
70215
2139
1002
3567
1392
1827
1791
2094
1314
25566
1800
1647
2079
1437
2667
1545
1602
1761
1470
1245
82923
3540
3714
1749
2034
1077
1572
1749
2271
1467
2052
2370
3909
41538
90135
2085
32910
2010
9735
2241
34107
1974
2751
3012
37065
1638
2145
891
1722
121986
1044
267390
79518
2037
288
1527
2760
2406
2382
20016
133152
37107
2451
3228
1692
3144
3921
3066
1536
2283
2172
978
1725
72423
1752
1734
493455
1761
2763
1320
390
2196
2127
2115
9246
3204
11145
1929
1503
3531
1374
993
81549
1614
1380
26352
1272
1530
1011
2523
906
1731
167295
1662
1584
39408
2457
1128
2574
4455
1710
2346
8766
2169
101046
209007
1947
1377
48180
2736
2316
1197
1320
1362
160752
981
1845
1107
1956
3030
1683
1029
1698
2277
47820
2571
1164
1725
2526
1392
1635
75390
1335
2418
1059
834
1635
201483
88851
2013
1806
89982
17697
1056
2631
2235
1332
156792
2820
1491
1773
12768
2991
1623
3549
1983
3051
2598
102003
1326
1077
2844
2091
1944
1437
23616
1905
1980
1884
2535
1947
1854
1200
132006
1203
2187
37317
2901
1155
179958
1926
1134
2136
1800
1407
3423
2433
2016
9798
200274
3630
2352
1941
6930
56694
1401
1086
2538
2583
2058
867
1518
340473
2328
1515
5673
44640
69651
122484
40653
2790
178569
73707
12654
2826
15522
2253
2064
3837
1662
1854
912
1854
1410
34476
121494
1173
1752
1692
1491
1416
1461
2073
1917
1605
2862
1797
1176
1611
3255
1206
1923
1518
1527
1401
3795
1596
99852
1482
1329
6435
4440
1314
63153
3522
1755
1146
1386
1590
1656
2181
1854
1140
2847
44463
1209
2523
44781
62520
4089
1626
2898
1692
1185
53631
2403
29736
26811
2793
1281
2736
11247
219
51726
1455
2415
1899
3717
2226
1992
49854
1815
1155
1821
3834
27105
3717
2985
4890
1638
2439
3759
960
1503
2163
54333
3264
2169
1095
2826
924
4008
2715
168153
76389
2538
1995
110799
305079
1071
4155
912
28326
1518
1308
2934
71376
12204
3048
1389
3585
1494
60027
1935
2403
1713
1839
7761
1338
1848
22155
1047
3549
897
1926
10101
2172
1476
2136
1350
5010
71736
1950
3933
1827
2889
66006
2235
20133
45564
1773
3207
2028
37569
254901
149889
1725
13944
3588
2577
2814
1947
2814
3516
12642
3198
3996
1329
2241
2904
3675
2586
2799
2871
1599
3513
238299
86538
1281
47385
1587
2151
109512
2895
915
3174
10293
1500
63030
1251
1527
76773
2166
2385
1917
1674
1521
1503
90111
2556
3033
112998
1644
1722
2385
221124
426
2226
2553
3747
2043
882
2520
110661
52263
40716
3066
2145
1173
1458
2166
765
2313
14361
1743
1155
2871
2889
996
2016
1698
2703
50448
2865
2367
3171
2247
3288
2466
1179
2799
2820
1731
15693
4476
32187
2721
2376
1350
5034
2199
2808
1521
2418
19974
2430
855
2511
1674
31446
2922
1524
222267
1953
17493
1044
2007
2415
2547
2763
2304
147747
2487
1458
65367
24666
2730
11748
3084
2610
1563
3120
88719
2934
2436
1635
1743
3204
3009
2847
2589
104442
13698
2004
1845
2757
2367
2244
1848
1350
1632
50952
972
60141
2406
10854
1395
1494
1791
145731
74901
39168
2208
10290
1284
36885
1719
65298
3708
2337
142542
2550
88992
10677
1920
3714
2205
2451
2301
6756
1746
3537
1662
2031
1569
4242
2925
2211
57996
2895
4464
2577
123942
1314
1257
1995
1497
1704
1656
3507
74541
46875
249459
13554
1602
1326
3213
1614
32487
42891
1668
2580
55728
2088
1647
1197
1317
1839
2640
1740
1698
1734
2148
1668
30903
22026
1248
2451
44544
2280
1233
2586
963
2631
2841
39576
72333
10479
4284
2160
138408
19830
30108
2352
98952
1614
2049
1929
3357
591
2745
933
1995
1617
3741
897
873
1968
2277
1833
1728
2406
22737
1620
2265
2142
2607
2565
268224
2322
10014
2175
498
3249
1233
1452
15012
1863
1434
804
3030
2970
1230
3516
1113
1515
1941
6252
364047
2157
106188
2709
244707
74565
1629
79512
3003
15396
2037
1458
3651
53313
2271
2178
2799
3585
8607
2397
2160
177900
95673
2820
2697
1209
1167
52545
197739
35535
2367
2001
1470
16464
1542
4080
3570
1896
1863
1443
1302
2310
2520
1755
585
1995
2514
24669
78681
2361
2034
5505
1365
196461
2580
1362
3114
1503
36498
2961
2904
1752
144108
3552
1698
2565
2742
1815
2325
3333
1785
2772
3027
23124
954
1416
3939
74667
1200
8442
1593
318
35394
1824
1206
2547
2199
2724
3018
2766
1263
5622
891
21369
2829
1794
19728
2085
2046
1833
831
1593
1563
71517
1338
2112
2001
1377
2109
1218
3222
2697
1389
2175
1818
18018
60822
1860
2136
1494
167628
1338
153612
1776
2196
246228
2400
2316
4395
1422
894
1881
2688
1569
1233
2064
2079
1740
2127
3516
741
1794
1056
113919
2823
1380
13110
2901
4266
1830
1371
2121
1902
1410
1398
2247
179313
18591
121410
963
2235
1758
1410
28347
1920
45858
16380
3324
1812
2676
1782
1419
1791
2283
242418
39267
2202
2316
1581
3192
2592
1329
31161
76110
2898
939
1554
1467
2466
816
3123
2061
1653
1704
3834
969
1308
2586
1668
2445
342045
3864
2196
86061
107169
1482
1371
1326
966
2238
1566
2193
76932
19908
2163
1056
990
2322
2781
34449
1272
1371
1716
21135
1917
50301
1749
2469
27531
15195
2103
205356
987
6792
2325
2370
990
2649
129726
1647
1524
2898
2706
1941
771
1719
1128
1044
3108
1323
1596
129321
2370
50298
2139
2061
780
83979
1416
1356
2937
1542
1953
32589
211689
1806
8553
3069
7680
1017
2769
792
1245
35673
113895
2385
1896
2367
2631
2295
2262
1584
1623
1899
2391
17592
1560
2007
1161
76662
1998
2139
2664
3408
1917
150471
2922
2253
2550
1866
2631
46176
1260
1782
1566
67143
2835
2490
1434
1335
85581
1272
120345
2664
55299
13785
1050
2082
169929
205884
174756
1641
2178
2715
3075
4122
5232
72579
22746
1644
161034
888
24921
1581
2454
2907
2391
1614
1743
1305
1986
1812
2061
3807
1200
3402
2277
1797
2088
50004
2316
2304
1275
2433
10062
4077
2034
1071
3219
1413
1533
1590
1320
1395
3474
3219
2181
1575
1239
1884
337845
1692
70230
1656
2625
8247
3756
1773
1176
2058
7848
151053
2577
939
1533
2712
1308
1914
3573
2790
1962
143667
217461
3330
3138
1908
2475
45123
1080
1050
2730
7737
24594
2427
1479
1758
1383
2448
1005
38157
82719
3492
2658
1797
2064
257499
2124
3117
15576
3297
1827
293697
2079
1308
1530
1935
15231
1344
11937
1626
2532
3318
4065
1737
1398
3843
2250
33402
2649
1803
98241
12327
15414
2727
1206
1545
1977
1275
4215
1443
58218
2037
3153
2136
1965
89814
87759
4533
2358
1536
33729
115158
1227
2781
1671
1434
26151
2949
1434
1689
1467
1266
1710
9759
1728
1281
2193
2055
52041
2664
1473
1710
2349
2277
1677
2610
1905
2196
67002
2223
2142
2421
2976
1374
1098
858
1575
1590
1482
921
3285
16797
1437
1119
2598
2673
1317
307521
2820
3666
3531
1701
2073
2442
2835
1728
1641
258
7356
2076
1632
2784
1674
1680
42519
1545
65619
2421
2037
1971
33681
1479
1194
2373
24069
2235
906
1452
1992
3585
4047
1839
70311
1416
963
18297
88887
1497
168822
20367
2718
2163
2991
35043
1929
37809
2532
1812
1845
1857
2184
1845
23073
2589
52803
2757
1278
1719
2727
1128
1824
2004
3597
1734
1137
17223
3876
34485
3732
1542
2346
2868
1194
6171
981
1980
2613
49431
43941
67665
105897
2184
3192
936
1749
2226
2319
3339
1431
3861
3042
2334
3990
90309
3336
2979
1314
936
1560
3246
1935
2355
1479
1788
3357
2289
1905
2103
1086
1782
1227
2490
2070
1620
2721
14784
1572
852
2016
2259
1725
45042
136998
141009
2370
1224
1488
1137
858
1701
1413
2463
1554
48156
1071
61506
3171
2814
1383
1158
2085
1743
2979
10167
1431
1260
2157
1140
59502
1038
1488
118998
1089
2934
3483
3372
2157
1092
1257
1830
11316
1875
2787
2922
52614
128607
2055
1770
10287
1053
55116
4089
1821
2121
62766
2493
1938
3393
10356
2811
2301
39720
25497
1944
1335
90360
2349
1617
3150
168489
2301
1419
1674
912
2328
1134
864
4293
1260
1443
50898
86430
2835
2739
31293
5094
2136
59910
2718
2982
2448
813
1164
56853
2352
151821
1326
1086
103227
1722
2100
1773
1779
2211
99456
1533
16188
1359
1641
89445
3054
198
2040
1068
2622
49617
780
15138
1506
2274
1104
1560
2373
1560
2148
1932
162177
1092
58272
1866
35730
1260
3594
1305
780
170238
1494
1086
7272
1062
1464
2493
1656
3198
47700
64902
1365
3753
1383
1479
1662
1812
2592
95325
1023
33729
5139
1815
165696
3093
2010
1314
2151
2064
2226
4128
948
1176
2328
1293
63996
933
1689
1797
136062
1134
87801
2202
2214
2937
3687
1752
1020
1548
1770
2016
2814
51057
2286
2733
1209
30876
156252
1011
2853
3300
167616
2343
3663
1119
2007
3276
1041
2301
2424
2361
122838
1776
117651
30021
2742
4179
1347
15363
1782
2118
1137
1848
1617
1908
1398
2139
2175
870
38697
2442
1578
1287
1068
126144
10779
10020
1731
2601
3156
3012
1677
1203
2736
948
1800
1530
74322
2919
2835
1359
1434
1155
160881
1506
915
2511
1323
3075
3816
2022
1941
1629
1944
3603
1620
9759
94008
2901
7302
1602
3657
2346
3126
2709
2355
3258
223170
3591
1047
65163
3027
1218
1086
1437
1215
1401
915
1008
1665
1977
38733
1551
2796
1836
2091
1839
2187
1179
2490
2838
191916
1005
44856
1494
1581
1659
11493
2076
3708
2451
2118
1347
29409
1008
3846
1359
3030
1434
1692
1098
1587
2184
2370
2418
163611
103836
2529
21540
1329
1947
1113
2196
2004
2457
2910
1896
2607
1131
2901
1956
24852
846
1806
95784
1845
2496
2487
14586
2544
2355
1323
1833
1035
1818
2478
1311
30042
2436
3948
2172
1647
1041
1038
1002
1989
1542
3582
2253
4248
1863
26571
2862
9342
1203
28326
2250
52050
1824
2370
1719
1011
14067
1539
1512
1320
1599
921
1944
2283
3903
71859
798
17454
1527
1599
1491
286467
136833
1971
2091
1749
1686
1698
25599
118287
1419
1233
1236
3195
1653
223926
3111
80751
219
993
4740
2049
3168
6075
1827
1242
1908
1416
2835
2934
2583
1488
3039
2958
56268
2478
1197
1425
160704
2361
1953
2499
1380
1302
2439
2166
915
1164
13584
169125
2493
1971
16833
3294
2343
51420
2250
2562
2274
1674
729
1287
3162
1263
3798
1917
1902
2952
76587
1236
2004
2097
1827
198354
69105
3414
16737
5154
1293
1785
2286
1341
4023
1425
3573
64032
2973
2439
5262
1563
2730
2109
1182
5304
30519
2058
2370
2562
19755
37227
1959
1638
2991
2589
4224
1311
58143
2373
1935
3336
13128
828
1791
3108
3021
49353
16860
2454
63354
2193
86130
3096
2355
1590
191349
1569
1701
1323
116445
8631
2241
2595
26736
2160
2706
1290
1272
2205
708
34563
1212
2097
750
214134
2484
177207
1386
1860
114651
3651
1086
9411
2772
1464
2109
1962
58809
1440
1821
993
2910
63741
2211
1485
933
103680
3687
1749
4005
153474
2511
50868
309333
56634
1521
2340
1062
3111
2052
4083
762
144741
1041
3000
17598
3189
2295
1533
12159
1329
204978
1218
121212
1815
1590
2097
1683
873
2325
17289
4833
325347
2346
1077
1416
2067
53388
66465
21000
1158
3180
2868
1482
1323
2814
1392
102693
17295
2736
1380
1935
1836
2613
2136
1212
4386
36960
30531
2634
1782
30123
71877
909
1674
2259
3384
888
1467
2154
1944
2091
2061
2316
711
1713
1038
2898
168699
2565
2667
1752
16551
942
1941
1428
930
2802
57510
2127
1386
70044
2229
27321
1128
3603
2106
29400
1770
2601
1533
2265
924
2175
2268
3177
1761
4287
173247
1629
1890
2448
1092
2187
924
1140
12414
2553
1431
2043
1224
111996
1932
1911
2661
1128
2646
1848
2529
2541
66117
3588
1416
2475
2916
1821
3348
3645
125346
3255
1911
1944
202662
3219
1476
1791
3468
13617
3348
1641
2193
2286
1710
1503
2475
37131
2178
46881
1320
101382
375
55305
2061
64179
2877
2238
4149
195354
2841
1263
993
2895
1788
13386
1818
1698
30381
2214
60693
145659
2028
46194
1707
2109
1851
2355
1965
1713
1593
1971
1629
1197
111087
1236
3078
18060
2007
2127
1308
3090
16443
1650
2778
1518
2667
2613
1374
3480
112317
87579
3894
202668
420
807
1050
3258
3222
3198
46992
5604
312045
1971
1638
2376
69291
1596
141390
62862
2802
8940
4251
2460
2019
1479
2238
2673
2229
11658
379845
1434
1176
927
2043
2919
3996
2184
1725
2196
2475
70059
2262
2133
1212
1248
840
1140
3057
3057
2520
1761
4869
1731
2922
1110
3096
2979
3339
25791
2340
2334
63087
2334
2133
2052
2367
2820
2241
185217
1554
6147
1605
1767
3669
74460
2253
4008
1713
94146
1563
2730
173430
1512
1701
4854
1356
21033
2166
1539
1956
2553
2607
3594
6987
36888
2481
49764
1860
1782
46746
2067
1887
885
1143
1860
2556
2787
31467
275844
2091
1782
77964
1578
16248
2841
3567
3582
2535
1785
1524
72270
2946
1635
51117
2226
1437
2298
1119
1467
2094
2262
2472
94704
1245
4284
1842
2784
1950
1455
1722
3933
1305
51303
1497
4785
2877
37734
1431
227649
6171
36897
27714
1191
2544
4026
1443
1266
2193
65451
1263
32427
837
1509
4356
1470
4884
1653
3744
88548
2085
2796
1581
2346
2700
1533
23382
1407
1599
912
3345
1485
1437
2436
1275
2682
2961
1020
1863
1182
1224
5094
2049
1182
750
2421
127683
4740
3273
14781
1932
1794
819
2073
1458
2136
2892
2556
3543
1347
1290
3054
1254
297
1119
1791
1950
1608
38466
2415
2028
2325
4482
312
59487
27141
2280
1644
203529
2604
1845
1752
1551
2547
1266
1251
840
1689
1677
1539
1557
28059
3717
87603
1653
1797
1824
2322
11592
1194
20799
1872
1608
972
2067
2424
1614
2631
1182
4323
2316
3546
2271
3258
2418
31290
2196
1986
2475
1941
5088
3381
3423
2925
1962
2634
1935
2478
1503
3951
2256
125394
2286
2514
2208
1644
2961
2514
3702
2382
2733
2223
3870
1776
3480
2043
7029
4638
47295
2130
36105
2262
2493
39762
1374
1473
2262
101526
1503
1692
1998
1689
2589
1563
1941
1575
24762
3951
68124
2247
2865
1467
3555
49164
5328
654
1710
1656
1353
2049
3471
2100
1137
2100
7518
2181
1524
2427
90513
2856
1560
2460
252
1983
9180
2466
68553
11163
14358
4122
4344
2007
969
22158
56121
2172
1767
1407
97923
3639
999
2820
1689
1935
1338
858
115926
2055
2541
2121
1761
1077
1929
3396
1251
3858
1449
1926
177780
2496
2436
1644
2349
1614
3528
2475
1680
236133
4311
6459
1236
2466
2781
966
1566
1767
4542
2910
822
2694
23166
1428
288
111795
3942
46125
2106
1158
3612
2277
2259
31776
1941
2520
2322
1518
19599
882
1863
15987
2310
101847
795
1656
1383
1026
1278
2451
25440
6567
2487
2604
82932
1818
795
1191
1389
3627
2256
1311
1116
1563
92391
1161
2895
780
1935
825
789
13755
1149
1833
2319
48333
2103
1218
88404
2013
2472
3069
126792
1059
1764
1062
3021
1368
2934
1203
26010
71148
1713
2673
1851
52824
1872
1563
23346
1713
1230
2202
3198
15960
4956
882
1986
59895
70332
264705
1059
2184
2409
1920
19671
170682
2034
1527
2193
3069
2433
10665
1059
1242
1107
1725
1551
189735
3390
42885
2115
3606
4089
2178
2430
1500
1086
2196
2292
2580
3624
2052
1839
1332
2325
1170
3756
1086
2556
5508
1719
2295
2217
4758
2868
56274
1707
879
2184
1515
1344
1122
1950
2667
3090
1980
24909
2466
1479
2343
1767
2241
140634
1653
1089
59022
2628
2529
2709
2706
3228
822
100578
4158
2613
1104
2184
1350
3321
9456
1035
1434
1398
108513
1344
3747
2112
2391
2334
1167
29685
4698
2919
2337
1356
2700
1494
1803
18171
849
3690
1263
27711
2523
1575
1437
2151
37770
23742
2217
2067
1176
990
1095
1818
945
2382
137496
1716
33819
1356
86832
1161
2415
1116
2466
2301
1989
2667
969
12861
1212
79917
1377
2748
2268
1560
1686
1407
2592
2328
1617
1068
13452
47502
2703
1233
4959
1515
1443
9249
1944
2604
2862
1641
2733
1152
2745
120882
119463
81582
2052
1962
4527
1947
2823
1926
2691
6159
1311
2037
2481
64032
35454
2094
1551
2157
1275
1992
1980
3291
2271
2556
2499
1980
2886
1626
1614
3063
2505
2037
2172
2037
1764
1107
1107
2199
1173
1275
2487
61536
2526
2682
117036
1140
315
3123
4101
2238
1380
2103
3627
1467
2871
2484
2565
1737
131757
2379
25032
1605
107409
1428
1632
2862
2016
70428
2475
30681
921
1653
4080
1824
1518
1617
167079
2856
52977
2748
5238
2436
2871
7821
1737
1443
19110
15858
3099
93282
1722
1971
5763
1575
2736
2508
58149
4686
231501
31719
2862
981
1374
100221
2859
816
2250
70356
1671
4062
1560
4608
2145
3000
1719
36357
1098
1608
2313
2997
2811
1803
200361
4191
77433
1929
1701
2400
238458
6180
1815
2052
975
1101
1149
2607
2949
2613
2355
148038
963
17295
3696
1947
1677
2778
2007
1845
2922
2571
2892
1791
218427
3603
111555
1362
110910
942
6711
3906
2097
147768
55650
2502
1086
2484
240
36831
2700
25281
1953
1056
2349
1464
1920
4068
1782
1560
102252
1080
2436
192
2280
37776
4185
1539
2394
67107
1839
4002
1644
22998
2286
2190
3984
1827
1584
2385
1938
1032
903
2676
115365
1851
2484
1290
3642
2142
2412
1917
4971
1383
2256
3621
14055
2802
146079
4749
2757
1599
2127
4362
1704
2358
26784
1899
1014
1791
3504
2307
1014
30762
1284
58779
2760
1335
2058
14157
2199
1944
55410
3912
1302
954
4539
271818
1305
2160
2850
1677
57180
855
37050
2265
2241
1815
1722
1068
1896
49272
1956
1311
153585
2343
2949
2034
1659
1305
2424
171255
1614
8694
1737
2661
1335
6594
1347
858
1431
61761
3210
41553
2103
1338
1395
546
77865
1509
936
26571
2205
978
3330
1689
1914
184851
1200
63705
1641
1752
2934
2535
825
1893
1932
1224
4458
1767
1773
1932
2757
1416
1560
1608
11667
1473
3060
2655
1785
3051
2247
1842
2097
1038
2598
1596
2487
2196
5316
2760
2715
110943
1119
69390
1236
3030
2028
2559
3105
1677
3117
2472
2646
7194
2442
1407
2844
19107
3975
774
73806
1737
984
1086
1239
2079
2169
2925
2178
3216
2079
1575
1623
3027
1056
2439
48228
4992
2517
1641
1938
2382
1185
1692
1851
1878
1704
1284
17415
2322
1308
1359
144282
3732
40437
3498
137991
1461
1947
1815
1677
3303
1839
2745
1194
115824
4509
2700
4155
127914
3417
1245
2304
1113
1548
1101
1245
1962
2772
2022
36237
17169
2265
3816
1215
234312
1683
1401
2862
981
1965
2754
13965
1716
3468
268020
876
36372
99852
7821
4740
3039
2313
1326
157392
35817
1194
2283
2175
2673
2592
1608
2277
1803
3609
2622
45618
2031
52569
2079
1491
53304
100518
2835
1218
1521
3021
38631
1716
2079
2160
36078
1881
1785
15858
2031
25566
1689
164262
1608
1545
1854
1623
30762
2589
2121
1698
1077
1389
1695
1230
2181
3189
35067
1836
1596
2457
2313
1950
2181
1488
1614
2166
3222
3417
2409
2589
2358
15639
2604
1503
7155
1350
2211
1716
215802
1515
1881
1155
3213
1173
1149
2154
3459
17790
3189
29238
1056
2469
43554
888
1554
1590
45342
70449
1329
2433
1500
15132
4167
2271
1437
35844
3306
375
7266
816
1836
834
1023
1587
16188
24294
1092
4875
1521
2148
43740
819
40092
4833
2778
87507
1644
855
1278
1965
3399
2613
1545
3060
1734
903
2589
1332
2916
2832
216
2838
1284
3837
1923
2592
2070
1665
1869
1359
1695
2337
3327
2766
2505
1305
4431
1572
744
1632
834
1074
59148
2883
32454
4569
966
861
1659
2622
2511
2547
1686
348
3495
1170
29196
10398
28176
1518
20346
210108
1467
1536
19224
101052
2754
223794
2262
1383
1821
2322
1614
18849
1908
1761
1965
2319
59322
9702
32262
7245
1296
295602
26286
2832
2643
834
1053
1362
66732
21933
954
1245
3003
1143
1746
28350
1794
2034
1155
1860
213096
2763
3909
6648
1107
1785
1284
2292
2361
2637
2430
8730
2226
1506
1806
1440
2637
3468
1386
1308
1914
1191
2214
16071
960
1626
10104
161355
2028
1683
1350
15699
1815
2565
2586
72942
68007
1479
124203
13662
2322
2169
68367
115365
2679
2217
2040
1566
2757
254808
241155
2208
2343
2268
1518
86769
47232
2073
1473
2829
3405
1590
2349
1689
3024
2790
1581
3267
136713
1749
2403
1065
1473
1647
1677
1557
27096
1851
1299
14583
211413
1347
44553
1287
1683
1038
1716
1710
12786
73098
1473
3201
1242
318
1005
2349
19533
1422
19407
2250
2115
3219
9132
3576
1296
3417
1509
1209
2934
2313
20409
3003
1968
1938
987
2628
1425
3588
1296
195
1833
68544
2325
2370
2352
13236
32619
2604
2592
1242
40209
1053
267
2262
3081
4467
2415
1806
1857
2406
1878
3927
96306
1536
2385
15900
1566
1524
1491
1437
1458
40515
1158
1914
858
1530
4209
2514
111228
2616
88446
28707
3402
657
55389
2199
1455
76983
1716
33108
1323
1785
2823
8052
1500
47544
1470
1806
213237
897
1410
61263
2784
1464
50373
1917
2229
3048
1224
2484
1566
2106
167829
2274
2424
1821
140028
2187
1308
2415
3732
1770
41235
3291
1851
1503
204354
3099
1341
2616
1038
2505
2757
1440
46671
217770
1179
2829
1707
2106
2109
95010
33606
2193
1614
8610
1554
1071
1212
4686
1392
2652
1827
69696
3141
122907
1995
1425
1236
1416
2511
1200
3474
930
2118
2511
837
2322
2172
2031
960
158946
1389
912
1140
1452
2121
48762
2670
2658
1095
20058
813
1701
246195
92904
125337
2214
2703
2259
2502
1572
2535
3609
3849
134808
2541
1893
2184
978
1455
2244
2694
1083
2052
1419
3426
3462
1206
166491
2163
1227
1314
1485
1158
1716
2214
885
65952
1158
2163
2505
1356
1635
2328
1755
771
3327
2580
15363
1026
1989
2958
3189
1656
2571
1350
1575
2652
2379
1089
1164
1620
92088
322251
3564
34011
888
41481
41979
954
1467
1041
166632
24300
3195
1077
4878
130668
6315
1956
29727
2067
3204
2187
1230
14565
2463
25977
882
16431
2130
2955
924
4380
8154
48840
40167
1290
2712
66276
1917
2535
1392
2160
46050
3858
1470
4293
1299
2853
2550
1014
954
1404
2040
1953
2490
1107
1761
37011
1644
987
2400
2394
3597
2778
1092
1689
1647
4011
1968
2829
83499
1071
2568
2031
2292
1893
1494
37335
2052
2193
56037
3861
2217
2391
831
19299
3180
2190
143448
1122
1794
2856
1188
1140
2739
2898
3783
1122
1110
1416
861
1875
990
1485
1677
1452
2019
2334
1644
1542
3678
4266
1896
81081
116571
49299
1266
1926
1242
3090
2187
3228
1194
3153
1986
2199
447
2703
4896
3183
56604
1785
1554
1155
3894
1695
2937
2973
1731
1449
1230
74244
185163
11163
1233
84180
1395
1404
2145
1809
3168
33777
2625
32577
2337
1461
1050
2214
7032
63222
1353
1701
40752
1584
1344
2079
1638
165570
1608
1791
2781
1992
4161
38625
2571
1353
246
2100
188931
1494
6357
1710
3006
2478
228378
3663
3219
2283
2169
2100
63039
1983
1791
3030
2508
84174
1989
6459
16833
1701
1104
1728
2241
1323
2871
97587
3657
1467
1380
1875
2307
1068
1335
3621
2181
43038
4194
1332
1533
2988
120480
114354
72276
1464
77076
2439
1899
2862
1566
46059
9747
2421
3204
1719
1890
63357
61347
3312
7509
3078
915
1947
110811
2193
1845
3903
2397
1254
1362
2499
2115
2439
1308
211905
1272
1023
1428
2355
1899
62673
1932
34329
2388
1656
13236
2127
2163
1170
516
2490
3009
3885
1293
1872
1530
222453
2682
4629
2100
1032
1407
2724
2925
64950
315
1998
2250
1497
2967
1305
85998
1980
1803
1461
1974
2280
3366
4485
1422
2973
2382
2040
97188
4644
3387
152082
1827
37368
9972
28101
24810
95493
38502
1515
118779
1194
882
1053
834
37362
882
2190
3399
1119
2127
3066
51495
2580
2124
1836
2001
2094
4128
1968
2205
2214
1362
2544
2844
45129
1947
2244
28236
160548
2919
1980
1269
1827
1503
687
822
2193
1677
1569
4593
80124
2493
2946
2997
1500
2712
978
31842
1803
27330
2820
390
1413
1653
1299
46923
3162
3645
2583
120801
64611
2676
3111
110094
1407
1953
1791
2283
335337
108684
1278
4236
2355
2466
1605
2148
1737
3063
3342
1923
1353
1338
3132
2235
2493
3507
2796
2607
1743
1041
77544
2400
3171
35274
2304
3675
2007
1965
15294
903
3363
2691
1803
1164
2796
1029
1209
2454
1716
20385
3765
39993
78447
2007
79023
56232
2031
807
3687
1230
121581
2748
1395
1773
1689
2058
1515
1872
3216
4221
2304
112380
2757
2550
1383
48378
1869
1401
2454
4656
1479
2472
25617
2373
1611
873
1749
28977
2835
3726
2895
1110
3222
2580
2091
2532
933
3207
2313
2316
1776
1515
27312
1869
38817
1602
1221
1044
1230
1587
39669
32727
3981
43083
2952
2190
2706
62409
1998
2373
1947
2991
852
13089
1842
783
90333
1338
390
3762
72354
2049
113004
9303
1605
2001
2859
1626
1728
1590
438
1524
1896
2520
17706
3321
1995
52503
1053
48084
2169
1635
1293
2979
86292
2700
1689
1446
2211
46878
24483
24960
1833
1623
1779
77706
2736
1206
67242
2211
1620
1329
2517
966
73806
99492
79284
1266
10119
2364
3180
1083
263505
1200
105243
43083
804
2448
2274
20583
1428
1053
27459
1956
100749
1986
1065
2217
1857
28593
2850
1644
1785
792
4110
3054
1689
43650
2520
2727
1731
65880
4293
1260
13668
1248
2370
9312
2115
1233
1212
2583
2814
2337
1194
11469
3498
2085
1938
1119
1518
312
52884
1800
23844
2292
2016
1281
2361
1959
1536
90096
62022
1095
1323
1386
2082
23343
3357
36270
1851
1737
41121
3051
3249
1797
2106
5028
2667
2178
2349
61068
50592
2217
2760
172011
1587
1047
192360
1734
1449
1392
44850
1218
7632
2970
2583
1551
2409
876
3786
133422
4701
1740
482799
3795
2349
822
864
173727
2541
3225
8100
2142
864
1995
46080
4200
1980
1053
1362
1374
2505
1671
2103
1893
29880
2898
39279
2265
2811
2817
274938
2808
2325
16965
2223
1776
1152
2208
1686
1383
73725
1959
29913
1332
3789
4356
3021
23496
1290
2076
804
1662
387
2535
190197
3009
966
4227
1950
3102
966
2952
161052
2139
7467
2352
3021
1599
1767
3363
1326
3027
1905
12108
115719
4164
50958
181185
1908
1155
2241
957
996
2910
2355
1500
1986
3735
1887
4086
1617
3510
1554
95514
1701
1341
1467
32634
1698
1905
1659
1320
1956
165060
2382
134298
9390
1659
996
2307
78852
3927
2463
1389
1407
246
1197
2547
109125
912
99423
2730
157932
1737
1095
186813
2715
1692
35163
57627
42237
1509
2733
2787
3384
26088
164430
1176
134589
1362
2742
23598
2541
2904
3153
1338
1287
1629
2922
2241
2619
1254
39315
3600
4707
13614
4692
2520
897
3600
1533
1341
1179
2610
4122
1896
1443
1584
14598
1695
1086
67359
2538
2049
2643
999
1152
67362
1416
2379
1215
1452
1161
1200
1599
1668
2301
2004
1599
1533
1458
237
1938
95232
2787
2286
1563
39912
1656
1560
3114
41475
2826
1791
30216
1425
1833
38166
61707
3426
2787
2382
2316
81465
897
4440
3219
1896
1395
1224
387
1920
2790
3777
906
993
3495
3495
2937
88647
966
1164
1959
2304
2406
1731
1551
1047
6606
4257
12660
43338
2151
76530
1719
2055
26322
1857
1140
85815
2061
3609
1665
2163
1398
5136
1851
1335
1020
2343
3045
2550
171156
1935
3825
2601
1959
26844
2382
744
1434
1281
1551
1752
933
2307
1734
113211
1914
3792
1818
2439
122793
41409
1185
23955
30600
15237
1611
1641
1608
2826
1881
157350
3303
1467
1419
5355
2118
9342
1218
24051
23418
2193
1845
2709
139080
1101
1623
1752
1467
27558
34296
2232
1689
3672
1941
42114
4107
2373
2583
381
2046
2028
46368
1308
2577
1782
1251
1989
1641
2700
1272
2118
1203
1290
1467
1056
3156
2205
131916
1713
93366
3027
3975
2925
43386
2469
169443
1815
46641
3309
46608
3366
2292
116715
852
1896
2634
2217
2163
1530
1659
2685
29532
41241
107262
3108
1836
1107
2154
2244
1467
2931
2973
3894
1353
1080
1236
2568
1629
2067
1377
17268
90486
30552
1848
1407
3135
2691
2019
4008
1833
1191
1827
1434
1308
16305
1350
1731
29331
1518
1980
1080
1647
1194
1398
66339
1554
2712
1164
2445
2226
3912
825
3768
58938
1545
2925
57162
1596
1959
1719
3579
315
2595
2583
19488
2349
2940
3582
366
2466
1320
2052
2865
828
1872
3054
2121
2505
15474
2322
2694
41181
54681
1995
2343
12048
3039
1422
2118
2025
4803
102300
1959
96525
1893
1803
293991
1500
3012
1668
2265
4020
1803
22905
3624
3333
894
1536
1830
2505
903
12273
2097
1461
1392
1914
2025
2613
1812
3036
1716
2229
4302
12603
2079
4200
2442
2967
1353
1431
3099
2265
13527
11676
2232
1695
1962
1599
1326
2655
2568
2778
67947
1800
63783
94335
16869
1479
828
2970
1353
1044
1653
1851
1923
11379
1905
1707
1716
72315
2181
1551
1755
14508
2004
1368
1077
1668
1566
1809
1422
1578
1929
2235
978
3237
1485
27516
1446
44868
48612
120726
1794
1284
2025
2952
1152
2229
2625
2301
4161
2634
1968
61143
2280
1308
1440
3096
2208
918
2481
1905
4749
1500
9186
2238
2346
14337
2553
46062
1905
3186
25518
1239
12315
1881
28986
1818
1266
2514
2175
1779
1200
2277
1965
2595
12018
3276
1194
1644
2073
960
2871
4740
2925
2115
1674
24270
2583
2727
3876
2127
2685
1935
19983
1266
1566
3045
206070
2286
1989
1545
3588
1548
1488
4089
2058
2433
2595
60855
1719
1596
15765
34941
2163
1401
864
3312
2904
3663
2190
2034
31362
3534
10872
31587
157050
1509
2544
1404
16617
807
2013
59652
71148
45633
69360
187527
4644
3309
12972
133968
110619
14226
256743
3471
3054
40167
3792
74160
18633
7800
95883
3339
86286
15381
29460
2628
2502
8502
47178
2295
2895
106674
4143
4221
4098
2496
4698
4617
2148
2736
11154
2025
110631
5817
1539
56853
4707
104103
1863
21696
5475
3219
1590
46998
5346
5343
3387
66927
115044
1407
2634
27960
2427
48834
4080
11751
105048
10836
68502
7194
2139
129138
6909
3027
3822
3462
42057
78273
5262
2946
4032
3708
4425
24714
78993
50754
130485
32514
33063
1833
1290
46860
49128
3024
20322
171225
1560
4890
2835
45564
3084
75897
6432
120141
60201
55029
119691
5418
1806
3909
5817
27000
21819
2580
8811
26949
2727
3861
5187
4341
156603
322536
3993
67515
6792
66486
51309
4881
8544
2457
1359
2553
101583
5121
63084
34392
2448
29079
3621
29232
144558
53199
68364
11463
4530
60198
119418
4644
39789
42639
2754
3480
66003
131655
134829
9021
3642
32976
4782
31872
36789
2295
91143
28062
6327
1911
47121
48426
8388
133686
76077
33936
6156
1758
3225
41874
123393
5733
3615
3153
3075
25416
304878
93861
3321
11646
5865
2202
57081
103917
110643
152127
42531
240528
2994
24513
81639
2127
3978
132432
53703
75075
58494
3933
8016
38682
4932
2016
3693
2928
2361
143214
53802
3015
252786
54186
7875
8142
3144
9324
4635
14331
22086
66915
2628
2085
57132
1986
3783
1800
91407
1812
40953
2739
62004
2049
140562
2964
3582
6723
23934
103611
3870
23412
40323
76245
89172
95250
10491
3564
21243
97851
2493
4542
1905
1494
3771
1440
96633
3822
2739
73122
52173
17202
69009
40578
5646
4011
3135
5166
90237
1986
1650
151548
228798
2250
7098
69354
65220
11646
2607
3924
5235
7200
6327
1908
2679
3705
152487
18633
3516
9315
2373
22578
936
3681
3744
22974
2562
2388
218586
1569
7437
158085
28434
46287
36018
10434
50589
2103
25557
35919
2199
903
2517
326298
2895
3264
4602
70974
5904
84030
60006
4593
96819
1836
42807
69966
2562
41412
2685
2214
68586
25203
4461
18774
205356
12273
5637
29781
35949
27792
85311
80505
3879
3564
2196
74532
72267
158199
2733
16566
14622
8283
2130
3219
10101
95262
2826
99933
2940
3000
4344
17079
46149
50580
5064
70578
55689
3507
4851
303573
126165
18642
4764
3411
198633
26160
7407
31527
111222
118311
4104
3165
81213
2391
3249
2268
3588
103653
7383
3792
72072
3489
6690
3675
33048
4641
3225
21909
3363
19119
2112
45048
15954
193038
21237
8307
4089
3114
43245
23871
78225
1767
8430
16485
1317
67719
40776
27153
2142
2790
7155
3666
1929
5883
6855
5454
3147
3675
22359
5877
3222
3501
4746
101157
16125
72420
4149
2913
4563
137115
2715
6096
16410
2940
1833
5796
1683
7062
3414
5235
5661
197940
3528
51255
1206
2568
5541
67686
2376
92547
68940
70131
2091
2415
69021
5229
2043
30651
4452
107016
5685
2361
109698
168147
86343
88932
29166
7107
3186
3840
12795
2982
33516
2586
47616
68751
4542
8781
116958
28785
1944
5295
71460
53919
2508
281061
2769
62613
2583
63072
4677
4908
6768
2130
167817
5745
178695
11094
84507
10131
13350
2532
73791
29508
46197
2739
2619
41889
3066
41391
55770
4209
85770
49170
4149
54708
3750
3006
2694
4092
39825
4470
3366
203856
1974
48681
2844
9648
67047
14781
14412
3495
29814
13080
3252
3156
24843
2985
2481
5949
73209
5082
29454
80643
10053
145587
44430
3306
24486
3048
3219
28959
3261
3750
2250
15330
3306
8835
3510
6405
2967
6123
2766
3579
3816
8052
3177
39126
3288
19785
18417
2793
11985
2967
3453
4569
75000
38928
5214
106380
27357
5598
3762
1359
4428
40194
2160
2523
2721
26268
44532
2514
5928
68247
26226
2235
5871
1986
3759
12957
3684
2310
153609
18600
3918
3552
9039
1623
70863
102549
4887
2580
1776
6111
110961
16974
3612
161793
2142
85140
4263
6003
4368
2781
46647
2844
73413
149748
2304
95331
10740
58377
33483
119532
3432
63258
7320
67359
29028
6102
4569
136497
3855
123252
1548
3153
3690
110544
122301
12048
4374
104961
6975
2841
25341
6825
3075
46083
2781
38760
2892
2040
138441
2910
1956
2151
1725
108672
3189
213360
2307
4275
3384
134148
4386
3597
2802
106437
4623
95835
4374
8904
42654
21858
3210
4743
4368
1518
3150
1662
30405
4518
7908
133107
2139
4935
15993
6237
6312
54429
29223
182004
3528
92739
4737
5376
4368
51510
39039
3351
17997
4962
3441
2826
32322
2754
74298
5931
3255
1314
6225
18576
53343
4686
125217
4119
29310
2814
2139
1773
60141
74973
47589
1971
153690
3966
15171
1836
40128
3780
14763
11868
46476
5124
34896
2034
120774
2532
97932
2505
10434
3756
16515
4800
2268
147114
4671
84600
60267
3171
3768
3939
17982
2625
71391
2682
2133
2964
1938
49374
41283
87942
69072
63936
1947
43395
2277
28059
7653
38802
113412
2697
74244
3330
54795
1938
80472
2613
1683
130191
35628
44061
3084
2349
3045
5313
3843
17274
39606
139050
3549
101922
90366
122952
1782
3996
33834
4119
25575
3378
1911
2094
174048
40239
2532
15414
110322
5682
3870
54249
3573
115248
15759
61995
32406
1944
3240
221373
3654
266928
51201
3156
28554
5022
96627
214047
4350
2028
32964
77112
3966
3669
11841
2637
3042
4134
3066
68118
1725
105945
71322
38346
2910
5478
1059
2637
1710
70695
2733
8238
3777
3132
10392
3684
365955
195819
55488
2553
323028
6273
287649
8634
3642
2064
2766
2877
2007
78408
25122
10803
3174
7062
17256
41439
331512
4866
69321
44355
67539
38667
128544
3174
3171
39027
100152
4389
22863
124533
2868
2265
5664
65217
65448
4935
3711
131535
3858
33417
90843
44295
79917
3057
3681
5718
24732
2640
68772
75816
29205
2574
5100
38139
137415
25998
4476
11352
11481
163416
156132
78402
72672
10641
2787
2691
100395
2349
3315
21264
307005
162390
158748
26715
7311
35619
6441
29076
76149
159849
2214
6915
68631
4065
2709
4155
49830
5091
2163
16302
1875
1713
55818
23403
58938
49122
2712
116574
25341
2088
6258
2586
4176
3285
1818
421440
46053
10614
6630
1416
189516
2433
2616
3330
2694
19179
84894
85500
56163
2307
147930
4554
4239
237564
2637
111273
8166
12429
62973
110271
4266
2757
54555
131976
73128
1521
2376
44082
4653
7038
1905
2655
22869
37590
2892
19548
1791
71277
3489
1806
9333
1902
16950
2604
92955
1281
56565
3588
2571
4047
1134
1758
78357
2778
1269
2010
136560
2181
1683
3024
60564
1473
1485
16830
3699
2838
2559
1818
1842
2472
2139
30579
1593
165291
2340
18450
203700
1554
83556
4479
1503
308034
1854
1557
1764
2541
1533
20571
46458
1626
14637
1806
1620
1974
1959
2082
1374
1671
3135
150909
136614
6174
1197
2427
117630
2664
2331
2550
65691
2199
1530
4263
2121
1122
3243
2037
4347
25533
1365
918
1857
2442
1662
2523
1413
1938
1104
2964
1572
79272
1854
2724
3360
1257
2460
1602
1593
2721
3447
1737
3165
1527
3036
38922
95886
1683
32409
2286
6873
2082
36693
1656
2214
2451
34953
2112
2424
1032
1644
127344
2262
197628
64758
1179
76617
2430
4836
1530
3180
2895
1011
16485
171711
2250
1833
3078
1908
3072
2991
2370
2607
3117
1635
2781
1371
70467
1470
984
437274
51135
2166
3129
1983
3747
2094
1809
11892
10689
1347
1365
2493
1269
1464
1239
79557
2685
1665
1656
22161
2574
1458
1038
1215
2265
2238
2955
163893
1803
2169
1677
36516
1932
1983
1671
2631
3087
2034
2283
7152
2184
1545
98262
211995
3453
50853
2661
2004
2469
1134
162141
1293
885
1203
1395
3627
780
1161
2367
50709
2628
2157
1875
1698
1062
78828
1602
1401
1035
2172
205407
42195
41580
1800
1761
94416
14628
963
2262
2388
1746
160458
3855
2226
14910
2565
3777
3954
1164
2337
105675
1278
1839
2649
1917
2502
26040
2910
2514
1761
2328
1452
1632
134808
1257
2469
32829
2613
2736
2358
176943
3087
1620
2076
1644
2163
2352
1998
2127
2412
4905
206712
2307
1080
3642
7284
54339
1545
1956
2979
3357
3006
1668
2406
343593
1878
3390
4998
41577
73011
121554
36858
1854
182598
71259
17037
17805
2205
2550
1344
1773
1647
2064
1374
37584
31479
84957
3432
858
1968
2130
2535
1335
2451
1203
1689
2457
2214
2280
1920
2361
1011
981
1824
1581
2208
1272
3153
102444
1122
6675
2862
2538
67902
1728
1788
990
1851
1476
3486
1302
1569
1353
47637
1728
76617
4728
1974
1959
2664
1305
55452
1902
26067
2121
17646
5556
1851
1896
3588
1980
7806
4299
47691
1389
2592
2028
3510
3201
2037
3051
45726
2421
1281
2403
2322
31362
2634
3828
1170
1884
3393
1554
1428
1212
56946
1212
1974
2715
2055
732
4914
2547
165474
2331
73347
4488
2013
116757
299949
2400
2661
1995
30384
2358
1224
75717
12600
1929
3099
2094
62169
2349
1239
1965
2028
6951
876
25281
2784
3411
780
12606
3081
2190
3060
80805
1242
5199
1827
64845
1548
1878
17580
861
43452
1695
1752
3570
40425
247362
97884
2475
1881
2751
1227
1479
645
148797
17217
1980
2067
1212
2328
2820
315
15960
3951
4044
1170
3357
2409
2130
4041
1365
1782
1143
1974
235356
2673
81213
1971
4035
44358
1428
1782
1374
107604
2382
2433
2100
2538
6384
933
2502
60891
2400
2370
79161
1635
1923
1185
2328
2076
1440
88011
2937
1206
118386
2931
3726
1833
148350
70059
3393
2106
8592
2640
1596
110745
2571
47796
44760
2355
2397
1986
2574
210
897
1323
942
11718
1248
918
1026
4383
1062
1413
2217
2349
2688
50943
2673
3261
2970
2379
3498
3078
2538
2727
1938
20388
4581
25767
2514
2865
3339
1674
4170
1692
2106
2169
22881
1281
1365
2082
1980
28710
1710
1914
226794
20100
1818
2337
2337
3099
3162
150747
1269
70473
24777
16398
1902
1044
2130
2364
84189
2319
1212
828
2493
1950
1812
3024
2079
2430
102066
17592
2337
1785
3018
1980
2313
2733
1059
53268
1563
56853
2460
11610
2403
939
2280
2955
141729
119556
2385
10461
41001
68334
2373
1698
139083
2046
102774
1755
4302
972
2106
10638
3870
2730
2070
1473
2019
2868
1608
1836
58212
2580
5892
128526
1116
1968
1620
1425
2784
1551
79425
44292
250881
2205
9009
3276
1578
1794
2361
80322
1113
2406
52899
2103
2172
1659
2232
4209
4083
2142
1413
1086
891
2352
41400
12471
2244
2952
46932
2535
2184
1482
963
1287
3996
36504
75219
7377
2454
1650
2664
134256
20535
3441
25728
1797
102810
2034
2577
2754
4281
909
1623
1671
1845
3531
1329
2223
1503
2469
1671
2181
2337
18027
1206
837
2292
2181
2532
2463
2298
265293
1833
7665
2484
3858
3630
3111
15465
1023
1014
2937
1194
3861
2079
1626
1788
1518
2508
11679
360771
1737
110505
249480
74589
82212
2895
9579
2148
1278
2919
56769
1851
2136
2334
3483
4563
990
2484
1911
166464
6147
1962
92421
2001
3894
1164
1197
53898
195423
1809
31776
1230
1428
2388
19560
3579
1752
2418
1272
1875
2079
2067
4611
1131
3120
1500
2508
104190
2160
9513
198369
2085
2412
2979
39483
1932
3192
148806
2247
1656
3429
2241
855
3447
3345
1299
2787
25101
2025
2418
3426
74568
1263
3804
1881
39330
1803
2154
1902
2814
1941
2940
3018
5568
2028
1698
17697
3474
1347
22518
2475
285
2367
879
1992
1860
2037
71211
1794
2313
1374
3036
1386
1680
2385
1254
1344
2847
3642
14523
2328
56121
4257
1740
1287
170574
79143
72087
2637
1782
250839
2490
4359
921
840
1767
4344
2052
1206
906
3105
2310
1695
1923
2949
2298
2196
117750
2685
16707
6450
2064
3534
2274
3558
1290
2391
2760
175347
1881
16758
1287
121632
2364
2142
3132
1143
24519
1440
45078
2754
12528
1788
2673
2490
3123
1551
945
2619
3135
17811
61203
156297
38985
2181
2376
1980
2703
2142
2169
1878
26787
1083
74055
2289
1959
1005
1449
3465
1398
1587
4329
2949
2079
5154
3099
1245
1128
3207
2916
1500
168813
167715
1770
2271
197124
1542
1479
1074
1740
2973
3024
76473
23022
2280
1320
1674
2598
33639
813
834
5205
20613
122406
1467
2100
3921
1254
1767
8229
250368
2898
3177
201402
3342
2355
2346
25134
3078
2772
2601
1929
3189
1281
828
4266
3519
60432
1194
1707
99285
1530
37704
18210
3177
2139
401541
337386
2352
1464
43935
3822
2343
168441
2196
2019
1368
1653
1347
208743
2148
1707
1707
2457
2106
3603
1926
15957
14949
1938
1974
1827
1833
1908
3561
1782
2031
3411
2214
94032
2388
1764
1962
1911
2043
2085
1515
25617
3354
3387
300
2835
1596
1857
1347
1638
1764
966
1278
1815
9507
1674
21750
288
2112
11730
30870
1815
47025
2382
2010
2094
1284
17025
1995
1746
2031
1866
3405
4368
1506
75663
19956
1653
1458
1407
282237
119556
14736
1665
2586
1812
1056
1620
1827
21690
1638
113427
681
1353
1653
1206
1317
207
951
2613
221976
1470
4098
74535
3222
6894
1899
8502
1107
2370
912
1302
3420
2898
2016
2790
1791
2022
53067
1665
2604
1110
164610
1224
1572
1530
1095
2415
2019
1359
1452
1344
10284
171684
1791
1947
13944
1563
3804
3522
48474
1068
2208
2619
2571
2499
2070
369
1614
2970
3078
1602
5292
1251
72045
1965
2040
1032
2247
1455
195378
72183
2475
14016
2994
1614
1407
1221
1347
2322
3408
1335
2466
62100
3099
2025
1392
1488
2244
942
4374
4047
5040
1956
25926
1839
1545
2925
63708
1545
1242
1980
1932
1782
1818
54873
2160
2898
3279
16248
2529
2181
4671
51513
17847
67083
90798
1830
2109
1602
187485
1686
1500
2700
114402
13941
2865
32595
4824
1548
1713
2988
1197
2802
31314
2316
1593
2958
218910
2694
163809
9363
978
1467
113778
2241
2055
3459
4950
2388
3324
2859
999
61116
1884
2406
1437
2070
61128
1383
1629
1041
106512
612
990
1824
2751
149922
1953
52938
307005
1284
54975
2778
15687
1563
2403
1602
14238
2016
109494
91269
2343
2538
118425
1632
1386
2637
1629
1359
2184
23157
329370
2478
2679
1407
1713
50646
1335
64260
849
19059
1176
1395
2823
3522
1122
2127
2178
102510
3777
14658
1689
1596
1176
3555
3180
3102
1413
1662
42441
53286
2475
1782
23385
2229
11313
1968
209004
9372
2196
1965
1665
134697
2064
1674
3951
2466
2568
1302
1056
1014
1824
2982
1644
131958
2610
19782
29190
1896
1107
1764
84759
2580
3111
1611
2877
249342
13179
1992
4797
861
1479
2106
1800
40401
110151
3549
1650
2709
1971
1629
762
1728
1626
1917
1509
23199
1986
1374
79671
1950
1647
4866
1407
154230
2733
1875
2535
4029
50034
1218
3054
69396
3111
870
1755
2685
81045
1086
1887
116679
1314
74646
3474
174462
201840
2187
177513
1734
2037
3360
4248
83751
18315
4419
163515
28407
2457
1656
2646
2508
3750
1551
1719
1605
1650
2604
1767
1698
1602
2475
1404
3246
24237
19668
1515
2271
2277
2691
1404
7419
2535
1422
786
1941
2244
2673
4602
2229
2229
2835
789
2499
2310
2316
2511
2067
335364
1809
3279
65268
1509
2502
11019
3516
1176
1386
11199
146721
2424
4959
1476
2952
2922
1245
2076
2121
146934
213897
2232
3336
2283
2604
1866
40119
2040
1419
3018
2493
4758
2469
7371
10902
1815
1419
1083
1935
1635
843
1134
34683
85437
4812
2259
2178
1170
257076
1884
18933
2070
292173
1791
6030
1323
2967
1623
12540
1515
14976
3606
3462
3909
378
1545
1215
1647
3654
36825
103662
9543
18360
1968
1659
978
1959
966
885
2631
1989
55884
4317
2664
1671
1893
1629
85992
92055
2799
1740
150546
1764
882
2925
1488
28911
3396
1263
3357
864
1791
11925
1485
1218
1032
56142
1203
1707
2520
2262
2505
1563
2538
1551
228
71103
1563
2154
2607
2331
1572
1659
1734
861
3036
2460
1461
18774
2016
2769
1983
2037
310824
4539
1191
3012
2994
2181
2292
2325
1851
3021
4755
2124
2049
1404
1125
1221
1062
38640
1656
64890
2769
2145
1926
35976
1122
2028
23031
2631
888
1050
1491
1542
4215
1695
73191
2268
768
12432
2286
86238
1476
2721
163692
2529
17691
2346
1047
1977
1365
30417
2184
3564
35523
2454
2031
1086
2406
2307
1134
18252
1920
57711
2022
1494
1230
1734
2685
2529
1950
1803
1257
20322
342
34227
2439
2178
2319
1932
1608
2658
366
2967
2826
3639
2964
49935
222315
1797
1146
1158
1647
2487
1089
1272
1032
1698
2844
1539
93804
1125
2964
1680
2352
1737
2109
1149
1689
2988
3714
1287
1029
1929
1446
1536
1296
1647
2844
1503
3243
18153
2631
1701
1761
2997
1809
41877
283335
2322
1314
1521
2277
1956
1143
2889
2019
46806
1674
65736
2742
2157
2340
1215
1953
3588
13008
1338
2037
2235
2325
57819
2067
2040
1848
115809
879
1527
4191
3129
1662
1470
1212
1485
14919
1392
3012
3285
50085
131085
3279
10950
1143
840
52995
3303
3198
1137
62823
2430
2436
2292
14805
1767
1755
37359
2676
20331
1374
1248
93642
3078
1203
3705
166041
1203
1635
1866
2274
2385
1524
1143
4437
1578
1302
1362
46815
1938
86859
1914
2379
29169
2160
252
1209
2559
57969
2700
2271
2730
2502
1857
59277
2538
31449
114411
1800
918
101901
2859
2133
1707
1596
2439
102864
1983
13698
1992
1416
89775
3519
1950
1332
2748
1440
46938
20208
1047
2169
1401
1413
1623
1128
4293
2595
158766
2505
2742
55152
1257
38019
3390
1416
1461
1788
166653
930
1929
10068
1326
1443
1968
1635
225
1593
43794
67995
3849
1290
1080
1221
1665
2478
78204
14574
2745
831
31587
1164
6930
169452
3093
948
3912
1704
1974
2262
1980
1497
2139
1623
2235
59868
1695
1086
1761
139590
1077
85209
1629
1263
3720
2577
4569
1647
1314
2676
1515
4158
53487
3114
1029
2172
31788
153423
1002
1029
1686
172890
1155
1206
1878
2361
3663
1707
2937
1737
127329
2376
114957
2007
27915
1347
1875
3498
1974
15120
1695
1932
2121
1284
1758
1008
3081
1968
2256
2181
34368
1518
2508
1749
1242
126966
11475
13515
1563
3360
2736
3141
2499
1995
1305
1824
1200
78183
6894
987
1071
2028
157809
1659
3045
1956
1281
1806
2868
4299
717
1692
3387
2334
1371
15513
88680
855
2760
4758
2205
1311
2208
3060
1833
1803
2799
1158
218709
1824
2391
66753
1905
3072
1626
1293
1623
1401
972
1146
1635
41529
2319
2616
2610
1500
3198
939
2379
1410
195267
48624
2454
1416
1941
8484
1455
1980
3252
1503
2277
1851
24936
981
2787
3186
1728
1479
2304
891
936
2142
2568
1005
1419
159609
107046
1374
18828
1182
1998
2169
2382
1788
972
2544
2061
1956
1419
3303
2685
24105
1917
2073
1962
93021
1053
2649
1944
17238
1593
2760
1158
1881
2076
2616
1125
97746
1362
2244
3426
41097
2637
2133
67365
1128
2343
1716
1839
20067
1818
2886
3891
1881
1380
2826
3819
999
2121
2751
2508
115020
1560
2409
8199
1446
1536
2139
444
3720
2514
2604
2937
10053
2856
145791
6891
1338
2664
2358
2853
1434
1911
23916
2088
1386
33792
2775
33498
462
64158
1749
1464
1824
1905
2184
1605
2139
2685
2265
939
2178
1392
1224
1098
2736
172275
2607
1038
19428
2490
1353
795
1821
57093
1476
4131
74475
744
25746
1827
2217
3714
1068
30936
1527
1815
1050
2067
1194
1944
1881
2109
3012
174072
2490
2193
1227
1263
1662
1332
1986
1998
9177
1611
1479
1032
924
3084
81930
25326
2511
2550
1512
3009
2070
1749
3189
2139
2202
65043
1236
1677
1614
1188
2019
3342
130818
2589
1245
181461
19275
1461
3534
954
1338
4527
10236
1947
1950
1941
1986
3063
1770
2040
40689
51141
162246
2460
63837
1692
3783
200490
1905
2598
2340
1179
1680
10125
1239
2445
33213
65562
140286
3501
50877
2190
1251
2397
3267
2487
1959
1932
1986
1671
2898
33477
74733
1842
1848
24282
1887
2571
2661
19575
4602
1059
1200
3978
4140
1878
109014
2994
83715
6177
199908
2247
1116
2283
3408
3069
60534
308730
2190
2028
2706
71502
145926
59490
1605
13944
3735
1515
1956
1947
2040
1914
395097
2049
3315
2379
1833
3249
1932
2694
3165
1782
67209
1173
2571
1554
1665
1047
990
1311
2808
2967
1515
873
234
2109
1104
1452
2955
1941
2997
30093
1548
66768
1881
2427
1674
2385
522
4749
187908
1008
4386
912
1476
2469
3405
70896
2058
3024
2328
99507
1284
3117
154836
16875
2595
2175
2616
24024
2217
1959
3078
3738
3378
1848
6573
37656
3780
47232
1785
1776
1116
43671
1464
1905
2460
1890
3702
1779
1335
34971
238806
33645
2568
1962
81216
2457
12288
3453
4065
1785
2016
2601
1770
1365
68529
4152
1827
2574
48231
2574
1413
1236
2190
1557
2070
2022
2448
3489
90477
1998
3186
2430
1164
669
2169
2163
3153
1533
3912
53859
3234
3858
2769
34971
2499
272193
315
3234
24342
1584
2898
1791
2946
1518
1965
70143
34164
1998
960
249
1737
5313
2592
1878
2472
85908
2814
3636
2127
1911
1434
2802
2223
18678
2616
2223
4170
2076
1869
2073
2202
3009
5793
1665
1935
1677
1299
2541
780
3339
1224
1401
1746
133257
4335
17724
1275
1353
2118
897
2178
1548
2736
2058
1872
4911
56955
28785
1563
206400
1539
1719
1260
1344
1209
2067
1191
1821
2400
1515
2181
3741
25758
2751
90519
2229
2238
2145
14814
1107
16440
2286
2595
1761
1821
1854
2259
2625
1797
2391
2991
2928
1539
1953
2316
1329
28128
1629
882
2520
1977
5850
1497
2208
3312
2364
1863
1836
1779
792
1128
1611
3021
127185
3765
2127
3690
2772
1641
3261
1725
2580
2325
4209
1755
2256
1884
7383
3006
50292
2460
34938
1119
2478
36168
1776
1209
1485
2061
99138
1584
2643
1257
2604
2670
798
1293
2229
3321
21375
3522
71142
4125
954
2664
19110
29025
1512
1179
3756
1965
2421
2019
1557
3072
2118
2991
10269
1371
960
1644
91908
1140
3192
5163
1923
5991
4125
70776
8703
2682
10494
1785
4740
2796
1686
1164
18729
4125
53253
2355
1791
1173
1230
94137
2277
3237
1929
1983
2517
1164
1281
114036
2337
2178
3636
2550
1338
1515
2355
3204
3078
3819
2100
177930
1455
2013
2424
1011
279
1725
1536
2664
2139
237456
5133
3471
3252
1836
4632
2388
1611
8943
2328
1527
1917
20106
2157
6195
59979
47529
1632
2793
43533
1866
1959
3216
1791
2118
1332
32250
1554
3162
1875
2010
15501
1416
1329
18591
105168
2427
1344
1155
2031
1815
28218
1497
2646
2487
86091
1983
1644
1689
3300
2217
786
1815
2007
30549
57138
1980
2814
1725
1929
1080
1953
16620
2382
2520
1509
45825
1452
1320
87339
1692
2616
2061
130005
834
1596
3252
2925
1539
1845
3030
25776
68259
1191
2586
873
56109
2478
1584
24018
2349
2016
2829
22209
1863
2043
63435
10683
55203
267957
1179
2856
3033
1467
17094
172332
2619
1500
1974
3288
12981
1278
1554
1044
1572
173508
15687
1542
2325
39483
1878
2043
1974
3264
1212
1959
2424
2367
1299
1743
2280
1644
1017
1680
3231
2001
1521
3072
3303
7584
1122
2493
2334
3930
1626
54057
2580
3297
2772
2268
1098
1065
1020
1371
2697
1788
2100
21261
2403
1173
1158
1449
1341
2055
140181
1500
62040
2403
3282
3354
2484
3306
2298
98184
2631
2013
2448
3012
1830
1131
1794
7512
1758
1749
1542
1464
102864
1458
3720
2085
1530
4008
891
34038
3063
1110
3150
2226
1701
2736
3465
15813
2487
3357
2682
30294
1308
1131
1068
1992
35256
27468
1845
1938
1017
1023
1410
1695
1059
142107
36876
89958
3024
1368
2064
3129
3390
1446
5298
10536
1884
3744
76380
2292
1650
2874
1695
2385
1554
1488
2862
2052
984
1857
9663
864
43068
2454
2412
1806
4155
1188
1788
6705
2319
2262
3582
1959
2265
3489
954
5265
117498
122556
78708
1122
1989
2238
1179
2688
2307
2043
1785
597
354
2529
1656
2025
2775
60009
39318
1638
2838
1962
1515
2220
2598
1203
3528
3168
1608
2730
5094
1584
2388
1188
2676
3060
3048
2976
1716
1473
2007
909
2211
74661
2679
120669
4257
4731
1452
1935
2067
1749
2544
1998
1809
2811
1902
130662
2133
29400
4008
102060
1056
1056
1518
2349
1176
68583
1725
1389
27588
1545
2949
2220
888
1620
2295
2880
162858
2736
3372
48000
2904
2763
3489
2430
11694
24102
15477
1833
89130
1296
1953
2805
771
1425
2634
2211
1962
54438
4038
1833
228276
35370
1977
2172
100191
3438
702
2571
2265
70662
3807
1017
3888
1608
2562
3276
2271
37422
1332
1683
4617
2262
2871
1329
197292
2811
77475
2859
1704
2277
2928
246366
2124
1350
1281
1557
1764
2184
4260
2481
1797
29532
112839
1503
1668
13833
2670
1260
2022
2568
1959
1488
2613
4614
1041
2112
218652
1221
1419
2043
110094
750
114675
849
4251
3396
1590
1671
150258
53088
1644
1632
1077
3195
34053
2145
27429
1017
1383
1296
2841
2685
83322
113724
51225
1377
1596
3201
2616
1998
1584
1428
3444
1590
2568
1602
3717
58464
1938
963
1401
3180
1890
2817
1590
1605
1662
2670
73002
183261
1629
7836
2142
87642
3465
1578
2103
2241
36081
3894
29250
1590
2715
1488
1998
7203
66537
882
42411
4329
2010
2034
167796
2427
1662
1791
6609
34260
906
2487
3813
191514
1776
288
3279
1734
1761
225852
2154
2073
1770
1239
1482
2517
59868
2244
1626
1458
813
88665
939
3528
1614
14556
1086
1020
2916
1185
1980
1527
100302
1056
1674
2469
1683
1128
2220
2691
1353
1671
41130
2904
3753
858
3027
119316
189699
73944
2010
1149
1122
3054
61233
1851
4062
3048
66183
57822
1644
11019
2136
2526
111939
1017
2436
2802
1824
1902
1269
2760
2031
1407
2646
214545
1863
930
2043
1353
64404
1911
30993
1404
2982
1191
9393
2889
2730
1368
3738
2352
3279
3216
1692
918
225150
2097
1479
2211
2274
2001
2205
34506
1347
54885
3012
3552
2133
16839
1731
58752
3495
1494
1770
2913
268971
1212
1533
3705
1218
60261
41244
2514
2163
1407
1680
1233
52329
1947
2049
149274
981
2484
1989
2229
2226
1830
2835
168864
1893
11289
4359
1563
11904
1152
1416
2406
58815
1662
44409
2640
1758
82476
897
25785
2343
855
930
1665
1416
187533
65988
984
975
1578
1221
1200
2124
1044
2337
2367
2424
1458
2445
2874
1998
1275
10623
1293
1086
3918
1779
3123
2835
951
1383
2520
864
3588
2781
4026
3720
3768
2781
113262
1341
66360
1245
1056
5157
2625
2244
2652
1407
3015
1569
1983
876
2850
1161
1872
1149
17253
2871
1632
76353
1299
1722
996
1545
1869
1431
2328
2205
2892
2172
2601
1638
3471
1572
51231
2724
2271
2985
2103
1071
1509
2136
2217
1560
2361
1014
1947
15183
1605
2490
951
1578
142521
5574
42471
807
137388
1989
1476
1470
1197
1647
3537
3189
2007
125241
2280
126288
4539
1779
951
1419
1788
2436
1557
3762
918
2517
57723
1494
3810
237681
2469
1059
3234
807
2292
456
2178
15216
2070
270564
135123
2046
13281
3423
2046
197664
2013
1710
1545
2289
1611
1329
1296
2754
2505
48780
55566
1398
1926
49611
104064
2118
1980
1647
3765
35292
2064
1509
2499
37929
2028
2349
11541
2256
1086
21747
2667
166254
2325
2055
1650
35547
1962
2043
1011
1095
1938
1323
1914
2031
1443
32274
1884
2856
1749
2394
1587
2295
3120
1008
1119
2157
2397
2805
3789
705
3873
12669
1458
2229
11112
1257
2829
2319
112746
98415
774
1455
1428
3801
876
3516
1698
3444
2088
15858
2133
28761
1254
1620
2619
39837
1587
2772
1833
47781
67242
1920
1995
1701
765
16863
3078
1878
37407
177
3627
8097
1299
2742
1050
876
3273
15201
21144
1416
3231
2889
1218
45384
42681
5577
2472
84822
1023
1635
924
1761
2364
2544
2172
2241
3357
1125
1305
2214
1059
3144
2784
1698
1032
2178
2118
1140
4050
1968
1518
1881
969
2658
1698
3138
2322
1323
2265
1020
909
2010
1389
3831
53775
3504
46188
1890
2049
1434
20730
1323
1704
149265
3114
23796
103509
1509
70707
3681
25059
2925
2082
104040
34926
2553
3657
1164
8223
18597
112632
2799
2337
3423
2787
143745
1269
3144
1509
36684
3420
1170
3453
1170
2118
3978
1827
5070
1767
31350
7890
30516
2739
16821
1635
209358
2376
15984
105435
222306
3099
1770
867
1881
3042
19659
1836
903
3075
1056
63246
6591
34599
7146
298473
22182
1440
1707
1836
3144
1212
68790
20034
2148
1209
1287
1188
1860
27843
1428
1323
2421
1692
1557
211125
1296
1497
5094
2418
2829
909
1842
2241
4527
2481
1863
8307
1506
1557
1545
1701
1392
2457
3675
1173
1794
2262
1686
16677
5295
175902
1719
2466
18921
3660
2229
1881
26790
110040
2010
127344
13260
2277
69156
1839
112251
2190
2604
3690
2022
3375
933
251265
244728
1107
1920
1710
134382
1080
1278
2289
2016
2460
2502
1947
1533
1749
3540
2325
1398
132480
1722
1173
1701
1059
3093
1773
1692
1824
24171
1701
1743
229674
2361
44724
2025
1596
1926
2619
15123
70710
1899
2514
2622
3408
1485
22572
21756
1158
3504
13806
1194
1506
3018
2136
1758
2979
2889
17601
2697
300
2670
1281
1239
1401
1479
1017
2091
3441
71187
2202
3294
2043
11235
35229
3351
774
42684
3636
3093
7038
1737
2352
2379
2346
1626
100440
1683
2889
13182
1590
1470
1590
1170
2379
46092
2271
996
2049
1023
4551
3102
111804
2148
84585
1272
26181
1737
3954
51552
2799
756
1311
74790
2256
1647
34071
3738
2136
2682
8223
51057
1665
1623
209817
3276
1158
61167
2955
930
53472
1881
1983
3336
2805
885
1449
1944
165972
2862
2202
2436
915
136044
1356
2688
2250
3018
1338
44919
306
3261
1218
207891
1737
4812
2667
2385
1401
1494
44274
2166
214428
1752
3078
2007
1122
3105
2400
92655
1866
30306
2217
1791
2712
4101
1569
834
816
3027
1575
906
2535
72726
123696
1953
1761
3567
2406
1131
2133
1452
2106
1800
2943
2562
1659
2814
1740
161172
1959
975
1281
1935
2289
45246
1356
2643
1176
2136
17151
1773
2190
247086
2367
89289
1428
121683
1545
3150
2445
1323
1248
1908
2901
2268
3375
130755
2691
3477
1647
1482
1782
1392
2733
1344
1653
3528
3864
2448
2901
168789
1902
2424
1059
693
924
1623
1485
67818
975
2784
2187
2334
1650
1530
888
2688
2013
19338
2256
4938
6360
1152
2694
2226
2172
1557
1968
1374
1713
415092
2115
2919
1107
43200
39678
2751
1668
1737
194829
3180
1365
1767
126240
1539
1146
1083
33102
2904
1776
3885
17502
3066
21894
1401
16032
993
2421
2586
7848
8949
46956
1950
174
1284
2118
67206
1722
2811
1035
918
2058
41073
1842
2043
2478
1602
3153
1584
1536
3429
1326
2721
2643
1095
2382
42078
1890
3555
1530
2202
3927
1002
825
1392
1539
1587
2349
87054
2964
3045
1920
2118
2319
1503
34122
2268
2118
1731
53355
1473
3477
888
1383
22953
2367
2841
7608
131028
2286
1368
2754
1008
2286
1539
2658
2415
2964
3183
1485
2355
1656
1785
1359
1284
1986
1008
2238
1437
1365
2412
2118
1875
2166
2496
1968
2409
2007
26667
3219
30753
2019
1287
930
2175
43527
3174
2568
3363
2307
49230
50634
13377
2280
43482
18240
2040
1431
112890
2496
3240
1278
340119
1887
1014
2664
3030
2112
3120
1341
1713
63450
2391
2934
1971
4782
1935
1053
1368
1815
357
111027
6663
1794
1299
2733
1794
2991
3180
1617
3315
1428
4698
2331
1305
3978
2436
1986
1008
81717
1593
3945
30843
3381
2940
1413
3330
18123
2154
3522
2256
942
1836
1671
2328
2517
1419
2961
15933
1701
2238
36813
81009
1656
75531
59397
978
5532
125571
2838
1863
1530
2154
1266
1473
1551
375
1563
4347
2496
108672
1851
2838
990
52554
1401
1647
3450
2301
2121
29007
1467
1167
3138
31902
5559
186
1995
1950
1776
3261
3021
2346
2220
1302
2079
2442
2565
2721
30642
38700
3357
1383
1284
3150
1593
3006
34671
33582
1833
1254
39591
2154
1713
1572
3630
61851
3189
1857
1872
1296
16758
1566
1872
87780
1053
3441
222
74448
1704
109995
11613
1476
2031
1680
1161
1650
3165
2574
1323
3963
14010
2676
2181
2649
49233
2631
2550
44229
1647
1164
3279
1458
3057
85215
1791
951
2649
198
99981
2616
1143
3501
82119
2001
69603
2100
1830
3510
3465
75141
103917
75747
1278
1365
5679
3342
2880
2418
267441
104898
46560
828
2151
1695
16512
1854
939
30579
1563
100113
1629
2469
2076
1026
25308
2652
1908
1167
993
2106
1866
2124
1551
44646
2835
1575
72702
2223
1284
15003
1503
11139
2163
2913
5370
2811
3162
15285
2373
1347
1680
3132
5535
51963
26127
1395
1872
2397
3468
2001
89802
67593
1806
1023
1146
4341
18339
3483
2325
32451
1149
2379
42450
3156
2907
1737
3684
4035
2394
5247
58416
52179
1893
1836
210
175695
1494
195573
1533
2388
42918
1689
1629
7890
1443
1968
2841
1701
1197
2733
133500
4068
144534
336582
2169
2946
1854
2454
172134
2202
2985
3159
5415
1194
1437
1500
45030
1869
2250
1398
2418
960
1500
2517
2196
2460
32895
42234
3609
3984
278865
3318
1080
13584
1410
1149
2043
1851
1791
1881
77724
35640
1812
10041
3909
18183
1023
1566
1560
2397
3582
189795
3600
1842
3060
2259
2010
960
1152
141210
19221
2070
9405
1995
2238
3318
2592
1011
1713
1842
1263
10914
1488
113661
1011
2634
231678
1236
3213
840
1413
3012
1542
2127
1371
2247
3933
3372
1596
2037
3531
98841
1800
978
2634
29451
2547
1932
2547
1563
2040
4356
68778
92184
1596
138900
9459
1716
1659
85254
1386
1314
1968
3393
1629
112518
103413
155196
3591
1083
189756
1119
38844
53187
2919
40128
2388
2382
2958
1176
193887
2829
2112
129318
1872
1824
27264
2778
7281
1416
2535
1725
2583
1839
2976
44940
3144
17802
3762
2073
1701
3327
2670
810
2163
7680
1620
3810
17979
2214
70485
2049
1695
2646
1518
69543
2427
2598
1839
1104
1407
1533
2895
1503
2190
1689
3894
1884
3153
97827
1407
1341
41745
2784
2340
3831
36138
2658
1749
1545
31275
1317
41808
56451
2490
3348
1731
4866
1755
78702
1506
1770
3084
1377
2001
2217
2154
1749
2772
2910
2091
1896
1680
4149
91908
858
1434
3783
1485
2538
1572
879
1254
4152
1542
58281
1542
1299
321
70467
1578
2505
28704
1938
88962
1194
672
2742
1131
2658
8079
1632
1269
1002
1719
1377
1296
168957
1578
1935
4044
1974
29979
2292
1374
2199
1701
1254
1836
1719
2547
117207
1842
2382
1302
125505
38394
1845
2148
21576
987
28254
2766
12369
1929
1992
2667
1719
1878
2808
152622
2172
1800
1338
2259
1110
11259
1320
20874
2271
20643
1524
1197
1644
1428
134760
3333
696
2733
1401
27693
1971
28779
2718
1836
1059
3912
32406
11235
2442
1827
5298
2394
49266
2052
2142
1152
3381
2034
1104
198
1791
1731
2307
1257
1050
3081
3648
3171
133953
96255
3822
318
3183
2532
40278
2346
172437
49806
49947
2469
120096
1581
1860
1830
2802
2391
924
1398
1851
49152
18045
2169
29988
73833
1365
2685
3588
2706
1794
1413
1758
1974
3474
1263
4380
1800
2871
2169
2364
1914
16242
1743
34302
52221
1530
27159
1680
1878
2097
3927
2313
5655
2991
1128
2442
1380
1308
18747
1212
1281
24693
3321
1998
1851
1674
1599
1860
1623
62535
3207
3204
1365
4044
3465
1458
2031
2298
1245
56448
1437
2487
3936
9009
44961
1260
1533
1515
4071
3003
2094
23706
2679
1905
213
3765
2208
1350
4329
2043
2442
2016
2661
1692
18540
1683
44382
53145
2451
2268
14688
2391
1680
1416
2601
2697
99708
936
99117
1599
2199
85467
203760
1974
1629
3192
1122
3861
1521
25662
3534
3177
1908
2802
4281
1491
1143
7161
1671
1836
3141
2361
1980
2343
1059
3057
1035
1620
2883
15039
4023
2220
1932
4047
3516
3402
1485
10752
4560
9063
1515
1527
2151
1224
2577
1683
2160
2790
1383
63708
1791
2370
60783
3036
109917
1230
1857
897
1584
2784
1119
2943
2370
16377
1443
3375
1614
69735
1917
1362
1581
18240
3282
1710
3495
936
1698
1677
1251
2301
2112
4353
1896
31398
98430
116823
2229
1365
2130
2583
1230
2061
1665
1626
2382
3030
1224
2727
58440
705
2343
2097
1092
2535
2391
1542
2079
3726
2454
2805
5469
3372
2457
1980
12639
2430
3099
43047
1347
1518
393
30603
1557
8997
2031
3033
24897
2550
2235
2349
2772
2100
1215
1275
1740
1731
15051
1326
1659
840
1638
2553
4239
2649
2886
4140
22482
1383
3009
2352
2496
6885
23163
2400
4089
92910
113352
1449
1761
1884
2661
2139
1674
8217
1248
1713
64617
1659
1158
13248
36849
2508
2637
1578
3378
4740
309
3099
2328
34674
1065
6753
2727
31500
154491
1017
2307
1740
17679
996
879
1245
2751
918
1788
4029
62610
4392
738
1869
7134
1488
80766
2094
2958
2499
2373
1281
2583
3432
4812
2910
1818
1083
95580
2967
2148
154950
38310
2028
6144
159624
32811
1962
123522
882
1035
1788
36078
2136
1449
3096
2364
39930
2097
50274
1656
3432
1896
2445
1278
3210
1968
2442
2877
2556
2151
1878
45462
2211
1470
31680
162771
1362
3831
2583
3540
1842
1185
2205
3315
2019
5517
76464
