303:0:0:0:0:0:0:0:0:0:0:0:0:0:0:0: (total 4)
0 1 8 Thread 0 going to cpu 0
Thread 1 going to cpu 1
9 going to barrier (cpu 0)
going to barrier (cpu 1)
Thread 2 going to cpu 8
going to barrier (cpu 8)
Thread 3 going to cpu 9

cpu 4 cur 4
going to barrier (cpu 9)
STARTING...
STOPPING...
Duration      : 10000 (ms)
Acquisitions  : 43106309
696
682
8206
690
1144
3042
648
630
676
670
668
662
656
664
646
682
688
680
696
670
516
664
670
642
710
696
626
5756
666
1316
176
1112
718
676
5872
664
696
672
672
676
648
710
504
654
1170
970
14928
684
470
646
3148
674
168
670
632
692
634
1292
668
720
682
664
646
668
1290
680
664
646
674
210
656
696
658
168
510
680
666
516
672
692
690
684
668
678
684
516
656
668
668
512
648
684
682
674
4486
684
672
7950
664
668
676
532
1302
530
672
704
688
666
692
206
14104
700
11800
524
700
206
658
13276
678
680
674
1306
480
672
670
544
694
674
222
1176
680
702
678
654
64920
13656
666
170
466
668
658
640
678
672
660
12536
11946
674
648
720
644
674
692
650
5588
662
1604
624
652
172
646
11182
1272
678
618
674
700
200
646
666
692
17404
676
640
620
662
212
518
672
662
168
666
692
686
694
674
10484
1618
208
694
520
664
704
670
532
4156
686
670
680
1140
674
686
540
686
796
534
674
678
688
170
682
5042
3202
672
646
674
698
670
658
674
638
614
670
672
668
688
210
668
644
668
638
658
670
710
682
1168
666
696
684
666
694
636
658
678
666
650
2698
680
638
538
656
642
648
1274
690
12500
666
670
684
674
640
678
716
674
678
5774
706
674
1294
640
668
202
1252
642
212
672
662
698
1284
542
670
672
210
780
654
668
646
710
668
188
656
232
662
13018
608
684
210
816
664
1610
658
668
694
662
1172
670
654
680
668
712
676
1278
674
674
682
684
674
692
5622
654
658
668
10472
22926
654
524
636
662
3148
670
666
672
20246
674
544
692
666
652
690
632
164
654
674
668
696
510
690
6162
2234
180
652
526
206
2536
668
668
674
1320
1282
1586
664
662
678
694
674
680
662
552
670
1130
538
670
664
648
168
666
664
712
548
668
674
692
818
1328
702
1268
1300
628
690
612
640
668
664
672
3742
642
1270
660
644
704
680
622
18176
17982
1300
684
668
672
688
1296
626
676
668
668
1150
1282
676
192
1298
678
684
706
674
806
694
690
670
690
1142
664
186
520
538
692
678
692
2720
666
662
672
708
684
714
676
192
670
668
208
654
660
672
702
680
684
688
166
666
1292
678
660
510
1974
646
654
168
668
208
690
1156
206
646
670
694
692
666
672
680
676
686
664
222
212
646
664
656
686
658
672
676
676
668
520
668
686
684
684
1304
1022
692
206
658
676
678
1596
5074
670
700
664
674
1132
662
684
692
682
662
212
548
638
688
682
632
690
674
170
664
2714
670
1176
648
1302
668
634
660
1736
536
628
642
3820
666
1778
680
678
662
216
518
672
644
8656
3026
540
210
660
680
680
668
678
676
672
674
656
666
644
710
670
670
164
670
688
164
520
672
674
690
7338
674
680
492
9442
648
632
670
9820
662
3508
1136
676
690
704
1162
1306
206
666
674
670
696
670
694
676
688
672
708
674
672
688
230
668
668
658
692
670
674
190
676
670
664
710
8378
662
1318
640
488
662
678
12848
672
1632
5116
516
1276
680
660
178
688
222
628
670
714
184
670
664
680
678
676
668
1122
676
1270
652
676
694
674
166
7226
668
674
1296
8402
666
620
656
674
6810
178
546
674
640
2262
654
208
660
220
672
684
544
676
654
214
646
686
684
684
214
694
654
690
1270
646
210
670
670
658
212
662
686
678
1182
9850
650
676
672
672
3842
700
690
690
204
1300
668
1132
12352
172
668
672
5756
4550
16634
668
644
674
676
1138
530
702
1258
620
664
664
682
16672
632
530
168
4906
670
1166
668
1294
668
1296
702
996
672
18542
626
1512
2724
3958
666
662
698
676
1318
674
700
692
1306
4446
164
630
696
668
668
692
1306
23826
668
688
670
668
680
5452
674
660
168
670
692
550
514
620
694
624
1130
6642
672
658
634
636
518
674
178
654
670
692
680
168
1282
680
698
650
168
676
1344
2706
790
636
15672
680
18014
672
684
644
54698
702
650
206
2200
638
660
668
672
662
664
664
660
670
674
672
14784
652
658
672
1156
670
8694
666
674
640
516
668
704
680
670
666
680
680
692
206
674
688
688
722
694
700
1108
1296
660
4608
690
662
654
6418
644
6974
672
1278
674
528
1162
208
1114
62308
672
208
196
816
542
31674
526
660
534
642
664
690
662
3188
662
652
666
676
694
230
1132
1780
666
650
1312
676
702
638
650
658
700
682
15852
676
666
680
682
632
664
678
678
200
652
718
654
670
686
678
684
12592
786
1720
680
1720
166
670
668
674
654
702
546
674
634
680
650
678
672
672
672
680
1266
204
668
680
652
204
684
684
652
696
654
1164
664
526
1156
664
2044
654
678
706
674
534
1952
648
684
702
702
672
672
700
1342
212
682
210
1152
668
666
2470
630
2856
1468
696
660
670
648
662
8484
212
664
674
3786
1286
668
698
206
672
624
3346
668
684
520
666
218
642
698
698
686
6830
706
698
672
662
670
212
690
682
674
686
3242
684
674
688
648
670
654
660
688
212
208
19674
684
192
646
8776
638
212
628
548
192
8270
666
1140
666
620
702
692
672
676
666
676
700
682
206
688
658
630
208
676
650
678
678
9500
490
644
1108
668
656
640
1180
628
1166
648
520
640
670
672
664
672
12198
634
2068
644
1156
670
648
194
1138
668
618
168
624
642
688
708
16690
668
674
674
672
1760
174
524
638
676
668
220
644
694
1290
538
4732
640
658
208
680
698
16548
1122
1298
670
678
674
16842
1262
4778
12254
660
212
672
664
672
530
668
664
672
658
680
652
512
648
7178
658
204
676
610
224
542
618
662
23660
662
174
1154
4660
678
644
672
668
166
690
1932
658
668
644
678
680
674
8960
650
678
620
1168
642
222
528
672
674
1010
702
208
1140
670
500
654
664
206
664
506
650
676
670
1136
662
206
670
654
648
678
626
1302
208
658
1332
514
666
786
668
668
656
1270
646
480
708
680
1294
1284
660
638
610
1138
522
688
658
658
670
660
660
514
1180
644
5704
618
674
1718
672
660
682
676
674
664
670
628
530
670
668
512
1292
704
464
680
690
696
668
212
644
668
660
670
652
1230
522
652
7428
674
676
212
8502
10840
670
636
712
704
672
656
628
684
664
660
178
656
672
674
694
690
15540
700
234
682
670
680
618
690
670
680
672
632
668
678
1772
660
1992
31892
6700
15174
942
1900
760
654
1106
6896
208
652
828
682
688
644
5296
810
8208
686
676
8958
1452
692
672
672
666
11426
826
7280
672
632
690
678
652
706
768
3866
848
17300
3776
600
696
642
670
672
7036
660
224
676
676
666
12534
662
692
660
652
676
208
684
672
676
672
666
678
710
680
3680
656
668
41738
674
688
650
674
2764
642
682
706
648
678
678
14168
646
660
686
658
698
216
678
632
644
1308
514
1304
2460
206
960
170
644
706
710
664
690
668
666
690
4894
526
678
664
684
508
670
666
690
1280
680
680
666
16834
638
658
708
696
684
662
674
664
680
666
628
650
666
658
650
676
234
658
712
678
668
1180
668
668
212
500
674
700
676
674
696
700
664
662
716
710
682
700
524
834
708
172
668
650
662
698
668
216
658
664
692
668
668
626
666
678
206
682
230
660
688
674
212
658
682
698
664
696
654
678
1302
688
694
678
1292
674
688
680
1294
670
680
168
9568
676
648
190
668
672
650
676
670
690
1324
668
640
2022
670
704
700
632
184
530
696
666
664
682
8616
662
646
668
662
8754
666
664
204
668
634
208
648
646
532
686
9986
660
672
680
642
630
790
668
662
652
710
672
688
698
516
216
810
232
14702
704
680
648
210
672
202
704
670
190
788
1440
7726
682
646
688
15708
528
676
702
692
1902
682
31854
698
210
9710
626
704
684
678
640
674
1152
1300
1286
11420
634
668
654
184
27300
674
698
220
798
664
642
694
206
946
524
694
672
654
5560
19546
660
682
688
712
686
3522
660
218
648
664
208
678
682
672
652
208
682
1348
662
676
646
654
664
672
736
676
700
672
672
664
660
694
668
680
634
664
232
670
696
664
204
678
4416
674
514
4612
1138
676
676
210
530
660
676
672
660
206
672
686
520
1286
646
630
210
672
674
668
14012
658
666
710
668
2294
5226
8412
9068
25988
656
652
8932
660
700
646
702
630
682
510
612
516
692
666
676
684
642
686
664
670
510
1616
168
678
638
168
658
654
1328
674
172
676
664
666
1164
552
670
656
650
652
34354
25518
39504
640
1628
662
680
686
20374
662
14078
172
692
680
2730
7950
676
688
1158
660
662
654
536
1470
660
684
22638
682
674
676
662
692
666
4304
680
674
660
638
672
676
512
536
670
3660
688
676
512
654
672
658
686
644
668
3322
670
33094
664
606
754
652
644
226
674
7432
804
680
628
678
526
526
686
656
208
608
668
666
672
4022
654
676
688
206
26704
522
684
648
510
666
238
4594
670
662
662
686
514
662
226
1158
4286
662
660
692
656
690
646
4742
28844
656
168
652
668
704
676
540
694
6406
658
666
9220
708
234
626
660
650
662
170
662
542
714
662
5064
680
678
668
2526
674
660
1280
1462
1320
664
676
686
702
202
662
680
194
550
646
528
666
496
706
662
15032
678
566
1304
238
648
642
648
524
210
676
508
612
670
696
672
4686
698
210
684
10530
1758
692
668
210
1132
672
672
616
670
678
1296
666
674
660
670
644
510
672
606
2554
1518
674
1740
652
192
12006
664
210
678
208
8612
646
666
692
666
1296
536
696
656
670
674
688
672
670
650
206
666
214
642
644
670
208
648
674
642
6978
694
510
712
710
11928
670
1154
670
644
19158
662
678
3190
668
662
684
190
678
652
222
664
630
662
680
674
610
668
668
488
2588
684
674
668
642
698
662
698
670
182
660
696
672
610
212
506
522
636
542
662
4492
650
168
666
674
204
1122
622
686
716
688
222
684
674
658
508
712
648
512
670
1256
204
646
164
670
508
664
670
696
670
658
812
620
656
174
184
662
666
540
4952
1646
672
676
672
1298
630
678
646
7818
628
3048
1256
660
678
676
670
676
670
698
662
690
662
700
630
684
1304
668
1286
644
694
674
652
7484
680
10410
624
508
672
10784
670
2682
624
206
660
668
674
664
208
696
182
1130
682
642
664
674
670
670
712
714
646
684
678
686
1206
648
642
674
674
668
1138
682
658
696
672
7270
678
666
204
672
512
630
680
13770
700
636
6096
624
168
672
652
1286
1294
680
674
1294
666
670
664
674
692
682
204
634
648
206
644
644
662
674
1264
6308
630
678
666
168
9392
538
636
668
8124
658
672
2274
642
1130
1142
658
682
634
694
1312
664
662
680
1274
670
668
674
166
652
1142
658
670
1284
702
704
654
206
658
8740
674
658
670
668
666
3070
614
666
688
1148
170
678
672
174
666
11274
1284
670
5748
4588
16632
662
646
666
682
666
170
666
656
682
204
504
676
660
656
674
15580
490
542
1302
3938
672
670
170
680
672
208
650
642
166
670
2104
19676
2480
1882
672
2826
674
664
678
672
676
214
660
676
680
714
216
676
3520
1304
674
666
658
676
670
230
23820
646
678
682
538
678
6474
670
1290
668
534
652
384
670
516
666
180
642
5710
660
670
1452
640
654
1136
690
672
676
1268
186
678
678
668
1146
676
210
3540
534
688
14586
680
18970
668
662
54992
688
686
3456
666
1134
2060
674
670
668
674
652
656
668
666
672
662
716
13662
674
674
664
644
212
680
672
7750
1600
514
672
628
692
662
664
640
676
678
686
1294
662
682
728
670
666
690
190
640
220
644
5570
676
674
7218
672
6178
626
678
204
656
710
624
218
1270
168
630
61368
672
1878
704
668
2876
27592
662
532
672
634
648
672
668
4166
700
674
666
688
1302
182
642
1762
676
664
196
822
674
540
654
660
664
674
16972
676
646
676
524
674
660
670
1174
676
534
668
674
694
672
13868
2622
672
644
1124
700
642
706
670
682
656
476
696
670
670
698
668
668
686
704
186
1138
690
674
1272
694
546
674
676
670
206
632
678
626
208
692
704
2184
674
678
686
670
650
960
704
678
664
674
680
686
680
628
200
1310
1314
210
666
706
3344
4602
684
664
648
536
670
680
7642
1316
666
674
2856
624
182
680
674
1288
508
4342
672
672
618
1280
672
680
666
1130
5442
694
684
664
672
670
1146
694
686
676
690
2270
682
702
670
668
680
692
668
7248
646
672
208
640
1970
664
504
672
646
668
674
682
658
642
684
682
666
692
662
682
648
676
1596
698
542
710
5766
682
214
1132
206
656
628
6904
658
688
660
672
530
676
546
500
688
176
668
168
650
13984
668
510
610
4232
1286
620
702
534
532
226
664
702
706
648
682
686
708
168
682
674
672
646
1294
670
672
1288
634
686
652
618
676
708
680
672
650
704
674
654
682
672
656
628
670
666
676
5468
674
504
6900
644
664
694
670
634
224
698
624
700
670
676
660
1300
13148
642
674
10834
676
634
1134
14330
680
706
670
210
538
612
662
676
642
708
1330
170
670
672
698
692
65884
12688
676
1294
634
708
540
690
668
704
13674
11988
648
670
542
670
670
662
5622
668
676
622
534
518
1292
666
10198
692
1248
518
666
666
1168
640
670
17390
664
538
696
662
1304
650
524
1174
688
674
678
692
11454
664
1134
544
696
676
688
534
5294
692
668
692
204
678
668
680
634
700
696
626
702
670
1310
6152
2396
620
678
662
658
674
694
656
546
472
640
634
662
700
1294
530
672
524
664
658
680
654
652
214
672
674
684
674
674
514
698
696
534
646
2704
702
658
664
630
688
676
672
214
672
678
11376
662
668
676
640
708
656
706
554
668
684
5742
666
510
174
510
644
1292
168
668
1152
672
672
514
184
680
658
778
1300
666
666
642
670
668
1300
1298
13838
606
1338
672
692
1618
696
674
672
654
230
672
648
684
668
676
672
644
210
674
700
682
690
672
656
6624
682
664
11266
2574
19972
670
608
652
4132
676
672
21184
516
660
672
648
678
522
1122
672
678
686
656
622
656
5038
674
1246
1302
664
1096
1608
658
670
644
684
220
662
170
2666
668
664
664
638
668
676
672
636
2244
672
672
666
1132
668
678
662
662
670
696
676
682
178
660
624
166
638
214
626
672
524
634
648
668
702
4722
644
182
614
664
672
674
536
37544
212
648
666
666
680
668
204
536
650
666
670
688
194
678
190
674
1172
174
672
698
674
676
686
836
700
676
670
712
180
672
1184
660
670
688
672
660
1750
636
670
678
690
696
668
678
1286
676
1274
660
654
674
678
684
668
1304
682
192
650
694
674
630
1012
640
646
1144
1338
648
176
1296
656
668
684
688
668
662
670
668
648
1776
672
656
698
672
668
668
672
678
698
630
684
682
698
610
172
720
170
646
1332
676
700
2596
3982
666
668
670
680
664
210
676
686
672
672
642
1296
528
650
698
532
662
670
1264
686
1570
670
672
170
672
654
216
672
666
628
664
192
646
664
644
672
208
516
674
208
646
668
618
676
664
670
676
660
12082
686
996
650
670
220
666
652
1274
168
670
526
1274
646
672
676
658
640
14640
680
676
666
712
694
624
1302
474
702
668
1154
640
686
172
684
626
3572
674
656
1150
692
17632
210
628
168
682
682
684
17930
214
672
3682
666
11320
676
1286
652
668
526
662
644
658
664
668
638
646
514
8114
1262
690
1342
476
666
662
1162
21290
636
1166
216
668
3680
654
534
676
698
1264
2810
662
650
644
652
680
10040
644
520
660
218
516
1142
532
676
694
172
680
1142
208
622
524
636
674
1160
676
514
648
678
668
202
642
1274
520
686
668
526
608
216
1156
662
230
536
658
686
678
668
662
668
208
698
678
666
706
670
180
682
164
658
654
692
668
210
666
646
690
658
660
642
658
690
624
216
660
6500
678
674
630
698
660
666
704
692
528
666
528
668
624
666
664
632
212
680
708
602
670
678
662
1278
636
650
662
716
502
168
682
622
8526
682
8944
11970
632
690
696
664
668
692
664
694
660
1250
668
674
672
692
16674
1336
676
654
518
634
660
672
678
512
666
650
2886
35372
22338
646
1962
676
1136
6594
1336
682
792
672
676
676
4188
666
670
7096
658
672
10226
172
688
698
668
658
11412
680
8360
510
690
646
680
672
684
5008
22148
682
810
660
698
8172
1334
650
682
672
12848
708
614
646
676
1276
696
662
702
692
696
662
676
4768
670
672
41848
676
680
654
3858
698
700
682
684
666
698
13332
646
670
676
682
642
1322
546
676
660
182
690
606
242
4006
966
658
708
658
668
668
664
674
518
5102
668
682
676
652
636
670
652
668
208
664
670
716
666
16840
652
764
702
698
666
672
686
678
680
526
676
670
670
672
648
1154
706
668
672
664
216
666
660
1272
608
670
680
682
678
686
674
674
678
682
686
670
676
662
666
1158
682
648
668
678
1318
666
674
698
664
516
658
674
1148
1338
680
654
1294
700
684
660
668
674
654
2556
672
670
692
178
656
664
690
680
192
668
666
1142
9728
670
1256
642
674
666
706
682
682
194
654
532
1728
658
680
678
518
1304
636
684
664
670
672
214
7998
674
666
690
666
2572
4784
672
672
1298
528
1282
520
662
636
682
1632
8254
682
658
660
532
680
656
664
658
700
706
706
704
554
1456
1192
13436
650
664
652
1316
1304
704
1268
652
8498
670
692
654
15586
694
640
672
700
1620
658
32964
10974
672
698
708
666
636
666
196
676
208
682
208
698
10296
514
672
668
1310
26034
656
680
1174
664
656
664
1168
642
550
666
514
6680
19530
696
666
694
644
4610
1300
648
1284
698
672
684
1138
684
1480
674
1602
658
670
710
684
668
694
702
686
652
668
662
666
510
646
1166
672
514
1292
5460
652
622
3492
642
206
668
708
1310
632
686
662
662
1282
708
668
662
208
668
512
1154
650
662
680
14118
662
696
534
688
2418
4276
650
7264
10294
24776
668
680
646
7806
698
676
666
696
520
674
642
392
668
648
672
672
658
664
638
666
704
654
648
518
1130
672
1262
668
672
184
658
1150
712
654
666
174
688
532
660
660
644
35338
212
24042
40342
1466
644
670
658
21330
14126
1128
652
664
1770
9036
656
678
168
656
658
662
526
2548
672
23698
672
636
696
676
656
676
2590
512
652
690
662
532
670
690
646
654
626
4782
700
642
628
668
666
694
650
666
674
2242
680
686
32166
656
702
640
516
668
1320
8520
656
646
658
690
652
634
672
1116
608
680
684
672
2102
1676
656
696
1280
212
25122
534
656
628
680
610
6164
658
676
672
700
632
1306
172
5374
668
640
678
646
652
648
3760
672
27726
654
1272
640
672
646
664
628
672
5430
554
664
9204
672
1174
648
510
660
1296
682
636
718
654
166
3638
670
716
664
648
168
1900
652
684
186
1424
660
214
670
694
696
676
1184
668
1274
506
668
612
536
648
664
662
13964
676
684
642
204
1298
644
648
670
1264
508
506
648
682
678
674
4828
1268
662
9690
2818
688
1134
184
648
672
508
674
674
674
210
670
662
662
660
644
516
630
646
668
1586
690
1660
2852
1276
11994
1306
9094
674
650
684
680
694
204
678
630
652
658
692
664
622
684
666
1142
1140
648
670
1142
664
668
640
5882
670
650
658
672
712
10990
672
638
214
666
664
668
3010
16036
650
4306
658
688
1154
696
1292
534
620
620
802
516
644
704
532
2520
670
648
664
662
684
666
662
666
1138
674
678
504
1136
568
636
702
632
670
3364
670
1140
672
1266
204
532
658
694
708
1336
678
654
642
644
712
652
666
650
208
1258
1254
556
674
674
710
674
664
666
822
662
662
672
20832
204
640
680
662
1254
672
1270
650
1266
690
6756
690
642
670
662
670
716
1308
530
1256
672
2876
1456
680
646
1272
670
666
668
660
640
682
758
1888
1284
646
1154
646
226
7192
666
1134
540
9726
670
170
626
674
674
664
662
670
670
674
706
672
1146
676
518
1164
668
684
686
650
8408
664
