103:0:0:0:0:0:0:0:0:0:0:0:0:0:0:0: (total 3)
0 1 8 Thread 0 going to cpu 0
going to barrier (cpu 0)
Thread 1 going to cpu 1
Thread 2 going to cpu 8
going to barrier (cpu 1)
going to barrier (cpu 8)

cpu 3 cur 3
STARTING...
STOPPING...
Duration      : 10000 (ms)
Acquisitions  : 40767193
630
606
812
2476
752
1670
800
588
796
624
648
2896
606
624
636
640
1192
658
1176
628
664
626
630
608
860
2222
774
778
186
606
1398
734
666
182
754
1184
1040
634
620
1542
638
682
638
2416
612
762
762
748
802
608
636
576
1224
798
762
662
642
656
610
768
886
784
1014
1068
638
596
638
618
774
670
656
1062
734
588
790
916
652
630
1760
2310
886
790
730
674
1030
632
570
810
926
634
1926
908
1766
1492
938
662
750
762
772
634
796
2836
1670
636
666
1048
788
758
924
1076
796
614
632
914
656
700
802
628
662
652
1326
562
640
668
664
1318
1486
880
772
622
1222
660
852
1080
738
658
598
900
916
1200
784
820
772
1330
808
936
584
760
760
1684
638
634
662
784
254
244
324
310
86
332
346
248
250
236
224
312
526
220
260
252
298
214
282
312
236
244
612
1430
778
802
646
1088
670
914
1066
646
644
634
766
646
584
1498
646
636
784
668
658
636
648
776
624
642
616
650
648
1048
1014
614
862
760
624
1456
580
638
594
772
2216
636
1808
636
636
642
950
1178
664
876
780
788
594
796
1990
784
780
1640
636
1468
658
644
660
650
590
642
632
588
634
792
1050
658
760
636
620
616
560
634
672
644
754
636
776
786
2190
794
656
928
668
566
1082
1206
2100
1032
620
594
656
752
680
644
1372
894
644
1040
896
786
882
804
1046
624
632
1772
760
922
668
578
1488
804
784
660
780
1046
638
616
464
456
638
1072
1046
772
584
630
666
870
796
632
644
644
658
632
652
694
1704
792
1194
760
790
790
1680
1066
786
1068
1086
1600
1020
1052
762
1720
664
1912
1882
1202
1186
924
798
660
1332
816
822
790
1678
692
600
2030
614
596
656
1300
790
918
576
890
622
616
182
656
1046
636
766
1056
868
1026
662
650
632
904
980
1052
1010
1024
638
1062
786
2644
1010
672
1078
632
660
560
2048
632
642
1646
634
634
760
1188
2020
654
784
690
738
1046
762
674
752
654
762
656
1178
630
608
1050
636
1016
776
670
1170
1064
814
620
1066
628
664
810
646
1050
634
640
590
670
790
1608
916
664
628
752
578
596
636
734
630
752
798
654
1500
674
690
1006
642
624
628
588
636
770
648
1058
758
1102
648
770
622
774
632
652
670
578
1082
1090
1034
736
204
762
1580
652
1202
634
1044
1468
1024
622
892
646
918
674
780
630
612
636
654
628
1678
586
1914
758
1654
810
194
596
782
632
658
652
638
756
666
756
666
1010
716
806
674
754
1018
900
656
1494
1700
608
638
1808
1130
690
3416
660
1180
788
634
570
644
180
1316
678
884
620
652
890
616
1676
646
774
594
748
670
804
666
1618
202
1308
638
898
788
632
584
622
652
652
918
1054
1022
762
696
590
772
670
934
790
652
908
788
2930
1776
648
886
800
1896
664
628
660
660
818
618
650
1042
1656
1048
632
632
1764
752
1612
642
804
676
734
768
934
638
592
638
602
904
658
884
612
1220
592
768
658
652
636
1038
898
898
612
642
1936
652
656
884
1710
654
626
1180
1642
944
2446
444
768
808
658
934
1692
1176
1050
598
1604
2728
1094
790
584
796
632
666
638
778
886
1842
574
770
700
630
1044
714
1184
794
992
752
650
668
596
828
630
638
640
660
1024
676
890
920
1322
746
754
598
788
754
628
662
1038
886
672
772
796
630
586
752
600
1052
670
760
890
658
654
704
610
648
586
650
788
772
640
912
786
658
626
642
1280
630
1604
800
608
628
924
166
612
656
1636
666
640
822
786
1312
772
650
626
666
1048
650
1178
1024
640
1056
926
644
792
1302
762
778
664
1064
780
632
622
652
774
588
920
902
656
776
1308
1084
1054
642
1790
606
2678
656
642
604
1638
1078
1648
644
640
596
688
1170
820
656
628
760
632
644
670
776
1036
640
744
666
784
662
640
1054
626
618
642
616
620
648
596
1082
578
602
590
646
676
632
1652
806
662
660
630
774
766
1062
656
1094
648
802
634
784
1214
760
1894
756
632
1682
788
646
1058
638
608
1030
662
1684
606
794
606
632
1666
772
662
1646
656
1424
632
770
186
846
642
750
632
666
924
1786
628
618
632
626
1680
666
1068
776
616
644
896
938
764
1082
900
646
594
644
642
1484
662
678
580
630
754
590
774
924
598
924
208
1778
658
758
666
666
636
1076
634
1616
784
834
1470
1044
782
666
648
914
638
640
792
614
632
922
1092
668
1000
1058
876
656
656
166
652
1720
582
1036
914
750
970
1036
660
656
652
788
210
1510
570
1038
550
672
670
754
892
794
1340
584
1608
636
772
1612
644
620
774
2028
656
630
632
754
900
938
604
622
652
662
796
630
636
594
662
672
798
662
1198
912
636
610
672
788
1658
674
784
2910
1196
604
784
1028
1094
892
588
788
650
758
1050
662
670
940
586
660
590
648
658
606
634
634
1180
644
664
654
670
652
618
646
784
1038
802
896
636
664
592
652
772
650
654
792
914
634
1672
652
1014
1252
640
646
768
766
2024
638
590
660
612
908
672
4312
1262
1474
2930
762
1238
2298
2842
4730
2518
2156
4790
4686
1216
1668
10176
3214
1640
170
1444
1684
2008
7172
1210
610
188
752
3236
4122
2454
730
2256
2306
1050
3772
7044
3018
612
630
8354
4598
3876
172
5462
5060
1558
1220
5084
5548
180
6288
1184
3096
1212
190
2968
4502
628
1198
3468
6258
2702
5176
1680
2144
1468
1066
2304
7122
180
4806
2124
616
750
1166
1344
3364
3872
752
1300
1674
7750
4494
178
4492
1218
614
894
2116
7600
2030
1672
176
1220
7216
4792
1192
1682
734
9374
5178
3764
1348
2410
2206
2278
2018
1066
2526
2852
174
1670
2650
8696
1818
9032
9146
2186
2872
2984
2078
1100
6762
1312
3858
600
1200
2382
1258
4084
1340
170
3288
2232
1642
2180
5378
1378
3316
1830
1064
1216
4140
1710
4098
6450
174
10832
6756
5306
2164
3888
178
3664
1812
1868
4224
4584
1474
624
6248
2556
1636
1480
2078
8494
4504
3608
7078
2076
3524
1238
1056
3710
1220
168
4478
1072
178
1090
1680
7950
1652
478
6920
1188
1970
12844
7160
178
754
1832
2136
176
1646
3528
498
1176
2070
2862
3222
3412
2552
2286
1682
5824
1338
2890
7812
724
1176
890
1214
1348
668
1242
1554
2736
1192
190
11630
2870
1326
2548
1218
630
3798
2058
3276
7788
2114
1782
7412
188
3020
192
6052
3156
1124
2492
1364
2716
2028
3878
4630
3792
7252
2422
1334
190
2774
588
2278
2032
174
174
6062
3068
1188
1790
184
10910
3188
8046
4874
164
596
3000
1080
730
1890
2276
1220
5672
2812
1788
3986
1186
10806
5958
5456
1228
744
1176
8138
6506
170
188
2062
14512
4912
780
1342
5034
5884
2268
892
8082
1114
9492
618
2426
184
3832
754
2420
6560
11926
2156
180
2528
3978
4568
170
5674
6006
2708
2208
2398
1186
7758
2938
168
2846
3508
1882
1372
2138
178
2718
8612
1254
1208
7516
3546
168
190
4402
192
1938
3486
8760
6818
1220
1178
194
3042
662
3166
2266
1504
10206
1236
5266
8740
2572
176
4352
5102
6488
6608
918
3268
1842
172
1764
3384
168
2732
1778
1976
9494
3024
172
2258
9798
7602
6896
784
1620
3642
622
168
9976
2826
176
886
1964
5766
2542
172
9598
3888
3500
2732
176
176
3650
3354
168
620
736
3376
168
1946
2714
2264
6508
2220
6210
3098
9162
7926
3328
2144
1658
7174
4298
3832
5082
6560
1364
2384
2132
2584
2354
3496
1220
1058
1704
8448
1688
632
730
6314
3656
1176
8020
9804
190
7310
3768
1188
2712
1650
2130
5228
4844
1766
1918
1964
6150
2882
1218
4104
9976
1230
3358
1802
2888
3018
2598
3390
5778
6764
7864
6612
1086
2720
4722
5874
3670
786
2660
3990
3830
176
758
11044
7246
3524
4426
1074
2102
3174
628
596
1116
2424
626
2528
1554
2250
2262
3086
7748
1788
1188
1640
170
630
4126
5594
190
3906
752
5992
1226
5128
2460
7818
3764
178
610
1216
174
752
3436
4100
5460
168
1220
3744
1774
2372
5292
2138
1220
720
1580
3190
190
1244
178
2844
1202
4166
3098
1654
2832
1176
622
2390
4206
1516
770
1958
1312
2168
716
4854
178
1980
11136
1278
4240
2508
1380
1176
168
1352
1220
164
3734
3772
5482
1208
13594
6912
174
180
762
1812
2396
758
2268
5330
5814
2444
3992
2234
630
4746
2870
2598
5932
7730
776
5632
1232
614
1678
176
1672
1678
5806
2816
6122
3622
4334
1200
152
4892
2260
614
610
1624
1082
2116
768
11040
2888
4506
1648
2152
1216
1048
1202
170
1208
1674
186
2852
2030
1802
1376
3794
5092
2158
1254
720
594
758
2478
3278
3100
2266
174
3184
2210
6740
2190
168
2034
2144
760
1174
2144
3084
1344
168
3486
5108
1064
176
5474
9496
1378
1552
3230
1648
1698
1268
7912
2870
168
5462
732
7558
3080
3918
4074
2178
7714
1200
1074
1076
3564
186
2238
2248
1556
188
1928
6988
4096
1202
592
622
2820
2972
18940
168
1532
1388
2230
1504
2604
764
602
2184
3302
2954
2902
2858
1206
3352
4962
166
2544
4810
4802
962
3178
8880
166
748
1526
5374
7994
1548
1676
3302
2862
8792
1774
5888
612
5414
3018
2096
188
168
4294
3316
1678
2394
660
752
490
5552
1200
1218
1188
1182
1672
742
1244
2190
7554
468
624
6558
1844
3962
5970
4638
2848
4870
6628
1538
10266
12596
2264
6012
5910
4454
2730
1204
2010
4904
10436
6090
1102
1052
2022
1472
1356
630
3218
1228
1652
1052
3048
1578
17096
1546
1712
2680
1220
754
1810
4094
7300
2472
4756
2140
178
606
3018
3330
2134
3362
1224
1814
2152
3742
13284
2166
3316
2148
2142
5974
478
2108
2580
3404
2668
6054
6846
1562
152
3866
164
1466
7766
3012
2030
1510
6154
1056
1220
4350
5970
1198
1182
624
6014
1512
1198
3588
4076
590
14604
4726
3632
3542
3816
884
1952
2824
1594
1930
4248
3856
1684
2452
2522
6078
8508
8418
9386
746
2112
1830
3732
2310
720
2938
2308
3848
152
592
5364
2134
5042
2678
3878
6160
3720
5602
1978
5088
1640
7378
6244
1646
5838
2290
4108
1336
1916
178
6294
1678
4830
2976
1324
190
164
8742
740
1684
3632
4822
1874
9494
624
3636
1952
176
2982
4358
3154
3724
3848
4026
3624
23858
3052
4736
3952
4324
2818
1220
2124
6156
1222
12996
752
1724
1666
1356
9402
5584
6514
612
630
3448
6992
1906
798
1204
3876
754
756
3276
718
752
1668
1646
762
3474
622
1776
3058
742
2730
2662
6258
1184
6224
762
5872
2608
1910
3376
4188
2282
5882
1332
1152
1232
1228
5342
1094
1654
4580
6424
2486
3216
1216
2700
2568
2706
6430
2726
4480
6400
1220
1094
3882
14164
2264
190
1360
2402
2952
2292
3764
9148
1816
3566
4056
2700
1330
752
3152
2818
730
1230
174
5550
9000
1214
10392
3192
4112
3690
3246
3000
1680
1680
1394
1640
1356
1120
918
1540
764
1806
584
796
632
1780
906
658
924
1464
1506
1094
632
760
924
1804
614
630
636
1206
926
624
666
1654
890
656
910
752
774
654
756
996
596
660
594
770
798
604
898
588
676
660
646
666
898
638
646
1060
656
580
652
1044
758
760
590
632
942
620
668
604
1024
660
772
646
930
1644
1910
632
608
878
886
2028
916
754
654
752
1052
636
1902
660
1964
782
790
656
594
638
764
1196
662
588
628
1210
588
2058
808
646
610
766
594
1046
1114
1758
614
644
626
612
1048
648
1918
656
652
640
770
1018
622
642
1992
672
650
790
790
660
1092
1150
628
674
658
1668
660
786
664
636
660
1084
622
894
748
1042
638
2042
668
822
652
1080
892
754
642
672
636
1498
1662
640
770
882
626
626
796
672
782
1628
650
758
632
788
642
668
634
642
656
226
620
640
582
622
1656
788
1554
750
630
622
610
666
614
634
920
1078
650
656
664
1062
638
904
1142
1022
630
1050
912
778
904
1068
792
666
770
1048
792
648
640
788
1634
1050
798
642
770
1020
1038
1042
630
604
2074
580
454
794
650
1650
580
658
1030
604
630
674
1476
1100
638
922
656
638
638
754
638
792
776
774
772
640
670
638
802
634
1052
1708
1638
754
1680
2200
1762
798
648
634
552
804
664
652
610
766
654
1364
622
638
1020
644
768
636
1368
638
1478
1018
628
672
610
658
750
1204
766
1650
792
636
590
1814
1690
636
618
774
778
642
584
676
662
172
768
650
1052
660
628
1002
638
664
786
572
670
1680
646
756
634
730
1214
656
1684
750
788
888
788
1342
776
1642
628
1052
172
636
640
1592
634
1534
652
790
632
1368
588
952
758
776
634
660
656
1090
1482
802
690
812
1844
1332
654
676
664
778
636
644
1660
606
1346
664
1052
636
1056
780
790
1244
900
558
1698
1004
760
1020
1056
666
662
648
662
1284
584
1740
2020
644
790
750
672
1174
1914
598
630
646
632
588
628
652
652
1192
610
894
780
634
626
634
944
638
754
648
788
666
800
634
1654
662
792
774
1068
622
1046
1682
662
896
614
894
794
642
588
622
798
1166
764
1176
652
1342
1762
616
668
786
1054
784
796
1690
1534
636
1630
626
1038
672
642
832
624
668
1632
912
788
800
930
760
644
1622
652
790
660
678
898
696
638
630
630
1018
750
210
640
636
644
886
1076
586
872
1680
1916
658
650
1640
796
580
600
912
882
594
630
1680
932
668
1460
610
202
670
654
666
634
1052
656
1024
758
640
626
672
1500
642
186
580
644
760
2368
210
662
640
1356
1046
878
762
1674
170
678
640
682
758
588
240
1680
654
888
654
1616
1598
196
910
756
632
652
660
1678
1010
804
932
774
1050
1768
884
906
664
626
1080
804
1668
776
800
1804
624
762
1026
780
946
790
664
766
1068
1804
1076
630
634
614
642
746
550
2810
782
664
1026
640
774
634
656
608
632
646
586
660
798
626
1062
786
770
912
1066
1962
756
602
646
656
904
658
612
792
2020
660
758
1056
900
1750
598
1828
208
638
796
1078
736
662
1622
756
676
1196
818
634
1200
896
1064
1762
886
898
622
884
798
606
640
528
256
286
244
472
272
300
204
256
204
226
404
300
212
258
222
788
302
274
290
214
274
896
638
1472
650
1050
636
760
220
620
680
896
804
670
796
654
1632
610
620
654
770
1732
908
620
1738
1020
1818
1642
800
628
1036
676
776
642
1186
670
654
790
592
1644
592
648
766
642
770
666
664
770
632
634
638
630
642
644
1018
804
1000
910
1034
638
3466
1818
778
606
1068
886
616
610
636
644
790
1204
916
668
870
798
1662
806
626
758
672
788
574
756
1012
1024
758
788
644
1952
800
1478
814
1028
622
672
640
654
800
1602
674
642
800
778
796
632
1092
618
634
796
960
790
1802
1424
768
1034
670
1054
1800
816
800
662
946
1174
760
1050
888
818
900
668
1300
624
638
922
606
628
754
664
1656
1466
810
918
770
1048
768
3488
1042
1044
630
2820
752
612
648
638
630
628
628
794
672
686
588
640
788
1022
874
1060
672
602
616
1048
638
1184
1004
578
2062
1040
1462
776
650
588
906
576
634
1344
1010
774
788
1048
948
658
672
660
620
656
1698
594
3046
908
1192
640
1862
1062
2292
2060
652
806
1016
652
1044
830
664
902
796
762
1216
2200
644
1052
774
610
598
1044
784
1038
640
662
1884
1002
604
668
642
580
770
638
768
754
1074
1012
796
768
802
706
1052
650
774
622
660
642
634
636
192
644
1800
1024
1046
786
662
1064
740
1046
1700
1050
928
822
660
788
766
642
1676
920
1458
768
650
628
644
2908
654
1004
660
810
634
856
588
788
638
1068
762
634
634
1630
648
636
646
1030
650
1168
904
746
634
630
648
672
1626
1030
1048
1062
1484
1722
754
1064
884
1046
666
1570
1936
634
622
946
800
656
1642
636
776
636
616
1870
584
768
758
600
672
2474
856
634
638
786
946
652
634
662
762
770
764
686
664
1008
1076
654
1482
628
604
1786
768
610
1178
652
660
610
626
476
776
1092
886
646
