70f:0:0:0:0:0:0:0:0:0:0:0:0:0:0:0: (total 7)
0 1 Thread 0 going to cpu 0
going to barrier (cpu 0)
2 Thread 1 going to cpu 1
going to barrier (cpu 1)
3 Thread 2 going to cpu 2
going to barrier (cpu 2)
8 Thread 3 going to cpu 3
going to barrier (cpu 3)
9 Thread 4 going to cpu 8
going to barrier (cpu 8)
10 Thread 5 going to cpu 9
going to barrier (cpu 9)
Thread 6 going to cpu 10

cpu 7 cur 7
going to barrier (cpu 10)
STARTING...
STOPPING...
Duration      : 10000 (ms)
Acquisitions  : 19897541
930
3309
795
14805
957
2175
24168
1596
1212
1290
306
963
1278
18738
1122
918
20826
33210
1665
927
924
963
1686
4086
1011
1392
1461
888
1536
1251
1695
1464
1959
1143
1260
1239
990
1551
480
1134
1518
66828
2160
732
1137
957
696
1437
1380
2079
1695
489
1545
3765
933
22185
1620
1452
966
19893
2391
1032
1545
1428
4917
1422
2919
1206
984
708
1125
1638
2445
1611
945
70179
987
36633
4674
2298
1800
1398
1032
1434
987
4092
234
91791
951
2412
867
4527
318
945
2178
966
1968
942
1611
1869
3195
1659
2175
231
2424
80376
1290
1698
3099
3234
4878
85977
939
732
954
9312
885
1128
3681
3330
1683
2172
1059
951
1683
1035
1041
1071
798
1005
1116
26997
1134
11721
1884
1458
2874
984
1608
1119
2148
792
3528
1638
1590
2265
1014
879
279
939
1131
1521
1707
1629
2112
2313
1719
49200
960
48624
1578
1284
408
801
7116
945
1110
5559
1698
1260
939
1137
8103
10599
1953
1548
1626
186
789
1773
8190
191016
3393
1692
705
1533
1239
1917
54369
960
2781
2130
837
2379
888
3234
1614
1677
1197
1221
20913
2049
1098
1542
5688
10059
2169
1203
3321
1557
3669
960
40836
5757
1107
19422
957
1032
1368
3393
2190
1362
3198
35757
4746
1050
2283
1089
966
1791
960
31089
1263
267
1338
1422
789
1221
48324
1362
9339
942
2523
1953
1533
1401
2646
2262
1212
1560
1575
1131
558
957
62010
885
24681
11313
942
1044
15642
1296
2733
1476
996
1146
786
1611
966
234
2490
888
870
27897
768
810
2436
1266
942
1863
1140
1284
4677
2097
1176
2418
714
1386
2037
96843
1023
876
870
2904
1404
1947
1068
882
1461
1350
969
804
1365
882
954
1278
1992
960
228
1533
1044
1638
2352
771
1791
216
1125
38784
1350
2196
1383
1464
945
1893
969
1176
807
95181
264
4182
2322
186
21297
1116
2082
2352
2724
1266
3207
1023
19374
1950
11316
960
813
1107
1614
987
1203
1176
25971
1431
1284
11670
15288
873
1794
1068
675
1041
3051
2184
1452
8973
1719
3798
891
882
1134
1029
741
900
1206
1083
2688
1359
17556
1137
6633
756
3807
1125
1455
3093
2724
11700
7158
1242
954
798
20046
20535
1179
801
1272
1812
1845
44595
972
5640
1233
5613
1032
1059
984
4206
18138
903
1563
963
2025
1011
3777
8145
738
12006
2118
1290
1554
1212
1200
1380
693
882
1047
1602
30246
687
429
936
879
288
1365
2256
10650
1293
1725
984
195
771
1212
1122
801
1188
2679
1689
1212
1374
2328
2127
2040
1128
957
2340
3084
2097
1056
4140
873
1599
789
1800
1425
1935
19440
1806
189
969
951
1359
1584
3126
5445
1464
186
1515
777
10407
1899
1530
801
70362
1125
8997
1320
1272
2265
309
1023
1179
975
1548
2838
225
1176
55659
32976
2805
1581
1464
1467
720
1044
1443
879
1014
1374
882
1113
69138
708
95094
1011
930
933
870
276
723
22293
1137
1080
2037
12396
2607
1194
1377
12441
1449
1245
48003
1542
876
1131
1464
399
1194
16512
1842
795
1983
2352
134805
735
1125
1122
1854
1047
1044
18576
1302
2370
2979
2253
1371
888
2553
786
1710
816
2133
1077
3864
1053
5337
954
798
1944
1182
1041
2043
1137
1536
45444
1785
945
13794
957
1374
39174
42084
12351
1425
1128
1761
37728
1767
2112
2835
939
954
1776
1872
9444
2379
2607
957
2193
2088
1194
2013
897
20277
6255
975
2775
690
312
1113
867
1122
1143
1353
1026
208299
1074
2112
1296
1026
1533
1392
1269
18984
2265
8097
849
828
1104
3471
3102
43716
867
2019
840
798
1032
1434
1689
783
1461
1293
1467
2358
26001
3015
2127
32538
1194
70653
1113
1272
1056
2604
1452
22200
4716
1836
954
864
2961
1287
318
945
315
1086
876
804
1224
492
1761
1206
1107
1449
2142
186
1146
26550
2358
1842
1119
744
30963
1365
2352
1056
1233
1299
1635
2124
1302
258900
1191
10731
2772
3780
1614
267
837
1119
2460
1536
192
1539
354
2307
1158
945
801
225
2115
46158
1524
705
801
2244
1452
882
945
1119
1200
1038
3996
2169
3969
52287
1380
37338
1116
1227
1362
1275
19281
2058
1284
1014
1455
1359
183
2163
1776
963
1338
1107
1131
882
11175
1041
19623
1686
1509
2340
1074
1014
1194
2562
11649
2103
2364
1428
4026
6237
4992
1983
774
1035
990
2028
1530
3999
1461
1617
789
1059
954
1836
900
1047
2343
1209
43299
855
882
2181
1152
1941
1056
1623
1194
1467
225
2466
1038
186
960
28734
1866
1767
870
795
1044
948
1632
2856
174
1368
1131
2283
1296
714
318
1839
1194
225
726
1293
813
1278
45609
1635
198
4287
1242
858
16989
1506
1488
1266
300
687
1083
963
891
1032
1458
54582
846
1182
2439
2205
2043
843
2736
2613
2511
1689
80397
2085
1608
2568
32667
2469
12465
954
1314
888
1428
1011
1398
2190
31998
5328
1449
990
960
2778
18000
1281
1290
3702
1521
2772
29004
1371
918
234
948
1452
1044
189
864
477
840
1110
1533
252
777
1461
11298
1278
1521
58029
1134
762
399
1047
558
20448
969
1620
1389
1326
1203
83691
1116
768
1941
186
1029
2763
2022
1542
2502
1293
1473
237
1197
1107
1125
813
1185
2769
1128
1881
1782
19602
1926
1515
96747
3618
13620
3057
1602
561
1461
879
963
1857
1383
1056
1755
43968
1137
2619
861
1473
1392
1791
1068
2274
11148
1176
1725
1035
27933
516
1206
1044
1791
51525
14007
1509
2052
972
2178
789
1353
3306
1620
2610
56226
960
1350
771
1854
1140
1695
3744
2322
1878
2043
399
1119
303
801
1212
3390
1143
34947
1179
972
1485
1038
858
1596
2577
567
1284
1440
1086
960
702
1455
1206
2382
1587
2928
825
1296
927
1893
1206
2688
9849
870
1212
1011
1275
31731
28578
891
62187
1857
870
264
771
1605
1080
774
2046
2421
2514
876
1887
1059
393
1197
1311
60858
2883
1620
1029
1623
2061
936
1797
81612
786
1542
924
795
18873
981
1035
1050
45426
945
1455
1371
183
828
1275
1266
1203
1098
1695
3030
4938
2115
16638
1125
882
1026
6312
6237
1329
810
861
1470
1077
1110
864
1824
918
711
225
1113
13485
930
5103
2022
189
1443
11931
852
3342
1089
894
939
693
1110
1113
21756
942
3456
933
1365
933
60162
960
1113
2202
2019
1863
804
267
951
1035
81369
1782
942
38196
51360
1938
1497
1218
801
1233
885
38115
966
2421
4170
180
996
780
1062
1488
1290
1926
915
49332
1038
2211
774
1119
1452
786
1209
1101
636
1158
798
1053
663
1191
1461
56865
1515
39417
939
39831
1041
1536
1455
43503
933
1296
756
495
1143
1452
795
1116
3510
1026
1029
771
1182
1299
732
1458
1932
2994
1446
41826
1374
15669
36219
1029
969
1212
2445
2166
96942
8373
891
1410
2751
5229
103107
1284
1362
39549
948
21327
1062
2136
1794
1518
2127
1689
1881
1953
243
1500
2532
1014
1545
1113
16572
243
1401
966
1617
1023
285
756
1047
1116
1551
1524
1338
1431
3072
1452
1107
1758
489
987
1242
1122
1233
1308
732
1128
3948
1482
17016
1224
1524
231
873
870
1182
1839
1380
312
1992
7062
1695
951
1755
3033
2529
1185
2598
2778
14235
1785
74973
1269
807
1032
1530
53664
2019
873
855
30744
1728
2100
1017
237
1203
1431
2856
73938
3795
2109
2361
1284
2445
1050
1521
984
924
2415
1206
1047
1353
1173
43467
1368
1134
1842
1125
888
1188
1446
1275
960
1125
318
18471
13971
2244
1962
1371
53730
1734
894
7386
1401
96969
121578
1194
16044
915
1074
2175
1551
2226
134367
2166
768
1356
1539
1344
1008
2052
69900
1677
1815
837
1569
2043
906
1749
1377
1029
2796
1353
1446
1413
948
1191
1005
92484
1287
1428
1110
1365
1419
44937
873
48696
1086
102522
1083
792
1428
57564
816
64719
1707
1470
1224
40563
948
1263
173553
1116
2589
975
2691
1167
1206
1974
5721
795
888
94944
942
1986
1449
1011
1587
2010
2190
855
699
6267
1506
16446
1194
1206
1194
39189
97251
1344
1512
23439
402
1533
1353
234
1026
1542
144456
870
1470
789
2463
960
1053
1221
891
1431
1764
2316
681
1476
243
1038
2604
1959
1746
561
1056
492
2517
1623
4104
1467
3519
55170
1254
357
1410
276
2526
2727
3441
972
1038
444
1371
20070
3216
1254
1572
903
8382
1440
17946
1728
183
930
1872
870
234
29871
2817
3216
1413
1338
2352
1470
2775
1050
1038
38682
5466
1608
3600
6111
867
705
693
1299
1416
840
1272
477
1089
1290
1182
1029
789
888
2619
1935
861
1257
1197
24849
2046
2178
1200
93534
1362
870
62628
933
13383
14508
1005
1140
1284
1782
3180
1596
396
1509
888
624
2088
28851
936
46299
972
1272
396
798
48996
1698
1356
1194
876
3999
372
1188
1296
2031
1179
1113
1557
97320
1056
1368
1086
6690
3444
7107
1158
1509
1416
864
1953
2190
1539
789
4152
1833
1626
1125
483
1446
4767
25524
1635
189
1779
702
1854
2193
1020
1200
873
795
1311
1161
1035
876
14565
1092
55179
1932
2379
1275
174
855
25737
2511
1098
858
2448
1908
1032
954
1824
315
1341
1161
1110
1326
150399
11646
11997
1200
1032
2850
969
76251
873
111684
3105
1140
957
801
1518
789
1431
5115
777
1515
885
2100
1188
22758
1041
276
780
1788
726
2130
42516
789
1779
852
1284
1194
57912
867
1935
1062
1026
1521
1614
954
1392
864
2127
7731
2343
1230
2940
32052
819
1386
1452
207
1242
873
864
813
1518
1374
2838
11688
1203
1134
1173
1272
1038
39990
1761
309
1122
318
876
900
1158
984
1794
198
51051
9534
2745
708
1602
1110
1950
693
954
177
1212
1185
1989
1758
1680
879
1983
1017
3258
2013
1059
1038
1038
1602
1593
1128
783
1302
89028
2121
1041
1296
1272
774
939
44925
960
34545
2997
2946
1671
699
5139
1134
1608
957
1365
2040
4047
1194
864
11733
1434
1236
11136
786
1845
147450
1212
945
1059
954
204744
957
1215
1020
1122
1665
1461
234
43830
1896
1053
396
966
1518
1221
2121
960
4404
1284
32961
1545
1272
2166
1719
1020
1416
1929
47853
1611
1506
1455
795
1170
1284
1545
2298
1032
8025
1047
10668
1044
222
1308
1452
1191
1713
720
118989
1224
74448
954
1275
1782
2055
786
954
783
855
771
807
4158
870
237
2322
1719
1437
3513
1692
1323
1224
1263
783
1038
1392
1275
1302
1143
195
62922
1035
1116
1461
2025
2853
1068
1101
2430
1140
1137
1455
2118
90243
1368
825
23067
1251
26598
1260
966
1353
1350
1575
948
804
1131
2913
744
1263
1143
1659
2100
1113
876
62715
963
2682
879
1626
1023
1713
2025
2523
1290
486
2439
1794
222
1548
52749
1251
885
41439
717
1053
801
45315
1869
89406
1227
1092
1347
804
1509
4179
2208
36879
2334
951
1710
261
4140
900
1029
711
2028
2523
47181
2790
1179
2085
2124
1191
12189
1335
1551
5982
2031
1020
48954
1284
33726
1182
1437
1272
1203
2766
85011
825
19518
41526
1104
396
12858
1476
16251
348
23385
31974
1518
1848
18420
18804
2331
30975
1104
1608
29496
873
2535
78465
2256
183
1458
933
2262
1710
1215
1134
3657
2868
1224
1029
228
792
777
3180
3888
1110
19776
858
930
1362
2526
753
1446
77427
2268
1203
1998
861
1374
396
1209
28038
1557
303
1011
963
1407
948
231
3594
858
891
1035
2265
1806
2625
1281
876
2280
1374
954
1311
1443
1929
963
12009
1791
981
768
25416
999
903
1773
801
2301
2883
1050
1653
2577
1689
231
1473
1749
88494
744
1347
1632
1194
37686
5421
771
891
1035
7551
13992
798
2217
1278
954
2043
942
1062
1302
1293
1014
2259
969
1647
1026
1023
1011
1818
2319
1275
18660
1110
2145
969
2685
2034
228
957
1494
2103
4020
795
1386
2487
1596
28392
1377
942
1227
969
897
3639
2448
25734
1887
35766
1113
3003
1128
1062
225
885
1278
1836
783
876
1629
813
2433
2865
1110
1038
1221
1299
1029
1527
1140
963
47556
1101
942
7905
1119
4374
3339
1044
1320
1386
1296
1134
1701
1698
975
1299
435
12711
1125
1365
318
3162
1458
1431
1941
936
62265
1842
1032
1371
1620
321
2601
897
2286
4242
1626
5934
1215
1365
951
75312
2091
10836
1212
3081
1794
56097
1356
186
1767
2427
1206
1950
1770
3174
2325
1140
27483
1221
1437
972
1965
1929
1011
969
2583
1698
2010
1212
4209
285
1110
2001
1296
4371
1068
12456
1440
21393
1224
900
1740
966
777
1764
1509
2043
1644
1053
32238
1845
1917
2172
1329
558
1044
801
1773
1203
264
849
1131
1281
981
2106
1860
1197
1263
5316
891
3726
1056
4932
1557
237
3591
1365
315
40398
2424
39087
1776
1287
2952
1380
36930
858
2319
1761
2001
1134
1185
894
1914
1029
2391
87468
5835
1017
1044
1950
35157
1362
50649
789
14601
3105
1347
2826
1770
61038
1449
966
1542
2217
3471
17976
1464
1131
83640
1041
1131
729
867
71295
1050
873
1038
315
951
1380
54984
5277
3096
1530
13599
1707
888
1929
1137
1062
1836
900
951
1125
1017
1710
1599
1221
906
1263
1788
348
1443
1122
6381
291
2574
1545
28092
1281
1365
1905
1857
786
1764
1206
1635
1143
831
3876
1749
1125
2568
1122
798
906
396
3648
1272
1422
3267
4272
1308
4962
1314
1680
1140
1050
1626
2502
1365
960
1188
312
390
1275
58446
1212
1392
894
2889
2016
960
390
1938
1446
21150
921
1536
1122
276
1140
6534
1377
2892
2025
1851
1131
870
1359
13881
1353
909
1122
345
1992
3402
963
237
852
2538
1848
2142
240
2049
966
1107
1989
1284
885
1119
4785
59691
2274
1377
41964
963
24348
969
942
1212
1128
1764
1527
228
1041
33402
1056
330
1551
1713
1965
1296
1356
3075
885
717
1683
2328
1059
1551
1770
960
2649
1122
2256
1113
5154
1140
77394
1242
1641
2916
942
246
1110
35145
1401
31743
1023
1854
1704
4239
1713
891
1017
876
2337
1203
1866
1464
7671
1245
1689
1506
894
15705
3189
1278
1194
3333
1452
1122
888
40263
1617
885
2016
13143
1131
1722
14421
876
1398
1383
1203
951
1062
5910
1698
1134
1203
894
951
2457
1929
21666
1440
1038
25629
1203
1470
882
1215
1974
894
6543
1035
21993
1806
957
11832
861
1860
282
1212
1302
1860
903
3303
864
894
1689
1533
972
1215
2502
1203
1449
2190
1362
957
480
2682
771
1854
264
2994
1515
1137
864
1200
852
2235
1689
1275
867
1596
1425
1425
2766
1464
1509
1389
186
825
2037
2415
885
2151
1218
1059
1353
1113
1197
1224
1221
960
1131
2433
267
3699
1035
864
1032
1743
1686
1284
3240
852
942
942
1599
867
2181
315
1368
264
1821
1050
1098
1368
1773
1452
1860
975
1749
1518
1458
975
1455
1029
879
37887
1590
19236
1524
963
768
1692
807
1704
87969
2022
888
1722
2667
399
1119
798
1107
1119
306
4656
261
1440
26073
1869
1134
5313
2226
963
18075
1233
723
1059
2043
1287
975
2769
13101
1593
1446
1326
960
1608
56103
2748
2367
1119
1449
1443
1944
1536
891
18246
234
1209
900
1644
2085
972
186
1038
3456
1533
807
1212
2655
807
20358
3720
1050
1077
1203
813
60351
882
1032
312
699
3663
1815
1458
987
969
774
1065
1032
225
1566
1377
507
1035
2667
1458
3408
1050
1278
1383
1281
2016
870
1194
2154
33261
3471
4365
969
489
1272
1251
843
1119
1185
2103
1530
1557
963
1599
1362
264
1608
1278
879
2832
924
558
864
2256
2208
588
2112
1548
2574
3774
870
975
1206
1140
807
885
867
1605
13089
1209
963
1848
71880
3342
1395
38802
228
1038
1398
318
1032
1533
1482
10983
37020
1614
1068
252
945
273
990
1773
1641
2433
2187
2550
3213
15732
1461
1608
945
231
909
1392
43569
1764
1221
1398
1542
1221
1545
20109
25035
873
1194
4362
945
40470
1851
675
1611
1035
2427
2103
2721
267
12897
130038
1023
1218
795
9819
1035
20937
2553
264
1431
783
888
321
1773
25023
1533
1953
1122
957
2085
885
1224
2121
1128
966
2325
1284
1686
1041
2151
15306
1359
27018
1062
1146
3093
1197
1215
2484
1128
1563
1308
1944
1059
234
954
792
1311
1299
1434
1122
948
1038
2313
2280
5673
1572
1191
1647
1707
1635
318
954
183
21612
1452
1803
966
1218
1470
1548
1035
1206
2325
16116
2184
29883
1368
399
1308
1128
2490
939
1614
1305
23475
894
312
972
1128
207
29325
2193
1374
2562
1215
981
960
885
41952
1734
10515
1764
1974
885
3294
8850
1110
3159
3081
1209
2448
288
939
1872
1056
1131
1056
3333
1290
9771
1113
2163
810
2424
1278
873
963
2424
1284
11601
1203
1629
47211
957
429
855
1344
2514
882
804
63246
1461
1287
2454
1002
2865
10326
21846
1047
1050
1113
1608
1536
1041
966
1149
1296
1581
1443
53691
2982
63726
1614
2103
3456
21708
3342
1194
11514
798
2127
2643
879
2061
1515
2034
2148
2073
25965
1272
1437
3987
1464
222
3210
2085
297
1194
1140
1146
2919
1758
1131
138894
867
879
1479
1194
306
1764
876
1284
1383
67467
1215
1788
1050
12768
1926
1602
1452
1638
882
8520
1449
1458
1212
3183
771
966
2157
1854
7749
882
1533
1404
882
792
7650
1029
1548
2085
1161
3606
2205
1065
795
1044
1251
1998
56154
1851
237
66255
885
23775
1776
966
279
897
1128
67590
879
1389
1395
23238
1263
1761
1356
2010
1062
1449
2016
14571
1347
30819
1611
1926
1284
1338
1203
1122
801
1206
984
14052
2268
4071
870
885
1224
43446
1611
1029
1095
31671
89331
35001
2223
8157
189
10527
7665
927
180
23337
690
348
72732
612
53877
261
360
48615
180
20556
15465
16158
20832
267
16716
69147
186
696
177
32499
3804
72786
180
861
67902
180
14724
183
6888
209328
56619
285
27795
25902
26205
270
198
18651
264
444
417
32013
186
357
348
103275
261
1023
180
360
510
843
2244
189
68295
90450
267
96930
219567
510
20283
267
58809
6024
354
441
183
867
438
20328
513
58329
684
273
264
10785
192
189
360
39957
342
357
8886
1419
621
82800
7200
183
345
186
180
264
54207
48066
13551
348
372
14259
106248
261
189
180
104418
186
35433
183
267
363
38334
264
189
189
195
21648
351
267
264
2511
270
22044
93234
186
345
186
273
12948
14985
61587
531
41934
351
357
186
82731
174
24588
189
93582
14337
92208
270
186
183
32016
771
267
8994
195
189
37233
5766
843
273
4062
276
27456
150933
51243
273
61101
161025
345
12015
774
273
267
276
186
11541
342
14073
10773
186
345
21573
59406
441
189
435
195
609
195
510
264
183
273
351
5181
73416
192
270
58041
183
600
513
276
33348
267
441
19746
1191
25269
270
26043
516
270
5214
177
423
59973
14874
32604
267
58353
16224
255
11163
180
8274
276
67224
186
35517
177
180
270
195
267
342
50799
5211
1077
270
267
13527
282
78483
14454
183
195
762
429
264
261
31212
32490
5394
183
180
363
177
24996
183
51633
261
360
30015
3162
183
186
186
354
33345
345
26094
1182
1842
36036
270
4023
264
180
49773
106575
186
261
37308
186
110535
351
183
27963
2343
273
61308
264
180
68334
264
93639
35961
180
264
363
1005
78987
11964
3948
40818
225351
189
261
110601
103830
4293
11286
186
186
141501
26289
1194
276
192
12819
345
183
75183
8070
100467
759
264
201
186
189
435
516
441
1350
270
264
264
171075
450
29082
3153
1674
342
528
264
62862
100068
261
52512
261
180
55593
180
183
19752
7104
195978
276
2325
270
25620
11589
264
267
267
38661
15510
6774
186
267
348
29250
186
183
12504
5388
186
13428
603
34017
345
16563
3816
513
435
336
186
186
519
435
357
51705
14325
522
351
41532
35850
855
2166
5733
24282
351
14904
351
276
22770
522
61761
432
264
6432
2757
94473
597
267
354
183
186
20955
1809
276
58800
64362
264
183
528
15984
21777
7791
130944
264
432
71613
351
104073
33030
183
195492
26478
354
837
14226
28029
106635
51879
519
2574
354
1191
115761
177
267
357
85767
195
65772
261
192
32610
45708
3393
678
21510
52065
276
267
945
264
189
435
10521
36873
186
270
192
267
180
38976
261
4800
2586
279
189
11850
16965
186
192
151374
438
59286
429
264
612
23706
17439
56289
189
10446
294
23196
432
510
2160
20457
522
270
609
61323
51834
52791
8328
12396
156282
57645
17253
264
186
276
28824
357
597
267
270
180
264
158625
273
79077
96774
34305
369
14247
39063
537
15465
273
23334
9540
38394
264
342
3963
192
336
17685
35379
1095
354
40518
594
26013
21678
783
186
354
38682
195
132756
15204
71553
81276
15273
360
198
76353
66276
1104
354
279
56175
438
180
195
12363
189
354
22026
519
513
27087
183
124212
435
432
684
189
264
342
186
348
34698
94512
306
660
288
291
201
201
288
378
288
477
201
471
207
387
846
381
195
477
375
291
270
288
207
372
552
927
18288
198
291
27237
201
291
456
201
210
390
198
201
204
927
729
378
294
375
282
192
294
294
201
708
288
726
201
285
207
735
201
456
288
375
480
201
372
204
204
471
471
195
195
282
291
468
555
198
468
207
285
195
384
288
303
822
198
201
270
198
294
297
381
201
816
294
288
285
378
201
831
279
282
807
201
387
288
633
291
192
456
1296
372
204
465
294
732
300
378
201
210
654
195
744
549
198
201
294
369
201
192
918
465
204
288
666
291
738
468
279
387
462
294
918
375
210
201
465
288
567
294
192
18381
279
201
279
207
198
201
849
195
198
201
297
294
192
291
282
294
20643
456
207
282
378
201
288
300
630
198
729
204
54042
195
291
381
201
366
462
750
204
282
552
288
264
201
372
576
204
219
27582
192
303
201
549
195
204
207
483
279
204
291
198
381
468
10419
288
729
186
88167
1371
735
747
201
192
30618
282
1188
213
567
987
483
288
201
201
387
291
561
204
204
21450
291
201
201
534
288
285
288
378
285
567
288
195
291
480
663
213
291
384
555
201
474
378
204
285
201
198
207
732
375
195
462
291
198
210
279
1194
210
288
198
369
291
810
384
195
204
198
201
297
9645
195
210
204
204
372
46254
195
219
723
456
195
1062
375
136893
426
3918
35166
267
432
12858
65688
28278
357
189
441
780
270
354
192
106752
258
525
264
522
270
519
16473
48684
13821
13362
37242
264
264
603
258
35694
28065
8310
522
186
189
264
192
62094
426
267
3579
264
189
429
582
68385
186
267
113799
186
71334
273
42090
186
60084
42948
270
597
1965
26262
681
1491
177
189
273
180
435
69060
37644
939
89655
41898
186
58956
189
354
432
186
195
435
339
270
26139
186
13605
4809
597
64422
438
34149
186
363
345
273
348
183
27948
1656
10101
4128
189
1587
52428
186
10455
79035
939
34662
182757
351
195
519
31302
1263
12648
279
183
675
342
261
9801
177
195438
36780
13371
19206
213
1299
1029
2187
1500
963
1125
2451
10227
720
2547
1455
6735
4551
1122
4833
2535
753
1602
1470
1896
867
396
921
1224
2613
1134
1527
1863
798
1527
1830
222
1284
45138
921
1302
1437
2556
1089
2142
882
1257
2634
1284
1899
1161
26022
1515
2085
951
1023
1392
954
1104
1614
3828
2982
2640
933
1287
1881
1224
2874
879
981
1593
1056
43368
1047
2589
321
1245
1095
1317
16830
1785
1194
2358
702
1122
1476
867
1221
56769
927
2262
1788
1440
1701
885
732
1224
183
1878
1032
186
789
77946
1113
3327
1842
2199
30573
1212
1197
10167
861
984
1278
1272
1161
1302
1272
972
30669
1227
1779
2115
948
1554
1209
399
20571
1305
1311
228
2046
2280
1053
26811
1533
2097
1785
1137
2619
2943
3201
909
1038
2562
954
13830
954
237
60216
723
1872
23604
1125
1302
1317
972
85752
930
1470
2568
1713
1608
1101
1929
1446
1899
2301
1023
1104
984
1695
1023
267
1107
1458
1788
2538
16161
1683
867
99099
1539
15900
1962
2868
1209
1119
1059
975
1626
951
46677
1389
1032
915
1995
1842
1092
792
351
13254
1032
1872
1293
26418
3171
1296
870
52875
12066
1347
1035
1644
3504
804
855
549
2400
897
225
56097
1026
951
1278
801
189
846
1944
1068
1293
3123
1806
1563
3768
3126
2619
1131
234
1830
36939
2484
978
942
1287
1686
789
1047
1764
1044
1446
1017
855
723
1341
1038
186
1440
1422
318
1356
954
1326
957
1218
1188
11373
723
861
1038
1785
29913
31362
64080
1272
2355
1128
915
2238
16227
1269
28365
867
1875
1605
1041
1356
16749
1194
858
56646
1602
1353
804
1149
303
5844
873
1536
783
1452
1104
1989
786
2037
1137
783
4596
1158
3012
945
1473
64347
1224
312
1497
1002
2028
891
954
1689
1116
1035
2358
1311
471
2262
23844
801
1290
1038
18105
1851
402
1641
1143
1128
1413
2616
1341
3273
1545
894
885
1374
1857
1611
237
1935
2316
72642
45009
1419
885
780
1620
1380
2727
3021
87504
1428
2730
2523
933
3180
1608
1461
1602
807
402
1443
1290
2847
1125
2997
3339
1869
1446
78312
960
2523
7536
981
321
91848
1221
1125
1044
7992
2109
1302
1176
2451
237
870
2343
1377
771
2607
2676
1290
864
792
1203
849
1677
24714
156
2088
894
10116
1854
234
879
1419
1071
1446
1329
1104
2385
783
240
873
1221
1611
1119
876
2085
783
1278
1323
1974
1197
393
1374
483
2298
1047
49269
2340
46827
1434
1929
2850
2535
3969
1404
1470
8121
999
2733
1029
9564
1557
1878
963
1176
978
1098
1716
1080
1110
1368
1551
23157
1599
1119
1455
6228
7413
2349
189
1032
2085
3858
1059
183
1008
48519
705
15840
1443
957
1341
1293
1176
306
879
1350
38445
2325
1698
1590
1845
1575
1383
2781
32532
1938
1614
960
1365
51891
10788
1617
1785
1284
2010
1215
1971
2172
1371
1896
1560
4059
1017
58083
927
1500
22134
1110
12003
957
17664
933
795
1248
1332
1062
948
1563
882
2796
1134
1377
29580
807
1035
1605
924
1137
1374
1389
948
3219
1719
759
2610
1410
2160
1608
98133
2409
1317
990
1224
981
186
1200
1845
1884
1524
1380
1233
1860
1347
1707
1260
3744
2097
858
1128
2031
402
945
1368
2493
41922
1782
474
1464
1545
1857
2175
1281
1944
1617
1332
92415
1839
891
3183
2811
19269
1041
2562
969
186
2004
960
2718
696
2508
16095
1284
13872
1632
1440
2109
1272
2052
948
27216
780
29637
1029
1128
1122
846
1884
1128
183
1086
12033
1689
315
1713
966
1479
1203
930
720
1539
1824
2541
792
1053
15063
1047
1062
4065
1887
1065
489
1125
1950
777
234
918
1068
13071
5094
891
1356
891
1116
18441
22674
957
1845
795
1611
1293
42081
678
1461
2253
1968
1026
3978
831
1290
2517
2313
1305
1377
15207
2550
873
711
1110
324
921
1338
1218
1281
5514
954
13338
1950
2193
1116
1125
1464
1017
2916
1860
35529
2592
870
1866
1281
2817
7698
1044
2181
1629
1863
1125
1350
861
945
1530
1707
2106
1341
1482
2649
2094
1038
1368
2658
1842
234
927
183
1041
1536
243
1026
1167
1446
975
1368
1317
2535
16869
1785
2028
885
2082
1098
2184
1224
1542
3681
858
2982
1095
2277
7701
5334
1032
915
68652
1122
894
7893
915
1422
1119
480
2208
957
792
1542
2373
3060
1446
52866
1380
31434
1431
963
1377
1773
1116
2373
2817
2409
1038
744
963
1014
879
66834
921
96666
990
876
1326
2361
24147
957
981
1536
9345
852
1935
4173
9171
2382
1611
1176
46515
1122
957
954
1233
2682
18993
4149
1803
136941
780
1287
1287
1599
2190
19893
789
483
1914
2592
1512
1047
1197
705
1050
1623
1626
1563
1320
1155
813
1059
7092
957
1035
1983
1314
1791
897
1362
894
43605
1272
1392
801
11376
1770
1383
1302
37281
1203
39483
14004
1554
1521
40656
1263
270
2916
855
933
687
1863
792
7380
1116
1113
411
1254
1695
1047
183
1041
1284
2664
786
17712
7839
1635
558
945
2280
1686
726
1128
1386
1617
870
206403
960
957
2025
1269
1503
1017
1494
789
16281
876
480
1032
6627
1089
777
690
1023
183
1509
414
1368
40866
1329
948
585
1611
1086
1464
795
2331
1512
999
1050
882
1299
28776
309
960
33984
72747
1200
1077
2019
1056
1227
20433
4008
1176
1917
1032
1890
1623
2775
3183
1458
834
1554
3546
873
1287
1533
2262
3084
29997
873
1110
1230
1020
28701
1527
1185
2148
1446
1296
1143
2028
1776
1050
257028
1392
14280
6492
1851
900
936
1356
2631
2835
1167
849
723
1536
402
49008
1131
1359
2202
1197
1512
954
1383
717
870
1293
2109
1866
3495
189
1095
49836
1323
1278
34683
1413
963
1383
1662
1125
17577
807
795
1761
1374
1101
2190
1671
1506
1155
1179
1023
1152
12516
1110
16227
1590
282
1566
88536
1356
1032
1521
20997
732
29301
1539
1035
1278
948
858
876
960
1020
3126
1440
1278
3942
1194
876
1098
60471
1041
2253
2196
1122
1407
1206
1365
936
240
927
2769
2763
2742
55347
714
43227
954
972
954
216
41436
1440
91581
912
1008
1197
1365
5994
483
1194
34338
1017
2373
1821
2010
528
279
867
1404
1029
693
2229
50505
903
1119
1095
1776
354
1950
2526
8760
1365
1095
1131
4365
867
1686
52032
1284
32181
1251
858
1050
687
1197
86199
1065
1722
16437
44100
2589
11193
1635
18939
24591
29406
1218
1089
1776
15771
22032
306
1362
28281
1350
1167
1239
27264
1401
924
345
80922
1761
1953
960
1464
765
948
2256
876
231
1068
1944
2280
930
2856
7047
1164
17823
1089
1848
939
924
1782
2370
708
74280
1923
1704
1206
1350
1503
2790
30579
2097
918
951
1368
1902
2946
1659
1449
813
267
1128
1011
1224
1275
750
2625
873
1746
885
1371
1047
1497
13092
1371
729
861
23244
867
1467
1311
768
1695
1569
480
2343
1554
1767
1518
1761
1200
1536
86670
1287
1185
1287
1524
39633
3522
4293
3612
24675
840
1368
1140
1113
186
873
1209
912
1302
1029
1350
3603
1791
1584
1347
1104
1023
2610
1122
1446
942
1563
2874
1056
64101
261
1005
1212
804
2595
882
783
1890
80235
771
1008
1470
1095
21126
882
1965
897
45009
1623
1521
1734
1749
1278
1779
1137
948
2781
2430
969
1452
2340
14208
966
1692
1044
15876
1026
894
1386
1299
2694
2490
777
234
957
885
2253
15516
936
402
3669
2925
13551
1431
3564
717
957
1863
783
1038
807
19923
1833
1791
2529
1287
1122
1020
58314
1113
1119
1107
2505
858
1440
2607
2658
83919
1206
38454
888
49548
2340
1131
1113
954
1080
1140
41001
1341
3876
2298
807
1014
1614
1716
1047
1182
51228
2601
1515
1038
1491
2871
1212
1830
2769
1119
1446
1128
1518
1125
1377
56289
41271
1191
36708
2163
1368
1194
44931
1191
1326
2904
1032
1107
861
1062
237
1029
867
1755
942
1125
3270
1953
1176
2037
44670
2193
14451
38079
882
1134
1131
1395
101364
6549
1038
1872
1119
528
1734
234
104088
1200
1137
561
2094
1545
1224
3216
1008
2112
1131
1467
966
15066
2637
960
1296
1107
1845
894
1299
1395
1110
2184
918
1050
897
1521
1299
2007
2103
1038
915
1215
1902
972
1296
957
315
1119
1626
17706
771
2751
963
1023
4143
3210
10785
882
3222
1881
1794
1290
1836
237
1053
216
2724
11781
1116
861
71256
1695
1047
927
1047
1749
51483
1896
399
1299
861
33237
2196
321
1596
1959
1047
1827
2208
71160
1065
897
1380
3090
1623
1014
1119
774
813
957
873
213
1272
1563
810
1434
1257
40353
1023
1245
933
1602
1218
1116
1107
1023
1287
1356
1785
15459
15780
351
714
1389
1044
27342
22482
1020
1074
9078
1128
95532
1029
119640
1200
2229
15186
1200
1359
1212
2229
1650
131886
1551
1278
1440
1413
1425
1590
816
1629
67950
1080
1650
1368
1410
1905
1731
1437
1710
2238
1305
1998
1422
1278
1164
1407
1185
94680
1242
1335
1371
1380
46236
50745
1275
99030
2178
37704
897
1260
54330
2178
1389
62796
1425
1059
1179
42333
1428
1029
172260
1728
2616
1452
882
354
1215
1149
1809
1149
735
867
1194
1212
92349
2385
2130
2217
1095
1497
1503
3096
2673
9411
17664
1185
945
1218
36531
96546
1344
1587
23490
2088
1050
2601
930
1464
145485
1227
888
948
2091
1137
1950
732
1512
741
1047
1269
972
2298
2241
1272
1410
3702
2613
525
1209
7236
5301
53502
1014
1851
2268
312
1521
2058
1896
1059
1113
2121
870
18264
4731
3462
1302
6414
1110
21102
2691
855
408
867
1467
28080
1107
2001
3624
873
186
1035
1809
2214
1071
858
36063
2079
2277
1872
4359
8601
1455
696
1101
1530
1119
1104
2718
1203
1110
1317
951
2025
2124
246
1437
870
1173
1527
24597
2229
1185
2436
957
91965
1008
1509
1473
62781
1281
11205
1266
12924
687
858
1293
1818
1977
1710
2991
1011
2727
31359
2103
44931
870
870
3447
768
46593
1446
1014
1029
1005
6948
1662
942
1701
1110
1716
1302
95712
1290
780
1467
8334
219
8817
1134
690
2592
4134
897
1458
861
2688
2067
2499
963
2451
36906
3027
1104
2574
2361
1107
879
804
1047
975
1518
876
849
1302
12759
1194
58053
1869
1038
1962
24930
4179
1773
1005
939
876
1998
954
951
342
2766
951
1458
1170
942
127209
21108
14520
9498
948
1530
1692
1305
78099
1215
109113
1785
1614
972
1356
1152
768
1209
2097
1203
1461
954
1311
729
1452
786
20961
1050
2109
1776
390
942
894
429
1461
39447
681
1185
1212
867
2187
59394
804
1632
1458
1794
1791
693
2538
951
1224
9519
585
855
1614
861
34161
1041
1311
3342
1419
852
1446
960
954
1416
234
756
10302
1341
777
939
1017
1107
41769
2172
2460
1392
1056
885
1857
2100
49206
1443
7836
1212
2745
1374
1671
1269
1542
1359
1827
1119
2259
1581
1119
2034
1131
237
2436
1506
1029
1710
1059
945
1272
3444
798
765
2919
86655
1968
1200
1203
939
777
693
46392
1197
30828
2916
297
1125
228
1809
1287
6564
1140
1029
879
1080
1389
573
2205
900
2766
8937
2442
1194
1461
8475
1779
1365
1038
144546
2430
1014
882
1272
206766
1731
1365
1116
4095
2319
40395
1329
1611
2193
1299
1356
1149
1023
1041
2817
963
31143
1386
1272
1215
1908
699
3057
1356
49827
2424
1308
729
855
1104
2028
1938
360
1074
1200
5652
1143
1056
8055
2178
1791
1257
1368
774
969
1119
116970
2250
945
72945
978
1038
1689
1506
231
1743
1800
705
729
876
927
795
1620
918
4974
2037
1122
1401
351
1353
1026
1485
1113
963
1110
876
1395
1059
1110
2193
60888
957
2043
1293
2619
471
1020
2097
1467
1608
282
1197
1047
1932
918
1185
1032
813
1527
1134
1428
2142
315
2778
1284
1050
1902
1131
354
1620
2244
1032
1038
1551
1218
867
1101
1284
1467
978
1044
894
2091
240
1143
1281
1200
1512
1587
1029
1683
2004
1857
1185
852
2862
1284
4248
2442
225
1770
789
1482
1116
2178
951
1140
1761
1902
1137
1374
2637
1608
1440
40161
954
17070
1119
876
1122
1878
1044
1206
88311
2319
2430
2463
2277
2037
1203
960
2106
3912
3054
2424
966
24570
1374
1110
7770
954
2061
15264
1116
1047
2022
1788
1119
1047
1146
303
14907
1521
957
2253
1347
58317
300
1551
2784
1365
975
1449
2655
1359
1197
16503
2289
1224
1134
1941
1452
1794
861
3927
1476
726
1743
1542
22587
1131
915
978
885
1716
57552
1044
1053
2259
1173
3222
321
966
1140
906
2544
939
2574
1707
2286
1371
234
1200
1536
1647
3249
1350
1275
1443
2754
2007
1440
1506
34161
1047
264
1191
228
1521
3312
807
1083
3861
1023
1134
1605
1287
1128
1191
879
4887
1539
1206
1119
321
1347
3150
1506
2331
2604
1464
2244
3012
402
1293
2667
1350
1368
1125
954
792
1446
1647
11265
2022
954
945
1377
68703
1368
249
1458
1869
35463
2448
879
2928
1263
1065
49947
2004
2145
1950
1044
1812
867
393
1971
2772
954
186
17961
1383
942
2532
1044
45702
1137
1137
1692
828
1554
22683
23469
879
942
3939
1113
43122
2046
864
1698
1458
705
318
2268
11025
131736
1353
792
12111
25800
2088
1128
1179
2145
1092
23055
1116
1293
231
804
861
1944
1290
1119
1395
321
963
1224
1182
1068
1050
951
1344
17571
26856
933
1713
1608
2751
1206
789
4215
1728
1308
1302
1149
2361
951
1128
1941
3405
2031
804
1029
1287
492
1302
1698
5898
1449
1575
1971
1140
2364
1806
19140
1509
1617
1233
1197
1143
1695
870
1461
1779
1758
14328
1008
357
1260
26433
1512
2463
1533
3228
777
660
1224
1053
21807
1560
2538
975
2283
27528
2850
1116
1002
324
1113
1212
792
891
1602
41301
12735
2082
1800
1761
2247
7590
1020
2934
1950
1572
1035
1227
324
1962
1119
267
1131
2115
1602
1422
396
1599
1296
8271
804
1449
1614
2433
873
945
1143
1443
2769
13380
969
1116
44034
2385
2373
1041
1437
1455
2025
66195
807
1350
1146
1206
291
807
7374
1848
18864
1476
951
1518
975
1929
1149
876
2271
3474
1356
1107
2097
51483
1188
1224
63324
810
318
1491
1620
18897
804
237
2319
13149
1764
477
876
2628
1047
2544
1347
876
2151
2166
23994
1620
1284
3174
1284
3513
1611
3243
1068
1638
1353
828
885
1296
140787
891
1218
873
1872
876
1110
1380
1374
65922
1536
1194
1533
972
11748
1194
1122
1545
1608
10632
1044
969
1125
2832
1191
2814
1122
9420
1188
2127
1860
792
1869
4953
1353
1614
1218
1461
1302
966
1068
1725
1521
1113
1140
981
59124
3063
64584
1365
25791
2331
2361
873
1926
65496
1161
2106
963
1335
20988
777
864
2112
1119
1542
1125
2442
1131
12096
1923
33186
1380
876
1503
1692
879
1041
1104
1113
13905
1521
1935
318
2355
870
1953
45537
804
3099
1842
1188
933
1593
1671
20880
1110
561
1062
2184
2124
2922
1098
2118
267
5724
858
1656
897
30969
2115
864
1209
1197
5232
2526
23949
1731
38553
1092
972
984
2046
1356
1299
876
933
1212
1044
2202
960
1842
1131
1530
1050
1539
1509
1203
1020
49299
1167
2169
4458
2106
1860
468
792
321
2508
1689
1152
1626
1206
705
225
789
2019
885
2610
10797
1065
1200
8229
1296
1761
1362
1530
63144
1782
2175
1113
2517
840
5226
231
1215
1206
474
1212
1551
714
1779
73005
1521
13287
1137
2610
56421
1023
2271
1827
1032
1230
1608
6750
807
29616
1500
2592
1221
948
792
1746
1029
228
1926
1119
1950
1122
2559
2505
3234
1059
1686
804
1053
14943
23196
1458
783
966
1053
1614
966
3000
3117
1035
963
1611
1779
795
1683
981
996
804
315
2115
1542
783
3498
1368
777
402
684
1059
7164
1914
189
1026
2856
38472
894
1983
37695
1440
1368
852
612
1446
1692
32775
804
1020
2313
1536
2100
1122
1446
2484
954
1014
89829
1524
3084
1104
720
267
37365
1620
48060
1923
16176
1272
891
237
1779
1029
59691
1944
1035
963
1776
270
1278
1668
20535
1368
85050
963
963
1677
73233
870
1044
2520
969
3582
51690
8559
2280
1119
11559
969
807
1035
2274
1029
798
1929
1533
1119
891
2106
1374
1041
2337
954
1878
3249
1743
1035
4563
2415
1362
29991
1518
1047
234
1944
1293
963
885
810
1062
1050
1992
2499
1056
1122
1779
876
735
2043
198
1680
1023
1752
879
3858
1029
1380
402
2172
1752
816
1533
885
1611
2748
2007
1041
3093
60030
1131
1296
1047
315
1146
1296
1974
1533
1473
19185
1122
2088
804
2700
969
3699
1329
246
1476
267
1635
1923
513
1836
1053
861
1449
12051
1128
954
969
2511
1140
1941
2184
969
324
1587
1866
3927
1098
1236
1269
1260
1062
1458
1323
327
63690
966
1548
39993
1278
1686
21744
1185
984
828
1608
1707
1437
2109
1122
31914
1266
2943
1029
2040
2163
1527
1113
876
3177
1821
2061
891
1938
1374
1356
1038
2979
180
996
1044
3273
1350
1041
75036
786
1023
264
1308
264
2637
2940
37041
33963
2247
2100
1809
3594
1221
1200
942
1284
2067
984
1710
960
7974
1518
1035
1206
17232
240
1305
855
1938
1029
795
888
43143
978
870
1593
11511
1179
1296
16800
1686
1713
1134
954
1440
978
4491
1395
3714
1545
1029
1281
1125
507
2001
1314
19533
1353
1044
1035
23709
1383
1047
789
957
2025
1452
1617
3993
1176
1386
20379
1038
1698
2118
10032
1449
1515
2280
1464
882
813
2460
396
966
702
1296
885
1050
1146
1920
1842
1854
1278
1428
1206
3141
402
1089
2643
2289
318
1035
1842
957
957
873
1110
