1f:0:0:0:0:0:0:0:0:0:0:0:0:0:0:0: (total 5)
0 1 2 3 Thread 0 going to cpu 0
4 Thread 1 going to cpu 1
Thread 4 going to cpu 4

cpu 5 cur 5
STARTING...
going to barrier (cpu 0)
going to barrier (cpu 4)
Thread 3 going to cpu 3
Thread 2 going to cpu 2
going to barrier (cpu 1)
going to barrier (cpu 3)
going to barrier (cpu 2)
STOPPING...
Duration      : 10001 (ms)
Acquisitions  : 7585448
1182
67504
1692
226
864
306
1114
254
926
1626
10698
1062
11716
716
4394
560
20294
47718
574
238
2156
1990
1408
284
1070
2826
248
576
1494
50406
2318
708
738
2290
1228
1154
676
87618
912
1364
234
668
2098
39958
564
59460
696
700
604
2014
832
3880
2344
2032
244
710
594
1606
1276
698
684
926
1686
710
566
664
143720
898
1000
1002
2292
554
254
252
562
2124
31428
1080
1020
2314
4472
914
2262
570
1062
910
25094
562
6972
270
1820
3482
2966
250
3678
260
708
564
912
3692
838
564
2082
3438
708
2216
1062
1594
584
914
1924
17278
1732
1026
834
246
578
13182
1062
758
1668
1464
900
682
926
1034
10288
1604
1182
1590
1548
95796
1580
1564
1054
598
2348
3734
61096
25652
1324
1260
29580
664
2236
31350
1610
698
254
21812
680
252
105090
252
2476
1076
708
8270
908
1738
2478
64
234
844
1010
2424
904
572
36808
39622
250
3344
720
1590
1030
256
1224
1400
700
2358
96520
1916
2078
1394
1256
1526
1042
730
1232
674
282
2262
254
26170
11826
2690
125100
33136
55632
22126
566
558
572
3516
1078
101540
264
1964
1390
98342
256
33678
1224
5482
716
20708
80848
23588
2076
1276
17326
6544
1460
1898
12654
1110
15908
7536
90140
15676
36432
24564
8572
14478
34988
29750
1596
53432
1470
1544
1080
17740
4100
1760
8012
3232
52714
712
4790
13204
718
14472
248
15952
50910
1254
1598
564
67610
51894
15004
906
2652
62170
1816
15168
5006
250
1904
4688
684
12140
1438
1280
2354
24990
558
692
898
556
262
676
22708
12568
12920
2254
5468
562
35442
2800
26562
12178
1462
1934
26214
1354
1616
4658
558
2760
59832
9580
9840
1536
26096
566
51702
256
1060
4074
11598
5564
5518
704
1460
2054
5754
77502
16794
1454
1612
19194
31572
1114
25476
25828
4320
3200
38726
32990
16564
898
1760
66250
2216
66974
1040
800
884
11130
3830
246
698
16670
246
30718
40364
1350
2306
13782
256
1698
14396
36756
47680
674
1036
10280
10994
8164
1268
254
724
9434
708
2042
690
27390
1278
1254
7892
576
1102
866
26372
10112
1154
1598
928
588
576
702
30980
552
14262
2358
572
1436
1340
11340
270
690
2348
1048
1022
906
53510
30170
3084
3302
10756
1390
1804
2678
3970
214
668
22066
8618
31628
254
3588
13180
26804
234
84604
13130
1940
11624
3770
258
1024
568
248
25068
31294
916
672
582
3880
2910
1368
29084
25134
2978
29700
1684
250
562
8910
288
135222
1248
57940
11422
19150
25114
732
19348
3666
242
6880
236
13054
47360
1236
15052
30622
1406
570
18886
1010
1048
800
13506
13360
580
24676
62200
624
1894
23126
908
11738
286
704
1684
2050
3284
2360
60882
1464
1132
292
260
248
15412
58620
31406
1396
24884
34302
246
248
16612
1028
2432
28392
3020
11130
248
37554
700
89858
11692
9472
680
1114
2692
922
4822
2122
252
38496
35872
51126
80904
3356
7710
2536
1352
1050
680
17998
63642
568
1930
11136
672
3226
1116
3196
580
1126
26026
14758
1270
682
578
708
39938
246
2970
1116
672
50506
8322
10044
2570
674
23152
706
20254
252
6876
10320
1010
1128
1042
3636
42840
19520
570
3384
11532
40458
17312
3452
14064
286
5628
566
2138
2852
1048
234
1052
1246
2404
672
5004
704
678
33422
14226
18932
59374
6986
1456
1760
1108
568
1058
3426
57326
666
6472
5484
246
924
1120
37298
5976
1360
2382
234
1454
2150
778
2624
544
20422
238
4102
85984
1948
1020
1122
5912
1424
248
1360
1214
20396
6556
1130
36612
29264
248
30198
284
724
21766
2462
260
6326
714
2602
4686
560
246
264
912
1604
2274
4044
3100
280
20304
29154
896
2000
1836
670
1036
15142
1896
1456
23600
932
3026
706
248
1916
3872
716
720
702
1584
1114
1354
2220
44372
56534
1478
868
276
101834
1368
2360
1138
119970
63554
5488
1458
10350
8470
1078
5504
892
1802
2250
1942
27848
920
2598
3496
722
14940
20352
1612
272
1016
248
250
4680
922
1910
2040
5770
884
33126
20676
254
264
43080
3586
24578
5488
64
9068
23374
6104
1474
71246
908
3130
912
119920
5686
260
10628
680
11662
12494
684
8188
1248
4082
706
19646
1546
4330
4888
276
48932
82238
3418
17126
1726
26350
17390
24254
916
562
580
5882
45740
5232
10104
2422
856
1006
246
1046
1018
16606
69370
26894
570
1044
13064
17986
8432
1840
224
2612
684
69034
40260
17292
5340
41282
19994
578
1020
61070
1102
696
1338
1128
572
244
248
720
252
1236
294
254
264
692
1578
1148
252
1800
1144
1350
1398
1546
2350
574
1484
21714
264
2726
10462
3754
1030
580
920
7888
714
2116
1104
13722
3696
554
676
734
244
3214
252
1048
750
818
252
1842
3012
1144
1882
604
1736
4596
2678
576
256
2228
2588
1392
1256
1258
692
676
702
1788
254
1146
1008
2564
2272
572
2426
920
236
2110
15356
2148
2004
918
29872
2476
720
248
1028
240
1116
32914
920
702
11712
3368
1050
2952
1942
822
570
710
540
716
578
688
2028
2188
1600
79536
696
702
778
934
1636
1060
582
2420
1142
674
1070
1012
576
686
262
3146
572
3062
4244
44894
248
566
244
596
1050
1256
914
572
1396
25052
11264
1040
670
1188
576
1936
1680
688
1936
1356
1244
3788
39456
666
1044
2150
284
682
4848
242
73142
1816
1026
566
568
1392
820
28538
1292
1454
2366
578
1580
716
2960
2328
266
47620
676
5372
42446
560
250
1054
3354
2444
1616
1394
1164
238
238
948
3270
250
832
7184
1046
256
2496
1702
570
3622
21314
1586
1746
256
248
29072
13066
2150
4800
1466
256
3316
25188
64810
284
258
710
736
1602
5064
782
708
30384
698
276
6634
3650
274
262
3434
1580
680
11260
228
79734
678
1948
1240
712
960
1050
938
16798
578
2168
2162
24702
700
898
1644
3024
82
31526
29072
42716
688
52570
21904
1908
107394
1080
1124
13644
1606
77346
97034
2712
56890
3266
10788
1374
28326
68
82
58128
1256
1274
7328
11900
1018
17954
578
720
19986
47606
10052
11522
59108
1548
4220
606
38048
1692
1048
1980
1948
1224
15254
574
1380
720
1728
1048
714
19608
668
1658
4554
6354
568
692
1044
726
138198
67166
28476
2442
2288
16790
6708
1772
8894
11720
30098
3702
43538
82922
908
16014
8782
1564
576
35156
714
28414
88426
670
992
21854
90508
116728
1822
50032
53468
95424
1362
1738
16512
836
2366
3500
21460
1058
60434
4084
5134
26430
6642
1050
38944
8134
102752
1258
40508
34818
43376
12344
14306
1366
700
39366
568
36168
5736
1612
56410
3794
44034
37906
1116
920
1986
2054
64
11878
2368
4876
3706
37558
914
3322
20924
700
10360
1054
4326
86468
10288
8342
53528
7682
1512
1434
2054
76
2892
44660
30268
11004
76
76
78
1618
7318
1028
1118
49314
3986
9350
26628
1058
2682
52894
1588
2174
3456
4720
5318
132524
3354
23942
43818
1046
938
1046
38372
1732
25796
1484
704
39304
22780
69646
898
1456
133510
64
2802
1516
32884
578
786
33736
5044
26798
16086
23966
29522
3018
1518
568
33436
2216
184606
566
12602
9334
26762
4336
5506
582
34378
19490
3136
64
78
1242
1950
6368
21622
580
29476
87980
11706
1002
24212
3114
66014
2544
201118
1296
32238
9260
3158
7936
2014
27672
19038
35610
2118
1362
1612
99064
21184
5324
21412
696
582
2516
2434
2372
58872
6416
43200
3454
708
1428
2938
50494
958
5002
1224
36352
568
1044
2882
221950
560
1028
23242
26194
716
1694
1086
3332
8772
24520
43626
79408
796
2792
12422
3328
5984
994
70824
544
666
1458
32748
2666
45648
3938
1474
26024
2498
8228
2106
3640
1448
696
2884
87386
13774
9030
572
42938
1542
82896
702
62
78
8704
5154
78
2686
1624
1234
143610
84038
9942
866
56760
3032
1214
1618
696
19904
1994
4606
62420
30456
9570
37516
52840
50280
1226
2222
11058
32724
13444
2918
30172
2360
1350
1404
570
3704
950
3334
89662
706
1782
1330
126188
1280
35076
578
15152
1252
1066
26408
6590
19472
1680
576
75984
34566
19482
39282
2642
65882
12102
1974
2712
30028
2452
1132
1366
2394
182016
2712
1256
730
1072
1046
82294
678
16422
694
2728
896
682
63674
1452
708
1258
932
930
174030
4096
1598
1486
51990
938
26956
3496
53638
948
1392
1630
25032
1944
1468
34980
1252
1278
1708
145858
66428
26356
1022
1606
1306
1892
64388
11858
586
40104
584
37826
676
1250
55174
3902
68
55548
71558
153130
9634
1256
55122
1498
688
12256
912
1256
93012
1394
902
672
1268
694
1958
1262
19972
39878
43416
7750
5104
704
3570
1080
1724
5436
1166
36184
908
32512
564
12052
2190
2600
2234
29316
722
732
1224
138976
712
7948
4322
1626
8700
1824
916
580
35266
23922
3330
12844
12990
950
34036
1274
76446
1610
4602
1774
3086
42452
15650
9200
39584
612
2382
7392
62692
2336
1020
9076
27154
85012
85132
1322
45150
3806
10462
1610
2454
3408
3012
702
2734
90852
1582
702
51300
36886
19686
26738
1374
896
16642
2668
1668
31546
19926
2712
1630
84830
566
1214
140688
79496
1266
64
1024
1062
5764
2456
32194
24922
102492
17838
1298
77428
722
1598
43422
78062
69800
34592
738
34232
10642
16154
3712
1114
558
714
23150
52808
48644
66096
8972
90810
23416
568
64
76
18806
6340
33192
674
888
1620
1168
1130
930
3808
1242
1868
81442
165160
12882
720
43544
11336
15118
7184
14202
18922
34356
906
64
78
2912
1952
684
10442
39528
6014
33540
128548
5322
41932
578
90122
1244
71454
1300
7302
22918
51292
103156
1026
2144
588
23368
38528
59060
41972
30592
35802
5572
50148
56332
32094
1214
56490
1054
8606
68186
3530
30056
1856
3200
3456
106528
1820
31892
20040
73546
38620
143196
11558
50446
33688
15490
1486
23672
3860
2908
25944
914
2952
6040
76966
1594
578
1810
95168
66342
41584
1250
39878
582
197808
68074
5330
1258
76
34208
30364
52064
902
13942
1494
28434
9548
111146
36564
88178
3232
125872
1066
580
27088
2248
76
76
40280
32492
1442
7432
52486
105958
26794
3182
14930
36148
4726
119904
36604
63270
19648
18448
1592
41636
3090
24286
97556
41572
76
1760
1346
35332
3500
1390
42438
578
690
43236
1926
99368
34598
8618
12490
22232
58552
13292
4030
588
39006
684
14496
3124
3372
2948
6882
24172
76
702
1512
81088
8650
3764
47104
1636
1690
31960
22534
51492
40164
50280
1268
38714
1474
13580
950
2392
1548
3052
1116
12734
15234
72578
12408
5190
2594
580
73152
107394
9812
21350
692
584
10518
10106
3106
13672
80
78370
2388
78
76
1594
39094
1492
31544
7470
1138
908
5346
580
36766
21236
3388
82
80
78
78
1748
1056
227872
5026
1184
262184
21844
2230
56492
164672
30696
57894
78972
3726
38790
5312
99588
122946
176542
580
156844
1024
123168
12238
17094
20466
76
2044
155060
852
243860
3468
584
1486
74428
52948
179748
580
7054
1490
2534
1264
1580
4152
1250
916
131644
95574
28574
1256
3918
76
111112
185366
268776
62146
96436
6252
2788
902
3104
2326
117896
53938
2274
556
2248
66004
1242
8720
1230
86376
2220
1272
37492
6088
1470
19650
10508
1138
1266
1890
10128
76
1350
1012
31204
6178
13312
7914
3370
50724
8900
118530
81226
25478
2250
43610
708
63724
159252
2612
27228
1480
1954
100382
53336
38354
890
918
2546
1878
58518
706
50772
654
1942
39500
1610
1442
50114
902
51504
2694
1804
940
1408
894
63172
38194
2280
1074
29688
844
42922
2854
1470
38528
21848
2140
13038
21660
30738
3186
15614
51276
2146
11042
1808
2034
918
3190
3436
930
2860
2824
14882
18918
1876
4000
716
12338
2870
8704
7032
716
1610
30708
1254
59138
1404
710
11660
1224
716
1994
80
3520
1448
1798
922
3262
1940
700
65478
4590
5542
2384
113238
24562
30598
16824
16410
1058
64
62
5140
25978
46806
25434
1022
1034
1390
64
8768
22828
78
78988
76
64
2768
914
67066
15308
53632
1616
1364
17158
66490
80
76652
13502
7974
8466
12318
878
1006
4250
56320
102474
35866
16210
1816
37930
1118
3952
5488
76
1230
2472
64
570
3660
20034
53004
716
10840
6944
64
76
124408
5224
100668
914
50408
1256
1806
155418
76
64
40764
31588
3682
1380
14310
52528
2596
66
74
18110
684
40312
3482
20332
11502
1068
27730
76
76
65786
98454
32344
196624
1590
1368
1648
92386
25504
40734
61024
134984
1642
66
66
201116
1714
1558
78528
22390
1044
1870
70736
76
1540
93112
1060
3202
7906
24930
60604
28674
143262
74
1234
76
76
76
92646
1358
65388
83182
896
94038
28848
40852
47584
680
65452
73066
76
2392
700
2680
76
21364
27076
78
2908
8480
686
564
80174
664
21778
706
38110
76
1020
878
11218
108848
1712
32510
76
64
173370
55214
28138
2128
1020
78
62
2708
76
64
41242
1584
41020
5446
2054
5880
2198
9390
1426
4168
1032
63952
36390
14264
64
674
71132
7590
1256
8122
87266
56232
17420
5356
2894
95112
2154
61606
76
64
20570
6842
1230
11388
14672
702
678
1034
1938
912
2214
908
36976
660
12268
32004
1612
21192
19874
2186
64
25128
9810
1790
18726
16218
5276
1348
680
10056
35896
64
1232
29868
5390
71420
48588
36836
34126
78
33440
26376
65476
134506
37822
1246
37292
13516
8814
1454
1576
27090
698
22530
1920
107520
17114
2028
28278
8340
61440
48034
1450
13808
2550
1062
4700
64
1460
96728
24076
132702
1584
87890
46714
1782
5750
65636
580
7342
2032
64112
76
1118
5264
716
1016
12124
70134
174414
74
2718
64698
1338
133268
7948
690
78962
2236
1854
5606
8970
1862
2204
55360
49852
1038
556
1010
19878
11800
69172
64
76
45462
3372
44512
894
2184
35506
1362
71592
6794
116320
702
1042
13596
1354
4204
702
12346
15330
27080
31520
76
64
2258
10442
834
64
3658
10396
16858
17286
18038
2084
1426
33968
19042
2782
64
76
76
64
6420
33032
724
28548
682
39766
79670
16878
90446
64
1592
19678
696
7016
34066
101566
25844
1612
3368
5948
32388
4624
1732
18622
1666
76
38072
17540
1404
7550
1938
13824
2518
10658
2136
67056
1002
676
78
76
63196
3616
71334
20332
31340
66
76
1654
4470
18638
2266
17830
1396
11858
62
78
574
700
3568
694
13770
51596
66
1918
62
78
76
562
62
78
62
66
93714
56568
12914
58384
5298
34134
23390
29886
1042
31224
45944
1560
690
181626
2662
2324
2764
5380
930
9342
30516
81700
32498
1798
676
72390
1284
64
65524
80
35414
8566
64
1834
23040
9186
2162
10840
100328
698
7100
76
842
53580
9142
20396
21176
69026
564
35934
37842
163896
2654
38950
17134
718
1028
2602
6932
692
31486
76
1518
2204
1120
2132
12122
2394
40634
12252
1904
1550
2338
87810
530
932
570
16382
730
1982
51664
3538
24612
13524
84612
76
5064
2916
45516
1798
1082
1280
698
2904
50168
57736
76
1020
4054
1172
1240
43840
884
14912
73364
16604
688
10482
76
4060
1578
33054
48284
76
1702
37004
35396
43368
26784
2760
64
1358
30874
1710
48074
76
1544
4392
107222
80
62
64
64
33122
70050
24538
1800
30802
44628
83100
11880
12028
32802
23412
1040
2738
28238
720
720
1252
32714
2842
386440
76
64
28274
6012
1274
148420
954
704
912
158920
82
3402
73788
10978
2158
67834
2882
1810
41370
201696
76
64
564
18702
76
894
2590
64
676
53750
125226
35792
32126
2712
195034
1938
900
144982
7644
155592
62366
97174
62474
60624
181378
22260
17166
64
152360
140062
1998
66
44220
92940
1394
2462
194620
1034
2730
28238
64
76
64
70
694
23570
3042
1296
64
64
2790
3282
50778
2574
64
62
1446
18228
8460
27950
4496
4034
78
62
20860
75806
4222
53950
940
62
80242
566
3146
1590
17922
1464
836
10208
76
2720
1340
18826
77266
6924
57172
5404
1350
22218
12106
31952
12508
12634
3816
109982
948
1036
904
13302
76
2584
64
92798
128234
55026
7330
10814
67936
10722
145448
1154
49408
596
24814
76
66426
64
64
1018
30878
46770
1390
678
2326
7946
574
2234
45152
1030
11498
2838
2076
101154
13174
33388
1044
20030
702
2148
38330
1392
65746
98592
12998
1804
57492
64
30936
1794
908
38384
39438
165422
33876
2994
1940
76
76
10570
76
898
64
64
688
104642
25694
22828
1730
46316
34520
11514
29824
53596
718
1964
78986
10812
35218
61888
7830
966
26674
104944
41082
94536
1020
44312
916
12594
2604
1034
5122
2176
17176
8240
2706
9142
11488
28028
32800
1366
22786
1850
66
62
902
7912
31444
44572
1260
902
23930
712
3018
688
49736
2250
2882
27626
4572
17608
3182
4260
1880
22186
10894
36460
16622
4382
1518
2028
37402
78160
630
39156
93690
552
9404
1258
36762
3652
64
2728
44846
8514
78524
1440
15002
1090
1114
62
64
23446
38182
688
1250
4564
11126
1512
72782
24344
22806
36696
76
64
88024
878
6604
31676
856
1026
1052
30238
13746
62
2236
64
64
106732
1034
8816
4646
2168
62
2164
1250
3180
64
62
46918
1740
80
80
11142
2044
934
696
1640
55766
20000
680
1716
1198
1372
1614
64
32868
54046
78592
64500
29920
33656
2680
124242
60484
2664
28042
2082
24354
4578
59598
59216
85944
19074
1546
64
64
20888
28544
36464
584
5080
6508
43984
1042
1306
64
76
35748
64
1702
3914
1250
74
78
2014
64
56054
6746
110032
566
19408
64
674
1928
14242
5486
76
64
14460
796
64
864
12790
35626
28834
16946
53828
1264
2914
64
76
7960
1602
109492
1898
18168
7820
1022
3370
24684
76
1420
25070
6620
1054
1572
40172
31670
12054
76
1226
84270
13140
28316
9802
42984
15720
92012
1378
720
2598
27092
1396
3502
50892
39090
576
87360
2302
1258
124740
1048
6804
1588
3272
13560
5178
1256
31676
12488
28740
98486
150312
584
2090
1258
64200
40050
3426
938
29372
76
7214
1082
5238
78
1690
574
2478
99914
20664
19354
30302
1952
568
52890
54326
78648
76622
48280
136992
28734
79312
30384
9846
3938
23576
546
64
78
1026
576
572
37990
11936
562
19610
10514
578
78966
27232
582
702
30730
554
12446
698
156490
51242
76
66
34394
2058
2026
2924
4498
1362
40794
3380
694
1794
39664
11132
716
2814
76
30088
716
1418
2220
2538
2024
142712
63656
1468
23022
2504
6438
70130
890
896
1658
12142
574
9358
117726
1754
892
11422
694
1404
914
690
1712
1022
18484
1854
115518
74
1784
41794
1050
28572
2272
36236
276276
40490
1822
66
78
576
6900
33922
91612
566
132970
702
1072
1246
896
1224
1994
16530
2762
56460
20522
1442
44998
12264
704
76426
570
1874
7492
2268
38744
29284
1716
19194
71490
22906
11324
1042
33774
564
128690
41890
568
1100
78
64
64620
26324
738
702
1022
6254
1030
11622
2876
47846
1722
1748
692
670
81606
1448
2418
90910
2764
31522
6068
914
672
566
692
52672
94110
21036
15762
42496
706
54842
8186
34894
710
14962
684
692
10526
6700
13288
2444
49552
51444
14128
60810
6068
19988
1582
22650
63356
42674
69428
45534
1058
1798
568
2824
24446
1140
2990
1840
62122
12578
7352
40412
22614
12984
12318
584
6276
1156
3230
28744
2436
3620
19024
3286
580
38592
35626
2206
15492
1268
2052
78
78
826
50530
20730
42080
4698
48448
78
64
74992
5254
42738
580
11514
2462
920
65488
2584
3072
1088
53306
35136
11612
91434
4438
42970
1858
8528
21052
1424
76
59632
41466
15228
1034
5994
5354
15442
117228
2070
17220
34342
20992
1130
580
14876
686
552
578
15406
48034
1952
4616
7632
578
38248
107856
1816
22608
2142
32058
1048
574
267884
78038
34450
112360
115508
2500
8650
66806
99356
1502
24736
31650
950
11172
9878
1894
38334
578
76
76
1048
578
1022
12574
77632
5468
2364
1678
1870
1720
904
8608
2096
14152
2214
10334
63440
56174
17844
1636
52128
1828
18806
2628
35490
6014
4888
22728
27508
1038
1710
30748
946
13204
48116
1244
1902
83232
43448
9234
1954
6456
2658
150172
78
76
714
1012
70712
20862
2576
1014
61772
7928
50784
4596
20268
13720
27340
682
18946
47944
6844
78
1484
13032
1582
3506
129040
5600
41508
2258
578
20340
1020
3882
19508
37244
9134
89152
3238
62564
1312
5442
716
8620
2172
706
76
76
32136
696
1456
4112
15604
42672
64
1508
78
41086
35132
65588
2258
107194
1342
40262
12628
69142
924
78
34334
1616
1374
6830
61348
27900
2268
56628
58416
99304
23890
550
5286
33760
568
68764
938
76
37574
34280
850
78
4084
14922
7200
15094
76354
902
96630
5956
119156
4356
42322
3500
8234
17678
7100
115648
22742
578
1078
930
570
77736
6722
32898
680
22370
2462
2466
35672
8940
6312
894
582
62194
20836
40378
38418
25294
1376
64836
51560
1582
35956
2636
1630
1756
24408
1796
1074
2352
25070
9766
31732
66
78
10128
1046
17954
60176
4540
29422
14630
1958
26664
1358
76
78
4694
146206
20630
1518
1020
39418
31416
1368
1792
1950
1872
918
630
1046
1646
78
680
3020
2298
2940
63196
18884
4286
2658
27508
83282
1628
1014
16222
576
704
15340
82286
1542
205954
3420
110452
100382
716
15892
16380
2628
48550
2004
12398
83776
2500
32252
936
93778
1086
708
89244
8194
128716
188854
111180
46036
51444
55338
3450
24954
112064
894
31028
2560
564
1082
30446
3778
2918
157832
7506
146860
1258
2782
153310
76
76
60560
71042
1856
84762
87950
2752
5978
24340
155658
29042
122268
34920
2746
21050
71206
2606
908
560
1576
90738
2844
74486
710
72494
1366
584
830
163356
10636
694
680
1456
90174
150118
1372
696
3642
33622
7330
79274
14856
1794
28614
2552
1474
716
2554
66
76
8012
694
69386
1732
564
20896
3432
99258
53322
2676
1628
78
15062
55638
79994
1160
111864
1966
1038
678
1508
44988
78
64
1892
46468
790
572
1160
564
201318
139750
114134
584
1966
23578
76444
924
912
9304
690
572
23192
2878
5908
1300
7332
32264
31722
692
692
1936
586
1038
1044
2916
1046
584
1400
107896
3046
3272
1422
1626
1050
782
64100
6696
16220
6848
1244
594
1412
44458
64
64
1254
1124
1766
15166
1670
35266
718
994
13294
1276
904
1242
1112
40276
1074
64
1064
1184
556
692
2496
910
1742
7898
40104
43626
1326
16784
29394
556
4762
137770
692
16028
31182
2278
694
42258
1078
1732
7112
40752
84462
47248
113320
18870
69122
5758
1734
40630
1698
1272
37940
11858
1262
31378
19198
76
680
1792
35598
60306
80
13340
1826
682
3488
58904
940
64
646
1362
38846
1848
10980
10076
14888
706
17134
1056
66
78
43690
20760
45194
93504
66794
682
7034
108130
54042
1578
16126
22994
41986
16082
78238
16246
59816
1522
2308
15948
78
64
17432
38782
7986
57924
18538
66632
692
1594
62564
63618
65532
2830
1014
1014
74656
5862
1076
15346
4392
20402
2594
4858
888
5736
1586
62830
52566
69526
47482
24980
33750
4086
46180
1328
2366
113762
81642
1046
38714
1246
19006
6202
57382
43096
145502
76
682
5906
27728
6298
2600
40628
64426
78
64
1132
2102
1360
6470
1432
694
43756
110960
580
110532
19040
4134
580
42794
22290
4376
10232
44668
52276
76
1330
89392
1510
19712
6084
11024
39082
3284
16238
2478
2738
49134
5750
20168
2146
570
78
76
39626
1060
5330
18016
77078
1788
12012
1238
568
58062
20066
22784
80838
64
78
558
888
570
1468
25858
18632
586
1240
1958
12370
20932
1618
912
1952
1036
704
78400
1396
9184
578
1040
17648
64036
5458
45930
1706
14766
636
30548
44760
1132
33158
76
564
5514
1268
29666
5348
62638
1258
76
20096
820
668
5602
1574
1514
13506
1892
20642
1208
1930
32228
60180
49934
16968
19796
22652
2584
47954
1370
1242
23940
708
898
1202
142300
22104
728
64760
64
78
28486
3732
586
13744
6824
2996
250
920
15974
690
580
714
240
714
712
680
1046
39568
1240
552
1224
2004
1910
1808
19002
896
40218
926
916
1462
5508
286
29736
1394
1394
264
2854
21366
2480
1600
1026
2496
2078
1058
256
1826
2294
1878
2098
888
702
1112
1262
29708
16436
15048
1120
254
232
1290
7726
1266
1034
1668
578
710
2372
242
1154
1938
3930
13312
37498
11484
262
928
236
708
4420
246
242
576
246
42424
1970
1256
558
3146
276
704
578
1588
1046
4348
916
26112
722
25722
706
1924
2624
2066
568
688
24040
564
840
1666
2850
1232
1132
2282
3158
1906
104926
3608
914
606
1616
3168
6708
1942
712
922
570
904
250
2238
824
2080
1374
1230
1576
1224
57116
1110
42414
542
708
2230
252
706
278
2414
1596
710
45946
256
840
256
744
123256
114746
680
1042
1978
254
1118
664
1096
1590
682
1944
1108
890
1568
674
38738
12210
2344
1500
1482
2612
2218
224
680
1030
830
1394
4308
246
1490
2774
1806
13266
1116
594
50882
21746
286
686
1304
84672
692
680
2760
1458
2462
692
2944
2838
560
1170
120090
2890
2144
570
1836
1372
1938
576
5294
66194
1100
2844
1806
2248
5370
932
556
1566
928
706
64
574
99788
33840
1016
916
2048
1108
1076
662
3014
668
1354
570
1940
700
674
36212
690
680
668
714
3672
252
64440
246
1646
60110
560
1220
4594
574
19546
680
15718
592
2488
47312
1244
1406
4994
568
7398
906
2962
1126
700
5292
9258
1954
596
4398
2634
1026
242
66
8708
566
32130
2298
49214
1624
246
1236
14286
698
20138
898
1254
558
13906
906
704
1774
722
562
2216
566
1140
1804
278
8824
22312
252
928
3308
1208
684
1138
22694
9462
580
1646
2284
9082
1046
1900
3118
1254
8840
1016
15218
4208
6472
32180
2348
42370
684
44686
2812
568
1216
2482
19278
258
272
15072
1180
982
9078
1810
918
694
3836
896
586
1484
926
2012
1830
618
1578
716
706
1566
682
238
7568
250
1496
2464
580
568
15760
252
3918
2846
244
718
722
908
1910
2384
1978
1948
3432
562
14830
1274
262
3240
706
2800
6632
952
894
5098
2470
910
558
25404
1262
18080
2480
244
1210
1938
35954
27586
534
1146
76804
49008
2744
712
1216
240
576
1048
704
994
278
672
684
1004
2300
15928
2564
2140
866
254
12916
1014
38286
228
12908
2662
564
13930
720
1278
568
2398
50780
7466
2286
1654
572
59542
2224
704
242
1530
1054
696
918
13880
706
546
2624
60720
260
44204
1256
1240
680
554
558
65242
20310
1370
1144
9056
1344
1930
246
9304
786
238
3088
1924
568
1944
69402
550
2334
4534
716
33166
256
1518
568
250
8770
1578
558
71940
18860
242
5790
900
1708
1464
1956
14806
1380
1406
248
6606
578
10336
1846
1220
248
1818
5854
9314
2858
2742
254
11600
12872
2116
35124
2408
584
1824
240
1608
1066
1278
592
1022
1016
568
1048
992
1940
12706
1490
242
16766
25862
3248
33400
670
702
1406
1056
1374
246
2078
702
17720
1260
1994
1990
12044
686
244
566
33524
2796
252
568
2960
248
242
2400
23452
1458
704
3064
9066
704
706
244
566
2074
1392
109498
558
250
2736
2238
13584
1676
1598
49072
1684
1390
1262
1788
2302
48856
5156
3454
572
1448
1944
4594
1704
2544
30644
1262
3054
2278
708
27754
23994
674
2630
14548
2280
1048
31944
31724
2264
256
554
696
664
2074
712
28428
40284
236
572
288
49526
676
68148
706
278
706
10038
670
9534
1458
702
1220
17430
576
706
1462
3456
1372
1804
8966
40686
1254
248
14798
574
1326
876
1934
25564
1516
810
2392
1304
704
572
694
3800
33344
12262
578
3430
4812
16338
2076
580
880
7668
670
2764
14926
51596
38062
7200
31518
1106
2142
3548
900
704
720
730
602
566
1344
698
3342
706
36984
9132
1020
674
13588
2424
242
1860
260
2506
728
11290
1724
568
33182
2308
664
708
22702
32168
884
2258
8948
1240
1254
21348
2202
1392
244
260
23058
1614
694
50220
530
1234
552
2688
3532
1392
10316
30396
2158
796
664
676
23800
1606
14276
15338
708
79664
11686
19292
566
572
706
1824
1802
278
33684
548
248
20836
1038
922
3498
702
51780
558
660
722
702
556
1102
8882
1128
680
2044
1738
1858
926
576
248
578
18374
3538
1254
32746
548
906
1728
34466
540
892
566
3516
43644
8576
574
560
1774
1822
568
258
708
74812
238
686
996
566
2798
1046
1896
230
1776
27114
20596
256
29196
276
18860
906
102370
1048
9158
248
11826
20572
1864
4714
50580
704
7434
39534
2732
10260
2838
658
248
1740
590
28128
2784
576
568
250
564
296
578
23924
694
9194
1354
1470
31920
648
1406
1368
24000
3564
1324
28206
6998
1232
1132
33616
2134
28136
266
2146
6362
1642
240
23790
1250
906
686
1590
1128
576
1326
16662
1382
668
54534
4382
14914
246
554
3438
12236
1610
1128
1058
570
708
3052
696
680
17182
570
44628
558
574
1598
882
11674
914
1120
592
133044
2154
280
50442
18040
40046
258
550
530
1530
846
680
254
222
2474
568
26498
4964
2042
262
16986
29358
1576
2288
22546
708
18738
566
2144
560
208608
1438
1110
708
1392
1392
220618
85394
554
910
3044
258
113422
1274
2082
1262
552
708
1104
914
9470
1960
566
1136
74774
12280
2246
9406
714
2024
38326
4866
1140
2500
66224
1806
1614
1112
65424
2312
3412
1130
1396
570
254
1382
676
688
672
252
2624
1586
252
1394
19850
566
262
248
2740
1258
1054
33082
5390
254
2356
4556
908
280
906
1132
672
3034
1682
27334
2956
566
708
103920
1276
234
718
810
280
23502
904
566
708
1458
554
568
2274
13472
28806
1188
2060
1478
1512
8186
2690
