1fff:0:0:0:0:0:0:0:0:0:0:0:0:0:0:0: (total 13)
0 1 2 3 Thread 0 going to cpu 0
Thread 2 going to cpu 2
Thread 1 going to cpu 1
4 Thread 3 going to cpu 3
5 Thread 4 going to cpu 4
going to barrier (cpu 4)
6 Thread 5 going to cpu 5
going to barrier (cpu 2)
7 Thread 6 going to cpu 6
going to barrier (cpu 1)
going to barrier (cpu 3)
8 Thread 7 going to cpu 7
9 Thread 8 going to cpu 8
going to barrier (cpu 5)
going to barrier (cpu 8)
10 Thread 9 going to cpu 9
going to barrier (cpu 6)
11 Thread 10 going to cpu 10
going to barrier (cpu 7)
12 Thread 11 going to cpu 11
going to barrier (cpu 9)
Thread 12 going to cpu 12

cpu 13 cur 13
going to barrier (cpu 12)
STARTING...
going to barrier (cpu 10)
going to barrier (cpu 0)
going to barrier (cpu 11)
STOPPING...
Duration      : 10000 (ms)
Acquisitions  : 3565450
3152
5342
1058
670
404
3308
4992
4546
6488
2450
6832
4606
1144
1622
2562
260
52838
2834
714
252
796
706
4052
3958
169724
3976
250840
5008
1096
694
4220
494
4642
8476
1302
2080
281660
250
728
2166
368
234
5520
893576
326376
688
4174
3632
191196
5356
5010
2644
390880
5914
39286
3040
4146
694
3676
1420
4910
2682
252
2776
1414
1712
4404
3354
9846
3472
2918
1062
1908806
3274
2208
2254
47736
5864
3342
356
912
2046
5816
2880
4202
814
554
708
5448
1042
226390
944
163334
308116
1558
12464
2854
2510
2278
706
1692
1868
1142
9856
574
1506
2516
1628
218504
3642
2198
1076
8100
4530
716
3548
1772
252
455144
742
1346
3586
1888
3252
858
5026
250
1066
2354
1486
1072
3496
4608
2596
1400
3358
608
1752
888
246
1032
1912
584
376
384
692
139552
3082
5138
928
3932
238
440724
374
1054
846
808
5552
2388
2186
1800
248
936722
1370
6932
392
1576
2570
21668
833326
2318
1240
4142
678
244
824
5536
682
482
2456
1340
238
2386
2338
2620
712
652
1790
594
295090
70952
5102
3312
1024
1774
16482
5332
2290
674
2836
4256
776
786
706
924118
1884
2618
612
808
2936
1330
736
3198
283426
1890
177386
4548
600
1818
7974
480570
2228
1158
2134
1812
706
1408
4030
4152
4732
10674
6676
2332
730
3194
276
5994
3362
1024
1350
1606
882
1030
1864
2364
1882
2416
2884
238
1814
4660
812
3308
1034
932
2808
266784
784
201908
1204
920
850808
3256
701344
378
2416
1622
244
1256
2614
1540
2418
231124
2766
2606
278
3334
320406
1298
7126
3292
1492
2776
2764
786
1706
4470
947294
5762
1284
3972
1164
3108
1034
1838
2780
1748
2172
714
1019302
28312
898
1618
80116
2450
484
4486
13838
680
4328
152916
4814
450068
2278
248
1414
5362
1008
1544
2564
6150
399532
1038
1699420
3392
806
1768
1466
875714
596558
924
870
4332
4824
2818
6824
2356
2626
28830
2050
888
4794
252
8374
256
376
2068
798
4236
4292
907954
820
840
3804
2636
1696
1268
3568
218
2316
1914
11926
4192
2806
158468
1720
2852
3314
1942
674
55232
2632
2950
252
1003882
3742
29348
2292
5866
2018
702
1604
802
1894
175842
7100
4068
982
610
194384
234
1816
3296
6792
250
1480
451778
3788
3354
3022
3708
1486
4054
4948
1010
1382
3584
3982
770
368
601840
1032
1294
1906
223102
244
3912
1346
358
1474
696
1394
2374
798
3520
1022
4066
6974
3986
1682
1910
380
968
1220
1178
1918
938
1618
1246
2168
502994
2148
668
844
1154
1136
2400
3198
920
504
594
1382
12396
406684
3760
263616
2330
4202
568
478
1006410
4992
78688
3828
1020
718
8656
3136
3040
834
2768
1152
830
770
1530
3796
1590
2294
1458
5108
376
1024
6556
1316
1390
798
2276
151110
376
346
316530
246
2978
1122
1980
5126
2216
1992
502
2276
318470
250
92264
420966
624
2414
9922
3904
1668
354670
7038
637718
219874
936
1292
368
2470
226
8680
3136
2422
4782
194890
1476
1010
250
50984
473414
244
1292
4772
278
2316
818
366
2456
2506
566
3514
2106
1560
682
2460
1586
1572
13380
1746
6264
1466
246
3262
2018
9782
371778
2836
1926
358
3772
240642
2696
1532
4294
821346
5210
4790
4524
1182
3704
4938
2808
12446
944
168368
623062
1214
1656
568
3038
2848
564600
712
1523630
1333198
774
2492
500
2340
834
1124
1034
1266
1064
3008
572
1540
242
1166
3336
3218
1806
594
2750
5724
682
2576
3124
682
2524
7006
994
3784
892
2356
298
2308
2784
107746
1902
4390
1207940
1596
1880
4318
1710
248
5080
2164
143744
248
1788
1800
778
3268
3846
846
242
358
1356
650
3602
1256
211476
32024
5332
2150
1750
4368
576
551300
1754
3330
2538
179446
254
2378
11450
3112
1920
508
2212
1660
1652
396482
4878
2358
1638
1350
3956
4812
2444
8064
554
1544
1199716
1496
786
244
9634
1110
1814
185022
2666
4112
3100
2212
4160
256
2046
8124
1154
6060
242
3172
1382
139130
3142
1976
864
285470
820
2234
1626
2104
1710
5292
2648
3936
5838
3292
17388
4454
9464
2686
11412
2554
2180
1214
290
1910
1907226
4068
2518
1264
7526
704
3954
4600
2938
516306
570
2220
1008
808
822
254
490
160736
1018
1678
1626
2288
590
244
676
3672
1044
2430
246
800
370
4502
1134
452740
2078
1144
286138
942592
1034
4668
1112
7948
828
234934
3668
76788
2722
341406
564
1252958
1364
105480
454916
564
160792
5068
1122
972
1414
2286
706
1808
2604
2170
4620
1890
2614
1276
900
388228
1126
363752
3114
2484
590
3768
9782
1184
1684
390
1888
8588
4180
9152
768
730
670226
700702
2564
2462
376
2852
3126
2984
546
894166
1490
148088
688
9946
1490
3172
156276
1818
131186
432
1938
844
4342
2766
986
612
1492
3066
3352
1700
1784
1842
1262
904986
278
928
520
5798
5072
3014
656
1828
902
1948
946
3620
1270
1948
324474
1196
1279984
1972
1254
1824
2178
554
2004
2746
3894
1392
1116
1036
692
796
678
634532
672
346
2582
1266
3864
1464
958
1506
635858
1674
1286
458258
1942
391786
1484
2192
4274
384
1800
2388
9894
4864
775802
1586
488
6178
1032
227200
2200
3346
2580
904
6866
4152
1336
11956
2028
2764
3312
2000
2856
2152
1698
572
1318
432406
1098
690
328910
6026
410788
6764
3500
298
207208
1642
3818
256876
300
4798
1860
2174
5550
258
2822
1970
10500
5384
1038664
1316
2220
1454
668
2740
2208
2346
4796
252
3374
1954
8482
4962
2208
8336
1500
1138
410140
814
5812
236
1942
151050
254
1804
10320
898
4890
598
688
816
254
3316
3840
806
704
207204
287422
1336516
340506
4032
556
511256
2756
932
2374
804
10590
2894
415502
236
4792
5316
276
309796
940
1834
362
2948
3626
986
1022
566
4146
240
276
4110
1904
670
1608
826
908
3460
1208
7166
7254
3810
2644
1510
1640
3188
1498
7304
3010
3562
88064
1736742
2174
1600
388008
480364
3662
1084830
1366
23644
240
470
1997562
55030
5304
687124
1960
353144
1485298
5312
3246
4604
22064
808
561404
680
504258
3000
344
15826
195348
2764
1482
618
1348
6380
64444
6612
3142
5666
798
3188
374
2794
1364
68
10386
1272
70844
2178
602650
10194
750548
5948
248
2086
468808
2180
45798
48632
2654
240
4410
2348
904
2860
250
1430
3024
529374
2908
2632
248
2282
3788
1554
409518
1894
254
1228
1920
1736
815540
3556
830
5276
4696
6010
232
3456
8348
278
2278
1960
1940
250
860308
5110
1500
286
1602492
1944
1338
98040
356
1732
454
2382
4492
4698
466
940584
70
1748
2288
360
2292
2274
238
449978
368
1390
1240
346
3262
4742
946
2092
414
1518
1618
2112
260
1410
2059700
751408
5264
1424
3808
8438
2842
6776
1814450
252
392194
350
772
28540
902
2134
1772
315950
490378
3498
920
3818
254
2738
504310
2530
376
338
668
3956
1464
68
471074
3948
1034
928
1108
1730
1160
395174
2466
3736
941272
5722
11542
449474
1244678
2995626
1048
248
480
798
1910
5396
360
484824
315884
551260
1490
142154
6818
1736
3874
1962614
2940
3062
3814
2480
748922
451550
6540
708
793996
1617090
12340
2162
441470
234
138342
6062
1380
162362
6914
236
4164
111894
10366
248506
51378
1565364
2428
372
1576
250
1954
244
642656
61272
800090
3176
372480
250648
1104
256694
914
5590
474
1005282
536470
706
4302
1080
1640
1854
1268172
2310878
250
366106
392358
4520
73088
2459462
10912
358472
2150
69332
2188
234
553982
1820
2828
3162
1656
248
136948
3388
268012
1924
1620
1412936
797570
1906
248
272508
246
634282
3054
29528
386
5236
106942
256
224756
161870
2138124
824
1364080
850578
3322
836
246
2852
14440
1319614
743982
1818
3346
10168
820
1888
168958
2938
5100
812
2108718
1872
1758
3454
9092
3322
210274
2080
2762
228
2189038
1242
1147454
968
254
339120
1378
774
193544
382
2192
2162
26020
242
960686
3714
1396816
4950
246
1282
1474
1508
1510
390
7290
2948
1716
367154
9830
2402
1640
704
5030
846244
41032
2736
2870
68
790
1112
103606
1576
19204
3045786
232
14340
951554
914
288876
81484
1540
2438
22394
963066
898
100984
2602
248
3142
4560
84542
2290
4810
1724
10214
2354
2634
546964
3652
549494
820
574300
1070
1504
162464
2352
6954
2940
57340
3654
154984
2024
101412
1869400
227962
231920
118464
352
3522
236
3390
1708
1675452
3358
3056
518
2006
2318
1666
1270
1224
804
1938
1948
6996
5810
1644
680
3432
5112
530806
1451496
363992
694
236
4600
360
254912
5296
336
298104
85938
199912
2130
1802
230
3948
1402
4468
21072
450028
18400
2432
1598
182952
62544
5718
94044
3514
113732
6236
252
264206
494766
7066
244
1388
2356
245924
183344
11980
7236
1585534
554
346
505692
1428
5900
2352
370818
670
266322
3162
228
808
368
806
1670
10754
518
294732
236
342098
212620
1804
5266
2902
3252
2744
133598
6168
348
497296
1716
1356386
940864
868064
1169068
68
1034
168464
896
188192
478
983666
12654
1122238
1882
435156
356
2650
40530
3362
44088
786
6766
2652
772360
1353342
802
2938
1146
4338
4378
366
1596
366766
2842
6268
368
254
57440
322428
7082
677388
938
68
11872
1136
250
376
1028838
9746
3918
2184
2248
6946
2076584
405826
1520
3664
1404332
3384
2806
1162
2030
250
1762
6334
111660
331980
2160
464
3828
6792
2452
2216
1026
790
4006
2832
3234
3408
2358
1236
339848
238
3342
356
1252
4412
1111104
6382
696
3126
1408
2286
421570
977348
3116
3024
7396
242
727520
2428
94370
832
238562
366
3972
706
708
230
475364
5564
7450
2040
352
1668
804
10914
2250
1034
1185410
1018
349164
6880
856
3536
6860
4248
690160
257890
248
968112
5962
368
308096
242
370
796
1644
70
68
234172
2804
2522
7030
244
3476
3298
668
411218
10150
938
3122
875032
1024
366
2184
76836
2240
4504
2424
2854
985084
1962
1675136
1062366
5488
14240
426520
1408
1258
3364
96598
614
2314098
1624462
6606
1822432
100540
131996
4280
636880
2946
368
267612
236
4452
268
4348
952
681106
2620
4000
194676
17332
4414
5042
2588
6652
3142
7166
10656
8284
2586
254
244
796
2516
281146
3658
3224
175410
690
3587780
2742
2168
2090
263110
984
3792
489238
2454
1532
3792
3122
5512
3406
3172
85260
1260092
1308
1444
94664
1396028
362
926204
678
5688
242
2878
1590
196648
4380
1252
7176
1370
2758
1912
2673468
1494
906
459106
3656
4540
1586
740824
283040
644940
670
550750
5428
788
125532
1076
1482
794106
5800
6834
58568
3388
3834
1984
2392
1956
2864
3024
2322
3452
332
2226
1376366
4908
5376
2466
1076108
932
5124
1472
244
181494
3282
788
2854
3376
1413014
1667040
1464
950028
1091900
11726
822
323442
300102
250
982
5922
704074
113146
3820
6324
2518
1810
18588
103538
8080
816
1603222
68874
657128
68
6306
2624
164712
4162
1718
4744
60930
1558
2626
735024
4142
1732186
1800
1039862
14930
2196
4776
1204
1532
1373880
1342
4444
2734
965626
769462
3584
800
172434
236
187892
1047782
341042
4014
135606
893748
246
1282
1734
2104
661946
4760
362
248
5804
3014
3510
1678
2910
1175944
4198
732784
5650
764624
2078
408
252
371000
2460
8728
1452
9014
290
6446
1530
2434
2148
1760
1552
919578
254
1034
2012
9114
3500
274
1650
376
3470
2270
238
1379268
68
3856
3452
2630
2396
319728
1218
4220
6370
1032
4820
9768
236
2924
1017634
34938
1598
2226
2698
244
14856
2056
4690
319654
6994
1216
248
2650
1610
6962
2080
814
1042
1392
1560
2748
4446
918
5844
3414
244
2786
1256
4210
4966
4556
5522
31512
1968
1155312
342
244
1432
379006
1833464
252
11842
961776
1966
684
3950
962616
398830
3890
264
5674
252
2432774
1940
1908
1416
246
1342
2075578
690
230
479010
902
235998
412626
12510
1312
2174
5264
356
5142
2538
238
486666
2318
5734
940
3596
252
14194
9094
4262
4390
6938
1578
4130
202294
4286
786
3172
94980
254
47138
5440
248
2322
3518
6322
1008910
157928
2520
130980
603242
1047028
496230
907106
744
2192
4242
1384
268
775546
13048
1476
12522
2640
4738
1495592
840
368
1184
1492
4472
916
6268
268
4644
4508
433022
2650
4418
400
17314
935802
2584
256
258
145582
624764
2274
238
2998
274
6852
1524
7594
3328
4316
1346
7036
384
2050
5588
1748
7644
1590
492
3314
6044
250
1146
993732
574
4920
1470
2266
1728
3632
1580
270
260
4734
3828
1640
958
1578084
2000
1726
443192
43378
800
252
3768
738
4482
288
37402
3422
68
3004
252
4768
1038
2896
5368
290
1096318
2060
932
4538
4614
67876
578
128996
264
1708
3172
796392
3728
7170
1164
5872
1084
4472
458
5788
1318
2774
4514
824
366
79090
1368
3970
4050
376
1160
238
372
1504
974518
1179398
2156
3266
34184
209416
802
188602
7152
2168
7708
3148
1146
3544
3064
10288
2992
86206
7422
3584
5556
8254
238
1200
5962
2088
917120
4798
132394
1194
4628
270
3716
3510
372
871700
4994
441544
605412
4050
516434
260
242
1310
1309668
536002
2578
270
623530
262
2866
3298
5078
7376
429132
248
474
3186
352
45638
714
3316
6316
294
254
5954
5206
815372
4218
1348
26228
828
140182
4854
5378
2546
6694
382
6072
1984
1836
6272
694
418
13124
6306
252950
680
2376
1879386
3798
2494
449286
250
613852
2526
66
68
238
10420
918
598
4424
980
2924
299986
472
5856
680
2102
8686
1387370
3618
1256
6384
469540
8062
480628
268
8860
2676
2726
238
3782
1850
12078
2366
5144
7224
5586
1578
478
1270
314462
2450
9552
546474
1936
888
4578
578
3988
4694
11054
1754
2570
3726
4144
622370
3210
368
392
2268
2630
244
6172
14544
18960
1742
1422414
256
1796
4670
258
10862
1282
794
92782
3012
7814
7124
484
248
109372
766
900
625002
244
698632
9204
250428
256
8082
1696
2078
690
1380
7422
6594
331714
256
3622
1023656
606
2120508
936
1276
703312
1794
3766
676034
1196798
844
244
2860
106584
4820
146056
1460
1128
66
68
820
1256
3672
370
1284732
246
7842
2372
2060
1275616
7982
266
240
4442
2294
242
1066
1842
1266
3066
5088
416298
3802
2736
401650
630134
2414
6224
6566
3728
244
5838
781090
5812
3758
822
572
1870
3786
1676
378
1960
66
84
260
5600
1378
4944
1820
212256
706
4014
374198
2498
5258
10446
248
810
730956
6334
682
66
68
384
3322
7614
838920
193708
1020
1862
22254
1256
10732
2362
470
2064
204692
1944
1548040
10094
1061054
1138
3668
248
8512
2260
256
329134
60070
58598
1390
158396
2408
2964
1208
3084
1130538
4272
66
68
1416
712
66
68
2686
2918
4332
418854
1670
127010
1046
290
1394
1270
4125840
68
68
138692
848
68
66
805622
7188
256
266
1054
352
260
2508
922
1368
708606
1261038
91454
1439898
145098
1530
4990
244
246
1608
1074
4064
13786
3656
817562
529102
6198
1292932
4004
910932
1988
1278
1335036
395618
4906
864
4036
2908
6744
1964
2568
1700
404
1622
4820
2633692
4828
3854
353222
2444
1040
2976
252
828
4874
2264
1588
3968
258
71398
6466
1898
1757128
2304
1312
256
676
3728
635200
234
1970
859704
5326
3678
131824
252
1940
922
371612
4672
725394
9464
1458216
240
332484
36558
66
1124
4020
1372
358
2816
2422
1656
1814
2438
402
1720
6602
2912
356
1792
3986
2402
70
2154
1916
416408
833626
2186
4468
3416
148986
6284
730
490
3268
250
686
1554654
7288
6792
1034
378
40814
794
359022
2628
167320
248
3072
558
15644
252
254
1047576
1702
1266
2762
413136
397778
3774
601720
4578
244
1127936
256
5500
3732
2498
362
2164
68
301882
491546
3526
2372
1184
3456
3086
862
188044
2743196
197836
1944
2552
270
1022
1488
2494
1044
1018
7130
5898
1001196
2164
128416
4702
246
254
951204
132348
4408
238
824
2736
18982
1696
185598
38488
1032
40110
3290
1392
1476
360
1780
1620
1494
5412
4538
1146
48014
384
444398
8818
1534
382294
6312
248
5236
3142
574
832
3318
1262
4590
4098
692
70
68
4786
5932
2522
238396
284
264
114224
1138
2768
7322
4440
995088
268
2772
4652
3177110
1220830
578658
192934
863106
8000
383230
254
3480
116002
4874
354
90276
11626
117248
637382
4024476
402560
382
3592
826242
437542
346034
36578
4658
366
936
75466
1282
1454
246
5414
5324
2490
276602
6648
2976
1304
68
4208
4768
2468
4612
83232
1796
4822
10032
1008
1202
292
3394
6674
2380
87500
514
209144
1818
1294
576
1598
980
6548
1554
256
2544
242
5032
9066
602
108188
3262
1292
246
2382
250
2322
1478
3122
777940
4950
264
918
7488
5808
6804
1874
246
68
66
1034
5480
3604
354
1546
66
1074
382
694654
1612
323048
1316
584
266154
3952
2154
5178
6156
1618
1124
9114
364
2170
4330
290
3010
2472
10946
5286
536
7680
4668
844
3096
3810
7744
150818
704
7404
268
2506
832
2122
6058
5846
2011370
1752
154786
3386
6896
3996
2430
234716
244
2796
3848
1061002
264
590
3586
66
68
3744
11852
8090
1586
2280
86
2942
2632
236
1656
1840
1228
4930
240586
6728
682
244
262
858
4648
1998
4078
3670
69654
4100
296
2285146
16806
3566
1812334
2908
3512
798
240
2506
5188
3346
6686
1520
1270
1560
1796
256
694
252
616
364
11410
2158
948
930
2680
2492
8070
8802
1246
684
891028
5080
5858
9552
14180
3188
560204
3395060
1992
1679134
3280
7840
2106
8612
1157282
256
3638
596
3514
4302
814
89616
240
354
258
1038
402
2960284
1204244
5246
3350
45170
6084
1976
48990
1095802
830
1288
1966
2826
2820
7436
622760
2514
258
399866
2976314
2528
5104
8464
1166878
808
348
1334
731838
2554
4104
374
3236
3634
386736
704
790
1226
2072
7944
4944
1419936
258
5332
1124
5162
249940
2396
17674
1198502
1944
3798
4554
2286
1108
2016
250
1748
1368
258
1374
126984
1400
350
232720
380
3852
415322
808
556
1052234
3554
254
3286
73314
38004
2050282
5404
818
1490
2458
3902
4686
1442
2593240
1282
2154
68
996
687128
250
761800
1448818
2456
1652
362
183486
470130
3068
5240
15284
37448
4864
390972
2488
50478
248776
4304
3636
496152
2714
3880
3072
527042
2582
238
492
28008
3836
72094
794
629902
6390
146640
1096
1002980
2450
2190
5418
2890
1524
68
238
250
630068
1372
3910
7042
678
7600
2024088
183120
4064
1164
304362
66
1186
334
7666
248
790
672
3536
3684
2808
9872
2584
234
1685752
2274
2902
227478
232
1150
802
2996742
411336
367492
2770
3728
1345264
3970
1409010
9366
4198
1450
896
96152
212548
3442
3056
1974
2722
1394016
4838
55916
336128
5674
3452
6832
3749960
182112
239998
1026
48032
965800
354
450596
68
2468
7982
1182
68
66
680206
5044
262
174442
1261704
2260
311420
348848
3424
240
106268
2468
68
68
2216
723946
2226300
4122
2492
358
784000
342
273872
142242
418
497856
2962
464800
1574
1166
4190
1086
68
7078
5864
1971294
5578
4698
81696
353898
6610
684
5220
85840
5210
379006
1245532
346
242
2372260
256
6840
1952
7590
824280
1318
841378
542
1372
307162
1602
255958
3490
3452
12474
666072
1254
766954
4998
26980
3316
1128
1950
222524
362
6878
4004
334
579124
1700318
276330
3998
41670
4302
1816
68
2076
250
1682
902
3500
248
920
574
1036
219828
1178
708
1680
9710
2042494
246
580
704
2024
223404
525492
1362
2430
2010
362
250480
9902
581236
10148
72468
892
753662
256830
6532
2236
2902
2690
4242
604174
16836
6308
686
651338
796
7774
7564
68
76
140884
5762
428328
2278
1534
6246
144968
5974
4182
327314
127206
962612
7616
1022460
250
493862
2276
3942
1162322
2348
381600
1929326
2694
2594
323414
560
1170944
824
2053208
5160
1256
858948
460
1292536
4486
1392
1177284
609196
1364
2174
5498
242
246
745356
35064
3588
3574
254
2216
22776
4846
68
1170
4622
1665600
3545910
258986
766
33484
1716
1010
43968
200714
3998
1188
254
1350
1048
688
88994
1060
61096
8544
1990864
356
70928
4072
3004
232
2322
3804
5052
265242
1330
29160
360280
2634
1340
18776
1505542
3658
1876
2070
1940
1411766
71042
496912
238
1560
1338670
28816
1034614
250
4100
1148
3112
4042
250
1574
80
153264
1195542
340
5504
2124
1046
6628
294
68
66
669840
7396
5010
1008
1838
747884
2816
3030
134292
1958
3114
108932
214292
238
496010
1040
3152
8338
3092
262
103268
4136
933130
342
4030
1078
7796
238
5278
2029012
676936
5344
644440
658
21822
129610
232
2880
230
240
1958
356
1280
4354
240
910
456482
5104
655556
257738
1690
3980
2022
1431400
244
6008
1626
11532
2960
1766
3030
1900
555202
250
94284
2626
657476
588
3414
607094
4296
1646
6120
392440
776
85988
238
2556
2798
2598
250
3532
70
86
15766
2402
1190
41318
496400
3100
2690
108246
254
362
5740
8770
524912
1384
1028
2466
2272
2132
4020
1040
147354
180894
2738
7250
7312
684
3118
3726
282
1024
238
690
4592
1592
19662
1358
859904
2804
1975770
4118
1806
956130
5644
3778
4366
3044
5308
4278
1624
5736
740076
366
578324
2532
3432
1918
485224
2202
804
385922
4936
352
386
246
4396
168922
346880
8510
1836
356
1950
3224
2196
1134
250
2696
639700
3272
570
1502
2628
1590
2318
932
1572
2010
3572
1984938
2464
2116
1260
426
8776
168798
5038
8416
268
4948
320508
820
1964
1504
511980
1146
1120
236
4118
924
4182
3518
6264
223996
6942
1252
68
4138
2060
510614
670
4804
4340
337290
246
1186976
552
568
1092368
1275136
910
2512
7044
5250
2900
144418
1950
898
3104
570
1870
88852
606334
459534
9962
666150
394
2014
1434
244
10256
2812
3820
285856
1788
79552
248
604784
1272
1142
574
1550
2104
3484
286
116364
1402
2140
680
2032
366
141074
2242804
68
68
1910906
93922
250
167318
1009472
1578
4860
1328
157286
6028
1258
556
232
625974
348
1470
596884
1548
1720
1364
256
179138
1802
5730
1351800
2510
1020
3284
1390
2134076
342
362
950468
5944
66
68
2950
680762
295566
2374
2211274
1785766
65062
3028
2832
3254
1372
1776
409960
254
9720
207260
234
417138
2374
469940
1036
1226744
11584
220118
3000
6722
171240
47232
321510
5214
2214
528682
2782
68
291184
374
908
686
4962
768
2570
3034
476876
5076
3192
5860
4302
5188
2136
1016
346950
127986
4612
1386242
49518
238
3548
240
117824
6586
68
68
836
1268
2986
374
999172
252
1148
366
983334
1970
1628
2726908
284
3452
49902
1277952
806
240
3710
236
1360
824
4514
2436
928
1688
254850
1396
68
68
719486
1668
4532
2150
352
6212
3598
5236
1730
2139554
100910
2902
858788
2508
4002
798848
1470404
1464
3962
912
21238
1372
128042
379814
2358
2978
2208
2970
830
984
6338
6270
3261290
1248
1136
1864
177482
1622
88478
112542
2956
244
7782
1336
840
242
11240
1108
464308
910
3914
2038
1178
1256
3487818
3134
4052
3980
778
240
3390
246
682
1761416
1088
820
66
66
4254
2488
113946
1346394
876862
2378
228
484476
1258
157742
244
36230
5100
5046
682
1014
75072
690
1113562
8794
780988
1019652
4308
1056
110378
37622
1965852
246
3232
282
4388
417780
948
248
6818
116144
4388
682704
3588
1578
1320
890434
2222712
79174
4396
2330418
722364
27318
2802
258
2258
898
2764
574
603130
2136
3686
4628
1534
230
1995062
207158
6176
2046
94942
882
10588
90340
925170
3468
810
3161004
2170
4162
733578
440000
1274712
2678
342604
2135604
2544
4932
9240
1600
3884
6322
3134
822
1673750
2374
1246
1360
666
434134
1258
1062
674
4008
12912
926324
2572
1532
372
2626
481588
7966
7980
3906
1647160
1218
84698
2452
242
132778
221794
72
664
2780
1110
3202
494168
293764
57906
1228
4232
13716
1482842
456576
8496
5846
3352
2262
1364
513584
570
4408
337752
4902
5468
1386
342
244
787744
275594
242
1773810
1358
151266
1014
530
250
242
3656
254
3312
1370
1458
2800
600
3320
238
95810
3084
819144
3752
922
2824
2096
401468
914
236
68
774564
55398
1636570
1962200
35064
298824
696
235930
315596
3272
199564
2048
3104
52604
2586
2352
1142
1154
274
508
1840784
1947534
3950
694
3024
2554
608750
70278
1480
1564
2080
416218
1866
480
8088
1556
284
1314
5814
702
4048
1860
714
6958
1668
380
8694
3522
1478
802
1430
4378
510098
248
3638
1452
234
7938
5614
576
360034
152956
1874
2578
4510
3136
1052
3266
580
643162
66000
5352
248
12784
108358
277108
704
1400
1882
256
4082
1646
1148
286462
8048
4660
5512
547424
800
2202
470
1044
1052
454948
1514
2754
262
271072
1684
1306
884
906
164590
1316
4036
1892
1444
16724
660
1104
6432
382
2398
262
5078
573498
4818
4480
1272
1436
766
972
219052
2686
1460
10320
924
240
1274
1212
4026
1928
1406
3924
7486
566
830
278866
1770
1462
77202
1122
2408
851118
3156
2816
566
1748
5416
6634
666324
934
3592
1502
7192
5078
4220
149214
3142
5380
3358
1870
3562
110696
308448
2556
2156
935760
342
2818
4510
13746
1356
2610
466
916
3416
958978
1128
1650
2630
1900
2600
1808
3884
387884
832
1616
248
1450
666
5706
3510
3098
722
4588
9310
2672
362
1286
4102
1174
1612
1802
2800
9992
1224
1234
850
581624
560
2162
3692
1568
2982
6340
666
2558
2736
1624
1246
2412
1464
6168
258
244
1096
264
2706
2638
2910
13204
1960
4960
250
1464
2736
1824
252
796
3084
698
1042
1618
950
910
918
4362
3244
954
1154
25286
368
1976
1354
3544
244
85200
1494
387180
280
2256
4804
710
2108
1608
384
341394
70080
1452
1240
1918
2316
672662
1418
1135430
2628
270148
1186
1030
890
1722
5336
3320
3964
684
266
348
1228
309176
1356
808
994
1038
844
3588
236
3618
818
2716
7212
5458
902
2418
2548
820
1022
856
1360
1246
1170
1040
2796
1482
282
6014
3690
1444592
246
4566
676
1452
2166
1928
1250
234
303654
834
1494
2644
2348
2736
570
580
984
1180
72532
158212
461358
3412
280
1306
3516
1072
1300
13412
4566
3570
3708
8436
256
3112
1816
2842
4902
4282
3644
2720
5240
2714
2048
718
2844
912
1154
380
3778
582
3734
718
1440
1840
2212
822
5286
1456
3258
1972
1688
2152
6584
2992
5530
164790
2774
1394
4658
110054
2566
1558
6956
956
11550
5776
559762
4018
1494
1558642
3574
3038
2276
137898
786
1712
1700
468910
702
936
246
5172
3110
7564
391778
1018
657842
1412
2978
3854
19930
708
6884
1988
2080
908
9042
1618
3494
4830
5912
3934
2906
4526
3112
2696
5976
1308
6336
570
4998
7150
4482
2978
1138
1888
5400
1630
3928
16926
4320
10934
2676
1613124
3268
2304
8686
6116
916
1262
1166
1816
4296
2828
13128
2616
1416
6336
3444
1928
1316
572
574
662
1032
2356
3374
238
1058
6338
244
840
810
206486
1060
1514
5710
2532
586
1982
2546
3134
914
633908
1706
1522
4556
4126
66
3600
1188
1312
2036
580
820
4258
1918
1042
3196
804
2870
2284
554
318920
4264
1256
1522
572
250
1590
1452
7654
60502
2894
3136
1258
1346
238
5482
1328
804
341616
238
397470
1930
3468
1404
7880
2366
2166
6910
1044
1804
2598
5840
920
8404
1952
1252
1850
1256
3076
2514
300
5336
4460
1030058
137828
564
2516
198716
319956
278046
5962
692
1232
598
4670
3208
790
2188
941392
1834
2674
246
1012
3518
574
106290
5016
690
364
1076
572
956
1471954
39566
6632
1472
4668
818
1074
578
243032
2136
854
128246
700
2092
922
374
2932
2944
3114
376
4612
1836
2192
814
1450
3472
3892
1370
4514
1298
704
3476
572
1466
6262
7610
804
3332
244
280
2168
276
6172
704
2888
1026
616
3266
806
5486
6984
2148
480
6306
1024
262
132650
3506
1890
2322
692
566
1804
7128
4442
4466
1666
6842
2424
3008
1496
1578
605974
918
1548
5238
26390
1618
562
270
132822
4048
1306
1010
6562
2748
1940
9212
702
7144
2876
1403630
8276
2738
1540
1032
3970
22600
5788
3700
4030
5168
129634
405356
3146
810
7028
784
1298
4700
6486
908
2164
824
5754
256
2762
3658
2372
1828
4618
2534
261640
2158
1994
2966
594
258
1026
370
2180
2574
2666
1846
5122
1032
2822
1190384
632864
598
3874
8650
1826
6238
2946
1882
720
900480
2050
1350
1390
2582
4606
2894
2764
366
250
3696
706
264
12470
804
500
930
1270
964
1710
1040
4406
2218
63216
530
199036
2630
1322
2164
250
3066
1173922
3112
546
1438
7018
1788
1634
984
790
230708
6884
9752
572
2040
460320
240666
756144
2744
3852
2288
578280
4002
2630
938
2004
1024
812
1170
2040
2400
1062
1840
2646
1628
680486
246
68914
349192
1810
4198
556
2608
274090
13882
2172
3456
3062
6574
258988
450788
696
4632
2154
112186
816
7914
2620
2356
1564
824
59426
3094
684
1016
830
290752
6338
4388
684
1176
2344
6398
212852
4488
17888
3504
2970
900
612074
7644
4460
3028
238
244
1346
212110
1026
1468
101092
277166
1380
1488
10680
2334
1938
1584
250
2214
242410
59980
250
692
2692
562
165756
2396
1092
1349190
10226
3860
1204
1222
11742
2708
404338
1284
584
948
892
5422
960
256
292
990
252
1940
7508
1284
2096
2128
10390
3776
1782
2508
3108
5092
2168
816
516
820
6062
2580
5362
1090
1942
1718
696
358
1118
3040
3274
818
14704
1550
246
5280
436
3410
1504
4300
1714
2794
3174
9054
7212
3826
570
944
794
264762
1820
4738
802
1244
856
660
554
10960
1738
254
3378
3808
370
1538
418
353834
1074
840
11072
1628
260
940
15358
830
3316
884
252
1372
1554
914
1698
830
1100
2584
6750
1376
844
2176
1426
507814
1554
2218
958
1148
2132
910
1818
4280
2804
4952
688
582
1372
6098
5120
1024
9952
574
582612
714
5006
149336
4904
714
1282
6898
1392
2366
1070
9510
266
2088
8802
11770
3894
1618
4610
1476
2840
548134
674
292
4658
1748
1050
276
2246
992
978
964
984
2902
1590
250
1402
1830
1446
508656
760
674
248
1566
786
498
824594
560
4056
5076
1628
1784
5118
2450
1146
6164
8720
2792
483054
7872
244
514
8902
238
1802
1394
932
360030
282
1036
682
2750
3352
5286
6250
5348
1382
736
6888
165670
1604
1512
342198
140290
240
1900
920
6926
1650
232
5136
360
2436
230
578
1132
5244
328330
1398
1846
2384
2410
842
514618
3668
358
4034
1956
6838
2134
3608
897722
388
583722
3878
2494
258
3490
266
566384
1746
1678
68
3840
1758
1518
5970
10988
246
1114
1624
7304
1944
6456
458
916
3006
2288
5056
3292
6182
19324
1392
252
7504
4192
6610
234
1570
4000
404026
710
600920
252
5342
2828
2644
376
5700
226956
216
3764
4162
248
4346
3068
252
10182
374
3788
568
1316926
2754
2856
488
796
916
930
1474
3340
3018
2642
352
1800
1028034
252
11346
290506
68
68
2720
10672
2868
3446
49322
254
86456
1720460
208822
3526
1326
140300
904
1956
224
776
1168
3402
1560
177380
5202
2286
2147762
494592
2022
1088
1712
2866
936
404
252
1722
1622
41444
248
4506
4414
5926
2420
2748
4142
1908
1524
6554
788
11382
537182
2042
232
232
2620
2098
1568
87554
3770
2366
1312
246
1588
1836
7766
236
1728
3164
2190
9880
1698
35956
6204
824
912
344
1870
7178
1170
1334
2828
1232
1330
14560
220492
358
252
814
254
368
4870
948534
344
250
248
3830
2068
3044
1814
2938
1776
2062
942
2608
1228
2310
326516
987382
2378
4724
3826
1562
314064
5698
1776
530
2676
1154
1880
3544
2368
462
2708
1688
258
7360
6198
382
21588
1162
1421936
7592
270
1160
3726
1158
2756
2098
2168
1808
240
1183582
3178
1709798
4342
684
1956
2404
2012
15166
4590
364
49976
388
272
4420
156130
254
638
1542
1098
1256
1972356
1800
252
226
1572
364
3036
246
3862
354
266
2606
331858
4196
1209294
4990
894
480042
6590
16096
254
246
374
4338
2106
12506
6724
248
372
179384
944
3136
2490
4220
8482
1703876
2290
236
368
5648
6088
1582
474
258
250
242
3076
5392
7122
1348
4590
1404
1758
2178
410996
234
368
12022
3528
2530
1264
266
360
1022
2538
262
366
254710
3938
1066
3190
3144
944
4510
4754
240
1358
2148
1492
1128
1060
368
426
7960
3582
256
1385468
700
260
11834
4696
1344
2488
706
9410
484214
90128
258
2398
2372
368
242
1078
3910
676
3790
77624
436096
2005594
240
5652
1022
1736
1900
248
250
670
4422
2248
250
1356
1038
1848
260
759814
256
4860
1216
13240
336
1146
1462
5942
2798
1870
252
236
7596
256
1752
4288
234
5060
1054
3624
492
1148
410730
242
1334
252
775172
398
399332
2138
1348
4514
1508
72712
17022
230
1156
1742
5396
238
436640
2554
780
274
1966
3098
2792
396
849196
927908
2012
1952
1662
1642
682
9636
412838
11358
804
1282
3970
1621700
2652
2168
4784
1970
4790
250
2196
236
398
7506
1130
772
747762
388
684
2016
584886
696
5542
562
5418
3728
300238
1920
1915332
354
358
1918
220042
79800
2738
250
8398
238
254
5244
268
256
8700
3314
4186
5126
2978
5692
5250
5036
1550
394886
3344
240
926
3848
1238
560970
3984
6536
1808
3040
9308
523506
3976
346
252
252
1568
3690
2524
4334
2434
1551134
1970
281032
6076
512738
250
5874
7202
2382
1248
232
360
4000
1940
56994
3044
1836
340
2254
282
1614
5090
1280
6418
366996
244
2966
2582
3376
938
380
4834
4674
2060
374
3458
686
360
59572
2188
2900
2592
4180
3826
3500
236
2168
4178
256
1252
35618
344
372
496986
3970
364
358
6096
1246
790
2618
354526
9994
1466
368
2766
2778
7116
318942
1554
1806
4076
232
1183426
280
10362
804
1208
3524
354
238
170612
1258
1231800
4658
3000
1736
246
1391066
1548
5596
246
246
1512
1812
280
5338
3950
1172050
6748
760
1706
76284
1110
863830
372
2252
268
406
510592
4716
2978
4568
738904
248
4024
1282
2824
836
1568
1406
5512
2938
386302
3056
10506
3546
1304
1460
1396
1780
2474
4976
252
5600
1018
1474
57908
1886
5626
4306
994
152206
378
2494
8158
250
542512
236
1622
11866
8080
5162
1521428
4032
4646
923228
244
9838
5950
248
222504
39088
1766
468
9694
238
1234
4604
37822
362
3616
179864
376270
6338
1490
258
129648
1018
244
572
116426
3675068
1628
264
1892
256
1348
250
234
1158
2312
4784
2842
2880
2010
2222
280
4720
1476
5344
236
1938
5550
1229124
9464
6622
350
8664
2926
238
628546
350
156438
594
24860
348
284
3456
68
66
800
1112
1084142
400
2072
1818
458538
12738
18432
2788
1058
3060
3836
3188
1776
5822
1488
6038
3774
2708
2938
246
250
926
9618
364
5238
1736
11136
1604
3680
540402
3252
2386
182238
1664
4612
5678
248
1508
348
6242
502306
4148
4246
668
550
3148
68
66
7600
2316
5576
7328
5600
938
1592318
4608
932038
2502
387638
1164
1540
531594
3314
1741584
2752
948
5774
98950
7072
2912
764
1690
1176
250
16218
1274
638
5804
2470
4820
3696
3856
2056
13080
7642
468
2040
154510
668508
246
556
1036
1820
236
1624
6144
1894
1524
7286
3712
8840
254
246
3808
188182
2432
4898
889970
1864
178100
1854
258
1906
1664
3576
984
2154
167384
1914
264
5988
1554
362
1017998
3504
2832
1394
2318
2324
2546
938
4956
2338
48732
5068
2398
7018
1388
1732
256
354
1492
1558
3212
280
248
6932
354
968
262
4866
350
1746
2260
4300
5304
274112
348
1786
414
1508
2426
278
2536
5812
411902
1400960
392
1714
4428
4986
832
386
356
240
5342
3292
6724
378
2848
236
1618
68
384
360
442330
4338
461182
3490
6218
4500
2384
2702
374
2922
248
1488
490
1738
378
1090
3328
2138
3116
1630
562680
350220
2054
3852
2204
942
702
3724
242
812106
2704
1914
10078
258
8396
1134
726
2108
11274
68
66
6638
248
5474
368
1060
6272
3816
5158
1308996
244
2562
252
756
5060
388758
2122
4236
240
788
2152
7102
254
532780
8072
9126
1122
938
2764
2308
2080
7992
25680
1732
1508
2132
3264
68
1852
1186
680902
2812
33512
4496
3064
410
792278
5492
2734
1166
706
260
219880
3026
2476
924
248
2294
368
501028
401350
3646
288
846
1450
5562
11644
8866
4832
1075730
1258
2596
1090
238
1264
7472
906
834
704
5312
5680
6238
2966
1368
3060
3908
5556
1608
926
9054
1586
3112
9338
2380
246
1058
2748
1192
5132
1476
4908
1056
2668
258
1378
9352
12610
360
2454
5600
8492
1470
571664
256
1270
3746
2848
9460
7908
2962
1226156
4106
1618
2156
6180
1142
82674
596
5966
1546
270
10430
694
3390
4166
820
2494
2102
1930
2178
1738
368
1026
1640
752786
4092
936
346976
600374
362
5194
2828802
2896
800
368
11674
16960
1492
2176514
3788
5748
3508
140530
2560
1408
1168
8384
796732
4230
544
980
4708
568
1826
4872
13686
5728
1160
3608
1282
236
2994
5620
4398
5050
3300
660
3234
1144
672
4638
258
12602
10152
6074
8218
1078806
1581706
5622
7848
386
234
1066
4800
1064
1070
4070
3610
1054
5372
959848
45662
3324
1046
2598
1352
250
818
9840
496
6690
707846
5550
3322
812
534824
3490
1282
236
116344
806
5228
1974
252
55114
384
3220
1288
1158
1320
922
396
356
2466
66
1688
2522
3776
940
86704
2566
9240
382
447052
1842
254
7294
1670
372
252
1132
290
7018
2974
736
1016
66
68
2420
2316
5182
1838
1898
2738
288
2844
408
10590
2674
691788
4330
408
1408
3280
254
2464
53566
4500
3186
250
1570
1596
596
1472
2316
814
2952
930
6630
1874
3814
2302
5238
6808
254
1954
250
6508
3000
3728
6638
240
6164
455026
906
4114
5094
252
406
1612
496
2258
712
25178
3536
236
1246812
394
1344
258
3876
92722
1306
1152
1576
66
68
827686
1352
4498
6164
5656
94328
3204
2046060
1848012
242
5928
250
3826
1160
1806
4706
260
684
34512
55204
244
722
2774
3796
360712
1626
4142
582
802972
4828
7546
5634
1432
4148
3952
1230
1564
942
4820
1494
1334
10022
120614
5496
248
2768
11522
1094294
374
1036
3466
7282
3256
6062
256
3760
3938
2914
266
964
2772
82642
1942
403408
85834
4408
1064
68
1738
25282
1046
2002
914
1510
2284
256
684
708
2180
1638
4136
846
3706
3936
3708
4010
992
1152
4482
5262
3686
956
3048
12538
246
238
3852
7116
914
2386
1344
198494
574
3574
466702
256
1094
23708
9820
2114
820
264
1514
800
1256
914
2696
1612
2536
830
1546
8806
680
380
266
486
892
922
1360
2378
2086
2248
820
698
3314
1662
1046
786518
1454
2038
4898
1448
4682
798
1716
570
334842
806
796
4056
8508
32832
3920
3610
4134
578
380
240
250
2052
568
859200
1924
816
6338
119950
3216
4240
185992
1044
236
250
7808
3702
410922
406
614
173242
7328
5168
4850
1630
409458
958
2184
920630
1490
30760
4958
246158
4236
1392
260
429874
7520
1256
2086
115986
2142
439656
258
669678
2570
3784
791278
2158
362
6386
578
240
6092
5344
66
3800
3442
6744
220
2018
372
824960
838
418138
272604
3696
5050
5920
930
1678
8338
7052
1282
2218
940
1814
256
1120
240
254
2704
77244
5174
3084
2278
8634
130256
3236
1342982
576730
1670
742
2644
2688100
1148
1884
2748350
4198
8992
1654036
684
244
368
1970
402
374
7186
1374
238
254
144940
1418
7612
13452
2408
4166
3728
680
944
5108
1494
4290
240
2766
1528
4276
2304
3072
1836
6592
252
6132
70
1342
1274
230614
256
3946
270
1260
5758
2612
9990
6042
570348
2000
6140
2806
406
1510
9806
1098
1870
3074
912
266
876590
1802
5242
3112
1282
370
4364
12366
362
254
3284
242
1062072
1608
1406
6692
1500
1772
3140
498
366
278236
238
3694
368
248
378696
5332
2804
578
745964
3026
1556
5066
2296
1578
1122
936
248
14216
1280
3112
2790
1338
258
1306
5348
924
286264
6268
276
2144
3916
372
810
5262
242
358
282
2188
254
990156
5040
7654
4058
3140
574
1148
2242
4896
1724
250
4238
1728
266
240
3974
3084
1630
412
6324
5178
654
4548
246
258
804
3862
3528
2046
3998
4124
268
1684894
1086
2044
5698
8898
6164
580942
3736
372
3142
7466
2506
256
6606
2392
1644
264
1116
258
2292
1168
2222
4824
1038
4282
2314
281740
238
3154458
2106
394
6944
4890
6586
6282
2626
759316
1986
1762
290
402
2402
4880
254
739290
4108
2278
2140
700
1730
65026
3784
579160
268
5480
4824
229706
293648
2622
8042
846
4438
238
8976
242
8574
6808
5750
237826
7702
1062
3148
5676
9720
2870
238
1744
5404
5126
2596
256
732416
251794
3650
1048
4000
2152
5310
350
2816
282
1968
798570
2786
2448
1774
924
2844
1256
1405620
698
368
2218
814
3036
102186
4250
1576
916
262
2402
3176
45672
2164
1756
818
4680
1798
4872
380
1674
15652
12024
5144
4070
260
254
2702
2718
3920
228764
1562
4518
564
5552
7610
763134
7984
1292
1316
4450
5710
820
386
10720
14098
1570208
3316
7622
238
248
30302
264
2240
1414
4036
252
580
4074
1484
4220
5204
486
49486
2640
1492
3694
5728
263594
5536
6178
704
1718
352
8932
488326
258
11160
812
1596
2292
926
1930
10018
1282
906
1282
8032
3770
1812586
262
831094
1796
872826
230
1642
2634
1580
826606
1744
244
2234
11080
268
1532
1906
11234
2566
264
244
2554
1588
96106
1174
5734
11304
1302
4966
362022
1602
1400
2180
659972
1842
2150
5316
2804
4880
250
240
1939554
68
2558
842
1532
766
1152
9902
3120
378
1014
2902
400
2898
8974
398
386
5180
1136
9294
1854
5736
1486
2054
1504
828
3718
1596
2842
734052
229590
4558
1394
68
5748
2708
10122
258
352
270
1902
202754
1110
1014
5944
240
5734
6744
2546
2506
8830
6362
9806
6282
624
704
2362
380
820
5642
8574
5192
604
2846
2448
1374
1064
3204
3112
368
8372
1727724
844
3958
824
828
656
9080
3776
1336
378
7042
1584
4262
1192
272550
938
684
254
270
490
978692
7770
1586
2048
3540
3322
6010
584
1508
1124
1724
2032
252
7432
3428
1060660
250
3864
5766
376
5522
68
4218
1234
278
108938
2110
11064
297190
250
252
800990
6806
2034
238
4440
956
4688
1005842
1126
1802
3768
386
8734
2724
1470
76246
8170
1466
2030
17894
5238
1180
1834
563382
4174
12284
232
2162
3380
3950
344
250
246
4962
3284
2592
4884
278
504
243058
6296
6474
2848
368
1274
408938
5050
1784
882648
1806
5528
238
1250
5992
1722
1230
345868
122712
346
906
1136
8460
4932
1724
1026
362
370
5720
333608
802
1658
6140
2544
4530
4444
258
3562
2632
2354
1208
1688
680
370
706
2620
2192
1112
2036
248
9908
1504
27606
3336
101446
1832
2876
3274
3266
1392
1162
2670
898
8914
246
250
1802
359618
6824
1364
3662
2544
888
2654
2718452
9256
248
68
68
294
5998
5646
5004
244
1782
5438
592
12020
7984
11482
252
264
1686
566
1610
544
7126
528
1566
268
159824
252
8858
4132
3566
364
5506
1640
2034
737388
378
252
2714
246
1040
2830
1662
4300
547704
368
2508
967194
812
46020
1188
6426
1160
6424
113664
70
66
7468
682
1660
13014
32804
68
1362
12098
3010
4350
346
816
4826
1994
1874
2060
1806
66
68
4482
1766
5136
2942
1066
1692
1904
490
1648
2078
2142
3860
4136
804
1422
1372
5232
1020
7286
3460
191416
23764
1376
2806
1230
22508
10194
6732
1938
2102
6402
418908
374
582
7898
1716
105384
238
239766
7298
232
3184
332
892
9210
1398046
41854
5562
101110
1748
244
1842
4598
254
820
65926
2900
4088
2580414
17334
1598
244
1560
3372
486182
1608338
3908
278
246
2740
6572
1272
6150
2120
7948
1932
3422
3404
2538392
1798
5392
386
4822
640
2010
2508040
190
10928
3182
240
1362
248
3254
236
704
1695954
6352
2710
810
380
254
68
66
2804
1688
3796
3000
1582530
4574
1146
1382
3388
66
68
2812
1634
1258
13316
368960
39686
364
2078
256
1984
10730
5374
6160
156580
1040
1278
6444
727108
288
3178
1826786
2602
4524
362
3600
2666
7628
240
1002
238
3524
2878
6958
1066
7018
2266
760506
242
189458
1996
4240
4382
6772
258
244
2158
2366
6032
221342
768
6354
618408
288
55938
14410
12100
914
30810
2554
3150
5046
3896
574190
294
2604
5222
7300
2438
558
3392
252
1455096
1036066
6070
1031924
2586
1227486
5030
3180
3818
3456
4936
3284
1485508
4782
8136
5726
1962
1806
830
1168436
5554
1638
4592
2956
11032
4206
1133324
5338
1962
4360
5282
3422
2508
238
2140
1898
2490
3344
260
1854
2422
1332
84
4710
3354
1944
1098514
232
1836
784
858
66
1134
3934
672
3412
138844
205754
4522
4704
832
2876
2054
248
1006
7534
5352
458960
2010
1508
248
853866
69338
6706
670
4460
30384
3650
356
1550
368
4152
1464
199862
115068
2876
234
252
68
68
3890
258
828
2624
1244
7888
4608
1918
940
68080
3246
2730
1680
238
1216
3164
5448
103808
252
944
5122
2498
5378
958
1486750
4196
4360
2404
1470
3692
236
8326
2350
3176
2354
4002
1138
399476
76146
1806
4114
5786
7108
1356
916
358
1506
2822
3132
230
244
5096
4392
818
3768
1029750
264170
244
2052
268
1366
5044
3726
2676
3694
2868
785102
1240
7986
667188
3646
3410
17248
1134
190850
407356
8118
30544
68108
2422058
2704
403778
1554
216058
2268
2144
756
6312
3386
6174
236
362
4026
2286
1440
68
5346
254
6712
2422
236
141104
256
5126
950
2720
1754
3304
242
790
3346
3570
246
3572
3490
266
1646
3468
527794
248
4892
686
1564
1692
3040
248
2336
825526
3064
1812
240
232
1748
1776
4754
780
376
9352
2686
2430
909330
1309050
1374
362
13134
2926
3222
1846
916
620052
7684
3350
1430
384
246
1690
815070
280
470
1994
14254
1702
816
4678
2166
1067414
3050
280
7032
254
2900
5992
244
66826
20472
4860
364966
3978
820
3136
3424
2726
4664
1254
1804
4908
1060
2124
238
380
74566
3188
3040
4794
1158844
254
234
2086
2924
2472
138364
246
360
886
3540
3254
390
4308
75070
14672
2656
1132
1396
734996
394
68
68
2174
242
1360
1260
252
435802
2030
234
13068
250
1158
232
1554
3396
3872
368
914732
276
168980
1499450
372
4366
3986
1422
1260
2284
4740
1512
3602
2380
1144
1262
4234
3634
1174696
2944
2808
5536
1692
3892
1054216
234
3806
1926
2524
1255086
1912
8348
2058
252
894
2820
1476
8110
4044
4962
5156
1162
975748
7790
556530
3446
68
158024
718578
1806
366
2978
1996
627466
1960
3116
3358
3490
928
2010
44960
2022
3652
1806
1866
10586
288
2642
684
938
1100104
352
1368
5262
174538
3172
42492
1860
1050
1538
1354
708
3978
248
256
2606
242
346
248
60262
7970
2470
3706
244
3254
4152
487976
580
580
3436
1584
1326238
246
780
246
940
7132
2766
380484
1390
4276
1784
1809632
1179852
354
1030
268
256
574
400
1118
4620
240
804
142990
2736
257746
710
791790
960
4996
2696
1256
173082
2970
5210
1776368
5030
650192
236
3110
6986
53522
1622
2752
3634432
246
234
250
1688
682
2890
240
5548
362
1794
3992
1046
246
248
4204
406
4646
1434
362
6848
11870
2172
688
8264
1586
1242
1298
7624
232
3352
1802
1054
242
5168
8242
912
3308
7622
6056
364
2850
378
776
250
1362
4054
1073252
5092
236
686
260
4738
5054
101608
673364
4414
739448
5824
75872
494
914
366
4150
894
246
392
1806
6420
264
6214
938
1266
2272
396
7910
836798
1288
250
260
7832
6484
1924
1144
1580
3310
346
372
1394
842
5356
4312
3064
2384
6914
250
7888
1048346
1048
5152
6150
558
686
824
254
412
234
4176
260
592
3578
8392
250
4064
242
7340
1136
10226
244
558
11906
1490
242
4822
2054
652
3522
2042
244
12090
2018
319680
573236
2386
3498
3608
242
1356
3752
236
2586
234
106190
828
1202420
2500
8376
2518
2184
1114
954
1652
7422
2840
475114
2500
1154
3084
2756
5392
1442
2808
722
400
614
1824
352282
2316
1076
1630
3908
1696
1104
475530
46924
950
494
662
2898
684
696
1594
782
6652
3916
846
2500
572
4686
260
562
7986
6312
1162
4196
246
1262
3494
562
2492
1652
256
1170
2444
2226
4700
2060
1138
5648
682
672
592
1546
5954
652
3910
8068
3634
7526
342
908
4994
3138
2044
254
904
398
2196
3086
368
566
806
1618
2746
260744
498
232730
2348
12892
942
2980
1710
9152
1302
1044
1736
1708
595996
564
898
244
731804
2996
636
5440
96300
754
1620
254
246
2144
2660
254
1262
2826
3838
818
2494
3810
1034
153962
1102
8724
3094
282660
574
1862
6326
592
322
4522
62038
159886
5784
1260
974738
148778
3076
1250
1164
5318
152352
670
280
1064
3628
780
476
1470
2488
1374
1556
832
2402
4230
5678
1120
4748
5664
4114
5670
1046
282
3692
2282
220308
2824
284
5188
1390224
357166
2140
1714
242
2430
1902
9522
802
368
681260
790
142662
786
378
24378
232
2082
2440
894
1119152
986
1668
5992
4284
260
928
252
1648
1266
5292
32146
1658
80732
4430
234
3488
5864
42024
844
1880
1433532
1188
2248
8662
1962
4300
934
19122
1946
3318
822
50608
2200
3702
5202
2278
2038
6678
2616
2170
238
254
2356
5488
822
1902
4784
2083306
390
246
1358
958
940
7544
7020
3976
208322
682
664
504
143558
690
886
2296
574
1014422
5072
143690
1238
8190
2328
2972
5082
2570
531506
456
2298
1744
588
224
2446
770
1406
1138238
2150
5810
4230
4918
8544
576
5614
4192
3608
3908
1508
2336
5592
6510
568
1320
2190
3254
2066
680
1012
2062
5082
252
5770
4564
1054
3558
2094
948
254
2434
676
666
702
4320
2378
235654
2636
3898
340
427132
619862
1588
1222
1014
347610
2074544
2068
922
1336
1600
1662
5944
942
1820
102912
1177996
8006
4666
2984
6364
1088
242
3538
252
211758
2484
3748
6660
2362
1436
4660
744
706
726
2630
3514
352
1635582
954
4228
623902
1932
68386
4084
744990
248
2102
1162
922
4764
2928
1858
2472
3192
4994
678
1836
2002
1830
3272
700
560
5932
5034
1930
1622
2458
3130
2080
1368
2188
800
6824
914
6100
982
1278
1260
2470
2174
2358
1778
3398
2422
698
670
2616
1114
3024
2512
3446
2036
3822
552
2112
2244
3130
340096
5920
2204
3096
1198
4848
188378
378
204976
1928
692
8426
842
490
160928
3194
1284
1208
6472
85488
1304
696
4852
2312
5144
87558
680692
7780
1648
246
3072
1280
4298
9662
682
2490
3482
844
6768
418
177382
1846
7854
1446
3790
1038
950
1984
1464
264
17924
1008
550
1012
12798
5770
9062
2190
574
922
4530
1424
3312
8978
1510
384
2822
3804
698
776
260
1622
672
1832
4816
278
692390
578
568
942
1894
1578
248
1110
3526
1830
1586
494
700
926
2746
6184
3580
1436
3152
3784
248
2312
3590
2170
2492
1128
5262
678
692
3202
1038
2600
2572
4006
664
702
614
2234
706
702
66714
2908
1614
1942
3460
12058
5184
562
3288
1816
1120
558
2944
928
4544
3742
4326
716
2606
1968
3408
1556
712
2076
2012
1232
3740
676
4448
2644
1124
2352
2532
248
149474
4126
772994
3748
242
850
1380
8862
1466
364
1172
258
234
732846
684
1276
686
900
2834
1068
580174
2396
3096
822
4446
11592
1438
2960
802
2626
578
9336
2074
2092
3144
812
262
684
250
2328
5242
936
413632
1026
940
1008
4028
1846
708
2276
914
4262
934
68194
2442
5178
4068
5536
1158
3618
1106
3710
68
1190
3316
970
1468
278
668
700
1762
4178
10518
936
826
2534
3946
1550
2062
2968
532
2218
443664
572
1388
1438
393982
842
1984
265892
10368
2172
560
1324
3822
368
1158
1350
5604
702
2704
668
2346
2996
546
358
1364
772
1164
290420
476
710896
1710
776
1020
580
8412
9292
1888
1158
252
1214
942
222
3820
6606
3072
1230
173614
3476
3730
260
828
3584
2080
1116
4626
7770
2060
6156
376
10242
7042
1974
694
3214
926
4240
73620
2824
1716
131790
248
5280
1954
2320
6114
12478
764
346
1694
2572
568
2852
1004
2376
6172
1888
252
792
982818
2634
2046
106802
1276
252
268
946
5364
2578
248
1040
2058
362
3276
566
3370
2640
2774
1996
1082
2414
1946
1344
4670
3468
364
1486
1102
692
3698
8936
2444
1342
420
7474
3572
1704
1734
3200
64150
244
446092
1576
6362
1468
1928
276106
4702
248
1176
3408
652
111520
4662
140312
13190
252
6218
256
211100
190748
210
2110
240
3644
1352
3130
764
70074
704
4750
8138
376
2528
4262
347790
2708
1526
45712
1200
4236
1046
3920
1460
708
5448
465228
9276
3866
1362
2042
1928
2996
812108
1092
932
59670
5412
568
45448
682
924
338
5378
277414
350392
1411890
7476
1956
5628
1574
1026
3176
264380
28050
250
5882
1846
447518
4846
1592
131792
1234
3496
2754
1478
272
254
238
1030
1182
708
1910
3776
252
916
3588
3502
58950
3602
800
1982
4538
6754
1234
4044
1144
2122
1064
1022
1020
2038
570
7998
1670
1078
1656
666
950
232474
133320
3268
2370
1436846
3570
461214
2282960
3770
183262
2490
1850
521316
1017862
368
1248
90610
1344
1876
3106
3892
3276
240
461156
604068
10140
1002
1850
5264
244
934
244
720
3986
376
1590
1358
9424
1060
1602
1500
314654
814
454
1440
1378
4278
1792
12222
3668
1934
818
178852
2874
4026
5932
4088
682
904
3066
2186
3024
58312
1083912
2124
4826
2844
574
1044
910438
1350
1500
418
7826
1416
1334994
6592
4080
4126
1862
796
6280
2336
2706
2142
1908
3890
694
806
370
3210
4136
1434
4064
378
8624
517262
1032
1400
1864
786
1846
6014
564
1980
724
2288
246
4138
2144
2354
6058
380
2150
784
5852
3764
2292
1192
780
3998
1646
666604
710
670
804
1228
246
5936
2498
1432
2824
234
3178
2282
7542
7284
363634
1152
2880
676
589608
376
904
2056
2630
158436
14576
741966
518
307602
11662
8624
1572396
1144
2522
258
5298
1172
4710
382
484
2632
30684
244
4398
1394
920
2674
3726
1062
256
6270
38496
3092
1774
374
2630
222
396
254
6360
372
2144
2086
246
3426
176472
7082
372
2978
6462
5648
4820
246
254
95654
1396
1466
8648
1592
824520
4676
252
1694088
1307606
932
2460
4984
3270
4392
244
380
15368
2778
468
390
1488
2794
1066
3528
4392
1257894
674
2862
366
364
2288
294
1162
1226
1500
2826
2986
488
554
810
762
2466
4594
563646
706
26274
6904
342
1460
3917866
2078
58546
3862
928
2682
6626
246
244
4304
7452
1998
250
224612
3634
1410
4022
3592
1990
960
8294
5238
238
2810
68944
404196
2962046
4208
670020
3600
672
1444
922
6914
1368
370
364
1952
286150
338
4354
1894
1333286
794
1636
11948
682
1062
362
254
2542
813864
238
250
468
4372
222
1324
1864
1464
368
11026
258
5100
1288
5744
7554
63434
1246
1940
254
2234
620470
2872
1334
135446
246
1498
230
17002
374
690
366
4002
352
11798
566
653128
710
1350
8622
4302
240
267980
3662
2534
250
248
2352
6778
252
1392
4322
792
541168
2140
2318
371712
1525496
1492
2902
1394
532
264
3324
2894
250
4820
6640
1714
1012
246
364
1574
2522
2768
253438
3430
1364
755024
1320
7102
1704
5298
378
504910
2628
470
250
3880
3994
268
1054
12026
1910
5828
388
4806
6682
202966
1364
1944
1964
6786
2270
254
1602
6294
2650
2006
3218
4180
3912
350
68
82
460
246
1884
1818
1534
1316
10040
3040
2216
800
5820
5158
6270
6844
710
8256
70
1194
3472
680
1175954
130116
1732
2470
3690
358
356
1668
9112
1228
776
2596
5780
4528
1781780
3018
5852
3523602
4962
2224
360
898
1280
1120
1640
4900
4118
246
292
3634
2734
3546
992
1496
3986
980
4230
1098
256
4786
2012
1588
1352
1250
2818
378
4618
1020
338856
1618
5540
1444
229584
256
13636
2473288
420410
852386
2096
684
1608
4188
2716
170846
2340
3058
1172144
1110718
14210
510
739816
2434
1510
2278
1530
5178
244
4580
380
1588
256
6958
4428
1774
1312
1090630
368
3018
8308
3446
2718
1940
29426
479956
244
3082
554
372
362
858
829128
1116
9102
388948
6852
666
366
3678
938
2558
1116
40120
494840
1850
221858
5680
4966
3130
5134
1802
1324
7512
4354
2354
252
342320
2286
236
197248
258
18666
706
68
4038
234
1866
1154
1554
568
1062
18602
566
6158
5372
9048
3124
236
1728
258
5326
1520
6586
1978
4086
2066
1276
3458
86002
240
3630
68
70
3022
5538
3398
5790
2672
59650
1282
1778
1993196
4682
6830
153862
410
1796
5132
1670
6142
966
23546
4760
2364
1140
2706
68
1466
706
1674
3086
2910
1196
236
788
313430
6268
3274
242
15820
219560
4552
250
3210
246
772498
4684
1876
2948
933246
519444
3136
666
4380
1300
932
2202
606
248
9360
248
1428
246
248
3864
1006108
412
863010
260
1300
674
232642
1868
2838
798
117808
246
2052
746496
506
1364
248
2042
240
3592
5138
7748
2202
4696
390
2174
248642
1882
1966
2080
4539122
1262
238
6894
3604
2550
1042
1400
6028
918
2836
1036
996
1374
6190
7064
80
68
246
3402
2564
3056
141662
3306
6296
4392
218
524952
1352924
10004
2564
3292
1834
842298
272
676
9164
2284
1276
1612
8962
2904
2734
2164
3218
486
254
1492
3550
634
1165526
68
9422
1126
533924
251034
5850
240
2008
4550
391786
248
550
250
894274
91792
3472
1586
1920
7310
986626
354
244
23470
1095366
7042
151534
1500
5236
6048
1520
1260
252
3130
1648
242
472764
260154
688642
5054
12614
570
250
362088
398648
1478
366
368
308010
3402
341400
2758
1858
12548
214304
826
511804
254
142642
1540
628
484
246
246
2482
260
878090
234
706
946128
4640
1148
7620
252304
826
246
242
2518
240
4468
3676
442110
1380368
462
1922
2764
94810
1960
370
2152
244
5200
3394
8060
2842
368
372
2526
786076
1708
3826
50378
706
179136
4140
3201468
2394
1534
1920540
3694
155978
3184
2824
6810
1532
334630
1670
450656
236
5442
509690
1914
359226
479260
86346
244
195256
1944
356
5738
2608
254
2748
2094
5936
280
5882
2544
68
68
3684
2954
129900
5370
1816
2622
984
2936
4908
730
376
5630
572
120526
2734
2324
2788
1730
911534
248
5328
1854
3806
254
141262
139650
1554
1580
71256
1358
2732
1822
2052
9308
4078
1860
1132
3312844
2624
476896
1572
3546
3680
10356
406776
660
242
218
6772
2650
782
1178
6642
7250
3318
924554
475990
246
74
68
594
3386
420666
244
1190338
3466
936
270
6592
3212
1618
3038
766350
5234
1082
7296
2130052
372
1978
246
2372
621554
4942
8252
1714
2580
4442
3720
4890
191516
1373072
2004
5430
392
9428
2498
1600
366
250
2968
646
382
3346
2138
354
2170
1552
676
5810
1280
4530
3210
388
7366
4798
3836
368
250
4486
1486
2240
362144
1506
1252
1460
792
708
2552
1124
2134
167206
1594
1048
1158796
250
620
498
2214
4136
1244
5136
2138
788776
687114
3356
3074
2626
1146668
3150
1424
376
2046
2120
917212
1612
2468302
1286
1503240
4214
1884
4222
157056
7242
1018
256
2928
3596
1764490
386
4360
2100
738180
1498540
250
3702
4830
4548
172688
147312
1634
6526
230
2177544
2518
7978
180794
2836
1178
672
1458
2066
1046
246
1016820
39314
246
2490
1340
1520
2638
5622
8418
4278
356
938
3288
1834
142922
180824
240
2612
1500
3570
7528
2186
1562
4900
478
2748
3286
295570
214800
240
4348
503056
1586
1666
2242
5254
5788
1618
1258
70
892
1636926
2530
2178
1647082
3208
462
2652
4396
250
246
1747932
2178
165008
280
238
4808
938
1520
1522
64688
2480
1641708
13880
6744
1604278
1532
5832
928
354
246
55508
1430
10092
13870
1744872
515160
5784
908
3180
2198
2755798
936
354
22922
244
356
3384
1234
246
65730
3896
727292
38166
1528
2766
556
258
5232
390
2376
254
3214
258
1922
11874
382
1038
4274
8580
360
436946
5490
2396
22108
5526
3298
2056
2084
822
1342
8950
1534340
2218
4150
786
4676
75744
1590
4308
720
810
1924
2372
1142
3068
3216
68
1676
327078
11490
1752
592
5006
1420
5018
225008
2614
418894
350
7432
262
696
66
68
258
262
7914
892
3154
332130
1336024
91242
4276
3218
2040
35294
700
1564
264
4844
1486
1544
9216
6660
1860
714
2042
1558094
1092
1355310
70
68
4632
2428
1236
1660
361584
406342
2206
1610
504
547532
1404
2232
3876
260
1008
240
4684
10310
4750
1313088
2462
3538
796
1095792
2756
2038
260
3958
478472
394
6582
6974
624
1732
447076
252
653734
4462
86380
2382
97050
329696
3148
323514
13030
304916
814
406514
384068
5374
2506
4758
252
1068
296816
3196
928
3742
244
352
367046
4380
388
1552
376
4482
2248
9342
2106
368
71514
2704
5522
1371930
1472190
250
2802
1408800
3212
1256
3276
1404
4978
1615012
3724
10570
2826
2768
1594
4894
1160
540490
240
7966
386
1146
514556
352
506228
3374
4762
370
5452
236
162532
1257474
903970
2554
1706
250866
228674
6564
5728
1376
1816
9830
252
1096
3426
10140
4136
6208
4826
820402
236
1722804
1668
344936
174094
3152
262
5184
244
374
1010
283010
2136
966
228
1732
3450
358
244
262
4412
68
1866
3388
217288
654
1440
422
1494
68
4506
2292
2518
1076
940
22490
1026544
4572
6860
958
1480
6778
3734
2384
2090
1864
1040
856
5442
1584
7196
1146
244
1028
5646
2104
9052
1494
254
1942
6032
570
3002
1612
2752
2204
186474
1616
3554
515174
4120
68
244
1736
571410
408
1806
5620
7240
2400
602
2202
2946
3518
6508
3060
254
1742
566
1344
2630
246
6714
246
61850
8270
8712
238
312366
4162
714
1400
1174714
1616
388
1088
4692
1070
8466
1691494
1250
3008
6474
3524
3822
3760
2492
918
360
2100124
2950
358
1590
254
2764
1850
175850
4204
270
2958
2892
1229766
324248
52500
5196
75852
840428
566202
721452
473372
1390
1354
362
142302
7324
1810
2738
242
2218
3239890
1832
264
354
2050
830
1756
2154
2222
960340
5264
6214
3730
3294
220
344
244
2868
3982
5700
4122
3042
4000
3760
5862
443102
1498
1498936
1504
504
98888
5664
3434
254
315438
5472
422
5318
1932
425110
2106
8916
1097752
503602
826380
368
1152656
700
4704
328
1516
260
1336210
101604
368
183580
832
150638
246
4354
332360
26628
373818
1002416
1612
531330
66184
2295200
1750340
1016
315260
1132
604
900
5016
824
1452
1524
1038
469916
7844
195294
1370
883886
716
612480
318652
250
280
1234988
1874
812
240
2410
59848
2112
1256
9272
3726
376
2412
418
794
2982930
574710
1196
1152
4136
1318598
4014
372
3672
283538
7184
1364
1746
3402
509796
560520
4946
247992
3368
1042
459514
5250
356
10360
4646
714
1202
2066
4142
3862
3466
1380
12818
4044
1488
1117560
262
4082
5194
4408
6854
7864
2302
2734
236564
2228
1620
578
1460
1398
1394
317992
3742
816
7876
1022
710254
3360
4032
1922
5724
5022
2628
366
362
264
2066
3272
910
5036
1173568
2272
9878
2046
370
3794
5730
8768
1808
250
1170
229976
1670
250
2492
1150080
2360
1390
268850
3064
814
812
244
311638
4216
502
3828
7222
258
2258
1148
336924
3720
1440194
740
2406
490328
3960
98068
3444
250
248
2782
1522
2806
942
1896
2838
2062
374
1396
1806848
858708
1962
8118
1269528
2796
1366
253940
6110
1082
99758
1252
4904
3660
372130
2864
1238
3188
800
3252
4144
1560
4438
1190262
3808
3324
258
5726
244
226438
6652
250
256
1602
870
252
4068
9512
5786
6042
5748
513282
5460
3278
7162
836008
532178
1711250
998
6626
1397802
2416
66
236
2242
7816
254
14766
240
107220
1350
1444
5322
2408
262
3184
1418
238
114820
928
2252
3838
1036
816030
2022798
374
12424
3974
1734
350
584
1542
206252
3356
804
3614
3646
266
1014
8624
68
68
87630
228
155806
7618
3127558
860318
3726
2308
1394
153510
231320
946
2070
560090
702
221078
2572
3481150
682
1140
5562
812200
1364
17982
1448
240474
1500160
5568
4706
1824
6582
4170
714
966
10152
2150
274
436768
197478
134668
2522
362
2978
5564
894472
3896
1972
5462
254
1496716
482790
5844
5902
250
1602
2472
4252
866714
2168
372
1540
49068
6706
1368614
2640
2616
2630
1504
1838
1004
4984
260
358
2928
484180
902726
246
2464
2502
8446
112708
3322
885330
254
1830
492
1302
3890
64672
252
3348
3814
1942
2836
4234
55086
256
264
5782
9210
1310
2846
1944
1438
426
1724
845808
1362
808056
1188
4790
5082
694
1722
268
1692
250
15976
125922
1125588
6834
1594
1146
2990
1830
2174
1778628
6018
5184
106266
2966
2606
1950
7270
5300
250
1154
4444
1498
291130
1506
2416
3968
810
862
1154
1150
3208
250
3250
412560
818
734080
958
896
6666
1076
516962
1224102
276
1368
1165096
1380
1830
2628
706502
5974
8492
5350
13350
980
3406
1362
366
3648
2078
199638
4496
2874
2304
1380
5418
350
1378
1392
2872
4152
3154
3540
844
12312
5708
68
66
3042
1152350
944
4546
3980
156128
9518
240
228112
510610
1276
513420
6454
3838
176854
802
1256
10718
242
3348
12334
3320
199070
824
2492
248
2568
6438
10694
4642
244
490
2176
1328
33532
5658
1438354
4034
684530
6352
356
901544
1554
4444
240
475906
252
1648
598
901530
59120
45878
246
960
4610
5934
354
1577766
3502
1796
466
1306486
358
4336
1095082
11628
2502
6150
250
1298
400008
956294
8748
922
5600
125956
1388
3702
2834
176656
1003606
1492
6024
4290
3628
732
860
75068
5408
2342
425490
254610
1486974
2356
380
2068
368
1648
3734
846
1675892
3380
1496
2576
4654
1938
688
10838
23354
58944
946
6068
256
492
3784
2346
4828
1316
1220
2114
3988
2322
327658
6800
1252
3676
250
27742
68
68
1620
1842
2204
2080
1042
708
2014
247756
3972
2198
400282
2816
7018
1926
1066
570706
802
938
332614
248
144112
2880
731528
810
6338
4762
1168
3552
402
678930
1156
82596
234
104840
1330
250
352
1366
1394
5186
3932
1024966
350
2048
2794
918
926
502
642
14704
2874
303044
242
1332
3474
1444
127046
827340
202458
2134
2684
252
2388
1814
1365158
6274
7010
4384
215322
521978
710
9220
1122
4318
356
192678
2712
3266
17594
68
80
3044
5154
228
2876
1277076
1538
570630
4682
2244
886718
190742
8010
66
68
1694
3282
2540
305406
252
3520
636274
368
4338
2966
1630
476826
902394
2280
10152
581482
1844378
326366
5056
2252
398486
3408
2082
11464
1778
3358
1386
618
844
4356
358
3796
688
66
68
249956
7322
2236
7856
4438
304496
6188
410
1344
1706
8564
1186
2374
4774
4298
2492
1262
3900
5916
2624
2564
4676
66
68
4892
4510
268
5870
8472
2254
354402
248
2374
1006246
3882
700
1654
2430
1092
4524
7586
314776
1691002
2172
2414
969656
6218
7062
1236
115404
238
3016
408568
7792
2804
2084
1286
14332
552
9304
1512
1238
6328
236
4030
5162
336
7202
521986
252
1894084
1051998
2126
1578
2880
5962
19608
7060
1888
352
256
5304
250
800
94368
2742
358
4218
2752
1742
1016
386
254
18964
4066
10486
2495732
7392
1280
1186
272
1666
1444
10882
588212
252
780522
794
4570
1125170
6918958
1464858
1508
2212
4118
4664
625328
910
778
1216
798
1802
686
68
346
4378
688332
1804370
3916
658
158682
1049620
190624
671950
3180
1776
46336
830
350
31962
4550
1846
45468
1980
1464
3476
1902
556272
3698
242
2868
3590
4382
14282
244
232
4760
1468
238
904
541696
2292
376
631884
189048
704
274
254
1940
5870
1898
3590
153426
1337358
792
1964
1030
295050
290726
16570
2766
2340
3594
494
123006
1950
2632
3410
2082
246
1940
2042
5984
714
354706
1054
5332
1192
1604
564
258
1466
928
3540
1826
4768
592
1104810
164826
6672
454
2180
2352
373396
2584
62822
9092
9542
4170
546202
3044
4404
242
402
1608
6748
104222
187668
3870
1544
10314
2628
386
694
7402
4072
4530
1430
3686
1972
2350
1968
1200
838
5822
103914
344
1704
22752
688
866342
2544
2012
3308
278
854456
796
362
10590
246
173174
1264
25170
9732
6136
1382614
3942
440250
2740
2132
1010
260
6032
2300
380374
4212
5998
195310
1238
6424
1468
470270
205978
2282
280
1048
480
242
3408
702
2492
2502
1049656
250
2076
2004
26562
4494
656
254
2766
5788
286368
2482
1034
1000510
620
7424
3354
5442
1292
279512
2006
3022
5794
68
1772
5530
2156
68
2524
5098
1248778
242
14092
3120
749968
2272
408590
794146
248
556
1256
6394
8546
307962
121210
2076060
2062
242
820
910
2864
5732
3842
5870
66568
1164814
268
4844
14216
1016
232
938620
171906
708
4490
926246
1536
1322
31088
278494
1328
9982
103716
4812
4064
2566
348
1838
7522
3908
236
860240
29072
9008
1134
236
3476
2096
1726
3336
6186
6304
1191334
506
203636
395610
1140
248
3140
284364
13586
1268114
574468
141716
242
6830
282
248
1806
4824
1468
1820
68
1133902
238
1173750
7160
2432
341784
1032
1410
258
264
28542
2216
7230
66
2702
8616
278
4016
884
3708
1366
629822
238
1364572
1190
836
1375986
2004
4804
1680558
2014
244
2532
1232
1770
4022
276
894168
55676
1494890
1898346
2168
1388
2702
3372
1986
932224
240
244
5902
3134
1502
2236
496
1394
938
2764
8686
68
1210
351318
1620
254
6690
9994
390
5836
5550
68
262
2860
802
2076
678
13790
3296
288
1456
656
1922
1938
3436
482
1038
2662
1274
3454
3792
6518
396
237768
4320
1104126
1270
1136
4550
250
364
2738
926
2626
481558
3400
364596
2598
15534
4038
1118
7342
4588
1158
1490
1530
2972
246
1398
608
1804
9644
12032
1496
6118
1392
1260
6110
1398
4310
641598
346
6528
7256
2384
1706
5460
912
240
3590
7348
412
67272
405240
248
8400
3498
1474
2392
358
1428124
2994
3594
2930
1132
686
193354
2698
248
466
1540
4726
1498
1274
796
1444
1122
3296
1862
1466
2540
2222
2050
68
5730
812
7708
3838
694
234
1580
820
1012
256
666898
4420
830
6962
1510
1071808
2402958
297764
1912
20632
4058
9250
890
972904
1730
250816
104894
3162
2018134
280422
59774
248
1820
3970
2354
2552
250
7048
4312
250
2272
248
712
4298
8678
1850
260
3316
6464
207644
531640
2346
889442
3764
36616
264
2026
24552
244
2244
4618
339240
3478
3748
1590
1998
108998
10750
264
1834
13590
70252
1602416
484
2928
244
121028
902
1334
614468
2264
1344712
246
5048
1702064
5062
29090
422796
1290
22642
68
66
34730
816
2230
66
3166
2954
66
1644
1730
1954
2544
1060
8562
4394
1824
1944
160146
370022
368
1790732
353188
346
383772
2152
6422
908
366
290
17084
231326
5394
361810
822
1988
14430
358
826
71838
488
828974
5962
1382
4650
760
2470
604374
401940
1479592
2198
472488
1692
254
5560
789556
1658
4364
374
7652
1044
1938628
252
4662
260
480120
1138
1506
1506012
1828
3204
3024
2234
5052
784
7930
904
238
910
4480
68
642
1920
1256
1164
592
240
3134
5534
4626
6908
113048
278
374
548
7112
292322
2718
682
4690
97986
916322
1490
4692
2160
592238
788
4224
232
1944
2592
5252
246
358
788
3076
256
4258
1144
1248
1472
2526
1330
68
66
278
1650
68
8072
1520750
274
12140
1792
7574
3556
1298584
72
68
3450
5572
2630
4706
5474
1722186
3234
944238
1392
1043606
1514
397294
1352
4138
30508
2778
8810
678
660310
3556
570
238
1394858
68
4236
11682
912
248
2560
173420
402988
812
6876
4826
278
898
2800
4884
9216
240
3106
6042
1816
1422
2902
1646
254
1830
544
796112
236
3414
553046
459822
3274
900468
3178
5468
4368
1106
3294
1584614
2494
1034
3360
2826
1732
5948
1052
455422
10808
1322
4868
8048
254
816
3128
7152
1122
2902
1912
250
1720
1256
531666
870440
1309776
1125416
1470584
7708
1180
3842
1932
5310
5022
246
2764
1044
246
830
544
246
774
4288
718
935386
2132
332158
564192
3202
1364
691044
418
3512
5690
276
248
1164
2964
908
706
2074
230
1238
274
793984
2064
7642
358
4478
1806
1090854
250
638
1586
2176
2538
2080
1508
256
1960
1492
4636
1200
3546
4906
1808
702
1046
809564
3766
6794
1174
976
1330
2314
1714
668
942
1442
246
144660
1512
3336
2012
388
824
734
3274
6974
10478
784
3356
1122
2210
8514
5370
8942
3300
221718
1206
1148
1894
904
4284
256
4094
254952
2760
4118
868
902
2976
6540
1642
7078
1468
1982
780
4054
4090
1378
540
8570
5274
2254
1040
2576
1740
672
1776
1478
4624
1562
1150
1750
248
5556
4408
276
1856
5418
10422
6760
2046
272
1040
1382
386
2290
709370
6212
1846
918
4962
386
630266
1626
1996
2518
1944
822
698
2388
2792
656
256
1560
4138
5956
236
2738
560
5454
1850
3584
3084
864630
1020
6756
1512
1238
726
2030
578
4288
5806
662
250
2844
1266
4826
986
248
2440
3526
4202
2626
264
1286
3740
1380
884
1860
796
4266
944
934
1030
3474
1728
4946
1312
1396
2888
2074
1688
1836
1808
786
898
2882
54670
2708
1278
784
1472
2264
2922
1498
2560
3042
3608
1774
1532
250
750
3480
648
1852
5596
2752
386
1550
4550
710
1906
824
242
297094
1064
778
544
1922
2542
1230
534
682
3160
660
9406
1716380
258
3130
731408
574
3044
588
1182
694
3046
550
250
2884
2676
1056
3126
3218
3118
119190
672
2696
1364
6600
10134
2072
608
946
7596
608386
5694
1084
3988
251390
2928
3908
3012
5236
356
1034
4158
2076276
3822
2114
3498
2024
714
4042
4792
1736
116644
1662
1476
2484
1160
984100
726
372
2570
1408
988
238
6220
8302
4676
4430
531086
869568
810
2458
1316
1832
3432
1470
1448
2350
7156
674
362
2072
6406
1934
3520
1382
1376
686
6720
1816
5848
3804
790
2806
6270
2912
1910
312290
210154
2092
246
3440
2424
388
348
3270
3278
1462510
8028
1424
1476
5898
928808
678
554
2940
1682
2868
282
1102
4078
4830
3944
794
1726
150236
1960
1098
1018
5338
1834
82422
690
6108
236
1158
2572
912
368
1594
3732
1032
3312
1494
370132
3554
3192
252
63224
864
2390
1658
776
930
690
864
2044
710
2180
684
6766
5092
244
3112
1694
4482
6080
5374
248
932
1060
4136
1474
2974
1806
1924
2316
4058
1810
2592
590
252
4044
3150
3596
3930
3256
325940
98528
5664
2240
1262
4204
4638
12374
1452
589214
175452
1040
1041474
326754
1104
1984
1866
2082
2474
572
1020
125244
516604
546
982
1490
676
572
13686
792
830
158572
2846
382
1734
1272
1608
3262
1447726
18458
6666
790
1536
4206
682
3502
2302
1468
3238
7056
26618
5416
5448
1718
2296
792
3876
4096
5698
3988
5436
240
3560
5042
1016060
376
680
256
7412
1352
92644
244
2746
5354
4824
1474
7026
4642
6202
1531946
236
2626
700
684
252
6018
468812
5848
7462
1712
382880
2704
10766
3840
1056
702
1076
2304
17456
1057204
674
3974
1890
372
514
882
67416
1053358
1950
266796
4398
508
2166
4818
2658
3944
749120
250
828
250
1800
2516
922
1662
700
24942
5592
688
549180
3682
2716
1932
1834
1722
5162
1674330
706
3234
325360
556
2926
680
2252
1298088
397756
694
784
6568
248
8668
6920
2400
231342
1904
4812
5270
373350
2812
724
1680
2400
8092
1706
2972
1274
7016
345848
1602
110932
252
1710
207704
633920
2652
3880
1880
676
2300
1546
6564
1442
1282
3182
2488
1264
912
8088
2662
2664
2546
3358
518214
4266
2078
2382
3772
15326
382
3478
698
2588
2828
2564
6616
794
1044
686
852
7484
1762
1694
250
1518
630
9492
2398
122092
4018
451174
3228
244
49122
4186
470
722
3846
684
1596
796
238
7238
3260
1010
1392
666
2902
2192
1688
3630
718
2688
7124
274
542
936
1302
2606
228
1824
2640
3438
2154
5090
812
4350
949594
250
3972
250
662
4962
1402
5040
4560
680
1930
1522
662
269216
1272
928
3626
3996
3034
6708
5672
1254
7366
407104
2496
5304
244
4710
5244
250
4854
428384
4252
1684
1292
3492
1378
9770
1940
148604
350
1634
3080
1354
2826
1276
7146
2438
6258
934
1532
4474
547376
1712
702
242
1350
1256
2462
948
2466
806
1608
305596
5184
1560
1872
2540
852358
266
692
1258
1464
1356
488
778
3436
382
244
1494
1130
1054
3950
238
2952
242
1568
1954
1288
4204
7736
1582
1496
1362
1128
7806
6698
888
1370
345530
1628
244400
260
4380
9362
6456
358
8360
236
2256
1752
652
3610
820
2782
183380
1940
3602
4408
672
768
7486
596
3450
994
98696
2664
5580
252
440212
3340
566
704
1148
5896
256
3512
459078
2492
1470
1508
3694
4976
2810
3890
558
3664
297214
308742
1138
1073730
1598
5556
1228
1986
3136
2450
2618
250
1014
2488
486
416820
3422
4910
2650
400818
3846
368
4418
2532
4384
871650
3058
1800
231822
2080
1096
5378
258
328172
4652
692
1732
1700
922
256
1026
1034
2850
157452
1544
1442
1070
398
670
2376
3266
2752
6648
576792
1676
806
2254
1034
6302
418606
9708
6162
370
702
3134
912
384
710
3268
7860
256
3608
560
4104
2994
1912
1358
564
1708
7498
4530
5420
812
1816
680
584
75768
2628
7282
6082
782
9704
3360
1412
2300
276
5584
26304
2010
918
1552
23556
1256
2382
3104
2082
11650
268
9534
1440
1256
4446
236
2174
1840
2624
3072
2622
1668
6592
1782
10672
2816
1630
1062
1332
1960
11608
3608
2390
1648
374
1136
1356
1116
250
7536
5458
11126
246930
1850
2178
5640
2794
1364
2308
506614
2288
3248
2856
2304
710
3080
1970
252
1846
2132
1002
1698
4202
392
3148
1906
670
678
1578
5208
4042
7296
550
240
902
386
1768
3630
2370
1180
5402
794
2276
3300
2364
2122
1082930
4708
670
3092
367166
1412
87206
1868
682
4590
810
776030
1942
3437072
9264
672
101232
148380
254
3070
236
1804
1944
