1ff:0:0:0:0:0:0:0:0:0:0:0:0:0:0:0: (total 9)
0 1 2 3 Thread 0 going to cpu 0
Thread 1 going to cpu 1
4 Thread 3 going to cpu 3
Thread 2 going to cpu 2
5 Thread 4 going to cpu 4
going to barrier (cpu 4)
6 Thread 5 going to cpu 5
7 Thread 6 going to cpu 6
going to barrier (cpu 3)
8 Thread 7 going to cpu 7
going to barrier (cpu 1)
going to barrier (cpu 2)
Thread 8 going to cpu 8

cpu 9 cur 9
STARTING...
going to barrier (cpu 8)
going to barrier (cpu 5)
going to barrier (cpu 0)
going to barrier (cpu 6)
going to barrier (cpu 7)
STOPPING...
Duration      : 10000 (ms)
Acquisitions  : 4975852
2166
101816
146710
562
988
228
109954
43032
632
242
758
20430
790
494
68668
522
112008
684
550
1204
1492
3762
238
262
394
164648
802
770
325156
3080
327910
1296
1802
360
4984
319114
2220
1510
2216
512
4850
1574
129324
280406
12488
668
372
2276
616
744
4246
1736
2518
7370
3022
1614
1352
636
1162
3050
1808
1234
3316
4396
3532
91888
1928
220
3394
238
902
1084
636
1280
1344
1086
5824
1188
572
2380
636
530
510
224
269682
3420
3082
1340
1538
2416
118848
1216
256
1522
728
750
1126
750
1134
1462
290694
53616
3344
2032
1000
544
734
2564
632
1026
221944
1522
254
988
224
562
3976
146690
5068
1812
5506
1940
3040
136120
2364
224
256
1480
1970
89494
3274
608
1326
1026
716
2554
1844
5168
844
3104
892
662
1372
800
4626
2618
3732
624
1350
1684
8328
362
1756
570
632
1034
976
1422
1648
630
1132
1536
66
3486
820
2298
2166
2748
3456
770
568
224
3286
1124
354
242326
2880
219488
2804
546
3590
522
644
21970
4052
786
1308
5968
1594
900
554
1658
648
994
5376
2006
758
1708
1908
2090
3220
1222
5166
409432
6612
670
2284
670
6048
1272
218
648
46324
2972
710
812
2700
1916
234
1606
1838
1626
912
1160
3888
770
3494
3204
3102
2198
5248
2228
3670
866
2134
23844
3292
2162
3960
1156
1530
2326
2082
3580
1370
1144
3124
1282
3506
3330
1670
1720
1182
3712
2108
2552
1572
616
2162
232
528
2114
532
3514
262
1922
244
862088
2890
5244
4214
630
3018
1932
82778
240
354
2610
1420
612
788
844
7310
5686
972
998
149544
2322
2538
678
910
20466
1258
3332
419996
1866
936
746
912
678
1238
740
1332
1032
3788
1368
4574
546
3312
220
1916
236
1146
242
636
256
1544
84824
846
764
4196
71750
3246
2326
234
1758
2658
3592
73102
766
105862
1546
2202
94580
708
650
2452
1294
1874
1124
1406
3156
2668
2284
2960
1398
1086
2420
610652
1250
288948
55044
2406
638
5504
65642
1890
548
1256
872
634
960
1804
1328
6556
620
104198
674
4572
2480
502
312330
224
998
224
5184
2212
226
2096
216
2244
19914
3118
1206
2906
1202
13628
768
238
3292
3612
2862
2150
952
356
1622
148884
2390
244
1434
642
246
602
3504
244
1732
164536
1382
8578
582
2018
874
682
1652
1462
3218
1444
2040
1502
796
244
690
2982
1206
572
2824
618
374
238
266
260
370
6988
3720
1330
48658
228
504
240
1008
1244
2066
1914
2470
526
224
1702
630
2768
8468
746
244
740
510
628
2738
90716
644
1674
224
574
1010
640
674
1158
2110
1034
403544
1676
838
518
634
234
858
240
221428
4500
384
3018
1636
1894
974
1070
1222
630
1214
1614
1578
842
1108
4690
640
580
256
3648
2278
1516
522
3374
1668
4208
1882
1920
522
1764
730
1406
1022
850
1496
692
3236
1432
998
192562
5020
28688
1746
2044
392788
810
90236
356
220
172358
518
516
1002
3654
626
238
2290
51628
22794
756
2800
2572
938
228
534
638
236
1470
1890
3760
1486
1108
232
3342
998
810
1572
1054
254
650
690
1886
1084
3404
897194
13648
1320
1256
846
232
1102
262
278
506
1116
1872
2082
1146
3008
2612
514
4586
15586
756
1530
714
602
1412
544
242
606
1226
2000
193078
36488
540
506
2252
1078
2354
2108
1948
1398
2650
1114
114208
3476
488
228
1948
734
114268
7558
638
678
285064
534
756
984
2994
1946
1610
742
568
2318
242
218
1562
3320
2780
1416
2242
844
1078
494
236
3182
1104
2686
538
2830
1244
1436
220
2032
838
105678
614
1108
856
43462
992
872
5060
1840
886
214
48250
684
292450
910
1170
262
882
1078
570
4502
2644
522
230
990
4478
822
774
576
126238
562
724
1890
1676
244
5920
240
244
568
2068
2370
1784
4618
254444
3244
6006
1408
1976
248
782
1532
4246
704616
1648
622
3798
3662
6344
1578
252
1160
488738
41274
1794
3832
2158
844
3298
1822
630
6020
832
24282
134576
218
3616
568
1598
1876
15716
3548
1468
514
768
882
1446
2322
236156
850
1328
1258
62104
65886
5000
1662
2024
226
1012
129528
29898
978
840
2630
6440
9474
3598
802
1368
1806
2720
520
2504
1638
234
1758
2004
9114
16944
2576
3320
222
220
1416
105060
1006
3326
1316
32474
848
1092
250
920
922
134718
1722
510
5132
828
520
37464
1744
1820
2754
678
632
1586
40536
236
238
356
2774
276890
2278
2194
533880
238
950
1776
2426
91386
2346
4370
800
1898
670
254
2938
2376
4832
778
7750
256
1594
2010
9626
166578
1118
520
498
161048
1366
198970
109534
646
2670
866
1982
230
1802
1062
3508
195066
1348
774
236
137706
71146
244
824
2316
1112
798
766
226
1606
1716
218
830
240
374
1540
1010852
74100
3952
415034
1532
3214
1328
1912
215482
2216
2732
1320
52622
5192
1754
732
1464
772
3048
732
970
4500
2860
646
1750
128616
2594
1218
690
47314
1262
234
2496
282
2170
3024
128056
160390
4138
164922
940
780
1112
242
122180
307778
438992
980
368
888
774
1554
252
884
622
335050
64378
210504
1312
486934
524
888
604
216
1606
482
124792
2602
1442
2484
4344
1264
1294
1714
240
4384
1876
930
666
230
414686
724
3782
508
80986
236
1350
2232
1520
914
3828
20950
770
3786
862
998
666
768
1906
3866
1490
1140
2392
1350
3426
26652
968
2976
918
634
754
359202
1092
4552
514
1746
254
862
4096
2450
648
2252
2382
151986
4512
18022
50660
1398
4660
3066
1582
114248
56554
2382
1840
1190
375660
3014
876
1668
642
240
1470
510
362
1580
276
2296
3380
1366
666
654
43382
976
3204
1528
1010
1376
5552
996
2596
2540
1612
3444
193220
728
2286
1636
792
4310
5034
76778
268
854
9252
646
5284
256
2072
4614
3356
80
1256
138360
254
280
2288
644
988
2586
4484
66466
566816
5786
678
258
78630
49750
244
204892
853314
14700
3326
1550
5826
14228
4596
918032
266
258
3842
243408
322268
1116
252
25572
28686
551542
1766
1013940
2028
17718
4226
2434
900
253306
6686
498914
960
199962
571134
1276
1666
1932
4174
1616
874
57196
154514
2800
626
232
1452
2726
378136
2222
81260
1518
1980
1206
3048
5232
2660
2864
1994
916
242
256
1489530
43510
907948
1128382
19652
1262
250
1230
66666
1708
1936
48112
598
2560
4568
248
94450
4172
45918
3584
1884
1638
1702
256
645972
560730
2358
2622
128324
1308
37924
668728
69332
4924
121872
928
346118
252
120060
60988
150900
2006
80834
3364
4412
70480
14808
27656
4924
1964
1664
1292
445364
41890
3650
3848
933978
6604
750
19084
10898
305882
164006
41786
2154
758
1000
670156
1500
154284
269870
2042
224290
264
3194
168952
7942
458974
2862
3192
2648
97914
270
2650
1282
73788
330772
774
306456
258
147752
33730
248
888
3214
3032
46888
736
261024
2812
1606
3310
1908
277372
1824
252
1646
1812
2134
2114
812524
3466
185410
7040
538526
41968
6934
1404
2834
2210
220710
2037480
159920
146662
473374
262
486
3548
1118
327460
256576
812506
59204
5524
1120
73374
6492
1314
25870
142452
250
2112
636606
317952
276
3148
550
1110530
4856
784
732
1456
6326
3246
2562
228370
252
201074
1946
248
272
554176
778
8936
18904
1796
60850
152290
528168
794
1504
240
1012
222984
3812
394600
95968
518
417784
91038
2516
1514
2492
131516
1140
3166
175508
405076
370618
2764
620
3368
365260
262
2674
169720
1008
278576
248
1818
239446
143978
349134
5096
540
916
210570
1096
212124
262386
60908
17896
192304
1954
258
1930
2124
109944
54988
2912
1876
349650
2002
2728
1130
128952
5068
237168
252
308786
1550
60068
2346
2538
1364
256
217906
112700
2364
800
172848
236
7482
23968
252
1662
83508
515564
2896
2342
865252
266
986
943802
774
5746
1054
1044
178136
2276
4242
644
256
1146
65214
4142
680
252
4992
1312
1344
248
500316
229440
248
3642
426410
2620
6714
4452
2800
1340264
1290
6286
280
405850
3054
122752
717600
2590
365068
210706
1900
379724
261410
153584
1226
44244
1922
250
2518
28832
1668
266
90144
2290
1174
240760
805670
1562
54736
2728
2088
242
355208
2220
218500
332998
3176
81498
4960
768
440650
17014
98158
2856
3364
2220
269690
360554
276
4518
1680
3456
1056
932
952
4200
3002
5576
3480
6986
1343536
51218
876
1340
3006
736
1812
2094
3084
2864
2716
1058
24378
1220
190958
876
2730
258
1402
1520
684
642
1698
3470
1122
1744
84544
1486
2480
1790
2328
2096
1176
1288
758
252
2440
41118
906
603816
7104
3974
1092
770
248
1126
6304
820
1066
3806
272
4180
5868
280
1116
54060
1766
5396
1636
1226
768
622
48706
778
4616
355746
248
78594
258
368548
992
1033362
1858
228
250
477188
2188
305546
622
264
1670
91592
19762
2828
3202
198144
662476
6196
2636
1060410
72700
24108
1478
108646
48646
3904
1890
784
7252
1540
1139970
311548
778
3602
62
960692
21670
168168
10968
51862
9070
1234
978
8352
1962
1524
94812
203560
69746
420870
4754
868
1164
2364
2858
3172
5848
1418
1242
8384
1060
1792
5708
1604
270416
3804
1534
1904
63380
154892
1648
1336
780
2708
1075318
1406
4268
1148
2684
970
420302
3282
806
3560
1390
262
2246
1702
3110
1774
2166
642
690
1828
636
2280
2156
2942
281728
2392
66
64
258
1562
2040
254
213094
248
26752
177670
248
2308
407360
3336
754
740
6680
3918
64
64
1484
93534
3666
248
1106
185088
1034
962
1006
2372
438118
12278
230
2658
3498
92766
5518
1570
806352
87526
982
285964
2224
75808
14094
1336
3234
3332
3824
1488
2242
90648
19840
1482
1046
254
1242
2760
2740
260
3198
172374
393722
18814
300618
2966
545920
882
570124
342270
2462
500
85206
614434
2126
53138
1768
1408
846
2590
229264
1330
117892
238
820524
2026
278
264
254
328512
678
248
5346
3482
6468
343388
222762
9002
1516
652
3586
655328
6180
1536
246
632
640
2110
1154
808878
686
225476
3050
812
101332
37808
1056
64920
5126
390268
510736
14054
159570
178498
616
620
1175640
2020
1246
507416
1286
233254
69386
36590
11572
1470
86078
16088
494220
2320
146764
2104
1388
3014
7126
2310
104410
34080
87990
42354
1632
1000
350970
2182
319672
8346
587670
523194
5244
162072
2890
3020
272
6980
5504
262
73220
2544
4262
4416
574522
1278
2346
6288
258
654
264
264
5704
942268
3324
762
3756
2182
1124
5714
3706
1238
214202
1848
500
5630
1088
2204
2162
3280
2606
103404
754966
369316
1494
650
6130
5110
266
1418
4274
207358
922
244
1534
3222
340980
6364
46066
636
278
595750
260
94990
938488
246
4018
97426
2832
4272
2928
1736
258
2642
1434
2800
13950
136736
634
648
624
1530
104498
1938
268
69896
2730
630
597674
2422
417388
176230
984
1740
624
7514
274834
226076
358588
1155054
542212
5246
223102
451716
1330
5070
65468
646
1074
248
1294
47182
1194
504380
161186
1220
514
238
1537844
2552
2722
3644
1532
5096
379170
912064
3168
638
3642
262
244
650
1406
664
2708
1856
276
68
4302
809672
1794
406558
630
7094
86856
5872
2108
328364
3138
1772
565742
246
1808
596346
40974
28212
688
5638
1206
130692
880528
13522
1628
15942
432968
1472
456268
258962
260
2928
3562
109712
142898
2164
776
334214
1606
9762
3582
260848
2274
11542
1642
64
872
214276
1222
3296
4182
5802
2258
38904
1564
47130
6812
7564
1420
65230
2640
4232
1962
9376
1774
155906
630
842
2046
255986
301412
752
541926
2172
842
465480
1038
798
512904
1552
274
1010
1288
173642
1180
1308
272
3728
1264
77122
846
1112
4150
238
3212
47020
5210
874
2826
3308
14252
2028
2678
1240
3214
1330
68826
2002
1274
1790
108822
121984
2492
3010
2494
658
88392
1934
48394
6548
670
266
17706
6166
258
254
1014
244
110710
766
214320
2908
270
17578
244
1518
64
260
167390
2894
292248
3524
1130
134376
194974
2460
3196
2734
4468
298790
102540
1202
258
4274
2008
244
3158
552
1016
684
2810
402120
68
3074
270
2202
256
624992
1030752
691088
1688
5086
678
264
20330
460250
101016
1106
1960
69166
620
256876
188584
75932
66118
82040
391834
157536
395880
2646
351140
413920
2552
124292
1306
1648
3758
5708
47560
29486
4594
110240
49934
290
741442
451992
105500
2706
720888
264
308408
7770
386700
2062
5574
369462
76
3288
90982
102990
100322
411284
37972
300632
248416
114240
266
538
422982
270
5992
22578
583750
712
20956
300118
1246
254
284784
413988
3436
664
4472
1594
256
405228
209244
500838
43692
40898
726
1032
2716
276
3758
3396
782
280
698
396206
266
266
272
258
1332
4554
252
1846
712
207404
834176
1148
64
530
445596
7210
924982
28794
270
242
1610
28998
2658
704728
62
64
52852
1560
242
266
1738
1554
3764
666
4670
262
944
1070
1880
1074
258
258
692
766
26442
252
4740
552
4584
60612
425104
252
250
268
828
212668
788
2710
274
205668
952
1598244
55776
7084
80522
298106
1912
985674
1004
455982
982
2100
144762
4270
266
1254
124644
18900
261560
137374
861430
242
254
3034
51452
982
282
3336
4694
24802
129426
288700
2606
251286
4824
5754
2546
66
64
2466
242
5464
270
228
156420
224654
1070618
2244
256
4384
2906
64
2010
83212
4872
64666
179542
104444
897876
680
22312
27424
2952
2166
97104
272
15486
128160
3168
1830
1460
243034
378778
1470
64
1462
2216
3458
500036
347080
564804
123748
268
4828
236348
1192
250
16082
104590
1554
178688
278
536
242
838752
282
552
1214
105930
1102
1544
1132
692
2384
4566
1744
1606
29304
384510
530154
429784
3880
872
2990
262
4482
7222
254
1110
642228
684
2998
518552
64
64
320242
976
64
64
256
3000
3724
1164
126346
806198
405792
217020
7496
278
6426
266
9960
618310
48174
2332
28740
2314
540
391720
982
145384
276
896
5074
34200
6714
251892
1230
95110
602522
1180
6452
242
5082
4794
213632
246
1118
639184
76912
2718
274822
256
1952
17370
254
686564
2264
900572
2284
1290
3614
3090
15002
686
857000
254
188716
341588
1206
2518
1553190
6720
367910
1868
264
6470
788000
92450
11628
564
3582
3556
4762
697894
938
256
534
661064
92376
99106
452716
1174
6274
242
1834
515110
11300
203486
2934
31160
349674
2420
974
4456
4752
50252
4274
266
572360
3062
254
11772
678
48334
154544
10290
11894
5024
62442
476934
1320
255690
386800
3008
1466
1570
664
3256
1096678
1712
66
66
64
53118
924
242
1566
1822
268
10108
3318
594556
1066
262
220866
2038
474678
268
262
1003980
76
2586
4366
814
2258
560
228
774
812
361128
1280
250
702
3466
1586
666
3464
1420
4170
1284
518686
5556
13524
682
4474
3426
64
64
2652
264
242
254
3894
1576
264
4090
266
250
834100
1572
256
5658
14684
956
962
3116
1896
51678
100030
3764
250
33932
85064
273882
1270
58502
53086
1146
254
804
3408
3640
476516
29236
278
3066
658
298794
3008
64
62
254
256
2752
21478
6740
246
4574
1050
1010
9594
2064
2508
820
1092
39004
1226
2282
1874
20570
250
254
65126
670
1062
64
4630
4080
2698
790
790
254
340926
78066
2068
113476
248
662
1696
4782
260
2046
1598
272
2560
1214
2528
250
3154
3698
716
3078
5044
2010
2714
1080
64
64
3466
1728
240884
1214
238
8854
246
272
540
3368
143112
3144
118894
382936
1582
670
670
3704
248
268
32556
3456
4474
64
64
3364
2598
1048
258850
5766
137714
270
270
254320
242
9792
1530
9724
3286
1106
4118
115106
674
262
1968
4468
678
6434
264
1166082
1846
20094
244
3648
917346
687698
55804
20424
241982
266
104036
56078
78
76
308228
250
2052
684
386382
16582
4986
2042
1886
1282
2858
1482
898
203814
400456
23538
252
249824
772442
1198
8234
166270
4932
524472
262
3150
6726
392706
16266
957836
952
102792
189424
3274
526038
691012
23248
1434
3012
686
346494
1706
2322
282594
259900
684
278222
1426
76
2076
4144
1228
586138
244
1404
1888
3108
60050
22634
64
25246
254
32378
200626
205978
16920
6974
19892
954
836344
34936
54960
1156
745628
1284
309220
791496
2694
1408
608302
1020
698
320866
1426
78
3676
992
385450
57708
174714
15516
402250
278824
274
783762
4602
3216
838
536
59772
51146
3842
992
111450
1380
2050
105850
266
7790
3204
536
5032
42006
646082
551828
138860
62570
3438
724
1478740
72870
76
2776
106496
71920
4126
254
104694
546
920042
3420
2084
722
1586
234518
670
1628
1324356
914
139104
615150
1104682
193902
2462
397548
914
1284
1796
167650
64
64
108666
90812
912084
272048
281786
3022
43254
982
5410
266
1364
136946
297488
270
1458
2368
11538
149656
728528
4846
517962
2870
166094
274354
43760
1374
385896
44732
828532
234900
814182
536714
3248
808
1094
3930
1028
832
98734
214280
155654
527048
8356
522314
482598
1116
1728
1222
1546
351274
4834
555962
2606
687768
61394
254
284
4410
1334
6912
27816
117504
76
64
3174
2730
507970
706
11080
1338
258
12250
256
84324
1834
122976
1420
1700
94338
238
2050
1794
252
2624
267262
2864
55506
4882
262
39630
170274
205648
155098
3940
76540
441708
64
719436
283032
248
798
266
800
248
9400
111964
252
1448
554
256
264
1050
264
545984
12756
124144
63290
1496
2204
984
11334
163632
144526
4048
4576
6194
3436
136922
23924
684
2080
777534
1878
262896
274
1470
968
59454
92424
540702
25380
790
108314
2096
4590
2746
4264
5846
1144636
40576
80
3472
1093888
2120
5134
254
976
2856
213054
7424
1880428
2420
252
636368
2302
175624
2436
3866
120266
155110
2430
104198
812
672
1470
64
64
116504
49206
6070
1560
648668
577374
1440
1562
2146
248
250
400054
20030
2054
1268
732
3050
550
268
23682
415780
2370
242
56286
2150
4358
4414
686
550
5052
431134
4300
3536
81770
142632
3620
1730
258
1250
1372
64
6098
4352
260
7026
6586
5042
222898
1254
5434
93636
2116
3896
1612
203730
3312
5046
238
800
3648
1336
778
451232
97884
543538
260
1510
740
256
6674
2276
242
235316
252
382012
1570
4396
530390
1240
1864
776
2830
2502
252
646
7590
260
5412
8566
4152
512
1182
266852
218928
1518
1326
626
516
132056
2618
394202
3602
598250
1724
1508
116762
248
1206
3322
1220070
3834
7422
960
648
2952
1636
2862
1253098
980
2466
3548
2096
230
2372
620
1094
2820
252
664
1546
4046
942
465226
622
167104
1466
2216
2686
524
13706
1196
3686
696
254
3384
94884
1892
252
720
2944
1222
1908
266
3452
252
2132
534
9572
1370
248
1256
966
1286
1194
70582
2436
523450
630
2820
2300
6530
1458
2482
29740
1554
2132
3072
2720
248
1842
281242
1510
779036
41378
56626
250644
5152
192160
612
502
38894
2008
248
285808
251700
610
278
713224
40668
632
978
6196
145356
760
718
2260
798
978
64
5464
44374
500
110186
1806
1564374
246950
214398
482452
23098
148312
28574
35542
61356
194184
2050
2012
288826
112116
2426
36562
764
1632
161922
252
246
246
1162
7182
17510
167206
1194
4410
519570
3550
2494
1754
38038
2962
250
1190
1418
260
1824
409570
310502
1142
16240
1432
1000278
260
740456
808
360784
63858
732182
628
7848
3226
642
1772
775590
4156
4688
2362
202128
916812
99644
128106
5156
109064
254
1918
2282
818
5650
140150
3018
2322
248
1056
85962
1769284
3788
10346
434254
252
2782
1548
489806
4846
1404
10342
572262
1992
35954
1120
1198
788646
3328
1606
1508
4274
2610
67996
246
1334
646
64
842
4516
978972
57650
644
66
118474
512976
1604
6080
92000
25386
760
978
167574
274
1522
2162
4086
62
5568
648
912
2594
4808
2494
1322
4764
1258
626
492368
628
14778
1816
2106
331642
389022
2576
2990
604
836
1944
5344
2162
528
311652
824692
648
1836
252
758
23132
185744
2636
3370
507114
14232
604
2428
1460
504
3798
3590
220672
129760
4624
119756
2240
760
3074
112152
2854
1112
982
6074
1118
786
1492
1656
89026
241192
4750
966
1258
2446
3230
1248
1450
4742
2874
16252
20466
1260
11184
260
192736
139916
392396
990
1120
1312
1450
254
276
3428
5096
1456
4520
632
3956
252
644
1668
2928
250
244
1818
266
3332
196178
260
1102
62
672
648
954
254
1172
648
246
1220
260
254
1604
5680
3660
1350
6108
244
217700
2170
129506
4992
81916
2347162
298410
122122
517314
104808
1188
1022
1644
278
1626
41386
1102
3562
2382
3800
833630
1772
397380
1396
1252
1594
3730
18644
4116
3146
1226
133552
631308
494
198864
904
701738
7536
1484
872
434624
533350
347316
728
163470
1631148
36460
49794
766038
560686
1366
206462
524
45708
127038
603130
268
272
1090
138032
102824
1590
1092
256
3174
646
3194
1080
6340
5210
449124
236
167778
904
256
1194
2238
1220
3176
12298
2064
5518
2908
634
272
736816
1626
833016
810
1336
256
4306
206864
1906
10968
1996
14982
98218
269056
8422
282
2884
572126
41172
244
2186
640
616
4716
6002
15998
256
2776
736
1058
7490
2236
2686
250
4198
1016
510
254
3192
3552
56540
510
3290
130150
4868
69712
78078
4332
4348
2742
62436
1744
252
158238
1862
1668
268
1260
638
872
624
2440
84346
21830
2162
628
1100
592330
248
490
1166
860172
624
120132
1280
61906
1448
13532
4220
2046
772
2008
786
230
34518
3196
4668
880
248
2100
1814
2674
1806
818970
1450
1690
1668
1076
636
832
115334
512
3368
248
1140
2826
938
254
3278
990
1826
1530
648
3152
1448
248
219658
636904
3478
252
3478
4750
154994
1908
3604
2226
780
3040
210940
2994
2322
2554
176948
248
254
1978
1044
244
252
3198
280
3062
258
771972
250
2526
45912
5448
3680
93080
506592
43244
365796
496
640
5916
549876
1048
13620
252
3942
2542
1386
196054
883152
1524
12084
1306
978
630
84052
246
154330
254
407118
799642
2838
1566
2356
4376
930
2510
77200
155786
52264
74250
2598
265280
872684
74374
82018
5324
445232
648
433380
1024
1052
1480
391036
4196
718
3864
3328
183790
51430
64
24844
347398
17346
5424
804
30278
4888
397328
708528
796
1204
1458
1190
144256
4474
540160
2780
1628
128714
982
120648
2436
363794
850628
125994
1110
264
2854
248
1686
232
522
278
1420
509938
1398
215384
1902
940
252
1306
1254
792
764
240
3740
954
6006
3024
242
4978
750
2792
644
256
33046
23406
1530
2548
1550
1106
252
968
1382
732
242
252
246
2568
278
3496
504
312574
318636
514
5204
7918
958
254
1918
248
248
6306
198338
1290
388404
3890
6198
5274
8256
220924
2346
2248
8366
4138
934
1782
3562
25050
1124
2046
1408
226686
55208
784
842
248012
970
1214
10704
64
4600
7362
6376
2396
1312
13926
1068
1700
3306
1916
1624
21880
7434
114656
22102
250
6196
2232
1062
730
1294
256
1264
375040
258
1799110
238462
1688
3530
634
1372
110806
1212
888
658
324114
2844
1632
1170466
2738
212292
448616
4522
698202
902110
360288
4106
1280
622
888
518286
630
2236
3550
4646
281320
7216
913004
96248
244
5270
1362
504970
288
61646
198290
968
278270
1422
638
614524
15824
1938
8056
11738
2842
140268
3816
11850
638
570434
2552
1270
248
258
64
2406
492
252724
2376
238
254
254
254142
678
111112
240
4284
266862
518
1037114
12422
13792
343428
1716
864
1668
968
87960
1014
1192
76194
369338
982
1370
126580
260590
1862
738
18806
8298
1370
14408
374632
6694
848
71414
31118
2130
64
385414
311016
491454
4494
221952
21850
334922
3514
3500
62
2412304
23744
290448
1386
6302
5496
630
1210
80152
4568
982
2906
119470
1224
3618
1218
165142
646
69528
173558
618
496
166674
3598
9148
250
254
1890
252
1060
262
261112
4996
1530
1374
840
660
1698
1448
5194
4134
2900
624
634
245350
49104
516
1524
2316
764
5458
5450
1368
1400
2338
36164
4640
2342
252
3798
5250
4820
1698
1454900
140242
2090
982
1514
14066
992
3640
1788
1054
2942
1752
650
256
686
822
1228
3090
1714
1954
3160
5140
250
1566
6566
580
348
1936
240
5052
2032
115728
2048
2154
2094
2838
4490
5002
94808
4846
262
760
742
526
1186
127644
2634
103920
2508
4162
556
1634
1006
3036
642
808
1222
1010
2886
688
1270
662
254
698
892
171216
3276
250
326308
94712
2906
1906
2242
2454
5076
694
516
1992
540
1322
1784
6414
1170
1874
786
312492
1730
3344
1394
774
1356
1620
772
290436
764
904
3520
1228
788
1088
240
974
2362
474
1936
782
2636
256
584
904
614
2424
634
3904
572
1182
1288
572
1748
764
1310
2266
650
784
1690
1768
646
680
636
518
6982
238
876
2254
1946
1446
912
1076
1418
2232
1028
96242
2698
1536
632
792
2036
9990
2698
1120
3260
252
2632
1956
690
1120
5740
1718
250
2532
782
3118
672
2360
86822
358
47502
718
1182
1850
646
900
2344
1620
368
988
1004
1020
512
123046
3360
520
4624
2594
1404
236
5400
1298
2654
252
1436
1454
1074
1704
1018
642
684
688
2008
38878
2154
8176
2944
680
864
656
1616
4262
5880
878
268
3542
240
750
1482
1020064
1672
2832
1574
1310
2148
1830
2420
1036
2758
532
4216
774
780
242
1944
256552
374
1886
182424
3478
952
2098
284178
2140
1502
2632
1168
2812
1260
644
3564
256
790
240
520
820
746
1054
544
662
6008
778
1528
2174
69962
4250
1882
1840
1218
7202
986
950
648
1098
4204
1196
1536
1860
508
870
3216
2838
2526
1516
1500
1556
3120
678
1190
1648
9852
4662
1760
532
668
3756
642
1146
2314
700
630
1230
8536
258
2088
2496
1004
3114
108432
2042
2082
2612
3546
538
1824
666
814
2326
1648
552
1326
708
760
2830
2078
1286
1294
205666
1272
796
4144
3256
2842
153390
1158
6118
778
1148
4006
1364
1906
2222
586
658
1686
2152
1790
1278
28124
1842
1568
3058
69254
714
226260
622
1034
3154
1396
266
2314
2740
5132
1604
632
1216
1062
780
572
800
2396
800
256
926
814
6642
1672
4082
702
1754
272562
706
3044
37670
1458
260
1296
7230
658
550
3506
1808
240
996
570
718
1888
1232
19900
1320
1652
4736
862
1164
3986
2308
3878
530
1624
2802
242
4128
1012
784
1056
181986
230478
4072
1776
2136
988
258
1398
2630
3272
5178
221944
890
115838
1258
1446
1978
1996
36682
750
252
1030
1934
2386
3214
1702
1674
22946
1048
3010
270
3250
1450
1206
918
1688
792
1286
748
868
632
1272
616
2260
1954
876
61062
756
1230
1258
254
1544
1286
814
1312
3070
172836
1840
2376
197058
254
544
1316
1194
762
742
2024
5490
1562
25804
1354
3734
864
2440
3114
1146
690
756
1940
810
1170
246
248
530
1342
1084
4734
1922
51604
1832
1530
116528
4700
664
540
3806
234
1628
240
4396
660
2868
1284
22948
1296
46418
26138
4456
1052
3910
1394
1308
5628
2174
568
1654
1524
1330
5294
7632
1118
528
552
290
792
244
1368
290986
1398
38348
1068
260
2760
868
1542
2098
1814
1082
1356
866
1780
1434
102802
1038
1596
2220
1860
2190
1698
2462
1126
468
3252
1882
4454
546
1218
1326
3136
4158
1596
2218
311838
760
2184
3314
940
1550
1178
2182
570
1254
662
656
3120
376
4896
369722
2532
1398
1038
76498
666
262
928
5382
5868
4634
3844
1446
2424
1530
1732
262
1944
26368
2778
1070
1930
1212
544782
1414
1460
1168
1532
66
778
1090
1722
568
658
1028
1326
2122
558
3250
1032
268
2130
584
1024
2338
3360
682
1184
99270
2996
875652
1214
254
2282
1328
846
660
1876
14752
254
2396
2326
1688
6546
6380
1852
3018
254
256
4446
251690
1066
864
260
10386
250
2284
2290
4254
2684
250
1642
4656
1982
1264
5492
804
2424
234
134036
1426
2462
3274
2342
15916
252
244
642
2388
2288
2702
2546
1840
1602
824
526
2054
2230
1012
1670
34724
952
666
1866
1278
4540
4042
2230
2228
3692
238
3338
12298
1066
862
608422
1864
1996
796
248
2942
516
5716
1090
2266
51448
1056
682
3040
3822
698
1606
61698
2466
252
1624
1108
516
1352
1526
2946
1640
6394
6550
1350
3400
548
2428
1066
1834
1638
538
4656
21974
1584
682
1192
2344
2864
692
628
3436
5158
158294
564776
642
1664
1156
8134
118122
548
6950
2038
1006
842
4412
1118
1072
256
660
255492
1676
6510
786
1710
2412
1358
2582
652
990
1010
1640
3998
6198
53748
596
2782
546
822
1658
89148
638
36152
3332
1830
1132
2004
2336
762
1116
1162
1698
21890
770
148000
3668
1198
115618
626
2014
934
1472
568
3694
652
99664
2712
14768
2600
121254
333520
1468
1420
66
3368
5618
878
2702
1810
258
6828
2116
2742
233044
3152
3458
2164
1142
1462
127726
2034
1180
1014
135714
1006
20438
1546
732
228
2636
4314
29944
914
4514
3324
640
240
996
1172
668
1322
1406
258
1218
836
2162
5988
1486
1498
2940
550
850
648
540
1674
2486
42548
2902
532
5620
660
1856
872
1270
262
192934
1678
1320
107170
892
2816
1970
192280
736
2094
2076
840
230
568
1424
3254
1038
6408
3424
1064
1202
2476
4158
2264
772
25388
4922
2580
562
242
688
4550
810
934
242
1394
3510
5770
574
1174
238
516
1070
1178
260
1302
570
1142
3038
1236
888
2274
2834
1062
508
676
1168
1530
1082
1148
242
6386
646
704
47940
1134
2726
628
28640
1016
264
626
638
1818
1106
4912
1110
6018
119562
636
87490
664
1486
1240
1710
1580
2218
798
4324
1594
7280
35360
808
2502
260
2026
678
2058
542
16258
644
530
2994
650
2482
8066
682
888
1490
4330
1752
902
252
1720
646
252
776
520
1914
182562
2402
66
270
266
29588
642
364082
4620
3546
2162
2724
1344
7270
1084
2138
477812
649106
250590
3790
1264
1136
736
5144
746
1010
3756
3102
22072
258
2932
528
1854
1104
349200
61730
2554
252
273616
640
626
2956
1358
5082
28262
1720
4492
1124
1216
3774
117276
1038
64
2522
2810
9428
2164
238692
43342
6754
29438
11826
809082
249522
2432
8814
256
294
67984
268
156826
16128
254
4070
7090
854802
2158
3048
3106
2514
266
100216
3622
824
260
264
246
638
8044
1118
1410
740
454218
375420
1344
35620
2178
248
3134
190148
1072
1182
3280
640910
1008
256
1660
970
1182
854
3824
670
2538
1474
592432
2342
2018
618
2882
628
666
646
78486
2234
52152
784
2578
2076
812
1178
131434
4846
1532
705480
256
5602
260
2486
1730
3878
3364
794
304604
266
1452
13592
2194
2274
1920
644
1722
1970
1334
892
6322
1738
64530
95408
850
1696
42496
90498
2156
2784
4488
676
2550
248
2016
1300
682
8886
3262
1182
290
374252
3066
25432
3440
124268
240
1534
2316
1236
603344
3316
258
3112
3316
3348
27394
4414
8362
5480
244
1498
5536
2142
1146
95130
758
360694
1590
24978
334670
2862
14718
2340
260
3930
248
4010
8110
250
2958
1036
2296
5052
1698
11654
657478
260
2696
912
26506
82
210228
4578
102346
4168
2028
977938
3480
103154
1330
1658
236
2800
248
1006
1912
1056
1450
3446
7564
1258
3282
3068
278
266
253106
298722
2194
1222
754
250
2394
792
68
6210
1406
298
1240
1580
172944
1084
2498
1064
1584
6102
2326
532
246
426320
966
450384
1210
2462
68
674
1114
1658
260
3108
764
1742
82
6424
1426
262
3154
1530
3526
2012
28704
3296
259248
3594
3364
68760
2834
252
788
1792
1420
293944
2946
1820
530
1010
2656
2042
2834
778548
2186
135454
1876
240
321528
1548
268
2512
1199036
240
856708
2276
902
11644
2130
2250
71916
6796
640
495934
2878
179238
65610
11286
76
266
638
11702
990
1518
6934
46868
78916
359108
9818
76
118444
2146
189652
2716
595908
510290
3276
38516
232
3940
2094
1186
72848
1674
254
7076
5212
30318
4650
2554
55372
784
11958
3798
624
3278
1542
64
231522
310398
2820
42500
1024
166518
1688
548
68
177870
503226
2254
1358
1264
240
1658
246
1284
3700
1838
242
1882
90332
2032
5358
2010
770
1150
268
8664
1750
968
1008
1060
1702
181172
270
776
2656
1516
1334
982
1526
6980
796
762
2426
824
713816
6242
1008
443280
537062
1030
270
808
1918
242
769698
630764
64
505116
211466
756
3118
912
8950
252
3834
236
78234
288
675782
4338
3090
832
328576
1426
1976
1002
262
173146
598
371804
7102
246
1226
98298
3958
544
343102
815906
258
2984
5284
300774
962
2724
554368
543080
646
5476
2354
123132
1974
72692
559574
178168
524
241706
1040218
2374
1044
3826
204560
400518
254
1030
68
684
1384
942
997420
228842
420496
530262
260
88220
1520
1256
2298
266
1714
456738
790
438024
626
244
11572
619858
812
254
1798
4342
20756
136026
708
254
254
64
24878
762
871300
1376
828
4330
6050
242
417544
3854
1674
7710
73252
256
552500
65828
546
1878
301112
354332
269988
254
211812
1610
2432
1220
264
16936
4708
876
1258
2056
1254
1456
268
3052
5166
5374
2184
1974
262
1424
1342
19674
88346
10638
193304
1408
2550
1698
241710
148462
1732
758
131378
2088
220
761400
2138
748
980868
1054
139532
4028
938
4112
260
940
2200
3648
30502
1546
254
31760
1742
7586
4288
2798
640
918
760
1968
294846
91060
1414
2282
5298
1290
1020
530
870
1438
82006
1434
3056
2196
2480
5642
5160
494
3730
1176
1430
2336
68
256
1424
2480
4302
218724
163364
7994
3180
3034
632
1424
1286
644
121774
260
628
1590
256
3558
1646
5448
1104
276
258
5180
2458
148690
252704
252
1802
4006
886
1102
666
1660
270
1088
2516
270
244
3126
21298
4712
4884
5456
832
34708
237220
1470
1054
768
19724
300658
484364
292
1050
1992
8586
7948
1842
1522
4354
680784
3790
258
2830
248
289046
726
778
4764
870
2630
3210
264
60324
493824
3100
894
904
2178
748
568766
250
35832
3942
1258
919614
542
1412
9948
2488
252
271766
20330
257726
808
2226
1776
75044
2408
1028
5374
1338
101760
17914
268
340536
1248
1094
2306
3080
2158
544
254
252
260
2154
5542
254
1876
260
270
2670
876
1984
68
256
1732
514
258
266
1652
2200
1090
1382
1564
652
916
252
2104
758
1334
1816
1116
2082
4144
246
3410
516
290
850
615114
1804
260
1642
2944
784
3140
1100
252
266
1982
1476
5030
206160
1890
774
4222
2918
1286
2122
1132
1186
260
1702
550804
2564
1950
258
407604
726
1878
821212
2480
2930
2518
934
359338
3010
3080
2766
844
2100
42006
572656
6430
1902
98418
250
764
644
1124
66
219846
250
770
2050
304418
166044
966
254
7792
628
264
3892
17962
248
1158
1504
2764
652
745212
131280
100100
1704
1558
1062
1356
44856
119472
252
4058
2266
1580
3170
1140
1040
1356
618780
262
67064
346398
2418
4914
64
403796
2050
27118
528
3306
200794
668
1086
1646
268
605402
1902
564202
3688
1072
701964
640
5676
642
1182
730
3858
1044
3094
16636
256
908
2078
264
2234
90374
1934
742
2316
439276
1628
248
165294
1824
246
794
2016
228
538
53266
327482
1662
854
1584
1612
88388
3728
1726
2552
1124
2244
2770
37668
952
2008
2980
1518
4610
268
281562
137010
238
1966
1666
868
1318
1130
1314
1700
5184
541654
4428
1108
746
382036
2286
654
296
5498
1284
1416
3518
4960
24766
258
2216
389112
1068
1928
1046
986
256
1642
462402
271710
982
266
23294
1284
4762
630
1900
1464
1102
246
262
1532
250
2346
4100
64
157344
1306
2450
3990
238
3076
646
6356
3514
3608
246
4562
3748
262
1114
1394
1118
341044
1942
2760
62
2740
2314
262
870
534
1422
256
1307932
1002
528
5352
1418
2350
46722
264
5346
1958
162506
2352
28950
634
3024
2386
2178
268
1353016
1020
262
5330
5680
1830
2096
242
276
74814
5370
4036
2184
254
256
2570
3596
1062
252
4230
31044
8262
1350
2034
3038
256
932
2280
256
264
5940
1494
252
248
11466
740
250
1244
266
2250
1060
252
64
62
1354
692
794
5336
2282
4324
718
4264
64
64
680
6318
261540
2112
51420
177634
3680
2272
788
652
2176
1446
615492
1438
2900
4974
2864
802628
1118
3190
220564
1506
266
252
1354
2330
264
2578
2092
3646
2586
1700
250
418676
1896
680
5956
594
4416
3026
1454
258
802
676
1070
3168
914
700
266
1018
248
474030
28594
51620
972
1444
18336
288212
51106
4896
51050
1816
3882
268
654
1324
6906
672
252
5704
3786
1312
1574
1334
242170
825542
864
234
2418
780
8074
792
2112
103386
64
477206
1316
246
1102
810
1062620
1600
798
2726
4792
64
3996
349036
1604
2016
614
4054
916
974
661582
670
244
254
1122
248
1204
266
716
3150
5640
3624
252
2994
266
3192
268
680
2494
2214
264
256
514154
1728
1162
112044
1320
934
62240
598
664
4756
3194
64
2332
5784
1184
1262
66
64
1280232
908638
403086
816
3858
256
990
3078
1184
2830
266
5546
3688
684
7554
3362
5122
1044
1758
1120
1320
2020
360482
60346
252
3458
238
5558
30328
5098
2218
64
64
1518
2576
2386
252
260
240
1508
1978
2144
444842
2392
654
163330
2402
256
254
2676
2170
18756
1144
902
88464
2156
1245150
1536
2074
4408
980
2802
151404
4730
1102
934
6428
810
2870
912
1496
264
3100
4010
1082
2016
784
2264
152304
564
702
586
2644
2216
2198
64
64
3530
816
4046
1464
45628
246
6320
2406
4410
876
3360
260
922
1466
2612
2382
5600
1088
2746
277722
262
9114
3230
41864
3058
929612
470692
678
119174
2858
4694
11488
3472
1294
120146
2472
1984
26238
381028
624
2290
906362
64
64
1328
270
14226
6214
2796
254
674
427524
2662
7274
288174
15130
290
6416
1106
121516
64
64
196738
1348
5174
250
3496
260
2150
782
1036
635644
3894
772
264
260
1840
910
1334
405486
13466
206012
2418
114480
63338
3942
938
680
3570
1496
879832
4542
12122
53732
11562
72670
246
600
264
2840
1214
252
79646
262
908
79742
64
531828
64
2042
810
67076
1152764
6530
255032
1624
322260
1984
8808
2730
3134
682
980
22020
1898
5730
275484
264
1618
806
1642
1230
861402
1250
2316
145282
252
4482
1142
1414
3698
6592
678
75160
2490
257424
1796
1730
1220
5048
2486
1198
4922
2596
1814
272
3780
1192
1452
1342
698
1592
2664
2466
4064
644
112262
3850
4014
2512
262
1528
1978
592
280
1358
794
1214
2866
2022
256
594
822
3072
7778
1952
3210
2058
608
3178
2500
2554
1362
1904
4350
1538
2896
1944
6698
802
256
3464
68
752
115860
1760
718
572
684
254
589518
2356
133956
1122
248
846818
2888
1034
916
1228
3400
34126
331888
1962
240
964
3202
69786
811592
1896
2194
635808
2336
8198
10622
682
1052
64
64
270
64
64
1828
670
2806
1406
680
522174
258
3538
254
1944
1068
4408
1034
2680
39496
1524
8116
560114
256
3266
24164
1750
254
3492
1554
1094
1880
2234
248834
2962
3720
6470
2848
3772
254
3240
230380
1636
2562
2364
454190
5004
210570
280106
1810
350668
4686
4942
1766
64
1508
2834
2206
722
984
2452
3044
560
244
5928
7548
1642
254
990
1082
254
261438
250
1138
511314
3142
169172
1356
254
586
2854
266
266
264
702
3434
2256
1840
1122
248
2064
775826
6682
994
6456
270
1418
42950
1045532
1420
607740
914
27108
64
622152
838
536444
3506
1886
1922
2044
4732
250
428064
4360
29938
2596
780890
60252
77884
4064
4548
886
928
264
2582
155332
240
2918
1166212
78514
252
834
12870
1196
4822
1486
67670
1000822
2836
646
1316
686
64158
256
2764
1414
138708
415342
3374
1874
7898
1884
254
64
64
7388
305466
1168
902
252
272094
888
9600
1722
270
1794
1120
1966
4240
248
262
248
95064
638
800
8438
656
688
250
5236
2652
2196
3044
264
5898
264
4632
5478
248
1940
406664
140850
198620
27294
686
680
258
133834
66406
40658
1572
254
268
133180
28532
664
1974
254
356526
2036
731000
86584
264
447904
1020
900
156712
236
810092
1224200
64
463804
1216
2994
788
198356
25904
943770
2882
3218
30986
10454
45196
1166
117178
906
266
1906
3796
258
1804
99088
10844
320396
86004
457096
262
670
6922
200156
165582
1880
2480
18934
10788
94360
292882
194906
2824
68178
484052
66
64
2160
3208
40820
2204
64
64
3294
74368
872
2352
250
2420
66
3710
1976
1048
132024
2652
252
256
264
254
420382
7954
574
141580
248
128996
187436
145148
3660
16184
2204
349188
1488
248
6026
1288
6120
6120
5482
4898
3204
264
2712
564360
708
782
4586
143688
2256
460706
2284
1874
605012
3382
666
3126
668
1360
3858
1118
252
1338
634
1738
415040
260
694454
5360
670
64
64
5560
239220
1773840
1838
254
268
83370
798
1638
18888
3514
1742
176468
42086
274324
1190
269034
2866
2762
3090
293594
2470
135656
173074
42990
334678
279410
2798
790398
204832
1956
4396
250
240
55628
1758
572
409116
63944
656
7796
418988
13738
256
100652
69166
4712
48472
2140
982
22336
30558
260
242
9884
1710
670
80
64
1257888
304
4734
4798
75072
2048
1398
260
170438
1644
3392
954
3760
844792
1446
4850
3082
18216
664
4958
3066
1073042
274
608054
2042
3128
201788
66
66
4736
2454
5428
6090
1370
207478
140510
1500
262
2818
268
258
682
246
33434
2334
296
246
1498
3102
1932
568
812
1082
492306
668
60952
4166
1088
1052
2972
1238
3188
1598
2388
3844
6232
2178
132904
252
1356
2760
9594
252
976
2374
242
2742
898
213588
211468
666
1608
1562
2138
264
1854
681310
2642
252
2888
266
836
16466
2324
4980
786
1020
668
1784
252
254
252
270
794
2090
4506
796
307294
2866
8554
266
148482
528
596212
1306
1448
878338
646
228728
870
4056
863682
2894
266
6146
2334
1206
3506
24040
2074
6798
246
670
1126
2174
4666
5568
2258
246
1548
5012
5786
266
248
42368
433212
3348
254
248
1208
246
1638
4490
1372
254
1064
3390
1014
4622
2658
2600
187664
1636
266
6144
4870
240
784
31058
257066
22340
97144
260
4686
123316
2022
2504
1274
347754
1152
3376
259754
2950
1852
1278
1034
3102
240
872
3454
238
536
286
1218
4294
1538
854
872
254
4698
1964
978
1662
704
4140
3586
1678
4108
818
1088
4768
64
264
1700
1602
2010
5876
2568
734186
8612
268
252
272
7486
518
2414
5486
143026
266
95694
1302
244
522
674
6966
2402
1242
1938394
7994
64
253854
127950
431300
632
100662
3022
3818
348394
3166
102860
262
2616
66
250
66
2148
2824
136186
272
2590
3756
120032
3696
4938
1380
2772
1354
1772
536
3302
6962
195530
730
248
1982
4270
1072
730
242
242
1120
474330
2636
618
248
254
2710
674
7194
250
842
238
998
66
324640
2898
2674
28652
5972
270
258
36658
4094
272
3172
311108
576778
702618
252
8886
1238
428762
1994
530940
234
1612
896
282
1768
258
2354
268
309816
2740
1450
1998
2410
254
302328
264
2000
3056
764
642702
248
2930
830
2390
587304
272
134240
1112
650
266
3726
2518
638
272
1092
538
978
262
8226
240
180220
4384
1504
1134682
9198
2056
202772
254
650
1760
2764
632
848
1018
3528
252
186308
68
184840
286
250
371444
4140
7618
3474
256
92630
8148
84904
264
618206
880
4278
260
3720
254
996
260
1472
530
1538
2770
571130
258
244
622
3460
3680
2728
2142
1182
276
730
1212
1190
1976
164992
256
700
3644
487004
1372
1194
610
628
246
2274
6334
1900
107492
652
474562
11842
5098
740
3448
6828
2298
2140
760
1716
266
2480
2910
674
268
762
3512
260
10224
250
3570
307722
756
1552
268
2374
2162
531726
5218
8374
50858
5304
167458
1290
856
2136
244
238
2514
1850
1510
270
5062
2534
520
250
1264
4564
2002
6972
628
1764
14052
3542
242
630
64
215572
1936
318350
3600
1842
2324
27820
1246
195682
2492
1888
982
5138
1594
8352
1344250
128402
74780
752
272
260
766
900
248
1724
650
676862
1956
562844
1320
1668
3288
656942
2812
156198
254
1744
1098
218
70850
2304
3750
4820
1406
1882
2498
1894
9634
7512
1908
2624
107312
1376
919228
10810
2730
956
3288
4276
2160
246
106948
1500
6356
228
229816
234
3312
3110
4704
1994
248
248
2156
236
250
207452
7474
6256
190308
4098
758164
2932
890
18290
1030746
6636
1114
55298
3336
112712
2696
4900
7022
3282
471002
1336
5658
1728
6268
2152
1866
230100
229218
337766
112914
306496
395228
23186
258
708546
254
4638
252
1528
2874
260
258
1858
3172
2904
252
256
252
101132
260
213320
2374
268
248
1448
250
194028
254
1456
924
4394
1906
884
2044
530
7566
2904
377732
2686
1368
974
1136
1318
2080
744
262
4294
1140
268
256
2532
660
726
262
858
199500
954
844
248
1636
258
3284
770
1000
1374
1946
1104
250
2302
1668
1196
270
2488
1804
40744
1252
228120
1062
361626
1070
292
1974
3154
18264
1600
1892
7602
282
203198
270
642
3818
2696
9222
252
266
2092
1100
266
166804
1948
1472
1758
435628
3958
31676
266
254
5666
642
4472
850
2664
3704
254
3784
1056
604
439004
3972
294
269940
104022
5314
62
139840
680
1308
3362
292
2222
1356
2262
280
814
6854
673286
6870
1282
5794
628
5298
1221086
1620
2516
5564
2042
4974
3324
1486
1858
4936
6052
3216
854
3942
1654
6088
926
1212340
614
2078
2220
250
1726
228
5702
5292
128180
6588
2686
2450
1724
1520
5900
1700
2708
217094
530
4898
1806
250
264
238
3412
646
82386
11960
2202
2110
64
70630
3570
760
260638
1628
555496
252
1830
1314
6204
41602
3020
1364
3312
1852
3948
3122
268
11218
650
3718
270
854432
266
268
109696
2850
2428
28182
2294
1616
642
2388
201818
2848
6466
738
49642
3282
1066
4772
2842
1350
262
2356
1846
152932
3066
2266
642
886
1972
2030
214636
581580
480986
44722
24358
742
172768
163834
2039382
121510
2674
343856
10676
1020
1964
2878
64
149898
14910
37636
35990
28392
216752
638
242
876
1138
238700
5966
3334
244
3026
4220
4406
260
5310
642
2156
872
7194
3540
256
3862
940
270
21564
1218
1120
1310
878
237678
278
2298
173036
562114
10486
1900
222
3404
32880
4372
1036
2754
1540
1864
1194
1396
2360
266
646
1644
250
4582
1306
68
311320
1528
3416
1526
2726
4632
2848
2468
1446
1804
3486
3734
242672
1874
240
18494
1518
3834
2216
7636
5662
286
3956
4148
1344
858
908862
3164
763342
2526
1218
333170
648
13106
2214
4004
2430
706
260
1190
2488
2660
1746
4488
1126
5066
4120
1110
2958
2268
435148
4556
138352
77646
5234
254
3240
5952
256350
754
642
260
2656
3678
3684
2198
788
836
3814
2830
3006
2150
416674
266
1448
1858
1952
530
3702
252
3518
800
225804
4632
1810
710568
4782
1294
868
29818
280
7420
1918
514
1828
2528
266
3478
85796
144426
246
6080
258
1806
1038
1228
1206
256
33282
722
5210
3116
842
345466
4984
551022
4440
7236
1394
296584
1036
726
3732
1020
4468
628
2580
1202
288866
4192
4336
3968
708
258
6892
250
1238
242
904
474464
2348
432610
270
236
313060
2218
254
4370
1490
1666
2524
820
1190
252
250
188816
252
1814
1512
902
978
544092
659758
196484
2338
2646
914
3386
1928
1300
266
622
1078
244
274
1606
1019360
226
1144
63454
234
12608
922
1038
33600
1950
1542
1314
890
536
7114
231086
842
676
234
3226
6310
254
3814
2100
858
178176
1328
268
1792
1520
1562
708
2726
2778
25428
1292
2020
2226
6022
270
2236
248
64
2528
5064
1832
1720
884
7226
1432
778
67544
262
774
5272
2612
2166
2112
244
3154
222
616
630
1108
1554
1006
492
1110
526
1196
57912
750
1314
1014
610
622
1136
1116
2094
566
998
1496
3792
6612
177322
234
608
668
626
846
74036
2286
784
255148
4896
8998
292830
950
3352
1468
3572
1402
269598
5342
2754
3552
4936
552
1722
512
874
3544
992
806
830
538
238
718
25048
5336
1202
1472
1028
566
213228
1074
788
236
264
220
1802
232
1314
2394
860
864
2072
1196
542
262
644
1670
762
2522
1918
1596
664
176920
254
762
650
43512
748
6504
2334
121742
268136
78660
1296
114354
2300
2660
9588
776
1086
268
1606
1034
508
2048
1844
2190
1376
1518
1618
646
500
3288
1154
275476
626
234
1326
2368
1066
1740
508
2500
1256
1664
642
1172
1346
238
401752
4614
164050
2444
1242
1960
167950
2242
1552
224
4026
1134
1518
1296
1164
5702
2768
2116
25704
289398
3528
340540
3588
528
45910
1390
3242
1130
2306
3340
546
356
1392
872
1028
224
4102
2230
4008
2872
6588
4154
230
1692
244
5694
234848
246
664
2224
796
2414
634
642
8668
5242
546
3314
3436
1346
2396
620
1822
248
842
1624
980
3888
514
2824
2354
5396
250
486
1930
17086
4762
240
508
263788
370
234
3204
534
766
490
14584
241844
149228
103160
1916
672
1818
1016
532
3126
543158
1106
7746
932
1032
176284
1308
4588
910
1180
240
6116
1890
1156
3052
654
3058
1898
788
1356
1020
3624
1558
1064
518
766
3506
138490
1372
1620
3930
578
256
639630
238
1418
996
510
5272
2310
684
1266
1100
1120
4172
3488
4400
1446
236
573896
1462
1610
6058
718
1874
2796
3654
1680
92720
3520
1218
534
234
236
748
934
758
2254
63780
193944
852
750
3032
1184
1340
1968
1006
181588
790
1434
2598
804
39200
906
1016
986
33424
914
1586
250
254
4140
1524
680
516
341354
8712
232
583426
656888
1252
80694
2046
678
1220
2660
108838
166952
512
1978
1294
1256
323292
183018
624
750
1914
252
1454
206434
79586
242
1342
2642
149874
1762
1530
7760
512
1442
97836
1216
618
742
11602
234
766
620
1310
1644
2884
4184
634
2694
25958
1204
668
1626
2610
389562
356
1196
375664
241626
676
508
1728
1158
3554
6718
1292
1018
1400
2430
2574
1166
2604
1494
526
2908
756
4388
1346
1596
1396
1570
632
3058
1254
1892
3878
2296
856
350484
274792
1454
972
1762
498
1594
2726
175408
1816
1404
962
998
556
1050
2400
664
226
1666
1786
1678
1458
1164
652
3880
334
1372
532
268
1874
8776
674
4796
526
772
1600
7686
1320
91600
1418
364
2056
746
1550
1852
3436
2862
646
1916
3466
2314
540
56736
3606
1018
2770
1098
34796
3166
248
121908
471424
682
1606
10708
1742
1440
3896
774
244
598
1324
1274
1060
2718
356
826
1736
2070
1206
236
3680
238
278272
1124
107872
920
3170
30420
4414
674
718
5164
578
844
594
1338
248
2974
2188
2188
972
1076
1118
920
2722
38576
2846
67348
1250
46350
2928
149250
2626
2116
1930
2664
1694
2382
1158
1382
245124
752
506
3588
492968
159666
1674
412812
2242
3122
1458
1944
506
1154
3780
2040
224
2290
1096
1024
3884
2084
734
2474
2040
760
12054
222
604
972
3632
2046
2056
750
1960
2706
2354
2440
878
91880
1596
664
1464
2064
792
1968
7110
236
1926
2626
1300
4870
756
1104
634
902
2992
574
246
2306
872
176836
494
960
432
1660
2358
2242
1702
2806
1338
1944
1416
238
1732
646
742
386184
55276
218250
204480
1748
4496
113430
2318
2076
1776
224
388622
1330
1510
6542
1258
2522
263692
1552
1012
7142
113528
5990
240
534
822
6026
498
1392
225904
976
209464
2452
541518
644
1030
700294
226
1438
35842
53074
2428
2530
3714
2382
2448
2394
1592
634
58326
3038
44692
2056
71224
2688
500
664
870
256398
77320
630
534
126188
2560
59802
111690
10844
650
245254
1794
1726
7704
1402
3378
488
234
82496
2784
5244
49928
149350
222
244
316662
648
412830
872
3144
684
1228
76452
506
220
2324
632
32172
63632
1956
2018
1908
226
828
4772
490
580788
1004
1706
1870
2738
248
244
514
363798
1206
488
31596
2350
1472
2288
2958
1234
165394
872
1780
90168
246
444
494
156238
294020
682
250
798
3518
2334
1020
1092
746
1406
1006
492
392
1054
642
600110
2900
220208
850
4254
4704
222
1510
7710
104392
628
1798
874
243262
254
372
790
740
206
81936
706
3640
7328
1100
382430
8574
106200
3010
68874
341490
992
2278
3042
2788
606
52158
2148
451704
1370
1276
1854
7308
7864
234
2052
3910
130576
604
2160
1048
1398
1222
145896
237616
1906
2318
636
1624
1474
660
7082
1000
356
1636
211336
1750
530
776
738
447232
1750
401248
530
250
266
102684
290480
1278
150186
1944
3508
3340
1668
3558
660
1360
1558
1968
4050
4154
3140
7000
3318
844
214490
2158
372706
26394
628
1022
504
540
46726
748
344
6062
510
1518
10724
692400
157014
5152
1388
60892
496
1160
4782
148064
1086
240
1476
17644
800
1362
2366
2522
790
104858
4446
2542
1634
3530
2740
430252
239934
2584
360
3034
1702
2716
770
19422
916
5830
1144
1256
1036
512
228
3660
978
2794
1306
5610
3252
818
1796
1664
14576
1418
2900
1622
850
870
756
782
1066
1940
4624
4452
12372
1454
253688
2518
498
776
1970
664
2154
1806
259126
2542
1954
788
628
8320
5512
778
204022
764
1168
1638
3956
1444
302176
26150
2080
186276
155110
912
676
4124
516
238
1324
680
1212
1878
1922
680
248
914
1010
1388
1644
3574
1548
254
1156
5114
240
2834
327380
52848
6468
230
374
1890
236
2206
24182
8642
1326
600
1848
196836
3738
10708
1412
51850
614
244
1870
636
2590
742
3112
1098
2370
217008
5308
438348
2638
1826
542
273294
4152
24598
