101:0:0:0:0:0:0:0:0:0:0:0:0:0:0:0: (total 2)
0 8 Thread 0 going to cpu 0

Thread 1 going to cpu 8
cpu 2 cur 2
STARTING...
going to barrier (cpu 0)
going to barrier (cpu 8)
STOPPING...
Duration      : 10000 (ms)
Acquisitions  : 69805155
618
590
956
1084
980
592
274
554
598
628
616
798
230
278
254
958
564
274
1148
598
576
246
556
608
582
626
644
224
320
624
644
956
428
1152
474
630
930
802
1446
926
622
604
460
108
276
266
234
1004
646
594
562
906
1154
556
304
288
628
586
252
762
946
246
640
564
686
968
270
936
920
936
582
672
596
928
254
614
278
596
1010
248
578
608
234
596
794
994
626
246
598
282
888
578
610
630
232
578
582
992
248
936
1176
660
796
340
298
638
574
586
586
558
944
772
324
628
632
1112
562
594
594
242
598
274
908
248
968
626
1134
386
608
578
420
250
1000
254
628
600
288
652
638
278
962
1350
566
880
634
238
902
308
926
908
904
570
1136
246
960
552
1056
958
634
658
966
554
946
1108
252
924
918
1012
938
584
942
234
616
948
238
584
1006
630
786
640
278
578
652
916
622
246
650
564
686
966
268
582
594
310
664
918
568
590
630
990
550
306
574
244
930
254
232
630
632
608
606
966
624
576
698
968
638
548
396
102
272
990
946
380
958
274
640
886
588
264
894
220
598
790
880
580
610
1494
590
564
594
560
558
574
676
230
260
584
1130
762
966
1100
792
592
328
616
578
796
282
618
560
254
628
606
470
272
936
610
594
554
288
636
582
584
224
572
270
564
794
268
558
284
1128
280
610
480
620
1128
266
622
904
918
618
604
266
592
554
626
268
442
632
302
272
646
586
1110
570
1102
270
332
232
628
270
258
554
322
1154
262
1506
584
798
964
678
726
624
654
972
584
790
880
580
598
1494
242
968
634
616
244
628
576
278
236
668
226
944
892
242
560
272
252
600
564
252
942
576
244
244
630
500
640
626
1394
616
650
406
314
606
252
618
244
702
622
244
992
974
616
960
628
632
648
256
248
626
296
1002
286
226
576
278
600
280
1416
786
588
580
566
610
290
894
284
970
582
290
572
892
244
584
610
574
932
988
580
614
588
566
1110
942
614
628
796
250
254
612
226
586
644
278
590
942
598
1492
272
566
280
242
250
934
280
632
276
572
220
608
268
958
288
554
220
586
970
936
276
220
576
596
330
248
274
1528
280
626
1084
304
580
638
248
594
584
252
594
606
256
244
964
838
646
246
622
114
714
754
1144
562
254
932
658
266
622
926
880
794
836
608
972
324
672
274
594
1128
930
594
604
244
624
962
920
626
626
250
778
556
650
282
242
942
276
272
948
324
244
568
234
294
262
626
252
608
232
626
280
608
554
998
976
626
790
710
988
564
562
1082
910
598
784
90
222
612
620
298
250
276
232
542
214
644
278
248
590
644
646
554
576
1002
280
244
248
250
566
1112
586
264
294
222
962
1470
252
584
278
260
232
246
284
588
582
586
230
594
634
676
912
954
714
590
782
914
286
590
626
260
282
1164
656
588
610
628
260
228
568
232
650
294
288
612
1006
278
668
288
626
588
594
250
620
280
554
808
1122
574
1140
258
638
648
592
628
972
626
608
278
562
800
290
964
584
794
646
614
1000
630
254
626
1162
552
1016
660
372
226
244
634
540
304
632
666
556
260
558
586
618
238
270
632
746
252
636
290
1128
262
240
784
906
1136
592
610
640
886
580
272
580
584
970
286
596
944
580
1422
282
598
266
294
624
268
286
268
626
554
304
792
566
304
572
254
624
238
286
934
628
928
652
246
578
278
224
266
298
628
660
900
304
1012
568
630
256
626
658
258
282
990
326
254
540
576
246
328
562
646
268
256
594
284
566
780
248
266
252
962
418
284
882
246
244
962
280
958
960
246
638
934
926
598
992
644
226
588
274
588
640
1162
828
1306
590
316
426
90
588
772
622
588
306
638
660
566
592
246
584
246
564
600
550
644
714
576
758
672
606
260
290
568
904
262
576
606
606
248
888
264
260
272
244
242
268
986
1154
778
568
772
628
688
266
616
794
316
1120
256
590
556
568
270
768
624
584
228
624
246
1438
250
234
596
306
266
278
280
306
946
794
920
280
264
284
1074
604
612
950
242
246
780
670
626
720
242
776
920
580
932
304
626
1154
604
576
234
244
630
276
626
770
242
608
792
248
564
258
972
938
614
766
552
1126
1126
268
296
552
580
224
582
556
246
282
258
626
268
624
566
594
1128
566
588
276
602
568
242
946
280
270
248
406
928
260
264
632
1168
290
920
314
246
584
254
1056
586
228
630
242
956
580
600
286
620
286
232
282
282
606
226
268
1154
930
590
784
956
590
1464
658
278
230
912
590
770
560
282
1078
266
268
294
268
588
136
576
244
632
626
554
628
280
648
570
1108
232
592
918
970
1130
962
608
602
990
590
634
238
1122
246
246
246
294
626
982
640
604
976
282
558
232
916
112
266
268
272
610
976
616
976
266
966
586
586
1042
764
260
246
228
628
284
592
636
606
298
246
598
234
930
274
280
664
630
924
630
238
646
322
748
248
292
266
678
250
286
930
612
578
614
606
882
962
274
280
556
600
576
248
568
642
626
278
268
284
248
1166
256
268
634
592
582
626
648
270
574
562
1138
588
960
620
1130
276
926
270
246
934
788
242
586
276
284
240
282
992
914
674
602
626
260
566
1122
828
276
288
300
972
628
1004
656
632
974
622
242
274
246
286
592
630
590
1110
902
576
628
280
570
612
936
284
248
266
272
1132
622
596
630
612
260
574
510
284
614
584
622
1138
266
334
618
1018
768
630
244
814
586
1478
824
980
566
956
262
638
266
276
612
626
964
240
888
978
266
716
268
632
608
246
252
620
568
624
1128
632
676
606
642
910
964
572
952
292
904
634
638
250
246
892
238
586
626
216
622
408
988
970
266
630
250
586
552
596
664
618
230
1460
624
640
552
638
1002
278
884
318
646
594
256
924
770
924
926
350
282
618
966
246
562
620
590
578
266
554
598
636
596
948
262
712
618
338
410
628
624
276
956
266
632
282
612
602
670
1158
890
578
624
1116
584
630
902
1464
544
582
592
560
628
562
586
624
940
578
924
632
560
556
570
1476
574
984
954
560
604
766
1000
564
236
950
650
570
622
284
644
1154
580
600
580
622
1114
630
678
596
618
278
596
634
1132
916
246
594
1034
618
554
260
562
1128
608
776
226
638
656
606
1014
1008
1124
630
678
948
560
266
570
616
762
118
754
848
634
610
1128
550
610
584
1098
598
796
586
572
598
950
610
890
278
576
898
226
940
242
260
800
576
768
950
954
282
260
578
266
670
580
270
754
902
246
256
916
280
430
1124
998
292
890
238
252
1024
248
566
594
240
280
554
792
254
568
760
596
616
238
104
220
550
598
648
244
720
562
960
268
284
576
584
624
284
788
662
280
286
612
562
890
228
568
322
262
636
284
278
276
680
600
258
690
600
578
628
998
374
620
646
948
596
564
586
572
598
964
114
556
1120
642
640
624
248
926
302
234
620
224
626
574
554
596
772
286
252
938
224
628
902
264
256
280
1160
92
632
662
598
498
646
620
408
626
310
628
788
632
610
258
632
924
978
596
620
676
648
720
282
248
630
620
690
286
564
262
268
1138
584
574
1086
248
988
222
628
594
556
634
892
278
276
904
574
592
336
1468
626
962
1232
640
308
946
264
962
1208
632
670
266
780
256
558
246
962
268
270
956
596
948
588
242
574
302
256
596
584
1112
268
264
1100
626
280
652
558
554
238
1102
624
918
1140
210
752
918
330
262
268
672
114
542
588
798
566
790
578
594
628
596
232
296
596
590
788
636
788
634
608
248
1226
628
390
968
778
616
558
598
618
244
690
1116
628
1166
930
556
596
292
556
796
946
576
596
584
668
616
910
956
628
292
776
586
294
19988
276
646
558
252
628
580
246
222
872
248
278
596
246
266
1140
274
620
624
570
638
1002
968
626
736
728
974
278
562
996
576
588
480
600
266
638
264
288
246
554
214
278
608
258
296
990
640
278
922
628
612
260
238
246
266
578
584
554
308
248
1132
970
596
244
598
270
242
256
246
650
246
960
284
614
248
696
948
922
910
728
224
568
600
614
630
272
266
632
628
326
956
630
278
308
776
552
792
630
328
636
634
636
632
288
626
268
596
592
648
268
1122
634
108
258
584
926
280
272
624
1026
626
626
614
974
264
586
776
278
630
582
566
224
940
280
292
618
262
988
566
652
994
360
792
228
656
542
246
254
1000
584
284
558
280
946
258
262
624
630
358
254
660
752
598
284
748
600
574
592
886
632
592
546
604
606
546
634
640
292
938
616
914
588
600
284
282
624
278
768
268
614
254
576
270
630
228
260
588
624
244
310
596
974
576
1126
626
276
586
234
322
240
610
258
958
564
258
666
586
628
266
988
250
282
626
642
294
590
544
266
262
278
1438
264
278
274
562
290
1104
244
284
288
644
744
334
542
638
258
1128
622
624
934
584
596
656
896
1478
642
930
278
1128
276
328
926
628
492
1004
576
588
244
576
564
250
578
590
244
628
658
894
256
560
280
278
914
264
562
890
748
922
648
952
270
278
260
968
554
268
554
942
280
1106
548
262
282
252
228
296
630
620
1138
614
228
628
654
274
626
260
228
258
568
224
1138
562
570
246
628
296
1104
328
584
1138
548
264
246
1138
262
276
266
252
640
598
1130
584
254
284
416
552
584
988
548
260
256
262
700
762
552
234
1118
892
648
564
640
234
690
892
276
256
266
1162
626
246
216
624
256
266
272
558
640
1024
918
228
240
544
934
88
600
326
1102
240
602
214
578
584
250
316
646
268
640
248
608
580
926
272
596
226
584
1106
554
626
280
292
368
586
656
