70f:0:0:0:0:0:0:0:0:0:0:0:0:0:0:0: (total 7)
0 1 2 Thread 0 going to cpu 0
3 Thread 1 going to cpu 1
8 Thread 3 going to cpu 3
going to barrier (cpu 1)
9 Thread 2 going to cpu 2
Thread 4 going to cpu 8
10 Thread 5 going to cpu 9
going to barrier (cpu 9)
going to barrier (cpu 8)
going to barrier (cpu 2)
going to barrier (cpu 3)
Thread 6 going to cpu 10
going to barrier (cpu 10)

cpu 7 cur 7
STARTING...
going to barrier (cpu 0)
STOPPING...
Duration      : 10000 (ms)
Acquisitions  : 19811139
1389
1026
1191
1932
1467
1302
1851
38325
1098
1356
1221
1845
1884
180
909
819
1305
5535
1461
834
1356
20325
273
1284
1440
3384
1074
1206
231
2397
612
1347
786
8730
1341
1611
1047
1065
255
735
1509
1431
1602
1380
1362
972
1476
2607
801
1197
1932
795
924
1365
10200
1395
1341
1026
1038
1860
1080
759
1818
1509
1596
1884
1365
1938
1998
822
28656
1338
1002
663
1389
2181
1134
113667
828
1554
1614
2850
1401
1635
1878
1605
834
1911
999
15486
1404
324
1389
771
1728
150882
804
1041
3633
1998
786
276
1287
1422
963
555
789
1383
9972
1227
1485
4449
1158
1134
834
879
11808
24669
948
1023
945
546
963
780
1323
1467
2877
192
1188
1803
1347
27621
1071
6210
1968
2265
25731
1170
9321
1206
270
1278
1470
1602
1215
891
1119
1668
1116
1977
1248
270
1626
1227
1107
300
777
1296
2319
1887
2670
192
888
765
4080
1422
3543
1713
2340
177
1545
1497
306
1563
882
984
1548
1686
1968
11199
1755
972
1317
1188
23577
792
1770
1377
1512
1539
927
1947
1257
858
1095
1287
1665
351
4224
2121
999
1389
1218
984
1050
2898
1734
897
1182
1506
933
1410
1500
906
1212
53589
1041
1263
1896
1506
1302
48561
1107
1035
1296
1581
39102
1068
1587
1365
1269
2784
2265
5385
924
1203
1329
1407
1503
19185
1347
1299
54273
672
1311
1065
1662
42927
909
960
1125
1272
2232
2553
1131
885
1371
2163
765
1887
1572
1575
912
1863
1026
1191
1656
1362
1008
8820
438
1248
282
1842
21207
852
1143
981
1635
2520
1203
1407
5271
891
1728
1026
888
924
357
1236
2103
1023
1278
1020
954
1212
1491
1647
1497
1845
1209
24003
1449
8307
1140
2433
1332
1962
13836
3024
921
1038
246
1164
1989
1743
687
63888
246
1965
1800
738
1257
3006
8355
1293
1842
2784
303
1011
1044
939
13506
1275
987
25905
1149
34125
1092
939
873
999
1203
1761
1236
1197
1923
1416
867
975
1584
1653
1638
891
840
1062
1008
1002
1944
915
2082
1032
312
1563
1656
1815
297
1734
885
1458
906
1020
1170
1173
1212
1002
3969
276
1326
786
1458
9180
1080
2154
1611
1515
1212
29493
1230
1344
1050
783
1554
2889
31914
1413
172434
2622
1248
753
2334
1398
1344
1089
1557
966
858
1038
228
1077
897
5067
840
3846
1038
1641
1368
1785
1905
1536
1317
1137
6519
1341
1005
1482
801
1014
912
1692
1269
930
8790
1668
1647
1524
918
1203
2370
1524
1686
1335
18867
351
1623
1590
1311
16551
1440
945
213
2301
1536
1284
1074
60765
1632
963
984
1308
1152
3270
318
1557
1314
19065
1914
90123
1188
195
1044
951
2355
1899
201
1647
12351
1143
1302
2991
10023
783
681
696
1107
1209
1032
2175
936
1356
1074
1248
1629
1035
1185
1497
2061
50469
1038
1266
876
2163
1212
6168
1611
981
2304
996
1104
777
1278
1191
1086
1521
1050
531
1515
213
9843
1308
1878
2037
1023
975
18459
1059
3168
26502
1011
4992
2358
759
2103
1446
10452
1497
7860
2556
2559
1377
1593
90972
1287
1275
1107
2013
1713
1374
1443
2034
1692
945
960
1122
1140
1278
1011
2436
1710
1401
23496
963
918
201
1272
1392
795
29883
1587
1104
2310
1416
61836
1173
732
1140
741
858
1098
40755
1314
9888
6909
981
1638
201
3165
2082
1137
1011
1368
39012
21813
36354
846
1053
1377
3333
918
51381
2070
12975
66969
1995
927
1452
219
1437
1008
1404
1494
1092
1152
97179
1956
567
1755
2001
693
51528
3354
1221
1377
1851
1266
2340
1611
1560
1998
1593
1572
1479
6156
1233
52527
34509
1398
1248
22548
2055
2751
1758
942
1296
1209
1068
1317
1374
1914
4167
1587
1608
1212
954
1770
807
1434
1770
1674
11799
5826
1224
11433
1356
933
1155
816
2016
1242
58440
1191
804
1824
1539
1173
1320
4950
13944
1323
1464
26991
1038
975
1272
360
1227
1764
1293
1344
207
1641
1515
198
1713
486
21405
948
19452
1278
2418
8403
2226
4551
927
1584
1389
26661
906
9885
843
1788
1239
1137
984
1242
1554
939
360
2091
1038
1785
34551
1761
1401
1086
36654
858
1179
1836
1002
864
1089
192
813
1713
1935
2454
1416
2340
2100
1377
21228
24867
1269
1020
2205
1044
987
975
954
11325
1383
4491
2520
1221
1395
1098
4008
987
2577
3060
894
1077
1104
13866
1113
969
2466
2052
516
1035
984
1467
2061
765
1050
1830
25299
1074
1671
1500
17094
1326
50442
945
1446
1056
1299
2373
1416
969
1200
52974
1089
40770
753
714
69108
1104
1125
927
1749
996
1248
1107
5973
2358
1536
1332
2331
3174
1572
879
1521
867
1722
468
2103
1524
813
2064
1368
1200
1911
1062
56820
1206
690
1095
1236
669
1962
21597
1146
1245
26262
1515
1551
1185
1239
258
1422
1062
1113
1752
348
1170
285
1755
1548
543
1386
77493
2088
10566
2448
1104
3435
2169
16242
999
1662
1650
705
1269
9096
2562
255
1563
1002
1614
900
1656
1428
2034
1053
858
1356
591
64593
405
1227
1884
14769
1434
1278
927
1035
1419
1287
1113
1275
954
1194
44088
753
684
1281
1083
2322
879
1590
2382
1218
1242
22584
960
1413
1206
1395
2649
18822
1308
1290
261
1563
1488
1863
894
1404
1056
1857
942
25365
1482
1332
1755
1122
1578
1341
915
462
2304
1002
24576
1140
1254
1620
1206
1785
1617
1359
8364
1995
1611
1209
255
936
6105
993
1404
1614
85056
1269
10914
2703
2454
2715
324
867
1974
1425
1620
1362
12528
1956
1071
1446
1131
1305
28245
12174
684
16332
894
1968
972
1200
1014
1002
1008
1026
2547
1023
1047
1134
1056
1227
825
1077
1155
1017
1095
1035
27366
4254
1059
861
52533
18243
1257
1680
1356
1248
1149
12891
2241
1422
2580
6966
1743
1119
2139
1812
36120
1053
1470
198
1197
1134
2070
1245
11679
1176
47655
2913
516
6243
1779
1317
12372
1275
2241
2082
1449
12855
13749
1776
5025
62400
1869
24090
47919
897
1860
2415
26307
2076
1908
2952
16200
1557
1647
2352
35202
46452
8106
32568
1818
1467
2433
2667
2331
14064
1110
29142
1557
2082
2751
2445
29094
2463
12663
1200
1356
1578
1950
2193
71958
1302
35469
38931
81264
67425
1749
2154
3315
35022
1500
6060
2388
32298
963
77721
1743
1521
1473
23259
2718
7185
86742
1431
3819
1584
48552
885
1758
2739
2655
2922
10002
3507
16011
5082
888
2142
1914
16275
2943
2931
1398
1188
19980
102075
7521
3066
2841
1908
61092
2595
1929
1914
1020
1182
2004
151398
2115
1464
22062
2073
2709
1320
1626
32865
14163
4566
41703
2349
21396
23226
3339
1551
3645
11421
4227
1266
1995
22167
1611
2082
7281
45867
2601
822
15906
1815
1212
1530
2013
1245
996
89628
834
2343
2667
21204
21546
5061
43260
18822
2526
1944
1536
3057
38463
2427
2631
1752
152517
66108
23718
96327
9039
81057
8232
22029
69888
1800
96123
2208
5397
18726
5712
1038
42726
8556
8013
1137
5253
6114
97104
2682
73314
1485
1209
82380
7683
1566
1188
125961
2931
40203
8277
40095
1200
27459
1968
18297
2352
9357
1362
79212
1509
1371
3441
2103
1503
1572
8937
3258
16110
10197
89817
1134
1281
2913
14469
8712
5709
1494
7158
15837
4548
4278
2025
2232
129441
1506
2169
29475
1719
936
1695
1467
15516
46194
2544
1662
130632
2046
2133
16620
24435
15402
1935
9798
1842
1641
1665
4689
29871
1806
2796
1143
2328
1290
1293
2601
732
34665
1269
7599
2145
1608
1206
47481
15162
70944
98841
1617
1152
1689
1722
2181
11499
2148
1044
77613
1662
2529
1956
2280
2901
6792
23403
5853
107190
1527
3786
3498
16425
1605
2685
5769
48954
984
1137
1668
12531
1167
1650
1722
1527
3087
3492
15192
20484
5661
1968
11445
39603
27033
1110
17646
2043
2997
1278
2181
14820
1761
12348
3261
3456
2712
11172
3201
1722
3303
113976
27369
1443
1287
10077
1923
1344
1170
1452
2361
11334
4977
3780
3039
39411
3219
1980
82428
1308
2262
97908
15786
972
66408
3789
59184
1722
14415
2421
5232
2517
2514
1035
36261
19854
1872
876
2952
2253
1605
2190
1902
1773
32736
1374
2577
1275
1974
1209
1725
54522
3576
1629
1335
1068
6162
2238
4125
79770
44403
3327
24531
2217
14313
17943
33975
843
5622
21153
8850
1317
73917
792
1587
1812
20463
2220
24906
2229
1233
1686
2925
867
3492
132114
5475
3201
13188
18384
11394
963
12264
2157
71745
4008
2211
1020
3222
630
33558
16233
1122
25134
17313
642
45447
25707
1356
19956
1341
789
1695
1473
2604
1539
12861
1476
2055
1980
14133
60060
1389
1605
1998
25404
1533
1323
1215
1683
26616
39990
41010
1482
20124
203127
2817
43128
4413
906
3489
41322
1260
1839
1185
1587
1995
2868
1827
795
14358
984
13053
1389
1749
2961
3327
9507
2334
2142
3741
3624
1989
85248
7701
3261
36396
1011
1608
2709
9231
957
2748
31293
1035
2127
1608
1464
1176
45864
1620
903
987
64611
130098
19911
7857
77196
1665
8331
45777
109461
2529
21867
1416
2019
1713
15534
12975
2907
3825
27144
4176
51513
1104
1689
24732
48099
867
1371
2073
1041
2580
1122
1878
72156
49839
1923
52890
1218
1974
71748
2319
3273
37080
124530
3054
4767
2262
12594
2385
27381
1998
1215
1590
7851
1122
40062
2835
1014
1860
15150
50166
3768
1989
2889
1314
6360
30213
1446
22155
46014
1362
4215
2127
2835
8970
1038
2394
10740
14010
1080
13203
30918
951
1821
2103
1239
78966
1194
18789
32955
2802
3363
1560
1119
13476
27759
70860
11964
1362
2970
2838
2733
8823
1932
2961
21195
2205
95253
21630
1926
2421
2913
2352
111645
18411
1680
1686
1554
3552
27066
52119
1791
2742
40302
1677
1347
25026
48495
2274
2580
36432
7407
2238
1572
38487
3033
25743
2280
2076
63606
1044
4284
1671
65631
46962
1797
10845
1152
104757
30777
1533
65979
2325
82968
1065
2700
15099
12099
2106
2514
2166
21474
1065
1476
8049
1485
1404
2346
1464
1557
2265
876
111813
1188
1971
894
2274
2895
744
1884
2088
1890
2913
27234
2619
25281
67317
26916
2115
1548
51342
51009
885
116691
1200
2133
3204
1044
954
1176
1512
4047
46248
1644
2997
1683
3381
1749
5232
2841
1290
1209
1545
24054
2283
1209
1608
801
4134
3831
33219
72630
1272
2289
16953
882
3744
86229
3129
2529
1209
5331
1938
44535
31791
20721
900
1065
31431
55287
1578
7734
1146
43158
20955
2739
11946
14796
1689
2472
47673
1962
25161
2403
1398
18375
5376
11181
2316
1770
11496
68649
2190
975
1692
1203
130842
723
2163
68742
18684
7650
2304
25287
24516
1536
10560
822
1890
17406
8142
948
37125
1197
37281
22386
109608
52281
36072
1143
885
1551
33081
11004
26544
48975
1737
29661
89310
39639
1689
2007
2754
36153
96615
2565
1932
2136
7959
2178
1935
23280
2142
15045
1464
32640
54816
10173
1839
6291
813
23997
33117
3843
58257
37449
2100
2214
2325
1371
2691
1161
2166
49827
45972
1494
2082
1242
71427
1143
45363
1158
36771
29103
1659
1224
97920
1761
2856
1311
1818
17985
3216
4269
2658
1740
12813
924
2403
3396
11934
2274
13413
3174
25524
2937
16965
2277
2505
36498
1368
55875
3528
7419
46344
1374
118686
1326
1617
1683
1047
33255
2748
3168
1308
65946
1224
2166
2691
807
20160
8067
954
2868
31446
3933
1530
25296
1944
1077
24861
1554
1929
3075
5232
1725
861
2028
2478
201
1194
5817
21285
12105
23226
3414
2052
51204
18150
1722
8583
1401
861
2286
6864
2619
207837
1500
219054
13944
2211
24468
8544
1980
1038
876
2880
807
1080
2442
2178
1485
1362
1815
12051
65583
1599
2799
2238
22593
62592
61674
1935
1134
1653
27873
2256
81870
813
1038
7134
2217
130269
3186
22770
17214
84810
80094
67077
51924
30153
77823
1755
2466
1368
22224
1782
90474
1875
2058
1926
1323
1983
101484
1488
9555
1899
2634
1143
1953
1140
10374
1845
1833
50919
2070
12249
891
2529
1221
4476
30018
24618
1452
80145
1695
3270
1044
17277
1473
1401
2718
252
1329
1482
912
26775
1206
1146
1746
8628
852
1239
432
1293
240
2028
885
41799
1053
1179
1194
1671
1341
1146
1173
1497
1170
1047
1227
1425
213
1044
2421
2964
858
2151
1470
1311
1809
1074
1392
1077
1611
1368
2136
1239
1644
1497
47787
1197
2271
64443
1806
1425
1182
1470
2220
438
1374
3099
888
957
1887
2163
861
1149
927
843
900
1572
3090
930
1476
1506
49911
1035
1278
888
1308
807
948
1347
1488
2577
1716
942
1209
1782
1272
1059
29193
777
1956
1173
1116
1533
498
1269
1095
1092
1836
26202
1797
71676
1068
1161
1011
1353
1398
1632
2163
780
1317
20250
1341
37524
1344
1176
3099
1230
2568
1608
1332
822
1884
1383
1209
2262
1293
909
10167
924
1875
849
1266
504
1068
1725
2058
975
1221
1812
927
8829
2643
285
864
1518
49350
3669
888
1881
1680
1440
2130
951
1119
777
1257
1161
7281
1737
2007
2412
3969
351
1014
948
1113
2574
42693
1311
1197
1902
1266
831
891
3105
489
1398
1488
2304
1020
4191
5814
870
1005
852
1593
1236
1545
1161
2094
1119
18048
1179
2004
1488
1446
876
1314
76404
1377
1254
1590
1467
1365
1134
1194
1197
1545
1155
1134
210
74460
1110
2415
315
1626
19860
1434
8148
2271
252
2412
39498
40272
1032
1452
222
1200
34608
1002
2169
1515
1248
1986
2469
1329
1377
303
1152
1956
1347
990
20691
1179
459
2457
1512
1251
1125
14871
2115
2076
1524
1788
906
1005
1620
1482
1467
306
1446
2247
1002
16464
1923
1167
3846
1137
15249
2901
858
64404
834
12621
843
906
168
1794
2187
1179
2535
984
840
1932
297
1422
894
13911
906
1539
1020
1479
1059
960
1632
1935
1071
1236
8655
1482
1362
3168
1320
1053
1110
4167
963
1104
14190
42099
1422
11187
759
9726
1674
1905
1296
1329
231
348
15903
861
1362
30237
1722
936
1734
9336
1356
1284
1920
25710
1683
9312
951
6252
1011
1341
942
1392
90084
1167
1197
927
1518
12657
1761
1056
1215
1263
1425
2328
210
1170
1080
2112
65913
1431
1188
1929
1884
1509
1092
894
1044
1014
1677
678
948
1368
3141
1479
1269
2268
1602
1293
1038
1629
1209
15879
1146
792
1155
960
1275
1176
984
2106
816
1863
801
2556
1110
909
930
1188
1419
30603
1443
807
1002
1908
1182
1071
1668
2184
1089
1593
1020
1266
948
1173
20289
15570
1014
1446
711
867
1110
1761
984
6321
2589
1014
1443
4119
6327
1476
8295
729
2457
1323
1578
1221
1428
2199
1515
1515
42330
1602
1773
50520
1695
11862
921
14514
1200
17457
45414
2067
1200
1173
1899
2520
9759
1395
13146
1386
756
1914
22662
1518
1848
822
1302
1359
768
13602
891
3510
804
1797
1173
1689
1305
1551
1380
34881
1167
19902
1731
909
1023
1461
1161
13950
1155
1050
990
777
9414
9027
1038
246
1143
1248
888
1299
819
948
321
1422
1629
1260
987
2523
88182
1203
831
19131
1167
1359
300
1278
1608
945
1098
1671
1263
891
24240
2022
1455
1227
1038
234
1131
1383
1896
1167
1767
1656
993
783
960
6069
948
1338
1278
912
867
1260
903
1257
1200
291
765
1233
1455
1308
1305
1335
864
939
351
888
792
930
1545
804
1419
957
1650
1155
1137
2769
1350
846
1533
1536
1956
933
1794
3093
900
1635
1179
1689
1131
1341
1041
822
1077
1659
1026
2199
1140
1539
1083
858
1818
918
771
324
1044
1794
1014
2940
834
1308
315
840
2802
1209
1134
1932
2547
1914
831
1014
1173
1824
309
921
2103
1221
942
897
255
1431
1005
1086
954
2166
177
79341
28113
1692
1200
4689
1776
1020
1038
1107
11073
1086
2547
1281
1932
1122
1767
921
17430
1554
1215
1191
1017
13815
11004
1098
1716
1734
1191
714
1851
1134
1056
897
48963
2280
984
951
1653
1347
834
948
2598
2067
2625
1623
1521
1797
1449
1281
1485
2820
2787
909
21963
960
1281
783
1572
1110
1635
1284
2055
1863
774
1167
17259
2082
1224
474
1488
1758
9018
1167
1158
1749
1887
37263
903
852
1959
1428
48843
1200
71799
2244
978
1137
1089
786
1485
1497
1242
906
1335
9123
27879
16221
1503
858
3105
276
1353
2337
1776
1650
780
1350
2319
2019
885
1983
948
1119
1416
996
1278
1218
957
954
1287
1245
1224
1119
1038
12435
1296
234
903
1026
1185
1620
2547
861
97554
801
1257
330
1824
22866
5742
960
798
1305
1203
1422
1212
909
1380
252
1896
2199
1035
1779
3465
774
846
1431
1575
945
1830
1566
1350
21186
1317
6420
1179
1845
1008
747
921
24330
1257
849
34359
1446
225
1095
1488
1065
1542
1656
2841
1848
1056
17709
1593
21357
1686
1347
1149
1641
1026
795
894
1209
1047
885
885
8601
8547
2919
1731
1329
285
1293
1032
1074
2037
3174
1935
222
1104
1245
885
1623
945
1383
1620
2295
789
1650
40440
29526
3129
6162
47574
1329
1104
1065
2223
1548
1581
822
2541
11604
471
1293
930
732
20793
1548
1050
2247
1554
984
17640
2037
1683
918
1326
1797
990
1329
3492
807
1530
393
2097
1713
1029
942
921
957
894
222
696
6255
1071
42759
945
1308
1155
1062
1695
1254
231
1929
1659
1329
1548
2061
3891
7647
1353
1959
1233
44757
1227
2028
318
1224
774
942
1530
1296
2532
834
48033
1860
840
9426
50943
1098
4428
1413
402
1080
15342
1389
1581
360
1230
1407
1281
7203
867
1179
1002
1254
696
20358
8460
972
945
1383
13323
816
2154
339
1137
1782
25620
1200
1011
963
1236
906
3378
1083
5463
1911
1803
1719
10311
1080
906
1263
228
1176
1212
831
1641
1104
1614
1026
1662
1407
927
7056
1281
861
924
1071
1035
846
804
1164
942
2214
894
2307
1185
1200
68853
750
1140
1503
1557
1491
1368
1257
972
1341
1812
198
1260
1344
2040
2283
1086
2481
1557
243
1059
192
32589
1341
273
360
276
201
22083
106164
10689
360
189
39975
22707
30168
165
115014
88380
372
450
195
16770
174
273
327
363
201
30180
86634
420
333
246
360
342
252
273
789
183
507
258
3861
9363
44829
261
192
321
246
1878
189
243
186
186
189
264
92826
504
108006
189
783
693
828
300
279
51795
276
300
195
15156
13473
31374
435
474
18714
243
18432
137685
489
249
3477
4752
270
345
252
189
34698
9207
1446
267
17157
4206
183
276
27000
30102
243
4143
369
375
423
3129
273
270
15990
159
249
186
390
204
678
3990
351
162
261
360
546
531
507
7149
68817
669
4419
318
258
1023
750
732
363
363
82392
261
14052
3111
264
261
327
270
279
351
2118
162
807
270
738
276
273
189
336
474
186
264
255
501
258
186
360
576
20946
186
261
405
438
309
681
324
276
12987
345
345
36354
732
156
357
255
354
20160
798
20670
123075
264
327
4197
498
324
576
29847
106329
26655
159
306
768
54672
981
306
426
678
189
192
186
477
399
363
5907
390
1539
1023
345
657
696
13341
60513
240
159
7398
78360
525
876
1521
369
153
246
459
67788
186
489
116859
15585
20043
189
116295
50277
153
570
24678
159
249
330
7242
156
429
28968
252
360
264
723
291
42270
19893
249
351
195
45522
270
435
13392
363
399
345
645
288
1005
270
636
264
255
46983
3870
164754
867
186
1104
342
34470
729
279
11502
2016
8520
711
501
435
411
276
354
546
492
192
1005
270
273
516
50559
174
5247
438
525
330
1827
924
22992
19962
11415
13146
330
258
47568
61083
585
189
345
21168
276
183
180
732
351
189
699
270
195
366
447
192
483
345
405
1014
501
858
63126
159
258
183
327
267
24141
13092
324
345
192
747
183
2031
183
180
273
42789
90270
84102
417
474
8493
103296
19710
68202
20559
486
660
162
162
270
180
516
330
402
246
753
186
321
273
405
327
31026
4185
4635
258
174
507
915
321
738
282
363
444
1098
333
363
195
498
261
186
40419
969
390
243
417
145077
11364
276
357
5706
9690
240
70725
201
156
489
189
4875
264
237
255
429
273
288
186
414
717
369
681
1476
297
492
264
156
552
378
21981
141
69
69
159
63
72
69
189
3549
177
183
357
270
58839
783
1143
162
192
71220
588
195
195
438
1233
282
195
198
276
1437
189
198
993
282
252
462
33975
351
249
14163
165
339
396
375
609
186
207
195
8133
162
4338
4893
1392
762
450
339
294
51885
32652
7512
59532
672
357
38016
390
195
288
465
165
675
474
195
189
378
198
5484
195
177
252
324
198
774
285
183
435
12165
420
351
903
255
774
8007
285
103752
168
693
288
288
342
15903
201
243
33489
276
3492
67350
261
606
8196
8838
14739
342
360
276
348
453
6882
252
192
13452
282
348
189
402
405
159
261
327
471
771
276
183
342
246
267
435
294
321
267
357
174
321
88443
180
15597
1971
72384
735
4338
183
474
1251
351
29766
252
6210
156
195
4362
189
198
4443
348
16470
369
273
348
606
282
276
1686
192
264
495
336
456
420
189
38727
38469
76500
183
369
252
348
174
47799
159
183
69096
52029
270
258
357
261
189
40464
243
77472
588
189
270
72513
1893
7269
240
375
597
246
270
1068
189
5067
573
186
60447
528
189
4644
159
261
192
855
288
672
276
180
270
121227
2757
4164
104964
702
345
64671
324
62160
180
645
25050
348
33387
6357
73728
189
186
273
17844
723
92271
3972
372
189
5160
435
2649
330
11238
609
249
507
192
25143
56538
67560
420
378
510
32886
345
858
10800
3192
180
189
360
6537
1386
273
3375
26373
5856
10416
11412
153
189
108258
243
426
327
387
20283
243
360
618
210
642
276
18747
153
189
480
330
387
573
43887
276
951
16503
324
333
453
747
315
63636
18114
522
999
45948
36681
735
267
345
357
5556
405
38643
62169
255
39546
56415
125895
447
906
32145
525
387
363
19875
270
360
249
345
288
264
1071
579
552
29601
177
35706
423
405
195
240
348
678
258
315
408
279
14253
1161
324
273
351
171
159
360
7191
942
357
300
273
297
34830
840
243
79869
417
327
45132
43812
180
30492
819
351
27195
387
192
69645
183
273
26616
240
41334
258
89022
183
285
32676
136722
1236
333
159
276
186
303
714
348
243
26649
20577
264
252
43026
345
34248
240
351
53853
435
702
342
261
44094
279
22446
156
660
2016
825
3693
159
372
12960
357
186
55239
34821
30795
24285
951
411
429
44991
357
55758
186
27768
12984
159
8691
17184
348
264
195
423
363
159
648
159
195
186
1248
261
240
1149
189
333
1380
57651
31974
273
195
1044
720
127602
258
186
23760
438
33273
249
8550
246
7698
267
5091
267
240
171
195
333
273
492
327
246
273
462
333
420
30276
261
27567
258
261
261
20421
486
333
84741
180
77766
171
30543
663
594
723
48420
243
8634
28200
63645
117372
189
270
82302
153
501
11919
690
33564
327
543
177
339
540
279
264
909
243
360
10284
540
495
810
498
363
900
357
45468
156
12672
276
378
240
27435
1734
2805
156
420
423
9870
387
37980
23622
6366
15171
774
35349
408
76041
7332
405
240
186
243
708
10974
3789
186
30216
162
357
366
47742
16194
864
288
297
6126
369
240
276
360
16485
5100
1095
849
2121
1419
1011
1434
1137
924
1395
1353
1191
813
1020
30453
2892
996
969
52020
1578
16479
945
1131
810
1443
1314
1338
11052
1629
1068
1794
537
10299
2448
1641
168
933
37560
1257
2037
1296
1992
1554
13455
1188
966
1152
1110
978
906
906
918
36144
1113
1200
1329
945
255
1998
2214
1140
1425
1374
3516
1152
1035
1209
960
18399
2385
852
3855
1221
1152
2529
3231
1290
1017
7635
1149
1167
1476
1119
2514
909
987
1122
1140
819
1590
789
4449
1101
1893
1557
846
1272
12357
2298
936
2508
1026
1299
897
753
1491
1089
2001
1500
1680
960
315
1296
32487
2589
942
447
1056
1425
111435
1692
1029
1659
1920
252
2286
1260
1281
1617
1446
3795
963
13683
1401
1701
897
936
1707
3738
144093
1092
1011
1422
1260
1407
978
2262
1380
1368
2442
939
1326
7509
1716
2220
6558
1575
1188
1176
13611
21465
1488
801
1617
2214
1074
1254
1488
1275
558
1671
1512
1335
1695
25386
3195
4446
990
273
1848
1344
23349
1929
11427
3135
2010
1173
1038
810
1401
1185
2169
1173
333
1326
2376
1761
1242
3900
1452
2628
783
2529
2172
1716
1212
246
1023
1740
219
1245
1257
3684
1356
2379
3657
1257
1056
1710
11796
1788
1269
1056
1272
24927
1275
1740
930
1074
1509
1992
1191
1188
1869
1197
1440
2259
3153
1575
1722
1164
909
1119
1209
1557
297
1509
1260
897
933
1455
1626
1509
1263
792
31803
21282
987
1830
789
2208
1338
357
729
46641
1029
1203
1338
2091
966
39054
1263
2055
1164
1596
2349
327
2100
4392
852
1488
1575
1077
21405
1068
55950
972
1473
798
44715
1023
1104
1554
2964
4701
759
969
1341
3684
1182
849
1431
2019
864
1446
1008
1899
1098
1692
6126
2835
2619
23139
1746
1203
729
2076
1593
903
6762
2073
1002
1083
1047
2259
1281
1353
1512
1068
1710
861
870
4305
933
1200
1098
22692
1407
1236
6525
933
4317
837
186
978
11835
1014
594
1158
1902
2448
2091
1209
2478
61950
2868
354
1422
1098
1020
3630
1131
8109
1443
873
315
2709
1914
756
1074
11955
1341
960
27618
36186
1152
1113
837
1008
1386
1314
2115
1392
1047
1050
828
930
1446
2166
972
2199
1134
1017
1113
1374
1548
1164
249
1278
2298
1293
870
2037
1260
3258
1317
1140
876
1443
1041
900
1101
1704
2403
1326
1482
1173
189
6690
1233
1215
1218
1458
1518
32169
939
1251
1560
1032
1116
540
33912
174603
1509
1134
1986
1206
1251
954
1164
1161
930
1128
3147
972
1110
2370
1317
5058
1407
1260
951
1758
1002
1377
1119
9123
1662
1164
1077
1215
906
915
2079
852
1581
6921
1821
879
2220
1437
1110
1530
4824
2160
23199
2373
1488
18096
843
2523
1380
2193
978
1413
58338
1092
888
789
954
1467
2514
2817
1716
999
16485
960
92094
2052
1035
1212
2331
2226
15009
1323
1440
333
12186
777
1266
1587
1188
1026
1398
849
1590
1641
1266
2271
888
1260
1224
1914
53073
1146
1152
1317
2493
1326
4446
1482
975
1788
867
897
960
1017
1050
1233
1359
849
2478
12234
1173
1884
483
1188
801
20268
1203
1119
29058
915
2667
1752
1146
1125
1833
1611
7110
843
1350
5841
1194
864
1515
474
1260
1479
1053
88359
1647
1557
1284
1617
1260
2694
1671
1779
1017
789
798
888
1530
1257
1206
1275
411
1473
1362
23271
945
1044
3045
948
1431
32478
1377
1497
1674
63636
1080
765
2838
894
1719
38757
831
19521
1617
2358
444
1449
333
1491
1224
1425
1209
36750
60285
939
1224
5079
2142
51660
14667
64770
1245
933
1179
1704
1467
1533
1872
1350
984
966
94413
2181
2793
2241
1236
1473
49389
1386
579
1770
1218
1512
879
1257
1521
1287
1536
219
891
1374
1239
1152
3861
1026
54729
1173
1902
24522
1947
321
903
1131
1017
1170
1071
1968
1293
1341
2271
1428
1158
1272
1737
1380
1641
963
1851
2349
1329
873
10410
1530
3546
1560
13659
1437
28269
24249
1539
1026
1683
1530
1623
2610
3336
2241
1419
2157
1125
963
1236
945
1185
351
843
1248
1242
1395
58218
1221
1125
1272
1581
1014
1116
1677
261
2613
11811
2907
1443
24324
1050
1872
1164
2712
1179
1251
969
3102
1314
2730
2883
19620
1611
945
615
15855
1299
1326
1167
6501
1002
1815
1989
717
1044
1236
29253
1506
7137
1761
1434
1308
951
906
1026
1560
1626
2247
1095
1347
993
32982
1443
1953
1284
38016
1260
1077
1587
786
1359
2436
1155
1539
276
1347
243
1386
2151
3465
1482
48591
1188
1209
1452
1035
918
954
11799
1164
6885
1113
1800
1740
1788
4371
954
834
1383
564
1482
1950
1392
15786
1077
1191
1758
1905
1131
2253
1173
1287
1083
1440
27138
1452
1104
19947
52062
1482
1272
1794
1077
705
1239
1059
1425
1230
51204
915
42516
873
71010
1458
936
1026
1806
1152
1317
1326
3126
2256
1374
1041
906
2091
498
2499
1203
1050
864
873
4317
1698
2364
1263
795
1032
2253
1818
53547
1737
861
879
1455
1176
825
441
23268
1350
1212
24681
951
1731
1251
1356
1980
723
1407
1413
2673
1917
1698
2442
77535
1110
1521
8739
1905
210
1242
1110
2892
399
888
14355
1986
1875
1557
1002
921
1107
7329
2460
2814
1068
1440
2292
1221
1071
1575
1371
1314
1446
2211
65367
1587
807
12300
2172
1404
1368
1155
1110
1740
1296
813
1116
954
1437
41643
924
705
1272
1044
1701
294
2193
1887
1395
1095
1341
1092
20745
684
1350
1356
1917
2589
21132
1443
1968
1203
1356
1089
1329
981
2451
861
27786
1368
816
1212
1182
1236
1068
3234
957
26577
843
1092
1806
1305
1605
1269
1257
6186
1158
2055
1542
2808
1293
3789
1035
1656
1746
1128
82512
1224
13095
312
1950
870
600
3270
690
633
1125
1584
2055
15015
1095
1059
1773
1395
27576
1869
10257
1743
18372
1002
951
1008
939
1206
918
198
33468
2670
64971
2037
15960
5928
1263
53802
13050
1770
20586
9354
39021
2523
34191
134427
1731
52896
32772
819
783
2403
32178
14217
25515
47289
2475
2406
26709
993
131139
1194
1566
35649
3453
92634
2574
1215
2046
2814
5406
1638
2166
26790
1320
13896
1797
1851
28704
4182
51483
8811
1326
3162
1254
1164
21558
33462
1719
99210
1353
1818
939
1731
1665
1812
1323
96270
1713
1791
1527
68883
987
45876
1092
39231
28860
1587
97806
1089
2298
1956
822
1242
18117
1890
1164
1161
15447
2646
1158
11022
1932
1119
13194
1035
25011
17493
2826
1494
36813
1074
2814
50088
2385
10878
46419
97848
17532
1515
1407
1206
2130
35379
2166
1851
2076
65715
1911
1062
2106
2403
17010
1914
7572
3207
34536
2499
1305
23397
2004
25170
1368
1209
2979
531
6171
1821
1803
1701
1716
2877
30504
34938
1329
1167
51357
13764
4740
10842
726
1755
6384
2949
212397
221376
11799
1479
34542
2352
1299
3798
1038
837
1122
3351
903
711
1521
2646
9384
66483
2613
1620
1569
24846
72747
50013
786
2400
3597
26754
1563
80052
2115
1443
7032
1617
134307
2286
19254
2040
14727
2853
84666
145158
51051
3072
16458
13230
77460
1710
1701
1530
22017
89085
1476
3780
3366
3255
810
1704
102288
12639
4695
1077
1356
714
2475
10035
2397
3378
46326
981
14961
2406
1623
3057
2889
56352
83004
3354
2961
21411
44049
1404
9282
1182
1374
15225
1818
2508
2547
3729
26094
1521
69840
10392
14229
48945
3897
3522
1224
12018
15372
1440
2361
19044
2085
2307
37350
52635
36846
1818
2259
2283
1644
18627
28488
2559
1344
2193
2082
33621
12516
3402
966
3798
2370
1542
69870
1626
1863
70785
151779
1290
1824
37650
24324
1287
30708
28047
3381
5454
2343
15570
1530
7674
12777
2631
1203
17148
36063
1350
93594
4470
13689
7365
133458
2400
36225
2064
1629
2361
31875
2466
1773
2655
1419
44394
28329
2082
2700
42348
3582
891
1890
3069
2466
35424
79530
1371
3126
23547
1275
6693
2079
83847
3165
1143
1230
44706
2274
2793
2718
2151
10773
2883
2445
13320
1200
1842
3138
2541
20337
3030
1926
1698
2193
16332
109197
1518
3408
3390
2370
57720
1875
1467
2760
2106
1437
2022
1764
60357
88560
1569
27303
1161
2016
1587
924
33051
14955
43803
2346
19209
22407
3192
2745
2304
1182
9657
1848
1284
24555
1500
1257
55101
1983
15111
1875
1467
1113
1695
2532
1194
2214
86766
2895
3375
3090
17667
28014
44124
18792
1077
1260
2256
2886
1239
36147
2136
3918
1617
155655
62754
1293
128448
80607
8475
1320
19419
1785
45036
25422
95691
2841
5622
25857
1524
44193
15294
1455
969
109974
76011
801
747
87684
2991
1311
126240
2364
2205
36135
1434
3342
41385
2478
1599
22917
2427
19293
942
1263
5970
1530
1716
78426
1800
2841
3327
1995
1431
1764
12924
20631
6069
1794
31215
57342
1191
1200
28137
6381
7803
18732
6300
2127
1287
133851
750
3684
25959
861
2121
1923
1608
1731
59097
1782
1962
2313
126492
1473
2892
20970
7521
32451
8556
2985
3375
1296
1533
2727
26946
1875
2283
885
1977
4425
1605
1542
837
38430
1500
5637
2547
1365
1512
1026
204036
29364
1806
1683
2193
5181
5670
8868
2754
81339
2409
1863
2841
1506
843
33039
11235
101016
2568
4071
20241
1701
2364
51279
5010
2286
1635
1923
13980
1272
1713
3534
1047
2313
1341
16668
10740
7284
3252
2010
1725
52359
25389
1959
19689
2883
1905
2052
17013
14379
6828
15264
2634
1434
2685
143085
1911
1395
11328
2784
1323
1608
3273
1713
8187
3729
1731
3366
16017
21915
1833
3294
1086
80973
1536
2592
96537
16242
3309
1620
41232
23904
5103
54882
2559
16698
3849
2064
3450
1515
40455
21396
2283
2346
1398
3372
2145
1419
1533
33438
1374
1800
2295
933
1263
2010
972
53409
2004
1524
2061
3468
2079
5826
116181
10773
24177
4434
16716
13554
33144
2409
1329
5235
20232
8328
78030
1275
2235
22371
25029
3630
2742
2532
1068
3480
1818
1638
134055
3288
2232
11328
19017
12069
900
1623
11634
717
69870
1845
3981
633
3846
1956
36927
15564
690
26709
14088
1656
1368
42411
28983
20667
1266
1428
1038
1335
1731
3858
13584
1728
1116
1821
17703
58272
909
1746
1860
24912
2685
1953
1440
2325
3066
22980
85680
1092
19731
111525
91821
48093
2385
1494
38727
8700
1734
993
1593
1308
2994
729
1677
1029
11637
1239
16788
2865
1749
4443
2202
9906
1068
3204
2391
2076
759
32037
51504
10299
1503
34500
2298
3009
1239
8349
1161
34176
1398
1380
1473
1368
43710
996
3552
912
190350
24609
72543
10722
1962
1587
7995
50331
100290
3927
24336
1794
1995
903
31707
1551
27045
2835
903
54525
1215
23211
47904
1899
1320
2517
1419
2892
1680
1497
100389
25758
31431
23238
1494
60069
12636
2418
25428
15033
119880
2352
2739
3063
15429
2631
27393
1749
1323
1386
5685
2241
41178
951
2745
2283
11427
1830
48474
2610
1965
2082
2517
1857
33183
1329
22764
49950
1968
2766
4719
11166
1701
2460
10731
13560
2607
11247
32781
1107
2025
1557
80895
19386
34146
1722
1431
1512
1815
2202
41853
80691
2046
1044
2490
2844
11499
2637
1803
21483
5325
94434
16860
1689
2385
1785
1701
112515
17571
1968
2241
1434
2037
2268
25365
54651
2250
45558
1977
24360
1359
20169
2244
2253
35451
7695
2703
37257
1674
26334
1725
3207
26385
38064
1944
4536
69786
43974
2157
13992
137052
1926
61380
5505
86946
858
31332
3552
2454
21945
1413
2268
933
5352
798
1419
1470
801
2520
1707
1419
2031
78861
31281
2118
2283
1293
1971
3183
1023
978
1803
3288
1644
26598
24417
90000
5166
2184
2109
2166
104607
115839
1953
5067
3126
1101
1791
2208
2721
47121
2436
3543
2334
1911
2991
2022
2502
882
2127
1338
21507
3621
2070
2256
1725
1062
2022
2142
32907
68973
1005
2244
15981
852
2484
2949
88539
2796
1641
1725
6045
717
45879
53640
1509
30132
55866
1800
9492
1446
65199
14712
13977
1902
50865
1842
22200
2259
936
1524
15759
8865
9114
1143
1383
1131
8982
1515
65151
2772
1518
2205
1056
80727
16419
15330
2055
192
840
1029
2130
1152
1155
1005
1356
327
1212
1578
1707
243
1329
1374
1341
894
1065
1416
1899
7797
1044
40776
801
1083
1302
2445
1002
915
2934
2436
1281
1842
2058
6702
1038
1731
975
2376
40929
2022
1047
2352
1248
897
1077
990
1065
1848
49527
1236
1044
7737
53415
11538
783
1059
327
2076
1440
1182
23310
1782
717
735
870
1986
1560
1533
1791
2190
1566
1302
1581
936
8292
2301
903
1512
3216
1431
957
1251
1572
1128
1737
978
1824
897
9018
852
786
813
1155
843
777
1113
1776
954
1254
990
219
1149
1875
1416
67041
1455
759
1671
1215
1152
1287
2430
1509
729
1602
1446
1122
4644
1161
1398
297
1971
1560
1809
942
2526
1200
1020
825
28470
747
846
420
1833
5946
1077
999
2895
2967
840
795
40362
1152
1197
1122
1200
1146
888
1119
897
1503
1554
1023
804
3006
1674
210
1848
1197
3513
240
1356
1542
1761
768
927
1452
1140
1518
2187
1278
1518
1362
38589
6135
1449
1152
1338
63126
1728
828
2025
990
2094
3984
1140
2802
1038
1362
1335
1038
1089
1365
3219
942
978
288
1149
1236
1512
1602
16356
29487
1170
876
1020
948
945
948
1965
1296
903
2268
1572
1032
969
912
1647
31788
1497
1791
960
2148
2556
921
933
1443
29118
1584
67635
1836
1299
1296
1452
1179
1707
1851
1680
1140
1605
17316
1389
1359
35070
999
1449
1854
621
855
957
2130
1842
1296
960
1614
2088
1254
1146
3048
7788
1068
1293
1734
849
2856
1374
2214
1038
1587
1419
1380
11295
231
1593
873
1722
26820
19458
2742
1080
993
1728
1161
1137
879
816
741
945
1203
7485
1170
1929
2088
6783
948
1155
1053
288
1047
42867
1659
1530
1671
1527
1560
1743
894
2211
735
2019
213
1128
4131
7710
1287
864
870
1149
1446
1836
1857
2094
21243
2001
1278
1443
1440
999
78672
1380
1962
2043
1092
1371
1206
1101
1593
1464
1131
76374
1254
2970
22455
10194
2358
1590
37410
1239
37953
930
1395
2724
1188
33339
1908
1776
1281
873
1275
1455
306
1314
1119
3441
1329
195
807
882
22626
2319
507
1422
1182
1074
1236
12792
363
1212
396
2394
1314
1176
1107
1554
915
1242
1440
2028
1311
402
729
1803
546
13188
903
1536
1197
4203
915
13359
1059
291
1899
795
62685
1026
2763
9477
1005
990
3438
909
1689
2022
1674
813
1668
3084
762
1056
12120
966
1740
1242
1089
1635
903
1095
1536
1008
1173
1329
6075
1179
1230
1887
1428
849
1221
1209
2508
696
1620
777
12597
1566
39627
1152
12879
11976
1731
1545
678
19707
2178
1665
234
26721
2559
990
822
1671
468
4893
1464
1269
1182
27504
11064
753
4932
999
1116
1410
837
903
87780
1008
786
909
1140
996
228
10239
1962
1872
912
1338
1389
2073
2856
891
828
321
849
63633
1272
921
1236
1449
1545
1179
996
942
3468
1137
1350
1338
948
1521
1215
972
1290
1743
1236
1131
1023
1743
17832
1980
1221
1275
897
1437
807
1293
1182
1347
2493
1284
2136
1344
1044
1197
1131
32457
1368
1125
1737
906
1410
948
2625
2466
1407
1215
1011
1239
894
1020
18129
17184
1158
1911
918
936
1530
1008
945
6624
1170
1590
6075
399
2928
1167
1362
6843
2412
1074
1506
1509
1464
816
1035
243
1230
1410
1617
42696
1086
53028
14406
1131
12828
804
1248
14928
1044
43575
930
288
831
960
2373
2448
1032
6798
1395
1359
11877
1446
1161
1833
24639
1866
777
906
1098
1617
1665
11031
1650
1011
1176
1296
1374
1344
1644
984
1185
1188
34536
1860
888
17973
1686
1239
882
984
843
1197
12117
921
1197
1938
936
1281
7746
10356
2136
1362
1593
1461
1575
1176
2769
891
1398
1608
1329
90453
753
20631
1242
2478
822
828
954
1245
852
1368
25980
1569
1308
1275
2325
1632
1020
1764
1152
2064
1305
678
828
6978
1332
1341
948
882
918
1221
1206
834
1353
1500
1359
1455
1848
1506
1233
861
996
2778
1005
1581
822
1467
909
1221
1680
1167
1257
5532
1449
1089
1374
1704
1095
867
1224
357
1188
1377
1584
1671
1347
1737
1791
939
1464
924
1086
1731
1173
1665
1512
1089
861
909
1071
1854
1044
909
1263
1359
1644
1026
2343
1332
303
1158
945
1125
1713
207
1005
1194
867
1488
1953
2691
867
1941
876
1050
2289
1212
1665
1095
1947
2142
79587
28242
1443
1590
2913
1269
2076
1095
1401
12570
1074
441
1116
1671
1713
996
2085
1155
15546
852
1095
1125
1239
1113
10725
15648
810
1110
1767
2748
1020
888
1077
1110
45903
1128
465
2001
903
1476
1458
993
957
1128
213
1116
738
222
1563
1122
2034
939
780
1062
1659
207
1344
2022
23583
1593
1509
1248
1062
1338
1194
1350
1140
1164
903
19362
240
1437
3126
1155
11178
1146
1698
1518
39450
906
783
324
1635
51420
1383
69894
1020
510
1239
1947
1008
1017
987
2526
1110
978
1410
11043
25794
1932
14112
1617
1350
930
1089
2169
2067
312
1131
999
1212
891
1059
1818
789
1521
1638
2268
762
906
1401
1011
1182
1233
1068
2202
1005
726
1128
12888
1071
2718
1116
1350
1257
1629
204
909
882
51909
2955
39078
1611
765
2709
15393
7119
7179
1659
909
948
1479
1110
1140
1473
2658
1281
318
1311
1464
1851
945
1758
1566
1794
1344
1518
1284
309
1305
1113
23157
5877
1086
1698
705
1509
840
1401
25623
1287
1050
33096
1134
2142
1110
981
1497
3924
2367
1575
1017
16323
987
996
19410
882
1035
1068
1152
1566
978
774
1239
1017
1074
1269
1032
6129
12489
1557
1692
2448
1140
930
1659
1110
291
1473
1767
1608
873
1116
1155
3273
1269
300
1032
753
42075
27678
1077
555
5796
1458
45591
1272
963
1179
1587
243
1020
1746
942
1305
354
1857
9792
3327
1380
2325
19140
1626
1260
1359
432
1452
1317
1485
