ffff:0:0:0:0:0:0:0:0:0:0:0:0:0:0:0: (total 16)
0 1 2 Thread 0 going to cpu 0
3 Thread 1 going to cpu 1
4 Thread 2 going to cpu 2
Thread 3 going to cpu 3
going to barrier (cpu 0)
going to barrier (cpu 1)
5 Thread 4 going to cpu 4
going to barrier (cpu 3)
6 Thread 5 going to cpu 5
going to barrier (cpu 2)
going to barrier (cpu 4)
7 going to barrier (cpu 5)
Thread 6 going to cpu 6
8 Thread 7 going to cpu 7
going to barrier (cpu 7)
going to barrier (cpu 6)
Thread 8 going to cpu 8
9 going to barrier (cpu 8)
10 Thread 9 going to cpu 9
11 Thread 10 going to cpu 10
going to barrier (cpu 10)
12 Thread 11 going to cpu 11
going to barrier (cpu 11)
13 Thread 12 going to cpu 12
going to barrier (cpu 12)
14 Thread 13 going to cpu 13
going to barrier (cpu 13)
15 Thread 14 going to cpu 14
going to barrier (cpu 14)
Thread 15 going to cpu 15

cpu 16 cur 16
going to barrier (cpu 15)
STARTING...
going to barrier (cpu 9)
STOPPING...
Duration      : 10000 (ms)
Acquisitions  : 8350151
1758
181164
2403
3390
1968
94479
2331
4002
1842
12555
1911
3432
1848
18558
2493
221166
1839
71055
5328
52269
4761
7008
2328
1275
52284
2526
65646
17214
16824
49407
2226
19200
1560
1716
3333
3357
2982
24066
2622
134865
3135
2655
2301
13587
2250
1746
45114
1578
5217
3066
297795
2193
3300
6936
3687
1854
67101
6015
409974
1362
32748
182379
483
78087
3807
1668
83904
2109
1917
3729
3354
1932
81471
2493
63276
41154
32661
4488
2841
3135
12636
2136
2538
1182
5754
4029
2673
24222
3240
3900
1449
3141
21747
5964
29073
2064
2274
44850
109425
2316
2838
93801
2436
1887
4194
44937
15390
3591
1752
2388
5187
5460
157461
3252
2541
1992
1593
65238
2274
330015
1095
163626
1644
2832
2934
4020
2487
1989
8334
1551
3087
1491
1611
2616
4440
2199
110985
1929
59820
2133
2400
107547
32676
81297
195762
84930
157920
4140
5376
4176
1485
1662
3105
2910
1779
1890
2091
147411
2910
22581
171405
10899
1605
1428
1713
75267
83781
2895
33048
3198
3018
114792
1809
4725
2211
160725
1740
3759
3693
86325
3270
2529
2415
2676
2910
3060
4896
2502
85911
3975
2136
1419
3672
2589
2871
6954
1665
7518
516633
5538
2604
1641
3354
3078
43767
2796
3411
3708
1806
2019
1323
3816
6774
1338
2949
106290
12087
1782
1734
2400
3303
1644
278961
1530
1473
19047
1983
289296
92430
6018
102768
310908
1542
248595
222447
4431
3798
2487
4116
1884
2499
1449
2310
88995
4107
957
2478
68109
2496
3876
2388
95904
2274
24060
4353
17037
3504
2772
16182
53271
71823
145221
3633
4263
2073
2649
297909
2649
3519
197961
284541
52410
1233
210441
85734
38928
2037
5748
3861
73755
23247
2952
2601
3732
2346
6549
1983
3960
1989
13980
1950
1926
14469
1641
2721
2910
141771
2880
2178
1923
1164
6516
4839
152451
2412
1935
104061
6216
1908
4197
1431
1848
4371
9693
132930
3879
217713
114012
7896
6192
79704
2901
5151
1848
4821
3831
2322
49743
1191
3213
204561
2391
104790
1989
5175
1233
1773
5760
106056
2550
2403
2046
2673
1680
356814
137676
241506
129180
187875
4080
2325
3546
67362
2664
6564
2580
4086
3927
2439
10467
3252
3513
1209
12567
2997
17685
1833
348042
2094
25383
4104
2373
6132
3636
2787
236319
375147
3768
2130
2103
2406
2724
1509
3951
3675
2070
264018
17052
3213
61404
3063
3576
4368
3207
4275
36189
7380
1692
5121
3459
179553
8133
108540
39027
2415
14754
2037
1539
1278
9756
1992
5649
2328
2778
176982
73851
3756
1737
3519
2931
3516
3852
1581
171828
3453
14685
1059
12891
253500
2961
1989
3486
2337
10602
2430
59169
2412
1977
448575
6561
25266
2979
77274
101670
2325
97629
42345
115158
2088
75468
2301
4554
3093
3177
69606
31056
177111
1980
40962
537933
56166
9966
2235
4554
3108
73113
38898
114501
3330
2508
24378
5349
3153
4200
4521
2691
2592
4836
140247
2640
168213
1992
2355
2040
1737
1485
8763
1629
4359
232437
97272
1908
1812
3834
2550
3420
4926
2793
562788
3255
1707
3516
5139
34254
2010
3543
159675
2565
4479
3228
3198
3621
3336
85551
341751
4173
84174
4065
3114
14586
163818
49683
2097
1749
1677
67698
4227
99510
2322
61737
3294
4392
2247
1731
2724
89655
2307
3153
4440
1815
135375
15543
2037
2007
26904
1551
55302
6444
1518
2619
3267
1551
3504
3093
3603
4239
2169
3264
2739
3432
182556
2856
3687
21567
26136
156456
3210
3984
77187
3234
13779
2112
38208
2682
37380
75279
3276
145251
2067
4380
19503
1737
6375
5952
3351
1941
34866
114720
3327
50940
389616
3021
236568
2433
35934
2952
3861
2889
2304
70785
236844
4254
2196
65745
3483
2604
5730
72531
3312
26409
3717
3372
449730
2937
3897
2913
3708
2145
2730
20586
3423
73272
19521
6117
4638
47847
1833
2139
42786
1635
39828
55848
2658
2028
3498
3810
225621
24258
42693
72807
89421
2418
117864
2277
3723
6132
3537
15519
37479
3636
1839
4611
3111
201087
1506
2766
3357
3285
42339
4209
1530
3042
5040
2568
17604
1611
4698
3201
154101
1761
180054
134460
11112
3456
1932
110076
5598
2115
5118
3492
3330
5244
83100
3510
3648
1677
195768
2907
2679
2601
5253
55494
3360
5826
3291
2361
96552
2403
3144
3885
1620
3315
2082
2484
2433
2715
4317
1890
2829
978
3393
386319
6300
44412
2115
3201
2928
15024
1545
5724
2823
2196
1014
25407
2130
3438
1713
66459
7707
1857
3234
26082
1545
6642
5484
2748
34266
2835
81726
2595
139962
23094
3282
2733
1452
4980
5289
2442
1455
284793
1119
47148
120381
2016
50277
3996
51966
5298
3207
3444
130860
2019
192369
13494
5904
50994
3558
1758
2688
52848
73905
89208
2370
2739
2190
27501
1740
4545
2862
52755
2940
3606
121047
220080
180972
1512
3210
63492
2499
2289
19410
4506
24447
59784
43338
4035
9444
2409
3834
3402
4164
17814
123759
1692
21978
4383
3585
1413
4059
5358
6090
1860
1725
3522
1329
1077
2313
2415
87048
2100
1353
1620
4044
18405
1272
3045
9312
2685
98418
2118
21204
34869
2493
196437
128973
1386
54513
2544
75294
3813
127713
5205
45366
5202
119772
3882
15066
16932
3264
88605
2964
205311
2808
9624
2829
2325
2805
170358
89334
2265
4812
411
263313
323712
2268
1944
5880
1659
4401
3252
48204
2079
1461
14349
4857
5571
4953
3015
4161
59457
2451
1812
3174
4095
2745
4467
2748
2934
3303
1092
1035
2916
4083
9363
21225
12780
47295
25614
365238
1854
2229
4662
2235
47019
2169
4011
2874
4698
2745
1239
84849
1641
4068
48990
2472
2958
8244
2610
1821
135057
291141
6354
1806
2028
5868
77049
31098
3957
4464
3462
191271
132912
2064
2772
2082
1509
5043
5427
146472
36831
3207
4482
21870
3270
3651
107466
1968
3471
181440
38064
2121
87720
3975
4956
1992
115752
3285
4326
6954
2880
2061
18114
177261
23325
138345
2502
4215
142248
1860
5154
82431
98361
1119
1683
126396
3669
3657
3900
3639
2940
5124
220761
197631
57000
133467
3066
152868
65217
2211
1680
2856
166518
2799
255294
1512
3237
3690
31461
3186
34950
224334
2532
29994
1482
99438
2907
3444
4761
8688
1944
3990
80574
3615
2946
2295
2880
3258
215415
4356
3072
60666
1830
4062
1608
3744
76317
1812
4299
1950
4272
3072
3117
2433
2394
163584
3150
279399
30669
191190
402165
3978
57861
105960
180606
1419
65187
1962
24657
36321
1539
27645
2361
251586
2775
3528
3861
6564
186156
167889
5172
2124
3870
2439
43311
3738
3402
160731
1914
4473
2346
2676
2454
8199
2598
51447
2802
6171
1818
4107
9192
3018
2556
2418
150024
45120
12249
2241
176028
54756
45885
4038
2430
47610
2589
120831
200331
3099
1923
9795
1956
175104
3309
72666
4158
2532
2529
129510
81642
2931
2940
63045
2490
3357
1821
50208
1257
2256
1149
8238
2526
306573
2370
2370
202107
4170
51798
57168
23826
3795
3060
2877
2973
3021
4509
2952
334452
3795
45984
366684
73824
4629
68808
2715
8739
2910
2739
3720
1737
3366
3288
2043
55182
2124
6255
1926
9849
4392
2154
120081
2823
29091
6207
2571
3312
4650
3462
3729
194721
2547
5427
19197
7386
1770
2961
1326
2676
2565
57537
71565
2601
3207
2604
2916
2334
6627
3594
5640
4179
183171
3459
73296
70560
4008
5073
3012
3684
3273
2058
2301
2610
333282
1332
83784
4557
2349
2544
61524
3171
2994
54360
2235
157299
3975
2532
2238
4191
1749
1605
133110
2634
2919
2343
1530
5163
39579
1596
3282
3747
1854
1803
1929
57795
3234
52155
192348
1713
51528
6204
3708
3348
2472
4146
115545
1593
5484
3726
38334
1917
2985
3564
3597
3147
3774
2856
1956
2937
4242
122043
3942
5295
3501
5739
3069
2604
3060
209316
84522
3366
20679
2547
4521
16041
2346
4308
75420
3357
4686
4872
3054
1836
68649
5208
4419
2523
3576
4377
2064
3921
69327
54924
89967
1566
3486
3759
66093
3126
2175
12942
3222
29553
5409
2166
277473
1773
1704
2421
33231
257820
321444
2670
55485
4782
2106
2334
202377
3789
3390
310821
3690
1851
3024
5316
57660
2754
3015
4902
3195
3600
2547
1293
68394
2391
3879
5070
1548
7938
137418
3618
2625
1638
3417
3123
4263
1236
822
2652
1923
5322
4485
4134
3174
3189
4191
126636
1836
115518
46587
2601
4419
4836
3135
1401
2415
220755
39237
83235
1407
21840
6309
8529
7527
1617
5166
3216
3795
43284
36894
51414
1899
2748
3387
2082
1668
4674
2415
1869
2988
1623
2757
1656
3117
123921
36651
3051
14622
4308
4506
2931
2298
284481
3138
3627
54603
3303
272292
2349
3096
5553
73212
1638
2724
3354
5346
2817
3771
14115
5433
3438
3387
1839
1947
1554
2229
2625
76872
365136
5025
4179
2526
2310
186
2283
59991
3273
55605
3693
3915
3054
3705
2280
64875
32346
3936
2109
40107
86433
3159
2628
3471
4038
160053
4476
17736
1950
2577
100884
106098
3420
2097
2451
3471
102273
1422
5490
3039
4302
3546
3006
29790
7359
8211
70827
46044
4797
3042
2424
28623
209421
77817
3384
4854
1533
2553
2736
189267
3174
2550
3972
6783
3522
3276
3315
3399
94950
2784
5655
3126
4344
1968
1527
7500
3546
1551
2964
4242
1581
3207
403413
3039
4131
2004
136974
2109
2415
36507
134430
1512
45864
2187
10407
52632
2466
2355
4017
47880
338217
2565
14025
34062
2934
3549
76689
122988
341199
2667
3651
82866
2406
1857
2481
2463
23322
3135
8301
3612
3411
170706
34272
2874
2130
391719
53103
77952
61830
3201
5442
1482
4647
1770
3903
2958
71673
5691
31077
3771
20988
2313
2703
13941
2469
1776
1932
73515
3852
53925
2193
212139
46761
2400
3345
3492
24849
2670
27603
2721
3000
10029
2421
3264
2754
178092
4026
43470
116307
4398
3408
3504
2031
16746
3684
172974
64461
2739
2538
18087
3015
2973
2607
3084
4815
2268
2226
5310
2163
119190
4896
1638
2664
2370
3435
32580
2373
3498
28782
1629
15738
3372
203946
3828
3645
6417
2802
2136
1233
23448
2754
118071
1698
2181
2745
3444
60897
2748
3486
25953
2685
3801
2796
2061
18648
3555
4104
2802
228702
19803
2625
2442
1542
3081
67131
34269
3336
94218
2598
3906
3321
16110
3849
651
2292
264351
3933
2055
3807
3135
2910
39240
3081
2091
4146
3420
3030
2592
111996
59823
3447
5337
499410
3450
2670
2391
2319
73404
1422
30396
2853
58605
6615
82938
2520
5397
69531
2823
5598
2199
1833
2424
112098
3936
185697
2928
204651
3573
1383
4542
1911
166158
2400
4944
63597
278109
132723
1881
3738
4155
2679
149391
4368
29652
14976
1095
100602
2103
1593
2496
42003
15918
2712
12645
29376
320937
12624
3864
5631
30354
3792
21600
3138
2472
1737
2097
2037
59919
3126
4053
1425
5496
19365
72522
521142
3183
231687
3051
5301
2454
1674
94683
145962
251736
3354
1752
3954
155697
1956
1947
3795
96126
11046
2436
298773
2376
2220
3135
170949
3180
3006
28953
64329
58488
2430
1908
5484
4764
213897
2421
2160
2631
3855
72072
2826
3726
2085
2850
3324
2889
3318
31512
3816
5373
18576
2808
2982
74649
11748
2346
2601
16371
2853
259635
2910
96210
24279
72201
3108
113016
7755
4128
4599
1989
2268
53445
8643
3270
2913
5346
12858
45216
4410
9150
1680
5811
3114
3546
3756
2349
1137
6459
1944
4179
2016
5640
2235
27450
2451
2298
21897
4758
18621
6573
3504
2916
32340
1587
1482
80742
77022
3660
1587
113538
85050
14532
6402
2115
3000
2109
39483
51093
3864
2868
3849
54975
2091
69384
3687
3291
1626
4683
3480
28806
2193
182175
1497
18813
3756
2499
167157
87264
21858
4914
177492
2241
2238
8268
3117
3063
75414
3024
119298
2250
5376
3861
2877
2235
74100
105102
87582
1899
4056
2997
3624
2136
2292
2115
1839
27450
3333
4794
2466
87228
46497
3573
1509
73146
26508
3264
4095
23859
20136
127110
3762
2100
3246
26118
212130
5805
2598
55272
92349
2715
102750
1593
2973
2046
1530
60996
2193
11817
5028
1551
2901
424998
1746
3405
77661
2499
379434
1533
7716
2865
317418
105165
184575
169335
2211
15243
3114
3903
6402
2496
4248
1209
2217
1779
152247
112473
2373
2790
1284
95880
1845
3606
91140
4458
326355
2115
42777
3177
33450
297930
1701
5427
2577
2709
2136
2406
19317
2562
3030
2670
243201
133575
162894
4278
2637
414021
146046
3393
2280
2175
197334
2103
17406
3642
3414
18609
2571
111456
2826
51516
2019
1404
3144
1998
11094
1224
2562
2187
278955
3786
109629
86280
3489
152907
1170
2475
8721
2838
74931
2130
537018
1407
2154
17991
1986
15969
2907
103515
2685
96132
26769
3678
128997
79536
5013
5145
2769
284253
108807
3315
2439
1887
2049
2547
19569
114849
144525
3258
156219
1956
44088
2202
14154
1911
3858
158004
54033
134430
3024
3003
19722
1530
68037
137361
7485
3612
6441
3810
3693
1812
2667
41202
1818
3864
2310
55452
1545
107430
2961
89853
2022
104568
2325
23220
2019
4380
1788
15687
274881
1461
8610
3273
3765
3399
1626
9318
20424
3327
3420
1941
1809
2247
1725
68079
30180
2928
103089
2052
237834
19884
71238
2805
77109
317970
2412
9390
1167
596850
36372
284118
2136
1617
2481
270063
80313
2490
3003
1116
2910
375924
4041
3735
2406
1752
190035
3864
134229
1644
2316
19407
140361
4782
81474
1221
35826
31836
2745
2724
61182
11727
2928
61839
28785
191193
1995
2124
118983
1902
2949
46470
3477
17538
2772
2874
1671
3003
2958
321804
2061
1386
47781
6468
1812
1431
6804
91260
2385
23415
63315
4347
116802
2421
3288
26997
3582
3099
4950
12564
21711
2340
2142
4662
2688
3117
3489
2826
3222
1032
23166
2310
3768
134454
7008
2892
3138
81912
53307
4200
118188
1725
169212
2817
99804
1551
3129
2985
278040
6147
1635
22692
762
3444
3990
2670
3366
3528
89028
48441
270930
6018
2439
123351
269910
126096
3105
1494
50007
3726
2217
117309
3018
29835
1701
4689
1830
22725
1452
32904
1947
2622
2058
204168
3021
8727
2352
2340
1815
14334
167265
2562
1548
103038
3012
3474
1701
26202
3030
2544
1692
44568
2313
2676
1605
190890
132396
2610
1809
3528
6327
67362
3768
2571
4239
84834
1404
6138
251487
1725
51408
60561
3150
4203
133479
4362
3756
89826
3141
4266
2364
130578
12594
2133
3219
150810
2268
3561
3018
1839
2052
37620
2970
1110
2760
1470
3759
4515
2253
4335
2715
1560
76455
1743
5103
2295
12999
2898
121053
2577
121866
2193
29313
42054
2841
2013
201411
1830
46992
4302
33435
3027
1704
1842
2634
2337
3057
4209
1380
2451
48873
262248
3765
2073
23121
1968
147048
76083
3552
2196
2370
2772
220749
3552
23154
4536
1611
3546
76473
2448
1926
3645
4905
2514
67356
3942
137706
3849
3468
4452
24555
43476
4689
3576
2118
136761
1929
413256
44031
2385
2913
3372
2454
52857
2475
2598
386907
1503
3168
2388
83625
6111
63141
1257
2040
119373
5781
4557
67767
2217
25845
2337
47547
7482
96171
1944
4083
120432
7668
113238
2700
105975
1047
3111
83991
310362
5664
2628
4278
29193
345033
4686
2277
2364
310746
47745
3039
2139
2145
3102
2709
271131
2433
2184
2097
26325
1971
4476
1656
113484
72426
2226
3201
43713
164388
4434
3396
42882
1584
20220
2052
3651
4050
2877
3561
12696
1440
2895
2889
2643
41526
270282
2691
2958
17730
60060
3078
2295
87078
3180
1731
130227
5109
124542
174411
4869
49797
2220
2118
3372
1725
2178
8439
163737
246432
37260
254487
3621
1629
5058
11046
2919
32010
3231
7047
2136
3183
34812
10479
1974
2685
21933
253347
2007
66021
3879
3033
1791
86100
3678
1512
5367
139239
1374
1185
1815
13584
2082
50049
1746
22998
140643
2664
1560
2529
288
27483
26454
8973
4275
1662
134568
1578
3471
2169
1176
1953
73728
1848
514776
127911
3600
3816
14454
106653
14424
2472
11685
24672
1854
2178
1869
1584
2688
324315
2340
1320
1911
3858
63582
101532
94848
1173
82809
3258
27750
1905
25920
2199
3393
2517
13698
2829
72429
119409
4872
46125
204717
2616
1803
1740
13068
2121
1686
2136
3099
147291
1959
3696
238890
2232
1851
2970
1425
183777
1596
67230
2661
131211
2466
1659
2097
85767
3066
238104
1878
23280
3360
191913
25836
59166
282876
181716
2265
2175
489
2616
3084
6075
702
3396
14373
3066
1524
1590
2112
2064
55950
2055
1509
1791
3375
169164
4035
5355
56469
1632
3585
3939
1383
2463
66363
187416
3780
1641
154365
3642
1464
21681
1584
4155
909
1644
3399
4140
1437
1860
3450
2226
4161
1650
2202
329826
4854
1089
1938
2931
4125
1941
3732
3225
5073
2553
1848
188628
2661
4548
3087
2592
3342
10656
2220
3201
1488
6483
28044
93336
14157
1716
2280
1923
182784
3093
129819
1473
144606
1899
2811
3144
1905
5310
65133
2955
3012
828
1224
4236
136758
2076
1713
291
4395
1290
2259
5223
1983
340746
93813
319287
5253
51714
2535
82689
81120
2904
81867
966
70599
2550
37614
90255
3153
96567
4767
2289
435282
894
2631
69894
4512
1752
3234
3654
2817
4041
200676
4599
2715
14958
6618
3564
2166
4017
31110
4341
124701
41859
1629
198675
18993
64929
2553
4716
31944
23331
3237
5481
38520
1791
1965
2940
16362
7404
180879
2115
3930
2583
2181
1764
373623
257013
119667
2124
2499
3084
352419
3174
2373
2952
4437
1992
3576
1311
7596
4197
1779
1713
3702
1425
3723
4518
79005
110595
3927
143670
3777
19815
1413
1506
3216
1620
15531
2202
2286
67269
5412
109707
43968
1710
77808
17664
116496
3531
2184
3999
2727
2352
1608
3984
124473
226734
2064
38610
3648
3705
13311
2991
64173
1944
57654
1656
3531
4029
5685
2511
3183
75540
19035
2418
1425
3444
29886
26199
36705
6132
2757
3039
17343
2463
1938
4140
2493
14070
3897
27246
2280
209958
2952
64593
1344
139623
163533
4050
2520
84714
89925
3525
2076
21621
1749
424818
1407
64137
3861
3753
1173
2904
91215
9627
1554
4353
5001
2223
78909
3285
1971
2457
72438
3999
3876
2166
40038
2637
161076
2685
2925
122826
2340
27489
1146
1209
17412
3309
195432
20094
3339
3426
37044
79692
22884
5076
54981
28395
42195
2667
2241
769695
2964
4347
36528
1794
2097
108363
104733
22560
2463
1911
2766
3231
52518
3576
48849
2184
5556
1611
2199
147975
5985
2322
83232
46122
1374
1890
141216
3021
5898
1926
33168
10473
3762
7401
2007
2433
2700
5427
2688
4131
3105
2607
201243
4563
24486
4134
2733
4968
149880
109503
3576
2409
47676
4209
5337
11661
2028
47151
2619
2013
4758
3159
2319
1821
82386
4014
198270
81639
2637
3861
1908
1365
2460
4365
229158
18984
177906
110553
1074
4791
1764
3444
2094
133827
2154
2148
190767
158934
29028
3477
2652
1680
122706
208077
2985
2640
2019
5106
3393
162888
76194
1329
2844
3792
2943
3537
1857
1452
1887
210303
119346
3252
4062
2148
1623
3267
79776
4062
4656
145428
67161
4407
1125
3546
3519
92217
4749
4806
5301
45951
2829
8850
3852
738
3477
1287
67899
21027
69930
60729
3717
2001
25878
2895
112428
221280
3264
1554
127353
14472
21282
76527
1575
3348
2070
21519
2475
3561
3162
4107
11577
3429
118152
4005
10143
6135
22719
57825
32970
2511
90318
52038
2238
2322
2394
89205
1959
1902
2340
23760
2310
72072
4542
3540
2961
2742
6462
2622
1776
169206
2220
195735
6003
86391
51072
174420
74787
3621
42570
3402
2895
33093
5424
32472
5460
87198
2745
212019
457728
2424
2385
2844
2283
3645
2532
17667
5577
1053
2979
3210
3645
3732
3201
2484
1251
2094
19056
2013
131682
4026
2238
69666
1464
2325
3303
39003
2016
134274
145020
100203
2568
224496
196359
4950
110889
33588
1245
71646
2712
2850
4491
77019
3411
2907
1779
2697
120399
4536
33120
63096
5208
1602
1926
17688
5097
1869
47043
104958
4506
41013
53112
499608
2295
1923
108666
4311
3759
2388
2835
27990
3819
134277
109440
94776
2013
2439
2904
144216
2475
1944
30243
2709
2325
4374
62691
98976
173805
2412
302958
4311
2760
5691
3708
85497
3093
3999
9570
5145
2184
3630
3474
23172
123588
1644
1926
2364
105804
238770
44751
127059
5202
4116
258048
3081
4308
186342
5052
2340
2511
5940
6672
5424
1611
2514
2790
3948
3951
1095
21651
3060
2754
21123
1197
3660
3219
2721
14478
2685
987
196581
5673
6408
2550
3918
1683
33972
1584
41361
56331
3639
157518
2829
2382
2085
349503
1791
3792
2070
3150
28230
2553
197829
4173
46914
96639
80952
5193
11883
3933
1821
3555
12699
32583
33750
1758
83763
2610
55476
51153
135936
1800
130062
3273
129432
26169
88236
2703
209178
3303
1155
2130
4956
271221
4485
2517
3843
32469
35526
1272
133044
8955
3138
78036
2709
204102
65697
1569
161109
48000
2682
3057
2871
4134
11955
2718
2535
2595
262281
4209
11694
83115
2688
39666
1635
3738
3213
4137
3660
1692
4758
4002
42474
26001
2337
2070
2808
135585
93408
3738
1878
2229
4041
3198
3444
3000
31365
3135
4068
2037
162837
121122
168579
5952
40029
1656
3354
6324
3552
1842
114033
3426
10125
6096
5061
2346
15384
162810
2178
4083
3237
4518
4404
2925
3366
3402
24636
1557
3213
112896
15741
2856
3093
46953
4557
18675
2061
2619
5085
149724
2700
2331
3879
2262
2619
3669
4203
4275
6057
4593
3024
164391
171693
55209
28005
4074
1917
2358
2871
2652
5133
30831
6126
3519
4548
36627
1515
190701
2157
56874
1284
2283
6243
71730
79302
3408
120426
31515
2940
17637
3204
2496
2559
2142
3369
3249
34215
4314
22245
51615
74193
104424
149079
2088
1941
5016
3444
21012
3951
11562
68427
4671
2391
5454
7215
1953
2559
3270
3378
3204
17253
13833
199485
5265
3111
52098
2670
2688
4854
23724
2250
1551
2910
1587
49464
115545
4446
3426
55587
3621
104139
69897
108822
5973
86535
3519
220422
245112
2673
87159
206274
2529
74217
19935
1662
273219
1179
2193
3795
2271
114333
2211
3483
1980
141429
1410
116091
3798
2376
251259
1410
4551
23178
65910
4176
221481
3267
110901
36819
192813
93714
1353
66114
2325
137256
183015
285141
3231
78393
120936
136089
1665
2529
1467
3570
2571
57840
2559
11778
86571
482223
4656
3690
2997
3873
2118
3885
29466
134700
2016
3192
2640
94077
206829
52971
2766
2259
2100
148719
6510
1233
3864
61608
6402
3492
1425
31206
4506
7947
1494
99972
4371
32967
32760
4194
1494
3147
2268
2124
48102
4110
16893
2028
2652
3213
3621
5127
1860
25299
72564
2085
4974
2862
89457
2583
63459
4047
183348
190566
72891
2094
111204
2352
54531
3846
114150
2454
117921
2577
1923
3099
3447
8556
2421
4668
718893
126156
220674
123897
412521
59892
33516
2421
2733
156795
3303
95907
240189
3522
2076
3933
90801
2589
4125
2214
3087
131706
2916
128703
2661
4260
31044
3591
53325
948
133785
3579
2631
3582
117246
42066
3663
43836
3069
2199
5319
33612
4104
4620
2253
183534
1668
63219
73464
3438
6636
2766
47976
2868
2388
154752
2709
372186
14502
2124
2163
5022
2328
177132
37860
1992
3543
3927
178509
3234
5598
4194
2865
37254
3135
51219
2907
3225
34533
2658
3942
3033
2679
3102
3036
2970
11790
1443
3831
3435
84846
996
1554
17817
2763
1875
52215
2121
15798
86262
158229
2415
3429
5169
29580
2202
5613
164133
253695
62706
3252
6072
5271
8361
40836
2754
67308
4119
2058
1797
2691
4191
1008
4794
71520
40419
237456
3549
3099
5436
3888
3786
76929
2379
4836
14670
196392
113298
3129
2754
8421
2016
2433
3297
2985
28812
2997
1398
3417
5706
2040
36858
4194
25956
37041
2016
3732
2517
4032
2451
3381
103473
2766
45777
98208
2376
2592
4791
5955
3384
2937
24954
4542
1374
2334
22668
3135
14247
150990
2799
3699
2784
2124
2358
200526
47946
3552
36276
126591
68496
24039
6441
6099
38817
1974
3390
3405
2850
2319
516651
2730
4314
2889
323322
2022
127227
6342
4752
2103
571476
5661
4116
4101
64734
3306
4581
2277
67242
4605
38946
58881
2118
1926
3369
5013
83667
89082
2676
2736
2859
3396
2409
1611
1626
3408
329298
2148
2826
4131
269514
5415
243720
1359
109482
4485
3258
26229
40050
3969
140070
5607
93903
82701
4950
5607
118947
3315
94143
1953
3684
169968
2589
40647
2313
43218
85254
1899
120636
2931
51981
268878
4128
6138
46644
333948
2199
2157
75408
57114
1764
1368
3027
2544
4701
3510
162885
4179
4491
129915
2181
38721
187278
1920
100674
2031
87474
3378
3336
436710
3507
1911
77961
5523
1431
1728
2193
2895
32244
3003
4056
2304
3780
4845
295533
24861
1770
4491
3333
4179
280548
4767
3342
42387
141558
39069
2109
6192
1923
4371
131439
5628
1953
29721
4878
3282
12837
4749
39972
3198
3087
107427
2406
13506
97242
2778
4749
2049
2952
3480
3759
2325
4920
3174
108687
3513
4209
39156
2097
280260
2940
3834
3369
53685
2115
318807
1389
2985
139806
101787
4512
1167
4107
3894
39969
4164
3297
122991
21963
2529
71364
42432
5334
5331
5043
266841
82197
3324
2595
74178
3066
9672
2427
5412
3741
319206
3525
6780
2460
3501
33000
70779
136599
3186
3537
3270
283347
4206
8391
56148
2628
101598
141048
2691
120633
3429
167388
1461
64452
3831
2544
6951
4008
112791
210096
9273
4680
3018
1335
3129
2820
4119
187263
2091
2019
31131
55029
160851
3705
1530
1374
2274
1785
3246
4812
4701
86841
2853
74880
163440
3117
2259
1362
3003
23400
2787
261492
5787
3168
25743
4164
3453
2607
1440
2691
141450
846
2772
146988
2805
12519
3777
3594
3162
3096
2358
1509
115704
268533
7488
2757
48300
63783
4401
4140
42000
77859
105429
3108
5727
38517
4215
79839
26007
3729
35835
3333
7722
446115
4131
11844
75888
371346
1305
41610
284397
154689
2412
116835
2727
70746
2172
412314
2184
11235
12528
231636
2904
37299
2430
40302
4470
64614
3486
28644
2454
5688
46461
259041
6120
21432
8388
269757
3273
2751
2853
2169
49632
63846
5628
37488
217404
810
1635
2295
4071
222
2220
2925
1530
3246
2286
2331
43353
82866
58359
3213
1731
18552
164484
2229
330
1950
287637
2130
137016
36282
2172
2811
10872
3063
1161
4668
95745
2340
335694
1983
169878
1107
287802
135822
49530
1722
1368
26592
1341
85107
1614
71196
3129
24621
135639
4758
1683
2634
19035
3312
2859
19869
2469
4257
1929
2676
129912
1917
30492
45189
2778
112746
34947
1617
444942
2382
1671
4140
3363
2943
2952
2382
50064
2013
2097
2610
4068
104982
27288
888
4020
13845
4257
1494
23055
5220
5034
1590
2676
29073
2523
1683
1002
1095
1704
4701
48945
2184
2814
2802
1935
46416
1806
96513
3633
2274
170607
2277
1839
2268
2094
3579
58683
2136
2910
5358
2031
6939
1932
1632
205827
1602
66576
2274
29634
1299
178431
2985
7722
1866
1833
44052
142956
3306
3897
978
2322
87321
4299
2415
3378
2118
29850
2547
6759
2760
18930
1077
69840
2241
38232
3069
1422
3690
8907
53568
3264
63993
2121
3129
93810
2598
1938
31659
3252
3726
2958
54606
2310
148263
46482
7632
59292
4455
303918
2046
2331
2295
1413
2841
1059
5043
63918
2646
3402
3759
1902
1608
21168
1248
123639
46266
3390
144822
1038
1896
333816
238032
4449
1815
2157
6165
3690
2187
3396
53703
41130
38334
2028
515364
1356
1998
127134
53559
2715
5589
209808
89391
37041
10320
29559
281151
79278
33558
2988
10338
1680
75822
2691
26346
1554
153633
84123
41022
171894
4407
2301
3375
3096
31488
176085
2724
2340
14175
54927
3396
2271
131568
259584
3072
2688
1926
2643
894
2175
2070
3405
2523
59922
2496
1500
17244
2403
1431
1983
35322
2358
44571
2991
2988
1545
2199
25476
3765
4440
2421
783
170970
1800
5526
2730
1899
2859
24768
59049
6174
3264
123420
170691
68208
123312
3981
1920
1740
136275
37896
1821
3102
41046
4074
2742
1773
2373
84000
2172
137727
72408
3510
1140
2931
55182
2136
60708
1875
32457
3249
14280
4029
140466
146787
600
1101
56712
50328
1458
18504
41700
1128
2571
1551
1479
54492
39696
61896
25107
3504
164865
5208
120036
3681
1740
2214
223059
33201
40821
8004
3030
2274
3150
2667
2052
3183
90720
3234
1914
4320
286275
2724
2328
2814
5640
1275
3333
4338
3270
11934
2340
193089
126366
19914
3192
478770
103941
6654
3207
15657
120648
105468
1818
2529
3078
3531
47343
2388
1062
6309
33333
2103
3291
2415
3120
3618
1521
2148
12885
2694
54114
1224
5238
2832
18600
5355
2982
83097
220170
1773
50094
2118
1782
37104
136521
4947
1596
1845
35238
2535
197499
4353
3684
1029
56832
2373
6546
20691
128742
5574
14943
1512
173205
1596
200337
1647
2208
3039
2781
2544
4089
110631
2391
81825
196641
2145
4413
1401
90456
1965
159375
4356
3792
1977
4173
110829
2313
2166
3204
19230
3678
68442
4155
76374
1476
2298
16320
25938
3048
2157
28134
1788
1773
2046
12453
39186
191949
4818
180291
1161
78279
4125
64821
1737
3144
4785
876
1182
2484
334482
4344
25176
2091
105987
162090
2502
237786
4086
99198
5925
3534
1398
148254
1902
3330
3600
93120
18099
11475
2700
3348
1596
1689
2619
1929
102468
1545
2889
154215
7572
2595
3513
4857
1497
2979
1674
120657
2397
166002
21312
2163
1965
2244
15849
2319
86388
233559
76245
1980
191838
61185
3450
348516
31161
3627
2448
80505
2526
23751
2268
3990
27900
5622
228048
3609
11121
115407
3411
2610
2169
67587
31032
64752
2355
3360
1173
1266
2001
47139
108774
5484
3126
206094
2949
39774
1842
3015
3009
319830
3234
1713
120240
2694
265524
2175
109686
1431
132015
2007
2418
78198
1248
109344
2301
1692
1644
3477
9909
122067
22833
3129
2814
93975
165840
4848
3273
26850
67797
2073
7566
51714
1512
1542
17817
6576
46380
1353
37368
4545
1932
10377
2853
1299
84108
1326
311550
74880
4803
28770
4719
53652
2217
1665
2640
2376
1920
2454
1596
2217
108315
2268
75981
4374
170031
38367
2751
2982
214947
160890
104367
3108
230010
6084
2466
2988
2604
3699
1149
1788
975
2901
4461
58635
1734
3876
2262
123333
3201
1566
89661
5367
1209
2436
21021
193959
27858
1665
2301
33426
163224
35382
5649
3720
80871
3366
1329
2496
8823
1884
3000
33972
5538
11130
3585
42927
52929
8169
3039
4842
18960
2991
1587
2523
2457
147600
34041
3606
81093
89514
5988
2481
43572
108891
203226
5535
3462
2655
99552
1827
3222
2499
2025
21021
2742
82293
3729
1764
4074
2271
56949
112482
96369
1692
2523
74301
143967
76155
158568
2061
129297
2847
1671
3777
76782
35955
2472
5481
179247
37887
1860
1623
2364
2103
2250
2610
14961
19602
42528
2739
3918
4020
1830
4704
13611
38796
4026
2865
4992
3372
1959
543630
2400
8616
5826
3495
2358
2634
5274
3450
3108
4575
1251
3024
2433
3528
141306
101751
4107
2004
2943
1317
80916
52602
3378
2967
70815
26478
8838
1446
3372
1380
2139
4716
52326
219
1551
2268
1896
1050
3666
1305
2046
90996
1251
3165
3702
4320
1338
2100
55878
27822
55959
191637
3666
131964
26076
4209
1347
2151
1983
3780
4887
59490
38877
1587
2334
2226
3246
2667
55821
4284
87576
2007
110274
15021
11931
2529
2688
4542
3381
4017
1632
34281
178458
194034
3156
51933
2097
2541
2100
119433
55356
3252
3249
1941
7560
41700
43842
76242
9438
20811
1797
2397
243705
215106
4536
2508
76683
2241
1440
2919
4803
2319
132570
158934
2328
3528
2793
2826
3048
4836
4038
4341
1533
42672
1338
3660
2802
3276
189327
3681
112278
2835
3390
3483
104172
140979
52311
2304
2790
50994
2274
5454
2427
1926
3804
1728
5316
95484
5124
1875
2025
1800
4011
128838
42234
88350
2928
3165
171021
4140
4383
3072
38826
3537
156030
3258
3093
1029
6471
32052
110454
19230
6681
1719
9777
22305
23730
2919
112851
35937
24591
105999
3174
2520
2520
3153
1938
3534
43752
1755
4695
92646
3678
2859
2808
3738
3855
1614
3552
3783
5400
58695
3945
48225
7872
3789
78816
8703
5463
6600
88938
3102
1905
4023
3738
2277
2637
3558
6243
3036
5259
3225
12171
128904
2775
7512
6546
2112
2163
38685
5010
5289
3855
2985
213945
3744
3237
2952
3528
7461
7041
5010
9225
22854
3300
53763
129879
143310
4557
81231
244092
75609
2160
2706
2481
5094
1176
1746
55290
4083
2571
24261
3765
73665
4056
4956
97860
154935
3681
2058
3195
2940
2850
2166
46152
28866
2967
2130
79836
285168
1689
4017
3012
107280
2013
30279
11280
84462
41910
2271
3711
2955
3207
2358
4386
1950
159633
759
1440
25398
4569
95493
3306
4506
2361
90615
6615
2715
3810
2748
4578
2742
2499
3336
3060
31551
1758
2109
29721
2151
1311
4452
68793
2349
90762
65724
44085
147486
287007
2259
4524
4191
106098
3768
2886
153489
1269
3528
2463
3318
113790
2667
59547
2475
4794
55407
2202
3528
3741
105462
1509
19041
2778
2127
3600
2049
309201
1842
30162
1509
2172
1980
3633
168627
1851
355308
47181
43590
3177
99018
55560
116715
3165
3096
78090
2682
43758
41673
17547
2742
5490
2355
1815
5442
47400
3996
2907
30411
2115
3744
3726
114807
88968
28902
15114
4374
2178
2757
1494
2646
82557
2379
34941
1797
1593
184368
1923
56256
45618
125079
170451
2256
3207
70314
81921
2268
30747
4122
6489
2532
4422
81213
69522
1503
3453
52866
3879
4443
2124
2544
5502
2544
3354
60471
4572
2913
2763
4062
4311
25020
2274
2697
2796
194205
2619
6870
4257
3432
1959
2532
3300
219591
3579
27723
3441
2973
4311
3726
77400
2676
111798
1863
75183
11616
110049
128529
3255
108129
2826
244584
13008
292338
1824
151152
181887
85983
19602
3225
18414
2187
3051
3042
3342
2499
39144
125529
1983
248850
2670
223377
3360
5928
4137
2568
264012
1548
440514
3057
2931
4917
202947
30759
1899
4824
4233
2220
1296
4977
3321
4470
4197
4941
4191
5778
136026
5232
37194
17736
235536
2457
4533
1650
1878
1863
39912
106116
128466
2481
3918
2085
3546
2427
248886
122757
9537
2802
2577
19920
4404
3471
205302
388320
3723
126069
4299
3177
72138
306249
3963
37014
2703
6042
2421
3873
3942
3189
51033
4485
4266
2916
3528
3063
3429
3795
2064
2307
2904
153741
4092
18825
4863
208317
210384
85671
78282
47523
2772
94674
2766
96243
55554
4533
186723
1734
41748
2586
2376
432189
2301
4206
211170
8223
104829
2823
2385
31332
113412
2904
28821
4785
78627
2250
2055
3039
13914
1968
2661
3504
3780
4230
2763
3093
85848
4320
23709
2010
4566
60861
168003
2964
2397
326421
4050
3189
57045
2841
37893
3039
4698
1740
191544
3582
71523
6195
2403
17853
3183
88395
40911
4638
106458
86322
4365
2886
2433
60165
2241
34635
3693
1875
3666
5013
2442
3333
129360
2880
13542
54393
10098
2256
29388
3759
2625
3363
157500
138324
109863
24009
1932
2097
141222
4383
3306
100857
58491
4059
3474
14427
3195
2931
3369
3909
2499
88812
2184
4215
137580
75963
4029
33900
1596
3921
5349
1770
3540
84003
3525
5166
1902
15048
13395
46365
2595
11154
1863
4461
67077
3660
174042
4956
104187
2919
153468
2073
1437
136818
63270
4164
2409
2325
3528
118935
2307
10782
2220
56622
3858
3516
75429
4788
2451
2202
3705
3438
2676
3699
99159
7170
5292
67005
45828
3348
165126
155259
109773
42807
1614
3354
4563
2409
2634
3942
29955
256851
5292
2976
137097
31248
3150
4227
83199
2751
27297
30642
1956
3231
26208
146388
68130
2466
14967
4290
2811
2616
2535
5043
96552
29316
3093
18885
5262
4845
3804
136251
1923
2337
11187
2622
85926
2766
153330
156576
2961
2577
33399
2268
46332
72153
1746
2424
6666
5130
120852
32577
135033
18153
2619
1794
2004
3171
2943
1989
64662
3267
1932
132207
81234
1278
3348
1857
2826
70527
8547
5502
4743
34815
117855
5247
176154
191598
36567
3210
1548
1971
1956
2637
2118
8577
1353
71385
2946
3318
1599
132000
74478
2175
2448
3378
77427
1272
4377
40965
50136
3684
29304
2091
3126
3366
1884
1749
3291
3132
181860
13137
3042
924
55371
3471
4119
2970
4989
2100
2856
17556
105480
110574
4023
2790
228
1758
85470
29985
4794
2838
2991
2187
55398
4518
993
246843
16953
15072
120207
53751
4134
15468
145920
52146
2811
2640
107109
2556
2073
3579
34212
2988
6294
38733
2475
3885
4161
2898
1239
2943
46869
3450
3687
2976
92976
309105
1287
139362
3573
50040
5193
2901
5067
2532
11775
2055
29703
38058
77907
3708
4935
505521
1416
2547
37074
2946
15765
3867
1830
3318
1845
66870
154134
2202
33561
1914
5121
4062
36753
9771
124080
3054
20730
98478
4365
1257
1689
6687
3195
130290
2721
3201
5439
2277
25356
4746
82317
62655
2784
2508
4686
5196
22503
1950
3360
1911
3522
4008
31539
5226
2907
4221
26958
1581
2352
6981
2688
4227
3162
3405
2211
12237
2094
159042
3423
2964
2253
5046
3210
3045
2631
11058
6066
109185
116910
167808
2073
2850
315003
127650
2097
98790
74292
3525
1470
990
23538
1875
75276
3660
1746
4368
4758
3360
1980
2811
50847
2526
144852
1785
2592
2394
2301
4617
28458
4143
25551
1437
26664
1347
2460
2706
55464
3489
1920
3291
2760
2730
286836
196743
2835
5313
228945
5154
3111
61416
3297
1578
1899
4026
1662
2043
3429
2586
1857
2133
48867
170355
45909
2742
64233
3147
2820
143532
3183
13998
103071
390840
56529
257754
15363
1944
27108
2595
304044
11001
2847
21321
2532
2598
50877
3597
3231
18813
57321
3093
2142
3015
3423
39276
2661
1440
1056
41844
110418
1923
993
1398
2202
5280
3954
175881
2895
2274
3771
2310
2730
3051
35229
2160
4185
2478
3960
30912
2532
7230
2109
63552
63699
329145
2979
1488
31266
2748
5940
3945
2982
24108
5694
3981
44112
5676
6912
2133
25446
1923
21732
6144
2115
24321
14658
6102
86823
6738
53064
207876
3066
38358
5073
20046
7113
8850
5844
20586
4881
10368
4023
8271
3324
98478
3411
4854
7518
92193
7137
6855
5628
3192
8118
15435
2787
3318
168981
5202
346374
7305
6372
179424
5241
106164
3099
58458
6063
3432
5850
3000
387651
201021
2892
6819
8127
123972
4647
9078
5967
62169
1980
6195
14988
4296
4431
98067
68718
66957
6687
3300
7164
4686
44013
34563
89883
118815
5037
4107
14694
4665
2478
5877
325740
6180
45243
2988
4413
3666
1689
33321
4194
3477
132225
4497
3801
88764
5100
18729
3975
52827
3195
6735
48312
6327
5817
5937
27750
4374
21843
108570
4779
5055
69399
68244
147369
3864
5085
39651
6273
4536
3048
4398
7560
63327
1704
2991
4995
2580
18666
3177
17538
5910
5214
6030
5133
2073
133923
54237
1971
155469
3264
100674
5616
5451
173787
5730
101082
2145
36774
4014
3522
2349
8046
5817
99840
16644
6558
3840
52221
6483
7413
237873
71271
4599
88440
3777
5739
3375
5457
357366
142947
12000
9609
66390
4572
113811
187800
51000
38970
2172
47364
8832
186450
104823
5424
73431
134142
32919
4464
6282
6786
219678
28035
5586
8937
192621
3309
10056
7149
3210
3015
4782
6198
3177
4536
3990
25296
5124
3777
3291
4158
10170
433239
240381
3750
5817
76389
74445
4404
65871
243894
2847
81963
5277
4830
3195
114183
3690
28290
3234
5061
16053
39294
17250
3357
120243
4569
3525
2499
65883
257559
5706
3420
4239
14337
3429
37029
3771
2019
136746
131784
3201
38598
204336
2778
5967
5634
5052
48720
5523
9798
2457
4536
116610
5277
71304
3504
5547
6741
4893
64560
6771
4845
69756
175893
58020
11979
192351
4944
19818
100956
4251
113601
2832
32256
31764
5229
4878
4188
2256
136317
103656
69018
5289
249045
68181
4659
4530
258777
27489
65523
20424
8256
3189
5091
7227
6033
3705
2865
3264
40638
114195
7176
71931
4206
3927
23325
4845
4545
96855
103641
6933
7950
5598
54462
5364
29796
5382
6522
3909
2052
3537
219819
27435
7410
3213
9882
7071
31038
107205
5976
146781
5028
4806
8457
2874
260928
4596
1422
79911
4074
22860
199446
7095
11973
117801
27273
21183
4524
117963
3987
1968
5331
4407
8796
5391
4020
16794
56532
20094
21279
200151
6618
85725
9171
9396
21333
62754
117042
112506
75507
238347
66639
119037
52701
3213
3075
9063
4425
278139
12411
9681
353856
10062
20742
5691
7299
344151
10266
62589
8961
9633
4497
3942
25872
73812
18501
3957
6441
56676
167316
272928
91557
4473
7281
473643
5592
2325
36780
89016
49338
66627
9549
12855
22119
11718
43335
1815
40869
12360
56601
97680
34935
4515
131754
5574
3663
27690
3153
96546
6306
3339
10173
1914
8118
6381
130863
158784
209910
12156
4059
138393
4434
5874
2403
6234
6516
5505
3348
34065
4704
83700
120240
213024
194340
115017
14199
60468
9153
3417
10998
59757
3963
6153
4218
12348
12321
90924
8019
71514
42480
36201
9648
75114
100521
13947
3573
420567
302646
73488
4734
3402
69417
4170
4767
3951
3729
37719
165399
10758
111888
5934
98631
4212
49119
66372
49134
7050
4947
6078
4023
14403
4818
3306
159417
4731
154935
82239
4842
4554
7863
22662
6042
5817
5253
6852
9981
8988
4779
3432
3807
2499
5064
42240
15366
3726
4839
43296
35280
126621
3633
4506
5349
5586
14832
37245
49374
87783
179478
27111
5775
84663
94329
30804
7152
4983
5484
3423
5034
152142
11205
2010
4947
25887
45780
5544
4890
3510
35421
33765
4656
3195
112317
3141
4209
16461
9270
4953
150258
39861
4230
95613
6747
64422
48069
3798
2886
252690
150807
3105
4950
5547
2517
59487
137937
53013
2037
194064
4356
166887
9102
4224
30087
5115
134697
21930
125676
60807
2883
95148
2919
3966
3660
135543
68040
55755
7716
31605
49899
3936
69852
2295
227898
66321
3567
4602
2205
398025
5517
32922
33768
3288
8772
8379
7773
39951
4134
3552
80802
7878
115827
3063
28740
41685
4317
4938
40686
49554
90393
6948
7065
69108
3372
9465
4641
185892
15447
170859
72738
6525
3915
3582
6321
4836
2019
4299
95355
24660
59112
68958
234159
2352
28782
85317
79077
43029
15075
47145
13545
4494
10350
61737
115293
5040
160851
93828
50988
3048
23862
162813
4881
2328
5121
82134
2613
8553
4590
17280
3495
140430
5247
5742
3138
3117
3675
7437
4509
6528
6513
2766
261171
222393
4041
21864
206640
42192
3498
157185
106677
54057
58596
210600
7788
60549
4218
5535
19074
4704
24138
3654
3369
3915
3471
55674
4902
2895
4599
8451
1557
3093
265527
46077
57519
87207
4323
94527
40116
3618
4539
4557
7464
54120
5517
7164
2913
4731
52791
98199
8229
4533
80547
3195
38592
29499
5787
3714
88287
105945
208596
39780
6570
34890
5292
7446
5220
4986
134556
8892
3366
4692
18525
35331
35217
32661
6315
6570
90456
3732
4404
82821
131349
3561
5397
6822
4302
8280
7659
93255
4251
7560
171198
6486
1947
14751
42732
5022
24600
6468
85578
11613
7977
70719
86655
19449
3579
51801
181008
3384
6567
11505
3813
11844
3432
3159
33507
9384
47937
99105
92985
43740
4116
7827
4752
5367
6420
13683
91224
89175
3093
5517
9705
2265
5613
96690
67665
472827
1833
3903
89607
292371
11028
6453
135483
13956
3687
57006
103908
2940
30894
77802
3744
317727
66858
5760
8097
4914
180153
114708
2808
3054
4857
74718
4059
66009
7290
3999
41253
3036
46722
52218
70083
5946
6441
216507
7473
27090
5007
5442
6525
2454
5700
4077
4281
2574
6201
3789
85602
4776
6447
3114
52947
111411
3723
5997
5307
4482
80301
59724
183450
4062
3273
60408
50619
3696
37770
125682
4602
23964
35874
2493
115527
18474
151971
3123
5547
4818
5697
4464
137661
5655
6402
3507
5364
3225
3672
7890
80031
200952
3588
29751
6072
6162
111324
4308
53820
149445
1509
69891
7392
60216
5253
17439
4557
4104
130266
37236
76692
82278
7371
4896
18957
5889
63078
43953
7521
305913
1365
40011
33228
3270
106308
9498
19143
4509
185184
164988
31218
231732
6789
4884
4665
102291
163161
6231
5169
14715
2703
90774
5847
32250
8103
72102
3003
288435
8235
4365
2562
60957
7233
216615
8052
3648
5295
5415
6813
9417
22572
3183
5073
29013
9762
3477
22425
4344
4851
4509
11040
2607
111249
3015
1365
37302
17895
2343
2565
154620
2583
2205
77448
38421
1500
25464
5058
36792
7266
100878
29931
2418
2646
4824
40362
2616
2856
3246
2985
131496
134565
1875
4476
141900
106269
1833
75138
3009
1860
1554
1584
69114
188034
4329
211671
3615
7512
98457
1290
76530
3444
32433
2322
4251
3345
1650
3063
24606
2775
2601
2217
3093
313833
3765
2961
3045
298410
149085
46074
157632
19350
49383
111066
3699
15762
2490
2811
975
3321
107046
2145
3339
3285
2148
3141
3522
111495
27966
36363
6165
3138
3204
23352
3789
2097
3114
4533
5124
163689
3963
203451
2340
1776
101085
3741
120840
11337
69387
4257
26148
5733
2940
108543
2487
2502
3771
2649
2109
309681
192675
2532
3969
1647
2187
65505
4908
3735
3498
19500
42063
1170
1950
3474
77844
4668
2694
5289
57609
3060
7929
2772
3207
50184
85770
3213
3228
1995
2250
72261
5664
5928
2985
65292
3357
2358
1104
2259
2523
4323
2736
1998
153372
2442
2925
3780
50553
4083
2241
61440
44256
2295
2919
60951
4380
9096
1776
126927
2553
2727
19335
2604
2127
3459
2127
8487
41667
2358
4791
10608
1911
19611
69471
1587
115920
3888
2898
2484
133551
71829
92142
3267
21144
80322
2550
2184
13548
160008
3150
1974
1713
53838
1803
52989
2685
2157
2184
20952
1740
3855
40818
7890
1767
1995
49572
43530
20172
2142
112503
2976
3099
2334
199653
11001
238722
1845
79275
95118
82695
2985
2265
5295
4326
1896
5610
2544
3063
5388
1857
111828
2655
33963
4491
3945
74169
104109
11118
1569
155430
205890
3786
1563
2361
3363
2439
3369
220893
2373
1944
3063
3000
1971
2856
1335
2439
17685
3063
79767
2424
142299
2994
1197
79338
2253
2451
3360
6294
72333
2070
5436
2277
3462
165348
17631
4803
110964
2022
1998
4299
17757
11076
2811
50775
93762
2211
5208
47868
3066
6396
1344
3345
2313
1656
1527
2220
105984
3015
2676
1893
3486
56022
1419
22269
2658
19455
3021
1605
1683
3015
3552
3192
2724
8208
35112
4524
3099
2907
2772
4236
33813
2244
1740
50373
9375
2847
3345
3285
91512
2823
3657
1422
1674
3243
5364
52704
394911
5304
191679
3294
187245
6315
2091
3990
1755
2538
2262
38928
16029
1656
6183
169926
2319
29499
71454
36852
1134
3492
2157
3330
14850
2922
213783
19131
29295
4071
3510
54480
2613
2664
2160
2238
1698
2373
38325
2043
6465
50979
89376
202725
4455
3639
87993
2148
37377
3069
7797
2418
4032
22398
65634
55389
3153
158022
4308
3027
2829
3567
84807
2799
24102
3675
3081
156741
1797
49716
93867
28980
5517
2577
4440
57654
5985
183600
1680
4950
145833
1926
2460
374478
5208
75588
73356
35730
34779
7647
275592
80823
135708
5265
62244
2439
3453
2127
1545
11022
5628
2271
2892
1827
3021
23364
3003
2070
5166
3879
5928
179649
2406
10941
98067
3249
28818
3522
6234
129585
1254
4107
2103
1470
4368
1656
1899
3936
83973
2157
5709
1713
2703
1704
62502
2328
2691
54753
2337
2859
3261
72831
1749
5607
2349
2052
3165
4320
3954
1467
3675
3762
2805
267414
4155
8583
3753
4227
19896
2550
3972
22440
3141
2469
1629
36402
6861
1917
88332
138090
5298
3948
3228
3525
31866
3021
131241
3789
343068
2919
74118
120567
1764
4695
1062
2988
1503
3291
116304
224274
2043
107766
2547
4575
13383
2793
3330
3873
226638
119274
2592
2064
2553
243789
21396
2979
3786
1641
9177
3663
202173
1719
1476
72534
3195
3363
3180
17880
2214
1551
288609
1647
2376
3492
2484
2478
3096
3342
2706
45849
3984
3450
20019
136761
4230
2655
3747
13722
88746
3195
30876
6186
159876
3561
2463
14328
5874
3255
61149
38451
10839
1230
292503
168384
13266
50001
4503
2691
2592
4251
37773
66510
2643
4113
4056
28815
1464
544650
34704
2400
307233
15126
118419
1689
3705
2541
4689
5487
2781
3444
2865
3276
3165
4095
4035
55266
4413
3615
1569
3909
48750
52167
2910
1686
1941
1938
5385
3390
61473
2211
46962
27684
4593
1953
2856
3327
58662
4137
1509
135549
3789
2526
17928
150324
2817
3921
16947
2274
2667
53430
38115
4764
22071
2490
35712
4353
51540
2265
3645
4350
30459
1566
2862
2601
2442
165267
1920
3150
3030
2451
354519
3189
3303
220695
4527
3546
3468
61611
4338
1383
98208
490380
2349
1974
3294
166686
14547
2457
2082
4701
3033
30936
215967
62493
4467
1110
1863
107325
1521
1680
19437
42450
5364
5118
1323
3321
316776
255003
20943
48183
3573
3390
1749
27840
3630
2010
2970
130623
2376
6462
19995
2682
2910
10329
46266
23415
93630
3729
1302
82971
3246
4167
3156
40533
94215
4317
2865
2004
4050
25959
98118
1788
2883
88350
66609
1551
2403
9150
38325
16527
2400
113682
4458
1632
43890
2781
2088
200418
2259
9255
2601
3507
74601
2610
25131
194091
533508
4884
76512
4104
1332
58614
4044
3549
3180
57834
2580
78258
19659
4719
3495
2409
2295
23124
121377
108567
4623
2526
3186
3000
5028
57873
2466
24879
2973
6429
2628
66417
8406
2184
29535
4062
85428
3873
78504
8652
162309
36003
3243
2850
1953
6891
3921
3108
35130
4818
49641
52341
3363
2370
40572
6738
3240
5532
1872
3735
4665
17694
102141
88326
4203
1611
4935
2442
2745
196239
3465
1686
199542
1935
4113
2322
5199
41208
89046
5775
45660
2721
286530
3753
2559
4152
257715
2100
3864
138294
3561
5733
117381
80409
3387
4695
2727
41064
5706
2760
31266
3276
3015
1968
3210
1701
2922
17193
2604
27939
62472
140094
3441
4803
20751
4563
2796
3543
4779
3771
4281
143913
1332
13368
132918
3498
1800
4632
41961
2244
101244
161013
5052
2817
196080
2358
1665
158598
2820
4704
27693
30552
142440
2199
251361
2685
36045
4914
2742
2124
99135
79293
1689
1293
2478
184125
1623
5298
2838
209916
3537
47154
53712
2901
2295
6054
4101
3726
87120
19626
5112
1638
2676
229977
5097
5031
3288
75234
6771
135453
1962
3222
118845
34218
27645
1767
3159
2142
3492
4287
133842
87528
9192
3096
4449
4401
5421
2856
2166
2073
75156
42120
2103
2091
2712
81225
25353
4452
271083
5391
185424
2112
62241
1866
32067
2559
2334
1824
4035
4851
2115
68370
22920
1935
185862
3396
6705
2382
167541
1614
5040
2163
16950
2382
4134
5463
19698
31692
2757
2577
66108
1794
3537
2772
110757
16899
43521
2469
126240
36042
2508
90540
203946
2649
2919
4788
1980
4530
3957
3342
165888
92058
5244
4818
258780
2496
319512
2070
3294
5130
2622
2622
3459
1875
47250
1908
1146
10905
5433
4194
4797
4989
3546
3948
54570
4179
1776
2727
4122
2874
2043
2244
2259
4119
1521
1479
4134
1263
2331
615
1983
18321
31560
56625
368025
2355
1941
1548
50883
3330
4098
3969
2232
3108
1542
81987
1629
1794
4083
50415
1584
5316
8121
2511
134124
19266
271950
1779
4221
3237
2913
83406
23736
1098
3690
4602
2319
185913
3978
128184
3519
15396
1605
3477
3282
3591
164115
2364
2331
5823
2052
3783
23076
2979
71805
2340
3195
162909
2301
5154
2097
5424
36642
4614
25989
2718
113757
164076
19779
42312
2049
84369
1716
3618
4719
119688
5727
12579
2889
22224
171777
30174
134370
4176
9423
134346
2346
4254
3453
183831
1506
2133
120993
2373
4428
3033
3069
4245
3555
3492
212946
1785
388833
4761
156186
66468
1536
2118
171543
3441
174039
78240
2574
3075
26490
5583
2298
29349
231453
3111
25050
1437
3075
95181
2754
2859
2079
4725
2499
2406
3414
3345
55116
16395
2013
1995
1695
2169
3873
1914
212613
1767
3444
3522
54948
2013
2586
4362
2751
2133
175632
2040
3630
2466
4443
96036
2949
3603
16065
2445
2097
25524
220026
2940
78735
3153
33297
10794
2097
2673
9525
2061
1482
45576
4908
1074
104001
45768
2328
1785
12291
2760
2481
2421
4665
3342
27756
142674
1395
18720
1758
48492
8241
295605
3936
1422
5241
4311
2625
72975
411066
1719
2754
29082
270429
3738
2055
80748
2970
1197
1827
2304
4473
82215
2766
2622
57903
3672
33240
4629
26895
2721
4665
1707
2805
13020
3576
3291
4638
3771
1677
31038
3879
2043
2970
25206
32334
1917
45111
109959
2592
2994
11412
85077
3222
2286
44184
2013
10218
4653
2610
1560
4554
3780
4212
161994
4314
4767
2634
2772
56883
2829
1116
327468
4206
109656
50079
2313
1035
2277
4434
2721
1329
4824
4218
2292
2013
2184
2991
3483
3822
2610
109731
63597
3339
143559
87177
190074
2373
79119
157881
2403
5664
4272
3165
2337
3858
4695
3435
2430
3228
147270
3624
29943
166464
1578
13191
3192
1164
2010
74736
79080
3456
41064
3453
3087
111711
1986
3027
3357
166728
9669
1383
88716
2727
3789
4182
1911
3345
3198
1893
10296
71472
4557
2163
1719
3015
2838
2424
10188
1488
7161
455439
52392
11811
1932
3402
3423
46392
2754
2742
3918
2172
1962
3711
3168
3471
1959
103677
2346
6729
2124
3669
2589
2529
7629
278664
2349
21969
92958
294162
3867
103971
310362
478284
6210
1920
2427
2520
4377
2619
2523
92988
5025
1065
72387
2670
2859
101226
2721
23538
6255
9942
3495
3090
16380
58233
76632
141120
6765
2907
1872
1611
3846
266073
28272
4491
4713
158493
33711
282963
57969
209043
84801
42951
3021
5751
104829
2001
2256
4626
1602
6558
2475
3558
18303
4332
18984
2778
3048
148224
2952
2871
3216
3618
4875
157545
2337
2532
103668
2727
2406
1284
1758
1968
146961
2712
225309
116367
2595
2319
3963
80430
4815
5745
8751
3063
3093
45099
2706
2598
2712
201084
2760
107529
10506
2628
1656
111720
4251
3903
2937
2568
5940
354195
295350
83007
323151
2760
1689
71250
2580
3507
2892
3888
3330
2148
8466
2238
2643
1614
5841
3213
4980
9909
4827
2634
347556
1617
26811
4479
2922
2655
2859
234333
2514
370881
4356
1605
2568
2283
2562
2913
2919
7506
4437
267996
11037
4692
66858
5211
2172
3486
3141
32022
6024
4773
2607
2565
2388
174327
2205
2913
103536
3186
32187
3201
18669
1605
1809
15465
2550
2283
3072
259668
2433
2472
2382
4041
2538
2604
1797
91407
72708
1833
14016
17214
2838
247977
2019
2334
5991
3006
6684
2760
51420
6318
1737
2049
236883
204816
5199
4497
19083
2832
1344
181146
103710
44850
111585
1890
80997
3930
3105
4059
101742
1677
173925
1488
39708
537936
1293
46878
4902
4077
1182
2073
3516
4842
67854
1302
33672
4008
109350
1779
5499
2232
16971
4833
3306
1509
3954
3297
3312
2871
4446
100164
35484
1914
3426
165054
2310
2355
1683
2940
2820
13005
4134
7452
89898
133602
102534
2232
1902
3597
1833
3864
4620
2916
330858
225657
2286
3261
3720
3831
3660
34155
1764
3399
69042
84909
2904
1218
5607
3021
2814
5790
27975
53394
341391
2946
978
76578
6246
2835
21633
163068
321
44736
2175
2247
2373
3633
63102
4113
3210
94101
4524
2016
57153
2394
3972
3609
2562
2631
3303
84753
2613
1230
4947
2370
157767
3141
30915
59277
5733
4113
2931
4365
2604
2115
6612
5100
2922
3699
4485
1740
177498
4566
3039
2994
14403
4137
20490
156021
2946
2442
76596
4371
2940
11079
1428
42417
41796
50238
23229
4611
137589
2844
3180
18279
2175
6936
3900
2766
3051
2307
36768
104277
9894
3654
47793
2790
391110
241611
2778
36699
5835
1830
1680
70221
2607
233529
3837
2649
68874
3201
50916
28443
3021
31884
3636
455991
2010
3750
4266
4125
3300
26820
99285
3531
52584
1101
45474
99456
2883
2931
3156
3546
220947
74337
66357
93102
123117
4089
3174
795
1812
1809
11532
36546
2535
2466
3408
2718
204198
2175
3924
2334
4599
43968
2715
2007
4176
2358
20952
3366
2604
150711
3720
318996
7956
4059
1767
2727
110145
4044
5409
3480
2322
6186
4236
43284
30063
2322
2301
2415
92400
104784
4842
2679
3864
4815
52866
2232
10920
2973
99528
2322
4545
3705
3795
4266
2796
3519
3351
3246
2046
5019
3786
1023
382719
2865
5601
43302
3261
3927
14439
4650
11700
2460
2349
29523
2886
2895
74577
4443
3102
29733
2130
2259
5550
1848
28110
4314
87615
90297
44034
18801
4239
2274
4005
6990
3939
6162
2340
2919
279162
2292
2913
49575
64026
54846
54960
59109
3579
4275
133710
1749
210630
56727
3120
3066
222582
2019
1245
33045
3189
3912
57318
2778
3279
73203
45423
213789
187164
4584
68910
2271
24591
86769
1392
37863
3048
9573
2529
2070
3249
6399
146421
2256
25302
3456
3330
3198
10548
4359
2973
1371
3774
3291
2097
2130
1614
82656
1497
2625
1854
4080
22773
2322
15270
2709
93780
2316
63786
194340
2259
121983
3861
2346
3798
14688
2736
5304
95829
98247
73842
2859
1656
3294
2298
45216
1779
1785
5412
4137
2556
6243
106503
65679
2967
508281
2295
1740
4716
76413
3078
23610
2115
56421
11898
84519
7017
63147
2208
2232
5169
2406
4083
111978
3861
182715
3663
208137
1014
3681
2823
171312
3969
2247
63165
163551
241116
3651
3933
4614
3120
150465
4437
50913
105942
2319
1782
3291
36582
2844
10617
4713
1965
43182
317826
16032
5997
34752
26751
1620
2304
1791
1716
2889
54345
5544
3768
3168
3558
1557
16608
70266
522456
3984
1833
226008
4059
9924
2598
242883
2298
244650
3615
2844
3738
159864
4776
2742
2805
92301
10530
2022
2250
91512
139077
46104
18111
3030
1335
182169
2718
3291
29358
63306
57957
2181
1422
5235
213486
1863
3240
2586
5460
3165
72438
2547
2391
4422
1332
2481
2376
33720
3849
23325
2865
3294
86679
2679
4284
16611
263400
104622
10008
7890
1830
68793
2448
119688
7479
3654
3291
2112
57996
5202
4206
3828
2619
17250
41943
1443
9879
2451
3612
5031
2184
4917
2088
2328
5001
4332
3309
2586
5673
2109
2985
24099
2811
25209
20901
5415
3510
3780
4716
32238
2226
84171
74358
2868
1608
118869
86997
9294
11697
1425
3633
98004
2220
5100
3600
47766
3114
75672
2541
2007
2349
4350
33336
3351
74997
98043
4155
21852
4200
4716
161745
3363
81831
4575
13098
2964
79125
99948
2616
13593
3291
75549
4119
2685
116838
1608
2391
4575
2781
2742
187602
83448
1875
2547
4371
3171
2463
1974
2655
3540
2340
28731
4356
3660
3006
138648
2520
5859
67317
3189
24996
3528
4254
19425
150960
8589
26490
227769
18552
470463
11553
60396
12489
6630
48861
258270
2349
9039
3300
2535
34479
2193
190560
1581
2112
2493
5763
90123
4935
2961
59370
88569
5019
105240
1689
4446
2901
65079
15717
1080
1872
3564
288822
133311
2007
3951
8001
61260
4668
382305
1845
4326
4422
324243
100248
356802
4131
1761
9672
2259
3888
3555
4248
2985
3027
1821
2634
269250
2115
3201
99102
2973
95538
2910
325389
49263
2250
30981
301266
1161
6123
3792
2046
4161
2655
17799
2874
2229
3369
378603
160623
2631
1620
383409
29364
3693
140433
3561
2514
1305
204171
1893
12654
4680
4887
1761
13374
1965
2139
106503
6027
3954
32688
9057
3993
4347
4245
1971
5181
10110
2673
1623
1650
274242
2682
202641
3405
53205
94068
1665
3159
2211
4791
2685
2811
13140
57612
4653
82281
3795
1704
3435
2598
4128
4944
2526
168351
283956
25770
2745
185214
99012
306453
4887
54618
108786
146139
32544
3789
57936
5379
30825
31143
2112
30111
4236
247962
2904
1740
2703
2367
5958
357873
4107
2226
2325
47901
3225
3828
15669
140451
4287
2052
5148
1941
4653
11196
55980
3405
4572
4827
10443
3792
3387
2820
157377
38778
13695
2520
233196
52185
3168
3030
46677
1350
122532
198594
6090
5907
5499
1677
174261
2688
3183
66501
2508
4329
3639
134898
76593
2448
2313
68817
3249
2160
2289
49713
2043
2568
13128
5346
306753
4587
202065
3162
2595
50751
57561
22473
4092
1293
3834
1749
2877
4227
339627
4053
24339
18615
108933
79308
1053
87438
78015
76890
76095
15966
2364
8859
3879
2313
3327
3450
50946
2019
5499
5889
12774
3579
3048
124050
34713
3996
3306
3693
2751
2721
200028
4413
24810
4812
2553
1791
2331
2142
3501
3663
128772
2673
3198
3531
2280
2436
5454
11709
181200
4368
77316
72360
4422
3459
1965
3450
2154
2832
3840
3111
237210
95859
2739
86910
3795
8130
64503
1941
2535
50004
5169
161724
3372
1911
4875
2175
876
137922
2178
3033
3537
2406
4329
7173
26043
3396
2403
3402
3258
1917
2229
2028
56013
3801
245334
60051
4677
2007
4032
3987
121332
2355
4506
44097
3927
1707
3804
3879
1989
2160
2529
5646
3030
3861
114741
4131
1638
5661
2169
4344
2289
3024
160431
46731
88635
2016
16035
2097
3576
4506
9492
2658
4161
81903
3261
3315
2676
1497
76152
2700
3579
1797
2862
5298
3780
217020
1791
1989
4335
70971
1725
1680
7692
3768
35379
3294
3912
117525
153651
2556
4014
2352
3090
26964
262191
320262
59544
4998
2031
4053
197283
1167
2262
3699
306642
5394
1803
2385
4518
61911
1824
3651
2721
3714
3201
2019
72828
2724
4956
4071
2259
3417
142305
4548
1998
2112
2874
4989
1830
2814
1065
4098
4620
2622
1662
3252
4425
5325
1656
115848
4701
3561
2490
100644
8358
51258
2346
2964
2013
3714
2700
220380
43251
76572
1323
28806
1761
984
7143
5169
3330
5154
2817
43749
35151
55440
2613
2637
2409
1503
2037
2817
3129
1473
3114
2169
2169
2241
2820
118194
46035
12759
1863
8238
2952
2508
2907
275709
3807
1677
60954
276270
2982
5403
79143
2682
7947
4035
3021
20331
2061
2148
2337
3402
804
2214
1221
4344
72312
3306
67551
105084
32262
149331
3669
2739
4281
3339
3855
66168
59292
2790
4344
3165
4710
5505
65349
29154
1818
2643
38871
2304
81897
3525
2577
2838
2850
2139
155352
5622
24759
4881
103224
104313
3855
1653
2520
2295
106590
2526
3273
4038
2445
3825
2481
25425
6453
3744
2367
3225
71694
45906
4125
1143
31641
204384
3207
74685
2769
3348
3789
3189
1782
190812
1779
4191
1953
3576
5529
2865
2922
2169
99096
2721
2847
4080
3108
3393
2790
4791
2256
4323
2961
2985
2298
406581
4056
1866
141555
2742
41682
55812
79989
49173
9720
56760
4380
3186
3069
43377
2049
339480
17979
35505
3525
2016
74202
125814
239184
97044
2850
3177
4233
77103
3534
2922
1317
5040
27624
14628
2094
172449
31638
4473
2313
1521
35250
349470
2985
48378
75303
1992
58326
1740
4146
1053
1857
4434
3297
1434
75669
30993
1566
21492
1455
2166
3738
12801
2334
1635
77373
2079
48714
3279
2199
259917
2556
1857
3216
24885
26733
4524
4680
1791
4050
5331
3513
3612
1863
174195
4200
41736
120426
5112
2535
3201
19686
242514
2091
21594
2775
2058
3033
2397
3081
1749
1758
2994
3189
35739
76293
4101
3180
2922
2724
3501
5103
27558
2196
5736
35991
22965
1356
200283
1713
4272
2319
6633
2622
1740
27897
125130
3648
2460
1872
67557
2514
31638
3228
2484
3309
2904
15903
3903
3918
2232
233589
16737
9408
936
2454
4869
61038
39105
93807
2331
2523
14505
379107
2241
5106
3780
35010
345147
5940
1983
2841
126531
180036
53706
1626
3228
3714
8334
270573
2430
3774
31113
3909
2883
3279
107340
79293
1677
1413
38394
3027
160842
2130
3162
44064
1599
26562
1368
11490
2103
2253
7818
2208
1761
3867
1917
35874
277113
1737
3108
13650
65886
3594
91083
3702
136686
3930
17514
96891
2745
167526
4431
47703
3897
2973
4560
972
2607
6804
2148
159990
250353
289155
2127
807
3369
4410
8250
945
32106
3828
5787
4203
4491
5253
27942
14142
1485
26109
153162
100554
71163
4038
3831
90675
2286
3618
2826
137052
1500
1305
19509
4032
44061
4824
1425
20340
4077
134673
4374
1347
3153
9948
23559
42087
3078
139692
2487
1989
2454
3117
78312
517908
122292
3675
3375
13329
3444
104298
20253
48207
2058
3276
2187
3822
330378
1218
2157
2070
69441
96363
94695
2061
4335
77439
1350
33864
963
22077
2463
2484
2739
2589
14307
2094
195975
1842
42666
43872
161139
2043
3351
2631
17040
1602
1173
5688
145026
3024
4242
1908
238455
4263
6891
188250
71502
135993
3297
1791
85872
2091
2019
118182
135408
2973
4266
68133
1047
29295
2340
50373
1761
3018
4146
2343
5130
2412
46200
86715
2775
3126
3798
170574
14634
201660
1398
142887
3810
1509
122694
83412
58056
3576
26970
227157
54549
1251
281064
178980
2787
2931
3195
2838
3882
2490
3198
1614
12717
2139
2193
2910
3336
2106
55860
1926
2184
1770
1353
160092
5931
3969
1950
5463
53355
1830
5466
1926
2622
5403
1491
66675
183258
3957
2154
160260
3270
9363
16020
2400
786
669
4188
1305
1488
2310
3537
1125
2049
3261
1629
2223
138963
184488
3942
4836
1911
3096
2973
1911
3042
3300
1806
4719
2625
1362
185220
3840
3234
1569
1542
3255
13887
6480
2085
6042
27792
2280
53460
33273
17037
3243
2550
41694
142884
134292
2625
141459
3000
3513
2163
2493
68364
2946
2130
1854
1833
4242
137193
1212
6378
2541
1530
2022
189
1707
3723
335025
93102
322659
54849
168612
4866
76803
3021
74010
40923
90753
92136
2946
3969
439239
1605
77208
1257
2874
5364
990
3285
204792
4662
4185
10011
5226
4839
3054
3630
28494
3102
171102
197679
90714
2772
36129
20592
3492
2652
42531
4113
2661
213792
4590
2715
2886
2571
3408
367407
261105
114621
1710
2874
2499
247299
109971
2265
2784
3972
3030
3336
4626
10884
2340
1791
2853
1923
1731
4671
77607
3015
103167
1353
142335
1203
2460
15990
4431
1773
2415
3471
21483
3999
3138
54054
3360
158553
78117
21264
119193
3444
5373
1917
1566
2898
2286
2565
119118
2076
220299
6816
3576
34380
3387
2064
17280
67221
2259
54648
3231
2718
2013
2745
1866
4260
74781
21849
1263
3810
35868
22230
43095
7374
2862
15483
3384
3105
1173
420
1143
19155
33222
2646
205437
1521
2268
67404
140010
165936
4722
81474
97401
4134
25101
2433
242628
176769
2775
59880
2124
1698
2295
1206
109071
3858
4548
4404
2502
80514
2634
741
1890
67965
4350
2826
2076
46143
166158
1326
3588
116886
4602
1731
6228
13890
972
2370
23721
1749
107511
86493
24159
5535
36759
32334
12459
29787
2742
24432
85821
45777
2358
1983
767721
2457
2130
44013
1191
107103
132546
1725
1830
2727
53217
3543
3699
46347
1227
3357
7320
2340
4233
141483
5817
1887
82449
3072
41448
2976
2502
146769
3006
4971
38436
7119
1302
14025
2652
4119
2130
4431
3123
3243
2280
13653
192744
30387
1932
4104
148935
3780
105780
5400
2673
47814
3261
5331
15927
48318
2142
4164
2235
3513
1830
1965
74997
4077
279240
3699
1956
3189
2652
4014
3348
248955
1923
289332
3327
2514
4407
1431
136845
1503
188577
3213
119088
33384
34734
2523
1062
1395
118518
206352
2001
6939
2139
3018
4479
3048
140235
16125
3156
72936
3189
1665
3507
2676
7905
2139
2103
540273
3138
23088
1557
11019
2661
109122
94242
2292
26667
133521
72687
2208
2580
228
1734
399558
1683
2685
3264
2559
3288
136677
147594
1908
152403
2607
2541
41625
3360
3072
9732
1089
2088
3699
155169
2067
50283
137097
5712
3708
14346
1899
66909
134928
11523
4617
5763
4686
1287
1266
2910
40422
2085
2112
60567
105618
5430
4560
89079
107658
27933
4305
2034
13899
2313
232806
35880
2682
11898
10539
1554
13503
15741
3582
1851
1545
1776
2298
1566
1809
63699
1683
27462
1377
108360
334167
2349
70770
1692
313497
2019
15036
1218
170283
73317
233277
116550
33384
287811
1974
2079
116979
152499
3183
72888
3909
2403
2226
990
375813
2610
4623
1725
2463
29325
156693
2526
138234
1413
26835
135822
3300
81837
2292
14496
23880
27384
3312
4026
65457
4983
4563
4776
88098
189957
4464
2091
1530
38796
77256
3624
53289
24708
3441
4968
2316
2265
317094
2499
1401
53910
2904
1479
2622
96474
30603
64656
3861
112911
2808
2199
33765
3597
4905
5454
6825
27615
2211
3339
3756
2127
1773
2193
2382
2523
28596
3519
14133
115326
3186
4290
145611
121239
175074
1413
96255
2526
1704
4989
6696
270759
4251
4155
27645
1365
2700
2721
2262
1815
1113
82443
326688
5832
401607
118851
4035
2490
3111
45768
2343
2577
2148
113775
4650
1299
24174
4098
3399
3693
4563
16758
2013
2001
27726
675
3111
3711
3921
203907
2127
9984
1803
2826
13869
171612
2838
2208
98115
4446
4626
4068
1434
26232
1602
2913
2187
44253
3468
2361
328458
1437
2454
3030
3015
6078
54450
3378
1713
2346
2616
80898
1851
3699
256815
57981
61563
1986
3141
129279
2199
3264
3390
83220
3960
4329
2466
150843
4926
2241
123657
20694
2079
3048
2400
3702
2172
2643
34638
2535
2301
2769
3252
1080
10653
2721
4026
1974
80292
2415
4200
20253
1104
118857
3132
126378
12768
14028
48279
1257
205299
1890
41916
1197
40179
2691
1557
2979
3462
2088
3108
2202
2352
2064
48768
258666
1863
3582
26508
4371
138447
1983
69666
3747
1500
1569
1785
3195
217218
3057
26913
1920
1413
75885
2094
1662
3051
3576
4125
66942
2316
143526
2814
4281
2037
69870
5634
1545
3063
133803
1992
1926
93657
315720
1503
43821
2103
2688
3270
59787
2862
2970
332622
48435
1725
3339
2865
1923
78474
2409
2853
62046
1053
124371
3915
75153
28659
2316
39558
1857
105414
126690
7686
2415
120117
110316
2661
15822
2307
3027
2442
22239
104781
17886
1842
3897
2154
210879
133719
48456
123723
2178
5109
256335
2568
2412
185646
4104
5184
2130
3081
8814
3291
2730
4926
1413
3369
6096
2310
1593
20091
2832
2181
16722
1623
2373
3540
4524
18855
1593
203847
9873
7230
3087
37296
2856
36828
65190
156990
3159
5349
3174
355038
2661
3969
3288
1482
23400
3063
202071
2811
39762
3708
95997
76461
3768
2898
11877
1608
2010
47463
40338
89376
55248
3885
45996
5745
132936
2052
2193
131316
132834
22635
3321
64473
17169
1770
211809
4524
2808
2094
4698
273498
2364
2883
74787
3336
132057
10323
81753
211011
11652
47484
6633
2868
209985
3918
3294
4224
4113
12576
2646
2985
266670
3567
5070
88716
5838
32607
2208
1770
3429
4704
1968
2991
1629
5628
4641
39744
31020
2865
2106
236043
4893
1374
3162
5532
3012
3354
31107
1785
2805
3435
162198
6249
116133
4119
169464
41094
3738
2556
5034
2655
3207
2793
109050
5148
6426
8610
3951
2835
20322
159117
2496
2931
3483
12747
2661
4986
1632
23994
1860
143547
3909
52671
22704
3891
5151
1512
148368
2721
4557
2052
2115
3609
2322
3099
4080
4728
6084
170376
169476
58359
20373
4293
2769
1776
3798
1989
3552
3963
26670
2574
2664
3465
42504
2064
185373
3492
60102
2109
7488
1707
66711
2262
41673
36657
121986
2508
24729
4596
23580
2349
3465
3870
3054
4530
2574
28629
1149
78309
70830
3486
257619
2982
1815
3786
3345
19443
81579
3774
3363
4482
5133
2244
3096
2109
3174
2118
4278
12210
225102
2916
4044
43752
2442
2340
3993
24801
2604
2388
2238
2067
166257
2025
5757
61821
104718
5409
61836
115629
90138
222084
3390
106902
130422
1926
299661
103407
2361
55767
210519
1962
1254
5967
1443
120195
3747
2859
144471
119892
3153
2415
247149
3462
103218
3612
221670
4635
87642
16275
40395
293403
5397
60330
3054
2727
324090
87051
192705
7374
87336
246063
5046
2091
2784
2685
4992
3738
48708
2271
165195
307470
106857
4134
6123
2133
2634
2439
3165
3759
8091
150477
3861
2763
2820
118602
2544
3582
14361
2124
3618
3672
348918
2625
87294
23493
3840
2613
3606
1695
203985
52947
1611
1395
3306
155406
2361
4656
2412
57351
5931
3375
3873
3060
32298
4317
9948
105495
16455
14034
36051
2856
2241
2832
2865
1722
51234
3198
12285
3168
1728
3954
1407
3447
4731
4362
19173
71883
2691
3516
2478
92904
67257
240432
138222
67269
1446
111729
1989
57684
119277
123108
2910
1986
5961
14262
3312
3447
714819
2442
121572
3108
215025
123984
412422
61476
2559
26172
3225
3723
2241
154038
2196
4026
90402
239928
2826
2013
3615
98118
3999
1464
3048
4458
127437
3912
132210
5004
2718
33912
57951
1203
136185
3648
2943
6807
113664
41127
3084
45837
3630
2502
4002
5148
25935
2013
5340
2352
184329
3261
143547
4767
3345
50355
1998
158736
377661
14028
1788
1953
4860
180153
37263
1845
4626
2133
178455
3474
6330
3522
40908
4302
50028
3396
31449
1980
2727
2328
3288
3228
2766
3711
14469
4212
2061
88521
2379
23478
2436
2784
48633
2556
3651
9963
93318
151911
2223
2556
3501
33810
3906
165822
2769
317358
5070
2841
6666
921
46392
72288
1692
1665
1953
4119
1311
4407
111120
7338
200838
31551
2241
6774
3573
3360
80868
2802
5190
5607
2568
309525
3840
1944
2913
5196
1482
1710
3474
36582
3708
2466
4722
1719
43188
69393
3477
2550
2805
3288
2517
4659
100113
1986
2163
39090
5403
100086
2352
3525
4863
2085
3213
2166
17475
2973
3222
3285
19896
4920
18210
146445
1875
3789
4458
2139
2472
3126
64203
127821
4647
41823
2313
165774
4398
70083
20118
13377
10332
17292
10215
3108
2040
3054
1608
1911
517377
2802
1392
3180
3924
317664
2868
135213
2073
4845
8781
557841
6300
5055
3498
2769
59424
5433
3735
4722
2541
66594
6810
34800
63156
2208
3726
2865
4872
79341
2595
82569
3261
3504
3855
2868
2271
4683
1752
2067
251442
75084
4617
1815
3867
277539
3834
68208
91314
73077
3486
116409
5130
31923
30270
5691
140160
6291
27084
65526
90066
3459
4140
1515
107385
5277
2019
14259
72660
3501
1590
3402
164859
2655
3288
37098
3099
46356
80643
2526
9516
116691
323328
3720
6159
3567
43419
4089
331137
2301
3165
2517
68022
57018
1587
3006
2619
2916
2058
4062
168219
2640
2571
128922
41136
137754
43383
1638
2016
17979
81951
91236
6759
77298
357690
2616
3822
88431
2937
1317
1755
3894
3120
25755
5307
4398
1773
1749
5532
295161
29265
4914
4023
2355
285177
3642
4302
36294
112209
27960
44727
2205
1815
4062
135948
2301
2325
31842
5337
3117
9096
2826
3513
35499
3045
2325
110856
117144
1746
2631
2334
3378
4566
2661
2688
2259
107265
5460
2910
42924
193833
83571
3543
2379
5058
56901
316623
2559
3054
249252
3798
3636
3894
43215
3921
2940
91722
25542
27441
70644
4125
39762
1191
7815
4026
5010
258834
88647
2676
2691
74511
1800
9921
4506
3246
267435
57792
3426
4638
4878
110406
14043
116073
2661
3579
2442
2193
279975
2367
11307
2022
205551
123636
6129
4485
3024
3498
80463
3552
1617
149703
64428
2589
3543
2766
4575
98265
3513
1554
54876
12603
7473
4422
1650
60225
26301
68724
57366
3051
1944
1773
19278
4461
117864
214515
2166
1557
123342
5670
15729
17079
3573
68922
1929
1764
4281
2253
17361
3624
5544
2019
3201
6426
7485
2481
2277
117006
16239
26472
57891
32586
90411
58185
3099
1932
4146
85944
2148
2526
4524
24003
1212
44859
27957
1884
4449
1716
1719
3192
1815
1488
163947
2103
200496
92115
46014
174477
3132
68592
3393
49980
1137
2304
42795
40473
4698
82902
2514
4218
210828
3213
130038
320202
3738
3282
2844
4425
2574
24540
3465
1761
3984
3351
3150
3165
1371
2772
1920
5361
17169
2664
131472
4929
4425
1608
63246
4044
2112
4083
42444
284424
96102
3906
227193
198312
4488
113139
28374
2823
3285
6630
6171
49908
2151
4164
2697
72930
1683
2052
3444
2496
123339
34956
68439
4851
3264
3123
14112
3654
3939
53235
99018
1407
40860
3183
48279
72456
427599
3531
113625
5586
2940
1938
33450
4005
54525
72969
2598
103251
94911
2832
2376
3171
149301
3387
34974
2553
3489
340473
2706
308505
5400
4404
6018
91647
1425
107718
1230
3153
74412
212016
2568
2346
3588
210810
1509
157341
109206
3549
232590
1224
3357
2178
3129
3036
1782
1803
2823
3084
3159
56703
5007
2823
122463
2817
1599
90141
1737
3165
1128
3606
16008
6957
185799
27447
1275
852
116130
79320
35043
2274
3999
3510
79890
4830
1590
7869
2148
2241
1989
30549
2316
3552
10830
4578
27243
5370
56955
7251
4533
24435
1959
3123
2643
151833
29622
1584
3705
77184
93567
4707
43764
113598
195636
4458
5622
1851
2739
94962
1752
1506
3312
2583
921
9948
4398
5031
88971
1449
5223
1293
2724
54633
112239
96303
2862
1536
74031
225870
156366
2403
3207
124833
2436
1917
3843
5337
68904
42114
3354
222666
2214
993
3729
2694
3531
1605
12957
2946
62412
3654
2247
1386
5787
4137
9732
5061
33021
3666
2193
2427
2634
2703
2331
539433
2403
12918
4290
1869
3432
2694
3402
3021
4644
1269
4608
2484
4131
145611
101655
3555
1965
1596
77253
2838
54492
3666
118116
2370
3909
1821
1251
5010
44223
5208
4353
2919
5400
1506
2448
93813
1980
4467
3729
3609
1899
52305
1629
23859
252048
132480
1590
25812
1893
2148
2436
3168
5100
4317
54954
42615
894
2499
1359
1602
61452
92928
1116
104904
3318
25581
1938
1167
11925
3420
2604
1923
6198
208935
32994
79245
28578
40383
1344
58992
1584
2085
1986
115692
2262
51600
3021
2457
1665
2025
4953
1245
175962
21846
2769
465153
5079
3756
70131
1506
2004
2196
1206
3690
1626
128973
104946
52386
2811
2949
4419
3501
3465
60009
107013
131310
9630
3024
117855
1422
6300
161445
2895
2661
59397
4845
1581
1401
2658
2439
3669
113715
149769
57291
2040
5706
3459
3663
2472
1752
3939
3054
2838
185028
2397
1980
30840
2703
21330
22755
166041
1350
2487
1059
1551
8283
1818
94179
27855
42426
161595
3636
2586
2355
2493
2511
25308
265836
507
3246
3015
6201
21180
3417
2640
1875
1215
2667
143346
1869
58314
84996
4680
11016
417
1785
4023
3276
1938
1926
3231
3252
18696
90636
1497
147387
115080
5721
2544
51150
67524
3957
3003
45348
70314
108969
3402
41058
79107
4473
22332
1035
39147
227766
13440
215427
2022
4692
2175
65361
9210
368187
3795
40962
283680
158247
115950
2286
77925
4677
197844
204228
3135
33681
228000
2100
1689
37251
3111
36450
3552
2523
59004
2028
27939
1023
316644
2181
3516
16683
2559
3159
4269
72600
70179
121560
1689
4236
2385
1938
54708
58797
1086
37044
220716
1005
1221
4428
4962
2259
4314
1650
2151
2145
47847
76902
2553
58470
2844
19035
2442
158091
1380
2523
3711
284856
1482
3381
130878
34026
2193
3111
13833
3579
2310
3975
97407
2703
290025
40491
3399
173814
260895
25125
2124
136926
45333
1011
2208
20271
8223
87126
75714
164805
7158
2718
1200
2589
13971
2799
2967
22533
3375
2031
2703
135660
3435
26022
49332
111756
3336
35520
2535
443400
3486
2229
3792
2574
3939
1887
3411
46677
1548
3066
1977
2901
140286
3015
20034
2091
1359
19557
1590
2916
2742
1071
32883
3273
948
4500
2898
663
51324
1527
3504
2355
3108
46941
3645
101871
1986
1200
168264
1554
1224
1215
1578
4242
1806
55311
2034
2424
3750
6747
2160
5550
5514
1695
201537
2565
71646
2847
25635
2301
2667
178623
2997
1905
840
1062
2043
188184
1929
4062
2052
1254
93300
1995
3540
1725
35547
3600
6372
3243
15588
2244
1032
72261
41493
1488
3498
68307
2310
70179
2931
90645
3495
2244
39183
3372
2784
2490
49038
2169
203358
5793
54516
3432
309987
2478
1629
1674
1101
2877
3459
61065
4371
5901
3615
2109
1815
2040
18939
2100
122490
2085
47100
148428
2481
3372
114489
216279
231861
4824
1353
1635
2277
3741
3024
1767
4479
89658
40539
3546
511188
2241
1110
1077
32427
90627
1833
54891
4323
215268
89208
35283
11406
30921
275925
3153
36054
34740
3663
26829
4623
15396
2751
46083
25698
3588
29589
152724
978
127554
171840
2886
1614
2067
33930
181176
2487
68286
1815
3330
2442
127350
264780
2721
4005
2223
3375
1800
3180
3942
2985
59937
1248
1458
16047
1779
2847
885
3273
31347
4812
49968
3276
2889
1572
31431
3465
1638
1947
22479
146694
2523
1986
3054
4122
1854
2496
22695
58890
4809
3234
58392
62589
2370
167955
196584
4110
3168
3531
132810
42708
4008
43641
1206
4305
2034
1461
87903
135525
3114
74874
1191
1401
2106
57027
60993
5040
3696
30780
20406
286743
4947
3996
104631
1839
23514
35121
2379
1638
2496
1641
57795
36756
94332
4812
143937
19902
47481
75654
741
4323
227517
74103
7827
2025
2292
4005
2748
1644
2367
86058
3186
2094
2385
77604
211587
1755
2403
2754
1926
2049
4293
3207
19737
1638
188757
132078
21528
478329
108021
5796
3141
139887
102669
2889
3279
2988
3123
49755
1086
5520
4266
33678
2004
3282
2376
1563
3633
3024
18657
56160
1170
3573
3891
19653
4245
1956
3204
74949
226887
53754
2430
35091
1911
132045
3597
2256
3408
1482
30378
3255
2520
199521
2124
1665
61455
5958
152232
2100
4749
11700
1503
178239
203058
1887
3363
2883
2742
4146
5427
105054
2382
61401
25830
192270
981
2853
2232
11271
78759
933
155091
4785
6744
2712
3339
2208
109554
2703
1320
19641
3477
67446
948
3393
70587
4749
1440
48867
2271
3387
23775
1314
1869
1347
18375
33666
2979
140820
51267
3234
1050
182193
2076
80376
65253
2544
1260
2115
4437
837
2163
322416
17232
28743
2097
102021
160896
1551
236703
3726
3828
101013
3114
2343
154830
2091
1605
3576
68640
19611
20913
11730
1536
2118
2829
3699
2481
106380
2544
172725
3240
2877
5445
882
2295
120300
2463
165777
20475
2655
1617
3621
20517
2496
82455
239349
75885
195396
54201
3450
2421
342174
34308
2376
86124
2193
14445
5208
2991
29160
2853
156462
69939
3168
15705
112050
2676
3717
3747
72273
26706
1620
57702
2295
3675
2679
1743
1401
5565
40017
113130
6969
2616
105315
93996
2073
1230
37806
1650
1503
2874
4899
315630
2991
3441
120555
3735
270486
2583
106176
2388
130977
2169
2073
84111
112965
1398
1248
2844
2895
5166
120567
26946
2931
95367
171669
1635
2067
95160
6483
57162
2127
77589
1614
34629
1251
2172
13311
2736
87603
393423
35922
59346
3141
2178
1227
2004
2889
3879
320325
121515
5226
3090
96012
79542
4719
2007
3516
16461
2667
1512
70032
3846
2721
2493
3675
2997
2610
1638
56559
2346
145989
1641
2640
2076
1998
2109
29778
31209
5223
24450
2928
2622
51789
8562
2262
2694
2457
492072
4380
2232
227835
4707
68376
3582
1683
2388
2361
2328
2367
7737
2553
3621
41409
2043
64431
153294
50736
18291
3465
3840
137436
2823
3648
11595
2247
96429
394599
22905
26433
256743
19710
31845
173241
130308
1158
8259
3312
27123
1767
4149
46923
2637
3435
2925
15570
59943
2784
2061
4389
39705
2361
1851
4644
36030
115839
2373
1320
1923
2169
2757
179769
2442
3693
4251
1764
1446
43857
1605
3300
1935
2220
32406
11994
61395
2454
57930
334671
2883
1533
32034
10362
3030
22833
4365
3903
3687
2232
2091
45684
2532
3111
1995
3318
191286
2517
105633
2382
6462
3207
1572
7191
99930
137250
56229
2043
2151
44772
3741
4050
5337
2901
2211
2307
8097
3216
90234
3096
4287
2277
2226
2295
4230
175692
84441
2499
1842
3939
32295
131100
2823
1860
2529
45651
153777
3882
2625
2418
4899
91875
48471
25638
4551
2739
9681
17709
2613
17589
5622
150984
1851
20865
57870
50427
2262
1971
2178
4779
2880
43098
2616
2877
97500
3012
2463
3753
3087
3999
2391
2517
4443
57903
2154
48813
6480
4392
83931
6441
17061
89436
4032
2343
4617
2985
2217
2733
5508
4896
3468
3546
2187
143241
4644
2001
6348
3702
2664
1443
43317
4998
5928
2349
215892
3777
2502
2553
3471
14286
3672
3792
9762
16524
2679
2718
11922
34971
138270
138372
4248
80403
2415
238875
79665
3285
2187
3303
3906
1848
61224
2649
1332
19035
3978
78549
5100
255348
2874
4269
1902
3876
2559
3957
46083
32928
1209
373254
3054
3477
3384
108279
36756
7557
78888
45951
3483
2385
4449
2514
2805
4134
157854
876
1875
3681
30642
2514
90063
5166
3891
2199
2433
91242
3423
3243
3747
3099
2523
1344
1662
3477
3690
26844
3015
1812
29382
2595
2217
2775
2253
70389
91476
63105
4275
38223
3210
56385
88116
288168
2223
3939
3804
106914
5271
2508
149301
1704
1839
3168
2265
1410
114954
2445
2889
50103
3348
3639
58038
1611
3891
111627
3684
18795
2388
2634
5325
211560
65433
26463
2133
1563
23673
3549
3108
2988
3399
696
20628
142707
2532
1773
351648
2493
47157
41079
2964
151077
123066
1899
84378
48036
45867
18465
3063
1848
1239
4308
52506
2583
35292
3282
3915
211314
47721
2862
2721
4359
3249
4911
77439
2751
1836
30852
1629
1704
2838
179349
2253
1848
31440
17658
41760
123582
175797
1509
2520
72303
77013
4281
30561
3333
12384
2178
74934
2823
66738
2322
3744
59049
5508
3450
1173
1989
1482
3756
66000
4971
2121
2814
2094
28989
2616
3375
3396
189363
3210
2313
4350
1803
3480
3279
1848
3183
30063
181302
3621
25269
3003
2646
1584
4221
4284
78879
116847
72930
4017
6147
109632
84159
45333
114021
40869
206967
9489
1449
43662
248310
1626
102369
37494
182727
5835
79974
14955
3615
18573
4632
2544
4191
3153
2994
45096
127647
1758
244398
1650
3132
223173
5709
5652
2520
268431
37161
329892
68046
5442
2187
2427
243939
1926
3303
4437
2424
4677
2349
3030
3495
3057
2661
3690
4272
131547
5718
3582
36462
11610
4056
230502
3018
2928
3192
2265
1476
2136
34572
237654
3039
5436
3015
1995
4500
189843
62433
94452
19371
14316
1527
23046
4815
1446
71178
134613
383160
3576
132822
3012
73977
1512
303015
3984
41988
3072
5709
3276
1998
5475
2550
50910
2262
4458
3309
2478
1926
3609
2820
2835
4254
157572
18441
2853
425928
211335
2985
2568
97506
95976
4122
50793
2382
193566
46203
2790
437427
4104
4758
103482
83058
16986
9435
110418
2361
35658
109212
2280
33660
84516
2265
2595
17166
3567
2634
3111
1674
3984
3153
2934
2589
77226
1314
28812
2571
62985
161931
4773
1584
2520
326760
3237
59127
2682
2853
33276
2739
10404
197016
79158
3960
16986
3405
3588
16944
64629
46245
105531
91257
3861
2805
61314
2151
3933
26913
3708
3639
1764
4452
4008
2415
2694
56823
42504
15504
2760
19512
48678
15114
25761
2577
2214
2241
2589
3618
435561
2379
147207
5355
1431
94959
64551
3924
2649
5985
5328
2961
2517
4632
4860
92808
4113
2154
133383
80871
38547
1983
2724
3639
2148
81564
1815
6027
2013
19008
56127
3777
3117
2676
4116
2427
71151
182382
105315
4170
156984
3168
141948
57912
1089
3417
2979
2334
4134
111951
1605
2067
10731
1620
53304
2640
5151
5091
69840
4158
4005
2628
4740
4860
3249
4218
1533
103575
7350
4041
61146
49209
5913
156660
273399
36279
1545
3825
2910
1809
2970
2949
2211
22467
4827
258723
2316
135777
31122
5136
4755
1185
78786
1611
27480
3870
25200
1554
2016
26355
3486
138894
72048
19383
2328
2838
2187
2037
6318
93150
32640
22821
6225
4164
141855
4020
1920
5577
4116
89985
158895
156339
3075
3018
38805
38991
3294
70917
1245
3690
2916
126054
31329
62574
53256
13266
22002
2757
3342
3555
5295
1971
1542
60873
3600
2079
3228
127923
84612
1467
2877
2418
4140
67179
7866
3393
6303
3066
30528
87864
26997
1884
18600
113535
239553
32658
3390
1323
1218
1125
1974
2058
13692
3210
71313
4242
3933
131907
78918
3012
2421
3459
76362
2013
47286
47682
1860
34212
1980
2895
1695
2193
2820
3396
3060
182709
8970
3309
3345
60144
4092
2055
3306
4032
2145
235560
3822
2703
4731
3111
79881
2316
29517
4944
2835
2232
2592
56985
270591
113865
12450
55986
2403
15384
3543
142074
3153
46098
2409
1611
107307
2559
2706
2619
40404
3831
47037
4617
3288
4935
1959
1299
51834
1161
3189
84318
10137
178968
126492
1350
136623
5937
2049
46941
2853
2535
2616
4392
1743
4512
4179
2259
26826
2544
117648
2508
2271
500718
2466
2373
35952
1656
20271
2034
3411
4098
69714
156795
37584
2763
2277
38376
2673
132291
1653
23580
99654
2169
2382
3729
3291
2775
126585
1782
3993
5199
9732
29160
56730
4632
90018
513
49290
4491
2379
4245
1461
30795
1995
2535
3429
5085
29670
3759
2508
3861
25725
1545
1680
3093
5832
7863
3249
4548
12768
4269
990
156639
2724
4179
2001
4134
4788
2562
5517
3528
8133
2835
134145
75720
10881
173550
1842
4962
76797
12990
11514
77088
106491
3189
231087
5367
7089
8640
5496
19650
4215
31917
9837
148947
145989
5046
4455
7977
5463
3669
21858
83100
84744
1455
4599
14739
5931
3699
168978
473226
2892
54738
67125
264546
11703
6099
122634
7041
3699
11517
10032
153111
4386
111408
4554
360183
2904
30264
167208
142017
11556
3912
5730
130671
44694
114483
3363
2307
6918
66099
6576
66693
6570
5832
42675
3783
4251
94836
3459
64125
14142
122112
100719
3996
30249
2247
5478
3186
4086
3879
2001
3777
4389
4341
50727
38661
6198
3339
4098
29910
129378
2223
7761
2919
12084
82308
244038
5025
2940
59604
51027
4086
3936
159084
3288
26955
17073
10683
4053
117018
18954
4770
128358
15690
3993
5619
3558
7140
4584
137634
4686
3423
4017
9789
3636
4599
118080
171270
3489
27240
3825
2436
113658
2568
200574
3156
77880
4230
55575
3972
15936
5184
3849
169041
76074
3492
6219
77094
5820
17418
2430
117519
4221
299385
1848
5856
32133
32805
2802
4899
64818
34455
6540
15414
5763
386826
3324
233268
5571
3375
3336
267429
2877
5406
12024
49674
38628
3891
8856
26022
2388
82443
85050
202092
3117
6912
2913
60636
5265
3639
206457
4344
5577
1785
5946
5001
6144
19743
6738
7659
37320
7149
5688
17538
5355
5253
3918
5283
5565
5430
5433
43137
2031
6033
3765
24042
2613
12270
5130
2490
4089
18732
4953
13440
93138
4509
49800
213240
43272
3945
15624
5583
14844
27207
3453
10497
5331
5088
18888
85428
2814
5331
7377
86274
4743
3543
7104
855
3660
13740
3624
5880
169137
5628
351243
3486
184245
106755
3927
63960
6159
5613
3192
4602
555225
29550
2868
4758
133779
7917
5673
60186
5763
3777
21756
5679
3957
4614
67032
24117
65397
75897
3102
6843
4500
48144
7902
32778
202530
4485
5286
7773
15438
10968
8634
5919
122673
199803
50550
4221
3573
2991
1725
32226
4275
5157
132810
5364
4839
92682
23301
4938
51870
2994
7764
38052
4863
6630
4875
29592
1566
27834
103578
4014
5901
66441
76623
137274
7146
3774
39687
5091
4698
5046
5247
6030
6102
59421
1989
4560
5193
4353
19392
8325
12216
1710
3396
4929
2331
6210
139632
17646
29946
3147
3804
155163
11004
84411
5994
4146
170910
2193
3939
101346
4905
37671
4437
2391
4767
6630
98724
18411
2655
2946
4689
58359
4272
6675
235026
73908
3522
88197
3387
6156
6492
6342
413433
7851
69873
3243
4605
4341
4011
63186
4371
4176
396855
42807
5547
188610
111057
72564
140364
35442
6129
5631
6135
169338
52089
24471
11115
201468
14184
3972
4677
1791
4887
1326
7728
9669
24171
2898
6588
2796
3591
3525
6066
412119
11391
246753
5367
3546
72630
80178
65802
4587
239832
4965
2229
73938
3837
6303
2685
112881
5049
3276
29697
3546
71379
15834
3390
115161
3489
6591
2520
65904
60609
191337
7437
3552
4191
23043
8193
20694
5775
2802
2997
3444
88440
39960
6339
133950
242655
5823
6891
5751
5406
55542
3198
7083
2388
3009
116133
77187
4875
4806
4734
63195
7650
5685
2496
59682
179475
2919
50622
122829
89343
22890
104817
113889
3180
37560
32562
4623
5286
5298
242019
73425
248376
5817
68181
7986
4779
253047
4572
24999
59832
4053
24819
5808
3816
4146
4563
4398
4686
4782
1797
33441
121461
68298
3339
3639
23976
4809
3711
7935
90300
7161
97527
5019
7401
64278
7119
28374
3396
4878
6858
3273
5019
255345
3924
3171
2460
9627
40686
105171
17130
134406
4080
6717
8472
264342
4602
6666
74130
229086
8943
4998
121209
47949
5214
13863
88836
4257
3765
6636
5463
16557
3705
6204
9999
16158
43437
14223
5175
220737
5229
78210
4854
5013
3177
7944
8844
56523
119481
118674
16779
60882
231774
65268
122388
40137
7194
5370
9132
11163
87075
178413
6321
9057
226788
137328
6447
32637
6606
13449
214629
127956
71304
12222
9963
4998
38058
64695
6201
6714
7512
9825
194724
33882
69138
195555
82749
4641
9771
159423
153834
163074
6447
37896
25671
56376
46155
7899
53280
4353
3876
5475
13962
6168
53286
47700
8466
153435
44649
20616
143862
4980
3252
2295
7164
102756
6813
4245
4905
3696
11160
131220
157005
236892
6579
145509
4392
5187
11004
4386
7119
2436
32466
71631
112893
6024
208683
74235
133464
105945
4533
7602
64761
6024
4326
61617
2547
3441
12846
16644
83181
7107
39474
36222
6801
81834
11187
34863
16809
106896
9105
6081
139920
265773
341424
39600
4452
3474
5709
66438
3027
5520
6204
47133
109518
47343
4518
4704
121158
5424
62028
34251
49311
67899
4665
49734
5973
5277
6852
12732
3333
3975
3075
163266
3630
156879
82179
4071
1941
29808
5325
4902
2565
5136
15666
3681
3732
4155
3774
3813
50280
16332
4947
86661
117291
6747
3819
5808
6330
14793
86247
88350
180633
3480
24972
4398
177321
32022
5241
5298
3702
3780
6093
158676
7746
2766
3258
19503
6387
43230
4158
11373
3276
35013
34494
5844
106674
6978
4575
17523
16026
132078
57393
7524
104286
117663
4062
3201
5931
405024
3879
2115
3987
198765
52377
4821
1878
185751
3240
4437
163887
8772
3702
37974
143964
11700
158016
26376
5058
4797
86979
3108
2904
6711
206949
57402
4170
5235
88428
75030
232512
60180
4320
2697
5193
111801
288474
42663
28071
1851
4665
6069
4809
39486
4776
3924
87912
7308
59802
54042
3696
23589
48462
7188
97458
83703
5376
4239
74241
8403
7815
3150
205209
164334
2343
68622
8016
7350
3960
6054
5547
4866
2106
4038
85410
31629
367092
5247
185091
4017
35658
3249
84579
7053
64338
115083
4383
263046
43575
2697
3507
135645
50061
5643
4284
82620
6246
8268
3324
4494
7446
4149
3033
3525
69198
59289
4173
6720
2961
5403
3675
8226
4704
6906
5424
3114
1278
193428
289119
237633
34257
5214
163386
80187
19005
4572
55878
97248
163140
4977
7980
58611
3885
25764
24276
8976
2409
3441
62256
5445
4956
6552
4956
6396
3846
120939
143922
50739
7125
57069
86466
102048
32835
4959
4023
4851
7926
4590
55119
8274
4968
6060
51378
5007
93375
7062
5148
74598
2925
17352
30699
22716
5145
5646
6477
157563
13926
265956
4221
34314
6429
8862
4962
3888
136230
2826
2940
9600
16161
7752
30444
34515
36489
2979
92628
6072
3204
82509
129051
4542
4998
8964
5388
4260
7950
99177
3486
9192
167568
3012
1686
21330
42348
5643
29664
1989
2709
218835
2316
4020
1842
3315
2223
1359
1236
1950
18624
3033
1719
65037
7920
3516
147438
1458
3108
73899
3711
3453
3711
3009
74169
2235
2826
3132
4632
6402
157173
2445
11547
2973
117135
2046
1845
20832
10524
2853
47106
92865
1818
2343
54588
3834
7422
3507
2094
2595
2868
2421
110115
1425
2367
4515
56544
2982
20973
2034
3711
12081
2808
2241
1569
3084
3354
1227
2295
4260
9351
29571
2994
3792
2187
4131
4173
34494
2043
1980
48267
4101
2253
4671
6243
2862
88293
4131
2571
2646
1224
2151
5394
451626
3618
196479
192711
2388
2706
4383
1869
3408
2223
40974
11715
2559
3684
176652
103803
1845
38709
2214
2985
2241
19218
270681
3012
58332
3000
1707
4803
2040
2346
1437
32388
2973
4104
61788
290916
2517
3342
2559
84387
5574
42594
11346
3141
149154
3114
4557
77118
71895
4542
2739
2610
1779
91428
28836
5460
30786
121701
2826
151155
29343
4950
1605
58578
6243
3354
180771
1704
2922
3834
142338
3675
382686
188160
2253
34686
3810
4566
277497
187851
25671
5712
68436
2190
3591
2355
1806
7236
1218
2346
1329
3279
1689
3306
20187
3339
4029
5112
2838
4587
5268
181032
112860
33039
4611
2676
135327
4167
2037
7776
4614
3870
2931
2232
77496
3489
3735
4149
3186
1623
1803
56337
2139
2358
2799
49782
3876
2076
3153
77520
6762
5160
4710
3354
3063
7299
1854
2421
1890
2607
271518
5337
3132
1398
2859
20244
3591
29451
3396
3900
35340
5568
3036
2259
90525
134184
2526
2055
4323
2202
3270
33036
1989
134469
343347
2454
4800
72018
122667
3261
4236
1692
3456
1992
341640
3114
2415
142107
2505
6804
6483
1125
3213
4212
90594
226011
26448
2808
3207
1440
3534
95535
369
149763
21723
3399
2592
1302
10905
59997
138807
3414
3594
78255
4290
4656
3384
7695
4866
1566
294684
2211
4236
1941
3678
2481
4275
2838
43098
5103
1947
1365
16266
137322
3102
2409
4107
2700
13644
83466
3957
2547
32553
6057
161403
3552
3147
8397
5115
2589
119412
202695
86310
2436
165135
1695
9273
55614
2928
2487
3351
41847
60795
4266
1743
2682
4350
29745
582912
447468
1521
1299
5427
5994
3858
3306
2805
2868
2754
2964
3144
4611
46638
1668
3585
2136
4092
4674
48138
18384
25785
4335
1155
3075
1311
4464
492
2403
65973
44805
2973
29973
2688
1200
4014
63525
3342
138864
2643
2016
21786
150798
3375
4143
13716
3228
2724
3033
55860
34254
2322
27540
32940
5448
49572
2841
2787
4626
34182
3171
1938
3609
1596
160497
1599
2532
2499
3027
2625
348807
3714
3300
1998
214314
5781
3069
3009
63588
2151
2331
101202
490989
2649
2319
177183
9828
3108
2361
1725
1368
37701
280692
2877
1344
109017
4401
1545
23703
36225
2238
2619
1299
1872
103188
466305
1713
25329
36390
2895
2376
1710
4101
24399
2973
2772
3228
134628
2478
2157
20292
1755
1722
11088
41964
2772
26673
54252
35211
3327
2511
81636
3417
2106
44796
90537
4116
3279
2016
4173
24243
97785
1476
2544
157413
1869
2466
1890
5574
2871
13803
18312
21798
120543
4191
2169
39015
5961
2703
199485
2445
11736
2322
77541
1929
25725
12906
182307
526647
1230
78225
1887
2877
59232
3114
2742
2664
59298
1923
84672
13452
2892
3549
3909
2319
1971
18558
3681
78558
37437
112758
2550
2352
1281
2259
61914
30120
12381
65094
13701
34374
86463
2850
5286
75102
3657
165456
39189
1344
2163
2079
6042
4410
1710
29400
4626
3246
106764
2781
46317
5223
1626
4830
3165
3189
3864
12654
17688
85131
2862
85476
4155
2109
2697
6357
1953
2988
198939
3684
202983
2202
5559
4500
44511
84720
3525
49932
285120
1707
3024
1431
252732
4662
2130
1566
135828
2766
2805
2196
23424
23820
66591
2526
77307
2733
5376
2670
2112
35784
1632
2901
35556
3138
3714
2022
1452
4944
1854
14184
2415
2310
26565
57444
144798
3828
3111
14850
3456
1197
2343
5133
2262
255
2658
119061
22572
1812
17403
32010
94200
4980
2277
2676
45138
104571
155433
2946
1839
6561
197568
2265
1428
153597
5382
2670
6030
23826
172380
3273
2511
248520
2778
1911
32655
2166
3864
6153
2493
92451
2130
80175
1140
3537
183363
2877
2316
6045
214323
107967
3033
3318
3900
1602
99567
4422
477
3567
3003
2838
233634
4305
4665
228015
2808
2673
114765
69672
1488
3192
3609
4677
138039
1539
80949
17241
4155
7377
4356
6375
3705
1170
118698
3765
2229
1815
2796
76257
32445
2109
265050
1932
4488
180675
2997
1677
63150
35679
1275
2037
1410
3135
2187
1926
63426
4887
21642
1107
32247
67065
73899
2826
3258
4917
171438
3489
1698
21642
3732
3216
2538
114006
1680
35091
22998
3153
157938
2532
120117
2052
25191
4680
39825
103581
4476
22980
3243
2508
2136
3099
36282
786
1950
3816
3810
4254
124947
135099
5010
3069
6237
54615
82161
2889
102972
2355
1461
74742
2601
1497
1119
2733
63876
188655
220827
4788
102333
79698
38298
12243
3573
4227
21963
4479
4410
2568
3960
313026
4149
3423
4122
300507
2760
147414
3504
42285
2334
84378
138534
115050
3525
9450
1932
4842
2037
3648
106221
3732
1449
2349
2388
1545
2145
4605
105732
3171
21507
40899
6177
2511
27588
3330
4089
2634
5349
3240
44412
111960
2586
202905
3063
1014
104625
2097
115092
88548
34698
3348
2949
104394
4620
2922
2640
1203
2790
1707
110130
388266
3948
8058
3192
71661
1755
4125
1755
15216
45519
5037
2520
2277
35034
44745
1995
2721
62652
5529
3285
1869
49803
2052
86196
2202
2811
2070
1380
66324
3726
6534
3552
2658
61242
2883
2454
2313
2160
2442
3696
3225
933
2904
149367
3177
2400
2904
54003
6336
1191
3294
54675
48015
2424
60291
3843
2508
3732
1254
2682
19302
105336
1536
23451
2673
5028
3051
14058
24360
16020
3324
3777
7158
1701
25080
63369
2967
1032
108696
4353
4101
1527
2889
128568
2583
156192
2472
1890
2616
1656
47661
2175
4245
47988
2535
3153
2253
19512
2673
2094
4368
38700
2913
8775
2433
53031
39348
3189
12846
2844
117207
3534
2613
200799
15021
232905
1920
3732
80493
88977
82128
3369
2688
2538
4551
5094
1596
4269
3606
3501
2211
3321
108240
2766
40587
3441
80973
116073
2334
154581
202983
2856
1851
1377
4455
