f0f:0:0:0:0:0:0:0:0:0:0:0:0:0:0:0: (total 8)
0 1 2 Thread 0 going to cpu 0
3 Thread 1 going to cpu 1
Thread 2 going to cpu 2
going to barrier (cpu 0)
going to barrier (cpu 1)
Thread 3 going to cpu 3
8 going to barrier (cpu 2)
9 Thread 4 going to cpu 8
10 going to barrier (cpu 8)
Thread 5 going to cpu 9
going to barrier (cpu 9)
11 Thread 6 going to cpu 10
going to barrier (cpu 10)
Thread 7 going to cpu 11

cpu 8 cur 8
STARTING...
going to barrier (cpu 3)
going to barrier (cpu 11)
STOPPING...
Duration      : 10000 (ms)
Acquisitions  : 19546035
2127
59787
4053
2184
1752
41400
63603
903
29550
10674
1299
6120
4272
3567
11661
46791
22806
20265
36780
28125
2415
1299
1191
24777
3405
2712
2658
4353
2904
3054
64074
1440
5559
1032
720
912
1467
2652
3735
12261
3630
49389
2913
1377
24033
1467
70704
1674
93003
906
1875
127827
33654
3258
53028
32907
123207
4557
867
3720
1689
103629
3855
2613
723
23322
1851
45591
3150
3702
5067
7920
1356
3714
46293
1971
30144
1518
2400
3228
138867
3798
15810
1731
3078
1803
7974
1704
90537
2781
921
2796
1269
22779
1386
1974
128070
57834
2823
2151
7167
37899
42405
26430
11076
3906
55086
70389
6315
1686
2613
2331
21729
1344
2367
1269
1260
2622
2694
1812
9771
3348
1362
3264
1404
11658
1524
62256
7212
978
1785
2844
29349
20442
1467
70833
121185
1497
987
1128
1629
165978
1065
13134
1572
40191
1713
1554
54828
1839
12552
975
3426
46182
3546
21672
2508
2226
7545
1275
1380
1707
1326
9714
1413
18855
1719
32730
1560
1470
729
3585
8781
1857
53988
81102
1716
1002
3003
2856
38583
23649
2568
1488
2565
4359
59814
2235
36393
8187
3075
36399
810
52767
2592
32790
1575
1914
103239
268005
2196
1200
3081
21855
1155
7074
10404
1338
2766
1872
1776
2814
3147
10605
1812
966
2529
1185
1074
1383
97728
17271
2982
17472
3309
51759
18252
4260
56193
200325
39903
31014
16698
1191
26283
93090
1665
738
3345
1104
68400
1461
68988
80604
1650
3021
1467
16851
19608
89250
1827
121392
1536
59898
3447
2331
1779
134304
40287
30525
30963
2424
1623
181947
2262
1983
8556
738
1197
1440
3285
65505
2058
34110
4116
2496
44259
1470
34371
3138
3279
2523
29130
1488
199140
13131
1569
1101
19401
2805
1656
2853
2700
1530
2103
104376
1248
3066
21828
2058
2223
3669
4200
2343
59307
1455
1494
1224
1182
12153
1716
1731
145293
21933
134382
3837
2220
1944
54945
55032
1704
207645
36030
4617
6489
17685
1590
1452
4002
996
1224
2055
978
2007
1080
17118
1506
1632
72747
45102
13326
2895
4620
37056
1749
52755
88872
1578
3723
1680
2397
20148
2160
21414
1149
10905
28416
22161
1899
3897
2436
26583
45546
134772
1158
2025
4017
1917
64104
1779
1458
18747
38268
18714
2568
2007
2127
14514
2226
1110
52701
1761
11352
3294
1947
3765
67782
1176
39519
1821
1641
16941
30498
708
89475
981
1332
41352
1848
9729
78540
1638
3051
5232
18768
1536
132180
2859
1974
4881
2643
48981
2832
126684
3585
39039
17250
48618
44337
144210
2667
1701
1782
1677
2232
37716
53244
1806
1611
59358
918
10233
59418
825
5736
87288
1356
1038
22362
1161
2670
27066
1209
1110
25521
2181
1032
1113
18717
1047
1659
3975
1428
1629
765
3729
1383
1938
169377
2562
31986
1623
83577
735
927
17574
9963
720
1995
2001
2403
1995
3651
32739
4338
1155
2604
2856
23073
69105
2025
1665
35175
4455
1800
8640
41775
30576
2580
1500
3000
59805
19002
53868
1941
1191
1644
3762
1188
38376
849
3906
825
2421
15747
8235
1260
40749
2343
56514
2409
3102
2037
996
2550
2721
32325
1539
89655
5322
91647
2502
2781
1911
1956
1812
4494
45657
69072
1548
28479
1320
1302
52881
174135
1806
3141
38322
3162
1320
136980
4125
47424
1635
1113
15984
92736
2373
59118
44907
67890
27888
2226
3591
1506
55239
1494
113859
1272
40692
2946
2823
2298
11904
1626
1908
1140
2745
2742
5637
2154
88770
20988
3834
215448
25815
8016
801
2172
32184
63849
1239
115668
78255
1428
1383
1716
1464
4674
68730
1095
2085
804
27975
110301
31179
2619
954
14163
63510
2346
3414
1242
54942
118497
1701
3282
1554
2079
8949
1533
4704
88227
69120
2346
3996
2340
1230
113301
621
2688
5298
3576
33894
2256
110148
211800
2586
109848
1227
2664
4209
17646
19794
16080
1356
49179
2874
3816
2130
1635
10266
1350
39348
16476
1401
6966
164511
68442
1482
22911
114099
2358
4461
54114
1353
57822
2748
11706
1143
1377
134802
2913
42969
2538
1206
97845
3015
3351
2724
4446
1908
61719
3843
85197
1479
1317
64515
23364
2007
1056
2994
2922
4563
29163
1272
1869
1269
42669
118269
1671
2253
11835
19191
7932
2349
2622
2262
114609
4395
25272
6216
1101
1218
1800
74427
89265
1656
1566
21285
1815
2319
55659
5856
1419
1542
1221
2058
2532
29532
1590
24099
2148
717
2811
3450
80319
15573
16860
28863
15123
2268
31995
1116
1815
64038
4725
54960
1362
3147
73515
14580
12045
4641
1530
35388
77175
2406
5820
4053
1548
900
1248
2196
2973
43806
4827
2022
28710
3615
100587
981
9480
28980
3549
3255
78573
17523
4815
36519
91287
46254
3366
1374
17496
9021
2043
78063
1638
3525
15768
22257
1032
14643
2589
80982
1407
7341
939
4041
1860
5265
145383
1773
1479
1275
71535
64335
92421
2022
1197
23028
4365
156450
6000
2196
70278
1506
2199
2490
59325
98967
1233
48513
214761
91584
1830
2166
55302
1872
8610
3114
5256
1836
3789
1698
1974
2463
1116
2487
17118
2442
6522
2517
120150
138414
101604
2283
29721
1152
13056
1599
2820
2586
9429
1578
1101
3420
2256
83550
24660
4122
91197
29550
3591
37599
3120
3084
106170
108813
1728
2313
32145
66828
2589
1953
18984
819
2691
1128
888
36309
24456
1671
63627
1374
2253
97674
2973
1635
1521
759
3321
42762
42513
32742
43095
1611
3267
56379
4974
2463
1476
864
2196
2454
2808
2748
1872
26220
1041
2250
2274
8775
3375
47736
1668
68109
4515
6255
5361
70704
1779
2787
10722
4029
1563
39489
3678
2562
51039
45645
1044
12942
66459
1707
102375
243060
49566
3828
1455
42306
33099
2280
2115
4251
11631
2004
1836
3420
38952
2367
18165
3204
1389
127593
88299
2163
11454
19251
1989
3054
2001
12582
72024
1188
3126
2679
2550
3189
3780
2454
1626
1134
47355
3636
57978
28809
9003
1308
1989
1833
9708
42729
1470
2478
1761
109287
3657
3840
115860
2850
4923
1074
2229
3801
38928
1533
1914
1491
3918
120534
2034
1845
78549
59565
1335
39345
2184
1710
1107
1701
44118
60243
1713
2079
77094
816
2568
2202
59163
15414
48963
1371
1188
5469
10821
185307
10932
1305
1437
27276
2721
49524
969
1797
795
1482
969
1020
1599
942
867
231
1584
993
327
1092
1719
2712
11988
1050
213
1032
11886
1689
900
1311
909
1035
816
3720
2106
3186
1353
963
324
1287
867
909
960
1176
10836
855
1947
1143
13506
804
1755
100575
1032
1116
1098
27885
20598
918
1113
1098
921
1566
1071
630
1299
1746
942
1335
207
1998
1179
1911
1170
756
1275
64323
1098
1497
2016
1704
1671
1143
1797
876
288
1446
1110
1575
1092
999
2091
1104
366
1056
789
43371
933
2226
2289
1653
1086
1200
447
912
8166
1173
1242
1092
7740
1503
1455
1185
1092
1518
1176
804
1077
2367
192
939
1125
8184
1272
1944
44016
1593
1218
1041
231
1092
1287
1389
1704
1482
58698
1167
1179
1413
1566
1218
1920
1122
1359
1368
243
1674
46197
1194
11004
1230
1155
966
924
1584
1203
9063
1032
1719
1062
1017
1155
1233
1278
1230
1113
909
7653
1125
843
1275
1080
1038
876
960
1032
198
1155
1122
5379
14712
20457
981
240
1446
1746
918
2226
28014
1332
1332
1143
786
1218
1518
804
1350
1029
870
2109
1494
17409
843
1386
945
2457
1026
1680
1887
3132
2754
21933
1287
1107
32742
1539
1398
2196
972
750
906
1893
1161
1377
1539
1284
2838
1377
1290
234
2214
771
933
33768
1008
933
1377
1215
1476
1911
1365
1668
1440
13743
1869
2244
1182
1260
3507
1203
1065
23478
771
1404
21057
1425
1233
1035
2190
1146
1245
2865
1581
1725
837
1260
933
18117
1509
999
1542
1437
1305
1269
2094
1074
1230
1242
1497
9750
924
64164
1551
1011
1848
930
951
1662
933
58365
29295
918
1650
894
1689
1269
201
1449
1512
1008
1029
948
1227
2022
1296
951
1044
1734
3696
792
1083
49287
954
1281
903
23040
1701
1731
1200
1239
792
1107
1143
1218
1335
1131
1581
1599
1500
1368
28944
1299
837
1128
39156
873
1311
1149
31716
2103
828
804
72507
2016
24075
1278
34695
1302
1440
1041
1152
945
861
993
1461
1818
62289
1125
1932
27489
1290
1404
1464
1503
1071
1302
1392
1260
9225
21090
2151
966
1299
42795
798
837
2943
1155
1239
1344
924
894
1746
249
732
1560
1368
852
2451
1074
783
2121
327
1179
897
780
1527
6690
786
1173
891
1005
1443
666
12366
20424
3645
948
909
951
1710
1719
1155
1233
1104
1239
948
1233
1194
10836
1050
1482
2844
1629
21429
22380
1353
1215
2004
1341
1347
1419
1896
1158
1125
438
933
1548
966
1068
240
1233
1026
897
2121
696
1131
978
1827
12531
1296
816
1407
1140
960
1635
1257
1116
1263
1050
1275
1044
20553
879
888
12522
2502
279
1437
1734
1080
312
1041
1386
918
1887
1002
1200
1077
1680
312
2265
1698
1107
1137
36303
915
990
1038
1452
2643
1119
1407
1140
1059
2451
1011
1041
942
2859
1356
402
1779
1650
1515
2046
1215
1164
783
1371
1452
933
2040
936
1584
1608
1215
7491
1185
1053
969
831
1521
1212
1317
198
1686
1083
123387
1125
1200
1635
1008
1302
828
1008
1215
2823
1005
1428
1668
58563
3159
2271
1071
1224
2646
1248
1497
669
1062
16881
795
1104
27546
2586
885
4140
1482
1011
810
1107
1008
1563
840
1689
1176
1278
1029
1887
1254
1161
1638
1134
1008
1278
1278
1212
1794
2994
1245
1068
1023
192
768
40638
1977
1056
1221
1143
834
1650
1167
903
966
14856
10185
1113
945
1431
1695
195363
1326
1041
483
1554
1683
576
1212
1257
774
32397
1845
1212
1002
1329
1212
1908
201
1491
1038
1779
810
1173
1074
1326
186
1227
2640
1887
933
1101
204
966
1365
2580
1707
1365
2004
1326
741
1617
1143
1368
1176
252
1335
1104
75603
1752
1485
1206
2661
285
1320
1308
993
1608
64962
1188
1728
993
1104
279
1395
1518
1227
2598
1362
2418
243
1389
864
414
966
975
1548
2940
951
1647
963
1368
1401
3006
1029
1455
86496
1398
849
870
1095
1407
2280
1866
18606
1620
942
987
23247
1392
1659
837
1341
1023
1446
1419
1455
1902
1323
1665
2979
1182
1065
1785
324
1650
1746
1404
1677
1290
1305
1488
1152
624
1152
300
1059
693
1623
14481
966
996
1431
1833
1215
1227
1038
1650
1575
1746
876
195
1269
1095
1404
81696
1959
3972
1302
2445
29448
17835
1431
1410
44382
1650
1161
891
1638
969
1833
10824
2154
2016
1425
1296
30840
1329
846
1791
1263
1749
1461
1806
1410
786
2613
1512
1053
1071
978
81459
1827
852
1878
942
834
1212
1026
933
1668
1461
765
21738
1092
2328
1131
1392
5418
1374
1239
1314
324
1170
1278
1260
960
1041
1401
1224
1257
41112
942
774
1341
1032
1611
915
564
1152
3438
1854
231
768
1098
1536
10458
864
1044
1863
1566
1176
17553
23382
1749
1029
1131
231
1116
1770
42537
948
909
828
3720
2955
1893
1005
1164
1398
4296
1200
1329
231
37035
7902
14601
1236
1137
1869
2148
1020
2040
891
1086
306
2544
924
1464
1533
1356
15315
1038
1953
1677
1167
876
786
1377
1263
183
1497
1413
996
552
1218
1323
1563
1071
1113
321
2430
1083
795
909
1671
939
1293
1605
1362
909
2262
1113
1026
1284
1578
1026
1845
753
513
1353
1734
1128
972
1266
1224
1161
1575
1155
1398
1197
1536
1107
1269
1566
774
1290
1836
1203
1218
897
1026
1245
945
1068
1680
50544
1992
142083
1113
2322
738
1974
1293
750
861
1092
1305
1032
1725
6213
1710
1404
1182
969
936
1713
1218
38685
1362
1740
1059
828
1722
855
942
1272
1287
225
1977
1530
1368
1368
1209
252
2382
1158
546
1293
774
1782
1314
3495
1302
1296
1182
864
1014
1110
1344
1443
1239
16725
1383
1677
1605
879
1488
23634
1089
1110
1413
1386
267
2217
1641
13764
1578
1425
1386
1572
10812
906
1557
684
1341
1239
1008
1137
1479
1269
246
2403
1470
1206
2715
4914
1389
939
1683
930
1392
33198
972
1413
2928
876
1269
26331
1728
831
1299
2520
1062
2166
786
1785
1290
3354
2043
1539
1098
930
3288
810
4824
1128
1668
270
1185
996
4848
2202
1422
2397
3999
2196
2034
1977
21279
1887
2235
1467
846
49455
4059
780
1593
101775
13188
1419
984
8295
1728
1260
924
1272
204
903
4572
4272
1527
234
1263
2805
297
95607
3486
1458
1485
945
47862
1089
1179
13212
1380
1524
2262
2985
1266
1650
23610
2304
894
1092
882
2031
1146
1119
1959
2691
1701
990
2226
48087
1956
1188
1338
843
1425
918
3393
861
1377
882
1068
1161
1074
1290
198
83265
2262
70056
1443
1629
3663
1215
16344
807
1389
1023
2157
2133
107958
801
1605
1341
2205
1893
1683
963
237
882
3099
288
912
1446
55314
1326
846
1065
1254
112329
18705
963
1581
1194
1497
1674
1425
14769
1143
843
11937
1335
1158
2235
1056
2628
1158
2796
1614
78258
2448
984
783
18891
3018
2154
1584
1209
1059
795
1032
396
1581
2073
1614
1083
1431
1203
1659
1452
1200
1320
1080
1191
426
56712
1323
1479
1278
1581
73440
1851
1566
1140
19983
44379
1014
1230
894
2157
1545
2484
270
50325
1308
1011
1605
1053
1848
2223
681
1266
936
1335
2088
246
38934
2496
17850
18549
1611
1422
1392
1512
774
1083
2568
1350
9222
2088
819
2226
75729
1557
1185
1185
1620
107163
957
1209
1767
1416
1653
966
1509
1503
1680
100182
1767
6444
771
1224
1026
909
768
1815
1266
35085
1401
3402
15249
1035
903
1344
549
1590
426
957
1515
1146
918
1386
1986
2256
78216
1788
17127
1113
885
1170
1965
8988
951
1254
29652
663
921
2868
2025
62544
1713
1185
1356
2631
894
1335
1989
1560
1194
1698
1473
5658
1050
2358
984
1416
1626
1428
1824
31749
16263
861
963
1044
1344
2127
2196
2547
96501
1182
1500
1593
864
1701
1008
2421
1170
726
4746
1494
1143
1068
2289
975
1668
1344
2037
62016
909
2688
921
1101
1287
13701
54234
1245
1386
1191
1536
1782
1338
10185
1161
1158
1497
1893
111453
1467
1281
774
2283
41076
1296
15015
1476
978
99450
1839
1635
1107
1767
2997
11037
879
678
3114
1842
441
1704
2109
1809
2877
186
1863
2280
2019
1557
777
1137
2076
21021
1317
1425
1224
2163
59175
1704
4800
1401
1377
3009
63687
1626
1329
120603
2487
1233
1755
81981
777
2217
1203
1113
1110
1248
1464
1104
2085
2454
933
1845
1176
7614
1023
1206
1011
1107
1032
3957
1008
1014
867
2565
879
1647
1953
849
1731
15084
909
1512
1068
1743
43647
1797
3195
837
9708
1464
1413
3285
1149
1329
1338
1347
2511
29550
906
1041
229326
1224
2064
3339
1347
1629
58809
1242
1131
124107
1410
1197
312
8355
30204
76833
1806
1023
1500
1152
2847
924
2829
1947
1155
2049
71229
1197
27336
1197
2175
120960
54522
1278
1509
2826
321
876
933
1257
1656
2673
28947
1923
90186
1581
924
1053
1482
1572
768
2094
1719
1611
1650
1386
1524
696
987
1497
2133
753
16236
14727
765
1335
840
1341
30222
927
11526
1374
17907
1767
1272
11301
1452
42864
1167
23724
981
693
1743
156
2004
2040
2385
852
1401
276369
2100
1161
1233
1065
1647
1338
44952
1215
3711
5709
1449
94149
14607
1941
67809
2220
870
1332
13095
12147
86775
140631
1689
1101
2676
35034
795
1914
1380
3138
1614
1044
846
24711
1065
972
1725
243
18048
1086
1818
1848
1173
1143
30519
315
1488
34572
1479
948
2406
1719
1485
2403
2619
1695
1668
1164
840
1026
765
1443
1422
2829
993
1776
60858
17628
39300
2025
1431
38121
756
1455
1320
44232
879
954
1521
17433
1401
1236
966
864
858
3408
762
813
1446
2118
1440
1374
10020
1554
2982
912
1893
1461
1491
1659
1581
1536
975
22332
1977
3249
1692
2484
1458
2007
1170
969
1059
1479
1815
1695
1050
3162
939
1053
969
1908
1149
6378
21672
1590
1002
21675
2250
45381
1437
1584
2133
1389
3150
1050
1131
70356
36156
1191
1308
996
1545
2304
1410
2634
19707
1755
972
705
1947
171
909
1845
717
46410
849
1245
2034
1179
6240
2049
1002
1491
2502
24294
1452
1779
876
1476
56526
1377
2094
351
1137
33711
1839
3138
2427
147888
1089
7881
1518
1743
1371
696
915
1158
1287
1149
64071
1239
4878
1521
885
864
1407
2100
1611
480
1815
1131
297
882
1149
2592
1167
846
1044
531
2664
927
2049
1356
960
858
1005
8406
912
1494
906
1161
306
948
1983
47379
1011
240
1278
1098
1080
1371
31530
1041
1425
228
1464
2157
198
1470
1149
2364
834
21162
1128
2091
1077
1344
2190
1563
9486
20334
1770
1053
1212
1035
1392
1737
2079
960
1290
1353
1485
3243
18540
23550
1704
74808
840
1056
1440
858
2460
906
1488
1539
744
2190
1632
1392
1176
1059
23058
933
1377
37263
1110
1782
1503
1323
1692
2517
1089
1776
1395
534
1965
1254
345
27000
1299
1149
55068
1365
963
996
1554
840
1458
109710
1413
885
1104
1704
2850
1041
1407
1308
861
1332
2082
47886
882
1590
1476
534
1707
1026
4521
16038
990
2016
801
1176
33399
7098
873
2139
2193
2163
186
948
792
228
65547
1005
1737
1257
1008
44814
33051
1215
86229
2025
1593
1836
816
55554
1998
23433
3453
1119
1335
3414
1275
1326
1104
1455
237
990
2040
1083
82929
3051
1104
1365
1548
852
1014
105969
1497
43482
1479
1524
1668
1458
825
765
984
1596
966
1140
1542
11130
1029
927
936
37770
15102
3507
1065
867
9513
57234
1437
2481
2094
180
1482
44166
1170
1575
1047
1233
1044
348
936
23778
1407
1248
981
2079
930
885
1224
2109
110775
1410
1209
37173
2217
3840
1800
1254
82881
1611
1086
2151
1539
1491
936
1650
2400
213
945
933
1452
1065
1062
1125
1158
1389
846
939
6054
25095
4827
33303
2016
6462
840
1590
2088
1764
1953
867
1485
828
1128
1161
1026
81060
22533
1512
1311
969
1062
402
1158
1659
1578
1284
852
1194
6771
978
53943
804
1536
1401
1518
2157
1176
76950
1506
1587
2199
942
990
2973
840
933
1146
669
1143
1083
26919
2145
38226
21927
1572
1554
20805
26700
1077
1299
57663
924
1356
1086
83199
1068
279
1203
1299
939
1089
1248
2076
1458
945
1125
1710
1026
711
2628
930
1218
2448
780
2139
903
2376
1854
1083
1317
2202
1407
1203
2718
837
1821
26901
1098
1575
354
1056
1131
2055
1104
1290
177
1278
195
1110
2319
1038
1176
948
879
900
1524
1128
1185
912
1140
984
1029
1296
80313
1215
1401
1494
1002
18243
873
2505
324
1470
837
189
1338
1263
1317
660
1128
3096
1602
918
1059
933
948
1866
1842
768
1359
1245
1587
1845
1167
330
1425
22212
831
1074
2259
1626
1341
1389
1941
92565
1074
1026
822
1023
3393
54894
915
1752
2457
2319
1824
702
1011
873
852
2418
984
1476
1380
903
975
1506
1113
1728
1032
966
663
1419
261
729
1878
1734
1674
1197
23778
747
1650
1482
966
609
879
1029
2925
1179
2139
11463
16329
1800
936
873
1638
459
1095
1770
861
40890
1404
18120
1164
996
1692
1413
1257
1260
1263
819
996
771
1167
873
975
40191
1572
1836
1044
1863
1545
408
1029
27159
1134
1800
921
1461
2088
1830
276
1221
14268
945
1344
26589
5067
1389
1407
1026
954
1269
1086
12159
801
1200
134772
2022
891
1392
1350
252
43716
1233
4524
1200
1209
1515
813
1437
1218
861
10890
20673
45858
225
1512
1626
1674
32394
1542
1467
885
1038
1215
822
942
137358
1734
1281
2244
1485
1488
2496
2346
1038
1122
1248
1167
2163
957
1494
969
4494
981
1389
1581
1167
1047
1008
1065
1344
1023
327
1806
561
1437
32487
1515
216
1410
837
927
1647
2811
1656
1776
2214
603
2199
600
1110
411
1200
1428
12120
1470
1206
14187
1026
999
786
345
1311
351
954
2319
31134
1311
852
15342
900
1857
1638
4434
1338
1578
861
113826
1251
1176
3120
894
32418
1392
2607
1128
903
9264
912
879
1380
75009
1200
1446
2517
1170
75117
1890
774
954
1101
18021
450
2073
1899
234
1329
1242
774
1029
921
1248
1269
1338
2274
1155
2424
34176
1968
1224
1398
23292
990
11619
840
1095
1569
1788
1818
5199
2673
2937
1068
237
1719
141615
2115
966
13470
1692
981
1221
4566
1065
1653
189
2013
31830
2187
234
38634
1710
1284
2436
2790
1149
1308
816
1521
2295
63162
104007
72105
768
4254
1314
282
1539
1098
276
1134
996
37113
1173
1248
1023
246
1134
47751
1236
30876
181599
1458
945
1716
852
1275
774
1722
924
885
990
1017
6387
1074
1305
90570
4479
1269
1338
1446
1581
2385
1884
1185
402
8517
1020
1521
1368
1329
987
807
2574
1128
3126
2844
85791
2355
2145
459
1332
738
1413
1992
2031
1545
1362
1512
189
987
169521
1458
1674
10671
897
1230
855
1848
1191
1485
1401
846
28608
1077
1752
906
108765
1530
1731
1479
70785
1713
1077
1509
39174
4380
1383
978
18693
1923
2352
1095
1122
906
1047
1383
27339
2094
47070
1842
1245
1662
192
1884
2667
768
1131
1377
1020
1791
1773
2595
1518
327
1536
12237
843
1938
2088
3057
1695
1077
849
1020
900
660
1026
1347
119757
240
1422
17886
1200
942
2223
1146
1155
1410
1374
972
29970
1083
762
2232
1197
2106
4620
1299
1473
990
1347
1194
1662
1743
1545
2115
48534
987
43473
20259
822
1257
1062
990
1932
846
666
1749
1236
1194
16455
1659
13347
1443
1434
48801
948
804
819
1332
1110
1059
2022
1254
1116
2223
1167
1653
1956
1911
1812
2184
1515
786
1344
1149
411
1284
1263
5448
1458
981
1179
318
1848
33270
1020
1557
36495
1401
762
1710
1701
1035
438
927
2409
1296
56916
1410
1407
966
2391
1665
2025
894
1296
996
2808
6084
927
20205
1539
357
1830
1581
1944
1311
29379
621
1032
2874
951
1485
810
1233
2121
1011
66135
804
45795
1722
33075
975
1248
1800
768
2826
1368
297
858
1203
1992
1212
1035
9384
1467
56622
1326
12552
1335
1656
1341
1962
1167
1362
98751
954
1257
2067
18279
1275
1176
930
1155
1353
186
1818
17445
1509
2217
1425
42912
12411
309
1533
903
1236
348
1398
993
1380
1254
2190
1824
11019
969
1056
1416
1521
966
1143
128745
906
1200
29022
1482
88479
1557
1134
975
1197
36798
1203
1002
1326
1482
33774
1185
1968
1008
2838
1614
1833
1035
44073
1095
1371
801
2517
1485
1827
1404
1245
1128
2457
1746
1368
2076
972
1467
795
1047
5961
1020
1905
765
1092
978
1209
1833
1572
56349
1752
11343
1035
618
1185
1455
993
1524
840
1173
249
1374
1233
1311
768
1770
48648
1245
1185
1143
1032
1365
969
771
11022
1422
1353
5322
2022
1197
843
1248
1077
8064
10713
1221
1017
672
1674
984
1665
1224
1473
1311
819
1506
2109
1140
894
1266
477
2781
1392
951
51294
74862
2409
16845
1131
3048
2364
1095
1473
2004
1770
237
1575
1236
1176
21531
1695
1317
2601
84627
1197
1185
1902
1773
2445
912
5103
795
5190
951
1056
1395
2535
270
25914
798
1311
348
1884
336
2403
1596
1203
966
1014
1737
192
1158
927
1143
10695
942
1980
1050
2025
957
1413
1458
1839
885
759
1023
1407
65535
1218
870
62697
39921
1614
1371
915
1119
972
1560
1557
2931
957
20211
321
810
1188
5895
1182
1548
2856
1632
1527
1341
129024
276
2655
1347
1695
10854
993
28833
1653
1122
43689
1203
924
1257
279
1149
42678
2106
1374
900
771
1845
23565
1587
1080
2424
1101
1197
1989
1272
951
1590
71451
1425
176904
1434
357
2277
1479
1293
1959
10323
993
1197
1356
564
42705
12120
1374
11646
2358
597
1998
2343
744
1266
678
1932
2211
1398
213
2175
1134
1554
1896
1464
19791
1101
2979
14031
1368
1341
1320
56484
11628
8634
4431
5016
1272
4620
1047
1338
24339
4446
7470
1668
34791
326391
32502
1857
15945
1752
3354
12726
1044
1785
3564
111417
2055
124074
42423
2598
108441
110535
2649
2091
29946
64059
3588
3570
21804
2073
2388
1401
64578
3036
61608
1338
2625
99036
1197
3000
1140
1293
4026
87414
30471
897
44613
2172
56829
3954
2037
2466
1569
1626
1413
2808
2097
1410
2067
21954
1365
2817
2007
11931
52569
68163
2052
5133
8871
3636
71352
1974
2367
11196
2856
4893
34140
3189
1626
50328
45999
2763
13470
1047
62793
1692
72012
10443
19128
1704
240135
51852
2076
1434
39174
37212
1851
1293
1218
11172
3315
2142
42606
21063
1650
3660
124008
84930
1632
10332
3120
15198
1767
1740
2082
1554
7542
75111
1464
2136
2505
951
2061
2469
2067
2217
1344
47106
2400
56994
26154
12711
1551
1665
828
6204
5073
42438
1146
2811
1791
111243
1806
3624
117804
4773
2349
2235
1905
3402
18246
16032
1056
2244
1524
1368
1581
121398
873
78393
1989
57795
1356
43800
1359
1308
3660
2322
47160
57051
2508
1704
1791
37374
35859
1656
879
1962
64545
3366
10404
49431
1866
1446
6234
6015
197154
1986
1290
28662
53211
1905
59616
798
2094
2277
37509
1473
10197
53001
1482
36942
3606
6309
1395
3228
2928
9420
2211
72837
16425
2241
11706
13317
6471
2178
23925
1962
636
2331
25962
2538
3216
1110
2967
2904
1929
2685
61761
885
2742
1782
921
2421
1974
3384
2832
14223
2835
48399
1593
27204
73257
4929
90750
1509
1710
129780
30207
1794
61878
152106
8568
4158
1641
99147
6492
3147
1644
1797
10473
11016
2262
42444
4179
1707
3756
7152
2559
1926
48153
2286
33957
1860
1377
142530
2673
19020
1719
2211
918
7461
92187
3015
2337
1632
1206
2343
17703
1134
4812
124089
795
33141
22362
1290
3342
60417
31356
26835
11466
54849
73608
4029
1422
1356
3162
21750
3057
1305
1227
807
1590
5049
9171
2070
3144
2340
1557
13569
48612
10287
7161
1872
1659
1695
2481
50895
2103
68244
1362
118371
1356
1143
1017
906
168441
1467
12564
42315
1284
58923
15402
1443
53802
1446
19800
2298
3228
8274
3021
1599
3039
1101
3408
6036
924
22446
34983
4032
2808
2166
1650
5796
2271
110547
28671
2664
1140
2460
2193
40821
20100
2682
5325
1329
1611
63837
49149
2904
32700
1950
3330
43473
1761
1296
33402
1902
2694
105654
82962
185286
2982
2337
23496
21279
1056
789
2991
3570
2220
2655
10545
1734
1212
888
1314
2760
100863
17934
15624
3399
54738
16260
58527
1878
197286
88341
1887
1611
115146
1512
1989
1641
867
66477
1041
53322
11013
2187
37770
36663
1518
1290
4104
21393
19614
90039
120753
2508
63285
1548
3828
134931
2805
37014
34767
31872
2409
178755
3096
1680
10515
627
2280
2667
849
54093
8430
1875
1422
34836
3195
47841
38178
4995
2904
29364
2820
1227
180966
18918
11262
1377
25350
1350
2427
6456
1698
1290
64209
38271
5622
1806
17574
7758
3906
9525
1971
3441
57753
2187
1791
2604
15753
942
1977
142914
161622
2184
2325
4356
105000
1578
2322
3720
238047
1605
1614
5631
19221
1293
1677
2625
1593
2436
933
1692
741
2352
17130
2004
136602
2682
39093
17232
5766
27798
87735
747
2949
2196
2106
17004
3462
1188
20214
3654
3885
9648
20160
28422
2163
2286
2034
23100
2790
45333
132267
2106
957
3321
807
1590
66663
3117
1773
16383
1011
35973
2430
17070
1446
2307
1149
16995
1134
1200
52608
13605
1254
2403
70110
40800
2061
918
1554
16008
26412
1536
91746
1236
3642
37572
3282
2181
87270
1869
2082
1998
23007
131880
1773
3459
2229
2511
2595
49005
2304
16119
110799
3516
54435
1446
100878
21420
19914
92211
1275
3771
1110
1377
36657
2643
51264
966
3054
4917
57954
3807
10881
57600
7803
86931
1380
24912
1581
29643
1230
31638
1542
1689
987
20706
933
3534
2871
1752
951
3210
2679
2139
14823
154548
1302
34989
3033
20094
61512
1305
17925
11877
2787
1134
1581
2349
3678
32595
2337
3822
948
3753
22548
70872
1146
1602
831
32118
7665
8799
41391
3720
17241
1443
8556
1893
1983
47763
1707
867
55599
2061
3426
2373
2211
1362
30399
1533
2640
62193
74043
1698
1581
1497
3939
43770
2337
2919
1149
1845
11997
13188
45390
59349
3126
4551
3213
1125
1983
4335
32565
93249
3978
91479
2154
2244
4515
2826
1767
10890
39162
72459
31383
1815
1614
2217
46134
82203
92115
2037
1695
40980
3063
136617
3126
1374
43965
1911
1638
19191
93219
63375
8697
31887
69192
26769
1413
2268
1410
57957
119952
40299
3030
1710
2145
14730
1842
1677
1590
2136
1668
2220
1110
2046
86115
19890
3381
2646
30795
183672
26679
6690
1479
1509
28446
64104
2640
1866
111492
80763
1545
3693
2625
990
2613
1827
69228
1629
903
1386
25476
113268
31563
1515
13827
64248
1368
1935
1590
52935
3204
119025
2319
714
1503
8736
2505
1614
91020
68982
1707
1473
1569
2160
115881
9504
10203
33921
4206
318855
3339
109095
2139
1320
2964
4005
9738
22725
15447
53562
3186
2259
2661
8229
2505
39375
18828
10242
165639
65697
135255
4458
4431
55881
60225
2307
9105
1626
3675
135255
2469
46854
1701
100293
3810
1854
6585
56493
4068
1962
82083
1152
63234
3903
20166
1149
2658
2403
2727
3441
3972
26307
1281
2022
2892
2214
153855
3123
2568
2214
27285
6489
2352
2460
3195
117726
29850
4458
2691
1017
1449
2805
74460
87183
2010
1236
23400
3213
57618
5160
843
1587
2598
792
2532
29706
22695
2610
1809
3108
1974
1548
46191
33567
3498
7797
3303
16050
43965
34602
1872
2388
62772
1158
2148
3396
54687
1917
77490
10125
12153
1611
1347
37818
77277
1860
3216
1236
1317
1188
1518
1377
3132
42384
2301
1791
3780
29757
3528
103686
1005
5709
29232
846
3768
2517
75843
16986
2130
1212
35859
87963
1065
42183
1959
2295
15873
3690
9285
80481
3798
18285
20655
14436
2049
1629
10581
29826
40515
2649
6168
2322
1581
1266
150345
1290
1407
71556
2919
60180
91137
3723
2484
2610
22593
1167
157755
3393
30924
38574
1239
1569
1764
2760
54798
1761
98337
978
14604
28785
15201
105123
92631
96006
993
1287
957
441
1221
2115
1539
1542
1491
921
1152
3342
1461
1281
1530
1290
1473
723
1395
1440
960
1764
1494
1743
1332
1890
888
843
987
1308
900
849
957
843
1224
1032
1533
52371
144708
1560
1527
1374
1104
1068
1119
1026
1149
2328
738
1461
4035
1065
1455
1290
1083
1149
1128
1239
40698
1395
942
1122
1059
1602
1137
1242
1509
2976
924
1596
1671
1053
2247
1044
2940
732
1059
1695
1359
609
1047
1269
1482
1026
1047
942
1341
1128
717
16572
1902
1203
807
1332
1656
25050
2085
888
1734
1848
690
1170
15603
1959
1053
2013
11907
1224
1128
1032
1314
1689
1071
1437
1140
2793
246
1350
1545
1170
1248
1512
1191
1353
1197
1428
777
864
1527
1170
1362
1287
1293
1317
1020
1950
1155
2769
2049
1332
13680
3393
1167
8991
1977
1056
1239
1116
999
1563
942
1032
1581
1362
396
918
1110
2388
1716
816
1002
993
11940
1290
1200
2373
15375
993
1131
98490
1245
1014
1065
789
25569
22137
1080
1386
1230
1320
666
2079
1062
1326
918
2058
1353
1941
1275
1224
813
2154
56376
5529
1164
1296
1578
735
1344
1287
1269
1725
2790
1779
1092
1809
1224
1521
1356
2742
1038
789
15606
26580
1713
1785
1560
1506
1083
2262
1752
5349
1593
1089
981
1998
6303
846
1173
1086
1554
807
1584
1212
897
1026
471
2361
849
10377
1911
45978
1200
1068
2238
1233
1068
1215
234
1011
60258
717
1407
954
1239
1389
1515
1002
1281
2580
48288
1458
7782
954
1281
1149
1044
1371
1629
1404
327
204
5574
939
1797
1218
1767
1257
909
987
1014
1008
903
7497
924
882
2091
2244
1029
1020
1113
1224
1761
1038
8169
12504
22878
2622
1194
687
999
28239
1074
1545
1611
1164
2667
1920
735
1236
912
792
768
1524
1785
14745
1239
1143
1386
693
411
696
1668
1443
1620
408
1881
483
24873
1788
34986
1161
1761
1701
2316
879
282
834
1950
2229
1377
1161
195
1821
1128
1995
312
1389
813
35508
1782
1263
1047
1551
1236
1269
1416
1683
1017
11820
1578
1014
1275
1011
6627
855
25371
1755
2103
18576
2286
966
1017
1197
195
1956
1398
2922
1224
1302
1854
1413
1806
1101
15981
1200
990
1338
1227
1188
909
1158
2205
996
1251
954
11640
1449
189
61554
1092
1500
735
2271
1089
1197
1806
1971
55968
30660
1695
921
1518
1395
2481
1146
1131
786
1638
981
1590
1206
1845
1251
1497
6147
861
48954
1848
1035
831
1398
20514
1008
2061
1353
810
2187
1203
1065
927
1215
1116
1431
1836
1635
2100
897
27006
1431
813
807
41760
1107
1101
33753
1419
873
74181
1050
22257
969
1467
210
1179
1281
1224
1200
1065
1239
1191
759
1314
1203
60789
873
1590
1782
25275
1479
1230
1770
2214
849
1461
1143
3723
1020
969
1494
822
1233
2469
1506
1944
1644
807
1212
930
3327
1548
1290
29157
1749
1323
1032
2418
1449
1296
1542
1212
1185
34647
1614
1047
6741
1107
18015
2295
207
1359
1164
45093
939
1620
2199
1602
1524
1191
1188
1185
2502
1071
1968
1395
858
243
2031
885
981
3483
1506
939
1728
885
294
4443
1005
1374
852
801
1107
810
13830
18909
5346
972
936
1485
204
1206
1347
831
1482
1350
1242
1209
909
1224
8643
831
1722
852
237
1638
22944
19905
951
1701
1485
957
1686
858
1413
1203
1155
2181
957
798
1242
2187
1173
1278
852
1014
1188
987
1185
297
13920
1065
819
936
1629
897
2001
1338
966
1281
1155
747
23376
1281
14982
2280
1722
1236
2472
1782
735
1032
1296
1320
924
822
3153
1854
828
885
1179
34827
687
1005
888
867
1146
525
819
1779
1674
1230
1491
201
1200
1092
1479
2055
2544
3468
1008
2316
1308
759
846
852
1023
1428
1002
4179
825
1344
843
9522
696
1014
1044
831
1728
1914
2385
1743
125727
792
1089
1704
1293
852
1446
1314
1554
825
1029
1299
1119
1707
56331
4938
276
1782
1068
2013
1485
1209
3021
1065
14769
1377
792
29928
1935
1695
2649
1200
948
954
1671
1251
1920
1317
1242
834
1128
1386
939
1497
720
729
828
1128
1590
1452
1857
1593
1530
246
966
1560
756
1845
42774
1197
1860
927
885
1566
1296
852
1248
1839
12489
11799
1038
771
1782
196593
1017
4761
1152
3165
1443
882
34821
984
1227
1302
1311
2235
2796
1032
1179
2871
1077
1101
2475
2052
1674
1725
1011
2286
1422
1515
1224
1446
2157
354
1263
2910
1554
1032
879
2928
1818
837
71706
825
1296
1587
1497
1992
1029
1035
1059
1476
62760
1404
1074
1875
924
2136
1506
1080
1368
2898
2154
243
1884
2079
3030
1140
1149
1203
243
1329
1383
1455
1434
1215
1185
186
1548
1368
86259
894
1758
1146
1119
1728
2169
1782
22626
1377
1233
1545
21600
1104
1365
1023
1194
1308
1500
1173
1164
1248
1668
1230
2904
1209
732
2391
2130
2085
918
1002
939
1290
945
1209
2622
2082
1737
1428
15069
696
1203
1593
1554
2106
1227
1335
1077
1305
1932
948
2214
756
1785
79884
2394
1122
702
1059
1314
405
29559
20805
1179
45942
1278
1011
1056
1434
1515
1368
9423
1329
2415
1200
1638
1401
29019
1707
1113
1581
1839
1119
2103
1446
1248
1242
1083
2163
969
957
2031
83250
1179
1629
1077
1191
1029
1335
1461
1671
1200
1323
1518
402
18258
1398
3996
1170
7149
1482
792
4059
1545
1236
858
1104
1542
1566
1044
43032
969
963
324
1071
1029
1002
2562
6183
1875
1611
1779
2151
8562
807
1275
834
255
1296
1086
19719
21912
1539
990
1194
2178
1212
44355
801
1029
792
2043
4740
1284
1041
1284
6582
1176
2454
34497
1431
5739
918
12033
2529
1092
1257
1308
2397
798
1953
783
1977
480
1551
1386
723
813
16752
1692
990
1182
927
1614
762
1209
3210
963
1848
2685
1695
909
1560
1233
1989
267
1245
2769
1422
1404
855
837
948
1458
1398
41931
1419
747
1944
20832
1074
873
1002
771
6375
930
954
2721
1455
921
756
6786
1419
996
1281
1323
1401
777
2682
1722
867
1080
22599
1251
2295
1461
2115
2730
1140
2229
1095
1461
855
1332
2196
810
1065
1701
1332
1110
1431
1884
5775
23226
1683
24069
231
1215
42942
1548
1605
1116
2151
1782
2304
1209
900
66162
38298
1944
1095
2370
1809
1125
2280
22602
933
1248
1128
3213
1320
990
1416
156
45483
1773
1071
1170
1206
3813
1212
306
1056
1155
921
981
21402
1455
2259
1698
1578
690
53766
1365
1788
423
3219
834
357
30945
1494
1650
2985
149289
780
234
282
1131
240
1887
1395
1347
951
1932
1293
1185
65958
7494
2151
840
975
1848
288
705
2802
249
1140
2115
1407
2070
483
1614
900
1470
2700
204
1152
1842
2097
1449
1152
888
10014
1275
801
1170
2820
1152
2265
44817
762
2892
1686
981
2031
33318
1551
1884
2637
3036
1272
924
243
963
1404
19059
1245
795
1452
2673
2589
1995
31995
2934
1137
1440
1200
861
1152
1716
1248
2955
1398
1260
2655
46914
1305
73221
2097
1641
897
1113
1263
198
2049
744
1698
1107
834
444
840
957
897
1209
24774
996
38997
1272
1806
2415
2130
3165
25392
1041
1215
1056
53781
2844
1149
1542
1557
1068
1260
111006
990
2130
2187
4164
1446
1437
849
708
3006
1359
46092
1380
1050
1110
3948
1758
1728
1629
1533
13461
1155
822
1335
1449
36519
186
4239
1095
987
1377
2496
3258
2118
2172
63285
1083
1125
957
894
1728
42678
33057
1428
936
26754
57360
2301
2301
1497
1110
1371
53517
1689
27459
1842
1014
4410
1209
1575
3171
1899
2133
1971
915
81162
4515
1383
1269
717
915
2283
103218
1920
44526
669
1488
1266
1089
933
1341
1365
1866
1308
1800
858
8883
1059
852
1233
39525
14901
234
1221
1572
945
7902
1296
55734
1350
1791
2034
2859
47499
972
1299
1206
1074
2637
996
22335
1791
1101
939
2064
1539
1344
1335
2469
240
113118
915
36543
2571
5685
2676
684
80457
1689
1134
1329
1806
1908
1509
1188
3348
2445
930
855
1434
1944
1155
858
2025
753
792
33951
324
3252
1584
1473
5103
1224
1044
1371
1008
4206
2265
1902
687
1008
1932
1425
83655
19020
1140
36717
996
2187
822
762
28434
1677
1122
1191
1230
1680
2946
906
1482
1473
1368
1155
1137
1077
2394
1764
1044
6507
1182
3237
879
1542
2958
2205
2700
1770
3819
2583
264
708
2901
849
18252
1026
2625
1767
1692
1254
46125
5424
2106
768
99900
14865
1152
996
6252
966
1596
768
1047
1977
1146
2652
7407
3366
2310
2130
96522
747
909
1017
49695
1035
15477
801
1236
216
2367
240
1482
1167
1827
21321
1086
1731
1143
801
2031
1542
1338
1275
1053
2412
1245
1302
50421
1776
1365
1137
1986
1398
1398
177
1461
1248
1461
1440
1962
1479
1362
4098
82908
73971
1386
2844
717
954
14307
1017
1446
927
1506
1161
1719
105231
1074
1074
1287
1518
240
1122
1848
2214
2826
6132
1545
57279
1695
702
1137
114708
19686
885
1446
1896
948
969
16635
831
13884
921
1230
2478
966
954
1866
246
1659
82614
1560
873
834
17196
867
2085
1005
1110
1554
993
1146
2895
1452
1485
2316
813
1170
1242
855
1644
1113
1677
1734
2322
54876
2148
1182
1128
1536
2040
70263
1443
2187
4278
186
16443
1134
42504
744
1047
828
1719
321
1716
897
3207
336
46527
1155
2274
2205
873
915
795
765
1350
900
1773
1821
2238
37212
768
201
1905
16284
20844
1095
1923
873
1035
756
2259
2670
1353
6096
810
2268
1080
2313
72675
1701
1152
1569
1404
1101
103587
744
1185
2193
2184
1269
1308
2766
1413
1908
101832
6789
1050
771
2430
1335
750
1500
2145
1692
32121
993
1854
3057
13248
1221
1155
1200
3540
2958
1599
1533
1050
1344
1617
1791
1398
75978
987
1638
14970
951
816
1083
1473
10446
1446
975
29694
1863
720
3021
354
66186
1215
885
1032
1173
2019
1389
1905
942
1911
822
7758
1359
1335
990
954
1266
1416
1143
30003
19020
1284
1290
1272
1686
1395
2181
183
99519
954
1740
1602
1041
1509
909
1611
1218
3186
1572
843
1536
807
216
1260
1698
1740
1371
309
65007
837
276
861
840
912
1086
11661
1569
4218
48555
1941
936
963
993
930
13446
915
2193
1197
113805
2772
1599
1065
1956
37857
978
17229
1731
101973
1686
1302
1152
1623
237
12762
1071
1857
189
1041
3501
2646
2652
1377
5025
1914
2307
2856
843
912
1473
21396
1668
1068
1302
999
61962
1290
4494
1017
1326
1071
1035
61992
2094
903
1062
118470
1446
1890
1206
84306
732
1122
954
1131
1668
999
825
1476
2379
1743
846
879
1242
6057
1740
876
1419
1329
1647
2331
2793
1008
1134
882
1662
948
1320
816
1410
1191
12252
936
684
1602
900
2202
41895
1356
1752
294
1218
756
7929
828
1644
3369
1266
984
1509
1443
978
33240
1194
232464
1287
1677
393
1536
2298
61119
1617
127554
2046
12018
27636
78951
1002
1119
1557
2607
1401
1041
330
2148
1125
1002
234
72603
30135
1035
1362
118404
1047
51675
1134
1101
1932
1896
1326
1629
1089
279
1695
3213
27186
1938
92028
2112
2589
1371
1119
1074
993
2715
1341
1674
1809
2049
855
1872
1434
2700
1017
1416
14490
1248
12510
765
687
738
1431
31971
13635
19428
1509
13551
44856
1206
22428
900
951
1311
2298
2517
1392
237
1092
999
279825
1842
1155
1077
975
966
1842
42666
915
1956
9258
741
91545
2280
12714
1209
174
69384
1629
2406
17730
10869
230376
1989
1098
1302
32721
906
1452
399
1167
1665
1791
1506
870
1332
22545
1092
885
1098
2502
16734
1089
1107
792
831
951
1008
28983
1893
1158
33333
1155
1548
1206
1032
879
1725
2217
2319
1434
171
1032
936
1317
1464
1350
1239
2298
1641
747
63378
15594
42312
750
40173
1479
1086
1050
2016
192
1266
1191
1182
1050
1572
1167
1275
2370
1020
19185
1908
1476
855
399
864
1317
714
2289
831
90186
945
1158
1632
813
1365
486
57201
987
1227
234
1644
183
1008
3345
1554
774
1104
1362
816
1911
1350
1059
1113
852
1650
807
762
1116
864
1938
768
1248
1356
1305
1770
20922
1245
1011
1224
1410
2064
1977
1410
720
942
1989
1170
9423
1488
16194
162
1050
1023
1191
2253
1008
915
1152
39315
945
20325
1128
894
2127
1104
1833
1137
1287
1056
723
990
1290
1617
789
38394
1164
2154
1236
1203
318
750
2577
1965
24546
729
3435
813
897
351
1290
2322
16095
1791
1905
24435
7437
831
762
954
897
720
13527
1173
136704
891
753
1029
2469
41397
1293
6510
831
1500
3573
1218
1089
1077
9336
22995
43794
3006
1596
1212
1536
32580
1365
1287
777
912
840
771
1524
135009
1527
1242
1029
315
1341
1047
1608
1719
333
921
816
1407
1623
1491
1263
771
1305
6126
1110
1305
1419
750
1311
1206
1371
1401
2328
2976
1284
30444
1317
3198
1029
1662
1008
1449
276
1506
1416
1392
357
1884
3570
2160
1500
14439
1377
15717
1308
669
2910
2406
1206
342
32415
1350
16509
1578
1092
1479
4170
1629
1641
115266
1032
885
609
2091
1146
1581
27114
1818
816
342
1026
1227
10920
930
1467
76923
1596
2163
306
1095
918
72903
1656
897
1377
1905
1404
15816
3597
258
918
2571
714
2205
1017
1545
855
1269
1422
1476
486
891
1746
1482
31863
1245
210
2013
858
25488
13128
843
1119
912
1719
1707
2877
1089
795
1542
168
1857
2787
143874
1266
1533
11853
1680
948
1347
936
288
3678
1935
2781
34197
2892
36666
1209
867
1887
282
1770
699
1392
828
2955
1509
318
65955
101706
1107
70260
864
1221
597
2832
3048
1164
2436
1086
1062
35157
1452
1239
948
1701
1458
46191
927
1839
28749
184239
927
864
1860
1005
1473
936
1134
819
1329
870
8583
1242
1218
87768
7086
1119
1317
1917
1731
279
2127
1938
2097
6726
756
954
1824
1167
1293
1245
1425
630
1107
990
1842
186
1449
84153
1599
351
1104
4206
1065
1494
1797
933
1455
1140
1239
2160
171384
864
1278
8199
861
1038
1704
1953
1863
1095
1545
954
30648
1068
1173
1365
106941
1233
1605
999
1347
63186
1905
1632
780
41580
4533
807
21252
1923
1107
1704
2331
1161
1155
16683
1611
1197
879
30537
2034
1470
1614
49071
1167
1236
213
2589
1920
594
783
735
1086
1125
1695
1455
948
507
957
2280
13485
846
276
1137
2184
1449
1038
951
2364
1230
774
1095
726
1131
117444
2346
16509
1536
951
1149
2466
1845
969
1134
4257
27627
960
1029
1350
2697
1329
5145
1911
708
1374
912
1677
1239
681
1320
1074
50898
1392
41151
22248
1008
1386
1827
1041
699
2565
1383
756
18672
2322
309
10149
1155
1305
51555
834
2295
816
1074
1167
1065
1539
1413
1284
534
1044
1239
2244
1260
1065
1965
1767
1251
1188
960
2310
2313
7350
1473
1017
2373
195
1371
30783
1587
1020
1179
34254
879
1668
1038
1464
1953
3039
1176
2121
58167
1302
1092
1521
1152
1062
231
1437
1362
1389
810
711
6114
873
1440
18384
1098
2766
1455
972
1029
31473
1260
1323
1308
1533
1056
1788
1059
1053
2145
1287
63093
1542
47973
35520
1002
1323
1359
1128
306
1206
3426
753
1725
1299
666
1083
7029
1503
1662
54084
1254
14868
1407
1533
1686
1056
1008
1098
97386
780
1467
1320
2121
16767
1278
1833
1383
1308
1854
2319
1353
17253
1509
276
1398
45105
10182
1869
939
882
2544
1251
1458
1053
1089
1791
12426
1143
747
957
1185
1233
130335
1089
30672
90867
1290
831
1119
39015
1227
1092
1326
33561
1230
873
1236
1701
324
1485
1698
234
1578
1956
40041
1794
861
1182
930
357
1869
1224
1074
1323
1584
801
273
990
2244
1587
1506
1125
837
870
7482
1632
999
1320
1149
1707
1044
1662
58173
2202
9705
897
2655
984
3417
921
1176
2649
1170
1110
1128
801
312
660
438
14166
435
29976
1938
1701
1314
1434
1452
975
1557
951
8397
1566
1272
1347
3069
810
192
1716
963
783
1176
1191
6417
1671
8991
1068
1002
750
1272
1302
1227
999
1644
861
1695
906
195
705
1731
1164
1014
3519
540
1266
1431
53007
73212
1758
20187
1068
279
1053
321
1497
831
1239
2475
2877
1170
1617
1161
21687
1782
816
318
83817
975
1272
1857
1443
2211
1263
6192
7455
1275
1470
1302
30117
1161
2619
3039
1914
957
978
975
1782
2085
2121
1077
12936
1248
213
1677
1500
1524
1620
1293
1596
1041
675
1923
744
1167
63516
939
1119
64596
38055
1497
1203
1569
828
1041
1212
1185
2463
186
1071
23115
1062
846
3732
1611
1176
2571
609
1137
2040
1434
1098
127086
2262
321
966
1221
12891
786
27087
894
744
45687
1629
954
2910
44733
2139
1596
1050
1023
1803
21945
1368
966
1275
1884
1143
1368
186
1935
1167
1479
73329
179616
3789
1113
1704
1635
12210
705
1491
2871
54897
1014
9015
1239
198
3351
2226
315
1350
1161
717
1542
1092
1119
2682
1953
741
4020
21576
1269
234
16899
1311
828
1479
1674
1359
1059
2433
1650
843
996
1056
1497
8094
56067
1089
1959
1785
1569
2151
954
74751
1113
1935
1428
1197
714
1425
954
1065
1065
882
765
1197
28947
1440
61107
1353
1287
18825
1209
24102
1416
1218
1947
54630
1167
1041
85143
1332
2127
1239
1761
1710
1242
1497
3216
918
1374
1866
2145
1314
1617
312
1146
870
1464
4284
1728
1263
468
1269
1773
1179
1446
747
1065
1992
237
1128
1377
1752
25221
1077
1443
2220
858
1203
1305
1977
1869
2880
1119
327
1212
1140
1230
708
1074
969
1128
1248
1203
969
1341
1155
1281
81927
1209
1122
948
20739
2346
3009
1056
1986
957
1173
1218
1473
876
852
1287
1491
1245
