103:0:0:0:0:0:0:0:0:0:0:0:0:0:0:0: (total 3)
0 1 8 
cpu 3 cur 3
STARTING...
Thread 1 going to cpu 1
Thread 0 going to cpu 0
Thread 2 going to cpu 8
going to barrier (cpu 0)
going to barrier (cpu 8)
going to barrier (cpu 1)
STOPPING...
Duration      : 10000 (ms)
Acquisitions  : 48292847
550
1318
610
596
484
566
630
480
496
594
616
646
5138
462
1448
586
648
198
5578
802
622
622
624
646
518
612
634
502
602
664
630
596
638
562
842
638
2050
548
630
504
626
196
650
608
612
632
470
594
630
618
634
622
636
632
1154
640
624
12296
504
470
626
632
620
628
204
618
612
624
200
2616
908
578
422
628
502
496
1736
660
638
660
640
1060
172
746
636
634
618
1586
458
596
638
652
1326
522
210
646
628
610
10674
546
138
660
498
660
1198
876
9442
642
1212
3018
606
688
642
608
630
612
552
520
574
552
202
658
524
660
1182
492
1326
590
608
498
666
716
466
668
3016
650
624
216
620
584
632
634
622
616
662
596
654
642
634
672
4512
598
6180
792
202
618
630
626
632
638
638
582
642
668
6716
590
652
3912
714
496
622
630
636
204
484
5604
608
596
598
1198
4784
638
614
642
594
624
626
632
598
636
492
630
1460
1206
466
616
652
676
536
620
630
598
490
930
918
590
8698
2560
586
622
594
1218
618
626
512
640
198
1244
924
4246
638
626
630
192
3198
592
644
666
480
598
638
632
676
608
624
646
632
664
666
674
626
504
612
656
1348
2690
592
1072
668
568
644
648
664
3712
598
620
1008
616
618
642
3924
1884
2982
786
672
644
596
650
678
658
812
656
624
664
628
662
604
634
206
482
626
210
642
468
656
496
588
598
630
2528
640
634
640
632
648
636
626
502
1406
628
588
2782
610
474
618
586
494
606
596
630
558
608
628
636
632
1112
602
626
628
632
614
614
1242
604
626
852
610
636
504
604
592
594
658
604
2872
2026
476
634
636
618
610
1236
620
632
598
628
670
632
460
628
510
596
644
618
644
602
558
618
638
636
2194
904
206
758
584
618
612
558
646
630
628
606
668
654
1766
750
638
516
658
646
624
648
480
590
654
654
630
626
604
612
612
630
668
216
5542
586
696
646
648
632
650
622
500
616
1062
1260
648
636
1640
632
198
478
618
1212
1292
616
554
594
198
432
618
482
696
608
714
628
618
638
590
666
624
638
550
674
502
636
588
2020
624
6442
664
506
612
552
628
584
634
632
600
656
646
1308
640
640
554
628
628
492
626
714
600
644
646
7022
900
1332
634
632
632
188
2178
630
642
586
874
604
596
660
630
626
624
638
654
628
648
630
900
622
602
484
646
1196
626
498
952
590
7284
626
668
642
650
506
648
202
1082
584
594
642
614
468
612
630
3152
630
620
618
3512
660
614
622
650
644
508
618
630
642
592
462
624
1268
498
502
506
634
670
2892
642
634
518
630
644
668
3038
1600
630
676
2604
614
590
634
470
646
644
192
648
656
674
5796
658
588
6474
808
624
638
496
608
592
588
626
474
644
544
678
2712
468
654
464
1192
658
1092
642
636
642
618
630
680
620
628
180
628
1072
604
672
598
1248
770
1320
666
524
582
632
4342
666
648
1264
1334
196
468
480
8366
450
674
636
632
604
490
500
632
714
614
486
472
628
588
552
1700
624
602
648
1156
626
478
572
472
1840
636
498
202
614
478
676
618
610
600
198
634
652
662
668
630
1226
470
626
638
462
666
502
2350
582
684
2726
810
652
498
1466
604
2312
662
506
630
612
648
532
662
626
612
224
516
610
504
640
2676
628
1240
1272
510
614
640
606
648
1920
624
160
856
442
596
1082
670
622
634
628
462
626
642
640
490
500
4542
504
614
616
646
660
486
3460
622
622
628
564
624
480
654
622
424
644
592
508
586
602
560
632
588
642
1734
3616
592
632
3908
1126
638
470
4050
508
578
488
636
216
462
600
656
1128
456
574
1448
586
608
508
2768
214
1558
586
632
1774
614
486
1220
11232
580
588
574
510
598
490
632
606
632
650
476
206
2654
658
600
624
582
648
612
602
656
490
648
676
578
562
588
198
496
662
590
632
602
472
5378
644
628
634
2352
638
1246
486
616
592
210
612
712
192
672
504
590
506
624
1070
606
592
612
450
2502
602
694
600
628
164
462
626
658
612
510
1026
192
636
614
600
598
584
622
648
644
650
1890
648
3432
498
928
616
1194
510
620
602
640
588
142
654
644
3938
1174
586
602
622
626
628
618
630
10888
648
588
632
636
482
596
1798
440
506
504
21310
4624
466
1136
1170
480
2992
628
674
628
2762
484
482
656
2734
508
650
2700
900
922
594
466
508
944
630
626
614
616
208
624
1134
624
620
662
496
656
846
640
642
1196
618
884
620
602
630
620
1232
640
186
670
634
468
626
626
636
628
630
572
198
616
614
632
608
610
630
8256
768
634
634
642
588
632
652
638
586
668
596
616
648
224
646
582
654
3608
604
610
674
7662
642
530
634
608
662
1228
628
2158
4780
640
614
602
654
5508
1022
754
3466
470
562
586
644
668
5954
636
628
632
142
1654
640
662
778
506
554
474
1192
588
670
482
470
626
11966
8348
620
504
634
620
476
640
3130
5632
628
628
638
612
456
148
56
56
184
760
168
29582
178
182
190
752
2420
184
186
172
170
172
6272
170
148
192
184
184
172
166
170
172
176
1476
11506
168
174
180
190
3990
174
11590
166
166
166
174
168
174
166
174
164
172
192
184
172
39248
5102
166
164
21078
186
166
8480
168
172
166
172
174
168
186
170
176
166
174
168
168
168
192
182
178
622
170
172
186
168
166
170
168
176
176
168
1310
6872
162
182
170
4742
168
27744
166
160
168
3236
168
6406
164
166
166
168
180
170
168
5394
170
168
166
166
164
178
6100
170
170
194
192
184
170
166
172
170
168
164
170
170
186
180
180
2262
194
172
176
3816
166
184
6030
166
196
2690
166
196
170
162
184
168
166
174
170
2088
162
10020
168
164
918
166
5994
170
166
168
172
166
172
166
164
194
170
166
168
170
22854
150
166
174
170
174
172
170
5124
176
174
174
164
180
172
3094
168
168
172
172
172
3262
170
172
168
162
166
2142
166
166
180
170
172
43416
170
170
164
184
184
186
182
164
168
176
172
170
164
180
180
172
196
184
15552
170
168
184
166
168
3666
172
182
164
166
168
174
168
152
172
152
204
168
168
170
170
194
172
8308
1174
172
166
172
184
170
184
186
184
164
170
4598
170
198
180
168
180
162
180
166
178
3564
180
170
170
150
180
162
172
5306
154
182
168
196
164
178
170
166
168
166
174
3832
166
12292
170
168
190
162
178
172
168
174
186
178
166
172
166
186
168
164
180
170
162
180
154
184
182
162
166
904
164
172
166
172
190
170
172
172
174
170
182
184
168
180
166
168
172
172
4108
1654
172
148
194
164
164
192
626
168
168
174
164
166
170
170
168
166
166
172
170
8982
6096
172
170
166
166
172
178
164
178
196
168
1320
166
168
2696
166
170
166
172
196
170
192
150
166
168
170
172
15044
162
172
18878
168
174
150
184
176
186
168
196
174
166
178
170
166
194
172
164
186
170
168
166
166
186
176
170
164
9922
172
170
174
168
192
5430
178
174
150
9580
754
4322
152
174
4670
168
196
166
166
184
164
172
170
172
164
170
166
162
164
174
166
166
166
174
182
154
154
170
194
5882
168
596
166
168
174
166
174
174
166
172
168
180
170
196
170
162
174
182
164
182
164
166
182
3704
162
168
170
152
194
13986
176
170
612
5650
172
166
174
164
164
13528
172
184
162
170
168
174
168
2288
176
168
166
166
172
164
180
190
174
154
184
166
174
10206
170
174
166
166
172
168
162
150
170
184
174
194
166
1474
1800
176
166
170
166
166
168
6920
166
170
168
166
152
194
470
184
166
170
5026
178
174
172
166
174
174
166
168
10642
168
172
10876
170
2040
170
166
166
194
182
166
172
168
166
168
168
168
150
178
176
166
168
1062
166
162
174
12266
172
176
168
162
194
168
4254
172
164
170
164
152
17752
186
170
446
194
172
166
168
172
7538
182
196
166
168
162
172
168
6714
164
166
152
162
170
170
906
166
164
178
718
196
174
166
168
184
184
23060
168
176
8460
2710
178
176
174
184
168
29066
172
164
174
172
862
162
186
22050
186
182
166
180
7744
4072
172
170
168
5248
11910
184
168
172
174
168
200
180
172
176
178
13542
170
25434
172
162
2684
166
150
168
168
198
170
164
166
170
182
172
10334
182
170
9914
164
182
188
154
170
168
168
172
194
192
174
164
172
200
164
2024
164
168
4474
168
23442
718
190
172
162
170
168
170
162
166
176
166
166
186
182
166
168
13732
168
168
172
172
168
4728
192
184
168
8986
8358
172
174
170
6606
168
172
168
166
170
1204
2956
164
166
170
172
9122
176
172
174
176
170
170
162
166
164
166
160
2836
164
194
172
162
168
174
184
192
172
168
168
170
194
166
10746
168
186
172
166
174
15886
5794
168
176
4352
184
190
188
166
170
164
166
4882
164
3728
172
168
172
168
166
174
192
172
180
168
204
192
182
170
170
12880
168
172
162
3008
4252
168
174
166
19864
168
180
172
2436
170
184
168
172
164
3376
168
180
2082
194
162
164
12918
174
192
166
9484
170
182
1940
164
12096
168
172
154
188
164
170
164
6768
168
180
170
184
176
182
3690
10816
164
180
194
942
170
170
168
166
170
2688
170
166
172
182
170
190
176
1048
162
2518
166
176
168
170
194
180
10608
170
3398
160
194
166
1978
1076
1624
172
174
182
2212
168
1362
166
168
166
166
174
172
172
166
166
166
168
164
186
168
164
170
174
168
180
168
176
172
170
10786
164
170
168
19254
166
172
154
172
182
174
166
170
168
162
4248
162
168
17236
180
174
19034
194
174
1470
162
172
166
168
166
180
170
11160
174
194
166
172
182
176
174
170
8496
186
166
170
164
164
166
162
164
164
166
164
168
168
186
164
178
168
166
166
168
162
172
6688
192
3452
170
168
170
174
174
192
178
160
592
456
174
170
1042
164
184
176
166
512
624
590
624
582
624
506
626
610
944
1860
632
622
642
650
636
656
630
630
670
592
662
482
576
592
1088
584
626
642
614
640
576
5424
634
664
642
196
1848
652
218
628
572
628
1248
628
1094
644
612
660
618
614
208
578
526
474
456
578
1484
468
670
616
512
1186
562
646
668
674
468
192
1086
504
488
534
632
634
614
636
522
664
2024
4320
594
158
614
474
160
622
620
636
638
512
1072
640
4990
212
516
644
506
656
602
646
726
636
9868
598
626
636
644
524
590
606
920
500
566
592
588
4122
448
1452
204
2166
468
1586
182
938
634
520
482
626
198
460
668
198
634
3452
592
572
208
588
182
608
3706
646
642
3786
596
584
3622
612
3736
788
496
622
572
624
612
592
644
504
1206
626
210
632
604
628
700
578
624
650
626
656
186
608
622
642
468
636
638
594
204
628
1188
668
624
586
648
628
600
620
506
1176
610
668
484
626
616
9160
620
676
622
494
632
650
642
484
610
638
600
610
1250
472
652
628
2568
502
610
638
8710
644
640
532
624
624
206
600
626
192
580
5802
502
628
604
652
4482
792
188
642
4684
590
462
620
652
664
5292
576
624
658
1716
620
628
812
636
432
606
590
186
502
632
668
602
554
606
11088
9390
634
586
512
1534
10046
630
614
608
620
616
184
744
592
652
1544
664
588
600
642
622
472
5196
2172
626
7160
736
462
496
666
508
668
640
638
446
660
626
478
596
476
464
182
486
1888
476
634
606
586
1204
626
634
628
620
588
616
626
662
626
600
656
632
210
620
520
472
11302
626
588
580
640
636
646
1182
616
614
4150
478
494
556
594
620
2736
626
676
626
648
196
938
598
766
638
1042
1136
752
650
654
2392
1204
602
632
11758
1050
628
576
620
206
11732
934
158
598
3120
636
668
594
612
488
482
642
462
464
1046
626
642
678
198
632
3186
636
604
632
604
616
3020
646
670
1244
486
600
606
532
486
646
506
606
640
610
660
4032
620
7232
1156
654
628
606
612
626
478
634
630
6722
1920
3652
746
638
620
606
658
1210
3410
1728
526
480
596
588
206
4512
590
632
630
628
662
644
600
482
608
626
616
2336
184
634
570
640
664
634
598
606
614
672
576
1928
610
7794
2406
474
634
600
594
204
440
580
644
578
1230
216
636
626
3260
600
622
590
3648
530
608
612
502
594
644
630
652
648
632
636
606
660
666
696
688
632
612
628
5056
514
198
652
908
634
624
656
4594
628
622
152
626
628
676
458
3054
6094
656
626
464
682
654
648
640
662
468
654
482
654
686
598
1178
596
1260
954
570
666
460
482
530
628
1476
656
600
628
478
678
626
630
600
588
614
588
494
3536
606
588
484
742
558
476
636
474
634
620
622
606
656
184
608
626
632
622
522
530
624
188
624
656
636
614
630
628
590
472
616
628
626
470
4420
588
588
678
632
468
654
194
590
612
604
510
666
626
510
606
640
554
626
500
646
484
478
592
630
658
3362
1256
620
604
612
480
624
1568
596
628
656
2942
604
634
620
640
1532
638
436
672
622
666
536
614
654
610
612
642
1126
5822
652
614
628
670
590
642
634
592
614
192
604
214
610
658
1346
636
1260
562
648
176
616
210
542
468
596
1192
592
628
720
616
608
596
484
628
624
638
638
630
508
646
642
592
494
1866
604
502
154
5156
658
694
448
484
614
508
624
604
652
626
626
2204
626
466
604
632
642
590
688
502
610
626
7938
2642
466
640
1204
910
630
634
536
590
618
486
684
622
634
694
610
664
668
638
530
666
628
594
628
584
494
184
600
598
654
8552
584
666
658
638
620
624
1192
190
474
438
634
532
616
586
504
3170
664
628
606
608
182
1810
636
588
658
618
612
666
572
590
696
1484
624
630
224
684
576
620
592
644
632
1978
618
592
644
626
596
664
3232
598
596
620
644
2630
466
630
590
606
564
672
1206
546
668
5636
630
502
7428
668
594
630
582
502
482
628
606
594
650
612
3472
638
652
600
194
630
622
210
626
648
624
660
600
662
634
632
1238
630
1166
626
592
638
206
640
2364
642
466
618
618
3446
806
626
630
208
604
2072
568
596
206
6862
466
626
586
614
490
660
592
598
500
608
632
598
598
472
462
2580
496
636
1086
614
650
564
600
2798
650
1142
632
562
622
632
620
1048
598
638
638
654
634
212
642
568
606
600
576
582
586
2490
614
3642
754
650
2480
606
2298
678
576
638
622
648
612
666
594
1240
608
616
630
626
1762
598
626
208
616
210
592
530
632
476
642
632
1904
2064
550
654
158
676
648
634
694
486
578
648
608
590
606
580
3632
620
620
608
602
608
648
630
3338
648
514
480
1390
600
488
496
576
468
646
584
608
472
594
496
600
2648
2574
612
484
3928
2024
476
460
3058
640
448
650
598
1174
576
622
626
210
522
580
590
1338
582
594
620
1974
1074
756
1630
2808
600
1314
588
10322
664
446
476
