7f7f:0:0:0:0:0:0:0:0:0:0:0:0:0:0:0: (total 14)
0 1 2 Thread 0 going to cpu 0
Thread 1 going to cpu 1
3 Thread 2 going to cpu 2
going to barrier (cpu 1)
going to barrier (cpu 0)
4 going to barrier (cpu 2)
Thread 3 going to cpu 3
5 Thread 4 going to cpu 4
going to barrier (cpu 4)
going to barrier (cpu 3)
6 Thread 5 going to cpu 5
8 Thread 6 going to cpu 6
going to barrier (cpu 6)
going to barrier (cpu 5)
9 Thread 7 going to cpu 8
going to barrier (cpu 8)
10 Thread 8 going to cpu 9
going to barrier (cpu 9)
11 Thread 9 going to cpu 10
going to barrier (cpu 10)
12 Thread 10 going to cpu 11
going to barrier (cpu 11)
13 Thread 11 going to cpu 12
going to barrier (cpu 12)
14 Thread 12 going to cpu 13
going to barrier (cpu 13)
Thread 13 going to cpu 14

cpu 14 cur 14
STARTING...
going to barrier (cpu 14)
STOPPING...
Duration      : 10000 (ms)
Acquisitions  : 9894101
42723
3042
132681
3975
95298
7845
2625
60192
61914
3864
4764
3465
284421
4296
3879
5328
2946
8664
18951
5697
5649
7002
4455
2535
2796
71784
1878
2754
2724
5745
76146
22890
4101
3081
3246
85728
3591
83979
2307
57123
5391
4428
4221
20592
3201
3129
4968
75555
3702
47304
2994
4908
6120
2187
21426
21426
4746
245259
8166
2631
100938
5067
3114
45174
67197
75828
21582
51510
9846
32898
4251
9072
134643
10212
37269
76137
5946
356949
3288
2943
96489
179307
447675
16920
55338
5805
49131
2937
4029
4413
6339
29661
4230
148779
17160
3900
4170
162561
7419
5925
2238
32751
39432
32280
5106
18465
73662
124779
5265
2286
11154
3258
155094
6762
5658
74037
129555
6819
3198
8892
4761
123792
5718
99036
3849
12495
4365
120741
9678
6147
3615
48159
60291
5361
75444
6159
17583
2490
7386
9255
300810
8340
21948
5895
2700
4152
6945
33492
4395
15420
19254
2946
97233
1749
79899
34104
1614
97449
6498
5055
5703
30249
4296
9789
54039
5421
5454
12495
58008
92055
56382
246423
2229
6459
4116
255237
6453
28029
5349
101628
60156
57117
53937
6639
110979
4032
21246
3345
197394
4053
4152
7056
2820
149499
155397
93951
40359
24420
7899
5184
168360
3360
15369
188154
3117
6627
85758
98883
4284
2997
39387
37119
9234
2748
3309
2712
44178
2676
4968
11109
86082
3945
76425
4896
101055
88734
2583
3330
5868
5508
33336
4143
4524
5901
102432
58563
3960
34809
3723
84867
4140
5721
52725
33252
101043
3840
50655
77130
9963
123837
3558
87132
115020
166524
33834
27291
3888
4089
5385
174981
6927
157773
7527
5988
9711
4248
143811
30270
65880
4968
41154
3918
93096
7737
6489
73578
50607
8199
3132
2217
35091
5331
15498
5667
4323
10866
6852
66375
122892
77472
66807
3681
122511
90372
5721
156723
56697
5058
7056
17211
35391
124422
22041
10464
68709
88074
9717
69822
262224
4797
1665
211797
2370
187302
4143
145725
6567
3855
80589
57402
55251
83358
172260
106182
4032
37065
4137
39501
4035
39918
5691
171510
70311
37401
5808
38217
108003
34494
278490
93759
3666
101382
6849
3570
120075
2097
181245
10878
99036
3276
78723
49941
20010
11883
6783
19455
5205
11490
137547
13974
7341
95091
66096
116391
4500
4026
156222
6159
1908
39840
2949
7158
86400
6384
6060
6249
3408
60387
4653
2850
229014
4923
2418
3162
4623
28245
1818
120873
19659
35019
4128
3579
7668
4176
2721
78711
24114
4059
3258
112461
4161
67764
96870
60795
44844
3831
10203
13020
169674
6492
4620
42213
93894
3387
3546
22620
47814
45585
30456
23919
4836
5382
131145
8064
169410
4464
7149
3513
207021
4386
2382
76272
6318
3741
14019
80031
435036
2367
13197
70662
6540
41316
29865
106587
98160
26637
5886
37608
6348
55062
3438
191190
3495
6513
3789
8085
9330
447933
16287
6210
6357
390312
133236
1383
16938
6315
3909
85959
3648
6252
6285
28890
3867
46758
80316
3912
160851
138870
7551
5022
429579
55935
4161
3303
5148
65193
142284
9576
3048
4038
6171
15267
21861
131862
118845
47160
1902
21675
65991
77103
2127
2709
10956
106290
36555
3555
198399
218175
8691
78009
6114
7776
3333
4674
3759
24315
145068
2988
3210
5070
9087
21855
3900
62079
349620
137076
50649
4410
1668
277641
9954
5481
18294
9498
211164
5802
26424
216204
2412
8133
7194
10284
5439
1536
18228
51579
52032
7203
3276
45039
17334
101181
39942
10470
4509
91404
6465
12666
38502
6978
5178
193776
137667
136629
6159
41409
2991
53370
5106
77091
100098
47367
2172
8499
6273
8499
57681
450645
405537
53241
11199
9741
2760
248001
3177
95700
85962
2136
46887
3873
15927
2481
119310
5634
92103
2730
4290
4884
2604
85377
32592
490728
10677
4992
3765
102339
7629
49443
10446
80724
2778
6279
8772
5385
7869
3693
121845
206874
70959
102288
4251
2973
1743
7149
3135
5388
6024
50790
2877
2352
115083
5559
4044
6768
22407
3519
303792
146703
8379
200445
4056
268998
85074
57105
66966
29271
89721
56814
4539
4263
6282
187839
3093
6981
5301
56100
51180
46668
65838
5763
3540
93555
121284
76002
5670
3345
8067
20175
7428
142224
47112
3222
2271
11280
3669
67155
2481
5511
3066
7041
3882
3108
9828
4623
6525
2967
5082
2895
2961
5367
2805
6117
6018
66141
232662
2601
159165
2472
127200
16947
54615
51240
3273
80706
4956
11361
3276
4056
15075
6393
103818
7617
8058
8058
24573
2247
149370
21606
11523
7065
16329
53571
47055
7029
3789
20454
28002
10101
6108
11508
3807
128763
176532
95991
2121
7296
2493
44577
119895
1827
3375
3282
35274
10080
2721
13476
3879
3756
2919
3849
3255
4278
83559
3822
87978
7221
4950
59091
47940
144507
50742
5466
39036
107031
2784
4179
63627
6738
5238
3171
5016
3684
193242
6846
115452
118269
136773
27546
33465
19101
11652
33270
2634
2973
3162
13275
7065
26088
40485
31098
57162
48453
92502
104964
16734
117840
5436
26706
71112
10524
48417
4785
41184
3231
2691
136929
8235
4389
237501
2097
30033
181551
240651
1866
19899
3399
4305
4614
4137
2700
242076
7677
9483
5322
13137
48639
213312
5718
4788
24423
5814
37125
31164
4299
67080
64413
138699
3729
187374
5736
78615
2793
30756
7002
141042
36105
3060
2748
3171
72558
5595
6834
83796
4824
59928
3375
57651
33246
12540
20067
171699
3180
5667
9450
154533
2496
3990
158349
5310
93570
23565
3693
246222
3780
22497
125661
6732
89805
7830
4848
32358
14370
9948
15708
4470
2898
94110
59592
2787
140151
132024
7068
4689
72363
1752
3693
4986
2988
92154
58668
5298
255807
6192
328785
1692
15669
74316
3243
4473
50067
64185
5508
24987
3600
3696
3924
3207
3345
3999
131811
3324
6450
70572
133923
2586
2703
187548
23292
4458
223389
3981
6153
4077
411897
108468
4467
5682
73635
2874
3024
5769
13554
30996
3033
3582
131745
13104
6579
4695
3030
5457
4497
43368
105588
23445
3636
11439
3129
1581
4983
3396
1383
4215
4419
30240
3708
2715
21081
2604
95559
4485
11112
3885
4008
5403
4149
31068
4605
5358
111375
3711
66783
66495
93633
3720
3408
3930
31914
29220
5163
22578
37620
3975
93579
2766
2031
6240
7608
7440
72762
15189
6135
3927
2739
2421
3669
3147
3546
3087
5436
4776
19368
3840
6123
58209
3510
23625
16857
2832
27264
108930
121881
2964
27225
3282
1827
9726
2145
2289
44913
1302
35754
168726
1809
98475
1953
2070
24084
2193
70323
1350
2406
4287
1335
1998
3348
10689
3075
2013
113508
79284
7782
3069
2058
2304
71580
1410
20076
62478
3051
4086
2838
2292
2316
2382
2241
3120
104298
1446
1725
2820
3030
1680
3009
30342
5325
2007
1656
1626
2556
4746
27207
3390
16029
154995
1959
2511
2640
3117
21423
85263
2307
1821
2193
1638
1863
2286
3645
2556
1905
3513
2028
41649
2808
2670
1878
2658
2751
47541
186876
20406
1323
269082
4743
2109
149340
390
38970
2472
4731
51729
2316
1854
2244
2238
1938
1566
1611
194109
99849
4089
2652
1710
3048
1287
4299
3453
1977
121200
117357
49299
8307
4662
1464
226587
121650
2739
43917
9201
15666
1905
211755
4854
22026
2178
1932
3420
2217
114987
1152
1371
4797
1485
1581
4395
54666
2340
258423
89985
1707
78465
3513
60417
3687
2751
1956
1872
1593
8355
31059
2457
4515
2358
2109
3195
111678
1860
2790
4671
1533
1182
1998
1881
1758
17358
62031
4227
3906
4281
105750
2142
1650
1104
36630
1914
107979
3108
142050
1602
2874
2874
44661
6519
3177
116502
2568
1854
2151
3246
16434
47271
4299
2511
35577
38106
1731
2214
216705
2148
3102
3231
3591
5223
8643
2430
1899
2772
34581
2307
4107
1077
121413
4191
1830
1776
2106
34302
3504
1791
2028
1371
3159
1668
2388
1446
2322
2085
2061
4557
3114
3888
2934
1773
1941
45963
2922
2232
1188
20685
2364
88596
2163
221367
48642
56070
35094
84255
4689
2628
24690
1962
2583
1764
2211
127950
1413
26241
3465
3210
2643
2451
417261
5343
1503
2796
4263
1155
2286
2109
322308
4587
3162
1305
48366
1947
1647
2826
3120
76938
2313
4689
3948
77988
1674
2238
1038
2163
38337
1371
2478
115785
34062
14163
1728
3402
1851
2082
44664
2385
6354
1710
217002
2700
1293
2661
27489
2010
2223
3972
252489
195276
3534
3156
1089
1650
4731
2328
2121
1986
1665
2073
3219
10026
1173
74832
3381
1818
1635
1620
3798
1866
2043
2067
2616
52839
2808
3003
2424
2241
1986
1914
61158
3294
84759
2187
3510
227793
3549
2910
2715
47553
1212
1632
60816
9453
308790
4065
254655
2154
7851
3636
33912
3765
1782
4050
2355
1479
2418
12264
4872
54141
2157
15420
2670
2112
3948
5664
3801
3162
3540
2091
2520
365253
117447
2079
1857
33891
1878
2268
3258
2577
18795
3054
5877
39465
1476
1926
32019
4245
1419
3495
2307
2979
2208
6564
25650
19725
123072
47706
3636
35883
39174
44682
94752
2388
1872
34212
2217
2184
2355
78876
51342
4239
1212
41937
4455
4566
2277
2463
67236
2388
47700
1689
2001
20394
3327
2205
8079
3393
4641
1833
212730
3108
3201
1401
1275
1476
3048
2211
2124
3231
2127
93396
2142
1797
16374
198216
2913
3597
136659
3528
2730
5937
2484
1515
30957
44649
188565
41019
3573
4068
1992
119472
26892
2280
2196
2052
51816
4341
4929
3210
3006
1674
3135
2550
2598
2235
4644
1731
62088
1542
3930
20115
2958
7836
3366
3276
6516
3534
18657
1959
1104
3267
3357
2352
37128
15375
2766
3117
3162
124893
285
42033
137223
2526
3492
3228
142662
4755
4524
34767
2715
1995
17457
1230
2568
2787
3258
1083
149604
119916
3168
5004
1740
20979
1704
3090
1992
47673
3936
2478
1881
2475
2850
1797
123021
272394
1749
2667
1818
486
2223
2379
3381
2118
1848
1773
2910
2118
2022
1473
2262
1014
2595
1962
2817
1554
48696
2541
13512
2061
3183
110364
1548
1752
27072
63684
3336
87432
2793
1254
2973
2202
327
1731
2925
2493
3129
3765
2331
2301
3033
31560
2424
1734
31035
1911
1737
112377
3066
2682
2415
2622
2637
122031
1941
5271
2409
84654
150888
1839
2100
3393
2175
5157
212850
2415
2232
1728
3360
3666
1635
101517
18216
2640
2193
7968
1680
1551
19737
1902
2574
5589
1419
5415
2127
1428
2034
5640
1683
2199
153729
3681
2301
1452
13800
1785
65148
870
4707
65787
10182
2286
2667
2169
107343
3630
2493
144249
17541
2757
1896
1569
2649
969
4752
3144
2310
2049
146217
1782
2367
42759
4464
46623
1464
35112
122781
9642
35358
2898
1392
75831
4098
91182
33921
2157
2586
1314
3282
2940
2043
2709
2196
58614
1974
39288
1935
2910
1464
2304
1746
21441
3921
2763
3846
1563
56958
2658
1875
1953
1971
2463
2124
112701
86529
3486
60561
121818
2373
87933
4320
40056
48039
1770
12228
27777
2925
1683
16125
1425
2706
21783
2712
3756
4542
2679
14355
52371
1641
1719
3465
1746
2742
177081
2340
2619
1974
87246
2505
2064
3105
1506
143586
1158
3060
14742
90573
9060
2112
2250
2523
3108
1410
1800
1899
2367
2982
30504
12741
3855
3129
27444
1437
8229
3267
1956
2385
3411
65154
1515
21912
1188
56595
2511
3633
3555
28278
170622
94944
1866
3135
2013
2211
1950
2844
4767
1842
1665
4050
114900
1878
2373
3750
6786
1995
61083
84423
3114
1281
2820
38517
1998
3072
134856
4851
2907
21633
3156
1989
2304
1596
1617
2343
105651
3204
2940
2082
1335
2055
2418
75501
55515
2097
39576
1788
66309
4800
385791
1725
1890
28443
1983
3957
76404
5508
2067
259959
3390
10275
271584
49068
1551
84633
2769
54867
14280
11520
3150
308442
4083
2235
1776
5583
56031
72612
11001
34518
1149
18885
699
18612
119469
3072
2625
1536
43434
2244
1335
2757
2418
15336
4365
32334
51195
1659
77463
1863
3591
2418
1452
1272
1620
1149
3456
3309
2007
55311
171264
130857
1959
1800
1536
1920
11178
2106
28368
1920
194754
3372
1794
2484
5517
2250
1530
2820
23871
1209
4932
47658
2319
54606
4710
3762
94566
1590
3102
40023
2403
43767
2961
2742
2571
2067
6192
1812
2274
2073
217995
1965
1446
1200
132627
1569
1680
1587
197625
4689
3801
1224
2199
185088
1458
1956
2577
3375
2964
3015
3351
2553
316698
15870
59304
44436
7095
2256
2034
1740
3603
82917
2157
1059
2697
2634
2988
3963
3090
116520
3639
34689
1419
33483
3372
2238
1725
4350
120186
3192
3354
44640
1776
26370
2589
184422
97014
2316
108729
84141
1737
3099
22842
118455
3354
2820
1857
666
1029
1119
26373
1806
1593
3330
29046
1746
186135
4902
2709
2166
3687
50445
3249
2061
954
56748
2349
2610
2211
2529
32976
3180
101700
11991
11277
2442
81132
2205
3720
1884
2160
1329
2454
1926
1314
2490
1500
22074
3039
53175
4065
2607
4341
1059
1836
2493
3447
3717
1644
2793
1395
5064
2370
2403
1656
1797
2802
2190
3279
2988
3423
2169
1701
2061
2169
111048
1848
3060
1935
66645
2637
2925
58779
561777
2385
2799
2430
2811
1878
2628
2739
1539
2436
1542
24453
3012
45423
1704
3585
2274
3762
6252
67086
1944
3336
2442
3867
17853
2658
28629
2583
2160
121815
2436
2643
2106
16263
3171
1893
1017
1773
2085
40095
2646
1068
1818
3678
1788
1746
5172
71736
21528
3651
2811
71022
2061
2814
34836
3600
61755
1140
2076
2811
43122
3510
333522
2637
3666
2592
1824
924
2661
2610
1653
1680
3375
2301
1845
122514
62163
2322
2202
2328
47526
84123
63645
1548
876
2223
25083
1608
1470
83667
2643
3255
2277
116229
177987
24051
27771
1842
2640
130719
108840
3861
179262
23373
8646
639
1647
23418
35748
2400
3495
1785
7641
2076
1359
34347
3168
115074
2520
3261
13263
3333
3471
8655
1713
2019
2061
29961
133932
1956
3372
5076
2229
3762
188064
2718
3156
2454
96963
2235
3780
1503
81564
2787
2322
31047
14574
2724
36108
2676
1827
2298
302832
156231
193566
1527
106758
2541
1986
2253
4293
1734
2703
2616
4827
1899
2457
3144
2781
2295
5400
7005
2832
71193
1941
3717
102852
4188
3243
24609
60867
2157
2115
104106
2187
2691
3717
78549
3132
20088
120669
2154
2856
3933
186660
2511
2625
3597
2028
1668
16854
8790
3381
2889
1818
14790
2727
3000
3099
242769
1689
1863
1518
3084
127395
3306
1284
2853
1767
61824
12144
4950
2853
2913
2217
1836
2490
65976
1194
3075
1899
2739
2472
1827
44091
10743
39393
5208
2301
4422
1923
1326
1026
3723
1872
1521
295920
2475
2868
2829
108015
2739
1464
4281
1542
2556
3132
78909
1938
33738
2058
60192
1431
16647
423807
109044
4395
87078
2721
153303
4008
2472
2130
82569
2238
17391
1698
4659
2115
34518
13275
1797
4185
2139
1866
4095
162753
2235
343923
1851
3594
7458
3495
2232
62979
2067
215649
1602
250299
3231
2301
3789
4023
2523
3795
2016
1323
41613
2919
2112
2412
2019
54930
2472
66726
44304
45990
2529
5997
152181
1683
141696
1500
53733
129696
119433
1749
2859
1050
1500
29733
1842
52332
3216
100857
1656
25776
2436
2259
3507
2253
31827
80844
1779
41331
2313
10041
3774
3258
3354
3186
1443
1296
1344
1494
3105
8013
24237
25590
2763
2442
2172
2838
2136
2361
1821
2640
2700
1068
2097
2949
4173
2397
242133
1008
2673
1386
142797
1068
4539
3153
4062
4914
2154
1725
21687
21084
67776
2742
4191
2244
4302
2301
76128
1977
2817
1455
4926
1881
3219
2433
2022
78474
2763
1263
1794
1851
1263
4971
18333
2103
9717
24207
2700
4149
1905
1959
50475
2943
315
2031
3051
1017
2544
1806
4854
2649
69642
154092
82782
3963
2511
2727
81936
5046
3024
2847
63468
1923
1530
5373
57420
1995
3168
1746
2352
29574
1866
37791
36255
2016
2007
3951
38490
2772
13053
28548
2823
2577
4137
43716
2202
204
5547
3006
2250
2883
3279
1044
4746
1764
825
1548
2085
95571
54297
2715
1533
1140
3162
43956
1992
1650
1683
2976
62802
3012
57132
1947
386547
65601
1827
2445
3537
2427
2397
2148
2229
2442
2634
3612
32724
103131
2199
201849
3423
1581
2448
3087
1947
2208
4080
16254
2940
3315
18102
2820
1089
2010
14928
5013
1155
1620
56181
73824
34890
71334
2346
36300
2616
26475
65910
1560
12891
24816
1629
3723
1260
2841
4095
1728
39210
2955
2055
2433
109227
5187
361353
2775
2895
76917
1407
109203
33192
189705
2337
17982
192246
23367
1782
1719
106011
1908
64398
3375
2568
1908
42258
233994
2043
26472
2700
1173
2055
31533
2796
2064
2571
2127
1752
1239
3426
73935
2724
2694
53847
114798
1941
1857
2133
2751
16500
2952
489
2232
2379
4788
3030
3234
2778
37209
1746
2187
2490
3303
2268
459555
2751
2361
3045
984
3525
1827
24660
16431
1980
2478
5913
46902
1809
3201
53838
3276
32469
2658
17523
1932
2949
3555
1653
1584
14196
1470
1158
21240
15762
1743
2112
2754
1584
1974
2511
3354
2799
2307
290769
3945
3546
58017
2454
6093
2016
2694
2661
31974
2268
120525
2940
2928
2115
2979
1908
3954
2979
12600
1953
32148
47385
6303
3753
7128
2157
2685
3744
2406
1407
2376
2151
1668
2058
41355
137658
4827
2172
2100
90975
2040
1866
3261
76329
972
272685
64575
27843
3276
1728
4362
960
12057
2142
1248
3894
2121
3024
2520
62433
192279
3948
1053
2919
3261
4095
130956
2772
1683
128436
94557
4104
2013
118917
32124
3456
148275
1866
1803
2028
1497
1692
2166
100356
2376
3669
1812
2139
20907
2196
990
3213
1827
2115
86511
2136
51723
3318
2727
23814
2313
2610
17937
326835
1137
3414
185634
16593
37809
10278
111960
2772
3021
1770
1296
2439
19965
2526
2409
1137
2814
3183
2457
2205
1131
240432
2139
3228
1854
2013
2712
3819
1797
1524
325059
2559
2805
3192
54153
1710
1815
12129
5016
64182
1605
1884
2631
1968
48477
45924
3315
2118
2184
1899
365832
2229
1392
2223
1563
3690
242010
1530
81321
3660
3294
2181
2634
25641
2541
3450
3048
3426
2958
4302
129918
2415
1344
15057
32487
975
2034
2703
3303
1872
4299
3159
1920
2757
57474
11088
2094
2073
2196
2541
1992
3180
122412
1263
1407
361713
1935
4539
1635
18627
1128
1944
4278
1986
2082
269598
27033
2610
2028
16467
59352
1707
1800
4641
169389
22878
2244
3396
16155
1329
91296
378483
2580
45375
2664
2505
2028
1401
1707
66843
2424
2445
28455
1968
31809
7005
1917
2487
30534
3420
2463
2664
1449
1833
36654
1947
3063
8919
2028
109047
2511
1473
1920
33537
1899
26772
1869
2283
2556
31539
160653
2898
1758
2124
1518
2640
2784
2217
2430
3126
2298
1713
2898
3861
3120
2208
2868
9960
2664
1245
6000
125931
35715
5685
4431
161709
1461
3021
2514
46851
61713
4560
19203
58176
2391
3621
2319
1512
140805
1644
2826
65775
266139
4143
2820
2625
107703
3585
29904
3444
3378
3006
16023
60783
40209
1851
6435
1518
1722
1266
1992
2277
2739
2820
2709
1392
2406
225
187161
1269
75108
1395
5214
1722
4656
1545
33822
3192
3213
1890
3159
2088
2784
1782
56280
349461
1599
161781
2571
108837
3090
46428
5109
1608
3516
3576
1629
189747
3705
18810
3858
135909
3666
2460
1794
5322
49455
2601
2850
13614
13809
1806
1212
55575
2586
113583
101679
2805
1368
2082
102078
1311
2832
2391
56553
92631
10878
2301
2196
34590
2355
1458
5424
1806
4632
1431
5019
3945
1974
2820
1986
1050
2901
46431
6852
3465
2433
32154
4452
4038
3291
2928
5067
2706
2046
125076
4173
2724
5070
192072
2586
7620
1758
26316
6906
1122
2868
2649
1446
3480
1473
141189
4371
1398
23859
4308
3102
2799
26718
1947
558
1932
1815
1398
34809
3468
4236
1962
3045
2088
1542
3573
23136
95040
2250
2730
1491
189027
38553
1752
2667
2199
1965
1512
25002
1035
9954
2094
1995
3879
2109
101145
177933
1659
1749
2163
1260
1557
3780
348
152658
70572
2847
1701
2490
166905
4842
25338
3405
1452
2583
4803
2379
1896
2892
2769
30069
1728
2373
2745
96756
2835
2142
3540
66909
1968
1098
1623
2403
4890
2733
2106
1878
49449
3000
2508
2985
1554
198345
1758
3264
41307
2655
1887
3786
1491
19098
2373
114417
3561
1053
1926
38427
40395
3843
3417
18498
1542
3087
2457
5136
2844
2070
1509
4056
19179
96402
2631
3462
2484
1452
2109
2859
2766
5877
2706
94764
20937
2466
43743
4404
50463
1251
3057
47565
1743
177759
1527
1806
41118
3024
1527
2373
4050
3528
3570
1539
2175
2523
1917
75792
1716
68544
2322
2109
3573
2163
105330
23574
1875
22422
2208
1968
38511
2493
93540
3561
528
2343
3033
10038
6495
2208
2994
18300
3249
1785
3084
2580
1821
7878
1965
2106
34566
2079
2841
2535
42540
2970
4080
2538
2205
2634
3699
387
2109
2331
1686
3165
1494
1737
25731
97890
32859
2358
2409
72705
2271
2379
26130
1656
2583
2052
49317
2754
47364
2361
25596
2904
30885
73032
151590
2076
2367
876
1758
9918
2301
2793
90210
1326
1620
1776
1581
176406
92991
51408
3570
126399
2052
78831
9480
41718
3264
1992
2763
3450
67542
2190
26619
94458
2616
3591
1989
2214
22620
3519
41757
97194
3057
146925
1662
1314
2904
2082
1653
3405
3495
3528
4557
3066
2514
39915
3252
117519
3027
2859
2118
119790
42276
3063
2100
2778
1767
2199
35004
2451
3798
4422
4311
3456
170070
2274
52581
1575
184599
3645
17220
2058
1761
2601
1830
5214
978
2892
2223
46671
39021
1302
2541
57774
2862
2571
5349
2091
28650
155496
3339
111147
3027
5718
226686
40767
1719
3954
3960
8958
1608
1977
3684
1716
1926
3513
2694
2991
3090
63858
2697
4128
49968
2343
2742
1842
113367
3060
2676
21492
107370
1527
2802
63456
1740
187122
42840
3384
13125
1719
3045
289071
2373
1851
35349
61278
2190
2073
3291
2088
2145
84126
1821
1020
40110
1296
2076
177009
124647
2730
2250
3192
79920
1380
2253
9564
3096
2325
2565
3807
2634
2667
142146
19047
1164
53622
3432
23475
2631
3105
26955
2418
1905
15948
2664
4074
2577
188154
2160
3432
9468
1383
2640
170526
1122
2169
2829
2454
1743
1665
461913
4128
120804
3864
2220
32817
1818
2574
4251
22014
3078
1620
2574
117285
2517
34620
2493
137709
43764
2379
1743
2727
588
990
6723
1143
2607
480336
1116
42087
1968
5526
3816
2421
6405
22161
61488
3579
1413
2367
2901
2061
2673
2289
2694
178803
42204
62223
2103
1929
2478
2154
2577
1284
59691
4290
1929
187173
1842
3243
3009
53805
2799
2886
2718
2019
206745
3447
46815
1506
2565
1377
1560
3963
2973
1974
96573
2763
2877
1740
33393
129741
2934
1932
4653
1647
2394
1488
3321
4128
75756
2832
1704
63066
42066
13221
2142
2163
3417
32799
2964
3723
1050
243270
1671
18330
3468
3321
2490
5976
3393
1377
3006
4521
1785
21561
2991
52344
2550
49185
5841
168642
89664
2544
25527
2508
93741
2433
50406
1965
3279
35331
2289
3378
2661
2199
2748
3231
1890
1671
1770
2325
2133
21888
145800
1374
3102
331962
188397
3135
3321
1404
2115
3093
2760
2967
107592
1917
26784
83766
2325
4191
3498
1863
41736
104121
111036
2295
3321
3123
53106
1581
2160
28104
84000
279465
69021
3675
3048
9672
5955
2382
1686
2229
5085
103572
110292
1425
2061
3693
139272
1764
26334
1311
2874
1587
100296
2892
3489
95643
1743
156048
1866
4173
2280
2178
43263
2592
8118
78168
3339
1947
6651
3531
102282
19512
78609
3285
2862
2637
2481
3855
31293
3921
2985
696
2142
1977
1443
2610
1707
1950
2883
8019
2904
144363
1200
1485
2835
2907
99258
67746
10953
1464
3357
2883
2988
65544
3099
70494
110109
3402
4911
50559
1476
30921
203277
1794
4017
3444
5019
276912
1467
20124
2838
1503
19506
2181
1002
1932
25986
2994
2424
1494
1713
48093
2871
145590
1935
3018
3711
4860
1101
1503
2613
2802
2364
1251
2334
1926
2628
27180
2247
1743
2031
2439
1500
3801
2004
1839
205815
1869
74229
1644
1122
13353
6126
1650
311013
1827
2697
1626
3603
2661
22071
1536
2031
2358
2763
3627
106614
2757
1533
77202
1053
4389
3168
2370
3222
1704
1689
68079
15612
4641
50226
2466
2394
6168
2682
74295
1776
3267
1962
2184
117747
2787
1773
152001
1695
2823
2034
3399
41595
3264
3759
2595
39081
1461
1539
2346
131421
3693
79875
3234
21459
71079
504
2274
1662
43956
2961
2859
2223
84816
3408
1137
1620
1446
2937
4641
1827
138411
1953
2919
19128
3918
39144
2646
2352
33960
1287
2256
98661
42315
2460
3024
66276
2676
4296
2913
1671
36345
3159
3222
1953
3258
1722
54219
206718
1626
16494
42882
1779
313182
1542
154335
17793
1476
2193
2223
3123
215883
2760
77775
1167
3414
10038
2643
2709
3252
2049
1368
165780
1635
41448
4131
110478
2976
2361
1818
2100
3075
3921
2175
5130
10059
41499
4119
3486
2955
90978
1878
1032
2682
3552
71778
3135
1746
1533
99744
44712
36885
2415
2946
134307
36279
1932
44412
2949
1371
74202
2595
34356
32676
89052
2748
3867
5100
1827
2151
2343
2235
12888
44268
1674
2427
2100
3231
60690
1344
145749
1428
1452
1392
2199
138873
1092
2622
2064
2772
2925
1743
3198
2829
2205
18243
4896
2934
1830
2727
49488
1887
62358
2634
1704
2280
2874
2214
2634
34950
2721
81957
2721
3825
2661
3075
1716
2013
4629
1308
3402
10983
11025
1887
2079
2865
35358
92754
2637
1701
12891
2883
2142
3384
1707
83265
2451
85368
51126
42294
2958
1695
1443
287772
861
1593
73683
2181
2772
1902
3030
84762
1680
160428
11151
6942
2631
1971
1956
54321
1548
124041
102048
80067
1524
4443
112839
78825
1323
2475
1935
3291
2445
1632
2745
1452
401976
1776
60018
2109
2445
43410
4056
1371
5763
1728
2136
1476
362949
56601
39315
85158
3513
3885
2781
2421
4488
2085
16572
2781
975
10632
1854
3363
101211
3195
3309
32850
10653
1860
2691
42597
2268
40644
53046
1620
1569
129684
1119
67095
69132
4767
2076
1704
271245
3138
3642
52611
3717
149040
2568
2439
2604
34686
2760
146286
1821
2244
3297
2277
3132
3168
26304
1335
2367
2769
2787
1998
1731
54858
2556
188109
2271
10620
4545
2037
3042
2886
1878
1932
24006
2853
2742
3654
2895
237
34890
1596
2067
1146
1422
86526
20895
180753
2286
2757
400146
3609
2349
2793
85944
3309
1656
1569
28608
1332
2634
3897
4731
2484
2046
67662
4560
3966
2007
3918
59550
10542
5112
72924
1641
2592
1941
1584
3720
2409
2553
4050
1878
1323
50115
1491
3624
1728
5292
33936
81501
2067
2358
549
65349
48324
2316
3486
2448
67653
2916
7938
3723
195189
1668
85785
2124
6147
237039
2808
29715
1731
2286
2172
1215
3363
3801
2079
41442
3600
1437
2532
4308
1851
1644
3693
2844
1827
2391
146670
38067
2457
2349
2025
702
3345
3447
2451
1641
2394
2628
4542
2292
121620
242052
2463
2109
2952
3078
22992
4071
3360
4137
2019
1722
2412
3837
34314
2238
1755
181737
1203
3747
2118
1566
57459
2940
1659
1962
3726
1944
162531
8946
128679
59067
3006
1728
2130
3270
76095
1932
52896
4038
2589
1356
1506
2589
2850
29796
3336
4272
3174
4167
8943
1074
121413
72180
3474
111930
2421
14346
5736
125457
1953
2283
1329
3690
4410
1992
2802
1722
2349
24171
99327
2196
2631
1212
2046
2934
65553
2877
2757
1539
2310
16812
1797
1836
185043
2247
228771
1392
17526
1902
1755
1395
2574
2238
136311
43212
1530
63666
1758
2283
1818
76506
254292
1566
35301
2595
1620
13293
2625
2943
2814
3759
2868
3288
3321
25032
1092
4173
4176
1962
1566
1437
2532
5718
1509
1941
168507
64938
108222
1923
1617
2139
1848
2154
12870
3063
1587
2121
2730
17031
1860
1029
2184
186843
2484
2895
177726
2577
49869
2397
69495
115866
2031
29658
43668
3639
2892
112845
24351
1533
33681
4125
186255
8112
21825
1545
2502
4275
1938
77301
4053
2199
186534
3036
2280
6174
3234
1299
6639
1548
2028
2181
3915
4575
3273
2298
3444
111438
984
2154
1536
1791
4254
139854
235236
3309
3027
75348
2181
1623
65532
1287
189690
2241
1866
2703
29583
3099
92331
2760
2685
3327
2301
26043
1947
3645
1302
2031
3375
2376
114504
1863
1866
3063
48174
3051
52638
363171
2493
2229
2088
2373
1590
2493
95484
1530
2190
83460
2721
61500
2310
2406
3045
2826
3933
4263
1374
1320
2517
1452
1752
5880
35688
1698
25671
2742
3144
154368
1890
171465
2622
3264
2082
46107
4113
245907
59511
3837
72822
29706
2007
1611
2178
1341
38871
2673
1194
1638
927
1623
3612
3597
2646
28530
77106
3207
3900
2490
1905
2241
11919
166005
7812
1692
2910
108549
1974
2667
2175
19794
2343
39180
1086
1527
2580
11631
2790
2325
2277
2064
462
6504
2472
3276
3465
1515
2289
26994
36369
3753
3072
1356
1971
97443
3351
2136
57315
2061
179073
2790
2910
4164
1629
179382
46116
53619
2106
2415
1161
4935
2253
1881
2448
2937
96489
1320
181950
3855
2127
2769
3852
102426
2259
1872
2016
1686
2406
1626
20088
2655
1803
2022
118680
2673
40269
138981
3981
262035
4746
1278
2955
1893
3552
1542
3624
2532
1830
1338
1347
1773
1869
131211
3483
19917
1797
2208
2913
2901
11991
1656
94692
1860
1635
1203
3567
2157
2208
3159
2124
4044
28446
121026
4944
2748
1740
4245
16053
49092
1335
19194
109449
322665
1575
2970
13932
3975
1848
83286
2889
1530
3669
3285
1986
1557
2133
3084
1092
3570
3090
2277
11778
2583
3111
1110
176589
16554
17382
2403
3174
2007
2556
1602
47667
2373
1566
3609
37227
3840
3753
1692
159366
1464
2940
3678
3693
2688
2094
3678
8481
28077
105642
5442
4404
109038
25188
3744
2013
4473
1839
37566
271113
116583
1419
4095
2706
4143
2907
1500
2688
186
61290
1560
2643
2397
4017
5127
2784
4908
121455
492843
2367
1782
1986
4062
5199
1773
80718
135969
2565
2466
4494
2790
1164
2622
3618
3504
1515
104676
44778
12783
2601
131142
1986
36465
2691
2016
2961
1566
3153
4911
4473
3633
1194
199320
1938
2868
2100
2520
1365
1401
1716
1125
2340
2775
2514
26913
2703
2175
38613
1749
158913
214809
1581
2199
15309
2040
3393
2730
1089
3666
2979
171363
1233
2289
43320
2070
1941
4341
1602
4680
3594
45414
138858
1647
2454
2394
2361
257817
5436
26304
3273
2655
3150
1836
1173
7755
2100
51162
1719
39672
1617
2553
15609
3057
1695
2487
1662
1953
1797
4326
4191
9390
158517
3033
5802
1146
87384
3084
2502
1716
2151
1041
1854
4245
2658
1083
28116
2988
2907
17970
50424
2442
2958
25533
1176
2925
21177
2688
109653
89832
2826
3522
34128
1344
113907
1551
3015
2004
8739
14718
3591
62874
2904
134481
3408
3375
3450
16599
3375
2697
2463
2784
2235
3270
1680
4086
48993
2157
176862
1401
30960
2109
35571
3852
2628
2586
3921
4626
78534
1533
1290
64917
1515
28683
1305
1164
2007
2691
1860
181527
73620
2070
2298
3210
2817
3972
3315
68904
7089
1782
9129
1788
4506
975
2661
4806
2280
1575
18363
3438
34428
1839
3828
31644
882
2913
5337
142674
13287
399
3510
2487
21408
1983
4170
1962
63873
9576
1104
4536
2550
209736
2421
4545
32019
59562
1611
33261
210612
164556
2187
87372
14895
97587
2703
1716
2073
11427
2802
2199
1521
53724
13242
1830
117063
283677
25599
309
855
4401
3003
2499
65637
70869
2337
3318
2940
3534
2643
1563
43950
1761
2997
53031
94938
2088
2640
3069
3270
1473
2130
1671
6996
63219
2049
13209
143103
79452
11961
16809
153237
1833
3729
1815
84678
9714
10389
1956
1644
2871
1860
1656
3723
1719
2790
1791
2163
48861
1371
3417
35004
3567
247341
2811
72189
13860
1782
4833
2553
1479
60309
4128
1434
18093
2730
2025
1929
3867
1728
1500
1314
2040
242025
3957
88494
126912
42399
2229
2229
37509
2520
59718
1959
3204
3810
69405
2511
767658
3726
2469
412068
33234
4122
1902
2694
71316
30174
314010
1590
3876
2715
2769
5043
46149
3834
2160
1821
2394
50625
3006
1962
1947
3741
3291
1221
1332
3225
7200
3735
1686
2634
8343
1641
2988
1623
900
23595
2070
2439
9753
84162
1518
1986
113937
3465
1332
32487
2253
2307
16101
11388
2889
8367
3567
4539
2718
14961
2718
168237
2346
4926
9525
2682
116958
2163
13191
2502
1890
3132
3687
2616
112794
1680
2421
2301
67755
2169
3384
69933
6540
1911
1980
79824
1428
23844
3975
2766
2241
474504
42840
2850
2331
3288
2385
4941
2442
1299
2667
152892
37746
42042
29577
2544
1809
17205
34722
282738
1881
1788
2889
2397
1989
1251
201675
232302
3975
4278
2181
90192
12726
2142
5832
3072
2568
3669
153231
1521
2328
2613
44148
152211
36654
3177
3228
111315
3588
46035
1419
4542
1653
2169
5490
2628
100959
1695
2610
2067
268983
55557
2592
1722
52920
3453
178479
1911
2574
2511
1023
284682
188976
22476
25713
2058
1941
3057
2691
4164
3066
2280
2559
24792
1092
23730
3312
1860
4473
2442
1674
1791
2352
2763
2763
185538
2244
1974
1935
2472
22464
453744
1284
20793
1974
1986
2181
1710
225111
105306
1809
30891
3879
82194
2742
2250
1932
3093
2055
2538
54702
93408
1362
1578
25152
1305
2166
3522
1875
69318
2238
879
1644
3000
1521
1455
80034
2298
1464
3531
63201
2409
67248
2616
194295
3423
35631
46665
30219
3765
89931
1650
3663
2892
1860
40554
27369
1383
2109
2163
64212
112014
5976
1734
2358
2127
42489
2391
3921
56874
3060
3960
2835
1887
3033
9162
8022
34365
2412
24558
2493
1344
1518
8577
2460
3189
2256
3180
2667
32610
2460
1971
127128
95055
2094
2787
1902
2196
10743
2391
3453
78516
2340
3285
1407
3684
12030
19347
2661
232608
3384
13902
2235
2958
2202
1797
1950
207921
170181
1542
2613
2457
2067
2520
2103
30939
67302
2862
1989
66228
2148
2181
2055
2619
3822
2235
2310
2283
22551
30663
40395
2004
2286
4551
280143
14685
2553
39498
1665
135417
37662
3267
2250
1677
2988
2943
2487
20217
236199
2121
1290
2949
25578
2256
3441
208257
1638
2475
33762
1632
2682
3549
2187
35523
1788
3567
1353
2721
240540
3225
5175
5220
3612
2220
1386
2160
68358
4137
2565
18060
2967
118467
100281
1332
1788
1686
70956
5766
2316
2502
4527
29928
72039
54474
1848
165651
1254
246432
1983
115647
53391
34299
219870
2943
91410
2952
1938
5070
3723
33744
4881
4170
24357
1221
23610
2412
2814
3186
26172
78516
3915
57717
3333
5367
2487
53619
2925
1722
2391
3471
77751
1215
44724
1446
1659
1584
2193
1908
26784
1521
2547
55050
3375
2613
4026
3558
178923
1743
78348
4506
143286
2679
1653
3054
10485
1659
32958
106497
17907
1149
1851
2088
2757
2664
1167
33345
2535
5463
2814
99852
3666
2184
52908
2712
59826
3333
109290
2013
1722
1470
3504
1770
46716
3189
3285
2223
7620
43125
2583
1998
65772
1056
3609
179628
1425
3288
66744
636015
116820
2124
121992
1815
39564
1656
155256
175665
9762
49506
4020
15009
127566
244857
2439
2172
4548
159639
148125
2085
21078
570
4104
2328
2760
135495
1596
2892
1590
50643
1566
3831
2442
24591
5793
168036
1485
5325
3645
1653
1779
5973
1665
3546
1968
1995
3828
2460
1620
1614
9447
2964
3282
106941
15873
2238
27510
49176
3162
2688
21636
1473
2346
2421
100902
3984
2643
47997
4686
1089
2367
2481
2724
10020
3798
2427
3282
4056
2877
17727
94467
3573
2442
2802
1590
11901
304857
24351
90243
2889
2373
14460
1233
2340
2337
1983
3510
93693
3582
36789
45288
38391
3030
1656
2337
2313
104955
110889
1995
9837
1320
2049
43440
2559
3678
2880
53241
108423
2283
1617
1980
64632
3069
1656
29370
5355
2655
4659
2772
3306
2514
2871
2295
47388
1641
8166
194895
2667
2832
106389
90195
139389
2778
2760
2610
45498
63912
1347
46242
3435
2835
2610
2268
3546
1038
3015
2235
33477
6537
1344
167058
1836
2076
2832
2439
5094
3510
1554
3996
2835
49044
1905
2310
1356
50601
2265
3807
220941
3291
2607
3993
1578
2463
2715
2217
3333
2400
1677
1443
1797
30870
2730
1554
2217
1482
54669
1719
23673
1263
2841
51423
2457
2523
2046
149760
64110
2058
1989
10524
2610
322719
1785
1596
3762
13677
2742
2175
93312
32724
12375
138849
2586
3075
4752
2589
2808
129069
3885
4050
2037
53256
2811
2901
2601
21678
31752
3111
2496
3705
2004
65931
35874
7170
3345
1446
4305
3873
2016
6921
1806
3564
9555
2211
2187
11187
2271
164706
1899
2619
3210
2706
1548
4674
67395
5160
2709
1125
1329
2586
70689
2481
4170
3891
18321
38670
149352
2688
1767
25056
3294
3216
1983
48723
4737
29952
2943
2397
1533
1914
29586
2277
41790
1407
3468
38673
21504
1317
3714
2001
2415
4362
3555
100458
58878
1671
1989
2694
2469
2673
93219
1890
157770
178479
21204
2292
4818
121623
3483
2088
1335
1026
37662
56658
3813
1632
2208
3012
1779
4389
2889
38781
2715
66693
2070
3309
2664
2292
3282
3360
3156
99999
1686
29106
2073
4287
1602
2829
1479
1566
83799
58944
2919
2997
2598
2595
254700
3306
3744
57954
2559
1173
190335
2529
2088
3723
1983
1665
1980
63183
146877
2937
56706
2175
29253
1089
3138
2598
95313
2568
5229
46482
56391
2496
1557
1896
4239
2433
5169
42555
4293
2220
109446
2409
2382
2277
423741
18096
10623
26325
19020
2412
2871
3612
3210
3072
69870
3180
38298
23814
2595
2439
2583
2601
62517
1767
38583
2418
4191
3474
2709
3000
16083
1440
1827
2007
2148
1554
1884
6075
2616
2499
196200
3390
61479
6837
1371
2286
2319
2169
2436
4032
3456
4314
2760
2820
24672
2754
43527
2547
3330
6042
181122
975
1188
1572
2025
3627
1419
3264
20121
3567
3405
80970
8070
1299
87960
3168
35046
3141
1569
95493
1650
2295
4158
2001
94278
1566
1959
3084
4755
56637
1527
4920
3693
1476
2562
2601
57507
46281
4206
11130
2010
142161
21012
4137
2976
3270
1575
89388
104328
64839
2301
2826
2505
2217
1197
1686
1350
3534
3507
1473
2505
2559
53022
3609
3915
2037
1902
76005
2394
22980
1575
60531
2184
2283
4689
3582
1389
179973
28173
2376
97542
1821
68580
1338
225
2034
184776
1086
3363
1728
65274
5466
20355
1932
2481
489
16341
3636
4074
25914
1740
13554
6333
1998
2280
2901
2367
3969
98370
2196
40464
2775
4953
4560
1719
1494
2028
2328
55707
3066
52977
3348
35337
80556
2292
1419
1821
162171
2163
2418
4719
2124
40926
2202
1146
2220
163947
3210
10233
1275
2289
2985
2286
2319
2100
2865
3165
181614
2763
2976
121686
1962
1980
3687
2457
26409
24252
2367
24003
3345
52794
63438
1842
3243
1797
47937
77898
1929
72807
1650
1587
1905
21015
1914
3075
1539
3219
49617
1449
10347
2049
1650
33333
37842
87363
2772
2316
1374
36372
2028
8643
1338
1374
1788
5580
2232
2523
1995
53289
2556
26412
220272
54696
2244
40653
143145
1932
3450
2172
1665
525
3384
2268
13221
23289
2742
2316
1902
2871
207834
31689
3012
2406
1983
3093
50967
6147
2700
1617
26010
1815
26898
3513
19473
2454
104976
1959
82860
1590
62655
1566
71514
3165
8448
9987
1527
1647
3414
22617
11562
1533
2898
123087
2178
222318
37440
7128
1785
5466
275454
93756
3207
1593
2655
3489
1899
4230
186216
3549
61392
1299
1905
2223
43866
68148
5067
106503
2274
2391
4770
2748
34107
2826
30915
38214
2601
3357
2766
2079
2202
139503
2217
1644
1338
2535
2703
3645
34878
3063
1716
1935
2907
1458
28755
100416
204681
93462
2661
2934
1812
68976
1812
1755
34824
4185
72558
3414
113343
18933
1635
3510
1953
3036
2448
9447
1944
2922
519
2127
1620
5748
1449
29595
97518
60681
2427
207744
2574
2841
2307
2418
201477
4314
142671
1149
32124
44748
1026
1515
2355
1836
1401
208854
1860
2886
2784
1755
1977
2112
67188
2811
2271
2634
1950
293295
2346
2652
21585
2331
2415
192024
70902
106032
41205
94812
36663
56604
2373
1761
143829
1809
2961
120315
144948
1227
5964
10290
50217
2100
53304
2382
2301
51465
1029
2058
1281
4065
29679
3054
1770
1902
2142
23019
2178
15141
2679
259794
3675
1182
143874
194208
46851
2736
4653
2163
15870
2604
2190
78984
3852
1758
1944
1884
3519
3606
1299
63921
2622
185229
13050
2715
1854
2430
2505
2517
2520
34365
3057
36333
3351
258
20772
1857
2532
1572
141516
1848
3477
1620
19749
2310
3042
3189
45855
3957
1602
2625
147294
3237
1485
3021
21735
3141
2265
2241
68766
89688
3834
2982
3021
66894
34269
8004
107391
1122
5283
6180
30702
2430
1803
1806
73698
2313
1248
3228
4086
55161
3972
88851
5106
75504
2256
75369
2448
1014
118800
1920
2718
1863
1803
125145
1935
146349
3633
2454
3066
2667
2229
161232
1605
80631
23088
76347
173352
4422
9441
2157
149106
2496
2952
56370
3129
3423
3258
3234
87135
27090
200871
2673
4959
3546
4791
23820
8625
3669
1650
53733
159348
1899
10416
2940
86502
2724
66936
57543
180876
3183
2295
3864
1764
2475
2103
2205
23793
2586
2235
2460
2052
2625
2838
2160
1410
66249
1602
1635
1599
1881
35700
4203
1890
1881
1689
15372
2724
1935
4449
3744
1449
37818
74571
42579
69855
111285
4455
2862
3654
1695
1512
110607
1746
127257
2295
2439
1428
4059
3264
1161
1878
2214
1812
1617
3618
2298
1581
1941
37911
3330
4722
38895
2064
1641
248676
3366
38979
1443
63027
3129
2490
77451
2475
3153
2580
256047
2781
2820
2244
1332
1119
4242
2715
32454
4023
2190
2820
18744
2274
3276
2253
23862
2061
2502
105510
1890
25419
237846
1350
63093
63162
2277
3057
1857
5742
70989
2556
3603
59241
2865
1767
1713
2031
14352
35643
277974
39027
1794
2208
26589
109188
169329
2379
98088
1575
105486
44301
2475
25983
2397
2295
1797
8847
2814
2601
3018
2163
2757
3018
106947
274917
4068
19647
1311
4956
351975
171279
94713
3225
1719
22518
4485
126783
2241
41910
41499
28029
41439
1632
2043
2631
1371
5490
1965
3774
85305
117861
2865
65445
83910
3660
2517
64461
2442
1380
2691
205569
2559
1530
1992
2022
96969
2532
2157
5103
3573
2862
1941
25617
2013
22086
1344
2259
2694
3057
1662
2064
1578
16107
2334
3999
2526
110601
1740
90381
4551
25275
1785
2649
1638
2220
23991
2676
5145
2028
2553
1620
3342
124572
1794
1803
2163
3249
73995
1545
69780
10002
17304
1464
9513
2658
3912
4677
60540
2616
174615
3969
159489
1785
201933
3171
2556
30228
2274
97563
1806
3177
1608
1224
1875
1911
2994
2025
1884
1608
1899
62121
1392
2868
3051
1581
1959
4827
128793
3390
3285
28770
2664
1842
22458
1449
52002
139536
10092
81630
104022
19059
2625
1785
2703
203334
1551
2445
3312
3744
3087
3057
17901
50949
5025
2937
3240
41196
3057
2046
257592
2280
1914
218928
2484
3654
1743
1878
152679
33144
1488
2235
21438
3978
2619
3333
171699
3099
207837
3207
1497
20640
1431
3165
1536
193356
87165
1311
3345
2265
24390
1185
4332
136227
2988
1734
1935
44259
2034
2958
37140
1461
4485
3021
2187
1617
28740
1665
4083
2550
2229
32847
3042
70140
3696
87699
3960
3162
3138
121767
103920
40770
3207
2064
2694
3156
157551
1791
40479
1488
1674
1530
3408
152871
4476
4095
1704
4974
2559
2976
3615
31767
91368
2766
27036
2514
2805
4782
1950
4854
13107
3279
2877
2496
122754
29226
15984
2073
78111
49782
708
112755
3381
4515
181449
76089
2373
11295
2358
2283
2283
1392
6504
71085
9168
3477
2823
1269
3846
1704
1953
1632
2703
7995
203268
2457
3168
22923
2574
1458
1938
4182
1266
3240
84102
1920
3474
1830
4650
1602
42843
3144
2898
2199
2730
8133
23124
5310
2337
1965
144846
1590
43365
3555
1782
15723
136857
2151
11046
25230
96528
46494
1200
39204
57342
1827
4617
3285
16386
46917
49773
31650
15450
3669
8514
135360
13386
119697
52788
2958
5406
4839
6540
197292
6639
1953
79917
4923
7545
14334
5262
51147
27828
434433
2853
80730
3924
2556
32112
37896
127455
51348
23106
12159
6048
45009
3726
53484
196638
3174
7584
4245
231432
225519
5355
17412
4842
529401
6090
6489
12030
15021
82935
6477
5103
6813
10191
24009
5931
51525
15708
66012
38823
90189
41472
51519
88122
7125
10662
425646
64683
4293
4527
3645
60693
150156
2865
6345
3912
5577
12873
15609
2622
125079
3825
172389
3741
5868
3399
58011
88494
2982
5676
113013
27960
4836
202338
214908
2778
8175
77091
7554
3801
2775
2361
33363
7680
129528
2526
2166
8649
4386
3642
14808
3351
4338
61131
130677
214026
144576
43755
5502
6018
271146
3402
6432
2424
31413
149325
62160
27582
3420
211554
4461
5055
7392
4572
4713
4029
2337
109329
2976
3339
39516
18105
3480
96873
58368
5031
6996
75351
5784
18681
38043
4365
195429
138663
1443
131052
3825
4722
40620
57600
82824
101184
42930
2934
4482
4305
5661
46644
196230
270540
406467
56127
12021
4542
130866
120624
4803
78462
93339
8859
3351
42783
2109
4641
12840
118035
6639
10254
88779
2298
3081
8631
3078
29061
54372
23868
345486
116247
29262
3369
3081
107730
3921
55386
84006
4524
7947
4383
5820
8742
335808
10878
67176
108885
4872
4254
3891
6279
2376
6006
9114
35964
10374
127398
5745
6285
26871
3954
6897
245199
198213
5424
148926
64206
5232
264642
81612
7998
116772
28692
88953
68325
5067
7647
48369
147834
14586
55014
2856
55233
103095
7854
1668
86700
4809
124638
88935
7269
8430
34845
72144
74466
52974
4413
3129
12552
72549
3456
4518
8082
3759
4461
14751
4068
7098
6240
3726
3888
3804
2013
8370
4272
2805
69627
3417
64248
166506
158427
5151
131955
3507
21813
47004
60312
81744
5328
3414
22428
3438
10746
4293
109521
280968
3234
3018
43704
125799
9705
2418
10149
30369
13878
4701
8250
2613
5460
5739
3807
6822
4065
3015
75285
1533
3480
81900
2727
4119
68475
41613
202776
36357
5475
108075
4800
70209
2163
3936
8325
2436
7317
5523
191829
4095
60018
299424
27729
2055
26634
9792
13122
38481
2247
4239
10257
2340
6417
21726
39033
3582
6624
27627
49743
2763
380721
111945
13179
40605
1506
33300
3906
2670
2382
131760
3288
9168
2382
235491
28674
185217
239199
22317
10536
8706
6486
3336
2370
233712
5664
1914
5319
11694
55233
213495
10572
31131
12483
32643
1311
33912
2631
269577
4827
181059
9156
4035
79752
3459
3600
10308
23082
21672
159870
2031
3393
35424
35685
3678
13524
77133
11376
3810
20394
36906
55746
5367
24828
7008
27753
60723
3507
27918
46005
31170
8595
7263
161088
8718
166995
6894
88962
6162
6150
7314
2769
72492
64683
108795
9324
16755
138432
97734
4221
32922
5961
5391
24519
3129
8436
81468
69072
141927
146529
4980
77796
3168
6009
3189
3852
104865
48063
4542
45342
144183
63345
293127
15480
22566
21237
70059
3519
5091
49926
61947
2541
24624
3663
1467
2847
6180
3213
4983
136794
4116
210708
2148
222735
47247
174234
2844
3903
5115
1932
14271
41910
352206
100827
7515
4254
4680
72219
4053
3747
11403
4614
25368
2154
3702
4836
15084
11424
7185
90261
8520
4947
4209
3774
3165
5607
50442
124902
3951
2598
3606
4656
1035
3384
6633
2244
3627
5787
4632
28692
4770
20832
3219
95511
7107
14937
3630
5979
4200
4377
34152
128184
5778
60648
6429
22473
40416
89976
3639
4533
4848
67836
22770
35490
3129
98076
4134
12597
8427
71301
19338
4242
2769
3084
2829
6216
3966
3255
4545
9678
5601
13647
10845
56250
4464
5034
37191
2868
27519
7104
232716
26811
41796
2664
3639
130416
2397
94692
5502
4191
1881
118053
3042
5526
3501
3855
270465
8988
3675
3633
7971
3834
4824
28182
8283
3720
9858
6207
2373
66762
4239
2814
2868
6708
77211
21855
5259
3387
4971
84189
3066
3348
78942
1596
2931
53781
6144
2661
3813
2808
21273
2496
4671
4020
69381
2322
5979
48165
4254
2898
3051
28236
18432
7293
10275
99
105
96
236115
3990
4350
110595
5817
55401
136341
14940
27378
29613
5910
2034
4734
143265
77076
9135
19416
5136
4683
6366
353325
233250
56010
206523
260580
46485
11931
60210
7386
4329
6021
33126
3360
135312
10986
12504
5994
8925
160980
12102
10551
2538
23403
3972
74121
20013
3993
199095
3417
1404
7374
160074
6312
72819
134994
3873
6576
6714
4554
118695
3948
107172
9186
7344
119535
3120
4482
12591
49332
70260
8877
5940
68988
26259
7905
7002
29385
237129
28848
3753
33303
1734
1944
10137
37494
14544
24909
3576
96903
34491
80814
2688
2976
25215
65016
5493
2736
5265
27747
6432
2655
28791
22689
13449
2385
5688
66051
5832
86451
308502
7149
3435
2340
178155
72894
5097
22602
2811
101364
7278
110244
55470
2265
5979
30771
78273
7020
16614
4773
196830
6570
2748
5451
6426
1731
299472
4536
156219
2817
6075
4557
153105
5709
11655
200148
3720
4014
4776
73560
105594
7302
42681
6234
28188
5436
8838
3111
3870
45033
4299
7686
11148
89328
8502
68916
4704
5697
191313
4665
2835
3810
8433
29460
4014
1941
7185
90246
64275
8844
18408
5031
7509
79041
8907
1992
55125
134400
9513
65022
84753
10818
117771
4662
83517
6858
124794
189588
22611
5034
4380
6303
5193
156540
7371
9672
152589
15195
4326
5571
15474
3675
135804
2631
23052
69639
2700
3447
28194
8409
3726
89190
6132
132195
4821
5553
39495
15603
9000
3840
11154
4563
63384
141237
71313
7329
59955
3666
176505
41298
224505
5454
3456
10827
34320
6672
151071
67317
97746
71904
260751
6573
210708
3720
184356
4731
6246
143118
4863
5985
74655
58512
61326
79494
113346
50826
13029
105693
3033
31920
7746
44355
50490
4311
242010
32790
3969
39000
106161
405834
5895
107160
8619
5796
109245
7284
187263
28899
73893
82305
71880
5484
18891
8685
3942
3501
6024
131355
3669
11124
289860
6189
161763
7581
34380
7311
2550
4965
97548
3123
11886
4179
13233
12519
41706
4824
1800
110724
38079
67032
4695
4983
2844
5910
25401
3009
9837
113172
20982
37251
3039
3675
10047
81807
7629
20277
4284
4014
11574
99306
2439
3702
35652
21042
96150
1749
55296
8217
49005
6510
1851
2325
169011
4083
5469
2232
1482
30867
3150
1623
1563
53085
2751
2883
3618
1317
5307
1605
939
108090
1947
81879
4290
187626
1416
15834
67752
3627
3378
37260
52263
15708
23103
4836
3480
2994
12297
2970
2535
26607
2811
3534
2157
1374
14700
1977
51885
1233
3189
1764
2997
933
180003
1866
1908
2379
83580
5868
1284
2460
144282
1506
2334
1497
11019
2604
84282
14259
4590
1668
2646
2868
2400
1956
1485
1629
35541
9792
3921
1986
3234
28596
14103
2574
1878
2739
71610
1395
20589
59199
2061
2640
31668
166488
98259
2070
2622
1527
2148
1197
2334
693
2529
2913
2694
119025
1734
2355
4638
2094
3435
56763
88512
2778
3891
4695
35463
1623
1827
139809
2481
25920
1983
6606
2064
2373
56103
44196
4101
3138
2418
2898
2130
1584
3471
67467
2169
52737
2139
47094
2574
62133
1554
3729
381228
2493
2943
1659
23997
1551
1497
3597
71880
3279
4059
259614
2646
1929
5997
276369
44649
1713
3108
79494
2262
84594
1653
314988
4491
2136
3195
59361
67515
2076
6975
37881
44838
119757
2463
1512
47832
1032
2418
2823
14559
3591
3528
27033
1413
47151
2877
81375
1842
3009
2304
2112
1317
2421
1629
3693
1965
1626
49767
1377
167343
2229
129846
1485
2163
1482
9828
3981
33624
199881
3159
3465
2202
6888
1524
2019
27072
5226
3177
44505
3297
2505
48807
5679
3273
99540
2292
40650
2325
2448
37161
4113
4629
2577
3090
1659
7377
2370
2811
1713
185430
31809
1329
2535
136971
4473
2247
1434
192552
8808
4167
1593
1587
182064
984
1554
2967
2664
2823
2100
4044
2049
4800
312333
76485
51759
321
1752
2796
2091
2742
1242
79068
1953
1881
2172
3249
2736
1635
900
115416
1686
477
38367
39432
2856
1200
3543
127497
3960
47739
2463
13290
10860
187890
94449
1422
1845
104331
88818
1722
148521
1893
1974
3435
2097
2214
22638
2529
3888
1482
5400
22557
2124
184806
2556
5667
1947
2628
3708
13617
2346
2550
37452
4266
1389
38577
165294
1587
1530
93648
2277
2697
27951
70386
2613
948
2817
2559
1983
1083
16692
3693
30405
81354
3786
73749
14415
1524
2784
71238
2871
1542
12966
66531
3546
3858
2517
2211
1932
1299
2259
1995
100491
1191
1422
2010
1803
2598
3420
32739
5475
1641
2238
3906
3234
32643
24738
47499
20601
79941
2679
1509
1236
3585
109653
2226
2295
1506
2082
1548
1479
1821
2346
2526
2064
2565
2046
36735
5328
2103
1929
2253
2589
48822
190560
14880
1446
3024
265302
4932
3837
2013
191865
2079
52527
4122
3036
2190
2199
2598
3285
1209
198576
94332
5856
3021
2598
1632
1509
2097
3600
2199
124098
113586
51492
9450
2655
2277
223149
3405
2919
78591
36756
2940
43278
2124
5709
20424
2106
76434
129681
3369
1638
22248
3612
2763
2970
2724
111315
1635
2178
3327
3189
2235
2100
61680
354576
1752
75657
3492
2328
60888
2760
1419
1635
2952
12468
27309
1539
4491
2466
2265
2661
116043
2103
5145
1674
2202
2616
3942
1530
2238
14283
1596
59148
5496
5673
4095
109740
2385
1527
39411
3684
108162
1083
123723
12540
3618
2817
3909
2187
39780
7710
1701
122469
2337
2178
2436
19857
49563
2262
41259
30957
1944
3321
3594
208920
2244
2292
4935
2322
4356
11367
2100
2412
38688
2592
2103
2409
117954
3318
1875
2847
3639
2778
35724
1314
1452
2016
2151
1533
3513
1581
1398
1863
2298
4587
2139
2826
2595
4980
3135
51117
1602
3090
24138
93075
330681
120963
5337
1566
27543
1875
1908
2073
2073
6870
119271
1134
27630
3642
963
3153
159933
255864
3108
2592
2040
1404
1680
2472
3438
326619
2991
3060
4221
42627
1860
2829
1896
3102
82323
2907
4410
81690
2688
1371
2175
42198
1383
1656
112044
36501
14262
2301
2331
2994
48375
1686
2895
1800
2478
18162
189126
2058
2139
2922
2757
26103
1308
5760
455361
3126
1605
3627
7914
1794
1947
2304
3573
2085
4434
5109
3231
1923
71517
2391
1416
2397
2487
2316
1764
2418
1071
5091
4032
12216
32613
2988
2673
2439
3375
2454
1944
64779
1965
78108
3948
2436
1320
225741
1971
2874
1989
3558
43488
1395
2376
70395
312504
258018
2232
4218
3141
38673
2658
3453
3642
3831
2265
1515
9363
1959
56805
2805
14787
1062
2061
3513
2910
2418
1386
3603
2409
2883
3762
3771
359178
4635
114081
3753
1575
38154
2244
1395
3030
2622
13227
2502
50910
1773
31107
7812
4353
3036
3270
1671
3324
252
2163
21909
148428
43461
3021
3423
32745
3969
33699
45978
1872
90414
2037
2478
1650
34014
2493
1173
81642
54063
1872
2148
39312
3135
5136
3489
1170
70119
50196
1842
2076
4203
15402
1176
7974
2121
3684
4890
216570
3678
1968
1161
1167
2853
2463
1662
1896
1773
2808
90462
1488
2541
18729
194457
1428
4068
3054
134268
2379
4593
1662
1932
4365
1725
314664
3669
3129
2037
13992
29598
67266
2139
23637
2418
1593
2847
2466
49629
35304
3153
4866
3306
4386
3441
4062
2067
2106
3306
1464
65988
4536
23880
2163
5499
1848
3042
5799
7323
1491
13320
2757
2997
2730
3507
2151
2592
56571
7989
125613
48252
134829
1302
2079
3372
141426
4437
3165
3306
31740
1194
1455
1893
12741
1092
2643
1560
2646
1632
2973
145530
1794
23535
92022
3054
2748
3837
24744
1833
1662
53607
3471
1656
3708
1701
2037
401115
2151
2559
2703
3024
3411
2610
3033
2031
3072
6186
2403
2562
1416
1074
2100
2247
2433
53175
1368
9042
2904
4071
108573
1659
1917
2787
23463
68817
2268
83319
2487
2034
1995
2871
5370
2292
1938
2832
2559
2721
2238
3108
36753
3093
1710
27396
4425
1878
2274
109113
2184
3759
7869
3204
92832
30666
1704
396
2154
242289
1245
4410
2487
224178
5553
1575
1911
3507
1866
104847
15552
2190
1623
11286
3738
23475
2184
3159
2010
3327
3282
1563
1692
8472
1536
2517
55956
91233
2487
2352
1125
19554
1500
62325
1440
2412
2814
61260
1791
5247
4473
3444
2070
1203
103218
2991
1470
2868
139692
21147
1995
1890
1554
2289
1449
4761
2967
1911
1233
143379
1959
3945
1836
37524
2007
384
51018
2757
31962
2466
48501
27807
89541
2316
79674
96336
33183
2880
1782
1437
4050
1539
2184
3078
1860
60405
43125
3888
1599
90510
2019
50091
3552
27177
2961
2757
13374
330876
2406
2454
182325
2328
13293
40527
3114
3306
113535
1284
1374
1656
1632
4527
14925
2373
3012
1674
1881
2457
2145
1839
1632
1338
235560
2859
3834
2697
1716
2214
3054
1722
1461
325473
2097
2358
3336
4464
49113
2208
1479
17931
2835
60681
3093
1437
1146
1089
69948
28704
1497
3816
1848
57738
309582
2493
1497
1989
1989
2904
235341
2403
84294
1398
2232
2832
23982
3834
5769
1347
4329
3180
3153
130689
3108
1995
18282
29727
1497
3285
3516
3738
2487
3129
864
1758
1392
3321
60450
6564
2217
1413
1674
2832
3033
2961
126750
1689
363885
3507
3594
22977
1686
3351
2562
3786
268740
30417
2085
2886
78567
2385
1473
46476
124830
27714
2658
21348
475446
51057
1896
2406
2811
2589
2361
61725
4467
1953
2673
23679
2775
35769
6678
2283
1614
26631
2820
2337
1914
2439
2439
40386
3357
4566
546
1683
109071
2718
1161
2364
37101
30408
3291
2442
5016
27747
2382
154437
4047
978
1905
2127
1812
1707
1374
1290
2274
2958
1008
1974
1950
2142
3645
2025
14181
1638
1743
171639
2202
2682
129078
29484
1890
3135
2910
2340
40179
68760
20907
57465
2802
2457
3849
2898
2127
136020
1545
2634
69252
262872
2025
2802
2169
4350
103335
2373
36258
4305
2490
55101
2766
1869
59796
1761
5376
2100
26280
1986
1794
98274
2745
7128
14304
3216
77931
2160
2691
1596
1215
1410
1800
1902
1407
1380
2109
20625
2634
1992
55125
2637
4824
3798
6699
3699
2178
4575
2670
1494
2742
1392
3777
1581
1506
2031
2181
3225
1593
2304
2838
1713
2220
2124
114408
2439
1788
2235
63687
2589
2919
2223
55350
2142
558573
2829
1431
2412
2202
3252
1077
4416
2544
2028
1173
22338
3345
44019
1836
2079
1833
2226
3078
6111
64062
2484
1956
4278
2070
2415
14868
1152
32877
3354
121125
1812
2217
2094
1809
10479
2058
2823
5937
2964
43410
2319
1551
1779
2463
963
2802
2814
68370
1386
23541
5553
2178
67863
3069
3480
2400
29232
1968
65121
3150
1662
49143
1425
52554
276501
1743
1896
4071
3210
1485
1596
2331
1479
2658
1053
1428
2394
2118
86553
34029
57558
1452
2139
2874
2994
44838
2541
80592
65655
1758
1431
1728
17346
2868
1272
2292
79590
2340
2493
1671
119292
85593
89109
2235
18753
31605
1857
129483
3051
105276
1788
1794
175665
27882
6237
4374
27438
28446
1908
3303
2286
10914
2070
36750
117915
3027
16086
1734
3069
5748
3606
1713
2397
171408
3984
3879
1668
2244
192942
1227
3174
4086
91164
2160
3861
2073
1971
76887
1632
1809
34758
11256
3969
40317
2742
2679
309843
120438
99510
94266
1263
103119
3630
1221
3249
4077
3495
2661
1626
3219
372
2235
2412
3972
2277
2541
3993
11787
1851
26502
39996
1374
4041
4170
98448
2835
3282
94608
1725
53775
49188
2022
2916
1086
82986
3984
13347
126300
2145
2796
2205
90762
95241
3087
1884
3855
2640
1716
14046
13266
3549
1491
21105
3480
3672
245595
3369
1545
2547
1731
124851
3699
1242
1758
1911
78678
2853
1365
3228
1752
1590
1710
66666
1779
3690
2418
2652
1443
50310
52881
3090
3138
3870
2037
1638
2340
3801
2100
293244
2241
4725
1311
2742
102939
2085
4287
2958
2184
1731
2982
82707
37677
64476
1137
12678
469425
66552
1956
46596
40185
156969
4527
2085
85563
2049
13368
2505
2892
2742
2166
31806
17676
2445
1581
2226
1773
170028
2583
344499
1608
3981
3885
2286
2277
55359
5106
2553
3027
187458
23346
2070
1614
248574
1521
3909
3837
3072
5022
2322
2295
1356
47028
1704
2997
3135
54249
3030
1575
67353
38688
49869
4461
157827
2244
139950
2076
23289
24519
255705
1389
1707
1512
2142
25425
2742
55890
105030
25407
3210
1386
3924
1542
3414
27075
85764
2070
42834
14175
2412
1539
2043
2748
2652
1914
4173
2418
9198
27594
23511
2319
3666
2379
3240
2658
2853
1362
1749
1932
2214
1380
2037
3264
4401
1443
18993
222345
2487
1950
1422
139578
1320
1866
5409
2766
7185
1902
1626
2994
17604
94875
1941
3516
1911
3927
1509
71661
1866
2031
2502
2199
3984
1584
2313
2835
1662
75879
2739
1782
1215
3048
1797
11589
13566
4227
1929
5691
1107
21504
1869
3264
3837
1107
54729
5523
2034
1710
2238
3327
2835
3150
2886
68442
153516
78423
3336
3459
2532
1860
78048
2817
3198
2541
2184
60183
2778
2370
3009
408
3372
52617
1962
2457
1716
2049
34527
81396
933
3372
45438
3420
8733
35892
1320
4917
2211
39015
3201
5499
4407
1893
2385
3474
1995
7428
4824
1374
1506
21444
68361
60987
1347
1626
47937
2217
2484
3597
2592
56994
2907
3615
53655
2856
457224
1500
1479
2145
1953
2817
2109
1623
5319
2361
2808
29103
109686
2088
162261
33303
4641
1428
1875
1902
2436
1974
2736
21021
2133
3114
14382
1413
2463
1107
18972
705
882
1218
59304
67965
39093
65988
3594
40407
97749
4185
39063
1995
3627
1587
2286
1569
42069
1533
2688
3099
105081
4371
4716
354423
2880
1800
81918
108678
222732
1962
2835
13845
3180
189240
26514
999
106479
2403
67449
1980
2766
43551
2946
230154
2571
29148
1896
1356
34437
2166
4587
2250
1449
1632
3972
77877
1368
1635
50538
2748
111564
2349
1866
3162
2154
3408
13647
1455
7902
1863
1608
1812
2535
2754
41139
1308
2838
2739
2751
462399
2802
3324
1011
1893
3666
2067
18882
4056
12657
3183
2076
3813
46371
1344
1983
57786
2112
33564
18522
1527
1374
5613
2163
2628
3495
10380
3315
1509
1524
16998
1521
12945
1212
2163
2262
1629
3711
3612
1362
4560
3153
293778
3642
1662
6867
43494
1743
10188
2268
1347
2781
30717
2397
11220
104742
2424
2067
2313
3462
4200
2112
3540
11382
2676
49998
30012
13509
10560
2160
2073
3189
2475
1650
1227
4977
2409
3417
44412
131577
2817
3459
1860
3345
87261
3084
2022
2937
79350
1299
268467
3921
57882
31920
2874
3654
2070
1401
8205
2328
2466
1308
1980
3336
3939
66156
193275
1863
1884
3654
4002
2817
124683
2565
1797
226344
1731
3219
3081
116400
30309
2331
3645
145527
1686
2598
3654
1848
2946
1797
105603
2355
3585
1758
25023
1521
2919
2280
2382
69642
1839
534
2250
2298
2256
33030
2751
1608
3783
1638
1992
266421
19227
39063
2466
180222
35547
95046
4371
1962
149553
3549
13380
2793
1611
2145
2280
219924
81348
2133
2466
6114
1743
2586
1551
2160
2211
170100
2859
40566
1659
106806
1758
2940
1935
1323
1875
4482
2436
8694
11934
32391
9243
3756
2070
90453
1524
1899
1173
2136
77595
2016
3993
64182
32949
49281
33741
1434
2532
2475
129714
42930
2289
7233
29103
3444
1386
77592
3783
30213
30876
2754
86502
3015
5952
2745
2571
1212
1308
2928
9756
44775
2346
2052
2562
2103
3879
1212
12150
2226
58284
42471
2325
4062
1986
2961
2106
2154
2751
6006
1902
1878
2328
4254
181938
2040
2793
71262
2235
9420
2604
2295
37347
3468
1692
2256
3210
3360
3843
59424
345585
2547
164652
2817
104394
4440
53535
2514
2574
4371
1590
192030
1359
14997
1209
4140
132915
3423
3477
2010
4437
52221
2934
11682
3513
14382
2115
60219
221844
2754
1518
106032
3093
1284
60555
15237
70269
2643
5808
4551
2637
40116
2184
1029
5937
2484
1563
9753
3342
2154
3825
2193
2286
2058
45753
5721
3639
38520
1998
2985
1746
2802
1179
1695
903
129525
2400
2973
3561
62712
74406
50457
3171
2694
4992
1335
22512
10218
1173
2442
2004
3054
2295
144057
2877
26640
2094
1977
32259
4410
1266
1554
40701
1695
3318
3315
2637
2478
2775
2586
18108
101025
2472
2892
1293
229275
1560
2634
2187
1200
1137
19656
2013
13338
1998
3459
2859
7605
94749
2394
126885
35700
6939
4500
1806
2856
2130
2142
2910
106707
47691
73869
1287
2553
1962
161052
4548
1995
22365
2235
1857
2802
4434
1725
2991
1725
3762
33165
2541
2979
1380
60753
29892
2196
1611
2718
69888
2451
1878
1065
3114
2208
2289
1950
3168
48669
2226
2652
2928
201219
2016
47052
2394
1650
378
1293
22122
120267
1551
2202
82794
2751
3753
11049
3129
1407
2538
4230
3867
3465
1359
3576
122832
3921
2703
3033
3285
2358
3570
3567
4806
119040
3075
38616
3594
2466
46389
4353
1260
52428
176595
2598
3210
1548
37659
1929
2376
2811
2040
10824
3924
1956
2748
2301
80898
3252
64983
3000
1533
1941
3765
2463
101448
24519
1104
1080
17871
2772
2538
40656
98019
6018
1947
15234
6783
2085
21933
2862
1161
2430
1590
2508
5502
2295
2346
39069
2583
1914
42006
2397
1860
3528
1011
2610
3918
3279
2319
1776
1851
1308
2919
28221
24978
69948
2721
28800
1959
2601
73368
2910
1869
3510
18744
1239
2076
1881
50274
2046
51261
29262
265077
2193
1449
1293
1845
5058
2319
2490
2379
85014
1470
2136
1542
1695
178440
149817
2772
79116
45519
2268
78096
7086
1839
37107
2286
3477
1464
5481
71295
5445
23862
97212
4050
2481
2352
27465
41913
27624
66120
3696
151008
1479
2184
1551
1884
2085
4395
2898
5004
2166
4545
3861
28950
5844
1767
123018
2772
2724
3864
115671
45501
1200
1626
2247
2070
3462
29862
3051
1152
4044
5844
1740
2349
164328
3198
56649
2004
69702
109572
3306
22281
1806
2262
3141
2649
4020
2805
2898
2619
42477
43179
2376
61143
3180
2934
645
2940
1512
26256
153252
5136
3405
106713
1761
5913
3243
221010
2112
36993
2499
2733
3795
13710
1434
2127
3264
1263
4572
2982
1347
4752
60279
2847
4683
4185
56313
2502
3672
110418
2163
3123
134547
1797
68193
1704
185124
47010
12810
2493
2292
294690
3009
101433
2310
2271
2976
3105
1842
87519
1836
42486
1767
179931
122565
1662
2463
1416
3225
76752
2472
786
13857
1173
2151
2925
1740
2385
142008
2301
19521
2766
21609
26709
2880
2571
24312
4758
30036
2442
16308
3360
8040
2892
124140
62454
2079
14937
2610
173847
2049
4374
1605
2367
2886
461586
3120
123543
3330
3468
28344
1695
4095
4635
1404
17322
1818
2859
2568
2664
112401
2082
34794
3402
185547
2811
1557
6297
10779
1398
485787
1605
10362
25716
2445
4272
2382
3534
2871
1929
3972
18393
65799
1953
2022
2088
1629
1824
1977
2394
3051
176640
1887
40791
58812
1893
2679
3765
2172
3510
2436
1374
55716
4023
4152
2523
103332
78408
3342
4221
1587
3234
49902
2772
2334
3384
2073
209547
2712
43848
1281
2778
1038
2697
3864
4476
2001
1704
55944
34410
2736
1674
4275
38229
123822
4524
1131
2145
2211
1986
1791
2349
2856
76488
1773
2448
1641
58722
47955
14442
2439
3927
35811
2838
3939
179403
63018
4092
3237
18249
4971
3471
2229
5820
3015
2334
4461
4632
1473
18072
1803
3087
2202
2385
118776
3498
2541
10692
4362
3084
18414
3066
35139
3708
48567
3498
54090
2640
264375
25935
2415
1929
76644
14835
2457
47640
1704
4071
34533
2655
3186
4041
1779
1155
5892
1800
2004
4911
3288
1962
2283
19074
2400
142287
2172
2643
1275
328014
193224
2262
2121
1587
2946
2298
4566
112404
2145
15471
1854
80406
1947
1929
4950
3237
41067
106221
110736
1938
3852
57072
2076
3045
24747
362178
2298
63453
2361
2277
3129
6021
2601
4053
1386
1953
2301
2457
9408
89970
115533
2730
1374
3240
138003
28758
2292
2136
2469
96234
3036
3375
98787
158145
2055
2451
5547
1911
46809
3612
3333
82398
1782
1896
6924
2133
97602
23706
72378
1581
4476
2574
1491
2079
1245
30162
4017
3432
2433
2394
2049
2760
1596
2469
11526
147282
1563
3642
1149
3066
101661
62298
2745
7290
2865
3903
2313
1626
2358
62568
1941
70140
18009
91431
2025
3078
1728
2241
45741
2370
2232
26814
207282
2547
2943
4284
1194
281211
16173
4371
3348
22527
3303
5178
20775
2364
1482
2073
1710
51906
149931
1101
2388
3609
2832
2223
1935
1845
1764
3099
2514
2457
2307
32721
2175
2754
1296
1659
4626
1884
1722
208827
75204
1359
1149
1929
11049
3297
1896
1515
307263
1683
3792
1581
2370
3132
27498
2526
2376
2715
2778
112017
2130
2259
73821
1332
2826
1959
4638
1995
3366
1416
83091
3954
2577
46131
3450
1716
9942
74133
2967
2151
2259
1716
120468
2142
151611
2184
1959
2493
1209
49290
1644
4212
3066
40122
1134
2559
137259
1101
82719
1365
17739
3864
67662
3594
3525
49962
1998
1995
88596
5745
3525
1347
2640
1998
4074
142173
2436
23976
41952
2874
39054
2226
145566
4518
12309
7938
3132
1839
2799
3273
22326
37545
2076
1698
29463
1578
2478
2709
147582
8472
3324
3333
26193
1746
3540
63801
3366
2562
2085
1677
4638
214986
4245
1827
31890
55731
1650
416745
94242
10341
101331
1404
1944
3582
6000
3159
1743
3387
1059
50910
876
75177
150015
2283
1953
1908
142923
1386
2622
2442
2619
2460
2409
2430
1662
23478
2151
2700
3780
2760
46017
1596
67011
2013
2052
1455
1212
1401
40068
1989
77610
2550
4479
1248
4335
1581
2364
3891
1656
2232
1956
5505
14664
2409
2004
2391
35367
87534
2349
1890
16824
1638
3018
4131
89445
4578
82170
47502
52206
1515
2340
1800
3603
2289
80787
1098
188874
2610
3168
3336
13725
56208
3018
45618
4671
2541
2148
1869
80244
2223
312
63048
2004
74952
1707
3111
1671
2586
2880
2067
2733
2025
292569
1296
4830
68196
3564
1725
1605
1476
1041
85515
159003
16032
2256
1215
2832
58029
1887
120960
2082
97620
1137
75627
1806
1626
2262
27678
79767
80814
2250
2796
1920
3288
1515
5679
1077
402486
1479
60603
4230
1698
1578
42534
1857
4617
2235
3183
1686
297954
61428
187071
3390
3069
1800
1596
4863
2073
13428
2322
2361
3720
5199
1434
2928
8961
94884
4035
46314
3186
2997
2943
37722
1797
2106
38196
56244
2220
132729
2346
62151
1236
63717
3474
1161
1701
1374
39366
228165
2505
1452
52434
4443
1497
147252
1926
2469
1233
41781
149574
2991
2835
2679
1614
3423
3450
19095
3600
2304
1014
2031
3366
2268
60231
2535
60690
121044
2499
3621
5226
3366
2199
2052
3714
2454
1824
27579
2670
2361
2679
43110
1347
2877
2628
2679
82854
1515
16878
186903
2766
405303
2160
2037
2229
87876
2904
1053
30138
1890
2535
2895
4275
2376
74631
4212
3990
4689
62289
4176
4143
2019
69417
2478
1482
3708
2850
1692
2349
3033
2412
2877
3186
54927
5151
1251
2964
120366
1602
6573
59610
50523
1614
3111
69855
8313
5670
195243
1785
2829
81054
2070
4893
4275
236205
2229
26382
1506
1890
1899
1854
1899
4206
2208
45714
3519
2190
7632
2064
3867
2910
2763
1725
148578
34815
1917
3255
2142
3960
2244
1296
1548
4512
2439
1110
3756
367824
2889
1485
3495
26097
2712
1536
1950
1590
2358
2430
38931
2118
1413
176109
1932
2610
3207
1362
62154
2391
1539
2205
3066
172575
2058
189330
4581
1575
2160
80340
57228
3249
2013
1128
2904
2343
2541
24561
1833
5280
1440
2205
13665
1860
119772
66375
4422
114942
2184
10764
136641
2709
3090
1857
7197
1608
1737
4560
2565
19407
1917
95085
1602
2283
1914
4308
3111
2844
59013
2514
2409
1914
1476
21216
2715
190083
1266
166098
57168
1851
22044
2691
1617
1404
2505
142047
38565
1539
67044
2022
4611
80430
249915
1911
2544
32736
1368
2364
3966
12864
2721
2958
3183
2592
5967
3528
29244
2628
264
3093
2709
1740
1374
2244
8979
2244
171237
60408
111489
1164
3903
2463
3456
13884
1899
2958
1302
3216
20586
1485
2562
1881
188451
4305
1929
174069
1401
54789
2085
65613
2919
79458
28596
2778
2643
22884
43410
1944
4731
2250
108456
1524
20940
2937
2310
29922
3159
1884
182868
8670
2391
18267
3096
2382
3081
2580
75267
3003
2964
191409
2751
5358
2850
3339
6570
2586
3570
2715
3645
2634
4581
1923
3336
3042
108756
1161
2493
1785
1872
3372
143121
231093
2073
4398
79278
1443
9894
59454
193914
1101
2598
27876
4140
1725
88617
2454
2877
2946
1452
29904
2079
3534
4002
4830
2250
117354
2073
2520
53592
420612
2682
1029
2208
2250
2247
1515
88563
2646
2304
3399
82677
1806
56613
2121
1845
2955
2394
1860
4926
2379
1719
3174
1890
1473
3801
38709
28854
4101
1122
51792
100071
174672
2379
2202
2139
42246
2193
2712
243822
2025
54396
1830
78051
27216
1938
1689
2079
1800
2076
35226
2412
5523
1368
2799
2910
2667
1836
110394
3018
1686
903
2382
15201
174531
2286
111882
2001
1545
1740
12750
2784
42426
3660
1755
2379
8565
3237
1254
3135
2415
4302
6552
3363
3909
951
2547
65100
1950
2388
2433
1107
101763
2742
63021
182073
2574
3990
318
2175
1671
167304
7395
50409
51195
4500
2727
2250
3972
3057
3798
3003
2211
99654
1647
179274
3873
2394
2649
3729
106755
2085
2481
2196
2076
2106
21315
2688
1446
2793
1173
28221
84117
2592
1974
35175
144006
263358
2247
3390
2286
1515
2574
2736
3585
1761
2469
1692
2568
1374
891
3144
125955
2106
23148
2742
1917
3264
18999
66102
26760
1032
2439
1821
1839
2685
1932
3003
3042
2415
2934
18096
3072
98031
19704
3843
2697
1794
3300
3600
10602
51699
21507
105462
325935
1362
20226
2529
87120
1962
1599
4908
1779
1704
2682
2070
2853
2946
1854
1089
16602
3006
1446
178545
14190
2946
13566
2706
2412
4236
4239
2028
51804
3672
3003
43350
4767
1644
2340
158997
3522
4776
4206
2061
1719
1947
9255
34788
98559
3903
3927
2772
104145
30879
1821
4110
1956
37089
1719
266436
2634
113262
3021
2514
3207
2490
3474
2943
2016
4890
56277
1635
1740
2580
1434
333
8757
129354
1347
67713
65265
355503
1284
1803
2514
1440
3492
1527
1812
77556
2772
133035
2481
2268
4020
4068
984
1614
3849
2331
3930
108024
41070
18063
134466
39060
3441
4611
2448
3999
4545
2418
3234
3189
1668
195810
1422
4053
1884
3651
2814
1722
2301
1428
1062
2607
3147
31470
2079
41388
164172
206505
2250
1824
18576
3765
3387
2991
1509
1338
2829
165438
3216
1602
47166
1800
2922
3195
4065
3810
50337
134562
2250
1476
2757
2961
2298
257604
1827
29940
3171
2352
2478
1431
11169
54885
38754
1509
4008
18753
2415
4071
1968
1512
1365
2778
1197
9417
1995
155631
1608
1269
2490
92304
2373
2940
1893
1152
1719
7932
1296
28446
1530
2148
2004
68601
3282
29874
2352
1956
18645
3108
3516
75819
30351
87831
2760
3705
2646
31476
3081
117894
2952
2091
27825
63357
4485
138138
1734
2487
21870
1857
1764
4710
1536
2394
1266
2532
2208
43611
1410
179661
35931
2469
33855
1746
1344
2130
1971
4623
84117
3663
60900
2601
2538
24963
2391
2499
1605
2676
1845
2169
153492
19605
3207
70314
2562
4347
3609
2697
1914
5838
83748
1953
2619
3621
130935
1857
4275
1611
54198
3030
2526
2547
19767
4410
2916
164376
2568
4989
1593
2421
1146
2142
7011
2919
3546
1551
1920
4173
2586
3300
2088
5685
2031
2001
2634
103578
20178
27663
2859
45144
2427
2709
1599
18411
1767
1530
1962
105186
5241
50547
2919
2298
2583
1809
12909
2586
3135
3201
3474
18912
98691
1785
2700
2655
181197
132141
1743
20862
1995
85857
1650
1788
18717
1287
3234
3792
1998
99474
38580
89505
2313
2049
1278
1740
99846
114165
2088
5373
3147
2079
3375
35187
4008
3288
2244
3417
34734
11802
108843
2112
2448
2961
68793
2388
1761
26709
2223
5055
2418
2340
2721
2607
2640
3243
2541
43557
1545
6777
198102
1926
106767
3591
85371
144954
1578
3675
3258
41994
70023
1440
47466
1752
2730
3045
3636
975
2568
2265
2769
10860
16206
2250
6483
108084
57075
1575
1899
1743
4167
3963
2736
1860
3171
2079
3768
45069
1908
1539
2019
54603
2439
2793
26739
186417
3591
2148
3651
1146
3753
2394
3258
3393
3432
2097
2142
1977
33816
1803
843
3948
56706
1809
1554
21375
3231
2877
54441
3444
3366
154764
59313
3336
2196
14058
325461
4305
3102
15252
1827
4176
3519
85443
3519
28989
1704
8094
142689
3957
4413
4116
2148
2988
127761
3339
1485
42045
14847
3354
6345
3075
16806
36207
3447
3618
3162
1764
57954
3486
42180
1761
3756
1170
1803
2553
3510
2112
3135
2031
4380
1215
2907
16122
4677
159207
3165
2415
4446
1734
2283
2679
68889
2304
807
3234
1809
1218
2076
69738
2805
3993
2610
63378
145152
3897
2019
1800
26709
2847
2652
56343
33585
2382
1851
2097
29472
2982
3228
36744
2031
1281
64128
3336
3789
2487
2571
5871
165087
1791
1752
3981
2502
3615
53529
36831
4671
149556
3039
55575
115413
3798
14142
3534
5520
121233
2238
3738
2430
1290
44610
53613
2115
1758
1317
2349
2850
5310
1575
41955
2886
67050
1269
2292
2124
2190
2424
3768
6147
97056
33948
2958
1653
3771
1635
2103
2679
77715
1806
53562
3690
3828
2199
2973
2343
248760
3234
5799
3777
49860
2085
2577
1944
186966
2871
3723
2790
1470
2259
2196
216510
2457
52494
1992
32061
2322
3213
2040
89253
2031
57855
17925
34062
1869
1353
1554
3780
3150
3747
1017
1554
43929
1830
1953
106494
7005
1851
1605
419847
60972
19569
2262
3825
3759
4575
3012
65793
3459
39204
27651
1449
2964
2154
1104
58566
2505
44337
1719
1452
3867
4806
1629
13644
1548
4164
1197
1629
894
2793
5097
3276
1785
198831
1761
112659
2808
280566
1578
20658
6816
6900
69246
65829
2016
1872
3237
1557
2562
1386
47388
1566
58008
92274
3330
1524
2187
3126
3105
1929
1794
1578
71286
160824
75333
37050
143367
1314
2295
3597
3045
100176
4566
2619
1794
3102
2163
1386
1572
1185
1914
2541
3273
2112
43980
2004
1746
4572
36372
2727
243954
1839
1383
66675
18006
4425
2187
2823
2673
55527
3174
1701
1707
15114
4122
1614
1887
1455
3039
1404
993
2109
245142
4023
81345
5232
122574
2172
38232
936
2379
40863
2352
55635
1623
1806
4047
74091
463035
265659
33891
4089
1872
410943
39072
3510
2631
71355
34215
310071
2151
2043
3645
3051
3729
1431
49437
2793
3153
3675
53853
3225
2307
2073
3579
3069
1629
3060
2679
6975
2235
2109
5790
2511
2541
2505
1071
28275
2172
13863
80733
2217
2361
119682
2430
38625
1743
1860
13044
1470
8550
1641
3309
6582
357
5721
3198
18411
69936
100350
4803
13740
3864
13899
95583
1704
16665
1875
3462
3723
2346
23766
91638
2643
1815
1701
68889
1761
74730
3849
1530
84366
2121
18879
3480
4674
523272
1905
3189
6060
4164
4161
2511
2316
193953
77151
3045
19500
31698
1665
278481
3300
1908
2307
3288
1605
3018
3042
196974
236715
4995
2595
108513
4818
3024
3441
2229
159477
2376
1644
4770
44115
101574
45543
1167
31821
1836
4308
117276
49935
3243
3237
4053
3516
1986
2046
2088
94038
2298
3867
1572
331668
1275
56697
4011
172908
2304
2055
2334
2193
1587
86637
193020
5220
186813
23331
24999
2925
2520
2172
2292
3507
3276
4701
2682
2757
20103
1542
27303
1902
3393
2346
1602
2469
1542
3921
1662
2340
184644
2241
2136
3462
1719
19845
456531
25746
2097
1602
2217
229668
101631
2916
2469
31809
2688
78105
3204
3450
2742
2115
2505
1503
59955
89526
2604
2658
1512
21669
2640
3300
2892
4164
1737
70485
3921
2223
3438
3795
2541
79170
2487
2490
2184
3999
59316
2187
66270
1764
2418
38637
155619
1506
1662
48897
24180
2922
88413
2823
1848
2883
1962
38157
24036
7446
5919
63339
2706
109461
4050
3876
1749
2181
42300
2496
2337
62778
3450
1887
1716
1722
23619
183
2370
4692
19122
2310
1548
2400
1152
9543
3537
4287
2622
1884
2811
26250
3864
2682
124893
98895
2730
3816
2289
14691
1404
3678
73512
2469
3621
3456
4953
2814
8433
24561
237714
17700
2751
1644
2157
2367
2589
201819
173421
2697
2238
1911
2514
3048
33357
64002
1656
1485
1605
63921
2079
2142
2055
2967
2091
2307
2847
3066
25227
30489
35214
3138
2655
2220
280362
2523
11517
3225
44295
180615
3201
2208
2691
1572
1491
2655
14958
54963
179094
1803
2502
2550
28284
1557
212997
2778
38238
1077
3666
1941
40026
2085
4182
1464
1014
235317
2769
4596
5361
2220
2964
2031
2640
68706
5025
3498
21081
121890
94206
3876
3459
3714
74754
249
1497
2916
3087
2832
26703
1974
127845
1539
166287
3420
240951
2310
116376
2940
50067
1824
1206
28785
222747
2244
86967
1290
2775
1656
3213
32979
3423
3822
28152
1872
18678
4239
1545
1329
3168
22668
82161
63456
4425
747
2016
2499
50565
3771
2409
1701
1893
80031
47523
1497
2772
1599
1083
1902
20283
2961
2184
53322
3378
2388
3111
2196
2946
57438
49164
71580
83046
148461
1860
2187
16137
37527
102240
2505
14676
1917
1620
2574
2226
3279
2346
5610
28224
3723
2208
3570
99165
3486
1581
56532
65082
2538
103443
3300
1617
1656
3447
3525
49161
2217
1542
1920
2940
46533
1599
1539
62034
3099
3096
184617
2664
71625
633291
112419
2856
2940
119814
44166
159522
169335
2412
6708
48843
3825
3429
4422
252480
55665
1380
31437
3333
3123
2094
2166
1575
3786
17562
3246
3726
1866
1368
1779
2790
1638
1782
2091
63159
1431
1431
1803
1233
1800
33138
2940
2760
1596
1776
20805
2043
8424
2442
43230
74133
109353
115668
5214
3759
2697
2229
108771
4521
2304
123177
3849
2091
1419
1848
2583
1908
2526
2268
1383
1740
2691
1842
2106
2937
43884
4566
3765
31281
2226
2472
1596
249114
45501
3696
58899
2670
3711
80601
1500
3870
259998
9477
1197
1119
1923
3723
38337
1587
2991
2934
17637
2859
2901
2709
19623
2793
2136
109152
2718
21546
237834
2427
4092
126549
3156
2430
1761
3603
71610
1545
65208
5487
2622
2229
14697
40041
272784
45369
1860
30012
73326
34992
167958
2049
94605
2550
105165
49623
30876
2268
2148
3189
543
1410
2193
1668
1215
1980
3525
2097
25485
74478
1935
270687
4182
23529
3969
159489
190455
171606
3966
89826
2694
2340
2439
19176
3621
132129
1440
38109
45780
25557
38577
4416
2856
1869
2103
1689
2814
1830
89901
115605
2742
2016
61713
3018
77646
3066
2211
68382
1296
3177
4674
205710
2304
3768
2682
1089
93684
4212
3636
3702
3165
3606
1746
28857
27192
1323
2841
2454
2109
1557
1515
19812
3747
5046
3819
110139
95574
29463
2862
2049
1821
30705
3606
2712
1692
2583
1776
128355
2223
1572
3225
77703
2412
65157
3294
5256
23859
4251
4731
4401
1926
5265
65475
3372
169089
3525
163986
204417
3579
33117
2955
91521
2358
3438
2571
1497
2112
2700
1728
3153
2118
1599
1947
64431
1620
3792
2739
2862
3276
136026
1851
32667
3285
2061
17934
1803
3570
47442
238167
124269
3042
2691
4071
202740
2295
2700
7224
2244
1737
65889
5139
2850
1692
44196
972
257769
2208
2130
1953
213666
3993
2868
2478
2679
150405
39390
2391
21099
2802
8976
2907
168615
1170
206493
2634
2544
23529
3357
2355
288507
1728
3486
28917
3033
141885
1455
3000
1467
38874
4878
4272
2691
33660
2532
2940
3453
4872
3213
32865
2712
3762
2817
35373
2532
66426
4050
94110
4116
2799
228933
46983
1593
3297
3315
159828
3207
39552
1143
1512
1824
4407
150153
9441
3534
4455
2295
4692
5103
127836
1896
28881
2466
3819
4587
2748
17850
3729
2589
2184
122739
45471
129708
3546
108237
3522
2469
266346
3420
7449
2478
3489
1428
4005
4416
74520
5790
990
3309
1935
1419
1680
3402
1779
1437
4020
5640
1602
199800
2541
2091
26658
2772
3144
1434
4101
1512
88446
3111
3402
2361
4713
48096
2154
2814
2118
1986
3948
1428
17535
10581
2067
1731
141873
1878
47625
1962
1722
11538
141735
1584
6267
2403
26244
92538
49524
2775
5445
56025
1236
2706
3801
2337
2910
2364
5142
2586
2121
1893
1971
2724
1851
22875
2463
48351
2814
6825
3066
178113
1824
1209
2061
1458
2562
1578
2091
11151
8478
3006
2808
95127
91563
2547
33594
2457
98865
2448
2238
2856
94416
2634
1941
3519
2367
5022
50904
3363
8784
3621
2181
2013
110676
4275
7395
2865
141786
2475
18960
3561
3162
4650
3789
2142
85599
4023
98535
67248
3315
2997
2247
1602
1371
987
9156
1986
2418
1512
56598
3030
4296
1728
76869
4512
2568
19077
2112
1674
57171
1137
1848
2751
4965
1536
2898
177621
1344
29496
101631
71295
3453
1959
184380
2178
3096
1392
60963
2907
4047
15180
2391
3273
3606
17391
5121
30033
2991
16308
2403
3765
1776
2157
1698
3483
91620
390
1593
2232
35484
2517
4824
7896
1824
2877
4062
62442
56463
38943
77970
1317
2895
1749
91308
72408
1515
7446
2397
40293
3498
1176
161640
2136
2511
5985
2688
1887
2835
4074
1896
1800
1863
2487
184863
3621
1518
119172
1530
2001
3792
1917
29847
21978
2601
1401
21870
1089
121026
4458
1848
1527
45141
1497
77508
78336
2658
1767
25158
3291
2805
2847
53709
3414
8751
1134
36213
35169
1266
84627
2058
2133
1248
1473
32985
1887
12078
2055
1632
3276
6315
2208
2268
57234
3441
22035
280203
1653
37677
147198
3231
2892
2247
5295
2919
15996
19890
3273
3126
1293
2907
1557
204651
1632
27840
2649
2904
3582
2508
58395
3348
1167
1041
22014
3555
2052
23097
2379
25740
1800
101025
2142
87729
1623
76359
38136
164787
56397
1605
2559
2130
2382
3321
2151
1905
48765
1389
1119
1884
2067
19398
2019
4914
13884
3270
2625
57597
26595
2409
3102
34095
2979
2652
23037
104076
2421
21957
4698
2166
17799
2268
107010
2376
2451
123867
1527
1122
2400
1785
53628
762
1419
100905
47769
71172
3408
23433
2574
43185
2499
129168
228438
33453
14214
3993
375831
3114
2616
2232
3360
2193
3291
181923
1878
64344
2019
2259
1851
40683
3150
62475
2982
1578
100605
2838
2163
5238
7455
38910
35340
33702
2160
3414
3285
1344
2376
142815
2664
1779
1788
2079
2097
36660
3288
2262
1827
3000
32643
97011
302736
4056
2115
2085
65901
2361
1752
4284
30123
399
2325
3405
69174
2523
136857
1605
2850
3480
1929
2598
7311
2376
1680
4539
2028
2253
2562
2325
1050
129282
58131
2493
208290
1845
3243
2103
2691
159900
39021
1692
145950
2835
78057
2313
1635
2088
1815
2370
205185
2163
2337
1785
1716
1548
4044
71541
1326
2643
2808
295257
4638
22296
2127
1827
157050
33555
3255
107832
64467
1749
35133
4698
75762
12756
99540
1893
146976
2262
120903
148374
4653
1368
7077
51915
2514
2700
52902
3453
55107
2196
1026
1674
34320
2868
1659
1512
1755
22956
20226
4671
253518
2445
3531
1740
141078
197277
44529
2262
3609
2691
21015
3951
83946
2400
1629
1452
2361
3240
2454
2424
64362
2295
180582
3972
8097
1794
2832
2352
1269
2520
1881
2853
29052
1425
43830
24912
4785
2079
144606
1254
2850
24381
2706
3405
50205
4383
1977
3540
143346
8064
2052
3819
14838
6414
3471
1722
159144
4227
3336
71664
31770
119196
2136
2661
798
2211
26514
2043
2286
2148
78684
1251
2130
5160
59034
89808
3162
78891
78561
1482
121758
2406
2352
2457
128667
145812
2688
1950
2784
2412
2382
164202
79341
2313
23373
73878
1491
168258
4347
12843
3696
141975
5439
2271
62700
1851
2787
4788
118812
33075
161919
2046
2646
2274
1896
5121
18798
2664
4821
2358
3828
57003
153738
1722
2127
6309
2667
2622
83532
2721
131610
178017
2280
4281
