307:0:0:0:0:0:0:0:0:0:0:0:0:0:0:0: (total 5)
0 1 2 8 Thread 2 going to cpu 2
Thread 0 going to cpu 0
9 Thread 1 going to cpu 1
Thread 3 going to cpu 8

cpu 5 cur 5
STARTING...
going to barrier (cpu 1)
going to barrier (cpu 8)
going to barrier (cpu 2)
Thread 4 going to cpu 9
going to barrier (cpu 0)
going to barrier (cpu 9)
STOPPING...
Duration      : 10000 (ms)
Acquisitions  : 26958964
198
1863
1035
2820
1749
1470
852
21408
1176
27588
1509
1329
2166
777
2373
4578
1017
1191
3549
1680
1866
18036
2112
1803
810
1401
9000
5460
1515
18474
909
1440
8097
7806
1356
4719
8283
636
783
2178
2904
2157
18486
8982
1512
1017
13671
1536
1050
14796
1098
1188
1923
81267
1251
3036
2415
1113
1497
1761
61164
52359
1995
1419
2382
1563
1623
2286
6690
1476
1074
1926
3735
1662
1605
1128
16653
1848
3204
41079
1116
1107
1749
1068
1119
1158
1581
10137
960
1341
2145
2931
15093
6675
1089
16728
2877
25095
2109
2229
3552
1431
2334
1722
3117
1389
1359
2409
1623
1659
5997
1458
1479
1098
28398
1560
2100
12120
10563
10923
1722
9816
1455
4239
708
1746
933
22719
31125
15771
1029
1380
12765
1653
1143
738
19440
18258
1848
1305
1119
789
645
1692
2061
2808
1902
1497
3579
1272
1059
5499
720
1674
720
2475
708
903
1098
1017
1773
1233
1530
1962
2418
23955
8259
1104
30633
1812
25026
8007
2712
1776
21882
1077
3411
2289
1506
26997
7257
33042
24756
2541
24261
1341
897
1386
903
1986
1623
1410
1056
1038
1026
20700
1095
45531
1452
1488
1488
8562
14103
1989
48657
966
1116
2199
1536
1149
1890
1437
948
2703
933
1398
1536
1149
27843
1449
888
1899
1680
1143
735
1482
867
2799
2505
2001
1155
2745
1005
6399
1665
8010
1167
2751
4860
10071
840
15342
5391
3048
687
7185
1626
1884
1293
2277
29604
1401
1374
1407
1299
16110
1461
801
633
6423
3282
13587
810
9108
1674
1587
1890
2370
3486
903
1848
2385
2616
876
1053
1575
2355
1140
1926
1521
1161
1368
921
1536
1221
2169
933
1587
13809
957
999
1968
1128
1641
615
921
864
1314
2118
20880
1599
11298
12600
1053
45255
1740
8979
6396
888
5529
1134
6096
1353
1653
7272
19914
1125
44280
951
17451
1182
2322
2265
70512
7257
2814
2058
1599
5499
2586
2499
18642
1386
8499
2763
711
822
7077
1467
993
1254
1206
5490
1875
1344
32499
1134
2049
1287
1275
2904
4299
1869
1884
38496
5130
2319
1833
849
645
2058
5121
3507
1242
1278
6582
2748
3699
780
933
651
1605
1950
1704
822
1953
2019
1473
969
1005
648
942
894
1449
1752
2610
2088
762
13896
2769
1596
1710
4131
3894
6954
1791
3996
987
1533
1656
1107
23340
1473
17622
4284
1461
1068
14607
10911
12654
2061
4758
13542
1539
2547
1335
900
1212
2487
17205
1974
25755
12168
969
4095
1668
101247
32469
1062
1608
3465
1122
1833
19299
2964
3537
1161
2322
12354
966
1380
1491
31947
2058
771
1320
999
1206
3648
17124
972
16575
804
28491
2040
5691
2442
1197
2094
7266
2031
1059
1203
1038
1500
26631
981
1797
1362
8115
12201
660
1266
12822
1824
2973
990
1230
2124
1704
1179
2577
894
20940
1581
3345
2010
10287
1917
51501
7224
2634
1044
1422
15918
1518
2925
1686
27774
26751
14268
1605
1383
819
1608
804
19344
9219
702
1518
1344
3828
438
1428
3153
31263
1488
1617
432
639
930
789
65922
1740
10302
1545
1179
1077
1245
786
1590
2574
19719
1032
972
3084
2631
25530
1137
1143
10131
3153
867
2061
1092
4911
1626
852
21273
1611
37542
10803
1377
16650
14280
2565
1506
1995
1092
2379
1080
846
1482
23613
1938
10557
1254
657
10512
3681
1248
1512
1596
2886
630
984
1443
816
12753
1626
5214
3468
1116
705
1467
1011
2154
1524
30447
7248
4743
1218
1506
1881
888
11292
10143
47817
2994
918
8910
1194
1332
1665
56253
1611
4893
10710
801
1500
1590
2133
1248
1077
14004
1374
3801
1128
2019
1248
1260
2043
969
16650
1218
16788
9333
1458
1818
2061
1590
2016
4296
7161
966
1578
6942
1269
987
15786
1611
7593
717
1578
1158
648
1638
1140
825
1026
1632
1686
6948
1578
1806
2625
1644
1599
348
8997
1101
14949
2112
2112
2028
1182
33534
2277
1002
2640
1767
20394
17181
2139
1473
1467
2724
1590
1569
16818
6753
1623
2628
1548
1929
1869
19950
1059
2550
1422
1419
1755
1428
1074
1317
2001
1251
1335
1359
1059
2460
1470
255
2634
1251
5847
963
2319
1134
1710
1026
879
26373
711
2439
9177
1497
1197
7275
15003
7692
1737
864
2706
966
1245
15699
1587
17253
19449
1281
3264
1389
1116
1287
894
1323
1587
1467
6180
1149
654
9087
1713
1560
1440
5955
1035
1443
2052
1095
1227
2799
1467
654
2601
31443
2625
1935
1395
1617
1188
2061
819
31803
2292
927
1044
1794
1134
2358
7071
1311
17184
2817
1122
828
1812
1392
1212
11928
12171
990
960
1617
735
1815
19014
1839
1836
28098
2043
11937
1974
1770
1989
3141
1488
1785
804
13920
2604
1284
711
3099
942
20226
813
1314
1572
1326
1620
6501
3432
855
2451
74046
1683
1089
912
2013
47367
3114
1440
1107
804
1719
1572
1401
19344
1308
2079
681
24300
11106
4269
5847
2223
1770
843
981
603
1689
1338
13290
12516
1323
2460
1599
8016
1191
2451
1380
879
2406
1374
1803
13863
1332
1134
21099
906
23361
921
1812
1068
963
3351
1866
1353
4425
1782
813
1383
1380
19050
33504
3126
23214
1176
1593
2463
1728
18681
1104
1044
2364
6774
816
2319
1116
16884
1116
19647
723
17121
1890
1632
8946
798
17919
10623
1218
840
1293
3270
1563
1293
927
4890
11706
3591
1413
1338
1134
42819
1221
1593
10896
1932
711
59142
48240
1242
17601
2529
4866
1458
1389
6093
1437
1770
741
1266
7524
1050
804
8649
1308
13923
873
1221
1812
861
3222
1980
1332
1281
1575
858
1116
25101
12843
36795
3066
11685
21687
1029
1395
1254
20964
1116
738
870
36156
1317
7746
1218
1758
1563
1197
1494
1479
2097
1107
7473
1251
1716
1008
42168
2310
1221
957
3465
2130
1221
924
56658
8142
1599
1131
1515
1632
1095
603
870
1245
37815
15402
2649
2454
897
2385
2337
1284
1410
831
948
23577
1041
1248
19224
2199
1737
732
1116
684
4332
1347
1752
33174
14502
1155
1503
891
774
732
894
192
1059
1047
954
1965
741
20235
789
699
849
723
993
12210
2592
915
882
912
978
15330
1188
1251
1581
1071
1476
720
915
1233
702
7269
1017
1080
816
936
1002
864
1161
777
1809
882
921
891
1011
1047
8247
1275
204
15663
20859
1092
1452
1686
837
831
900
837
1335
723
903
795
261
759
216
975
2343
162
984
1347
7164
498
1014
762
300
765
1590
786
3114
951
1170
927
852
834
1488
732
2523
744
1530
927
186
837
8361
969
915
1035
729
849
5235
978
9885
843
975
963
960
771
1434
1260
1146
1500
1296
948
777
822
3948
1317
1170
861
1437
714
246
915
837
780
1752
1236
867
840
975
207
666
660
1059
900
837
960
807
1944
888
774
750
1752
1773
1188
732
1851
11169
1023
993
819
762
213
8547
240
1821
768
444
1335
690
996
1041
984
1917
1479
2424
195
1314
675
717
783
1596
714
849
912
606
1056
18876
7188
714
4830
696
933
1242
29157
897
1281
1161
225
1023
183
1014
276
873
231
768
885
1209
732
210
816
780
225
3543
1077
894
699
1896
4668
1047
1032
972
183
945
921
810
843
765
909
777
435
816
1017
1743
741
981
744
903
195
1494
723
3540
975
318
708
2646
990
1407
861
1026
852
1671
711
960
843
867
231
798
4371
1020
792
8811
1236
924
951
717
1089
939
228
1023
762
858
633
774
714
2031
1911
14301
1320
774
1002
750
873
1146
885
891
831
1929
714
1038
1332
804
759
1143
1509
2718
849
1143
894
720
2649
1698
750
1785
927
1143
1905
720
216
1500
909
1125
846
933
1125
228
711
882
846
855
1368
990
3411
804
825
717
192
1044
1302
894
831
2433
1977
1728
909
1182
909
780
4707
1536
834
2100
984
1539
990
327
759
681
987
717
1272
240
885
930
23760
7620
213
1287
1674
1161
711
38580
855
264
1077
1779
1140
1038
11778
2082
9816
921
792
1107
1008
243
5403
786
834
786
897
1557
1020
1179
777
822
306
1851
1344
801
1059
948
861
666
1134
1896
243
717
1287
693
702
1815
1035
939
186
885
894
870
747
32616
774
786
1266
1416
246
1263
2097
1038
1398
993
396
1215
993
183
732
32607
1089
219
726
984
672
165
6888
189
885
852
1005
882
1839
867
753
1053
909
228
933
786
1008
1119
1368
762
1185
1794
864
1203
822
2241
1026
1788
753
408
1530
846
939
756
387
3153
1266
909
1065
726
969
756
687
657
2667
8790
840
9237
747
20931
774
840
894
903
8025
963
804
711
921
795
729
996
762
27213
822
1050
1635
945
837
840
1065
768
1221
843
3309
1032
1032
1038
5451
1083
1044
864
963
387
4080
765
1098
1086
168
1083
2169
906
159
687
1995
963
849
684
1284
669
1035
1260
1059
1896
936
879
9249
927
1194
921
888
810
4797
1569
1419
684
858
912
1965
813
1080
798
933
855
972
9972
759
927
798
1065
744
822
741
699
1122
1008
714
879
399
729
774
7734
1872
942
990
981
2409
939
903
2331
174
822
828
732
876
1341
1728
879
834
225
1050
804
1260
708
7374
1002
849
885
870
165
17739
5376
9627
1029
690
225
2589
723
918
732
2082
798
1026
1893
273
726
861
1215
162
1845
831
780
807
735
810
783
1671
927
870
1044
687
696
16254
1182
951
1356
786
1032
1293
183
897
897
1116
714
774
219
1092
1677
1128
1053
216
897
1626
969
1179
1260
186
1149
1107
738
1131
999
789
1554
198
879
1083
789
873
1764
759
777
186
2739
936
1218
1083
1074
978
17001
744
879
2889
900
966
1068
810
777
765
975
1863
1194
825
2880
276
1713
942
216
4182
1038
2664
669
1320
819
438
792
1902
1608
852
270
24060
954
828
897
186
1113
240
786
1326
711
885
2040
1218
1242
8517
699
852
231
723
921
195
837
1653
216
1026
894
13470
717
717
5865
762
786
858
777
825
822
744
1917
921
1056
660
837
1383
1599
831
915
822
669
960
867
918
978
1716
3363
1524
1515
1941
699
780
1518
24765
759
918
714
1044
789
780
228
834
699
330
807
729
705
927
864
1368
4431
2229
1407
555
1017
1197
2022
699
2904
2355
1338
1974
159
15216
678
5100
723
11709
756
900
1284
1593
1959
2451
15789
714
1026
873
711
4191
1854
4755
621
1065
1110
972
747
717
237
2115
639
708
225
10563
912
954
1062
822
3741
846
807
1827
5310
1182
3999
1443
1191
933
17088
1032
852
912
1080
180
630
933
1488
1089
1008
2589
825
1212
1080
783
8922
867
963
849
795
924
183
1251
936
7134
771
690
1128
798
1800
732
10767
687
792
1740
777
1848
1935
954
1557
1152
951
1086
1095
963
183
1035
723
1125
693
2130
1062
981
768
978
903
816
237
1008
726
1743
828
855
705
1107
1092
288
879
198
756
933
1107
1128
780
759
177
906
2031
1323
1122
1164
984
909
711
297
960
969
762
5352
4104
10071
1056
294
795
606
1038
948
963
843
1062
1530
5598
777
1050
1092
243
2721
837
1101
909
1584
762
1020
711
777
231
903
2088
732
777
1491
1326
1065
1179
1119
729
1944
5340
1404
912
783
723
879
216
1776
816
1143
1104
1746
993
738
1101
882
1086
711
1770
1275
1245
1995
990
1080
759
2370
177
666
1074
1278
19620
1773
21651
714
1599
723
687
927
1593
957
777
915
723
9714
954
180
804
744
183
1515
888
309
1182
846
1200
699
3060
852
957
1533
846
15813
4797
8301
201
540
387
204
1233
354
714
174
189
276
186
195
18231
5838
19890
35271
207
264
83208
11724
26319
366
22218
31080
414
6597
369
333
61044
6669
9369
60108
1914
31440
16299
18123
252
1794
336
4143
156
255
1464
294
34470
1167
13992
15570
3402
32706
1689
6906
351
15555
26922
20172
180
195
16953
201
56583
201
4335
174
204
195
2478
183
174
621
297
57357
420
276
261
52842
243
318
21009
201
6213
21780
28125
1572
204
2955
201
162
186
3369
20907
273
12276
11742
195
330
1131
156
1065
198
16698
7665
9018
186
7380
6096
4038
37698
351
1272
5613
5343
12252
2841
207
10143
10608
198
345
53055
312
11511
4155
4683
10866
264
417
309
13881
13890
12072
12690
942
3489
300
1773
16671
354
2877
252
8508
192
183
348
11076
8415
10377
25179
76200
15009
17970
294
201
3831
168
11211
201
11703
7167
4569
1488
4746
1539
54792
1314
10329
5037
8922
267
16662
9249
4779
1386
10878
7521
20295
50094
12156
28668
10272
2418
198
315
498
28104
174
660
1707
4014
252
9996
6909
204
48204
12882
432
8028
2247
10641
23583
198
42567
420
2169
36246
10287
36693
21162
48573
4674
657
165
255
16929
23757
3048
84867
285
34776
399
15798
177
2340
276
336
267
22323
9072
492
5247
426
11727
207
327
5463
267
399
2073
195
13461
4293
423
204
264
1320
177
285
183
3732
249
5598
1584
26811
11391
23238
168
195
16857
14928
10920
22233
348
27681
1401
171
9249
627
177
195
729
2970
207
429
156
897
489
183
1425
207
30558
420
264
13377
204
171
426
5160
474
30771
15231
24261
1482
6006
3576
2001
13155
13749
327
333
51408
258
2322
171
70911
189
162
4470
3030
12960
183
192
1317
5412
4206
3477
16824
201
35586
180
348
357
2934
11178
252
13230
11994
240
4662
171
16014
1815
12504
4269
4101
3954
19137
573
1287
7062
21726
2112
19860
2700
10578
32373
165
28659
44811
267
15033
16332
28464
10623
417
195
7329
21534
5385
201
264
1623
189
6030
9798
309
486
7440
681
261
40029
13512
387
3516
2463
6600
36768
18921
14745
2040
195
31821
18834
19659
249
276
279
10404
201
435
204
46185
258
14628
309
20472
54570
273
471
2007
69618
21288
14550
198
13080
31875
327
27207
5904
5289
354
19623
4845
20568
3435
411
6768
30687
12858
264
201
8043
14589
4521
396
8721
40455
43005
201
3186
3423
186
396
345
417
2781
156
9711
1854
300
28440
23025
17808
24591
13977
2067
264
18348
17658
2694
12972
29661
417
396
9720
186
38487
3927
4185
2802
3912
5220
420
13017
50004
20067
357
1266
13314
21348
19467
411
28989
9945
14373
303
351
43053
192
162
384
6759
12390
10629
11031
6123
12465
8973
264
7023
6351
345
399
309
12441
192
270
2367
26685
201
273
255
351
14370
8760
267
183
306
47076
477
351
192
19488
5943
4545
50019
11436
10029
771
5361
2604
189
342
258
177
4497
17196
393
261
36222
4266
264
5283
174
10839
516
261
2013
19638
267
465
3963
6114
303
1485
396
5580
333
15246
267
267
6579
243
4956
183
3354
45261
19743
3489
522
201
68904
333
38331
201
4683
261
339
183
21912
35874
30165
19443
6114
189
189
2754
1173
16452
7950
573
9258
183
29673
408
16509
22929
9663
414
180
192
336
2400
12285
4050
1152
9597
4293
408
429
34209
345
10200
14640
1962
195
22143
345
342
423
18084
8712
357
6237
30177
309
3201
19401
17697
18009
4662
8820
516
3201
10791
24723
4380
183
327
16542
7134
72996
25239
258
11484
168
1458
3525
15756
43356
6756
294
873
19770
537
201
9567
6252
246
33024
252
3426
255
2007
249
10446
14094
243
7443
10404
324
267
22164
1482
303
1479
396
7710
4434
540
435
13227
357
7434
324
189
240
357
396
540
3162
17916
10443
8499
189
32247
339
396
270
16461
426
12402
402
9498
258
393
28317
12390
30198
2520
267
3168
297
4725
22503
192
39729
393
369
2169
396
423
150
13503
204
9348
345
273
255
276
171
189
1044
1722
897
165
873
53868
378
25188
17964
4479
16284
21213
9075
159
13491
1659
8634
1590
43353
4647
7965
8871
4125
462
174
9891
5025
483
4497
837
504
186
8823
348
171
198
16047
9726
7179
186
3150
33345
49161
10485
20028
9933
501
12306
11937
14523
2022
3861
1410
159
24768
19485
40323
47409
1722
34719
45741
14910
255
396
2736
999
25212
9111
504
41370
360
309
474
4266
6993
198
21213
267
1542
33711
20289
183
192
3042
9132
23988
192
387
14868
68664
15336
168
267
201
276
264
318
4938
309
204
26124
339
177
435
2541
276
339
24255
5988
255
30009
11247
7776
35655
5787
12927
16254
417
195
14460
38805
456
15093
9930
10086
192
9534
16086
627
255
14277
417
342
201
2418
201
201
249
13050
1170
678
16848
270
14157
4713
258
18027
13320
198
13773
39621
40287
303
4806
414
17199
159
333
2532
195
192
180
19650
192
435
273
15681
333
1617
402
1812
15237
22713
41067
267
14019
240
24492
60342
10257
438
2445
1137
267
189
192
522
10005
4329
381
192
237
20346
7788
6771
336
15792
258
8937
186
450
11484
14301
16692
201
201
186
14772
3669
18858
282
3999
25821
2769
8202
153
4500
52485
198
492
378
16332
10845
30837
8649
4422
47133
2661
22191
20604
4818
7416
345
357
20619
474
432
11664
27213
309
22278
408
276
5151
11139
35409
189
26100
42597
4803
10998
21531
8094
159
348
4212
21786
7785
5514
357
19719
7233
16443
7275
162
1773
300
19458
273
264
15087
1614
13062
17940
10212
495
531
255
104280
15945
504
393
393
498
41577
429
243
195
27531
17844
16341
270
3123
279
33948
7467
339
17586
20880
17661
26790
7692
2670
23922
2151
732
948
798
69621
25923
25341
804
1146
1065
642
1650
1479
1128
1671
990
1140
1251
20511
999
168
13908
2049
1185
1479
9657
12462
723
49047
1302
1689
1206
1071
1842
990
1776
1008
2847
948
1062
1323
1296
1416
25527
867
1977
1041
2292
2364
951
1677
795
777
1449
645
1476
2427
1596
6027
2076
1269
2505
1023
1923
2661
1125
1290
1977
7854
1803
7269
5082
6258
7674
1443
14658
1539
4941
1665
7245
1974
1608
1623
1023
32853
2367
1386
2142
1113
14271
948
1536
2496
6981
648
1566
15261
1257
939
8319
1410
1146
4599
1242
993
2055
1371
1500
1194
2754
1395
1416
1662
2118
2634
891
1368
1353
1833
1116
837
1050
1248
15423
1275
840
1236
2004
1305
984
1113
1512
801
21072
843
1401
9717
1371
10815
1269
1101
43002
1155
2307
15684
7077
1581
3306
2049
1005
27534
3633
42312
1884
17988
1437
1410
1041
1194
79233
681
702
1488
735
5745
849
3057
15561
738
2478
7200
918
1362
8748
1422
1431
1608
5478
1554
1074
34542
1728
654
2085
2529
2856
4212
1083
39303
1206
5121
1635
951
1044
2241
1581
2691
1068
690
1053
2088
6852
1137
6660
807
831
1686
1425
1275
642
2031
1863
954
1569
1500
1257
1422
879
1269
1020
2022
1857
1278
14184
1530
1047
1875
1041
1740
5895
4023
1029
6285
1236
1050
969
25476
20757
4659
1305
16119
10542
11880
8532
1986
10302
2286
1221
1056
1119
819
1188
17889
27672
12324
26163
76119
6888
32241
1086
1221
3423
1293
1491
17295
2328
2640
1659
3096
1644
10809
1077
1890
885
34929
1467
1305
972
1371
1551
1665
20565
16491
1569
26427
1464
6357
1374
1881
1542
2442
5127
1626
1440
720
1434
1056
1824
24051
696
978
1254
1776
20526
606
1614
5649
4338
1059
6045
1287
1578
1029
1596
1566
1818
22368
3066
2244
12603
2322
58155
1938
1197
1515
16368
5988
29952
12543
11445
2550
11850
1491
1497
1644
3750
1260
17115
10713
942
1896
6672
1113
1782
24702
8037
1455
5865
639
1500
2028
62565
1311
10692
1083
2115
1083
1884
1038
4209
1116
17778
1488
2535
990
1803
25794
1539
1089
12603
1767
912
7089
1182
1080
1125
20958
3138
46113
1809
19032
15810
1785
1437
2232
1164
864
990
1896
1158
4122
17043
1893
12093
792
906
8910
1533
1143
1428
1749
1062
1836
1284
999
1059
1893
12378
1503
8976
3039
1740
1905
2316
3837
2628
11628
25083
7188
891
1347
1416
1293
9456
9435
49482
3900
6462
1845
1479
1686
2235
54339
894
939
2610
12228
1266
1638
1905
1215
711
22452
921
1485
1485
1515
2013
1263
14796
1194
1170
14106
1734
4656
2649
3021
1131
957
1575
636
2604
6885
960
2103
2379
6426
1794
18318
8916
1848
2421
1107
1467
1278
2133
717
1761
2322
4677
1635
1218
1938
1707
1533
2838
6612
16245
1563
2229
957
1365
35985
2238
993
798
948
20850
2784
17712
1065
615
1545
1446
891
1149
14211
8916
1455
2610
2634
1977
21294
870
2442
2937
2202
2451
2133
1350
1695
1515
1479
1704
1803
1092
1293
972
3240
1752
1785
6513
2952
882
948
708
2076
23946
615
1359
10800
1653
9471
13602
8868
3057
1494
1575
1350
1023
15999
1197
909
16875
18378
2703
2007
1746
2262
1665
909
1290
2688
7887
936
9138
1449
1713
1572
1290
3654
1623
915
1719
1215
1668
1041
921
3777
22395
11418
1872
2061
801
1716
1305
1506
915
28725
1632
1458
612
1230
1329
732
7386
1827
19359
1533
3003
1167
1092
2655
12123
10668
939
933
615
1647
1479
18063
1380
780
25938
1035
1974
1224
9351
1056
1254
2067
1221
1623
2058
1704
15954
816
627
3180
960
22638
1770
2148
1818
1449
1530
4245
3024
837
1329
1785
72222
879
1170
1173
1701
837
46053
1383
3363
1620
1311
1293
1185
978
22689
3612
1668
20934
10980
2361
2682
7767
1266
1851
1551
1458
1035
972
15219
11085
1143
1629
2241
9879
1647
1014
951
4806
1197
16428
1734
24135
23634
819
765
1386
1038
2163
600
1077
2232
891
3534
1161
915
1386
1437
50235
1203
27456
1293
1851
1194
1260
5094
10596
1698
1626
1014
9324
1032
1536
1494
16461
20148
1527
16731
1443
1392
12567
19815
6123
1845
1068
1350
1467
5238
1056
1044
840
1950
963
3915
4299
1014
1410
1260
1389
1815
3069
36870
1209
1689
1437
9822
759
1293
1422
5958
53361
47427
1314
16227
1629
2670
5016
1233
1401
4473
1218
1746
720
3444
1359
4503
936
801
6870
1233
1188
13731
777
1626
1719
1524
1827
1278
2208
2064
2220
1824
27111
10701
927
34611
1203
1944
8964
1212
21273
2247
1725
1593
20925
1845
11238
26049
12405
1134
2802
939
1347
1299
780
2118
9747
1560
2379
43623
1440
1224
1476
1548
1176
948
56811
10809
744
2361
1257
1221
1431
2436
1452
35190
15393
4410
1800
1158
1998
1695
2301
906
1083
783
22095
1020
1068
15840
2670
1188
2910
1173
3996
1005
1383
35397
13086
1827
882
3213
1683
2109
1359
1422
1323
2232
23193
972
9723
6564
8472
1680
1821
627
1632
1386
2907
726
858
6441
1188
17601
1710
2019
1980
1482
17469
18837
2703
1044
2172
9867
6090
1221
1368
4929
7215
942
975
924
1752
1299
732
18408
7440
1791
1119
16905
912
1170
14763
804
1593
59364
21036
1557
3654
4452
1428
1464
1854
59538
795
49374
1800
3585
1092
1269
2304
9708
2148
1575
1971
2460
1227
1005
1029
15009
1434
2799
41160
831
825
2184
912
786
1785
801
2121
9039
969
795
2052
2604
14865
7071
17304
1320
1704
23442
735
2085
5001
771
2007
1824
2022
1428
3795
1698
5007
2196
1182
1968
7659
20568
831
2637
12360
12168
7608
1107
1845
8724
2142
4182
1899
1677
1800
1290
21066
1509
14109
32817
1983
864
11745
1500
1128
19908
17022
1212
1806
1500
2118
2316
2727
4833
1023
5085
1233
7569
2187
966
1818
1158
1440
1695
1005
1113
2241
1140
1629
1371
23976
10188
1869
29382
13032
708
918
180
663
189
1896
756
912
1134
672
756
729
1644
2037
684
450
1815
1137
8550
843
1128
1818
708
198
936
1056
2763
657
915
849
744
876
285
1005
3918
744
246
660
1464
789
6891
990
978
804
957
897
5010
834
11169
1053
849
810
753
903
165
1056
1035
696
234
2943
903
837
1116
4245
843
909
1185
1194
1968
705
1059
3204
936
879
723
2040
666
822
753
663
1071
618
1821
861
855
768
945
249
831
177
1188
798
957
234
12624
990
159
750
819
1560
6885
1728
315
741
2160
1035
840
1164
1251
834
231
828
162
2103
1752
186
984
1047
1242
855
243
762
732
813
708
1182
20397
5205
780
6372
711
903
31308
1074
1242
1434
1638
1587
1719
774
1050
1323
1836
717
5676
1116
933
660
189
6501
567
717
1890
930
837
837
921
678
762
1734
735
1143
237
2385
924
534
1728
714
4908
1602
711
1344
978
912
1173
948
849
840
204
681
813
1119
1014
1782
5922
720
951
8355
795
768
687
744
1179
1962
741
783
714
1101
789
876
240
810
189
987
12705
708
234
789
747
681
765
1050
1032
939
1104
675
630
714
768
1524
798
663
1041
903
288
2739
690
2463
732
2373
1056
231
780
1104
192
966
840
951
243
693
1668
186
894
915
681
1461
1101
1797
729
789
948
726
1164
3318
801
774
921
1497
2730
897
1002
246
903
297
969
222
1011
777
705
882
6132
162
867
1218
168
843
717
228
894
2229
708
984
885
720
2157
1101
918
22476
1191
312
6996
1134
234
846
1341
37935
1008
2589
705
246
576
1347
885
10569
1086
174
927
8451
837
849
1308
909
1818
5235
939
780
1194
696
300
975
891
1116
735
2022
288
801
1155
1014
990
816
789
861
1023
204
1455
846
765
672
1059
189
948
834
1638
765
1044
1107
34053
846
1194
1095
2169
939
234
1350
1041
1281
1740
897
1821
849
22260
1692
705
741
1071
312
870
1089
726
1086
423
1050
1113
189
984
1728
183
843
894
786
5802
1164
951
882
720
681
894
870
954
561
888
387
7923
984
240
6723
687
1128
20742
909
858
1005
9603
687
714
681
855
849
756
1026
28653
969
882
159
726
891
1131
900
834
1098
1119
867
1704
1179
1419
945
717
4104
1032
894
843
1089
2079
4125
882
954
2445
1161
267
1143
1548
888
846
1035
777
675
906
642
765
1122
972
906
231
1380
711
11283
1137
1050
906
741
6054
324
834
1029
678
963
933
162
1002
990
1275
1113
681
807
11559
723
960
966
993
843
1002
861
780
1422
813
717
2193
717
849
5799
1278
297
774
876
693
2505
672
789
711
1098
2037
909
957
732
1122
870
183
726
903
1356
1086
900
939
843
5727
1011
972
906
906
20031
3561
948
7950
1095
852
1749
615
759
714
1245
771
225
945
801
888
660
1437
717
975
1710
186
747
885
711
1143
717
807
708
231
1353
861
903
1086
1080
17946
978
822
1335
936
1308
1689
687
1248
786
765
1761
876
441
1044
978
1899
831
318
1155
750
1119
2592
822
660
759
819
840
828
2094
1191
861
789
762
234
2196
5172
891
1275
942
762
18564
705
870
300
825
774
762
996
615
765
960
1122
261
1203
900
975
231
753
1941
189
888
1812
2763
891
2694
813
927
1149
1710
750
165
771
162
819
1920
22782
807
849
852
1833
1998
924
1356
654
1137
411
768
951
1203
165
6285
717
1062
1788
921
1806
771
282
1446
990
15255
8625
1197
744
699
921
915
780
966
180
891
939
534
1017
1206
759
183
1038
738
876
786
792
543
789
936
1050
180
702
3465
189
1077
210
879
222
852
816
837
210
750
23487
822
684
1059
810
753
726
1554
987
1986
1005
711
774
1020
984
6612
252
867
156
711
771
1170
3729
1188
1062
4002
990
192
1743
216
12636
840
6372
13152
972
843
1266
186
1500
162
747
258
15228
792
816
708
1191
1146
2598
1023
6975
1038
1062
1152
864
759
1566
468
717
1041
1956
9471
783
1203
819
849
5430
834
981
207
6933
5547
813
1272
864
15549
813
900
867
972
1779
1092
948
189
1140
1020
3945
651
909
966
1023
7071
684
753
1203
729
879
2184
930
1053
5949
819
972
987
1002
759
282
765
645
10971
726
1116
222
840
1017
231
693
234
885
1608
1425
1077
861
954
1101
1953
918
717
708
813
207
1737
834
825
1191
1125
702
1632
1260
726
162
819
1176
690
807
1248
1911
1737
762
984
2706
828
1464
1287
201
1095
933
1122
903
852
819
1644
972
732
6546
2076
1122
8472
927
1935
765
1203
750
927
714
1014
888
234
753
4260
717
807
831
2049
438
1059
1287
1173
1044
225
951
897
843
708
1353
840
294
822
1263
1332
1176
789
690
1143
978
798
228
6681
180
801
525
840
714
1725
294
1236
735
1206
1449
186
1095
723
798
936
927
1350
996
186
2526
1017
162
1017
990
1026
996
237
2067
765
915
1182
6060
12891
183
23136
717
282
867
666
708
1137
300
867
903
981
753
11100
1599
936
1788
219
1080
2145
828
981
840
975
1176
795
753
837
315
543
816
771
780
732
1860
1035
813
1215
183
843
969
18963
978
678
711
858
933
12363
831
675
897
1395
981
897
1050
13524
873
885
1134
189
972
828
234
807
738
1296
876
8610
1119
951
1467
828
1158
1020
1278
1116
192
1011
984
801
1248
2478
6867
762
16296
786
6009
