707:0:0:0:0:0:0:0:0:0:0:0:0:0:0:0: (total 6)
0 1 2 Thread 0 going to cpu 0
8 Thread 2 going to cpu 2
Thread 1 going to cpu 1
9 Thread 3 going to cpu 8
going to barrier (cpu 0)
going to barrier (cpu 2)
going to barrier (cpu 8)
10 Thread 4 going to cpu 9
going to barrier (cpu 1)
going to barrier (cpu 9)
Thread 5 going to cpu 10

cpu 6 cur 6
going to barrier (cpu 10)
STARTING...
STOPPING...
Duration      : 10000 (ms)
Acquisitions  : 26044227
1263
2097
792
963
903
1518
1323
1386
816
909
825
1296
1845
798
459
828
690
1464
1521
1959
717
1047
684
1365
1188
1872
41016
1128
708
222
1623
963
1053
888
2847
1200
1854
1755
228
975
1344
228
1446
795
891
237
873
708
1191
804
1440
186
1269
1650
18783
885
1017
687
1053
1791
1434
1047
1134
2271
237
717
1140
1473
225
960
1044
1143
1203
216
963
912
1971
1209
798
690
699
1599
714
807
26637
1077
726
813
951
1221
24993
1059
1773
786
708
1911
1701
1065
1035
10965
729
876
1212
1362
810
1452
1374
888
1131
732
1707
1206
894
30219
963
11859
1365
1008
822
891
3249
1773
1281
1299
1137
20910
1623
1521
38442
22791
900
900
801
948
1539
1092
972
810
855
1053
183
879
1758
789
879
810
810
1293
978
408
1032
951
285
1344
981
888
774
27132
1434
1590
942
813
963
879
807
1779
693
870
282
1035
2190
684
1149
1275
789
6627
1134
888
1428
50421
717
540
297
213
540
222
303
366
201
459
1125
195
1371
1041
813
1866
822
1908
741
1035
789
816
1542
1461
1593
1026
333
999
18231
696
792
1434
849
813
888
999
15282
1026
243
1932
1572
804
1290
309
951
1224
900
1464
801
3105
1410
891
26733
795
810
867
17706
687
777
1023
234
813
318
1191
906
891
1191
1512
1119
969
1620
3018
885
2169
966
681
1110
699
2763
810
1362
2514
1704
891
1044
717
1191
116988
693
1287
912
21816
816
1689
957
228
873
1290
690
786
1191
2343
882
1050
195
780
810
27141
1119
42327
702
1383
1110
31971
1473
726
726
2997
1032
801
729
29508
951
1104
1380
1137
2004
798
1374
1599
798
1131
873
807
1206
714
1026
879
22875
699
7026
1191
957
228
45228
735
948
942
807
897
228
1782
960
816
1050
393
1602
13152
2328
1455
888
789
867
966
1680
1536
699
714
1131
1047
1674
387
1305
9591
963
990
393
1536
1032
963
957
186
975
909
648
777
2181
1665
1383
861
4803
1107
2952
984
807
1203
309
939
1689
2610
1284
264
1869
1599
1272
411
858
264
870
879
882
774
1122
1452
804
1128
969
1215
735
843
783
237
21957
879
810
3765
1626
831
777
5685
17115
1299
1755
1065
1950
1182
222
870
876
1059
2043
1137
1302
906
16272
1179
1500
1266
192
55788
26775
951
720
966
801
891
858
2691
24735
1581
954
2436
642
1035
18708
783
10302
1122
2370
37602
732
909
807
1041
870
804
813
888
318
891
729
885
894
873
1026
243
936
702
729
396
1683
873
234
1014
876
822
1287
2142
894
948
1437
1053
1284
1557
1047
1914
2187
720
1143
14496
882
801
396
1125
744
1062
954
1278
1188
807
1644
876
1692
861
825
1455
798
1935
1446
861
705
966
966
813
957
129267
867
1431
1182
1770
3000
1026
888
1557
1227
1704
786
1017
2064
1458
1767
1065
783
1050
999
1404
1887
786
1779
1464
783
1935
966
66879
31734
1095
1275
1623
1047
1230
1299
1278
1200
873
1923
228
834
951
1974
1023
861
717
7410
1068
723
1368
2850
1032
1203
1800
1680
1059
936
1221
1119
735
735
76527
966
777
1524
1044
1365
28383
93813
1047
834
18972
14118
2037
264
43971
804
222
1035
804
1221
30870
906
885
4344
1215
975
975
966
906
8772
1365
792
708
1029
1044
1062
825
2616
780
693
2370
1368
897
735
813
984
41973
1677
933
14871
792
41769
1107
885
19488
1374
966
264
1911
1446
1725
972
32265
852
777
2028
969
789
1023
5187
795
1779
972
804
729
1035
969
1368
1857
876
1215
1536
879
1467
720
1191
813
1869
612
59412
1041
1296
1191
753
735
1278
810
699
792
213
771
1947
1686
963
222
843
4704
2187
957
723
1629
828
1884
47676
984
5490
23517
1287
2253
234
1260
180
14343
816
1128
222
13284
30228
813
4902
801
1122
1215
1461
411
858
1689
726
1134
1764
72246
192
1170
1182
804
873
1578
222
942
942
1050
1680
1128
969
864
843
1521
1542
222
1599
960
1956
1422
882
2136
309
1026
1113
963
699
2631
1299
963
1722
1710
888
1248
387
729
4002
1989
1527
384
43653
861
2646
1530
855
1116
228
1107
1824
2979
1557
1086
954
186
1023
801
1200
870
1698
1353
1155
1599
7620
23289
1023
915
816
714
1137
1131
198
1269
1515
3057
702
717
1386
819
723
882
942
1038
807
237
651
2097
1785
1041
55161
891
975
741
1143
891
1920
1116
900
867
1548
1950
783
30546
86463
1545
1443
53565
1719
948
807
1353
960
876
2028
810
729
807
2757
1197
1995
1203
42804
1119
1134
186
711
903
1191
23685
1059
1536
987
2154
27663
711
1515
888
2109
798
966
321
9858
2100
960
738
1494
1119
234
1377
945
1539
1362
1593
807
1857
648
1068
963
945
1731
1272
2067
1026
2490
1065
825
17679
960
1107
1194
177
1770
963
1470
804
1152
2277
1287
876
100353
189
1773
876
891
1785
1200
1047
21144
1059
972
19233
702
855
801
1206
2709
906
747
1122
1449
1359
960
1017
1143
1770
984
699
1773
780
29553
1191
1125
714
15588
972
1041
726
891
1542
1926
1776
957
876
40857
1122
720
6468
1248
906
978
705
810
1041
864
960
1047
1206
1104
1104
2037
813
1215
801
9468
1890
1617
1608
17859
1119
2250
975
327
58914
1122
1470
2121
1356
2010
1344
1182
807
1290
2205
951
1032
23124
6852
1338
73674
858
1893
939
972
1038
28797
810
855
1278
1890
1041
936
1044
1053
1323
27060
789
1146
23568
1119
1890
1215
984
789
1611
1350
1944
1122
873
1290
13356
687
798
726
735
969
1500
750
699
207
1158
867
1374
1479
222
687
966
2208
552
807
708
705
906
1020
55122
7368
1344
216
30582
1563
2697
1149
1212
1719
14340
789
798
1218
963
882
17244
873
1059
1128
1386
864
31506
222
29073
8757
897
1044
888
765
1104
43818
2070
897
1134
1194
1473
3111
8532
11145
1146
1290
1122
1053
31659
1434
1689
708
873
44775
699
897
1200
1059
711
714
963
762
1044
972
873
1698
23589
942
1575
1302
1119
118371
1290
1947
10917
2292
42666
1461
873
1872
795
885
879
945
55071
213
624
2361
873
1104
2502
1023
1539
864
14439
1053
693
225
858
708
798
807
39102
798
7089
7110
2157
918
1233
1374
267
885
1143
792
957
9351
1458
882
696
909
1128
1398
1725
7056
237
858
489
2220
1470
1542
1581
1056
789
963
837
1281
1038
969
786
705
210
888
975
948
1254
1476
1044
1125
55908
684
882
714
318
2118
1131
951
46617
2730
1809
951
966
714
798
855
708
57105
2166
1602
975
1386
963
279
1035
750
720
1209
954
306
1203
13497
780
2373
783
1212
32616
861
783
864
1215
2124
708
58173
1743
969
2124
76209
780
1389
876
60039
981
705
1470
720
234
882
1122
1467
2988
690
1068
2844
693
798
15507
795
32157
1602
888
1200
1128
1308
23661
1329
1203
867
1290
396
1023
1374
1689
885
228
1374
14856
1641
780
801
801
879
783
47193
777
717
963
873
32694
1227
1911
348
1416
684
1107
966
798
696
1653
1740
786
42864
1053
945
1365
804
789
56595
1224
1548
570
1212
1242
2802
1797
891
240
765
1128
867
987
1104
37740
807
1149
1293
822
1644
726
1167
1035
828
1854
2196
5817
2493
12300
783
1338
723
969
276
789
5811
1566
94770
795
1398
723
870
534
1032
798
954
1560
480
1359
1137
867
1224
717
798
2160
1413
903
795
861
2067
891
1032
711
1386
1290
18090
795
186
855
23418
771
234
714
228
1803
34761
693
24567
1062
1050
873
525
780
966
1128
1458
2013
768
708
1479
1203
792
228
990
1029
951
2463
891
2073
771
945
1206
2070
1971
46893
1056
789
1860
1212
810
720
948
1809
1062
234
858
8700
705
31209
795
1035
777
2223
1056
789
51066
1188
795
1980
888
894
882
681
960
777
792
702
12354
786
228
963
786
780
786
1068
882
1296
882
20877
7701
1467
777
264
1041
1044
699
1194
693
1116
2808
1779
696
792
219
5784
708
1710
1215
1461
570
1146
180
666
759
111843
801
1215
1578
1638
804
1290
1887
684
1122
1185
972
873
792
966
1038
1041
783
1038
873
1650
960
1119
1206
1050
879
795
699
8532
1020
1377
687
1110
789
68934
1095
1305
1290
1368
1971
40068
777
624
1206
20706
1203
858
708
771
981
888
1173
810
237
960
888
798
5685
1284
5604
1941
1857
10923
906
1203
77349
1290
852
1206
1545
966
969
777
1293
696
717
699
405
1356
957
774
1479
186
2217
843
789
1041
1545
867
876
234
1209
1302
22110
1284
1377
405
945
30900
1128
1890
963
891
312
85671
972
14610
693
1200
6468
10122
774
10533
1095
1470
687
864
711
22860
1581
1146
1305
1452
792
789
1302
2649
705
46524
939
966
183
1044
1554
1185
4560
696
1791
846
885
957
1137
1206
1458
897
228
1035
693
1053
198
6444
86286
8490
879
960
1131
1137
1128
708
954
1272
1050
777
1812
4497
1602
62535
1023
1602
786
1623
792
945
1023
47244
963
1215
177
936
1965
405
1134
1059
2406
942
795
645
777
1119
711
396
963
720
708
1056
303
951
3726
885
1035
690
945
2379
1056
780
888
687
678
1218
1113
786
1311
795
1578
1545
957
954
954
312
783
702
534
2094
690
882
720
1626
876
2310
1383
795
1101
1029
1134
690
222
80862
1545
27651
2100
942
2727
2058
795
699
963
118695
2322
1488
174
858
1488
795
225
765
879
804
240
16404
1455
714
1380
315
942
1470
1044
1293
720
870
942
798
1035
1053
894
3420
690
789
2709
1212
1278
1026
1866
699
1158
12453
1137
1698
831
867
1632
1473
1317
879
1638
1212
981
768
225
1374
792
39069
1395
1296
13992
1311
930
795
15960
1611
1215
1050
1107
210
1209
1323
306
1281
918
6711
888
1137
1128
861
1827
5433
711
5322
870
870
948
780
321
945
717
17709
1536
990
795
876
2184
1638
2370
867
1041
867
23115
789
957
699
1380
1836
870
933
705
954
858
1137
699
2955
765
858
870
798
717
18699
951
37509
18807
954
1128
705
1023
1065
690
870
777
774
810
10422
969
1884
1401
1899
945
867
3927
1503
693
1041
1131
966
1638
9549
1647
693
1641
1209
873
1464
753
237
780
864
1380
1116
1257
183
7971
1128
774
786
879
792
870
690
22758
939
792
723
855
1218
1050
708
789
4392
663
1044
1041
1044
792
189
762
795
972
78888
1782
1140
867
948
792
894
870
237
1290
870
705
1113
888
804
951
810
1383
1041
705
1029
708
183
25389
16419
22041
26307
5361
1374
963
1233
804
708
963
1548
1278
189
1044
1635
1815
9120
1191
603
969
183
696
708
993
1077
801
879
6927
1626
267
795
705
228
13692
1047
1215
312
1032
717
852
756
972
993
954
963
708
2067
1044
28305
1116
216
1146
1137
789
1203
1386
1308
1953
1623
858
774
1212
1545
876
1212
1722
1047
1140
792
795
1218
1227
876
876
1131
12960
714
966
1116
1302
1452
1329
78450
1377
222
5796
792
792
825
1137
870
795
1215
1302
1650
699
16068
114393
882
1629
792
1872
2787
1305
399
864
798
1530
774
1215
855
858
885
1011
1113
17034
717
951
31686
870
972
1056
873
228
40566
870
1038
786
29070
15102
1062
828
9648
1041
1362
35772
957
969
300
957
960
1602
798
318
969
228
798
1113
1029
240
1050
1191
945
192
71628
723
1236
912
1383
699
711
1800
972
873
816
1233
891
1188
1128
228
1389
717
1851
978
882
1536
1746
810
873
795
969
264
1263
711
2574
76056
1170
1044
978
92301
897
2097
1194
798
1050
1197
12447
228
810
77226
1698
1041
16593
1611
708
804
735
1365
1527
948
885
44706
321
873
1221
900
2622
897
2358
789
714
888
786
1752
708
1377
807
885
1041
834
870
39306
1095
10845
65832
1332
1041
906
801
792
885
954
1056
1605
960
234
786
222
1005
735
225
2010
951
4377
1065
924
1203
1053
6525
1380
1533
1794
1665
870
1140
1380
987
966
2364
1014
882
867
1383
807
13071
876
177
1188
969
1047
813
1200
1122
1791
8631
1209
1338
1836
1023
18846
804
699
1101
852
1029
1524
801
975
1224
1137
1035
972
798
342
1137
1203
201
1107
5787
1050
225
1701
39765
792
861
705
681
888
1227
1614
1122
858
894
963
879
1077
225
873
2550
870
267
1128
954
1110
1296
25788
723
1296
429
11445
9015
888
963
1011
402
885
1032
804
915
1539
1059
1038
13062
1044
100260
1053
1044
702
228
942
978
222
789
1356
219
696
1098
1122
963
876
1059
1119
882
870
807
636
2100
720
303
1035
1140
1608
951
804
2427
852
807
798
318
1053
186
1056
669
888
1065
798
1272
888
1200
1134
876
1269
897
1107
804
1638
804
948
1065
321
1383
810
798
816
960
1095
888
14874
894
936
1116
801
909
1116
894
897
1626
10839
1524
972
4728
741
978
951
1134
1842
897
44556
2523
897
1278
801
810
294
1134
273
1644
8670
1542
1107
975
972
1566
807
34275
990
192
873
876
1050
891
861
1029
1293
861
14130
885
954
336
879
31779
807
801
48996
843
384
1095
63417
972
1257
738
1029
951
228
783
978
1197
807
1032
1023
1899
888
4014
804
876
945
15543
1122
945
873
990
1125
960
1284
741
1692
1290
885
1929
726
1596
717
984
1125
189
951
1749
1203
228
864
879
1890
807
1116
1542
1053
26685
1131
795
885
699
1464
1806
894
768
726
399
1470
969
807
243
1101
897
882
822
41106
732
5988
705
1272
9999
1137
735
1041
1032
90048
8574
792
1044
1035
975
1209
957
735
387
885
1782
1098
891
900
714
1065
234
1302
1143
984
981
903
51789
1197
957
1197
735
870
741
85329
1137
873
744
4089
1542
957
1446
948
969
1539
729
1041
70449
966
390
1269
1032
708
1293
34434
705
228
963
870
891
813
711
807
972
909
1752
975
17715
1116
870
1266
735
795
804
723
891
804
969
1206
891
1266
981
1290
975
1461
837
864
74286
1206
318
807
1272
237
801
810
1533
792
645
1239
30897
327
1029
30234
786
816
945
2529
810
720
882
954
1284
720
1269
1137
1263
1029
861
180
1197
240
13113
1290
47967
1050
708
897
2361
885
894
726
1032
1521
13605
306
804
1062
1110
303
732
315
894
1698
954
45819
729
801
243
792
1869
807
59829
891
1227
966
723
234
1020
5628
690
870
876
894
2061
1764
813
1035
702
1302
32718
1752
894
726
882
777
3759
228
390
4209
342
1365
969
1002
879
2178
1113
810
966
708
1041
900
795
1116
233811
1860
954
801
1221
1710
1065
753
903
1605
954
1032
2625
1662
1656
1749
813
960
234
726
798
324
957
1047
1125
1047
273
867
975
711
1125
978
192
1278
1038
43515
708
1356
1050
819
16383
720
708
975
789
789
900
1767
1197
969
708
888
1233
1452
25566
894
1206
966
1614
948
798
225
867
876
804
15018
810
183
708
1053
270
795
1047
1047
882
1296
1056
951
1866
792
900
951
714
717
1053
180
2052
1053
807
234
813
11787
1059
1371
1032
1119
960
1218
1086
867
1125
35658
1131
963
1050
990
315
789
876
4764
954
801
720
1125
30873
801
1512
786
1119
1068
702
1122
663
234
1026
711
1146
864
975
3966
1062
873
984
8223
894
70674
1344
124134
957
981
1050
891
261
1212
1125
1146
1053
26778
828
231
1032
1800
53121
876
1872
693
1038
1092
1869
894
1434
801
498
2235
831
885
1710
2178
1950
891
291
1179
1053
297
1143
1035
882
792
10257
1047
189
21954
729
1137
873
20082
1191
1362
798
189
1134
225
714
1362
897
864
804
1116
1200
192
858
11877
1041
918
189
954
888
912
867
954
6375
948
975
1047
711
801
786
7920
921
882
195
975
1026
1047
19281
1053
1047
119565
1215
1044
34422
1179
60276
1269
858
1104
789
1260
1617
894
1284
885
1362
1023
1386
981
195
1074
396
810
255
804
56586
942
888
1044
1701
1053
312
1347
1770
1113
1194
939
1287
819
891
1041
17274
792
783
1218
2196
972
231
1902
966
804
1221
1368
876
3843
1443
873
966
1017
879
816
1128
882
1047
1209
1527
222
1050
804
1197
1050
306
813
972
480
32781
1272
1938
45219
864
1038
909
399
1371
801
723
1116
84786
798
1689
1443
801
1065
309
729
318
957
981
954
909
1293
810
801
1422
459
960
714
1290
1383
1203
642
9462
891
894
1050
1113
1128
1209
888
6885
726
801
927
714
1377
960
810
1047
321
32775
723
19821
6177
882
1359
1689
951
1056
21456
801
1506
714
900
1287
966
231
1302
27231
969
13059
14544
807
888
12681
16101
984
696
2454
981
960
873
1209
891
1110
801
1224
1926
3165
777
23682
1788
1575
17076
750
1827
10533
2205
28530
1356
1401
2223
342
1284
885
1131
963
2454
1521
804
897
1608
1056
753
69594
1611
1023
963
786
1260
1590
873
1035
837
2082
1356
804
786
879
831
2403
891
819
2013
801
810
336
1623
1686
945
870
966
471
804
1518
1632
1362
912
951
2715
2865
2523
1866
47196
984
183
2019
2349
1017
1872
1533
1311
234
1434
309
696
897
1623
870
1197
999
1476
1920
1389
867
9624
21873
1194
819
1143
723
726
1044
1911
708
1125
1551
789
1281
390
885
792
879
867
882
1350
4608
1932
1188
57783
804
1548
963
1071
2757
768
1050
897
1350
1617
1278
963
29025
1041
84945
810
2421
1041
53826
1443
882
2259
969
1194
1212
2103
2868
2676
1089
1176
192
1128
44154
1092
1422
783
1134
25635
1707
1026
819
186
28839
726
972
1050
180
954
954
13161
873
795
840
192
1215
3045
1218
1602
840
804
405
963
735
2757
819
1299
1188
306
1599
804
405
933
885
414
1542
1050
19518
1044
780
2355
3327
1119
753
1278
2274
801
1140
231
97584
1950
2340
876
954
888
945
23526
957
21219
675
861
1641
1137
864
810
1368
1623
951
1029
948
957
1590
1632
1218
1104
1026
31143
891
903
1629
13599
888
945
1593
741
2013
876
1128
774
807
42144
1209
8193
1128
738
696
1050
741
939
792
882
792
1035
774
771
2022
1713
1944
714
8199
3819
2298
1104
16119
912
1434
981
61149
1866
969
234
1350
948
1818
705
717
966
1302
1614
1185
807
21342
7236
846
75237
876
300
708
1128
1455
31311
891
1371
1233
1140
921
987
1224
783
216
28584
795
1380
22113
951
1032
1635
891
906
900
717
1959
1851
687
1431
15417
984
798
888
1038
1200
2553
855
720
2091
969
1278
1335
1047
1047
801
1215
1065
696
2745
1023
1851
801
894
189
819
1236
696
1266
1836
1836
42525
1203
1860
963
708
1203
789
843
807
1119
1272
2010
1221
180
2682
702
948
1881
867
1026
2619
2265
897
186
885
17442
717
1029
690
945
1623
1848
1224
1311
1197
1965
807
732
2598
1032
873
1002
1569
2376
2625
996
882
873
813
1101
1593
819
1215
25221
1041
813
1140
909
780
891
23283
702
1224
1443
783
2385
723
1545
1617
1230
9360
1941
735
2028
1620
1035
966
969
810
711
978
720
1458
789
31683
708
12717
1236
1167
843
861
867
1515
1197
1128
816
19536
1131
1644
1275
36657
900
20613
1062
885
1230
702
945
1023
1044
801
720
1194
1602
1044
393
1062
963
1935
816
813
1533
3168
1074
1785
882
783
702
27531
1611
939
960
717
1608
810
780
768
795
798
1410
1614
1449
867
897
1092
1650
4710
804
960
1224
70833
783
735
15978
789
2178
1191
891
810
849
55695
2580
1293
17790
1209
1467
804
1350
1023
2010
702
71613
2088
2361
867
2472
1701
735
2610
1305
2592
693
1281
813
2112
1125
2094
1881
945
1059
1443
1434
2124
1023
1629
699
15972
705
858
1011
2358
1071
696
816
16809
2295
729
231
807
1287
1626
855
1215
1062
1131
5325
1203
717
25107
978
693
906
732
15609
867
1047
1011
1548
1989
729
1134
786
1941
2103
882
1101
849
1281
1041
1461
1629
948
675
696
741
717
1032
2766
183
1713
705
1221
879
969
1617
114594
867
711
885
23364
1533
1197
1548
1518
1272
693
1062
2829
1044
873
2184
795
29331
888
42216
891
1443
33393
1860
969
4389
831
702
810
28251
774
1026
774
1785
1281
1041
1530
1284
795
741
1047
951
966
2802
831
777
21066
1023
948
5241
966
1452
3120
43818
957
1065
702
3363
1143
1980
855
885
1281
3156
870
11376
855
375
957
1437
792
708
942
705
1278
1176
693
924
870
1518
2610
11436
891
2190
957
954
1299
3081
1374
2460
816
1617
957
1053
1023
1968
1173
1065
2598
912
1422
1590
1209
2688
222
1299
2265
1602
1578
2043
2421
945
729
864
1107
873
2859
1470
870
1452
1035
1662
1671
24693
1284
678
2223
1191
3426
1923
2628
696
15258
810
1101
1539
1953
1050
1587
1155
789
1098
1212
1143
816
17277
1674
690
58332
24489
2163
975
1605
1206
966
954
876
189
2409
23199
981
747
1134
1002
867
264
13956
981
1611
9273
981
723
39402
1263
750
879
951
1530
1602
978
1101
2103
1110
966
1083
867
957
1962
888
720
1734
795
1878
801
978
726
1683
234
1230
1101
1107
1125
1314
798
1125
1494
1440
1584
885
735
12942
777
795
2139
708
963
963
1776
1050
1368
723
186
1386
1353
1617
1365
1200
807
1932
1176
1380
1212
807
1257
708
813
131349
1026
1458
690
1203
186
780
1362
1617
1407
1125
198
1092
1011
2025
1164
189
771
1203
717
1440
1455
756
225
726
276
873
897
1353
1224
942
192
1032
70209
29895
1014
855
1533
807
1803
855
1251
1173
738
1353
2028
1191
1800
1902
945
1131
9033
1203
972
1209
312
1197
1557
867
189
1365
2019
1296
1275
1377
726
723
76323
687
888
966
966
1539
717
20445
6570
738
92268
816
804
18720
1221
12921
2520
1767
42654
963
1761
972
816
1281
29163
777
969
870
2949
1809
1032
1059
972
1074
10017
1620
1035
1179
1038
798
1233
4434
1284
1299
2034
1395
1050
891
966
44211
183
954
1176
13113
1023
882
40302
969
1647
1365
17988
1806
900
2259
1347
1125
639
33192
747
816
1605
780
786
7449
1050
1698
963
723
1209
879
969
1044
957
906
1299
807
891
735
1713
810
1113
3162
57228
726
696
804
804
741
1128
1203
783
705
1608
1053
1260
873
2103
1506
1407
2112
963
714
1869
804
1830
1038
45594
1047
1275
2025
79008
786
219
1122
26226
1041
189
1005
1107
381
1212
186
786
690
702
1047
117297
1050
1986
1773
1383
1134
1590
879
708
1902
14259
1959
1050
786
1560
1296
1140
1362
873
873
951
1116
783
1203
1176
2007
273
1005
708
1116
186
882
762
774
690
525
699
1119
879
10434
1041
786
342
1140
879
882
222
1473
699
1428
1560
1821
2661
1593
792
3234
34863
1473
1383
1740
12216
1296
1212
678
882
14391
780
180
675
1374
756
1929
1317
2541
789
900
4815
963
873
960
945
870
708
4182
873
783
2736
801
780
1623
855
1884
858
19308
783
1233
855
882
312
1554
1212
306
1692
717
873
861
21333
879
708
693
1197
1806
951
1218
690
693
1206
897
990
4704
690
1311
696
702
717
17106
1110
39360
16134
1116
870
1032
684
1635
960
783
861
1386
792
789
9429
843
1149
225
1032
1632
1107
783
6189
1209
1038
675
777
1476
11463
1575
864
765
861
783
1203
1572
711
870
1299
960
1446
6714
1206
684
699
1212
1227
867
1023
873
21258
855
858
1236
762
705
1293
786
702
5625
699
861
1113
879
1530
786
783
81309
1386
975
708
891
879
1038
1956
1026
705
705
1317
888
870
960
891
780
705
1041
1032
66966
25047
903
3366
696
1791
918
1890
783
1299
1809
957
1662
1470
1950
10791
2589
1719
705
792
891
804
801
720
5358
1119
2289
708
1860
972
9630
201
861
1206
2811
792
783
1029
843
1221
795
954
954
1398
777
1263
5055
19947
951
1872
699
1473
1116
948
702
1047
183
858
309
777
939
1206
1023
672
1818
1308
1125
1119
1047
798
873
1218
1203
1200
951
1056
12951
693
1752
948
951
1140
948
75894
786
1431
5970
786
732
786
1470
879
891
1302
1131
234
1224
960
14442
1818
112404
1380
960
783
1053
306
4653
2163
876
798
876
945
852
843
1287
990
864
1392
1020
801
963
2151
942
2142
2223
1287
966
792
1134
849
53424
8874
2016
28749
1548
1116
189
1125
888
1374
16095
792
972
771
801
1200
15132
1119
1368
1314
1248
882
786
243
28494
31464
7236
1650
816
876
951
783
43890
792
1914
804
696
1377
858
264
942
6024
11634
1905
798
1404
807
33141
1944
798
714
46194
783
1053
1050
1026
795
879
969
684
891
789
684
180
25149
885
870
1383
120216
1527
174
786
8898
777
192
44589
1290
702
471
699
876
873
1065
1368
53634
1812
990
216
936
777
1203
399
723
1470
1290
15480
777
1398
1233
792
1041
975
37365
1305
1638
4905
9012
819
879
1455
2313
876
1461
975
867
7998
1659
1632
1122
1041
708
1344
1428
1536
4614
1506
2547
462
1044
1878
789
687
789
705
1212
993
1455
1452
1026
1044
2304
1980
1206
546
660
1557
855
58134
690
1044
2301
213
1044
213
933
48690
207
1254
1386
1041
789
801
954
1113
1146
55008
783
264
2496
720
2145
696
2214
543
1122
1392
867
1593
14823
1314
183
1131
768
1053
30717
771
948
861
876
1971
1140
792
180
312
54801
1116
1482
1161
1212
74232
714
876
1548
61503
1113
948
1641
2037
786
1380
1215
438
1455
699
891
537
957
876
17157
34242
702
1215
786
1392
25398
1797
867
1293
3144
948
1449
1122
1599
14166
2502
864
894
1542
882
804
696
45369
705
783
1212
960
1125
31293
870
885
177
2286
864
783
1215
789
1044
876
2397
864
44445
789
1137
876
882
58347
1131
2625
729
861
429
1782
1569
1314
1395
873
783
1125
39156
2127
705
792
1068
723
882
2625
3048
396
819
2271
729
714
741
969
2157
1485
813
240
1146
882
2130
723
1257
801
1848
4560
1668
240
798
12366
1578
801
972
1710
7224
96591
1311
885
699
2364
1305
792
1371
2958
1641
786
1047
978
1887
963
498
1281
183
1113
807
1032
870
885
783
894
873
1038
1224
16533
1404
1515
24735
1944
2289
1998
33288
903
26202
888
1470
3117
1209
873
1530
873
222
687
777
969
1038
1470
1719
1134
786
876
237
687
798
729
699
1704
1128
2355
1458
231
48306
1368
1119
174
966
873
804
696
957
318
1059
2061
10455
1035
234
3672
23745
963
693
954
864
177
879
1005
52818
978
1725
882
786
804
699
780
792
1041
957
13845
1539
1206
960
699
1131
1035
1152
861
789
19191
711
228
5037
1374
1893
1878
1632
870
1281
786
780
1176
183
2652
183
1455
774
8085
705
261
1110
1116
2280
1527
1224
792
177
109776
990
807
1545
708
1137
717
1380
879
1017
1479
1695
1386
1047
897
1209
1566
705
957
780
1056
1518
711
972
702
888
966
1023
10239
1251
792
1539
693
69849
1053
954
1122
1218
41925
948
1164
22203
1119
693
1392
870
981
681
1086
2064
870
795
6912
8442
873
396
12363
771
77343
852
1545
774
861
231
774
1476
807
1035
1038
708
714
2022
1638
966
1410
2277
231
711
705
858
786
1734
705
1797
1149
24177
1383
1734
795
29448
1383
1722
1131
870
87966
16956
696
1383
4473
11868
11937
936
1209
789
705
24267
786
981
876
186
807
693
786
1563
315
717
48567
1236
1557
1203
1785
6126
2859
987
1224
963
1623
702
1482
1503
684
699
9030
84987
10143
1392
870
1722
1215
792
702
1197
1626
1311
951
5811
387
1335
60558
924
951
345
954
1014
1479
1035
858
48822
705
2364
1365
2061
951
1227
678
714
2454
795
696
2370
879
879
786
2619
5157
1122
714
870
807
198
963
798
690
1119
690
885
1053
1395
705
1119
1047
1227
957
1221
699
2382
699
3012
174
786
792
1233
702
2079
2148
948
777
1119
1629
696
1020
693
1251
897
684
861
1137
1032
789
1146
1728
2232
1752
888
55080
867
1044
852
1050
1200
2586
867
501
1122
705
1263
1527
804
1275
1047
1041
15921
888
765
861
978
477
786
2040
309
783
801
972
1611
813
1113
3933
1422
1053
1263
1119
1068
939
957
813
1698
864
1854
969
1197
1128
1713
969
1821
31056
1680
870
468
714
234
43074
801
1128
1296
2214
951
732
954
1125
83133
1050
963
1710
1032
1044
1719
1881
891
1215
915
1125
819
870
939
2406
1293
891
1200
969
870
975
7662
975
819
963
1125
720
1284
867
8169
981
708
1119
1206
1047
807
1059
2469
32931
1038
261
17223
7725
810
1044
186
1113
1440
975
20121
714
690
972
978
1281
1044
1635
29535
15714
12621
888
1134
873
11823
987
16509
987
4365
1041
906
870
1122
1113
1038
726
882
924
18615
1179
33168
873
1275
1773
2094
38940
1005
708
1023
945
26841
960
180
12078
1044
1077
11145
852
882
34374
963
1122
2058
903
984
1596
2454
1638
1269
1023
2040
1419
879
74190
2277
981
1203
798
876
183
1257
975
978
1158
813
945
1284
1851
807
3543
792
1149
888
240
804
798
951
894
2445
708
1353
186
77943
801
1122
94371
1773
195
1101
966
1113
798
11580
2268
79083
1137
18519
1425
813
711
1119
1758
957
879
987
43458
1398
1713
723
951
2832
969
237
1011
750
714
903
774
1038
954
729
1116
735
642
1416
40437
993
9759
1020
63636
1125
1041
1095
1134
879
1062
792
882
873
1743
2508
2625
726
1728
543
1047
5505
981
1122
720
966
4485
1275
1767
897
240
1119
231
879
1131
813
1266
1203
1053
234
1611
1140
882
1056
1416
14595
1530
888
879
825
1224
1047
1110
183
10146
1434
1755
1512
20427
789
957
1026
954
954
1203
1188
1290
825
801
1530
801
2415
963
1701
891
219
2904
342
1605
3006
978
273
36798
1545
783
900
804
663
1116
1227
234
1602
885
780
975
864
630
1443
1722
243
804
1848
780
897
1506
888
24156
1041
1530
12420
10932
909
888
1800
696
735
735
1779
894
1053
1029
11730
786
101727
960
963
1584
810
1959
960
2280
1302
795
1020
813
1134
1146
1047
960
705
729
747
273
942
1722
1203
1071
219
1206
885
1101
309
948
1041
708
2055
1824
813
960
1221
885
1326
1986
951
972
1596
792
1119
894
1116
1047
228
1284
1137
885
1800
1116
900
966
1533
792
858
16971
1269
786
897
1038
801
1119
819
1053
201
12561
729
5946
741
879
1278
1377
180
1440
46533
321
1128
807
1122
873
2301
1884
225
1041
264
6249
1059
1455
1356
1767
969
270
1050
35949
1551
1035
873
1128
879
726
1026
954
14388
864
882
1764
32970
804
50034
2076
64860
858
1041
729
876
2253
735
1293
687
738
801
705
375
1029
882
2370
1257
801
927
16884
969
876
810
1068
1371
1113
1038
1206
957
1107
1122
225
795
1260
939
1053
1002
1722
1017
1203
1626
789
810
510
972
885
867
1290
1122
25032
873
1056
882
888
858
1152
312
1755
1032
852
1896
1239
897
1878
984
1434
897
810
39591
891
1122
4548
1188
936
855
8514
984
1470
879
1185
801
88095
9924
792
807
1104
978
864
729
1620
813
219
870
879
1059
885
972
1632
1239
1062
1053
807
1347
50259
963
1110
960
726
1134
882
738
84009
798
966
729
972
2346
870
1371
1107
1353
1209
831
237
792
870
1224
68586
1035
1692
702
939
1053
1128
32541
786
2094
720
807
885
972
717
975
900
1053
1209
1125
417
15012
816
960
1095
1044
972
714
891
1053
954
801
972
954
963
810
1152
891
1050
915
1041
74364
1113
2430
966
1479
951
1140
1308
891
930
963
29334
2061
31956
873
810
969
312
1077
822
669
801
1356
882
804
1353
1041
960
867
1377
1476
12267
1539
909
834
3045
1071
1257
29085
270
90
111
975
1023
1692
1296
1305
792
1335
507
1257
1071
1047
1260
912
1527
954
45687
1050
789
795
1134
180
792
1122
972
948
852
14001
1776
954
1635
1806
1635
1050
393
1113
46137
1044
747
1917
1932
300
1044
882
58521
963
801
1101
822
1782
7356
705
1041
1293
1377
279
1215
432
1185
879
726
951
35049
1452
789
1050
693
7329
2379
1818
1047
1146
825
873
192
948
891
1125
717
1029
1539
732
927
1368
200673
30141
1038
204
981
960
1203
1062
306
801
984
975
744
1593
1113
1206
324
966
267
1047
978
243
981
960
2184
714
1875
1212
1041
954
2529
1500
804
720
1059
1800
1101
45486
972
1341
1386
972
16503
882
1044
879
699
1131
1068
792
1206
696
978
2367
1215
795
24015
1176
747
948
867
192
1293
1128
1791
870
870
1272
13467
738
1212
798
1716
1281
804
960
1605
1053
876
954
189
1185
981
897
858
981
945
1854
234
1281
765
1668
1053
10143
960
804
1446
867
1209
1590
897
972
1365
37386
792
969
1065
1650
732
1125
3798
1155
879
1227
888
876
29244
1218
1107
1110
957
969
789
960
960
1914
702
705
1128
921
5466
807
795
10362
72006
1254
64521
309
57039
840
1293
1206
1062
1623
1005
954
1206
28368
2121
1191
240
54777
1047
420
660
1050
954
693
192
1278
810
885
1833
342
1047
966
888
225
1116
315
783
225
1107
1620
1056
1728
738
948
1044
11745
2079
19722
1440
1035
1047
19980
1281
1752
789
1794
1704
1374
1116
825
975
879
1134
2100
13935
885
1842
1752
1050
930
1041
1599
6561
861
972
873
798
942
9276
900
1713
822
885
21015
813
1122
118224
1029
1041
798
183
32601
1707
61680
1038
