1f3f:0:0:0:0:0:0:0:0:0:0:0:0:0:0:0: (total 11)
0 1 2 Thread 0 going to cpu 0
3 Thread 1 going to cpu 1
4 Thread 2 going to cpu 2
5 going to barrier (cpu 1)
Thread 4 going to cpu 4
Thread 3 going to cpu 3
8 going to barrier (cpu 3)
going to barrier (cpu 4)
going to barrier (cpu 2)
9 Thread 6 going to cpu 8
10 Thread 5 going to cpu 5
going to barrier (cpu 8)
Thread 7 going to cpu 9
11 going to barrier (cpu 5)
going to barrier (cpu 9)
Thread 8 going to cpu 10
12 Thread 9 going to cpu 11
going to barrier (cpu 10)
going to barrier (cpu 11)

cpu 11 cur 11
Thread 10 going to cpu 12
STARTING...
going to barrier (cpu 0)
going to barrier (cpu 12)
STOPPING...
Duration      : 10000 (ms)
Acquisitions  : 13015275
1431
2478
1008
1185
1011
2691
1185
56031
1392
3819
1419
3405
2421
156564
1953
1359
2433
2718
2073
2697
1311
95724
221046
1620
1044
125334
3516
1272
2217
2844
1191
1794
2874
3492
85689
3519
186984
2613
199314
1386
22638
15480
2625
1839
1695
1473
3432
2493
1407
2091
1983
155475
2205
47598
22062
3207
1233
3054
359409
2184
3822
5163
1590
3240
2217
1131
1395
1179
113367
3231
61656
2253
2538
304158
1011
1419
2415
1371
1827
888
561
1686
3192
1281
2703
2712
2946
2118
1422
1287
1707
1539
1800
2637
1998
129162
1839
3507
1671
1950
1224
1689
3771
101256
27726
921
3978
2682
1911
1518
3429
2409
1809
1923
2079
3420
2322
23373
128910
1917
3915
1305
92082
157365
1665
2280
89775
3519
1959
3750
6813
507
269457
106872
1491
1164
1425
3282
1551
2109
4131
2310
1572
867
43884
107769
3549
1248
1503
1821
813
91602
936
1590
138279
17169
1812
1971
2271
6135
897
39204
2241
2622
2406
1107
1239
1419
31452
86529
1182
2967
3495
73677
1818
1650
1374
3582
1794
2556
2034
2943
291
1536
1236
3111
33648
1620
1881
2655
24138
1344
1539
1254
18015
3846
4587
1689
4308
35919
14793
2142
1710
1368
35352
2358
1155
3504
1644
1254
1872
1065
1053
954
1629
483
1734
1005
1899
1791
4689
6921
1989
315
3687
1227
906
1431
262545
1344
1023
2580
1191
1266
226233
978
2091
990
1650
2226
10476
1407
1218
1197
103992
900
29217
2724
1845
3063
1899
2352
2574
1347
561201
434187
1875
29463
2145
1215
1356
1185
987
1947
1308
1224
1560
129192
3654
36741
1800
1191
1629
1575
14475
1290
186180
2085
211227
1593
1785
1008
2175
1026
1635
1842
1686
6312
921
31461
2115
1950
51228
597
1245
1800
873
1881
1668
1026
4401
2928
1866
894
97707
3096
2949
222048
3360
2088
11772
2700
1698
1623
1905
1692
2439
4692
3336
3741
6654
1779
97368
1608
2676
2376
3234
197202
1683
2133
11601
2013
2112
3819
1602
3591
66738
134706
5076
1632
1629
1344
2238
130602
1668
3444
1653
213
1569
2448
2949
2091
4386
1653
3654
59949
1845
2157
107190
92451
2919
2238
109248
193935
76569
30480
17013
2289
1731
2754
161235
1560
3966
2190
1719
2403
2826
5814
4314
1419
2793
3786
79899
1980
1761
77307
1923
387
1524
2469
1680
3237
64209
2169
24252
4002
942
2484
2907
1899
1926
1476
1851
2517
80223
212133
3303
915
1716
94128
2160
17442
1635
3114
2592
1863
1785
122541
822
1119
2253
86301
1512
3288
2457
3459
2103
1281
2751
2409
1746
1560
2106
29511
2637
32385
1845
969
19152
3312
2055
3597
1587
3531
2370
3858
1656
2247
43719
51057
2127
2391
77268
2997
27192
2112
873
1992
1839
100353
3909
83232
5769
121629
1416
1440
1836
30273
1980
1554
14775
13410
151053
50571
1275
1302
2307
2436
2370
79461
1629
2013
18054
3534
1650
2415
4188
2661
2925
19566
2073
1179
316026
3117
1491
66909
2001
2136
1353
251481
1467
216417
1464
1707
92064
22470
471
48879
1689
2568
9147
3927
1017
1275
4137
1257
2478
3129
152334
103431
1662
1410
1065
2058
2016
32268
3486
2751
2004
375879
1965
2604
120912
4197
2526
2454
15066
2799
1731
3588
1350
106170
2565
837
1410
1125
1329
3474
891
1821
2043
1578
15630
96615
1122
1320
2094
2496
2934
2262
201
1584
1737
378327
1884
3303
2850
1365
3297
3156
419565
3126
2460
224271
40944
2625
4698
1266
1458
10926
1332
1602
2898
2223
2616
24069
2643
1752
1437
2526
203949
3138
1272
1203
1347
1809
2358
2604
9168
2754
3066
927
2565
2475
71292
1863
1800
220341
1305
1254
1272
1293
67116
1503
3018
1608
2508
3198
1608
25665
2334
2034
9642
27048
1497
2313
3582
26082
2409
9789
128082
1536
3393
1104
2265
1860
1131
1029
1470
85980
211290
193671
1815
1851
2403
2007
62715
2961
14721
1617
25320
1815
66903
123537
2070
1128
4128
1710
1428
3312
2364
2223
1848
44766
3210
13635
1845
2343
3564
2268
1176
4299
867
1842
1686
2877
669
1257
3294
176964
2631
1773
1410
180912
1023
2037
2379
1494
2226
2658
4953
2832
3720
20721
1596
1401
2076
1800
72261
54093
4011
1617
2160
2400
12777
2427
906
25002
1401
20535
6303
1305
1299
2853
1542
29391
9366
121263
3039
2694
52176
2373
1239
2229
172761
53199
2607
115383
100398
1683
1839
3000
2688
1131
118977
1830
2268
2817
1863
2196
2430
1620
1551
1692
1422
1068
1716
1230
232161
1281
2091
1854
82056
2646
1788
2118
2874
1755
1563
2052
35298
2376
2070
2544
39969
1422
981
2613
1683
2202
1509
1491
993
24408
11865
2235
1272
555
2667
1932
801
2241
240396
4659
2436
172911
1503
129576
155124
1650
82683
864
1326
2913
16755
1224
1173
1602
1821
2634
319503
339
1701
135567
1668
2376
26826
2565
118350
1965
912
2820
106245
1566
40827
14793
30828
1521
1683
1632
1716
1440
67287
30948
1758
759
1524
1773
184371
2379
2706
2736
2001
1776
1506
79284
2013
1989
2358
126081
43653
2028
2223
73146
1608
2640
1452
1017
3627
3516
2622
3339
2166
8112
1455
2484
46848
181914
2025
2049
1548
2337
1113
1554
1389
804
1176
5280
39699
8943
2943
3744
2058
2028
1275
1389
1464
1695
213
4518
2538
1245
2472
738
963
294498
4857
3117
162477
1380
1251
2442
2589
57036
2757
76425
1890
1836
3033
21423
2454
104814
1995
2253
1920
2112
37296
2460
135732
1557
183624
107217
1788
1308
14781
837
47847
1257
3411
696
2874
1764
1836
1473
975
1581
960
5289
3393
1506
3270
1593
24696
2118
1041
145299
3408
4710
2550
1713
1719
1626
264963
2601
2193
1476
1281
4575
2148
1128
1266
50745
2418
2574
33750
1815
20199
40530
1524
1350
7644
1854
4500
2034
74430
2400
906
3504
2358
1290
1962
1347
213510
1059
1752
2079
112950
2220
2250
1869
1797
2331
2118
1914
1359
2898
2451
1317
17133
4935
136488
3330
1263
3840
1719
1137
2112
1242
55581
2778
7059
1512
1020
1272
1305
27756
1215
4770
2607
1026
2100
3000
2289
2931
1173
2574
136971
2103
1737
76899
68310
2628
2943
4278
25653
543063
226215
3237
1923
3426
281664
2757
894
6204
1635
2427
2553
38340
2328
6783
2013
327609
2313
2388
2838
17517
120666
1218
1497
1410
3153
1350
25329
1647
2043
113457
2475
31047
17946
21417
14694
993
23154
4056
11493
1359
10782
2028
1494
3063
1392
1368
1761
2187
1479
1476
3555
4275
1419
1863
2676
1575
831
2058
2583
2508
10386
50943
486765
2694
2106
2133
85653
1014
17418
13287
3654
1962
211515
2145
496206
2094
2235
6564
91731
3738
2328
2085
2325
1029
1128
1434
3897
151218
1614
211368
1959
2316
2550
1839
3123
795
1275
2220
55818
1884
1122
3930
885
2229
2391
1938
34746
1038
68523
2385
1362
3501
1881
341811
65232
235710
1419
1077
1932
1191
2700
2457
1428
2526
3084
3585
1668
74805
2079
107106
2358
1737
10881
1875
2811
20823
2166
1662
1380
759
981
2424
1902
1206
2205
2415
59757
882
109638
1668
43413
4098
2568
41523
1002
2733
846
204
2229
1974
18759
1677
4251
2613
196092
2292
1956
2430
76020
1992
479667
2406
2067
72057
3042
240480
2568
60105
2781
3102
66177
1680
1332
1881
1407
1818
1401
2064
2250
2694
76983
312150
1653
1440
3942
3207
1098
1263
8997
2694
3270
1170
1746
2844
74580
2106
71823
1827
2361
1017
2202
2796
14058
2163
236739
1524
103527
1380
2145
172695
1773
2169
3102
1425
1482
3564
1620
957
1932
2415
2622
1830
2595
1914
140361
2754
1980
2361
2520
2088
62847
3909
888
143469
1845
3495
67965
103791
1980
1503
1881
228279
3852
96288
2688
1098
3426
1245
1989
2286
87249
1626
1983
71301
1377
351819
963
1680
1500
2166
2550
1779
1101
2439
2424
1494
2004
1338
1113
77175
1416
1419
173577
1350
2442
3828
1509
1125
3177
69441
2829
2121
1848
2385
44670
1071
1530
3723
1302
24474
9849
2124
4830
436110
3144
1230
11217
1122
109548
133302
2520
2802
2103
1890
948
1674
8733
1143
3984
44073
2469
1506
1866
72036
48912
1503
2625
2289
1431
84300
1449
48063
3600
266868
26844
3189
2475
4236
1383
960
2877
99549
1473
876
9189
2319
20901
2526
3027
1227
1464
2190
2403
2367
369225
2529
1803
4410
236673
1122
20223
2421
14736
1179
1608
1782
11511
118770
2202
27435
2091
2214
1266
2235
55131
2988
834
765
1560
91599
7770
1809
1413
2085
3150
1536
915
1914
3495
2655
161925
1980
2589
2781
1707
2058
73809
2508
1044
1611
1395
123342
302571
3027
1896
73053
807
127767
2181
2592
2037
17160
3168
2367
47211
1356
5184
2052
2787
1635
1836
1662
2004
2481
1890
3648
3480
30579
1272
1398
1182
1521
1659
1149
2850
1437
1434
2817
4095
1689
1485
31932
1152
19236
89805
3276
2763
28281
225771
2901
2313
1155
2835
3975
19329
1293
39483
1734
1953
15387
1434
2529
1065
8094
1818
801
897
1515
1725
2022
151596
1056
2940
56343
1611
2526
1290
1269
2589
900
4887
1875
3156
2055
1497
2454
1314
25440
9321
93612
1356
1413
4380
38472
1272
2133
2178
126255
1008
1917
2541
1374
1827
1764
3135
160044
2304
3333
1788
3984
1749
1320
2262
101679
2664
6162
2067
11244
60939
2214
1503
921
1464
825
1920
1242
139359
2187
70701
83157
2406
1800
2199
2076
1746
3687
2796
91281
2394
41778
2793
11418
2400
1710
11685
1323
1764
8973
2283
2625
2082
2043
13437
2727
1407
2145
24906
3240
1071
1047
768
1596
307314
1593
1293
1326
89631
1788
1461
577794
2859
72888
2370
2979
2343
4131
1767
39444
1608
9630
2031
1992
1449
106020
1344
42810
1431
1329
1665
1323
903
3150
2157
2229
3309
1449
3063
10521
2355
1347
1371
3006
3000
975
2526
47493
56691
1527
2574
1251
2358
1275
1638
109749
1179
77076
174108
8868
1065
17235
966
2313
19041
125463
1935
1722
3051
1833
2097
40452
1836
1488
1836
129042
2445
1164
3240
2064
169425
3786
376968
1836
2502
1452
141114
4044
1050
3840
1347
2550
2397
3186
541875
33297
2175
2406
879
2208
2658
1776
1452
1269
1413
125934
2226
2661
2313
56979
42825
1797
1572
981
1722
107112
73539
1878
35640
2649
34041
1500
1434
2862
1284
2481
56100
834
888
936
97527
2352
1833
1869
1005
4032
6072
1641
1665
222
1302
1869
2907
1161
277215
112956
1896
2370
2760
1443
4230
1503
162210
1500
2892
1170
3267
2034
1536
25284
2460
13188
20475
3162
1833
1707
24123
158634
3060
7758
1905
1977
2346
1569
1086
125451
2970
2394
2055
1224
1893
2208
1758
1224
1935
1188
41457
1770
2037
102513
123633
122343
1482
1437
1194
36336
1365
17802
3876
102363
280854
25344
1077
2430
2358
63984
1680
38778
2100
2808
1716
2724
480
2295
69255
76107
42978
2679
2172
1689
1383
1242
1566
9273
1575
3660
36909
2277
1269
1812
1290
1164
1704
990
8484
1971
81864
1401
948
29832
2190
1662
1347
11184
39189
2433
1896
2004
183
2055
1566
1983
1131
1992
23742
759
46284
1590
1047
1671
951
957
1626
1926
1107
2196
4227
1782
3825
1653
61836
2859
2247
2328
2295
143655
14022
1953
175479
2205
1590
2745
1872
384
1743
2691
2685
199485
1665
1146
2268
1671
930
50346
1926
1758
1437
1176
7215
8199
1899
90372
1332
2985
2331
1878
1782
1437
4638
95397
1383
68616
2199
3054
87054
1752
2535
1080
5394
29088
3198
2094
2043
2082
2367
3114
1344
1380
1329
1698
3213
1239
4434
3756
2091
2946
1500
1257
18351
1617
1788
2073
60261
182256
2253
106563
2172
1764
2094
798
3096
20454
2688
1638
981
1917
1512
131283
1458
90714
2073
2373
1524
1296
2571
1578
2097
1410
2202
50370
1170
1017
255
903
2256
3132
3159
1731
1407
86394
2529
2004
1509
783
306
2145
1812
1605
2016
1128
3120
1623
960
33546
2037
3045
3108
2157
2532
1932
1917
112299
1086
1938
3378
3996
1131
101175
3528
1644
1173
1239
1854
1392
22704
1323
2148
2868
1242
2004
2064
1269
21207
1764
2310
1842
1338
4509
1539
3087
2265
3684
1251
156789
2073
304458
66051
1371
1338
2361
1635
1917
2292
2127
945
137709
1422
1107
34551
18009
1350
1995
56148
34458
1161
1296
1542
187242
1785
3141
1467
13476
957
2553
22974
21654
1917
1758
11676
2013
2976
927
1959
1794
2763
2385
2124
2238
1830
20493
1395
2142
21306
1332
3438
3498
1305
2550
1245
1095
1017
1563
3525
1407
2187
2490
3852
1032
1869
2691
17982
1158
2427
2676
1533
2454
26205
3147
227304
1740
2472
135018
1527
2199
2355
1494
1452
939
2040
2190
1755
1128
2610
18468
2520
22932
2472
2559
1698
1155
1275
119667
2433
1446
1569
94131
160467
21318
2826
2844
1146
2754
2766
1779
2553
167148
2604
2268
3540
1353
1713
16881
2238
173652
1989
1281
1329
2706
2049
1380
3135
2868
18600
149742
2616
1323
1899
2058
1620
61722
1128
2253
161796
1206
2016
2718
2151
2334
53922
2556
26997
1962
1158
1191
37938
1437
2184
4281
1962
2145
305034
2952
4212
1650
115227
1524
2040
1686
447015
3741
35301
894
2382
2970
2721
3582
1095
987
203175
126621
297
85344
2940
125475
1704
1140
153477
145167
1590
27846
891
1617
1884
1443
1968
83661
1068
332460
2502
1317
2964
3099
1248
2307
597351
1704
1380
3435
2973
357900
1563
3840
1413
2517
2442
726
2421
51189
4188
3888
2925
2145
3051
3255
1626
1125
2052
1377
19491
1818
1788
3711
68163
2559
1401
1233
256800
291786
2838
2784
1701
2193
1875
852
1542
1008
311199
1662
2169
2406
1845
1995
2592
76860
1755
1326
2631
672
58713
2856
54081
1749
954
294
1830
2775
1371
3081
1026
222747
2463
1326
2133
46551
2670
161190
2382
1875
15117
1278
1740
1290
1317
428799
1923
1653
85554
1044
6159
36543
1620
2055
1896
1584
1905
2763
1494
3075
1689
1482
2652
1566
2007
1149
31947
4260
169803
2832
1551
63120
1764
1950
2919
1884
6267
1581
28713
1080
1620
2754
2541
74370
1728
3384
35322
194841
12414
1938
94020
1461
2478
1620
1719
72729
2754
2253
1761
1671
2067
1911
69591
51039
174741
2727
311910
3018
1644
2490
1356
2460
4074
3537
2532
1617
100575
2697
3180
1851
1902
2103
22452
278499
5337
1479
957
2442
1911
1638
4113
1995
2568
813
999
3345
1542
1362
1920
1194
1620
1893
2172
1854
1650
1401
2277
1773
2118
939
57459
1821
1077
2856
1701
3474
129759
2364
3141
72396
2391
1677
1563
6681
1752
43848
2583
1593
49014
2868
1836
2358
1689
1164
1041
2436
2730
1815
2649
3102
2670
2787
1587
2583
1740
1572
1125
3603
1905
1686
1440
1998
2172
11133
1479
1968
1395
133326
54462
4143
2601
124203
3687
1644
1245
113343
337311
1542
2949
3390
3405
3120
2031
1971
819
271833
2190
1242
1989
73017
828
24615
1191
1668
2052
2766
133941
1719
505128
3039
3255
1170
107439
1053
47415
1827
1854
1026
350082
2616
2013
2715
1116
1107
2304
197697
1737
96462
1305
3204
1146
3918
75822
3162
2214
2946
133125
1689
1521
1245
1977
108756
1926
1284
207
105375
888
1560
1206
191820
1512
2100
1143
963
3036
3480
1839
6948
2109
2895
38256
70488
1950
31113
32907
2058
2466
1599
144150
1902
1914
1734
2958
2205
1428
2409
2124
3243
2091
1902
67479
2499
750
238899
10149
397209
3483
2016
19152
2541
3060
15486
966
1407
1602
78978
1809
2022
723
33210
3657
38070
840
3306
3663
3228
2196
1974
1854
1431
2490
1050
1977
2226
1731
1878
1773
2367
182262
1509
1194
1059
139212
1509
80328
2931
43530
1209
2001
1416
2328
39861
1014
2148
2583
1590
41649
1590
1821
723
1581
17337
1533
2007
333831
2529
108843
1101
1422
2745
1188
13449
1224
1521
108735
43035
3513
340914
1743
167622
128028
1584
369624
1605
2847
108888
2079
3336
2361
1899
13461
137574
236508
168192
1314
3486
1914
1680
1800
592203
2481
3012
34074
135678
1680
1347
1623
981
1128
2403
2022
1917
3951
1479
1734
76740
352317
1566
207951
2358
304575
2346
1533
195009
4383
64281
119079
2994
1713
1845
2748
3423
259134
2325
99543
2604
1227
2334
1176
3129
1827
29895
1083
1323
43194
322056
1263
5145
1482
39975
326127
2424
1170
2403
2334
1293
1794
2154
1701
2163
143208
3471
5382
1770
2049
1476
532110
2199
1473
1122
96660
1473
6471
2139
234
44148
2553
15588
135135
2994
1926
2163
2292
2301
2019
1752
2895
2043
8928
1038
4947
2847
1077
1572
2574
1122
23370
67164
1758
189825
2403
2817
3153
3744
3903
155772
2076
2547
1512
2157
2247
2271
3441
2337
2319
2271
4095
2352
1848
1785
2208
87594
2082
51102
40293
21744
2097
1749
4287
2235
2526
3639
2364
164538
1419
4866
95736
155625
1998
1338
1515
1200
1446
1380
2328
2505
2493
1812
1545
453
1173
903
1419
1911
2445
23235
2193
1869
3972
4308
1398
13548
37902
1344
42003
2466
2127
1986
2130
2577
140433
54528
2940
5532
3423
2124
79674
143442
91155
3183
225294
2700
2652
1533
3033
1149
1506
1899
1914
2901
1191
1167
3501
2322
1917
1755
1389
1755
84129
1551
34530
2937
1926
1734
3459
2580
2886
1896
2160
2418
10998
1437
34425
390
831
2022
2382
3174
1212
34425
1134
4509
27039
858
42078
17235
1857
1140
1224
7587
1965
240273
1842
2055
1554
1575
23784
1326
1950
30741
1119
1923
1530
1374
948
1407
2334
71010
3708
3048
1554
2430
1902
34215
230487
194064
1677
2016
1854
1128
1647
2685
45309
2943
2691
1434
2148
37296
1311
1176
1968
2049
2289
37503
2214
581262
2709
2169
1701
1479
2727
2937
247314
1146
22374
1134
2412
168219
2838
3618
72372
101022
2244
1665
2640
1923
996
1695
2772
2220
2895
837
1668
237357
3690
2505
2007
2295
3723
2274
21513
2520
2199
2631
1341
930
2787
1530
1320
2958
11262
1086
2322
2622
2052
126669
2097
1107
2289
2310
1842
1185
2613
1644
1017
171354
2472
133122
1710
2253
1206
2634
2019
60855
2499
2889
1278
2337
2037
2256
285798
1965
1623
102546
108789
3480
1161
1935
2052
78495
1548
2124
1440
927
2037
2979
1701
3048
1785
2445
32436
202860
101199
1146
3027
14211
1227
2142
1491
202512
1275
166878
1977
2052
1332
8151
2079
1359
1950
1917
99000
1476
2724
2361
70752
167664
1254
1800
2211
3093
2223
1812
1518
1632
1704
29265
1374
1419
70920
1974
168801
5097
2493
1110
2262
26754
1758
1248
1533
3144
2886
5106
55434
42840
12333
43113
3915
5952
141837
4314
20421
120135
5043
66990
4572
20220
157350
7542
375426
2991
49779
3936
66333
86037
2004
180882
2961
2688
45285
336558
3978
10152
415878
77361
4929
78771
4554
450054
252957
9837
16686
107196
1755
2448
126633
2310
145314
5022
5799
3774
4713
32142
81783
4023
100920
326184
57588
21276
205272
7863
77742
5670
1719
166605
2238
3387
92106
4458
27675
30504
4914
7746
6357
3165
25167
23856
1296
2157
9984
2973
3675
110160
6504
4242
75204
93342
6093
8067
5037
325779
120813
142419
2937
36726
3309
4458
14700
4152
1470
5403
4002
11700
5763
133878
169941
4908
148578
60261
2394
85614
247926
26853
5907
285111
15786
2970
64293
17859
5838
62451
15195
230577
167817
39738
61398
3171
46521
3378
4953
19827
11820
2037
23688
47373
40356
63318
68685
109173
2466
7581
3867
2973
3228
5604
4164
52569
3462
212784
5883
3951
7914
5430
22656
205761
81768
107862
1593
170130
155091
31287
33660
402306
2757
80478
4314
56766
3378
61455
186081
45633
6825
2367
2946
5307
108639
4359
2031
8373
7065
4767
305988
434019
200826
3000
30732
2628
3225
20103
33954
35721
5997
23832
2769
176364
4200
44808
229191
4614
1248
178533
3852
3987
33564
14469
451323
166845
6576
2292
4227
3000
127923
65052
3987
121422
35055
3888
8766
3087
83898
9747
19653
1956
6492
4530
3957
3447
2310
4194
69918
2649
5004
6069
63477
84897
3681
3969
28344
4347
245580
2331
17619
3765
5121
52590
11775
6126
3927
6156
2868
3534
8859
246372
29919
5481
5673
26055
136875
4710
7257
7158
2682
183261
7071
66021
10752
3072
3756
5895
2508
2628
316164
3093
1950
2700
17355
14001
4533
3768
2460
118770
2352
3666
4122
4860
4206
5229
2748
2151
3798
154503
2085
63948
21039
3816
969
21228
1587
31623
3972
98478
32526
4695
265536
33531
3675
148992
6885
3147
2691
39876
210192
2424
2796
3795
92097
1422
14265
3486
102651
62256
64125
324018
3318
191016
14970
5538
274512
5754
3666
5451
5136
38466
2934
91110
4719
45699
2583
281172
110244
8244
24861
2724
45525
26109
4296
2016
46299
2910
2379
48924
4671
6258
172473
3339
6765
107664
2634
2598
137628
2808
450273
2685
137232
1866
2517
3342
92682
101814
99054
59556
12477
2823
3813
115164
2625
1956
2907
5625
12519
36060
3351
4854
47790
90996
198054
96033
2229
70902
6432
3051
242055
3423
1839
3573
3186
370575
106659
187932
7269
4164
2916
2073
57357
3363
2904
207477
77832
2214
4050
43887
151056
63753
7023
710928
98016
436737
6084
50055
38307
303825
128508
2838
254277
30513
174543
4290
3030
7662
2631
34098
15609
268107
7659
4395
90690
4410
2583
3237
110034
55785
73149
2601
92100
2604
2928
21423
7443
18471
2217
137919
4836
2292
4836
2364
1605
59925
130647
31491
2313
159654
36333
173418
4857
4830
3510
2934
41712
31503
9291
12717
6246
29469
5607
2760
116787
869784
72009
8166
3090
5112
5310
5445
3228
128817
8844
64968
217290
230010
3936
53997
4185
2028
3336
55683
3300
3711
175398
2244
201975
38694
4044
261297
2214
91734
106647
7560
1299
85398
3924
1291212
7848
34842
1195815
131394
4503
4284
2562
3246
3828
3492
130947
3312
3642
1761
3195
61893
1782
24945
5949
80712
1407
87978
185310
1695
34479
2439
102828
6678
4770
4944
6135
39192
1779
4563
209592
116208
6492
5160
3093
5091
95967
15687
4788
6126
2742
124104
2493
3309
3951
9639
4827
3420
32853
109263
74745
80379
2325
7371
4236
1941
4257
3366
4050
4506
3387
5226
66057
22968
3714
2952
247668
79137
2316
2859
7176
5109
342516
2754
8952
65643
3843
12528
172413
71016
4230
4509
134292
8424
135489
2940
2490
106965
57315
5448
214788
23613
6300
4104
19713
323817
1866
2328
2118
139746
29775
1512
6822
2154
2046
34191
5274
82929
1434
2319
121920
2751
112056
3966
32115
121179
25815
158073
2781
2820
4995
11025
2001
4407
9105
3747
49878
8340
55467
28413
230775
3429
62871
141612
4578
1860
117108
2682
2598
4281
5619
5133
2289
37632
4350
3324
6453
2184
2328
378039
61233
393279
2688
3126
5241
134940
1728
27924
93582
46092
5721
1995
7023
30036
2172
142506
6066
6759
75939
7068
4452
67560
112149
2265
101751
6036
1887
2946
5496
2865
50787
3141
2937
3471
1923
20004
1893
46947
21003
166662
113910
35949
2550
29211
5634
100308
2502
58959
4932
10383
2187
40071
73770
2499
9933
4419
4569
236880
4602
264927
109419
27084
15822
210486
124656
3723
1683
2628
3012
6030
13527
2514
1680
65604
158169
99393
158961
3486
1812
47904
1959
113307
83772
18618
3291
5073
7311
307929
6087
114099
4290
9042
3855
225597
4482
3231
2985
295086
275445
238320
2568
2541
5409
6030
10344
3261
2754
50973
4977
2616
3354
29175
2190
1905
71361
78633
2931
1746
2328
32157
63687
209292
304149
303360
3537
2964
135921
3051
87120
223524
5898
3702
348972
268599
3711
18702
3636
4491
4812
54444
3675
4536
293184
3906
6471
147654
2406
6606
115107
11703
2163
12249
3768
20199
24282
240891
514734
33078
3033
3117
57507
145926
3498
21855
2955
139305
101910
54432
2127
37914
8202
4515
5121
1368
70572
4038
160218
4443
3924
300609
5523
76770
2649
21390
160821
94530
66903
2337
4092
177945
204891
34389
4335
118194
32040
3840
141765
223209
61209
10449
100605
7455
7359
2808
20337
3774
3858
4989
215742
106923
39735
3822
1680
287844
148917
37800
3516
209631
2712
23742
2079
78795
1671
2946
1983
198978
3270
150534
4548
43812
31182
1794
3033
3918
114849
145473
2451
6930
3450
185079
1113
4329
134721
319410
128523
336552
2985
36762
14823
19185
5082
5427
155310
65463
6081
12510
4809
18654
76416
2802
7944
52449
122562
135054
91581
5445
3843
4698
2712
14046
481620
143295
5082
2946
3096
225033
34083
39447
2346
159018
19848
3891
3228
7494
67323
7464
3486
1881
65553
139554
3984
36369
16392
4770
136530
1968
2322
4416
2619
1713
3321
2955
26517
40416
219543
47811
2925
6663
6399
2550
3393
144138
172257
5448
6843
8595
1578
52362
109029
289200
1560
75270
19737
5199
11235
4095
99063
4113
2943
210126
140802
15435
3315
51234
15318
7323
177711
4140
183624
104862
54888
94335
145731
3576
3537
70683
20985
49641
3330
3561
158850
167595
187860
97854
232332
15828
2934
44304
2508
214161
3876
2037
2097
2178
1473
1179
1677
1905
2400
3564
1440
1740
4455
1164
1881
1569
2589
1143
2694
1698
2184
2037
97521
1347
2817
2997
3051
2625
3390
9549
3318
2130
138219
1611
1437
50490
1998
1542
2076
2280
2580
3213
2838
1749
1062
12843
4389
67104
41829
72036
3483
2970
2577
3108
4815
837
2076
2718
1425
2574
168609
2793
2436
249
1182
1050
1815
41073
2220
2271
1863
1425
2595
5268
1947
1845
2352
2625
2712
2388
969
2223
1854
1527
2724
843
63381
2670
2061
1611
2580
1575
1197
2931
1389
1548
14484
1161
2406
165027
1218
133674
2523
4197
22185
2610
11400
2655
1788
62556
1281
2244
3510
2457
876
388662
1185
2868
1086
70176
4386
2184
1950
105906
2862
2208
1056
2913
1230
1773
1809
2817
2763
1143
1767
2841
1899
1884
689139
207471
2937
1548
1842
1302
3399
1563
2523
6513
1131
3510
3270
100311
2397
48093
522
2481
1758
2430
1926
1881
1734
53580
1062
1533
2535
1479
1989
1602
3384
1074
2313
4122
2559
5529
2931
1356
2970
1419
2841
2829
3933
1686
1710
5037
2430
3261
1773
29781
1644
1635
245805
2292
3450
1998
23100
3498
162243
2055
1425
1980
2772
2238
777
46983
1674
113688
84069
1317
1947
51441
1788
1098
1905
1824
786
2394
2397
1113
2451
2517
1836
2160
2319
3648
1914
2283
1794
2229
2529
2091
62808
1146
1983
2181
2832
2013
2112
1950
2178
1296
22401
2379
1635
2301
1872
1920
2385
3174
864
1581
888
3744
1476
1605
7251
3300
1680
34650
3420
3207
1728
100065
2325
1419
1518
2838
4614
1932
1395
2373
45909
2136
1182
3219
23859
3333
2490
3105
3156
1896
2265
915
978
1350
1236
1701
2652
2322
2928
2184
2001
1656
1131
2250
1404
2952
1041
148581
3051
77442
1992
3750
3225
2043
2298
1296
2205
978
1257
3681
951
2265
53769
2067
1371
14178
1257
2955
2013
1956
2409
178959
1026
1224
2589
2904
2316
1194
591
3099
1896
2085
722463
960
39495
2370
3087
6561
38439
2718
3753
1731
2940
1482
855
4800
19575
1341
1746
972
64335
3774
3048
1614
933
1884
1503
1908
128286
1242
128781
47079
2208
1953
1812
3951
2706
3822
2268
1488
34317
3990
167151
1137
2169
289437
1485
1785
6801
109494
1740
47187
834
1491
2421
1878
2601
2535
5337
1707
2052
2208
2511
1857
1227
1314
1587
1797
1722
2007
4737
2112
2973
110406
1440
1542
8571
10071
1800
2409
3585
4476
2625
3771
33693
1632
1581
3063
125523
2709
1491
1665
1314
1782
2205
1668
1782
2253
1818
79509
1737
1740
17382
1977
1869
1356
2661
2118
2727
1206
987
324
1422
2331
20247
1644
4701
4602
42963
28695
1782
1500
47997
2016
1620
1353
816
2610
1515
2244
2616
1500
1833
2205
15147
3318
1440
2319
1623
1197
1722
3603
1941
185616
2049
518244
1686
3015
2382
1488
1704
873
2574
1200
1302
1962
2013
2097
1275
1335
948
2670
3990
1314
3714
2217
1665
1110
1767
1476
1218
2295
1566
2091
2307
912
2703
1497
2742
74940
2106
1521
29238
3414
1851
1998
2196
2331
2112
1248
22869
2313
341919
1527
5157
2838
270765
1056
987
2223
1455
4068
3237
1164
2415
3039
1947
55380
50148
1503
19113
1986
1332
1101
13923
1872
681
1653
2883
3867
1374
36036
2922
2595
83850
960
1581
1032
1548
2517
1398
2979
58407
1914
2742
810
35604
1380
4926
1569
28197
1815
2235
1374
1638
2166
1944
2580
3783
1941
2883
1278
3522
2094
3285
1995
3366
1428
3057
21771
1005
2490
3105
2808
3921
936
1083
3777
3984
1068
3096
1158
1338
1452
1038
1056
1239
2379
3273
3813
1929
2013
804
1266
1461
1305
1188
108624
1305
1206
1104
299994
2145
1701
2118
3207
2169
2763
2358
1650
1755
1428
1353
2109
4803
2022
5010
1878
1575
2166
139878
3588
1758
2052
1392
443127
822
15165
225669
1458
2682
2838
4467
2676
69150
3318
2550
2796
103395
2871
1032
2547
28710
3783
10233
1929
3129
6543
2637
2646
1644
1677
88020
1794
2058
2223
2796
2163
1980
1581
96783
154308
1218
3024
2877
53796
1698
3108
1395
45444
188751
1380
3462
915
1293
2316
1707
2322
3012
4389
2238
1857
1350
275493
2541
2622
1347
1353
2214
22476
489
3768
1866
1833
2103
1671
2082
3591
2094
2520
1005
565995
1683
1926
2235
3783
894
2118
3681
3516
16074
2085
1371
2346
1479
3771
25413
3063
2142
1893
257808
3792
1365
1536
5748
1140
1836
2487
2763
2904
2787
591
1956
1122
103977
2601
1989
2235
2523
4152
2427
825
2427
30390
1818
1428
132891
2808
2106
1911
1809
2955
69207
966
129732
32679
4911
2079
3069
2247
2727
1671
1065
1485
1902
1560
66582
2094
2142
2178
648
3762
2691
2343
924
1077
273
1521
1122
3066
1086
2037
447
2388
2931
1776
95745
1761
846
384
59541
4959
2571
1902
1239
1656
1923
2355
49803
3234
2358
1878
1287
1824
2223
837
1287
1665
2232
822
258
4218
11988
55722
1965
1533
1221
1452
1914
1035
471
159048
3258
999
2154
3837
2076
2097
2166
2253
1728
62016
2673
4041
1254
12672
1722
1914
1299
1272
2136
2571
2769
1281
1776
1977
1875
1614
1422
1539
1449
1242
3801
1113
1047
2916
1221
1869
903
2577
2517
1353
1341
1599
1677
840
2331
1806
1428
252
231
3096
1707
2304
1659
3807
1458
2925
3873
846
2442
252528
3318
2736
2112
1749
1521
2379
1977
1779
1458
2112
1698
267
1155
14721
2583
1689
2616
2235
1980
1413
2832
1233
1746
3024
2715
1479
1782
116367
3087
6846
1116
930
4044
1560
3030
1791
3891
1887
3168
47754
161310
2475
33312
355995
31434
1659
2694
1446
357990
2487
3216
22497
1326
1452
1431
185106
15903
1644
101304
1650
25479
503301
1680
2865
1401
97038
2907
2418
1956
1098
4098
1452
1494
2280
20406
1662
1920
42129
2496
1101
60915
1929
9522
2139
1506
2196
25263
3594
2133
25344
2625
36585
993
1362
759
2892
1776
2592
12936
3711
1518
1092
1632
1755
1629
1281
1980
7221
1101
1731
3456
1380
3837
7617
3174
2541
22674
1014
2820
1509
2280
1848
261
336
354
945
213
279
210
1110
258
288
348
261
714
387
972
162
192
378
255
279
411
225
693
249
378
279
282
918
582
888
276
255
321
1941
447
192
618
402
282
933
405
492
960
279
450
654
162
669
363
1422
291
363
210
59199
573
351
867
450
804
210
843
672
198
381
285
615
705
630
213
195
279
444
249
972
1437
44349
603
789
939
945
276
825
603
186
375
753
210
1020
1185
1029
51138
531
393
1755
594
189
435
555
348
600
831
462
507
186
201
19188
1326
342
603
285
2223
342
252
687
444
348
240
810
447
339
36279
297
165
489
579
285
483
768
1503
207
276
168
288
354
981
708
369
330
870
588
348
1161
870
291
111969
336
960
270
249
645
252
708
480
252
456
282
639
345
279
423
639
186
627
183
321
201
207
615
363
552
333
246
540
576
261
342
192
336
456
267
1050
168
252
744
183
198
252
624
207
777
468
351
564
750
330
333
1752
969
207
426
336
435
384
435
540
186
192
1104
297
282
207
1239
372
777
783
348
777
162
207
345
195
207
369
573
204
261
1074
255
207
753
729
165
1164
798
357
843
192
357
384
195
531
399
426
156
285
543
22827
270
711
456
915
516
894
276
189
363
165
279
288
381
201
1023
270
1728
792
288
192
195
288
285
288
420
528
1113
369
711
183
279
246
189
282
285
426
441
444
168
396
582
735
996
32085
864
333
696
288
273
285
273
207
1092
1329
432
1176
282
207
678
1239
579
201
354
420
276
369
645
453
342
345
654
528
609
297
606
465
267
507
357
189
192
300
246
276
414
447
204
267
252
540
714
258
405
285
645
153
291
609
591
426
1128
330
195
1722
282
55587
330
432
549
342
279
963
249
224724
282
624
693
576
252
435
522
768
186
510
348
504
594
273
843
288
687
2514
351
330
450
795
447
444
1197
255
198
282
195
357
861
669
465
513
453
711
453
336
441
201
270
1002
201
429
834
204
94242
201
849
363
297
492
381
198
573
759
1194
201
354
354
291
198
252
252
339
537
390
570
645
996
357
345
255
357
1323
339
555
885
348
1266
291
2208
978
1086
294
201
201
201
189
261
636
438
618
288
1722
579
435
195
342
351
447
1275
342
270
198
915
354
717
1203
834
438
285
639
1839
366
402
864
612
291
282
252
426
525
351
294
519
258
1485
906
582
186
372
288
22080
285
252
669
555
1065
513
345
255
426
417
615
1188
543
354
648
1392
276
600
1359
537
303
276
291
726
342
258
447
816
423
1416
1026
201
264
288
393
297
978
840
1179
390
348
258
207
56136
342
519
729
279
375
276
186
285
732
447
198
2298
333
189
912
861
687
192
192
267
270
246
75186
879
711
693
645
441
132927
699
612
1125
762
576
1077
192
597
333
60501
195
291
417
1851
300
198
507
276
156
294
1797
2391
195
414
633
195
948
186
252
294
1449
456
717
1089
597
375
1002
444
639
531
192
432
159
198
189
450
267
192
462
1143
246
495
201
192
348
41979
378
192
384
792
432
600
879
990
1314
978
354
678
519
165
177519
801
288
156183
621
558
345
621
255
204
195
369
213
276
288
168
1194
927
468
339
729
183
525
258
984
483
276
426
795
540
198
531
201
246
795
366
1356
717
252
8202
348
192
354
261
204
348
489
453
270
255
1263
519
252
270
423
168
378
771
348
210
333
702
507
165
594
1200
189
252
747
297
378
336
339
258
2505
204
162
204
162
879
975
339
183
1101
240
270
318
579
186
534
600
1479
276
172968
894
372
243
852
519
351
270
279
576
546
297
1389
273
186
354
273
522
441
1854
180
252
702
531
1080
609
378
336
192
441
639
1569
186
216
180
522
450
528
192
480
408
192
870
336
414
375
534
189
1533
729
279
195
984
231
513
258
273
339
276
933
351
273
1761
1242
162
387
1614
252
429
264
546
705
198
165
282
288
519
10146
195
249
47466
162
165
192
843
519
441
630
294
627
627
1215
1470
534
25704
2043
183
738
11670
417
519
702
270
600
864
990
456
195
189
159
282
414
1038
210
864
20076
1542
555
1458
447
255
438
255
411
426
273
564
186
306
507
189
915
1788
372
159
213318
162
1155
603
903
363
213
459
279
1341
139080
678
297
60066
330
528
11829
810
276
1107
576
1488
531
549
204
771
759
915
1611
279
954
291
32322
207
249
591
168
252
831
249
276
354
270
249
195
40248
420
573
435
951
480
270
432
1674
600
465
1005
1626
279
858
23121
561
636
555
939
537
330
1089
528
1224
357
372
74706
432
267
636
276
897
153
516
186
192
723
672
636
204
432
462
210
204
234
189
507
291
576
195
840
525
501
435
378
345
582
204
270
165
381
921
273
387
165
1014
906
189
615
279
432
1329
165
327
1344
294
1206
177
930
1056
1125
804
327
195
360
78309
1059
162
282
792
351
249
330
471
1059
243
897
1497
91905
261
1146
261
987
876
195
231
342
2745
936
528
1068
72177
3267
3180
48708
2748
2097
1443
231768
114741
105717
2205
2337
2127
3738
121296
3069
1389
2637
1071
2055
1899
2346
1359
2424
2802
2667
1449
234894
1347
1821
86559
2472
3300
2244
309
1356
2037
2910
2712
30357
1320
1554
1290
41601
1332
1356
3096
2256
1002
1668
2010
40038
2133
3537
2514
1200
1857
1425
238386
1428
4428
921
72111
96450
2673
132309
151329
3084
84225
837
1368
3201
16356
1095
2376
2439
3399
2595
316245
3660
137148
2064
29061
1770
114273
2331
378
2322
2313
109134
90846
2952
2223
1395
2628
1650
62883
1344
30555
1959
1779
1785
187278
1905
2076
1968
2157
2457
84741
1806
2280
1452
171057
3243
75225
1416
2772
1032
3150
2400
2190
3699
2763
3252
387
3435
2250
2220
43320
978
178473
1572
2082
1482
1539
2112
2070
1992
1359
918
3813
55071
1524
3024
1731
1512
720
1389
1365
4398
2772
2235
936
4278
299418
3447
2001
159708
1590
921
2889
2784
3738
54264
1734
81585
2016
2079
24192
1653
100653
486
1347
1833
1008
3297
1623
3225
3102
133326
2691
1887
843
3594
972
93717
2541
6642
846
978
1737
3072
816
1134
1797
1881
1653
2292
3048
1398
1593
530700
2439
436425
939
291198
3105
1407
798
12063
2337
51099
1245
2514
2865
2532
2823
1509
1236
1254
1665
5292
2619
1356
3321
1368
1806
25185
1194
3522
139506
3495
3075
4428
1458
1917
1002
2043
245241
15237
1737
1662
2268
1500
1794
312
2196
2289
1986
54096
1194
38769
63498
1650
11727
1116
2754
1617
69354
3402
1014
1770
2751
933
1449
2712
1380
108678
99342
1602
1785
1767
1242
102363
6354
2541
2088
2415
1977
1437
1701
1530
939
2721
4644
1149
163371
1632
1914
3483
2037
1821
1899
59109
4092
4512
2022
915
1185
1740
2124
25491
870
2136
2133
1686
1179
993
3396
1575
2079
1059
1839
140913
2196
80892
64581
1902
3198
7107
1881
2775
801
1692
1896
1872
1950
52929
684
5127
2436
1668
3381
2718
140013
15444
2064
1332
2454
2943
3393
2712
322383
2643
128487
2727
2610
2481
2358
2676
912
3942
88950
2925
185949
3867
195609
1866
25101
13287
1410
891
2079
1785
4287
1287
2112
2175
1632
160950
2013
45924
25155
3051
2715
2070
356994
2178
10122
222
3483
2589
1680
2130
1422
1371
1248
111702
1101
1956
59139
1563
1302
1572
301836
1233
1386
1683
2244
1938
1629
2382
1611
1554
1740
8799
1992
780
1869
807
1545
1080
2205
990
131115
2298
933
1842
1503
1500
2640
2847
2484
98652
29172
2943
2439
1959
3747
1488
3789
2541
1431
2835
2154
1338
26628
777
123660
2301
4002
3231
91773
161907
1902
92403
2733
1332
2349
2157
1374
41316
227997
846
102006
2205
1389
1932
2157
2034
1359
2361
1389
2211
1968
1065
1434
40218
113868
1509
3210
1938
2544
93051
1737
141126
14361
2064
2286
1593
12927
1812
35211
2835
1332
3600
1656
1461
900
120927
1347
4497
78531
1269
1734
4002
3699
2325
1974
1332
1908
1131
2073
37626
1722
2154
26604
1806
903
20922
3594
2784
1311
3798
32841
2949
9117
4164
873
1545
38334
1506
3870
1371
1914
1824
1299
1269
3717
2580
2103
1734
3489
3126
453
12372
2487
1167
1488
1674
2079
261681
2769
1482
2652
1497
228267
2070
2610
1626
1293
13905
2394
1530
97593
6798
1833
2430
25149
4083
1764
1893
4785
1386
3876
2067
564459
106137
323061
1317
1905
26475
2697
1932
2832
2046
1845
1608
1350
2178
1911
3354
126279
3948
1284
37803
2415
1122
2838
1254
10818
1854
1224
184422
1293
1959
209493
2223
2973
2760
1452
1752
1764
840
1593
8892
34614
1977
2214
47637
3354
1002
1917
1911
1353
1398
1035
3963
2019
1896
101958
2049
1677
224553
2142
14763
2082
1893
2571
2184
1872
2676
3195
3021
11514
101547
1398
2379
1935
199152
1428
15597
2187
2382
3243
2754
2637
62073
137004
381
867
1986
1350
2745
2775
94260
33330
1707
2376
2622
3192
3780
3021
1260
1356
495
2862
1476
65403
2076
113592
89319
1641
1590
112560
117915
74958
73581
53166
1125
933
164541
2043
3279
972
1302
2181
3648
5136
2214
4596
3465
83721
1686
2856
74154
2667
3864
1410
198
1416
1380
66588
27045
3126
945
2274
3156
1956
3519
1143
2121
2430
76326
216990
1872
1965
2373
89421
4032
18972
1266
4668
1551
1710
125388
1782
1173
1818
83313
1836
2529
2301
3081
312
3255
1626
2805
2904
1869
1551
1584
33855
1680
28503
1866
2754
16581
2946
1449
1758
2175
1008
2319
3405
2472
2322
1056
41133
55233
2433
80970
2070
23631
2322
2718
2217
2025
1455
100491
2922
78750
134550
1782
2226
2046
27624
3039
1590
2805
9237
2436
11637
1749
148008
1917
47112
1284
1779
2052
1059
2598
78987
1635
1437
2181
13737
2964
2724
1182
5055
2673
2244
22647
1407
2745
314136
1272
1965
69624
2241
2589
254385
1416
214338
1218
1173
95784
20055
2463
46107
1716
1644
13524
4749
2214
489
2178
1221
1434
4026
144807
109026
1422
1299
2385
3660
36051
2400
2727
378009
3060
3762
117147
3108
2382
2694
18891
2160
1434
2904
109680
2235
2013
1761
1089
2373
1851
2214
1707
1077
2811
8025
98052
1998
1830
1815
4095
3465
2880
1287
3057
378849
969
1638
2610
1956
2166
1989
30645
387876
2703
222312
44232
3744
1956
2625
11100
1479
1512
1962
3537
3498
26757
2586
2922
1482
1704
198717
3003
1887
1209
2385
1725
2919
1812
8574
2613
2829
1629
1551
2352
74013
798
221934
1497
2016
1050
1902
61722
3363
2001
3507
2055
1875
2094
30996
2295
1467
5301
29658
2565
3432
2355
21486
2460
140322
1599
4245
4986
2310
2433
1671
2448
1188
3318
80952
203760
7086
199626
3360
1326
1482
67731
2211
10602
2064
28293
197007
1662
1533
3876
1083
2166
1821
1617
4602
1530
45261
17367
2331
2460
3945
948
1323
3189
996
2223
3513
3564
1644
178320
3807
2376
1623
1986
177525
1989
1746
3264
1278
2481
996
2862
3435
735
24834
2187
3267
1530
1092
68025
58974
243
2331
1218
2031
13173
1866
2805
2121
22014
1458
1164
18564
5871
3732
2610
1995
3639
1104
25968
3078
6240
124179
13650
1065
3381
1932
795
2241
2118
1926
1620
3798
6942
1239
2913
1479
1377
1095
2952
1302
2496
8166
53688
482940
2445
1287
1878
3045
80226
2121
20724
11301
2907
2280
212175
1521
498813
2004
10020
88815
1572
2967
849
3981
1302
900
2292
1902
156540
2373
42252
164148
3441
3438
2190
1581
1740
3015
771
2196
1143
53790
960
1041
1875
4386
1395
1632
1872
1101
31320
804
72483
1488
1761
2682
4062
337878
1713
17496
44403
3006
230847
1245
1581
1620
2094
1431
2151
1446
738
2493
2094
3033
1227
73167
1254
110565
1362
3498
6123
1983
2940
24996
2595
2379
1215
1059
1284
1776
1344
2469
2145
62883
109284
849
2526
42342
6042
44910
2511
1017
5334
1905
19110
1602
2241
4482
3312
192084
1935
1884
879
4185
72261
1266
2808
475758
1626
1896
2268
33462
34311
5472
237159
2463
1479
58059
2805
3279
70335
1371
1314
1794
2055
3015
1446
3534
1383
392823
810
1668
903
1758
1689
1368
3087
10602
2529
4206
1854
1611
79653
75093
2001
2445
1551
1323
17040
1260
237303
106149
1326
175428
2703
1656
2514
1596
1662
2982
1140
2094
1617
1764
897
2718
2004
1365
137445
2937
2175
1329
1434
2271
2631
59355
2673
1335
144174
1278
2070
1305
64497
1539
98946
2343
1317
1080
2556
224070
1551
4125
94470
1770
1137
906
1716
3939
2184
1914
1347
1662
1497
73497
1059
1710
173451
1575
2460
3729
4827
1335
1503
72321
3915
2343
1230
2307
40260
1245
1407
7209
27078
9084
2178
442392
2031
10050
1368
1326
107163
136998
1851
780
2250
1320
828
13893
2430
2268
42021
2181
948
2079
1320
71946
44184
2265
2925
2421
1968
86646
1518
44694
1809
269130
24492
2262
3684
4701
1284
2253
1662
102540
1419
2160
5922
1509
2358
16104
1953
1698
2043
2079
1956
1563
4446
1578
125169
238635
1803
1308
6030
239031
24384
17955
2460
1938
3372
8115
121128
2478
27987
1422
2013
1503
58116
3555
909
1941
3018
87477
7611
1308
3135
1368
2697
2517
1539
2493
3114
3687
164610
2295
2121
1542
2223
3639
73515
1140
2085
1863
2598
122616
303579
2202
1581
71136
2079
130950
3126
1506
1596
14820
1875
1563
1128
39138
3132
1455
2334
1782
2298
2124
2088
2247
1425
2205
1779
2961
31140
1023
846
2499
1188
2685
1632
2379
1551
2001
1338
2925
4341
1092
34074
912
15693
3045
86574
2061
3672
2685
24804
228624
3315
1065
2190
2175
22461
43938
2721
867
12561
2115
2070
2817
10164
1152
1818
1488
2433
1089
1617
147984
2049
1632
60021
3420
1521
1962
2271
1314
1470
2601
2280
3294
1284
2028
1647
24792
12084
97869
1635
2742
41496
2748
2325
125787
1662
1380
2982
2628
1203
2817
1476
164904
2064
1647
7848
1533
1605
105303
1383
3138
4311
16269
63192
2061
1788
2571
1758
858
1203
141291
2799
59436
5346
2604
79449
2205
2919
3327
1704
1425
1017
4992
1446
88623
2784
1347
36858
3381
1629
8760
2091
2268
2001
12681
2088
1449
6720
1338
2661
1770
1137
16083
2229
1767
26016
2913
2355
1800
2361
2010
1797
303237
3354
1545
3756
2076
252
85473
1518
2052
3012
573825
1659
75771
1746
7200
1932
41421
12696
2073
1437
2133
100734
2157
1911
38949
3171
1260
2010
1086
1833
1833
2934
1404
1830
1338
1395
11406
1668
2439
1155
1191
3168
2382
2181
1335
44958
60210
1683
1488
1203
1566
1359
114777
1959
74004
1221
170655
11613
1278
14496
2877
1527
2373
15732
1167
122589
1551
1596
2370
3567
2307
40548
1665
849
2631
129519
2286
1911
1662
2493
172779
382482
2916
1206
1404
144507
1308
1317
3990
2685
1260
2640
1743
302250
237201
35313
1908
2010
1791
1458
2967
2334
1689
1449
1974
122214
2127
1890
1746
5244
52728
43311
1812
1521
1404
1839
184032
1179
37143
37935
909
2895
903
1623
60357
2475
1398
98823
3477
1941
1260
1467
5784
2094
1485
2322
1335
3195
2226
2139
273711
114726
1344
1890
2316
2475
3048
164931
2685
2394
2367
1896
1218
2193
22476
906
2448
10818
7314
14760
2319
786
2484
19284
165201
2346
3723
1767
1509
2145
1947
2547
130983
2400
1563
1254
978
4278
1797
747
1554
1665
44547
1182
107880
121071
124512
1296
966
1701
33489
2469
2310
13872
7611
99561
1560
187401
74514
12444
3432
19611
1011
1611
1149
1878
61464
1251
2247
35226
1632
1374
2229
2460
3696
3171
66126
2229
72384
1038
40527
2193
2832
2694
1632
3039
2268
11724
2778
3588
36876
1092
1980
657
1827
1395
2031
12105
84600
963
31488
1593
2040
12921
36642
1989
1713
1866
4611
1848
2904
2598
2748
2835
19728
1509
45465
2022
2730
1527
1893
1896
891
1644
2973
1131
3495
2442
3192
3264
66156
1785
3024
2154
146127
11979
969
1878
173397
1611
2454
2079
7326
2178
5205
1956
46644
150600
1626
6066
1224
52638
2541
3411
1182
1281
5376
1272
6540
1863
1386
89040
1098
1584
1176
1386
1281
4197
3492
99675
71607
2934
2349
82578
981
1839
1638
38742
2550
1350
1209
1443
4482
1230
1992
1074
1554
2595
2583
1866
2334
3045
1455
3309
2586
21330
2787
2196
2139
56409
1323
178941
3423
2037
102771
1344
1644
3666
1620
1815
23673
2919
2139
3501
1569
1218
129408
1824
2355
87210
1557
1695
2670
1512
1611
1575
2925
2970
1977
1296
50286
2892
3705
2214
3072
3075
3165
1617
88821
2289
3234
4746
1893
1413
1692
792
1245
825
1095
2064
28086
2466
2160
3207
1977
1935
3816
2370
114729
2028
1275
1452
2985
2160
98046
1443
363
978
1998
1059
2796
1182
26325
1479
3345
1830
1968
2229
1872
2529
16647
1620
1782
2214
1560
1479
285
3414
1197
2331
1914
3306
1554
153567
1071
306738
45756
17874
927
852
2160
2994
2457
1812
1317
140601
1158
894
31092
1788
14994
1470
2373
1158
53895
36813
1473
1746
189048
2397
1689
1485
10329
1338
1614
28644
539850
1740
222222
4548
1956
2532
2499
277293
2640
1494
2154
4776
2718
1251
1056
36948
1773
12597
1659
323343
3264
1545
2715
1803
14658
122718
3546
2073
1947
1617
1218
21834
2346
1131
1968
113724
52218
11175
8715
10617
1170
26355
1326
8115
2310
1809
1680
156054
1080
339165
3099
1839
163740
1203
125931
1770
371280
1251
111975
2229
2232
1791
2502
12387
45807
88254
1308
237126
165546
3621
2487
1584
3105
1107
2625
588555
2634
2727
37221
133788
1611
2757
2631
1173
1527
1125
1215
2145
1254
1050
1191
2382
72084
354342
1113
205146
2979
3048
300702
1365
1173
2013
191208
2787
4479
65460
115791
1476
1458
1311
1614
1677
3528
255318
3774
102960
1242
1773
1881
1356
3642
31695
1374
46173
322272
1935
2760
1473
37692
329982
2196
2382
2676
2286
1977
2178
1491
2202
145311
4119
1281
1236
1332
2676
229566
298518
2223
2691
2037
1803
93609
1263
6186
2013
50499
3276
12846
135867
1602
2196
2469
3291
2676
2925
1479
1743
2874
11580
5763
1710
2133
2205
1014
1908
95361
2871
187038
2007
1272
1299
2520
1788
159972
1305
3006
4602
1857
3231
2706
1701
3198
1716
2991
2274
1755
2043
91008
1488
93516
17445
1686
2103
7266
1323
1449
4413
3519
86523
76539
3000
99894
11265
138894
2145
1365
1233
1140
1728
2394
1758
1902
2928
1239
2157
4104
1353
816
2823
1836
24708
1959
1788
1767
1461
2271
51873
1905
44907
1503
2397
1752
1167
202539
2247
1701
2283
2085
83355
139833
1020
88629
2418
1677
222879
2136
2898
2121
3525
1848
2025
2247
1974
2697
1884
1515
3195
1911
1419
2277
1629
3612
89043
36561
2361
1302
3081
3696
2811
2616
2772
912
1899
12468
38505
4062
3909
1578
1503
1458
34440
1350
1644
23400
1185
44445
13818
1692
2004
1164
9363
1854
237912
2511
831
1041
2496
1053
24573
1464
2892
28308
1077
1854
1389
2199
1551
1053
3015
73032
3861
1170
1440
2037
2598
29847
234054
170037
18942
4434
1836
2805
2526
1263
1140
1869
42471
2532
2469
1029
1170
1461
32412
2523
1242
1233
1485
2145
37794
3609
581505
2193
2712
2637
1467
1701
2544
248298
1842
1692
19089
3249
1395
1917
165291
2577
1854
3498
66330
105408
2148
2541
1503
2232
1638
1746
1125
1488
4077
1998
240207
4383
2763
2271
2328
2562
3147
17643
2061
1437
1602
2115
2130
3732
1773
879
2643
15078
3759
2058
3387
912
122193
2655
2241
1560
1536
3792
1809
1491
2697
2037
1707
168471
1698
136698
1062
2481
2142
1326
1794
54627
2475
1497
915
2406
2802
870
287523
759
1929
98637
114567
879
2187
1614
1917
21978
16647
35379
2370
1959
2571
3171
1062
3651
2259
2349
1647
1188
2433
27576
7578
203100
97953
900
1278
3018
9522
3354
2091
1122
205161
165846
1998
2091
1929
10518
2124
1917
1089
2121
95544
792
4011
1782
76095
165363
1935
1287
3336
2442
1647
1989
1503
1890
38676
1005
1608
67890
1935
170556
2697
3900
1428
29091
1752
1515
1899
1923
19656
25269
3954
15348
2778
1686
948
2358
2004
2334
1128
2967
1743
26148
1152
24282
1527
4020
2046
2928
1152
2151
1188
1725
1767
1977
2193
3240
1548
2028
1842
2271
21495
3027
915
3618
996
28563
2745
224652
2307
1008
138417
3564
1137
2142
1533
729
816
1659
1242
2055
2529
1659
16104
1287
27795
1263
2652
1731
1680
1092
117345
1941
1014
2688
255111
23280
1917
5034
2829
1407
2211
173400
3813
2040
2397
1560
2196
12267
1809
176865
1041
1839
2556
1848
1473
1734
3342
2691
14412
152718
2589
1668
1806
2775
64005
2013
165912
2190
1443
1287
1410
60537
31080
1854
1854
39558
3024
2157
2889
2430
308757
2829
2679
114399
1758
1050
2508
451188
1122
32841
1653
840
2298
3165
2952
1683
1074
1785
198840
130878
80547
3138
2535
122580
1170
1575
152934
143718
3462
32196
1185
2829
2379
1647
2280
79227
1479
3429
327420
2106
2622
1389
2094
4338
2646
600369
1623
2322
2358
357435
2256
1122
1182
2091
1830
765
2967
54690
3981
1938
2658
2538
1290
2046
1452
2127
2817
3069
19143
1983
2415
73623
2124
1116
2139
257637
290982
276
3225
1563
1485
2523
1044
1875
1449
309750
2772
1293
1761
2772
999
1011
3666
71256
1584
954
3030
2580
62022
57408
1893
3480
1050
2046
2790
2619
2631
219558
2052
3087
1905
50586
163785
2919
1095
16236
1467
1719
1446
1233
425514
1926
2655
90015
11013
31206
1908
1683
1563
1299
1506
1842
1797
1134
3324
759
3759
2730
1542
1653
34926
1848
166899
1545
2169
1467
59928
1131
1011
2913
2109
5868
1770
1332
25098
2253
1959
2670
906
4314
69027
1872
2265
3330
244902
92448
1221
2988
4026
1494
75027
1335
1692
2088
3141
2079
126465
171492
3528
317256
2616
2613
2025
750
3357
1926
2499
2391
104046
2226
4422
1704
2133
25908
275493
2016
4167
2016
2493
1290
2955
2580
2292
1623
2412
1059
1320
2055
1656
1965
1350
1413
2340
1113
3321
1908
1437
1668
2094
1617
2037
62022
1260
1824
2304
1698
3651
125058
873
2709
76377
2007
2226
9501
1806
40929
1077
1776
2112
44964
2793
2001
3750
2298
1977
927
3096
3105
1512
1449
1884
4647
1443
2535
2352
867
2442
2259
2442
3231
1533
1323
1383
2808
1068
9828
1938
1932
2295
195354
2142
127416
5172
116469
334446
1386
2832
2004
2331
2076
1083
1914
1332
2082
271014
2379
2625
75708
24009
2649
1698
1644
1209
2802
129981
1470
1209
501363
3216
1557
3264
109638
49359
2319
1920
352779
3111
2256
1149
2469
1728
80217
165672
147825
2877
1026
1125
4611
37191
2997
1545
1641
1644
31887
2268
2163
999
1716
1551
2178
1977
2754
1512
2172
2325
201696
99273
2358
3417
1389
1920
73683
2283
1935
2646
1635
130926
2049
1422
1608
1251
1056
105282
2517
1959
108450
1380
2136
195306
1032
1128
1215
1842
906
2472
1572
1023
3249
1116
2769
35643
810
65988
2526
67455
2229
1410
145977
1143
3045
1740
2388
3981
1821
2541
2553
3051
3738
2199
64605
2487
193083
46212
2571
5181
399381
1647
1881
17184
2136
1770
22602
1020
81561
1011
1491
1611
29895
2199
2439
34317
1746
3978
1632
1194
1563
1014
2424
2196
1677
3111
909
2025
1218
2406
1725
1776
184107
1389
1722
142005
84885
48225
2520
2268
1998
42084
1089
1947
1473
3264
39882
1548
1089
1056
981
19353
2013
1806
45018
282777
1308
111516
1857
3318
1659
2409
10698
3642
2697
57258
4836
1779
4284
25209
1488
2451
150675
3801
9564
35856
74955
197391
218214
79827
178128
73032
56571
5517
139011
4020
1191
85146
1422
217071
3813
2370
346437
272151
3516
2766
18273
1407
7605
3846
46134
2820
6141
297507
2382
147432
7254
3174
119460
14118
3444
8517
31344
260424
1986
498636
8793
33105
3897
4317
6318
193524
8916
20832
2517
97080
42513
4434
94701
56721
4551
1275
32610
2994
2106
2043
3141
4815
65598
4314
3135
162267
5118
3615
174945
121551
4143
84645
1908
19719
106839
28557
186501
4761
174963
2817
197535
4251
30807
3408
4035
114834
38034
3294
134169
2355
220608
57309
3456
98250
3027
2787
4701
23475
4296
3474
6315
317628
3126
34170
5637
4647
472656
1980
207081
6045
4215
21882
3489
72999
2424
3558
1638
203334
3006
135282
9585
1680
4536
38574
32346
1326
3294
260736
8886
2604
2220
188034
931095
10176
32418
4500
16533
15474
8370
5262
1302
26880
64353
66171
68733
18174
2769
71184
16218
7860
6162
52956
125310
7032
112497
105408
4299
3423
2895
6840
492042
148035
7509
3228
2406
222669
31617
3150
35673
5667
2307
182544
2982
2070
72657
6453
4200
3207
55809
143400
3051
37686
15855
140280
1443
7413
2418
2802
1446
4068
2499
30594
141654
116268
50580
13416
1200
3327
2397
148554
185040
7782
4164
55776
403671
73617
5334
13959
5775
2547
4668
4335
101199
3846
210345
141306
8289
10482
4026
3969
35346
4530
15177
3489
184350
4092
186846
28416
124365
10767
230904
5100
3606
69672
26649
45147
5088
2856
159117
60081
99855
4356
88104
90903
2268
322032
2832
1683
11730
45846
3285
219033
3165
3804
51624
4221
51579
40845
3024
6576
143154
5844
145773
3933
67542
177018
6129
6822
120432
8628
4461
212520
12936
1536
55800
2037
57957
93750
4215
172392
5742
5937
48657
337512
23733
403851
2631
73164
3000
2517
38901
2631
706587
2475
3207
12006
1569
112158
2706
2499
128589
3366
141330
1968
11127
5304
5610
26526
87222
101859
8916
320184
229773
54795
6357
75090
4617
3432
3018
161778
1779
96873
19194
26763
1605
4980
3159
5631
53058
1593
3294
10203
1449
114276
3054
4680
3564
161976
3393
5919
1821
326745
263163
4632
41763
3573
3981
10545
2766
2613
2505
8223
5169
7026
3309
307092
3105
143460
60705
2490
4956
82494
243393
4452
26640
290916
11658
2241
66063
19467
6927
68448
233799
216081
4812
62772
50865
4362
4107
31593
1896
22683
90669
4620
249726
3162
2850
5592
3249
7626
3891
1896
49866
2361
210564
5670
11034
9276
6102
203874
190656
2121
83205
710775
3411
81255
4617
1839
56658
6435
116115
127749
49143
7272
2268
3156
108519
11847
3330
9573
2361
310206
3039
638541
34824
4275
19506
3414
71208
24546
2175
2052
175473
274623
1839
1401
173391
10644
2058
5952
44739
3075
8634
33426
403797
159516
5421
3855
2967
2619
121503
15690
60057
6084
120714
42846
9906
5052
7212
81183
25716
2331
2562
3192
1845
2826
1329
70605
3444
3606
3972
67203
87621
2181
33447
3315
242310
2928
4908
16644
2973
55713
8190
11439
11223
5619
4926
1326
239532
35121
3855
7785
36381
133788
3402
8058
4329
2811
187818
3660
19482
42837
8235
4047
1986
9861
4713
2823
184551
124983
8982
3315
2166
1377
12924
9753
4038
2874
4809
125409
4005
5697
3531
5508
7743
11529
3258
158988
64302
22884
4419
2433
29199
4575
30864
1920
99225
26412
2637
303900
1914
151230
3276
3663
4110
37665
210006
4314
7704
3810
90726
19470
1713
107664
18096
41574
69972
123867
197574
193539
14298
2997
275088
5328
4596
3534
38367
3684
93867
51549
3285
271158
5193
107460
2544
29388
2718
37578
24207
5244
4635
6765
18354
20445
2082
1152
49146
2310
4938
11205
163416
6603
109890
6282
454407
2370
99144
40353
4542
3429
93159
100500
3465
158346
13272
4368
3882
116274
3354
3825
5934
3615
20268
43884
4080
133908
106440
102957
99537
70518
1704
4398
247962
2073
1902
4611
6069
361080
104301
4647
190416
2211
3105
3111
1701
58623
3486
3288
86544
121119
77235
4215
51450
29505
115176
7629
53940
7218
492138
212982
3360
96576
349662
81249
3945
84618
1557
299697
2799
117081
7725
3996
1839
253320
27522
183084
3840
4644
2622
36330
9453
277872
4401
95415
3936
2067
116361
49329
77592
96096
5169
24933
4032
20430
3057
132183
4965
3456
4770
1173
5685
58170
132585
39003
2292
4233
155751
3927
36573
166341
4581
2781
7737
3720
89196
3579
33708
1560
109353
3141
143952
723066
70716
3501
5364
4995
2091
2763
3450
124971
1740
67548
216645
236130
54105
4218
2481
1590
60630
4560
185610
57969
150168
39369
4689
258495
4539
93879
9222
4350
95748
1932
1887
7824
80388
1932
5046
1291374
36282
995445
202323
129339
3000
3795
3858
2757
2664
135342
7026
6150
3051
2514
53787
6765
3390
17820
4410
88128
87348
1809
178284
2253
40374
10572
73929
30330
1941
5859
6525
37848
5916
3171
3882
322695
3870
1746
7026
10773
90702
4818
9033
2991
3573
3582
123213
3270
2016
1974
7257
6420
2262
32697
111066
157515
3468
9162
4074
3312
3318
3783
3786
5919
1752
2157
5670
63342
27285
5259
251205
82986
1581
11640
337263
3975
2250
3252
8181
22251
41268
2964
7449
179967
66108
5391
3528
5022
136527
141948
2844
105711
56616
2037
17196
158292
39972
29427
3897
22410
319374
3789
2931
144333
28545
2193
4326
3528
39225
87519
3513
4953
125922
117870
1812
25599
996
116631
25851
6825
152730
3696
5757
2268
6699
12558
1530
11091
4962
54987
54681
265938
1827
59742
109302
41334
6036
121443
1446
6291
5805
2649
4599
37638
1695
5487
4530
4902
3441
380958
56058
393312
1680
5262
5841
137868
1038
23943
2175
87648
48072
1191
3498
2097
2064
28272
1938
33183
103959
1542
85560
2253
2061
4803
112272
61578
5403
105978
3141
7950
4623
3249
52617
6333
3981
2250
4164
1167
14925
3666
1656
48486
14121
165987
108303
39432
4746
27873
2808
95718
6540
59640
4113
14091
44394
69822
4008
8118
4095
1332
8514
156342
76104
4452
2544
106506
262773
25782
22167
4554
198159
3015
117633
2814
7101
5562
2385
4794
12276
7377
4173
60225
167241
94860
157389
5205
50313
117162
83811
3417
20100
3210
6903
290160
20601
3180
110739
7311
3546
229290
2379
3675
4203
288114
86178
196347
128619
104541
7164
4800
3372
2901
8313
3528
3015
73416
1926
2544
3630
97158
1860
1962
2568
32547
612
3270
5364
1836
2910
2298
447
1833
2973
1176
1734
91188
2673
3615
2601
1812
2742
1179
99504
151467
1713
1836
3276
59817
2271
2001
261
2136
43581
1596
189732
3813
5352
1872
2418
1674
2055
3702
1596
2619
1869
279594
1410
1602
1446
1653
1476
19866
4602
1545
1554
3267
1323
2346
2586
3756
3279
1743
1176
103992
457947
1473
2154
1767
2232
3105
2787
2418
2682
18447
756
1821
1566
1770
27927
4809
1296
2361
579
252975
1683
2826
1677
3180
3450
2658
2136
1914
1812
1947
3471
2187
107235
1404
2850
2943
2505
3102
2658
1305
33459
2811
134874
2460
2136
1785
1728
2094
67476
1377
169158
231
3261
2151
1071
3792
1137
1251
1443
4401
1632
945
64206
3132
1488
909
3984
1836
3015
2229
1569
4092
6054
2850
1548
5136
2031
2712
2187
92553
1299
5076
53925
3627
3135
2346
1305
1326
2025
1182
53631
2874
1887
1305
3138
2706
1452
1527
1554
963
1719
4554
20019
49299
1962
1215
1956
2049
1539
1446
159810
2226
2412
1590
1440
3696
2016
2589
1374
1413
3534
56859
1251
2913
2406
15360
2826
2244
1071
1758
2517
3597
1611
2706
2790
2604
1869
1629
3663
1608
3243
1674
1092
1800
1848
2877
2265
1443
5991
1860
2307
1905
2106
1098
1662
1437
1767
2628
6303
897
2118
2853
2928
1842
2112
1413
4755
3315
254478
2916
1623
2187
2739
2058
3051
2802
1332
1065
918
4560
20835
2049
1092
2616
3240
777
1578
2361
1563
2271
1848
2844
2370
120066
3060
3483
1176
1863
2568
3309
1977
1296
4515
1734
1866
51918
40422
116484
2685
2511
30705
388734
1431
1428
2352
2175
359424
3420
22533
2190
2517
1464
1866
182892
20439
1593
97071
1815
1002
21741
507657
1884
2355
100023
1665
3186
1590
1452
1872
2040
810
22536
1377
42699
1203
2820
63546
12066
2211
1008
28278
3597
29736
1881
36357
891
4644
3036
1812
1338
9198
2403
2607
993
1071
1446
2085
2847
2142
5046
4074
2475
3060
2163
1548
2397
4962
2835
3576
24741
2736
2115
2556
1695
2490
1485
2070
2274
2712
1866
2220
1923
1113
2688
3069
3348
966
4878
1158
2187
1221
2169
1824
3771
1347
1998
1815
92619
2661
4020
1482
3642
1755
2235
14031
2283
142596
2298
1605
47277
903
1197
984
2004
1380
1485
4329
1935
1365
3768
9111
1494
3789
61206
2385
40065
2628
68499
1629
3900
2496
390
2856
2163
4968
1110
2169
2238
1821
174978
1773
4539
2829
954
40359
1938
2319
2445
1707
3492
3615
246
2130
999
2157
3225
1713
2670
2004
1344
2199
1617
1629
1257
66927
2433
975
1962
924
1380
1665
879
1827
16959
1950
66429
98295
756
136299
1983
2658
15711
3705
13680
1533
65652
1284
1677
5796
1626
391407
1716
2142
69960
1725
1335
1683
109905
810
1986
2394
1728
1608
1593
1278
2307
1863
1608
2733
2079
1197
2778
686646
211350
2154
2667
906
2214
909
924
11070
2625
1482
103401
1755
44550
2775
2640
1749
1800
1770
930
55671
1071
3546
897
1335
2985
2334
2436
2652
2376
756
2331
1716
1263
2964
2598
1086
2133
2049
3138
2613
2298
1047
672
2622
2784
279
1509
35994
245133
2076
2892
2313
2841
19299
3303
3741
156171
1254
1638
1566
1587
1119
51918
202875
1368
51771
2886
1833
1806
2874
1494
1389
1956
2772
2313
1716
2448
2778
1236
1632
2196
2289
3555
2277
2427
1971
2976
63168
1392
1623
1239
2046
1296
2007
2487
1350
25926
1554
1545
2043
2304
1023
3036
4191
1581
2001
1914
2262
2115
13071
1455
36123
2283
1890
2055
97338
4116
1743
1386
2034
3333
2247
2517
1290
49956
855
2292
2550
19761
2910
2658
3153
2598
2298
1611
2526
1872
1089
5283
1617
2058
2577
2199
2325
1905
1878
1899
2241
3954
1782
151533
3336
372
71394
1962
1149
3099
1674
2598
2508
1764
4296
1050
255
2265
3312
1059
52629
1503
1380
16941
2793
2211
1314
2580
1128
175971
2073
1956
1536
1992
2568
1527
3402
3138
1368
2535
719832
2859
2064
33666
2790
2097
46791
2097
1233
4227
1839
3243
1623
2247
23670
1329
2133
2373
14874
44895
5016
2031
1887
2283
3057
2184
1515
127824
2625
2076
128049
2193
1926
1200
1575
1821
1998
2526
2391
1854
116286
2649
214137
1572
1095
91125
2244
2124
1443
969
2565
1419
1779
1224
40350
4185
3561
843
729
1389
948
5094
2250
1509
1476
210645
1212
292197
1080
1914
4176
1761
106857
2922
48774
2001
1179
3093
4122
2571
7458
1593
2622
1965
2565
2034
1668
1929
2187
1239
1548
1413
1428
321
3165
3462
2418
107268
2001
1632
2148
3348
2304
6861
1416
1923
4377
3897
969
1929
2652
2514
31323
1533
1578
5103
1263
121551
2526
2661
1707
1173
918
261
1866
2142
1548
3228
1302
82545
3009
20991
2976
1389
2706
2043
1179
1605
1224
2370
2160
2067
18753
1074
2382
3648
258
1731
38364
31908
7407
51561
1791
2139
1611
1140
2217
2508
2808
1296
3324
2304
3555
12087
1566
1695
2466
1392
2001
1305
3516
1449
188847
3036
515097
1395
3333
1407
3804
1530
1518
1131
2727
3633
1521
1473
1617
1185
2556
3972
2982
3219
1824
1704
1758
1101
1212
1836
1332
3246
2313
2544
1953
2256
1080
2106
1551
2940
72072
1419
1812
32103
2427
2355
2460
1305
3030
969
2946
19206
2307
2727
336588
2916
3687
2037
273288
1272
2919
1422
4083
2949
1443
2556
2742
3141
58824
47544
2001
17724
1842
870
945
14742
1263
3732
3324
4290
2433
35754
3132
1599
2538
81378
1416
1947
3609
1683
1191
7263
61398
1980
2532
41388
8232
31191
2097
1332
2010
2184
3666
2562
2400
1710
1335
1911
1368
2799
5154
2406
1401
2772
1458
1857
18582
1791
885
1497
4290
2454
3747
897
1563
1548
2112
1383
1008
2226
987
2535
1038
879
1956
1614
3912
3636
1392
1563
1482
1887
1446
1614
110679
2037
1038
302025
1368
2493
1767
1956
2061
1494
1431
1161
1896
4566
1704
3150
3012
2763
243
1374
1893
147573
1863
1719
1548
1800
438846
1428
245388
1899
1824
