3ff:0:0:0:0:0:0:0:0:0:0:0:0:0:0:0: (total 10)
0 1 2 Thread 0 going to cpu 0
Thread 1 going to cpu 1
3 Thread 2 going to cpu 2
4 going to barrier (cpu 0)
going to barrier (cpu 2)
going to barrier (cpu 1)
Thread 3 going to cpu 3
going to barrier (cpu 3)
5 6 Thread 4 going to cpu 4
going to barrier (cpu 4)
7 Thread 5 going to cpu 5
Thread 6 going to cpu 6
going to barrier (cpu 6)
8 Thread 7 going to cpu 7
going to barrier (cpu 7)
9 Thread 8 going to cpu 8
going to barrier (cpu 8)
Thread 9 going to cpu 9
going to barrier (cpu 9)

cpu 10 cur 10
STARTING...
going to barrier (cpu 5)
STOPPING...
Duration      : 10000 (ms)
Acquisitions  : 10695874
