3f3f:0:0:0:0:0:0:0:0:0:0:0:0:0:0:0: (total 12)
0 1 2 Thread 1 going to cpu 1
Thread 0 going to cpu 0
3 Thread 2 going to cpu 2
4 Thread 3 going to cpu 3
going to barrier (cpu 0)
going to barrier (cpu 1)
going to barrier (cpu 2)
going to barrier (cpu 3)
5 Thread 4 going to cpu 4
8 Thread 5 going to cpu 5
9 Thread 6 going to cpu 8
going to barrier (cpu 8)
going to barrier (cpu 5)
10 Thread 7 going to cpu 9
11 Thread 8 going to cpu 10
going to barrier (cpu 9)
going to barrier (cpu 10)
12 Thread 9 going to cpu 11
going to barrier (cpu 11)
13 Thread 10 going to cpu 12
going to barrier (cpu 12)
Thread 11 going to cpu 13
going to barrier (cpu 13)

cpu 12 cur 12
STARTING...
going to barrier (cpu 4)
STOPPING...
Duration      : 10000 (ms)
Acquisitions  : 12403175
2130
3627
38082
879
2418
60201
1623
1464
1863
960
1284
3351
1278
300
2040
2565
2028
75360
3090
2715
966
1515
750
2616
41388
4830
1089
1728
2844
882
1521
2091
1578
2208
1401
1542
1689
25779
20568
2754
1218
2070
2847
202221
1593
2832
3327
1494
120678
1092
3918
95097
1419
1734
1599
1398
972
116004
768
792
2478
1095
1842
14514
2352
1644
37128
2184
3138
1764
1893
1878
2373
4164
1461
1770
1425
41460
1128
2145
2274
855
177582
3573
142926
16479
14418
1554
29568
2019
64470
1155
1971
31161
1995
1707
3039
3339
2622
1809
1128
1116
1932
1773
44247
28296
4086
156480
3645
1641
3069
1500
2532
1557
1263
1014
1458
2481
3222
1836
3720
2475
2022
2055
1827
2868
2706
1008
151059
55152
1896
1461
13647
1332
37746
19224
3675
2991
164322
2382
10896
2253
20634
1569
12387
2658
804
22956
11073
3054
2520
48261
1974
1770
1956
3528
2718
154794
121119
1944
1074
1458
3015
1017
130959
3528
2670
89736
17664
2334
1206
28497
2523
1506
1017
42114
2325
158502
2118
3162
1722
178602
33666
6147
2064
2487
37362
1677
2034
4152
2163
1269
2910
1539
2697
1386
1713
2640
2043
1182
1323
2661
1629
1857
1683
2544
3936
873
26310
53757
17163
14823
4287
2580
105975
2385
3207
28242
3594
1146
84897
160200
13386
1635
1539
2586
3627
1098
4017
3114
2877
1239
213474
2391
3600
1296
54222
1092
2310
40410
2271
2346
2205
2628
2793
1758
1044
1818
37536
79764
1371
2859
1635
2004
372900
1008
6060
1245
3894
1686
98469
2349
55782
2724
1335
1671
390
2715
2943
2541
96192
1077
1722
309
116088
3879
1464
1620
2421
2289
38079
71610
2166
2493
603
61269
1665
1143
1515
1806
2118
2601
1695
58128
1293
1512
1956
1809
1557
2130
1332
1842
1905
24750
1572
360
1671
10521
113919
2277
1815
1689
17565
1788
1683
2835
3102
24219
4818
67284
2100
9018
5904
1896
1827
2946
2322
1275
1764
2922
1785
147756
942
1302
38664
1386
1158
843
1713
11115
4689
2361
2517
41658
1215
2082
1815
1488
2871
1911
14679
42273
3216
2649
1773
1746
1938
1683
71877
8244
2259
81327
2214
392265
18513
2478
26706
2058
2559
2556
3384
3249
4836
3144
2859
121305
1788
1815
1605
1167
2124
1929
927
97425
314319
2259
29139
3738
94440
2085
2883
47163
2490
1731
2214
801
2250
85185
3183
3102
16065
3321
2340
1026
3141
84798
975
1452
2838
1332
2229
918
1113
1608
2385
1719
1572
1809
849
1461
2448
1611
7365
1185
58257
14148
1962
35388
19101
1353
157077
1989
3042
2235
1596
1713
1572
3369
3267
2694
1800
3291
2328
2565
1872
1611
1491
2319
2286
2241
5610
1143
5304
2214
20691
2925
2328
3522
39285
4143
2208
1239
2178
25770
2085
1752
1977
828
3372
1554
21201
18561
2700
2823
1365
4329
1260
1944
186942
26061
2085
762
1302
2583
738
1050
2148
1314
289824
1974
1449
7230
4803
1740
2631
1632
2499
1317
2997
1329
2121
2073
1299
1758
80148
1968
1095
1437
2283
10827
1539
54390
1029
2070
60363
144648
109293
46857
52659
2565
41895
1200
2697
1683
34389
1614
54036
1821
2559
2079
66051
1767
4437
2241
1467
116229
2403
1716
2469
2049
1551
1272
44490
1092
1308
897
21090
2799
2265
2406
2028
88374
65325
1233
1413
2538
3096
1758
1437
1422
1578
64452
1530
2661
1716
2007
1722
71835
1752
1281
2337
2382
2376
1455
1674
34992
2751
46953
1908
2250
48450
903
55944
83607
1887
3054
1056
270
39471
3486
909
2463
786
1998
1503
3882
13887
33096
2091
1380
98574
55074
3066
1593
10071
1773
2754
1884
2442
4305
53103
2475
1746
2082
93351
1578
1377
2409
1572
1614
1752
49884
1449
43779
2703
2064
1416
8400
102291
1464
1965
1062
2436
2790
276
2856
795
807
37596
2235
1818
1953
507
63498
2649
1872
64650
36750
219
2391
927
1425
2457
1374
2874
3051
2070
978
65274
1284
6606
2304
116646
1704
2832
1392
3012
2304
1719
2496
24762
2094
239103
2832
1740
211494
2316
1464
78708
2037
2247
2115
1677
25887
2772
3057
2412
2895
1659
1017
52158
1281
58215
2181
1428
1944
9240
1758
2562
1086
1995
1515
11943
1329
2643
3213
2757
2244
1203
2022
3315
2151
2409
2220
2361
1419
1137
2556
1881
1470
2238
1719
2178
74844
1686
2313
4272
207630
12054
3270
1950
1617
1629
42963
744
927
1200
1263
285642
94329
2040
2106
2241
1620
79020
48036
71877
2706
2613
1902
2511
1542
24315
1389
4410
2340
2523
2403
1542
1410
1452
1815
1404
170361
2319
4419
1293
1467
19230
2400
1401
64872
2079
2208
2430
2928
2994
12276
1884
139128
1446
13032
75492
3174
3156
3036
2559
3189
1620
2181
1377
1302
2583
3726
1320
1911
1746
2058
7968
2091
2112
2613
2151
36228
2025
3000
297
3087
1335
2355
1428
59247
2604
1749
1401
136386
2775
1680
152010
1989
1965
846
2661
1224
295968
1041
2058
3396
1944
201
1344
3168
1251
1803
1986
1020
1977
77565
843
1065
1674
960
3756
1380
2316
1722
3105
38370
1482
2736
1806
12147
3918
6813
3243
60576
1818
1398
1059
1566
2856
45651
2928
1422
1653
3246
1632
2778
2712
61200
2268
2313
1509
3057
2067
3093
2670
1800
1830
1848
2031
2634
38565
1794
1080
1695
4026
1521
1980
3507
1332
2544
2511
1299
1320
227430
1740
1503
1536
1953
1041
1665
945
1914
15867
1419
2490
2196
2349
2463
68700
112467
2043
777
1131
2229
1833
2304
2481
1545
1254
2235
1335
843
1593
19203
1695
1791
1896
1509
2601
105846
3444
48129
1848
89325
113136
2043
2766
396
4650
129603
1593
2367
1926
64950
1722
846
1518
2118
2115
1947
669
2271
1002
3492
2541
837
26511
1848
2562
990
2901
60876
1803
915
1011
1545
2331
2250
5481
17778
984
2985
1671
1980
16605
1428
1338
26490
1563
2850
2799
1692
1011
1953
1956
1047
1026
2418
54786
2031
1620
1695
2940
1158
1920
579
1551
37563
40239
2739
29433
1623
876
1173
1683
1047
131631
1065
301992
87513
1083
2292
19614
1968
38784
1599
45027
2073
37611
41781
768
3024
2439
1719
1404
219
2424
131997
2046
3117
1716
2778
1773
60966
3153
1914
318
1458
1026
1020
3228
3828
50850
1719
55707
1929
1914
2118
2184
1863
25065
49134
119814
1830
10524
4242
30927
3369
1809
1629
57882
29580
2613
1176
1803
1479
4254
7329
97707
3141
1326
54141
1668
1068
1656
2625
27435
1752
1446
96924
2811
1575
31554
2772
1512
1857
2292
1950
1767
4404
1533
39312
1299
3273
2067
2190
1512
1659
975
142449
1248
1665
1998
993
1599
5211
4035
2307
1815
2793
3513
2016
2271
1905
172521
1896
1593
1260
1059
67524
1605
4218
2391
3372
3024
4899
11184
98046
837
12033
1392
158307
1392
1842
2127
1245
2271
26781
2931
1461
94302
3300
2763
1845
57636
1293
1707
1944
1491
27612
3078
1581
900
1791
156702
1167
2064
1221
72198
2190
2343
37092
7584
1344
265650
1629
2163
2262
2055
2100
2028
280746
486
1401
2091
11118
32673
1377
1467
4203
2379
879
2820
3807
59643
45195
7014
14292
1305
1899
1362
1929
2274
2070
1248
16821
41856
22806
3030
1584
1200
3387
90822
1905
1314
10119
4104
28179
1602
1944
1947
2892
2100
21759
1371
2073
2973
1347
2202
1761
142899
48549
2451
4842
2079
76998
933
4698
2262
2082
1878
2562
3126
2349
1992
3033
93732
2982
7092
128844
1713
2859
1848
2775
1287
3399
2724
2109
46200
3138
2277
22332
1116
1269
2139
1446
1707
4287
2328
2592
1086
3270
771
1467
235044
1638
2502
2088
3114
27345
2031
954
3285
70356
2034
1962
1575
1848
861
52533
164106
2202
1530
2544
1509
125466
1737
3258
1512
672
1785
96864
2007
2025
1608
13674
58599
1971
75249
1746
1449
4032
1845
1422
28515
2187
1890
2229
31872
2535
3369
2373
56121
1317
1500
2412
1776
2292
1014
3123
2097
1746
1785
2739
6330
31176
38616
60390
2661
1656
2631
3024
150432
1542
1770
2079
1569
2685
801
1995
58494
1518
129474
2124
11460
3633
1227
3726
1020
2373
181107
1605
2559
2739
96510
369
1872
1626
2739
1785
2292
1800
5073
2256
2040
1140
5574
22701
3189
24927
2148
2652
2448
1725
4608
167814
1908
213477
2202
2490
2586
2565
3210
2277
2166
879
2739
2124
1905
2034
1563
3030
894
2232
1320
2592
1878
112386
55863
2175
1827
2580
429
2145
1560
35757
1257
4665
101700
1974
1974
7683
2529
1377
2499
1869
1251
1878
2970
4074
3285
99516
1614
906
1263
30114
1653
1803
1569
59943
1401
1611
867
112155
852
68334
3258
2817
175170
2850
1893
2883
15693
1683
3465
126036
60591
7593
2049
2097
924
56229
2583
3768
22830
924
3105
1605
1125
5907
1977
1734
32985
1974
930
43245
2232
2085
1956
2064
3549
1611
47769
1302
1647
47961
3549
2067
2562
22011
2334
2328
1716
2589
849
2973
1593
12051
1602
2424
23694
1677
1410
8337
1833
3330
2487
3189
4545
30894
1503
1299
1968
1569
1287
921
2013
1899
1023
2538
1191
2310
3390
2859
328386
1770
27270
7980
4590
2016
2214
29634
978
3033
139980
1782
26880
1677
2286
3402
29058
1242
1479
3276
43509
1650
90372
2151
3027
3678
1959
1515
215748
888
3171
2700
1191
2841
894
2190
3198
1626
2025
2754
1032
3534
3075
2751
2460
3372
35082
142674
3336
1338
2049
4140
54963
1221
36219
1896
2136
52458
43755
2154
213
2001
2010
2319
1755
2412
2850
151884
3339
8580
3411
1905
1896
1641
97776
1344
1548
3603
1458
1947
1377
1926
2001
1914
1272
2286
1089
1848
98943
1935
2592
1953
1167
2835
225
2829
1563
1221
1746
1779
43254
2049
153351
2670
1395
1596
54915
64983
55917
2247
1695
3333
1926
1596
1563
12816
4347
1701
2142
1095
999
1374
2118
1167
6039
128268
80430
987
2067
3927
61653
2823
1197
66696
1239
285
3537
3315
1590
1485
3294
51843
1698
1332
1542
1788
1476
3588
186681
1344
1914
1026
99291
2262
2595
318
2739
2994
3459
45267
1479
1278
13191
1587
3879
1359
3003
5589
1662
2148
2280
2262
861
73686
1311
1800
2511
1761
1695
843
4206
1983
2124
3540
1758
2010
6885
2805
2175
1731
1056
2373
30042
11622
1089
52974
3933
816
14460
1278
3594
48957
2007
2856
2379
1791
1788
89517
1281
1791
1464
2316
1794
1050
2802
2700
60465
199536
834
834
1026
4260
2202
1998
1992
3294
31638
2076
1713
33978
3003
3330
2250
1242
864
1077
2799
1185
1590
1620
2640
2955
2124
1518
2505
2589
1572
1020
1812
1467
18162
1293
1800
2175
51918
1755
1248
1704
2175
1473
2274
2046
1209
102792
2112
1065
2136
867
68292
3537
1947
35133
3447
1212
921
60450
3660
46464
1668
969
83193
1818
2913
1953
27429
2115
18885
3111
1605
15336
125517
47889
1413
1398
4491
16932
189450
8937
1851
1695
132051
58320
1767
2160
18495
2265
5343
981
2172
1911
10803
903
2718
330
2088
3198
1449
1974
2307
2589
4443
3006
1161
1656
129414
2202
1797
1977
118554
2070
4464
61701
11241
1359
1323
1485
2310
1308
1608
2898
2586
6276
3387
2529
1470
9567
145365
2874
43542
111537
2919
3090
3420
1449
65754
14532
61992
2691
1638
1572
3795
17481
1404
1458
94962
1839
12462
2988
12795
1872
2661
74385
1998
153834
1758
2616
2304
1293
2043
936
1017
1782
1998
2094
46773
24765
100335
2289
2106
1827
2418
3045
1725
2481
1560
1902
1998
4383
153423
2325
1920
2625
2469
2475
1104
3591
1608
2034
36651
1197
1518
2085
1068
1536
2253
1617
1680
2052
23988
3285
2547
3192
113856
1047
4164
1941
1302
2313
1929
28629
1245
33024
1824
35214
3531
1116
2415
1938
1662
5487
47568
86268
8793
1125
1980
2379
3192
108117
3423
1344
2826
61059
1356
1929
1614
3054
17433
22875
3165
69441
1443
113511
2496
122904
2472
1125
3513
1746
85653
31482
1848
2712
7305
1407
2028
2133
4110
2805
2034
1749
1506
16032
4611
2823
2628
1395
2097
1602
2538
1881
2253
1611
1929
1218
2445
1908
3195
1677
9888
1968
1311
1449
2364
3870
19716
1038
2028
2532
13065
1143
2526
14262
3903
531
44562
1959
2844
1239
1494
2328
29685
1182
2217
3126
2859
1569
4617
3159
1539
2358
133044
948
5568
1614
3372
2190
28920
15519
70185
2859
4557
3228
4338
24834
3786
4353
2586
304428
2802
116862
7242
205548
5157
3192
7776
22887
7731
58554
5007
32208
12132
13566
145365
97146
4941
28200
2793
7758
25857
33342
19341
1947
2979
19554
14121
45999
3240
3501
17781
2670
294153
133335
59610
96216
1110
12552
94266
1431
21525
68820
3552
7275
141102
2463
60504
2763
103668
1920
4305
4758
4941
28590
2607
2241
176322
12579
4365
3021
1989
5259
86247
32232
84837
3867
22383
5073
7974
1767
3963
28299
106173
4413
179943
3333
1824
20760
2097
2775
4470
2190
126306
4821
104223
112419
2616
30870
6570
4224
119130
5853
44376
3093
48870
6348
163632
2868
25485
18561
2841
179607
58803
130440
109476
5292
2679
5391
4587
1851
2601
4455
23799
57687
1503
5058
8190
3483
3018
10440
6918
2397
110394
4506
3309
43944
5715
2529
5496
3252
46596
3384
3747
17715
1902
66861
1725
3075
56211
9186
2034
3594
98076
4281
1641
3288
16050
2628
8715
140943
6690
2706
12639
120429
3006
83640
31299
3861
3450
14616
56235
64914
155712
1917
1476
4758
1623
6966
2949
3144
78789
7308
89634
1509
1032
88089
7170
9345
57864
7734
4164
1554
44367
38817
73164
170367
2067
3906
10887
6000
75405
4056
75762
99456
344226
18336
19047
148365
3378
8013
37107
2580
3339
88698
984
12354
38184
2760
4401
99225
46410
97425
44469
2337
63603
18012
2313
92205
48900
67224
1584
6252
3714
183723
2118
3810
6624
56325
4326
4095
2541
5115
13566
1878
4326
18642
65028
2208
2856
1296
2508
2724
11289
8268
3927
85725
2997
1956
45498
4818
23958
3069
112548
1827
4803
234639
4629
2343
4197
4584
4791
5316
6624
12354
205509
4281
8808
3165
3747
143787
119895
7098
4182
305184
6816
3114
17901
3339
4881
103293
4494
2682
2541
121254
1647
121572
9732
3396
4263
4425
3105
3228
9300
63378
2880
5406
87399
4509
4194
52836
5559
2775
3447
2475
1674
116436
5775
4809
97554
91362
95277
2205
3189
4221
6882
3648
2604
228189
3114
2142
152811
123330
1584
3591
50844
138588
221700
3723
84336
5550
116175
151629
2199
72135
3978
9177
1461
23766
4896
160692
49668
6561
2271
1320
4995
30837
3909
4065
4602
5418
2319
163398
5409
152388
102453
45603
4296
16629
11820
136227
2481
2433
1683
2109
38448
192237
6666
131067
83787
1488
57798
33984
75519
193314
2688
36648
2754
3828
15813
58698
5193
77454
14178
83427
37422
2751
65523
2430
17922
160410
151572
235005
3063
15843
107082
2334
54864
1335
2151
32319
152229
51615
5898
5052
14364
2187
5025
7419
10302
109893
1062
20493
2436
70941
45354
2850
6102
47421
121029
98193
9483
2721
38256
36450
2313
76716
108453
14571
4734
13650
2451
4344
42138
2991
6609
1656
2754
407079
3786
3915
189036
2601
4455
5562
119340
275817
4788
2124
2091
1251
92922
4209
55875
80325
181344
4683
120531
5211
3027
8991
89601
3030
9882
3654
2151
18042
66327
16845
196650
75768
1137
6081
5793
15879
2031
34467
120180
2415
3060
5970
285138
2373
4641
2481
146889
2772
10842
209766
3876
2076
3213
209550
25800
1896
6204
155664
7539
5748
24588
16701
18180
11865
44274
3954
134274
1689
1035
74787
3945
3120
22386
2247
1944
4407
113118
4818
2145
2364
10770
4014
35244
37278
1743
19848
233046
2709
142569
3228
3348
195258
5706
210405
6612
4950
15537
6909
67788
38673
4863
3852
17739
34374
97878
2367
11439
2817
1869
3135
56091
1575
2205
2913
4590
7137
113874
3141
43020
3444
3477
2583
43614
8817
72006
23685
4017
2262
3915
127041
13755
1872
10383
3972
7737
2646
3264
62697
7797
2091
316548
183465
20370
32331
2811
12045
2952
4122
4692
68697
30474
122067
13638
11148
5376
130149
51291
231249
2613
77142
2877
1182
3156
114456
48132
5577
86304
119052
27327
2898
45681
4743
125091
2289
4602
4680
2796
2211
4191
35358
52698
273594
4278
74805
1884
10014
4509
2478
5052
20865
31809
80454
43716
30819
255909
8541
3384
3387
57357
4269
172866
4311
3774
72120
2688
2598
81801
4479
2574
4710
321306
4077
73134
4182
9795
13269
34221
5808
5400
22764
3960
5061
1899
2175
5169
15324
143610
4170
33393
4578
80532
39384
6666
4929
5229
4389
3627
7077
3909
70494
42123
16227
15354
111033
3069
85503
284364
2082
1899
4185
2715
264690
3372
3819
56577
517893
19512
6900
3612
5586
2268
15450
3777
4014
3960
17532
146274
73767
3189
2919
111288
6342
2745
34122
2229
28089
22071
16917
3570
2424
152544
3927
825
225891
3312
1620
2349
2286
18597
1920
3063
3474
1896
1827
34365
1995
2106
24801
50250
2664
4062
3564
36030
2367
3366
61362
47781
3231
35925
1899
2664
32091
43719
1860
50532
4446
77157
3531
3834
2544
2853
2613
2052
53388
3489
9174
80583
3048
39927
117663
85317
1737
3246
30381
3087
3648
235152
1377
3483
3372
3486
1722
2361
2499
33618
134721
59052
155157
34791
3420
7326
4425
93150
1746
2523
3654
1284
2229
2436
1842
2841
153837
13143
73638
22803
2589
33423
15663
3201
2979
3915
2430
32154
2955
170823
3579
4413
2928
1917
3066
3789
3246
108315
1998
4623
364227
44094
1530
2559
2382
2379
56037
126873
218517
2688
29490
76176
440481
86031
3165
2553
3351
1602
41385
2745
102465
2682
3516
40863
2631
2550
6486
3207
2415
157449
1338
2193
14682
2376
2886
3828
1740
5913
1620
32880
2949
1056
61260
3534
4470
41490
21516
3063
2094
3600
51000
18615
148335
89544
91458
3036
2904
2364
2154
3633
3861
207093
4974
5787
2574
9399
4533
7206
3738
1209
8937
17346
2970
2721
41157
4386
20592
2454
2319
59772
5295
3741
55332
5403
87642
32943
1617
10326
5130
49194
25992
117516
66483
4464
3501
42417
3942
20658
157239
4947
37950
151521
4599
96753
125535
4887
36798
85239
6870
145194
6339
18339
241683
72720
14130
39645
437667
10083
117525
3468
3864
132030
3390
19722
51996
38037
1836
25056
24177
36012
2700
185133
68523
22335
2301
117765
26526
296814
3486
90060
2394
73896
7056
3906
5907
67131
70302
13989
2700
4743
11856
55083
2799
6951
10722
4392
6252
59976
77724
6027
4233
1740
19980
3921
2391
4176
15663
4755
106737
4089
2595
4308
5886
2313
57999
265398
153390
5502
87057
1617
58836
65769
34053
222822
22047
2628
15837
1827
1479
13866
3561
1281
3726
17205
2658
137706
1179
1917
390
3423
1953
2676
33465
20475
25932
1722
837
5748
2355
1188
73683
1038
2655
24285
2568
2427
3339
202500
4143
24123
171867
2076
1656
17649
1968
2034
1872
85035
1674
55584
2616
2892
2325
2304
1302
29577
3993
41082
30579
1878
2652
1929
2301
62841
125355
11982
1920
3849
148743
3057
2115
21573
2019
3375
2343
1974
1878
2292
2748
30639
1296
1155
2334
2994
2826
1152
1110
14475
99612
1449
96489
1437
1722
1911
60084
2190
1818
9285
1869
1716
1842
1287
111981
1518
3828
2157
1191
1521
1824
1011
2676
1833
3003
2268
1983
2370
35868
2211
207108
2259
1785
2820
4788
2340
1953
47103
44247
5109
3549
2859
2154
1698
79977
1839
58902
2796
1728
2091
1806
3720
2544
2577
3603
19170
1755
4152
1125
146976
37179
1296
2109
12153
112506
129726
2043
1596
99561
2649
1932
1377
4401
1953
1443
2916
1563
2094
2178
3474
3060
3945
157437
3072
1848
1965
2325
18084
2220
3840
33492
2202
64575
80586
1986
2529
2760
1833
1710
1095
1281
2004
2697
3420
2949
1395
2598
2709
31980
53439
1524
2817
1059
1413
2550
31695
2652
1998
1839
2280
2265
1158
1422
18411
53850
2274
14721
1566
112002
3519
2424
37134
1119
2226
1299
1977
30432
1419
2667
1131
2826
3417
75870
39456
129501
2379
11802
2127
3792
38769
2145
2271
1290
2352
1752
2400
2700
2871
109083
2664
1986
1722
2124
2277
3255
2625
2850
104958
3225
4581
2871
2541
2712
2340
2739
3855
2178
1362
142716
30666
1731
1350
1212
984
2634
52335
2178
63687
2805
966
1950
2088
3261
960
2058
1287
21138
1854
276993
83943
1803
2310
3213
2178
1848
2322
1653
8514
2112
2157
1428
1548
16779
1320
987
55176
50967
10437
816
1662
119694
2262
2139
2376
1599
2109
37539
1563
92880
1536
1299
8793
2559
2040
26709
1713
2217
2535
1269
1107
1302
3813
2961
18987
90678
81300
372
20856
3708
1875
2892
1398
1152
2106
90057
1293
3447
56898
20709
113148
6168
2127
2544
46191
1338
2274
3012
126348
1281
1785
1188
14931
69585
2505
1413
2454
35604
2847
61848
1509
2418
1710
2046
1518
2466
1197
2070
91278
2541
2241
1299
1275
1401
1878
3318
1695
2928
2049
1881
2313
2409
1440
1332
62664
220464
152388
1542
26292
35964
2382
12969
1653
1332
1578
374682
1203
1512
1194
1026
1386
26724
1383
1479
1395
2904
1806
3060
2787
1737
93135
39126
918
1425
1938
2562
1647
3027
2295
1422
72594
3648
3126
942
39750
1878
1584
58575
2229
1494
1911
21987
2352
2145
3189
3576
54597
207630
1593
1611
10467
1032
3213
2808
104517
1194
1539
2562
1761
3423
3024
2994
1506
7020
31293
2127
4056
2388
1269
1566
1860
2670
1788
4638
2226
2535
2067
143403
3054
1692
2349
1623
48216
984
2916
3069
1146
2829
17826
1557
1833
2793
74586
2100
1581
1089
18369
1671
1566
3297
2118
1548
21873
69705
12024
2289
3846
28083
2433
1485
1365
242163
2145
2568
96771
969
114255
3312
2733
1842
7965
1644
59853
2019
1992
2844
969
66066
2319
2088
3948
1578
23337
2889
2778
130866
2517
1971
1872
207528
3645
75414
1485
1617
29931
3045
2106
2511
5259
2517
3543
1641
1380
2505
1278
4527
1644
1596
3642
3870
1590
1476
1623
1092
2703
840
32784
1752
2376
3123
1566
1203
1005
2388
3930
1623
1701
1398
1200
2235
16422
2865
48027
1878
1848
894
2451
2877
87747
1833
15999
1275
1959
1581
3756
2736
1374
2670
1227
1515
34170
19557
2637
2031
22470
1035
2367
2910
1878
3528
1716
31035
3339
2019
1830
1524
3777
1482
2319
45153
1593
1665
1416
2805
11232
2277
197124
1347
27387
14841
2805
5055
1470
1866
3897
1521
2184
15603
23016
31347
21948
83511
2139
1176
5286
3579
77853
2853
2271
1932
25701
1929
2718
2301
2352
233268
672
1779
2022
32457
3216
282243
2667
2433
15216
2949
2817
2295
1194
2490
47187
3078
2940
2988
2067
1788
2859
4401
42627
2718
2970
8583
1425
2214
3561
1641
1977
2037
2070
1887
1914
4251
2229
1182
1152
2052
44871
2484
15036
76374
2658
3012
2532
1683
2022
1593
1551
2973
1176
1908
2160
3120
2136
85236
2382
1815
1851
3165
1089
71061
31938
1572
3234
1296
2886
1188
1770
2790
1281
3162
3435
2397
1548
22743
1929
3018
3114
3654
32880
2634
26985
2223
2724
1251
1611
40560
954
1281
4728
4476
3519
2919
1599
122055
1578
2184
33816
18369
2208
75633
1869
26892
2217
5268
1329
4119
1464
1281
1260
318
2190
1401
2187
1884
2607
1683
67221
2400
1557
1635
2937
1848
1821
1935
67497
1545
1665
2136
2280
1458
1659
39039
2136
2373
1953
1026
3108
70911
189777
1764
56169
1551
3237
2028
109455
1668
1563
927
936
1119
1164
3060
117294
1932
14532
81060
1782
1968
2532
89928
1866
79155
19617
3393
2562
1917
110340
2457
3279
3177
68817
24807
2100
4254
3207
2019
3513
3027
2382
2907
819
1797
1722
71835
1836
49182
1395
1653
1551
49578
94008
2478
2688
1851
38409
2601
2904
2904
1656
1077
19347
1827
2499
1908
1464
1305
2109
1134
1722
2418
1929
4155
1722
2070
1482
2439
9921
14733
252984
2241
84723
2715
4428
1797
2775
1932
57444
2121
960
1614
2781
2061
1659
2412
2454
2358
1953
138255
3039
191667
9144
2484
2709
2046
10581
2337
153471
2409
1941
1122
1488
1941
2052
53589
1407
50766
1497
21987
3699
942
2292
1791
41298
2646
59667
2247
108285
1839
1965
99330
1932
2277
2967
59196
927
1998
4737
2583
2931
2982
41496
870
3699
1983
2631
1623
4209
1548
1506
2367
1404
2637
83955
3336
1812
2598
2313
2544
8256
2862
1647
2517
2445
3216
3750
7872
3789
1377
2478
38370
17979
1779
2289
2121
2592
58626
1587
49596
80307
33144
2088
1488
1596
2250
1368
1929
732
1659
528
1911
1830
2922
20559
2967
1350
1020
1773
2646
2574
1044
1383
44850
1443
2322
2262
3438
195204
1719
122394
1272
1254
1467
1971
2904
1200
1542
1563
1287
1494
102000
1581
1476
930
16155
1113
70020
543
1539
2037
2649
3018
76542
2706
2757
2472
19416
3063
1278
70020
3654
7491
3093
4356
1158
3231
2226
1707
1785
3030
1500
1347
1746
1398
1524
1269
1179
1212
175386
2466
2403
2853
2190
1239
1422
1722
1203
3612
122841
2013
2016
1926
112917
1368
2079
354
1776
1932
128205
2541
747
2772
2346
1980
3171
1692
27888
1650
1302
1089
46737
1263
1329
16302
1308
5115
837
1092
18099
2007
2223
2943
939
116190
1818
3054
58905
113487
1647
2145
1467
1650
1599
1029
127872
6786
20454
2469
1968
1167
2082
903
2187
2019
2460
3045
1422
885
2577
20328
1344
3243
3102
12750
7416
2391
1950
1722
2997
258
2277
1941
1713
18909
58539
81906
1230
1620
101598
1035
55371
1092
3936
10377
1431
2247
975
2283
59313
9939
2160
1305
2673
1470
3606
1431
1623
1332
5604
29937
1566
2898
1185
27726
2640
1392
1941
43383
954
1638
1701
2361
159054
1425
2865
2187
1410
2667
1368
2229
1110
2145
3297
123873
1746
1824
20418
1713
38613
1131
1728
1638
2610
2502
22599
1002
1686
1248
2046
1995
63870
2313
1872
1422
1998
15066
84984
69750
118713
3720
53277
1458
1317
175143
1788
2772
5451
269571
1890
55698
1863
2511
63465
4542
1953
2526
2991
3036
1500
1440
1176
1578
2370
106908
1164
88479
4809
762
1881
81873
2004
1161
55866
783
1686
2343
88623
999
106377
2820
1566
2316
1983
1206
25539
2277
3813
1455
4155
1629
1518
1989
78324
1998
1431
2463
1776
2430
219843
2766
1917
507
156591
2919
224004
1905
1233
888
2136
76155
3417
1449
23232
1053
1716
2181
1836
104874
1491
2694
3048
2406
2241
9819
1575
2124
40464
3738
3114
79203
1317
1911
1857
3432
36558
71859
1455
2559
2622
3999
20988
942
1689
1398
1605
3174
1302
28119
2271
39582
1353
1689
1782
236937
1392
1647
3642
2877
2538
2412
3933
27627
1368
69186
2052
2103
152538
1326
2877
1644
3870
133938
1515
1548
1422
2823
2712
1755
2352
1329
2985
1695
3213
1014
101916
2625
2070
40452
2499
2184
2100
1764
123510
906
1596
1554
3294
1014
1749
2724
1746
3765
2976
1134
54063
3084
2586
3873
1827
2061
60468
82803
3768
1359
3366
1950
1743
1926
2619
2394
2256
1752
10647
1089
2154
3741
1548
2121
88428
2490
2550
3096
189
2190
1380
2595
1041
2295
1800
1941
1974
2400
2025
1086
1986
1161
2091
97035
2181
9063
1245
304272
1656
88095
9057
1509
2310
1455
27276
1533
16869
1542
3936
1497
2430
3573
74394
1458
21717
1260
2148
83271
1980
149088
1944
2043
26052
1725
154608
87693
3213
978
1770
1230
90102
3045
1596
1092
1638
1029
183
9000
2253
1707
1767
3423
2361
2058
2610
2478
1998
2364
4680
2091
828
1464
2373
1095
2130
2718
1650
2583
162510
1563
3480
1575
2862
2025
3201
122367
1794
1920
1143
1611
1968
2238
1173
1245
1788
1500
1272
2436
13869
117360
2574
5754
2175
3162
1452
1257
84873
3456
4311
2013
1392
3483
1185
38310
1653
2100
145266
1197
1830
2058
1839
1080
1662
1368
68565
21333
2424
1356
125670
2505
74256
1719
3900
1173
618
2949
1218
1560
3498
1323
933
1917
67827
1989
1542
2253
3318
1902
2301
2622
4638
2580
1878
1683
1188
1779
2139
1614
1398
76539
1155
2292
1509
1485
1626
4143
1389
954
2304
15660
2388
1872
11274
3264
1221
1725
134742
1677
2820
4245
1455
1842
2817
2385
4569
2874
5661
52776
3318
1710
49560
115551
34911
1431
1326
1569
1590
3729
9582
1968
2664
31935
1737
930
3009
1263
2598
3891
74628
2295
50412
2454
2088
1524
33369
2340
2136
1527
1575
861
1308
1701
1782
1215
2001
2352
4437
13755
1374
4371
1731
1935
2760
1545
2886
2646
1014
1074
3219
1395
555
34137
390
2943
8385
119181
2493
21453
61134
1314
2601
2436
2103
2721
3060
3402
1992
1608
2862
27654
1299
3546
2376
71019
1011
1623
29553
2586
1104
2043
1605
41430
2733
13200
4293
55314
2799
1854
1929
12330
43041
2388
121536
714
16581
4200
1950
1605
2166
1449
1353
1440
2256
1314
945
101460
1893
92448
2013
147249
1200
2073
2856
2349
1596
2661
1707
3984
2610
5580
1473
2808
19794
2319
61620
1761
1338
1974
1491
10749
1809
525
1839
2796
2982
2181
1017
80076
1230
65178
48798
2457
2295
169191
1218
2289
1491
2547
21366
2151
2382
3480
2847
60084
1134
918
2832
2247
2367
2364
1611
46503
74559
2622
4530
1989
1551
28338
1200
1839
78960
2349
1416
14124
2091
1101
2058
1500
1878
2859
2496
30294
1260
2103
1941
2634
1701
2592
9786
1869
2310
53178
1098
1635
2217
3762
86430
2781
2907
46485
26127
1332
3855
1998
3447
1656
4509
3333
1911
1692
1212
1410
1773
1605
1593
1971
1173
2415
67683
3105
20949
60594
29445
2424
1518
30228
1107
42519
53586
2310
1533
59064
1527
4260
71274
146982
55080
3255
1173
175005
11859
1548
1320
1077
1377
2364
852
11142
1617
1770
45324
1818
1698
1272
39072
1602
2043
1674
217599
1707
1449
1749
2145
74754
4587
2880
19215
2298
2325
1134
2121
1449
2625
4407
1443
2220
192
44589
3564
2121
2730
1227
4938
355695
975
3261
2250
2370
1329
2331
1317
50970
1674
19659
2403
2211
1791
127695
4470
2808
145803
2823
1260
58155
10260
53433
4005
57762
3006
2256
6684
2133
1461
1848
97437
3006
35697
68475
2040
1656
51162
3093
40179
44331
29826
1944
3378
1947
3177
2661
16905
1152
1704
1245
6714
933
1182
2265
1404
3555
119295
1212
2742
2121
425631
1578
2841
1965
4338
56514
1104
1650
86526
1845
181227
1155
3240
762
2115
32976
1935
3006
1692
115641
1875
2964
2799
6348
33552
1812
804
2892
2967
1578
1620
1203
1827
1413
1311
120759
55041
1017
1449
2196
1104
66174
1779
30285
1395
3069
2718
3120
18777
2157
2562
1014
1821
2382
1014
2895
1152
1878
2454
2169
1569
2910
2247
1590
1710
1446
1305
1818
2385
2577
1668
1647
1389
34998
47850
282
1773
74661
1500
2706
2004
1086
2832
1062
1428
1953
1509
87147
15486
981
1329
1050
45735
1335
196446
111915
2139
1200
3600
1935
1686
73026
2271
7812
1794
1542
1695
2382
94713
52998
711
1650
1419
2844
300546
4455
163200
1839
2478
3462
2886
1932
2121
831
1101
153066
1146
2418
2949
2622
1845
3585
2676
2298
2640
1311
46413
2568
46812
180651
2364
3051
2097
2631
265560
8742
34962
1107
32259
873
71628
1638
2163
2361
2595
1764
2415
1683
2484
1695
1878
207165
3057
1500
2655
1374
1623
1248
1857
1368
2178
2037
3138
1035
2349
5100
85062
149541
1656
2457
1719
2250
1992
1407
3558
2070
72069
2922
1917
3921
3213
1734
2271
2271
780
98019
1305
1842
87384
1320
259977
2505
2982
163824
92025
1485
1269
2517
3183
1548
1059
2310
3477
2178
133527
1005
2061
1581
867
888
41304
1500
4692
1005
95538
53907
46458
17145
2448
1329
2586
1821
1356
900
2034
1017
2535
3306
1596
1974
4848
3261
1707
1494
1260
2475
1275
2505
55752
1713
927
1302
1560
1479
2331
2895
1962
1899
8004
2160
771
1338
837
1377
4551
16863
3015
1449
1704
3639
1938
1290
1479
1641
2016
1479
1668
861
2073
396831
1923
1836
1572
2016
1077
1938
2157
1089
3714
984
20079
52707
912
1080
1296
58323
2478
388584
2007
13221
903
100347
2379
4221
981
1176
2235
3036
1728
1770
78777
2718
13368
1509
1395
2562
2046
2688
267249
24852
3183
2796
2346
1389
26004
1377
2766
2067
1599
3147
828
1101
27171
2865
150648
732
1503
1470
2439
3570
1242
918
3339
1266
101472
144000
2706
1278
80715
3087
53850
25704
1305
1056
3372
1764
11421
2010
1635
1719
2685
82422
2361
2898
2325
3159
63921
2859
1434
1419
12531
2691
2106
1287
2919
2913
2049
1323
1290
4857
1869
3810
1341
1860
127128
1314
1476
2256
27996
1869
53142
1227
153774
57420
2514
1473
1959
1629
2343
6852
1407
1878
2175
1464
2067
1815
1752
55950
3126
852
2145
3315
148254
3444
244827
2220
2766
17001
111375
5790
879
1278
3282
1137
1989
6015
3501
2565
105711
1725
48318
1338
141594
2520
64704
2418
119622
1788
1617
1371
2043
2739
80082
2607
1125
4218
2265
3426
2031
2247
73593
3339
1026
1722
1374
60201
1764
834
1797
1791
2361
2484
2010
2583
2328
155973
4827
64248
2805
3849
1761
5028
1146
861
2790
181038
1617
3705
110160
2337
2211
1983
2310
35025
1746
1620
2652
1653
338634
975
1458
28368
1119
1665
39558
1560
3159
10275
1092
1848
6918
1926
2445
2826
666
1566
843
387
2073
2445
1797
3300
1473
80430
1485
1782
2106
498
1806
4299
1020
2346
2319
2394
612
1539
139173
3093
2055
1632
1173
1344
1347
2313
2322
2421
80727
1095
106251
3057
114873
1677
55629
2517
2913
148617
9597
1242
72408
1941
125070
2448
2514
1164
3855
2637
32940
7242
1614
2517
1323
34338
3462
2112
2613
585
5343
3114
2139
1623
47415
2109
1908
1935
2085
2706
2559
278238
2166
66261
26634
74229
79794
1305
3471
4206
2847
31134
118287
36273
1320
1278
1929
1569
1638
3372
2565
22269
1023
2409
7044
1446
2145
915
124506
60462
795
5652
2940
1452
51465
1314
1806
1704
20913
39168
996
2349
2217
2298
1917
975
14538
4425
4272
1578
1221
1008
57045
16530
2301
47388
3123
1908
2091
1194
61374
1548
1740
2205
2580
2517
2133
114609
2808
73353
1938
339
83244
975
46989
1887
1227
2625
2544
60219
16578
3450
2616
1371
2166
2937
1998
2166
6081
1998
24045
4242
1680
2949
1167
160905
3195
55602
2715
3165
1398
1758
2667
99072
1551
1596
1425
2277
1092
65850
1716
1626
2844
1926
2460
1572
2718
1635
2271
1809
1680
1290
1719
2676
1638
1674
106836
207
2397
2079
1464
79935
1929
1875
43170
2730
1260
1143
1818
1041
2145
2682
45201
1110
2640
1293
2259
1356
1257
1296
1968
1383
44940
1308
1320
1716
2250
1308
57876
1938
3447
1485
98694
195
1167
3330
3738
2556
1647
3987
1638
2199
2193
2139
2718
2427
2643
128532
1677
1116
8070
1470
1671
1557
2262
3186
1929
846
1680
1356
2535
2829
368823
1545
154671
2640
1053
126144
2325
2349
29877
3057
3414
2529
2229
240
1008
20880
2265
7890
1077
1749
2142
66462
3720
4881
2574
56937
2976
82806
7653
1479
978
2073
3135
1689
2598
77394
35538
3141
3231
1785
2772
1770
1212
4056
1656
3318
58275
2763
2721
2730
1755
2277
2382
1176
1305
3450
256710
1629
130782
1215
5208
123552
3777
1917
285660
1548
2196
1977
1383
2097
59916
5415
1026
252
12048
76620
2475
2157
30966
2193
855
1707
2526
43899
2016
2199
297777
1941
2031
264135
2763
3207
139149
24231
46260
2154
2163
1710
97803
2805
2703
1098
1002
197709
1410
2388
19125
9093
1635
729
2097
939
2451
1830
1329
86601
2136
1161
1761
1485
1086
3372
1338
1932
2010
9783
2766
2292
1128
1344
48372
786
1872
2607
1029
1383
2169
1629
1539
2142
1623
1797
1203
1863
990
2961
1647
963
10740
1965
1668
40536
2040
2526
1641
1239
2517
49794
3060
2865
2835
150444
1836
29100
59868
2187
2001
1557
2484
1680
1425
1029
2736
423
1806
202863
1800
1449
1413
2097
9039
2052
1032
1764
56439
3132
1512
2328
2088
1902
64539
1383
150675
132696
2244
1788
4011
2079
285465
175005
105108
2208
139737
89034
2802
1794
1746
1824
1593
2232
1992
2115
1266
11700
2970
2625
3198
11937
1677
2010
96228
2058
2127
2085
82065
1008
84051
77520
1128
1344
14010
2562
2304
2736
2070
2700
1491
135855
25107
1692
2505
31587
1917
1869
2094
2451
103740
1380
82863
1500
51825
1452
2781
2091
24471
1995
18141
1470
4719
1935
2259
2358
36744
1323
74022
1242
1713
2445
3570
1404
48549
1212
1488
1638
3360
1500
1209
1428
2067
35682
5697
3216
2838
4764
3423
431994
2193
4245
1461
2577
1389
1083
786
1806
1860
12912
1332
55542
129993
14484
1644
1905
1587
2817
843
1641
17007
1368
81249
2889
1356
1392
2751
1833
1257
1422
4590
1251
2811
3741
1254
12723
4881
3033
1410
1845
69936
1374
3348
2421
2136
4053
1062
1116
795
1959
2490
3453
2208
1983
2979
2643
1767
1770
172209
1866
2562
1785
10122
996
25293
1452
18042
46719
1968
26508
3813
11328
2610
247242
954
1944
1875
1785
1656
3132
101889
3006
3150
32265
1608
248265
10932
1629
1581
2790
1452
1563
2283
276
1440
1995
951
1038
210906
1872
3534
2364
53745
2925
1485
43200
1344
1137
3240
2073
1746
1572
1623
2685
34326
1713
77478
4026
1797
1641
1545
374979
1635
2829
1944
2394
378
1803
98112
2490
60009
1686
3660
3024
1515
3669
1830
93402
1194
1830
122202
3798
1791
2103
2157
114849
2064
66036
855
2322
2634
1800
1026
1962
60279
1803
1572
1887
1653
2460
2670
1653
1542
27432
2763
2163
7305
1122
113955
1527
1299
1044
15816
2112
2868
3114
2073
28332
381
1509
64674
1572
11688
5751
1032
1686
3447
1437
4950
2073
3579
2091
143427
2004
1113
951
35895
981
1974
1368
2106
14850
549
2478
1917
45543
1050
3195
1335
1779
4092
16962
39495
2184
1296
3660
2160
2316
1728
2124
68391
11799
2379
77955
2049
2421
389289
1758
4443
12687
1488
27072
1806
1344
2985
4350
2688
3207
252
2217
124821
1551
1854
2463
2961
1320
2136
2751
94569
317862
2175
26034
1521
2094
92388
1089
843
2391
43950
1725
1773
1740
996
4128
64080
23136
4452
15894
1539
1563
1386
3432
87564
1449
1764
1806
1476
2151
1104
1932
2079
2529
1218
1545
2370
954
3459
2862
11016
1539
55995
15888
39420
16035
1440
1248
154791
3939
1941
1536
2061
2349
1620
2307
4071
1890
2970
1305
2280
2976
2418
2112
2487
2508
2361
2034
2976
3399
5718
1389
2133
22161
2325
8346
35664
2820
3006
2547
2796
2502
22578
2505
2439
1992
1992
1710
393
963
23619
18276
2808
1638
4515
1587
2628
216174
3255
960
2439
912
894
897
1344
292644
1668
10563
2301
2190
2052
3051
2292
2151
1833
4275
2295
1542
2082
80625
1683
2073
1545
2325
789
12240
58746
1431
64320
18066
122928
104808
104598
3219
38553
2139
2355
1887
1977
31077
2124
2190
54000
1440
3171
2997
64710
2712
1227
4029
966
2550
111231
2073
1005
2247
1485
1371
1110
47310
2175
1302
23514
1524
312
1728
4620
91566
47712
13035
2106
2019
1410
3483
2100
1461
4158
2760
64389
2211
2598
1488
1767
70851
2553
1869
1302
4038
2325
1941
1803
35694
3330
1776
44799
1269
3384
2652
44088
3126
55152
1407
82422
3618
2001
43479
2757
990
1809
2046
1635
1638
2031
10026
33585
1041
1722
3606
95625
1950
52098
1215
1569
13509
2979
2427
1437
3747
1338
50952
1239
1953
930
3429
89856
1344
1584
1272
1998
846
708
1584
46062
2346
46788
2856
1401
1335
4830
1245
100158
801
2163
1008
1497
2214
4323
2103
678
1629
30495
2436
1905
1608
3846
58989
1950
2865
108216
2010
1320
912
1941
1815
3465
1419
3096
63567
2556
4077
4134
2547
112428
2172
984
234
1905
2433
1815
993
1797
2664
20448
4122
966
235566
1200
2694
213948
2211
82176
1773
1932
1266
28923
1215
1614
2004
1455
1890
55857
63858
1284
2442
14715
2376
1329
1389
4599
7557
2172
3702
1239
2691
1572
1671
1935
2394
1326
918
2688
2067
1449
783
1176
2199
1719
2598
1884
1503
78033
1095
1608
2844
975
204876
1695
8160
1923
375
1143
1818
2034
46359
3723
1857
288483
92301
1596
2781
1755
2757
83388
34176
10173
74724
3825
2133
1635
1458
26610
3216
828
2157
2508
1365
1524
1125
1530
1332
2244
173169
2655
1596
2736
23514
1203
67857
2544
2109
1902
2844
17049
142374
1908
9396
77793
2310
3030
2301
2637
2529
1185
1446
2178
1989
2547
2742
1842
1356
2100
9723
1494
3366
2481
39138
3792
2682
2277
3216
2319
61659
1161
1563
139920
1470
2619
152496
1371
2226
993
1080
300432
1101
1530
1386
2166
2730
1242
2010
2454
1401
3384
1650
39660
31500
4914
1086
2676
2592
2793
2553
2319
2241
1401
32586
2208
2517
192
2664
15747
2619
7050
64245
1710
2424
2082
1848
48594
3255
1602
1383
1125
990
3411
64665
4959
1494
1815
1500
2349
1923
2166
2376
1917
1656
3084
40809
2274
1263
1284
3795
2523
1266
3756
2781
1464
2163
1554
230379
1236
1527
1239
3474
1344
2838
2094
1557
13407
1839
999
1473
1203
2823
2739
65397
115155
2805
870
1002
438
2139
1431
4314
2334
1404
1560
3648
2511
3069
22011
2355
2925
3762
2289
2358
104718
246
3567
43671
4422
92448
110865
1581
2259
5544
132432
2919
4461
68109
2538
1236
1230
2922
2019
4995
1491
1614
1821
2364
30213
2130
1386
2082
60975
2346
1482
1233
1413
1782
3537
8118
15117
2838
2070
2490
2142
19017
2277
29136
2019
2664
3516
1029
1206
2013
1290
1029
1407
1923
33591
15102
1779
1257
2025
1635
1092
1032
3333
1326
33723
43317
2259
27108
915
1401
1281
2106
1191
134550
304464
1704
1422
1380
3243
1341
1170
14352
15906
167298
3483
4902
1173
2418
357
1191
1140
2790
57381
35508
3015
1068
210348
83508
1320
3069
1581
16698
1680
38055
1461
50052
36120
45621
3228
2994
3129
40815
1482
60495
4374
1914
1329
2562
2673
948
4560
3600
1917
74049
3864
1347
1518
1386
1236
1257
46452
2037
1794
2265
1983
1965
2544
1881
1695
1662
3552
2331
27159
16848
2184
3384
1722
1080
2277
199842
1875
1398
3168
984
2253
117264
1494
4674
98814
1407
1686
1287
1536
2304
312
110664
2958
1518
2535
891
16707
1908
2172
33696
1536
1296
1311
2745
1116
2502
2187
3432
2265
2235
2244
41457
1716
915
1503
182343
1590
140790
2442
33393
31236
67203
1641
1437
27219
1197
2301
1368
3177
4038
1869
1740
1323
2094
1287
2274
1110
39813
31752
159789
2040
2514
2502
2334
1698
3243
1239
1005
5694
2577
1983
1842
2319
1581
1551
1440
1812
2946
1920
2253
147540
2520
54414
4281
1524
10905
1824
1050
35181
1296
16719
2931
2466
2049
131115
31854
17265
1668
18303
873
16866
1617
38496
1293
50697
1392
2148
2865
2022
3321
150819
126072
1389
1776
1719
2022
134382
2379
1425
86997
20238
1398
1950
26442
4293
1227
1692
43749
2568
155823
1713
1980
1905
1728
175605
1785
31101
10077
2079
1986
30330
1596
2073
1620
816
3048
2436
1503
1464
1794
2856
1551
1962
1542
1746
1545
2070
702
1836
2706
1698
2184
2682
117993
1812
2721
2310
2850
3687
3069
1935
2523
1545
41733
3801
2136
25935
1371
1329
1887
1800
2433
3627
2556
1296
1809
2292
3153
1149
215613
15009
2271
1203
1887
1812
2391
23148
2628
1926
1602
1257
69171
2742
1974
1551
1842
1947
1014
49635
167967
1758
2097
3213
127101
2919
2190
3636
1824
92745
2061
1905
2232
75090
78153
1098
3894
1491
1602
31548
1395
1440
35472
3909
1836
56577
1524
1716
2922
1341
2757
1896
1524
2538
2490
2049
1902
2274
36738
34344
61707
1425
2712
2748
942
149556
1116
1737
1455
3681
2106
957
1788
56277
996
2607
124731
1791
1986
7770
3747
2829
2979
1392
1767
3999
176166
1797
2529
3828
2454
90723
4143
2568
2016
2052
1410
1368
2100
3993
2265
1947
26424
2721
30912
1488
1761
2400
2877
173712
216918
1815
3159
1101
2715
1461
2490
1188
2238
2355
1989
1275
2493
1533
1605
2178
1581
2262
1893
114537
52737
1899
2112
1002
2730
1812
36240
2016
2334
3276
102126
1845
10887
1860
1992
1662
1011
2841
1110
2730
2961
99327
1461
1632
1353
32646
4326
1497
60081
1197
2262
1908
114141
1941
56940
9297
2013
2316
170217
2100
864
2343
20817
2448
199836
2484
1536
59754
1362
25614
1917
2124
2268
8283
2085
3306
29631
1212
2037
3672
41040
1323
2793
1509
4290
4725
3549
47217
1713
2175
50826
2316
2187
1641
19557
1791
2283
2946
2406
1878
4356
2097
1827
8154
1710
1803
28488
2133
12753
1785
3351
1482
3333
4587
27696
1764
1005
2295
1557
2589
1770
3621
1977
1182
2451
1425
1476
4947
2283
330819
30888
4386
3057
1191
2514
2244
27000
2256
1470
140310
3921
1518
22608
3114
2442
2688
32064
1383
1965
47046
94611
1701
3414
3519
1386
3297
211875
1284
2946
2160
2556
1800
2901
2337
1578
1134
1347
2154
2169
2541
3369
2367
1869
3048
39279
140328
2262
2400
1338
2235
55206
1488
774
36201
1575
100770
4146
2256
1950
1242
3369
2532
1707
148311
4281
2499
4416
3585
2040
1359
5136
1746
95436
1704
948
1869
2007
1320
1653
2127
2688
2133
1455
1782
2412
2388
102024
2478
1143
1431
1218
2814
2427
2451
1665
1914
47661
2103
150024
1401
1599
1545
1857
51294
68166
53025
825
1299
4902
1455
2205
1536
17310
489
2988
3027
1350
1341
1380
1116
1164
8385
123288
303
2046
76257
2217
1320
4548
64476
1833
68538
2982
3126
4119
1359
2556
51822
1902
1812
2004
2616
1560
1947
969
1854
28308
153399
2127
1830
1875
1827
95631
1296
1482
3129
2487
3267
2643
41361
2241
2568
2721
9438
1860
3738
1728
2364
2811
1770
2874
3390
1833
915
2604
75888
1791
1701
1860
1323
1500
1905
1695
2175
2133
4980
1893
2004
270
312
3861
2658
1656
2076
1629
33945
9216
3075
1056
50028
2553
1896
1593
12123
1635
54594
3396
2394
1569
948
1740
2457
87327
1608
2103
1146
2379
1758
2382
1830
3399
63165
196338
2256
1620
1149
2361
2388
1332
1566
2199
2169
33696
1926
38139
2445
2055
1587
2166
1638
1497
1773
2163
1410
2394
2493
3474
1686
3267
3996
1341
2043
1569
1971
1383
14052
2835
1686
2151
57435
1530
2058
1509
1113
2466
2277
2883
104070
1554
2952
1527
2541
74325
1812
37812
2634
1380
114483
2757
85401
1929
2184
30486
22023
3453
143022
32082
15312
1683
2322
1761
19017
203019
927
131328
1776
58365
1401
20646
9423
2766
1608
14769
1635
4173
1914
2946
1404
2097
3156
3408
2301
1845
1557
132168
2511
2031
123396
3021
76236
1842
1296
2634
1959
2202
1740
3360
2310
8211
3075
1731
12306
141273
4890
1455
39096
2115
44019
10056
51003
2289
3867
3009
2175
69777
11526
64302
2601
1329
2583
2244
13998
1755
1371
2529
92235
2403
16851
13176
2547
2298
74958
1863
1995
151128
1260
1926
2856
1416
2280
2679
984
1296
2022
1758
49395
21777
103512
2349
3108
948
2082
2205
2118
1194
1614
1059
2727
2262
149601
1512
2082
3459
222
2331
3249
1779
924
4455
1707
38508
984
1758
1680
1785
1116
2598
1803
2010
23769
1956
1422
2160
2487
110994
2295
2493
2970
1953
1845
1725
31539
35676
1518
32328
2475
2229
1800
909
1278
1611
2796
49881
87123
6060
1731
1320
1686
2394
1314
105636
2337
1419
1857
2739
58188
1443
2208
1575
969
2295
13767
1965
19842
2529
1557
67206
1134
117033
125238
1632
2712
1497
121626
1929
9687
2949
1683
1641
165
1836
2385
1281
1863
1992
13032
1341
6024
2127
1695
1089
1467
2610
1617
813
2085
1854
2106
1758
1533
1182
3918
4185
4785
1404
2979
2541
1449
3444
23625
5295
17433
1623
3246
10884
2904
52398
2973
1887
957
1647
33270
2286
40035
1791
7203
2076
1977
136935
1620
2667
3102
3150
54525
3360
2316
2181
1644
1020
2223
2697
92367
95991
3510
2361
12426
62364
1230
2058
2898
3225
2679
1461
1407
1449
2274
1362
3960
135804
2175
2802
1116
2448
1449
63366
2811
2679
2142
5412
1956
4056
46164
1917
58194
1665
1422
2241
2235
27117
49521
67815
48630
2265
13512
38970
1698
1500
2682
54483
33957
2406
2751
1761
2418
4254
5550
2160
95484
2442
2922
57495
2478
1521
2652
31878
1410
100701
2175
31623
1878
1779
1653
2790
1677
1971
2130
2520
1542
159
756
2853
1920
2391
4815
2409
145122
1293
1683
1980
1317
2712
636
3864
4101
1341
1041
2775
2376
2784
1887
2277
61860
109095
2832
2469
1605
65874
2565
2952
1212
2322
3003
1914
1947
7818
100683
18384
2175
2028
154269
2361
3108
1389
1776
1923
24339
5376
1296
94791
1914
2565
1794
53088
1911
1383
1632
1629
1701
23949
2685
2646
1191
1674
159297
1674
1764
73527
1428
924
9726
8289
14907
1113
6000
1182
269664
1521
3093
1380
1461
1572
2184
274371
6363
5283
6981
33213
1491
1674
1656
3315
1320
1092
1323
115092
12087
2166
1437
2118
2703
1380
1890
1896
2748
12813
66042
2067
1431
1878
1860
94677
2703
2115
6489
2253
29739
2106
1230
1563
963
819
19464
1122
864
1593
1287
1056
2895
3165
137700
1770
46332
1734
2373
3339
1410
74439
999
2310
1956
2010
3594
4788
885
2697
2952
1848
97680
2613
139515
3600
18237
3264
6714
48066
4134
12057
2166
215115
106227
86682
3735
4452
1968
72780
114702
3981
7086
2943
114927
266667
7170
5157
1887
1905
5007
4401
89175
1563
3834
51582
66081
22476
173856
4746
5640
4488
108489
3360
4179
1086
90540
2754
17076
1929
1548
86619
4164
3660
5643
40017
45126
6444
15069
7416
234795
61203
1863
3633
3279
21009
8079
56841
97329
3813
4362
267627
4950
12318
4278
3015
4560
4062
152439
9222
3045
207114
1893
4149
2928
99945
102204
6195
20544
2556
2208
3174
117132
37335
1596
31962
3285
11919
2274
12408
3147
1827
2691
48489
2742
70590
58899
2016
3750
3840
76224
4779
23001
3912
2688
2853
2241
112311
1329
2331
7890
6741
7023
37449
37317
254643
2730
124686
11955
3063
4368
53682
1467
144615
215556
1737
1944
11682
4254
72915
43263
6753
21468
29910
103095
9546
1860
2484
6657
6051
48390
5817
1311
5163
5838
3294
117678
39966
3348
4773
4497
5166
36609
3072
69510
23082
3837
2187
1659
2583
122538
17109
16413
3306
1986
5169
67638
4458
289584
209823
25254
14442
13794
5262
3918
1509
3852
9654
1632
65172
32145
123273
16845
19677
2847
172884
236379
2115
47754
20850
3477
2637
2472
91101
22647
53214
92952
152391
46455
3843
133437
1368
3348
3270
1557
5286
3285
25563
2643
328008
82686
2874
7578
3342
30621
109779
6000
39213
25035
53913
205710
4836
4392
4974
62559
170376
1512
7503
79647
81651
2226
3774
3186
232659
97776
3921
73842
6015
12558
41190
6582
3822
3654
22788
4236
2583
4437
7992
166380
2058
33159
82761
1725
25095
8877
1917
7230
4911
2907
4956
8247
9255
64926
4020
16548
3462
10203
115302
5124
78504
4866
202083
63408
16233
2757
4164
2565
92775
54063
114216
3324
2586
57915
3666
203628
337281
2724
2784
2247
18933
1746
3009
169101
76644
4650
3624
107937
3672
2478
2577
31827
2667
31560
20649
18792
3243
2619
150936
3900
3018
217725
3990
2322
2901
2532
3999
19107
1338
3726
3357
2031
43893
1626
2349
19782
3729
45735
3507
2907
3717
38349
3636
2169
63348
53706
38367
2616
35541
44625
5307
46815
12723
5403
77841
3240
3363
3048
1281
1839
57264
94419
39543
3786
202869
1203
35766
2571
58596
144261
33354
3309
4524
2931
2298
2082
1812
4473
28098
1401
131091
59382
73617
14250
67257
35976
6672
3621
5796
89001
1674
2931
1809
4179
3021
1794
1887
158739
8913
30525
42057
2241
25233
50640
2946
4308
3363
1878
35202
4806
171996
3759
3129
2820
1806
4548
2466
3006
106236
3834
186519
6282
167619
3471
46446
5994
2748
1839
31470
14916
7917
1971
285372
58785
30315
77091
440145
2667
19410
60912
3393
2577
4995
2538
45672
105756
3756
40299
2952
4458
3720
6276
2481
1794
153537
1455
3033
17664
2208
4476
3471
10500
2820
31980
3783
59406
2055
3870
1566
35043
27603
2286
3183
4212
217056
3579
64437
18123
3489
89985
2769
2850
1200
4614
3183
142506
71181
4896
1770
13542
4995
3681
3726
15453
17241
2100
46548
5700
14601
2934
1911
51381
10803
6270
3318
49938
5043
86310
37305
2307
9960
2082
2634
47970
106248
35298
21765
5328
38991
5967
6633
42969
23970
151764
2997
36198
156564
6702
220008
3903
42765
76467
2808
149448
7938
256233
85293
3732
31932
250356
89250
8010
85731
124134
9594
136044
2559
13428
3615
47496
4308
31875
1953
28485
61626
188178
4725
93876
147474
299613
3948
86511
2178
69813
5082
3303
3171
69801
72141
14865
6183
22440
45414
2250
2667
15843
2724
6078
130983
3153
7023
4185
22281
2136
2550
10692
1578
105999
8028
3186
3576
1731
6315
57012
232419
27063
29874
116802
1938
93711
54645
4107
65529
28422
218889
3741
16578
5097
3069
5184
4053
2403
24441
2910
9270
2502
70734
1989
5409
2688
6759
19923
3159
5487
3309
302391
4536
117228
205752
3624
2694
1980
98982
5901
32190
16032
143130
16161
74919
2679
31392
4071
3450
82182
5436
2286
3255
18309
10365
42597
2769
3615
19761
2751
294681
2664
109182
19386
1734
55098
99354
11856
99087
1767
20823
69942
3951
145341
68676
82848
49797
3921
2286
5751
11970
25008
3789
183840
12942
4683
2901
3513
12447
201222
30234
2139
5016
5565
4086
32763
101673
184257
2838
4590
16887
8625
1347
3798
5535
125961
3894
4575
95655
3567
112335
26844
1731
1689
2799
118110
4197
40827
2955
4509
43380
4077
164331
2280
2190
16602
3996
6129
1452
236700
132678
114729
2994
2775
1272
9177
2052
2214
23814
61884
3477
2610
17640
21732
4083
10848
78459
17676
3693
47544
2802
2478
4686
1830
46071
8385
2289
18465
72162
2484
61110
8718
2454
104442
2646
1938
22824
4350
147696
4011
1488
6756
4773
119442
5667
78765
4131
27750
3060
21612
100131
17019
158220
1416
3852
5871
7746
2076
3777
3417
76941
3165
60987
27234
1584
1494
88308
3642
12975
61122
1890
3141
4359
2859
39666
2565
39951
74793
168915
6426
9414
4869
3546
80370
77241
2832
94725
1581
94011
266508
168432
3909
9345
39666
5373
91164
14121
42207
2961
94863
49743
3114
130029
12204
70512
14034
4125
211590
3090
4947
1026
3099
183759
1419
1992
49368
9141
2556
10224
2547
7200
6612
1659
22911
63945
1611
3927
3435
4692
13671
3885
2736
8979
86727
2358
39918
2388
28662
9513
108114
3627
3396
79446
160047
4536
5646
5835
2832
4182
2013
7644
206526
4002
12723
3861
46347
97449
123453
5019
3414
298428
6510
16605
10908
4011
2907
11727
91713
3849
4386
123540
132609
3327
2118
8595
1740
3138
4368
69225
3696
93366
3009
2934
46611
3156
2016
4785
7953
1407
38460
28371
50253
3828
101862
96957
94809
2454
3984
2718
2451
6678
228144
5349
2172
276693
5784
3942
3984
188949
216471
8508
77190
8325
115593
155478
81219
7644
6258
29916
6123
162126
41475
4080
4512
2775
2634
32100
5607
4161
6402
3021
2577
28614
138780
3873
146193
3105
94587
5796
47586
2694
32133
135225
2973
4788
3639
2250
232830
217965
3426
56262
34926
80016
196674
38205
2169
4005
4701
64392
82272
10008
78402
3417
33564
7179
66084
11781
157965
9012
153810
251613
114615
1449
4389
34110
18723
4500
183591
52800
3165
3051
17475
1758
3288
2985
3606
2415
106299
1227
2562
20169
119043
4122
2511
3711
40770
3348
115917
101295
4965
42906
31134
3246
3099
185295
11361
1821
2130
1980
2049
1962
35580
3603
1866
3981
2274
1008
77550
185010
1863
58530
3693
2148
2901
105687
2538
2949
1311
921
1581
1185
3297
1566
114729
1908
16389
78894
2547
924
2547
92607
2130
76959
2067
16899
2151
2847
1407
112650
5400
1833
3546
64371
2676
21771
3765
2751
2898
3636
1236
5256
1287
2979
3258
1953
1179
76371
2598
45135
2307
1719
1647
48255
2223
88383
2538
2031
1167
2304
35085
1938
2121
1443
2577
2817
19356
2877
1713
3213
2598
2265
2994
3114
2319
2805
2196
1911
1893
2241
2784
2394
1659
7146
17433
248610
1914
3099
80220
5031
1632
2073
1569
3372
62073
933
1830
2322
1953
2817
1761
2895
2721
2145
1764
138513
204321
3570
2769
12864
158958
1545
2151
1746
1917
1890
56235
52830
2286
18528
1878
2682
1884
2595
44922
1863
57348
1755
1938
106119
1506
1332
2829
94635
2631
2754
1767
1287
53679
2877
1833
8349
3081
3105
45183
915
387
1521
2649
1899
4752
1413
1542
1956
3183
4635
2016
82080
3255
2226
1221
2580
1827
12309
1899
2133
1461
3450
16095
2226
2496
60645
1344
378
3447
2004
2997
54741
3675
2568
45555
1542
77685
5154
30327
4188
3240
2331
4464
1044
1623
3345
1515
2382
1500
1680
23034
1323
2034
2265
1458
2277
2847
999
47322
1692
2289
3408
194379
1968
125364
1206
1224
2076
2472
4023
1638
1692
771
2247
98628
1935
1278
1239
1815
13302
2112
2766
66990
2055
954
2445
2385
1908
73113
3222
19557
1773
1572
11187
1218
1974
3534
22179
135393
1917
1284
4776
2892
1962
33621
24774
22560
1344
1674
951
3945
1737
2604
76233
1314
28095
4635
2040
206778
23601
169035
3195
1404
1590
13497
1608
2676
3033
3348
81543
1734
1554
54021
2151
4374
3156
2772
714
34272
78801
1986
2253
1806
206250
1953
149454
1680
2682
2076
12153
5709
1206
1254
4257
1851
2289
1476
2169
2289
28095
1488
1260
3276
2160
2361
1200
1602
2766
10935
2268
91374
2418
94026
1839
1212
1371
35094
18582
4320
1176
1623
10065
1413
2067
1830
1158
1971
111189
3414
2790
1770
1947
1155
1257
1059
1638
1335
1116
1278
2673
38229
933
204135
2676
2373
2289
4020
2901
3120
47616
2445
429
38520
3072
1674
4317
1803
1611
1245
76488
2550
1428
60330
1365
2310
1854
2481
2181
1188
4074
22521
1185
2505
150282
32601
2820
1017
12138
2442
112362
285
124656
2487
2823
103404
1680
1398
2130
3720
1986
1692
2217
2340
2559
3117
3732
6585
154452
1026
2562
1941
2052
1491
14769
2859
42621
63819
1494
76521
1788
2502
1476
1377
1941
1395
1737
1551
3549
1929
3852
1329
3402
1125
36894
49956
1437
2445
2241
1350
2826
35865
2034
1485
2217
2085
1383
1803
21063
43164
5871
840
19002
115971
1770
3030
34521
1107
1761
2391
1296
1989
25944
1392
1713
1359
2469
3018
79215
36351
1746
124749
2193
13728
4086
41886
3180
1581
2160
2148
2367
2397
3633
112338
2262
1590
2322
3045
3450
1626
2961
1131
102783
1590
4785
1893
3186
3495
1545
2865
3591
3426
2121
2862
137178
2346
27963
2253
1281
1365
957
1368
2376
49197
1410
66921
1578
1971
1626
4242
1092
1722
807
2256
18309
2202
2862
200193
72033
2520
82005
1437
2955
2697
1359
1869
1605
1671
2187
5262
1554
1614
2286
2742
19869
2157
858
52047
1851
45198
13719
699
2376
117474
1650
2526
2508
303
1590
2007
39843
1167
89577
2766
1218
2259
4695
1446
1773
2019
24585
1812
1794
1686
1776
1026
1629
2964
2091
2871
106866
1317
76854
5055
16983
2967
1149
2136
2244
2736
1149
89388
1134
2442
3429
188247
3960
2391
1278
49206
1116
1656
1554
122997
2352
1248
1401
1353
15216
66270
2535
1494
2166
37011
3894
63933
1590
1959
1533
2718
2073
2181
1806
2136
87537
2841
2253
1494
1803
822
2640
2523
1134
2451
3624
2283
966
1965
1737
1275
440202
897
24153
1131
33534
1050
4305
11796
2520
1530
1083
375552
2331
1383
3567
2190
1671
23358
1869
2199
2712
2547
2199
2283
942
2118
138261
1383
2475
2301
1692
2181
1593
2712
74679
3849
3618
42525
1092
62202
1791
1803
1257
19374
1497
2715
4563
2784
267810
1308
13383
6600
106458
2913
1947
1851
1593
2895
1821
2793
3054
5769
26448
1407
3216
1218
1476
1377
1617
2385
2121
7689
1884
2619
145467
1635
2565
3627
3435
43353
2130
1824
2307
2772
2748
22167
1533
3756
74883
1926
1818
1056
23442
1149
2940
1767
1302
108249
1818
2667
23889
3603
2151
1140
2070
241431
1326
97233
1605
119604
2988
1614
1512
7476
2991
52962
2055
61089
1545
3000
1497
1728
62142
2919
1014
6786
1020
19320
2679
2229
134124
1515
1401
1683
19215
83778
98658
1980
510
77955
1956
1140
26538
1767
2235
1944
7677
1959
1317
1098
1326
2157
2853
3408
1296
11109
2709
1581
1179
1251
2220
35631
1503
2085
2985
1530
1290
2268
2433
255
1857
2079
1773
1095
2598
2931
16620
2535
45126
705
3465
2853
1743
1890
91770
18309
1971
1719
1857
5007
2004
2754
1902
1017
36468
22785
1653
2427
195
19041
1986
1197
1935
1155
2385
2148
40188
2403
1896
1698
3363
2985
49113
1803
2037
1764
14145
78852
121533
2835
23442
18081
4257
3744
2640
2424
4149
1011
18306
18603
34812
18453
4311
27375
52209
1632
2541
9435
2925
76476
3018
2757
25797
2925
1218
2094
2976
1902
85050
43326
97962
2838
1407
1989
29829
1080
285450
1962
3348
11436
1869
2181
1353
1416
1512
47250
1311
2565
2790
4026
1470
2229
8118
42408
3099
2979
7827
1311
2133
4722
1641
3447
1680
1878
1926
2781
843
1629
1059
1182
47334
16062
79026
4575
2010
2646
1635
1329
2727
2574
1344
2802
2190
2538
2628
2556
82770
801
2988
1137
2025
2487
70419
35502
2232
2409
1107
2922
2292
2637
987
1248
2667
381
954
2601
25596
2031
3543
4068
1470
29709
2241
1218
24255
2106
3402
1716
2166
43701
1947
3858
213
2127
2490
1269
2544
124947
1377
2115
33882
13563
1455
78714
29634
2739
3300
2814
1584
1488
1758
4131
1452
1242
1581
2946
1905
70488
2754
1827
2619
1197
2157
1044
71034
1608
1722
2937
3606
3090
27429
1815
2244
2244
2658
2118
2853
2226
5769
1953
2826
56319
1722
1383
2475
91899
2379
76641
2826
2895
2295
2271
4080
1965
2181
1932
1110
1422
1218
2787
1407
1044
885
2133
2289
62298
2037
393
3000
18567
1776
57327
32526
1260
942
28221
4386
1986
39018
57351
1701
61593
2466
70878
2532
144144
1377
29562
19401
4161
2127
2544
171699
14892
2712
1503
1161
1608
1944
1056
10278
2298
2121
42690
1845
888
37473
3267
2094
1170
1488
909
1923
3486
2373
1971
2337
2781
1179
1251
5727
2202
2538
4122
39621
4392
1131
3651
2403
2040
2121
1719
1875
221250
1623
1665
2817
77790
4566
19074
2475
2280
3591
2907
1254
1602
2310
252
1347
2019
4206
40482
1431
1263
1173
1458
3393
2169
351411
3465
1839
2400
2559
1368
3510
2148
53268
21762
1044
2184
138048
149265
1581
72972
49323
1305
62778
4344
2637
2061
2508
4374
2220
101217
41010
65337
1791
1302
2322
48141
1770
44982
40770
33141
1755
1224
2586
1701
21255
2556
2751
735
4146
2340
816
2019
2604
1851
1074
117156
1470
954
525
1854
3993
420333
3126
2952
2709
3636
59064
1482
89559
183111
1926
2589
2037
36999
2535
1251
117573
2484
1449
1422
3339
36135
2145
2748
1965
2559
1344
2289
1794
906
2826
2709
117273
59505
1341
2103
1629
68757
32967
1296
2043
2421
21756
3234
1617
1227
2802
1938
1545
2331
1395
1542
1824
1263
2793
2523
2325
2328
3528
1704
3315
1359
1575
2082
1170
3156
37764
44184
2793
73887
1716
2406
798
951
4149
1812
2361
1275
1254
106317
1374
1080
1497
43074
885
196845
2298
108597
2022
3852
1851
3564
1566
76428
2073
5328
1821
1113
1182
2058
97230
2040
1935
24264
2211
70548
2316
2391
3753
2451
1800
3423
1443
1851
3453
1725
1197
1404
1056
2184
1008
1635
1305
1812
1479
1578
173373
1266
1785
1833
3633
2355
2112
2205
1848
3612
1203
120312
1281
3075
2391
115707
3027
3663
1068
130434
2145
2475
2187
2034
1734
5292
29520
1932
1806
1416
798
43500
2064
855
750
13533
885
1467
1962
1731
1836
17970
2586
1854
2637
954
112137
2934
1836
3150
54933
117522
2322
3243
1674
1053
2046
159834
1539
1506
1293
1077
1923
1929
2082
1653
1662
1095
1095
1989
20127
1431
2667
12270
9951
2682
1956
2172
5478
1491
2043
80157
78774
2364
1956
104586
1020
55461
1095
12501
1764
1131
3300
76353
2559
2718
2559
1359
2283
2250
2124
1500
34257
2457
2256
30621
1344
1860
46296
1482
2109
3249
2799
156375
1902
1869
2790
1104
3378
4572
1893
1650
3309
121845
2682
1392
24117
41556
1848
1737
2052
2433
1809
19821
1929
1011
1584
1491
1263
67320
2733
1380
2091
2733
12309
1917
81567
73920
114918
1677
57939
2148
23769
149850
3390
1173
7458
266151
2748
1785
53895
2424
1374
62628
3732
1149
3036
1197
3981
1818
1086
1488
2415
1788
1608
105906
1659
86253
2448
1782
1941
83667
1218
58683
852
3408
1260
85749
1536
2616
34869
70080
1932
1800
1662
1605
26019
1320
1239
3234
3630
1623
1551
1068
81876
978
1743
1467
1785
2445
216471
2943
1527
4218
151977
3060
1602
221370
1026
840
2511
2058
78963
3450
2412
16257
9312
1527
2220
107028
1695
3294
1824
2844
11751
1041
219
44556
3246
82353
1371
2856
1857
39720
70473
1734
1152
4563
1950
3609
18336
1641
1386
2145
2004
1674
2004
31926
1899
339
33198
1401
2157
1953
240036
1035
3147
2019
3084
1986
1860
30330
72153
1425
157224
2685
1335
1395
137970
921
1215
1692
1842
2970
1467
1617
2472
1392
2085
1788
101127
2991
1746
1176
36435
2922
1206
2625
3669
126063
1386
1380
3489
1962
1044
1872
1881
2541
2046
2733
1836
49566
2520
1374
2754
2196
2127
62655
80631
1569
1119
1110
2547
2559
2280
1704
2703
2133
1677
10140
1260
2391
2364
1479
1623
1620
89721
2676
2631
2652
1284
2271
2523
1125
2415
1737
1224
2016
2001
2757
1956
2550
1578
100131
1842
4899
2427
1950
301740
1866
915
85566
969
4419
2847
2064
1584
1281
6000
17040
2979
18585
3243
1038
1899
2361
77685
23127
1341
86838
152373
1653
29463
1194
150885
89412
1788
1008
1707
92019
1722
2193
1560
1011
1905
5085
3105
987
1008
2451
1746
2742
1419
4116
3345
1371
2931
564
2685
1044
2271
1317
1743
1233
1470
1245
1320
1980
102270
56676
1191
1941
2346
2076
2397
2061
1104
123234
1767
1533
1155
1896
2766
1722
1602
1866
2151
1827
2337
16758
115020
2460
1689
2811
1113
669
1380
3915
2163
88425
2745
2322
2952
1557
2685
41313
1548
2409
140184
1866
2073
3480
1959
1116
1173
1020
94665
1323
1848
79407
37929
2136
79461
2598
2967
3495
1791
2463
3189
2616
1086
1257
72243
2250
1197
1188
2202
1083
3138
3603
219
2643
297
1089
1998
1200
1452
1170
1512
1254
2967
72867
3162
1698
1779
1092
2082
2343
1527
2091
1806
1590
11391
1548
4677
1866
6561
3273
849
1362
1389
131559
2349
1161
2016
636
1467
861
1503
3954
8541
168
6144
2541
49902
3075
4467
1914
46422
1776
72243
40731
38046
1077
1710
1350
1062
14094
1377
291
2196
29442
2640
1881
1818
3474
4782
3258
3678
70725
1350
53961
1575
2010
38658
1680
1011
1497
1617
1539
2073
1686
1176
3123
1878
2394
1617
10827
960
1941
1416
2682
1797
1572
1398
1704
1371
2295
1752
2133
3177
30243
3156
11481
117102
3255
1293
19179
63207
1839
1116
1713
2859
2205
3204
840
1782
1743
1905
24225
918
2718
3426
75891
1086
1494
27423
2133
1401
1845
2178
43896
16200
2901
52080
1752
2661
2415
14724
39918
1113
127686
16368
1161
2616
1872
2052
2625
1551
2496
1590
2025
1521
1221
96231
1332
3714
89289
2835
150750
1917
1833
2550
960
3345
3135
1554
816
9141
2412
21627
63756
2589
1080
1395
3999
6606
1908
2892
1971
4296
3102
4641
84957
1617
61581
52515
1686
170808
2388
1413
2520
24552
1683
3507
2028
62595
2037
2820
2451
3201
4830
1284
1392
42306
77058
1743
1779
1764
26976
3429
1956
1233
71823
3981
2715
19296
804
1347
1917
1932
2202
204
4680
206664
1851
4329
810
12912
2238
1962
2109
52683
4098
2520
984
2349
1605
1749
60789
2757
288000
1974
3294
1578
2664
282450
178464
101274
1398
2028
137235
1302
83409
984
1743
1779
1209
1518
2673
1353
2670
1032
14982
1653
2775
15876
792
2082
92844
1665
2133
1293
1392
80811
2088
80928
79095
933
1752
10983
2487
2520
2784
3846
2418
2109
1632
136614
21606
3156
3366
2334
29115
2511
975
2457
2163
3981
100539
1674
87426
1926
49092
1482
2208
1650
28053
17682
2415
1203
3519
2388
921
3036
33564
1704
1935
68169
2601
1542
1086
3153
2037
51540
936
1953
2961
1341
1179
1272
3153
38367
2358
2562
3636
2946
390
2742
434970
1947
2244
2145
2496
4497
801
5145
12864
58920
127467
1908
12744
2793
1995
1905
1449
1683
1461
19290
84717
1725
1383
1086
3303
1164
2193
894
3726
5448
2103
1620
2340
8052
1962
1713
2913
906
1503
73125
2355
3663
1584
2592
3483
1197
1470
2271
1830
2700
318
1752
1236
3183
1347
852
2151
175431
2106
2289
1128
11262
24195
2415
67644
1812
24072
8655
6840
1647
2010
244551
828
3546
2037
1356
2502
55164
1008
1935
2619
303279
165903
2076
2055
3216
498
1419
1335
1818
2055
2934
151053
2112
1947
2364
2748
3543
2343
1677
3561
1464
2265
1986
46008
50895
177984
1689
3276
1305
2376
267117
11349
30369
1758
34590
75393
2937
1245
1599
2052
2364
1296
1929
1683
1623
210378
1827
2496
2553
1464
2694
1098
1461
2169
1698
2223
2337
2040
2385
87879
152661
1497
2856
3393
1119
198531
1230
2460
27660
2841
1653
1269
15984
37245
2691
1725
2985
2442
2214
2022
2976
1815
69138
1365
261
3789
2634
1962
1647
1695
2463
1479
1338
94617
918
1983
90924
1677
255990
2019
1992
167157
216
78747
7770
1902
1530
1179
2331
2520
1350
2388
2214
3612
135906
987
2217
1362
1116
1680
38331
780
2550
3285
3708
90675
125007
1857
2577
1479
1803
1170
1065
1215
1851
1713
2307
1779
2625
1869
3264
2022
1551
2172
1788
1719
2052
52362
1320
1071
1674
1335
2001
1455
3591
1503
3678
2421
4440
1383
1383
1017
1098
2403
27483
2886
1440
1548
7098
1341
1500
2328
1329
1347
2079
2097
398562
2148
1479
1239
1896
915
2034
1662
1605
1482
24582
27591
17514
393
1248
1059
2205
1086
54750
1785
393924
15492
753
97578
3093
1797
228
1335
1329
3168
2169
2766
1242
1935
74253
3405
1506
11211
1479
1053
2934
2523
2172
296391
3786
1899
1248
27444
1209
2481
2382
1512
4968
30189
2841
146697
3792
1803
1338
1383
1857
1857
1995
2388
1353
98421
4200
140175
1716
1698
80811
2271
2409
51471
28866
963
1071
1188
11097
1224
1119
2688
6030
78201
3120
1941
1785
1704
2700
61779
3390
3549
1518
17304
3576
1677
3000
2544
2658
2160
1914
2295
1248
2550
3321
1761
126666
1407
1920
1455
29988
58038
214878
2490
1521
1779
2733
1449
7461
1914
1053
1299
1248
963
2715
55440
1422
2292
2751
3189
151752
246153
1557
5985
14460
114657
429
3705
1182
3219
1035
3069
9660
2769
109212
50028
143586
2766
58968
3102
3915
116115
2145
2139
1563
3021
2349
2916
74262
1665
2241
1857
2688
2928
3102
1608
73626
4572
2874
1068
1719
63168
1158
1293
1956
2787
2400
3609
1101
1590
1905
157788
333
67776
2076
1476
1842
966
3708
882
2295
2865
178914
1578
1779
113157
1716
1491
2409
38238
2421
2595
3096
341436
2739
30891
825
6603
30891
1620
840
2049
6111
2055
2547
10941
1620
3495
3810
2385
4212
2136
2478
1485
1062
1359
80277
3042
1065
4569
3510
4227
2646
1641
2721
3690
139353
2061
1752
1887
2628
1089
1341
2574
2148
1530
1527
79140
1464
2127
107760
2268
114312
61356
3351
1665
146853
2289
9618
76041
123507
2073
2298
2463
2031
2946
36393
9141
1122
1623
38322
3981
2046
6168
2064
1122
1272
51537
2283
2160
2493
2037
2292
1467
278883
1734
62178
1431
24681
158517
1266
1443
4650
3870
28851
159861
2526
1377
1599
2448
1749
1467
25215
801
2811
4134
792
1746
1929
127254
57963
1479
1413
375
1572
3426
1302
47790
1695
2145
1941
23781
36678
2286
1770
1281
2247
1995
1554
3306
9468
1839
5781
1122
1692
4488
53517
16269
1818
1290
43344
1845
1560
2208
66540
882
2973
2298
2850
1803
119214
1893
68394
2298
82485
2748
47139
1305
1737
1908
1701
1578
58323
16431
4560
2217
4674
1557
2100
1632
2541
2223
1719
1626
30696
2397
2697
1659
1854
158193
2250
57564
2937
2286
2988
2586
2934
97413
2967
1707
2478
2715
2004
67851
2406
1203
2115
1848
3060
1401
2358
1038
1827
1737
1539
1881
3453
1917
2046
1539
81924
24579
2100
1938
81771
1818
2937
40470
3366
1314
2646
1764
1626
1347
1797
16026
31335
978
1140
1428
3531
3495
1806
1863
2163
42528
1095
2694
1794
2388
2244
1968
2877
48582
2451
1755
2688
2169
91413
2229
2472
3216
2082
2340
2643
1875
2397
1998
3570
2424
1902
2679
128550
2301
867
2328
7749
1833
1638
1710
1788
1818
1923
1371
867
1014
846
1635
46650
318753
2286
2847
117030
32541
1500
3117
954
123933
3516
1185
32769
2154
3261
3312
3978
23196
2358
7698
1854
1668
69948
3000
3108
59814
4164
77886
10890
1926
2172
4239
1356
2682
119403
1671
3069
879
2016
1047
6846
1668
63432
1944
1296
1857
2865
1815
1071
1656
2298
259908
135336
1512
2043
1419
120825
2190
4506
1638
281871
2169
2094
2859
1260
2595
1467
54894
2151
2550
1761
3423
8688
1119
73983
1560
2853
1458
27135
2022
1689
3078
2325
43155
2244
1602
300138
3651
1098
151518
108312
2115
2796
2757
165390
42633
2532
1419
1833
1929
94647
2010
2001
3330
2193
1755
193488
1785
2928
18681
2484
8529
5550
1491
1638
2589
1638
90198
1557
1374
1518
1536
1698
2064
1242
1350
2388
7263
3078
1491
966
2067
54570
1875
1914
1284
3102
1023
2367
1896
1905
2610
2340
1452
2055
2916
3480
1398
11004
2091
3108
43986
2091
981
1242
1665
55752
2127
3264
153699
1746
24582
1551
57483
1203
2670
1185
2871
1884
1944
