707:0:0:0:0:0:0:0:0:0:0:0:0:0:0:0: (total 6)
0 1 2 8 Thread 0 going to cpu 0
Thread 2 going to cpu 2
9 Thread 3 going to cpu 8
Thread 1 going to cpu 1
10 Thread 4 going to cpu 9
going to barrier (cpu 8)
going to barrier (cpu 2)
going to barrier (cpu 0)
going to barrier (cpu 9)
going to barrier (cpu 1)
Thread 5 going to cpu 10

cpu 6 cur 6
STARTING...
going to barrier (cpu 10)
STOPPING...
Duration      : 10000 (ms)
Acquisitions  : 28100107
1734
1131
1299
942
735
945
1053
1704
1059
1587
1671
1686
1014
1554
834
852
1161
1218
30597
21936
19779
10350
7638
39240
1200
2430
1632
978
18942
11964
972
2085
936
2196
25434
19620
5562
29292
19761
630
37032
1086
2118
1428
1887
1281
51996
1395
5241
4455
1344
711
9210
1662
1644
7401
882
936
16698
7860
48894
32994
918
1236
32379
594
1881
6378
858
23646
1926
78666
1521
52848
1581
1758
1947
2103
900
69789
7992
906
1152
5082
1074
12747
26382
1467
55254
80307
27150
1350
16419
1497
20640
169215
1629
2016
1479
1629
81831
3183
2829
1230
2142
9612
852
2421
17406
759
30234
774
33579
864
1497
17544
963
1167
1803
21486
17340
2142
2631
11676
1095
1338
4863
2184
45516
648
858
1098
639
3441
15678
14673
18159
6717
1518
25377
94608
76542
1260
2166
1983
603
867
24084
7074
40320
1224
1926
1827
1839
2184
7230
1248
1248
1845
1905
1554
40269
1290
939
1137
3417
8691
1440
1659
20229
2103
5889
1725
1125
987
59343
22758
4740
15846
36366
6258
5703
1755
1659
2211
930
1908
1236
23208
6963
6021
13719
35478
1494
1245
921
741
2184
1596
1896
714
1023
7578
22227
1848
5145
777
4284
4692
1536
13431
1233
1254
639
1596
1812
46620
1575
37686
2634
22206
4341
2211
1245
1323
1071
3177
1779
987
816
56871
1077
825
92427
669
32223
52140
930
2844
19776
1653
23046
57918
22590
2073
27573
1005
1446
2289
1980
1551
7470
1701
1065
1005
1533
20445
22440
6633
633
927
996
9003
77418
7284
906
6888
1014
1716
1155
750
16188
894
9057
69021
1065
897
23769
969
2286
1977
924
1422
1107
4836
1968
810
1026
58803
933
36057
1374
36147
912
36300
1599
2802
50556
1062
1644
2490
8697
945
1146
20787
77058
1014
1527
1317
48420
17130
1590
972
18123
13656
1575
3381
2745
810
106095
1785
1563
7032
22752
1377
1680
618
972
28461
14088
59808
46863
1659
2091
28785
1137
1353
783
1551
975
1863
1398
927
61590
56316
4215
8220
975
29829
1080
1215
1596
849
1302
2232
9162
1443
1050
10812
930
2004
1893
1398
1425
4899
14397
702
1701
23067
1644
63855
1449
27282
90879
54537
822
1224
2283
5937
1512
1185
2811
1683
23838
19095
12987
939
939
8103
8349
40356
40482
1038
657
27159
35598
1110
56274
1179
1296
909
2166
35976
24348
4479
1392
11946
5541
1305
978
29220
2169
1698
1065
1344
44130
2283
1953
1899
2055
2157
1794
9390
36141
2796
1350
2187
26820
28731
1671
876
666
1989
11193
2193
13320
2847
1686
2214
1728
7503
822
1227
1092
2571
1338
1629
3765
11610
1932
816
1788
70299
1113
1320
1332
906
648
1074
36171
702
91671
678
1599
792
24354
1443
1014
1002
1251
1326
14514
1542
20298
3021
12798
1233
151332
55032
2085
975
31161
12588
1599
12648
1380
1545
1566
19092
8901
1401
20622
2346
60468
20115
20916
40782
2991
1422
1626
38424
4860
1668
966
1290
765
1236
26154
705
32556
23187
9171
867
171
1767
19239
57222
2667
1002
23307
1080
849
1242
1191
651
612
1023
801
64479
6633
1800
1605
36540
1446
1803
2127
2013
912
26505
10296
1080
1941
1116
67947
735
7401
9048
1443
1827
1374
6324
1212
4749
60411
705
11538
1896
999
3624
1077
1275
2061
1014
78873
960
1023
1311
72231
5988
12591
1179
1065
843
1536
1758
783
8085
1482
858
1752
8559
1296
39024
9117
1257
6276
1842
1875
7305
1419
2190
1089
35889
1197
2235
1680
1527
12453
948
642
1230
44208
1017
783
987
1086
1200
1527
1782
723
1494
1806
1539
1926
101349
1500
1020
2553
51924
11817
1878
2379
924
1611
1338
22842
741
1572
23568
1794
1551
999
1488
1380
56709
714
828
2928
19146
834
12273
1932
35943
1542
14604
1338
963
13608
58257
1608
13719
1380
30606
1893
22314
1239
18897
28122
1260
1707
21366
1185
1155
1275
20748
1443
921
15990
1317
810
1098
1035
26493
999
1446
36711
37158
71742
78906
189
2190
945
35961
942
36174
1242
1038
1464
933
2217
786
1641
1983
1644
1581
1278
10770
1809
43197
930
1614
8487
1101
1722
15969
2481
33024
2523
25881
14619
14424
876
714
11850
18156
2175
1677
1068
4173
1164
1266
2103
312
5763
1119
1029
50112
1758
5610
1380
984
6909
1971
2031
34938
705
1902
36333
1647
1527
1350
133053
13164
84891
2658
2418
873
711
1431
921
87402
11400
34818
2235
1119
1071
2859
1032
11139
80238
1521
8196
735
1962
6096
1671
1014
1239
1629
122328
20865
666
804
1041
1521
1026
1659
6900
3159
3936
1623
41892
4827
1125
5964
7272
1539
2286
693
7686
46989
15714
996
8880
822
2067
1233
53064
34962
981
1578
177441
1821
1098
62610
1518
1467
1095
22719
10992
1008
1470
4314
1119
3042
19302
1848
1386
3933
702
2343
9135
31038
66030
825
981
1224
1464
879
1281
912
2766
1662
1986
4164
780
1119
24786
2811
56505
2553
1446
10803
70311
19230
41982
1290
1152
1875
13827
21288
1035
948
11388
17688
71412
3561
5718
1146
1089
1014
8904
1176
2082
1275
1758
41454
2079
1179
1869
627
24360
55593
879
1752
16134
1680
2868
1596
786
2472
1365
14592
804
20712
20823
2100
4518
53976
2925
1248
1425
2505
95601
1653
2370
1998
765
795
2493
2337
2184
1380
7524
21036
5376
19746
1674
1641
1170
98538
1413
1131
17376
888
720
8715
1170
6618
1551
1572
13155
1554
930
1110
105966
681
1374
1590
32880
1176
56349
1362
630
1095
21501
6678
1146
3816
1266
2016
2319
2886
18249
1320
1653
2115
12984
27654
10437
813
8895
21189
22311
1278
13941
1377
50364
18771
56553
810
14376
23745
1500
64176
9414
714
1869
16413
1098
1491
1056
5127
888
720
1041
1611
1815
1080
1173
1095
14223
1440
13827
1032
1116
822
1686
1611
13200
2049
1740
1398
16989
1674
927
37437
1719
4065
1068
1803
1365
33432
35385
4890
1602
44421
58668
11529
1776
50643
852
29487
24048
1692
2292
1761
9081
726
1743
1917
53658
1224
1272
657
858
315
1008
768
894
1407
894
1053
1152
894
1080
1002
1143
801
723
1896
1824
690
213
768
222
720
2058
852
282
1101
789
810
1590
735
921
1065
984
27318
1071
1119
1026
19242
237
1191
795
948
831
669
1464
894
738
822
954
1035
978
237
1194
231
948
1047
867
228
786
2046
987
771
900
1101
1656
837
948
732
825
237
11628
951
861
1647
2178
1023
840
708
696
876
1680
2490
2406
8604
951
810
921
9306
62877
762
798
966
6591
876
966
1572
3255
738
33681
1017
240
1398
876
1113
792
228
32847
921
246
711
948
240
7587
1758
1065
786
765
879
222
13599
1305
1062
1056
1077
1011
1275
807
906
1125
693
699
882
852
237
1848
1155
786
753
189
882
801
1311
1824
1782
12891
1254
222
882
1122
10257
35667
1077
936
759
1863
960
1173
708
891
897
186
750
888
1116
834
1053
1131
1017
972
750
660
900
750
1713
939
1008
846
1107
1056
804
714
765
1047
990
717
678
7485
165
801
717
1437
240
756
888
987
1077
222
726
828
1593
1254
1941
1398
1062
915
174
942
762
723
1188
1227
285
1047
741
768
912
966
813
711
1155
1086
714
879
819
741
1365
939
879
837
786
807
723
1047
288
1170
969
1596
969
183
966
954
963
999
744
987
906
1074
291
909
20790
684
5847
1053
345
1119
183
1938
17808
984
768
1884
957
294
13146
1191
489
27270
12852
843
1674
906
3459
720
1014
1074
1134
822
846
1056
837
1122
780
9879
9561
981
1050
1080
13344
678
279
768
798
939
1815
780
819
648
975
819
1740
720
966
237
5658
756
22647
207
24999
1053
849
852
32406
993
1017
1032
834
1089
1029
3906
1128
1593
213
825
29427
1167
5877
1062
1275
1068
1455
115449
1110
201
13254
1128
816
1485
1131
15072
822
1170
792
879
789
969
1095
1038
810
210
996
855
843
1047
189
933
894
1860
894
234
711
900
921
885
8274
696
1200
894
26103
1911
666
46578
768
918
70479
4575
774
1248
14235
717
1227
1251
708
189
1011
1668
729
237
816
1902
789
37290
750
7173
1539
783
915
1065
2478
879
912
690
252
894
951
972
162
1215
1017
681
471
1257
1086
1161
981
192
912
792
765
1116
669
1032
1023
795
852
15096
1005
1131
696
876
1224
1083
31890
1056
903
1506
1098
1326
924
891
690
879
753
1299
1419
19833
810
930
13545
1314
837
852
768
762
1050
1707
681
1983
204
12540
978
17682
1005
1032
627
2211
1041
231
873
1065
1062
1074
774
891
909
237
792
1842
687
237
3186
1101
1026
1230
660
999
666
1107
243
696
9855
756
300
2037
1002
225
1248
1023
834
288
960
672
3444
1731
795
810
693
1653
753
237
837
1266
4425
6789
876
222
1272
927
825
834
1332
978
759
1008
1119
981
1185
906
1452
852
684
1128
816
2103
756
765
228
954
597
1287
717
1782
2040
858
867
1239
1221
1338
738
243
870
1197
822
213
4800
630
747
216
642
858
903
1026
1131
762
792
1194
834
813
792
837
900
1050
732
918
900
921
1824
948
345
1074
747
1017
909
1029
213
894
1077
1671
9120
687
891
6885
1044
918
1590
846
723
2316
1047
1908
801
915
10311
846
225
804
4329
1215
204
10368
1023
798
3816
666
831
1101
936
741
8154
918
945
20886
684
753
1176
1161
219
840
3141
1005
1128
693
945
975
855
825
705
285
1110
738
1269
675
849
756
870
1596
3747
864
963
804
846
1539
666
180
1044
711
1098
681
678
819
186
741
843
846
1167
681
897
1491
771
1053
315
1515
1455
1047
21705
1221
1008
999
9798
855
657
903
888
1047
27666
747
1659
1086
1143
924
852
669
1077
1020
1059
1026
816
735
38520
708
1164
897
912
594
2388
189
702
4275
687
1161
1203
942
993
861
16884
753
189
978
948
954
1860
1803
888
13842
972
2076
891
43329
5811
1533
837
927
1107
750
948
12639
951
228
21684
858
1002
381
612
1155
1068
780
1359
891
837
744
1113
180
2361
13794
852
1386
795
1770
14193
876
816
1008
1062
861
786
1032
684
1728
1041
846
915
6810
768
873
999
735
972
5922
702
26667
855
963
975
1815
12264
909
1290
1185
714
1083
978
669
816
1560
957
825
918
318
690
795
1251
735
50172
1287
2430
810
897
711
276
1092
780
702
1029
867
975
10806
756
807
1125
162
1026
438
1185
954
792
777
1920
822
1047
756
228
978
888
861
936
432
7914
828
978
14160
771
1125
861
1167
915
279
978
9021
22842
852
933
708
681
1029
759
1143
882
6402
747
1095
1140
36033
924
840
225
936
5439
1155
930
3495
897
44907
861
2166
1215
19065
768
174
1179
1368
8889
825
1647
219
912
16986
747
1215
861
1098
1578
864
183
975
225
1083
873
996
1200
819
822
771
687
774
1119
2193
879
1323
2580
939
1671
825
1128
996
828
972
915
23436
891
990
1083
522
912
1818
1179
1764
1599
1986
807
978
213
939
921
714
10542
780
1029
2016
1836
663
1017
669
822
711
762
810
1035
675
762
753
609
2847
12402
1473
762
705
13047
762
981
864
708
762
924
984
36753
1095
684
1464
1527
237
933
999
726
240
501
951
744
1020
1134
843
276
687
234
807
1173
1020
762
918
840
1206
978
36234
1257
303
1083
675
2496
6024
723
834
1128
294
1080
765
747
1059
1887
2412
36777
699
963
51540
891
1116
7254
10185
1065
909
867
795
13413
1191
840
40107
1080
798
4050
1089
711
627
660
855
789
765
843
1056
900
1041
606
12414
807
1437
1074
1518
234
1221
186
1035
24906
738
1344
1965
5109
681
1350
1203
1179
5622
726
1035
1119
969
438
1485
1122
24141
1032
828
5607
885
903
192
1287
1215
894
1602
672
849
921
1713
996
1176
7215
693
1125
1065
708
939
1197
1005
699
948
1110
807
627
1494
672
22563
1878
855
20274
753
1002
8670
639
1299
1404
1017
912
750
1338
1575
1785
996
1002
1245
780
3480
1290
18150
966
1119
984
957
1062
2142
876
1896
678
2265
828
1056
1158
642
759
714
1509
870
1692
1107
870
1044
1290
2367
213
897
1659
651
2115
924
855
711
1347
765
819
801
1011
156
1350
1074
1290
1029
768
2094
1005
192
1035
1056
189
1185
729
903
2181
891
843
1218
6291
1089
10242
1596
219
666
978
1017
1062
1155
7002
1806
1260
663
774
10014
1461
834
957
801
684
1044
2160
717
984
34410
252
735
648
669
192
1071
11379
903
1053
672
2268
708
1593
699
900
735
777
219
954
21612
954
2730
5598
729
1185
765
246
1311
222
948
1107
705
798
744
675
870
1014
357
6864
831
759
708
684
789
1065
726
1107
783
1314
705
306
747
1770
882
1143
759
1065
909
990
207
822
684
1011
4908
1056
1500
939
222
1134
942
1968
747
1533
1278
1065
1005
1473
1857
1065
2451
918
918
12069
891
783
828
729
678
192
2091
792
864
24465
819
894
834
771
765
231
1071
1692
1029
1392
906
846
201
1065
705
1083
1146
1185
708
198
2064
54567
855
225
885
24789
1683
1071
1047
1035
786
705
999
1317
864
1533
1167
2328
1212
1014
969
786
19071
1434
1530
1323
984
837
1671
1182
837
981
858
267
6492
225
1035
972
735
693
675
1317
627
27834
3897
219
1059
762
873
966
1122
693
1083
942
1689
45093
43914
61692
768
1743
57831
1242
993
31716
867
684
5730
648
846
186
1029
1083
678
15963
801
1269
888
5709
1233
1065
1011
897
981
1035
1284
894
1437
390
1017
432
10149
825
63558
915
981
1389
972
945
7098
1782
762
1206
6441
1107
861
1326
777
234
936
24450
984
1041
1080
930
159
888
348
807
21162
1035
1410
234
2037
2031
183
1332
780
1161
708
195
2238
825
723
993
681
186
1788
1257
711
681
2955
1212
14169
384
813
10839
714
888
1830
876
1176
915
705
1122
897
16569
1464
993
657
1059
12183
1215
945
741
1128
783
1161
1062
843
717
1110
891
750
1194
16173
180
2133
231
963
33744
1221
918
1023
663
717
1053
840
681
1098
225
4323
19356
5709
1245
657
2541
1212
765
7455
966
1116
1134
225
876
690
939
1095
801
20562
1377
1293
11148
4404
1965
702
1212
282
1713
657
750
999
1143
699
1095
2259
1128
771
10779
828
414
912
942
1233
1053
1026
924
23532
693
861
651
738
1347
942
897
1023
201
831
723
810
654
735
282
765
1539
696
714
1062
2082
984
1068
750
732
831
705
1044
651
750
831
735
633
651
897
807
19383
1872
921
999
855
693
684
855
61131
960
618
1137
1698
762
5499
1146
690
951
654
723
1083
213
1125
747
1341
228
30225
846
1092
984
960
1971
783
282
1029
1068
927
231
1104
909
1146
699
885
1179
984
768
813
1188
186
9336
810
717
10662
864
786
504
1059
1713
1113
1053
924
696
1137
1134
1011
195
1032
1092
765
663
876
1062
1128
831
1251
237
723
927
945
4482
798
264
8598
1689
891
1212
1017
1041
720
435
759
1773
183
1218
7377
669
2040
735
657
1068
7749
1008
1185
1377
948
225
903
1080
219
36723
15321
687
666
1143
1191
1377
10557
603
27381
924
945
1248
27966
789
4560
1143
459
789
8928
234
732
17493
189
1149
837
1008
1218
936
783
738
1440
858
222
1374
11136
987
744
1719
1440
882
53673
1155
927
1230
1080
3384
981
849
918
747
8397
1710
882
777
1221
807
23337
882
1788
663
915
945
1161
717
1200
978
2364
900
1200
798
849
939
1230
810
6513
678
948
219
1770
1092
825
2160
852
1050
1596
219
1101
981
1008
804
1605
8355
927
1653
735
867
726
843
7161
756
840
6174
1125
41004
1233
1131
987
663
750
1167
7563
945
885
1194
1659
1134
645
687
1263
1167
951
1677
192
963
59751
750
1542
936
789
1059
813
675
1683
639
864
5790
1239
972
939
705
1272
696
930
1743
1596
858
47130
1011
426
912
897
840
336
23865
690
792
1044
1065
1368
15147
741
1551
882
1041
1347
582
2223
1401
237
1083
1083
1038
753
10425
882
1659
1110
741
1191
756
1002
930
951
5172
801
1056
1551
816
1359
852
1041
300
7773
702
16185
849
222
897
747
1056
675
864
228
867
1392
921
774
1215
894
648
909
6693
1212
48813
954
237
999
990
10824
1755
1086
990
1014
1401
942
38970
1479
1143
933
11724
1080
237
834
318
1338
3684
1014
750
795
1104
900
768
762
1011
240
21900
687
1302
948
906
756
1191
1608
774
1167
804
1803
11313
336
981
1356
1338
1347
1035
204
1047
801
654
639
1524
18936
834
1101
975
855
765
5784
26214
870
900
912
666
231
15978
951
17802
4485
1065
6294
7047
1626
62295
993
789
546
957
786
1038
645
15129
1044
1128
1026
999
1032
672
1236
11781
966
651
774
693
1179
723
1479
948
345
918
669
171183
633
192
1242
237
3846
1011
735
771
840
1023
948
3882
1164
1110
9531
939
2031
3432
699
309
855
1839
723
10116
810
1347
297
885
1770
669
27870
70791
3690
48102
1422
264
30912
1395
1665
1437
1278
2238
1071
1557
62907
55278
2487
8166
1368
1179
26871
1149
1257
1737
927
933
1383
12051
936
11982
1266
792
2550
1239
933
1458
2976
15660
648
24369
822
62412
636
30096
145056
1167
1581
1824
5307
954
2052
1002
2466
15801
3795
1191
16935
12780
1218
789
8901
852
47307
957
40947
1233
63393
1188
1485
56850
1233
1068
1431
36528
32202
1329
10350
5529
1284
1005
1074
26448
1347
2076
1398
2085
46221
1854
1266
3078
1071
1320
2064
7563
1110
39387
1857
30309
29130
1695
921
873
13749
1386
13443
3927
2226
1842
9900
1308
1206
864
600
1797
1464
5043
11100
1485
792
1098
68715
798
711
1305
2025
1227
1059
37737
1257
89871
1074
858
1746
816
24255
807
1323
768
1326
15981
22518
10362
3240
627
150420
2139
54078
15792
1353
2574
1056
30525
12846
855
15171
1413
1791
18957
1026
8400
20742
825
846
62148
16008
2502
19494
1356
39810
2922
1095
19668
23859
708
1116
1614
2670
1161
26142
1095
30408
1887
13014
16479
1662
1974
1041
6228
11829
57012
1425
1785
23460
1059
1095
984
636
960
1668
846
990
7554
56604
7485
1236
39561
1914
1476
2619
1812
28236
10410
3300
1089
66216
2358
8922
6453
1203
1224
1713
7677
4518
1665
59634
1938
9771
1125
2127
5655
2988
720
1284
81531
804
1212
1158
56274
13413
21423
1299
831
975
1893
1212
7374
1494
1083
1560
1314
7935
1413
49041
8436
1446
1443
5529
2112
2409
852
37083
2508
1962
1725
14097
1308
924
10476
23541
11529
720
999
855
1017
1344
1827
1056
942
1461
1488
1491
8844
93453
1152
1353
765
1233
25917
23673
1227
12009
1800
873
1107
996
23637
1512
753
1299
23523
3207
984
1344
2703
56871
660
1056
2295
2982
19512
954
12951
37605
1941
14853
933
1299
71556
1095
1671
13488
23715
8103
22713
3075
49683
780
1437
19773
1179
1665
2145
702
18951
2031
915
2142
15123
1179
717
1323
27954
717
846
74433
61101
9837
77157
1491
1875
615
33561
939
1143
36528
1059
972
1311
1425
1545
1272
948
1701
918
1803
1446
11436
39615
5238
1071
10527
873
1476
14478
1833
2040
32949
1860
25797
9939
14709
1737
1638
972
12405
18246
1830
762
1581
1881
1017
1476
1803
5703
1413
1236
1332
49980
1200
3204
1074
1017
5499
2310
1590
1563
34386
1242
38832
1671
1458
72135
60207
1323
12207
83766
705
1680
1602
2394
975
1020
1446
87531
9393
36969
2673
756
5817
91842
1512
10812
3429
9237
918
735
1122
122226
2040
20709
1014
954
2211
1641
1392
1842
7512
1401
4737
43728
3609
1329
5988
7542
1650
2472
615
9270
43803
1062
15786
1470
9549
1500
1311
1938
50265
1050
33579
1188
1407
45012
134142
1398
62772
2253
897
1035
36069
939
6789
858
3096
16884
1641
1347
747
2376
666
3711
7659
32970
64128
837
618
1509
2316
1044
1071
2247
1656
1089
3717
1329
990
27384
56496
657
1599
1344
9072
127695
7401
960
1329
14274
927
19770
1215
1302
2049
27504
63645
9546
3315
5610
1557
978
9225
1044
1026
1575
1170
17016
23535
1581
2115
1251
1554
1095
22485
57489
1425
15615
1143
1959
1098
1812
1851
4815
14625
750
22779
17967
1500
59601
5403
798
1188
95223
1209
1632
1791
1344
1212
1344
2271
4476
1509
4815
20859
8475
18372
1563
603
1539
98241
1677
19212
1086
8442
1080
6210
4587
15030
1200
690
1353
81669
21873
1518
981
981
1038
1914
30267
861
54651
1014
621
1002
15906
12570
1617
3708
1536
1155
1302
6069
16242
1176
2109
2064
1149
23136
15822
1506
10248
4614
3621
23211
20850
1167
834
11739
1503
1326
48642
18924
2022
55416
1413
1473
14433
23895
64290
834
9774
1305
1278
16887
1020
1296
5019
2124
1695
2298
1233
2445
951
1209
1230
14838
15813
1542
1512
1140
1395
16878
2100
1869
18735
939
39756
4461
2466
2094
1128
1764
30642
34893
2325
2991
786
44421
993
56823
1512
9987
2196
50343
4278
26982
24417
7692
8811
1335
1044
1116
53307
1734
1128
3486
1371
1272
660
825
1227
888
948
1026
1068
957
1011
1263
1308
987
939
1200
32646
18825
39711
40755
1656
777
726
1554
20331
11829
1584
1281
1581
47874
5301
15264
12996
17976
34782
2991
1509
1188
1506
1422
53577
12537
1320
10851
2355
1473
4812
1125
1449
2601
3795
11181
7317
1596
46971
31449
2910
1428
2226
30813
1689
789
2520
5622
1152
23727
2556
52983
10854
12132
1584
52518
891
1263
1431
1248
2253
69609
1548
7761
945
6624
1056
39786
54882
939
77679
1452
26244
936
14790
1869
2682
21705
108747
59421
1902
1818
1239
1512
80430
6603
1473
1779
11892
2853
696
4419
12123
31344
35745
1335
1734
15345
1194
2439
1479
41493
1293
3486
9081
2067
1500
5130
1899
46941
948
1488
1242
1518
3120
13869
33558
8727
1179
120510
4428
11337
3537
5625
46299
1083
2739
1713
1038
1137
867
6873
21861
40770
1344
1104
1797
2808
1341
8700
1368
2184
1971
996
41946
1692
1728
1581
567
1641
7752
1638
20247
2499
2400
5910
1584
1023
60618
24327
2589
17619
34974
6291
7392
813
1977
1242
4356
2004
20484
2427
6309
18063
37701
1527
699
840
1206
1908
1854
990
1143
10422
22512
1392
2868
2223
3285
4722
1401
1383
13527
1053
1182
963
1269
49026
1527
36027
2205
25251
2679
915
2025
1011
735
3204
939
1152
1128
822
57360
1707
1125
9900
73218
6402
882
17904
66501
927
1236
25122
81585
24825
26772
1440
1716
1074
1440
1983
1386
4590
1515
1287
1335
1053
20517
1683
20286
8907
828
1233
714
85917
759
7482
882
3213
2421
1320
1407
801
861
14832
990
897
7152
1362
68907
2013
26091
1209
2709
720
1053
1101
2097
2949
996
2694
792
765
58695
1314
33966
1590
32910
4110
1332
34503
1062
1005
48693
2019
1257
1731
12087
1032
1104
18873
77118
861
3306
1110
1953
26241
20055
19347
2721
18291
16683
3888
1713
1011
106638
1740
1314
5028
5223
18573
1149
2325
1383
855
807
855
1149
750
747
276
732
1191
777
996
912
1893
996
1005
720
819
984
1113
1245
969
993
810
996
1113
180
963
1137
885
912
1224
726
795
738
705
918
759
831
711
6369
1872
804
936
1692
984
2145
1617
897
1557
906
819
225
1233
972
777
1611
924
822
765
882
1953
1047
753
819
864
885
663
966
1170
816
843
1293
813
738
165
834
1011
966
708
759
1167
1038
1650
990
933
333
657
2016
1011
957
1374
771
744
1071
1074
1767
705
9852
10539
7443
2412
1590
300
14289
3186
699
762
777
312
918
14781
1932
26187
14445
882
231
942
4974
903
831
894
1179
858
1152
1143
1392
735
891
8178
855
303
7635
1008
906
606
13164
1116
1560
828
855
972
210
804
942
738
1233
876
1227
285
810
753
1689
4890
660
735
234
20424
1734
228
22866
792
1071
714
1155
30804
1041
831
825
663
1176
1248
5031
825
2259
30624
7521
1452
870
828
342
747
113910
1158
15144
1197
810
285
1149
16431
759
891
1071
939
720
876
1065
1431
1812
834
915
708
1959
777
1134
231
831
1452
981
981
957
9327
768
861
675
246
23664
771
300
897
46788
1011
735
966
213
68277
6147
1167
15888
876
1113
846
2148
705
312
843
1608
2046
897
789
35883
693
8853
855
678
1143
1125
255
933
1098
1191
1677
1101
708
1992
774
588
2112
1239
993
774
2037
711
900
1095
1089
996
927
1401
891
16131
1032
903
708
1200
852
32949
912
960
147
993
1011
1119
825
1044
837
732
891
912
216
966
18084
858
948
903
13860
906
918
849
702
813
696
240
1260
948
159
1554
11730
795
1047
237
15693
900
927
762
942
918
699
2076
1254
717
900
846
1161
867
1974
1044
234
954
1359
1950
1056
1053
711
1392
912
1116
1113
2199
1182
288
4158
2112
1077
1590
447
912
1836
891
588
2184
804
834
2031
831
237
1164
831
753
924
303
660
1635
1791
666
3012
8241
2220
945
717
1023
1185
735
1035
678
1131
807
921
741
819
1095
678
1026
1254
663
441
771
702
1878
2259
1032
774
183
918
243
711
780
741
1356
1170
1038
1602
879
660
6483
825
1419
693
669
1041
798
1299
753
750
1050
795
750
999
912
699
1131
903
1047
969
849
186
726
1653
1179
1014
1203
846
1620
705
975
381
1257
7119
774
846
8343
774
1050
234
969
735
1017
315
1098
972
444
813
867
1290
8439
876
1686
6381
1533
9045
738
1182
975
291
1962
996
930
912
1017
681
699
300
7560
753
924
19557
888
768
1020
1041
1620
4344
1227
987
759
1053
864
837
684
2478
810
846
993
861
846
2139
231
903
1686
1299
777
975
750
1509
1002
1713
732
1023
768
888
1047
1473
756
1029
747
825
711
678
216
855
906
2799
237
1278
1383
831
20397
879
978
855
10923
921
1026
840
507
29727
756
309
951
1023
1023
1053
831
948
1044
1113
1194
1134
690
39675
930
1011
1113
702
933
249
2082
5373
750
1014
1065
897
729
960
15522
792
2079
915
1065
801
201
3402
15537
876
216
1047
750
41148
7290
414
1230
858
723
1314
1008
13737
23475
945
1875
1017
762
1122
870
933
825
876
906
4827
13845
795
234
798
822
186
16011
900
825
864
885
888
1260
1002
882
288
1074
852
804
987
5652
1101
783
1026
822
672
6960
897
25113
750
696
1092
1116
288
810
11175
645
1116
1491
759
717
813
678
735
777
300
675
978
768
1551
1206
759
813
672
48597
975
1164
336
1083
1029
705
1503
849
834
786
1110
765
12048
834
771
1884
1569
1122
927
804
837
288
1047
783
1059
1458
837
1017
1230
10347
618
1377
12645
948
699
834
1032
867
1773
10488
21666
1266
714
861
891
975
705
897
960
8322
906
831
1254
34491
1032
708
1620
777
5592
906
957
2004
1038
45990
1158
204
1092
981
17904
771
1878
819
10350
954
186
1662
18207
777
891
861
951
303
1041
1707
1476
1023
996
1299
981
942
816
714
708
1116
1272
384
969
933
4398
672
225
828
1113
828
945
744
1314
741
21969
903
684
864
501
822
837
222
978
1080
234
711
351
942
225
903
816
1422
963
846
990
7881
1239
954
993
438
813
318
750
831
975
834
741
1074
825
987
939
849
765
681
1173
1122
14229
990
759
14343
732
981
582
735
762
1134
37986
1125
1047
765
1998
903
606
1476
1371
759
987
984
978
1890
2217
714
1131
1167
762
855
1104
1065
1095
34866
915
2292
876
2397
7305
669
1224
1986
816
708
825
1011
186
2001
1221
35619
675
849
52872
927
909
336
4596
12552
723
795
1182
14814
906
41661
897
1872
1329
762
1080
1383
1203
774
756
924
867
891
735
771
1116
231
1053
231
741
1602
1725
1131
174
1119
1833
921
903
813
234
1059
735
873
918
28335
1446
930
19464
1659
774
945
1023
1020
1041
1254
891
753
837
771
987
2256
1434
903
960
1635
810
393
861
786
684
1158
771
309
1125
945
792
849
1959
10053
651
897
813
321
750
183
1482
768
684
747
738
1509
177
891
567
903
303
747
7536
762
1104
894
831
7563
64353
1023
786
1419
4731
1026
870
978
177
906
1893
819
738
33606
1659
879
948
783
1659
729
1860
888
1725
6108
825
279
1317
900
753
828
1815
11601
1368
1083
804
723
756
939
1077
1080
765
834
828
825
846
1920
225
957
1062
795
2037
867
1041
798
183
849
300
933
11502
975
1944
783
747
8409
37176
1251
3768
1131
834
237
918
645
6627
885
1134
843
2403
180
1218
900
22059
1350
717
5502
723
807
1746
1287
783
1224
591
831
888
1599
867
1053
9090
1023
825
963
666
1071
753
708
1056
807
1272
681
693
225
696
23946
228
912
21741
1077
10026
1284
1107
183
927
960
732
789
915
231
783
234
1290
777
795
648
5235
153
651
225
16650
699
840
1005
732
1050
981
210
795
1770
1182
675
171
1800
879
828
1209
873
768
903
945
963
300
1458
726
951
1125
885
150
1698
1005
180
789
729
225
1131
705
705
954
255
729
756
834
798
1611
894
1299
1014
900
660
165
1056
1722
1041
1923
615
900
3987
855
663
1023
4503
990
12012
219
1593
717
1383
675
1110
8703
279
864
1053
618
11643
978
1278
651
915
720
1218
180
759
1068
786
32643
1917
846
744
1314
13182
711
720
990
285
789
945
1032
1005
804
663
1401
1359
20457
924
10278
1065
1134
1539
1761
810
930
696
786
669
1179
720
2016
5250
1281
753
705
708
963
1233
660
648
687
1005
864
2151
1065
384
822
702
942
672
906
1143
1629
744
846
684
3987
963
795
240
900
1887
1143
927
423
993
1200
1041
987
1128
1128
1152
285
1260
1134
417
717
837
786
10248
948
735
963
837
783
1947
450
696
642
780
23163
684
1050
942
756
1083
1860
1410
696
1014
180
915
969
1611
1224
834
1131
1323
702
1716
465
771
52839
771
1131
1071
23460
660
423
960
1272
750
972
1026
1050
948
723
882
228
987
825
2883
1242
1269
699
20397
903
180
1104
954
858
1119
258
747
918
750
882
2460
4992
1437
1044
1305
1122
789
924
1176
765
26556
6054
723
714
984
1185
867
1071
1149
786
327
1284
43602
45180
60561
861
918
186
59061
963
33186
1011
738
4284
735
753
1695
1542
660
17439
1314
1017
7305
1317
696
891
1080
1455
765
222
696
1191
2349
2271
8901
1026
65052
825
1071
177
726
657
1218
5259
813
177
732
1011
6501
951
1062
1245
708
1707
837
23442
651
816
1212
861
1788
1848
870
19560
1215
960
1323
231
978
240
1389
879
1017
1014
1824
378
657
759
813
1098
1863
231
918
1272
720
4611
1215
192
11784
2061
720
9189
1194
927
693
336
669
1230
1062
909
1182
660
744
15390
999
1182
759
825
13857
717
969
756
939
726
990
1260
768
780
888
699
1362
1482
14274
1524
222
2079
35268
1260
1053
1440
711
687
1113
852
846
7089
17511
7008
975
750
219
348
969
768
8715
1314
1275
1941
726
1005
1020
951
780
19089
654
1623
12624
165
3210
183
1161
996
1548
186
1392
633
939
840
873
1005
639
522
690
1089
12435
1659
891
1119
900
903
849
24987
753
828
621
1035
762
1332
1254
2052
1452
978
684
957
1581
768
768
837
909
1002
252
1206
1275
828
894
870
786
651
1065
903
867
801
663
675
1152
708
21405
297
741
840
813
741
714
726
62958
774
765
3048
648
4152
792
1083
651
1119
795
1266
2046
822
1554
2112
29256
660
1086
1254
1128
1671
1365
1863
816
1125
1695
897
741
1002
669
1293
1032
1335
735
843
1623
7401
657
879
762
9048
747
756
1845
1224
1692
1011
897
858
1056
1305
1005
1608
903
771
798
882
912
1212
885
1353
1509
990
1284
5649
1881
7047
1464
1512
1371
864
798
918
1737
699
180
10833
930
240
1152
666
681
1404
6420
888
1029
957
909
2022
669
1845
35424
981
13386
1053
813
1083
1077
1119
10503
669
1131
25452
1353
1152
1047
30288
5946
2121
666
7425
1617
813
16041
1560
732
708
1155
750
786
690
1035
1152
1806
12267
1077
951
183
948
819
55383
744
747
1050
5193
675
651
765
693
6837
2556
687
1080
1188
24744
858
1245
846
870
1296
642
921
933
1785
183
630
891
1197
879
726
957
1299
1167
6696
783
1914
231
849
915
933
252
651
1050
843
147
1608
897
879
666
768
234
9828
927
1017
918
690
669
834
258
4266
1086
756
966
5052
993
702
39522
1236
843
918
906
717
1167
9042
828
966
1548
252
855
909
756
1185
1182
1143
996
306
1593
61632
885
186
852
1167
1224
999
642
651
282
675
756
906
6381
1065
843
951
918
687
834
882
336
810
165
945
48894
2070
1494
750
1869
23655
807
684
909
1089
16362
1368
999
945
1287
2973
219
1059
2244
1371
762
795
11829
978
180
909
657
1074
810
849
792
891
675
3276
1143
927
1221
1125
1203
1140
786
10329
17412
1941
684
753
678
966
1935
996
807
933
1095
1191
1029
996
1140
6288
50604
1656
720
12330
1248
1452
924
960
162
1140
804
36930
1122
198
834
1194
13440
1758
2487
1215
2097
1212
1074
675
1260
1266
705
720
1071
22317
645
1104
1371
732
1035
1008
1197
1740
1896
960
1356
1965
837
987
1017
6510
10362
7095
651
897
1047
2421
840
984
657
528
702
1143
978
738
228
13947
789
2940
1605
1416
918
669
648
924
1746
18951
936
780
876
762
34674
684
684
1179
18525
978
16617
933
228
2646
879
900
4755
8523
64182
1026
1908
1095
666
738
16344
1311
984
1065
771
879
840
13800
495
1077
990
759
1089
1227
852
1848
861
669
258
168651
705
1737
4935
1026
1080
849
693
825
789
981
2070
1011
768
11277
1176
288
1041
1203
927
2289
720
837
888
672
216
7767
942
984
1809
837
261
1185
987
1074
5502
1272
738
651
777
666
1569
957
753
705
1182
2223
10695
753
837
1266
1113
1572
1686
26265
1452
819
291
978
