f0f:0:0:0:0:0:0:0:0:0:0:0:0:0:0:0: (total 8)
0 1 2 Thread 0 going to cpu 0
3 Thread 1 going to cpu 1
8 Thread 2 going to cpu 2
Thread 3 going to cpu 3
9 going to barrier (cpu 3)
going to barrier (cpu 1)
going to barrier (cpu 2)
10 Thread 5 going to cpu 9
Thread 4 going to cpu 8
11 going to barrier (cpu 9)
Thread 6 going to cpu 10
going to barrier (cpu 8)
Thread 7 going to cpu 11
going to barrier (cpu 10)
going to barrier (cpu 11)

cpu 8 cur 8
STARTING...
going to barrier (cpu 0)
STOPPING...
Duration      : 10000 (ms)
Acquisitions  : 19432845
876
1245
1809
909
726
1260
3111
1455
1251
1635
1920
1293
14448
720
1017
915
1026
669
1239
1317
876
1392
1200
951
321
3159
1224
2745
1152
67395
1653
26679
1620
1212
324
1032
1683
1542
53691
879
1392
1701
1443
1641
68082
1788
1971
1461
594
1617
1302
1734
900
777
867
831
43365
6426
29940
46767
774
2148
1563
315
1623
327
1131
11217
1272
1092
1185
1119
804
870
1284
1245
1362
2205
219
1239
528
1755
936
948
1005
1281
2325
86598
324
1434
2223
861
40062
3483
1332
16680
1113
231
1968
2274
816
3312
909
12342
1881
1401
11412
11865
966
2187
1317
1035
408
2265
1113
756
1809
1227
1209
885
38439
993
25593
1836
1548
693
1023
882
1248
1380
1638
846
2409
7815
1707
1035
1341
894
1857
1254
8088
852
885
1230
1071
21861
1203
15648
1377
942
1236
4497
969
1362
1464
1011
318
1158
2202
1611
1563
1617
1149
48168
1305
1857
879
1185
1452
2172
1365
20349
1206
1344
1281
312
1257
1722
1047
75666
1044
1494
1143
1326
1128
930
1425
1008
1254
1596
2925
1650
1113
6525
1863
1635
23238
2028
1605
1452
1062
1032
1008
867
1035
8298
93285
40959
1467
1452
1191
2301
1011
843
1467
15468
1293
8295
693
246
1665
1095
240
1056
1242
1392
2106
1080
306
1293
1977
88782
1149
1572
1686
1791
1773
849
1263
1458
1257
1383
107400
2130
1536
1221
3657
1167
981
1143
1962
50541
1152
5013
1281
1227
1005
1383
59865
1491
1929
2283
975
963
1251
1131
948
963
1803
1986
1377
1032
16398
38577
1773
591
1437
1407
2268
8910
1110
61095
789
984
870
1047
21123
798
315
1389
924
882
1128
684
59712
19845
1080
13287
2031
1986
1845
288
1359
1464
1872
1266
1050
1083
1035
1209
1599
1152
1545
1248
5364
1326
1185
2508
771
321
1215
1170
1011
1980
1149
2052
193929
1542
978
1404
1098
789
771
1650
2334
1614
1848
1413
1230
867
1059
72462
1317
12099
1161
18246
2184
6066
1566
6144
1191
861
1695
681
1260
15495
1569
1212
930
1218
1347
1020
690
813
1182
738
1257
1401
2016
1218
1140
1140
35325
1410
1497
1284
834
2808
1074
1830
1137
918
2808
21513
864
1092
1182
885
948
1038
1446
321
1533
1428
933
25296
1578
1089
3336
1242
1371
1866
8979
1857
1869
1092
7914
1518
804
41256
1326
1170
2358
951
1758
1437
1668
993
1662
1122
1776
291
2340
2391
1245
999
1056
882
1170
999
17286
41139
1518
3957
1563
1668
1011
7923
1011
1197
7473
1902
927
1116
1059
930
2859
1662
1002
1767
1269
1683
44829
5121
1770
243
1059
46638
1596
1077
1242
915
31629
1320
1443
1557
2799
348
966
330
1185
1443
927
1161
1671
1431
78540
1554
1149
1275
2187
192
1554
1194
1158
1029
897
753
1029
61905
1200
1125
306
1905
2541
1698
2205
1101
999
2619
1824
1539
1326
1713
1308
3582
31701
22092
2427
2280
36855
1212
819
1020
1383
1485
846
318
1311
1242
846
1110
2238
717
1815
1392
705
795
1011
3066
1416
1020
1380
90579
7716
855
2145
2250
1371
34995
651
1347
1254
729
31317
891
1134
1338
4695
1020
1380
1287
993
927
1149
771
1767
924
1533
927
1626
1101
11736
1635
51750
59796
861
1032
198
1755
10923
4611
1947
1125
975
855
1293
852
2292
873
966
1104
1059
1050
888
1290
1044
1254
1581
1551
2664
1947
1128
1476
252192
2262
1920
1557
1431
1362
1341
273
28476
1035
1173
1509
834
1095
2448
1443
2010
864
1302
840
15729
2091
231
3066
2031
46590
1023
894
1359
909
1074
876
27855
1203
975
1149
1116
1455
2805
2475
13593
858
558
1620
879
1512
1077
1314
1164
1278
789
1509
1233
2613
690
1056
192
2058
1560
315
2835
6072
1014
25281
1014
1434
951
1044
1041
44373
798
2583
813
198
735
1344
1275
840
1386
2520
1176
2733
1416
3636
1098
894
1221
1071
903
762
807
1887
909
1662
13416
1173
4254
1320
1803
1317
1167
6150
822
945
1152
930
1275
1269
1509
1779
13374
2175
1458
1239
981
1083
354
1749
17739
1131
1263
1074
44475
963
285
2895
1086
1440
1650
1026
40077
2763
969
885
408
2037
900
213
1476
77490
35694
34491
765
3627
945
1443
1905
981
1119
1911
1443
705
1095
5739
900
8772
1713
1899
1086
1479
1734
2682
1209
1428
963
1449
2484
13371
312
1710
1044
1350
1104
1257
246
1002
101994
2310
1143
1191
1485
1290
297
1704
1095
1038
1104
1008
112428
32973
1629
1149
187230
1269
2049
1395
50235
26865
774
315
1509
21654
7512
1008
1305
1155
1629
726
1215
813
1641
945
1485
2160
10431
1383
1716
1170
8835
1383
1128
40425
1509
1083
1389
1227
771
1488
41850
1086
1158
1011
210
1911
1245
1071
852
330
696
23550
981
1611
7773
1716
966
2223
1695
1299
1275
1512
816
810
1440
2661
1467
1512
1152
1380
180
228
1842
1668
28980
1350
21954
60543
909
1017
795
1647
1287
2103
1002
315
1089
1083
1947
1782
1293
2325
993
126933
1044
1542
1257
2064
31716
309
1335
38697
822
1410
42570
1947
12357
3285
1548
993
3081
1431
1344
1239
1092
258
1338
13416
1059
1404
1335
1740
33366
1131
1641
717
1284
954
669
1320
1158
1140
1149
1371
1344
279
1641
9411
52356
151428
2808
1014
1656
1170
975
831
936
1386
4191
1200
1137
1062
1833
12513
1122
2235
1464
753
2892
672
1056
1494
1173
1482
705
243
1641
1269
2313
1401
25023
1371
864
1251
1170
324
1152
1173
6048
1323
27573
1125
9120
2220
1056
12387
762
1548
1257
1410
1575
1146
885
1107
1131
1080
1158
17019
16149
954
1605
1929
1626
861
888
927
1167
1020
570
1803
819
1356
987
1641
861
1818
942
855
1509
32622
1887
852
8427
1077
1305
9168
333
1602
1188
2016
8046
1260
1569
24132
1005
1656
1053
1197
1341
555
927
1341
7212
1329
1677
1797
17652
282
1383
1095
741
2118
1644
789
10314
2832
1458
1293
20685
1365
1542
1782
1119
1161
13368
873
882
25329
1074
852
2253
1281
1689
1116
936
1023
963
954
1044
12807
2478
1293
1902
969
1887
1077
1293
1413
1566
1008
1602
43035
1401
1044
1995
2001
7581
1641
1161
168
1167
69192
1347
1236
921
11847
2658
816
294
963
234
1218
3936
1581
231
978
1062
1032
4419
1170
306
10953
27936
4164
44340
1086
1794
2235
1620
1107
1920
816
1290
16458
4545
1212
939
1398
1047
2118
100182
1626
1290
1713
957
10380
2190
13797
2076
43047
1347
780
1170
210
1305
870
708
1251
26697
8652
3552
2106
11610
879
2166
15798
1062
1206
1773
1221
1257
85980
1116
831
1755
951
996
200796
18069
846
939
1266
1281
1053
1194
1161
1812
1062
3345
2028
2055
6903
1362
1140
192
2361
669
1422
957
52671
948
2097
2256
1197
1953
1299
1587
2277
9699
849
891
1041
330
951
1392
71409
12327
84237
1299
2607
2103
1542
762
24180
1890
1221
2040
10197
1293
1389
1410
1281
933
2016
1674
1017
1416
2079
1833
906
1029
759
2250
1326
1083
831
2385
2181
19170
1530
33318
1011
1854
1305
13446
1287
1089
960
1692
2067
11133
1158
690
96603
33720
1065
1503
1545
1332
987
1638
2271
2391
1521
35190
2268
15219
819
342
1107
1017
17214
285
1371
1722
1401
1815
888
33120
918
17526
2034
963
1512
109449
5103
45750
603
1638
843
1311
1728
1686
783
1299
2601
972
408
1035
1122
2088
1056
1656
1944
1359
25227
1545
1419
24873
21960
2055
2403
831
1461
795
1344
41877
2322
1410
18603
1368
4281
1389
2187
894
3072
918
1158
1098
2118
9714
1056
1824
1542
804
1089
891
993
2253
4515
135321
969
1641
1791
1092
1416
1128
1518
966
957
1215
1518
3660
1056
1464
6858
3261
1251
1062
1245
1125
1335
2370
1329
1566
1035
2661
1695
714
903
1416
1284
1404
927
822
1077
966
1479
130209
1332
1230
1953
12948
858
750
1269
891
669
1578
51969
1008
1878
1581
702
1146
633
1287
106314
741
4731
1149
17871
1686
1296
1284
222
3270
1752
1404
330
2130
1176
43746
1443
43467
1803
2997
23223
1809
10065
4974
924
1314
1431
2709
792
1593
1056
3471
855
1641
1431
70989
1518
1212
2505
1491
15414
1248
1782
23436
1044
1635
21417
1149
1332
1419
97365
1803
1623
2124
1446
23706
1578
88206
165
837
903
1896
786
2136
1218
62487
1326
1062
1923
915
3417
45147
927
1236
1311
903
858
52392
1554
47115
1785
10662
1566
915
1758
1224
1809
1056
1722
45126
2100
1845
894
1455
7893
1407
240
1245
1122
957
1380
2112
1167
1833
81711
1854
279
1167
15393
1545
1248
906
1392
1527
1734
744
1329
2988
1005
1392
240
990
1911
2085
99210
1431
1695
1062
37386
861
1365
13620
1290
939
1470
738
1335
4158
1557
1443
1677
1368
870
1242
1101
1932
10584
11328
25143
1140
1725
912
1635
921
3270
1668
2019
1230
1845
1815
41007
26943
37422
1287
42891
1044
1407
40299
2724
183
975
1317
966
414
1137
1524
44412
1212
360
654
1068
1254
63921
1599
1038
1182
1665
231
1197
3369
894
357
1335
1266
2994
1308
795
1638
1398
3300
15537
897
912
876
1248
128043
1251
912
1257
2415
143859
939
2166
1053
870
1530
1089
903
1749
240
2190
1032
1191
300
1950
2757
933
807
1254
705
240
906
35196
1674
1269
1341
1185
963
1671
927
1344
1938
1125
720
948
819
2646
1326
1425
11802
1764
1086
1434
1239
963
561
867
1398
1746
1566
4284
1110
1122
1608
1206
5238
1071
1596
1206
1461
810
2220
1098
1710
285
5442
1218
1326
786
1431
1320
1431
94176
1221
69462
1851
6984
1653
1260
8085
2187
831
36936
1119
999
5190
2271
1068
1410
2493
1281
2733
1212
1212
1998
1425
1110
1299
1431
1572
2280
1095
1143
1875
1008
714
867
172800
2097
663
31671
1272
9987
1662
999
2211
2022
28101
2082
2730
1968
1377
852
92463
68640
1158
126975
918
1020
849
1632
5379
876
3252
1419
168
1356
2502
1176
855
1494
1683
20520
1356
41655
1257
2487
1128
1074
1599
2889
1215
1374
912
180
1431
2340
1575
861
2619
1329
996
2145
231
789
1011
1425
294
1221
19653
1560
49305
936
2493
1920
76632
86763
1818
2487
1239
1050
55920
1509
930
870
228
1200
984
1449
981
4257
1512
780
696
1587
999
1173
28320
903
903
68661
1683
1935
92643
13785
65973
14460
1221
927
1044
10500
1710
1209
900
1104
3492
1197
1050
11205
945
1152
1497
693
48846
1860
831
3171
1365
3090
948
1305
1215
1053
279
1740
1170
1539
318
1635
16899
1956
1173
3180
1812
1239
2388
1176
20052
1842
1623
1356
2457
765
861
29331
55332
1725
11373
16431
50385
1086
855
921
39126
1245
1173
1275
1776
3150
1227
1215
1554
840
65277
1200
957
2295
2061
34791
2283
1122
1227
1680
2994
1059
1332
1674
708
35250
24375
1035
1710
945
113907
1710
1482
1770
2613
1050
40449
10386
47214
5955
1659
1428
900
687
129750
85368
1401
966
219
1671
1566
25317
816
1110
3096
1398
1260
1611
1623
1086
1386
816
960
333
1053
1299
36360
2160
891
52467
23907
720
1575
1611
2877
1410
1080
1020
6909
1029
723
1659
1119
1131
1200
984
1056
1158
6195
780
846
1143
25539
2130
1995
873
921
939
840
1209
405
99711
1122
44004
1131
243
1521
1179
1635
1191
1644
1209
1284
1326
1512
1149
1047
1305
2271
2244
978
1143
1236
1335
318
819
1236
804
1164
885
1413
6576
14205
1659
891
1326
1170
3093
79665
2373
1680
51828
645
1275
939
729
1353
1074
2754
1593
1197
23823
1692
1455
2574
939
28194
1173
987
40320
1038
1872
789
1695
7095
1230
2157
48258
1683
879
1173
39912
1755
849
5286
21123
1215
756
27720
1680
12201
885
189
660
747
1797
1305
1068
1062
23325
1194
50868
1581
4293
1023
43377
840
1770
1290
1176
732
819
2247
133977
1299
1296
297
1215
1713
1077
3096
714
1365
49311
1257
1248
2463
1161
1218
1074
2037
20988
1521
1284
5547
1911
234
891
156
1866
3654
1428
1548
1935
8865
1335
1410
1521
1398
396
1941
1347
1923
1335
1260
1254
2631
1221
951
1227
1590
23736
5205
3675
984
1020
1884
1947
1218
765
1179
906
1176
1842
948
915
231
1779
906
24732
1167
936
69738
1458
2277
1254
921
3765
1311
1863
1290
1506
345
1248
2094
2643
3882
1107
1764
1002
2049
1212
1071
1248
1011
291
1965
897
28209
1011
471
1083
1125
1077
1125
1191
1833
3051
1122
1248
1464
1281
1053
1509
1809
942
1374
1758
1212
432
1254
978
1467
1614
405
1074
810
8724
1167
1128
1083
918
1176
1158
330
1707
1284
927
840
40812
1587
1731
1224
852
1680
1617
1113
231
17217
921
1776
246
39903
1500
12846
1188
1134
1557
1470
1530
6585
447
963
711
1653
1899
30960
747
1656
1422
612
783
1488
2982
15591
1644
1119
960
2172
282
1122
1377
1965
1545
1347
912
1074
16716
1845
1845
4836
846
1629
2301
1509
1218
1734
915
1518
1572
1059
1569
867
1293
1083
1131
1320
216
1125
918
1116
1314
1620
1098
1368
1260
1212
16296
1458
1008
1098
23709
939
2400
1464
1428
1653
27423
1296
19923
1188
1167
1266
303
1245
345
1500
132216
1389
840
13041
714
1089
1185
75606
1287
1371
1551
1206
1578
1251
1218
1128
1701
1290
783
168
1590
1197
1149
1665
987
2652
1473
112179
918
1053
906
23310
4776
26562
1260
792
2076
978
150318
420
1128
915
34266
1164
1449
8301
1227
1386
2298
1887
1077
2337
11277
1533
1062
73800
951
1428
864
2013
1593
1125
1392
1290
1404
1164
1902
1281
3333
822
68733
3105
240
1092
1245
30375
1377
25302
1077
1182
2253
110844
1257
2259
1254
39375
957
1026
56733
1275
1422
1674
1212
2094
858
1008
1128
783
1269
1455
870
1302
843
48528
1017
1101
1068
240
1149
49215
2502
1266
846
813
1602
1251
156
1488
1971
828
1068
73848
2019
26673
963
1158
1464
1047
273
948
2394
1725
897
1302
3972
1269
930
1023
1440
1197
74874
1365
651
861
1722
5973
1191
1257
37005
3012
957
1608
26928
1179
1629
1122
732
1035
1023
1134
1017
723
915
909
1536
1962
1536
2952
1428
1782
765
936
951
1071
1182
819
24714
1230
894
1800
55494
930
1338
855
936
1509
1089
786
726
1341
1110
1200
885
14862
1650
44355
930
237
1350
1518
3945
921
930
735
1512
1347
1449
216
837
1647
1500
1185
1170
12420
1008
2739
1053
522
1743
2361
1602
1008
1443
1515
1218
1770
50073
1806
1077
6888
1161
53898
921
2034
1023
840
1347
3348
2052
25104
894
31239
1728
2217
1743
1800
957
1068
885
951
246
1065
933
882
7173
1074
1596
2205
1782
18687
1428
2034
3030
1824
1656
1521
19788
1791
801
1608
1248
42366
2415
3789
10920
1077
1182
1020
1143
246
1086
23379
3108
1143
2679
1119
1155
1218
1155
1344
1272
1176
74166
1443
1032
68430
1164
990
7920
1701
1083
1230
21822
1548
1260
28053
2382
933
1245
2202
1296
1467
4971
1773
1080
759
1953
1023
852
22596
2025
1251
1167
1902
2667
951
852
1749
1581
972
1023
2247
1104
32931
1824
1083
873
1032
1299
1620
1458
1167
22611
1596
35250
1896
450
1614
1071
34323
1263
1152
30510
1089
56118
1128
891
1239
399
1068
1146
1293
1161
1623
1143
825
1296
1293
1107
1041
2319
852
1806
813
465
1461
1287
1287
1131
786
1407
834
2334
1899
1620
64038
1452
909
1086
1200
2055
1878
2118
1026
966
852
154419
1164
795
801
1014
204
2127
1716
31077
1293
2142
1233
1017
1494
1506
1233
3912
2139
1746
882
1017
1545
1674
1986
1494
21843
798
2745
1182
897
3336
1809
1065
930
1563
780
1287
18057
1353
861
1497
1320
1131
327
1704
1059
1062
1125
5244
2343
26208
1188
930
2877
1278
1248
1311
2322
80193
86892
1464
1227
1059
1572
228
975
903
306
1146
1119
1179
16815
1059
1632
867
1152
1203
1221
1776
14985
1476
58464
876
1134
2253
831
4308
1074
1041
1140
1188
1167
1872
1206
1152
1008
1620
573
4830
1803
1767
12408
1146
795
1281
270
1365
1194
1551
1797
1167
1473
183
1065
1986
1329
1428
306
864
237
753
1539
1086
1389
32046
1806
1374
2370
2673
1620
41946
2607
1587
915
1128
2646
1395
297
1470
1089
1305
2451
1116
885
792
1908
102660
1101
21525
1950
2655
1236
807
192
1698
2028
2073
1848
255
996
1209
1041
2433
1398
1071
9528
816
1404
1245
1182
831
46350
1119
1944
1041
1614
1038
1884
1329
1395
1116
1296
2160
1491
219
1512
1317
44400
921
1647
1410
24561
1245
870
846
1317
1530
1554
61476
2703
1236
1278
870
1479
1134
1683
960
2124
999
1383
1398
1194
1068
1083
1260
933
2193
1026
1143
1119
954
24795
1125
1716
1017
198
1680
861
1512
1638
1092
1527
324
1350
19401
1068
66408
1128
1593
1281
786
1029
1407
41046
1266
2403
897
126786
1767
1509
246
945
891
894
774
1434
1353
3321
1008
1440
1257
1815
4851
1296
1041
1341
6786
813
1281
1398
24660
1188
1236
1134
1569
1002
756
1074
954
528
1176
879
1344
738
27978
75303
40503
1287
122265
846
1155
750
348
1080
891
2013
1734
1071
981
6786
513
1026
1125
45348
1620
6888
1566
720
8301
1719
264
1905
873
846
1005
1434
1908
5922
1485
34323
2079
810
2313
999
1248
1380
948
1623
1506
1236
1683
2052
4266
270
966
1659
1596
1980
1587
987
159657
2934
828
1710
753
1479
1377
453
1080
267
1137
792
930
768
1761
1659
1158
915
1206
1098
1158
11439
1920
1872
46344
1746
5688
1950
1170
702
1962
53169
432
1329
783
2064
22068
36132
1101
2544
1593
128250
84780
33822
3681
1530
6924
1206
2766
32853
1209
54078
2019
1356
2247
52227
69573
53169
2676
39264
2979
5217
33219
2298
130686
5679
32259
32997
2292
39534
7746
1245
2469
1596
58125
2451
1176
1557
2820
5754
40869
1482
1263
3858
69795
28365
3366
1587
984
1524
645
15189
118644
2739
6210
1869
1497
3627
89766
82086
2595
3552
2223
41826
114255
3687
636
2478
1785
1086
2736
1650
2523
2655
178698
1002
26385
3438
1650
1566
60306
7797
1731
55860
2013
1881
2148
2277
4359
51288
12198
49812
2931
1800
2847
1533
69987
3456
1476
4626
864
38685
2163
2166
2238
1911
67023
28671
93486
1110
2214
2232
28551
3111
7686
3756
2883
2526
2469
20004
100452
2337
2739
1791
2526
3396
39675
41505
17079
81066
21696
1374
2007
2532
71613
1032
16920
1773
24228
1734
18735
2415
7806
3087
1929
78156
1833
3360
3054
49506
2007
2778
1830
7398
3174
1881
2283
1209
163866
103200
2115
924
1908
1872
846
1578
2988
1386
6063
774
57726
16239
1386
1242
1404
88938
2925
133722
792
47508
1125
3402
2931
89226
39093
3234
1584
17142
111744
1221
1851
930
44469
1650
3147
35079
14190
30102
6843
2355
35445
111450
2274
16299
1815
2334
2265
1368
3060
60318
3228
3381
20277
2589
55263
113583
13176
2859
62535
53409
86238
1566
2088
1722
3600
4134
1743
3120
3171
50652
2583
2517
1626
1308
2745
3183
186903
27072
1377
1059
2499
11580
1659
2634
1386
2616
34401
24870
963
3582
33783
1917
3411
1992
9570
3138
5790
2502
1824
11949
49845
1197
1359
1986
23937
246657
1602
22542
3372
2865
79425
17880
2145
3387
960
1083
48492
2205
1875
1299
2427
53250
70335
3327
2235
36441
3822
1665
2343
2136
1215
1065
17460
1881
52872
3708
153750
2613
3648
1956
23697
18558
2229
2442
25650
5406
3978
1371
1224
32214
2379
5253
2337
2691
1878
3414
1203
2355
2640
2340
18717
17451
1614
1881
1197
1971
1356
1833
2586
18165
1560
2127
933
1380
2289
2733
957
48375
3363
1899
2568
12129
49797
1452
48594
2367
8673
2661
15999
960
24318
1722
13635
2445
71748
1383
1914
53319
1683
1092
53685
57342
2184
2160
72972
157785
93237
43413
2184
104289
1428
1785
876
2295
25818
94659
4647
2829
3027
1833
1416
55137
2271
1125
2766
84186
1920
25890
885
45576
1002
2811
2328
2181
1038
2277
2352
2694
161373
19359
4044
2385
2034
2358
35439
1251
39024
4167
1593
1614
14469
4380
2556
2085
1251
2532
3261
76527
2157
4053
22257
10638
1965
1107
14910
23670
1620
6768
2040
34905
2808
2433
3303
1326
4683
110466
2304
2415
2331
40773
2931
1416
1851
2355
1482
930
1833
6537
810
59571
29529
2277
1719
9990
1290
45969
1524
1599
3138
4065
3042
2931
20745
2433
993
1590
1284
1392
203520
27717
17580
3333
2745
2469
1641
4947
1020
3141
24615
24798
196908
37281
2373
192231
28491
1377
58875
16749
1704
4722
12504
39015
2241
61095
2277
1668
1086
103314
2949
84360
1440
4458
1779
27747
996
1572
2235
27258
7185
42909
2151
17250
1785
12219
2148
2643
1134
8163
18831
3486
945
1257
2547
3003
1845
3747
2772
1497
4077
1464
1500
906
3987
76572
1740
2154
73551
29625
6615
26721
39441
1959
1188
2589
1530
3255
2757
95109
16029
121374
2547
50358
2688
64302
1218
2619
22872
37563
2175
24039
3966
96747
1818
22683
27345
1887
10227
113607
119688
1689
3135
238314
13461
4311
10341
3177
85542
118062
1872
3081
168537
2949
15030
2580
11028
10629
163035
2460
3135
1146
6144
2340
81840
63087
36321
4899
9954
1581
1725
3555
2406
72324
2706
34863
2163
47145
137145
1320
3921
3087
25839
2631
1884
1998
80352
92811
13482
1671
5085
2448
97668
29055
46623
2517
1761
3774
1656
2547
1803
66501
1980
1197
82083
1149
1662
109305
13938
1947
1098
3660
2373
5070
1590
3180
2481
36828
1827
25542
1245
1134
15165
1260
101652
7398
7107
8040
1128
47475
2769
7143
2976
1944
2613
16509
870
1485
3378
3030
4608
96429
3771
165303
118209
3546
5019
2535
3015
5556
42255
3039
1659
2151
2190
13236
2502
10764
1212
1818
91626
87864
1587
1971
2124
2355
1539
1605
2238
2136
1050
2958
1410
972
1344
3129
58461
6951
25482
2805
1359
7122
1143
29595
7416
2127
1305
3669
10452
57480
1773
69507
2823
2283
3981
3546
2514
27300
2046
10524
1218
2175
2001
41505
4302
2529
14067
203676
1959
1689
3216
4353
1050
17211
3966
4860
1293
1014
31047
17163
38550
1677
1851
3732
1887
891
3102
114039
62763
1686
61338
11343
2187
2562
3816
2559
92259
8631
951
151467
256980
19596
1164
2481
3918
160656
2115
1506
8808
1386
3210
5838
33396
126045
19221
3348
1764
27591
2394
105084
44871
1755
156432
2262
11976
2802
130677
124482
77571
1290
30288
2178
2799
1023
2214
58440
1269
51336
1260
76908
16260
1479
1473
2043
87549
5994
2562
1920
1395
1044
1968
1587
1929
4668
1596
6021
3570
43548
1386
49392
15978
3927
117972
5265
2127
14940
46401
2247
21456
1692
888
33705
34080
23631
3648
105792
1005
1983
1485
2460
1398
13281
2973
3135
2841
1665
3321
105006
8355
1713
2721
3336
4053
67923
960
53175
13653
4119
1752
1203
1968
2436
1779
1557
2472
2904
2517
2622
99678
1170
936
51135
122643
2070
58176
1590
27558
87912
47031
1446
2694
3294
93672
140775
2694
921
1680
6204
3195
4080
22515
4389
166728
1356
1938
2199
3180
1578
6516
2058
63258
54117
3252
26673
24933
2931
17079
35640
32679
3654
2574
4689
15699
1611
6792
6645
2163
11484
8118
118575
70818
11169
55335
13635
1575
36369
1329
7686
18864
33045
4815
16005
2274
4725
16905
2367
2349
1113
1602
1791
3033
49527
2613
2121
116289
2160
137139
1911
4170
1752
70629
1638
94851
3507
1638
2394
49446
2052
1614
47214
1806
2001
179670
20208
1089
3408
1371
3675
31836
96525
846
16455
4086
2676
31899
3615
4431
2922
57063
2361
112428
63234
2445
3591
1335
1311
29997
1854
24315
2154
957
3723
7347
8817
1887
41454
2694
5088
1797
113697
2553
8430
26916
2865
1341
1983
1770
1092
19983
2130
2667
1059
8688
9702
1452
303
969
40803
2238
1386
1347
1476
1488
1071
1707
1314
1146
1749
64251
1689
20730
62625
1239
2550
1017
8823
3354
285
1176
1596
1692
954
960
2694
1023
1905
714
1266
1047
843
708
1821
1230
1569
1284
1266
1128
273
1866
1365
702
254178
1020
1338
801
1113
1695
31215
1068
3768
873
1428
309
1314
2133
1221
1284
1563
1161
13956
1527
2556
273
1950
2022
45984
1062
1200
1146
777
1005
1110
24735
1797
1278
1485
1284
1254
1200
189
1452
951
1164
11523
1236
2352
1206
1506
1056
1470
930
1374
1185
1038
1284
1098
276
2937
1830
1839
2169
456
8580
27138
1278
885
834
1380
843
41913
2583
411
927
1902
1521
912
1209
1434
951
171
1410
1119
300
1137
942
303
2682
972
1725
1257
1398
2478
1425
795
1149
15789
6495
939
1632
1410
855
4119
885
1218
1029
786
957
1059
2004
1164
14940
498
1374
1620
1158
903
1890
20241
1020
1728
1701
42528
1539
2763
318
1140
1581
1014
1341
1956
32862
3903
1122
243
1641
1332
3927
1425
1899
79422
34242
1044
32022
1008
1362
438
1086
840
1158
1383
1320
1743
1674
954
1305
7608
1530
6270
1251
1572
1836
1254
1056
243
1146
573
762
1803
1116
1242
1269
177
1938
11745
1932
1506
1479
912
1662
2181
103698
1191
1173
1731
1161
4044
1524
1395
1131
1095
1320
110043
34287
948
1833
184563
1398
1944
1521
29433
19362
1941
23979
1131
2367
1032
19344
1242
5073
1497
858
1164
1194
3126
855
1176
1374
1473
1428
1482
7740
852
1560
852
1365
7200
1344
1725
1572
38946
888
1260
1308
1872
879
1533
44097
1491
1218
2172
1461
765
768
2034
963
21879
1197
1233
1560
5100
1422
1134
879
2037
1209
939
936
1389
900
840
1320
189
1263
1443
1308
903
4137
1176
1701
26058
1467
22272
62058
1296
1002
1389
1443
1239
228
1638
2106
1233
1764
1113
1509
894
270
1395
1494
125145
693
1095
2568
1998
35496
1296
36573
1221
1092
45282
1563
10599
1173
312
2499
768
1458
192
912
990
1566
993
2148
15249
1236
1110
963
33417
963
1815
1158
870
1362
1017
858
927
1407
915
1008
1251
3891
1557
10020
52830
149142
1974
1356
1770
1749
1488
1056
990
1731
4410
903
1059
1008
1146
1140
9924
1725
1242
2316
861
1368
240
3081
1749
1125
1041
1221
1986
1824
1701
1512
1218
23190
1089
1161
1086
1509
3147
936
8109
996
25896
1044
11799
234
15729
1617
1008
1116
2181
246
1182
2016
1329
1323
1242
1110
1272
15117
17331
891
1557
1869
1119
1809
708
1095
1068
975
1278
1725
1176
1686
891
909
1638
1821
771
852
34362
924
10023
1512
8793
2235
1110
864
2256
5940
1107
1188
25920
2094
978
981
1077
2727
1284
762
2034
3264
1143
1518
5601
978
1185
1089
1284
17721
792
1194
882
927
867
1062
918
1347
999
1548
2760
480
942
2145
621
882
69045
29145
1143
1941
891
1098
52449
834
1113
1215
1395
1062
240
70572
4920
2208
1182
1062
1089
1095
1086
831
930
41589
1041
5937
27708
48681
1914
1728
2496
2616
13119
1254
1026
1269
1629
1275
1341
1671
1950
2508
2868
2292
1218
1323
1017
1260
1278
89352
1506
246
1026
1065
37818
1134
528
1515
18528
2238
318
1158
1554
915
774
1017
14607
1815
1863
9075
1245
12795
1689
1554
1338
2646
459
951
3267
819
1776
1107
1458
36024
1209
1089
12255
10233
1509
1113
2940
1101
1698
873
1239
1233
909
1644
6063
798
1629
1101
1035
1170
1506
9828
975
1059
1077
24099
1566
13575
900
1266
1695
876
2088
1344
1185
1050
1422
2412
1278
1203
675
1497
1302
48045
1137
1032
924
1170
1398
1053
1416
1239
18456
1833
1371
1083
3009
1386
1614
77778
1002
1278
969
1371
1464
1695
1524
1836
858
6096
1185
9138
351
1980
870
20664
1257
1701
1509
1158
963
1629
1170
1425
7968
1623
91344
42972
1635
1188
2640
1143
846
1017
17256
1578
6876
1074
2394
1050
2664
1227
1104
1104
2097
2016
1266
91311
2076
1380
1119
1089
1719
876
1389
882
1386
960
105480
1926
960
1191
3396
1167
1407
1074
1140
51948
7650
1059
1056
1278
62430
957
2043
1566
1584
1632
1887
1203
987
1641
2487
1569
1215
18486
36621
1503
2187
1938
1350
10791
1527
57492
1092
993
1119
918
1011
19053
849
1728
1251
927
2124
83628
15360
2181
1290
2679
1539
945
1416
1413
1473
1701
735
3009
1086
972
7287
1311
1113
210
1236
2523
855
891
936
663
663
1407
195792
1365
1263
1005
1068
1281
1812
1665
237
1338
1920
2160
1404
918
1356
74643
14424
1272
16653
972
243
7725
2505
2634
1218
972
1008
2970
1314
16557
1431
957
1107
1290
1221
1092
1395
1371
1113
921
3756
1650
1479
1401
38385
1293
1713
1140
972
351
1044
1434
1176
756
1104
243
23406
1107
1425
939
912
1161
1512
3321
1755
1137
1239
22779
1575
873
5709
1257
1806
10521
1377
984
9690
1278
1656
38898
1542
825
1800
1452
1281
1701
2214
1257
1785
1092
1260
2637
2751
345
1557
759
1029
1035
963
1119
1323
13527
43920
1509
2043
2025
729
1893
9648
1020
1065
6240
1563
1194
1356
822
1299
1062
303
1050
1362
2088
1254
1272
1341
42777
7044
2499
1245
44721
1722
1767
1248
1044
873
31953
1122
1437
2169
297
1914
1779
810
885
831
1590
1398
81030
969
807
1695
429
1887
3378
1182
1248
1071
1110
1344
231
58863
1515
1512
2493
366
1206
2823
2190
1248
1389
1404
300
1110
174
729
1251
1440
2058
1179
450
942
29706
1152
20139
1053
243
1650
189
39753
1581
1050
849
912
1428
2628
900
1146
1053
1206
195
936
1137
1056
2049
846
945
1410
624
885
1002
1944
1146
88545
1095
7656
1269
525
1632
1449
1320
34752
918
1422
2694
29265
900
1008
1476
6465
1143
1068
1137
1266
897
933
1041
1779
1155
1935
1989
1008
1410
1383
4704
16455
1437
1044
1404
1953
1551
67677
10860
282
1023
291
738
50139
747
1035
1338
1221
1689
1740
2727
1071
969
1233
21753
2172
1587
1290
1023
1944
26316
1440
1107
41862
1386
1659
1098
9861
771
2388
43389
2892
1119
1008
44901
780
5064
22611
1563
1257
25185
1029
1800
9747
1863
2010
1557
1884
9492
1182
1794
1341
14970
1677
2250
1011
1647
1227
1179
12714
324
1728
1704
1236
18174
1488
999
2214
1455
954
15564
1191
783
26850
1086
1125
2184
963
2811
816
807
4695
1872
921
9978
2283
1983
726
1335
1497
2364
1119
2532
876
1713
2082
318
816
38079
2001
1020
3726
1035
1869
5682
1287
1323
2781
71982
1542
834
1731
9597
1056
318
1086
2370
2316
5982
2817
1530
2520
6000
2253
8832
1149
255
360
23769
1497
1026
1077
42411
1254
1071
1890
2184
1593
1197
288
1179
1179
2403
13986
1290
402
813
1344
996
1167
870
100419
966
1101
972
1338
1311
8556
1869
15459
1719
40449
927
1428
2244
2337
951
855
1194
1191
24825
2394
1194
1572
83631
1413
1272
663
2205
1269
203349
15879
783
819
795
1077
1899
1632
1011
1434
915
1041
1170
777
1122
951
3804
942
909
2115
1341
864
999
54381
1668
363
1098
2856
1224
900
1176
2379
11742
1206
1293
2214
762
73527
10380
1119
83760
1848
162
2775
1632
1542
26247
1839
1818
2409
6075
1521
1935
1734
1542
1275
753
333
1845
1890
1518
1542
1806
1032
1959
1140
1725
981
1791
1197
1806
345
1833
714
16821
1752
1521
33657
1011
1005
990
11088
1521
1401
1041
1413
1971
2157
7383
1371
1404
1371
94002
861
31647
1611
1362
1221
1629
768
1032
1149
1614
186
1809
37569
17430
4332
666
885
15195
3624
888
1629
831
1479
1206
31113
888
993
16284
1782
1266
609
109389
2295
225
1074
43569
3417
1434
1302
1833
1743
3405
1149
1419
3024
1050
1206
1800
774
1719
1557
25299
897
1704
1944
21669
23985
1647
1461
846
1218
1122
957
40254
1374
1665
18759
2199
1323
435
888
2526
3786
1527
1221
1182
2253
11805
1272
927
1311
831
1419
1392
1620
261
142701
1326
1863
990
1380
1020
1497
984
1056
876
1563
1173
2040
1134
954
10200
480
1302
1293
924
1332
1212
1623
1371
1326
2907
1530
270
1062
966
762
747
1926
993
1140
687
900
1986
1035
132048
1749
1410
1581
9909
2610
2526
1350
1152
789
1143
5166
46227
873
1971
894
756
657
2007
108792
4413
1299
1038
405
14706
1110
3552
3480
360
1107
969
243
1548
1863
46206
45903
1122
996
2010
21357
1446
1542
7524
7272
1077
1449
1728
2088
1752
885
3009
1443
1770
1968
70731
1563
777
945
312
1668
15195
1152
1377
26667
2175
24546
1599
1203
99240
1137
876
2601
1440
21741
1269
1290
84717
1284
756
981
2226
954
1113
64407
948
1335
1725
1509
48198
1092
1560
1032
669
1050
52647
50013
2409
9258
1410
831
1344
1278
1257
1344
792
46644
219
1227
666
1068
810
1419
5796
1116
2583
1845
1233
975
1035
1815
1173
83964
1680
16695
1752
936
873
1068
981
2175
1155
1815
204
1032
1410
2394
726
1107
104202
2616
2004
1656
35763
3069
15579
690
1167
3411
1752
978
1725
1932
1161
1446
981
942
1131
1164
51738
1281
1080
927
1779
3087
1338
762
2406
1506
1887
1779
38115
858
25272
39351
44376
1116
2592
38604
945
819
1770
1401
3279
2307
1725
46569
2907
930
1065
1998
61959
1179
1191
1215
1710
2433
1239
327
915
2886
1107
1947
1551
1686
837
1791
2178
273
15177
1896
894
1218
1317
2313
124548
1053
1371
2124
2409
1134
54636
86616
1089
1239
168
1185
957
1041
924
2571
1446
3831
864
1173
2718
2127
1947
1476
1227
1851
1548
37530
1845
1260
1566
1827
1488
1296
1662
1623
1188
1476
1173
1815
1137
180
759
1434
14748
1620
1176
1284
861
2253
798
1218
1668
1161
3057
837
1053
1263
882
7815
1632
1410
1011
1440
1452
363
2133
1122
2406
4200
1155
873
804
1728
1053
1434
97230
71649
1752
4005
1209
1899
10572
993
1290
35289
933
984
8202
1041
888
987
234
1452
1305
3120
906
2547
1842
1029
1218
1092
1755
3072
840
1062
1545
1464
1515
1002
1227
170571
1353
2337
28536
999
2094
8253
2100
1128
915
1419
31248
1347
486
1221
861
1581
94128
66597
1335
2145
124470
864
1179
819
954
7701
1002
750
1809
2424
1602
432
1236
834
1524
1464
22326
43380
1839
1716
1497
732
1311
267
846
1521
1071
4458
1800
459
1968
999
837
519
1659
1695
1272
189
2445
1128
1437
2130
21678
51243
1428
273
777
1425
74328
89187
1707
1503
1518
960
53580
1788
2109
864
2130
1059
1032
159
1443
1005
942
2916
1392
816
2349
2016
981
1110
26178
996
840
71772
1443
94656
11310
1143
63831
16788
1404
822
1341
8190
846
2097
2004
930
1677
1722
915
1134
13116
1788
786
3498
46875
1023
1545
1167
291
2052
1983
2013
1212
1080
1188
2886
1062
1131
2583
18528
1155
1065
4632
1398
1065
228
1059
957
18006
744
1440
1911
1536
5868
31743
52713
909
2109
8241
16533
52332
1437
1680
1122
36741
1749
1800
1821
942
4014
1239
1689
1782
1191
67044
1926
1014
1836
37359
1749
849
1263
2115
936
2421
1773
1182
1848
32805
25539
1068
180
999
1023
110889
2670
1971
1683
1482
219
1116
1356
38010
1497
8508
972
43065
2484
6219
1068
1140
1014
2238
126471
87204
2103
1983
234
2319
27066
1194
786
267
1296
1287
2502
1242
1629
924
1080
819
2532
957
37248
2217
53733
22371
1701
789
1347
2328
219
2061
1134
897
1161
6930
2766
1764
1143
1020
987
741
1287
1284
4176
1857
1029
1206
27624
1911
984
708
870
2199
1047
3543
10491
85473
780
47856
2736
1368
1599
1674
1383
1338
987
1464
2730
972
840
1587
2136
1827
1047
1104
1143
2379
3141
1803
1383
1071
822
1254
1173
1398
222
963
891
37764
1350
1368
1182
55548
1590
1380
2034
765
930
429
1035
906
1179
1575
948
1179
1182
960
1779
50775
909
1194
2553
50964
189
1257
2124
2733
1272
2433
2229
1305
2184
1224
71931
1530
1437
24459
993
996
1410
2166
2994
1212
231
903
1614
654
1308
729
1962
1143
837
804
1155
77304
2319
1323
5364
1749
1524
38931
327
936
1098
1092
23154
1464
873
2058
888
1200
762
984
1113
1041
957
999
1302
1224
1542
1071
717
1530
873
1236
21912
1899
1410
1083
57810
1011
987
972
2187
1017
1296
939
1158
1530
1458
1083
2304
14076
44217
1287
2946
1170
6477
909
1092
1029
1977
1311
1338
1305
2001
1659
1434
14517
2514
1647
2343
1215
459
1185
1761
1878
1353
1452
1113
52638
1260
6714
909
1377
51804
1155
963
906
1566
1530
690
933
399
2148
26229
33150
1026
1194
1257
939
1212
855
1065
1836
1743
1479
1380
6624
1383
1404
1758
21639
1935
1209
273
2445
1341
2211
21858
876
1068
1731
2184
39042
1305
627
18354
1062
756
1095
2733
1350
16284
4098
2943
822
1146
789
1182
873
1425
993
1122
1059
1062
75834
1068
70434
885
9966
921
783
1320
19230
1485
1014
29604
282
1029
1452
1134
1977
1704
8178
1764
1197
1188
357
1311
26451
1230
840
2070
1506
1980
996
978
2172
966
1113
1407
687
744
1095
28929
1407
2073
1038
819
1581
1641
1257
2082
24966
37938
4152
1404
36387
912
1176
27771
933
897
54030
948
867
1086
2568
1203
912
939
1182
984
1020
828
2511
1299
1164
900
789
1206
2064
1143
1881
1041
1851
1014
1104
1776
996
1017
240
1005
1620
65937
1434
861
1275
1923
1422
249
972
1212
1023
930
786
151821
729
984
1161
1032
1878
297
1101
32988
1260
1545
846
1671
900
1398
2130
480
4668
915
1128
1269
1266
972
258
1353
1203
19569
759
828
1191
1257
1305
5202
1761
942
1347
1524
1746
1023
16116
1428
1398
744
1806
1434
2445
1212
1140
972
987
3708
1296
1620
23748
1308
1137
1062
336
1596
1353
1401
1692
270
81768
84846
2112
1038
3054
2448
711
2190
1113
969
19044
1329
1071
1365
1365
1437
1764
15234
1389
1440
56856
1566
1164
1065
1908
6051
1143
1224
927
1041
1440
1917
861
1383
1107
2226
1902
1170
1584
1803
10560
3123
2448
2193
2016
1122
1065
1647
1128
1701
1221
1842
2340
2394
1614
1467
1200
1260
33657
246
1203
780
189
3231
816
43965
258
1851
2415
1326
810
732
1398
2163
1995
1239
1086
471
828
1098
1212
1803
2298
102435
1098
18285
1611
294
1683
324
1458
885
3111
1188
261
1959
1497
3060
753
795
1128
489
1584
1671
11220
1215
1251
1047
1227
816
44394
1473
1515
777
1374
1131
1419
2034
1461
1032
1434
660
1122
3015
1470
46590
813
735
1437
22767
1440
750
1137
1647
1836
1533
1650
59493
1272
249
1899
1194
720
1275
918
1176
1593
1389
1476
1374
1545
1320
1242
1290
1305
1083
1623
243
807
1314
1353
1029
1053
22917
1041
1254
1680
3138
930
1674
1215
1368
981
2271
20979
1089
64047
1683
1350
1230
1329
1155
1296
1563
39165
945
1353
273
1335
126768
888
1080
2745
1014
1647
1197
1245
1632
1656
492
1242
1221
1926
1458
7044
780
1044
1875
5376
975
1356
837
1164
22740
1260
972
1011
1512
1722
939
1782
783
2427
981
1038
1119
1062
25917
58950
16044
3390
38868
1191
123531
1257
1443
2466
1065
1191
264
1176
2829
822
951
3759
3174
1254
48183
9855
2706
6111
1437
3213
345
1128
903
930
1317
1329
225
1320
3732
879
1347
31755
846
1011
1947
1314
1653
927
966
1608
1506
1623
1086
1074
576
2091
228
1935
1113
1560
1014
1959
240
852
1782
157758
1443
909
849
1746
1218
1194
897
2307
2235
870
1203
1308
1968
1653
906
1443
1245
1197
1320
13647
1755
732
44499
1824
321
828
3645
1701
1449
1089
1971
1164
51825
2670
1107
774
282
1497
22710
1413
765
25284
852
50646
7365
846
41958
1596
990
327
732
1815
1098
714
855
186
135798
1134
2283
1113
753
2307
303
1068
1203
51930
810
1611
1536
870
1224
1398
23256
852
1020
327
4734
2301
2328
1737
750
1821
1104
2091
1269
7362
951
1143
1908
1293
2715
1032
1539
1422
1332
1404
2349
1983
1407
1137
1539
26031
2649
1884
348
1323
864
696
1653
1266
1155
1164
1017
1134
1866
792
1050
2493
900
1704
813
20898
1047
834
72411
1548
1470
1278
1308
507
2010
1863
963
2106
2703
1743
1602
435
987
1533
1899
1167
1290
1710
1329
1569
1143
1065
2472
2556
29571
3261
1149
1275
1008
1239
2649
1167
402
1221
1056
2031
876
1512
1167
1161
1827
1005
1383
1650
2808
1314
1188
1380
2295
1287
2202
4647
1479
3591
831
888
1998
2415
1383
1410
1035
1275
38688
1251
1008
1227
837
1245
1845
2043
2151
15006
1467
1782
2313
38064
855
1086
10809
1020
1842
1659
1410
2235
6261
2691
1356
765
1503
1962
30222
1554
969
3051
1116
879
567
1134
12552
1341
1059
819
1272
2616
1311
909
2403
2091
1104
1161
921
13473
1071
1965
6720
1383
978
261
1521
1221
1197
1434
2100
1671
1338
1920
792
1017
1185
1122
1695
2580
1323
1095
1668
1806
846
645
1680
1938
2055
14445
1719
1182
1152
26109
1530
1323
975
2331
30069
828
17436
1707
837
1764
2772
2031
134700
996
14763
1062
837
77949
1356
1443
1413
1092
1767
1227
717
1245
1704
1212
2364
2100
1434
1374
1011
1176
180
1800
939
110508
1404
1005
1173
1023
20946
6837
23988
1467
1302
1440
2289
1050
148410
2415
1131
1377
32667
1434
1689
10245
1533
2241
1197
1287
1587
315
921
8556
1374
1410
75585
1164
1200
1008
474
1347
1497
813
1005
1014
1218
1542
1653
1581
321
1608
71058
1869
768
33114
1500
23523
855
2169
1287
576
1089
108273
2646
2655
2712
3948
4479
1608
1554
2274
181083
1245
1122
25863
5379
1926
1800
54831
2076
3492
2793
58791
1335
1035
963
2355
3039
61146
48789
6966
1884
2616
1494
67629
2658
1587
1704
1308
1314
38931
1086
1794
1449
96450
95598
1128
2346
31995
8145
3837
4611
630
2574
21840
96123
2397
2490
3090
1590
1464
2322
40608
40827
14889
80829
24543
1218
3210
76680
16992
2118
25947
2115
2886
18924
3315
12780
1416
76353
2121
810
4110
49524
2055
1515
819
8067
2166
1290
1827
1554
166500
100968
2574
1557
1197
2214
1218
1920
1572
1704
6207
1722
1188
56634
15408
1341
2508
906
87330
1053
2928
130602
2238
1287
45324
852
1095
2640
93102
39486
1623
2403
17241
107412
2667
1887
1950
44805
4371
1638
2931
30279
14268
26988
2559
4284
1542
35025
111849
2319
14379
1374
2232
3705
1245
2379
65205
3891
1395
16323
3063
57030
111684
17319
65634
41931
5970
85653
2736
714
3204
1734
5781
1875
1536
2205
53568
1401
1455
1977
1461
2496
2067
185136
25443
1428
2106
16149
1437
2193
3513
2034
35046
24282
1719
33759
2934
2133
2172
2508
11580
1689
4416
1635
12294
49791
2490
1575
1155
1434
41601
227589
1332
2406
19317
1092
82701
16497
3801
2001
1767
47673
5208
975
2586
1683
915
48864
72288
1827
915
35271
3207
1761
1809
3045
1935
717
2565
17292
55488
97332
58716
1374
2949
27855
13230
1530
789
2688
20550
9555
2520
1941
1914
30021
2124
3498
4770
1341
2664
3486
2805
4482
2244
2556
1911
16095
1086
15135
2016
1635
1275
2154
1446
3699
1956
22719
1356
969
3072
3678
2106
2073
2433
21387
20151
2502
3246
1230
6912
5382
52158
49266
720
11418
5382
15810
2688
25776
2694
11172
1188
71400
2175
3576
55761
1959
54399
62124
3066
230331
95892
37542
2904
73914
30684
1737
3324
2217
2031
20337
4866
2601
91722
3006
3540
3981
1998
2859
56844
1911
2241
83661
1365
26403
2871
2760
41814
1908
2982
3582
6756
1896
1980
2865
161745
21120
4482
1296
2448
33927
4065
1770
35532
2052
1398
2319
3123
10566
1356
6300
1833
1440
1359
1572
78270
2853
8400
19986
10917
4644
2880
1449
13632
21003
2298
10923
804
35136
4044
2184
1587
2571
117360
1695
1182
4713
36051
2127
3018
2196
1146
1962
1722
2259
2457
5640
1785
55815
33294
2688
1944
8490
47934
1572
3162
4149
1593
1728
2340
17856
3279
1737
1437
4875
76782
33981
141051
2256
2487
2271
1500
2403
3417
25686
1479
20556
196950
2376
34365
3510
84876
109167
24786
753
25050
31146
4098
19551
5403
2409
10248
2838
35247
2157
62328
2421
2445
105855
87411
1401
2868
3321
24375
2292
2571
1236
2196
32544
46524
20661
15147
2742
2142
1722
7020
22401
7380
2214
5064
1731
1542
1677
2091
1782
3024
1239
2217
3531
75666
3201
1029
4221
56316
41964
9186
24747
39372
4089
1074
1872
4644
2229
894
1137
93963
15864
13143
106983
52341
2655
2082
64494
1824
62235
2769
2010
28050
99183
2412
46020
1902
125457
120903
1833
1449
52383
184821
9228
23718
155778
1944
2451
6183
2727
1257
76095
3489
64227
34581
1641
8730
2394
2037
1467
2682
2493
71376
36744
2784
43041
138327
2322
1887
1944
25764
6432
2904
1230
81201
96183
13536
11484
1782
95559
31428
1164
44118
1416
3873
1158
1656
1842
2700
61587
6858
1176
6627
74724
1140
2310
849
47634
56946
1458
10665
1044
1659
1980
1221
3498
6489
1197
2055
2844
33198
2208
24078
2130
2511
1437
15609
103911
26817
53295
7839
3018
2841
1362
18516
1425
3753
2166
1053
2658
22986
25023
43233
2178
111816
174669
2511
4587
2046
2268
4014
1929
41556
2796
1365
1752
1710
15051
9090
3171
1542
1722
89103
88776
3051
1044
1188
2502
2031
3150
1686
2775
2724
1737
1152
1119
3258
1647
60972
3405
783
22572
3294
2034
8703
2703
28314
6588
1506
1848
1731
11187
54942
2109
69225
1614
1518
2124
2277
6465
23748
978
4215
7314
2187
2199
870
1206
42063
7296
14562
69900
112401
22131
1479
1953
3804
1944
4542
19137
4929
1698
1101
49974
5358
30984
2091
2685
4110
2154
2865
1716
4878
35322
71253
1701
62976
60900
2457
9270
4269
1302
2202
1104
2712
92202
5325
1821
325485
87468
17472
2523
1800
2379
13437
145026
3222
2079
11859
2361
2868
2835
180387
2439
2094
20865
2685
2859
100680
2307
44943
159471
999
9969
1341
1308
126339
42876
80862
1272
76716
2244
26985
1815
1398
2052
2538
1773
24576
31077
1473
52701
76416
19623
1377
1899
1671
88182
3072
1572
2874
903
2049
1677
1722
3096
7527
5889
2127
46776
49407
16791
33090
91038
4764
2571
59328
2190
25629
1350
1824
66405
2718
25533
2442
103620
2331
1512
1326
1692
3759
1620
13527
5307
2061
1056
2049
50931
62439
1551
3621
1365
4164
72048
75783
1953
2868
2748
714
2106
1158
2547
7284
2424
726
103338
1500
49869
120849
3135
58821
1560
32007
68208
12834
47889
894
897
3243
4587
235122
2178
2031
4416
1659
2865
4563
20244
1473
2616
164976
2775
3003
1131
2487
9195
2940
36477
76488
1479
1167
54000
17496
1086
37044
6072
21288
2268
2250
1290
3648
14148
10539
3711
708
209052
12738
50478
741
13239
23892
15477
7764
699
51333
14280
1698
2697
4359
1329
11973
1542
1722
1095
1461
57804
1836
114894
1449
2202
136839
2766
1905
6489
74484
96138
1143
804
1911
54969
1770
49554
1857
1002
201189
2865
2367
1980
1911
29718
1062
113361
3183
2544
31953
4644
4065
2670
48669
10767
1788
177006
2388
3735
1341
2070
23019
3225
3090
21582
2277
3627
1986
2484
2121
4353
1698
1872
42594
1431
4905
1854
113268
36159
3525
1848
1278
1686
1770
4377
14505
1920
1761
1548
14577
31863
3147
1533
92961
119055
38325
4620
4203
2166
1062
1545
13884
13803
3330
1542
53298
2943
4818
52818
73101
2697
50667
1140
41532
5934
5712
28398
1770
1200
128379
1317
32496
4383
30036
1176
51411
1497
1365
58026
3423
1902
864
1116
1065
6609
41088
1104
1554
69798
3099
29499
1134
1926
1455
1941
15060
121587
2796
5427
1002
2340
3948
88872
55440
21006
1434
1812
2298
1926
39015
24384
80286
7575
933
