1f1f:0:0:0:0:0:0:0:0:0:0:0:0:0:0:0: (total 10)
0 1 Thread 0 going to cpu 0
2 3 Thread 1 going to cpu 1
Thread 2 going to cpu 2
4 Thread 3 going to cpu 3
going to barrier (cpu 2)
going to barrier (cpu 3)
8 Thread 4 going to cpu 4
going to barrier (cpu 1)
9 Thread 5 going to cpu 8
10 going to barrier (cpu 8)
going to barrier (cpu 4)
Thread 6 going to cpu 9
going to barrier (cpu 9)
11 Thread 7 going to cpu 10
12 going to barrier (cpu 10)
Thread 8 going to cpu 11
going to barrier (cpu 11)

cpu 10 cur 10
Thread 9 going to cpu 12
STARTING...
going to barrier (cpu 12)
going to barrier (cpu 0)
STOPPING...
Duration      : 10000 (ms)
Acquisitions  : 16201523
1899
115353
4284
2403
2130
3915
2250
223647
2748
3780
2259
36408
85599
15894
2451
38757
1920
6957
61686
2961
1950
12471
17769
13737
2217
1899
21405
1848
2814
211104
131103
28989
3165
37671
4365
2280
82032
2697
1518
11481
104820
2061
3147
4005
4293
1842
2451
4143
1968
47454
1887
1266
46044
5091
55548
3639
11145
71850
5070
59448
2841
2325
1842
111942
3156
2025
1971
46797
1611
2010
21150
1764
1623
47745
2136
69822
224142
2379
8064
2148
13665
1725
38607
3735
20301
4011
1560
4371
41274
4350
1482
1797
3552
2697
8484
1749
128811
2286
2439
2694
77463
16044
147213
44274
1686
21597
1734
19047
8610
60708
88431
22578
23316
63852
2679
1287
2961
3648
30528
9738
4800
4602
1449
3234
17304
3837
7641
35238
29790
2139
85269
16314
1416
3102
738
59718
127107
4746
4263
2079
81303
4191
7161
1686
26622
63960
2574
50421
1869
18213
2694
1425
15189
888
1746
1770
1392
2244
72921
6405
1260
98082
12561
1671
807
416877
3033
2559
2271
1635
2835
2388
80682
41433
1827
49998
3669
1125
62190
3342
2556
106509
197877
3519
68934
171084
95034
1338
2811
2064
1062
91944
57969
1773
9942
124491
14283
274035
2751
7434
69939
34566
152772
40149
3249
42045
1755
15828
2556
32400
27681
2784
20019
12285
2772
196368
56358
2274
1635
49323
1374
8799
2607
105699
3477
1641
1377
90771
1701
2289
2208
1284
85836
3021
39954
41172
1002
1242
3231
2220
1200
2562
2646
1149
2475
80946
110823
1221
3051
115509
1410
17775
2616
1647
55146
3279
2007
100557
897
3150
1491
2274
3012
1608
19851
2787
2508
69666
1437
1650
3456
60171
1851
2970
1329
3102
2499
1170
71088
44019
1146
1797
251616
93291
2142
1401
20835
24867
1812
1149
116664
3303
41511
1599
1272
47592
59100
31425
2595
1269
1308
2775
3954
15240
2256
3102
1251
23112
21687
72411
2394
29031
1254
106146
2253
82482
2565
1326
1845
2682
2673
1731
1695
16746
69102
45468
45486
85509
39027
2754
2994
2727
118599
1926
2043
3249
97395
3069
20901
2814
61524
2577
5046
12873
1974
2142
1863
2700
2274
5274
4221
1908
2289
2244
35025
1065
29067
2634
2037
1527
1326
63990
1299
1776
2433
3276
2907
3483
76791
186819
2094
7893
6723
3753
100947
40320
3309
3069
46119
6267
2205
33195
1806
88473
16380
4086
2400
1527
1536
6792
2115
3174
2565
2511
11442
16512
4899
37029
2277
4155
1980
55575
1692
5271
67680
27969
3099
73881
44736
1479
36702
2730
68874
2631
80352
2010
10581
2064
1419
172686
2169
3720
1821
1431
1893
109746
75420
2331
10716
5397
3096
3252
2493
13341
138084
6141
2712
2109
159357
127677
11847
185529
2178
2844
2598
155454
56556
3447
1935
61545
23388
1854
7656
96753
78645
11487
33927
2751
2373
3423
2859
1743
1476
59793
33141
168588
4467
38739
63972
2157
1671
4332
1725
2319
1278
3501
29421
2775
843
1941
4422
19671
2376
120714
819
68613
58077
2307
148065
8991
1158
3342
2643
5925
193533
10227
28071
4527
1848
2286
47100
2712
2193
42687
972
18834
75558
61545
1848
85566
9456
53193
103227
1680
35823
798
2196
46434
2115
2169
2415
77967
3273
25947
241497
1881
2580
2076
2811
138027
1227
1659
2982
10653
46929
7698
2835
1974
2634
3879
2901
1413
341031
83280
2769
26793
2190
1791
2052
2067
3330
192318
2625
2142
2217
44397
1329
4188
2262
1968
2988
50475
2850
1377
2307
78216
38859
3207
90135
2241
2415
3318
18651
2094
2025
3549
16665
1425
34974
2493
33762
83289
17349
2613
2355
4635
1917
1629
2970
2442
1572
2271
52617
2103
67812
251346
45597
39246
2661
3018
44988
1578
31692
17406
2715
113883
26652
23013
3312
2139
2391
10737
76848
2151
50031
2412
58173
2208
53370
3522
1518
2037
2268
68523
74181
1770
2394
1920
124797
1815
5709
1296
2571
1044
3789
1656
3834
2682
68835
2739
71616
18945
153114
11862
1416
2151
2643
1212
21669
54810
72042
7455
2145
11355
2850
2427
113820
2388
58299
11784
2856
49548
48756
12633
1590
3015
156093
76236
11220
39951
1545
3573
1224
148164
1347
1260
1455
1689
3813
3411
284634
3126
49878
7392
2589
32421
3819
1638
42774
40350
52038
46875
114489
24162
3591
2010
3303
47793
1725
1074
3819
92700
29466
1251
77130
88173
18912
1620
25617
2004
75213
129189
59697
117264
13668
1179
11223
11673
3939
2355
18513
11796
41397
2271
2835
20658
1950
1749
15765
1485
1518
5490
3036
1887
9012
23169
1608
3339
2139
1365
19257
63498
89559
9558
7173
2826
35544
14109
80265
3012
1767
63684
73551
1704
11058
2205
1812
4416
819
3132
1572
62361
1989
2307
2760
12477
3348
14886
2298
3318
1842
3444
21864
1815
2748
30609
2493
1611
202731
1299
975
121773
2328
1731
3687
47349
256539
42093
37764
4605
58143
11421
3867
1665
135090
3045
19755
7143
3837
2643
20370
2019
2799
1905
12666
19359
2823
6645
3216
69594
99333
1782
8541
2784
157215
1578
44985
48588
1989
2103
7440
36597
60828
1500
181458
1176
18174
18780
70053
12345
1386
1077
21627
5415
74805
118797
1662
10836
2358
44031
43482
3375
4986
2835
1629
2616
11568
73641
1917
2046
52941
112494
196764
97587
3102
2223
11763
50493
88119
2679
2625
22722
3141
3090
2043
1116
1299
2619
37500
66138
2070
2994
1899
43017
1722
1809
39138
102588
4647
2121
1227
1911
104691
2328
2907
2382
25263
2760
21405
1527
3309
146862
3294
1119
1842
2649
16131
2247
1146
1542
54390
55548
32901
4071
1137
1545
3765
141438
2511
1734
9696
2394
4860
1245
12948
12702
41628
3210
4752
15963
14667
2265
1833
193743
12429
1149
4419
1467
1446
1347
2046
56199
1152
1557
135012
47790
3663
55446
3333
24801
3639
121131
9654
2406
15153
2541
2802
3267
74340
1272
1308
87171
2496
177291
161874
2241
63783
2847
3270
12444
2526
3507
78660
2235
61851
1917
3384
20112
63657
2343
1410
10359
52020
69651
37878
98646
47697
1107
1476
1968
1539
3216
1080
73788
1638
25920
2010
1965
3336
1716
2304
2133
6372
56124
2343
1230
1659
1881
3192
76638
1383
3891
2094
46920
1485
33960
5148
1773
3723
17157
1002
62238
3858
1908
3762
1395
6807
2463
2850
18423
9261
2355
42918
54804
774
1803
1473
1443
381
1236
1269
1287
1539
2298
3828
1908
2550
1602
819
1044
2070
1578
1830
187014
2916
18312
1026
1536
1494
1548
1149
1266
47277
1293
2523
1881
1551
2334
1548
1992
1425
1818
2724
1755
1626
6078
1665
810
22452
1236
4269
705
1467
104043
1179
1338
2106
2727
1257
1086
2811
1101
1473
4098
32535
2106
843
52602
1362
1227
807
54771
133806
2337
1644
21702
1146
5643
1776
1056
2175
83061
1272
49101
867
2868
115812
1863
1293
84537
2742
1599
2406
1434
786
1254
1080
963
1428
2388
2121
1386
1260
2052
1464
2547
14004
1968
5184
2118
68229
47778
1287
7401
1191
16836
1035
16332
1947
1575
26127
864
1785
18054
41340
2235
1527
957
1785
951
2007
2442
50736
1311
3132
2172
1155
2361
211749
9411
2259
1224
1110
1245
1125
1041
1038
12417
1329
1464
1221
903
2577
50766
2454
1437
4020
1746
1809
1140
1101
61326
1959
2559
33462
1413
1899
1524
1602
49401
3453
1038
60732
873
88842
1836
1386
37161
1554
1203
2793
262302
2418
1521
2976
1827
936
1722
2529
2016
10056
2637
1806
984
43965
1347
825
1488
2487
2184
1182
951
1602
11421
774
1071
67860
1557
1029
1533
1335
123165
1170
13296
1059
1104
1977
2040
954
1458
2367
462
1524
1167
1785
27945
1944
1419
1785
1863
66816
1800
1917
1422
3222
1521
1494
1884
19116
1728
2631
58836
1620
77727
981
2007
6060
2469
3591
1320
2145
1320
1470
1623
1329
1398
1899
2100
1395
21105
2043
5388
1737
9666
2169
38646
771
1569
1035
1374
23229
1560
1746
49632
5199
19035
1173
2100
1089
1548
705
1602
1455
1179
1164
15759
2706
2745
1212
2934
2955
1050
1404
14475
1896
4446
936
2040
1545
1734
483
1707
1830
1911
2829
1068
1212
570
1140
85248
966
1788
1266
1587
1284
1320
1212
1569
2418
2739
1146
2577
1194
1002
6582
2025
960
1965
31011
777
1440
20520
2151
2265
981
3243
1881
1644
930
816
1695
1935
2520
1410
2028
80181
1851
2583
4854
1008
1266
1659
19656
1506
1182
1464
2346
1332
5775
846
948
1833
1776
1137
3993
1923
137151
2250
1503
2220
1665
1290
19173
1035
4407
37392
1524
1491
1248
15810
2319
32634
1290
1314
2439
1542
85755
1629
2235
1281
1065
2700
57705
1509
2181
1332
2187
1938
1089
2013
1053
1008
2301
885
1374
2688
1377
2166
1590
1527
1284
2043
2226
23772
1755
2718
11676
2433
30660
726
909
165756
765
1845
28533
1284
34980
9294
1167
1422
2970
2667
2454
1410
27873
2142
73608
588
1041
831
78135
1827
127476
861
63435
1077
927
2982
2364
801
1995
717
2280
101253
945
2478
2058
132015
3201
1242
1137
1812
996
1107
969
2283
1158
1923
1281
798
1287
66603
1473
1131
270
1542
1956
2100
1944
1224
1482
1578
1512
25041
1848
2235
1929
1605
318
1377
258099
386007
240
5568
2976
1341
1593
7002
1926
1971
1254
1332
840
1146
3861
1359
1950
2331
1878
1986
1092
1428
12942
1056
59988
1185
56016
2058
1635
948
1818
1245
825
3057
5460
828
2601
738
1314
999
1068
3330
2511
1917
1179
981
1509
279
921
921
876
7344
75771
1467
1539
40995
1986
2079
44859
1326
1287
1656
2295
3369
1440
2406
999
963
1287
1011
1662
1173
1797
1176
1206
789
1233
1101
1476
1248
2664
1239
2169
1080
1254
2262
355728
2250
1866
2493
1557
1365
2784
1716
1563
1638
3339
33666
1338
96207
76458
2433
3570
1482
1989
1305
4929
1713
1344
1971
1164
1365
8034
1737
2652
357
1278
951
1089
103815
1464
181926
1509
1338
870
1602
1113
1098
51921
1122
2886
1851
1647
1026
3402
1533
1314
2082
40170
1944
1086
1623
1647
196416
2670
1506
990
1257
1734
1038
759
40692
2130
1386
4944
1410
3186
1845
2724
83988
1986
2538
2475
26433
957
1992
30780
2823
2091
1149
1194
44766
95520
2370
1392
1134
1041
176751
1800
780
1569
1161
1542
1260
1509
1077
2442
2295
3669
1221
7035
2508
2361
1254
984
1068
1275
1638
1161
1452
1602
1152
1230
1992
1146
1554
1746
1386
867
2619
1449
873
2535
1365
1122
1050
810
44157
789
2937
1314
837
6696
1500
1128
1917
2190
1107
1800
1176
1734
26760
1230
1386
1314
1632
68550
966
1425
1584
1071
2655
1113
2136
306
1182
108798
2304
1842
720
816
3438
1419
2769
1587
873
198
1728
1386
2400
3000
1572
1185
966
1620
1302
1068
1155
2166
1224
3816
1155
8901
2166
1515
1209
2601
1200
1077
1026
1545
174657
921
2259
4581
1851
1065
1410
1278
1245
2028
999
2943
177
1569
16074
2274
1686
1956
3231
891
1872
1560
1440
2856
1155
166494
1662
1311
1041
978
1806
1041
837
846
1233
1836
2403
795
111363
2034
2100
2697
2103
53745
1245
2409
1302
80079
8115
1587
945
1341
1488
1512
1038
2577
1239
2400
1092
6216
762
1248
5100
1059
1965
1572
1245
2946
1443
1152
1284
1326
1638
1560
1683
1749
1320
1074
36450
1104
1551
96276
2718
1023
1755
1032
101886
1218
1788
1575
1053
1140
1668
1434
1779
1035
2016
1992
1311
792
1725
1722
1659
900
125976
1062
10818
1689
957
708
834
1767
1446
1188
2217
1074
1605
1626
73485
102774
1905
330
1941
1602
1866
909
1923
68676
1134
2487
78714
1179
1770
2889
1083
4152
3414
1488
1107
1029
918
25065
2016
2181
2667
4968
1839
1497
2979
1734
1956
1188
1026
12990
1008
1218
1179
89271
2376
846
1074
1545
1272
1557
1104
1584
1761
1497
1611
2247
1095
4134
2088
2331
3954
939
1398
2271
957
1509
23010
18372
1410
4827
1899
1467
1515
1950
1227
1782
1047
1680
828
32994
1713
147150
1758
1632
1533
1287
1995
1359
1671
1692
1899
2136
1227
1416
1269
990
1167
1995
2037
8025
816
1041
999
1983
1083
897
189
1518
3081
1029
1149
1836
62082
1341
2772
1269
37806
1761
984
1002
1539
1410
1653
1398
1965
31470
924
1032
816
1287
1194
924
1500
195
71553
1437
1212
1539
2634
1689
1440
1293
2292
1191
1911
1581
1134
7704
1461
107751
21471
2244
2247
1584
2481
12453
118320
810
1206
1248
1365
6765
3579
258
717
2535
1485
1386
2502
74058
1584
2733
1512
1152
1833
1218
3891
1278
243
1470
2487
2283
2436
2064
1446
1497
1281
993
2559
2088
2160
2085
3531
2808
1350
1368
107547
2058
1344
1575
212037
1548
82302
1023
1344
1524
1227
2064
16089
2637
1278
1563
1743
2436
1869
1731
2577
1317
1692
2781
2040
72327
1824
1728
2292
1845
1698
3075
1284
6306
972
81462
918
1551
2988
1206
1584
1995
1200
1407
897
14736
1884
19638
1788
1440
4011
1227
3669
1524
1584
4758
2922
933
2052
1275
1443
3318
62922
11226
9813
849
1746
1158
1152
1686
1176
2559
46590
1674
816
1122
1329
1491
1998
1239
1221
29760
171780
1983
840
2697
1788
1161
22365
939
870
2574
2106
1260
2853
852
1167
2421
1821
2373
1905
50184
1194
2277
1056
975
1881
1593
31035
1551
1632
1305
1065
2649
864
32634
1578
1233
73686
37458
61686
1278
2577
1143
501
1557
948
1314
3102
1665
1251
1488
26139
1170
1044
1554
2019
24777
8643
240
11859
1299
1557
1419
1143
828
2763
1722
1098
1764
1161
1557
1959
1485
113076
1740
1536
22635
1161
2469
13671
52281
1158
1845
16668
1581
834
2007
2955
87612
3345
101025
957
1335
813
3549
2316
1506
1140
1362
2220
1863
1209
1077
64803
2649
1995
1062
2313
2604
1152
1029
1941
2172
900
2448
1521
204
759
1974
2292
14100
915
1368
1836
3165
3402
222
2376
759
1347
20910
71757
70374
906
270
3411
1488
35562
1173
1281
1638
1332
1623
1380
1203
44334
1410
2274
1953
822
50499
2445
1467
867
2835
1086
1668
5529
51942
1671
855
1482
996
1143
213
1068
1287
1974
1434
1053
2529
2262
1914
1221
2064
1812
52809
2022
69033
2793
1254
1491
3585
3621
2016
933
1077
1752
1491
3342
1242
1815
1887
1206
1359
1116
1059
378
1053
4719
196428
981
1833
1602
1821
10497
1197
1098
855
957
1662
924
2550
1554
1143
1044
1110
3846
1062
8979
109524
2883
1959
867
4176
210
2349
1911
1824
86616
1929
87099
1026
3483
1533
840
1800
2229
2445
1815
3177
2112
882
1458
22278
1137
1452
1098
4119
1260
1242
1041
1704
1407
513
2475
1038
1923
717
1629
91479
14529
1785
2349
1824
1011
810
366
897
909
1266
939
1056
82203
3753
2325
963
1620
9750
1521
1341
1389
2094
2823
1485
33150
2202
1029
2229
1644
990
1611
2040
531
1341
2163
780
1119
243
1791
1575
1155
1062
1782
1848
2334
2148
1872
2790
131199
2328
1203
2874
1227
15867
50244
1911
741
226866
1467
1389
23316
1407
1770
933
3771
8709
12699
1920
1584
1143
1773
1248
1740
2616
137700
2130
945
1827
957
1467
1296
1449
1350
1569
1353
1869
915
16029
972
1296
5661
124974
2256
1194
19509
1518
1314
37035
1293
1440
1764
65289
3066
2223
2055
1728
2115
1374
1890
1608
1017
43392
1125
1305
852
1938
24012
2454
94989
1470
1299
31986
1086
2901
2076
849
1302
1356
1518
20175
2229
1686
729
2160
91068
1194
53181
957
87972
762
2001
3048
234
168186
38841
1218
1788
19263
2451
2583
1212
2295
1224
2115
231
1341
1524
1488
25704
44475
1362
1638
21942
2046
237
340107
1323
1443
1188
1254
1158
2184
1503
1527
1167
2226
1668
1890
243
1872
47943
1362
990
1071
1827
1641
1854
1596
25887
1455
1551
1596
1104
1104
2406
46434
1965
63786
1266
114462
822
1221
1728
33117
1434
8049
711
1686
1491
1701
47385
1542
2208
1392
894
20304
1791
2181
1977
1317
62955
789
2850
2049
3063
12111
8361
1155
9297
2535
2922
1197
31899
1158
1422
1356
1527
2094
972
1683
1533
1485
2346
106758
2376
1422
28872
67191
1395
83862
1563
1629
3363
357069
1782
74001
1200
1815
1725
3309
1164
1755
933
1710
1857
39978
1137
879
2073
1302
702
2859
1896
6120
1662
2454
2961
2439
1317
2667
1218
6372
3171
1140
2253
72771
2040
8466
2124
822
284901
2097
1194
112113
4587
1425
14214
1254
1224
1131
2880
1419
1338
771
1461
27267
3123
1761
7686
1008
1311
1080
243
1758
2019
1209
27957
645
3273
2511
17019
2001
50286
3906
2409
14277
1842
1611
1326
1857
825
2106
2637
2412
771
1593
855
2406
1851
1404
2220
2526
2190
123504
56931
2481
1728
897
65733
1677
1416
1260
1455
19224
951
37383
1218
2112
44895
1746
1707
2109
1887
8496
1833
131670
1191
19680
4419
10632
1566
5619
1884
81426
1095
1059
1164
1833
1662
1167
1107
3189
85608
46158
2892
1509
3054
1212
1242
150654
2673
1542
1017
66423
942
1467
789
5172
1167
1893
2313
1818
1392
1398
867
65079
2094
1128
1515
1788
984
936
1071
2238
1491
1347
900
879
2079
37710
1617
1686
1977
2352
1974
2514
1986
2607
93408
1524
1086
1014
1533
1116
2379
1398
1368
63420
1821
1236
34914
2112
1548
25752
1221
1602
1779
1755
1485
1152
2523
2925
160932
2055
1545
915
1557
41400
1437
2169
861
1260
1314
1485
2508
1464
1344
2190
1368
2391
1155
1536
1239
1410
1074
1452
1239
2550
3627
19779
915
996
1371
2889
78381
1368
75621
819
14865
1038
1380
95592
18936
1698
1635
3390
1083
1455
1815
2496
68910
79407
1188
1314
1677
1848
6552
2184
2370
837
1356
1026
921
1971
58392
1302
1641
41736
2058
900
116709
47664
1395
1290
1197
1905
900
1563
1638
1044
1974
1365
1137
2499
1776
141546
897
150546
1929
1626
1539
1272
1020
1671
903
1812
1593
53163
15840
2373
2133
130392
1176
14460
1506
945
1356
1740
1890
1995
1338
2052
2721
1095
2181
16359
1104
114873
3009
2244
1320
1254
1839
103836
1359
1896
1446
63189
978
711
2106
1176
17589
1512
1149
15432
36297
1506
65211
1437
2802
1749
1746
1515
1701
12057
4773
1029
1245
1395
1545
16149
3681
1173
1776
18114
966
1341
1539
1107
8571
885
242301
1356
1851
1452
1806
741
2022
1173
1626
2814
1005
1149
1365
113049
1362
1461
1224
1314
39396
2142
1731
855
1368
954
2163
1701
2562
1905
2610
73188
2439
1779
2121
1104
1122
9354
828
1464
3033
1452
972
1305
1539
15438
1899
11904
1767
3648
1278
1632
1065
1251
3366
139521
1212
1296
48597
136119
1755
1731
1344
58560
1587
2502
807
1224
1191
32256
1209
1428
1284
1908
1857
1548
1728
1923
61353
1170
1839
807
55701
1308
1515
2130
1767
51336
2328
60111
2040
5076
936
7107
63267
205488
77871
116613
1665
105267
1434
939
1566
1314
3696
36402
2235
66042
15795
37929
948
2901
1980
1245
1701
1002
1167
1668
1647
2022
5469
1638
1323
1824
1512
2523
13806
22467
5376
1827
2676
2076
1632
45456
1404
1359
2940
1815
1590
1287
924
1731
27219
1608
66348
1641
96552
1710
1551
104439
83004
2307
1470
16416
1044
825
861
1539
2403
7713
1275
1590
975
1602
1056
2274
27174
3054
900
960
1293
11154
1155
1632
990
2256
1122
1509
1074
1176
1821
1119
2331
1965
1251
22332
3381
1242
105015
2034
807
44781
1707
2472
1017
1713
1887
2337
1764
1437
2556
30669
1845
1233
1038
1665
1851
1983
40854
1788
11190
1302
3222
1065
4086
972
1776
1827
1149
13287
3912
876
1800
2355
954
1206
2076
1380
1287
2943
942
849
1149
54807
6384
52470
1368
1821
948
49506
1179
651
1917
1233
1311
2883
2112
1050
1050
1884
1110
1656
1263
2190
2250
1044
957
2247
1188
1767
2058
1596
1482
1500
1092
1329
1812
80028
1377
1794
1347
19449
1143
1764
2178
1803
1212
1575
888
3375
1857
1176
2196
1014
2205
1686
1695
1242
1128
31161
5502
1833
26334
52185
1230
2490
1137
1680
1455
2220
1443
20763
78453
1536
3087
4785
1581
1779
1197
921
1035
2904
1923
1317
1713
1293
1227
2043
1050
1800
4182
894
1101
1386
180
1554
1929
2091
2691
2037
2898
918
1689
1281
1149
2079
1431
4209
2409
1833
954
1398
1737
16935
2229
2199
1197
2970
1128
2883
306
882
2364
1353
321
1071
2325
1296
2895
1032
1578
1845
2307
1869
3111
4326
1761
1905
1446
285
1002
1629
1308
2166
2424
1056
1947
1158
2370
1317
108399
7527
957
1881
2079
1674
1023
81138
825
1371
1506
354
1119
42717
1647
1482
2277
2211
24525
1152
1815
1485
1095
1140
31812
21174
1320
54759
1299
939
1359
903
1509
23790
1467
1083
2625
1767
1494
14016
1158
1722
2604
25935
1152
37086
55938
51624
1479
2190
1662
2529
59010
2244
1020
2232
2217
1044
789
717
21999
69867
1719
2940
1785
1512
1074
3102
1269
810
1929
1377
1548
1689
2892
1356
1257
2652
1551
1695
2094
1842
1926
74697
3387
1707
933
2802
1914
1389
2265
1791
1641
2085
1422
1227
1224
2880
1185
1815
101271
1851
1029
15117
1227
1830
1560
1302
1053
69321
1083
285
2544
33546
3909
1164
1389
2565
2955
1761
34671
1692
1557
2163
2736
40398
1365
1488
5814
2055
197412
1398
1932
46299
1947
2517
1425
1758
36981
1590
1701
2385
1437
1311
1350
1530
1734
1149
1197
2391
1308
984
1875
537
1455
1374
1287
2052
1473
60489
2511
1902
1098
2142
72162
44580
1194
1836
34989
1116
1350
858
1221
46200
1551
2526
61686
72570
1752
1443
951
31695
1986
1326
1398
1539
864
2613
2271
1137
12243
16683
1728
990
1269
1128
1428
1407
1119
74094
8049
1119
948
72474
3471
1461
84294
12249
1347
2418
1467
1257
1155
1155
2841
1074
134850
102744
1401
29379
1593
2016
1827
11397
22485
2130
1677
61200
1263
70956
1425
9537
3111
49479
1284
1371
1308
1149
1473
3633
1518
1092
190692
918
1584
1836
2121
1740
2082
37458
1086
2382
1719
1671
1563
40851
87549
1782
1941
1977
1605
1383
1464
1572
1977
63591
2439
1506
1734
120069
2319
1737
2307
948
1740
1149
2166
30807
810
426
23607
51057
990
1761
1053
1596
1614
1125
4410
16686
1728
1527
2814
1323
1092
48921
1872
54819
1314
1848
1467
1032
2271
2520
2103
2103
13062
1128
1965
2139
1332
4257
1383
16920
1023
2757
951
2766
936
1788
2220
64377
2250
3162
1371
1281
27810
2034
1560
2040
80202
2877
1647
28836
1911
1179
1134
120282
2199
1245
831
2337
1146
2958
1485
1866
1068
1347
2070
1677
2724
1110
7629
1020
1515
1206
1677
777
192
2604
1479
1866
981
936
879
4629
2136
2838
1836
1323
1632
1224
130044
2553
1785
819
28278
11445
2232
1464
303
1653
927
924
2154
1830
1518
16899
1431
1134
2841
56337
2580
1323
1665
76557
1305
1977
1866
3393
31737
969
2379
12315
4359
954
1350
1503
1662
840
60645
2445
993
1374
3366
72864
4407
1773
1791
10803
1719
1224
1395
2022
1536
1689
1044
1431
1467
1017
1353
1773
1023
1056
2007
2334
1731
1620
2178
1026
64020
3384
2874
16599
1866
2031
2025
1575
46113
41982
864
2094
1767
1047
173502
1689
13650
1968
1365
1605
1029
4194
2382
80793
1572
2388
6543
91251
3231
2532
1590
306
1578
34821
30852
3090
1428
2544
981
25443
1209
1395
1230
102693
14706
1608
1962
27678
22653
1935
1506
873
1374
1341
15336
966
1887
2394
2838
1539
76875
1617
780
1557
2121
2139
1704
1404
1344
1803
1875
1971
38712
2043
1218
1977
62163
1521
1614
49548
1065
1665
1839
918
2034
1164
12006
5064
54135
957
921
26793
939
1473
1644
1038
1308
7563
1173
1140
1125
3423
831
3747
1800
1407
288
1470
30198
54780
1140
1038
2154
1713
1935
987
1242
1161
1503
1461
1992
4344
1467
1275
2619
939
181173
2625
1851
36291
891
64638
1311
2421
756
1146
4827
26103
11661
1302
1038
1371
91152
1182
1095
1551
960
1182
1284
1851
57075
24498
1977
1428
3960
924
26940
1683
2358
1152
1749
134097
1188
61071
762
1428
1221
1080
951
300
1002
3540
2373
2121
1200
1554
26631
1731
1668
2151
1656
2196
2778
1305
1950
1755
86874
2727
372
1758
3348
1167
1701
1359
2190
1638
2178
1122
1380
1386
1830
852
1608
1905
1728
1512
1242
40752
1818
25920
981
2151
933
909
3114
1089
1008
1302
1959
71985
1047
2721
1674
1173
1311
1824
900
26061
1119
867
1896
1179
18426
11646
1146
92850
1083
1740
870
1440
1002
1023
1479
16788
780
1968
981
1338
1569
94683
1059
33078
1545
1887
948
2523
1227
1623
70857
1491
1833
1218
1557
741
3288
1524
444
105294
1713
1242
2022
1179
2130
1119
79299
1050
366
1212
1980
14619
1503
1251
36174
1017
2073
2625
1083
1326
1770
60699
2127
2454
10698
2445
1554
1353
1854
1074
1359
1113
300
1275
3072
645
1635
36873
2214
1239
16716
3540
1611
2835
984
936
1377
2949
2430
135312
1842
1170
1212
1269
1860
1752
1020
1950
1905
762
936
91827
1029
1557
2445
2016
1344
1296
2577
432
1641
2088
1899
2571
2787
1941
7080
38439
43851
1965
975
3696
1560
1503
1488
1212
1746
3441
1392
1143
4971
1221
2442
30651
3069
1293
1278
1812
1539
1908
1653
80625
1797
1776
1338
1518
2331
699
1785
77163
1485
1500
540
1179
2298
1815
828
1650
1350
1245
199371
7755
1890
1497
113673
876
2961
1158
459
1425
2520
1194
1074
1917
963
1512
1917
6054
1275
1827
912
1620
2418
2061
108504
1464
2451
22761
2031
1494
70863
1062
1671
1188
1398
46311
1746
1203
1203
1101
62964
1443
1872
15216
1398
25605
31305
1548
63300
2574
846
1725
38892
9525
1275
1749
1458
35475
2049
14898
1821
1047
7215
1791
143544
1782
1221
2031
60681
1101
312
1155
2469
1782
1047
1767
1122
1749
53007
1020
1128
915
876
64650
1854
1575
822
2457
63033
1485
1806
846
1845
1590
1077
1647
1041
771
1410
1557
2784
1734
1602
73830
1689
2406
2130
1983
2622
1506
1056
2595
2928
1110
681
1401
963
996
1164
1203
39471
1344
1548
1200
101481
1329
1383
2064
1134
2049
1956
1356
1041
1776
1017
1491
2028
2211
1494
1824
1560
966
327
1710
1101
166698
1215
1407
5172
1422
762
708
1401
903
1719
28638
1119
1764
1164
2280
1008
186915
312381
2205
912
1041
2331
1512
2946
5088
2070
432
1515
999
1194
1911
2190
1578
1245
1572
1107
1977
2028
1083
1803
798
1842
1314
888
1596
1650
1374
1350
1278
2439
1368
18846
25848
1620
2016
1884
1587
1011
2142
858
1308
2226
1299
1923
1182
2109
2325
1026
3483
2289
2007
2115
798
1203
195
1773
1941
89073
1122
1896
3309
1689
1869
972
1725
320865
2283
1236
81168
1464
1050
1506
1839
1065
1512
1869
38766
1287
1473
294
738
1008
1782
1275
65352
834
77778
219
15993
1248
142158
1704
1443
915
2235
38013
23235
2349
1017
2451
2832
1791
1785
2289
2148
1203
1701
3912
1128
46596
1098
1104
1290
1008
1485
978
1485
1383
720
1977
27795
1923
1641
210
44361
1224
1944
2355
16692
204
1173
954
1275
1677
1293
24540
2847
67812
21642
1626
1596
1455
918
1395
1257
888
1926
1560
1146
2085
987
1380
1275
1842
1461
1584
1740
1548
1137
1731
714
56235
1365
876
1953
1830
1116
1788
2535
1866
3081
858
1377
1731
23760
1407
840
1131
3177
1281
60624
1164
963
1488
2232
954
2853
1194
1227
1350
1374
2658
2112
2145
55659
2127
1362
1122
1617
1218
1272
1923
90414
1815
1641
6255
1338
2979
1500
2253
1620
879
92112
3513
1581
1962
1479
849
1488
2397
19971
2601
1557
1404
2547
1779
1488
1173
1443
1011
18174
2184
1455
1377
1137
852
1242
4836
1848
83142
1512
48534
1386
1092
1836
2355
3048
297
2049
2010
447
1380
49812
765
1737
1743
2955
1167
24885
702
1725
4224
1593
2139
1128
1059
25440
1344
1659
1743
1089
2295
43773
57579
1245
1365
1113
1989
2415
1974
1635
438
1233
276
1533
1068
1254
1179
1167
786
948
1089
1956
1479
867
1290
1362
1101
2052
3675
2139
2238
65265
36138
82083
1134
1059
1695
1296
1245
137328
1953
4401
24627
2352
2814
930
1854
1329
855
180834
3309
1179
2349
411
1146
1143
1146
2163
1665
1569
303
933
1521
1122
2091
168
744
2301
1866
1758
1776
1836
1152
2739
1815
1023
1002
1329
1245
5901
27900
115494
1281
2520
28335
1155
1398
2274
1209
732
28494
30024
1047
18342
1464
1089
2373
1077
2004
2277
2952
762
1155
2634
1506
71067
58365
1074
1668
2052
285
1911
63090
1794
1029
1608
1581
1632
2637
1140
25479
74880
2724
1806
1728
1581
49857
68028
28092
1365
2289
2544
1455
816
1242
33519
2451
1326
1371
2403
987
777
1149
46107
1971
60237
1992
1386
1569
1272
51837
1140
1437
1296
2334
780
1326
7119
71283
2031
1671
2241
2187
1254
146628
3627
2349
1500
1716
612
7089
2307
1452
2544
1131
1971
1920
1998
1713
1740
1266
1107
2106
2355
1821
10080
1821
1866
19224
1443
2106
714
1827
4332
1317
1470
1308
1413
756
1530
357
101040
1104
1080
732
1221
1443
205866
1461
80478
1728
2190
1764
1596
990
1137
114834
2742
19791
687
2067
3891
2148
1482
1788
2706
1122
993
2865
1428
957
1422
720
1239
113181
1569
2064
2517
28167
2973
1092
2205
246
981
438
79722
1944
1185
834
462
2058
1605
1710
876
1542
2058
1383
1149
51042
27156
1311
2538
133260
1665
1863
1719
1920
2850
1563
3918
1545
1284
2709
1554
2172
1398
2658
1221
1581
2958
27312
1992
1983
1434
1593
1782
1800
2487
1710
1680
6222
2103
1437
1032
1341
924
1884
3456
1257
121875
1830
76818
22518
19698
1449
1491
58782
2001
2799
1401
1302
1401
1041
15579
88854
1407
1197
411
1710
1002
1503
3537
1008
2244
3174
1062
1335
81366
1752
1929
885
1776
2022
52752
1122
1698
1749
5175
1887
46785
3309
27606
309
321
714
372
225
8859
89208
1296
2085
2790
975
1476
29874
2640
1176
1710
1251
37983
876
2001
1095
810
3312
2037
3495
1602
1452
2877
43224
1923
15468
1746
1674
2883
1620
951
1275
1908
861
2298
17424
2148
1065
1227
1074
3123
1044
996
1476
1398
1209
1698
23631
1350
1134
855
3348
1758
2703
1191
1716
2523
945
1212
1155
1758
1653
1551
1137
2592
1290
1461
723
1914
2115
747
2532
1086
1326
2676
2304
1116
19005
63546
97302
1758
4392
1827
34530
15042
73929
6696
3678
1683
2148
60639
76791
14769
2787
2925
750
2520
1080
64353
2445
2625
12042
3591
3339
10605
1974
3441
2484
2322
24429
2244
36036
2316
202107
2490
1095
124743
1155
2052
4287
303747
23301
18135
33888
1125
59187
2208
9453
1767
2529
1770
136404
18783
3798
3117
2094
6546
15870
2934
5145
3813
11760
2112
19158
1878
7038
71925
95214
1113
5019
4725
160428
2721
96297
2355
9753
2376
36540
60897
2538
178434
1914
40071
79344
1536
2652
1827
20043
3402
194274
10851
4869
46077
45597
5166
2010
2232
3312
3060
8850
75624
3669
53079
114645
291117
2607
1872
2586
11517
141387
2277
22407
3321
4677
1938
2634
2136
2520
2112
102228
2160
3171
45759
2655
38088
106560
3210
2001
1458
3456
101595
1107
2250
1599
31542
2154
20346
1449
148332
1815
2214
2103
1608
12285
2541
1695
1260
2226
59745
80862
3945
5022
1239
1422
3729
141579
1863
12849
4368
1683
1200
67725
8667
13149
15108
1914
2376
3384
191799
12468
2394
3318
3969
1290
2058
59184
1521
2916
135978
45162
3645
60192
23727
1716
134823
14652
1854
1194
4665
2217
75777
2082
90672
180618
158934
3282
2223
64881
5352
11151
3591
1815
79800
2124
2808
44382
11457
3858
3249
3201
14793
67659
2334
1569
2016
59385
69771
1968
185220
1104
2139
2646
1563
2958
73869
3900
2706
22260
1086
1653
1527
3165
2418
2490
1263
1869
56457
1977
2433
1518
1950
2658
76884
1431
1902
51423
1551
30870
2772
1740
2337
15948
2361
61419
4056
2559
1887
3567
7152
3108
2397
21813
10113
45447
57423
3873
110946
1599
3372
2505
2685
1491
223197
1869
4131
1971
36453
2145
83490
1236
14946
43947
5799
62493
2277
1842
2667
8751
2247
17883
11073
2553
2034
1887
21465
3003
2463
211338
132777
29181
2688
38349
1290
82086
2124
1512
1968
9375
104445
2934
2010
2160
4386
2229
1989
5601
46920
2895
1332
41949
3273
5430
2997
56286
88275
60117
4317
1704
2940
2184
41829
68292
3054
1527
51207
2778
2616
18537
1935
50544
74919
223308
12582
18552
42198
4095
18321
2514
3759
45210
7359
3411
2925
6414
5646
5775
127209
5865
1170
2058
79212
13215
2223
146208
40593
3276
24342
29715
3075
57531
1764
27351
57732
19845
22122
1761
60522
3009
3408
2466
3531
30990
12186
3282
2757
1767
3516
13386
47142
30225
105519
2655
1662
63342
86577
39537
3603
3969
81372
1845
11748
28335
67551
50046
4221
12846
6528
2091
1737
12273
2787
1293
1905
1314
1779
14475
60519
2604
3663
87267
26460
1056
1335
42816
368022
1197
1602
2661
1098
2784
87009
41922
4008
49314
1548
1476
63816
2925
66204
15384
23994
193866
2475
64434
6927
168498
99099
1950
2046
1143
88872
56196
2136
9930
3429
118161
993
14577
271026
2277
79512
4377
227556
3243
2865
42885
18564
36765
19644
1911
36138
16839
178671
1743
57057
1242
48489
2568
4176
2544
111522
2583
2682
90111
1677
2037
2577
2925
2025
86235
54561
27660
5940
2292
4005
2316
2742
3708
2904
2361
2346
81633
109842
1650
3036
116643
1992
20712
1710
58146
1929
100476
1611
1812
369
2589
1908
2058
2022
18723
2457
2553
1413
72309
2478
2250
1959
57906
1152
1467
3012
2454
2166
1017
116133
1461
2046
253275
90618
2427
1686
1302
21159
19917
1644
2010
2145
116601
40638
2811
2298
1872
96624
11226
31263
1611
3108
1926
2085
19260
1980
1671
2151
21732
17601
1401
71544
28800
3267
109062
2427
30528
51588
1578
1800
2172
2142
2325
1041
15210
69063
1827
41613
2151
129495
1467
40800
3924
1218
2154
56169
56982
3543
2067
4431
2379
91104
3840
21990
819
58590
1770
1554
2436
1818
11862
3948
1554
6408
5496
6720
1503
1830
34068
2100
32862
1557
1707
1461
63534
2049
717
3054
2007
2022
3693
1827
73494
188733
17697
4710
96684
900
36267
3711
2238
3630
41010
2880
2301
36960
3360
97530
3672
1959
1197
3495
4137
3108
6606
3090
13596
18171
1473
34038
1809
6783
51822
2754
1392
4839
62217
2544
29475
76821
38430
4107
1056
37512
71712
80469
2619
11031
1803
1830
5235
67866
97986
3423
3816
1314
2859
1953
2046
186570
14055
3486
4026
3438
3534
9270
37221
103596
1926
2817
300285
183888
2760
3978
2106
1242
153081
2682
54171
1515
2787
39309
19812
23676
3591
7947
174966
7461
34548
1026
1272
2313
1944
1398
1824
2445
90306
1665
16245
147753
3912
3138
35502
2250
60882
2223
2604
3777
2673
1932
2958
1623
28620
3045
2562
2925
1998
21681
4494
882
121722
68541
60765
76938
74397
6171
2160
2130
2247
1998
2613
189564
966
38079
2646
1971
1116
46884
2388
46716
94173
59637
1980
1509
83073
11883
48825
2733
102054
41010
49701
2382
2007
3390
39426
30360
1494
2580
19482
177483
71370
3036
2019
2334
1797
134709
3915
2172
1974
2577
31239
21024
4326
9282
2562
2364
3216
2019
2169
425928
3585
29685
1791
981
2478
2640
197463
4494
2151
48615
1662
2817
2391
5121
1680
49128
1725
2028
3312
75495
42819
732
89589
2943
3405
2904
18414
1473
1806
19080
33765
2436
118980
3045
18732
2172
2694
3348
2715
900
3213
2247
1350
54852
1944
321927
2232
40623
42474
2700
5466
46710
13026
18315
14763
3351
2367
114246
53145
3153
18078
74868
891
46845
3705
4737
56400
56844
1992
1737
1302
67287
73728
4047
1761
6135
2556
124602
7509
4506
2883
4098
4221
2352
3762
2769
5940
68376
3453
90816
151677
9552
2118
3795
1008
3189
79275
68079
3186
1980
12540
2973
1761
1398
112560
75219
45102
69228
130158
2523
28569
26112
2502
21459
2310
1083
86397
10974
3297
2532
13473
1215
2202
27756
2487
2859
6408
2721
2571
1164
6180
6132
3063
2031
1764
63075
4419
2292
3300
92259
3360
3165
2646
2985
238470
49680
2190
3261
2151
68928
80322
2241
1272
2172
2838
3861
288534
2913
46596
9147
1440
32580
4272
1143
44826
90342
50580
134805
2028
2619
1593
50772
2754
1821
2463
89778
2106
26328
2226
2352
71343
90756
15819
2208
24765
2223
1377
40575
31578
132042
174036
16422
1491
23862
1608
1809
31560
37311
4086
2328
22149
1368
2514
15672
2268
1932
3597
1149
3285
1503
27621
3702
3561
3180
2268
1515
1701
81675
1956
1164
1323
1626
1494
1698
1173
2838
1374
1947
1785
1305
1506
1842
8628
1287
2037
34362
1164
1008
18555
1512
2091
1167
1164
2109
879
1743
807
1884
1995
1818
1878
1368
1104
66621
7521
1299
1668
3699
5037
1071
1395
22404
1359
1212
1158
2484
4845
1038
1395
1092
2376
2046
1374
1779
2370
118914
15735
2178
1476
1434
1050
1692
22707
6870
34299
1455
1161
963
19014
2910
30627
837
1968
1074
2415
2238
83460
834
1026
1197
1506
1500
59730
1497
1530
2178
972
1116
738
1944
942
2361
1707
2547
2349
1128
1302
1311
2130
1617
1368
1056
1833
19215
3054
3279
2001
435
8565
1785
2010
29943
1065
741
165927
1764
1272
26133
903
33585
12855
1203
1170
2349
354
1776
1434
1317
28068
957
71421
3636
903
1446
75390
1311
1818
124932
1248
1599
61947
2169
1239
306
2226
1485
1350
1128
1839
978
20832
77457
1224
1524
2103
134799
1173
1086
2253
1842
1584
1242
2238
963
1650
1791
1332
1119
1221
64734
1122
1602
2463
1575
1122
1527
3006
1350
2499
1482
1419
21753
2958
1815
1878
1176
3270
945
256128
1833
384525
8100
2328
828
9696
1353
1332
1092
1863
891
3984
1203
1161
1467
2760
1317
2475
1704
1842
192
8124
2424
62118
58842
1623
1605
1674
1185
837
1386
3192
2145
1464
1482
2106
882
927
1779
3174
1926
204
1527
1272
1029
1254
2787
1626
1932
10617
71541
2166
1671
1017
38445
948
2634
47673
1605
1626
2331
1233
3360
882
3483
948
1884
1365
2856
2097
1392
1338
1140
1941
786
1023
1092
1470
1068
438
1818
1227
1119
825
1689
358992
1926
1014
1410
1401
1275
270
798
1845
1386
1014
324
35397
1026
73257
19521
2616
76767
4281
1344
1338
1173
1914
297
2763
2202
1344
1449
1248
2250
3699
1869
1569
4986
1860
813
837
101943
1677
183498
1383
1098
1932
1089
1371
51366
1257
1557
3135
1512
948
1218
1107
1371
1470
43800
987
1140
1143
200502
978
2265
1311
930
1911
1398
2007
37806
2073
1029
1599
4827
1605
2025
2235
1659
84447
1581
1530
29559
1425
2310
29121
2436
1929
2928
1098
46914
91833
1965
1098
1125
867
179352
1236
975
1131
2445
954
1104
855
1281
2181
5655
2409
921
4803
2310
429
1593
2496
2226
1950
951
1077
1038
1449
900
2139
1125
999
2166
996
2517
1686
2757
1122
1380
921
1491
2070
1110
930
1311
45852
1395
873
1881
1518
4638
1428
882
966
1005
1737
1596
957
1764
1452
288
24435
1587
1455
1473
1206
68841
861
1596
1212
963
1071
1677
1113
2706
111408
2610
1533
1059
1143
336
1335
1203
3606
1467
2847
1524
2187
1809
1551
1443
1539
1260
966
1026
1281
2040
1887
1605
1965
1068
7191
1092
1941
1731
993
2463
1368
1422
999
1659
171945
1017
1902
2055
480
3030
1002
1053
945
1329
1644
1653
933
3372
1074
13995
1413
1056
1212
1452
1224
954
1347
1296
1173
522
1776
168897
864
2061
1212
1554
1536
2169
852
1431
1125
837
1218
114927
1584
2451
2223
56202
1836
885
1650
77259
11721
1461
1059
1452
1386
780
1473
2310
1932
981
10227
1182
6948
1188
1089
2691
1794
1620
1524
1218
2067
1026
1254
1932
1512
1944
2496
36549
1593
1335
99501
837
1440
954
105147
2859
1854
1389
1227
1695
1602
1665
1923
912
2778
1212
1062
969
1743
1998
1203
126621
1353
1812
7365
1431
1023
1038
1656
1902
2547
1077
2019
2142
1569
1971
179820
2235
1329
1227
1062
1521
70599
1164
81396
1407
1422
2391
768
549
1770
255
1521
1044
1263
1581
29301
2679
1512
1998
447
2472
1803
1827
1656
1674
1050
2607
16467
1011
828
1374
69153
16602
2082
1089
1863
1857
1302
957
1719
1176
1737
1290
1188
2229
1146
1968
243
1851
1470
1818
330
1476
1971
1230
813
1227
26712
16248
1047
1080
1665
3153
1167
954
1902
1551
1692
1272
792
1128
35310
149394
1797
1326
1866
1884
2178
1557
2001
1458
2109
1242
978
1965
2622
1866
954
1179
10335
1224
1179
1659
1665
1167
3144
2028
1923
1170
1539
960
57228
3405
2034
2547
2868
32475
1110
849
1074
1164
1275
2208
1221
1908
1062
29460
1377
1632
792
1419
1638
855
1506
2553
69414
2241
3294
2070
2190
1260
2325
1302
1161
1611
1980
1299
2658
1629
1026
1200
1254
330
2076
1569
1521
1734
1752
1227
1437
939
3132
1629
184692
1872
1116
14421
2061
1554
1500
2388
2019
2553
49197
1728
3270
1923
3162
1095
1980
1320
1038
1587
2292
927
9540
1143
1794
22887
1848
249
2181
1245
2169
100809
1020
1416
1158
1116
1542
957
2268
1524
2079
1812
465
1629
29748
2853
1221
2409
49968
2244
960
2004
192936
2283
1428
17886
1020
7863
1959
1521
83496
87267
981
1863
1386
1230
996
1572
1257
1287
807
1770
1776
1038
1020
1755
1599
1413
11130
1563
1305
309
1149
1386
66660
50649
9342
18204
18786
1398
28194
1236
21522
39735
2046
1353
1626
1653
1188
1002
1191
53547
2538
1323
1143
1812
221667
1257
2190
1590
1434
1431
738
1170
12531
1119
1953
2175
2382
1092
53727
1359
1986
1401
3426
1161
1494
2649
61080
2322
36210
1167
1140
1515
51462
849
855
58827
1437
930
85209
1818
1410
39033
1410
2919
1092
259392
2121
1821
1908
3243
669
2598
2859
2313
12696
2421
1560
1527
41526
1524
1899
825
2958
1902
804
1416
1848
1518
9075
1890
1119
1473
64203
2661
1716
1383
2589
126528
15444
825
2205
4398
1125
1413
1419
1878
1182
2178
29943
1284
1383
1446
2076
63330
1335
1815
1854
2223
2220
1080
2106
21609
1824
61896
79950
1077
1542
3258
2151
6300
1476
975
1842
1662
1491
834
1707
2445
1377
24162
5724
1110
12795
1572
36393
2610
1362
1707
1989
23886
1026
957
10536
35274
1611
2868
21828
972
1665
2112
1524
1425
1392
1665
1176
2583
12435
2703
1113
1656
879
2544
1047
1062
1641
12546
1383
2133
429
834
1413
1518
1788
1713
2460
2526
1539
2529
303
1824
1845
83598
2682
1725
87075
5733
861
1044
1581
2652
801
1470
1662
864
1788
25173
1428
957
1077
1590
1281
2751
1434
1107
2709
1830
1173
2007
1572
1302
50685
38442
1071
12678
1539
1065
2358
792
930
4506
2145
1746
1374
1683
3201
78834
3069
2232
2655
834
10704
2208
1173
1851
2046
3132
2436
1908
30984
1146
1935
2244
2040
1260
978
1224
3294
1659
1974
747
3822
1326
1044
876
2139
2022
2526
1698
1881
2775
132987
1158
1935
291
2748
2274
13380
732
48123
2391
1095
927
224052
1401
1971
26226
2313
1083
999
186
10767
16335
1134
1341
1317
1530
1287
2658
139497
1326
999
1452
1170
1614
1479
2172
1737
1281
1563
1212
17658
1293
134694
2688
1833
19119
1536
39213
768
1263
1416
63063
2085
1857
1356
933
1191
1380
1473
1506
4425
44715
2334
1266
1023
26601
3330
94668
1455
35895
7107
2079
915
744
1350
1527
17799
1392
2259
1107
1701
90132
1263
55260
89481
1710
2220
4911
165588
41151
1569
1119
16449
960
2136
2406
1923
2463
1728
2292
1608
2121
996
24054
45954
1530
25137
344931
1572
2544
933
1221
939
2268
1686
1725
783
822
1992
3144
1299
47688
1176
1509
2559
1674
1965
1860
30003
1593
909
2169
756
1911
1680
12468
31728
1386
1275
60978
1242
1161
111921
1167
921
1734
34236
2148
8229
1677
1845
1068
46551
1872
2316
1317
2400
16809
939
2733
1323
1023
66654
2049
1488
1443
1113
8283
1875
8820
11724
2772
1242
33357
1353
2877
2439
12927
2232
1086
2877
180018
1359
35961
1227
148584
1290
1014
1164
2595
777
1755
1932
975
2178
924
1065
109902
1899
1269
27240
1497
64218
1443
83664
807
1875
2580
1419
196542
155826
1752
1497
71817
2364
1389
2541
1269
618
2214
2304
1173
1782
1542
42291
1758
1986
1404
1236
699
3297
10632
2001
1098
1701
1509
1065
2640
10368
3432
1362
1134
71340
2463
10896
2124
792
282972
1989
2133
1434
108708
2250
2193
16827
1326
1074
2037
918
2064
1170
1209
30240
2250
9504
1461
1515
3657
2043
1077
1122
25233
2328
2184
1992
18387
53529
303
1428
1068
3957
6525
1191
1794
888
1674
1860
933
1596
249
1902
912
1743
1341
1350
2664
1155
1944
1566
873
1017
121302
840
54852
1632
2073
2514
68271
792
1479
1335
1647
18726
40308
1587
48495
1731
1581
2193
10467
1545
131628
1923
16713
1512
5679
8505
1494
7398
81825
1305
2184
1488
1008
2322
1011
936
1176
2088
81822
49320
3135
4821
1422
154443
1716
1320
68199
1947
1062
8043
1137
1629
1818
918
3699
2286
1539
61266
1479
1125
2355
1524
1803
1089
2529
2097
1395
912
1035
2037
1608
40971
1575
1965
924
2646
1611
1509
2061
2067
90510
1908
1959
762
1521
1566
1359
1485
993
66633
1626
33390
726
2154
28623
1257
882
1620
1860
1902
2529
2448
1479
158586
1533
993
900
1329
42732
1851
1704
3246
1734
1056
2004
1890
1437
1554
1125
1623
1248
1158
1563
1347
1356
1359
1050
960
2184
234
2139
19776
2541
1056
2718
309
80682
1458
73500
1380
16689
1083
118125
1692
867
3237
1092
2283
1329
2538
66207
1410
74967
1794
1365
1395
786
9378
2211
1584
1104
1314
1185
1620
58356
1512
2517
3723
13941
24879
1332
1740
1746
22887
91176
1155
5100
38421
1971
1335
786
1446
1755
849
1641
900
1311
1317
1869
900
1983
145557
152313
2514
1854
1263
1962
1965
987
1605
1641
1371
51585
19128
1671
1419
128892
1032
2433
11175
1050
2262
1443
1617
1284
2319
1311
2373
1617
1692
1575
1314
13545
1302
1269
107124
6237
3234
1632
1113
963
106470
1500
1257
65853
1302
1152
1353
19605
1752
19578
34431
894
68025
1155
2649
1065
1287
1806
2190
9735
1359
246
1884
963
1554
1611
17718
366
1365
702
21006
1650
1047
1455
1449
5256
1221
244647
1110
1692
2361
1797
1176
1266
1281
2706
1173
2556
1788
115431
1638
1176
1098
1074
3060
909
1302
4551
1488
1227
105969
24303
2679
2397
1968
234
1230
10785
1371
114222
2232
897
1389
1302
9297
642
3426
1269
441
1215
1260
2136
1377
71175
2631
1365
2832
1224
942
2352
2745
2754
2685
1437
2229
1197
2058
3045
1653
2163
2235
5808
1311
1701
3237
2490
1671
1503
109986
2898
1092
214152
1653
79593
1773
1023
2136
1242
1626
1599
15216
183
1497
1467
1602
1998
792
1866
2121
2385
1230
912
2031
75195
1626
2265
1614
1566
2154
1629
9744
83244
2142
2052
1914
1242
1530
1350
1359
19908
1362
17448
906
1125
1125
3072
2085
177
1410
1545
4662
2988
1077
1233
2136
1026
2490
65895
7746
2478
9393
1185
1374
1218
2673
1917
1335
213
1848
44727
945
1389
1023
819
1104
2370
1233
1857
32439
108954
59745
1923
1971
999
2439
1911
24024
1452
2871
1611
1692
1071
1725
792
819
1791
4503
1050
48384
2601
1773
1374
1320
1542
1710
2406
27975
1746
2433
1209
1566
1101
1041
35094
939
2451
69156
38346
1203
57183
2163
3012
825
2439
1575
828
1800
1707
1140
1356
28530
1227
1083
1617
37632
9909
2295
1314
768
1260
1800
2601
1668
1062
1503
1989
1614
1896
1671
909
113049
1281
26550
1002
2490
11430
1587
49890
1995
1002
18036
1668
1428
1662
180
90120
104364
1527
1119
906
345
1947
2484
2256
1047
1425
1830
1254
1113
67944
3336
1212
2391
1401
354
1614
789
1416
1653
948
1080
1566
3588
1734
1407
2145
11187
2904
1020
1320
1545
2274
534
3093
3693
23652
69540
1047
67020
1359
1728
246
1215
1509
36414
1122
1614
1110
2112
1146
1347
46782
1377
2001
1677
53793
1926
1380
2235
1908
828
8265
49863
2346
1383
1626
1683
1794
1866
1371
1089
258
936
1755
2685
5931
2292
1365
1626
55851
1455
67449
1671
354
1368
1125
2352
4077
1542
999
1461
1557
3186
3981
843
1872
2550
1041
1428
1677
930
2181
3447
1956
191127
3432
2010
1257
2532
12720
1209
2349
1005
1347
1458
2544
1425
2205
1215
1506
2085
2310
1722
5946
111528
258
2052
1545
1749
3846
1419
2139
2220
1014
1896
1089
993
2373
474
2058
2010
193923
1287
1233
1890
2388
1860
40884
1806
1422
1647
1653
1173
37200
1482
84819
2361
1599
1731
2376
1554
1002
1323
1413
1167
64206
1236
1431
123759
2313
2376
1518
1023
1560
1734
36081
3177
20703
53154
1272
1605
1638
1353
1383
6537
14535
2484
1023
2532
1938
1104
52122
1296
53211
1323
2397
747
1869
1467
1407
3534
1278
2187
10200
1671
1386
2472
1494
2220
738
1449
19683
1443
2676
906
171
753
915
891
1470
61917
1998
1569
2082
2034
30198
1377
3843
2022
77970
2076
1302
2454
25995
1323
1965
1668
1548
118668
987
2202
1356
1962
195
1704
3579
1803
1878
1200
2079
1248
1398
2091
825
9822
1245
1605
876
1536
1806
3915
1038
1779
960
912
1059
2028
969
1074
975
2379
1446
1452
132945
1707
2775
30276
7887
2970
1515
3288
1305
2196
3153
1239
1800
19236
1929
1602
2697
52041
1284
1572
1173
78714
786
180
1602
1332
36102
1857
14955
2151
852
663
1587
1059
1416
63444
2832
1551
2511
76317
1782
2175
1824
12870
2082
825
1599
948
1401
1779
978
2451
1092
1869
1008
1842
978
1149
3003
3072
2094
1947
1650
63384
1299
3078
14832
2490
1557
789
1812
91230
990
600
945
939
175899
1440
11655
1683
1623
2379
1497
1032
4416
1575
77682
1482
1764
103803
2970
270
1476
3321
3159
31833
34308
1350
1512
1959
1653
23049
1239
1062
2226
1269
100035
17595
1110
1590
16317
10197
20562
1512
1644
3411
1074
17163
2172
1824
2400
1281
1635
58821
15042
1365
1887
1098
1962
2829
1533
1755
1443
1380
1332
915
41319
1632
1521
2991
62211
35256
51306
1338
2598
1122
969
1425
76446
1761
1302
4476
17142
1647
1758
1257
1185
2136
11001
1260
2094
1473
2577
1251
1611
1968
102264
1158
1950
1617
1710
12696
1464
75657
1002
1086
1623
1275
2595
3687
1452
1929
1416
3063
88503
1437
1191
1086
2310
1575
1539
1584
1245
1311
1479
786
2976
1155
1323
1410
185217
3348
1242
34710
939
1785
64368
1284
1779
990
1413
870
1950
24093
14052
1479
1332
1413
88950
1410
963
939
1701
1428
921
1491
2118
54495
26466
1350
3051
1767
29586
2118
2748
1503
136617
63519
1497
2277
801
1479
4497
1080
300
2199
2373
1446
1191
1575
23961
1656
2157
1506
1959
1860
1485
2301
2052
1305
1548
84408
2103
2181
2475
1974
1722
807
2316
2133
2727
1947
843
1764
1482
1974
1437
1347
1083
1725
1404
43752
28359
2127
1389
1224
804
2427
1230
1170
1662
74226
1110
2202
1854
43083
2235
3753
984
1194
1284
3351
1950
1428
1824
71148
1014
2784
1719
1206
1566
2811
9204
1581
1365
1824
1176
1272
855
888
9204
2976
14040
1371
4839
1323
1290
1398
873
210
140127
1509
2307
1035
45969
1356
255
192
131427
1740
2124
2181
1446
58122
1659
1245
1596
1047
35733
1674
1161
1590
2091
1473
2286
2454
65103
2334
1446
1065
53244
1116
1671
1527
2628
2133
47586
1350
63027
2823
1218
1365
10608
61179
2109
201459
80742
6618
38742
70353
108681
7446
1485
1608
2358
1839
234
2052
65811
56067
2430
2289
2991
795
1251
1071
921
2970
1686
1671
5778
1776
1206
1494
16467
32100
2415
2400
1407
47556
870
1557
2700
1578
1356
1752
1707
1962
23814
1446
68553
99531
2130
191895
1107
18060
1470
903
930
1041
10134
1164
1362
1008
1674
1845
708
25098
2784
2076
1509
1533
12771
1101
1755
2607
840
1233
987
933
1827
1974
3171
1266
1086
25002
2016
106992
1725
47229
2352
1572
1077
2016
1569
2625
1302
1452
33204
1701
924
1176
2850
1611
1689
40491
1002
9591
1413
1347
183
1326
1437
1785
1023
1221
2277
1470
9510
1062
861
2376
909
2742
783
1101
2112
1227
1299
1608
963
1230
1347
1371
52650
8403
50208
1332
2064
1761
52365
4737
1317
1017
1395
657
1293
288
915
993
1263
1722
1620
1197
837
1461
186
756
1608
1410
1491
939
1467
2082
1533
1536
1443
2181
1407
1764
78987
1833
2418
18516
1275
1947
1905
2094
1281
1614
1221
2268
336
2079
1095
1608
1026
2286
1995
1647
1668
1077
34176
591
2607
32478
49749
1179
1377
945
1488
1509
2133
1281
24435
73893
3093
3321
2400
1482
1029
1146
1497
951
1755
1878
3309
2391
1542
2175
1503
1194
1317
1248
3909
1257
996
2718
1131
1950
1503
1410
3621
1365
1722
1770
1266
1503
2214
1317
501
1230
2589
2313
1440
1176
16536
873
1296
1944
1839
1998
2784
2964
2415
1515
3327
1428
2238
3096
2196
1644
1572
2490
1833
1473
6213
2349
1203
3096
1032
1536
939
2151
3009
1665
873
1233
2013
1680
106761
1314
4356
2022
3024
1629
1800
954
83772
2298
1824
2085
2292
39846
2166
1725
1677
1677
26604
1965
2139
981
2628
34386
18507
942
56487
1071
1233
1485
780
2301
23442
1779
1266
2154
1566
966
10548
2028
1401
2133
1905
23952
96372
49152
1401
804
2313
1821
63324
2421
1875
1620
1470
861
1224
786
19599
71586
2895
3294
1059
1686
1410
2112
1308
1848
1959
1317
1875
1974
1254
948
2574
1092
1509
3312
2592
1188
2595
62319
11094
1863
1455
1698
1602
1785
1530
1929
2127
1770
2907
1320
1824
3120
1146
1356
103863
1698
1836
378
11181
1971
1611
1017
1260
1827
71313
2097
36087
1416
1242
2640
1746
1530
36531
2442
3327
2457
42735
1113
1128
1272
2985
200340
1353
1683
44091
993
1698
3444
1911
1413
35244
1731
2142
1611
2292
2043
924
1296
1182
1617
1377
1398
1176
1857
939
2829
1272
927
231
1320
1554
65439
2103
2190
1692
1794
68865
44082
1188
1554
2352
31935
2082
1032
1272
1656
48060
1755
2169
59931
840
756
67149
888
1524
1206
768
29712
1767
1434
1020
1179
1155
1236
3309
1050
15648
12024
3051
1311
1095
1644
1326
1188
1149
73296
2043
4872
1887
1329
867
69357
3105
1599
86598
9393
1014
1410
1773
1782
1797
1467
1428
1044
3138
241626
32124
2298
1401
15978
21963
2496
1260
58203
1020
1368
68196
909
11634
53073
807
3006
2127
924
1941
2052
2511
3216
1101
2034
1830
21285
2679
996
1266
1269
2241
1182
58509
942
1134
1263
3219
1185
3483
1440
1287
2028
1257
1992
2565
870
59367
285
1755
1347
1725
1593
882
1509
918
89040
2985
1725
1086
1803
2265
2565
1485
2391
1482
1437
95760
579
1167
1845
1776
1200
1350
1722
1596
18267
3333
852
1809
2979
2235
1359
975
1095
1467
20649
462
1296
2043
678
1206
774
7614
1740
80901
1464
46248
1170
948
2091
1731
2802
3540
2352
3036
53952
1458
1473
2085
2133
28164
6339
1455
1689
1707
27708
1791
891
1218
1341
1086
41133
57585
1035
1503
990
1233
1038
2484
2235
1908
1944
1485
1149
867
1857
1014
798
1953
1107
285
2832
1617
1425
2118
1938
1329
1035
3444
2109
1698
61200
2325
32505
86085
1494
1203
2646
1386
141060
3045
26748
324
1815
915
1683
1626
1428
1092
178578
1824
3447
1200
186
4269
1719
906
1623
2019
1044
1809
1137
765
1152
1911
1098
1725
2370
909
1251
1971
1515
2154
1563
1056
1086
1002
921
2664
1191
25593
1719
112182
1404
1548
31509
1152
2121
1236
1386
63159
20535
2241
1158
1422
942
2505
1449
237
1536
1254
759
903
73776
54879
1908
4029
1830
1902
234
59070
1653
2241
1374
657
2130
1074
1557
105003
1185
2610
1098
122268
25290
2106
2022
1836
210
294
1221
1326
789
35910
2598
2070
828
1095
987
705
48453
1512
56277
3600
1248
1092
1422
56016
1374
1017
1020
2001
681
11697
68889
1107
1872
1335
2298
1566
1575
145266
1722
1692
2322
3123
3234
5388
1626
1086
765
1125
1278
1581
1425
1191
1947
1734
1038
807
2568
1173
1440
11499
1992
858
16935
1047
2691
1206
1230
1479
1386
1443
1713
1356
1083
2376
104535
1365
759
1167
2121
960
122373
79362
2400
83382
1848
1209
2775
1260
972
117993
22062
711
954
705
1953
1416
1365
930
2301
1935
2118
1686
1470
1386
1095
1155
115968
1533
2718
972
25767
2478
1311
1704
2244
1932
77055
1278
1644
900
3285
1611
936
1188
1239
1710
1488
1326
54957
22890
2016
1611
1614
130185
2031
1836
1050
735
2430
1584
2487
2409
1239
1113
855
1794
1506
1059
1899
750
3375
1278
25518
1632
927
2097
1668
1404
732
1761
1911
987
1632
4395
891
1809
951
1689
1452
945
1365
3786
840
120195
2031
678
73893
852
20457
22227
2286
1332
57009
813
2193
2328
849
2502
1107
1515
11844
1335
86550
1245
1083
2241
978
1047
3153
1503
2622
6516
1356
1347
79011
2145
1593
1761
1161
747
1710
48558
1683
1128
2487
8637
49995
48798
1482
2580
1263
1503
2439
1674
2343
1518
2967
2256
1431
1923
1353
11904
1944
1029
65412
1275
1308
1641
1545
1374
1380
67833
1209
984
1323
2667
1662
1365
2124
1242
1713
1338
1167
1608
2718
85785
1167
2889
1587
2001
2091
1500
25533
1620
1491
2280
2481
40257
1878
1950
747
3330
1146
1848
1242
1578
1866
2172
47430
18408
1977
2337
2655
1404
1713
1302
1602
1047
1635
14319
2364
1884
1218
1455
1485
1869
1326
1101
1776
1362
1842
1317
19929
2235
786
1596
1014
1980
2160
240
1056
1917
972
2088
1587
1374
1245
900
1344
1260
1635
3060
2454
1995
879
2898
1419
3174
1116
1560
843
1212
1665
1458
1695
2289
28968
2373
1515
1071
33438
96033
1911
945
1257
1977
1224
1269
963
12999
1443
1473
1095
1179
1446
97773
35433
2364
843
999
1509
1272
73734
1875
1431
1146
219
972
6420
107634
1479
1881
1029
1299
2316
82275
2439
2049
16491
1293
36345
1338
2142
2196
825
3462
1626
915
58308
2079
1164
810
13965
1410
1257
1953
2223
873
885
1812
1164
2091
1179
41661
1104
21123
807
2517
2085
945
1476
2772
3345
139452
3084
2745
1494
2520
2073
1356
1272
1497
918
1311
89871
1491
1413
1926
1620
981
852
1992
3939
1362
2682
2337
2061
1071
1242
3987
40692
39468
1803
921
1911
1317
1128
942
2685
1344
2244
1614
969
8508
1161
34299
1860
933
2124
1095
1539
2142
1392
76629
1989
1929
975
1341
921
3159
1473
78135
858
2718
1158
1158
1563
750
1545
1113
202113
4533
1083
1719
116016
918
3279
1902
2433
1875
1062
1221
1935
2529
891
8766
1740
1371
1896
2547
1635
112125
1458
24426
3225
73473
1365
1530
1209
49476
1386
1338
2805
65517
2037
18228
816
23034
34200
66945
1437
1548
1257
36438
1629
8190
1461
2361
3198
37785
17796
1218
8943
795
141732
960
1539
873
249
1887
58635
1404
3180
1179
2364
1218
1044
357
1281
837
56457
1149
855
921
67104
1101
1131
1050
2679
60693
1140
3432
2412
2745
675
2841
2799
1419
1227
1530
1365
1899
948
1323
1515
71844
1107
1767
2415
1563
1416
192
1572
2025
1242
2316
777
819
684
1143
1401
1623
1722
771
1260
37563
1128
1038
1047
1722
97899
1425
1719
2181
1935
1836
2238
1386
1335
1689
2490
1008
1662
1602
906
2487
939
1305
3177
2748
1098
154020
11760
1518
1770
3180
891
1026
846
840
1659
924
31059
1629
1890
1899
1455
777
184806
317130
2850
807
1818
2223
1032
3510
474
2697
2994
1443
1203
1677
1578
2310
1179
1059
1980
2013
1800
2787
2094
3393
1473
1125
1458
1923
2088
1143
816
1848
1554
49185
1467
1005
2139
1242
1638
1269
1062
1005
2715
3579
1974
1335
1620
1698
1587
864
1932
2019
1974
1116
1164
3894
1968
1908
86364
1770
1452
1911
2091
1560
1071
1860
1263
319452
1905
82914
2415
1713
2226
1887
2157
1089
1215
38775
1431
2451
1287
2205
1236
69498
1224
75066
3015
14610
144324
2790
1974
1068
1143
35880
1086
23877
1758
1608
1293
2970
975
801
906
1995
1638
1110
273
1998
1533
43449
855
1548
2148
849
1461
1089
1224
1356
1044
894
31263
2787
47073
1140
2598
16023
2403
1551
1602
1050
1362
27774
70215
18870
1902
1419
948
2586
1773
1716
1290
1713
1545
1206
1605
1860
3111
1011
1365
1047
1155
1017
3843
1446
1614
61119
1311
