1111:11100:0:0:0:0:0:0:0:0:0:0:0:0:0:0: (total 7)
0 4 8 12 Thread 0 going to cpu 0
Thread 1 going to cpu 4
72 Thread 3 going to cpu 12
Thread 2 going to cpu 8
going to barrier (cpu 12)
going to barrier (cpu 0)
going to barrier (cpu 4)
going to barrier (cpu 8)
76 Thread 4 going to cpu 72
going to barrier (cpu 72)
80 Thread 5 going to cpu 76
going to barrier (cpu 76)
Thread 6 going to cpu 80

cpu 7 cur 7
going to barrier (cpu 80)
STARTING...
STOPPING...
Duration      : 10000 (ms)
Acquisitions  : 22310707
658
382
1986
1772
2638
2082
34972
656
506
244
2824
2380
1790
314
2126
750
2860
264
252
1726
2458
1806
1650
67748
2276
1500
426
117842
28836
246
2706
2990
1162
2522
104824
872
1136
4084
36296
72368
1462
1976
1520
386
360
1504
520
119168
39266
2384
508
7386
386
774
384
462
2728
1150
536
770
3918
788
594
2454
2632
3094
490
2934
2122
1234
1044
496
2382
5434
260
256
598
246
574
5876
756
5586
22072
2294
2564
2180
3526
1594
262
1410
232
1326
2608
1530
61684
504
32156
65738
240
2314
580
1730
852
1466
388
1892
488
538
3278
494
2212
514
378
1990
622
514
2050
1940
1902
748
2222
2144
388
1166
57498
23574
1978
1472
1274
1248
3826
1122
3614
396
1810
660
1764
2314
1642
988
404
720
2642
1106
2382
510
1266
2340
25470
3144
1986
1582
1116
2130
652
752
76818
89406
4196
388
2290
2078
4198
268
506
3840
2190
452
1156
260
512
1876
1348
3850
1568
2564
6984
66934
382
1524
1366
2276
70352
1808
1972
17094
974
238
1250
1496
15276
268
2368
2006
37024
266
476
386
1194
2684
1826
1094
1280
1488
1430
2478
2248
402
159888
862
52408
1624
2012
1518
1454
2322
2596
2698
612
22562
350
2708
268
1188
516
4690
95138
137296
50556
2650
1368
224
238
428
1284
2274
872
4320
694
1052
33820
890
1236
564
2558
2444
5438
1402
396
1408
4660
49534
270
254
264
820
2920
3136
1694
2784
1404
2268
34920
2724
388
648
1716
2686
1420
386
1268
804
1038
3564
1656
776
1654
4272
256
5964
8044
2514
1408
384
670
1398
2690
1238
2348
1550
1540
736
642
2530
1134
390
1462
2064
386
328
1138
270
1136
476
2022
1378
1386
502
266
486
748
1554
1556
4182
412
730
63702
2228
656
1290
1680
474
388
16422
388
864
48432
6132
386
588
20756
2060
276
2228
250
1922
55862
708
604
568
1890
246
2806
10318
2222
494
778
86684
932
1426
654
504
71882
1682
1342
386
1406
1342
390
1268
496
3100
1892
598
858
4048
1300
522
1666
384
476
262
372
2774
220
77020
4588
2992
1590
268
550
5638
1622
2050
348
1372
658
2908
1410
1418
192096
1608
968
1444
242
1128
384
1772
1686
384
262
3734
1502
1862
824
13504
20224
836
3326
248
2410
2380
1904
962
2088
2142
2536
4614
512
1398
476
2138
58046
272
392
3138
2216
292
2148
714
606
2236
384
2250
482
3860
1736
656
2402
1104
1744
522
1458
2152
2828
270
1466
2098
1748
384
1452
10516
694
232
1718
3936
2498
2426
1094
516
484
272
388
380
2254
2220
2184
2958
1534
2204
1036
4336
230
978
1456
388
2312
2118
1882
2114
258
278
750
3378
5940
238
386
724
1830
1020
1922
2000
1728
402
3612
478
500
1242
2780
990
3984
1102
4670
2286
1900
2896
672
508
1898
2280
1874
3478
1724
1880
3420
522
2478
22574
3798
1618
1314
386
402
238
15678
1958
1606
246
1484
1178
21066
3328
480
3094
1556
392
1848
16774
1964
2742
1334
248
2140
488
996
1212
858
2230
3162
11636
168394
7470
2226
658
2262
6258
2280
1572
3208
754
2856
3956
416
6086
1006
588
290
790
1126
1688
3536
49144
504
46472
652
1502
1466
284
258
17530
74184
3278
1356
242
1290
386
1826
244
13260
1050
1886
1790
59218
494
3414
850
1516
326
2204
3306
15218
3252
2906
200
658
386
2498
2384
2370
814
71196
504
2144
4754
27788
1186
2868
2012
506
2992
1252
3374
410
2894
6088
11146
1378
1580
496
4436
388
386
1506
1170
41634
2722
2576
41710
654
482
1390
2524
3230
21496
5738
270
26074
2378
526
2346
836
502
3758
1184
978
2018
61404
1820
1680
1314
1176
7454
11058
1334
2726
506
260
2040
510
3364
2178
998
1620
834
22264
1804
2082
3310
3022
398
1450
88
2166
596
2016
70064
382
1148
2266
392
170474
1748
3432
1026
158434
1638
83872
2644
3330
1614
1492
512
256
57384
756
55032
2146
17968
756
1194
806
4118
1614
480
6394
568
530
262
3362
654
2114
512
1190
1686
994
3568
16258
1506
2700
1946
3002
1584
532
2016
242
3550
2078
384
602
390
4670
24146
2040
1866
736
2300
68684
2226
2286
536
390
21036
1228
534
516
2406
254
1086
490
58470
18772
378
1524
496
1798
2080
654
268
1506
20014
744
1430
2192
1622
386
1164
23452
224
2264
600
400
546
2222
3922
1284
796
1396
2662
2132
386
1764
1766
262
478
514
470
396
484
31408
2996
2942
1206
1902
1236
2120
2242
642
1530
4280
1746
4558
270
1914
860
866
366
2798
1962
1870
384
2734
272
656
1854
2924
660
1326
57430
1796
382
23734
2526
2140
3292
2376
394
250
1708
656
238
1568
2062
2032
992
406
1598
35184
2812
512
2332
540
2084
346
6016
2784
2152
1710
2738
2218
100506
886
736
988
338
620
388
26416
2560
556
1518
498
2928
2518
3706
2288
21464
1724
346
1530
804
1496
3518
268
2226
1574
370
512
1086
13400
1136
2786
1234
1976
1332
1232
728
1516
3776
2026
1116
508
2186
1838
668
1586
2378
1382
384
1530
1480
1386
756
2524
3720
2212
390
1740
2134
2660
3546
688
260
2354
618
1112
388
69844
524
968
1642
288
464
1130
470
978
242
1954
254
584
540
1810
230
266
482
1612
370
388
1610
8808
358
2166
2134
16608
608
386
4272
596
2550
4688
960
1724
626
466
83176
502
276
3628
1724
2002
254
32168
17714
2436
496
1720
1644
1674
1722
1256
844
614
388
5294
480
2270
2626
2264
270
1448
107686
3574
1336
6062
5970
2056
596
97158
1488
984
1814
270
3670
500
4000
612
1640
2226
376
1508
594
388
1548
1976
1410
1360
1800
382
3134
1820
1260
1856
388
622
1190
1960
1746
2460
5518
1750
2046
2022
1398
478
96136
510
1916
6992
278
1564
2246
230
242
1488
1252
41248
3746
1870
1882
286
3118
1658
1606
1800
1374
3670
624
524
1282
1378
2238
668
566
1718
368
1036
1642
14754
718
2646
1390
1302
2414
2666
1670
656
2050
2578
2858
2734
2646
664
2146
2002
2226
226
508
37170
386
100896
1408
2404
498
2614
2200
28168
676
2928
19944
654
3606
2178
1350
242
1418
1868
4080
3016
129382
366
400
1886
1454
10416
42888
5366
1750
2682
798
1154
2938
2656
238
1964
1720
2272
34422
1280
1054
3898
3380
386
3718
2726
1038
2142
2422
53620
1612
3712
1880
2534
230
1328
620
15576
2106
496
10188
502
522
38266
3196
11080
2704
1430
2852
5080
2792
3450
4286
5968
1736
222
1012
2190
4994
238
762
2434
242
4490
1994
492
792
542
526
1836
2402
5164
2144
1652
534
98054
504
658
22970
2776
17572
2384
1266
1582
246
334
57308
230
12060
21984
924
26228
1412
1180
1820
2594
3970
1992
1112
1740
3340
2268
2062
1238
2242
1608
39782
270
3176
2676
622
282
1356
238
234
3354
764
2314
2412
2594
2050
1028
348
2180
812
2150
390
1566
524
3644
2516
76762
536
566
3200
3664
2326
161734
1920
756
2554
482
1622
2506
65850
3154
2860
388
562
540
4548
2586
48834
2216
1902
1860
2074
2336
412
2300
2298
656
2138
256
1710
376
234
1938
3756
796
2666
1456
348
2248
252
43634
1292
44544
536
2138
1278
382
654
2392
2914
286
3162
1582
1620
6194
1524
1570
210648
5168
2084
616
1636
2344
3064
18210
5938
1000
782
2818
49810
6136
2348
6168
2958
2548
15692
2498
22336
2040
498
66376
2152
3956
1430
260
1484
520
3442
1564
2108
2044
2508
760
4826
510
834
1504
3674
1916
78350
42260
1802
2504
1054
2436
1976
228
534
386
188992
2126
4698
14496
1876
484
81612
254
382
260
2868
2124
510
382
7768
36350
544
250
41490
2616
2002
232
2760
2460
1420
6734
5380
18880
1588
1440
3492
33582
244
2510
1042
1302
2726
106488
654
25290
748
3782
1676
1440
3742
3088
2078
2158
3432
656
1714
2744
2790
2620
3382
2854
2488
2036
1024
2782
20194
3304
19550
860
3782
1326
1800
1150
1144
1068
2650
3760
2192
492
8738
14006
2950
246
226
40626
2248
27928
24416
2174
518
2058
430
1260
1662
1994
1668
4696
139604
41310
1928
1684
660
1592
3004
1194
28654
2436
2838
1198
1640
1134
46238
1270
1676
1550
2414
2310
1006
500
2400
536
2170
1260
1352
2864
24972
1842
2284
2402
2326
1748
2016
662
1518
2526
4530
3694
58178
1698
7492
522
3460
2134
1862
1682
2010
3880
480
1526
3270
2952
1546
148562
1158
262
13896
1162
1866
47900
2442
2944
480
152680
1690
1590
526
2060
2118
1280
1886
93254
1574
19090
676
1386
1644
1426
2206
1400
8608
2956
506
2272
1136
1084
2756
498
3704
8544
2968
32428
234
1668
1440
3502
2430
33230
2248
2004
388
44720
1180
1614
3280
3512
706
2178
1914
2778
46162
2218
228
1578
58464
238
1122
744
6586
558
1538
1806
11204
1474
30508
5178
6272
1808
3260
2080
33952
62332
2410
392
1776
3040
2452
958
2848
1206
388
546
9282
12112
2030
1544
1816
4036
1720
42904
2498
1032
49702
97710
1748
234
31798
2070
16646
1144
2170
264
784
1870
49060
81234
244
1510
654
3394
15652
1208
1154
1758
2560
1762
408
2860
1846
382
1702
486
2650
11764
264
1688
1266
1186
2072
51660
726
13242
266
1358
3064
122002
1448
1274
1356
1268
1284
1100
1112
1214
1616
1632
754
1584
1520
3422
1296
1894
612
242
1388
12544
394
1958
662
1084
1786
2232
618
14580
496
25026
1398
1454
28190
656
159400
1832
1246
3086
2260
38618
1902
536
15606
1706
384
1446
1028
2378
1430
1380
2702
234
2000
2378
1276
510
2364
1532
514
2378
2272
948
532
1088
1280
4330
17050
656
1734
2578
2264
142100
1462
4504
1686
1672
1870
1084
2068
1638
2238
1432
1292
2414
5638
1006
678
152354
84076
2264
658
386
6218
1948
508
18106
2984
2874
14780
964
2438
710
2426
1764
2626
1822
15966
2358
1266
1764
1586
2214
2482
34434
9278
2554
872
1330
2226
1870
658
2596
1250
388
2140
2058
2574
1136
3992
1960
260
940
3062
500
240
5604
2148
4884
1866
994
1214
1830
532
1438
1878
1650
1196
2820
43300
124216
1888
540
1862
2554
2772
386
67012
2206
2006
218
21036
7780
3816
1272
64172
660
2804
58844
31942
1416
3836
43092
1322
125904
12096
73360
1430
1444
2732
1028
1388
2682
1156
1848
2130
472
2050
45384
2016
2846
2410
502
484
2364
1796
544
2448
27486
1170
1670
354
1414
1830
1956
1154
264
4712
1944
5964
2794
1558
2438
1506
656
260
3660
622
406
1854
15482
11690
29172
8318
3926
1816
1120
888
66862
1478
1416
2880
6622
71988
84460
1128
498
2150
1132
2394
1768
262
1428
3216
3010
550
1984
3760
31298
2592
2300
1408
1674
414
1542
1140
2422
124088
2834
2870
1282
242
1028
1904
1624
1866
656
1156
1404
1580
1130
618
1948
508
1540
2098
1540
2264
1544
66286
266
390
1412
1274
2420
1998
2200
8750
33942
94776
1642
1410
1696
4034
42332
2406
1908
3078
2300
1646
10040
990
410
1352
1396
400
3522
38788
1908
3976
3402
516
1826
106848
2032
106708
233440
1386
1442
2934
2330
1932
776
1982
238
1138
1772
1382
976
526
168712
43858
1954
1552
158962
2822
1794
790
12816
386
2564
2734
109732
788
2118
1746
1134
1988
1726
1412
3020
1616
60054
2776
386
1390
2794
248
1900
3288
270
4002
1876
612
4368
59490
2008
1130
1954
3402
1664
2412
1806
2612
610
242
618
2676
2862
5072
658
2526
514
282
2282
2162
242
486
1646
1772
1506
1684
924
3594
2300
1894
238
1788
4000
2614
1410
506
940
1974
2868
478
82264
1528
1034
2168
1830
75446
1302
2498
6660
4138
1686
51252
1170
504
5518
3076
1448
71880
1902
2766
660
1792
1516
1442
1794
4788
1506
2736
1574
492
1844
2740
2040
386
2148
1348
2154
804
10800
3094
1022
1844
4188
3830
230
768
110536
1808
2336
5640
4552
1768
1646
1192
232
1462
516
4332
2314
1582
1390
1654
1382
252
14382
1126
658
15290
1066
3210
1804
4198
1990
18544
1534
1490
528
1346
33750
1526
45308
846
1638
97232
5288
2336
4052
1692
1180
502
2388
12490
656
388
5598
55424
2064
10648
534
1898
1702
1436
390
71736
4598
12948
1748
2060
2654
1090
1618
2030
286
1896
46524
3462
262
1582
1944
1102
1010
143296
392
750
19020
592
730
8250
264
914
256
478
2036
2370
2020
2548
248
1602
2002
3084
262
1038
394
5184
2460
36182
494
2642
484
2294
3932
1764
658
194192
1280
1410
400
270
394
950
970
1686
4002
2242
1398
240
368
1542
2436
382
9604
2038
1734
4218
670
92640
544
388
1554
1618
77772
2584
17472
1264
1886
1664
3566
3936
2996
1332
1358
248
2680
478
506
2726
23314
1622
548
656
1480
2978
694
1322
1690
908
266
1314
1672
2086
1208
30372
344
2868
3246
1162
4124
384
2208
1200
390
3154
2922
256
2240
2844
644
1332
658
798
1598
246
4498
1808
6762
268
692
2644
2090
270
4898
1380
3018
976
2924
3366
252
77218
73840
2992
510
3330
508
1650
502
1030
2884
3700
832
1766
1596
2466
1448
1602
38090
1310
2002
548
256
1180
1766
2202
3148
1484
96486
2050
4968
754
516
1010
1020
42768
386
2830
2470
6668
1780
12606
250
370
384
44510
38626
1540
710
2292
266
658
2546
1632
2252
276
1454
930
1668
3112
36378
1582
2032
5470
1978
2124
1754
1000
386
1300
3090
2498
12902
3084
990
396
1314
2650
2064
1552
1040
654
690
4408
516
640
386
1534
2108
618
1888
2278
6476
55584
862
386
1216
1580
2142
2322
484
500
3514
1138
4662
1122
1130
2554
1412
762
390
42152
1564
1852
1620
1682
3312
494
5284
2764
286
1800
2926
4246
3102
2250
864
2254
1066
1146
370
290
528
882
1396
1250
153604
268
656
662
2800
674
386
2394
19454
384
1308
1000
1404
484
1912
1434
872
2014
6000
1538
36100
3392
926
12138
1486
486
762
278
23320
1626
2832
3792
266
1344
2840
470
4444
402
390
1672
540
34034
34346
1692
3602
3122
2940
2058
488
1826
552
11604
480
11826
372
1016
3936
3318
2010
2984
5900
1928
1374
14270
1052
3798
274
2244
3956
262
878
622
1846
2052
2578
1958
1804
1618
2702
3316
600
1982
1928
1328
32052
24258
6256
1826
2192
520
458
1034
392
588
3454
242
1590
9202
2636
536
488
1470
2288
620
234
2126
24160
2146
386
1758
26840
5488
1174
878
1512
3190
2258
1698
600
278
222
888
1484
34202
1752
1880
506
390
2238
1694
542
4192
1444
3568
1984
1570
1080
9450
39416
3600
156376
1976
2256
246
1584
56478
8548
3252
254
594
244
604
390
1478
514
2728
2162
1070
1664
1502
1518
1820
390
950
478
384
2360
28036
888
1182
732
1650
21546
2690
5514
602
474
492
2092
2100
240
1772
1134
394
232
4282
384
4536
3240
486
2184
546
1272
550
17240
67502
1556
1130
1410
1732
37632
1578
1556
512
398
1740
3454
888
3046
7992
1846
878
1094
382
4036
4252
60746
1340
2522
462
2322
286
2750
1778
3470
4214
2258
1890
654
388
494
1270
2318
488
1180
1784
2246
1442
1676
490
5508
1910
526
5454
1878
1582
4580
47456
2852
1506
242
524
1886
8868
1034
1438
790
264
1218
262
554
1756
9312
2736
4464
89060
784
1780
1460
270
6278
1096
64932
1826
1272
1256
82720
1632
274
77344
272
496
2530
299686
72638
1716
24632
1166
1506
3234
658
988
1502
880
3060
2714
2430
1030
388
2736
2684
1784
3140
494
618
2228
2226
546
1610
3548
2210
262
372
490
256
1782
2228
1444
5754
246
1662
60950
2638
2662
1422
1756
1582
1720
660
29140
4210
244
254
1294
2020
1290
2746
384
4034
1892
2146
390
1226
1776
702
1334
540
1484
1624
734
824
39024
244
2050
1756
1412
15374
1926
2598
1750
3540
2102
1002
2064
672
482
2400
1150
2566
508
928
1776
17706
16884
1476
298
480
620
512
1246
2312
2260
746
888
1776
1300
2282
1594
2236
2162
2188
2348
37124
524
3714
33944
1388
388
1828
1194
384
1028
11430
1232
514
1864
768
3468
366
3346
2672
5938
1962
672
10124
13168
274
1026
2528
2180
2854
620
1928
3088
974
66164
4988
2342
386
1930
36662
1902
2514
1144
2598
250
39432
1356
1688
3354
262
2310
223102
1476
292
1238
2904
2544
3894
2954
1338
3344
1214
2396
33224
1080
8586
1852
612
2874
1026
1850
1848
2234
516
690
1006
1928
2922
1536
1668
716
260
1746
466
2388
1144
1292
482
248
4826
2322
492
404
484
656
2890
3542
1034
2278
980
986
2676
3364
1408
1066
386
224
780
224
1790
276
482
406
3366
1910
1828
1218
268
1924
1168
1602
604
714
2656
58266
768
1544
1444
8768
676
28954
394
406
508
390
2816
1288
1220
418
618
1872
1810
2118
528
2526
388
250
4260
1788
1720
1630
494
1538
2626
1380
664
1586
298
712
410
3440
928
1800
1488
286
886
1550
2194
3258
420
398
242
3008
2244
392
4242
1320
270
2144
1774
584
274
67664
1924
470
1550
1242
6932
1792
2118
19916
500
3978
3566
830
236
1918
1364
30456
1406
34018
3398
1158
2474
1842
2322
2308
14614
1406
388
500
4190
143458
1434
242
480
1826
278
1662
1994
786
382
2074
392
652
7416
2760
374
36306
506
300
614
1444
2788
1644
1332
1100
730
14916
3030
2704
2992
1678
520
1648
482
254
1688
2964
1644
5594
1890
2306
632
138506
632
420
906
120388
368
510
153010
356
37486
1014
426
790
53508
456
764
568
974
526
40378
1000
33030
430
504
103450
70086
524
14848
268
268
618
7548
536
996
884
868
1270
124324
22946
109208
53922
51632
522
39064
25852
35360
662
3100
1108
101842
472
816
472
60886
266
22858
594
246
640
494
268
560
526
1130
382
348
660
5850
186516
96642
4154
268
798
984
734
274
55398
266
272
600
2018
382
49492
390
52030
642
512
844
106856
77818
127934
43970
53274
258
266
416
102822
81236
480
748
526
13234
14410
57782
26304
512
19468
178032
16570
508
27328
117692
516
384
108444
622
137820
234
106014
512
878
61678
866
524
482
602
504
368
67576
74086
672
41002
35582
512
1152
17522
1022
26580
818
23534
776
400
808
112058
762
426
33554
147000
506
13880
296
700
260
1118
674
140206
1256
8366
34516
996
924
7796
788
187760
38780
394
32870
362
118288
504
42842
668
526
630
10806
416
640
18790
396
1008
85112
762
17996
396
18290
17048
264
786
914
72028
514
204848
36038
404
262
270
15112
47026
97190
266
25194
256
394
676
780
266
380
24772
226
125442
270
48302
538
286
40664
542
40514
758
6200
9348
400
294
92122
742
660
12054
6270
570
388
258
21376
7368
24848
430
646
21202
1632
7978
364
230
14850
374
664
780
302
137538
3900
74578
846
19826
35194
504
33236
5568
486
8140
30468
508
11584
15520
155712
950
70682
884
8254
222
2254
374
520
25136
534
416
35926
79170
346
512
930
18298
756
630
13352
530
504
31790
5918
268
92518
534
562
33918
27262
382
264
270
96458
714
812
488
65382
906
630
1024
286
254
262
56548
48930
24290
35432
512
21410
65224
67620
82592
638
54010
402
600
30370
11946
252
296
616
392
108508
494
8006
388
49434
390
500
534
8854
3898
400
474
110048
904
988
430
506
6668
748
5626
2412
892
762
34316
22672
578
696
380
88214
380
1160
16720
294
402
4824
147108
384
20138
298
506
84920
144092
38160
7654
572
34436
540
47176
522
386
2692
96694
748
91764
156526
626
380
1218
73072
8396
612
6490
132790
632
258
734
284
274
526
400
30708
9104
2892
82634
110030
766
848
678
692
28124
1356
782
13062
390
47008
514
568
238
94110
228
898
674
540
276
510
514
68448
33714
404
12738
298
1124
626
540
382
109986
470
122622
43460
7628
922
228786
2332
658
22282
16818
402
376
268
43920
396
1528
270
33860
930
666
19862
758
360
54126
254
762
4110
268
376
740
640
232
26406
24224
884
12524
264
270
376
504
27206
532
542
670
39552
199602
50294
394
518
636
282
510
93716
258
392
69368
298
49484
528
982
490
904
278
668
798
97088
22662
400
498
532
492
742
982
360
9174
81128
376
560
76806
17074
370
230
356
58990
45978
5114
652
412
133366
392
33410
424
98088
242
1010
430
294
352
33298
600
530
376
62608
538
11852
1018
402
378
524
532
9068
672
44482
3652
264
2320
5622
532
546
33224
18842
25350
47272
244
199790
26686
185494
20878
61114
20616
52246
502
640
388
2140
400
626
520
540
624
270
874
496
528
274
272
266
50662
894
524
774
348
398
404
640
8112
418
620
506
298
640
282
494
538
426
97904
524
44714
228
43704
364
19634
252
876
93034
642
364
532
384
780
264
376
52696
296
518
648
53668
294
526
768
662
382
656
268
442
1228
850
382
23176
382
622
724
662
270
638
368
28664
496
248
384
25052
428
12142
230
296
394
512
16260
668
912
42284
630
252
58468
38732
498
31956
658
9022
360
1614
610
520
606
800
84656
2680
734
382
588
254
518
69952
652
762
264
394
498
400
2004
38084
402
522
53464
486
394
43330
24556
6534
922
796
143056
1160
264
498
802
63612
113290
386
388
81874
230
512
518
772
1910
864
7630
68774
644
244
26284
892
21702
268
68
368
398
266
392
129142
12886
1132
45188
402
636
25938
502
62278
226
852
3126
266
270
382
272
530
494
524
522
278
540
21648
1014
248
6022
514
538
396
260
402
296
31308
268
232
386
434
1072
402
242
252
1880
654
428
510
11184
1214
262
37662
506
390
1144
47586
63058
270
282
77674
60694
58462
11380
516
117442
38404
536
528
88066
270
18298
18218
740
290
23724
638
57422
262
240
664
77288
508
400
278
1020
264
658
20022
638
115530
66
620
268
510
410
902
2286
780
512
73024
6144
654
33230
786
632
78514
490
362
38280
518
510
642
618
1418
754
1410
764
628
482
508
17788
75832
67886
276
4326
1308
270
48042
762
34002
554
534
69880
1898
394
414
268
272
5968
4808
258
280
2374
620
76
400
402
61160
32846
41690
68
760
290
278
662
522
396
52534
488
522
778
898
396
140466
3908
678
1130
512
53726
82184
384
242
368
520
10384
624
522
264
500
632
622
524
508
394
406
268
512
512
402
678
904
732
21432
774
1162
672
117690
628
398
62142
504
402
490
268
230
19406
17378
720
60460
264
264
33338
784
278
660
1074
500
16460
750
976
604
252
666
772
710
522
400
506
386
21034
662
572
49512
922
638
622
712
506
632
88366
83706
116656
294
244
710
35208
414
486
386
492
510
388
788
514
268
7480
1000
696
232
532
382
886
14280
528
15300
922
514
12432
962
34224
498
380
812
290
44272
688
408
264
85554
260
292
58692
296
872
270
63534
27338
496
276
492
498
390
428
244
642
500
23218
520
504
224
12702
254
286
276
850
159316
2580
1522
514
352
2566
161100
6760
608
660
43082
1572
1456
2330
1670
1282
1674
1706
24404
1942
510
2344
8364
130444
99528
1916
7572
40878
660
1894
3788
1764
256
2062
768
642
256
2262
1080
606
30958
1510
1038
2232
248
1674
406
258
1642
788
388
502
1850
2404
2728
504
252
49400
4902
508
2852
1850
1384
500
2058
1098
258
1430
35198
254
3404
2434
408
1120
2188
1152
1552
2294
3168
3166
1350
996
536
2406
290
1110
646
414
998
984
2534
388
660
1416
618
1776
3922
2072
258
1512
1278
390
1418
1088
3848
2204
3972
384
3092
2798
2924
1160
1584
7824
2352
1520
484
256
268
69014
3096
24026
510
948
46448
770
754
268
23434
1566
2854
1988
2046
59852
2996
1118
1012
664
9080
2606
1422
382
878
6548
390
76850
72816
520
1696
1000
1696
2506
2508
2572
1440
4378
352
468
256
1764
3150
5172
1242
79860
3994
530
1816
3462
372
4024
1726
386
1744
2564
658
1354
1996
188412
262
610
1090
1188
2250
1466
1856
2030
4468
1408
1442
2750
11888
23898
408
2102
1794
2262
510
1352
2182
2022
1598
466
2030
992
512
2188
2432
56360
504
3946
512
1574
3266
3602
2820
730
2058
1242
1806
2712
796
1354
1128
3456
1184
2400
2558
1690
516
874
3258
256
14528
1594
528
220
1478
378
2370
2336
6572
2020
2554
384
1476
1820
1820
1326
1922
606
746
4232
1638
386
2132
1696
228
2504
4064
426
262
6610
4750
1444
1796
2208
256
1880
2084
464
734
2674
1922
772
1720
1730
386
1770
1226
746
662
2096
1662
262
1906
720
3674
2264
1512
512
736
728
1480
2026
2308
3292
24736
754
402
2298
2182
3896
15450
1912
1730
1030
24360
388
2916
382
388
1886
2370
18694
2106
528
1454
2850
510
2632
1728
3676
1436
656
1262
8870
1772
714
390
386
164608
6694
3670
460
1666
5962
2204
2468
3998
2382
384
266
4330
3974
1078
3076
1258
1314
1704
1046
1300
47344
47454
2940
1452
2688
268
10348
1252
402
254
2352
74666
2332
2386
2558
3286
9888
2300
1022
932
57926
504
1986
608
2554
2344
2572
262
654
15642
1404
534
2102
1090
5090
262
2244
1590
692
1508
74932
1704
1074
356
27474
352
1896
2256
1656
1832
494
2514
1784
3210
2312
656
488
460
1006
2142
7588
1004
1402
1944
10144
1334
39538
766
1182
3252
1246
44254
1468
762
1972
660
966
18712
258
2078
1202
478
2320
23888
1334
374
1982
4162
232
514
1908
4030
2534
540
60574
1472
2736
1682
3414
264
218
628
8766
624
790
484
2010
1022
390
3596
512
2342
588
1858
1188
1524
1288
1334
20240
1000
390
1226
1880
504
2282
2068
2650
2634
2480
71124
2154
173730
1942
1300
160302
83406
474
2766
1428
1016
1766
1014
5312
111628
1698
1930
622
12546
660
7710
286
2610
2810
506
656
656
802
608
4212
244
516
2838
2106
2040
2672
392
2944
15942
1578
482
1192
2130
524
234
1374
2362
2100
504
654
1498
486
3426
266
662
496
1732
380
23432
1182
3346
69686
1972
284
1804
494
4386
20950
1456
2962
2720
2528
518
47838
756
388
372
470
242
658
680
1012
19144
2748
2106
3582
1846
21060
1622
1776
1686
954
25366
5078
1916
464
482
1306
4434
1742
510
2564
2234
1674
37854
2000
506
1676
522
1966
1540
248
1918
1862
1752
3076
1876
368
248
392
1490
2514
728
2094
272
4678
390
1168
446
1772
3328
3350
958
388
2832
55164
256
2744
25932
2650
1318
392
1318
412
1664
3970
2792
2114
2890
1364
2248
3456
32946
2600
3428
2928
2498
654
236
458
660
2732
2710
2734
1482
602
1548
1730
66540
478
30856
3920
4458
19960
274
478
600
266
2836
264
4078
2622
662
1618
496
956
542
2568
1084
768
390
17940
1632
2850
1506
2548
2276
600
656
3440
1762
4930
13612
1106
394
1612
2228
1286
1842
3292
1996
412
512
1620
390
1410
2330
520
1462
3840
1658
1340
2346
2444
1904
3888
220
264
1406
530
502
250
1528
694
2122
1524
1712
272
1838
4100
2784
71066
386
4354
4566
4860
5042
5628
3958
244
1782
514
668
7818
294
1638
1336
13242
516
3770
510
980
3152
390
3750
658
726
1874
1760
88670
662
1158
270
1340
390
53012
3852
272
1646
1864
1824
3246
3426
662
488
488
660
1678
1904
2232
236
2254
35794
74384
1262
1242
1400
520
1370
888
3352
3562
2000
448
2960
96550
2904
392
3234
224
2896
248
256
3310
2252
380
2892
3874
1296
1766
1376
1960
274
3256
386
274
1158
246
1282
2000
3496
3468
1992
1650
380
1554
510
32824
970
596
4176
898
2442
512
2516
2854
2834
386
3490
384
2104
1720
2676
1494
274
240
65474
1522
2356
44792
1744
400
496
418
258
3900
62044
1494
264
742
1218
1886
1620
1678
748
16010
1632
1306
1404
2694
708
116494
29626
506
1930
384
1168
990
580
104130
484
2562
1674
540
2916
33356
1880
70216
1276
1326
1508
3152
3144
116850
1912
224
38810
388
3024
892
472
590
5328
546
1166
5002
226
376
2122
2598
1412
416
1556
504
4518
1138
1692
1562
2152
2842
936
692
388
280
4936
966
880
3232
1642
388
270
2614
656
19876
1142
1576
2212
598
1468
2302
1930
1826
1672
97036
69604
2074
3702
2864
3920
764
2534
5566
3470
290
1900
2122
3444
2766
3686
59874
20252
2164
1514
2068
896
5834
1878
750
492
2702
3952
248
1442
618
764
1234
4180
1568
1396
5364
29140
660
1330
504
1494
3416
76706
500
250
1656
88016
1162
476
756
2830
252
1056
1576
252
4124
656
2508
5892
1194
2124
610
696
2090
1756
3742
254
270
398
66802
2854
1862
1574
218
2004
452
66848
506
1594
1636
21380
2012
19138
272
1844
38186
5258
944
2254
2954
2544
2018
6446
710
684
798
2394
44212
248
1962
3352
270
3996
1864
3558
2094
1332
514
33934
2854
4584
674
3470
3370
1388
230
1508
1360
1406
1844
54188
2842
4258
2812
5408
640
12328
1686
2628
47784
1986
10942
1950
2228
1912
264
1110
388
656
242
1698
1796
892
1888
250
530
3156
514
262
486
1312
1780
1690
2386
532
4240
4470
490
410
2796
2348
3678
1398
2872
762
488
1796
1888
3256
86248
7608
5066
24218
244
20888
270
2010
1050
3056
50460
772
754
926
12042
528
55026
1326
956
2722
2022
496
380
1936
496
1564
2108
1640
400
2538
1810
1028
896
430
1794
1730
36614
4170
1822
8128
232
3560
2154
2214
620
1914
1374
2298
2510
3458
3052
414
1418
1018
1038
77694
260
2268
754
1022
1268
3496
161636
2894
514
2546
1512
526
67736
10722
266
406
614
1522
620
1622
37910
376
600
7098
2792
994
1788
2022
4574
532
1106
4802
2188
4520
2072
534
2718
2418
1772
2720
272
42900
47996
1004
4410
2180
232
4106
1628
2010
9392
3786
270
388
660
206336
254
680
796
1928
520
3216
2256
2778
1660
18250
682
242
390
3700
56798
2150
398
1698
532
256
258
2214
1150
1734
1294
13342
2114
400
22488
1806
70850
9108
2572
654
1380
2118
1588
2366
2484
292
384
2180
1368
2124
238
238
1414
3152
70266
1242
1766
1854
42824
1720
4094
1728
5088
888
662
185248
3414
930
15084
2138
3078
86572
1342
12314
32660
44428
1618
2206
2112
532
2020
2826
1070
504
474
764
3406
3264
2000
16894
1882
2190
1790
39936
1574
1764
1218
1696
107660
480
288
658
19990
3406
620
246
2344
2202
2546
786
2322
668
1210
1298
1788
496
2940
2734
1146
224
1122
548
2000
384
1894
264
2808
2404
25640
2122
2862
16120
2726
618
680
1278
2026
2116
1600
3278
392
1118
240
498
2932
9510
13428
1576
4250
262
36256
654
1378
52622
2276
2452
2614
1560
1900
2720
2132
141980
43966
2642
3114
2060
244
2024
31164
3574
2902
1606
2368
48910
2568
2828
2676
1580
4834
658
2928
1816
1318
28806
2662
2704
2912
1700
3020
1706
4386
1780
558
2100
1204
1410
548
1012
60464
1644
9156
1830
1708
1458
2426
3122
658
496
2968
2858
1540
272
1702
151648
13628
4976
49636
1254
250
153686
2426
1882
3292
2098
1128
1830
92470
2544
23746
1698
1074
2298
1914
11804
3484
1112
1174
2230
2504
394
488
2404
6132
250
2020
2816
33364
790
1998
2930
1670
33210
3056
2516
44780
1236
2732
2188
518
1272
1564
2366
1708
648
48774
2936
60770
3018
3748
4558
2328
2316
11566
33836
246
3520
5952
2326
1956
95874
2692
2034
1952
2702
1152
2088
2074
4152
6422
9304
388
2240
1632
1808
1400
4692
43648
1114
678
1368
2274
147796
34466
2750
14098
1096
2096
5164
1762
46890
80502
3616
3330
690
1438
12734
3118
1282
1448
1982
1426
388
2334
386
1590
2374
2438
15468
2036
1272
1408
1900
49282
3784
11316
2002
1144
1028
2980
122386
1124
1468
4036
3276
1194
1140
1762
1262
3064
2090
1862
286
2194
1896
2430
12194
258
3130
3442
1414
2770
2702
516
10938
3038
24638
1194
27848
3234
159748
2246
2026
2284
41706
19846
1954
1524
2546
3150
1798
1842
2878
1622
3326
3350
1668
2044
602
998
2292
3366
1040
7546
17722
2806
2260
1584
139584
1536
890
928
2438
1520
1546
2128
1130
2060
2404
1254
1706
2252
406
5878
860
2928
668
1288
146774
2056
79976
2280
674
4514
246
786
930
726
1492
2652
600
17224
500
1772
392
3572
14416
1190
4698
2134
1206
2322
18510
1108
1946
1834
2294
854
33222
1774
8340
3176
846
2770
2284
3322
776
1254
3322
1756
488
1146
390
3462
386
620
1822
2674
1754
926
3926
5228
7894
1778
1108
1744
1820
2292
2164
1460
1926
612
44954
119766
530
656
2132
4044
3424
2308
2342
65652
1906
3900
18244
7692
2624
248
2622
62864
3472
492
61644
32554
2298
602
42174
2052
1316
138520
73182
1674
1784
1568
974
700
1196
2048
1752
2612
1222
43546
1120
2770
386
1770
3746
534
1274
480
3122
1270
24832
1552
1648
3254
1490
1668
2210
2790
508
3108
910
6016
620
1434
1532
1550
4126
4976
1672
510
660
19672
34872
498
4804
1580
388
1016
1616
1276
840
1654
67130
1876
1918
2290
5522
68960
384
1790
82150
1414
2946
2066
1478
390
1394
2836
1930
2902
3022
1638
502
32228
2676
2548
2388
1002
4412
4610
1962
124284
488
1012
710
1584
3576
1896
658
2096
1698
4300
1342
1022
2722
2630
1906
2834
1524
2038
2514
62582
388
3302
1808
2688
756
1154
2108
1292
556
138852
2088
1362
2204
850
1538
39266
2692
1694
2040
952
3004
1652
11526
2166
1236
3848
2460
36038
390
1158
2926
270
2164
5636
1356
105190
1790
2838
341288
2192
1704
3640
2010
3882
2576
1430
1608
1376
2912
209480
514
1708
2010
158352
2044
676
1618
1292
11886
2236
242
2572
113438
1054
1410
1892
1596
244
1734
1302
1434
892
2028
62000
2486
1762
3062
1678
2606
388
686
2128
2892
1158
760
59084
2006
1640
1206
3158
2420
1252
388
2106
1050
4514
1188
5904
2072
5164
782
1648
2570
2346
1780
2410
2944
246
2800
2006
2602
2696
236
506
2430
2202
2006
1116
1848
82888
392
1812
1120
1754
1686
1718
860
1018
2252
2738
1784
1522
96056
1932
1780
4918
1824
2188
3294
2838
44094
2428
2396
3470
2326
1122
1684
2402
1830
680
4830
1576
1476
3782
2760
858
15296
5922
8058
5416
44034
932
2118
25128
2652
226
2606
234
3348
1996
35088
31454
2244
408
8954
4254
2870
1490
1746
1552
1846
1540
514
1256
1480
3174
2052
476
1436
386
1916
2506
3440
1412
1284
4984
496
33314
99892
236
2714
1660
3688
3078
1006
662
352
392
620
21024
382
3516
2814
390
912
660
17908
768
1516
1412
2790
1114
1672
238
1964
2178
131854
1040
412
4672
2494
1260
258
1390
1484
3484
482
756
384
250
4350
1134
2410
2078
2722
994
272
500
3168
56634
2196
2152
2122
4714
516
1282
1688
278
516
3630
1164
588
1274
2750
398
42144
1056
2138
2786
2734
410
2572
266
656
398
3038
274
5736
1998
386
2628
394
676
798
2574
926
1808
1866
8264
1438
158760
2618
2922
22628
1220
2224
2530
2060
3108
2442
1012
266
1712
34466
588
1880
748
412
2776
278
7114
2170
5642
384
620
18500
2076
1242
504
2380
1508
3174
1120
480
2358
522
738
3076
2298
33392
30446
278
2118
2404
514
766
2038
516
2504
262
2268
4076
27162
2046
1844
478
1726
528
1320
2342
510
4310
1136
1654
520
1982
13646
2508
748
520
512
1702
1898
372
922
2550
2924
1708
1982
2382
1292
1012
3230
1702
468
3412
1686
1570
29314
876
272
26076
256
5366
1856
3160
3688
1026
1554
1760
246
264
5148
2878
4970
2876
19880
1706
618
1976
3566
27298
7174
3278
1382
2164
3152
5584
36012
1556
4588
1940
4518
880
1192
1886
334
244
1358
966
1702
1022
4682
870
38504
650
2064
388
157118
3244
1452
2414
1558
56598
8214
608
6938
4184
2278
3752
1736
1398
1660
6896
28002
2540
2666
19250
758
1872
384
1652
1006
748
4804
2176
1822
4252
416
1674
262
942
262
958
294
256
3028
3224
17142
662
2816
66730
1170
1782
1384
1148
34560
394
2030
1796
3802
1596
608
350
2788
9940
3172
1612
276
252
504
1834
378
278
61054
498
1944
1424
3246
524
3820
1176
1664
804
2422
658
1080
990
5224
1816
2706
1506
1664
970
2224
1834
784
1544
1586
2314
1006
694
1948
1432
52344
2650
270
264
1326
2584
1654
4546
262
262
2718
2000
4388
4568
906
9454
2678
682
354
1546
504
608
84330
3702
500
1018
7032
2082
1512
61158
268
1840
1448
1586
1728
83140
81610
554
1314
297444
1548
386
70016
2316
23272
276
264
2086
674
1524
222
6240
2630
658
612
1666
2420
1290
1504
346
2296
1766
1978
5634
1512
2838
2030
4266
4634
1862
536
1386
2564
5640
1554
56728
714
504
1882
2878
1312
816
1848
2018
32826
754
524
2714
1226
2030
1668
3704
510
1680
1168
386
1832
1542
2566
2954
1328
45796
2658
14494
3146
1060
252
2102
1292
752
274
2388
4042
4944
2202
1626
3038
1880
17814
18964
6542
2482
4380
1892
1870
1662
2234
2074
2674
1478
262
1884
39062
390
278
32372
858
1416
3548
1362
2836
1302
11774
1784
3254
780
3120
702
1806
2552
792
476
530
484
2688
2942
4396
482
658
510
1822
11546
2074
1486
2720
2680
258
3222
2450
516
1190
1830
52304
500
10016
1438
654
640
502
978
386
2844
1990
34524
1560
1832
2814
1654
656
2118
39418
2048
1108
266
390
476
2974
410
1848
252
258
264
219800
2932
1534
256
592
2166
412
1842
408
1820
612
910
1862
394
1188
1338
34000
2576
10382
3448
448
1754
1274
522
1420
1722
388
4946
1482
2746
1084
386
1498
3034
3000
2400
2020
8296
5508
408
2242
656
2132
1512
266
4846
490
1914
1174
1692
1572
5204
5114
1072
1772
2268
4324
1642
1436
5388
1416
55452
4194
12404
274
18304
6678
5866
780
1360
5690
1534
1592
3060
3438
890
386
1794
1308
1730
3174
2522
1668
3506
3066
2598
486
3230
1238
2248
1262
1650
390
1676
622
5860
242
1634
516
2254
670
1808
3884
1420
3592
730
520
10284
54822
3322
1676
2264
428
1124
278
2736
1142
20746
2594
286
2482
736
3390
1698
32792
1306
300
29844
2488
656
3128
1756
1066
274
1590
1066
17044
5454
400
388
10920
132590
1148
2596
2592
2008
4714
12420
298
1930
614
36778
984
1378
2174
1380
1238
18792
500
2362
696
1406
542
2336
2586
4754
1928
1942
5280
1460
1290
1520
1796
2104
77964
1582
1782
7206
846
500
1852
42810
9304
1268
2794
1028
728
932
2426
274
1834
1472
660
70802
2064
2456
1152
1348
1666
1924
276
468
264
1664
1514
262
2650
2140
2242
3152
3148
1140
1988
1520
1960
10396
3094
1454
2600
246
2958
270
262
114442
2882
8462
832
1594
1458
1412
1684
2898
516
250
1284
2538
1752
1148
1382
3048
14296
2892
11456
436
264
1844
1644
388
400
2752
4330
2120
16770
262
2438
1836
1986
35292
44848
1414
880
1874
94626
1684
886
260
400
502
3386
1694
504
1050
264
1678
3110
1744
272
10358
3856
528
1362
778
55602
1242
522
11114
3524
1154
1172
71978
516
1724
254
1036
1914
398
260
8480
1514
1268
1312
4008
1320
506
3812
45852
3204
654
1542
1672
1270
1574
2006
145446
262
34718
1900
1966
1384
3420
390
3230
262
2010
390
2556
2742
1088
344
1162
256
39780
504
258
2240
1978
256
242
1696
85790
760
272
298
107346
1392
4322
756
1382
1512
18466
1930
2408
1468
2568
3334
5242
500
616
8194
390
644
1740
1468
226
5586
528
1548
266
244
242
538
3276
4874
2260
1254
1238
3206
2474
230
12814
240
1292
2792
806
28652
69468
1662
2058
266
1316
75666
1764
17506
2390
2140
1684
392
266
1178
850
558
1926
656
3748
2714
3878
232
22414
896
2390
4072
1142
4700
2222
1548
4774
2302
1814
2236
27596
1654
264
2456
530
1668
2258
1020
270
2274
1596
3058
406
2068
1616
1788
282
2538
3720
1498
284
594
268
896
6014
410
6340
3066
2824
504
594
624
1528
1358
496
1666
1570
498
2254
150648
350
372
1798
3798
456
598
3112
2894
1968
1680
1136
2886
2906
2262
264
1600
1674
1192
37948
1884
4800
1470
2392
1030
738
2568
1024
93076
242
1882
8776
1578
45846
242
2226
1682
2276
62166
34964
508
1424
2558
3474
270
990
1830
2396
2472
244
1790
1198
40010
1678
8336
1716
2516
1372
2392
1438
1362
2012
276
9812
622
716
274
