111:11100:0:0:0:0:0:0:0:0:0:0:0:0:0:0: (total 6)
0 4 8 72 Thread 0 going to cpu 0
Thread 1 going to cpu 4
Thread 2 going to cpu 8
76 Thread 3 going to cpu 72
80 going to barrier (cpu 72)
going to barrier (cpu 4)
going to barrier (cpu 8)
Thread 4 going to cpu 76
going to barrier (cpu 76)

cpu 6 cur 6
Thread 5 going to cpu 80
STARTING...
going to barrier (cpu 80)
going to barrier (cpu 0)
STOPPING...
Duration      : 10000 (ms)
Acquisitions  : 30220477
2130
1616
2402
1520
440
620
72874
27490
1794
272
2524
392
886
3806
1472
398
1338
28596
408
662
8256
1356
1790
1688
416
414
2792
492
524
2226
868
1578
396
1180
1628
61112
29988
1436
1136
1064
808
258
554
15058
1928
18448
1252
1146
2346
2858
1206
2072
410
348
276
492
270
496
386
388
1164
372
1172
65004
1466
386
846
7950
1036
17462
234
394
386
82268
398
1426
1814
410
590
47210
4300
4152
386
3090
1776
672
242
1182
1482
430
9812
1504
280
1434
370
1100
8050
1846
274
22488
864
654
7674
418
15690
19460
342
956
408
236
9206
11006
2424
498
440
19420
1710
336
2312
772
236
514
1556
898
1036
486
388
472
392
5734
26872
1022
37542
1958
29970
272
468
1566
3192
1458
398
1144
3982
396
980
1374
798
4592
5072
682
1688
390
1200
25388
248
406
414
398
878
1756
236
9774
270
16796
1518
860
388
490
1826
1270
1520
2772
1114
1396
1312
2238
656
1042
1556
402
1382
1020
22220
270
1194
962
2850
272
1518
1308
684
414
830
32298
1040
486
350
390
1752
346
242
1274
410
1544
13470
1156
3782
1740
480
244
386
1558
1274
2342
998
1190
44038
10916
258
7904
398
13666
262
248
40606
1718
402
610
390
1330
1632
1310
1060
258
1628
8544
1812
234
282
1396
250
250
3840
398
246
1356
498
2782
1004
386
1896
2958
376
640
2764
408
2322
2036
940
1786
1058
410
624
1504
544
4458
1250
1114
2226
1376
406
64704
50488
2232
248
2422
280
1226
2746
1288
1000
1982
1336
416
1312
1624
20942
1650
1480
1574
1128
1234
14298
504
686
682
2160
1264
274
4058
1546
2344
1612
1346
1192
16740
2110
1422
2376
2026
14588
1374
940
3120
406
1544
57960
900
2426
2490
2364
2672
1734
364
352
3950
378
1556
410
280
1044
1482
1666
404
3458
23638
1920
414
2100
1994
268
540
1514
780
266
1966
500
1512
1532
270
3274
1454
3150
3240
11114
272
238
484
2106
412
388
1556
3934
2706
388
240
4310
2052
1140
536
1888
384
404
410
272
1548
272
1438
1054
224
1686
1544
1402
406
8410
1394
384
24036
1296
1190
11320
1922
2400
20486
2682
20018
1254
1110
1248
1622
260
1158
412
508
262
1046
1194
1478
7130
1802
3482
1748
1268
338
2298
22880
238
37852
422
1502
3534
1808
1076
1818
404
68010
1140
244
382
266
942
1364
270
662
1064
2212
5204
2044
424
372
49728
1198
1078
19828
2226
4046
410
1726
3434
2070
1040
88154
1272
1244
1268
32400
1168
54884
390
3424
1264
24790
48264
388
2634
16604
2688
14424
388
388
2034
1518
25118
408
1736
1844
1228
390
922
606
1198
778
386
6758
1444
908
272
1042
3118
2214
386
1814
7810
48470
2238
10842
1500
3388
954
386
1866
1032
910
1012
2106
4600
402
10742
1472
1836
2534
21992
990
1544
962
29574
1206
43122
16158
5232
2172
1124
1506
384
936
15298
2184
2234
244
1288
1248
2994
548
1020
3606
17090
490
1914
4538
1250
1314
1810
7808
440
1854
1198
1020
388
92018
1540
272
2200
1436
2530
5226
410
3504
1348
386
1306
26490
422
432
410
1196
2542
1138
44208
388
1658
392
1622
32522
1276
3976
41482
3154
1510
2702
34310
13412
2272
1258
1598
1126
1160
3324
1492
386
1072
1286
1488
390
244
264
1134
1502
2350
1038
420
1438
1884
250
410
7288
506
1050
3406
1040
514
906
2092
384
1308
974
2128
9542
386
1844
994
396
11624
12148
1204
1364
410
1024
246
382
486
1538
1528
44798
2054
1486
31052
11102
272
10436
49456
2512
1132
408
1046
1472
3838
1588
410
496
262
1010
976
240
386
278
2058
250
28360
2216
7870
3286
666
17670
506
262
236
2190
1340
1526
30798
1508
19324
2700
1388
392
346
228
1692
31412
1362
384
8100
3642
472
1366
11178
418
386
1182
40398
1264
1914
1540
1078
402
1240
1268
1992
558
1416
258
380
492
1940
228
2882
25728
1148
496
2190
2228
1184
398
260
332
9686
236
2512
302
264
246
402
61304
6630
1236
1256
1920
412
1696
1438
1586
3478
748
1544
254
1890
1286
272
1174
1392
1044
254
386
50558
244
1822
23386
1654
396
1574
34560
272
18654
260
53062
31874
1808
2548
1230
812
546
264
1436
1496
1064
2622
1122
2754
3296
2140
936
1942
274
6966
1002
388
250
1374
248
1196
1550
1964
232
1152
1102
622
1502
1142
270
258
246
912
906
1716
1718
404
388
1266
2266
2466
382
1518
394
390
486
402
1528
1550
17952
3278
1178
930
53258
101742
1132
276
40112
246
540
2310
1918
56752
1236
272
35848
1238
1886
1558
762
17856
270
1276
1106
1610
1278
1172
1306
406
1544
2212
39976
502
384
1370
25280
1088
17848
384
1592
1162
924
1182
1210
1276
482
1660
1554
2392
1762
1646
13584
2284
382
1348
1376
460
1508
5370
2398
1488
390
1218
1136
1250
1330
1468
946
370
2458
1258
506
3484
1546
2614
2542
2482
1328
4260
19952
760
374
6108
1452
262
2330
1052
412
428
388
978
476
270
2106
1252
12150
2854
1826
1644
1546
1400
3140
1652
3062
532
1406
1146
384
1408
992
1990
386
1734
86080
1780
1392
270
1390
1410
380
1632
1770
13104
742
518
966
38028
1234
4176
402
6698
500
386
2186
1516
32726
460
1256
9364
272
1860
390
2858
1264
1546
382
1186
1288
5196
3144
286
1508
418
1094
1036
676
604
1120
51642
386
384
1780
1764
1774
382
912
1070
1660
4304
1872
458
240
3450
400
1060
486
1284
924
2124
1920
388
1268
1684
33112
15384
670
258
912
54342
1306
1928
4402
2260
3040
278
506
4786
1898
1200
1170
710
1626
3498
42038
29318
406
1558
386
12802
382
1434
390
240
554
7052
1718
1474
20716
57034
1654
1460
2850
57422
406
242
1372
622
1250
956
4694
36220
1212
238
402
350
3272
1214
1858
836
1914
7554
1806
1290
916
22792
2066
386
1330
48906
848
970
926
388
248
386
492
402
334
384
334
12356
88018
406
1322
386
244
396
2654
1412
396
408
1224
7576
41584
386
1506
14086
1546
382
388
382
260
1138
2548
3020
402
1366
1246
738
1470
998
1188
398
266
1378
5422
3302
1526
1256
384
1578
59518
12872
13728
1542
776
2108
21438
232
46224
1016
1416
17798
2666
2066
33780
9618
1656
9436
518
904
626
1638
408
1166
1702
10908
234
1068
2376
3196
1226
812
854
388
384
1202
396
3344
1052
43224
53334
494
2500
15370
382
1422
926
752
244
550
1692
4832
392
31646
404
248
1376
1430
3268
21516
248
976
404
922
1652
5252
1844
5038
3490
1580
936
6462
1270
1748
1376
2068
2052
238
406
990
388
906
408
1164
3466
2372
876
256
1240
1204
1148
212
390
390
23642
1956
71022
2430
1394
386
2674
250
3896
1968
1356
1824
1266
23272
2698
1268
1248
856
16950
280
65606
1066
250
1036
3226
2496
792
238
22202
904
29730
270
1246
408
1628
396
1112
2060
372
15848
988
2216
2338
1164
1242
1340
12058
1928
2056
2000
402
1186
352
814
20540
2208
386
386
884
1140
3240
250
1198
274
1132
388
268
388
1136
406
39020
972
2478
412
2288
2124
1598
944
36034
1804
384
6382
588
386
2692
71882
1246
384
1964
1398
384
11152
1774
1284
11264
1136
2824
246
2374
1916
1898
1500
2202
24326
42398
9632
244
1390
1164
2552
14430
270
3560
1990
2674
242
548
902
1446
1918
2500
1928
868
31250
8596
1220
378
2954
1784
860
408
1358
386
2332
1262
406
404
1358
410
7938
1562
1616
2648
410
20054
11094
1066
382
384
9666
1508
2702
2126
682
342
30642
4664
1234
534
764
1412
1342
33016
1368
1464
6318
1556
1142
1268
2116
392
226
1734
534
1616
2668
726
1024
1098
4222
1504
274
1196
1990
5302
520
1066
386
1578
406
264
2638
3320
456
2068
47902
812
21076
2616
1248
1738
1772
7290
1000
1190
280
242
384
2814
1206
242
36474
386
278
538
864
382
388
1346
15108
1268
524
998
1798
404
390
1498
982
2780
1710
384
1970
12524
1412
11898
1950
2524
720
1154
11368
546
2018
4846
2354
1392
386
518
270
354
1932
236
1590
39346
238
1506
384
990
57164
402
1620
254
13878
36164
412
1488
392
384
2064
236
1452
274
1190
258
1122
1006
264
41024
1420
3442
1074
386
1820
31428
1036
29170
1018
248
1514
260
33130
1594
1290
1566
1658
936
18898
3164
73904
406
386
1772
1946
2582
414
2728
2204
868
400
1168
2656
18666
4984
448
8530
1652
1348
380
2566
420
270
1206
382
24294
416
1284
7294
3324
3676
882
280
1108
1588
26178
400
1996
1286
1572
1124
1282
1780
1696
1824
276
384
1140
1928
1926
1842
1096
13402
2184
266
404
1424
1514
1200
1316
1276
2118
242
1538
2196
2186
1002
2296
882
246
2740
11206
416
1514
2374
410
486
474
1262
1536
854
410
384
1316
1464
526
2644
2122
63666
240
1280
1216
21840
496
3854
17888
54452
1064
1632
2154
384
1134
12632
410
1108
1150
21180
19562
1388
1046
29612
2712
2888
268
1496
372
40668
1104
16612
848
25448
1006
410
252
1118
6456
1846
512
1296
12052
1158
3036
6492
272
1894
386
1406
1940
2782
2060
6302
1380
4110
1524
862
392
244
666
260
50202
664
372
252
876
45772
1916
1904
518
382
944
1442
2774
408
1330
28742
382
1532
1178
2240
1214
2098
1958
2216
412
1274
422
410
254
16552
866
272
880
13254
1586
614
12168
410
1234
1562
9234
480
11068
392
418
238
1206
59832
1418
1408
410
46268
410
244
498
866
1412
28370
244
268
380
868
410
1204
2224
402
602
402
508
1478
374
386
1320
12228
256
1014
272
404
404
396
1602
506
384
386
270
406
406
274
1002
11236
1042
412
1264
2854
1060
1360
262
240
3010
28474
1424
410
1008
1690
376
364
224
1616
1552
270
1036
52244
1442
53726
1060
3122
67276
1532
4972
382
1242
394
4984
900
558
1074
1412
386
922
2144
390
15480
390
354
414
1524
4108
1260
406
2664
1114
12156
1334
246
270
10384
3862
492
1370
2022
276
1046
404
358
404
1000
1094
4674
2494
388
272
12794
1350
392
414
2762
1720
402
1670
9726
36682
1334
1134
1012
874
1008
1904
246
420
1008
1384
4952
11568
384
382
1076
1180
654
272
382
264
1042
19784
10472
37516
988
2512
1260
1378
1552
56488
242
1600
2362
1782
282
386
1026
390
256
2138
386
33488
2048
236
3016
61556
280
7596
2426
236
8532
1356
236
1390
21452
1634
426
498
1416
2040
39102
408
264
1756
1142
1484
390
1240
2212
950
1298
426
1560
988
1472
84132
258
386
7568
2324
388
2104
276
1160
1630
386
2668
1286
1272
246
3672
1376
1130
13882
272
5634
388
35910
388
782
1232
244
94588
384
1042
390
59528
266
256
230
1384
25154
3064
624
7696
1534
1514
238
380
272
6070
238
386
1198
14210
388
242
1362
9764
406
1370
16246
1558
2702
1648
16712
1426
2580
1906
398
39932
1830
1412
386
386
260
1802
55872
1916
1150
486
17156
1660
2128
1650
1560
1848
276
1516
3650
218
1530
3116
1564
4830
392
1750
4530
910
2310
386
49696
1398
108698
476
346
388
1694
498
410
386
1088
384
28722
822
14668
272
1274
3634
386
236
422
390
750
7718
1144
1992
2546
386
41600
504
252
17802
406
1398
1408
1364
11362
1334
2710
3346
2058
1830
19408
270
226
228
32096
2408
10562
1126
2116
386
2540
944
2060
1484
242
524
26184
34336
1884
260
2260
412
1506
410
2224
642
1506
21458
236
1584
20576
1156
1040
1240
16144
232
402
1378
1112
44424
2668
720
2504
1032
1780
2732
1552
2046
1778
384
246
24266
1506
30634
17880
386
404
1978
9786
4176
1508
1200
2260
1062
1424
1988
1432
2396
7796
370
3422
33148
766
432
388
1414
2244
1376
45966
386
1218
34092
1978
820
1416
1426
1622
4560
1550
2586
1950
1152
1126
386
10802
1124
1000
902
414
2284
684
1282
1166
1814
4300
7582
1544
1360
278
408
25498
1158
1768
274
972
1920
656
492
2240
2178
710
952
13132
1656
1576
1636
1858
31648
1556
386
6450
1050
410
18958
12172
2418
31996
386
2434
29972
1006
1824
3392
1278
1820
384
1270
266
660
242
1684
1946
1438
884
1658
408
1404
1432
408
344
2016
250
1120
998
13704
22674
2208
3314
388
518
2132
244
410
38840
2008
950
1230
1310
1692
1968
1962
384
386
2060
1240
3120
1470
262
742
16528
1104
1814
2314
1498
384
1278
4482
524
1310
1902
1228
1564
5486
1258
1782
478
1430
2674
1340
2900
19544
1098
2118
1142
16888
388
3516
2096
19520
252
23588
392
1662
1696
402
352
386
2198
1210
254
260
1444
270
2536
252
1396
392
1400
438
476
2458
1176
450
238
386
1168
4746
2232
1344
1046
1376
1768
1786
614
712
888
390
77862
2494
388
482
408
18876
620
1574
246
1434
4874
1644
10576
1278
2664
2536
470
1066
1398
45884
2048
1724
386
75350
1180
4758
250
1246
388
244
1516
1182
1420
77714
9432
1970
1570
5522
1682
808
1522
270
508
406
15570
410
250
448
1636
384
1302
1208
1818
422
2658
908
396
382
2132
15128
2886
12246
394
1626
242
4208
1424
1830
550
1638
1848
3262
1100
6630
1824
17598
414
2630
1816
2342
410
1730
576
938
554
1096
598
1818
14154
384
1816
1810
2068
1464
30716
1096
386
398
1646
1912
864
1550
1206
4394
410
1216
270
1940
3976
528
1336
228
15590
1768
26394
1638
386
52546
1822
1178
266
1644
1364
316
384
1568
1790
3574
1152
1208
388
832
626
22030
1142
1800
2272
482
406
4386
232
1504
522
392
1662
3216
1656
2084
1394
256
1808
108048
1496
1640
1394
1266
496
284
7212
392
3062
234
5316
1542
396
244
658
1004
8502
244
2188
1280
1368
3056
2656
1572
384
494
39604
9610
1012
260
408
386
866
1286
1782
252
380
656
1100
2390
248
7824
734
380
242
998
1416
1434
1408
1962
11002
1638
1558
1468
436
1274
1092
442
374
33894
1406
1398
1444
22538
2912
1830
538
19614
262
1438
1916
2982
354
1684
1532
1764
390
1802
26258
3320
1060
388
398
103562
1824
400
274
546
1618
10686
222
598
1934
1134
1408
2050
1546
388
988
938
1516
394
1334
1284
1026
402
958
774
1076
388
1022
2238
242
1290
1746
412
1104
1228
1334
1298
29974
1602
1776
1156
1088
452
416
1752
1500
256
17162
410
1162
1116
1246
1484
8422
888
966
386
1096
31374
1156
1316
752
268
624
20934
388
2018
10596
388
2344
1688
1680
1776
494
932
3564
2048
1878
1642
26142
1640
19854
1264
1138
1560
396
268
3536
2654
14178
3938
2034
1462
2020
1462
384
1166
19504
16418
270
1254
1554
1918
254
1700
1064
402
906
3038
2752
4478
3722
260
300
386
1484
1920
406
344
3010
866
2436
72774
52176
1124
496
248
1438
252
4870
1024
1318
106436
2216
2240
234
242
1228
390
484
934
886
412
1594
1496
552
372
3636
1004
1536
2516
1554
1792
1594
1850
264
1764
382
350
1336
1660
528
1600
3988
386
406
18730
44300
1510
28218
892
1254
264
384
1610
1182
924
408
410
388
226
2156
1016
410
1392
14028
3540
43026
860
4562
394
398
484
890
244
1846
384
1788
2628
392
1066
2166
584
4494
1396
2760
1374
6794
370
1272
47274
738
244
2572
232
5724
278
1950
2094
1318
1260
1644
390
954
380
1174
1034
440
34880
250
1146
1564
662
244
252
1204
1538
9330
1250
478
1794
1338
390
54640
1516
1432
2412
386
1290
1934
276
406
1992
3180
1438
688
246
2458
1290
3756
972
798
14912
390
616
1384
1662
1074
1310
498
5812
1220
1778
1236
2106
9630
1112
1454
1230
20766
1684
1004
938
1576
1652
390
2202
18032
15824
4772
250
11674
2770
1224
1568
2414
476
1292
1332
1738
2618
1634
1144
24764
2396
1864
1560
1644
506
1382
1466
1816
1298
386
8272
1140
2336
27422
2594
2638
388
984
2274
886
2158
246
3266
858
1188
236
1216
1034
386
2488
388
1546
1706
1116
1916
1002
1196
1220
408
18018
1400
252
2068
278
1310
246
2720
1314
1130
1140
1388
830
23412
23386
990
1134
25718
1154
2230
1204
730
396
4806
1196
1628
356
244
1616
3638
394
1212
10228
2136
612
1440
26140
886
1208
960
1196
8722
1180
990
2412
1384
1364
392
7066
244
2422
270
1424
2174
244
10972
386
280
1160
23018
238
1402
1064
1448
986
1700
398
388
2052
402
2210
1294
382
1808
386
978
548
11040
410
1990
352
1554
1770
1028
244
1282
264
350
794
1052
1742
414
1094
412
1968
270
1044
1732
250
2688
1410
17614
1506
14322
1106
1374
1382
386
1272
33304
1034
792
2072
7198
3456
374
6426
382
510
388
1594
392
1498
2090
4478
34094
272
1950
1294
384
8104
8084
1822
2088
1720
21914
262
1820
1840
2880
1720
866
502
15960
390
2088
29282
2270
364
4212
1310
1206
2260
1688
13008
1414
1140
2314
2572
2304
874
5076
4042
1492
1150
1702
250
414
1576
268
2074
1672
2958
236
406
1520
922
2572
57552
1528
848
1060
1848
33918
58610
7044
1428
960
1238
398
386
2258
1596
1724
84712
39332
386
1682
56308
1230
1506
11268
1506
11322
3674
406
2264
1508
448
412
392
1152
414
3238
654
472
384
1456
1818
2240
4428
2292
1616
2030
1814
2004
8912
1160
1554
274
20306
544
1422
1574
10980
1456
388
1550
408
22566
382
1282
372
19408
1090
1294
1350
260
1952
4008
1374
1452
7452
1542
1160
392
424
370
1036
582
818
2210
474
12240
610
8726
1690
38914
1182
932
396
1258
1446
1496
390
68028
242
1298
2730
720
1938
902
3882
384
4358
270
3556
386
372
46282
924
1138
746
19246
384
1710
238
238
524
282
2582
272
1142
384
274
606
1652
1580
1160
83162
614
2460
1424
1498
1190
1158
30080
1280
1070
53342
2330
398
482
1158
1762
392
23696
49270
372
514
1008
12804
478
688
1054
384
252
17390
266
1534
27716
378
1098
414
732
2230
2236
10700
1844
1618
1634
252
536
1328
3154
8218
1682
47084
1122
1552
7206
464
400
1342
1302
242
498
274
1146
3810
1626
1274
738
414
1506
5822
8414
1144
1528
402
1578
250
396
1546
19152
1058
1086
280
1428
31984
1152
42958
20068
1370
418
1092
1514
2074
1208
15240
1820
274
1674
1140
1886
386
684
2184
21368
2096
340
6130
1606
1524
1120
8928
1152
1232
91760
386
1488
2058
2028
1684
406
12106
1830
1598
386
244
22106
4256
1586
654
1438
1520
248
44474
1970
1308
32426
1304
386
410
234
394
42742
242
396
244
1232
1808
392
33710
388
1242
410
12580
394
1494
888
1458
1270
1446
280
612
1530
2172
1162
1044
3822
1374
894
384
1496
2594
1094
246
11352
1606
506
518
1250
1704
1540
384
1730
1296
1406
12402
1212
26170
1188
1918
3162
392
1402
44104
270
2020
1290
30270
1944
382
228
6470
512
2294
474
8334
1596
49306
382
1556
2030
1156
890
400
994
386
878
3494
1190
3162
31564
236
248
6818
400
234
1542
276
472
1488
21496
1672
1514
31202
1784
1000
370
16680
1426
508
1192
3620
348
31760
1336
10030
502
652
2210
13758
41704
1342
390
1138
796
1940
1204
1322
2448
3770
258
2346
28790
2420
392
2212
1626
4010
4842
242
384
392
1698
240
408
64548
7066
1282
1762
1306
1852
1638
1476
258
1396
824
270
918
928
1920
384
1456
1854
1492
1460
35296
542
500
19966
388
408
21910
2248
37268
250
69528
33976
390
1674
242
402
1436
1522
2978
1136
2036
1006
402
1300
1012
674
548
1108
388
390
546
950
410
1006
1374
408
2158
3696
514
1700
2684
2018
1792
1906
1978
1956
2162
1390
3156
986
1546
1186
3326
1146
500
1204
394
1830
4244
1404
16930
412
920
244
408
1514
674
916
153082
1728
43712
548
1130
250
1520
59470
35148
788
1412
21188
1070
1878
1418
1120
1574
1790
1652
388
42966
25604
1050
17624
2328
406
1576
2338
1008
1364
2310
1564
1094
412
886
1228
1070
536
11348
1512
3076
1104
2066
5494
1648
284
1412
2022
1620
1162
1638
1666
1548
2070
654
1068
2422
510
604
382
1536
1092
348
404
1558
620
1826
500
1134
1292
2952
21272
6584
1384
2288
1432
4576
2688
392
1126
1226
240
9636
1848
408
1358
1724
1658
1284
254
1400
494
394
484
1052
1298
512
390
2640
1584
2136
918
1012
386
2480
236
1316
86298
244
1144
1782
1512
2052
1104
1556
11304
1242
2368
36938
252
386
1352
12610
3154
426
1604
1758
266
29502
410
2384
1456
6826
272
2290
3444
386
1052
1380
2408
936
1278
228
272
354
384
244
250
1834
402
452
2804
1668
1152
3508
54230
258
1186
1268
1806
836
1366
1520
384
386
622
384
1172
352
2646
414
298
2468
2086
2350
1706
2240
1408
546
1102
254
534
45316
1216
1412
51796
404
242
394
1230
1280
288
1260
490
244
242
550
1296
496
11590
408
1410
870
1030
1240
1890
390
268
386
42466
31906
256
12650
224
2878
3960
6990
398
2008
1730
586
1072
2934
3834
66606
29262
2658
520
2344
5720
1910
27650
286
11482
1246
386
1726
2702
366
460
3252
1214
1324
1682
1402
1428
58776
1836
302
26450
274
1084
1600
1648
1288
3174
4004
496
246
7134
1094
236
19906
802
1408
486
878
394
1104
1288
612
6982
1690
63546
468
1414
11634
20700
392
398
282
418
80082
1274
49338
1052
512
472
386
1194
5128
392
354
588
1358
2218
1516
12310
1642
2362
970
228
1582
382
1878
410
17630
686
3548
8986
274
14514
21034
10414
1412
256
10072
4018
17734
1458
1876
728
1124
2534
1508
10618
49218
388
402
1286
1372
19386
494
1642
18108
135882
1400
2742
1684
414
1426
1054
3006
1620
1500
412
34878
1518
33850
1780
384
402
1682
1668
1746
406
384
476
3920
1322
1118
536
532
388
502
1386
274
476
382
3564
510
2872
992
28070
1492
2090
25932
1718
1002
3778
1192
1212
390
1130
498
268
1250
984
960
1366
384
474
2296
1520
2878
1200
24526
1372
1150
244
258
1600
1854
2936
1230
29782
410
1272
3302
406
2140
2000
15414
1472
1992
1444
3364
1320
1480
388
1196
1244
1146
53182
8370
272
1888
11338
2314
38354
1534
4308
1618
1262
1176
1768
1820
538
7458
3036
2972
566
3592
2492
272
1874
1648
1622
258
280
3106
664
2226
406
1496
1288
1130
1540
2584
2596
726
506
386
978
1318
1634
398
1106
66708
50480
384
2258
670
1830
266
1106
408
1496
1664
1506
390
1548
2738
1172
986
19158
1502
1272
1128
924
1050
13744
232
4300
252
2148
2174
402
386
544
1798
1326
264
378
1392
1278
1172
1680
14162
1382
426
1658
1202
666
1588
1910
14244
2610
496
490
2494
1230
57754
1342
2100
1320
262
1856
388
384
1996
2688
262
260
248
2734
2458
1130
1384
2298
386
2054
20436
396
402
1242
1830
416
1322
2770
3452
2502
1398
2180
254
388
504
1442
3722
3078
258
1432
1732
1392
12564
838
1982
1506
3178
3364
18384
1816
258
2852
1318
1362
564
674
2218
1932
3938
39658
1508
1150
662
2430
482
1252
252
1330
1270
35824
402
13382
242
406
250
73012
2876
322
1236
2092
254
7066
278
386
1436
1098
11550
1364
1230
3618
418
1160
2454
228
1146
1444
506
1326
22686
24224
15566
466
650
12030
1270
1072
532
1146
15110
494
386
1498
596
1674
416
2894
1420
1536
392
914
406
354
1458
238
1072
32496
8734
2180
406
238
1030
3208
1686
408
1350
3604
7796
252
1740
1260
1472
488
2550
240
18038
914
8584
418
936
2652
406
6196
404
1020
1012
386
386
1452
1944
1996
30458
2198
252
1478
2446
1168
852
34654
1532
1068
412
484
254
384
264
246
1100
1772
1806
1194
2612
386
840
864
1556
652
386
2302
718
1318
236
516
254
1040
1966
2058
382
8470
1612
3106
368
1328
270
390
240
2772
240
1674
2166
656
42576
2382
388
18996
1614
1186
984
1018
1932
2200
276
4422
1400
1190
3398
384
380
1644
33890
2540
2986
2424
1620
13368
2076
2050
1514
4328
1206
1014
274
1272
2070
234
1824
9584
736
1464
1408
10490
1186
392
1130
238
1292
1106
13824
398
4938
1642
414
1822
4766
246
2130
1310
39976
2104
974
3058
390
50882
2232
242
51162
2134
2926
548
2000
1808
2194
1282
41808
1504
796
492
388
272
1630
2186
480
32844
30766
1804
1698
11198
21736
1330
1252
1182
406
900
1520
242
18544
500
1734
70616
658
3354
386
1234
510
1600
270
2344
510
1396
546
1250
2076
1140
546
274
1288
278
388
14254
244
250
1442
232
1864
11810
1258
2050
506
3256
1876
388
22012
3590
7034
412
268
270
5214
2174
1250
242
1328
386
406
5566
16616
266
2620
1008
1146
1064
1256
1240
244
860
412
958
424
2988
846
620
1340
276
1240
348
1132
15264
3172
1038
1224
1174
384
1292
1462
2056
1956
496
1338
402
1194
1216
488
1126
1602
402
252
11098
1732
1772
248
4624
1064
1662
2544
1248
2604
390
408
1158
546
1660
60904
408
2324
1192
23966
238
280
2420
16088
1074
386
50612
642
1536
1188
1324
240
2846
1238
2758
9642
1026
6372
406
35124
990
1390
244
230
420
25316
274
1096
372
482
1286
384
392
1976
2428
40256
16856
1244
27064
2604
5192
402
388
1600
376
1818
11422
1386
1362
268
9528
2564
1558
1324
280
386
1234
388
8178
1764
384
294
1666
1008
4204
524
280
41780
4510
3222
1064
514
42984
1884
504
1244
3470
1274
1830
282
380
2644
1460
24726
224
842
2660
1322
1416
508
1310
1050
250
242
2020
2032
384
1782
3164
16240
1664
1028
11494
1426
15050
1414
1502
278
6224
412
1982
7658
394
478
4264
59414
1240
1888
51206
1548
21474
266
512
514
390
650
238
410
238
230
3584
1692
1734
268
4516
2776
14698
4440
7354
796
11464
2178
1436
386
378
856
1106
2694
384
400
29282
1372
2898
920
398
2962
1926
2096
2322
50560
1066
276
55510
1796
780
69094
1828
1196
412
388
254
1658
2128
400
372
406
620
1262
3160
992
2380
1054
232
19720
788
388
408
246
412
1400
1672
410
1240
1040
11804
2352
7132
532
1802
270
404
412
1896
1288
238
2440
3186
960
6114
434
2710
8866
548
410
384
1278
3328
472
1688
1678
236
894
19696
24676
1404
1098
1602
886
1202
1058
236
2706
1040
1256
404
610
386
348
1766
10196
3416
1542
4744
19388
236
1104
8398
8886
28140
1502
1172
388
1442
1236
1490
246
59152
1508
254
390
1374
348
2178
2282
238
280
34100
1204
65842
10276
410
10114
1732
23504
3554
1266
392
41738
386
918
1400
1712
1654
386
1402
1568
2852
1454
1374
1776
388
516
386
77508
244
346
3130
5504
1150
368
2240
2576
1092
2060
244
540
1354
1276
2032
404
244
386
386
720
1128
1036
11852
2456
2326
510
394
2330
33032
1994
1302
97342
2656
57640
3046
21710
234
386
760
1822
528
266
1878
262
5342
1646
1274
3962
410
390
266
242
244
380
710
3156
14320
3344
1708
412
9754
18068
4952
388
1280
14436
1164
1280
244
412
2060
412
40250
1690
386
1156
3972
57516
402
21818
1530
250
2130
1728
1438
2118
3690
2080
388
1424
968
1140
2202
5734
3268
386
1244
980
410
242
2396
39176
386
538
498
5594
1036
3376
104600
3876
3748
1784
406
27636
1124
272
236
14246
7864
1768
4496
396
234
1394
1058
400
1548
2362
40232
12306
392
7620
1184
1082
1566
7200
508
4286
408
2134
538
254
758
502
1156
394
18032
424
390
32760
378
1012
414
2136
540
406
7116
1016
1302
384
1912
386
386
1042
1172
508
1268
1482
1050
1416
76518
1710
1826
1044
246
678
55218
1300
3112
1774
1728
42428
3558
240
244
368
726
1070
246
1248
1002
7106
406
750
410
1644
878
22412
1540
382
1762
46980
398
384
2746
844
6946
394
402
69328
15318
898
1764
518
68316
1194
1148
17350
1424
228
382
1508
372
43788
1038
9624
2004
2160
2476
1024
266
10030
392
2458
1272
388
2680
240
1040
2528
2308
5504
43692
53340
2130
15522
404
1608
6242
1348
38896
2160
844
404
388
910
276
18294
230
264
1336
1996
1646
7526
1328
5024
554
496
904
410
934
1628
384
282
4332
1204
1504
1962
406
1644
288
2966
2296
1808
1646
264
410
1348
460
272
1964
1342
1300
1194
27430
394
11576
408
57832
1758
412
1416
1964
390
582
1718
678
242
1620
226
1606
1200
1608
1590
5672
288
392
392
11526
412
924
416
1816
1132
954
81284
386
324
482
1408
2570
1460
280
228
384
1118
388
352
3426
18280
530
386
1010
31976
1654
2014
1286
382
1826
15010
1278
240
1048
3000
1624
20568
1142
1264
950
1466
244
386
4646
902
1300
1740
33124
1302
1056
2780
16324
390
404
388
1978
1388
12258
258
1496
2402
1640
2476
1882
394
372
256
1154
686
1790
242
1908
24578
386
238
1038
18560
384
238
1142
1112
1220
388
3356
412
388
1214
654
250
15424
276
500
270
236
1314
3462
1668
1792
19626
14144
362
396
676
1652
1350
1226
2106
1546
1718
1376
410
384
1800
492
7194
1380
244
4488
1576
3600
440
1096
878
430
1656
386
392
46064
468
396
484
422
252
264
16462
230
256
1710
44222
510
5918
2878
1768
4938
1180
1056
230
105662
384
1606
2930
2330
3048
236
1118
2998
402
236
232
1574
1136
1214
222
270
726
1960
1142
1330
266
2400
406
2402
1410
2506
1352
882
682
19088
240
2032
41618
472
1302
1976
28076
1406
2750
1258
1346
4326
372
1164
2598
1692
14430
390
498
1540
39246
384
1074
1464
282
278
390
504
4138
2046
2158
1860
400
2138
1116
228
374
1924
494
490
386
276
1608
1380
256
1432
1494
7572
47512
1308
2102
384
318
8272
338
1612
1298
1172
1202
5500
40266
1220
4082
1194
1790
8738
1862
1552
55410
1140
908
2088
482
1638
1298
2960
1314
296
1740
2540
404
388
1006
1280
2650
1352
1086
296
11578
3424
1354
406
748
856
6442
1444
1596
554
1368
1054
392
11564
1236
1002
20812
2196
1464
1340
1060
248
1104
2510
406
1440
17878
12164
550
5008
11926
1340
600
1696
1234
1466
390
3120
1518
1170
1100
388
494
1492
1510
1188
22626
2932
1340
274
1428
1228
2166
220
940
1364
646
1336
2290
418
5000
1318
1594
494
1156
27568
602
1524
388
2522
1252
384
890
860
390
2186
516
1088
848
2100
1150
1650
348
260
2270
1836
1482
1190
1518
1100
1270
18416
1092
2336
2064
2424
736
1146
1314
1864
1024
1058
1106
45058
858
1148
1640
24668
1082
264
1572
1076
1658
3476
1074
1830
2424
392
1288
2216
1804
1514
528
9974
384
2712
3158
1136
20250
1188
1264
994
872
8648
1514
830
1322
478
1180
1194
10226
662
1934
1126
656
1904
8834
3336
1120
20172
544
2362
1134
1642
3050
3246
492
2484
2214
1926
250
1808
2134
280
7866
2224
386
2562
1296
1872
1802
2482
816
1270
2156
2034
398
2280
1168
236
1672
490
1610
17624
1028
15018
942
1284
1112
2542
34862
2228
9848
408
386
258
2028
4204
3860
2346
1788
430
1370
1772
426
33920
2822
1562
1950
7976
8352
1808
390
1550
20242
498
390
4524
1538
406
390
1336
238
1468
18186
98998
69998
496
1484
246
26812
1514
388
1650
3886
1384
1746
262
1284
1838
10968
3456
1314
388
1294
240
1300
266
1056
978
2134
388
1268
234
402
388
1194
1620
1508
2788
2154
540
1254
404
1000
440
2978
1650
1020
270
234
59172
1018
2528
540
47582
54286
784
1122
2690
390
1226
1646
1052
388
844
392
59314
18842
408
242
42206
56724
1276
1244
1754
6300
538
498
410
252
1464
27488
1338
12120
270
20674
238
2354
426
1698
2464
508
2678
21182
418
2208
20882
1884
1682
1408
14894
240
416
2422
1094
1430
256
476
41350
1232
406
1158
1330
386
386
952
1218
1796
404
230
3832
384
1508
388
25664
1704
1918
25410
482
23308
682
1636
14324
1538
1372
268
1160
2128
1676
1682
1704
6696
386
2528
1982
912
31592
1060
3086
1326
506
1408
48506
1824
32370
2000
3050
1706
1748
1498
484
232
488
1096
1362
606
420
1498
1286
1456
10980
380
1334
1166
802
1876
384
2060
1504
1074
1528
13956
26010
244
1352
1148
1882
1540
384
3184
550
2598
1398
1000
13000
1212
1538
2240
1106
412
1686
30986
9000
18382
518
488
1512
11970
412
34876
426
1630
412
28550
1160
1160
606
278
1326
1130
390
2282
4662
1622
1826
250
778
732
2308
1392
2712
388
2196
964
2070
400
410
12038
23006
6478
408
3226
39050
1102
1404
1482
1596
1602
390
1484
232
2994
240
1078
1188
1034
1528
1636
17972
1442
1950
410
1908
2226
1300
254
414
622
236
2616
1762
1546
1952
1150
5546
1176
1876
1812
412
1154
1952
592
1786
19506
1750
384
1512
19354
388
2450
250
18702
398
1800
13456
10218
1574
3294
232
1218
2928
2164
284
390
2270
1936
3600
392
268
1510
3630
1376
256
420
412
404
1090
546
1548
1216
1240
1422
1278
2390
1012
1934
416
75700
1624
402
20034
3680
1520
6640
10816
1640
1348
2504
416
2450
1118
48100
1778
75504
1276
7260
2726
1376
1640
784
77456
386
6638
412
1508
374
694
258
1692
5902
1534
1368
3854
474
12600
4250
2632
1004
1628
2494
256
1392
2916
1554
262
14414
394
1162
11834
1960
408
3462
494
1586
1362
2030
1654
1550
1334
1142
6104
406
878
390
1364
382
17522
520
278
1402
2084
738
1780
376
3098
2138
2188
17422
1026
392
1350
390
1216
242
1580
30702
2888
1968
298
1212
1216
1028
1346
5646
2546
6710
2088
15654
1274
25960
2364
552
50930
240
1612
1910
1640
2976
1126
1936
248
1060
1330
1372
2908
2598
20396
1322
1570
1340
272
8468
2786
1170
404
376
238
1510
1502
408
1504
2058
108414
1000
1042
1194
410
1050
12128
824
500
5832
1650
3200
10486
546
1052
1114
1400
384
396
4448
3090
36058
676
8408
1790
3912
1440
1590
3748
1464
390
1796
3354
276
498
382
3898
1192
934
1906
3884
11374
906
1530
2678
1658
34896
486
1276
1008
2118
22416
1498
412
216
1508
20340
498
2198
1580
374
1120
682
384
2346
1728
1636
2638
902
384
22392
248
382
1644
414
266
1360
3182
374
103010
4488
13816
408
1166
1204
2038
1114
2236
1514
1378
2550
1422
1626
2292
990
1254
1612
1244
382
1784
1050
2314
740
1006
1282
31378
1140
1408
1264
