11111111:111111100:0:0:0:0:0:0:0:0:0:0:0:0:0:0: (total 15)
0 4 8 Thread 1 going to cpu 4
Thread 0 going to cpu 0
12 Thread 2 going to cpu 8
going to barrier (cpu 0)
16 going to barrier (cpu 4)
going to barrier (cpu 8)
20 Thread 4 going to cpu 16
24 Thread 5 going to cpu 20
28 Thread 6 going to cpu 24
72 Thread 7 going to cpu 28
going to barrier (cpu 16)
76 going to barrier (cpu 20)
Thread 8 going to cpu 72
going to barrier (cpu 72)
going to barrier (cpu 24)
Thread 3 going to cpu 12
80 Thread 9 going to cpu 76
going to barrier (cpu 76)
84 Thread 10 going to cpu 80
going to barrier (cpu 80)
going to barrier (cpu 12)
88 Thread 11 going to cpu 84
92 Thread 12 going to cpu 88
going to barrier (cpu 84)
going to barrier (cpu 88)
96 Thread 13 going to cpu 92
going to barrier (cpu 92)
Thread 14 going to cpu 96

cpu 15 cur 15
STARTING...
going to barrier (cpu 28)
going to barrier (cpu 96)
STOPPING...
Duration      : 10000 (ms)
Acquisitions  : 10302039
2156
4656
4694
2628
3642
2292
7490
6214
380
4920
4136
3236
2584
3094
5050
4534
4428
850
1994
8632
6128
2022
1714
1384330
3056
1036
3316
1474
378
2292
1346
3114
209924
3370
10650
4576
2514
7116
6622
7314
3392
3418
14550
388414
3598
3986
4340
5454
4004
474
2240
5842
2676
6626
5500
3016
1316
7844
1862
4226
6264
4868
3988
874
2744
5626
1970
2340
2042
2770
1892
4288
1170
4302
2170
3772
3610
2172
572
3390
3404
1738
6936
780
7150
9340
1826
2994
1232104
976
1854
1246
3580
3638
5986
2892
2488
2492
4298
3846
1340
2142
3450
586
4388
7776
648
4846
4386
3250
2020
3696
3808
7730
482
4440
252
1066
3212
7116
3440
5012
4332
24140
3204
1530
5016
7384
451342
134550
2560
30518
2632
6860
300
5112
3898
1678
3748
2972
2996
8476
2204
1618
4956
1282
3076
162504
2990
2194
4384
3480
2880
10902
4678
1788
93932
3128
789604
376
986
3850
5668
100920
1560
832
3692
2110
2222
72642
3094
3674
5250
974
3826
6552
7322
4242
5378
9268
2732
1118
3804
728
2062
4704
586
3462
3936
4584
4912
3208
3604
4850
4496
2972
7410
2978
958
5576
5126
2096
5034
1774
2884
2490
2672
490
1930
2992
11158
3160
6618
3080
2840
1556
3480
1224
298688
4494
2554
8356
5842
2584
4160
2094
5442
2320
2712
185580
4976
3186
3444
2564
804
2780
5042
17962
6190
3042
1736
5182
1654
4570
2720
910
3520
1742
1776
3794
4638
2342
3094
1266
432
3504
370
2192
3196
1128
1576
2720
2712
1361264
7192
2164
1888
6502
2016
236
3938
3588
1014
952
5040
3404
632
3352
4646
4594
3696
290778
2462
3944
4944
573060
2882
2408
3714
5958
3174
928
5132
7038
10288
3950
1364
5310
2626
6072
606
1090
5374
2100
2628
5324
5568
4726
4968
2066
8634
2482
1864
5254
4482
9358
834
254
3862
1592
4238
2652
2104
6180
372
2648
3568
1000
3458
6630
4080
4338
3784
374
640
1396
124232
536
3326
2550
2522
89788
6372
409766
2246
3294
2074
835034
3052
3276
276
2888
5944
952
2316000
8016
3392
1674
304
1600
861232
5444
3484
1258
8800
4400
7240
1356
7306
3142
3660
614
1344
6332
1078
266
4812
4786
4638
682
1252
2592
4732
9518
2880
1220
5448
4576
10030
1430
4378
6128
2192
6288
2748
191490
3848
1832
6112
4686
3020
5550
882
4788
2330
10026
2022
2634
1868
3166
1912
5152
3568
10414
1348
3152
5280
6760
14314
4842
1894
3560
1102
416954
2870
7344
1212
1876
11272
3534
7590
231492
411600
1112
1974
272
548
3982
8260
3108
416582
1904
8204
258
4246
3928
5374
4520
3496
2396
2878
5184
4366
1960
2600
92822
1258
48502
3420
2450
2872
4916
920
2968
1366
2918
4980
87632
4722
4428
2358
3584
3634
4344
4684
30716
600
4246
1340
5646
3880
8584
4936
420
193986
1395838
3900
2746
7998
1672
1232
714
4374
4052
6042
754
22866
8614
5466
8008
3976
3598
707402
4134
2006
1202
5934
7368
2554
2948
5598
5540
4924
2668
4844
3192
2496
3056
1544
730
2602
2190
9070
5656
1950
2654
5640
5538
27568
4044
5700
2214
659772
4190
4006
652
6852
3612
3688
791138
3236
3056
87984
6946
5386
2460
6008
8436
1112
4568
9588
1374
4232
3934
4084
5028
5910
4632
1198
1644
5126
4954
5520
6794
2344
7906
2122
2404
2680
902
37994
5658
626
254082
2920
8374
1860
2026
3202
1020
6316
1820
106632
8440
368
3084
2262
8642
348
3048
800
2910
687288
3644
4854
850
9580
5398
2816
1272
4058
2304
505650
276
3300
356
2436
348
3844
8758
3848
4008
1408
506
6190
3202
894
2786
75936
2630
4592
1122
3564
12018
8556
348
2312
4728
2648
2786
518316
2966
6728
4256
3368
2638
1688
6952
2358
4090
47602
4524
874
3612
190492
1260
2392
258
2148
3458
6794
2326
6946
3144
4160
2358
1734
594
1040
546
3298
4838
2986
8154
3170
356
4184
2510
1408
6596
1344
5194
11066
3988
1914
1368
758
2498
9290
5284
10290
5284
5570
3254
6814
8460
335832
3928
2356
5578
1632
3960
223172
5090
5754
332
4424
4468
2328
1984
4028
7516
2808
6164
2640
1018
3146
7400
2784
2522
3298
48308
4514
3730
6518
2158
2046
312
3728
1564
9134
5700
2284
4956
736
240284
3578
137838
6322
5288
2280
1970
1922
2498
3036
2074
3450
1814
5438
2412
10218
3448
3088
466
7528
1648
2058
7074
3570
3852
2552
2320
1676
504
647282
6358
2358
6862
334614
3798
716
1249580
379896
2720
1496
3656
14126
6302
4228
7292
1842
4000
1676
262
4378
1768
1468
350
380
3152
3034
2860
2372
2484
8114
3498
972
2050
658
6324
1062
4404
626
2076
4166
3036
252
950
71440
5054
500
5784
4106
580
3516
3272
272
5780
79186
776
1802
2628
4096
5112
1700
247108
3552
1470
636
1216
8028
385450
2716
626
39388
2998
1312
252098
4056
2710
7094
9562
2444
4984
2128
6644
624
456196
2414
5036
6046
516
6430
105664
7196
3544
8006
136598
742
2906
278098
8360
1480
3454
640
3328
6294
10242
2008
360
3096
5014
496
3724
3294
1292
187128
2190
4176
4282
2916
5534
110918
3824
4744
7410
749016
5404
1014
6522
2624
820
3338
4200
2810
1658
4018
600
11572
922
3552
1398
3706
290
6704
4106
122232
366
210566
33712
277770
3710
4414
6504
7252
1508
584
928
1414
6006
1020
1086
5226
680
3848
3206
1194
7438
658
2974
3292
743166
7654
478
2756
2726
7020
124570
718
6666
272
5046
20126
3140
3574
1638
6226
2624
120276
7920
84788
5178
291296
2276
3964
427120
1438
1818
1024680
6422
1176
1362
1144
443432
4088
350
1406
3694
4182
5292
1574
5356
2372
2264
5644
3058
233904
2974
1892
1554
3568
2018
546786
3964
2502
3630
4560
5342
1216
384
3148
1512
6452
2758
720
3286
3424
3330
1828
1392
9354
2512
2152
2796
4896
1916
275314
3948
1436
2752
2832
2438
5006
2582
5944
288112
3516
2702
4790
95122
4812
4330
3434
2862
722
10456
5486
2430
6640
3404
3714
2400
2992
10828
592768
1156
4132
4842
5952
2208
218674
5886
113878
2632
2924
1422
5162
2720
5878
3606
5500
780
6276
4826
5868
2820
384
3382
1114
6234
6564
2790
411464
4408
3176
524
1902
162160
424
1768
244440
380
3064
3064
2422
2566
4716
704836
4214
2112
318710
5190
600
6376
1153416
5582
3162
5064
5380
333670
2734
870
3090
2398
454662
97904
995954
866
6380
3644
121838
2644
4896
3918
1806
2614
2944
1164
406786
4014
3828
2898
2466
1768
4014
6850
5340
2862
4860
3120
5010
6454
3888
7200
8346
864
4224
3534
6146
201534
3974
2790
4498
4410
5962
832118
542
3324
5160
2290
3432
428
614
3676
4960
3586
630
2590
5450
116840
2914
2488
2142
3022
2844
614228
5636
5150
580004
87128
2174
2438
1520
7092
4756
326
4372
2268
4760
210424
5268
4746
5970
3950
1980
5348
248
2408
5370
1504
4186
4358
1780
869606
1346
3174
3180
3442
3272
7958
240108
2366
3772
6994
2516
4630
3718
796
2420
2714
1684
4968
5808
3002
2494
1622
2616
1896
5686
3364
1314
2906
2960
2714
4224
1880
1096
376082
6776
4882
1968
4628
1010
3862
2268
1040
2982
3262
7728
1308
6462
2586
4642
5980
1496
62872
8674
5628
342060
1892
1484
2774
1108
7554
7380
2230
5160
10026
4200
1852
1946
8982
4516
3848
9296
5096
13400
424
2466
3106
7376
266
3176
10288
3812
526
5144
3454
4454
1148
55534
5442
5900
3072
2160
3772
5978
2102
5262
2100
1848
1248
4672
7746
2136
3930
3544
1948
5142
4536
2474
4040
2080
6932
5338
4436
4500
3158
659276
6372
4624
9622
4740
4584
2492
4964
3202
6232
366
2072
3278
4206
4724
4408
5286
4694
4842
5376
33352
378
1828
3990
1316
3330
4388
3524
4686
2446
2386
4496
5536
3698
334900
382
2530
8352
2602
2828
95406
6770
2460
3384
5452
5406
1014
1218
4614
549674
6024
520
4630
5258
5756
2780
3588
3760
5392
3692
7580
2572
3004
3300
2290
2080
3308
4080
3158
2112
5976
4042
167662
5320
451392
6424
252744
2932
1744
4008
3838
2918
3064
4732
8106
5524
272
40320
1804
1500
5142
798
3850
852
1956
2742
3608
3384
1448
312
3798
2540
4666
330266
4352
1920
31740
582452
2990
12046
7270
4548
12666
697638
598752
4208
2386
2194
2316
1094
490580
5502
968
5354
6880
3130
258
5086
4532
3996
4650
2096
7306
1118
467314
420
3194
426
3582
5612
3144
1338
972
5376
2342
3756
3870
3556
2538
3780
3286
2584
2286
3348
2382
650
2826
8262
4176
8670
1321878
424
3964
274
1644
280
3240
4710
6066
288
1670
3740
4178
1384
4980
5532
800
3076
890
4602
5292
922
7906
2070
203448
3002
3210
608
3884
7742
2162
1888
898
5434
2020
3034
8974
2624
9064
266112
6354
6440
3308
2742
2462
1270
5142
3798
650
497732
420
343786
3794
3038
274270
3104
171944
5186
2864
5608
2282
386
6422
7280
8288
6444
2710
5628
374594
1900
5252
7054
8238
3986
3278
2872
3838
904
2588
2344
2558
11726
2896
522
4220
6476
3884
6814
3926
4302
3312
2688
530
2138
2248
7360
3578
5694
4738
5294
1396
420
856
862
3756
3204
2846
3098
2512
2356
12430
3618
5550
4726
3520
3684
1830
263692
2496
6148
534
1636
1408
6414
4932
575514
2914
7626
609026
2654
6758
4262
2858
4934
4876
5284
3694
13780
2916
842
4598
6132
5270
2948
4780
93056
163470
876532
2248
3646
2300
5106
6528
311624
156050
4178
4100
3658
6522
2494
3700
4190
3656
3368
2166
2036
2254
3972
5458
4584
5258
4014
6256
2300
3976
5386
432
1436
3542
9412
1764
65084
8544
3202
4278
4328
5176
6130
4624
391638
5050
5242
2356
3892
3468
2478
4778
2832
5020
1666
8000
2673668
5420
3878
5010
4900
6178
4062
3214
4782
10940
3778
6510
355852
3032
6706
8582
4518
522
1386
3750
2670
258
72578
235234
3712
3068
3726
286
5132
3378
1756
3540
3382
556
3012
4876
4644
6668
5108
2326
972
2820
3026
882
2140
5020
3782
374
5546
6018
280
5956
3092
4346
2732
435904
4874
424
2510
6042
2400
824
3818
5416
2680
6804
2332
3530
5668
3558
308
5318
8842
1480334
3242
4110
995194
1440
2058
124238
1770
12694
3204
4052
4858
642
3060
2860
2064
772
3030
1652
3470
5686
8206
1650
4418
2956
87270
3888
7642
4642
94506
5550
1154
4914
200134
3434
2176
4906
2810
2248
2686
68382
7096
3652
1992
2860
542
175144
8482
2920
507690
3408
3218
5064
120430
6824
5146
382
4372
522
4890
876
3804
7854
1892
1924
5162
7398
7988
2380
4864
2752
460208
3146
2666
163802
2986
4672
4476
6950
4292
4446
7836
3206
3852
8044
8260
3366
2764
508
1408688
4476
2330
3876
7046
4950
339968
4812
34424
4914
4942
223344
2830
6860
1832
3704
3792
2344
4576
4590
3956
6030
5170
3612
8440
4788
524
4822
3160
2204
1880
3962
6438
6366
5418
1688
4418
4786
4642
9664
4752
4880
40186
5942
4192
4252
3864
4822
2688
5216
3158
5566
1654
2138
2908
5008
4164
4912
2916
3534
2370
510
5378
4874
7800
2240
5776
3302
4832
638
4126
6830
3878
3936
4140
1532
3576
5486
2936
5998
5038
4210
3674
380
3866
2302
1414298
3960
4226
1966
1136
5626
4846
2846
8640
3596
2798
2834
2342
1778
3780
2300
4428
5284
2910
5314
1608
2460
1606
9622
2248
1136
3240
4626
428
2334
1138
6326
2908
5246
1088
5620
4420
2194
775970
2920
2808
496
931494
3584
4376
2338
1922
2146
1566
7438
340054
2164
588
6740
4142
3734
3760
524946
2674
3390
4922
11064
3158
3176
2160
2206
11790
2570
1456
4604
3942
2138
4390
5738
318
234412
5202
2840
12582
3746
3256
3278
3196
3320
1866
538068
1400
12204
3044
3392
7922
3590
598164
604
4142
1046
3132
2380
4958
3740
3332
3680
3914
29896
917968
3688
360
2184
550
4362
2512
3566
4070
4892
3034
3466
3280
1488
4092
4142
4114
1804
4544
4774
3530
3296
3830
4780
7458
9746
1844
4656
4366
2870
2436
4838
1958
2598
683314
2154
367246
5466
516
3340
2766
1046
4112
4490
6388
39164
5322
179390
3892
3736
970
1318
3236
2824
118806
2726
4354
86156
2730
380
1142
3432
356
633816
854
3376
3150
1672
1474
5562
2620
50160
7622
956
6070
2626
274
3412
1822
2086
974
3030
1856
365692
4086
3872
3032
2208
2978
6370
6774
502
1258
3966
3118
4768
1888
3514
2464
1386
976
2384
3996
2960
604
2476
213012
103768
867964
5614
1188
1346
2376
2860
4740
1858
590830
3348
2782
2370
492
3990
208400
246
2890
2802
2378
2200
3120
486
3608
3010
3262
3456
338
1660
2544
6132
2906
2578
2948
1264
3818
2428
2722
60722
4030
760
3938
3046
362
1610
8296
5168
752
2860
2118
2610
2580
6350
3658
5902
1832
618000
2588
1044
5508
1578
1374
2578
3514
52652
868
2408
772
4338
2534
204224
3324
2234
1906
2306
4026
826
2398
1140
5346
2322
5492
5132
3714
3156
4024
10920
2056
738
187032
2340
358
3052
3816
4504
6342
4224
3610
409128
2454
354372
364
7478
546
117116
1174
3278
262
3502
1312
1874
4550
274
3066
3156
1664
3050
242
4690
3168
4036
1336
3036
6996
7976
4850
11850
414
4560
2196
1374
2894
142616
7920
41782
926
2098
1230
2780
2558
110540
1022
3794
8996
1560
2120
2546
2424
320232
484
3466
3894
1000
1026
240
1864
2382
4962
1254
888
4340
8198
3410
2340
674
4090
2984
4356
5868
1208
684
8676
2196
1816
476
1696
614
196732
422454
2288
256
6044
5058
644
2552
7746
4400
1812
13914
6032
4374
3820
5106
3632
1012
1290
228
4822
7078
5008
3226
2008980
742
658
3070
2778
10196
9806
1928
3434
548
4102
1800
5524
4486
954
258
3864
3802
3990
3452
6244
1352
222
7072
490
3928
2880
7446
1684
620
10162
103680
354
2648
636
3714
2706
1652
4544
3584
301776
1418
234
4060
6770
25600
2536
20498
3380
226
5476
852760
384
2610
9092
1052
2738
476680
2606
4794
1724
6358
2030
3178
1248
1106
3276
1528
262
1950
2386
2994
4252
1404
1286
2262
3662
382
552
240
722
4134
3804
2782
11324
5852
22948
3088
5596
4942
2164
4670
1870
239482
3462
778
3146
2294
470
742106
3976
221716
1360
1460
228
3126
5048
2320
1102
770752
9410
1324
3754
9664
3258
1568
3394
1932
2500
4338
248
614
5770
3930
1812
348
1110
2978
3682
5840
1632
662872
2128
2462
1760
2732
5410
870
252716
8060
497808
4752
650398
2240
1548
2668
2846
2104
4946
992
7232
283032
584
1394
7406
506
1174
2258
3262
4944
4072
8434
3430
7120
10092
4642
5890
4738
1602
6918
1380
6748
1810
3164
1922
2008
1854
4612
4156
2176
2100
2846
1184
792
3864
5828
5580
596
2350
838
4786
586
2204
2782
3456
1736
852
2902
894
2546
1512
55700
918
6026
3478
3762
6240
1016
6124
4082
7516
4440
3434
5378
2878
4210
6248
364
4256
2126
2564
2936
528
5622
4812
2026
4810
258
344
1296
4082
6120
1870
224826
2168
2708
89346
1720
4206
4168
4798
517994
3290
4376
5824
3376
3222
3090
376740
1466
1042
4950
140742
2782
470
6348
4248
4000
3526
648
2890
1946
938
6226
276
90314
1372
2472
3228
2956
2464
4816
4042
1690
732
3526
401808
2290
10434
3982
5334
141222
1624
5938
7458
868
429616
2716
654
1044
2086
4620
2930
1266
5752
4900
4872
3948
2100
676
2646
1596
716
153212
2200
3448
4542
3124
1658
1512
2154
9154
4062
4238
2048
434
664
4466
286826
730
1910
1856
1250
2602
2486
3166
5418
6372
240790
670914
4250
3068
270
12592
16754
1122
4682
734
5750
1254
14088
2138
2908
2238
3674
3270
3338
1642
6244
1106
1948
4990
803852
4748
4694
3206
256
145196
2740
3190
2020
5260
279666
3728
1020
1512
132008
7616
150620
2544
4766
1740
6584
1710
1770
5156
2500
5330
5034
2168
1958
3202
714
1336
3218
2068
7430
25182
4180
2048
3510
230
1418
604
3194
916
1638
3604
2154
3582
2092
860
636
446558
5434
280
3550
2202
2816
620
1544
328268
2438
7030
260
382
722
2662
5956
7808
2752
4422
2278
3436
1466
4388
1104
5378
468
1036
4972
4170
3132
5376
5528
1404
3440
3052
580
3574
4726
254
2400
185346
5028
153576
3684
222
5014
494
2086
2002
3166
2648
3070
1014
2398
2618
43696
1688
1472
1308
1690
4504
1394
5320
486
1274
576
1980
756
1654
5234
3122
2496
2600
2518
1964
4618
3362
3910
1382
4888
620
5296
2448
1360
1476
3120
4088
2534
2296
1122
6634
2466
358
2610
2966
4436
7608
4480
2578
3312
3522
1056
5204
626
2106
3948
2128
1972
3372
2754
4434
994
2588
1450
5938
1522
56462
169802
8116
1836
4936
1614
3694
6514
3366
2428
3614
626
3714
3054
2660
3710
1180
2638
5574
14406
3952
622242
2790
1908
1888
1196
2836
2364
5542
2114
5618
370
694
654
1352
2038
1716
3916
4044
7266
1406
3918
4190
366736
4058
4354
8788
1446
6306
594
1630
2238
1018
2842
664
1718
1780
4054
1808
3842
2046
329662
2352
610
732
7102
1862
4226
3220
252
2370
4442
358
1222
4758
4424
1538
1138
630
7250
652
4288
5184
1464
1606
1308
1682
2362
2376
732042
3434
4130
730
5022
1468
3826
5020
2402
391426
862
2988
1248
826
2524
226
2690
1922
425114
5456
2732
530730
3132
718
4714
3060
675360
3792
2402
6684
9246
4734
5458
250
4308
2226
2280
91880
2062
2274
980
3260
3878
642
3368
2716
526
6566
1296
106284
6854
352
4340
2888
2890
4294
1734
5434
4822
832
2368
3456
417770
2266
1022484
4400
3464
828
1248
1572
5230
2974
592
610
2996
24326
284584
8630
2202
1308
944
4718
2378
1400
663338
8270
423508
2290
924
542
5002
8846
2468
59596
6734
1888
788
1922
8428
810
8944
2746
6894
1564
5442
672
2086
6508
3406
3148
1352
414656
2500
3202
1614
8356
1012
3592
420246
126722
4358
1434032
483414
4944
2132
4152
1652
2510
1354
752
4926
3466
8682
1026
6390
751312
1610
2974
2600
3616
342
4750
3722
1862
1560
1083602
2576
474
4534
2848
352
5400
1654
1686
3602
2528
6490
88020
4096
6018
3424
1302
4006
10740
3414
676
7408
6146
2990
2762
896
7668
1788
1014
7270
3112
7530
5606
2276
618
1514
2272
1416
3008
5298
2788
3382
476
3368
760
6182
762
5838
2240
5178
6516
3300
2560
2346
4436
5502
2792
254
9814
7000
378
157448
372
258
952902
3500
1704
4134
6632
222
2648
5038
4668
2068
3376
673306
5608
2598
3476
2636
5556
1622
5640
274
486
922
900
4060
7394
5730
1898
1320
12046
466
4120
2508
642
2786
1978
4312
9022
1342
36008
12736
3780
1436
3444
2604
5436
422
6176
938
3200
5240
1240
9516
35220
62216
256
1720
1552
1786
6440
3294
3134
2016
3144
3618
522
4164
10914
4106
4104
2380
1746446
6048
5318
2858
6892
242
7658
2676
8350
768
4176
5196
2236
5708
9936
360
2588
3660
1410
3436
1956
5254
1956
3678
7654
6710
2036
6780
6394
2460
2440
260
470250
712952
722
460
3710
5492
912
4724
6870
1718
3342
634
3482
2128
10090
7836
1318
2152
7318
554
2914
5606
12254
2672
6862
5772
1242
593296
1384
2756
6720
5630
3456
3334
832
10714
6042
2532
5398
195378
956
1044
3754
1316
2590
382
4810
229742
5588
2038
7088
163548
3858
304610
14502
508
2866
7036
4904
3978
4748
3990
1130
2328
2890
4300
2630
900
346
664
6782
7822
1350
4822
6670
4748
1424
292464
57356
2640
3886
4058
356
5428
5888
3490
2648
9320
6374
5658
5742
12722
2874
2356
7176
4006
15176
4576
6922
5702
4034
66514
6898
186234
628
235964
9408
8344
1806
5856
522
4634
3212
866
12694
7446
552
417256
2418
6140
6574
3544
2530
712
4666
3530
3514
4752
4112
5614
2668
9100
4710
4172
4402
3824
256
888
522930
2424
1498
5070
2680
4790
1248
3930
5370
2206
4888
928
1896
1216
1794
4456
480
14230
3704
13944
498
4976
9290
79334
3902
1510
4124
3088
906
1231468
3778
6816
5260
5566
5370
116726
2342
5010
2900
1534
6906
3810
3910
3324
4520
3150
1180
464
9968
3988
6730
1412
3370
4706
3262
288
8246
4568
4678
4418
1850
12982
228
2842
3556
3570
10286
2572
5590
8324
3760
3820
4094
7776
97190
5976
3278
2000
2024
2118
4004
724
5996
5434
7456
2874
7510
267992
5250
5718
726
8350
1888
1306
3092
5126
60226
4436
3262
466870
2624
3314
370
3502
92202
3692
2206
3396
2278
1842
4176
3440
3870
3104
662
1324
11086
2976
3996
30140
3018
4936
422
4870
246
676
6624
434
4902
250
213574
487222
6776
2610
4430
4232
5028
1718
508
6918
1788
1724
260
3888
2416
3046
504
3530
3536
9976
7322
1126
5506
522
1430
4148
7114
10128
2560
8916
2890
3338
530
256
4546
73512
5392
870
4226
1686
2912
3908
540
4176
1922
2926
2792
2806
9872
839786
2848
2050
132768
2988
652
5842
3288
5688
3784
1086
520
3512
720
2478
5950
1916
2680
238
6706
2962
480
5444
602
502
8866
3026
1652
3628
3488
1128
4924
3902
5476
874
2922
3248
179724
924
1318
4914
3324
579222
534
4278
282
1074
2120
3586
9820
3708
3826
3116
1654
2834
5622
501330
4978
1508
1486
1816
228
3520
436
3370
6262
4464
538
1782
422
8888
5270
2186
5630
4944
9108
3640
3504
6320
3270
280
2978
248
3068
3946
4524
4910
7902
2782
1468
8048
4100
3584
1232
188376
7408
3122
2082
2028
3922
3028
666
3280
7058
4838
5582
7038
5898
1001746
638640
7240
339852
348312
1262
2476
4734
2460
3416
5284
2768
6590
4396
3300
1756
4444
7038
3610
1602
7426
2474
182990
420
4568
7072
242684
3198
4806
7940
2428
4938
3566
756
6260
1506
2644
4204
1682
2308
234958
792
3546
6140
638
2860
1650
10770
974
1496
4548
1040
1574
2976
8272
2782
8544
612226
7134
4708
2720
435020
1290
1978
1272
2242
4510
2864
3856
1528
1330
3832
2350
2474
3286
330570
3516
4008
740
1942
4176
2444
3884
4194
2574
6356
3426
5082
6318
4348
4082
3228
2090
2234
2776
3598
3940
1532
2082
1722
1856
5962
1190
250
4296
140768
2534
2434
2212
2860
3276
5860
282750
622
888
4852
3026
6716
10048
1174
3436
2598
3962
3826
4180
4422
1624
4642
378
3990
289728
5418
742
3162
4444
3878
5298
7998
593934
494
1648
3268
2840
217110
3794
1844
1998
4320
39916
4166
4598
4162
3524
1402
4878
522
3072
4468
4148
2572
3186
1334
4538
3820
4070
968
1938
2376
2776
3286
2302
4576
3586
4130
3840
4062
2690
622724
4942
2974
56728
5378
1992
4092
1996
3036
2908
9214
2804
337886
4692
3814
5850
2460
2470
2930
1828
3148
6812
4558
1562
275260
1738
4234
5456
4276
972
2474
15196
2468
264
6396
3700
3666
1234228
4176
7252
3032
2040
2236
6422
2134
2954
5214
378144
3956
802
9008
4088
276
6876
3268
3022
2888
2642
2630
2686
243304
4508
2042
2344
1508
356
3654
3562
2578
4656
3914
4056
5224
2838
602
3354
5186
2854
3344
274
2382
8850
2774
2740
634
1966
47700
1452
4568
10034
7238
3476
2778
4298
4354
7980
2710
4168
7322
3954
2842
9806
2286
2978
4146
8800
602
1990
850
2194
802
514
2628
3376
3030
8548
9882
3752
3222
2498
2820
2662
8246
5620
3240
652
862
3812
5622
1488
6194
368
5162
2880
2652
2200
2740
108574
4074
5536
5576
378130
5070
2794
2772
3580
2786
1056
8122
2532
7936
26390
2220
1480
4212
6056
153920
3676
3714
3510
7942
4458
1254
10156
2182
1246
3066
356
3552
4972
5242
5330
8744
888
2492
1186
3124
6202
3270
4612
864
3338
4668
1990
7718
594762
3886
5058
246
8590
5342
5990
4072
6866
4212
794
6170
2786
1122
1484
8394
6028
5904
7932
370
5422
1942
2232
4026
296
4898
1154
11960
4710
1522
1332
5672
424
4878
1020
5026
4000
1884
6460
3378
52664
3010
3860
3504
1428
3888
4444
282
900
7546
8450
2144
672
4202
3228
4970
670
4936
495568
6582
3846
547432
3434
12346
510
4068
10134
4942
388436
770970
7172
2798
1692
3424
1286
3298
3978
6134
8136
8544
2210
3240
4518
8240
5372
3048
1104
3986
616
500936
2042
2562
826
2426
6106
5642
2988
6432
2756
644
11572
2614
401522
3998
1322
4286
761438
754
298
2570
2598
5662
796
12054
240
422
4836
6998
6150
3356
1142
7390
4112
250
31656
1234
2202
3658
12054
7044
736
5002
2776
288872
8126
1552
1682
5492
1098
7776
2820
2284
6330
230
770
1592
3250
608
3642
376
904
9064
6912
3936
2052
4468
3544
2202
2618
2784
3498
2210
3438
3688
3262
5558
1708
1540
846
4940
2694
6274
196314
7810
295990
2066
6368
406
798
5866
3386
146564
608
4700
832
5356
2768
104846
2884
2946
3584
2222
1306
4072
4112
3486
2100
2118
6994
10754
3400
1164
5044
3370
648
2114
7942
2784
329392
6022
15352
2066
3686
7094
2910
171074
3826
1348
2930
3672
2882
2056
714
3380
8440
1478
2222
4514
7076
550
7362
360
6870
486
1992
5208
774
3844
4788
968
1766
302
2782
1796
3118
486
3350
948
2570
7152
3726
4140
1866
2790
2992
734
4778
158628
1180
2270
8296
1306
476
3304
3364
1558
224800
113512
6626
2000
720
460
5948
2510
2266
244
4808
4674
3326
3730
892
1258
9688
10600
8238
360
7208
2788
262
3062
6618
3640
1900
7486
6330
6720
5120
3586
1942
1082
2154
3348
2714
5470
1374
762
5714
246
4576
1798
691712
5104
4442
4464
6690
3766
1972
6152
4120
5114
3056
2684
6634
3604
6700
5402
1084
5258
1478
1712
7828
452
2354
141238
4990
5740
492
54820
5960
5110
274
3644
246
3090
11056
3446
8296
7430
1264
195694
6988
6142
4712
2120
7316
520
4268
321512
771944
482
1616
4296
5156
4316
3510
11456
1298
2842
142890
3484
406746
7442
4816
2678
1350
1808
5364
5292
4716
2336
165224
1966
3884
8056
6522
1452
9034
5296
4020
2344
5108
626
3098
402
4260
836
1994
5514
788
5314
1412
2184
5508
3842
163524
2782
3532
2996
5978
4620
2396
5208
275154
5156
3808
2424
5092
2430
4926
274374
504
2962
666832
2040
1964
3380
6384
2444
5808
576
3818
3812
3656
4518
4836
824
3202
1026816
2278
4154
6194
1128
4384
2280
9540
4538
7198
1406
1888
2126
4954
435302
1862
5842
2138
6712
5334
2634
938
1110
1740
3336
3276
2506
3388
1938
2290
3280
1018
2708
2554
3376
3060
1820
3936
1930
1256
2506
2836
1734
1442
2166
23684
4086
902
4444
7738
4998
2140
484
6134
6142
927782
4376
3008
3472
2574
2860
110742
790
1798
2302
2032
2812
3892
542
117382
1268
6054
308
5464
5272
3560
678
2498
366
3248
2340
1944
4260
2506
1170
1912
1098522
4524
198996
258
2184
2016
3268
3338
1880
250
3250
1358
4694
678
3490
514444
3232
2414
2202
3602
3194
2636
3156
2130
5250
1960
2894
5488
475324
200494
5134
512654
674398
922
7972
752
2216
4328
2974
2548
3294
5292
1142
1642
3746
4612
1224
3656
5774
4176
3778
878438
2010
1538
950
4866
280
6472
2978
4404
4348
490
5882
488
504
3622
3760
2394
3540
6148
4112
1103378
3404
102084
4452
1244
2202
1600
5822
512
5440
1140
7618
2290
1152
2172
4470
2942
685164
2222
7932
294732
272
1376
45598
928
2200
2420
3288
2600
458
6788
5682
1800
9324
754
8050
7194
2832
2930
4798
3154
8218
72466
11790
1286
6614
1760
3272
4676
103008
428170
575338
384
1344
3282
2002
2658
4252
1834
3406
4420
2922
3534
2314
2266
2662
1852
32912
2160
242950
1332
492932
5168
146300
5474
6250
2160
1770
612198
2738
4834
348
3614
3042
6310
1458
2106
4726
7634
4366
1370
444
119538
3770
1708
336002
5234
462
2812
1904
1574
3668
9334
4072
1328
348388
6090
1772
1234
6480
376
4550
3608
306
2890
6504
6816
5504
746
258
558
6662
333128
9504
4904
5020
6930
3482
518
3454
7584
1966
4796
117678
1004
316
4124
2494
2582
1482
420
3874
1938
1898992
2902
3446
2710
4870
6872
2728
5216
2544
1986
5024
1970
2560
2598
3334
2264
6806
484672
5694
3514
1794
4180
1516
2018
240
15478
3544
1360
1266
1372
2866
3098
2324
7236
1624
3160
74678
2838
388
2618
2972
734
2510
1468
6016
6066
5602
1784
6180
2970
6312
5924
2150
3734
2992
3070
5374
4148
3818
4950
566
5102
4560
9030
5150
6256
5620
2380
2076
1994
783188
2196
360
12226
6464
4808
43924
35826
742
7796
6108
530
4268
2462
792
171244
5570
4138
4010
1822
1550
4188
127426
380
7746
2128
4198
986
5268
5120
2822
6126
4172
3474
7970
1098
1225332
1242
3990
2526
7580
6460
7160
14696
2748
226
2094
2196
803602
2520
3224
3240
3790
4982
1898
8720
327660
3598
3796
5292
3476
1854
3114
840
3414
2698
2436
4192
5720
2782
4844
3488
1798
2216
724
544
4784
1892
876
2376
926
709870
1316
3960
6004
1680
6138
2732
3026
1994
2544
4024
4222
5298
4576
5964
3812
2564
4646
4304
6522
602
4344
976
6032
2280
2588
915054
3710
5788
2132
376
2430
3706
2388
8752
8380
5756
4700
4770
1028
4336
1230
4898
3328
1408
9002
2468
7592
1570
6032
312
2242
2422
1742
1900
486072
2698
317968
3522
2014
565258
3812
3714
1930
3038
3132
5396
1110
2448
1908
2160
3222
7430
2226
5124
4242
2130
2174
2570
55898
4596
5690
4656
2252
4550
34068
872
405814
610
4998
3968
1884
4766
3696
4796
5034
9208
141924
2894
644
1264
3794
3446
252
5238
248
856
3336
5210
3072
1954
4888
10034
151948
5254
88136
1390
5308
3002
602
350710
2392
5202
3214
908
1030318
4990
8390
6930
5112
4552
752872
2326
6346
190550
64928
2334
2520
4482
1432
1254
2410
3914
6828
378
4218
3180
718744
6044
1934
1228
2204
4288
7676
9054
3474
600740
6012
3346
6412
2234042
2030
3088
3724
730
532
8434
3060
1098
5810
550530
13130
622
5860
2128
2792
4452
772
6106
230514
9334
452
149456
1368
5892
10488
2644
5408
5356
2176
630
3002
4848
1384
8834
179998
298
1240
4220
2190
8046
4368
4178
488
268
847006
5798
368
2550
5142
422
3840
4704
7224
8692
8974
1602
6704
4078
8560
708
3868
4166
564
1356
6512
7714
6112
3122
1658
3648
2534
5518
3036
1170
3902
47072
2400
2116
5326
178982
7058
1712
3182
3242
252238
498
1902
940
2008
3692
4154
2232
158966
3212
2852
2934
5862
1994
2900
467800
2768
2154
2120
718
4888
1742
266642
16290
5496
3622
3188
2738
2864
2742
204060
6348
6048
10326
4050
5478
3870
3572
2998
2160
528
6076
5244
3958
822
2730
1564
3748
528
3560
4448
502
6528
716
3868
2510
2992
5596
333352
4202
4154
18776
250482
3294
1244
2198
3038
7938
5318
4354
3364
4218
193418
4188
1280806
5522
3720
2356
10126
2478
4830
3472
5514
3648
5528
11268
1184
4676
242
42788
1906
6656
1185466
2852
1998
4152
2510
5154
1896
3384
626
1374
3826
4972
6526
7106
2126
10218
6320
7526
3086
2520
1110
2270
7142
1804
382
5840
3490
1502
522
2712
7098
6624
3838
4484
5558
1826
852
1962
2888
2310
1332
1474
3094
4004
3780
6388
5094
260
3622
5896
2940
5262
1230
4756
4184
932
478
4086
4346
4308
3856
2372
5366
3256
519514
8568
327874
3402
1402
2908
1384
3590
3300
1684
6406
380
1862
5864
3544
4450
1942
7506
7720
1842
1338
219912
3678
2766
7510
2444
1754
4294
6940
2248
2974
2430
5994
130532
2760
428296
222730
2514
3246
3878
4682
62514
10774
4348
6112
2018
388
4380
1382
4294
6050
2036
6214
830
5408
1602
1998
3846
756
2728
1114
3144
4184
1982
5258
808
3128
3304
8004
3530
1978
948
4200
5760
3750
4024
3336
2678
5816
235050
6842
646
750
2782
1960
2452
6234
1344
2774
2948
4898
3718
1694
2436
5420
5992
3756
3586
3174
2426
4434
4196
4126
4110
3282
99210
5488
2436
6732
3104
2348
3858
5462
4404
4538
4318
2648
668
5946
4214
1974
3450
6092
3046
5110
2044
1134
4794
3430
3508
2886
3158
588
4422
532
819986
2562
2946
7552
6746
2334
4306
6516
2120
4962
3496
3326
1636
3396
5492
1918
1836
7068
4714
5106
3160
205502
2068
3016
380
4426
4660
1842
3742
4710
280
3212
510
5092
8490
4176
762
2358
2402
2044
2710
5092
5664
1822444
5482
951298
3772
3470
4990
2622
4352
3038
114790
4390
3730
5666
4336
171366
1556
3864
2148
5604
3124
84916
4406
370
4284
4222
4516
1056
5042
4788
6762
3800
7860
1902
3908
666
228538
1824
3012
4526
2632
208996
3648
2202
2234
6102
4342
870
2098
1220
2698
4916
2608
3246
1642
246
6450
3298
3558
5574
4164
5816
2446
1032
9482
5924
3046
368274
3778
2674
542
1650
5758
2900
3470
3216
2970
2346
3294
4310
7616
11294
5466
169212
652
9006
441154
2114
1754
4496
4090
5266
6554
6810
3544
2052
1194
2516
4676
3464
376
1780
2452
1028
4398
594
3536
3780
1578
3534
2594
2960
6502
560602
3512
860
2838
5180
5486
4206
5378
3372
2524
1468
3522
5134
2756
502074
3684
483782
1200
3358
4026
2556
3200
414510
2780
9628
3496
1218
2988
3294
29492
102168
525084
3402
4234
3120
3020
562
3090
2988
4426
5944
556
3062
2364
31762
1670
2638
5536
1610
174304
518072
3392
3738
4080
245676
1224
4630
856
8472
1700
3710
2194
1263758
2766
514
1010
534586
1638
3320
6152
7034
480
1422
75718
7892
2998
3558
1928
928
3984
638
3408
6460
263770
1496
1466
7078
8018
453826
650
2334
6900
4968
6478
4418
2444
863676
528
5642
4092
1036
73194
932
3886
3384
1690
48330
53078
460534
2062
1322
278212
187474
518
4498
2026
4514
304
3064
248
6522
1156
199518
1242
3116
1144
11170
3362
820
653632
6282
1190
160172
674
4744
7316
10312
438372
1434
3380
302
254
2548
6368
974
1444
792
377488
4222
286
5944
5880
5086
3342
3546
3178
3134
16054
3366
1848
2972
2856
1010
3420
20138
2550
5008
4006
3432
1668
2140
3894
1692
2474
656
79752
2412
358
3294
5416
2776
542
1122
4620
7144
9786
548
5998
252
484
4560
6866
2296
275412
1832
3552
7480
766
3812
1032
2396
2044
1177114
1796
1956
4302
418
1776
5068
528
2222
2126
364
541314
4212
4434
5454
1350
71926
44248
1490
3174
3468
133212
1900
4412
507544
4664
1670
957652
3148
1546
518
3352
288
8026
1468
2896
420
17650
1748
1012
3082
12550
1776
1976
1496
8702
2790
2848
2452
1046
3572
5782
270
1310
4056
486
5982
6162
2582
3606
7316
8886
260
2474
4848
3702
3344
898
6402
1774
5930
2300
4310
604
237662
5808
4304
9954
790
1876
1676
424
5194
4252
3024
3370
4114
3700
1868
1778
652
1040
2204
7872
5412
4300
2386
2956
8690
3776
488
132120
2442
2512
2648
766
2070
332242
3342
1118
5832
6406
7270
8994
272
3696
48880
278
3626
237638
5030
3428
2620
2998
1128
5676
274940
3438
752
1820
5964
1372
77232
4510
286
233384
7880
3140
8296
2504
2654
1248
101324
10442
2128
3906
5968
5264
4290
1712
4928
2550
750
1980
1182
1770
2276
384
5802
4510
1328
3784
360
404
3780
790528
6812
260982
4396
17096
6326
1324
4380
292
3608
5256
3094
3168
2126
5716
3176
3168
4186
4310
2776
426
1908
3708
4588
8152
4094
3316
8470
3444
2280
3228
500910
1686
2126
424
45876
3076
1032472
3974
5728
4248
4278
2512
7150
1044
3346
2954
4686
1480
3552
6450
2722
4176
1838
506
2902
2316
5854
1684
5312
3826
1688
1678
4620
5308
3892
1666
4270
3304
1554
2596
4302
7788
4234
979130
3442
1094
244
7228
8834
842
5816
1966
2902
2636
3528
13410
6494
908
1048
144670
3010
5648
3480
4492
524598
2372
2434
127112
496
4280
7890
1509230
10252
3422
2332
4578
107684
3774
1244
5322
3220
43642
2982
3570
4344
6090
2500
7560
4398
4126
5766
9466
182556
705734
540
762810
1392
2326
4904
1255420
6592
4840
303614
5084
1920
1138
3530
2648
2484
3758
6798
7384
11312
3196
1072
495266
2304
4056
1163696
113626
2578
2010
1212
4964
1156
2854
1966
858
5440
3108
1828
4652
426
2598
257276
2984
2572
500
5152
543886
3934
376
1900
2262
1990
5810
1928
4004
3128
6004
6164
1590
608
2430
5018
3710
7976
1788
5598
3378
5656
2420
78964
3806
620
2498
4600
394934
3902
4222
5164
9168
230
141870
2982
4982
6276
230
5426
8880
6210
3074
6780
14768
3296
4874
3774
1588
364
9670
2506
3098
572
578906
116814
300
8594
3878
5444
398792
1992
4164
1424
2238
6092
1264
5612
7412
362
2248
7636
865688
3656
2830
2094
1906
3994
3892
496
5520
6396
4354
4208
298
2744
296
274
4446
911720
1118
4246
3412
6416
7518
3084
2516
580
356
4052
4190
1364
180692
15594
747420
618
2174
128516
2754
186228
4104
272
4434
3642
2240
4518
482
504
2278
4418
5124
4094
2844
522
302
5546
750408
5796
3582
4520
1954
2118
262
920
477764
380
1156
4258
4486
7148
3630
292
3718
5164
3512
964
2688
4450
422
149462
8668
620246
2700
2862
864
1100
6054
1376
4856
3256
183434
1640
5806
3430
1802
5148
3042
3998
2902
1158
3576
8220
4580
6186
2242
5362
2198
4330
6482
2730
2110
5152
2086
3700
2986
1614
3268
2090
1682
4554
2260
1110
92192
2674
658
2494
3024
504
1548
745246
3880
827798
6388
5266
358564
2332
3264
4464
3746
958
5540
6426
5756
5450
3850
5034
7770
2678
670050
7054
8876
4640
9778
2292
6448
3758
7722
3932
2778
546
818
2522
2044
2712
3910
782
3180
4446
5744
5232
5390
4538
2594
384328
590
39724
357802
161812
1722
2370
4294
3526
3574
2696
1510
17394
5242
5582
3370
882
5242
4480
4076
264
2352
3230
1830
3830
3788
265386
2712
5782
9434
1792046
5888
4210
4948
1348
6938
286
5480
5888
4332
121388
2442
2426
3672
1290
3014
2924
1064
8892
3892
1806
5034
874
3006
4530
5614
726092
1934
3666
5598
3362
790
6436
3078
4116
9628
2636
3322
5356
1066
48026
27564
4998
1537942
5202
381352
242
364
2644
5026
3360
4078
4996
14172
3708
384
4328
5916
4226
380
1950
7680
4712
4092
1278
2640
242
4686
1714
2226
812
286
1882
5130
1784
6296
3002
1538
1972
1826
6300
3368
3220
658
250
7460
2958
256
1340
8888
7216
13790
630
3250
8068
3110
928
1380
8808
4946
6162
3638
7758
434
6578
3862
5702
2862
286
3026
480
4556
7028
254
3892
1184
6752
2904
9900
1128
3906
3876
980
1464
3834
1112
379128
3604
3276
3156
3276
6172
298
3986
3760
11164
3250
2342
477068
11174
250
4626
535644
3064
4888
2594
5244
1262
2020
6660
2270
2636
9150
2296
48214
5558
3146
4414
764
2590
5336
3080
2948
474
8660
1100
3734
3036
6120
1932
3938
10214
3344
6184
5540
6722
4366
2430
6696
14878
3758
2494
5988
2724
3230
256136
7060
1976
2974
8752
6392
4142
3874
6706
298
5980
532
5914
2794
3616
7236
5168
9702
658
376
974
1066
4694
6558
2326
874368
5816
4876
862
2214
5190
4722
378
93428
370
1966
1043254
1536
4612
5094
10122
1312
11174
2330
3238
9788
2646
4796
7384
7150
4486
217884
712
662
270
1218
4428
13572
3280
268576
458
331740
720
2508
4336
330752
4122
3192
376
1942
460654
5172
6738
8108
4602
6198
1192
3504
4182
3236
7026
4746
7922
5512
8372
397848
4256
4944
2788
1128
720
13958
96734
1978
6254
2356
3338
2854
4888
5482
6068
3426
870
616
1320
4932
105318
2148
928
3260
2628
4522
2740
554
5468
805828
3284
268
1134
427228
4700
1076
258
772
2878
3778
5476
3100
2238
1616
1028
397380
1774
540
3982
6370
4218
9892
1612
1806
3034
5220
9408
4706
720
4246
1182
4478
1762
6458
11366
2200
5356
3962
9842
3362
2840
8010
8018
58092
3062
2934
6602
3846
8100
508
5656
3866
4950
3266
6504
2436
3766
270
3570
3356
2164
3262
370
2656
4528
2990
6044
7730
3956
1372
8236
3132
2516
2718
578
2204
644
1370
6486
622
490
5584
4846
1646
7862
5640
4662
4522
3124
2210
2594
2592
6204
2996
8414
3600
633302
3278
7422
2998
1358
6710
3638
712
2858
1224
2724
5212
7472
1584
542
2940
5786
2958
5076
8854
5224
1914
3330
1036302
5422
4066
1846
3484
1874
4662
529920
6138
48996
6210
3712
9680
7006
246746
1252
3948
9536
2154
290686
1063334
529288
2490
1500
3688
838
6846
5578
1368
4216
1980
188242
4302
1950
2870
3412
3156
970424
1660
341098
1924
1958
3166
1134
2194
19744
4878
472
1766
3014
556
130598
1952
7088
5568
4746
1590
4558
83104
836
68830
3886
7808
2926
1584
1318
2492
3094
2072
3696
3848
2604
2206
7620
2392
3066
2908
7116
3926
3868
3586
550
3056
1774
4636
2612
3146
1486
2198
3220
3346
1906
6010
3630
2176
906
1552
3028
1262
26524
3352
424
1578
3020
4984
4822
1048
5666
6616
1772
1744
726
676
4588
4172
3114
4468
2028
5502
469402
490168
504
2046
1188
2150
2690
10778
1432
3856
4150
3322
5230
2986
2936
6142
4558
4014
5356
1508
4568
1642
378
398994
2600
2970
6706
10064
2448
3696
119954
1464
2048
3700
4872
624
1846
2908
356
5820
644
5444
1962
4954
1576
203780
3038
1802
2256
748
3070
725152
974
5342
3974
2688
167446
2668
623966
2128
3924
10904
236
1850
7032
3330
4392
1048
5518
7596
3188
936
3484
1718
5850
628
1408
7788
4220
1550
3298
8410
3148
2058
3006
780
270146
276
337848
3578
4114
3164
1884
2494
1204
2434
2714
10478
3528
3888
4314
4956
3110
1354
6948
244466
7096
3418
1212
3688
672
3496
654
2742
2608
1864
10338
6842
3420
3194
1790
476
2710
1698
5442
4952
316
2742
9536
4694
3990
4762
5330
8938
5774
2044
3320
8894
1888
3524
4470
9562
8104
544
1048
4970
5432
894
4894
774
4088
3698
1706
2528
1856
6932
5352
472
540
2924
5596
5086
959764
5496
5860
6628
376
3642
4094
5184
4900
5566
2322
6026
1994
1088
3680
3218
8548
1020
1562
7070
8458
2092
3696
3698
7908
20478
284
6300
8126
4540
466
432
600
268
3380
1958
3510
173566
2476
270
7238
227582
1078
566
768
638
2934
1140
16976
1468
3072
4934
4768
5842
4000
3684
6588
10250
9828
849064
379846
3548
4666
391586
264
604962
300
1728
496
292
452842
598
296
522
4530
730
238
270
938
1298
596
1482
988
638
206206
902
134524
1004
530
219192
298
252
358
246
438
988
332828
2780
1272
742
480
1508
564
1074
1386
986
19414
1418
272
842
1120
1032
662
624
938
254
266
500
380
1772
664
2820
590
988
1466
1614
260
1916
270
784
1494
242
838
262
508
368
1126
728
268
248
2330
321044
1476
1832
390
538
2126
796
774
7918
294696
1334
246
624
852
698
309716
225808
754
568
944
674
2392
242
1602
416
550
774
384
1260
2096
1954
1124
8798
284
1094
748
846
282
638
886
402
496
195602
1780
224
903718
1100
1078
1332
508
2894
366
1742
566
4362
908
421276
1704
298
296
512462
258996
588
518
362
424
296
1354
1708
640
123414
518
1004
624
498
1030
1908
252
646
820
600
730
2574
380
260
978
390
490
1318
544
296
994
498
506
95468
486
252
256
862
876
595890
384
912
268
1386
467082
1744
512
248
770
936
1326
212202
512
886
553002
416
1188
1118
248
2494
1206
1830
1164
250
1228
803300
1556
618
874
638
1356
1186
8468
104520
3648
388
548
298
1456
764
626
416
514
282
250
3018
3618
3756
764
344922
968
392
55822
1190
706
2956
1426
618
2454
564
272
2388
1602
1464
1220
582
910
1260
448
1468
648
286
276
436
296
638
552902
1738
228534
758
570
298
1408
300214
264
1194
1356
270
484
1070
698
1772
1320
2234
96752
612
820
260
252
268
1272
168160
2028
952
396
1157764
372
2000
1304
171356
2570
1272
149222
2058
932
646
270
248
1096
270
1916
886
296
252
282
3000
254
46270
1832
2538
1036
298
514
720
340810
1314
490
1508
260
320564
288
2642
1926
1234
1804
1052
546
386
492
266
1530
246
2258
298
262
468
1730
256
384
1666
2500
262
518
856
884
888
516
1708
1336
482
362
262
644
1770
876
786
1310
278
900
8368
772
1284
856
1912
648
1110
384
484
1880
1032
258
260
1762
1094
744
524
1082
576520
270
402
914
1394
226
3182
294
943860
1252
3408
1492
952
518
272
682
664
2144
2376
1142
614
902
1856
778
539204
250
296
1878
914
644
268
290
996
254
882
1184
2464
57440
264
490
760
1106
668
260
504
3154
848
774
748
1304
1066
866
948
716
794
624
264
382
446424
356
606
526
2344
764
1714
368
296
418240
376
254808
248
740
2134
896
1400
2156
249610
1016
1029932
530
1780
83672
2136
836
1756
482
735188
160516
758
292
6766
1568
64748
507968
880
514
376
276
484
518
3152
720
1012
1464
282
1616
266
532
676
732
2028
149230
992
266
880
246
294
2052
1024
259608
546
570
506
486
1284
976
780
1000
626
986
654
584
548
648
668
884
882
512
1258
284
288
2872
2358
556
944
3320
758
306
356
750
546
876
294
1208
1120
3626
260
356
670
252
974
270
708
664
374
3686
774818
1702
2892
842
176840
268
988
740
376
360012
1368
1586
542
880
1302
296
3342
1088
258
940
514
1238
758
44992
618
272
872
30918
610230
938
766
4676
766
516
1518
298
744
680
438
402
2552
1508
2298
1060
288
5376
898
236
2206
366
1294
1514
384
1840
506
1190
284
421670
2442
252
716
986
268
300
3048
642
256
2582
107770
1564
410
348
1710
254
666
1608
818
627622
524
394
301130
2296
1630
1315474
888
244
620
14836
1098
1808
530
270
282
476
520
4668
512
786
261270
268
722
480
1124
902
642
1898
296
2324
1400
1044
620
4618
2086
296
2102
302
314904
978
542
650
252
646
1454
1360
718470
2002
624
918
572
896
436
526
260
1392
532
1626
1264
480
382
1254
1276
1928
1012
1586
1138
400
590
1008
742
396
1144
736
356
1246
478
248
237484
560
282
928
595262
670
262
1622
850
358588
700
368
750
250
606
560
933964
1660
1510
1170
2890
1154
278
1096
500
1168
1144482
384
509262
380
1340
370
173756
116612
788
410
40358
534
1316
3088
262
270
538
402
626
292
1340
1410
1812
1908
1486
1094
364
1762
264
978
254
248
246
936
962
276
1384
1230
264
1334
262
236
1392
84616
656
628
636
1108
1016
1252
1308
562
470148
1708
886
888
614
962
270
244
904
370
988
386
112362
2300
63974
434
1036
384
1178
370
292
1636
1470
522
740
258
1254
242
2106
910
376
153726
640
534
268
1620
290
2174
1234
396
498030
1448
256
534
496
1084
1332
1018
572
3888
352
970
662
366
1674
2808
348
388
876
3880
1269808
1408
756
816
486
382
242
274
306
1014
540
760
878
262
682
1080
89202
632
258
380
976
1420
524
427892
1334
390
2542
274
1542
2978
248
486410
498
976
248
316364
258
508
562
1216
2204
628
256
1844
258
592
1484
492
372
1120
906
363906
2328
244
1518
85646
716514
1264
736
636
260
300
744
658
260
300
266
396
1276
876
482
1378
961854
1560946
394
1352
488
990
844
628
520
2108
1802
1882
3276
170076
886
866
2330
310
1734
2058
3742
508
684
306
80788
600
254
632
2670
816
1846
296
1266
570
786
2314
638
814
612
1376
1208
2414
692
2290
1258
1834
294
484
672
6190
1810
928
232
270
1272
392
758
242
3352
1524
488
1688172
510
756
234
366
373522
230
1702
2430
1880
3142
8304
1046
258
1366
262
708
1582
4080
1372
1702
659144
1260
1260
80740
2214
640
1010
284
270
350
1116
2106
250
488
728
792
620
286
256
258
524
1394
51042
494
974
296
168370
242
736
488
232
672
488
856
4802
5414
5500
2118
2458
6934
2582
4074
5916
3206
242
2478
5364
5084
4702
1646
8164
9598
4782
9192
3006
1231674
2432
6550
3012
2786
2262
6718
2110
4262
7210
2468
5288
5434
1322
5426
4080
6406
2798
4336
3562
4776
6636
5418
3150
3396
7246
1956
2546
22630
4146
4616
2286
1906
2560
4026
450628
129258
2234
38482
5440
1686
4094
4380
854
5020
3988
4028
2598
756
278
2372
1636
9116
2416
4562
158370
2892
6488
3400
4668
3500
1268
986
5394
6624
99368
496
2794
789358
3114
2968
348
372
1968
101570
3988
1738
2954
2588
73760
3206
2086
5314
4288
5596
368
590
3624
3788
5704
7080
3518
6378
6724
4434
6132
2512
1414
2722
4576
1402
5858
2272
3198
1260
7352
7614
3940
268
5108
6368
1522
6490
6380
2962
6532
1246
734
2528
3702
2066
2892
3808
2362
3112
5654
680
296522
1552
4128
3022
1066
10950
2694
5084
1762
630
2504
4330
189374
1746
2376
2200
1422
1508
5426
2844
20652
3174
1170
4930
1982
3592
8202
2044
2698
4350
6064
2246
1988
4808
266
1244
3904
10894
11466
1672
1850
3430
256
2130
1432
1363000
4526
1202
5944
3410
5144
4910
2890
2682
3908
8138
3398
384
3260
1032
5414
295718
2092
6686
4102
572400
1828
2528
3356
4676
4342
3430
968
4344
1412
5696
2082
1616
748
3306
2428
1108
1330
9504
1246
234
3486
1942
1560
3630
4060
7272
4534
3410
1948
1740
2542
3780
2478
2392
2156
1248
494
724
7894
2516
1788
3336
2818
6542
6172
4348
470
4562
1474
3568
1600
2644
1630
5688
9122
124808
7582
4762
3824
4302
1070
79714
5498
415512
1630
4076
2770
834720
2656
234
2688
3526
2321872
534
2276
3412
6330
2148
2204
853430
5206
766
5240
10980
3276
3018
6718
8004
520
3980
1580
3992
2062
8976
5242
2900
1618
9518
2376
7656
250
804
1268
1478
1658
5012
8728
3834
2114
1936
4748
4126
2680
3412
1694
4292
930
946
190692
1712
3092
276
8260
6322
4872
382
2826
5066
232
8398
1348
4002
3020
3388
1764
878
3616
4914
15448
2574
1022
6360
494
4934
3626
1740
2672
5140
1308
356
423508
2278
2242
6548
3592
2704
268
4588
3512
248
6976
221262
3484
411552
5694
2806
1208
3824
1676
421170
2676
4034
5792
2042
5610
3492
6228
3526
2298
4294
4356
149050
3640
6850
4838
7008
7144
8162
88794
3160
522
1628
6792
3494
2834
2610
3542
5712
2326
30318
4232
1870
3080
3626
1806
4012
6612
474
190658
260984
522526
609774
4104
4184
3168
9732
1024
2516
3938
5548
18680
2280
1812
7604
350
3020
514
504
2978
2580
712888
7990
6704
600
3418
1444
1498
3996
3616
2908
3148
3572
1870
4540
13202
1276
3066
2810
3592
10886
2670
1738
34096
4326
3498
11370
650816
2242
362
2250
4426
5482
7058
790314
8546
2304
82500
3300
1162
5804
590
2274
5734
6124
636
504
7520
8170
8216
1680
6622
250
2606
724
3456
4202
5144
2530
4482
2688
1568
468
4028
4604
2838
916
2866
1966
2206
9168
36536
3990
254106
2658
3086
2868
5034
11426
3718
103970
5084
5926
1948
2512
1246
7872
5070
2184
691236
4152
4130
4302
1692
2904
1396
382
2692
3506
7078
512388
3258
4452
2568
662
3756
5032
4936
4728
2374
420
3008
5930
4686
584
75368
3332
390
7874
4174
970
7460
1716
3184
4568
4076
3778
519424
984
1998
1682
3848
3350
3816
3100
4990
5124
5744
3220
44204
3118
6124
4274
189088
3190
5482
4700
4440
5312
2370
368
7252
478
3288
4786
12130
4204
7656
1542
3272
6148
600
3756
4810
5176
2986
7536
4092
2292
6504
8488
3152
1670
1020
3890
3214
1100
1922
1414
2216
518
3580
586
1452
1262
2050
4878
1084
470
6326
331040
1702
8124
958
8402
3016
222168
974
4526
5710
5244
3828
7552
3904
2292
1970
1346
3480
4660
4314
358
364
2744
4388
5884
51796
7222
6156
368
1480
4976
6740
10462
498
4702
230
4632
4534
6738
252
240442
145054
9614
1646
8452
1584
1678
2668
12110
5056
7282
3280
2198
3018
3396
3640
514
5606
4116
5538
2652
5196
2250
4472
4272
3156
641906
4678
5538
342812
5314
1632020
5448
7338
13322
3264
1842
1502
8846
7386
634
3962
1432
7940
3122
7458
2052
2196
5292
5082
10524
4962
5352
2598
1386
476
3946
68176
9518
850
6282
426
2952
3218
8652
3856
946
72114
7146
2724
596
3030
3850
2156
248550
13208
390758
3464
36056
2698
258696
546
3718
1610
366
348
5902
740
6316
4060
1838
3614
3280
468094
5924
6990
1232
3760
94286
574
2786
2068
2020
2590
140772
6276
6390
277094
8582
8552
3576
1550
4534
492
1828
4800
4948
1532
3960
4316
7780
181308
9792
3080
4198
3838
2154
115132
3536
6514
2992
167398
581350
4890
4184
430
5890
1302
3180
3630
1076
4160
8312
8528
6856
2218
3646
6448
3984
3944
124456
100854
726
101510
592
33360
372
4562
810
1750
662
268092
3048
4806
5966
3172
1020
5976
4224
5002
3882
7946
1464
5196
2814
6324
264
5696
2506
3446
420
318460
420470
1448
3732
3232
4586
4342
1236
119208
4774
1936
6834
616
30036
3498
5874
1898
4082
2822
111530
7000
822
90014
3080
285120
1202
4782
2602
422136
7274
1548
1025874
5958
451288
3710
3868
3426
9714
5920
4408
3708
1758
232
2946
235028
3262
4196
2938
4330
550486
3546
1942
2614
5584
4936
5176
4008
2988
2190
5946
4362
1722
3298
7564
1746
4466
3938
3920
5786
2128
276888
2248
1960
3836
3812
2624
2278
2788
2588
293914
2366
2246
91362
5072
3618
6252
3786
15358
10872
3324
2656
676
3920
5746
4804
2864
3978
2768
4046
498
1762
4132
2844
2792
1614
1328
1018
5648
4604
1788
2074
4306
1226
3682
382
8270
552
3988
866
1282
1542
1640
1928
4932
2758
5160
2016
1381628
4366
7772
2210
5892
4412
1704
974
2052
206190
3400
3242
1396
1266
4840
6368
5162
554
3140
630
4024
5006
2378
5054
1098
7096
393678
1580
4306
3886
728
4096
6084
4014
4454
3284
5408
3844
3676
4438
5476
8442
2090
7548
330
5426
5220
3358
40058
1700
4238
3394
3196
4912
4112
1454
1942
5026
1080
4718
2496
5516
4098
3786
5092
3580
1596
2728
5094
1862
4520
4246
3704
1132
3508
4526
480
3068
7460
5208
4944
2030
1536
2208
636
2284
524
3402
3100
1024
7208
1930
3780
5756
5782
1738
1414246
2782
4622
5140
728
3766
2570
6548
556
2510
2528
3678
3062
6280
2622
2102
5468
2282
2240
3346
3420
522
5270
2354
4838
14408
5886
4374
1424
2700
6802
2456
1444
3832
2452
514
783178
4110
3780
926992
2158
3834
1582
6062
8080
434
343092
3418
740
3670
1910
4184
5000
514426
532
7016
3190
5100
3130
520
4760
5224
1526
2854
6410
1370
6128
7496
3818
4218
2690
5698
12306
233804
2164
4466
780
1012
2804
2228
5344
4980
742
2016
2656
537016
4244
3250
1492
1196
1268
470
1834
3384
546
2876
428
5810
596094
4088
8728
3028
3878
1044
1852
270
2466
3944
5256
29924
7640
913320
8798
4594
5098
3242
4318
3066
4046
3300
2002
1926
2104
7210
4214
1442
2342
722
2502
4028
2866
3264
3078
4852
2246
282
974
5174
500
1876
8418
6522
3458
2818
5230
682662
1898
1770
1358
367564
5508
374
2468
6328
1590
288
8272
46596
592712
1246
3104
3002
426
5526
2360
217382
3084
1332
112436
4156
1180
3350
2176
3342
1644
3562
4758
958
8262
6350
1858
7620
8084
632
1952
1112
3162
140904
270892
3874
5270
2230
2768
4028
4390
868
7626
7326
5366
4324
3704
3652
3196
1088
5724
3680
4632
1960
5428
2322
6502
201296
5992
1178
4640
2812
1228
4072
829706
5424
424
5018
2976
2778
4150
3952
3126
380
3040
2992
262
4268
118742
5524
3882
3710
2200
3078
615038
3966
6634
571396
2068
2102
84190
2524
4546
3086
2884
1862
4112
5370
3076
218170
5244
3722
5088
430
2492
3520
2650
3138
4474
6358
2336
3454
1778
2448
672
862530
5008
2168
3916
2312
5134
284
1602
2576
239784
6360
3974
8690
4100
6276
1758
1060
6016
2300
2938
4270
4206
4020
3732
2712
3752
5804
4688
3710
2958
3962
3188
311006
59692
9830
4982
1674
3200
8000
2032
7492
3466
3068
1704
4122
5274
2182
3388
5932
57058
3276
672
3040
5582
345600
2772
3230
3300
2538
1428
8168
3140
1972
5416
3598
1736
1930
6284
528
2802
6488
3956
422
508
4182
5590
432
3144
5788
3352
4040
566
6048
1676
3656
5032
1862
7126
3634
4302
8780
54546
3048
386
2892
12718
8522
4576
3540
1018
1320
4366
10464
3042
5346
1670
2530
644
2264
4996
3852
9662
3710
4230
5940
2700
856
659184
3372
6742
3860
728
3250
5506
5640
6952
768
4288
1684
12912
1914
2672
3358
3900
4786
426
5362
5800
3570
33834
3590
2506
2194
2404
2788
3900
2250
286
3076
5386
3152
4134
5072
334722
12652
3968
10626
2566
91456
8416
5026
1390
3044
5014
7394
3860
553464
1126
4720
7758
2516
2362
2490
1048
4808
3222
4958
6366
7126
3274
3848
3250
2102
2902
5542
2004
3656
2916
1416
2444
3192
161930
3160
453076
9322
250
253436
3076
7948
4106
3316
1696
4534
5636
522
4866
4932
424
32050
2078
1384
1442
5072
5050
2294
1824
2358
10428
3422
4062
331800
1676
2420
4736
25548
586356
5750
1686
684
3726
750
4298
7762
701232
598318
3158
2848
3438
1256
6004
1430
488372
4628
4982
500
1512
2690
2906
530
4594
2608
636
3776
4956
4516
10600
468176
5892
520
7252
4974
4218
5736
2738
3166
3464
1984
2248
2340
4216
3910
2114
4258
664
5100
3700
1682
2278
2874
6478
748
1317936
8640
4110
5280
2238
3468
1014
8314
2194
512
2246
2218
2892
5554
4906
6808
2342
6884
1110
576
8568
196598
3276
2348
6348
6426
808
3016
2164
6774
2720
4154
4840
1208
3932
3038
580
382
3438
262888
6012
4090
4514
3214
3302
254
3144
3664
3162
505584
498
343704
2374
3720
275792
178994
5230
4390
4646
6354
4590
650
8668
9308
3048
934
374522
3610
3072
3824
972
4200
1500
3830
4180
2376
2954
1504
2226
2126
2528
3180
602
2796
5494
6092
1370
5906
5490
1842
6734
1932
2316
6472
2960
2276
5222
3034
4360
2000
622
3108
8180
4306
3064
2538
5218
2534
4750
5214
1950
6100
3314
2900
2736
7388
492
254214
3608
1680
1796
4236
2324
2434
3284
5016
632
573780
3226
2076
489698
122816
4106
2868
2362
3746
3982
4562
3560
3040
2584
5712
6570
8476
2304
896
2444
3044
2360
91068
155950
879830
4974
1730
2778
5466
2128
308192
159378
5708
4888
5644
2456
1542
6318
4234
2880
1300
4836
5084
2822
4320
3446
6186
4122
4786
4110
2202
4490
3170
3466
7316
634
3960
67914
2664
6432
2636
6814
3724
424
7280
2954
4496
8364
720
387088
1484
5648
3436
1696
2496
1828
1688
290
2112
2386
6444
3152
546
2326
2674914
3330
1958
3230
3876
4902
3586
3798
1778
486
1174
1656
3262
361434
5320
512
2358
4138
508
2404
636
3596
2596
1948
71782
241610
2710
3256
4152
1736
6914
3480
890
5760
3428
5656
3458
630
3406
6514
2404
5412
1444
5916
4116
2784
4548
5078
5848
3762
5790
3320
3964
430
435660
4160
3750
4038
3978
1946
1418
7264
3860
4098
9932
7906
6490
1386
1090026
389204
2578
3798
6596
989104
4334
129486
778
1014
1876
4804
2922
7898
2250
2206
4762
3526
4184
3866
1248
730
482
2360
2106
2432
86768
2516
4176
1350
5014
1190
94336
4346
424
9454
6088
195402
2166
5446
2450
5192
4260
2562
73118
1414
2088
1400
3254
5012
176818
2100
3020
3752
497128
3788
3232
3784
123934
5828
5636
6766
5562
4012
3364
2934
5354
4452
1184
2884
608
1634
2956
2748
5310
3356
1254
452334
1982
4296
3822
168230
5450
4082
3572
1056
3396
5832
7282
5126
5198
4658
972
1636
3736
1914
926
2336
3548
4244
1403188
4014
426
1226
4780
3752
7650
4922
331884
1506
362
1882
3296
35876
3900
386
224024
3492
4216
6644
3434
3202
3392
5544
2870
422
3290
7030
5840
7216
8138
4566
382
3750
6262
3502
6548
5514
7362
8530
1898
4534
8676
916
234
678996
2472
2934
624
3632
2032
558
3678
4384
1322
3380
3958
4448
3652
8812
80242
1896
3578
1598
4854
512
2162
5252
5374
109886
7684
3320
4096
4124
3564
2552
1694
6488
2656
418118
1902
1025912
4338
4486
1316
1056
6754
2442
32912
2308
285962
1454
426
244
656
2960
2236
4014
1390
3944
2062
667196
433382
9844
6040
3566
1960
53528
3164
5410
5472
2522
1138
5356
2284
3050
2746
372
5358
1580
478
6708
1672
1742
4696
2144
2316
418060
2526
2844
3392
1116
6118
1772
224
1016
540732
9722
1444
1428530
2502
2108
1222
471320
4010
2518
2932
4406
3786
7014
4322
2168
6160
7014
753766
4138
3630
1514
364
3622
1142
1420
1950
1085536
1474
3194
4078
5042
5408
2740
2592
444
177608
2826
420
1940
4814
1310
852
1848
3046
121192
2754
83342
4176
4102
1562
639578
5270
5734
1226
5306
2216
46920
3510
1848
246
6834
4206
5732
1260
1454
244
12866
3540
364240
1934
238
1116
3202
1890
1834
422
5586
4144
1036
2260
3168
244
1000
2794
726
2066
1472
6318
1774
274
4678
3782
2028
1426
210018
384
95328
1546
868210
2244
8206
2646
2576
1270
368
1944
3062
590522
2346
3228
3170
2106
207874
3568
2438
2072
2738
4872
4570
3190
1068
7030
4232
242
1090
1812
5074
6220
8062
3594
1134
3044
50606
3262
5012
5310
4182
6040
374
3692
860
6234
2694
4320
1338
2170
5570
3508
250
7250
618120
3084
1308
4500
1880
2368
53472
4336
1952
1006
2236
207648
234
4130
1624
2164
1568
5668
1694
2262
266
3366
3308
1238
598
3156
500
3648
1914
3632
2000
2396
2626
6550
180576
4394
4096
1104
4852
386
3212
1310
1954
5684
1530
414710
248
348488
7496
5530
118190
3128
4910
1610
2188
2546
576
4400
382
1460
1824
3008
3490
1816
4980
2366
4424
1206
11630
2598
1162
5424
4250
720
286
2730
4646
5114
1442
142294
3498
220
368
1112
4114
1260
3536
8174
852
2334
3656
4744
3710
836
1652
48792
6156
3690
114346
7136
4704
1094
2818
1934
3190
5152
1832
2088
316244
5798
3036
582
8174
2458
5076
4604
3854
950
5434
726
818
2636
1204
9640
3152
4204
238
996
8690
720
10694
187854
16606
414748
718
5628
2874
9716
5366
4496
622
3798
6386
288
272
1298
3304
3256
648
2782
7086
338
3430
3740
4158
5158
450
966
4198
2608
2256
642
1998840
658
12202
2576
2876
1856
886
3878
3778
358
3498
2452
1784
638
1012
6048
5494
3068
866
5702
4256
6534
8524
1050
5722
2588
4122
226
3372
8590
3020
2128
104954
4238
6414
2848
4836
300570
7938
1018
5990
290
4186
24464
2878
1480
1120
3746
1744
1364
2546
5284
762
492
851098
4802
3330
636
4150
6276
1732
473328
1802
2900
6980
3022
342
2812
2860
354
7966
622
1618
6764
3056
2290
3184
3722
3880
1862
2148
10662
2732
4726
3154
862
2006
5286
22336
3190
3022
1266
3276
3184
6138
3248
1368
230470
898
7232
2832
2556
749866
225362
3386
3468
2882
782
3672
796
759766
1984
6638
1704
2672
4392
3342
3086
1914
9416
5274
2344
610
5792
2026
2640
5112
1416
4256
4196
384
4428
666476
3070
2098
1086
1748
684
255110
2336
332
499974
2328
650664
2588
3462
1356
2478
352
2642
1386
1312
5804
2064
288456
2102
560
8358
2996
3302
5180
4708
628
4022
4080
2830
2664
872
5934
832
2596
3292
4750
1228
5470
2194
4444
5534
2106
5586
248
5178
2924
3270
4780
6242
3910
1492
2880
586
3196
1774
1200
620
3890
4416
222
2418
2598
3110
4618
4712
57768
1194
2150
4496
4608
872
4358
962
4572
748
2706
3884
3460
1828
1750
2002
2928
1572
7146
4234
1794
5656
3044
420
1378
5562
2854
3608
11102
3390
4558
2478
219314
2290
6792
3198
2848
89442
2918
2586
1270
2070
519926
2390
2860
1040
2454
3668
8782
379316
1630
5196
1390
140878
4562
478
1014
4246
3192
958
372
6350
2018
3612
2448
98172
3924
1312
2236
3454
1070
2614
1988
6730
3084
404920
1198
4784
4502
748
1522
370
137742
2908
1232
1896
492
438606
664
3546
5816
4116
4676
1304
2806
4582
1550
4786
3878
356
5980
4280
1980
147248
2912
1678
4192
486
2538
13006
368
5886
2510
724
2752
7528
2170
289350
1826
2330
1718
2754
1980
7302
6168
3580
233504
2798
866
976
660858
3112
616
4322
5712
1400
1016
2544
1486
3984
682
1368
682
4496
930
6214
18048
2200
3802
18160
3066
3768
7230
3812
807294
2382
2952
149924
3344
3278
14912
286120
500
3630
2316
2302
129150
7038
3512
145038
4448
4002
3420
1928
366
4838
4398
3030
5706
222
2338
1722
2450
6520
4504
3268
2454
2422
2480
4632
22120
5196
2110
7152
1616
3482
4058
5282
3910
3506
2122
3970
450268
3416
1088
6968
6346
7240
588
275636
44530
3448
4320
664
3708
1136
380
2798
3776
346
2186
2066
2698
1626
3428
4340
6998
6524
1404
4774
1814
4356
360
3000
1096
3028
4042
3322
7726
3222
7700
1316
183880
3384
2390
148150
3474
5042
4290
2532
2654
4914
1458
6382
3750
36092
4456
2068
7366
2532
7308
8928
4106
2422
2560
2274
3308
1862
2522
2296
3252
1514
2012
4388
2756
3964
6072
1434
1674
1086
2534
4836
7140
6732
454
4788
4886
3820
3386
2762
7972
722
2826
3926
4104
2308
4426
5526
4724
1508
1848
4874
2116
3966
3298
4634
2580
2156
1608
62010
167286
5448
3484
4740
250
5790
614
3108
4268
2010
5940
5868
4448
2498
12528
3252
14948
4936
244
620040
1684
1966
6252
2434
3192
856
8316
828
746
5012
6072
1428
2420
5278
4342
724
382
4082
1620
2140
842
1430
362914
4118
4032
3206
974
780
1710
2496
424
6780
5492
3000
4610
2114
2552
1116
1464
2206
328716
1940
8058
592
1442
1592
1334
3682
5514
2868
1810
9742
7324
1514
7314
3428
5792
3862
2552
1368
1442
1570
6502
1638
318560
1340
411240
3964
3778
1238
5760
4774
4636
390272
6306
9244
4180
2890
420472
5354
264
366
1932
530652
2186
3436
55228
3638
3870
4000
7598
3450
5534
5018
7456
5524
5718
4342
5916
2430
1226
4548
1878
2378
3178
4492
1018
3330
6418
6802
740
2870
5654
72172
1154
5370
180348
5074
238500
514
358
3674
1092
5418
12198
3458
7626
1018
322
3552
638
264
7866
405810
316
1932
5710
8576
1568
3690
4282
5706
2214
3454
4644
264
3524
4568
8232
2426
866
1550
258
5252
1014
3668
3076
6144
518328
5224
6696
4330
4548
7270
5400
230
3578
2274
4576
6376
9824
7924
1718
3452
5100
3882
1110
1532
1156
2222
8358
1510
380
3354
370
77398
3864
2214
2472
1958
1229688
4316
5036
7656
4412
3568
119158
5818
972
3102
4070
5068
1370
2302
2208
890
3674
3526
2990
2020
4784
2060
3520
3176
5228
5150
2730
5260
1268
3770
6804
1018
552
2540
3230
1588
636
4270
3992
5484
4994
2864
3796
3696
1358
830
7902
658
4406
1558
4682
1244
2086
4172
4628
99182
1502
502
3426
4954
1260
3126
4734
5114
2404
2958
5590
7696
2670
332
272872
546
3536
9536
1784
5330
4354
3226
3180
63930
4562
468444
3760
3850
4492
7320
91348
1326
1842
2052
1748
6826
4098
4666
3734
8892
1456
6914
6410
5026
914
626
25456
1648
4890
9306
5696
646
219408
435124
52116
5222
2286
4678
4562
5080
4786
13708
1878
2250
4100
4360
3888
5040
5514
4878
5484
8554
5362
1360
4648
872
1640
7658
1110
3144
5236
7386
77192
3258
3584
4310
2116
5958
5614
1750
6244
4560
2500
1106
6136
552
832110
1584
3216
6596
110582
14396
6862
4592
2510
4824
612
5872
2794
5582
972
5300
2930
4820
3962
6350
360
2808
7268
1024
9518
292
1746
378
2292
3250
4580
2190
5376
4380
1834
578
4492
2422
290
2602
1984
1100
177358
3488
585600
8776
3436
4778
494
3818
4424
2764
5710
1808
10816
294
495468
6830
4974
5082
2434
1024
4542
4924
4262
1268
9832
948
2048
2818
4044
4650
5080
8846
2688
3250
1588
3164
3346
6662
4906
260
2238
6976
3296
3424
538
2532
4638
368
1956
3056
2708
5650
183814
2864
2622
2536
6770
4724
7592
3010
2944
3242
3976
6924
1003976
639572
4384
910
5054
338858
345352
4730
2364
882
3374
2264
3094
3850
5014
6270
284
3564
3564
6594
1986
3094
6798
512
284
3130
189810
250
4332
1654
241524
3934
3756
5132
362
2388
1554
4144
4958
3542
2444
3360
3186
2126
1818
230870
4062
2558
5048
3682
4068
1036
756
3706
4528
2644
1248
1324
2726
2538
3722
3366
1858
4224
607328
2148
3624
4230
439784
2356
4260
3054
4610
1720
4970
6072
2726
3264
3886
328944
2206
6052
4662
256
2416
246
2544
4138
770
3796
2434
2802
4774
3072
532
3432
5814
2976
4696
6252
3996
3338
5720
3804
7440
2152
2728
6318
710
145914
3140
3230
5656
2758
6654
3602
278158
8060
6596
778
6340
3474
4176
9598
3844
2314
1146
5624
5342
1870
384
3716
3434
10244
276
288592
5766
4022
2496
2926
8042
2958
156990
442932
3692
3602
9640
496
207812
3920
4280
2398
2372
40654
4110
4314
3618
2624
3790
3140
6164
4254
3088
5292
2130
1862
2472
4008
2884
4204
2038
4574
8460
4004
2644
1986
3042
3912
2710
968
5850
621118
4040
5744
2990
50546
3966
3992
3768
8086
1782
3364
1144
954
2504
1672
332364
4304
2772
7746
1380
3544
2282
3630
3126
5068
3222
5986
214724
56732
3598
3018
490
2416
1950
1796
10232
3826
9104
4014
2622
628
1880
3610
4752
1236312
3810
1578
3572
2688
3346
7036
1664
3276
3550
383152
7476
1478
2392
5978
2624
2724
6500
2548
3802
4492
242958
4500
658
3560
2728
1436
4120
362
3212
2074
4618
3430
3472
286
4770
12610
5882
3284
3636
3342
4974
554
1570
2884
5316
46056
5812
7180
274
908
4032
3546
3306
2854
2534
4206
272
6078
4510
802
2822
7004
2174
6884
2020
1416
1738
3390
5598
3036
7440
2748
4388
5246
1084
4298
4932
2718
2694
2562
7512
2562
2532
962
2380
6624
3910
2000
1166
6288
508
2978
3262
4060
3716
2782
109638
5210
2898
383770
2260
1222
8800
3402
2882
2028
1640
6890
4474
20370
2848
1494
3616
2438
3660
145694
2022
484
280
4970
3334
2440
1160
1740
10764
1514
4230
3804
2316
3930
3276
5530
6680
772
922
6340
4346
3370
3378
3226
4132
2330
2488
244
1738
5400
7836
2790
3026
4232
6262
5944
600
7992
2658
2304
2726
2854
55346
3074
4666
3978
6596
2338
10272
1138
7128
290
2508
5030
4252
4440
1120
6122
7066
274
493860
3512
553066
3840
286
1762
5272
248
4132
756
716
534
3072
2510
1046
386504
828
765630
4974
1468
2460
726
1850
2616
2926
4628
6470
3158
744
374
1496
3256
5606
85298
2986
6080
382
9158
838
2950
1224
10668
5234
3318
2198
3320
4980
1674
8730
7138
6576
4462
1412
956
13372
5288
3410
3360
2478
6252
7522
10488
730
3278
4750
3840
5190
4096
5376
4792
4762
1230
2492
8650
2082
3966
1444
162380
954608
4730
878
1300
4202
502
3714
3328
6688
4070
3482
358
4788
2520
679662
6482
9936
4566
540
5330
390
11496
2566
818
2456
3738
4680
4122
2836
1306
5722
2098
4288
2958
2554
4796
3392
2488
34296
3268
922
12722
1144
4108
3408
2096
740
6214
6350
4342
3542
2002
2958
474
4338
34246
55164
3242
6574
4544
6410
4466
2178
4100
2972
6352
6498
366
256
4154
3326
4218
1749314
2860
1026
2836
2930
2542
2156
5588
4678
5888
2530
4622
244
3716
8998
6916
4232
514
2472
9722
4772
3932
5162
2828
2316
3434
642
3780
4574
632
2266
1350
2994
1876
8490
1191018
4974
6694
4844
2376
2098
4292
5628
1360
3300
922
2222
1628
3098
5402
6118
8384
2310
4272
1032
970
2224
3606
2090
542
1754
10232
593318
1406
5912
4796
3432
2316
2936
384
1222
4346
3250
4462
194062
6232
2530
7972
226916
3626
7904
4014
171700
3040
388
956
303956
924
1060
4104
3078
4476
1358
4910
6018
4708
5606
4178
4644
6768
15524
1278
4252
5340
4670
536
1932
280
297722
274648
4372
2770
2466
1766
3738
4196
278070
5502
1824
667422
1868
2652
6590
2130
4084
4664
5426
2686
1864
372
5112
5180
5070
1027144
3110
2960
3712
3322
4296
3096
738
970
7888
3242
370
1750
4098
1808
1340
5370
436286
10206
2752
5344
1402
2790
10054
2376
2132
972
3292
2136
1296
2374
5360
7516
3622
4098
5056
2620
5844
3692
1746
4876
3660
3446
2434
21924
1912
2346
6662
2904
384
490
1528
5530
1850
3666
5292
934626
2438
504
4220
3594
1892
114596
1470
2082
1742
5918
69424
52914
2438
5076
1398
2990
5388
5728
2302
8302
2670
2422
8068
5280
1089508
2376
654
4554
386
191660
6102
2120
3624
4082
2444
7962
420
1492
2764
3886
519882
3748
3420
2990
5448
4564
3876
518
4488
3500
6444
2362
477416
4034
184902
428
1212
366
2944
538
1188652
5874
738
12958
356
3624
4506
2330
3280
7610
2590
4414
1510
4218
256
2472
3550
4218
873086
1016
3434
1652
3078
2600
6966
5378
4344
1972
7512
738
8706
2322
3744
6334
4974
6140
2556
674
1103064
2508
2568
99004
8336
3552
2086
262
7578
9952
282
7988
2242
3430
691958
2282
780
295466
47202
8472
2304
7136
8728
7152
4892
1492
4980
1482
610
3078
7634
3966
3838
7040
4062
1330
4368
79888
1188
3900
4100
3874
2500
3904
99868
1922
970
1000830
9372
2588
4112
2874
2042
5010
2322
4576
3396
4700
382
5066
6390
2354
37934
242188
4696
497306
2962
143312
1518
852
380
4040
7550
616714
5214
5244
3652
12380
5108
4588
2996
882
4000
6316
3486
111256
1014
5664
2560
1894
884
325696
2218
5902
1240
1192
1730
2766
494
4694
5562
2194
340328
2102
718
7998
496
4118
1146
2000
4446
3638
736
1862
634
4622
1152
7414
2604
2924
329226
3262
1018
5116
4244
894
7240
6488
4724
4140
832
6252
2742
118442
7016
7258
2064
9170
3736
4860
1893338
2820
2930
1640
2884
1860
718
7044
1626
5512
1650
3346
246
1418
2086
1708
1846
1932
4936
576
7414
480160
864
2126
1340
1536
3782
3108
2266
2608
8238
12736
2654
7928
2148
5190
4686
508
4848
2690
70408
2008
3322
3668
5668
6422
2574
356
3088
2126
1882
2096
5764
5054
2042
1730
3074
1490
378
1778
2776
6012
8424
1620
1904
5524
5782
360
3936
266
4512
5012
5386
2184
3048
3466
783474
3848
6580
1862
7092
4936
50696
29446
4174
884
5220
5742
1116
3486
182944
4314
3414
3484
2408
2092
268
2744
134600
1248
5776
342
2902
1736
5200
3086
4288
5316
384
2864
1990
650
1239774
2168
5046
7252
6536
628
1014
4020
1154
3884
970
817468
3510
2418
598
2678
506
1800
6624
4004
318620
5028
2338
3924
748
8658
4938
3332
6244
3334
3114
2160
5154
374
3006
260
3992
3376
3442
4696
5104
2868
6762
709310
7890
3002
7658
5804
4220
1108
5572
3440
3298
5680
2060
3638
234
3276
2966
4134
5938
5552
366
11526
6392
7118
3038
909002
2578
3730
2638
6222
2570
4116
3328
4312
2318
4632
5898
1964
1014
1784
1556
6500
4706
3054
1860
776
1250
674
2860
5012
8988
930
378
3754
5482
3096
4492
2212
481326
2426
5012
318914
5900
568836
4104
3516
2516
10262
622
4544
2424
1692
3316
6350
2316
4380
4704
2776
3600
3390
2028
52072
2538
3044
1428
3184
5770
3170
3196
29886
5484
368
401024
4674
2246
1952
3220
3434
3402
4506
4922
3888
480
142070
2986
3138
1844
1074
4084
424
2918
2376
8870
344
1022
6278
456
2640
1934
6296
5218
970
145416
3188
1606
4844
78934
1204
1196
1928
2016
10982
17726
331202
3196
2558
1038444
1268
5856
8976
6596
3604
282
3038
747632
2000
3130
630
888
258882
5762
2568
9258
4312
4234
7096
3832
722202
2250
6630
1776
3724
3810
4336
3252
603492
2952
1340
4336
848
4656
2408
2233754
4404
2828
3414
6998
1606
5134
7000
1494
551112
1974
2850
2348
6668
4778
2492
6766
228
2158
227794
1152
152292
7416
2192
970
3192
3648
2176
242
766
6798
2288
5238
2482
3030
3022
436
182784
8406
1312
2182
5970
1716
2648
5954
841300
5750
8952
5158
3584
2286
4820
1222
2374
860
2646
3038
4324
2780
4196
3702
3010
2854
3760
5462
197248
301814
2882
5142
2512
1672
454
3742
2604
6620
2810
15314
2256
1482
403206
6714
762808
9610
3554
2082
632
4296
1018
362
300
1122
8886
4030
484
6450
4136
3466
1738
650
366
3278
39188
1950
1528
1498
934
410
4546
5298
3854
286964
4430
1566
974
4906
8724
6180
380
5852
2866
1766
622
5682
3732
360
4350
9854
3742
2136
4618
4538
2468
790
3192
1884
3902
8528
1122
2304
8998
2874
4068
2772
10618
5808
191996
272
4306
386
1686
299758
5314
7804
3372
5246
930
139456
504
6378
276
3504
2000
101468
2514
3570
4812
5450
7782
4148
382
2178
3100
2072
3670
9648
1842
3478
6142
3282
7214
2000
822
4298
2748
326900
2888
3314
832
1210
1030
926
830
380
2790
4282
2518
2276
171750
1800
258
4468
2646
1802
422
9326
9152
3504
3278
2552
2092
1942
2398
3390
368
11156
6118
6930
3546
1272
268
6274
3600
5836
4906
5332
2784
426
1528
6802
4362
3564
3826
5282
1328
165706
2104
242
1246
8034
7426
226334
2086
101820
608
2148
464
9112
580
4928
2742
360
3078
5060
3038
2032
4140
6546
1318
1094
1588
1820
2348
4342
8300
5576
5306
5706
644
4118
4888
592
498
5754
242
246
2468
4780
2070
5852
1864
12512
1516
5584
2630
5330
1514
4866
2058
5134
1170
690238
520
6320
2516
4174
6790
2146
3600
3458
1682
1200
2126
470
1598
2374
1076
2832
590
3694
1420
1394
1384
5672
1014
2578
7788
4592
1206
5134
2452
142572
3832
4168
53040
488
4942
6066
7930
9312
3308
7492
6508
192210
3102
2570
7952
5530
10298
2644
312098
1012
7750
728478
27282
1108
1546
5768
2886
3676
878
6268
884
4224
368
1826
2046
646
4330
3118
3268
131720
2864
2088
2268
404544
2464
8378
12510
1118
3690
2258
162208
3762
4526
2704
4180
4748
3170
4390
5580
29684
5512
4802
2542
1886
4644
5488
2330
2786
74822
2972
10848
6346
5848
2224
6680
2256
6438
726
7960
4696
644
3954
272064
6902
1398
5304
816
914
6658
5788
3656
1186158
2502
5862
8098
7294
2730
385112
151464
2978
5212
4546
6720
81316
40184
5572
5462
140478
3472
508034
892
4706
950170
4234
9420
9312
588
5414
4978
22530
3100
3596
1700
2292
6122
4708
2340
4230
4424
6466
6212
6132
2130
3086
6714
1784
7888
6430
5532
2064
3056
3390
6992
4120
2692
3976
5446
530
4050
237812
552
1006
1918
756
2500
254
7716
1386
7488
3922
6194
5140
368
3642
7592
2172
4486
3014
4930
3332
302
3398
5196
4598
1700
4322
129000
1954
1184
2262
3392
4806
4650
331718
5236
4176
480
950
5350
1032
13804
4334
55546
243420
1430
3412
1624
650
6688
618
281676
8080
264
78432
7486
4962
228958
3444
6830
2860
974
2432
2560
8210
2202
94746
3168
1502
3446
5618
4722
4084
526
2806
3996
9008
284
2198
5822
7388
3718
3570
2100
246
1442
5952
5904
794552
266946
3350
14822
6258
4358
5666
3010
4074
4334
4104
7824
602
3240
3822
8520
4468
2060
5122
2506
4442
3822
9848
14292
3606
5774
1702
3986
496908
3060
1512
3190
41686
2500
5952
1034882
500
1512
1142
5210
4802
3916
13518
2436
9068
8590
3476
1948
2140
4278
2030
4196
1724
9838
4540
4064
972
2440
3138
7480
4726
2118
5472
1582
1706
4856
1014
5002
926
4082
6302
980232
4878
5104
4436
610
6368
1062
3934
4040
3348
3344
11850
3542
145070
2064
2882
4324
4068
2846
1554
518910
2072
4660
6022
122330
5228
2640
528
1516296
3376
1706
3048
3674
113936
6710
3006
44934
1582
4126
3292
2798
1310
3080
5666
372
2070
258
3332
7594
510
3110
558
1663736
1856
3498
782
3878
1247358
2602
3512
4004
1486
295844
3020
3824
1796
1946
6152
2010
2828
6270
3156
264
258
3780
2490
1364
3596
5102
494580
1562
317036
843194
732
2012
115346
3654
2126
4234
858
422
4876
5524
8574
5354
1786
3094
6602
255594
2768
1482
872
5110
2764
538382
2952
6328
3064
1462
6794
4718
4076
2506
374
3880
4240
9574
2512
4232
8882
3402
5618
5282
288
2794
6060
3636
3254
1356
2278
3572
2136
6720
2470
48558
3916
3022
1942
2686
910
173550
1274
6506
2376
2384
968
242406
5868
4336
5178
3222
4228
155606
3958
3996
2774
5564
5466
3346
465054
292
2858
6382
6528
256
4156
1920
262436
2678
16980
8146
5040
2020
1378
6856
3712
470
204366
5694
4146
368
5060
3638
4352
3432
2730
1780
4914
2568
5388
5126
3600
1948
3734
1246
8086
5176
3478
3158
3920
336128
274
3098
2108
18082
259254
2702
1204
2700
1406
378
3852
2688
1058
4908
3464
192428
2862
1278756
1592
970
2688
2762
1218
272
3452
3052
288
3054
3510
4072
6894
6444
9166
1452
5502
256
1772
37514
1050
3908
488
1183146
2850
2860
5248
2004
3744
2584
6106
1828
540
4346
4654
1038
4062
1418
2236
1784
1518
6322
6872
630
3180
2118
6344
3816
2246
8608
1302
2860
5512
6396
3200
746
1758
4822
3622
4422
9470
4940
6662
4276
2580
3230
1732
3598
5500
3838
2126
3848
3016
8058
1610
2626
11922
3592
3020
3344
3578
2090
432
5390
2014
517332
1528
1830
328674
4440
4600
3604
548
2026
4018
2916
3158
2002
522
1784
2748
3860
3872
5938
4644
1952
2268
2230
220402
6936
2342
646
3336
2950
1478
5350
2202
1678
2984
1446
722
1128
20434
113028
3710
426916
213496
6236
2222
3686
61706
11106
1666
954
2060
1930
2778
748
4656
1530
2254
422
7496
10574
890
2804
1408
3132
1622
3210
7588
3768
4522
2414
6588
1660
7360
5790
5106
5268
4332
864
2888
580
4678
2602
3270
1250
374
234582
3794
1028
5086
3608
2682
5756
7670
8218
1600
2180
1470
1474
468
6788
1844
4314
3546
260
2766
2298
380
2180
3708
3414
3316
386
101668
4908
2412
974
4882
2534
4404
4106
2890
4228
6312
10038
376
3014
298
4600
4638
4938
2588
2150
9432
3436
3480
2720
2072
2928
816204
1522
1518
4750
7262
3610
2136
2038
300
1362
2352
794
2940
2342
2256
2690
5282
382
4152
4402
502
4774
2286
536
3630
2932
910
205170
2962
4196
4770
5850
1348
3096
3380
6042
1232
5550
2430
4252
4884
5136
3932
2236
5884
1306
1826352
951400
2112
234
5946
4262
248
1080
1482
6114
114464
1784
3448
4694
8038
172850
2484
2234
3770
474
2976
91248
1394
4112
2196
264
1538
3852
3874
1872
3592
510
1012
2620
1654
1140
5366
1604
818
229182
1666
3378
1384
6474
1490
207420
4872
1666
3170
628
4792
754
4760
3616
718
2378
5968
3720
2580
4270
1480
664
2326
1866
2356
3330
2858
2942
3130
608
4026
496
3778
376922
2106
4168
4334
376
3774
3196
3470
382
1582
1778
1738
5260
4064
1798
4338
866
5618
170754
6596
1676
3136
2554
430680
9880
4542
5368
2776
3194
3212
730
4356
6688
2388
4862
6624
5900
3020
3694
6530
4624
1380
3882
4236
5222
2898
2526
1026
560966
11136
1180
2846
744
5400
3146
418
4012
3470
9746
4090
3310
507738
488772
1198
4220
1252
4154
421660
252
1420
606
254
5668
3554
2104
2902
2904
958
21454
5570
103030
525164
3616
274
4086
2214
4122
3520
5408
1336
5878
1366
4676
30690
1672
2228
9026
1314
688780
4392
5752
1168
950
243098
6346
2378
1032
3110
1273244
4700
3988
526472
3004
524
3018
2202
2238
3598
777942
172876
4056
3692
2944
726
5294
7764
3684
532
374
66512
6324
940
3020
7760
5442
3518
3170
270490
7714
9440
422
5596
448270
5152
5846
1194
1008
262
2198
7130
1006
863774
7248
1226
3458
8358
1064
62120
5904
3002
11706
41996
59248
1520
454196
278300
198610
478
3236
1692
3972
4736
4568
202738
6902
1852
2356
656
282
6634
654332
170016
5850
1300
1552
1122
1220
436122
272
10164
5672
2536
2596
12400
256
290
363666
1458
800
5032
7752
7366
2578
6576
3768
2476
14308
522
4752
486
2206
2800
872
2950
5302
4024
5448
5410
2640
3738
4858
496
5104
3284
6710
8022
2504
2684
4880
4598
5520
7810
2544
5206
4276
3264
378
2384
3642
2540
28754
2616
6490
3692
6108
1058
5454
6980
6474
8182
5456
4686
2914
4644
7588
473702
491612
1358
1106
1496
3176
910
3784
2228
3488
2212
3670
3858
3222
5050
9532
4260
3930
4046
1230
403070
7086
324
2796
2364
422
1382
5936
1844
107372
770
2378
5568
4162
8176
1824
7914
7160
5946
2936
2552
962
1342
195664
1722
2780
5872
2922
378
1724
717740
388
8000
2046
3302
165388
3694
626890
3688
6264
2518
350
6218
2454
3176
356
2222
7386
2598
2456
2074
4124
5386
1696
1078
2788
4816
5644
496
3348
3952
2250
8868
1194
3306
3220
2508
615362
5706
2300
3054
4112
5242
4176
2860
6016
4576
4974
2188
658
4952
3772
4978
1414
252088
278
7224
4710
6796
3220
3554
2640
1908
1164
738
5220
7120
2850
2518
6172
2164
3528
4926
7952
8460
640
5816
3186
4352
1672
2552
606
4460
2836
7522
1776
1940
5184
4268
3278
422
4376
284
746
7892
348
4694
4012
3458
7480
9486
2254
2656
2400
466
1980
1868
420
6292
5112
2622
2142
6242
2528
962538
3458
1952
2912
306
3548
2774
4250
374
6028
3844
3328
6268
4756
5226
3758
3318
526
2390
8820
1618
3198
522
1900
4318
1932
2874
1014
3704
4018
20126
6624
3240
11650
2230
4008
177802
5808
734
241220
1500
2352
11784
3580
1496
2918
3546
966
12846
2572
3894
1650
1630
4980
1950
4232
1798
10948
842988
230
385548
8778
4988
1500
4714
3766
8974
4310
3816
2814
3056
70548
2020
2512
722
260
5864
1076
3950
2312
389442
3100
3668
1562
3334
912
3422
141568
1810
3894
9630
6646
1504
312
3526
2120
4026
840
2036
4618
3834
3084
7502
2016
7606
3920
571588
3890
117996
1338
254
1762
3684
616
2060
408446
2692
3230
5376
720
636
3690
6556
1080
418
6386
4076
1018
252
4316
862670
1016
3940
2252
1716
2164
6300
6692
3862
1322
492
2264
4466
6046
7262
917432
3048
1904
3838
6922
2546
10620
2638
5872
179518
17750
749696
1652
129458
185210
3476
3192
5018
2562
11814
4616
2730
3130
7030
10570
554804
196930
3752
1196
6064
3606
470
4774
484032
12916
274
6220
2200
1108
2474
6366
6044
3768
6384
2276
310
157408
268
625166
2840
598
3734
5104
184510
2488
1620
4746
5080
4574
4822
4978
1404
4752
2930
344
7252
1976
3612
4166
3488
3052
2528
3278
2556
2066
2224
3602
3866
7896
3470
13546
6304
4780
92598
5138
1948
4534
745546
2636
829064
3452
658
2824
364512
1754
258
3438
974
3514
7096
9884
2116
1112
766
3934
3220
4578
1226
4084
810
3990
665488
428
3050
1660
5672
2980
5086
854
1836
4222
1720
2552
2890
838
4228
3484
7254
3570
3146
3654
2636
5860
6854
5594
4428
742
2396
1332
656
2610
384960
45122
357796
164202
3944
3584
2466
2696
3160
27728
1498
2364
3788
7290
3352
3786
1012
4136
3326
2686
3138
4144
266612
1620
4686
1654
2346
1792734
3302
3386
368
2094
8306
6406
4254
580
2722
2802
122428
2976
4348
3352
2452
1480
2620
1168
286
6112
3558
3998
488
634
6698
3866
7122
730608
7688
6412
714
1694
4186
1020
1916
3250
9404
2386
2488
2358
1826
6958
78252
554
2192
1530514
598
2374
381538
4212
462
3278
3004
4324
5504
14456
2620
10070
3340
3462
5788
3614
10190
5074
368
2026
4600
2534
4984
2016
7680
2450
1322
7942
1070
6004
8178
3362
2084
4324
4658
12290
10166
4708
546
2334
4138
2626
2004
4582
4014
1530
2194
4788
2116
3696
798
252
2304
3710
1370
13680
5768
1144
1420
6086
5348
4956
3204
5304
7614
5520
3988
1538
610
6944
21020
378180
6396
2712
6324
9430
5876
1096
3586
4022
1542
1416
4008
2304
481318
472
670
1362
11764
530188
7072
4706
6426
2354
9366
2734
3196
2742
3700
722
51542
5348
5076
3854
794
4288
4426
2890
1570
4234
12352
266
3106
3324
2708
4450
1924
2794
7702
2414
4010
6562
1696
330
240
3188
288
3084
4654
2622
1734
476
1042
5156
4724
2102
2574
8526
5812
1202
256254
1216
7538
5604
3698
1438
358
2018
2818
4564
490
538
9086
2400
5192
2380
4188
3988
1162
5310
2414
1558
13102
1998
652
3418
873076
564
2664
3024
4076
4118
8318
105482
1044122
4044
2594
5856
2594
1898
7708
1140
3322
2226
6656
450
368
3162
3042
754
4514
528
1256
5100
4600
4076
344
228298
4082
926
280
876
1016
2580
267642
2186
240
1846
388
310
324380
3118
5736
327766
3876
3894
10016
451484
5354
4766
2020
2812
3936
1124
10862
2902
2980
1528
10444
1658
272
4072
2320
424
3584
401678
4598
2442
7958
428
3066
92350
3474
5386
1964
2142
2596
350
5480
8832
972
2012
5904
7386
11502
4086
110686
1134
1584
1536
7746
5458
7306
800250
3114
438434
7918
4732
1458
1470
3346
3434
13782
764
391296
2548
3880
604
3052
628
554
6424
1134
7154
2204
2778
4240
726
1082
4202
5012
3912
5692
3900
778
3270
3082
8270
2096
4638
1674
1268
2096
4728
1832
1358
2356
4550
56246
726
4356
4500
3050
4922
3344
432
9858
1816
2710
7228
5238
3102
5292
3848
846
5616
4164
2950
1740
5198
3444
2534
4406
246
2202
624
2742
5000
1718
1100
1900
2896
1026
6254
9570
7972
6118
7606
3896
8574
5736
1758
5192
3450
1644
4282
2072
2684
2710
2192
1786
626
643118
5104
1850
3970
5390
348
5510
5202
358
5204
3082
4828
430
474
3790
5738
3194
4544
1990
294
4168
636
5590
4314
3382
1516
1031412
2530
522
2350
268
1388
3352
1812
3440
3676
524158
1934
56782
5228
6264
6138
1056
255010
3172
494
3204
290704
1067674
523438
2868
2258
1214
5378
6398
8330
3624
3054
910
564
186948
4918
7592
2474
974970
6774
332930
3054
2020
2346
3596
1732
1780
18622
6866
9796
382
124984
4516
3350
7206
5088
2252
1930
87232
1794
68302
1624
3136
426
3768
3350
4476
1314
4328
3908
4898
