1111:111100:0:0:0:0:0:0:0:0:0:0:0:0:0:0: (total 8)
0 4 Thread 0 going to cpu 0
8 Thread 1 going to cpu 4
12 Thread 2 going to cpu 8
going to barrier (cpu 0)
going to barrier (cpu 4)
going to barrier (cpu 8)
72 Thread 3 going to cpu 12
76 Thread 4 going to cpu 72
going to barrier (cpu 72)
80 Thread 5 going to cpu 76
going to barrier (cpu 76)
84 Thread 6 going to cpu 80
going to barrier (cpu 80)
Thread 7 going to cpu 84

cpu 8 cur 8
STARTING...
going to barrier (cpu 12)
going to barrier (cpu 84)
STOPPING...
Duration      : 10000 (ms)
Acquisitions  : 23150252
3726
1194
2460
1032
2326
1652
1024
760
1436
220
55854
90294
40702
5090
2892
2194
2170
534
228
604
3316
1734
350
656
482
768
832
2332
3676
48486
5024
584
55502
506
2220
722
2046
2004
2498
526
870
1596
384
1444
5594
1564
228
2232
19160
15138
384
22488
49500
728
1846
1966
248
2206
15710
4038
3024
2474
1284
606
1312
2150
3626
2238
480
2752
350
2802
1468
600
2338
502
2398
1244
2694
2650
14606
2778
55662
1148
9032
2492
500
1484
1356
1070
902
1262
536
32298
488
108102
2362
2614
71014
1428
350
3224
1504
17806
718
12152
2038
546
1294
770
1092
3218
490
2142
4034
2242
1798
4460
524
960
2798
518
1206
2370
488
244
1164
524
1748
34030
494
3182
1718
1178
604
500
336
654
620
620
1594
708
1414
3492
1338
748
622
1624
3088
1988
502
882
1914
2664
1518
238
1348
13524
2550
1234
2830
62546
1826
27614
1010
344
1754
600
2500
18256
580
2952
406
382
706
31420
3288
5784
702
1934
1494
4050
3774
246
388
388
1234
940
2250
1720
3072
11518
1864
1524
6378
171252
3024
1348
2248
2418
490
1600
2112
1968
2214
9594
334
1824
482
16880
1546
646
2592
1446
512
716
1914
226
268632
964
1460
4938
2734
410
492
176568
52702
1604
1516
2736
2648
254
1188
2672
1890
716
1940
1264
1190
1674
2300
2348
25410
604
3932
894
1650
350
2524
2608
110214
390
2094
9684
2974
1932
1758
992
1620
868
548
604
3338
384
35724
682
842
2424
844
3704
220
490
5086
1976
368
468
278
1438
3794
54956
210
1778
2052
1812
1470
1420
3184
84424
3436
2400
1602
1982
1252
1962
752
60694
3854
3262
914
51002
2444
384
244
8708
910
720
1112
1228
3594
2762
2202
48612
218
888
1952
41104
22018
502
78562
1284
1492
28798
1778
3690
22810
2032
1126
218
654
3042
1320
5002
1712
486
2268
131340
13556
2814
1148
7586
1314
2126
998
4702
2926
2034
78532
690
1250
14792
1122
848
984
4088
3922
2668
1816
480
4486
340
2774
2354
1764
1516
2502
2614
1808
1626
1560
1938
5500
612
228
1078
1054
754
1438
780
890
1666
1588
4368
1330
5306
1366
1996
1526
1726
404
58534
758
384
1510
654
33588
1808
3102
3470
256
3202
1344
4368
1724
620
11916
1696
982
592
520
12608
234
270
1434
3046
34962
390
79672
1946
474
454
1778
3934
2684
228
2066
3828
23888
1740
1026
604
1476
972
1984
458
234
388
372
1348
2074
3272
1822
1288
1132
456
516
1002
1772
2850
494
1230
11634
1012
2450
2404
520
1480
1216
1786
714
246
734
1168
3054
1810
510
3200
1924
41696
22490
476
998
6324
488
2660
63746
338
610
5166
1442
462
930
2120
614
232
1114
2480
480
1292
1748
41836
248
490
242
2420
2366
3426
2062
2442
1438
1720
1684
3082
55126
1126
2274
10902
2156
14402
618
5084
236
596
2786
364
3020
54346
2998
1118
2266
984
520
480
1574
58844
578
2308
1568
230
494
584
456
496
2888
232
1366
222
2416
808
2580
2732
1448
494
1320
250
3082
1128
1688
990
492
654
244
352
1202
1646
65820
2360
1096
238
612
1110
3044
478
10390
1326
4164
244
3298
2962
1270
746
1934
1794
20408
258
80372
752
22298
1842
242
1968
2560
510
1532
768
236
33296
2094
1600
2480
1358
2876
2828
19800
2874
1344
2200
13152
1310
1050
1698
3146
1132
768
68906
538
1438
3724
352
2640
1348
3118
370
1772
1448
2096
482
2368
2006
730
1180
482
480
1814
784
3676
34988
472
44504
480
392
1202
5640
1462
1916
390
778
2432
494
620
488
1578
1700
3060
2214
654
2758
2318
12728
732
1820
600
646
610
622
1222
2136
1582
2630
1002
151330
808
2272
2484
1164
248
1194
252
252
2896
1708
65148
2328
2290
488
6986
400
23514
7688
2040
2838
1438
99324
474
866
114504
1926
1448
8592
660
409614
236
7136
514
2832
1514
482
346
858
508
2136
6386
1528
1566
4010
1198
14478
796
1282
322
642
1410
139348
24940
1372
402
238
256
638
2262
2570
260
490
488
1424
1506
22458
260
248
152706
2010
876
606
384
1658
1100
382
858
480
77904
226
2492
64778
484
250
1704
488
228
3676
4434
1762
40942
472
3728
222
1156
1990
3448
4666
1756
528
2172
1722
730
3310
1504
388
732
1890
2372
2984
228
2104
394
1390
1962
2998
2496
2218
1542
1660
3754
2350
2710
386
1476
2190
1016
1742
446
1342
1464
2002
3606
1626
504
604
2834
1758
2198
2090
3288
384
2258
1368
3332
120164
1870
2232
512
382
752
240
2154
692
486
1562
1438
1644
1476
498
3918
18538
68804
52252
468
1424
15238
18734
2880
706
2678
770
2364
89582
588
1860
954
1758
656
1462
4080
13244
3172
230
1102
1748
652
368
528
1044
1948
386
2502
672
77436
3030
2016
386
1466
1836
2462
512
264
43382
2382
49550
1776
31942
382
386
864
2306
650
210
496
2370
2484
2606
1670
708
1240
248
44844
34464
1574
30080
86974
258
3616
2540
2242
3940
2704
1500
1390
372
502
490
1612
78446
490
838
56100
512
248
1588
1306
1636
3466
2034
3062
710
1342
1096
564
29658
874
1876
2616
582
1666
1780
338
1708
2582
2514
658
1348
2478
2056
2102
1362
1870
1426
59336
3308
754
984
51322
1230
3862
600
1928
236
526
2334
490
600
1410
1098
41294
696
854
502
610
382
1828
1222
234
620
4276
2164
1870
1154
2864
1284
704
1762
510
612
2198
1546
232
726
756
242
2416
3560
1562
60126
2588
1216
1586
506
632
3184
494
2618
1104
36652
2650
3596
660
1466
1142
3696
1080
8752
722
592
1472
2052
476
1364
544
2060
2602
246
2662
2336
674
734
604
12520
2380
386
2322
2078
1348
39522
510
2570
1356
598
1582
3030
1666
3812
70104
898
1646
7758
2052
1028
246
2282
2948
290
2376
240
1824
1364
796
608
2448
996
522
1854
1006
40938
1462
1480
2374
1458
1202
2260
98356
91730
1736
1294
2066
1372
1822
25442
1210
3730
532
988
496
24182
40736
3598
14554
2436
488
1734
1456
12454
3696
2784
5056
18030
4302
1102
1774
386
2144
1796
1342
47300
2452
1098
49172
384
3636
3038
1990
1452
602
1132
250
1946
2414
1352
1512
50354
74480
3844
2166
1396
3268
2416
7134
4678
384
1546
1512
620
2508
87592
1572
2316
1362
1994
1326
2498
1644
21696
542
2968
380
256
2636
1222
25676
1256
1378
1774
572
64286
1436
81358
15296
1338
1916
4528
1208
121514
1640
1686
1034
2196
472
284
2952
500
1538
2496
2310
1734
13024
1270
610
3260
994
7460
2114
2074
1772
276
2516
2270
1230
3142
1162
1026
1104
73430
1008
614
1996
6948
44552
474
722
3866
30544
2146
3438
1458
2194
258
1348
1448
244
908
1180
1846
1930
1470
1548
37906
1194
392
1924
382
3488
10666
1138
812
2244
106698
2588
2506
1500
1702
3906
1180
1308
44582
2098
27416
988
1140
1392
1438
2402
968
7974
2502
1020
656
3196
3616
1852
1846
864
606
12648
500
2626
866
2030
496
1328
71694
1342
51146
1580
2470
2398
1140
1160
54464
271992
52264
1934
1564
26080
1226
602
94482
1742
1832
58748
1254
2972
1264
16810
1378
16152
2388
256
1494
4160
1356
57544
32618
604
1528
2700
1670
1122
392
1716
1210
1884
9824
3262
4010
320942
26874
614
1366
1800
1444
482
280
396
2092
1394
1658
1302
958
42312
3478
1768
660
1526
748
1264
1374
1304
2814
604
1634
1000
242
56126
1080
1658
79296
1374
1684
910
1936
1812
1868
382
1626
3436
2930
1110
1282
394
1872
2106
1708
282
78974
16640
1494
1326
64358
958
36176
346
1304
3872
2294
1410
758
1912
1374
1220
1120
1842
125480
2112
1376
1100
20120
2084
2190
404
240
2514
258
1302
34522
60996
172462
89548
2594
1744
2624
4152
2406
99658
1246
1216
1434
32116
1000
1234
484
1570
1978
1726
482
432
2678
506
678
2932
1290
874
498
420
2604
1206
1450
1236
346
2056
738
390
1734
600
1486
11174
3050
1570
66198
1624
2832
2694
386
1032
1578
7634
1234
2476
2454
2320
1850
18160
1764
1468
20996
4620
1546
1716
980
46874
2550
1656
490
2064
1618
384
3062
1836
520
4276
256
1480
386
1618
1376
1194
1092
1264
242
1422
260
9434
128130
1476
1148
50742
402
2654
3880
262
2200
850
1494
2170
1834
596
252
480
1466
482
2012
1244
484
1404
18354
984
506
1738
1818
2540
1008
1792
2032
23876
382
2840
902
35732
1730
1212
1930
1866
15536
2448
776
2574
2638
2880
1806
2106
1840
1814
2290
60204
1024
1832
21588
350
1616
1326
1214
2180
1790
3212
2182
6430
1006
3344
2002
78218
388
5552
1608
492
1780
3436
496
492
1268
1126
1330
1482
47104
2074
756
894
498
1532
388
1038
5860
1592
272
250
1562
726
7812
512
212742
2554
1522
388
1144
512
1382
484
2418
72126
2464
1722
3158
516
1232
19760
3202
388
456902
2056
60114
1256
730
600
182978
1614
3026
1460
618
1408
1368
974
1066
622
1784
1746
388
1412
2726
740
2340
1104
602
2936
1266
1850
1134
776
1796
6128
242
3458
508
55410
3320
2774
1472
2152
1636
12870
250
616
522
1860
1668
2128
2554
2430
1394
105866
976
2670
2010
398
44094
730
654
1560
4626
2780
2182
1598
29698
118252
1350
1812
1736
77562
510
658
1682
69108
478
1518
2008
3056
2048
344
1744
3082
72646
1612
1818
272
1594
1526
1716
250348
2094
1828
1270
2622
1438
1624
858
1966
1182
504
3264
1230
2538
79160
1698
2170
1806
1214
3058
388
2788
1128
37510
2054
1634
474
1150
6432
2180
1556
1420
2426
1858
494
1302
908
2162
1612
2456
386
87672
2084
2936
2574
502
2442
622
1994
3342
2598
1100
1296
1694
56598
850
524
4668
834
1472
1092
1968
6908
1564
1546
1358
2912
1872
704
1362
1578
486
173244
18464
390
1180
1216
1098
3510
1282
1234
2380
244
11154
1768
946
2160
706
2208
1054
2380
23094
1096
490
1298
756
47768
1580
1998
770
47578
1446
354
2200
2940
1962
1354
744
1626
70616
1428
2554
270
1388
2416
2706
1484
2714
4248
9626
2420
470
1478
1592
1678
1322
1752
594
1790
27606
1288
3066
654
1774
1606
2400
1580
1322
884
1246
1784
1252
1164
3088
388
1736
1364
240
2198
966
1518
468
500
1146
1248
1004
1464
260
54290
3524
290
1786
98950
616
1582
2228
1536
600
1312
770
67816
1580
3050
2468
600
896
388
4120
1388
2194
1848
112814
39338
1524
1720
1954
518
998
1024
242
1284
2592
1742
1368
1808
486
1600
1470
2170
388
1708
654
1500
4564
1936
238
1740
1856
1904
1904
2032
3760
1118
1000
3058
1012
1728
1930
826
528
4230
52958
1784
1214
1594
3104
7820
1718
1770
992
1716
1368
1342
1314
18152
1760
1446
350
1680
22666
890
1626
246
2028
3470
109622
141498
2090
974
1996
24896
42044
2096
27960
170632
838
250
5442
1492
1444
1170
606
1054
2060
3604
2538
1180
724
976
171538
714
32718
1596
2588
1470
1072
392
1644
502
476
1538
1492
264
1414
1762
1310
956
2280
1002
13900
3740
29186
1356
2604
2162
252
510
172424
1704
2058
742
386
36012
1484
484
1644
246
388
1470
270
1740
386
1508
2278
52026
1270
348
2442
254
1232
1112
1702
386
4382
1370
1018
5408
486
4264
1684
23920
71274
1366
1506
1338
1958
8686
1260
1342
1308
262
1446
5784
376
2968
99910
3616
2360
240
1432
386
1230
506
2140
1836
1304
1026
2280
3424
456
8366
1954
99908
398
1964
1600
5916
1708
1838
972
1326
950
484
1684
386
1198
2494
3254
1702
168334
78146
3670
388
1904
1480
2218
13088
1708
2346
620
1706
51712
28220
2032
22332
1272
394
1396
2066
5112
596
2336
1090
744
236
2102
4060
105520
1864
342
1576
1444
234
1466
1454
92538
1098
492
2054
2900
168636
232
2098
236
878
11784
242
2148
224
1284
1974
1092
1416
286
488
1758
15548
2394
344
1752
241600
2136
406
2914
12000
30608
3412
3786
1290
2226
2124
11212
236
618
1854
258
46656
20462
536
346
528
1276
978
54104
2588
666
240
1348
3966
512
1576
984
1288
2154
2470
484
386
490
390
622
240
744
1942
596
1374
1894
1784
1268
3166
2558
2512
1352
2690
2540
1552
594
524
390
2586
2034
702
3864
1876
1946
1134
1398
4226
1378
1222
352
2660
1858
1140
726
222
518
3490
48630
226
3228
2552
1688
1736
1208
17486
1416
2104
448
270
958
3146
142228
2438
1742
1616
1514
570
2320
2062
2796
678
3018
2240
2224
486
2432
43238
2746
1142
1630
2362
1998
750
1732
242
66120
32562
2590
1660
384
750
2428
878
4754
2494
290
2202
2782
4716
2908
242
3610
620
704
2416
840
21430
618
62998
760
2648
234
1570
1712
1984
1676
3698
1212
246
39320
842
928
1196
1574
1218
256
31638
518
716
33410
1008
4044
1856
22990
1744
74548
232
482
504
1940
1362
484
488
2544
708
1570
988
1382
2302
46602
3114
36822
2108
1092
1860
36028
1540
1982
1418
165102
618
1928
1896
850
1478
3470
1034
1914
3614
19400
348
24246
248
1466
474
234
242
1516
3628
88902
506
2850
1066
1804
1326
17604
244
1600
1150
2062
252
348
1616
39672
1078
20762
702
2940
2714
1436
1512
2500
1180
382
598
58100
3360
3456
1122
2964
2892
1942
754
2190
3514
1550
1128
94510
2542
734
2190
2244
95974
248
1366
10872
83692
165950
240
1534
508
1264
982
30484
486
712
2034
2802
35210
3430
1074
472
244
13802
2074
2144
406
608
256
1700
614
1002
2930
3278
55208
468
15578
53264
520
39120
77530
242
1710
1738
1094
1036
840
508
1444
1454
1538
1984
846
218
3162
1676
1852
63350
3746
1868
608
1834
2254
1366
534
1790
1364
226
2078
1666
576
72464
1964
1076
2360
6162
10258
2920
3222
238
4716
1272
718
1176
4942
1626
500
2640
3860
1634
2014
142158
1344
2020
1388
58222
1200
122030
660
3774
520
1920
2594
2706
1828
1676
2106
2062
1358
534
2294
1924
2460
616
224
31264
474
398
1258
1570
698
614
528
2206
3434
20122
1894
2144
2614
276
1526
1668
3250
120964
1256
3888
50548
4454
1774
246
974
3108
238
1912
3794
1158
1654
73324
758
2022
31096
4038
4740
660
61124
484
2686
500
2326
1172
4110
1922
2424
252
1742
3446
288
458
56420
2424
802
4344
2330
1592
234
6902
10452
3608
2474
268
1222
15420
13956
2972
55298
384
15668
3488
46968
1294
5038
494
232
1134
2438
2602
17530
1700
1490
498
69292
3496
6110
2922
92728
228
1606
139532
22550
2996
1452
4266
2910
45038
16574
524
1034
272
1766
2122
238
47936
4976
540
2064
662
1596
1512
2144
464
506
2840
2722
2652
1940
123952
25570
32326
2184
3360
242
244992
4484
2454
59752
1070
2476
974
1898
534
388
268
1424
2594
1144
1716
834
858
135546
1134
32792
16830
85062
1200
2484
988
722
542
752
1542
4660
44226
1590
39756
1338
50584
288180
4470
1048
780
1094
470
2258
7400
2126
494
1466
988
19576
1628
1992
728
2412
23846
1492
2340
1572
2064
2192
244
372
222
1842
1198
260
2704
2038
606
248
1164
2376
49546
4556
1404
2888
2032
4294
43268
234
620
2372
1796
240
1548
2182
73104
2026
2808
2180
5486
1100
5874
2820
586
1450
232
5082
342
2284
824
77960
1434
1362
236
1482
1128
1988
2216
1112
498
1380
1122
1530
1418
246
2774
848
28844
468
1380
2926
2008
524
1412
48898
3044
1490
2896
694
1806
1850
7438
654
724
536
1776
1544
336
500
41596
248
478
258
1414
1006
250
24268
1354
988
1684
1514
2690
1458
109320
3740
226
652
6676
1720
952
35772
1450
1886
1892
1268
2110
1522
988
1172
738
1376
6622
1696
390
4648
1258
2722
1070
748
1458
484
51656
6282
2342
15164
384
866
972
886
65368
1368
926
2758
2442
716
458
350
1578
2078
1152
32098
512
244
3046
26166
22684
386
48750
658
5386
1164
50942
990
240
338
236
264
238
490
2910
242
1568
1108
1380
1468
3566
1868
1436
1350
3474
966
716
2464
404
392
2968
1358
6378
1070
2508
32072
1604
1888
2872
107712
454
224
1344
3386
3710
1982
1526
35344
1282
2118
1844
1354
1238
1776
2640
222
2746
182486
392
2148
2476
2650
384
7528
3274
388
986
1936
1812
23332
744
618
3304
4582
1852
656
498
32822
1406
510
2324
1866
2852
480
608
44966
1002
100998
2642
1370
1234
2312
20766
1264
2848
1610
3498
3652
2010
2442
2872
498
494
15874
2708
498
226922
1200
33298
2160
1358
722
876
658
4714
2416
5156
1566
2916
5858
384
236
1482
1548
3264
1578
602
74174
234
2180
31362
1498
2986
1950
1140
1586
1194
384
1874
56820
1878
2644
3462
59954
1830
1750
2556
2592
1224
2176
214
518
1988
2246
520
229562
63702
240
1664
3888
618
7460
1188
2270
382
2868
1246
2188
222
654
23864
1144
126224
2018
930
1054
1362
1642
3560
292
2328
1862
43588
396
73830
2628
254
2296
17266
486
972
726
2644
1536
23128
240
74702
1950
508
3302
1154
778
2068
494
348
406
486
1814
884
346
2364
2058
674
2366
1434
2764
3762
854
2916
1768
876
1712
478
240
1570
49200
1494
714
2612
1902
496
2094
852
256
2740
2086
2086
654
246
274
53868
248
600
1906
1122
2740
3802
594
592
592
258
718
656
698
232
1746
240
504
620
1846
4896
12484
2114
502
390
3004
1310
618
1592
1924
352
1082
514
622
570
2520
1970
4752
3448
2814
2444
2086
44114
2590
534
1942
2728
252
2172
1916
246
268
272
61598
388
5118
352
996
1350
18906
1744
638
596
5390
592
1872
1818
2700
386
272
3910
6148
1756
2606
4098
2796
2678
732
1750
1200
1466
54772
1778
2312
652
1182
240
1996
1146
1476
524
2580
2228
2052
1984
6586
2238
1374
510
608
466
254
478
602
660
1974
382
250
1858
620
2066
498
1478
4952
5606
10946
820
34328
1964
222
382
624
35196
2476
240
488
1372
878
1830
288
1612
484
44140
6784
21468
486
1500
1330
2508
3442
62206
718
3838
3734
35462
3118
2602
226
522
238
3018
240
260
49256
25784
372
2482
1154
2212
232
242
1834
1400
4574
2860
300
1622
2162
988
2446
77234
2356
1688
11176
1292
2992
1988
5006
938
1618
270
2244
1912
1512
34620
1592
3846
11032
1122
294
1372
20950
340
1976
346
508
7722
1336
398
2930
922
246
250
238
656
1814
4036
1774
744
1600
1934
41558
658
474
1370
3122
672
2166
1662
768
1854
1696
1934
2018
2446
1304
1820
490
884
11618
1104
3848
2220
3476
2330
256
22240
3864
4690
1266
1138
1530
1804
1656
2052
532
5426
512
2900
2106
1296
2314
1608
1614
462
1134
1662
256
1362
27866
598
606
498
2318
2226
588
1438
1978
49956
234
1686
61878
744
618
109308
290
1158
2692
2360
2008
1562
742
412
2370
1866
744
1222
25010
238
880
1330
480
596
500
1770
2122
984
226
494
2584
2284
3960
22510
2992
1116
462
3132
32200
2162
240
3082
738
1702
1906
11772
3466
476
5768
3178
506
45018
2572
2262
766
240
2746
67284
20610
2724
584
266
20438
2686
2912
612
3588
384
520
1692
252
15242
994
1280
1320
526
348
1672
3894
9892
2754
3358
2808
3362
1602
1874
1910
528
2070
2392
1278
3612
39484
1254
236
262
454
2560
1478
167086
2002
2054
858
2160
656
2940
452
2192
2558
2634
1290
250
1530
1828
128996
1560
1864
494
1366
972
620
1344
1594
710
482
5212
1338
2026
508
18346
2936
1532
1616
1196
510
474
2202
384
1086
1214
89910
240
1244
80756
5264
404
1886
1262
1208
61518
1450
1340
790
2096
1570
3226
1816
910
1384
1484
44056
618
524
1404
22046
2534
2458
262
382
2522
1488
2278
2188
2798
746
4136
1316
384
3748
348
1866
11632
1910
2576
1428
602
702
482
2804
1140
242
1380
538
84656
1980
41766
6696
272
57320
3512
500
2786
542
3486
1492
380
1232
3130
2834
121436
514
1380
2604
1432
2092
712
1146
2260
37042
1832
1628
4094
1622
304
2940
710
2172
2956
2358
1748
476
1898
2330
1870
1376
3494
132550
2284
238
1324
3344
3576
536
1422
272
1050
554
516
1142
386
9988
1740
1480
3118
2564
874
12232
1176
594
49438
574
2520
740
1788
1728
2232
384
1440
2180
722
1990
2714
61582
2914
1914
1742
1222
2862
57090
9612
1312
2560
3362
120546
2340
2242
2502
2334
2434
1500
2252
35000
382
2794
1620
1984
3092
268
1374
1104
1720
1818
1368
4636
2232
2522
500
63364
1598
2458
2270
820
2684
2152
380
388
528
1804
386
1406
1412
750
7042
3160
30790
390
2016
3126
1638
40054
94046
3226
244
246
45682
6880
4160
21160
1768
1562
1816
1482
1242
2052
35028
2054
2062
1930
534
1346
2654
1766
2812
11986
2912
2146
2886
1258
392
174270
2600
3944
1512
2066
384
23092
1964
412
26978
1796
1518
288
2342
256
1820
3274
1150
838
1552
2172
928
2506
388
502
2376
1986
598
7188
276
928
562
234
1560
386
492
10340
490
544
1768
1396
3746
1974
2374
232
1106
606
1766
1496
1570
300
138264
968
2532
1710
382
1514
1378
596
1494
2958
572
2844
1394
2142
836
518
484
504
81910
1134
888
2000
3378
700
1826
5110
1766
542
1842
2872
496
2246
264
1936
1690
1530
3876
21024
2472
1664
2244
2926
2430
156376
240
3634
2610
834
544
1502
2014
348
576
124912
390
2504
28598
2258
256
484
54946
574
1486
1366
1302
534
386
34070
1378
2718
542
1220
254
2606
520
1378
2108
1722
482
238
2056
1768
1738
2072
2084
734
1676
1350
290
508
1896
1784
3594
2360
1778
3726
1026
1774
390
230
2144
506
488
107360
11816
1376
2696
1124
230
1956
20068
1516
1382
1826
2760
2830
1684
1704
670
1678
1072
1718
138186
1830
5852
616
2436
612
1872
248
1272
2728
3498
82828
1562
1040
1982
25152
2494
616
2370
2464
234
1740
1808
1668
228
5184
63810
226
964
3100
234
494
208
762
134914
2416
1710
492
1770
386
3306
29410
726
1496
9960
1000
39230
2084
116316
384
764
1236
1412
1104
598
47122
2708
34374
1334
1834
2584
1738
2064
1354
2398
1438
1914
372
4136
892
928
6760
390
1388
1432
3212
282
1094
17570
620
1970
2300
1052
27194
2820
2308
1350
1560
526
46094
2544
378
20978
2544
32318
474
384
2690
1868
1126
1188
1756
1134
1294
1248
181120
1842
36794
488
1342
15366
1622
3106
1808
1674
378
1392
958
17886
2802
618
133624
390
3030
1686
774
1526
3662
3250
1370
508
1840
2928
1538
1622
4178
1268
1898
1712
1970
992
1212
7920
390
1434
2190
350
2338
2676
1706
1476
1000
2438
970
614
500
1102
86014
254
1964
1462
678
870
4372
620
3334
3106
1498
1228
1560
10076
36128
1790
804
3510
1206
2402
1342
1238
3148
3820
27198
6662
1768
2650
2044
1620
268
46216
1126
1090
1248
484
52884
30754
974
2406
1714
1596
1590
1454
4266
53824
1654
252
2222
1660
700
2676
1346
2684
1392
1388
2084
212796
35648
1544
1470
1756
696
534
4026
4300
252
84552
476
488
35354
214
514
1946
842
91850
870
3176
1870
590
730
1792
2438
382
1378
23940
660
286
1248
314
2220
958
1970
2130
390
69424
33206
534
2326
19154
496
2392
1700
1636
1098
1678
5484
656
2952
32808
510
3062
1382
1770
1758
890
392
3484
658
472
842
5580
1794
492
392
2388
724
51264
2240
1574
2056
1154
1376
1590
412
218
5908
80
96
520
67894
384
892
2782
602
1124
354
2558
1558
2342
2308
2732
58088
1058
508
1846
248
1720
52406
384
2722
11208
904
1704
1996
2064
51534
2122
40142
1682
708
264
242
508
224
268
81806
1078
3078
208
454
650
384
738
476
1986
1550
31596
1740
21984
1464
1576
3214
3114
1326
966
1006
1548
2742
129950
482
1456
11762
2746
488
1742
9714
1964
388
1826
2450
996
1800
250
1380
80712
858
14132
258
1734
3812
1184
396
390
760
2290
582
2666
2238
2946
226
504
3058
472
1354
1672
2116
2126
342
1684
614
2478
2606
1996
2038
1208
274
7160
752
2516
2834
1136
1366
1650
1004
406
1194
1610
494
1166
278
1142
2166
1938
1780
2118
344
1860
346
54360
1804
2736
30250
230
1962
1838
452
240
1588
1134
2090
582
386
1520
2144
602
474
1546
246
13542
1334
5790
9660
620
2930
2122
332
62736
494
53756
4240
2396
528
1676
3232
2334
780
1734
23742
2098
2088
1224
1356
4864
1442
2058
390
374
1244
1886
1422
4668
1306
1490
2190
13688
1494
462
2944
392
2180
3838
5864
1342
1752
2712
356
878
1516
252
42370
25414
1778
752
462
390
238
346
3616
516
62940
3952
388
226
1494
4208
3556
940
618
2498
1634
1808
1302
41410
1862
614
1094
386
1034
282
1296
2132
1302
2190
1482
528
1708
462
618
52740
1398
1600
474
9618
508
15206
1250
504
382
624
858
2554
246
758
230
32170
6002
2690
2314
3058
380
890
3340
2560
1110
1692
51142
386
1120
620
3928
6508
59112
3386
490
2192
6558
404
2422
1832
470
3180
644
2128
1688
2508
2622
1112
1756
6674
1498
63164
274
354
240
1814
2028
5674
504
7236
388
5306
2072
522
2360
882
1862
326
1664
2364
1768
1626
18730
103872
254
388
1404
3410
230
1330
276
2082
32906
602
964
2212
3098
2830
1150
726
376
2492
544
23524
1876
1352
12928
1568
1472
1908
2664
508
1674
73196
428
2106
1348
2302
2642
1244
904
2038
2468
1534
508
2034
850
1800
1704
1136
3668
3692
730
35686
3788
40838
372
4200
2352
2350
1638
1048
4212
474
3956
742
1970
598
752
244
2420
482
226
1416
252
1886
8326
228
498
3294
5704
1986
1744
1644
538
2808
644
722
606
738
488
384
142758
1878
3432
1740
2076
3574
246
1972
1554
542
63848
1944
4366
728
502
466
418
3542
20784
10868
596
1584
480
1624
1896
96368
384
2248
1742
110000
596
926
1020
2366
419036
566
6652
466
3464
2206
3646
1980
1786
744
574
516
332
2680
1436
2198
1102
1242
18288
4098
3732
598
135320
210
23964
266
1602
6162
260
1078
3890
1492
22156
242
2980
886
148498
1846
1988
4862
1310
5188
78864
1236
62724
3492
3242
608
4226
1708
40900
2566
412
508
2200
2110
1604
518
384
1320
394
738
390
1956
3050
660
1474
3054
342
596
1706
4018
1888
1324
346
2890
510
2352
1368
1644
540
346
1380
1974
1540
2196
2214
856
388
1808
2130
2580
1582
534
974
708
2636
1286
686
2202
232
1080
3812
2182
1440
1936
1474
616
5448
1786
504
1160
120136
1616
5560
4138
1726
1330
1110
2412
524
248
19058
1008
474
122236
3138
242
264
402
10240
1892
484
15574
2858
240
1396
1002
412
2634
516
1180
90454
998
2844
2342
1848
660
250
2396
13034
488
2270
1350
5654
2142
2960
77174
468
2086
3444
1856
1860
48658
1098
52478
34562
4852
1924
1870
2788
2324
2236
472
79964
29260
498
89756
230
650
1236
536
1900
1330
830
386
1998
868
5444
76592
512
62356
1412
2320
1550
386
244
2736
2116
2828
1552
2298
3774
31034
2224
492
2034
1294
2004
2038
656
2272
2774
1504
1354
2048
1246
2036
1046
2564
1096
14680
41274
406
2534
722
54264
238
226
3100
2978
4278
1664
1254
38948
7680
6870
718
622
2156
1504
1192
1762
242
1198
3230
4368
2770
5454
1350
502
2630
1202
58246
2230
244
3920
8918
596
1360
850
1232
35334
1244
242
1002
3234
3124
276
1430
8142
5260
1386
2536
2440
484
2070
482
1476
246
2350
15884
534
1344
248
2414
2058
3746
40948
2320
2358
234
856
2186
1960
2250
882
2474
1334
2444
57186
133534
268
618
576
2154
468
1994
1954
4434
390
1682
6846
700
1538
388
776
1756
44210
350
2576
502
514
242
56550
2560
3282
1466
1134
3222
1054
2246
2136
244
584
272
492
794
2470
20546
13058
4662
48462
24170
2772
2710
17974
494
506
1838
952
2100
2466
2104
1386
2666
656
1478
2974
764
2164
388
684
2652
2664
278
2568
1770
2118
15812
1674
534
55142
1596
9162
1074
412
3824
1746
1398
1758
1684
1268
1230
29954
3322
108928
2980
71356
248
2500
1582
346
2138
33762
2368
2916
1202
706
2762
1628
382
458
480
2070
1602
5904
2774
980
596
4412
2172
484
3174
4110
33414
3226
506
3162
1114
7466
2778
2230
272
1514
3564
1120
516
644
1518
4976
2618
502
1876
2814
1238
10420
1862
512
1136
1406
1728
60456
1830
26964
256
1204
3446
2636
590
21424
488
516
34192
2158
522
1872
736
494
408
470
2338
2102
2030
514
486
2702
398
3772
4514
1612
2358
340
218
13380
1338
2538
264
404
578
1282
666
167630
1910
248
1824
1992
1604
2604
1748
220
1762
1418
2210
6210
388
1572
248
17294
1968
3014
2148
4120
267872
536
1370
1332
2010
512
506
386
1768
4034
30030
141116
3152
49542
332
1828
892
1918
402
1528
622
2182
2052
344
2090
1982
2290
1090
1996
1194
274
1328
26494
2858
476
594
1036
1424
2210
2366
34668
64444
9752
3254
11948
248
498
2124
4608
2662
494
56844
1256
238
1494
272
506
1248
1222
2076
12290
602
5604
1500
1096
290
1536
1386
402
1580
104870
1412
1954
1924
510
46714
2404
1548
2102
1016
262
2564
2554
29594
116912
620
1622
1576
1310
77820
2958
262
67060
390
2840
1520
2072
586
1302
3606
1004
390
71884
514
1546
1440
2234
2088
1550
252906
1604
1386
1478
596
2090
1326
1784
1380
1554
2804
392
286
1278
1236
388
1644
79098
2076
342
1934
1502
1710
614
2944
1516
40074
1296
2040
1510
484
448
346
1946
1654
1330
1432
510
876
3476
1486
1062
1442
1366
90086
1710
2030
506
968
246
2264
3924
1300
388
1618
2064
1804
844
58246
3826
272
4154
1586
1794
1542
3440
612
1402
1710
1468
1442
582
1678
3126
1212
3482
190712
2430
1442
1484
1420
470
2708
1460
1372
2132
8642
2836
3244
1296
1090
2304
2706
266
1142
656
18216
754
270
1434
2330
51166
1762
3022
45216
388
1226
3022
1848
1018
2032
1614
2592
73060
1108
312
2558
1082
1964
518
1348
1816
252
1100
594
494
2130
1082
8406
3066
980
1484
2004
2430
2998
27316
1394
1320
612
252
3436
1476
2416
1874
2410
1144
1198
1480
1194
1268
1140
394
236
1954
1788
3218
3940
3710
1440
960
1258
3254
51068
2232
3826
1832
100482
2070
1394
2986
1372
1504
68446
2708
610
1862
612
2920
2702
484
1632
1144
372
1256
1700
113242
39232
1040
2342
4334
1228
2274
1256
520
2384
2124
1422
2750
1778
1444
2374
3616
1490
480
496
2306
2662
1784
1594
1574
2034
2200
746
2118
1070
1204
2004
1466
1840
1442
2234
1468
1932
52978
1288
720
1240
272
1548
754
6986
1952
1532
1530
1044
1186
1138
20730
1852
2562
18904
5602
1194
2964
1564
620
109964
92240
50758
4244
1912
22904
1736
43436
390
1300
28368
174062
5526
1452
1256
3390
1312
2316
274
520
1220
1508
2820
1982
167404
244
554
36850
1548
620
1978
1250
2522
3356
1586
2448
1108
2682
1150
1106
392
1312
13038
35562
1402
254
1846
1360
1182
1102
2004
388
2892
250
3000
169890
1598
2032
41308
2672
3024
1936
2968
1602
54218
2660
334
3224
1350
970
2702
992
1756
1766
1378
590
5920
398
444
2230
23698
1626
68686
1812
1240
980
1110
1508
348
300
4462
1462
1414
1038
1654
1468
3592
2708
290
488
1264
100754
386
392
1110
2918
2532
3306
254
2274
1358
1460
2152
1572
732
282
10096
294
104124
1546
8232
1796
1782
1194
738
3754
2864
964
1340
394
1918
85246
82584
80732
514
3794
1272
2682
1518
1056
11510
2238
1622
248
3976
654
68854
556
1274
1476
2550
492
4422
1218
1564
2196
2084
3892
3420
1818
1134
3636
1340
3066
1492
42844
1460
1168
624
1372
1446
2392
97132
1586
92482
1220
1382
2284
1580
1004
23984
1808
1208
1076
2734
2812
940
23864
39464
384
384
2358
14180
660
2220
1562
14544
474
2188
464
4162
616
17142
1778
2684
1238
1716
2754
1610
1072
49732
2318
49582
2440
2322
990
1590
1518
2912
2890
2162
1586
1728
1624
49842
75338
534
1384
1362
1804
490
1472
486
9098
258
282
620
3128
1252
3268
622
794
87820
1768
1538
1330
252
1246
1192
3426
21254
4308
948
3968
386
1682
1142
722
23882
1422
1024
2452
492
61918
97532
1390
1592
1850
386
1506
124896
2036
1104
1376
4436
736
2426
1770
826
1950
250
1340
990
14078
3430
480
1134
1390
5304
1268
2228
2236
3572
3538
1928
1334
568
1298
1266
1110
5874
69124
2728
1512
862
472
508
526
1526
41202
262
5164
1940
28434
1382
614
1128
816
2814
1812
2836
1578
2224
1120
1250
1456
2274
1708
2078
40954
2616
1332
13114
3080
106616
1364
1016
620
1142
2342
1148
740
1486
1086
47074
27588
1312
1244
1580
1512
1512
492
1128
952
8976
1962
2738
232
1770
660
720
1138
2420
1458
2582
390
9008
2824
624
2714
2260
1930
482
70692
1802
51320
2202
2544
1794
1256
1468
379392
2052
1658
22968
2308
3450
92704
2100
1788
61244
1014
390
1488
4766
13404
17894
388
2322
1462
838
620
1876
15934
76656
1322
526
1722
3232
1838
1746
1508
276
9762
658
1650
524
192510
122414
32252
2278
1776
1354
5200
474
1156
882
1486
1212
44424
388
1682
2532
1132
1496
1560
1654
1252
660
3158
1690
58506
1404
82134
1314
1268
1452
1694
2000
2776
1194
618
1612
748
1786
1038
2328
1382
1250
2714
94190
1584
490
1434
66234
1056
33772
2690
1148
494
2218
2158
2122
1186
1212
1402
1252
2038
390
18794
492
63158
40576
728
2028
966
22238
238
1416
3338
260
2102
97974
170680
9980
658
75962
792
1936
500
1278
2146
388
2052
394
750
1774
103410
1548
852
1946
8518
22734
1356
3264
2444
356
1266
2764
390
2648
1080
390
1384
1218
5556
2176
1818
1684
2428
1358
1724
2748
11204
1822
390
1716
2058
490
65128
1272
532
1726
392
2290
904
1536
6972
2168
388
1522
2338
242
1254
16678
254
1218
244
1342
1468
21068
464
538
1148
1722
50922
262
1452
394
3136
386
1034
3114
664
1276
3074
388
572
2356
2808
2152
1488
1098
1140
1834
9942
127804
1322
908
49744
2842
1788
752
2832
2750
2102
2128
4086
2616
1286
2486
1548
1772
13392
1486
2918
1438
1710
728
1560
1700
1222
1570
25852
654
1140
1202
19684
13750
1146
1592
956
1814
1658
13814
1546
250
2800
508
498
1268
604
1614
1820
1964
2532
1550
2542
390
62892
2064
21140
2586
1872
1308
1478
266
780
2252
1530
1124
8594
1024
512
1912
81864
656
1312
1426
2562
1558
478
3458
1664
1420
1524
46650
1486
6506
1628
1516
3958
1972
3978
10250
216266
1110
2360
2570
2546
72168
1868
464
1376
1492
3676
22228
606
2382
457646
2886
56038
828
834
3328
183146
1922
2104
4254
1558
3068
2538
1394
2290
2360
3746
250
1106
3508
606
1028
2032
244
1762
854
990
1320
4240
616
1748
4470
964
1858
1806
29408
240
4034
1074
478
1404
49754
48864
536
256
488
1526
2088
348
490
55726
696
2156
1006
1662
1846
232
2024
388
764
1962
1486
4276
622
1086
2154
3058
1238
1480
1382
388
264
710
720
3204
210
460
2052
32316
982
1724
109522
4810
242
224
2232
620
2726
1706
36716
2656
1436
1000
4620
1112
342
2790
974
1332
242
234
178184
3114
1680
2194
2818
998
386
722
496
614
2076
2934
1404
2110
1724
20306
238
3930
396
250
2258
244
720
1874
33770
236
2032
2710
1442
1138
226
3808
41874
252
1706
2486
99924
2134
6352
19736
1820
1774
1444
756
1888
656
1732
750
1990
732
20470
588
228236
1156
36276
1758
2536
2696
246
494
2480
7808
1584
500
462
228
10472
2116
3568
504
1442
3008
74100
1876
31174
1430
850
1594
2878
2160
3002
1240
54468
498
1452
1930
2024
482
61970
2160
2078
334
2190
2306
1708
468
3762
1752
2410
484
464
410
226922
61804
1782
1832
532
2512
5302
248
1462
764
2840
652
1238
1390
29226
1752
240
124342
2042
3312
1318
1766
1078
470
4104
1468
1722
40578
2200
72756
2844
2544
18296
3840
1574
26872
71812
2834
2512
934
1838
1316
7894
4110
252
1208
396
1056
1534
1350
1428
242
1846
3586
1566
2984
3392
1346
47158
1394
2846
2250
3252
4536
468
1418
1754
61990
1032
2122
2526
864
4858
5394
4190
1106
734
550
516
1928
10150
2098
3666
240
1278
2548
994
8700
2024
2720
3936
2416
49178
7790
232
502
16264
1192
21852
2714
4276
2394
594
476
4332
2866
2642
2268
470
108482
2138
990
2518
1200
92078
252
1512
1776
1136
476
1814
906
169996
15596
654
2352
2482
2414
1190
3490
2146
394
12440
2368
2926
2026
240980
2828
486
11618
31586
1466
386
1098
922
240
1974
1602
1238
10164
3960
68368
5044
1290
238
1742
53848
5798
588
4304
3372
2072
1304
736
8258
2868
2056
3248
2106
1952
242
386
1746
2108
386
1390
1364
782
1718
386
970
4294
380
1332
1616
1470
224
2326
1364
1404
890
1744
236
2502
1812
2400
382
2944
2678
5176
1318
2750
47046
2768
224
466
1602
228
1462
1364
1864
18856
1652
3172
1336
506
242
1912
141800
480
1314
2026
1606
2530
1248
2276
3424
2002
244
1116
3438
1474
40952
2908
1428
1434
2056
1388
3374
1816
64254
32708
2106
5004
1472
3332
686
778
228
250
1460
510
2668
2676
506
1562
224
964
236
1410
344
4488
4538
280
1228
1816
506
20676
58204
244
490
3156
390
1460
1246
1878
1592
1784
1560
1212
46620
1348
1700
2964
482
1240
62330
742
4168
718
1660
22002
240
2054
732
502
244
75134
5298
4144
1572
1602
1658
49828
920
1730
33840
2214
348
1642
1464
38382
2236
1522
1306
165544
2092
1014
1024
2422
648
530
2212
2580
734
1806
42680
1844
5184
2484
674
2040
86888
2590
1972
2076
1576
1450
18596
3974
5316
41690
20216
996
2116
246
1460
1750
1352
1666
2748
63448
766
1350
1412
1550
394
1266
612
474
1460
4748
2002
858
1976
1626
1480
94798
1994
2148
99248
1958
10238
244
80314
169764
3316
2254
1736
31956
1364
660
1404
510
598
33178
860
1012
3144
10340
1852
1792
4652
2932
1746
490
1828
478
862
59528
744
14300
91288
2208
77652
1680
1344
1846
958
2008
1482
250
1828
1808
3534
242
2490
1632
66204
1244
1522
3248
2080
2026
2592
1432
224
3820
1176
74148
1858
1214
1124
484
1386
662
4098
218
9344
1558
6062
1380
1690
1644
2090
2814
3446
2462
1592
1264
488
1612
832
2086
1220
1084
2822
3884
1036
1938
17922
472
2092
1496
3800
2166
1172
246
60566
2198
1240
606
2724
612
2534
528
466
2056
1852
143258
1128
1928
388
3340
530
54824
1196
125488
870
3574
2210
484
954
702
1594
3958
1898
1522
2354
2422
1596
858
5196
32540
1996
5076
1632
484
3420
19484
480
1074
2716
508
3496
1740
1638
514
121356
1622
2290
236
778
53366
656
396
2042
3644
2968
1872
516
380
1398
1422
878
74462
1268
31522
384
384
2338
228
516
344
2570
58834
3314
2728
2250
1548
986
664
1338
1604
240
2698
1592
616
4112
54138
2424
1242
1098
406
338
452
1828
2214
610
2044
16896
388
518
354
1968
2062
2236
480
474
27992
972
70782
1640
490
49396
3596
2842
3828
1740
2184
660
1908
856
12452
1206
1300
72304
512
2134
742
504
592
4588
88394
490
2496
160472
548
2980
596
1386
1858
222
238
354
2474
474
2716
56402
5960
2188
1892
49010
1528
224
1242
3574
4144
2228
3258
2550
544
1506
612
2610
1236
1920
42530
240
73506
564
774
2016
25546
28330
490
916
2054
248108
482
488
736
1166
1324
536
36356
386
17108
1320
1306
4302
5588
1728
504
1718
1104
2384
137124
1584
47956
87814
1756
480
5844
1766
338
242
478
242
1014
41118
2128
40708
1898
1762
341116
352
218
242
216
1886
2874
2154
1990
760
1458
1198
506
1552
3548
1604
1770
17402
1874
2536
490
2836
23662
1422
1846
232
1646
1896
1116
3158
2412
2720
656
2240
3252
2444
50236
1920
612
1522
1850
256
2554
2292
890
478
46476
1596
2230
1290
1402
70902
1192
2062
852
764
484
1188
506
228
886
384
1754
2462
1500
388
1494
2836
2258
1094
3032
3196
630
75896
1570
1852
1906
2192
2322
3722
2508
1958
854
2786
34542
1260
988
1802
1906
2020
412
950
44528
1260
2244
1440
242
2046
862
2256
1024
864
498
240
498
240
6448
2366
48042
3036
1534
20118
2332
1306
1434
2160
3934
2052
1916
108470
218
612
5290
540
728
706
254
1856
1212
38188
2042
1002
2230
1512
1660
1922
1320
1242
1108
2746
1512
682
2064
2530
348
584
2118
1392
2246
1836
51196
346
1752
498
224
510
250
478
1944
1088
16608
2902
65094
1188
1460
24988
3196
4708
1754
6352
1508
1252
592
16072
270
7700
620
1198
2906
244
2266
384
28208
898
3918
2652
1178
11828
1756
502
2716
258
1534
270
1802
514
3362
41254
386
1348
1812
5220
1138
504
238
520
84158
2232
864
3662
19688
934
1482
490
4032
768
2862
2342
15696
1582
1448
2794
1752
478
618
6316
1222
398
250
2042
2118
600
3596
528
1218
386
372
2836
2028
262
1912
3100
1906
478
1172
1982
832
1068
39770
4422
2906
3278
163188
386
1186
1994
2472
3284
238
2118
540
3008
2340
2128
2608
1744
1268
1880
504
127938
2114
2870
1260
2082
1856
3848
584
732
488
1352
1712
18266
2034
1278
1324
5064
4774
86616
394
4162
82894
384
620
598
2938
2198
1554
64132
1082
1686
1762
1766
1306
536
1496
1354
1500
2062
43282
736
4184
1330
22388
1332
3672
1262
2122
1962
248
1454
3268
1116
1614
1648
266
270
388
2816
10356
392
480
1352
2004
1736
4966
488
2244
2820
3644
83896
49948
3352
946
56366
580
390
4252
3270
380
482
4816
2444
386
2310
276
1886
54804
64246
2692
1698
500
1474
1066
260
3076
2496
1406
35072
1100
1432
2118
496
2546
2372
4118
242
2028
504
1122
470
2028
1858
1428
232
2232
514
748
1962
540
134860
2018
6608
474
3068
6768
2042
7660
1882
1668
2114
2182
15200
1444
2018
47668
2806
2588
470
1452
2304
2638
1826
602
2280
3602
482
2136
480
382
59942
388
1516
228
1788
1888
1688
404
1344
54096
12452
2330
2344
490
3016
478
390
600
114580
472
882
1460
1632
2250
2064
1918
1666
38552
1480
1738
1936
512
2208
4494
1480
2250
1596
258
416
1122
254
1940
63198
2814
1928
344
1758
988
1308
246
514
1096
5802
3332
2600
2918
748
552
330
2760
34202
2416
706
2334
39680
276
1168
286
90578
252
344
1650
516
45868
1106
1924
5598
486
536
720
23066
2166
794
1426
2130
1958
37712
1844
1172
3216
1752
246
2582
1120
610
14194
606
1736
392
1574
592
262
1696
2656
174024
4428
1824
2568
24440
1690
3402
458
562
472
23374
2086
3306
2016
270
1780
388
1806
1714
1014
1714
3408
274
3030
248
2162
3120
484
380
256
868
510
2958
3840
3900
13750
3176
1960
390
396
1610
1742
260
2060
2016
1094
838
140182
1476
2138
2068
1580
2368
2088
2534
604
264
1126
2426
84566
2048
1936
1910
1878
662
3466
2072
656
626
1924
236
3478
1638
724
2340
3578
2552
1732
1100
350
392
24100
236
798
1354
610
1676
388
2714
2272
153844
2138
618
1772
380
4518
1468
4850
126544
32246
41872
14372
254
2876
1210
1654
34572
2328
1488
282
2898
1854
384
3486
1614
2654
3162
1598
1068
1940
2220
3512
1756
4180
788
1198
214
466
1480
2560
1296
760
384
1458
1380
3402
121788
2414
778
252
232
1148
2332
21938
1256
2208
1818
270
2030
726
1370
2222
3016
2356
1866
136126
498
400
2388
8652
4198
2458
2946
488
234
1820
854
1710
82464
2378
1866
17666
7986
1850
242
3710
1964
1858
1438
2322
2442
2008
69628
612
364
141448
1634
3112
2696
732
32262
9422
390
1502
38686
1232
584
1406
120880
1724
1980
3180
45188
1636
350
36628
1246
2442
488
1764
1136
386
1566
886
2450
1204
2132
276
542
1948
1088
10018
1364
1678
1086
1928
16714
3326
2032
1260
26856
1240
390
1690
2074
1796
2656
42700
2086
2910
23332
31746
3332
420
1472
1516
898
1076
1474
1372
1824
180326
1974
1496
33658
1776
17702
1790
486
1332
2060
3272
898
1696
15700
802
386
3630
134386
538
844
1342
3392
1392
618
2318
386
2232
2704
1480
384
1130
1944
1196
478
2100
1288
260
1578
1336
2168
2060
1432
10114
2196
3982
2388
1546
1138
1000
1628
1608
3836
85716
1876
242
1224
2468
1320
580
2444
594
3998
1506
1392
1114
12096
36882
3230
396
1872
1246
482
1324
944
1548
238
1408
614
508
1330
26954
7546
1440
2150
468
2076
47110
2080
1338
1930
52010
770
29572
1970
936
398
2972
1174
2068
1376
1584
348
418
1680
49014
746
466
1584
2578
244
1856
2546
624
890
2058
474
1590
1188
1020
382
189706
4872
726
1856
216
722
2944
86862
724
35944
2578
8388
82762
1090
386
2024
3654
1696
386
3358
1934
21068
3602
3490
3770
2058
2342
69560
31246
3784
372
1906
15138
468
3682
1682
1704
528
502
2766
1666
336
1956
1618
528
46340
2880
388
1460
504
1730
490
1904
66030
500
854
2396
1336
18064
348
1416
7700
228
480
3216
1000
1432
614
3530
1130
2428
618
420
478
470
1650
2000
2400
838
2834
2744
3726
1302
1554
1620
504
49454
384
1860
2494
2552
2992
1930
1346
2786
522
1804
272
1346
1130
9072
1440
7454
3646
4012
2818
1526
496
594
748
1390
384
386
386
992
1658
45540
1912
4322
35656
3196
1466
1440
2642
44176
2554
1100
484
580
21958
244
2984
1192
1102
388
252
1146
614
67786
472
476
1724
388
476
1860
710
724
30928
1662
1422
3922
514
49266
522
1512
26866
1362
1264
3474
1632
3680
656
2334
2598
1722
1092
1812
1352
1056
74154
1644
1586
228
1364
11356
1506
2006
1126
396
734
3888
2180
2396
1932
1628
33980
1856
226
244
490
1624
11040
3234
1942
21854
3698
488
716
262
506
252
1596
2568
492
1878
5504
1586
604
622
1568
3512
1858
1148
39950
2910
1444
480
4150
1716
2948
1698
1944
1760
1068
1134
248
1450
1498
2644
14182
1256
520
374
246
1916
2374
392
3050
22114
272
2644
856
1934
492
714
484
390
1956
1756
2280
1980
1788
1946
256
1822
384
1650
3230
1356
1434
244
484
1310
1988
388
1514
2010
2444
968
2592
2116
458
734
23590
5010
1576
240
3030
2092
2744
20460
268
29172
1602
938
58284
114270
2522
1678
1982
742
4286
2082
1924
