111:1100:0:0:0:0:0:0:0:0:0:0:0:0:0:0: (total 5)
0 4 8 72 Thread 0 going to cpu 0
76 Thread 2 going to cpu 8
Thread 1 going to cpu 4
Thread 3 going to cpu 72
going to barrier (cpu 72)
going to barrier (cpu 8)
going to barrier (cpu 4)
going to barrier (cpu 0)

cpu 5 cur 5
STARTING...
Thread 4 going to cpu 76
going to barrier (cpu 76)
STOPPING...
Duration      : 10000 (ms)
Acquisitions  : 31355380
2358
960
350
2962
13642
1626
1412
29498
242
230
17294
2372
2612
2982
1436
402
234
260
852
3472
482
1078
30930
2284
2180
352
5602
1326
1758
1754
478
242
1560
250
1704
1408
824
530
384
1108
1384
230
2558
1504
1280
388
3476
14038
520
1944
4048
3232
348
228
898
3866
12646
350
1374
2984
1350
10538
3976
390
1710
244
39144
390
482
706
236
2686
388
336
472
1586
772
1650
1748
1876
1002
1548
1912
1022
10706
392
1200
624
1476
1284
20994
482
262
2078
1690
53668
1376
454
1410
838
1060
1180
500
1166
1160
1542
2600
452
510
1714
1098
1370
1134
9626
1440
1560
7690
272
1194
708
1580
6214
490
5628
2368
2180
218
2060
1058
1080
252
2200
2126
412
1522
546
1918
862
1832
21824
3198
3274
1182
386
290
406
2434
1210
1558
1882
506
650
1196
1330
1958
240
1362
416
408
478
388
400
9072
238
860
742
214
388
904
1708
1268
386
2192
450
618
348
1248
514
510
1532
392
1342
414
704
1700
3192
232
1442
1578
452
2178
224
1508
1310
506
5928
1148
1884
1292
1204
1400
2224
10392
902
530
404
5070
3986
1278
336
224
1820
1028
3474
462
342
258
760
388
2186
1444
1016
1638
396
924
11658
384
1346
2306
268
47602
2298
606
28592
1840
3128
1052
386
464
1028
462
39254
346
348
490
1434
386
6734
1172
1452
1350
2914
388
1168
30832
9848
212
470
3148
7556
210
5406
1298
254
13378
384
1912
1042
880
1882
7066
1582
338
2570
3826
398
1796
3568
854
6522
224
1758
33120
2236
262
1408
1238
1606
1140
384
346
660
502
344
9934
244
9052
2536
1790
998
2250
420
236
380
1608
244
338
2026
1508
244
1838
4192
390
2800
1420
230
1002
1526
3286
1122
252
1220
2178
3672
2242
1378
1230
1508
2718
654
236
2480
1084
14040
38904
1098
350
1074
958
1556
1120
2930
1398
1270
5716
1312
1452
728
400
596
2894
1556
17394
224
1110
11762
230
2426
1262
250
4980
1520
1148
1672
35604
3790
388
252
892
1198
506
1992
1310
1166
15864
1212
9726
382
256
1872
386
1382
1626
1756
386
992
5382
1386
4270
2478
2974
1948
506
2106
1202
2050
1822
344
4064
388
332
388
338
998
15184
264
1496
2016
2112
388
620
2900
410
9192
14242
15574
654
1822
1482
2500
1436
14744
402
11912
374
940
10448
1094
234
1642
222
790
1294
2536
246
386
572
9736
1466
1846
1462
1104
2248
1906
990
384
2408
13824
1972
1242
1596
19548
346
248
384
2096
4504
1124
232
23768
576
4806
350
894
3204
1794
414
1696
1108
2102
1782
40348
2252
1180
1370
1244
378
1410
1354
1648
1156
5552
258
1560
212
266
1196
518
242
44242
12526
1042
1794
834
262
582
310
2644
254
10418
1280
6846
1548
378
612
1830
7472
262
2478
756
2316
17936
994
1216
20226
2070
1470
1536
384
1442
1436
384
4968
240
222
234
1360
1054
1094
3204
380
8256
17550
1248
6754
384
1472
1256
496
1346
1118
398
1576
2376
1842
538
924
1284
1354
2498
1522
14052
3000
1158
1140
28470
982
588
1282
1406
12824
1570
3300
322
1822
1542
1564
1954
1128
254
2126
2012
1316
3000
234
1466
1524
3176
1030
2022
2124
1792
1276
882
1664
9522
614
1498
492
1978
11490
978
13078
1472
1054
1190
582
1646
6122
1680
348
1898
1086
9994
382
404
200
624
2134
1478
2500
1504
524
350
1958
1156
236
1156
584
388
208
1806
1730
3480
738
19936
388
352
1052
3880
1154
1490
1362
1478
13684
366
226
2200
532
1836
230
388
1072
1338
742
390
272
1036
1240
890
214
514
352
392
398
260
1924
9304
480
2308
266
402
7950
860
1272
276
334
5246
2412
356
1384
230
6262
29628
10000
384
790
1094
2402
1316
1228
996
334
388
1332
388
1912
1584
332
222
410
1130
410
2416
1932
14756
406
1068
534
1118
406
1472
1182
4530
2012
2114
14548
736
380
390
602
568
220
202
966
1204
548
412
1422
1312
266
4676
844
9538
384
1470
382
236
1654
2196
1068
1806
1528
252
386
2060
972
2012
14596
612
1934
1222
15794
496
1798
1218
232
776
5030
1592
4636
1098
388
2786
214
1432
2000
2220
610
5186
1598
2196
2768
22566
474
14442
2162
4638
840
998
1198
902
12022
1962
824
5282
1406
608
1838
608
27494
19084
924
22514
964
1102
2452
764
390
1484
6670
870
1326
1094
29032
1420
4256
208
216
1470
376
1596
26274
384
1608
4696
490
426
390
262
338
972
1388
522
388
1248
22376
2192
270
340
1304
254
400
21148
3672
2438
254
966
1868
244
1910
2154
1854
4966
1096
1388
384
390
386
2122
2050
224
1008
400
424
49156
398
258
246
36678
718
1178
2560
584
1360
484
370
2876
1214
1298
386
1060
404
14848
1808
18218
1464
1764
19476
518
1730
1298
222
222
1554
390
786
612
930
598
1422
3290
344
1518
1154
656
2374
1842
1958
1956
260
234
234
1688
998
23370
222
1532
246
1726
1860
398
1010
272
238
390
364
1148
4150
2438
1416
6772
350
384
1014
204
3878
2188
1382
1904
1506
1684
1848
7420
1406
2078
386
1418
1240
1244
548
24826
960
2488
2034
264
382
3072
852
454
412
974
1996
1452
250
1402
702
232
374
336
242
1310
2182
11966
236
1392
604
848
1402
1058
1740
1488
1418
3530
2804
1060
654
45044
452
25346
1866
584
258
482
394
2458
862
240
234
1414
1434
348
6554
1574
1516
1042
1276
398
352
218
388
250
1566
1232
1218
220
1348
8878
388
1658
2856
348
1060
1468
1164
1890
1092
2000
380
1244
510
2312
248
462
904
3376
384
824
674
2830
1300
3312
254
836
1298
460
266
1398
1038
9886
288
252
35724
2130
1564
386
1274
484
1632
7370
8940
1680
3820
1680
2598
1030
486
11964
738
864
1742
13532
382
1036
2336
1950
268
2268
402
344
1238
382
226
1754
1142
1268
3330
398
1676
1518
276
1400
366
928
2368
31920
276
854
504
262
12578
1012
3542
1624
376
1116
1676
1520
1054
1968
9996
2224
416
2532
1458
1072
386
1264
1008
1314
1130
1398
2016
1190
386
1848
1620
1284
3482
300
388
242
1976
2192
908
1812
1368
260
34004
1722
9930
2274
1258
8528
1762
1820
3288
32970
1260
394
696
1044
1158
2666
672
1148
1540
250
1302
282
37660
1190
2904
73122
2334
10334
1084
2250
390
10070
250
18620
2240
1974
9990
470
2568
1404
2756
1918
2000
2184
1286
380
384
1574
1526
2192
1314
246
1406
1650
1184
1518
384
2038
1844
1370
5054
402
1212
1308
1476
1266
420
1618
410
2174
284
2236
902
1274
352
1018
248
1344
5598
10082
1842
2144
1074
1184
998
268
410
876
3240
262
516
2196
1134
908
1148
1418
1222
1788
1958
388
7848
1344
15448
1104
1582
1136
1300
388
384
1450
498
244
296
386
1222
400
1384
1268
1318
394
1276
1250
3490
1036
4066
8760
244
1408
242
470
468
1736
8228
1162
1476
238
19726
1408
20280
1020
1036
7236
1486
234
1116
1518
724
2858
260
392
334
2444
1508
5178
1322
1476
344
592
484
21096
1594
1060
3408
2084
228
80868
1276
988
1956
2732
1294
1742
930
1308
1468
238
1242
1418
404
2696
3506
252
1242
262
924
1164
3532
1644
1982
40112
2082
348
2692
2584
1650
1220
3668
472
1344
2776
476
1048
9898
1856
8014
1234
1196
1166
2620
1714
1214
228
1136
512
246
896
2562
564
1256
4240
2194
228
254
350
16956
4674
3136
488
1546
6202
388
226
1356
974
2044
48474
9000
3154
262
2368
704
258
242
22186
1368
384
5520
244
1418
1532
466
1526
1746
254
236
6068
374
3200
346
2470
15708
346
578
3384
1606
896
1378
2874
464
1546
1658
868
384
7412
1420
3386
16998
27650
2596
1466
1666
1588
386
884
8966
1668
246
1886
592
5658
892
10856
1024
498
7890
888
254
1248
1104
386
1304
510
1482
258
346
998
2710
3174
1068
20058
2070
464
390
1252
966
404
1154
2572
1348
384
844
1686
2016
1032
956
386
388
1462
1322
514
1654
35166
516
1068
1896
1634
588
2820
386
1048
346
1576
964
1574
358
1388
1224
392
1180
248
1198
2626
2362
1842
2046
3030
836
374
278
1162
398
1090
898
18174
1812
1126
1558
5176
1454
26686
2194
3384
1266
1472
1118
8172
560
1650
268
2260
1010
1332
5264
27800
5052
1674
8864
386
3162
1372
1414
6416
470
1328
1322
32330
1322
1788
384
1922
2342
1916
9566
2778
1284
1678
1972
998
474
1398
2664
13688
2372
2172
540
904
354
216
29358
26456
2152
1516
11134
2128
1416
6586
254
590
584
1658
2086
400
16924
8504
1290
1238
1292
264
398
254
35864
1126
2002
1576
528
1194
2192
1436
262
17184
506
1554
1880
996
1890
27910
500
384
1534
9766
302
914
838
1138
7498
12684
5976
218
386
250
228
1324
1198
1546
246
1042
2154
932
3162
2204
1356
406
556
4296
1162
766
1836
36904
502
1694
1682
2992
388
918
24036
500
2272
4152
20114
6942
6364
26176
254
1454
3634
1352
616
1280
6984
1510
662
2790
2450
1058
54388
542
1400
6366
980
354
1242
3382
2158
16030
5038
922
7822
1582
980
882
1058
1506
9370
6382
3016
1394
2684
1094
224
1916
974
722
1164
1616
970
932
2182
1956
2894
1024
1588
1154
588
942
230
1306
1658
388
1362
234
1504
3650
1194
2414
348
1216
5712
1228
888
16432
1978
8592
386
2206
976
472
2366
802
776
1048
738
774
734
282
756
1020
1264
770
804
726
764
776
1128
240
386
3844
968
2746
7694
2032
884
1296
236
3784
1236
388
1272
1506
1160
1390
352
1366
244
342
1122
1510
400
1018
384
2008
602
17634
1518
290
454
400
390
868
1112
1618
2962
2312
2546
856
852
1062
344
418
1600
1952
570
238
1142
29490
502
1450
2294
1084
390
1328
16908
6254
968
378
388
388
278
22584
4376
406
1150
1274
1466
1088
7452
492
354
2498
2920
848
12458
11204
524
1320
1558
286
7112
1160
512
1510
2184
1686
2132
1392
988
1398
24660
1622
2052
15706
2004
384
24160
372
1380
1998
1132
994
2106
15186
1284
1368
42586
398
3198
352
1000
388
61808
990
2768
1256
250
2528
1560
1522
24460
242
1136
260
1128
1620
1168
586
1822
3032
244
468
1552
1324
10062
264
1620
402
600
250
1214
1810
390
486
1134
3274
1382
21982
17480
252
2184
1144
1292
384
240
1122
758
3770
264
854
3190
1246
342
824
4246
3186
1722
1548
1578
2506
1500
5608
1236
1266
1730
1756
226
912
1118
1076
1492
1188
1818
1040
260
2168
1186
1124
1880
1170
24170
3348
386
1940
1296
1418
1006
5998
1788
3588
830
384
2292
1504
388
7800
1346
482
1562
478
252
1086
1126
248
420
1166
1496
45580
402
754
1142
1272
2154
986
3288
348
248
1710
1000
28972
28224
1770
850
20228
1298
476
1500
1274
3098
404
1058
3708
11644
384
21152
668
1524
272
1400
1174
31340
2418
238
536
482
908
2274
562
1224
242
2128
248
1218
3316
1456
1050
1140
2248
908
470
1190
332
3230
4996
352
6890
1560
1030
2340
1518
1144
1932
1620
43396
1092
1410
1650
55820
2846
252
1946
700
2078
1754
216
9946
258
1220
2710
390
1016
1544
1510
262
816
834
1194
2926
1486
4770
1828
388
342
706
384
1318
1482
1092
744
1354
22882
1926
1540
592
2254
1004
1712
388
586
1124
456
2648
1038
1122
634
18598
6384
248
61822
39776
82
254
390
390
14294
33256
260
1036
147608
4424
10806
72108
15464
27638
8394
23118
2924
262
378
380
6422
17788
8286
2258
47002
13058
276
978
4128
16680
6608
13472
250
3690
406
17200
5634
15192
82
12680
4624
12820
9578
278
274
44088
646
1910
254
502
27606
5206
1506
1190
2004
39658
10308
4408
22254
7144
248
7050
812
25530
34440
9106
512
506
13960
372
406
28978
3098
15084
14330
380
746
272
478
63580
9468
18070
478
26606
55686
13918
80
9244
402
5878
8350
374
30076
256
3410
36200
14842
42940
7460
2676
1078
14704
402
644
18722
11604
380
21200
27440
614
266
21174
31994
390
392
44762
5662
392
18308
378
5822
15814
10258
23786
258
6986
9908
7828
9344
228
18712
19386
8392
30206
14080
82
6130
12750
60302
404
3960
10466
248
1086
260
392
496
992
372
14178
232
16960
636
384
386
378
21058
272
10724
362
4198
6242
256
830
5424
36196
19532
4194
2262
35700
422
17980
24906
256
258
36326
398
9150
24588
380
5502
11956
57358
5382
7342
392
11112
3246
26630
7090
82
6664
272
378
6924
27630
2552
7528
6026
3692
37962
376
268
1770
11508
84958
13274
51230
21092
258
250
398
15740
368
19648
42702
5406
6802
27270
500
526
396
5980
2660
36212
7714
24352
11022
256
30400
82
396
17554
394
274
7500
41776
380
72776
382
28140
4172
3776
47836
9036
5558
9500
386
21844
35684
7500
256
52454
402
504
9418
980
24332
19874
396
386
528
386
14808
3788
30288
9200
18294
390
9764
23748
24672
376
520
262
29838
1496
388
376
370
378
68
67774
17528
80
10234
70978
384
40556
674
23432
10238
2544
3386
256
7440
6458
382
32660
728
17686
67764
370
262
6252
29244
7342
23384
20338
73000
82
18810
40998
50716
53850
278
13036
3110
30592
814
9948
7068
7458
838
38688
29452
16280
250
12102
21160
6346
2820
8166
514
32954
820
86
7708
16830
14356
624
1182
20702
386
1766
532
5618
8116
5484
8796
9564
2010
7982
17174
6024
6258
396
28072
390
520
34408
274
38046
844
380
8830
388
7872
19054
82
384
45384
18150
45970
17570
384
6136
20162
6754
524
364
11940
12246
5682
268
982
290
2342
380
3352
19914
8662
12720
428
552
248
22736
21432
3514
11438
374
6620
6590
4664
2658
26528
386
12524
6904
522
80
380
3928
9188
6024
372
382
952
20888
6878
262
258
13960
510
16872
11928
25550
532
404
230
82
22860
40574
1752
22072
1118
15346
264
522
27584
5506
12362
478
80
28874
3480
386
3956
636
1088
994
376
268
240
45368
3844
840
14898
486
5948
5866
3502
9072
514
82
252
18450
5658
47212
6196
242
7038
19676
3018
4144
6926
382
384
392
1682
11172
2992
15560
41168
534
82
18918
82
498
31436
384
256
12010
8546
242
7984
2218
244
398
18012
10096
9950
248
7872
23276
268
27888
4576
270
36750
2040
870
400
10324
15094
378
14430
20220
7778
13926
10746
2038
498
982
12220
378
512
522
520
5988
378
1908
982
8712
376
612
520
37078
34326
31532
372
902
262
406
258
3976
11806
63166
19232
38850
256
3678
31896
49002
35532
7694
22934
18748
18550
6844
1914
24874
404
13260
44722
31816
16740
11770
258
28432
16628
11822
84
2520
5464
58102
368
28378
696
34926
392
9214
948
1756
5656
5612
4524
242
24594
396
406
518
7470
9026
17978
4872
14164
12002
392
5946
504
238
272
43368
498
376
1138
21248
11382
36440
8758
113204
14502
18748
388
2902
12618
266
18470
8390
10236
80
388
11230
6678
754
388
19326
5780
838
50112
552
5376
266
1752
374
82
268
12276
82
37628
23308
8070
7732
62340
258
364
400
82
13188
45928
33612
250
37414
37558
18856
10270
20780
374
390
14844
378
23730
386
20132
35014
256
5178
478
380
70
374
9726
9524
10620
392
2656
21262
500
22282
17344
386
14634
9242
56490
262
380
388
5122
13536
380
402
5124
272
5606
378
30764
12788
382
14792
972
5650
486
406
8486
12760
5552
11562
18930
384
378
9526
16078
19804
24208
26938
278
268
262
3724
240
22900
2506
258
244
11110
8118
1400
242
508
3182
4016
246
406
250
400
80
25294
3798
620
548
7436
84
3688
384
532
17222
26842
240
1186
15596
512
31800
8916
412
16402
50494
3386
2764
84
18046
734
9410
3862
256
82
22036
244
260
378
18728
246
426
394
1146
422
280
19824
3868
386
504
386
21042
21938
244
364
622
39070
6226
33784
44818
254
15488
86
240
2936
25154
4070
10176
2204
42634
406
484
3174
7308
13608
8110
15032
260
374
386
12964
53444
244
12178
28720
506
404
32416
80
14250
16310
17804
516
1818
11252
24416
11898
15892
944
260
7846
28640
378
666
386
15758
34646
258
380
6686
32778
5718
29824
7730
5202
8018
22828
4408
23824
32604
246
384
3516
258
22606
14970
30568
9270
1116
4746
19834
5190
18682
11038
9858
16534
8576
1206
3006
520
7534
8496
402
258
2492
9214
9612
4682
25820
110466
502
6376
404
256
396
754
618
27768
5630
5678
518
30658
10836
13472
5812
32946
27330
254
7706
25634
37484
20116
628
22420
18094
80
25058
16316
23740
3514
43252
66640
2904
80
14254
82
13152
17392
2132
80
386
2146
17142
526
64068
84680
14602
3932
6032
26062
386
4588
1218
976
2200
10706
9378
21152
244
9350
1230
17420
16238
26714
376
21384
258
390
19426
7604
2502
16108
28596
20626
390
26502
10320
9782
4446
380
260
836
12628
52314
1188
16788
4180
406
2026
378
932
80
254
18772
27140
14496
63584
2386
8828
410
12226
2488
264
484
4302
7658
386
370
10402
3376
14618
258
250
11376
256
11656
386
400
50600
39356
9958
36810
11076
57486
246
16250
796
5850
376
3316
250
117856
8686
256
14788
7198
47886
602
4902
346
786
1896
9204
930
1602
1128
1342
4948
1618
1222
2146
1650
7244
1962
1766
392
248
2028
1640
1044
1014
370
1204
1172
394
2096
1732
272
2958
1516
500
398
2140
720
1186
414
1740
1406
474
250
468
1920
1432
390
1120
1874
238
14608
1648
1712
1410
27290
404
18642
1262
220
232
1400
370
460
1048
226
274
898
3362
1090
240
3748
32268
388
224
1228
240
7918
1398
1472
2972
1832
1490
858
2642
3828
536
1462
1608
1854
19052
388
1504
3678
346
330
2256
5966
476
10276
1516
1326
242
644
202
1308
9460
518
1248
386
332
1722
500
12728
30516
1918
382
246
4390
390
1490
1202
344
1554
1318
464
1532
1106
1078
222
1762
10448
1870
2652
1262
24070
324
1134
54434
1840
2222
1500
1000
916
1800
1368
1682
936
382
216
2718
1562
1424
1616
7828
350
244
1444
1214
258
9844
1088
946
13568
1220
748
914
248
234
1944
240
1330
1800
1748
860
804
410
2128
2502
390
1052
1574
326
1218
20134
1154
230
396
488
1052
328
1128
1286
3880
518
1704
1210
1276
226
1492
1294
958
1146
384
2326
15736
3776
1202
1108
3852
3876
3230
1802
2052
1510
1336
384
386
2490
1416
2132
494
1620
1182
2186
1464
346
384
392
1500
1142
2050
1180
1330
1264
380
1268
8828
1550
13592
2162
396
1568
1696
226
7878
1088
1588
1118
15818
1370
520
50090
32430
484
3464
1332
3758
43856
1744
4572
222
1354
1082
1004
1098
4160
1248
41364
396
342
244
1594
11116
1826
15960
384
1350
864
1474
230
1320
7256
2018
6008
1542
496
1226
1408
1134
6990
1956
1420
33286
476
1500
348
896
1592
1266
5496
352
9922
5980
386
390
1404
476
1202
270
1266
902
270
4424
3090
268
1816
1696
232
1412
5196
368
1572
1486
1612
398
1412
442
596
1676
1492
1110
278
1436
390
246
352
1500
622
1380
1164
864
2808
3060
236
388
1092
1318
51216
410
1108
1818
740
1042
1364
1222
492
1344
1030
1612
2692
1312
1218
3508
828
2072
1786
404
228
14516
1268
14236
256
1500
1902
4492
1228
1176
37794
242
346
388
2818
938
4564
680
864
15536
1274
10956
270
1728
1154
1880
1926
1194
1578
952
976
394
1264
2760
1468
252
348
1608
688
1650
5056
968
610
1002
2554
6664
13466
348
608
2046
1890
386
1810
3604
508
546
2474
6588
372
1132
386
30554
238
1404
1212
516
378
1270
26996
3100
1016
10648
1522
392
1528
2408
394
10404
372
460
1596
1916
1600
1218
1830
382
1456
386
688
2522
276
13664
1080
654
1336
718
17490
342
388
244
3180
234
1146
5126
33112
4512
2396
1032
1090
1216
958
354
37332
342
1496
348
1532
1116
1572
2298
1120
1410
1464
1658
6090
2726
3294
44018
1094
9190
3282
1728
3864
850
19686
340
352
866
3634
1032
3478
240
622
342
2216
384
1646
1276
226
17292
1188
1040
21714
224
1096
1966
2356
1378
1794
660
618
404
2858
1272
1346
14832
14586
474
1426
10070
1598
1670
1288
1496
1494
398
1308
370
2446
1328
3334
758
15964
4540
932
1328
386
3538
256
21106
834
2076
854
354
12540
334
1200
838
368
3192
388
974
350
1206
1584
1774
1946
512
934
530
1354
4902
924
1494
210
532
1504
864
520
1152
1692
1270
1644
1426
228
11730
238
2238
10950
2434
11344
236
1204
2268
1898
1812
6456
1864
342
752
938
12896
588
1244
1066
682
1442
2582
2362
1556
3340
1364
406
808
388
998
214
872
744
464
508
20018
964
3462
1426
1208
1368
1018
14916
510
2274
460
2572
1304
3344
1146
848
5054
370
11306
278
9526
850
1490
7982
344
618
1870
8932
26782
1720
1226
9674
1292
1140
348
2724
1246
2354
1854
2406
3288
2926
244
1384
384
16968
2204
2346
1102
890
344
498
410
856
2182
1214
1168
12824
7298
1192
3452
1614
2396
5348
1124
10268
242
2848
926
2142
1426
1160
2638
394
1112
1418
388
15640
3210
1148
15066
2922
1142
2240
1378
236
870
576
386
1230
1274
232
484
466
220
944
2152
1060
1926
1268
490
1442
526
9558
236
1110
270
1876
3918
19286
100
92
84
84
82
72
70
76
88
70
76
74
74
86
74
8702
532
1030
2956
1134
948
958
1116
10972
246
1580
1018
790
3826
1472
3116
48290
1104
644
20196
1676
956
1470
238
856
2414
8582
852
1340
818
654
480
26356
224
1206
2228
958
1682
2550
3796
402
3320
9592
24198
352
1130
338
392
474
1116
1116
3882
350
1064
680
238
2026
8792
1024
350
2106
242
1708
1176
1566
8386
340
220
1244
266
1326
322
1568
862
1438
1028
3022
428
23638
1188
220
336
11476
1810
1012
2884
1650
242
380
952
854
1458
1510
350
1252
1040
1758
496
478
328
2520
1604
2180
1310
13714
3234
866
1126
1646
2760
612
1190
480
1170
3094
3040
1418
358
1198
808
1936
2082
1096
1428
1596
494
214
338
1808
2342
1188
544
532
22820
2150
1550
338
508
1488
4736
1546
2514
23656
406
1914
24456
220
400
404
1086
402
1772
1304
1866
388
228
1298
484
1162
4974
996
924
2908
622
4326
54998
36858
826
902
714
1920
2892
2904
1212
1998
2060
224
14362
352
17968
1062
1404
1212
18258
2340
518
4466
2210
1654
2494
1674
1056
222
1844
1440
4918
1420
844
372
2904
1316
23056
1792
2072
600
750
384
2268
4176
4070
1036
352
1622
1780
3070
1298
342
2718
1538
390
588
388
1210
512
1834
1110
1582
1624
1848
7208
1782
1766
2964
1436
680
27638
1588
390
644
246
3066
246
2382
2282
1466
570
882
2194
5764
2184
10598
420
2068
2080
1006
1162
1086
758
390
1658
3322
1778
214
386
1090
2460
244
41854
386
2612
24928
274
37358
2066
32796
378
1358
280
3828
716
266
2204
1746
352
1756
1098
266
398
2100
1084
1462
1568
388
1568
2430
1720
584
392
7280
726
4354
1500
1162
864
500
1382
1020
742
500
952
1876
6588
36416
1628
1324
61358
500
2294
336
870
356
9626
242
2438
1124
388
2526
680
1302
1952
862
1304
1770
606
234
1358
1478
5396
240
4768
1714
1626
2388
24672
218
1578
2016
242
1892
1222
288
3450
2086
254
1408
1102
1260
2858
926
9170
34780
594
2722
228
4042
2516
1088
16792
250
4670
1550
588
1132
250
404
1462
12620
1002
836
966
1254
12170
2080
1458
1596
2424
2402
2816
1230
1424
1524
264
388
2780
1130
1722
1606
1552
254
34120
2186
242
344
11556
1164
504
732
2076
1732
1310
1232
1114
1536
338
1056
10454
384
1590
254
352
1344
1652
1746
1246
1064
1010
1296
1396
4794
894
252
1366
1424
242
236
532
3674
248
1830
348
2576
1810
1660
244
31308
382
1086
898
388
242
8602
386
1816
1244
392
8026
270
1244
456
4194
1202
342
578
30996
3504
1470
1196
560
1372
1198
1530
2076
39288
1286
550
218
1462
430
48892
19644
372
1118
246
1526
6332
488
3420
30088
350
1762
704
1226
466
1524
10374
390
1458
2460
2076
1270
404
1230
244
1406
2496
1264
1568
1808
2174
1000
1236
1326
1826
352
1516
248
1210
7048
1160
1726
1352
1532
1934
394
1926
390
1296
1706
2206
1842
5196
9744
328
3630
386
892
1504
1680
2600
1174
1260
3320
388
1672
1200
1104
1258
1688
1732
1552
386
10030
17704
1390
1570
1604
2956
4008
2296
1474
1508
2536
1060
4382
1248
880
720
492
8946
1824
5468
254
6186
1552
1778
2074
602
482
14304
388
840
1238
384
8256
12016
1298
1454
8298
2056
1016
1012
1170
1186
3628
510
1728
2038
224
248
1346
862
274
1002
23066
1564
1458
4954
498
78986
268
602
254
1430
878
1086
378
868
758
3754
1504
854
1196
1554
1260
2416
412
3662
2376
2242
1028
2600
220
1150
1664
1248
40102
1782
386
478
1462
340
580
1504
1232
7106
2080
472
2204
1272
10322
246
8370
1310
1164
1268
1316
482
1422
748
1956
3110
1678
398
2148
1662
494
398
256
1730
482
13282
6364
266
452
288
352
1424
238
260
384
2028
1006
7440
1782
1688
38932
10942
11042
4570
23344
1114
2206
6466
1562
2362
1174
6652
1720
240
504
2134
656
1580
388
12496
396
3056
392
376
248
1258
1496
994
3026
2382
894
3766
6004
1428
1144
390
418
18564
378
588
248
24888
386
274
1324
346
3800
2106
10206
1500
250
6074
386
1240
12060
7652
1856
2270
1460
2538
2360
2824
986
426
5004
1772
25196
834
2034
1648
464
1256
2352
1668
1414
992
1464
3272
4218
408
38624
1508
1274
1940
256
242
480
4188
1236
1584
1648
1862
1742
1718
1220
226
1402
1044
968
248
1524
1618
6004
1896
780
878
15532
244
1138
406
1120
1088
1512
3682
1580
27194
1212
348
1796
564
388
1676
1758
1546
8100
2266
2080
472
1132
1106
1262
3478
1754
390
27268
3584
1464
8878
2394
350
612
1424
1200
1150
6970
1786
1508
30036
348
1188
1542
1974
414
1310
284
13514
3142
3438
406
3302
2154
588
1392
518
12528
396
1316
694
1896
2414
7316
21702
248
25798
244
1168
348
11090
1372
262
1438
1556
508
264
7574
224
1224
3136
25662
862
42236
1346
384
1742
3260
1520
244
388
868
20514
1282
2090
1230
31598
2422
10584
1074
1482
9350
2264
8080
10928
866
1340
2504
1404
246
772
1858
422
1272
262
1290
3114
6552
348
1830
36852
1260
352
1170
248
3432
1290
22422
1978
398
1162
352
588
1842
19816
348
284
5428
1144
2254
28616
1432
390
400
508
996
2228
8030
2158
390
340
1352
348
1418
1352
400
246
38340
248
13870
7678
2228
1040
3508
15450
590
6920
9576
1548
1086
858
1224
1148
7278
1032
9868
1180
412
1752
2306
388
1086
822
1310
950
352
1614
858
1224
388
900
392
1082
3248
964
1746
1906
2168
1000
234
2182
1816
5772
1598
252
2692
2664
4664
1094
14376
414
1246
240
11286
350
1286
1904
256
254
814
774
746
790
732
760
1310
746
808
252
782
750
764
736
774
1062
336
3454
1138
1710
2238
1994
512
22048
1076
762
1186
2666
3382
1768
1430
388
11098
3320
1738
9720
1640
17140
348
4086
6608
876
272
548
6582
396
1594
346
1010
764
1808
288
220
390
480
1196
2302
978
1126
1012
2740
2808
1088
2616
1962
20714
5330
1356
1808
1810
256
584
1786
382
1508
384
2618
1470
2588
1716
268
2656
31940
1038
424
1466
1868
1012
15292
7580
25140
972
2228
1946
1540
1556
1136
2034
8808
1536
386
570
1106
1452
10828
13680
1426
2314
390
4586
1008
2240
1074
580
1238
378
1288
356
1100
1440
1212
26296
494
850
388
16136
1264
24962
388
2020
1054
1452
842
2018
12390
342
400
1294
1128
1054
41678
382
2064
386
392
2196
62268
1428
1080
412
988
1462
242
560
1452
1234
1304
24750
1886
1126
1538
2282
1572
278
492
2444
1104
1186
10748
276
3592
1616
3306
1062
492
384
1350
21846
396
1430
9890
350
7380
698
1256
686
3234
1386
3132
2226
1314
252
390
2254
1840
1320
242
386
388
268
1280
604
438
1564
386
1390
1582
2192
1494
7042
788
1398
374
1578
2450
1624
1308
914
1278
744
506
1258
1656
342
284
1036
1618
1380
1370
1770
12160
11326
220
370
350
2544
1234
1188
1042
5818
1334
396
1186
682
710
3176
382
888
10162
1884
2692
1224
2492
1302
1656
260
5198
36686
266
332
1534
1200
1580
1336
390
1688
1696
382
790
2476
288
1092
28816
30164
1142
6228
13916
1128
2188
1150
1442
454
2762
1894
