1111111:111111100:0:0:0:0:0:0:0:0:0:0:0:0:0:0: (total 14)
0 4 8 12 Thread 0 going to cpu 0
16 Thread 2 going to cpu 8
Thread 1 going to cpu 4
20 Thread 3 going to cpu 12
going to barrier (cpu 8)
going to barrier (cpu 4)
Thread 5 going to cpu 20
going to barrier (cpu 0)
going to barrier (cpu 12)
Thread 4 going to cpu 16
24 going to barrier (cpu 16)
72 going to barrier (cpu 20)
76 Thread 7 going to cpu 72
going to barrier (cpu 72)
80 Thread 8 going to cpu 76
84 going to barrier (cpu 76)
Thread 6 going to cpu 24
Thread 9 going to cpu 80
88 going to barrier (cpu 80)
going to barrier (cpu 24)
Thread 10 going to cpu 84
92 going to barrier (cpu 84)
Thread 11 going to cpu 88
going to barrier (cpu 88)
96 Thread 12 going to cpu 92
going to barrier (cpu 92)
Thread 13 going to cpu 96

cpu 14 cur 14
going to barrier (cpu 96)
STARTING...
STOPPING...
Duration      : 10000 (ms)
Acquisitions  : 12781868
18068
2300
4240
398
5444
2112
504
3128
360
3830
2390
474
4020
3426
1844
2180
1866
367134
72686
2618
3696
632
1272
7176
2262
1512
2344
6718
1382
4570
1432
96096
75040
2038
3442
5040
8110
3224
4456
1546
3756
2128
2678
4552
6188
1194
8680
4868
862
2198
3316
1672
2962
952
4050
204716
4698
1370
2612
4770
8062
1562
5138
2978
207810
281538
3198
1334
2380
1130
116252
4086
4704
1768
248
3246
1998
3802
107998
4090
4598
3282
3272
5464
1276
2082
3484
3090
680
582
786
2820
2064
1932
7504
82852
256
281128
2124
9246
4398
3194
582
4950
8092
836
1584
425928
4352
794
538448
7638
666
266
416
8080
962
14104
990
2644
914
42102
4776
1376
98498
422
441202
2204
3320
1496
161628
3748
2630
346592
3778
1982
3460
422612
5878
888
424
1792
6148
283646
2284
2396
2814
3492
2376
2006
3484
2436
1266
3004
590
2412
69088
2170
5500
1598
1432
2974
3468
6880
626
3144
984
3074
4896
492
2378
3628
686
145490
7122
2012
394
5350
920
86260
1768
746
1124
256630
1308
292524
476
3822
2510
2578
4512
7982
109978
233394
2296
3974
1008
994
3852
1816
329300
70430
638
636
2774
10620
282
952
522
13848
280
3250
2908
4214
1900
6468
3490
258
5192
2672
9602
236
2014
2154
4668
4404
1664
1340
3726
3638
4524
394
4184
3146
1646
2168
980
1828
266
4458
2276
1012
5204
1460
1414
31058
994
3988
1948
3334
5272
1094
932
1188
3614
2630
614
2952
394
4216
1912
3748
250
1514
1526
305184
1288
272
3968
2338
1958
3558
256
1804
4642
2132
734
194864
1228
5076
3724
4054
3570
488
2920
140608
3568
95214
1430
5926
1704
6828
6876
5392
8642
78964
2784
4362
3838
418
1766
131746
3912
4270
5698
400
2366
2304
19736
2096
3720
2282
2364
439882
8598
419434
4738
2240
1848
2322
290
620
267092
1718
387054
31726
7274
568
2618
3720
3418
1898
1888
5096
960
7780
2240
4724
1086
2930
1432
4074
2014
176290
256
5124
398
700806
770
7230
3974
286
536
2392
882
776
1880
1828
356
2632
6580
4424
5696
2752
3202
1530
2666
288
398
4286
1318
3096
754
3468
1378
4368
732
389886
2558
4328
6352
1170
3658
1522
4334
228
224884
5634
6202
4888
1892
2918
1554
4706
4332
2834
624
2172
3056
5788
2098
2182
1120
3846
2104
610
828
2112
526
1130
3958
408
2782
98086
3950
4002
9226
2058
3188
5174
1376
7620
269918
1372
1104
1148
746
1806
4560
686
8686
2746
264
3112
1832
2504
1954
3642
788
5406
460608
4372
4036
7170
3892
3880
2980
1512
3430
3716
5754
1540
1065622
1212
3744
3320
3810
114328
6692
455456
117458
4898
1856
768
1564
1352
2524
178174
5850
394
5350
602
2164
1382
860
2292
15454
282
528
2570
3234
2066
998
3524
434
1628
2218
5342
4940
386
264
2498
4054
1636
422
2864
1176
264
502
1752
41068
626
1442
1110
2378
2448
3618
3332
2310
1056
3496
487560
4118
2096
942
278384
3434
2530
396
96416
436
8672
3412
396
358
1856
2066
9410
4252
2710
474
127506
250
58540
3678
1732
688
1732
124264
698
2786
9950
6270
5098
1804
450
4352
4422
2030
3416
2832
4518
3418
396
158324
2108
221470
4684
4742
13194
14884
3978
682994
4510
1796
6604
2330
5848
1128
2894
636
740
1252
412
764
1848
3856
26768
4156
3570
4206
2502
3932
2366
47250
2830
254
13994
492
6570
5892
2196
360
1896
1506
7156
4060
3232
6606
3492
12200
576
376438
840
2706
3750
6616
3174
5804
2394
5926
6632
3406
3688
722
3084
4594
11556
7156
1938
2036
5740
4840
268624
68548
3508
9714
147878
1260
6930
3758
3022
1074
1864
4966
3148
8018
4172
3336
4330
2586
1758
1262
7778
534
8126
5202
2274
1898
2376
140794
4120
1526
2806
3240
4362
6252
2202
67730
6068
5104
4058
4670
3274
48442
272
4668
3972
2184
2000
180842
107428
2344
99050
1548
2172
3344
2502
2244
1468
4504
2232
3280
3196
414
1586
458032
838
1244
1248
3192
6672
2748
636
2726
7658
3138
81026
3818
115688
512
1988
282
398
1936
676
6896
4888
5754
638
59914
20514
2958
4160
992
360
1018
2224
42614
410
1960
32220
4660
3016
27598
538
265434
2462
556
191524
3602
6882
5194
356
246
2542
5572
858
4668
3934
682
1406
7726
3290
288
6036
1672
2940
153350
1758
3982
484
5026
6396
4718
3026
1434
680
7924
3628
2248
1284
4554
5966
2054
384
309808
183090
3858
3404
382
2346
6860
3652
3968
2520
1496
2328
3026
3694
3832
3032
279720
1914
504
2550
1886
6018
2060
394
2864
2910
2398
2386
4770
4532
168596
1138
3178
3498
6256
4144
2754
2758
10830
642
2762
7560
1966
223598
1974
3842
2530
1996
4380
400
1972
1040
59142
1520
4530
2688
2104
5228
4710
7306
4926
3602
5982
3738
2160
171156
1704
1708
1728
2878
2238
2262
13598
3304
1792
1704
3118
3852
5608
1496
37980
402
1636
612
1762
2338
1812
2198
2944
2030
1700
3846
365860
2238
198754
2752
24734
1348
436
3054
2806
286
3626
1486
141852
2536
397910
294410
464
2354
2462
1810
3530
2384
3608
360
1904
5300
904
5942
620
3252
3358
1756
3508
1604
2688
254
1862
732
2792
2694
2346
2982
3842
1484
1380
2092
1396
1652
2788
616
1050
2142
548
1674
2444
730
2712
216532
616272
3346
3002
3530
52464
3438
3976
1434
4236
3870
2376
82982
3820
4436
1330
4014
3598
810
1004
3284
30020
3426
7650
518
5734
1070
6422
1148
4668
4466
518
1526
636
2776
1890
3804
1548
1260
2082
1001524
3502
6376
1040
1158916
3246
4480
2552
1504
3068
3106
6438
2074
796
2282
1116
422
9400
5052
2888
4714
5574
2122
2754
1550
2954
682
266482
4068
4530
1144
410
2092
2094
26698
540
2650
3722
3576
6216
336968
667824
1002
3224
412
4044
5584
1544
3606
1800
5684
604
37414
1142
1512
1118
2638
1956
766
1966
9582
342452
2532
2940
2310
3710
6212
3212
2218
5366
4898
4940
4446
396
3468
584452
764
7268
4036
412
5528
1092
4732
4416
4440
3254
2592
4622
2836
2082
411902
6554
674
2168
6422
2810
2096
706
3556
541254
1310
490
502
112438
1142
392
3260
3856
1838
796
221902
606
2764
3290
5354
3938
2304
436
1700
3834
4042
244
398
394
2600
3702
5922
3934
1836
10650
2894
3140
1890
4286
3438
262472
3718
3916
3378
2194
7036
3728
5060
688
3870
2648
217192
406
4700
4152
4602
2348
2788
486
754
3136
3788
6736
343586
1924
6798
988
10152
1768
1748
3520
1826
6070
4016
3400
155506
252
2910
10438
478
3106
4340
278
3844
1974
608
2118
4800
3138
398
8398
2120
206658
3796
7162
882
3120
822
7316
135944
1844
2538
8400
1966
484
3582
5376
360
3426
2946
2246
8522
244
107950
5068
4178
1446
2874
4650
3748
3620
158706
2754
1042
161526
260
2600
580
12228
2362
2610
990
4550
6566
710
628
4538
3046
5160
145986
75084
3098
1152
3964
3374
187340
1604
556
1404
4740
4882
3172
6476
1038
3676
1166
637276
892
3116
2570
33638
1832
3036
3312
2602
860
2204
486
2068
189770
3164
4144
2424
1118
1770
7290
3894
942944
1226
3154
8362
1952
304
640
1970
2034
4090
2318
8076
4614
1382
2350
1106
3444
1968
102184
3752
6334
12352
4332
116516
2636
2678
3630
6294
5294
4244
902
410
6222
1670
2826
2422
1442
2448
2086
678
5208
624
3868
113548
3026
6942
4854
6240
990
280
45126
5016
7112
129664
726
4478
596
1396
2188
438
2874
2294
8594
1516
5888
1016
2696
1746
6316
2394
1014
4566
4840
4010
2564
3462
1380
1348
6226
3620
4222
8002
755986
5574
1668
7648
2440
2760
7666
644
790
3892
9626
3642
1560
282
4806
293038
5492
6372
3586
4616
7814
6578
1710
358
5110
1804
3354
1758
105876
234
1800
1400
7860
2450
3274
4436
5278
2246
3332
2092
838
4782
3580
234
2064
2670
3894
2828
3510
400
5976
1068
1310
1962
2010
362
3422
1694
7084
3342
352824
92096
1488
5568
1008
77382
4292
6858
2640
402
2500
1188
1112
3234
2248
412
10144
6334
3918
488
2620
3360
2194
4914
1846
1390
3322
1134
281214
2390
3768
5230
1844
2210
1302
46620
3350
1616
456
4166
1528
1968
2304
2886
4888
104060
131170
2348
2366
3852
2788
8358
6548
3920
106780
1858
3264
2418
3096
2548
5046
1590
424
5146
558414
110612
5770
1666
33648
1890
1578
5040
3320
6210
4098
1790
3040
398
978
2506
460
5474
10422
3304
2110
3348
2756
3446
486
4272
3020
4430
214250
5642
2026
500
3614
4138
1490
1818
1676
3766
113142
748
952
53512
115022
920
27170
4938
4586
3478
2948
2724
380
1310
2794
9706
4104
1042
1752
1976
2402
555502
990
2998
3176
1368
1422
3310
4292
922
8168
664
1312
2388
3556
98780
2956
1436
3208
1278
912
59254
2134
522
513752
2346
1716
2046
6472
696
5672
740
7160
1242
2640
2072
2166
2968
2062
4670
1786
3364
93148
4582
4366
6348
7164
111998
2662
6396
2290
262
630
2526
3736
4282
2032
39302
4024
5276
2070
5604
236
2882
1320
3716
1276
1690
165548
1742
1158
3352
3930
294876
3294
1012
2140
5598
710
404
2998
453572
2124
2954
484
7842
252
2862
3812
5740
1496
2838
18570
3204
400
1778
868
6020
5474
4474
1064
3316
5146
3348
884
1662
3146
2622
308
673832
1938
568
3796
2468
1884
4038
2734
1754
7400
179516
2360
3994
29354
488
4560
454
490
2350
4130
272
4762
1808
308578
1870
122158
7320
546
588
780
3140
1626
290
122556
3322
5404
858
242
1055544
5108
236
4590
1266
900
974
254
559940
454
1190
3136
1070
3952
416604
6314
3224
2658
2020
420
12204
442
3204
1104
2826
3406
58002
28926
2818
2888
2296
4320
1104
2716
3576
614
100248
742754
3068
2212
764
2236
746
736
1462
1908
248
2504
1372
2078
3268
5798
5022
2318
5604
6888
310918
2312
2202
22848
2008
428
2302
2056
400
72274
4088
73570
3558
1422
3918
5590
2746
3398
2754
877586
3276
480
2818
4306
83582
25248
3666
2226
46472
3678
3512
1964
2272
2226
1790
678
100942
3328
4278
5576
244
118880
4508
2762
3058
1660
2272
4436
602
3288
7142
5170
1786
4890
2610
3112
2158
3292
1092
2100
1376
644
165534
1734
1418
2606
396
3422
1990
1162
2146
3882
4244
7678
740
1022
2534
1966
726
5568
678
3924
272924
1014
274
1966
2782
2892
354
3816
7214
1022
1242
1798
3384
1424
6764
1036
3388
2308
3230
4012
612
4328
2230
188954
3458
58774
2596
3586
464
3156
4644
3444
3970
2010
526
3236
4052
2540
6122
3754
3428
1944
996
2644
2628
1538
1524
7628
3386
1356
4218
1388
2358
2928
210364
204914
6112
1220
3326
4410
998
3524
454
1584
3390
4580
492
1574
2472
2868
2720
1576
1004
1048
2732
1222
1566
1706
277224
1876
43760
4384
127294
4332
2946
2278
5814
6006
2646
1624
2820
2234
2728
442
3886
2438
2040
104870
3820
3912
289458
2744
388
176904
2386
546
438
1434
4016
3530
2526
4714
2054
6066
248
3160
1384
2460
7836
1194
6330
3112
6278
1770
4786
1114
1334
724
1196
2250
3880
133312
2348
2480
1878
5688
5448
5052
2126
190282
4836
5816
4342
4878
3790
3444
2124
2792
3052
4380
6628
234
207000
4476
66484
3332
2120
4276
1242
886
2344
3344
5922
2852
133096
1334
3360
2894
3298
3710
798
5012
402
3442
1758
1842
2282
398
1768
2800
1170
3116
4802
2884
5968
620
118396
4990
1024
2374
730
1938
1652
4318
2184
1238
3896
4648
2056
3050
3060
35992
2194
1708
486
2488
3364
26994
4030
2588
1714
9730
996
7674
2098
1382
124952
888
242
1488
3576
4966
4230
5624
169972
1684
1582
2894
5450
4564
396
2768
894
478
3878
3188
276
5392
5604
6446
284
354
1368
3182
424
616
7006
1880
804
7066
3974
1640
1124
1688
4496
2142
4564
3766
1044
3538
1010
4424
3234
914
1944
246
418
3324
11272
5452
1630
1802
50164
3246
132048
700
71528
3214
624
2340
1548
588
161532
752
3800
280748
1860
8354
4294
544
1454
2368
492
6046
2648
98124
1956
1304
283714
2516
604
3128
3130
3156
3080
30146
2154
990
410
86128
3836
4544
967342
1914
2326
4312
7032
2784
1164
1558
1794
1072
592
2076
722
5802
8154
1612
440
28180
614
4636
860
36658
278
412
8682
2006
52860
390
5740
7934
2686
2458
9238
1616
2190
3030
434
1796
518
6122
3924
478
1086
570
7790
1652
3014
3714
1234
1286
362
1832
6854
3316
622
5926
5574
242
526
246
5934
420
5064
591276
564
2988
2980
332
3146
9398
2814
742
6148
5202
173684
2394
1940
2604
3060
3434
36776
472
7630
2544
3276
749306
264
1404
1864
3042
588
3448
718
106302
1116
62568
4470
9512
3062
3034
37742
3628
5070
410
86048
348
30086
2806
2922
441058
4840
1206
10926
2012
5666
1866
2508
2562
488
2092
150004
2190
3478
1768
235078
3680
612
4120
5402
506
192692
4132
4472
246
3004
15908
1512
3174
1674
3032
928
2568
217856
2832
4042
3152
1822
2082
776
3556
1526
6488
598
2868
2228
2234
4286
404
5808
6622
830
1026
3198
2064
5330
3070
2458
3228
4260
4648
2838
6140
4934
1376
780
750
3406
5638
1844
6176
1618
3466
5552
350928
2878
896
2030
5382
280164
1708
2772
4204
260
1360
1416
2434
173358
5062
2978
2882
2464
158440
2860
2576
2492
2516
5112
74652
5968
6084
2136
325602
362
1424
508
3206
2914
518
3510
5642
2758
1812
1890
86268
4434
238900
1722
2746
1804
4202
4288
1852
4048
2374
5406
2986
4192
3174
2608
2650
2638
116238
766
2564
486
7144
3144
4624
3152
5634
184706
7758
1956
850
4358
4022
150506
2212
3212
1150
276334
3612
750
2158
324138
2828
1366
1224
24972
3650
1680
6452
4476
2010
2916
3150
1344
5052
4770
504
1748
2846
544
3364
5424
2258
2362
7556
5190
194352
3108
1602
2482
3654
5744
5172
3702
1730
3260
636
2096
4572
1512
2290
2228
2390
140442
7908
1070
3218
1826
7166
33648
1646
7352
2812
3506
5568
3592
1110
4592
70874
3062
1754
3796
1140
2350
2488
2466
4498
245814
398730
496
1992
260
1372
1588
364
2494
4208
818
6292
572
2806
3184
4462
724
5408
6098
7634
5388
5630
4722
3968
3736
2360
360
1964
490
4658
3116
3474
499798
542
2900
694
24700
37982
98406
4068
1618
21862
2944
6318
3254
3340
3530
3000
4104
2840
154638
3236
1782
1616
3172
17558
776436
2792
1242
674
5322
4024
2418
201194
1566
1920
2506
2730
2502
620
3600
2242
5566
4272
45076
1084
3094
490
2710
4832
1614
28774
2724
3346
1064
4254
58674
1970
2484
916
1606
2568
1772
1502
1814
3078
4082
1674
4390
2638
3944
5508
2680
4032
229270
3912
834278
2494
4296
6616
1524
5436
68516
2956
2570
42432
1420
2544
68524
404
2706
5506
2506
2798
2578
610
555570
3232
5194
394
2194
1516
3316
516
14634
4360
3724
4676
1614
4510
4646
282
2344
1678
4258
3672
7448
3570
754
2138
6078
101194
1990
1544
1120
1720
83314
3052
4780
16022
2158
2174
60770
2510
492
4130
2988
1648
274
12902
2616
4454
2178
1172
790
4206
2654
1822
4282
70574
2676
1276
1380
366
2364
2208
1994
224
5360
998
2750
3620
1996
3020
1140
6984
4370
40290
278
1724
3476
866
68768
14352
864
1666
2064
15234
2752
4664
17650
49076
268440
328026
4366
438
2506
548
3880
3834
5014
1516
4842
11476
760
2330
5866
978
4056
6456
4528
4458
3108
220
7464
546
5516
5832
5190
4222
3494
3056
4456
30696
984
83798
2682
682
516
1830
2502
5994
3330
3544
2248
3162
1550
5596
3974
6212
5618
1892
3666
2162
316772
2400
2978
3446
2674
750
392
5092
546
1194
4570
1710
356
5400
1876
4598
2332
141930
5048
4804
3092
1442
956
87908
126042
266
1512
2404
3070
2330
490
3202
2848
3532
704
1110
7900
4206
798
4214
2924
464
2646
4122
5668
226
4234
4990
5200
5330
258
3142
3652
5692
1926
2126
3048
228630
2842
708
1410
1304
2546
5394
722
1810
5164
3166
3200
5284
1650
5920
5462
3156
8550
5460
1536
398
2110
2270
2994
783914
6258
519346
2922
914
1230
3422
1678
508
4680
3572
340932
7366
2364
7358
4642
816
1762
2074
4312
2898
2692
4674
498
3956
2972
3408
4462
3136
5740
288
2898
1640
4026
5196
4738
4424
3402
2896
400
1008
646
3338
2234
2502
7448
602
2952
2630
384
4274
2970
3170
5352
2124
2618
1568
8650
230
4500
2706
2578
254
1708
3584
1972
4962
1442
424
1006
2058
4864
677330
1404
362
356
280
236
5058
406
4468
569836
9004
135172
3586
2572
86496
4928
2990
392
1000
234
138372
1796
2886
5302
746
230
2534
5060
3864
394
7928
856
118864
1444
732
2900
4240
3414
2394
504106
1514
9078
1448
1002
2814
554050
740
1502
492
3206
348
3266
5292
4602
3824
4386
129630
762
3128
2918
243448
1770
4284
1858
498
2066
2920
5368
3410
4012
344
632
602
1680
4150
1686
3586
3116
1230
4826
314424
7036
2504
317034
27162
2810
2208
2020
1608
250
4054
4082
598
394
3790
8616
2980
6726
2098
1908
1688
1346
126150
3860
2744
774
1042
6244
3272
4144
4616
206704
2872
267762
3224
1784
2740
4408
398
2966
9208
1266
2472
5094
538
966
2226
2230
1956
2958
4516
2268
6388
624
580
1628
708
215870
2886
1542
482
2264
576
956
151894
509996
1702
1422
3910
356
236
1658
4316
604
5242
1102
1172
1442
780
4494
5366
2514
284824
4978
64908
166234
3954
5962
966
1202
4306
3700
3960
274
5832
3794
4972
540
351660
3192
3924
5392
3614
2238
750
248
2192
8146
13480
157516
4224
1680
1368
3240
3320
3922
5904
118848
1954
2864
878
6574
2788
5060
4672
3846
2812
6074
2708
5174
2248
2236
1950
396
3456
3862
1994
1526
3282
1890
4548
362
14916
3158
3800
442
278
72220
4290
1618
3832
1150
2446
1892
5620
3744
6128
318744
4262
4878
42842
185326
1724
147054
1792
2294
6910
6452
17318
7736
1396
1906
3272
6702
372
520
7166
6528
258
7054
39310
2756
3828
756
1350
730
1530
624
1704
480
181524
1772
2556
1274
362
2474
536
292
892
1428
716
598
1968
4840
1840
1428
3890
996
4822
4318
1990
124078
339864
3416
7932
1786
6694
4780
792204
4896
2252
2964
2490
1376
6872
374
1414
6178
5482
3704
228
2022
5934
6468
468
5928
2338
2468
494
63288
7002
2224
904
1706
1956
342014
4132
342
18158
4756
4012
1052
3356
3184
2304
3168
6078
3180
5012
608
56526
3134
5940
1406
140354
553402
1450
8256
416416
217272
3568
1640
4382
1958
3504
70264
354
3902
3580
4524
1466
1574
288798
1632
4536
4950
1612
2792
596
45780
364
2746
1236
1410
226
4098
1368
1748
536
242094
25346
360
1028
2878
1748
2650
3584
8644
4498
2428
470
2774
1898
120704
156744
956
1574
6206
346
3556
6148
394
4110
3730
3442
1122
406
3594
9342
1388
2538
4434
2762
3266
4512
4108
2292
1640
81240
2626
2910
5558
3474
403470
7368
1632
244
742
4344
882
880
1016
129252
230
3374
2746
6378
3620
3206
4220
3872
246
3752
2248
1672
204008
220
42436
2804
1058
390098
242
260
1424
5426
3002
2430
1068
2364
1120
4382
272
2960
3174
6460
8458
8702
7312
3620
267494
3304
3278
6830
1848
4112
4838
5326
522
2702
3504
1720
4852
6340
34222
1108
3016
3728
924
5310
600
966
252
2498
3386
1306
195806
2360
2642
136956
145106
5210
48392
764
4500
228
3286
6850
3582
920
6380
1770
7566
2828
51686
2326
576
4098
6288
2776
5670
1988
480
3456
1838
42934
7544
7538
472
8386
2806
2168
642
200294
6258
4702
271276
1008
50762
7116
686
281538
3262
3688
5892
1010
3194
1192
372
1326
303576
1776
402
1556
1436
9100
2234
3318
226
1444
1240
602
362
1636
3204
3700
2050
1536
484
1618
386
32056
2008
2160
8170
490
2978
3044
6596
272
3558
3650
3572
288654
3598
173446
1448
3512
3824
5322
217198
2584
1702
736
3550
4076
175626
1938
1788
290104
797932
4716
5870
1406
5766
416
372
165480
3872
2626
3182
4990
360
1604
329504
792
232
1918
2530
2374
2794
1866
916
2836
1960
4980
1232
5054
12130
796
92208
1778
6430
97778
7874
4640
1506
14964
6864
232
6162
2644
674
5322
1852
3020
69364
2632
1938
4456
4924
7974
2332
2430
488
3490
898
360
2264
4392
626
574
1092
4642
488
4404
9196
3278
594
3528
5572
3262
6168
116310
3376
1818
3012
3474
2708
1966
2508
7496
5216
2260
2206
5884
1784
3782
350
916
4778
3558
272
904
850
1902
5932
2498
1050
4534
882
5850
86352
238
3564
2460
8964
406
215328
81930
460
1672
834
2418
1384
178816
4538
3812
3148
4934
5806
3486
3652
610
960
161114
1702
1912
3696
2598
2588
1262
240
1912
4026
2022
3712
258268
912
220
3722
394
1130
4190
678
935290
4930
5086
1600
44518
91530
2600
155306
376
4366
3538
4272
1862
4470
990
2066
386510
3836
5610
1800
7654
4432
2752
2156
5360
1930
375468
5110
5426
190438
11190
1620
362
2540
258
415474
882
608
3860
218
35572
6148
3212
246
5522
5786
2052
1114
75004
518
2366
2372
127428
1342
2522
3148
110950
129474
2068
592
1118
484
2458
360
2078
29552
5596
1096
6876
1180
1360
2914
4066
1820
4888
2846
149820
1466
262
700
589432
1394
2082
488
4918
4844
5912
512
652
97520
6084
8354
374944
620
78070
486
2898
6654
5144
1322
3242
1276
884
5074
3950
5000
3428
1588
220
256
1572
5834
2886
173290
482
1196
4682
3334
2198
2538
1166
414672
384
2182
1880
1474
1480
710
4894
4076
400
3750
3540
9180
4006
8534
804
4628
610
402
1816
3212
730
9490
1006
6502
3430
772
5428
3494
2978
3062
2802
2014
408
2646
4062
5638
2614
8554
752
7136
72408
398
4840
3844
3140
506
1010
538
112600
3480
1254
644
117292
606
3978
5718
179394
66472
283310
3812
4712
369990
1454
1264
2248
780
1328
2950
1026
670908
3576
486
3428
2320
398
2718
1190
2230
3126
10104
3536
400
594
362162
1340
332
1828
1968
5640
247722
5128
5192
2676
254
4128
6692
195874
638
4790
5318
1014
77038
148146
2536
216
1996
4950
334
47990
2976
1956
1286
4770
231574
2438
238
1282
1912
1714
3988
332470
2594
1486
7506
3658
734
81272
2916
570
360
1984
3196
2362
2206
1356
494
880410
398
506
33324
3226
10242
820
732
754
108242
2706
5314
4706
5432
1652
3772
3682
353190
38684
2422
254
500
3388
4950
1128
644
98360
236
4088
4108
1198
5184
1574
43214
4420
1292
1332
3468
1792
3776
6174
67898
1360
964
4258
5502
1556
486
3682
494
242
3250
2368
92732
2872
2264
1484
4538
3886
2220
1196
1528
149944
7570
3216
4752
8508
398
1462
2724
4146
7582
2308
106306
5918
3654
530
2116
338
2348
2838
486
2746
5800
3190
271944
2674
4662
3498
2074
4526
1434
4150
1844
2660
6074
19044
6758
4010
365666
854
2260
1986
1318
448
3350
1642
5406
3132
360
4364
228
5234
2828
238
1604
996
149888
3024
10634
282
6622
1568
688
514
3322
1508
1042
3942
8024
722
304770
6444
61582
1726
6216
2890
244
4432
3432
2508
4158
336904
954
3216
6878
119910
177262
6190
240114
608
5692
6830
2086
65408
158102
2774
286
386
4872
5286
2102
4384
2378
3172
1112
2792
544
7762
217722
92718
7646
3670
550
3912
784
330
4620
13430
4934
2434
964
2082
2790
6198
1872
2336
1540
1250
698
4522
177110
3868
786
2852
2950
518
1228
1654
247822
2296
3658
4706
5494
2082
6938
6330
1994
50894
537862
2166
3938
398
592
128480
3090
3166
4706
1786
486
7156
2888
3718
4140
596
4186
6076
4166
4252
8186
8930
87450
238
81724
502
494
2854
4366
1434
216
269818
4560
4980
40316
244392
3666
6050
956
348
772
492
3988
2370
1144
822
960
262
592
2222
1918
4222
76778
5470
5542
6888
1520
5186
3458
100208
842
228
1808
212886
548
7768
350708
2072
1380
5394
252194
2744
344
1270
2866
520630
2872
1188
3578
1580
4498
7230
4748
1400
1004
7296
12814
3746
253936
2286
3226
2640
4542
2240
6434
7502
2538
832
1332
6040
3094
1078
2410
2416
3454
680
3754
238
4422
5598
6498
1036
3380
866
6580
1620
140724
1526
244
58474
1516
4990
234936
518
38284
252
1398
3364
1980
1344
2974
512802
496
178212
2122
1998
948
2888
1762
3666
2086
1392
4254
632
1360
2338
3888
5184
3120
1964
369850
4372
1414
3460
1244
4826
5696
756
3420
4100
3194
3534
6906
3954
2402
3430
2228
1830
1652
3562
1094
6996
431622
1468
4304
3654
5558
3648
3454
595892
2758
1830
93412
2108
1518
764
3626
480
3718
3176
484
175604
792
1008
2802
1430
638
5562
6056
2756
5594
7016
1662
99706
1716
724
5334
2142
2192
486
436158
914
494
7182
6072
342
1866
260
222492
476
4530
2058
626
3924
3364
466
3334
260
1772
404
226
458
5492
364
5338
67762
2248
5284
4212
3300
3220
2982
4120
3090
3770
2308
714
4760
4974
272
1588
5998
246
2192
5976
498
246
5974
326
267228
1798
2912
6278
2372
964
72072
2892
1928
1382
76016
618
1852
2862
3668
1426
4858
1206
6362
1770
1508
2946
198890
3550
3870
502
1752
2424
1710
520
1956
2822
1242
2926
240
5440
2216
2578
1926
2784
5978
5328
387106
2778
4986
882
215008
7266
400
5380
2438
2182
954
748
3782
3016
3174
5654
474
5070
464140
2654
2662
3774
3834
1860
2338
4128
4012
2276
3910
3746
4968
3218
4298
1956
4508
1174
5676
1846
416
3064
1234
4490
242
3124
526
1596
190942
2708
1996
2256
464
3196
494
2710
217876
2048
6316
3874
1678
2360
5044
2118
982
422172
3468
1848
51654
2912
1870
4108
41256
818
1148
4018
2224
1218
362
590
91052
3736
2984
4792
2812
2680
3216
1228
3824
1308
2644
297410
1332
3422
2658
3244
2600
496
2590
476
2276
2394
2296
3192
1980
4396
1620
279012
1290
2726
1700
1440
122432
474
386
5400
43018
3482
6582
968
3126
2070
1984
5242
3404
15120
2490
1586
2060
187116
2794
2344
626
4972
1562
344360
4576
728
2402
2932
4598
5652
488
2136
1580
1478
676
1176
1548
1984
4496
4372
1988
5638
1842
2228
3578
3160
3560
2060
744
3134
211360
2482
2562
2370
99068
3156
408
3116
3140
358
159294
2476
2214
3162
2624
7286
6690
542
1604
2100
1806
16860
2240
7610
4600
4412
614
2882
3730
2422
1688
3152
3284
3354
1630
1546
862
3070
3110
249412
2846
1402
3934
4784
1698
1910
1786
1802
3374
610
5832
482
540
2246
544
986
1192
3486
3398
2110
736
5442
5982
48206
3138
1136
2662
99054
2110
521840
3266
4298
226
5520
2302
1174
2592
440
1312
2072
1580
1534
4842
490
3756
876
3128
5178
1758
190
238
283940
4070
5366
876
2618
1900
250
2576
406
5754
1866
2898
3736
2090
1452
1254
2336
5528
732
1252
476
302220
100848
531788
2392
20960
2554
2262
296800
1080
1144
1842
4538
2786
632
1760
1722
3078
2634
3066
468
7342
4570
2504
1562
2498
281364
2450
2152
974
2004
5610
338
252
2578
80464
4814
1272
2420
2804
2060
2668
904
2402
1254
2128
7112
360
5582
4448
1318
224832
4870
6288
4012
966
2832
2156
3038
2778
3760
1234
6034
1282
1182
2682
3428
246
618
2294
9568
7062
2670
3162
6904
87576
346
4110
2448
236
6354
1514
340620
232
4790
6342
1808
1780
532
2004
580
1104
5476
2428
2480
5248
6028
557512
332
2920
2066
4052
1716
3984
1962
4654
24324
7494
66926
610
3426
970
3484
2110
1884
2684
258
8486
2728
388
169304
580
842
2758
7430
2500
624
2270
494
2268
1752
3398
621400
3000
4508
3492
234
6232
1534
3362
230
2934
338
4058
2576
72718
2428
5836
4516
3616
1682
2734
1130
3376
3176
4662
4514
492
3474
394
1192
4398
3890
2568
2446
2826
335224
32236
1744
240
2672
160234
1064
2010
362
3094
681408
1228
3594
1130
1578
3214
4778
908
2156
440
5412
290
3516
2540
820
1352
4046
2640
2930
508
2096
908
1826
920
5270
2596
81172
5278
730
3156
103142
2202
1824
3246
2420
2058
4170
1522
5174
4822
144106
3886
3694
2788
4556
1946
586
234
2022
1062
1780
3602
5304
51276
2924
252058
2246
3922
168310
7194
4152
3630
336
3156
138052
230
2810
738
226
1140
1958
358
776
5214
3304
423702
248
2650
502
1248
498
3660
1826
1138
137810
744
69406
764
2746
2854
3970
246
2824
3096
2938
4888
104450
590
2380
5838
2530
4382
4388
1698
6922
10586
147064
1092
3878
706
462
275484
2466
3960
53538
251126
2322
806
1462
248
4072
398
3260
1444
3872
6266
3828
4678
149918
7298
886
253600
2320
3728
1116
15244
2416
410
316814
3556
35478
5252
4956
1842
1018
6824
4302
2678
408
179242
4112
1812
1974
2062
2044
388
4224
2686
824
1788
2140
1508
3162
7866
3572
1110
3806
1742
2340
2914
2542
6260
4326
2466
5176
2844
400
688
1528
4024
4200
2198
208
278
4334
480
252
718
2014
2540
1244
291878
2432
14840
746
5136
5894
190640
1784
3080
10442
2908
4502
241242
387826
618
1080
2484
1236
344
902
3520
2124
1116
8630
1466
5302
2780
4150
5518
11666
12352
3172
75646
9212
242
3680
3436
1270
2980
630
1046
1414
3842
318330
5548
1596
618
3288
3476
1880
3026
402
2964
4394
95830
634
1578
2328
4838
4392
640
2214
5744
952
3810
3250
1590
1196
740
8814
4750
482
1714
4438
3324
6718
718
3986
47768
361006
884
249310
780
6602
2452
4466
754
3068
3966
1556
2184
1702
1148
5114
7214
466
1730
242
2874
258
2014
1684
1544
2270
1584
5288
1734
3316
1684
7178
1652
2442
756
6956
372116
207094
2626
42668
3584
7582
238
3440
1588
878
4488
402
9704
2994
2380
11456
86658
1914
1148
4278
2624
3870
2622
236
4170
2276
1466
2616
111330
4232
2078
1836
750
2302
93760
270240
42818
2852
1650
1370
912
1250
1522
5316
1942
700
292108
1660
2818
372004
1034
2298
772
10126
3164
2636
1436
1438
490
1428
2630
1482
984
1712
26538
46560
2750
938
167238
3742
58998
10438
4310
2616
2742
428
1042
529154
1022
5436
2188
516624
4968
2358
1690
3376
1674
2396
1926
86284
3170
2872
226
2196
1830
460
3974
115950
6734
1964
740
1264
2348
6214
2248
1198
2134
1406
1628
4338
3032
872
1748
4866
2494
4188
83072
3162
790
5608
3436
3172
1352
3406
414
7110
1510
1998
1578
1706
894
2142
524
5350
66774
684
656028
2422
996
7998
1518
3748
5482
1000
5372
1958
101746
398
2314
3228
129082
2930
1404
4396
122392
5686
2932
1218
10428
3516
2742
4720
348828
8604
2822
2890
3134
1184
1040
2250
1580
4392
875224
4936
2694
1398
2168
354
1792
4092
54470
2030
4478
5156
3598
1922
1624
2742
5894
1094
1624
3424
3308
588
3764
1988
4230
1102
2264
4684
3314
2756
1634
7932
3352
242
4046
2704
334954
4712
1612
7356
3622
4700
852
3018
1230
1102
190396
1540
2444
6018
2988
2370
3348
1038
1564
3816
4366
1506
736
2964
2542
2774
4436
706
5772
2348
492
2642
15406
4394
1182
6432
3696
2150
982
2904
3356
2290
4318
4380
2252
2956
3278
3950
246
3240
1612
2008
238932
2728
2424
8192
824
4092
3388
1334
2176
4202
6154
105940
2724
77356
896
1836
266
1552
3702
1066
271160
2492
3848
75724
2588
3154
2206
548
195502
426006
3954
982
2050
222
38812
3220
3464
4014
1752
728
10762
4620
1738
3598
3876
1848
2576
3052
319686
1858
2740
8600
1920
3198
398
358
2246
5492
7264
2004
1944
4204
1088
856
2822
2776
1378
2394
2214
2824
4352
559520
3590
2820
1814
93566
2950
1508
474362
981766
2900
1420
7648
2646
806
3060
2446
2264
4802
3472
23446
4222
3158
3554
1958
51392
4744
3064
10850
2770
2538
113124
3050
276
2680
460
5270
254
3418
244
7996
2782
1928
2180
313490
1166
2028
6270
131538
2250
77224
3068
4070
536
4478
1664
2684
2678
3616
1526
590
4458
4382
5076
4410
2236
1088
2484
6600
4220
592
3632
7506
1818
2730
4196
4396
1442
3836
4074
166194
1536
2928
6678
2896
734
1638
5154
4070
69360
2636
3988
1844
7506
700
2598
242
1874
6144
3088
3896
506
726
5932
5462
3452
1428
230
1454
2810
3888
48010
2228
1090
3902
1904
2738
3478
3930
53432
3432
2988
3956
1870
3524
4160
4208
2088
4420
6700
2770
1684
3644
610
4352
270
1710
5762
63562
3468
1792
5122
4834
1566
500
4342
2208
2880
250
912
2662
3992
2216
2404
2136
1786
2846
2062
397554
3244
3510
97988
91556
2120
92066
2366
3602
2758
1298
1350
2092
303616
363420
2724
3424
2366
2758
6978
2812
5708
742
2924
2144
256
538
5860
2982
4512
4518
4522
108702
176506
978
220
11786
553708
246
1042
138696
1428
576706
1750
7700
3972
2926
5082
5888
3756
398
5080
2850
500
4336
1098
1844
1714
624
2006
1264
3058
334
182810
2640
3188
1198
632
588
17164
2108
158426
1654
2560
2004
674
4596
1534
230
504
6926
1488
4020
1194
4048
1848
3992
73138
2486
3506
1054
3366
4776
896
6036
1888
1520
2706
162732
1170
1252
1352
1082
3720
3408
2890
2866
3400
992
1314
8086
3814
4798
822
2294
4216
2026
1320
2136
1818
4552
356
3768
1310
3188
268
5080
2398
436
2552
790
4318
207182
109850
1866
1358
1020
3524
4132
8038
3906
3126
138958
360
1144
300970
718
2394
8074
5888
118206
2002
7186
3510
1150
586
5990
4422
9616
2992
5386
8910
2304
4818
474
2698
1658
750
196460
866
264
1138
3924
3324
4286
8092
1084
3060
320608
1668
876
2118
579432
3428
37238
2486
4906
548
2624
3668
5348
5108
3690
1998
5086
5394
1132
1066
6234
2022
414
2474
5788
1434
4166
7030
7168
6522
2674
356
7226
64454
1554
103612
1234
3960
1264
544
6930
5988
1642
2654
2112
37714
5370
822
3328
2134
2606
13746
8206
6740
998
396
3362
328
970
2784
3258
4704
7250
3930
4816
290542
846
1588
4140
3742
55110
4636
5136
5376
2822
5632
2934
418
1900
160566
2710
134018
285868
24216
2126
2284
1938
2326
232
776
2066
1026
3782
242850
1078
83568
2868
4166
2890
2246
2798
3312
5916
1242
523252
2314
9054
4340
2220
2724
1182
404
3964
746
3484
1188
117860
1878
5176
4128
5452
360
2860
1126
480
290868
612880
2834
67662
3902
1050
816
2838
282
2194
3184
4424
5166
396
1126
3132
156752
14906
526
354
242
248
8244
2648
2862
547894
175382
152090
1236
6796
2898
824
890
1568
3002
3658
958
1562
78162
5914
346
5264
894
1942
2720
740
5960
1766
5538
74300
550
402
1354
4754
4556
1972
1402
4768
2524
1336
8104
195914
274
3102
362
2472
1008
4796
3232
768
432292
500
3858
2792
3192
5784
1674
1286
2454
6130
2770
2842
221054
6514
3418
3868
1048
4972
410
2768
2010
2546
2354
232794
2242
5942
32750
1984
359916
2494
4316
1108
2012
3638
502
3332
2086
3986
2902
566
2056
612
1460
3732
488
4336
6832
3880
5116
956
3642
2506
2528
758
332786
6474
2354
2818
486
5384
3916
389356
15130
1240
9038
413828
2468
252378
2924
2830
3478
5260
2942
900
4988
5750
1058
1290
2648
2318
4434
3576
4290
5400
399870
271112
96386
2552
1290
622
1456
2782
2594
572
744
278
13670
3166
2588
2328
4802
2510
77432
6248
2358
1840
4802
1410
5142
2620
2428
5632
1374
614
1520
2780
2700
1990
1094
2454
470
385234
2664
368
6394
2678
398
2714
3724
2440
256
1818
1390
3496
250
1204
3250
3718
524
3186
1120
636
1382
2352
643782
1686
2290
122298
2960
1696
2196
39034
1644
406662
964
1946
1254
1776
5450
2532
2230
2488
2410
402
4862
3072
3980
520
3568
2008
387738
4636
3092
2038
3622
4850
9060
3338
3478
34842
183206
165790
304850
79114
4066
113084
856
6680
9422
3804
3178
74828
4114
5804
3860
6924
236612
1326
4574
806
372540
3984
3112
4192
6690
964
404
3062
5842
331122
2146
2680
3322
4446
1358
19922
4864
2456
1596
1880
1480
956
10964
1868
972
1276
256
3870
1608
396
123030
3200
262
1272
1888
4448
301994
1400
1158
195168
2772
4170
472
7028
1194
3904
26400
9158
2162
6318
808
5088
284256
412
3086
18944
6610
632
2396
724
10250
1742
2500
1130
909578
270
2426
252
5936
3872
4040
3644
1726
3594
3928
2854
1330
1150
6304
302992
4154
254
6692
1100
251068
1932
4326
604
772
725746
7554
1388
46658
508
206786
2238
596
4194
120476
3494
6150
1362
1136
5058
220
6244
2478
2578
1824
524
1020
96240
5372
2652
406
2006
5944
188614
135648
1796
1304
968
4678
272
278
3538
313462
3702
1494
193228
298898
3992
84914
3768
266
1068
1394
1764
858
876
3008
606
2834
2670
198238
2314
2578
2680
3712
498
4028
4846
2216
1188
1504
480
300
2488
2104
2028
2476
26304
4180
1156
1338
2498
4268
2972
7168
5326
315792
9474
2754
1528
50368
81846
2180
1270
3538
4162
2084
1418
3610
5066
5300
3246
5896
4756
4882
3026
1978
1070
4922
2140
1946
4894
2752
2442
3118
2668
4768
2224
1950
17874
3108
604
3364
4960
2636
396
1266
3108
86822
2014
2672
3710
227934
1314624
974
4732
5546
778
4116
3422
7150
7658
296
10122
3888
4566
191376
252
144490
5586
3318
6534
480
1578
118072
3662
5136
6718
2938
4674
1780
4654
978
3242
5430
221744
1398
956
2000
6044
8336
244
355744
872
2010
308
286
2076
1352
502
1758
3292
62192
666
98360
4476
90152
3476
400
4544
1726
406
1708
4244
3648
68962
2576
527598
2076
1590
4496
6160
345698
5660
2962
2776
15150
3754
3912
4422
4982
3136
1400
2108
4374
15282
1170
2340
1248
3018
1254
4946
858
4526
1174
6210
662
234
266
1728
1590
5060
1606
353556
5168
1164
1376
1212
780
1322
8410
91282
3248
6674
902
398
3134
604
3156
170456
1856
3460
254
555416
2032
498
1718
3280
6224
132368
170068
400944
4212
362
512
634210
3038
2268
5164
4878
262
4616
3908
872
426344
59082
2104
142750
604
118366
5614
1426
3614
4112
6742
758
496
1926
29918
3506
3386
754
864
64654
3872
5262
1808
4874
8556
6380
192022
4154
2308
762
1198
7166
1730
4342
414
2560
6450
1154
218
1572
2922
3090
266
2630
396
738
284
2862
4642
1896
2636
2272
1886
610
5258
250
3456
4166
293440
5876
5042
204
3044
740
1770
2322
141096
1896
3946
980
3634
195742
106578
1388
1418
2916
2414
608
5344
716
2784
301416
6390
2080
720
7104
3632
3210
3200
4842
12050
522
546
1904
2020
1784
272
2918
2796
14422
254
242
1228
2614
12362
622
1414
3030
503100
1194
6218
1538
422
4176
2386
2776
126974
4438
2246
1088
2120
884
6322
1040
2946
27860
3022
2888
3998
822
5810
3568
6660
438
3758
8134
556
2266
3428
3880
3166
8574
7050
4670
5718
4416
3836
3818
1674
1410
236
6656
3602
7012
872
1652
3004
32594
1070
3402
4142
1728
2576
4462
131574
5738
131938
236
1002
508
2936
766
2300
7540
284
594
3622
2656
5350
1362
66642
83060
3660
4636
2892
692
996
402
4650
4798
129368
400
2712
1198
5824
2838
252560
2426
209030
524
2906
3306
9368
286
2914
5834
5686
2886
606
1544
2650
608
614
341706
1352
89578
4598
2870
486
2890
1898
6906
7932
1944
916
3770
4406
3732
1814
592
436
2310
1778
398
1678
3342
70768
7394
3308
3976
1526
1332
3264
78948
6942
1402
1832
165068
2786
1010298
3720
788
1194
3470
1968
4632
456
1550
250
1046
2392
2020
2904
2320
6858
5270
3880
7330
2222
628
67332
2302
742
6746
5244
252
2584
5518
1182
4272
2264
5404
2102
2614
5634
4410
3220
7228
392
6182
2906
4174
22294
1158
4856
65754
35112
430572
1128
253044
4188
730
1072
220
4002
762
2606
5834
1402
2264
1464
1340
2318
2196
4300
2550
2156
130318
6186
2452
3000
121400
2850
260
2666
4218
3980
2208
2008
2402
1530
2250
3350
356
215350
608
128526
2078
3612
65708
1466
1164
394
1298
107412
896
1872
2124
2766
3266
3134
1110
1048
2036
4360
4610
1618
3528
2136
4370
4228
308
2454
3554
123196
856
2856
1358
1532
2700
2262
2738
284904
2158
2698
4838
4160
2322
241952
1790
171298
1222
2256
2566
2720
85040
4576
1006
5176
3454
5416
150624
3146
3418
130676
4830
3012
1924
2620
4500
788
3074
1472
2282
3938
2072
2676
956
2052
7520
6844
2758
3364
408
5452
2690
17572
3612
888
3684
133604
2970
3114
3368
446
776
3458
3354
2166
2578
3390
5250
1038
2096
332396
2622
1858
1822
2108
510
7098
2234
4988
2158
238
3628
2934
1932
3224
954
620150
3910
1866
2036
218314
308714
1616
1422
6602
5226
1970
5348
562
2170
2660
2102
606
1562
2522
506
846
884
4760
2912
2654
4520
2906
1476
37354
1770
1792
3198
3770
1230
2820
81894
1110
2498
1604
936
3246
2622
2460
942
1902
5424
4292
416
967368
2314
1420
7004
838
4976
400
5492
3346
5150
3178
827884
2762
980
3402
1894
4374
2662
252
502840
1374
1096
639470
3714
1818
269652
173804
5164
4432
100846
4628
652644
5880
2718
6110
1842
4948
2184
2568
2988
2048
132878
221976
5504
8204
470
1392
981422
4152
420
286
424
4764
168450
7892
2462
6532
6750
122818
608
502
634
2362
2806
398
2118
502
1012
4064
3616
1368
5990
5292
5082
3176
3984
3052
1572
1182
6564
5070
2686
4394
3530
47272
676
1990
85270
466134
8126
133944
4162
107812
5272
2880
1146
2726
3822
256678
74224
1362
449196
770
6222
604
2688
281572
2450
138178
1950
2550
10230
115726
2006
406
6784
2646
10596
598
6224
458802
968
3642
5322
5974
49712
5772
7218
258428
2366
888
1542
552
6742
272
3152
3710
270708
2906
1128
1710
3156
4710
216296
5014
4548
56546
63110
124644
200668
1908
738
626
4984
360
2626
6394
2596
684
6012
1848
172466
2796
4956
2132
3430
3196
3066
1312
2342
3670
2962
1384
3616
2642
950
3304
246
47774
3952
6146
2372
2222
2014
1218
1670
720
373266
4122
192346
2938
23800
588
9316
2798
4258
4308
1984
142004
402012
291566
3804
2568
3232
3926
1140
3132
4240
1726
1808
7634
410
3910
1662
744
2268
1684
914
1670
1648
4004
4148
1772
2372
3596
3420
2772
1650
1050
1264
1494
2998
880
3626
1874
3344
2090
3754
1144
1912
214428
2516
616128
3490
2098
52928
2680
2404
1466
1534
3216
1492
2746
1566
75494
2800
3066
5178
2262
7780
1194
31882
2830
11286
4352
1542
1266
2284
362
1970
890
3612
4774
2222
1776
830
1790
1480
1274
999282
3400
4548
5198
510548
649398
2784
502
2642
2096
1380
4004
3224
622
6328
4130
7874
506
3596
642
3562
1494
734
4438
1038
2894
1374
5776
3152
267898
1876
4782
7736
2142
1518
274
26824
2072
2612
624
7360
2126
333010
3512
664878
1872
2322
9430
3210
500
6598
3348
4794
44080
3820
3848
2118
3676
2960
2022
2058
341002
1638
2480
2084
2222
980
2904
3200
20974
3140
388
7262
358
1578
4696
5568
2082
3822
6042
2202
1820
1292
198928
171178
73010
1182
5552
2004
4618
4732
4440
744
3320
3462
5020
1468
91900
74442
1656
2244
2106
2824
3826
1746
4528
4072
396
1774
1542
4218
5616
676
992
8392
2344
4836
3200
1734
8074
4848
203276
1926
256
10124
2766
3828
618
362
6240
2934
522
2408
2124
52054
435356
2670
1802
2632
115604
2364
4702
692
1572
4510
1388
2136
1360
111552
4260
1594
2584
6022
1750
1150
9616
6706
2052
1472
2442
2838
1832
84424
4530
282332
6444
4194
4436
4678
5472
1542
1296
4138
2244
428224
540340
2940
814
10980
608
8068
13254
1562
2754
44270
3850
104348
438622
4296
1670
2078
154166
416
1532
1148
4862
270
347324
2282
994
2224
4132
423840
3872
1784
6848
2104
2046
290398
2108
2916
2248
1924
488
2780
1378
7998
5042
67246
396
496
1872
4642
704
7126
2026
4512
362
584
4178
500
3888
398
2644
766
6244
2464
3140
143100
4972
3532
426
274
7528
84666
4382
252062
276
396
394
1794
291778
4012
1568
7290
4280
1110
109838
236082
3750
4472
399040
9162
4038
1014
1004
1158
6786
1172
520
1294
492
494
6294
3898
2774
500
7464
1218
2564
5644
762
2158
468
2322
944
242
272
3750
4438
512
2630
886
2910
6046
404
2644
4822
596
962
4668
2006
3258
3640
7816
2348
3394
2282
1242
6390
2814
1264
23110
714
7168
398
2682
2764
704
4058
236
6864
3392
2278
2098
3800
2758
3218
3142
4964
1234
305150
5268
2100
4846
1832
4672
3356
636
3534
3446
197060
1510
2998
3452
5340
144694
6596
85382
610
7990
918
2348
2066
5622
856
3150
1578
754
1916
256
82268
3096
5196
2944
135720
2470
4894
264
9014
1684
2400
16168
3020
1940
1588
3642
1952
438986
734
612
422492
3682
3896
4320
268174
778
2956
1844
424
417632
1760
276
2330
3826
2272
982
6794
306
6756
954
4280
4150
2736
6542
498
6264
3034
173002
4710
3882
702820
1230
636
13572
8238
3220
2364
806
1140
1996
880
2338
3476
3968
1820
2694
8894
3032
5260
4774
4806
3592
389502
1580
252
3506
4894
258
1320
1466
3266
225706
3530
6768
4196
2290
4602
1294
3696
3288
2956
3578
1916
260
5282
3166
3200
3424
410
5350
5406
4760
596
2416
102476
4634
256
3018
1100
638
2230
5212
1682
1156
1258
938
252
270652
7248
2600
1156
4850
1508
2948
3618
4638
2160
3328
4362
464316
1920
530
4240
2266
1048
2162
4788
3064
2894
5786
2674
510
2486
2624
6970
982960
75812
1882
2288
1884
3688
1656
264
117464
512
730
1194
3904
443610
120902
1530
7326
12160
7342
3258
5700
630
4428
6154
2668
2228
4738
8052
3954
3294
4162
7094
41142
14534
3394
2032
2390
2552
3662
486554
2444
1614
282202
3972
2694
93016
6232
1792
774
3354
7482
2064
2902
490
256
1028
2542
736
766
3532
3766
800
726
120458
3532
45774
876
404
662
4448
3812
4494
128394
3768
3518
462
1730
4150
718
2906
5298
398
1348
3982
4408
1450
5292
502
2956
1990
158220
3492
213580
966
1098
3878
3940
3286
5588
398
1440
2078
280
1812
5246
406
616122
274
69512
1874
2784
968
1296
250
1808
364
2918
7048
5754
7736
3890
612
29466
1358
390
4486
734
2724
2736
3016
46922
2762
3844
398
2382
2000
498
6864
392
2268
1626
3314
3842
3396
2742
262
1884
3694
5632
8160
1116
2574
3332
2940
1348
382404
4642
4028
702
3238
2980
2098
2594
964
260
1044
2502
554
420
1998
3868
3658
3240
4174
1022
3174
254
2182
746
2916
2060
4638
908
3072
802
2400
1186
263350
69392
2718
3734
736
2548
147396
5534
754
2164
1576
4024
2248
406
1800
2462
2164
1566
3310
1194
4096
1134
6780
5094
1610
5184
442
894
4574
3156
5942
3902
136364
3036
526
5870
2744
872
5380
2880
676
4778
3042
71146
2632
3782
2924
400
2946
2368
48866
5156
3832
6824
175844
3798
1402
107646
93326
1174
2652
6292
2466
2638
8620
3608
2452
1436
2464
457820
5958
2362
4958
2968
9570
3886
79200
2420
128024
5316
574
4410
1136
2862
458
1046
60680
24174
2118
8406
3538
628
36820
350
3230
2702
636
32122
2658
26806
5408
257628
404
3518
6304
187998
2238
3024
3850
514
1038
358
9230
438
4770
3168
12858
608
6648
6004
898
3968
1882
5268
155250
416
6174
5454
470
524
1376
2878
4206
6554
7230
554
1952
4396
3238
1160
2236
3338
268
308104
172590
678
1328
422
3096
5370
4088
274
2274
5284
4320
2022
1552
1800
3952
5490
2692
284020
3476
11008
3098
4072
3842
9684
3284
2296
620
3212
169820
2916
2066
2900
1916
2396
256
2802
2378
4070
674
1694
296
4238
3050
1096
2038
228460
1290
5230
4430
3116
3646
3254
54398
3966
1824
2788
1930
2638
402
2334
1814
3604
3540
6322
3568
686
202862
4952
61128
1032
2130
2046
1014
2646
3750
1942
2324
2030
3288
1316
132408
2514
2780
3592
2452
366
7572
1248
2654
3906
1878
1196
3712
3054
1172
3060
5786
1592
4610
900
6226
119370
5080
5410
4088
3764
5344
4094
2690
3334
2678
40864
946
3608
4264
27114
1008
4720
2354
2344
3646
2372
482
3176
8000
1278
123004
5278
2440
2700
2562
4260
306
168186
1564
4646
1354
3190
970
2886
8570
7254
4122
3724
3886
562
3440
522
8548
7448
1780
7174
260
510
2200
2300
3426
1752
3256
2206
4562
5162
5326
3116
3216
6816
7660
696
1326
5362
5246
5152
3510
502
3016
2870
3442
592966
3896
2552
4468
5888
4288
2462
1124
2544
786
3494
2168
419266
2724
5548
4290
364
6404
402
543624
126858
2576
1864
5100
230736
1280
4396
2002
2018
1410
5422
1630
714
2646
6312
1996
5794
3300
6302
1678
504
5380
2396
1784
5752
1188
1446
259486
4090
4570
3666
1128
2792
2570
3212
6550
578
4752
744
4460
5834
216430
730
480
2736
3494
420
5348
7838
462
1812
6696
2656
274
1112
342148
3848
830
4900
5486
3776
1030
3072
678
1908
2294
1750
1308
358
2758
163442
10784
2176
4302
908
7950
3464
4794
3302
2976
5936
1052
402
2308
3992
204570
2404
318
5268
3682
2684
9252
1264
97934
542
39370
2212
2886
9186
6632
450
2392
780
6910
8160
3864
108868
2572
682
1314
4628
3956
7642
4208
1870
552
1542
153726
4654
684
153350
3048
6168
11922
2188
5874
2768
490
6758
620
1938
516
2020
1344
149494
1000
69256
2462
3400
3332
1828
187428
2522
3142
1976
770
1352
5220
3860
1476
3878
2444
586924
54586
2736
2236
6078
1244
30416
3748
1518
2640
6854
3418
192192
3046
3700
1462
2582
1520
2666
3640
2296
317444
626544
2060
1318
678
1004
2774
4796
2516
3388
594
2102
3458
488
2438
2638
1302
2742
3626
2136
396
1020
100646
2406
398
2832
1520
502
11158
2592
3454
240
115460
3032
3350
5678
856
2436
490
3096
1232
7142
4480
4004
2170
5108
3294
4218
4790
1924
114332
5302
486
6140
5488
1678
3818
45988
1958
1660
482
1022
129142
4974
606
2764
10168
3600
1858
2444
920
5704
3030
1834
1272
2770
858
2298
1376
1838
796
3134
3550
3912
2090
9634
738
998
3364
2784
1266
3422
1232
756900
6758
1974
3092
1376
1684
5536
3380
1012
592
3776
2140
5486
2620
678
3374
4828
776
294140
2668
3960
914
2084
900
3692
3142
398
6208
2946
6794
1888
4978
3836
3384
3038
97508
3386
3268
4544
2588
2644
3352
4774
240
8188
3532
4282
2574
2964
1686
3860
2374
3606
6670
1580
3420
3476
2082
1416
4272
1688
6070
3614
349782
95812
848
1384
2100
82940
2678
928
2814
4464
11456
8232
640
3128
1350
860
2916
3784
2390
2510
1554
370
2954
2162
2482
6596
278730
2638
260
4154
2454
2666
2402
43404
5050
2330
4124
1144
6532
2976
3378
1716
106296
130910
2228
8708
2992
990
1410
482
2054
1054
3586
107490
1232
2508
7406
2178
2706
4992
4216
2698
668422
3128
1470
256
3188
982
30478
2268
1982
1412
5194
3962
3562
844
2082
5036
5360
6326
724
4808
628
3792
3542
2482
2140
2186
4188
3554
2814
770
5528
212318
3104
4152
5660
3866
1512
2026
2886
4872
113178
2352
49604
116140
1530
27162
1194
472
1518
6086
3126
4456
5372
1128
2716
622
1392
3816
1646
1268
2092
2780
1796
559174
2870
6730
2018
354
2802
3026
6902
1778
3052
4272
98546
6854
402
5202
63344
3064
1472
511698
2804
3016
4464
1608
6484
286
8484
520
712
1684
3778
2326
1696
1820
1364
2500
1082
2496
1504
92046
1748
856
632
1734
2850
1038
1116
3032
410
3604
112336
1412
970
1066
7696
2698
1642
3574
42328
2628
1446
3140
2206
3976
2372
1552
902
1912
958
169714
1212
2786
3544
299290
5622
4042
9336
1658
454526
3156
5162
920
6030
3306
4872
2456
640
2548
4418
3442
19278
1346
9460
4430
2884
950
496
2828
4896
1352
1414
3960
4568
5318
1858
5306
1088
617382
47002
210
5814
2222
1306
1416
1740
7912
3384
1344
185382
2388
32358
1844
530
4122
504
8588
2342
4842
10482
990
3806
4540
496
4378
1904
5352
1882
1378
229006
4588
259308
3090
2796
2338
2648
628
254882
9558
8642
8166
800
3046
2880
3916
309170
120708
498
6414
121924
3050
522
3020
2692
5828
1036306
404
12380
2774
4730
5406
569466
2596
5450
408
422858
250
2740
1304
4728
1678
3018
520
694
3814
6530
5458
2578
54186
2618
3586
866
20554
4972
4256
3652
1862
6914
852
2850
847566
2438
1684
3246
5562
3538
2986
2586
1120
3106
5162
4330
3626
12864
310422
2624
4950
28038
5724
2238
7832
67782
2458
2316
68088
2686
3152
4790
4090
1812
2850
2022
880922
5030
3246
86922
21676
4972
1742
47596
4056
2902
592
1616
2822
4582
1584
4226
101914
2510
4448
6700
115640
2066
1422
1780
3534
1294
2516
958
4296
4790
3498
590
3496
2784
3380
3964
2146
1576
1172
1394
5480
768
168176
7812
3416
6582
3236
2874
3068
954
3554
596
7566
2044
2634
5472
7882
274354
7802
2376
252
1790
9616
2662
1070
2888
4522
1968
1914
1774
1540
4566
3992
2466
2134
8514
2224
188428
3274
63924
1486
6636
3686
1512
1596
1836
476
6246
4716
3552
3344
5738
4408
2748
2546
5658
3470
4634
6174
494
1246
2630
7234
2228
1140
3468
6070
207560
209320
632
2612
1960
2092
2228
3238
8492
1784
3542
6750
3712
2754
398
1242
2232
1474
2100
2820
2008
2712
2370
279400
1492
40638
5056
1498
2768
127434
2740
2118
4094
614
3200
270
3354
1898
2366
2628
2526
2252
542
1664
1502
109282
4422
293360
182548
5938
4410
1712
3634
3288
1256
1810
1104
3360
2128
1616
1684
2058
818
620
8896
940
3152
2394
890
2602
1110
364
3232
1736
4922
1310
3210
129500
242
644
7270
7634
256
2954
5178
3662
2784
192382
4122
1686
264
2148
3572
1194
3022
3892
5242
4064
66850
640
2174
9552
157922
396
4278
626
2022
279270
4000
1336
242
17102
524
2798
93926
3542
290096
754
4526
364
4804
3726
1010
1502
2686
27038
3516
6908
382
83782
5054
5382
970206
6576
4448
2514
1974
3976
13090
460
370
1020
4888
1028
250
568
2454
36176
612
1988
36634
7156
996
360
722
360
272
7108
1470
49282
6730
484
6048
5238
4168
1892
790
1574
5054
8748
3934
396
7898
24160
1928
886
5088
3280
5912
3160
4074
2596
4700
844
1644
5438
712
598874
1074
7266
2756
254
1238
408
348
4026
10320
180384
6778
3476
4774
408
42000
728
254
4034
1368
3122
1170
748902
3828
2832
5402
108832
6142
55718
1310
242
912
3050
4552
2354
2006
4680
34140
614
3610
4170
96360
23982
2720
9628
5780
440494
2108
3296
3364
3730
1880
1950
3584
2838
6124
156204
634
8946
1370
2372
234022
4416
3788
195336
2670
3082
2916
15270
2134
2570
3646
3626
2112
1928
220578
5334
4300
1300
3856
3896
5044
1354
402
5252
2608
1534
2968
6906
1868
6528
10364
6202
402
3084
612
2714
2212
3898
3680
1650
3016
3466
914
4134
4426
7154
744
1644
902
2028
3422
970
1512
3438
1416
2150
4674
136864
209632
228
1478
2524
1104
3200
520
3056
275022
1660
2500
6454
700
3414
4738
1788
164508
1902
3976
1288
1950
3664
2538
163144
1326
1474
3594
2704
1752
74896
832
6008
726
1450
1744
321776
5492
5732
5480
3754
4472
1248
1776
3340
93012
242584
2268
3016
4400
2644
2606
2472
4418
1662
634
4280
1998
3740
4310
2054
3190
122188
3982
454
3024
3886
1996
2724
191352
258
1786
3462
818
1968
600
4486
148908
1114
1132
280348
3592
331526
33388
1930
1408
684
1100
3456
500
2330
3304
2012
914
2622
2272
3924
2182
6548
3170
472
1280
3788
1570
1898
3224
1466
3132
187782
2284
3358
3104
2304
2860
3928
1614
4490
1368
1890
9624
3822
1272
5384
1176
4012
141372
724
300
4366
1356
1952
958
35320
356
2672
9790
3930
3634
552
2822
1006
4876
2002
70644
2424
1936
1322
404
7400
1644
2138
2442
1240
3712
243050
4096
1402
93960
291336
2652
5454
4526
1200
5210
1840
3782
1372
1416
5990
1198
718
3424
6560
1304
232
1554
504
2532
1020
1312
1890
6660
1604
578
4296
700
2048
4252
5200
6220
7758
3174
502726
29100
37980
94424
3506
4278
3330
462
998
17712
4442
852
4894
6730
2652
2176
4222
2396
153916
1502
2394
1342
2986
12060
3676
3080
768250
2414
572
14894
3468
202052
1602
2342
400
2208
3980
2690
9110
3136
3792
510
2374
402
45148
4712
4508
3002
402
2152
31662
2074
3998
3444
58316
2154
2744
1418
2104
3016
776
2136
2266
3054
1956
3392
1368
502
3836
276
246
5384
1610
1422
230444
1830
1296
3280
829592
2908
3408
3096
640
498
5158
736
3622
65980
2296
41432
4890
69596
4356
3534
1510
4740
3210
3300
2744
556086
2910
4318
3158
1972
16174
7076
4290
2838
2498
4170
4220
1352
3232
2820
1748
774
1812
2160
850
3982
6870
2580
2112
610
1626
98136
1954
2476
4322
2180
84872
2252
1150
3188
12616
5350
65074
5206
3182
2666
17382
1380
1068
2064
4486
760
1710
3032
3286
2978
850
1450
64510
3098
1736
6512
3438
3990
3996
622
4094
3462
2710
2224
2362
3060
838
3422
408
6412
36634
3360
3260
71296
1828
14276
1512
2098
1150
484
7360
2040
3178
1298
17238
3932
320724
323486
4146
4934
3132
2770
3776
4732
17588
2648
840
410
6738
12150
3912
524
1278
6080
492
242
398
5974
260
3484
1792
1840
3820
1390
3098
3474
2764
30824
5004
76600
5482
4634
3366
3138
6148
3288
2334
2702
3978
416
4782
5838
3474
686
4586
4226
316590
1206
5234
2842
1668
8268
5714
6370
3508
2474
2628
600
244
4842
1914
138408
3946
4448
5598
10458
81252
248
124814
12044
2694
3602
3376
1912
4482
7368
870
4224
3996
2834
4866
4718
4454
900
7064
712
3558
3126
1640
7680
252
4656
6624
1514
4772
2126
228308
14384
4412
752
6984
2730
2204
680
5212
1654
4500
1196
726
2582
2130
2018
342
504
2028
488
3184
3618
1818
4720
790870
504
1292
5246
780
515758
3958
5780
1562
2588
5808
906
4134
3296
346308
3600
12242
5740
3528
4634
5056
2486
3190
798
3832
484
3162
3044
4012
2622
408
5578
832
3280
6562
602
736
2426
6108
1410
996
2888
264
2792
3622
3600
1920
1962
3192
900
1580
4452
6366
4280
1542
6898
2980
2778
3380
2360
6686
6066
868
1662
232
6788
1546
3340
4812
1240
3392
10278
2514
1072
398
2446
677994
8124
4826
573224
6158
878
138996
4204
86028
4488
3980
8400
132304
2642
2850
3346
1776
6228
3738
8694
3188
758
954
121748
1600
5994
5120
4364
3402
507200
2772
1130
400
2328
2344
5818
364
558698
4264
2624
2944
3982
278
2368
4020
770
4126
125140
386
3748
4336
244698
1928
3206
2518
5918
1910
3840
4862
4188
11568
4220
1660
3490
8416
1560
2880
307858
396
2008
524
3264
3454
1194
312672
2008
28042
8310
8362
3114
7924
1058
1436
682
1346
636
1842
5400
3308
3610
127638
6396
8216
2450
7100
4464
1248
784
210340
1782
604
260936
2862
1660
2814
3992
3970
5748
1078
1528
7826
3524
7042
954
266
3298
2370
4016
4760
1790
414
352
232346
2242
165302
526
505140
1658
4428
3464
4324
996
3022
7900
1856
6866
4178
4924
2934
278770
5316
458
1664
60636
4150
159934
398
2956
5476
4884
1710
4892
3648
5278
360
4398
998
1372
5382
348088
5416
1508
1620
6108
3336
4854
2356
3516
3722
17522
161052
334
2218
6558
2522
3934
4638
1130
240
2210
118738
2230
3658
616
1318
2612
4042
396
2924
2208
7636
3490
4810
456
2342
2528
3592
4106
3166
1890
1998
2098
2272
6840
16192
5496
4808
72552
1522
1370
5016
7830
3514
5968
2106
57428
110082
2540
8344
2950
5400
188558
992
1272
7438
5010
256
4030
780
3794
2244
5684
342
596
3162
5124
7252
2984
7592
408
7442
3402
914
5784
634
6070
4740
7184
610
2406
468
3576
1608
2074
4444
4806
5396
2076
2786
512
3980
1358
4572
1622
1204
3318
58650
344
3842
7560
8226
2978
119758
524
126138
4164
2102
179100
734
2376
66478
534
275252
1122
4436
482
4030
373128
6882
1224
3598
676330
5688
3764
5350
5888
2744
828
476
764
262
2424
3906
365092
4722
3834
3934
4286
2158
568
249566
6534
1312
9870
1840
954
1260
199632
4616
520
904
4336
238952
7854
706
858
56900
938
5232
4640
1012
226410
2114
5626
222
2340
1000
330658
1834
584
2252
3794
874
2796
4584
85840
4574
3686
6144
5210
882028
27258
498
4120
2406
4972
119608
2134
830
3844
4234
3970
4584
352038
1510
2220
36334
6826
2930
1098
105084
4196
1514
7392
832
1450
45662
1134
834
8178
524
7380
400
4410
2066
61266
11908
362
2446
1398
244
242
1990
2236
5588
5416
93826
2130
1308
4126
2942
398
1712
1360
2418
4184
754
820
146884
974
498
8594
2658
3390
2502
4484
2186
4970
5788
3478
108776
580
3908
8906
1780
4346
3672
281188
1682
690
604
2128
2926
8468
1524
1708
5180
1220
3736
19392
3320
978
5322
264
364852
4604
1526
12092
4972
586
10124
5676
1438
1992
124522
1504
470
28648
2492
462
1266
7960
954
5730
4246
2242
4012
2698
1748
309590
4504
1002
450
246
1598
62384
472
1098
3316
4964
608
1384
9556
4430
334392
4494
3452
586
256
5694
111766
2778
784
87810
1048
86606
7560
230762
3108
4638
764
2132
240
994
9654
64868
147792
2882
4196
1096
3064
958
1804
2256
412
3894
4966
1082
3504
7816
1014
1140
217372
878
514
83300
2742
528
634
768
3940
4750
840
4848
4078
13112
6482
5826
1764
3694
398
2478
3164
540
4306
3926
62774
118726
3202
724
4444
24372
229630
1728
2276
3752
480
4234
12168
470
2384
1746
280
4144
54276
531860
1404
4096
3580
136594
4588
2716
400
618
2656
2818
5386
2772
2054
4838
540
3590
2546
4116
3606
4990
1298
2922
1084
616
86978
3678
84720
6570
10580
59998
1906
203378
398
5296
40018
1236
4418
1850
241248
5382
10688
906
10782
486
324328
3792
406
3804
225766
3150
1378
976
145330
4792
3226
398
966
5680
1690
1788
18816
3378
902
3092
4418
2274
1142
500
5540
232
4802
1276
636
2386
2510
44566
1838
4916
4546
3928
3372
177846
2484
2044
8274
17068
620
228
2876
2694
4602
3144
2918
5484
3026
465078
232
5346
1734
704
1928
400
7554
6402
796566
498
1400
2980
7018
3054
2896
3990
5782
742
2278
846
2138
214
2828
3952
2104
776
464
2090
400
2984
1566
3862
2104
62994
7466
2630
347532
486
4372
18116
1622
2744
1538
6844
2818
1288
5894
2436
854
1194
4638
62492
3866
1790
2206
139150
1960
553800
4214
1940
770
1044
419092
1512
210308
2776
3364
3970
3334
870
71096
3780
3230
242
1470
596
297848
2166
496
2266
1718
2224
1860
55898
6332
12726
230596
34236
4232
1628
3110
3480
5510
926
1520
2248
8242
1100
1638
498
111188
163126
4628
250
3056
3224
1238
4510
2740
594
2428
3432
9866
2806
946
1346
3140
1670
2056
2990
1582
6520
78736
2652
1906
614
338
2368
248
6532
395154
1374
2466
368
1530
4240
238
712
3318
3672
75754
794
46032
2934
4074
4128
1414
3586
3810
2976
3144
2544
7456
246080
4634
330396
62584
1618
496
2872
938
1124
1898
4204
780
5954
2828
4146
6198
520
1516
230
4006
502
2426
1410
3242
676
404
1908
3564
1032
261134
2536
722
2866
3352
2340
3460
3326
2682
1438
8426
1336
3648
4798
42998
2804
4068
8772
3010
3174
190340
2560
3606
138860
143390
3302
1508
54948
676
1500
8942
3208
3294
254
2164
4864
972
1596
1492
2498
268
4790
43246
784
792
2066
1362
4012
3088
1712
1998
3300
488
3434
5954
52042
446
536
3188
1136
2052
982
4610
2926
208004
520
2808
272692
7668
354
50442
230
291084
3766
8492
5486
1092
7370
302646
3832
1776
4676
1270
3940
3206
4130
5266
2030
5204
4242
1804
5180
7476
4620
30392
3136
2912
5336
3060
396
1870
4986
4818
1258
2084
8460
1148
2046
762
2142
340
4460
784
156790
3042
3320
5662
2184
7596
1126
880
2678
7486
2484
236998
4826
7006
7684
173598
1230
6676
5124
358
5384
45534
1548
250
1802
5536
6966
2176
4042
1356
780
6282
1700
4664
870
287244
3242
173990
4908
2498
588
4366
5484
213602
10592
2492
180084
1496
2914
1089510
3170
400
7360
398
4768
884
1512
154400
3288
834
4948
3926
4024
340664
1458
7238
3698
3668
854
3844
4386
620
4190
1006
2924
1124
716
2138
7360
91888
2854
2988
103574
4326
23582
3676
5220
2632
2270
64412
974
7322
4118
4322
3622
1142
1278
1384
3250
794
1780
3322
3100
7312
2732
4826
968
3328
224
1524
2870
4876
240
4762
1944
2008
730
360
1770
109028
2132
1822
7906
4132
3786
4490
4962
2474
4472
4258
2686
962
738
5672
5986
18222
4800
3534
4034
5276
612
89328
3974
5268
1988
222
528
400
214476
1394
2600
234
1018
75592
5218
9340
2528
120550
54952
4716
1194
1178
1766
4980
3176
3798
4714
163422
3936
252
2638
1286
9114
490
1102
3780
500
2564
962
250520
486
5716
7508
942676
6070
508
9522
744
1812
32992
90938
3780
160726
1290
3030
228
1164
1664
676
1988
6362
386940
2206
672
3736
2756
362
484
3068
1736
5484
8286
369862
1836
2626
4316
1926
194632
12548
1500
1468
421932
5084
516
3364
30768
6494
864
2730
8084
522
2840
240
3448
8544
242
1026
68900
5950
125616
2126
6048
2566
234346
262
1236
1606
9672
34506
1638
1734
624
7404
822
6130
1404
6370
4814
150942
2106
7380
583576
5218
4354
2800
1824
6050
92242
492
604
3098
4354
3086
630
468332
4844
6850
2976
3386
1366
4412
3502
2052
8424
4072
2648
3468
166976
5946
636
3046
1748
2996
3022
419996
4352
3090
4388
1736
7174
3242
3588
2172
3832
4594
9710
2748
2976
4348
4952
6756
7146
2090
81978
4334
109914
1960
2830
2706
4382
2478
1696
858
224
3210
462
1246
121304
22056
3696
1644
614
4080
2904
9244
6502
5752
52672
2996
245538
2434
956
850
3012
4420
3386
163136
882
2232
678
258
3542
3068
5764
354
150914
7164
1004
2772
430000
484
5758
3180
4214
134214
5640
416
66808
604
2282
760
756
1568
1460
5422
2508
2510
562
2646
6048
104966
1916
912
2914
1490
1792
3264
2612
1732
640
1676
1158
2722
155612
5602
278426
2094
510
54746
254392
4976
5230
5538
1950
2984
1420
560
2794
4238
2624
3572
144272
4074
1184
762
540
7964
404
2014
247984
1654
380
3748
11420
1512
4252
504
229630
82472
228
3672
36186
2534
2808
354
2024
4182
466
800
4412
4350
1232
4634
179518
2304
3022
2230
3038
2750
3456
7940
2364
1784
238
338
1892
724
2312
2996
1846
1506
4432
2512
1088
894
638
2900
1704
3336
1710
1722
2708
9356
4846
782
11374
1280
7506
244
1500
1998
291152
2726
11054
2186
3332
3772
3584
186684
4104
1848
6014
3942
1070
2136
3600
230
726
244804
383884
6936
2810
5722
9270
3548
1242
270
1672
4584
2594
2144
2258
858
680
2966
242
228
2796
872
1666
1880
2736
2352
71958
1484
1280
5948
3850
2382
1706
11858
320716
612
360
2388
3444
5108
2110
262
1976
6366
2256
348
97910
2904
2078
2942
262
5388
4564
984
4276
4942
497114
5144
9598
2252
381672
1250
1758
11072
4960
2936
65456
992
3384
910
1990
3598
6326
8104
402
4922
7312
2462
8250
3098
4520
4598
2062
4192
3002
1468
2506
360
4410
3168
400582
1260
256434
466
958
500
3538
3268
7422
3612
2562
4746
1126
2818
824
888
1418
6100
356
3752
858
810
1940
5266
1410
222
5626
5326
1524
1248
1114
4544
972
404
375612
203800
394
1876
830
1156
38630
642
2214
7140
732
4908
3862
5286
5694
410
514
400
2970
4474
410
544
1584
1298
3298
242
87686
5516
2696
2714
4566
1780
72640
2474
6210
1240
3730
2682
3218
1068
7436
404
90104
1232
7922
1816
476
206898
6786
722
355718
6366
5298
252
61460
186698
4498
3016
2734
284
514936
3140
3918
1084
6186
3576
5136
5104
2240
2240
19030
4610
3088
255446
2914
230
1594
5716
2898
510
2730
920
2634
406
862
1512
2344
6742
2358
1760
5188
4068
2404
7892
5302
2696
552
1306
1244
240
6804
2916
4790
145006
2410
1910
58572
1762
532
1486
1688
233154
564
39678
2056
1236
3650
1040
2452
1890
506314
182206
7056
2684
2890
2740
3370
4490
1092
3500
2036
2236
286
4036
610
1514
375812
5046
1436
8250
4872
2880
6332
5984
5668
2540
244
238
3130
2576
3344
464
3564
1554
3642
8462
264
437116
2382
748
2634
4980
574
398
3196
3352
600584
2320
86498
244
1976
3710
9696
5960
1582
4966
171202
7282
854
3892
4352
986
626
2190
1434
2768
1034
2450
3806
3926
638
640
101830
2824
1688
3434
438642
374
5202
670
1162
6160
227894
6494
396
250
6952
3364
2896
5086
1086
5438
904
890
3530
66616
1706
3432
2622
1268
2368
4768
2790
2112
6422
1364
3126
3356
3398
5726
1518
6354
277042
2348
4000
8488
1374
69680
3132
78428
5662
7370
6370
1400
2894
1828
1500
222
2570
3636
198034
2118
5288
1418
3474
4256
3988
5246
6356
1088
1350
2026
2178
5648
2022
1514
632
384634
1260
250
1890
7760
210060
2746
6384
1080
1978
3094
6118
1894
2518
3506
1884
4382
3052
464370
446
1218
3910
2364
4218
2996
2492
732
2784
3920
2166
702
5326
4734
768
3560
3520
1346
1844
346
5336
2354
3872
2848
1334
642
2700
4304
3382
189342
2378
1346
4016
226352
2076
1628
3504
5996
8228
5406
423146
3064
56434
1398
4742
4356
39230
1404
1268
474
2300
4258
4636
85982
2802
2438
2652
496
1798
1890
4338
1430
1478
2970
1350
1628
290908
5224
2886
3164
1630
4800
2922
2050
3690
2008
264
2768
1660
4824
2778
284798
752
1928
1670
120636
7400
970
47688
1758
4876
2138
3750
1754
638
2472
998
11810
3366
2272
2232
186930
976
4922
2538
1928
356
1208
349928
6096
2730
4120
2176
1190
10628
1488
2232
10830
1120
2994
3466
2096
2366
4156
2470
2748
2898
4968
4800
852
2426
210194
4222
474
1610
103384
360
5856
2446
3612
158170
4728
2640
1720
1898
3020
1910
3454
1816
1724
20730
400
3106
1934
760
2864
6850
1576
3432
5244
2656
4712
5228
8754
1218
2032
249886
4182
836
2824
1794
1792
918
1012
1452
696
5648
1056
3988
6302
5604
1012
1896
3932
602
472
3042
362
2444
51352
5220
2874
97738
1304
524630
2988
5322
1152
2500
914
838
5748
2586
2556
1382
1368
7214
1498
5140
3188
3010
276976
1142
224
4920
252
7188
2906
3508
4170
992
2016
2716
4318
2716
2794
5158
6030
6512
78274
358
224
222542
1640
860
100914
532310
23334
2772
1960
295588
7442
1734
6308
4680
3990
3274
7388
3558
7836
2124
283404
224
3242
4452
3246
8322
75860
398
4414
988
2564
1944
6464
1088
7240
5064
1504
456
5906
2666
414
3094
3316
1876
496
221698
2622
1006
962
404
4146
3460
3516
4666
2174
3352
410
2320
2706
248
5174
3302
2962
5538
508
3378
232
520
258
238
6212
342
848
2740
1324
6944
1788
88552
248
3718
2066
3438
518
3088
282422
1092
54496
4908
514
3962
4652
1634
10730
610
3290
1970
3858
1654
1560
390
554364
3642
1404
2526
956
3266
1924
1756
2134
242
1004
25386
2718
450
2458
2480
64226
4976
226
5608
2474
5990
3030
4990
858
1410
246
2372
169880
2056
3970
4820
516
384
2188
3358
4052
3430
3920
623456
1096
3324
3610
3070
738
4470
1914
638
4052
2274
502
244
1580
3160
71788
608
1212
3486
884
2506
2348
6352
2866
3448
3392
1066
3184
224
8108
638
3414
2064
3264
2046
6330
329184
32076
7184
161614
3144
685552
3162
1966
2872
1404
1130
2984
838
4300
6992
4844
3016
3754
2156
254
8810
1834
248
157306
878
388
1284
1178
11856
2422
3110
3478
550800
170888
2418
155618
2368
972
9916
2086
2392
470
7306
82786
356
6540
2512
1080
7992
1508
2626
3166
2382
78454
5346
1034
1710
2026
2430
4042
6246
716
1686
1468
954
1278
54706
136702
9724
5184
438976
2106
418
2708
5268
4578
1234
2396
540
3618
4178
2204
223588
3642
6970
3648
1004
448
5056
1116
2204
2526
231910
2080
2444
272
32042
2996
360200
2276
1438
398
1776
6002
3926
1258
2694
3456
3276
3476
3344
5200
3276
1236
992
6826
1782
2776
2108
1716
8102
327666
3422
5406
1778
2490
1618
1184
358
924
1512
389776
12930
2274
716
880
354
416796
4054
246390
1064
3876
3464
2676
4462
1282
2036
3028
7852
1672
2390
3526
4312
2430
5600
1382
672250
2740
98090
724
8848
2080
6568
13882
1652
5116
4148
226
970
2482
81566
246
7044
3250
1368
2638
422
3688
2372
2860
5266
6090
2384
1666
3764
4310
391278
7332
4662
3816
2740
644
3194
9106
1066
612
6186
2882
2964
600
5916
228
3038
3214
1118
641452
470
2860
5586
125326
500
1102
1602
3892
33196
2916
412806
2144
1632
1774
3442
358
2272
1684
1850
4050
244
1880
3896
5696
266
4838
4534
384608
3684
4100
480
2398
2604
3434
482
4402
476
2178
466
2624
2706
215870
3346
166282
305668
364
74800
3820
2446
3562
434
4714
2662
1958
2800
113834
4956
3014
3520
96752
270890
1232
42164
3376
814
11118
2226
5488
288936
2016
1798
2468
377310
1842
3420
5380
2650
1814
1408
7174
1912
856
1274
2160
22472
49688
1776
1606
165042
61516
3548
298
3912
1230
3120
5262
2570
531118
2104
476
634
3778
1554
514586
2186
518
1882
2730
228
4054
1336
2086
2748
3216
82246
2502
2240
5732
1756
4784
2836
117718
606
3746
7062
1900
734
498
1730
1538
7228
5290
3146
4340
3170
728
3006
3024
82578
4226
3376
728
722
4550
1998
7526
354
5436
1558
4834
1606
3610
5788
4058
71328
315344
338416
1530
2006
2040
1078
1434
1988
4526
7422
4354
1630
106242
3134
22356
110400
3720
3390
362
122606
3294
2750
3620
8144
4584
1026
3190
2622
866
346990
1006
2134
3452
2972
1354
6750
2324
2570
2006
873144
4582
254
1968
4182
2668
1544
3250
50056
2054
2944
4432
3006
5668
1118
4606
962
4128
1774
2614
550
5338
2816
3814
1658
2640
1504
2774
226
2636
3958
1664
752
6536
2004
335196
3378
502
14082
4804
3212
5996
1520
186452
2944
1034
3520
2752
2966
2236
9912
2234
2666
1354
7366
3888
2938
1666
478
1726
592
3422
5402
14812
2762
1206
3776
6074
4016
8274
2728
3934
840
1376
484
1916
1644
2298
3066
246
7080
1510
1320
244494
3354
2132
620
1236
680
3414
4216
248
3488
2842
2580
5184
3012
101920
1380
74578
3006
8524
276004
3638
974
2996
77354
1902
3080
9358
362
189816
1696
421196
1450
8806
38622
2628
5400
3940
362
6510
8608
1716
1550
2092
3928
2736
2754
1144
324254
1724
2656
2434
4296
1238
4792
3376
784
1878
626
524
3080
2218
1250
3544
5780
1238
4750
696
6778
780
2298
588
560926
2290
3400
2580
3256
856
90318
2978
2142
578
467908
2422
497870
475368
1230
7544
6896
224
3858
1874
1354
1662
2380
2382
584
4042
2920
22788
808
932
984
3740
1808
53602
590
1840
4048
3064
3278
3914
112982
3420
6252
4326
5508
4380
358
4744
1268
3878
3744
306064
574
5468
2728
1364
6128
124536
5666
81744
2022
236
3508
1648
2026
3384
1360
1162
4046
2322
1446
2750
6224
1238
1562
2650
1926
3140
5928
5760
4736
1790
2108
2236
4980
2136
1974
4844
171892
1584
4276
1906
2306
2676
238
3940
71246
2176
2768
2424
3102
3696
2554
1870
1656
1036
3746
4296
6222
528
244
3934
5056
2364
3262
2296
2704
270
50334
3082
1360
2940
2530
4932
2722
1576
54486
400
2800
4516
3506
2160
4238
2528
590
264
2004
3726
360
2834
630
2474
5556
6344
5626
1850
33080
34338
2978
6140
6190
1902
4098
2592
2924
3884
3486
3030
5114
2432
1820
1620
2824
1106
403234
1588
724
100078
92556
94604
1846
2882
2408
1540
305900
972
360798
2540
1554
3994
2090
3764
5444
1850
1794
4964
514
1232
3782
238
1108
2268
2916
630
4850
2844
109020
180814
2046
1268
1398
828
1560
714
551658
147964
572480
894
2548
1544
2266
878
3494
3296
1966
370
1366
4218
2086
3464
2386
3204
1236
6984
3158
187380
2882
2400
27182
1568
158900
7034
4956
1752
2100
5124
1114
2096
4108
4270
2414
4678
2626
630
4670
67232
5404
3508
1548
2058
2824
1380
10318
1790
2388
3480
3316
161030
1402
1304
948
1818
5268
1858
2764
5808
460
3164
2478
1684
1034
3482
864
8882
3734
1536
5400
3896
4168
3634
498
2390
4278
4086
3354
4422
5424
3362
199870
772
3146
2456
105076
4790
264
1868
758
4000
1860
5788
4510
866
139250
3780
1042
1980
294640
4992
5916
1156
3472
3038
974
472
1518
5172
952
1814
904
2422
490
2116
2720
3340
4944
2512
212406
1024
3434
4852
362
2542
2070
5808
318760
394
3466
4036
582550
3788
36898
1728
6524
3492
3954
258
2854
604
4404
2152
4884
2110
1344
5792
2760
5220
2254
2984
242
6268
828
4060
1064
1396
3412
230
1192
396
2848
2046
2684
2486
418
67700
3022
97730
4518
8374
508
1676
976
906
6722
6076
32988
1480
634
762
474
2792
3716
2566
2254
1556
952
464
250
2044
738
2348
3878
416
8044
2464
4798
2606
4068
2890
1428
2034
5280
296204
3588
5486
57800
4748
792
3962
3576
1884
4088
3400
1532
238
354
1100
1104
406
149078
3530
4810
418560
27430
2990
2376
3646
9332
1488
134358
726
108430
2512
246
710
1084
73278
3838
3330
4424
1530
2696
2662
2518
7814
514952
396
590
2254
6540
678
362
1976
2516
1922
5494
494
5904
5014
2240
120792
276
1564
5468
344
9682
362
486
895560
1904
2296
3742
58636
498
4984
6670
5792
2066
4846
440
5798
546
1606
1594
758
3112
829766
2328
4980
2262
3098
1004
5896
5014
496390
4730
638414
4016
420
1426
2430
266552
177918
1462
108436
658974
3366
2536
3178
2968
4874
622
2948
2500
276
3914
5768
353004
5056
1406
3318
2170
6024
3986
981092
4768
744
514
2546
164676
3020
632
510
1732
7416
2256
3366
1106
2978
115190
242
7476
2408
4160
5374
2846
4022
9520
504
2236
1468
720
2026
2528
426
3048
7082
484
2300
1472
4732
244
5740
48832
4118
1676
86238
465846
516
139422
54442
56314
410
3554
4134
3034
261694
52992
20580
450006
5526
3352
286978
136794
2478
2558
3530
1956
4502
123414
6352
268
2376
2650
1418
5632
1648
966
4468
457422
5748
6644
1282
50254
2860
5288
3412
506
1106
33248
218784
2844
5392
6732
478
1664
4930
267494
2402
1612
3132
4330
3354
5296
211164
5034
2410
5852
118632
120872
1604
196952
476
1960
2542
116812
5134
6998
2072
2144
2008
79068
5152
2306
2038
4572
516
244064
490
375600
826
2270
3240
1242
2946
468
6880
2030
4126
238
325002
244
548
4068
3010
3354
6696
632
1628
16842
286
4816
708
2218
2516
2738
1212
6708
248
868
2726
1986
2914
7292
6478
116764
1330
264
1998
848
7102
1668
3390
499962
2090
4008
5952
284
3560
2312
476
2920
17656
7874
2732
3172
2646
604
7034
284872
4974
15236
7330
5548
3608
2624
3094
923052
2068
1008
2526
2970
5466
4218
3006
624
2440
3232
5952
309060
3084
412
1466
249854
2266
2946
1122
726040
7020
6064
48166
208270
12828
6998
1212
2710
16740
956
402
7088
518
1022
24470
3954
3262
1792
2320
400
398
1748
3688
3526
30244
44914
2080
268
4106
4996
914
5812
428120
2732
400600
684
1056
2496
360
107384
9140
125412
1894
776
1724
7528
3938
4398
1848
1814
103992
4098
2424
2558
2910
92656
229996
3012
1310
998
8928
456
2416
310234
4154
2130
1928
195102
1012
291492
2356
4608
85182
3430
1114
1794
7310
6766
3414
198856
1198
2840
3740
2376
3940
2568
920
3524
1746
7802
4364
2238
1992
27912
2618
5312
2536
7300
2064
1670
3624
309892
1438
996
280
3902
2604
2202
44988
82512
3840
2014
3998
3332
628
2444
3336
590
2132
6670
522
3070
506
2140
1110
1900
5774
258
2768
4828
4298
1540
6558
2012
6010
2648
4662
1970
4770
1728
3156
2512
3878
16288
4300
3224
282
1754
3030
5172
90638
1412
3976
226746
1321874
394
3106
8754
3112
2012
1360
808
2848
474
6438
1182
4516
3126
990
3444
195806
1142
139976
1966
3710
6750
2782
122432
7024
2778
418
1174
3258
2698
2060
7630
4480
221760
2098
3568
6120
3176
526
4436
345766
490
11164
7108
5930
63380
6542
92774
4836
3982
89628
488
3968
6534
3332
778
1640
1328
466
1666
68522
532662
2018
1126
3240
8698
345010
502
4008
1452
19534
3456
314
2732
398
1900
262
2544
4062
1684
2896
236
5824
558
1022
3736
428
4132
14134
6914
8526
7324
3574
2868
9512
351670
6948
2636
2036
928
97512
5612
974
5276
4874
5258
170462
3400
551290
408
778
718
1250
6072
3208
946
7142
131056
802
3936
173168
2514
284
396684
638340
3248
3516
460
2890
4950
2634
4634
396
480580
4176
262394
3190
2108
1510
1958
3526
2378
624
730
3750
34984
1292
7928
60992
246
3356
3616
1262
1984
2240
400
8074
856
1044
1668
1530
2654
190086
608
2194
8904
642
5732
228
3740
4070
1958
2808
4810
4032
5688
7314
3270
400
1376
4250
4080
2610
4386
264
2756
5912
2012
290658
2300
4730
5824
4142
5378
141070
2554
3106
718
2324
312742
2150
5096
3780
278
4118
2404
488
400
293278
2884
630
1862
6730
3666
1358
3562
2824
2704
5358
430
5748
7550
3438
4222
5522
2722
7704
2096
732
3140
2480
4942
2352
864
680
896
3370
2516
3216
499730
5102
294
960
1114
4960
7312
5148
131840
7618
3730
256
7174
964
2576
26724
2458
4604
6108
282
2496
2512
958
5512
398
2914
1888
5784
2808
5694
1728
2028
1242
4902
1124
5018
4996
536
750
3340
1046
4672
2690
1774
3560
2622
1320
3228
2168
4016
3672
2512
30528
6998
3648
3604
5488
137788
270
2420
914
140500
4232
1102
7982
2476
400
732
280
67512
2780
78780
1922
286
3694
3300
9538
254
398
2206
4414
118880
1370
6266
6148
468
708
1424
2444
252360
3542
211244
5190
3138
502
504
2182
4340
2508
548
512
3320
6370
344350
92244
1346
3898
2714
2196
2640
6096
3982
5800
356
4452
5086
2178
6580
3002
3052
2702
75212
1824
4072
2582
1270
1132
1564
77346
8232
1588
1712
162500
3288
1006946
866
3552
3484
3878
3774
1984
5876
2588
2932
2738
4170
1786
3364
5244
1100
2314
4152
1166
1360
4566
62946
506
2572
4298
406
250
2194
4816
4294
3412
2896
2508
3008
2100
2196
2270
4288
4608
4984
1606
1192
6666
4640
3436
30376
69304
862
33708
426088
4278
249210
2646
12202
4110
4840
4618
3440
2534
1842
894
3202
2210
268
2734
2406
1108
131470
956
2122
3260
126644
3726
2486
6668
3664
2292
2438
1142
3632
4442
4128
210520
2786
129210
2618
292
66350
1398
1846
110548
6632
3584
6912
3640
1944
4754
2022
4784
782
1886
2644
2232
3194
238
678
6014
4554
2566
122342
4550
3570
1612
2638
1820
286834
1774
3520
2408
3548
396
3640
244726
2434
172928
6062
2482
85896
1394
914
1282
3332
7230
1058
358
157792
2916
5796
130904
1038
2718
3880
2396
2936
3778
3834
3172
1352
3598
2478
2878
2634
668
4100
3848
3532
3842
1830
2136
18634
522
2676
4732
131392
2644
4082
6650
9058
3958
1892
3348
4038
2064
7194
336592
2090
6762
3736
248
5394
4240
3340
1956
4118
1746
1384
958
622628
4210
1996
2784
2376
219166
309430
1090
2348
1020
5308
1424
4876
3838
7392
2232
404
4864
3600
2094
8576
3870
2278
2222
270
854
3866
1666
2910
37554
2952
1762
3798
1394
2272
1400
77468
3584
6826
5622
2068
2152
1492
2510
480
967712
2322
1390
