11111:111100:0:0:0:0:0:0:0:0:0:0:0:0:0:0: (total 9)
0 4 8 12 16 Thread 0 going to cpu 0
Thread 3 going to cpu 12
72 Thread 1 going to cpu 4
Thread 4 going to cpu 16
going to barrier (cpu 0)
going to barrier (cpu 12)
going to barrier (cpu 16)
Thread 2 going to cpu 8
76 going to barrier (cpu 8)
Thread 5 going to cpu 72
going to barrier (cpu 72)
80 Thread 6 going to cpu 76
going to barrier (cpu 76)
84 Thread 7 going to cpu 80
going to barrier (cpu 80)
Thread 8 going to cpu 84

cpu 9 cur 9
going to barrier (cpu 84)
STARTING...
going to barrier (cpu 4)
STOPPING...
Duration      : 10000 (ms)
Acquisitions  : 17762992
4218
1202
2204
2998
2876
3046
286
2136
1904
2016
2588
3064
7514
2072
1100
3404
2120
2654
4446
1834
1296
1874
226
3090
1908
998
2024
584
1928
238
2304
4498
2816
1724
352
2038
1822
19026
396
1812
1536
1836
344
542
3186
1216
2698
2302
2064
1344
4268
1896
1846
4438
618
3254
252
530
1784
16902
2618
1944
2996
3222
1780
362
187010
240
2876
972
426
866
3884
1384
250
234
6584
2432
95948
3032
2714
3070
490
23172
1882
1342
4984
2150
252
4844
2584
2042
3158
1976
1492
252
2424
16670
2662
2698
2824
6632
3044
14232
2766
2840
2892
984
562
7270
2552
3094
3770
21592
2038
6242
2784
1264
1520
3644
2456
1720
898
1674
32864
2306
4702
2440
680
3664
620
1822
3724
982
3224
3964
1838
994
408
714
544
3686
398
274
212
3722
724
3556
2830
3222
8750
2978
2180
8844
3852
2038
4066
2520
2666
2894
274
5132
2660
1744
2680
1746
2118
2450
3324
41836
1580
7556
742
54680
242
181474
574
3666
2700
34816
3614
58400
4098
3020
1222
2918
1224
134468
414
5072
1428
3186
1126
334832
232
9978
4464
3168
1648
2034
3256
734
5744
674
750
1494
3020
126720
2756
864
4528
232
2760
1416
962
2042
1530
3764
243932
2596
4996
28436
1134
54630
5118
244
3304
3278
1350
259562
2978
952
3706
746
236
1616
54554
2196
12298
2232
2064
1962
2688
258
3880
1822
1542
620
3908
748
1284
3398
3274
3148
2852
3834
1894
3098
396
498
5020
340
2846
1794
40576
2544
3876
4318
1504
52210
2418
1006
786
183592
2458
4414
4090
2368
66764
846
850
76734
2782
1034
1124
10406
266
1566
542
1322
2230
2728
3056
590
1444
1822
4656
127460
1658
3292
2508
540
240
1836
488
2688
1962
224
724
262
5292
3184
140136
2688
4332
2876
2446
48240
980
2810
732
2834
408
2838
2582
912
1430
940
1738
5256
1850
2280
1620
3554
4928
2088
1580
3954
2674
3968
2444
2634
2514
2322
3226
1996
2112
1196
3288
1886
2958
788
3604
4130
1578
1238
10056
1612
2078
160550
66396
2186
14826
2484
31606
2874
236
3358
2990
954
1726
1242
2224
1300
1614
692
2192
492
2836
1650
2874
526
244
1526
612
1910
2592
3876
1002
1822
2710
2722
3150
254
1676
2522
2684
238
2046
2570
2412
250
362
506
14466
240
35342
1308
2736
3196
2836
1304
175348
19640
1206
1250
1820
956
1628
2330
3170
412
149148
2500
872
720
2378
604
2264
93566
230
2760
1690
2746
3014
1954
254
3684
1002
1744
716
234
3944
4070
3190
2838
1468
2498
3210
2056
3346
2516
1422
602
2414
2358
1710
4576
1600
3594
6342
98502
1934
2744
2338
784
2862
2524
84576
5066
3008
3002
2614
274454
2600
2190
2840
5292
52270
268
708
57958
260976
5174
2884
2166
4974
1650
4632
4366
3294
6530
3200
2432
2918
216
221284
32398
1552
117012
2264
1854
8308
2826
3004
1788
982
3158
3444
4140
594
1692
2264
2030
2058
1664
2474
1920
3274
2778
1940
2540
1690
1152
1620
1224
276
678
1594
2616
4422
23432
1694
1266
2444
2040
362
1710
1544
1730
1276
3810
1698
1210
1318
4294
1364
2414
1420
2094
1934
2614
1702
258
1890
2658
514
9914
1500
45090
2302
1352
514
1908
2618
98504
254
1526
1146
1090
4012
4948
115892
1248
1638
2028
3390
2240
1856
998
3028
2670
3006
1256
696
1222
276
2872
4554
1846
75920
2830
2628
4612
1848
4110
1480
1862
1008
175108
4380
2102
1990
222
2220
1698
2588
2664
5274
386078
2492
242
2602
2942
57446
3700
3360
1660
3752
4016
4472
322
3606
352
2120
4104
2754
522
1188
3170
1934
276
2898
1994
2184
476
3152
2020
2594
312732
2302
974
1066
1556
1918
4354
1406
1722
610
2814
2252
624
2040
3746
944
14858
3578
754
1856
1112
4568
2002
3444
3692
1864
2070
66272
1622
284
3624
1700
2334
720
1364
3156
554
4876
1906
1930
1342
1746
2374
628
1760
39628
4828
1402
2688
248
2206
2498
3110
1950
1512
5342
2570
1762
3270
2602
2132
504
1672
548
1256
3038
492
1202
7328
1556
52280
592
1612
1966
1482
2382
68242
1816
2550
1624
2002
1628
2482
356
4548
1974
2006
5356
1232
2076
3476
3922
894
1240
3082
5708
13658
2374
2940
2172
1458
1120
2080
2834
123472
256
778
1626
726
4452
2080
5586
1610
466
4464
2832
1848
3222
1788
746
358
1982
2240
2096
240
2322
248
480
2400
2638
3822
1398
3116
1666
1476
1788
2568
2430
2662
1262
276
1136
146478
1240
634
40630
852
356
2728
76064
97870
5474
4106
13174
2692
2274
724
2664
240
4530
3006
6470
1550
2076
2830
520
3944
2826
2852
2508
396
3332
976
1704
2114
1764
1376
1388
1706
1428
115516
4644
2270
2036
3260
362
3846
794
3090
5318
1448
744
738
1278
2488
2386
2514
1810
5774
402
408
360
3196
256238
1166
960
168174
3922
1250
3642
2476
2014
3822
2848
2314
268612
3668
638
2030
21472
2544
67322
1576
1002
76932
223640
60682
2714
674
1812
1718
2620
510
1690
246
1822
1258
1746
1246
1158
4804
2244
2462
4758
1598
2668
4608
288
1634
1388
638
2370
1660
2366
1216
2428
1306
1600
240
2638
2508
2230
864
2358
3042
9162
2416
1950
2312
2066
240
243750
2738
640
1208
2128
38132
2144
1916
1402
2312
3606
39144
2598
2066
762
1736
1590
92872
1290
3036
1642
3326
2068
1338
360
548
1768
81958
2166
628
2922
984
2208
246
3950
1744
2376
412
265356
11006
131764
1666
1586
3742
2210
113192
1782
3156
1796
1522
71156
1948
3452
5434
3678
768
3380
244
1276
78406
1940
1400
2676
1408
2294
348
690
2162
2756
1508
1984
6766
2584
2220
1036
2674
808
105262
3536
1476
2082
1900
5454
4060
628
2324
212
8416
1418
400
2778
2350
1676
5754
2656
6598
3926
32070
1310
250
476
2076
3976
614
7134
2188
3328
2344
2298
3022
1240
4282
960
2076
1858
4194
2524
1036
1726
1972
2092
99086
290500
2496
294
1634
670
390
1756
526
466
47268
2354
246
726
37138
1818
2608
740
2868
2878
2348
5030
2922
1852
626
264
2694
2386
1942
1444
2666
248
436
3140
300800
3150
1040
485564
3910
3100
55126
898
4320
2716
1914
4322
2108
4138
3502
400
2898
5000
1476
3376
11890
2658
954
46668
25388
2464
732
2828
135846
5122
2606
1634
252
2870
398
2244
524
1920
720
1554
1426
3934
2228
5264
1550
252
254
2808
8572
10934
1554
584
4238
956
482
264
400
76290
2240
2060
5440
7374
284
2928
2496
1850
1302
1960
400
1804
260
6804
3196
1966
876
3642
2460
2368
398
2872
26364
5376
994
39542
5422
2894
1618
2578
1302
3174
1962
396
2754
2474
3410
850
826
1342
684
404
1048
3904
4536
1502
3022
2462
9970
1780
1624
20220
2542
382
1966
350400
250
4592
3324
5780
734
1016
238
2448
4530
2304
840
4202
2036
183588
3100
12870
674
4576
11214
490
2926
4936
570
54324
360
248
2268
234
95118
2132
2700
758
3646
2406
1962
2548
47838
9124
3044
254954
1796
2850
2376
5090
5234
2524
1552
75094
4072
3068
2324
478
272
1462
464
2256
616
11080
1658
3580
2574
82692
570
4104
11558
2226
950
272
516
3048
21220
1142
2386
1036
3286
152640
2708
1872
570
1952
4144
788
964
1838
3296
68138
1716
3446
5938
5300
4978
2236
1474
596
484
262676
1076
131684
15996
254
4144
2286
2686
1416
462
1852
2000
260
2656
2096
2460
3246
834
5736
41294
2534
4390
64756
790
246
764
2616
852
1682
642
1794
2616
622
604
400
1510
306
1618
2534
970
21086
2856
3390
3016
956
61186
1846
2294
3658
394
978
3260
11322
2616
398
4338
3826
1772
1906
1958
2452
4622
888
1872
2510
4142
264
400
3016
642
778
3194
1152
95688
2234
1860
512
2510
714
1222
104096
249692
3856
2622
640
1810
3968
2496
3526
2074
1796
1132
3426
402
7572
486
4726
6422
1382
131638
2198
480
2570
2848
2600
2756
1452
198826
402
3926
1382
307376
1644
270
514
21662
3756
1070
2134
3646
4990
2908
1784
3458
2806
5522
76202
1554
246
1306
738
36140
1628
1034
1864
3502
2376
3404
1608
1930
748
81852
2970
11734
5628
262
1506
1842
3164
270
81082
874
3422
3492
276
2240
2384
1660
2414
2268
6692
618
2316
356536
1548
3192
810
852
2726
2638
716
2620
258
824
2942
86222
1642
1620
1634
1900
594
13278
2840
2474
1766
3194
2544
1762
5150
4132
1372
2470
1396
662
60526
1812
2318
1644
800
2864
2924
1506
1522
1232
1894
2468
766
3396
5928
20164
1410
4190
2266
1980
3824
244
250
3748
2342
123030
1050
642
254
1836
832
1560
1966
21114
298
2808
834
2762
2032
1324
3362
404
198930
3572
1686
384
946
3574
1338
18616
159920
2754
101774
814
2080
2720
1878
474
726
470
1052
2716
2600
726
2518
486
2240
26366
3304
1728
2950
5022
2024
12164
2858
3478
2950
7936
125252
102492
3700
3716
3232
3010
2806
4092
2744
8448
2368
2390
2010
3786
486
1876
2452
8708
2956
2922
13140
506
2666
3032
3592
234348
4058
69676
2306
752
1750
1736
496
2278
742
6982
3182
460
2122
836
600
3088
3164
2648
1392
218648
898
3206
4512
2634
1838
402
2618
504
3070
608
976
4982
3468
67796
4016
1898
3482
2620
636
2514
1810
2828
1846
6086
1702
572
1276
2550
1646
7850
548
1214
2488
748
4536
3584
73586
1288
2582
2188
2320
2462
1976
181966
874
1048
1242
302
2560
2084
824
2924
3184
3692
620
4590
2578
1784
1950
360
720
1642
480
620
3646
2942
2868
2170
498
3260
22464
3236
1884
268
2100
2676
424
4778
252
488
258
2810
3526
3440
2912
1388
502
272
2826
414
1960
4920
250
1080
1188
358
3322
4318
68938
2616
2904
3276
4624
3918
3096
6602
592
2218
688
1940
292
768
4210
1520
3036
238
162906
3540
226
788
3150
264
267644
258
1848
240
1086
3766
744
4100
2082
38986
1398
1852
5734
1496
1840
482
1420
133974
3064
3460
486
26846
21750
1340
123508
2514
474
14978
82402
54244
400
616
2154
3000
974
4076
1820
2052
2222
2554
6442
4088
5548
2840
264
164974
1302
864
1288
2026
86276
972
2032
40186
3488
2244
262
692
506
242
3152
3048
20532
2334
398
21604
462
110818
1442
1242
544
2874
105556
972
3368
254
592
3050
1404
2122
1474
1904
2116
1920
26822
3616
1758
102594
95264
376394
1674
87072
2040
1654
2458
11230
510
1826
1734
712
1370
1620
4530
110800
4654
3436
3010
2854
2056
1832
2390
3678
4210
686
1196
2512
404
127156
6068
3326
998
470
2020
668
286
4448
262728
2122
246
2208
292
1986
262
1990
1854
636
2304
2180
270
4224
1878
170444
400
1656
2460
272
1862
103402
844
3240
424
1994
238
282
1458
2918
516
196198
272
602
394
4144
2412
2164
3518
412
264
596
6044
71498
3550
7532
3784
600
2076
3802
1140
2506
838
5762
2440
3788
1880
2900
574
76680
272
1334
716
2660
2256
2546
2024
836
380
2184
5268
1962
5818
2472
1422
1082
2528
774
212530
38830
4022
3152
259128
1398
4520
1748
3332
3120
2724
490
764
87882
2840
404
2204
1506
2458
4978
4974
3374
3324
600
232
2244
1248
1646
2204
2886
2162
856
4654
104492
394
9762
1486
264
81548
27092
1578
1944
400
2882
1368
2934
2316
1322
17204
45196
83214
2124
4636
1660
2652
1360
3212
2802
2046
1594
3484
1128
394
492
1730
1304
2820
2206
2672
3170
224174
4450
2964
2610
1588
4086
2284
3868
7826
766
3472
516
3320
5278
29940
23266
890
5360
2330
1728
3252
4098
1050
2884
2706
140070
858
2840
518
1966
470
2798
350
270
3550
360
1028
11132
2326
2942
422
864
1928
2296
1440
1994
1982
3134
3340
2996
626
3192
1990
15726
738
402
198098
3316
3146
3302
1156
1910
2696
1516
10938
2468
2870
742
1776
2810
1924
3228
2596
4296
4248
5040
1488
360
1808
3378
2066
954
634
3152
33404
2026
1774
1422
44112
3978
948
1572
8616
30792
274
1916
1510
1742
1264
2526
2230
1648
2030
4416
356
86104
738
2558
4460
2184
3358
2002
3262
2826
1458
4448
2128
492
41012
282
1798
1272
3048
358
206
480
2714
1230
2398
1568
104360
129964
4096
246
2340
2160
1492
187188
71794
96684
376
352
3322
454
1916
1808
1552
686
1326
3534
616
1102
3774
636
72378
3196
153998
480
814
2526
492
1380
2990
4170
1954
780
1618
252
75772
158968
1088
3686
1802
124950
1822
3134
5074
12624
3634
2468
2444
706
1724
868
2946
3218
71110
113494
1938
232
224
826
73558
83574
1608
203394
360
356
234
4044
1272
1850
2004
59014
4196
1974
2708
308014
4132
2506
1614
2054
224
1880
3186
19690
3256
1940
1712
1832
474
45732
1084
2168
678
2890
1614
1600
90668
1976
678
3732
64288
167346
4508
43254
25580
2270
1096
1822
516
105574
1234
1558
2068
1048
1912
224
1118
260
2114
15438
1668
400
3524
1882
334
1842
4772
1288
1504
72424
240
1706
256
432
2730
87152
20858
614
2144
756
3096
1274
1580
2974
1412
1692
2800
4506
3972
207032
4852
1166
2980
2134
271590
2300
232
2512
2710
958
1566
2854
187778
2038
94654
1288
1798
2062
2110
342
1454
1794
1854
1930
836
117828
1416
1040
2096
1978
2054
6206
230
616
2460
740
2018
660
494
622
183498
2552
3424
2502
1236
256
590
41278
55954
2084
1142
2538
2970
586
1456
2480
3616
3050
2424
504
1468
1216
600
3036
164842
28968
3406
600
38938
758
1850
1760
97638
586
8588
228
2058
536
1684
2536
222358
2552
88558
766
610
2064
2918
2798
2120
746
2862
2452
4866
1504
4624
1066
8412
878
624
236
2024
334
512
1478
756
2098
490
802
435230
1704
143662
4928
634
234
716
2238
626
4068
1382
1846
2168
3650
2448
1366
1388
190918
2692
2034
1352
112502
462
1898
1728
1700
1850
1764
2268
79428
462
998
3604
324
2346
1136
356
23590
594
5440
1680
3494
1498
1574
1794
1898
66894
1662
2358
754
2926
125178
3324
3792
1534
244
1786
496
1030
838
750
1520
4580
352
1352
24452
486
1498
1058
9966
1964
362
2058
1082
3886
2688
81286
572
280
750
404
1178
3406
2666
3366
1548
3752
1730
2776
3150
1832
1922
1734
106336
1686
1260
1210
3726
21256
1602
2008
678
4666
998
2180
1598
908
1520
248
276970
1500
2460
1434
2880
876
228
236
2380
1762
3704
3994
3920
1704
2594
1934
866
3644
6368
1088
37954
1548
2090
380
1980
1998
19634
2594
2120
224
2738
2678
1514
864
30750
2400
3926
3410
68662
398
524
1796
2122
2408
2068
158982
2572
414
342
1758
3796
492
234
148420
762
1490
364
476
1618
320810
4250
2792
500
1330
2610
30288
2814
4278
1132
2012
2452
2594
394
3700
272
3372
2072
7358
1924
680
249604
3532
2166
2414
616
502
1600
3068
3522
2800
8016
2410
1480
674
1322
1820
238
1066
2218
1958
5340
272
954
3958
1270
2502
93826
1384
1158
676
554
2084
1884
498
988
39008
1930
3922
2104
850
482
1754
2260
600
520
3876
342
1828
45894
1970
20920
1736
2244
4338
2338
238
3214
2676
634
2046
5290
1010
3880
602
133278
528
93064
36620
2314
1390
4086
1802
2846
32126
2608
2502
238
4946
3948
1638
250
338
2268
3426
3356
5358
5012
1330
504
622
404
518
2576
4796
806
496
3748
2306
4124
2208
1972
78502
2808
175316
432
596
470
2188
2634
214
5530
1720
1546
598
456
5196
1514
2274
1178
298108
2790
1308
2580
2010
746
3672
236
1516
2314
1936
220
246
400
124408
2304
23602
754
822
462
720
260
1252
226
710
31084
2226
1462
5120
2110
498
1978
242
618
241812
1174
1404
2272
1238
2236
2244
560
2174
724
1460
1824
2034
3516
1816
738
3832
1106
3080
246
1978
346656
1428
4590
482
32160
2716
1726
334
44910
2038
3146
882
81718
4110
530034
4462
1646
2140
199812
2102
1868
5314
1780
3664
1928
1650
1108
1890
226
844
6116
95630
276
2902
2298
358
404
4652
398
1962
1590
984
744
3458
3840
181674
4244
4322
492
952
70380
270
13810
2474
1636
2968
8018
82932
634
12408
2788
53540
1098
840
1918
830
3478
163692
754
1984
2522
2436
2622
2244
4044
1398
5918
2194
234
1970
1656
486
109154
626
21006
750
484
274
760
28562
3386
10154
153432
408
1792
484
5636
2148
548
800
360
2584
79462
348
2386
746
3660
10812
686
2448
3396
1192
1474
1384
1988
726
212
3048
1336
4016
5868
248
400
1506
1296
1806
1286
702
1814
2438
3692
3474
2492
2466
1344
2592
492
958
1066
490
2878
1680
4948
766
2012
430
1756
2794
230
2544
2924
468
3702
45636
1786
238
157030
3282
2686
7960
2904
1806
1488
3254
228
3546
1446
3378
626
1858
1100
2336
234
224
564
272
2756
1054
3190
1030
2318
8462
4130
1296
718
1674
936
718
1136
2140
3540
1914
1852
4244
3402
2716
634
478
2144
270
5188
2526
143836
1356
3256
234554
4910
714
1956
632
2456
5280
636
482
3480
398
118774
2294
2468
8586
281254
668
894
4178
238
726
1022
1270
1968
258
118968
240
2758
3060
3372
1560
1096
2058
2538
402
1934
31920
794
1250
3390
2010
2084
2932
256
1238
3956
3488
2502
69188
2880
224
398
602
1246
299916
1232
1312
4612
1250
2316
2212
2088
269826
17300
470
1572
268
2342
1590
1446
6558
1464
758
2476
1794
130652
1006
3842
330
3406
400
4066
2724
3548
1076
472
1830
468
362
774
246
264
5650
2486
1106
121956
590
362
1806
1642
1654
2288
354
512
4480
1604
266
338
195394
4276
7176
1898
2730
4078
610
240
496
1724
2006
3648
1840
12362
702
862
1374
1648
896
678
1442
5012
2594
2998
914
2334
2594
6804
1950
850
22560
354
622
2820
2918
1500
3440
1444
768
338
2928
3618
366
2948
1392
1614
1622
482
7548
1964
2676
2294
4392
508
1984
4576
636
2200
2150
284
1842
244
674
274
1584
1926
916
228
1310
262
2592
2894
2464
29930
2136
3128
1740
507922
327046
3434
1878
3124
1308
3150
242
2670
1604
3080
2548
1846
1396
95758
2116
584
2286
1236
4474
1950
2260
1296
1606
1930
1164
5062
3770
4758
1164
2182
2510
31494
3994
964
1720
3066
2146
1770
1500
3696
3546
1808
1528
3700
1708
1600
2938
79356
198088
3476
3178
956
3406
1384
2730
2296
180606
4006
1122
1610
2046
1574
119284
3560
2660
2460
3972
2158
372
1222
2926
1752
3962
4674
2334
1258
1282
36510
79300
1852
2262
2162
800
538
3400
23434
788
1818
3358
2840
2190
2462
65272
1126
1550
2296
2042
2440
79418
626
262
2158
5324
2854
458
3726
2672
26948
356
5936
2408
5140
8506
5602
862
3242
3420
3392
602
3776
578
1046
2024
2324
1048
730
1870
1736
2546
462
5070
1084
10972
24610
3112
4368
2402
2426
3484
2426
1560
1684
4102
4732
588
10628
630
1864
2050
2238
1728
4780
594
1850
2820
4624
4042
1782
1202
7562
332
1972
2610
3376
396
3298
280
7422
754
710
1762
3036
3016
356
1316
1296
844
1730
3810
466
1762
2148
2542
240176
52440
2738
43006
538
478
4028
3444
2046
1982
1678
2824
2900
3674
2494
7364
4670
2486
33068
1332
3038
1098
234
2114
574
2404
1758
3802
70732
1620
3766
492
522
2000
57734
504
464
3664
288
2576
3234
2132
2548
430
694
732
2200
3060
234
4254
742
980
5558
664
2234
1938
242
3822
350
3760
316
4980
2674
9344
3136
1764
526
5390
65750
2592
3466
1998
2890
2100
2706
852
398
3422
2014
4524
974
2426
2904
1432
1926
4170
410
1246
278
3716
3726
81352
5048
224924
678
550
2268
758
1848
22424
2750
3512
1260
8026
4080
994
1184
342
338
2216
1506
620
3214
664
592
518
10124
9588
22926
4268
2628
4398
732
1754
1840
30342
2978
3022
5166
676
1366
1108
176688
3642
4894
4492
5090
3976
5362
2548
1708
1254
2792
4034
136262
4440
2966
3676
3660
2618
3926
260
850
3424
1734
274
1904
4606
362
378
2098
3742
2492
634
81138
2510
6390
710
3552
1846
1784
1796
886
3448
518
1336
135582
248
788
2048
758
62056
532
2168
1852
244
2436
1400
4212
600
2208
1072
3018
974
742
600
240
5806
3000
311482
16454
222
256
4118
2716
338122
2860
244
850
4602
1968
2042
3500
2932
976
4756
316
478
1472
21302
902
5326
2814
3714
1578
4988
3366
1932
1558
344
3704
1608
4116
1880
1562
3338
26878
2374
3164
2050
992
352
996
1740
674
43976
3842
3606
2150
682
974
4226
4162
1752
1926
1762
2184
954
1734
107150
2886
4544
4552
2946
2376
3590
87246
3012
640
3740
940
716
2556
5316
3610
4336
1896
1536
618
2816
3292
1034
1798
620
838
306
234
2800
3606
5886
3106
766
1692
350
5500
358
1480
3422
1472
4700
244
1350
4894
6086
546
4688
1520
2162
5174
2964
4768
848
2414
1972
1644
506
2226
4042
1468
1462
5578
5714
1974
786
626
1380
360
254
266
4186
57410
2928
36222
17464
1948
2946
2522
402
1196
250
2952
3490
3168
1632
2342
4040
1696
242
240
1986
518
1940
1794
3620
474
882
3724
272
1846
2268
238
400
2624
274
1624
894
464
538
474
3928
2180
1782
3984
2718
8154
2444
48016
2128
344
272
2498
1004
40554
964
17416
400324
4606
1912
804
2586
720
1998
5150
2022
3502
17712
9806
1878
1204
1848
2688
1088
404
2096
4472
3950
97122
2892
1646
2578
2820
400
1770
1232
3550
1568
3708
3038
111354
244
276
3176
2506
1786
120948
246
4534
594
1228
1688
1708
100868
5794
494
2688
2092
1922
794
1050
488
398
1966
248
2932
246
2456
4566
2506
2176
2968
1234
236
224
4736
2590
3454
3664
348
273554
2124
740
702
342
282
2926
1922
248
24274
232
219228
54614
10014
2068
1438
3604
1424
3220
612
4120
1686
1370
246
1280
5858
1720
5522
3830
2066
3754
2816
4798
286
2114
1946
3944
352
3672
1158
454
2594
1628
610
2176
1866
1580
2190
2540
1034
2696
874
674
1550
9512
174526
262
75106
83700
456
84900
1248
2444
4474
2334
1532
2368
678
480
1806
3302
5884
82980
1512
2108
738
2634
34380
602
718
2420
1604
362
2622
2916
2456
1874
612
3456
676
2214
3998
2148
2466
1168
868
524
3220
4098
492
3778
1962
1062
2980
1880
400
2062
918
346
232
3682
131390
1642
258
44088
616
2932
2264
2776
1096
1616
38692
2094
2702
2196
4072
1936
2932
8558
1004
171200
3050
2786
1390
3658
2372
232526
1710
184346
2106
2102
2334
1628
156618
1844
1860
1670
77238
1884
1742
1322
5138
1542
1648
3812
2834
236
1022
406
2328
1900
1982
2154
3486
1566
782
2708
2850
3018
4036
68888
2572
2896
2238
4580
7348
624
1870
3294
498
2214
2622
3106
2204
2344
2200
796
2178
1858
256
4322
776
260
19444
612
628
5872
4700
2970
2834
1268
56934
5212
2936
155250
4998
3712
766
28076
4244
2324
14864
2286
92010
1658
2966
238
3544
952
1738
3302
2558
1814
2072
672
494
1062
4872
734
2424
2408
2918
91920
1856
2050
2072
4838
212806
3330
69902
3582
3422
3054
2924
2716
408
5860
4906
350
698
2720
4086
80040
1642
64734
61684
1484
492
884
2802
728
588
3676
2034
1252
3136
2072
2238
2346
610
4242
1310
472
2838
2350
2474
3160
1504
63458
778
1894
6170
63670
478
71442
3078
758
4320
360
348
2780
764
6302
498
2232
262
4056
3224
3316
502
1274
2188
386
2038
238
1770
1346
1382
496
1956
2898
50738
2700
980
404
3706
754
2776
626
484
2348
2214
234
280
892
1058
129146
610
486
274
706
402
248
470
700
758
267202
498
344304
386
530
330
1218
508
246
1442
738
488
254
371520
852
342
244
758
1330
444
390
127908
82546
366
103194
244
776
666
514
492
1182
480
11654
2564
358
858
516
520
22380
480
322
502
622
450
190604
684
608
468
79236
254
242
370
340
494
660
250
40572
54718
190526
394
228
600
4138
258
244
368
1328
60890
758
948
984
158170
490
478
42466
388
2214
1354
1014
286
36226
1050
478
266
480
1580
46046
1168
258
1532
722
234
658
522
366
252
221616
370
378
51054
209242
922
406
740
620
494
38206
72
520
606
608
512
744
246
526
22722
994
268
73284
74662
784
150702
238
56002
370
844
1436
740
514
432
23962
1008
368
354
772
264
948
276
1502
484
386
87150
576
876
27718
1134
119250
384
10986
1356
382
980
880
107252
502
150186
570926
908
252
484
604
502
494
252
9382
806
594
426
133254
378
224
1054
702
375646
234
57184
114038
350
496
53290
662
382
380
382
666
744
236
578
47728
1948
232
252
186626
480
70302
362
228
490
852
1084
1104
248
716
258
55860
109716
932
48440
502
1242
90068
738
654
272
890
646
488
266
348
243282
432
898
1380
1338
540
1316
70290
120338
254
1254
760
606
250
1316
824
418
432
474
886
2048
1246
119686
75488
746
704
1158
626
1308
620
752
612
386
496
61734
570
68
1492
722
478
44482
846
364
798
1020
1508
688
66416
1468
254
748
722
29344
246
376
352
622
644
498
664
600
370
590
562
232
606
1338
250
254
1120
246
564
1008
246
848
380
770
480
1224
82746
622
40412
266
268
404
142154
470
578
70942
860
500
958
590
376
794
742
236
11840
1064
626
227366
1040
394
502
522
386
246
177094
490
716
1032
500
662
524
19332
474
1004
364
52474
232
734
818
872
528
360
602
586
65810
354
344
872
234
116850
346
1218
700
248796
236
1696
1560
846
378
758
246
246
268
268
246
662
524
228
480
156388
514
248
750
626
1526
354
228
786
8474
53182
1114
948
998
1854
250
242
1126
445608
110082
1142
372
1382
79604
334
1166
1084
624
238
1632
410
984
246
130482
938
748
201508
364
736
646
1452
19890
32796
518
606
466
374
348
47420
502
748
748
376
242
254
32334
788
756
240
626
630
134010
510
240
630
246
372
478
604
526
764
490
436886
122876
268
82978
910
1552
876
888
522
838
398
394
398
496
272
694
254
1068
506
392
258
248
101416
374
496
554
228
742
1104
458
224296
73610
464
1604
1030
219876
396
268
71022
616
550
71364
880
270
104688
1392
474
684
866
2656
1092
962
646
268
492
662
502
928
1804
191908
494
40478
612
252
35388
620
706
11002
486
638
19908
460
97304
428
544
230
105560
492
854
1132
83914
244
266
716
17982
250
600
358
624
756
646
474
272
2986
149746
250
522
510
500
886
504
256
366
246
1418
396
55748
117706
7206
756
1656
388
244
496
258
238
626
242
862
638
21632
486
716
698
530
1386
143800
1100
236
282250
95998
460
608
454
406
406
71250
616
244
382
5046
258
550
1156
418
496
380
1228
596
846
602
524
12420
630
358
45108
346
584
858
81646
87294
724
418
230
760
976
148168
250
546
340
1644
1030
340
306204
522
604
238
390
278
270
1796
498
982
258
892
258
230
520
344
640
832
149738
76192
284
670
236
254
732
888
352
620
522
606
858
392
508
109444
720
776
502
528
1076
1120
750
278758
374
380
360
1324
898
380
962
884
846
242
536
1038
272710
730
494
40254
640
618
894
1386
714
1270
280
728
914
256
329124
58842
187860
98384
254
592
394
93908
926
272
496
244
740
582
1000
508
1278
690
274
866
392
79936
748
420
223008
2166
288
352
376
266
630
192668
764
562
510
1098
246
394
240
382
730
1580
89854
738
492
596
516
754
378
97882
258
366
620
740
53510
626
50896
11364
374
674
998
228
389432
93734
596
596
524
734
1698
252
1116
916
742
656
768
348
982
386
512
390
30662
660
892
1090
486
10102
758
356
13756
13094
484
238
87362
636
22316
1158
267300
488
266
1010
246
86292
390
492
472
28930
758
380
878
216
234
268
23322
846
252
282
614
732
498
512
510
364
71586
360
766
862
270
482
552
376
256
232
470
260
608
234
366
27014
1100
774
376
868
514
714
248
502
574
660
24424
740
586
226
1212
614
462
496
24616
246
884
872
54538
248
166068
622
251338
39440
584
240
366
132976
586
143324
268
884
2448
736
470
2184
1142
722
31400
590
350
502
246
366
586
474
166908
56070
82474
1228
364
502
268
240
586
1630
740
248
1004
798
99498
1010
24952
46706
29864
1006
516
646
134468
708
480
17236
622
968
614
600
374
1018
748
374
1162
558
744
236
884
480
1152
438
536
842
1082
950
1022
1480
248
872
9296
606
656
388
390
874
164232
710
270
1512
674
16192
736
252
362
832
840
1440
274
712
498
370
268
352
250
368
362
1436
374
510
630
1510
476
88480
370
982
213530
734
728
252
268
250
358
840
1238
386
420
852
246
504
846
1832
728
149880
466
1154
766
580
740
416
73820
240
242
520
852
740
242
662
470
129870
26688
706
782
846
262
750
2118
596
3392
368
1090
1004
376
240
542
730
59042
938
2134
1850
502
17080
2300
3690
4250
768
3302
9956
2738
1068
5064
2640
2056
2668
5202
404
1688
1036
2916
1660
3084
1392
2376
2080
1120
115306
718
2528
1656
3072
248
5600
516
2666
548
2328
606
5132
3818
2002
1992
1778
4838
5120
462
1946
872
248630
248
1490
892
168638
3428
3984
2190
634
1970
1166
410
1964
2192
5694
2612
266370
3072
3076
21376
1360
2570
63664
1350
6388
73588
222504
64898
3664
2450
2878
3918
1560
4410
2964
3944
2468
1216
4176
5434
2680
248
2644
2570
2978
1392
2560
2158
1058
1844
1200
3370
2626
2260
4582
1584
12524
832
1898
2420
2240
3712
241462
1902
2704
790
1760
39006
1310
1850
3560
3976
39402
2904
1846
262
2586
1896
244
1790
92746
1068
740
526
1198
2226
1916
1336
4842
2180
82688
5448
1478
1610
2972
240
1580
1796
199136
78962
135646
1464
2264
228
2018
2326
111606
282
2366
3388
838
1542
71542
1902
1192
2646
866
2550
468
3922
6154
1682
74448
608
518
1408
5562
4216
3352
3222
5772
2878
1346
454
1844
2096
5148
110774
2060
3358
2122
3950
732
3730
752
3040
3736
858
528
408
598
3066
3392
2182
358
1750
1240
248
2678
5532
3008
248
31022
1446
4262
230
1556
900
4708
550
638
372
2128
3000
2748
238
2744
2136
6576
2576
2584
2620
2312
1586
832
2314
224
1672
692
4366
1324
1556
2704
1218
7364
3362
4972
398
558
1468
3528
2032
340
1946
1440
2040
4060
2924
1398
1732
3366
2620
2468
278
2880
1002
2834
2326
2950
326
18306
3118
1790
4406
902
1152
2334
2898
2282
4900
414
1332
2480
1832
726
3712
596
3414
20150
1956
2302
3196
1976
190646
7672
748
2178
3070
412
402
888
1660
99370
1698
1684
3300
20534
2754
3400
640
1548
3508
1512
1274
664
2518
1584
524
3616
2174
2542
20200
4040
2346
3726
3142
264
240
2004
15076
2460
2594
2460
5218
398
996
582
2062
2028
2744
25540
2338
810
810
2234
1626
2638
1474
4470
2592
2842
35502
3166
2280
3988
6888
620
3586
2480
224
2344
9902
752
7206
3774
594
2104
504
1768
4014
396
2996
3088
348
1928
3946
250
412
3140
246
406
3346
1904
838
1440
3134
2452
4524
400
1506
2634
1448
4290
2678
2514
1704
1636
39544
2742
2742
6812
236134
2930
248
2072
2924
32000
1518
58418
1814
1008
3272
3626
1866
1672
2292
130730
3866
264
638
1000
3744
350112
2126
1024
4106
5068
2164
262
3902
742
500
232
4090
1146
125804
1808
3556
2828
3074
4004
2234
1606
594
3772
67604
174184
2592
954
29830
2232
3524
51988
1620
402
3338
1724
504
272
1136
260484
1852
2860
3994
53220
736
1248
2478
9534
2162
2808
1250
2530
6148
868
2930
3124
3692
4422
1952
2700
4006
1078
5154
1840
2154
4614
624
2760
1340
1458
41778
1942
2556
2380
55138
186154
2076
1874
1106
1122
296
226
592
1036
69022
77190
482
4290
6070
222
866
10098
5430
2520
2692
552
4434
1552
2610
1142
131050
2320
1438
5566
4454
1856
6310
644
544
2330
3184
131812
530
788
1508
1660
256
248
2596
3094
2600
240
356
39616
1820
3174
2642
5378
1744
4696
1476
1856
2422
1088
1506
3136
1804
2098
1560
1074
2298
3550
3046
1708
3820
592
2944
4216
3468
1376
2156
3330
1438
222
1470
3576
1638
2936
3372
4312
1486
2374
15456
166250
65562
768
2386
11986
2248
3426
27388
2724
4408
1846
860
3982
2102
2106
2132
1984
3472
3744
2352
3302
5500
3416
3352
4188
736
1046
1480
2886
1980
270
2318
868
1842
2636
2182
3814
2878
1846
7396
10246
270
2978
34888
1704
2230
3264
2470
986
175358
16554
1918
1168
1722
3274
1520
2034
1358
3822
148778
5344
4512
1786
92984
534
1306
228
1356
3656
618
2314
1436
6032
248
5564
4740
1602
258
1948
2516
2446
2348
1958
1372
2320
1098
3220
3110
2778
2938
434
2078
2538
2542
552
1332
97596
4252
2490
3334
2672
2178
77334
808
472
2558
2922
2808
254
2506
279142
2430
2346
1030
786
262
2594
45806
1250
60764
260666
9690
1714
2068
270
3896
3026
348
998
2928
1820
346
2786
8164
2850
990
1896
622
254806
348
1728
116784
2142
14226
2176
4120
4508
684
2614
524
2652
774
4848
2618
3066
1982
1280
1846
1568
3512
1020
2364
1724
3108
2056
2366
1438
2636
1196
1980
2242
942
22762
1638
1794
2992
2818
3644
2008
1868
1324
1140
906
3278
1536
1158
2622
722
1960
2130
1150
2106
1930
1788
360
2394
2420
2000
15300
44962
1376
1856
2762
1656
608
2366
95904
4178
1210
3826
3134
1604
114308
2382
1574
1074
1558
358
2692
2386
3088
702
2312
4214
1954
1354
780
3040
2736
240
2748
2016
2148
71834
3324
2834
512
1842
2466
350
1490
1818
177308
2198
640
2214
686
3140
1162
2114
4110
2190
592
476
1546
387160
2604
3030
1068
54312
724
2148
2868
1020
1220
3470
1462
612
2666
1126
5458
4464
1458
550
1226
4976
670
3176
3244
614
972
1816
4800
2598
3090
2566
312474
1844
1714
1686
278
1916
1506
740
2584
1392
2678
3352
4510
1820
2382
1286
1064
10604
3122
730
2128
4048
580
4420
624
2628
618
766
1508
67718
508
1002
3340
1666
1702
2620
1110
642
2932
1234
364
1436
2100
2566
3448
2362
3466
2986
35524
2874
494
1398
946
1638
3368
1730
1846
1150
1754
2004
388
1082
4104
1690
1894
960
2418
2620
2568
4034
2224
3994
1614
8972
56710
1434
1452
3046
71272
1018
2656
2010
2516
1296
578
3040
362
1078
2104
1590
1918
238
2318
1402
240
2042
416
2884
260
1644
1386
2866
5990
13490
2362
2514
260
1530
276
1354
3920
3064
121300
352
5666
3492
942
4252
1944
1028
4056
3016
470
2690
2574
2676
3024
4884
1878
2000
2426
3574
2826
1954
4536
3362
2692
1790
2352
2966
2990
1574
2970
146320
1432
4404
36642
5164
1790
486
71778
2678
616
602
95252
398
2384
3374
45064
2774
4304
36032
1918
684
3048
2946
3380
5310
402
2484
2630
6240
2886
794
2242
1620
3864
774
298112
734
2824
4370
482882
406
2378
476
1132
2860
1412
50928
782
314
4564
2446
274
2620
5222
2776
1424
636
4154
3026
360
2416
268
528
1636
1790
590
9208
738
396
2200
1220
50766
21846
2474
2708
136746
2688
840
500
2200
2452
2944
3058
2386
2720
1878
1334
238
238
2578
2854
888
602
494
2438
3690
1676
8560
1052
1098
636
2502
3402
674
552
78006
1068
2978
3364
2532
716
666
2522
276
1002
1668
500
3908
2190
1446
3640
3158
4240
246
678
2424
4030
4376
1446
1922
3776
3890
15944
304
870
766
4174
264
240
40710
3340
2488
1316
1512
2850
1304
398
2114
4224
2580
254
2258
952
4160
4432
2104
1106
1980
1268
1748
2118
1182
4388
3126
284
668
760
252
1778
1646
4102
1734
21680
4122
354242
242
778
1722
1868
750
296
3686
2698
3930
2244
2748
3272
183638
2546
470
12956
4512
16292
2504
860
8872
462
46882
3456
97624
1806
2842
2516
614
1896
1726
2922
1486
47692
5734
1790
250106
744
606
5362
262
2236
364
2460
490
3834
602
1096
2534
3074
78726
3938
3488
3732
3442
5896
636
414
258
1552
4048
1294
4100
1174
484
84208
10044
470
2834
2326
3586
1596
348
17154
4100
5348
638
156716
3664
2692
2982
742
5398
2430
440
864
71574
1330
398
2116
1802
276
2340
536
480
4736
2702
502
2800
3814
258494
3300
126998
18568
1810
1182
2884
5728
1994
2568
2770
1142
1016
2114
2984
852
232
44246
1788
824
70506
3456
2812
2300
724
4452
5006
1848
23312
3206
2490
2496
4254
508
55916
2906
1772
3350
258
5468
402
11346
2148
3578
622
400
522
2238
2102
1296
4792
1220
1420
598
4308
2332
1570
402
6268
9226
524
1378
98778
2336
3156
2782
1360
484
712
97186
3082
243200
286
462
2224
3190
3030
2152
470
2308
2598
408
2374
3212
2816
2168
4844
754
2096
4080
252
968
3046
260
682
4852
134572
2370
2998
2644
1578
498
1630
3178
195976
2572
4156
307934
1502
28766
798
4148
1690
8464
2174
3054
3604
500
2520
916
612
1636
502
826
71340
2192
2956
36656
1766
4178
2730
516
1032
2202
470
2942
1112
86374
15044
724
282
398
2856
1538
1000
1556
80240
6898
1670
484
860
3938
2658
356
4270
3192
1956
1174
1692
4984
51638
486
98082
129430
752
72610
2408
5192
1112
4196
956
5754
10816
77910
2204
1544
1568
2646
12864
702
2198
2110
2524
4056
3386
2750
740
2458
878
1572
1754
4044
59636
518
1442
1422
1540
3068
506
2226
884
262
1384
2432
4804
2672
4420
3470
242
482
1992
20682
1682
698
258
2288
1650
1716
3440
1928
1660
264
2646
123892
3332
3744
1446
2314
15798
824
3848
3694
3108
1216
1378
3732
198628
3114
4236
2520
2692
19250
3388
160178
256
107906
2484
2918
5496
1464
2284
3874
4870
586
3408
23696
3986
1736
2690
1790
704
1908
1930
1132
10132
2584
854
2216
138394
102124
2854
1190
2348
584
2198
4430
3258
818
3384
10694
2244
3280
1464
1662
714
3388
3160
1366
4556
2054
2738
11614
494
3994
1626
2968
2110
229384
624
2416
3404
68708
5288
762
3168
3950
680
1224
344
516
2930
352
3330
6704
402
2012
3184
2064
220842
1780
1814
416
2012
1968
3168
4260
2238
5222
2624
498
67312
4436
1822
1990
520
1658
2752
3630
2460
1978
1850
358
1120
632
1528
3656
2096
9056
3488
2468
5402
1928
484
77930
1618
2124
1056
2328
2252
179926
4062
2880
2158
3422
2562
258
3672
864
4758
3122
2040
3230
11980
494
1700
518
1532
1094
2308
5212
26112
426
1870
2430
1576
4942
612
500
4424
492
1472
400
2016
634
2850
1606
4606
3534
1958
724
8222
3280
396
72638
3726
2444
270
2386
262
3206
3196
1458
2672
876
788
3336
2728
9514
2034
840
2392
1458
164552
1878
2586
400
2294
2192
1622
1122
48484
3218
618
1018
1606
1520
254
3048
616
2584
4664
273624
5156
6294
1972
3036
414
36190
1744
1370
1290
1968
576
2396
2398
4406
4208
126574
422
748
1474
492
3006
30644
19578
1498
724
119078
2508
600
16298
143212
2582
246
3842
1040
2094
1606
2812
2256
3094
1270
582
346
2136
726
284
602
2878
828
3170
2990
162032
1826
2604
2746
85236
740
3848
39460
626
1164
1102
2450
7002
1862
358
23374
23376
113974
1248
3342
2040
108562
4212
4424
1676
1544
3144
2272
612
2236
26384
298
1694
3760
190584
260
500
3666
376510
90296
1380
1726
482
16536
1610
4452
2706
2236
2084
522
109876
724
1818
1846
514
1876
2306
1700
2272
4000
2968
5676
1936
2280
123382
1724
268
524
952
832
3044
1162
4254
4596
265882
3730
4258
4680
1960
2636
2034
3476
534
1468
166312
746
542
3742
2324
2202
1528
104986
5416
5778
414
202270
506
2904
2000
2186
290
6214
764
720
71586
506
3004
2584
394
398
622
2584
2326
3102
2724
1270
4572
1750
422
2832
2702
718
2618
3242
3106
76864
6636
2324
2036
1856
5118
1726
742
3374
1274
682
258
956
866
1102
2356
248
3872
504
254630
510
1744
4080
254908
4074
748
1744
2736
2090
3336
90190
826
2330
3962
1640
1400
3302
500
3434
488
2436
2654
4160
5536
2176
1242
1574
4288
724
424
104606
13862
80642
30972
2170
3066
1276
1472
2104
68260
1438
79910
1762
6298
266
3482
2138
2854
1534
2864
550
3110
3714
4216
800
1226
838
3440
2094
227836
638
4024
518
1318
1998
1802
260
1802
2282
1120
13196
3158
448
1148
33736
20122
274
4434
1662
1732
2174
1900
362
348
3840
4484
2342
1838
141350
3410
4392
3872
288
3008
13264
1582
3762
2086
3578
1998
2000
3108
2648
3486
970
2626
2246
13668
205706
3912
3568
1560
1912
270
476
2840
4016
2208
918
3312
385598
504
2600
2752
2042
2172
360
190354
3296
1308
2202
1274
107390
2856
1604
1566
2890
1102
2160
2750
81360
1964
4618
232
23828
806
400
628
1760
1336
1004
1988
1864
3850
1246
1452
1264
66354
990
594
2330
492
2738
124242
480
1158
406
472
1978
1962
412
2696
4386
2286
3726
2936
1342
644
866
33424
1794
784
986
2294
1878
2740
1590
1028
1512
3712
2018
41378
2352
704
2596
1224
72994
920
3618
464
2042
21134
230
3666
10730
1850
3004
3768
738
1328
478
1112
79964
4672
1096
238
550
238
2046
708
1732
462
2162
1372
236
398
4810
2512
362
1390
1962
1350
107168
2008
1606
1596
864
680
26718
1968
4606
630
3440
2544
1558
277852
1228
2866
1874
1490
7170
1130
3406
4838
954
2600
272
2580
1234
348
1196
3400
334
460
3550
2162
266
4282
244
34474
2212
1918
2790
354
1152
17432
1842
1576
1416
2734
504
2338
238
1248
2970
28306
2234
1838
984
2352
1280
2512
1352
1082
766
57852
752
5398
1068
1698
962
2134
158226
4434
858
228
5080
148486
3680
320670
2078
218
530
2728
3192
3556
362
1698
25240
2340
1882
1074
550
1192
2004
2264
3304
3636
3624
496
3042
9426
4442
250022
2798
1830
520
6972
2088
2162
476
398
2214
264
1700
4000
716
3028
742
2366
1472
2244
1506
2384
1364
360
1168
716
3296
4984
99850
4432
1286
40954
616
1888
1582
888
9394
5198
1154
2234
47146
1254
23318
1402
7322
3538
642
1840
3030
1302
618
5778
246
854
3336
131264
132462
2356
602
1586
1726
744
2232
2256
2240
866
30574
5484
2712
248
246
242
1612
204
2936
4668
3084
1308
1406
780
330
2692
2304
490
15394
2428
226
352
1474
3018
922
1410
2720
3524
2048
2584
218
466
1030
76462
492
1842
168252
1820
242
3788
230
1068
260
3068
828
1106
1906
1288
9060
1688
2022
3622
293644
752
486
2280
2854
2040
3834
5208
3824
2870
1724
130586
64344
972
1954
2336
2062
400
1454
892
3000
642
247090
1742
502
1454
1814
626
950
526
3016
3736
1638
1790
264
1776
474
342
1176
4118
466
5256
5110
171384
173924
850
1966
2852
424
35072
1568
3296
956
43612
400
1796
1392
80054
1166
2024
1646
529104
3090
482
270
242
1398
1586
838
201470
1630
1812
612
1144
1856
500
2018
2506
4448
4944
528
93858
258
5468
2078
5152
726
242
498
3200
2600
5226
4412
600
274
1924
786
174550
3450
2036
81496
11512
218
1698
238
3012
342
2170
1004
412
474
1472
1022
78662
3068
13970
53504
1534
2434
4676
430
240
163432
2548
2754
740
1894
1780
2264
1274
500
1754
2512
3526
2562
2414
2568
3378
105098
4806
50304
2034
3034
478
828
882
2374
1426
234
154284
4708
530
2056
5862
83842
3880
506
1666
674
6406
6580
2368
2814
2548
3714
3542
1892
3872
1596
1308
1024
8780
2390
6392
2110
3134
980
2158
2418
3310
1822
7964
592
1766
2976
1234
2478
3240
1834
3900
1682
3972
366
43182
3974
3014
158840
2226
10000
410
1944
2728
3354
604
2500
366
2868
1466
532
2834
3216
5296
500
952
1346
686
986
1054
2662
3730
266
1034
2054
4588
2744
1596
2088
1822
1862
726
4966
1732
268
234
360
1010
1334
2276
230
234
3174
3008
402
4552
1696
146230
350
234298
2786
1232
3742
3184
11608
123220
248
1796
2052
840
978
532
470
412
287278
254
448
6784
1346
2348
120934
242
2474
952
2042
360
1910
3544
2318
682
3586
38308
390
1304
1120
6010
5498
254
874
3730
240
578
2708
60388
11260
6538
300780
1270
268
764
4222
2876
1458
273100
13692
358
4142
2062
2102
892
2574
408
226
730
512
1280
2898
2066
138942
550
2520
500
2918
230
1494
764
402
3170
226
360
14534
1056
468
2608
3688
256
117682
10558
2436
5532
686
1122
199392
494
2778
606
1002
2472
2264
2392
266
592
5660
950
2510
470
2000
2300
11782
2860
1828
1338
2254
1700
610
1876
1348
8836
1592
1920
902
2990
1718
1104
610
1366
850
1514
4336
3208
630
1434
342
2986
2302
1586
676
3732
768
4300
218
33650
254
1350
3398
1646
45774
1836
274
4290
5228
418
1106
1130
37144
1694
1810
2952
2638
236
2778
2086
1900
1614
95402
1486
374
576
1684
2520
2974
1418
2964
2182
398
1494
232
2948
222
2904
42834
1646
2664
4798
2614
880
1302
108404
254
124976
244
4006
1828
1726
2664
2900
187468
170738
3394
1616
1470
3398
3408
4056
3178
710
2784
70910
2962
258
151346
242
842
5116
3746
2134
1790
1192
4074
2724
79268
165336
1932
126042
1242
2224
1922
1062
262
1810
9786
496
2700
486
2840
1638
708
4426
4444
818
4220
748
68920
478
115776
5768
70076
2384
84822
207948
840
2236
1286
1526
1670
56294
1618
644
236
1740
238
3386
1868
306550
1358
470
842
926
236
1582
2946
2706
1108
2646
892
226
14500
1814
556
2702
224
2190
1436
51232
5314
1926
1216
93886
2984
484
64478
2542
166986
596
44468
1610
23152
2306
4388
107198
976
2144
2172
3770
7742
1270
16066
3308
1094
1554
3542
2564
638
506
1878
2248
2796
27526
1002
39768
3152
4758
88720
22562
3650
3410
1256
1698
1468
1338
1392
3056
1824
678
213130
1116
1470
486
1730
2726
1810
2006
272310
3348
2032
826
1324
966
362
191978
1494
33694
60340
1850
2416
2062
3552
1726
2104
232
1910
123144
3414
1426
2676
2742
270
362
1572
4940
3190
230
5918
183600
404
2508
864
2962
43582
960
55698
1600
3244
1084
2062
338
3992
1426
3430
776
2286
1024
492
4760
3576
254
168068
29148
666
2530
532
41154
101710
602
9218
3194
1534
674
2666
217948
2604
474
87738
6628
2506
3596
2290
2678
2822
856
1954
1522
2536
1480
614
754
3972
1848
1230
13970
4234
2342
436430
1726
964
216
1234
138832
762
620
5480
3000
220
1330
1748
1840
1248
1436
2862
1818
1534
2904
2352
2284
240
4036
17726
48184
1852
2294
764
3720
64116
3312
3208
768
2422
1464
8196
1382
3036
488
3938
494
584
4588
1834
870
404
240
3424
3042
4378
386
2912
4462
398
4906
240
15730
584
1694
3868
390
394
71132
2440
1766
2288
3258
1876
5662
1370
4742
1236
2238
1300
2148
1280
2634
534
7528
2536
2826
79642
704
225582
5496
4300
1970
23478
2798
4674
274
1502
476
3084
258
4324
3176
2098
3850
6084
402
894
400
1074
2924
5112
24856
3318
750
3180
4098
3996
1856
25366
1236
1486
622
2622
4988
6034
4424
174526
460
3300
272
1898
1562
736
2112
1258
252
3296
5856
2084
1296
4490
2834
556
486
730
132324
2330
3768
618
2342
3564
3340
2552
266
5376
2760
2288
2074
582
604
4830
266
1326
3308
81788
2848
1740
818
1262
4684
574
1664
3722
1202
4602
386
5630
138784
728
3480
58842
3610
2836
2994
3372
2642
738
2630
6554
258
8234
1434
3048
3332
305690
756
17462
3354
2094
342170
956
4540
242
260
2484
1720
2494
1522
2290
2450
1112
4042
1540
18554
4178
770
722
3234
2422
606
2674
3324
352
3220
508
2386
1900
2446
3222
2194
3056
3204
2352
252
28182
1904
2982
1882
1208
4190
870
106452
3124
1100
1152
2874
2652
1296
1972
88168
4656
250
1620
6186
1520
1178
2796
2766
778
6848
988
1668
2814
10358
1368
634
2960
468
1592
4770
2570
676
678
3314
3706
392
5648
4084
2146
404
2754
708
394
1068
2412
888
282
1202
2264
2398
422
280
3346
2458
266
3384
1526
1232
1856
2746
1552
1032
5098
1038
3420
610
536
246
1280
4954
3796
694
2756
504
56120
256
37098
2202
17194
2588
3178
4126
2986
2358
636
1732
2046
1682
462
3902
1988
5354
3208
2424
3020
250
4872
2418
2204
3328
5054
7204
876
1746
1764
3398
750
2964
3914
2468
486
2348
2378
878
41012
756
3180
5570
1374
1102
42714
1342
748
412060
2214
540
3248
2018
2472
3070
2928
868
3456
3442
1668
810
10890
3462
5992
242
2388
3378
2244
350
1534
3384
2926
344
1850
566
96986
1076
1186
266
2070
2436
3294
3364
3740
384
1284
2056
2846
236
118286
2464
3748
121932
406
2638
400
2518
1164
2342
100620
690
1850
486
360
3088
1642
2146
2836
5266
4056
1956
3744
868
634
2132
2752
2722
1408
4218
230
400
976
2986
2558
234
1656
272608
494
240
2652
9260
954
1802
25884
2532
217744
1030
51208
618
3254
9930
3206
2392
460
2254
940
488
1970
260
3064
1652
3210
3020
274
956
1068
3196
2584
912
1652
2480
1384
2016
2270
614
4250
2260
3250
3130
1938
2650
4052
3338
2402
2720
994
1850
2380
270
5598
11750
168580
53582
410
978
17616
84618
3642
81302
4556
7758
1924
3400
7682
594
1026
860
578
2074
83232
916
3280
29168
358
236
1558
4816
610
2126
2826
2162
1914
3010
2812
5260
3364
1604
1948
594
8424
2912
4560
2186
3902
1188
3024
1898
4778
137382
40328
4022
484
1920
1858
264
1556
2434
42928
2376
3428
2448
604
1908
3400
1970
5542
3678
168006
368
1698
2690
3958
714
460
2726
232074
1792
187886
3176
2084
2700
20000
1652
133466
1274
2610
2612
76526
3874
1510
3156
2510
520
1720
2808
1396
1032
1734
4760
2656
268
1896
1750
2396
2590
2016
1178
2102
2802
2244
2508
73304
268
2706
3780
3946
1578
2664
292
510
4842
2290
862
3130
2984
4102
1730
2174
3280
3978
2100
3094
902
500
2298
22790
4740
920
606
640
268
2234
1810
2394
2404
350
368
2030
1804
55974
406
486
346
2652
83038
74848
746
498
3372
354
33698
302
734
2230
18198
94442
4170
3072
4908
2532
588
1770
616
3980
2024
6476
756
756
2312
2708
1512
352
89302
780
1366
1586
2934
3798
167710
44192
752
1890
730
1948
66842
1690
1702
724
3308
1912
2878
3586
1288
394
4218
752
5800
1534
254
2682
78046
63568
3398
59500
4914
5240
520
3606
2926
2784
498
3284
1518
3618
4016
466
748
2096
2822
2014
2588
1470
2968
2786
65336
2874
546
2236
64488
400
596
69502
4344
274
3996
246
4816
272
4248
4362
1334
2614
706
3016
2136
2992
362
2870
2388
240
1764
2636
4212
2042
50654
6740
870
3012
4602
244
1702
412
2066
4830
1410
1574
2044
1326
358
4790
1892
2690
226
6248
3274
24778
2582
514
2630
1762
2746
5104
2064
806
2342
4134
5306
8758
1640
2250
1152
1112
2764
1764
368
3282
1716
3598
6434
1530
1110
2390
3666
2434
474
2766
3312
29710
2958
3420
3020
505792
323410
3156
1518
2156
334
2908
1390
1126
3730
1004
2704
1936
1932
1258
98980
362
3000
492
3306
2370
1754
1386
1852
1364
1636
1626
664
1792
606
280
2030
1902
1838
224
1618
2052
31258
972
1482
696
2472
604
1614
1554
1922
1904
3224
1916
1612
3158
3234
1624
1658
81916
195806
2422
2316
1244
3548
2494
1342
2180
2278
177514
2086
230
3446
1314
2878
1060
120126
580
928
2146
1724
278
616
2094
3396
1882
2330
3148
600
2818
286
1342
2502
1422
2264
32260
482
1902
80330
2568
1950
3760
22914
244
4152
1668
1906
2182
2040
62118
508
972
1826
1916
2062
2580
84930
3980
452
2086
6236
742
1550
27916
3136
786
530
1760
3138
1004
2860
1710
1288
256
1942
550
820
4672
2850
2520
582
5096
5036
1264
4142
2062
2638
846
2112
786
356
802
5396
7678
27138
1790
2092
2510
290
1876
2362
2302
2268
4006
2800
1000
278
9166
782
5680
3076
2616
1520
2654
5156
1810
496
3074
1510
2654
624
3460
1358
5110
970
3054
2534
1404
2738
4252
1408
518
982
5856
1804
2228
3046
2404
4058
2820
1350
2970
1626
2150
318
94562
147192
262
48042
1658
3456
43254
530
2370
224
3010
1824
1558
3056
2460
3254
486
598
3124
4202
392
460
1556
1750
300
4024
30516
1974
3986
3784
3086
