11111111:1111111100:0:0:0:0:0:0:0:0:0:0:0:0:0:0: (total 16)
0 4 Thread 0 going to cpu 0
8 12 Thread 2 going to cpu 8
Thread 1 going to cpu 4
16 Thread 3 going to cpu 12
20 going to barrier (cpu 0)
going to barrier (cpu 12)
Thread 4 going to cpu 16
going to barrier (cpu 8)
going to barrier (cpu 4)
going to barrier (cpu 16)
24 Thread 5 going to cpu 20
going to barrier (cpu 20)
28 Thread 6 going to cpu 24
72 Thread 7 going to cpu 28
going to barrier (cpu 28)
76 going to barrier (cpu 24)
Thread 8 going to cpu 72
going to barrier (cpu 72)
80 Thread 9 going to cpu 76
going to barrier (cpu 76)
84 Thread 10 going to cpu 80
going to barrier (cpu 80)
88 Thread 11 going to cpu 84
going to barrier (cpu 84)
92 Thread 12 going to cpu 88
going to barrier (cpu 88)
96 Thread 13 going to cpu 92
going to barrier (cpu 92)
100 Thread 14 going to cpu 96
going to barrier (cpu 96)
Thread 15 going to cpu 100

cpu 16 cur 16
STARTING...
going to barrier (cpu 100)
STOPPING...
Duration      : 10000 (ms)
Acquisitions  : 10454764
2802
4796
2498
5614
2032
2050
1944
5638
8070
1824
898698
2960
1396
3238
6244
2170
6812
2754
234
2626
2202
3818
956
1424
5668
890
238
4664
1714
2340
528
2262
2706
412874
422
3194
1418
1092
1496
3110
3202
2812
8694
7672
1206
4280
3048
1866
58434
7458
10818
1978
802672
2278
1170
4788
564
5088
8764
244960
1049388
157004
374
2042
1804
1396
9186
4620
6910
1766
4128
3238
3988
5462
3962
2344
5418
4402
2662
1042
4228
3964
1456
7838
5690
1832
1220
2962
2894
3392
11938
940
1490
5300
2858
3870
2584
2198
7664
3152
1596
5048
6174
2806
2808
378
1408
528512
5272
1374
1552
3454
2762
2882
5438
2994
441194
4488
3684
1298
596
5962
1466
4946
6496
1366
4276
7350
1234
2804
4040
3976
6218
182508
4298
2230
1796
588
638
1984
5334
4622
3286
3078
2356
8038
1478
1512
1476
1352
1946
5162
2498
748
2616
5196
4808
730
8454
4558
374
1594
104274
2248
2278
2750
1690
446030
1870
1812
2094
1482
1690
4494
1406
297706
12186
3840
2158
1608
382
2460
1724
2378
501056
4532
133818
7578
1242
8758
3974
592
183302
4358
2048
1698
1518
2066
3524
1224
5420
5252
4944
2020
6748
2716
348418
4014
1620
266878
53738
4328
3500
766
5142
2458
6086
4934
697242
2676
2856
2262
354
348716
2794
3736
3206
3840
1508
2198
2402
1254
4220
1626
848
5224
3368
5682
1462
4082
2148
2948
2658
2102
6430
746
1726
4648
7422
738
276
7964
2742
2370
508
3618
1666
1548
1968
4312
2344
4320
182540
2340
1604
1930
1318
1032
1274
669914
3638
4568
928
5424
72158
4646
674
632
3122
2318
1470
1258
2094
354
3810
1848
351696
528
4364
1428
289670
2822
6974
3626
3902
3256
4484
5682
3706
2812
1186
7838
4646
3782
540
1228
3752
3602
5110
740
158468
5264
3744
845796
870
3572
475542
4882
2746
5646
950
4082
2858
6686
3322
3084
3468
3320
1110
3774
236704
2746
3272
380
2286
2054
2412
2335976
2072
2788
1264
1338
3302
6822
354
3194
502
2702
4552
5358
2786
1914
2534
15896
325722
2602
3394
4504
2848
1304
3088
8070
4496
3080
2604
1000
2802
2892
2096
2974
3110
6226
716
2356
1094
7522
3904
3238
232
1016
2724
2160
3618
3660
6850
7278
4082
5728
3466
720
1892
4796
5126
588
5830
5234
3666
1926
4258
5036
5430
3262
378
4388
1390
382
9108
3936
3736
5062
1734
5460
1220
370
2246
3976
2046
890338
5852
256
6962
974
4678
6796
7034
5616
2696
6056
4142
440
3780
1350
4482
6092
3850
2182
4912
3326
6700
3184
1594
100784
8302
561220
1172
4270
173174
6410
1602
431796
4622
276
9356
2978
2352
204760
3734
2620
5698
1872
3662
1970
4132
3820
1620
1942
1994
5106
3788
236084
356
528
4002
2158
584292
5288
1574
941890
3030
3310
82264
4990
2400
2292
8432
5508
2860
1696
2426
3008
1842
366
3206
1900
2484
10662
2282
974
2076
7218
558
1728
10848
343804
10328
1364
5830
3576
2732
3710
3232
3278
3346
1962
964
445950
4476
2540
6176
1680
2778
4048
3430
4038
3964
1916
3456
603794
2876
2116
2060
3016
3302
4296
6052
2958
5454
1752
1248
1378718
1730
1752
4846
4318
10936
3194
5046
2314
2346
610
2630
2748
5872
382
6502
2892
4590
446
3496
2862
2980
726
5872
5070
4444
2732
4578
4076
7946
2184
5482
312
2194
528
3850
818
6132
4432
2636
1160
880
3398
1478
2802
2566
6094
1924
242
2750
15444
6152
1500
287104
1216
1170
4310
5576
3756
7404
4810
6856
4818
5480
5498
3364
5290
2278
3056
3380
844
275766
6244
393720
2846
5966
4500
528674
2196
3450
3390
3822
3712
1522
3136
2712
4498
3454
1478
4352
1944
6428
4948
3160
1910
9586
1078
2998
3342
5976
4116
286606
2310
1586
1814
4104
149364
2296
108652
1566
15162
443758
5918
23354
1698
59854
4272
3326
4832
3410
2652
2696
3094
2056
4920
6424
4064
484
3060
2090
2220
1471246
3988
2222
3270
4546
1962
2172
608
507700
1250
2668
3042
3218
3434
5910
423212
1866
3374
3106
1622
3034
2540
2738
7304
1814
808448
630
3556
37152
1676
2492
216594
1694
2882
502
3324
7104
2248
1396
874
3934
1858
115840
878492
2904
144716
2628
4534
4428
121900
2348
4346
5256
2742
3810
2506
318178
378
2256
5378
874
2152
848
4604
133064
4508
4938
2676
3088
1132
606
4184
1940
2770
7248
3558
8042
182448
2394
1476
2434
2642
2908
3610
4918
242
5462
650
3338
8138
7068
1724
7220
4596
720
5736
9406
2262
4202
2034
7206
1198
2534
1076
2504
1816
3494
1920
1238
5644
3290
608446
33832
2236
466
6376
5602
1086
3988
9174
1690
1918
4970
746
1578
3528
645948
329300
7890
3664
5692
1170
3728
1470
2088
3626
5122
2494
4746
668
3764
828
5236
2988
488310
3846
2846
710918
20208
262
3368
848
3586
3744
2618
2270
91072
6130
3406
3896
3964
3426
3420
2792
7358
2614
4180
3136
1676
8626
838
3290
7310
3614
3740
3012
3500
1244
2930
1222
1006
3218
4146
1076
3192
173744
4938
8630
10324
5914
91136
93388
3630
376
3474
7416
3922
1940
834
4536
1390
1058
1938
416
5046
5214
2404
5264
2026
386
2184
7180
2268
1982
2536
4952
1540
673110
528
5804
2540
1950
1968
894
5960
4062
2360
6280
2250
3800
2662
256
2760
1714
1002
2170
2900
2874
2012
8646
424
2230
1370
6926
1304
285824
46722
4874
3926
3904
3768
5818
5894
4376
1836
3564
1974
1095678
806
2954
3260
592
2310
3024
2630
4886
4906
2636
646
4808
3328
2426
12744
3094
3136
3568
3628
5872
1978
397118
5922
3756
3120
3478
484
4126
2394
7422
2586
3224
1312
346798
8608
864
6594
2046
3008
4396
3856
2684
4442
5120
2156
1650
2778
2802
201248
2858
2598
3790
5600
4194
2258
4922
131090
2970
2344
4866
2724
1596
1550
3848
2898
2694
1706
9622
2266
8156
2500
10356
2088
4472
2784
2440
1358
2190
4202
4058
246
3900
544
1156
6518
4266
878
2948
2882
98886
6130
1018
2766
2048
1770
2244
2712
2768
8044
3018
1006
13202
1210
4478
3450
12820
3676
6952
3062
2066
2094
3490
3414
4886
3262
1142
628
880
5568
858
8026
7268
2118
4392
1930
3992
3250
4538
276862
848
4124
4670
3420
1254
1134
6552
4382
4996
3954
4204
138852
1344
93572
6182
3146
2658
5012
543764
257952
1114
7042
5234
5244
368
4974
8188
770746
8160
4430
4472
172496
5666
3340
2726
1386
12160
4334
404662
489960
6752
5688
364272
3866
538
3078
3114
6238
55134
1892
2896
966
3206
2006
2368
672
536
1856
2524
522
1764
7086
2880
6274
1144
4630
6814
6458
6422
3410
3792
3202
2850
1982
2920
2744
4534
2196
4656
3446
369890
3136
1207764
3992
2408
4590
1546
900
4230
2930
1956
16778
462
6246
5964
4434
368
7118
3450
3212
2174
5174
3044
2472
9446
1658
3684
31988
2886
3754
2112
7794
4966
546
3346
250882
45030
3084
2104
3168
2360
6422
2946
2344
1992
3312
3486
2414
2176
4018
2688
2236
2342
522
4750
2572
3618
3134
3492
498
4364
7302
6088
8224
356396
1078
2380
4036
6894
4722
1048
378
3242
1340
4696
4162
3122
10262
9576
2134
4780
2946
395258
2828
3686
3336
11318
1260
6526
3956
2914
1176
3848
4486
1030
2620
3360
4748
4266
1894
7206
556
1656
440
2330
841698
4494
936
420
4328
9282
3090
5568
1326
2678
8812
3390
3580
2938
2606
3836
2652
2934
3068
2916
5006
8660
2198
3386
2522
5322
252640
7296
5032
3642
3992
3986
600
3202
382
524090
3604
2392
320940
849466
3920
1544
1748
4942
1112
1474
4270
3904
196906
4794
5492
2888
706184
3994
2296
2648
4224
1554
3710
3268
3560
3984
7930
420312
2730
1954
3102
280
6292
2956
3920
856958
9150
2770
2928
9422
3474
2768
1802
3588
5426
2936
5084
1998
3680
952
3038
5100
6838
36094
6486
2824
5448
1442
504
2796
4112
1618
4686
320656
55200
1110
2152
3592
3570
3652
2452
2191026
4284
1556
3480
1447714
2320
2870
9162
2072
4290
498
3170
1750
7276
3236
4456
4280
4080
3494
258282
3916
2588
4362
9464
372
5002
3744
10726
3204
1790
3628
3410
384
4054
2718
890
4622
5136
3184
2864
3624
1218
2704
3956
1104
4546
1308
6018
3994
1180
3614
1275556
1518
2448
59416
3796
3124
3224
5826
5406
274
4242
4256
3572
3208
5098
4758
9534
4202
143178
269658
3976
3932
3668
4522
2310
3866
880
2868
816
2576
2222
3228
2500
1596236
3886
6860
2876
5796
2422
1058
5702
1464
4312
1686
4250
674
8308
2004
1388
4464
239360
337168
2058
2700
3646
5888
3726
204736
5998
7314
2482
356074
485900
5640
2714
3568
3898
6164
1076
4530
4346
371922
5118
7190
4486
5946
2372
4838
1534
7366
2562
2736
2810
4472
241846
1972
4056
4918
3328
6118
4818
1420
2858
1634
460312
2830
325822
6270
915780
6244
2956
1898
2102
3104
1018
8352
546
2082
3824
3664
3816
1824
2054
2648
5978
3638
3052
2710
5462
4394
3692
2152
4016
4156
3414
532
4170
382
2678
2646
3900
5450
4438
4298
2256
1560
2978
4994
1808
282
424
7128
5728
1556
3596
2416
920
2196
3608
1628
237836
2350
108252
6818
4212
3472
2204
4320
1884
534
4008
3434
3444
7374
3682
1230
2936
266510
4574
1758
301546
374470
266
4870
6350
3040
2232
1770
2796
426
96132
2296
5840
4358
3532
1482
660246
566
7700
4532
4100
430
1496
3072
3374
788
2548
1554
3080
5166
6234
718
3524
35280
3278
2084
2762
2914
426
5250
2928
2230
4946
2936
670
6352
3462
2260
6888
3034
54242
1712
3258
3062
5832
1370
3066
9514
5224
2344
6078
3504
1046
1322774
1420
5592
748
606
8290
2144
276
7506
5248
5260
3552
578190
3974
4820
1202
3988
147034
3160
3534
5770
7512
245154
1562
9312
662
7606
2588
3712
384
382
2574
760
23858
6344
2844
1496
511332
1964
3414
3682
3006
12666
4274
2604
319120
5490
4404
2950
6194
3408
1652
1011122
3856
6054
1754
3148
2774
1462
4124
1872
2694
4028
1189122
5084
3418
2152
2934
4018
307506
1762
4010
2202
531526
3836
5520
6148
200344
3960
738
8738
2376
5012
3642
3876
3192
3780
4392
4110
5282
594
84024
4758
137422
3490
2478
3556
3248
2558
5386
644
5086
4824
4782
4218
670
2658
3162
4920
1282
1652
5058
513130
6598
8284
5198
147740
4502
133160
59298
776
732
2612
5504
484
89406
688698
5184
1514
7114
4350
4838
12070
5908
3882
2510
1966
2686
2246
3082
1534
4798
6624
3722
3564
5228
2976
4634
2492
1558
1718
2800
3306
4656
4408
3794
3592
4724
5644
1117210
1852
3586
4814
45112
6348
4458
4156
5904
4576
5318
1206
6548
4762
113958
2552
2984
2178
2044
8024
896
6638
252856
2084
6490
2460
1184
4514
3170
5000
746
7620
1424
5268
4068
3844
3610
5248
1652
428
6532
5566
1650
2104
2808
588
3332
1722
3984
2200
641648
4376
5982
3070
7458
1986
2190
954
2386
3146
1510
1918
3024
3308
3090
3012
3040
949904
2208
3036
5672
3438
3334
3790
215458
5292
3682
420
2768
3704
4126
2678
819654
6066
798
24322
3906
5242
4720
634
3146
866
164512
486
2160
62072
3416
2676
868
2854
3288
3664
4158
7612
85852
6956
1474
3176
2670
1362
7086
1962
40050
2172
2410
3452
252
5820
3000
5060
2512
4806
4646
4446
3544
920
5698
3250
5784
5694
3568
3162
3490
946928
2690
3934
2948
295208
5056
3982
868
3286
5978
1738
294
1436
3704
2328
4602
369594
2278
4478
4056
7598
4088
3462
2004
3372
3022
581892
3492
12968
18626
2880
7392
3054
321000
4744
2398
278988
4154
4062
2626
3662
2972
2838
319906
6188
5152
3546
5434
648
3722
398680
8852
3058
4712
3274
6704
2428
339286
2270
2196
1884
3136
2192
4546
1442
3526
5560
8458
1126
868
2458
6374
5270
7730
2052
3908
4228
3338
738
584
4250
1452
6354
306550
57048
422
620
9322
962
1130
4598
226716
3634
2456
4216
3634
1788
4210
4652
7454
7500
6956
3150
1078
634
6234
5234
187276
1596
4600
4936
4754
3216
4318
386
4368
530
4028
5860
532
6368
6278
2194
3550
3760
2376
1320
1804
1328
5472
1560
153798
4724
1002
4074
4690
1462
1632
5018
307802
1420
3606
2310
8160
924
3680
139546
3102
1218
424
4294
660
388
2382
2394
4950
3852
3088
942
5654
1264
975722
1542
5028
1696
1514
412022
5904
3338
6336
5654
4876
528
2186
1482
1084
5642
5874
1146
4032
748
2078
565284
3060
1142
3332
5752
616
2272
1268
12618
2884
1992
11126
2900
528
766
1640
2176
1564
5804
614
358292
2484
1704
5736
914586
1130
356240
3604
1182
658
630
7832
1582
3996
70098
143908
252
430964
2076
1550
3276
9502
2086
478
884
1126
9278
1096
1818
5372
3140
844
6642
6134
1340
6782
2376
4126
786
3440
7914
6660
1314
4594
4326
15310
3014
1076
960
6376
222
6600
3156
142038
3986
1452
4610
754
7366
7218
7904
648
1456296
968
4896
620
4758
76652
4150
930
1918
636
1704
4170
2948
746984
2506
948
5220
9274
251700
1720
2474
1744
2054
6456
2400
1766
1344
4822
2988
3234
624
2056
189720
3710
3326
4466
5976
284568
2102
928
1330556
5836
452
1265214
1010
620
7400
2660
724
500
1582
844
3482
2482
308442
5206
630
4016
4264
302468
664
962
728
1808
248
3346
3820
138602
3790
1868
1124
642
2344
1942
3328
7002
1276
2810
3382
2298
11470
872
1780
5570
1372
588698
926
90804
2268
568720
548
5728
9894
419514
1178
521272
3858
991684
1874
2390
2790
470
474
2884
6008
2086
2830
474
4462
500
2416
1854
4664
3874
2328
1048
14418
3912
1496
1538
1090
2962
1674
5240
1806
214628
3334
5686
226156
1220
508
3162
2204
5398
2560
4422
7336
3794
2268
5584
3054
480
5628
382
11676
286026
820
502
2668
736
5486
3538
2522
658
3342
244
894
844
264634
1022
96030
3590
2672
496
2444
240
716
382
238
474
173342
4014
205242
376
1352320
858
2820
230
4712
5456
2708
2086
4364
483950
866
3938
3898
2152
6746
462
4130
926
3950
7058
1720
2848
2422
2624
8848
5682
632
4418
1830
596
832
3284
372
4756
6024
2884
6724
3982
224
7728
2794
386
384
1806
700330
26964
9974
4114
1006
4192
7494
3430
3212
420
4976
4306
6644
6848
1792
368
2436
2916
2832
5110
1028
3096
2404
744
248
2370
1962
1262
1384
1712
3932
4870
556
2290
640
758
5662
4666
2680
13238
3362
4334
4142
334
9168
5690
394
264336
558
830
1678
9004
8654
4466
4100
3218
2330
368
4092
100246
3656
10010
1536
776
2562
1696
1156
2286
2102
6052
1102
7308
1442
5154
1998
5264
7436
8970
4256
3210
244
390
616
3322
2732
2592
1132
222
2636
2438
728
7112
1132
5578
1676
1014
3970
244
4686
4444
1410
7660
52054
4414
221044
5250
2432
4058
4536
4762
3234
750
896296
4604
14110
2444
5216
3708
1960
2042
5146
3264
5046
1390
6544
3652
6302
8938
224
97550
155326
1194
374
4782
50358
2962
5796
4792
5232
852
6560
2752
3792
6206
8270
2230
422
358
3812
4476
3646
894
5562
1382
1738
2606
1906
242
2046
3008
3370
366
77944
2302
654
3304
280218
1722
1060
2806
5500
5694
11564
7220
4830
6582
3624
9808
6358
1876
1444
1701360
566
226
863794
3180
476
5260
5404
716
814
202802
9090
818
8234
570
3576
1816
368
3456
380
1718
1136
4098
9250
4896
5264
4860
9050
4422
826
4240
3694
139962
5672
226
108364
240
2266
2834
8478
4640
568072
254
1132
1342
1992
2144
6464
1994
1856
4178
366
2016
2822
8958
3150
7356
2788
504280
46890
3300
1368
3562
538
5146
2766
1642
5140
6116
6710
4478
5464
4370
5794
4934
4470
3434
4778
604
7774
5184
232
2344
1211118
964
2698
836
1226
164230
862
2520
2022
1297528
3386
3314
308684
460
812
4018
6234
3384
5962
716
238
9534
604
374
586
3802
2674
3808
4274
3204
252
1702
570482
1902
354
1506
4626
5666
4192
250
219442
276
390754
452
970
270
6134
19888
646
892
476
4410
2464
5530
368
88118
6298
1098
2500
2370
11406
3494
2938
1714
3960
3100
3584
276
1594
2274
5364
726
2316
6040
770
5706
3714
2606
1276
3696
4014
3072
324796
1922
1268
4378
114298
886
2526
10188
1342
340304
206374
200
2604
9466
129252
2614
5358
2730
2014
3008
3382
976
1876
510
2576
846
342
3208
5608
1094
1674
7456
1762
9268
6574
5584
1398
3254
9070
3992
2530
228
7140
1668
2736
2106
820
938
1536
224
13014
2222
759292
8808
7950
3220
8084
4922
2436
906
3534
4716
192880
6044
910
4844
266472
3560
1168
272
2494
2024
4898
2520
3860
4278
148014
344
3168
1806
7094
1210
5742
2482
238
5360
4350
8320
562978
1010
358
6940
2920
2144
6134
2278
1668
1868
3280
3654
2336
5346
366
183998
1338
1016
470
928
2134
2966
2846
6362
248
5956
1992
4806
2712
5752
2292
3996
480
14046
270
1146
1310170
4416
683504
5156
4180
2012
117530
662520
1526
227958
6628
1338
2012
93024
3468
4222
3110
3704
236
551668
2024
1078
2630
5116
71376
1954
248
5086
210096
3718
2024
794
8882
3592
1894
1674
7806
4182
1282
580
3238
2122
1882
3174
3382
786166
2940
60854
630
3922
882
4946
2932
3166
3514
3790
4330
722
250
2822
2348
1922
3382
1314
1684
1142
1314
1430
1660
972
4270
218
25306
6460
9500
3198
2740
3394
3638
720
270
2580
4592
2840
491934
1538
2266
2750
2440
203300
2116
1734
2156
3418
1202
1702
3234
2058
269612
3350
2056
6808
2396
1642
728
460
1240
782
3086
1904
1934
506
1258
46078
5840
1016
1126
6880
3148
3990
2988
1872
205456
272
2498
3368
2452
4050
2996
1764
8002
6068
186680
704
4466
453554
530
3410
4684
3722
1576
11144
3036
4064
7684
8480
214494
2084
1940
246
3080
3950
1004
1408
8036
2576
1066
4582
1454
3520
1002
960
5226
4428
5736
3502
2452
1742
3408
8144
2224
6738
46792
4328
3278
1564
4640
2426
2188
138864
3232
968
2630
8836
246
2554
450
1168
2432
1804
644
2116
2072
500020
516
2552
1704
2318
3288
3292
10096
776
2092
12352
2036
2374
6208
4920
5870
5892
2516
4120
4200
772
676
10622
1652
12666
4872
1112
2456
637680
3410
4168
6798
2726
1296
1206
832
4196
3598
2480
48910
4968
7936
11136
608
9710
2058
1960
7464
5210
5748
6056
1000
2002
10906
2488
2216
1010
4806
286
6252
2914
372
3468
52900
482
4412
2164
6210
2244
250
5428
9808
830
3368
5254
5456
8682
4934
7042
5134
4780
256
6006
3712
5326
5040
518
2732
768
1504
4254
3428
4446
626
2112
5796
3222
8898
5420
7460
1136
616
7586
2748
4096
878
608
4698
10390
3932
5002
3266
1144254
2278
7212
2236
4218
3576
668
4534
1888
3582
292
2136
7108
422
3280
4276
3306
488
4090
2028
5210
524
7268
2798
11244
4296
2062
3820
4364
4178
514
792
658
116502
77910
645848
3210
247610
806
5770
8372
1850
624
2472
2760
6328
10190
2042
5086
3532
5808
2284
11244
4668
4450
6094
62558
498
10060
6162
4980
2552
1960
4972
528
3574
610
6066
4306
3248
2786
449402
854
3864
462
602
5736
3360
1874
2764
5768
18532
1730
4642
5964
972
4552
1998
5210
9326
2574
1210
3938
7418
456
2026
4662
280700
256
5644
9346
3538
1506
360496
9680
588522
49056
13240
6044
418
4054
3316
2960
4878
5682
2822
4148
9172
2868
650
3914
3252
5258
1071956
6996
6862
9278
4114
2670
2602
378
765064
5094
4362
2092
4270
1864
1632
930
3410
4002
3908
1488
2904
13234
3018
3776
6468
6522
6260
426
724
4836
2456
2344
359630
4968
2206
266802
5526
2470
9538
7588
1494
4990
6110
3952
1116
4216
1960
2732
12124
722
380
2126
5054
8582
5940
4534
3500
3324
1962
3170
4304
10440
5644
2414
4934
6432
4288
9528
4004
4462
716
3318
1964
461338
7234
11158
11772
3452
4106
9240
2266
680
3660
2332
2900
3524
660
3364
4086
4548
7214
8280
9512
972
624
2376
8284
654
2106
8138
1416
3788
2910
2838
1954
1144
3720
746
6984
13754
928
3228
7010
5678
5770
124482
524
5962
4844
10542
3484
3668
1994
4408
4710
6260
2850
530152
1914
2482
520
1268
528
546
4536
866896
2266
498
460
352
6862
6172
1646
3164
880
20886
4418
4978
1770
8980
608676
2774
2674
1244
1016
1032
3896
4606
307086
682
3528
5864
4538
942
5930
3566
6562
3656
5548
281800
5506
668660
2570
1604
2838
500
17866
9988
3362
2592
6796
3702
4786
4484
324184
498
3756
740
786
10036
840
2220
4148
9472
3440
5586
2406
5250
1456
3846
4728
8898
3896
4264
1854
294
2862
10718
494
1548
4384
2668
7294
1100
4112
4582
262
1006
8020
3512
466
5692
4268
3696
1557764
3738
284982
7262
1468
5220
8086
4580
9012
6864
3374
7470
300
5098
3100
2240
890
1210
6424
4096
1684
2424
4424
13228
7410
1570
4256
3786
5118
1554
3564
2654
7074
6766
3702
606
2266
2996
5260
972
3160
5974
742
772
4790
604
3434
43046
9202
2232
2750
4944
2696
4408
6154
3580
3754
22848
3702
6378
2730
4570
3686
2296
3600
718
3794
3648
3362
3964
926
834
3324
808
5620
5600
342
3792
732
3772
27874
6622
200506
2874
2710
11164
5944
5298
4004
5590
358
1606
312
7692
3438
2636
772
1406
3670
10188
3812
3768
7954
4156
5062
3608
3424
7034
5092
211670
4620
10824
1848
2974
3852
2276
2912
2106
348
1934
6998
1344
626088
628154
614
1070
3792
6872
5906
3678
5056
11240
1892
3378
368
80846
6146
12066
448860
4852
5362
3380
300
598
9394
2868
5222
6828
5514
8586
2310
3950
28502
414284
4204
135130
3472
11622
302
4674
9844
7308
5442
426
7732
974
3274
928182
4394
3282
4882
3504
2054
3064
4180
2170
2366
3108
2540
4972
4784
3714
2772
4018
3102
3100
13392
8960
2880
526192
320
6084
6136
95666
1094
4394
1960
3702
2354
1870
7340
1712
474
2786
3346
4066
5030
1974
2622
1396
3322
6370
3954
6884
5768
6210
5412
7858
6806
436
884
2166
3136
4160
983838
4346
4238
3186
916
5464
2118
14256
1244
4574
1958
9210
4040
2844
1686
1058
3506
4662
6926
6626
3932
516
3698
3796
3672
2084
243598
626768
3352
6166
4536
1674
2800
1654
6294
3778
6754
3620
6240
2848
5606
493834
5084
6618
3288
3944
388
1496
8320
2246
9848
472
403192
2848
2536
1138
5454
5066
2674
5002
1094
3746
4058
1700
520
2250
474
524
238
4434
1058
6682
274102
492
2290
9306
9880
5158
10640
604318
4018
6914
5902
3096
2392
9906
122376
4728
72276
3150
486102
4366
268
1970
1625082
4644
506
34028
2924
4604
4360
3988
4194
3896
2826
2818
3458
3868
6368
6904
304
9010
3062
3228
4212
280
1610
2432
4922
460
1240
1146
2846
1088
3650
7928
186616
195304
4134
1402
6272
868
2354
668458
2726
254
3516
2396
1261176
6158
2688
4058
4094
1164
4004
158584
4680
8788
1706
4108
2196
2346
2910
5876
11314
1692
588
2616
7180
3462
2878
4300
6372
5332
7316
1190
2428
380
5338
4116
3960
4116
7294
950
14532
4904
356
4390
4014
8742
4486
3714
7566
3756
4074
5836
3352
1664
4868
6254
2776
4168
4194
2544
2282
109968
2404
488
6236
8134
2086
368
3674
2898
6218
5918
6036
286642
46706
7670
6778
5040
3406
4826
4076
3664
1674676
3874
5832
276
5228
4578
6290
498
4172
2334
5284
2898
227612
3610
7064
3460
3182
4256
1348
2406
5654
1578
1856
1348
1022
1812
5054
3422
2516
3188
4518
2856
3052
3634
1242
1522
1770
4424
1184422
43568
3226
1366
2662
90466
1022078
3772
305634
5228
3710
3220
7504
5664
4070
6246
22646
5752
4022
858
4148
3720
3676
552
1906
3584
6396
2396
182292
2100
12288
5670
2378
4720
2770
3984
3458
2582
6382
7034
4342
1856922
2106
640588
12740
4390
4608
2882
5350
2126
2750
4666
7800
786
4304
2294
8642
3904
950
462
4786
5912
7686
1026
39778
1566
2002
3536
2440
2416
192610
5292
2786
4918
1174
3422
640
712
5772
1010
2346
5410
3190
1496
5942
1406
2208
2496
2868
2500
2432
3944
1412
2000
378
1754
2676
68454
5414
234724
2864
3228
400
5224
1734
362
2776
4768
7530
2924
2198
1620
6728
1616
232
742
1624
2936
1612
3196
6864
3854
822
852
1450
89716
4678
3182
116538
80606
136128
6250
7902
534
1472
3646
1748
960
4854
1016
4072
3546
4358
2000
1444
2290
542
448
3960
2328
1862
8604
1544
3132
70732
1460
7986
2734
576268
4402
2172
468
261638
3518
39900
96994
5024
12266
620
3136
2276
1828
1254
4126
1866
670
2864
4386
1746466
2886
582
6878
5752
6266
840
3248
4778
272
1642
6686
8130
136350
194778
451410
3768
5900
2188
3208
3898
371340
4416
3464
7000
5410
91858
3872
3614
3574
938
4220
3540
6186
5004
5302
3612
3264
2186
7342
1854
386
2826
1616
1472
1548
1884
1784
1618
3212
3438
27668
2466
516
2174
5302
4380
1950
3444
2990
2444
3804
2256
4154
90454
29346
3420
3694
234
2716
4710
4474
1548
2058
1210
7620
237576
5232
1098
4002
2776
2886
3860
1318
2032
407630
2300
1994
3924
1654
1594
452538
4298
4608
3766
730
3770
384
5248
2256
3474
1674
4998
2180
2160
6046
2518
3030
3696
518
5696
7958
7504
3612
230
11058
3354
8340
736
2376
2366
14438
530
2994
2904
1166
272
5596
666
15716
6662
5174
258
3564
5406
6956
5420
3130
926
2760
3916
658
1244
3360
2544
9708
1768
4322
1378
101322
5346
6234
6400
1912
3366
2060
2578
2510
3412
8790
6668
3922
2604
1468
469978
118404
4614
2082
528
240
10914
1512
2928
556
828
2086
240834
5354
2356
3956
1854
2290
272
6338
1642
2436
4422
3176
260
1876
4606
3558
1526
2320
264872
3552
8324
3832
4824
5856
468
4972
926
254
732
2992
130640
7102
2738
3260
5548
1464
2138
422
3254
368
10196
4736
2664
4974
490
732678
2608
3582
2528
3878
5064
5548
610
7074
2334
1748
4568
6720
6648
506
2986
5714
2810
1204
1650
5488
2134
2940
1572
2468
4894
6952
1236
1188
1328
2426
4926
3926
3320
5292
3646
5126
3876
1460
2672
5748
3088
538
820
1742
1828
454
1084
420600
4518
1936
254
5868
303180
274
3850
162126
5026
3214
3574
8504
1608
4984
2772
278
5072
2840
1948
3966
1094
32870
3980
2382
2182
3876
6064
3864
2010
2948
1914
268
6154
2322
3832
350
3994
4128
4312
2858
5520
866
1750
5648
233732
898
6444
540
1724
5920
1332
26488
6078
3586
470
9894
2436
1632
5070
3008
4190
1812
2698
2248
5012
3358
3792
1264
3908
4004
1116
1116
4956
2568
1620
5998
3650
2268
3886
996
960
3988
248
7414
3300
5056
2786
655336
4884
4896
1616
3310
5666
246
6548
3870
1546
1730
2142
1770
1032
13936
5960
4806
5174
1858
7292
6550
2334
5226
1604
2188
10822
2844
734
4336
2040
2454
5478
2648
7012
1764
444
2014
1812
4824
1700
3962
238
2130
3290
5064
1650
6442
3178
3518
528
528
7168
1446
2608
1932
1860
2884
1928
1666
96072
3980
1302872
2374
2194
2228
6522
3448
13894
1106
3910
1850
620
2446
612154
2456
1402
1081100
2948
3278
2378
158296
2052
2128
824
2478
2826
3060
10052
3670
248
3244
2910
1552
504
2508
734
2268
1420
5138
2794
5608
1006
4300
2910
1686
2486
2126
1954
2754
740
2556
4226
4010
260
2904
2596
1922
3092
510
554114
3064
3250
4092
1816
1136
3218
3728
846
3784
2516
4090
2198
1472
3482
4002
108784
83136
233544
3896
1566
1302
3728
566540
2570
5542
2886
1870
502
2432
3406
2740
974
5862
465840
3080
268
1274
3676
2582
2840
1162
2670
394
1166
2012
2818
2358
4826
5438
5170
3294
366
3274
10510
532
3608
566
4164
3834
5506
1872
2144
5122
8246
2266
58464
2532
3358
1212
2216
2128
3006
4634
424
2096
69958
2568
59158
1120
3350
1626
3500
5764
1876
5208
2972
728
3020
756
2816
5688
2890
6494
55162
3852
1546
3122
43756
3276
14866
2744
3020
616
2276
5804
1390
5334
2952
8654
280324
4122
3138
756
7310
2060
3626
722
2280
886726
1066
4906
3444
110294
4238
1816
3004
888
1290
996
4914
4074
1726
502
6372
780
5426
634
1116
500
595906
1226
1215572
1410
6016
1162
2576
2078
2722
6424
2346
234
2372
3264
7506
4016
4288
4694
2804
8526
2486
2820
4128
6640
634
3074
8044
506
1584
1538
1256
247940
2248
5050
2496
734
2632
8748
3914
189330
2498
1528
526
2598
6800
15562
634
1020
470
5208
3438
2310
1694
3730
3566
6496
2634
4082
5694
2684
1248
5982
4098
3712
3722
48192
856
670
2878
236
7432
4704
3958
5948
940
474
4256
3930
2968
2788
2894
2246
882
4142
5652
4856
9144
2514
698
3082
4468
26462
8438
3882
5900
2514
6064
7930
3756
5962
2290
510
5862
6834
1487038
2286
3008
266
638
2166
2642
9026
3194
571618
2510
1592
592768
4518
3030
736
2568
4680
4892
151928
5094
1588
285820
5026
3602
3682
1962
1968
500
3620
6920
1094
6480
6166
2264
6614
3390
2434
1184
2580
5488
1832
4984
1782
1626
5994
1604
4070
4564
830
4942
1602
591890
1780
4492
3038
2490
3058
1232
3900
5706
488
2480
3166
4182
1602
520358
3764
7428
4556
552
1606662
3050
3198
496
6102
2094
4734
3736
3700
5158
5724
2752
4404
9420
7204
3670
1946
1078
4810
770
3306
3486
432250
3750
266
2356
484
5174
4382
6576
2748
8328
3210
2916
6598
2680
131486
191066
2624
238522
3980
1928
5220
3030
5940
2812
3304
7122
428
418
7468
2074
5650
1254
3694
4902
289074
2636
1010
520
6982
128316
5122
880
4282
3286
1682
2648
1732190
5212
4258
4842
1348
4130
6324
3056
2862
3898
544936
2274
1390
3156
3084
3710
1230
380
2468
2734
5066
356590
2054
1126
1398
3032
2638
4808
2034
2934
6448
1204
548
162714
3084
521618
4228
2278
648
1242
1650
2364
656
4382
6688
2922
1946
602952
5662
1828
1172
1404
2406
2784
7348
1900
6836
3276
5364
3068
1994
239240
3162
4514
1256
1616
3974
152898
187756
298948
11560
2966
4048
61816
5806
3568
2340
3344
4534
4426
4282
6910
3442
566
2590
1266
2506
524
2030
1028
6324
7960
1908
1488
3694
3054
8160
2698
470
622
8056
2692
3094
5722
1336
1618
9264
2234
526
3358
5986
6332
3146
718
8826
2504
1012
500980
2392
5508
408576
4006
1660
4070
6258
5758
1342
2084
1140
3178
368
7350
1278
1094
5592
1754
1870
952
524
3376
366
5524
2218
721322
1268
2346
2156
1632
1434
6550
2608
4858
2976
3284
4110
716
406286
1894
3376
189644
1924
720
2100
1244
9340
2128
4714
2356
2044
3928
3450
3736
4128
4252
556
2302
3176
4702
164666
3938
4694
3784
262
1172634
366588
128022
532
4402
3272
4018
729386
2184
570
2394
6842
2820
6312
2844
6022
2484
4460
5558
67264
1244
4516
422
286
5536
516
120256
6142
2276
10244
3188
12376
742
788
2696
1404
3024
550
4092
902
2152
135458
4140
1430
7628
3980
150916
7786
761842
742
1544
5342
7088
5028
6298
6750
944
590
5248
862
6186
1776
2634
798
712
3452
9152
3898
697792
7516
2444
2828
5432
586
2686
3118
6582
2886
5390
1640
1308
1724
8170
56966
3562
3412
1832
4900
966
3444
5856
2050
3078
652644
562
1928
240
2638
812
3320
4290
3392
1906
2170
308
32614
2916
1170
498178
9252
5574
972
720
1884
2254
4568
4580
4848
119992
1204
5816
4878
4978
4362
5702
68442
5210
1628
2232
366
3380
358
244722
14988
3558
3652
624
648
2086
3656
4158
4050
3978
1642
2322
530052
586
680
5536
1776
4860
2096
1772
4922
1832
68236
2630
3974
382
222
132722
89258
75782
12120
72800
4746
324148
6364
2384
1528
3128
1702
5724
1534
3528
904
540
742
7652
8392
246
3934
6712
4298
4972
11918
4008
1708
8034
6070
7960
9514
1326
510
666
361314
1066
3256
5598
4608
392736
5284
3458
7450
10550
2262
2134
8616
2046
2610
3134
4498
8616
490
4320
4272
7232
6664
772
2878
3986
5640
1392
4840
25372
3574
4220
7138
634
5134
264
8958
5954
7932
7326
3730
2634
4332
2552
2536
4558
2826
5502
1682
4974
2178
2484
384
3680
1864
3268
3508
4990
287072
504
220232
7192
506
1062
3016
360
6288
2684
3064
315086
4374
588
1338
4484
141902
6732
4082
2532
6124
5226
5244
735082
4076
5864
4886
1314
378
670
7190
45194
358
1634
4086
3720
19428
5184
5434
1426
2742
11242
2508
5222
3756
2394
1986
7350
1372
742
4128
3766
1108846
3782
804
382
4550
838
8036
610
594
3950
1568
1046
2106
238
4676
3412
2138
376
4744
9058
2926
2954
3180
1774
2500
22310
61792
2552
3756
3456
4106
3296
3890
2964
8158
1418
6524
2314
3240
4808
3844
5834
1978
8492
9800
1628
3484
1640
4268
370
4678
2596
3112
3418
2100
4008
6502
816
1210
270
3098
6328
486
3914
2134
2960
6626
2404
2384
1114
716
5726
5314
3804
5362
2858
6246
4686
3490
6566
6112
4904
5696
4330
1752
2058
5898
6934
7692
4338
1646
86560
1366
2982
4298
3934
2788
6212
6612
3362
704
520
3526
6574
524
1476
1866
3808
1658
97360
5464
1988
3194
3840
5008
3868
2608
5284
4158
7958
1014
8294
4262
625180
1295808
785472
453722
1632
8126
8536
129384
2038
2544
1520
477018
3420
6140
3304
2874
10204
7050
2814
4910
3132
4162
3992
2432
2200
4008
3292
3498
1320
8012
608
2666
3532
770
6842
1786
2488
11386
2290
9286
822
2656
2508
7828
380
3222
368
6372
5060
2736
410
2816
886
1520
82798
4070
918
3630
2824
1434
7780
5234
3226
1926
776
12222
2188
8044
1100
1652
147748
1478
4780
2960
662
9056
6546
416
2366
3470
2256
4184
1780
2504
3866
474
1384
4364
1138
2230
2620
4720
4212
2034
2802
2154
5978
4292
2778
2748
3486
5928
2056
556
2886
5644
1138
1694
329668
648
1076
1510
1376
5568
12500
952
3598
2406
380
2362
5058
290
3158
492
1862
8882
4212
112404
6482
7648
530
5248
4722
1266
2800
1630
755256
4844
3022
1220
1118
2508
3002
3232
2344
5110
4984
3738
250
440594
4678
5436
313882
242
2794
3200
516
6552
1472
2572
1394
2972
556
1024
6020
3826
4978
8000
388
263424
5740
7994
364
3042
3618
4196
3550
1916
1194
4938
1120
6440
4188
2022
3004
282
6866
1288
298
367794
3668
5212
564
2776
2794
2716
768
296
372
1904
5296
4002
262
1776
4200
3352
1886
752
4106
2772
242
1798
3236
2056
235406
3540
3662
1098684
4052
220248
2584
4406
2752
329154
544
522170
7800
5486
3350
2150
2550
2354
8408
2046
4960
3048
4604
1377828
4202
6678
854
1612
1164
1038
4566
3802
2084
10946
4218
2718
4026
3448
388
2726
3566
231682
508
390
5174
4686
2496
610
4466
3526
2682
3716
2872
4754
2034
2834
1938
3242
5550
3944
6050
1484
453934
753504
1938
6800
1916
3920
5054
1816
3142
4358
5516
3552
422
2848
900
1764
1398
1632
4822
3490
1974
730
4712
10706
1311286
3226
384
2754
632
2000
1308
514
4934
856
3598
3770
7678
399348
5126
3514
4464
788
6014
4426
2648
2882
4124
2888
5626
2476
4262
2496
117092
3712
3772
2246
89556
4000
3566
596
3462
2910
2632
1622
3786
3820
3272
6294
5664
3088
4010
806
20970
3302
11020
11280
3490
1880
626
2520
3584
1166
1329582
1962
2976
4580
5292
4412
2210
3988
2510
2602
686
24360
115332
1836
2360
148940
2214
3376
3898
3662
3606
2830
2518
1004
6088
2224
1350
2410
1744
3478
1964
368
4456
3136
486
6754
1520
1676
2364
1412
840
339664
2406
2496
1876
3008
266
3722
1080
2950
1442
8594
2694
4206
4510
1374
978
8298
3672
12802
4890
3776
4330
16670
1014
3738
8486
2298
4274
8348
1254
790
873820
2548
555806
380
615482
5318
5592
9318
266
1086
310
5142
244
3090
6018
1014
3190
2978
6076
1164
4790
1972
722214
3610
1542
2120
4354
4894
570
4708
3002
526
10234
750
3376
2704
3996
4906
4976
4300
1916
528
6610
1704
3584
3122
5042
3888
4210
521966
6244
38168
341674
4214
3472
3936
3430
2546
3622
1382
3946
1308
3666
3146
5616
7242
3406
2908
4824
6068
1362866
3256
3692
1962
4362
582
4536
454
813562
4870
7184
3336
8440
6166
2984
268
2062
3830
5232
556
2836
4132
6162
4598
5058
1982
51938
5026
1866
3306
6328
1956
5180
179942
4294
3186
1124
6216
3194
30290
2550
980
3348
1082
18348
3080
6818
4874
1972
6576
486
584
392152
1004
2372
4614
164530
336
6548
276594
256432
341248
1622
7708
3376
6664
4104
30602
1444
2268
4440
5188
6350
6050
3592
1310
6970
4374
351812
6164
48444
3260
226
744
5492
3464
3496
280960
214628
4304
1760
5322
11406
786
3078
46614
358
1362
2020
4656
230
4990
746
6002
3682
8576
2608
8554
352
5834
4906
3080
1010
813392
4972
711346
38446
2818
5508
4406
1380
6254
540
3688
373436
4010
4258
1702
424436
2810
7232
526
264
624
226
250
6252
4662
646
854
3300
548
3716
716
1492
2358
111462
760
4198
1778
258
482
2722
2644
3612
210
620
4436
3528
1358538
3084
3720
652
1308
800
2042
4884
587336
2768
5458
594
7722
276
1426
2468
10358
2876
2706
738
3376
3728
6988
2982
398828
3274
3078
6906
1436
5606
3758
5862
2406
1712
1468
364
3574
3200
10204
2474
13864
5698
2782
3360
2368
2186
5466
3096
4402
6538
1138
6272
2998
2430
2332
1836
2974
6014
2008
4592
5138
3262
1190
518
7476
234
4018
900
599726
158322
650
4374
4640
1956
3158
1953144
148130
2256
6708
5232
2954
5662
1150
2554
7726
4918
3682
3718
922
3092
738
163730
4986
4576
5602
1606
3968
7738
248676
953966
246
6348
5066
972
2020
4088
1234
1270
351590
9470
5336
524
490
2926
4166
2298
1507192
3880
2574
2320
5350
2984
183246
7536
2998
184454
4366
232
4896
38896
610
4298
379784
1796
7466
3562
3674
2524
1382
3996
7726
4266
51616
1760
6230
5694
1880
1476
2646
2338
4398
2430
1146
256
7874
4112
1520
3702
1417258
4596
6584
2436
344
5584
4746
496
2522156
3844
518
1488
16466
4826
1209432
2880
252
1358
356878
524
7780
6046
2262
95734
1182
3758
3100
425930
4280
3480
3984
5342
3406
3436
11418
3184
3110
8236
5772
4056
5982
4768
7884
2386
3966
237592
3930
306
4624
11130
472
4548
668
6074
5204
2646
898
9564
7758
7486
4492
424
1834
2270
944
5226
3432
7288
1658
2760
10464
1130
2130
205154
2082
6160
2948
4798
1950
1506
194600
1950
4160
4332
4110
4256
5948
3290
4118
5478
4702
2420
4282
5208
1684
373126
7178
2236
1976
372414
360
5162
4504
734
7254
2254
152410
1779950
466564
2758
1542
2866
3852
640
3588
388
4892
2250
59342
1400
52442
7924
1080
374
4392
211788
3712
3828
1660
2978
6552
5902
2066
604
2400
1038
2846
275090
19424
2254
4006
424
4502
4866
946
12720
3772
165724
9152
7586
920
6632
1962
3628
3522
5790
2982
700932
4706
6886
3296
4438
1074
2530
3058
1026
3396
512950
9798
5600
3872
8728
1606
1516
4492
3646
7724
4104
5832
2914
6006
2972
3512
3742
3750
1502
538
3818
3506
3644
262
4106
3104
4090
256008
2370
3034
1436
3070
3592
4982
2124
4346
398372
6020
3540
3052
1426
2690
4956
3982
232
3032
3558
3272
276
3598
8050
3446
2334
1112
3226
190388
4706
3364
4002
2866
2058
2416
9216
11716
534
2022
594
1712
642
2520
3526
1950
4074
2286
549428
1604
4202
1526
5836
207604
2804
1064
1938
6168
8470
134578
2064
3390
2788
2398
2896
1528
4692
5232
52222
1338
2062
316958
6248
2402
2498
4672
3092
2722
1388
3336
2060
3264
5174
2110
4592
2050
6730
1370
4220
3998
6100
6922
22662
3444
7462
177880
4056
4430
3016
177362
1816
332648
5102
123318
3700
5030
236
10728
5194
2222
5508
2330
1146
3216
6144
7070
5118
4828
3856
5944
6884
272
6188
1512
8040
4070
2816
4478
4064
486038
2084
2514
4196
4008
1708
764
2362
3332
2784
1158
3498
622
3660
1406
2432
4348
2780
7970
634
5952
3200
2838
2612
4376
2596
3954
36948
3822
3380
4016
3420
4362
2436
3280
8792
2266
368
4692
9436
3208
4618
954
3664
1420
2560
1026
2634
8192
4602
1230
789356
5608
622
2346
2962
1394
3604
1104
2676
233386
8164
802
2152
2382
440
6670
626
5690
1376
5718
380
4450
2788
2090
378
77808
6924
868
183780
2262
4196
2958
5078
3950
2252
2430
153390
3698
4118
592
5184
730
3000
1941188
232
6240
658
1646
4476
2402
4380
6794
3452
810
2858
7426
7420
4724
7344
5132
1056
1698
1774
542
3980
4012
2376
4582
278
1014
2720
6990
3306
630
482
1212
7056
2548
3594
762
1308
4000
6642
9290
1740
3206
2370
5818
278042
11970
5572
2220
7604
2026
5878
6456
4204
8896
2142
7346
2118
7176
1450
356
6780
3616
2936
3964
2110
1784
5574
2890
1686
856
4110
244
1642
522
7810
6986
3778
2252
6330
509484
1778
9616
495008
1918
1358
3906
270
6346
6544
716
8160
3996
7904
3792
1746
1850
274
4186
5910
4730
115714
3908
6194
1594
1258
2860
518
5890
4998
4006
4656
3892
8172
7326
910
7788
3506
4110
6232
1598
4212
912
1178
7132
796
15568
7426
3196
3908
5298
1630
236
154300
2590
6796
1500
2442
260
7786
240
5032
6790
4584
602
5170
1088
2758
1122584
3254
5562
624
282578
6504
3954
5318
792
5058
3622
6786
2904
755160
9254
276
268
1656
4188
3846
3394
2420
226
5356
2242
254
578
14208
4468
5236
260
3182
3776
3086
2754
3730
5250
5198
1458
5336
3698
3056
324298
3180
3418
884
250
4280
5222
474
105340
1534
712
500
2618
360
3772
4752
3844
1448
3140
4234
378
5306
2272
3312
3244
4104
5548
112830
211492
2090
4874
3228
1554
118582
4856
4292
6064
5828
2126
2388
4144
660
10374
798
1396
5532
6386
3088
1496
3824
7776
370
1056
2406
6830
1536
6252
3556
606
6276
1012
246
137334
3358
4276
1758
9780
864
4714
2924
1778
1702
580
4946
573622
1336
1386
1672
674
5910
7840
1344
3590
4368
368
2498
730
2366
3562
13272
5204
260
4130
3330
53726
10022
5390
554
3080
3684
113732
2882
231326
1108
12964
5930
1124
12272
5724
5646
8816
2836
5328
3322
5992
5864
4094
3352
2662
9086
4042
378
1478
4584
7654
3332
6572
2614
3612
252450
3144
3340
433708
876
3842
4962
2934
4078
4740
2064
1310
5334
7588
292
5790
296
1932
3324
4830
3616
4474
878
3286
8390
494
2576
548
645020
6350
4596
3976
12650
3822
808
6992
8398
5388
460
629034
3190
4574
1860
3690
2678
2406
4478
632
748
5148
2882
790
11326
2974
1752
44162
600
7294
3908
610
482
1484588
426
6968
9680
2812
2284
2592
1580
1674
2180
2120
4794
3614
2906
1316
6878
3642
3692
716
1116
1646
8156
77996
9956
764
1980
571982
3302
462996
9156
290
1536
2102
417988
1016
8910
10108
5410
4544
1646
3384
2660
635412
295078
336174
3452
337600
4700
3956
362
5860
3294
238
380
1830
3854
480
3114
2478
1870
4622
528
6170
1514
420
6300
381904
12046
424
4384
4128
604
156010
3408
372
2774
285250
1802
162196
3514
2500
6958
2642
1710
9296
11894
754
3530
498
5604
5938
418
362
2354
64600
2716
666
9928
399652
1768
3500
814332
4434
1954
1062
2010
604
6210
7646
7972
658
1084
5100
2058
4860
4770
3102
123346
7936
3710
3966
1122
3146
1900
2384
6974
3154
5412
3586
3452
4628
4736
70928
7044
2120
6052
2064
7410
2256
5436
3114
3472
201512
2354
2680
1506
5906
5462
2418
2356
3242
61130
428
4438
5974
3258
2708
11714
3320
3144
1014
3046
2330
2600
1672
3256
304
1986
762
3601080
340082
3868
3328
428
2460
5436
3746
3172
2968
2250
3326
5454
4644
2398
2168
3898
2776
312
2866
170838
5974
3014
506420
4180
462
5620
4390
6148
1856
4136
1527398
3490
2594
3594
679064
1258
3660
4304
2096
3434
4854
1948
4208
2230
10108
2436
3882
6018
4726
4206
1018
2600
2780
1452
8348
1386
4464
6782
5464
262
4208
8326
3938
10584
1442
2630
4290
3406
2798
1422
34956
1858
3464
4344
327054
440
3674
3202
5532
4110
2916
2532
3606
2154
1696
874
199050
88086
4764
2612
2340
2618
365336
796626
3518
2978
4544
1916
4046
310
3360
4338
248
978
1894
1980
8688
12726
2556
128064
168184
5256
3898
634
3164
2806
3818
5736
570290
1168474
3978
13670
4244
2006
2682
1024
254152
2702
673194
6466
578
3688
964
422
7210
3124
754
2668
6402
7600
3742
6392
378
9764
1742
6656
1102
3796
2390
3598
5584
2698
4260
2724
2972
3440
8924
4296
1906
864
370
3108
3288
108696
7440
284754
3562
606882
2262
8338
6050
4438
3608
3324
4044
64420
638
6570
4450
7536
8762
3580
3290
7142
3142
252
1348776
4574
3412
56686
3596
519446
9264
304
619222
5582
5654
6976
39398
4262
244
248
730
7682
9718
4838
5202
10008
12194
4512
2910
1252
8368
6288
7484
657426
4006
4966
148952
1254
4360
5568
2216
2366
7608
4642
1366
4828
2602
8578
3838
1016
514
4414
3598
7574
6398
4436
1270378
2314
4880
2816
452
4528
9438
424
123998
1466
3342
3850
264
3966
7526
4576
1914
12650
5504
2878
5612
357714
7458
9230
8286
6718
1892
1304
596936
12734
89560
864
942
9818
382
588
8354
6908
11690
2604
6140
648
36130
1126
5368
3878
2768
4860
236
2424
4184
6280
5622
420
4894
9266
106234
3434
4472
2832
2360
7310
1038
3514
797232
6228
3078
8508
3332
4218
6056
6522
1626
642
824
558
2794
7682
7042
3574
1236
254
5346
12250
3850
520
6008
1416
3716
732
2060
916
8180
5424
1896
1010
2360
5354
132328
4614
3986
718
9354
4018
4184
241924
8210
4544
6730
496
5444
7056
6624
7144
1186
2864
136990
14314
2494
6272
2100
1756
1952
3000
2714
4096
8388
518
2716
4442
5162
7014
6926
722
2892
4488
2504
2312
4348
1040
2994
6812
1000314
156194
1470
3510
6124
5176
1408
1608
486
270
11806
3436
1883982
4104
579482
5108
8910
2650
376
4882
2712
3302
603264
784
6434
3648
2760
3056
8184
333686
8246
175236
2070
3460
2220
4696
3388
6022
4410
1120
264
2384
5052
5666
1828
6074
6202
3792
8184
728
8432
3814
246
1898
4758
832
4608
1622
2010
8328
666
270
4284
6400
3298
5204
3872
4346
3996
3380
9246
8716
10812
6790
6264
91996
2212
5850
6200
2958
3616
128228
2862
3264
1374
8766
3494
376
5956
5686
2870
310484
1894
5114
7814
2824
2646
1144
4346
6488
886
4584
6206
8794
286
12270
5170
5130
2966
3372
1320356
1494
8860
6042
4394
2624
9338
550
8052
1980
5784
7350
308
612
3834
500
1996
6710
17092
1252
1906
413862
2194
9962
1036
2490
4484
600
2084
1964
2960
290
4694
1250
3440
1160
6744
1338
5174
1380
446
244
3008
982
3984
3882
1386
2384
4828
5744
2616
5318
3306
6028
4142
6340
5360
7024
1600
3818
5042
4334
41390
4388
4298
2322
4720
6718
5794
5262
5416
186758
7040
13626
3130
4230
4312
304
1896
748
5872
492
2598
1900
7106
10654
10624
6876
1232
472970
278
4466
5020
6786
11834
520
236
5472
5646
5216
6978
3306
3420
3540
2398
2096
372
1126
3488
5176
3230
2202
5586
3198
3340
2036
5958
488
2636
1406
2904
8260
2742
514
1168
2674
1130
8312
1066
5344
6504
3336
3802
931876
2172
1880
4898
3508
1804
4644
3280
2572
7598
2494
2692
480
4672
5136
4240
1108
5658
1150
6446
9918
2422
3346
7200
2944
121464
4190
2972
2726
558
4394
1788
3262
3042
5914
4514
4710
3610
5574
3188
2636
3644
5020
5448
4768
1980
7736
3808
3554
4446
2266
3402
2360
4868
1268
472
373832
2380
3352
4646
2172
4978
1388
5592
4378
720
3400
764
3588
2502
2834
1532624
1152
9066
1822
6088
86870
3014
2924
378
3006
3430
8928
4886
354
3768
2056
3570
1998
3208
368
2828
4358
422
4582
240632
2414
1086
7104
853074
369906
590
1918
2956
2932
5222
2420
2444
4346
896
3412
386634
5648
35624
5634
4990
7152
3988
4452
3600
9922
4286
4126
63262
3292
57570
4500
7524
201802
5692
3658
6650
902472
4562
2062
1156
3078
2832
1384
3496
3294
1140
3184
2544
6068
1720
5326
5652
1280
4458
1626
414352
9504
1482
1516
1716
382
2020
4030
6616
3552
1074
10422
1012
2432
1922
3480
52854
3826
5286
2634
4246
6354
799126
514
7648
7984
5456
245600
2770
1043128
912
157288
2850
6084
2768
258
2952
2982
508
5520
5110
2628
3260
234
5090
3940
6732
3572
3858
3688
3746
6384
6954
1406
7764
1484
4318
3700
6446
6848
2660
1724
1642
2362
5226
2938
4784
5910
1618
3482
264
574
2658
2676
3066
3470
526842
1568
9294
1460
2842
2974
4826
1088
520
4156
3562
436482
3220
386
3558
8748
838
3128
2606
7744
658
2420
5908
4762
4710
2994
182094
3508
2556
1876
3484
7434
3396
3386
1994
5970
2000
2554
4146
354
2786
9926
1896
1596
390
12812
5836
5706
476
4306
1558
3908
6074
1644
100402
4504
1686
502
198946
247500
2840
2918
2632
5100
3864
4048
297546
2610
6290
3458
2826
1994
3724
388
2694
2330
503286
135294
3448
382
2352
1870
3580
8226
7616
182908
3962
2626
2408
1102
1554
2942
1454
4244
8174
610
5816
870
970
4852
352426
632
3110
265236
59630
4872
3694
4948
1668
4462
224
350338
350062
3188
352610
1694
2200
1928
4026
6530
1630
2440
3166
4904
1750
7786
3064
5690
8336
3100
2068
6094
1410
1448
5294
4082
4072
486
5470
464
4420
3862
2958
3242
1926
3208
3804
2620
250
186426
5720
2070
8852
667884
2378
5304
1386
8044
610
4856
64886
2196
12820
2258
1944
6666
2570
3466
2202
346736
5388
6118
2568
289278
4960
3516
2964
3496
2628
2166
1464
2472
2530
3870
1946
4646
838
4178
3204
4914
3366
4352
344
7570
154804
1410
4996
856708
474896
2598
4234
4050
246
4884
3162
5122
972
3864
2142
2944
976
2328
2320
2756
2850
231728
2898
6740
740
3196
2976
3642
1608
2331672
3514
2616
3798
2250
5592
972
3080
6554
4964
3420
360
3386
4224
3198
13154
6804
1650
317790
3644
1596
3430
5058
1972
2006
9660
4038
2048
5960
4090
3280
3612
2980
3438
4140
2032
7828
4620
1566
3072
4298
492
5936
3196
2336
1014
3964
896
4888
2770
382
3014
6818
5946
4258
2994
5494
664
2848
1488
1616
3498
2300
3996
3822
650
1844
1018
4848
3074
3194
4906
1400
1088
2824
2846
4768
5300
3322
2192
4162
3476
3506
893968
5386
4670
7212
662
5258
2546
1776
5150
722
2350
4036
8022
3712
6564
2566
4848
2712
4338
4282
3230
368
260
2222
4596
4458
94690
1956
2148
560462
4890
3704
3506
167256
828
3338
1316
438880
356
6514
1704
2684
500
2248
209178
658
4290
2126
634
2706
3838
1724
1516
334
892
1632
2814
5788
2398
6154
244654
1242
591376
4426
1832
945540
1380
89186
972
1852
2146
4686
10970
4554
6388
4090
2620
3598
8362
5168
490
1490
6086
1038
2562
838
4518
2462
1752
2002
466
341850
4288
858
8278
1190
2080
3418
2018
2268
3178
4536
1888
446922
3710
3330
2504
474
2116
3592
2462
3320
428
4558
3220
2296
3930
2334
600256
4748
10008
2730
3854
2532
3322
3742
1716
4652
1379974
2304
2888
2426
2396
2884
4964
636
3898
3906
1356
1678
3024
2442
2098
9262
3120
3924
6950
2350
10492
2392
7408
2678
3124
7450
4718
244
5200
2210
5688
5164
4500
2878
5956
3048
2578
2232
3136
1844
10840
5486
3894
2740
7638
1018
3262
504
388
293626
6046
870
1312
1614
3006
864
1794
1190
4086
578
1846
862
3550
3844
380
4784
4146
3346
480
3036
2978
4442
222
5494
271294
3776
400460
4688
4116
3048
529360
2288
1322
1424
2820
526
1220
4804
1614
512
1132
3174
1430
580
2468
1486
2154
3794
3268
2616
4244
7436
358
7018
3272
4004
238
6278
290746
972
2528
3032
148984
4904
106334
1240
3190
1674
1976
2822
720
435358
4110
560
7550
22916
66710
2462
3368
1158
2758
1978
1588
4654
4406
7814
5676
5520
9440
2610
3606
5822
1466884
2270
3612
5190
2268
2016
510696
6184
1520
2546
4458
4176
606
7526
426360
3130
2190
1944
2082
3722
3344
1896
1330
8330
811064
48436
2464
221110
2802
3380
2206
2268
2084
4398
2648
114994
884884
5964
143056
3402
3088
127590
3842
6478
4250
1308
4082
4132
312980
4788
4718
1744
8034
137904
4646
2554
1484
11406
3756
2252
1980
3066
5560
1738
2432
178046
2142
6236
4442
2198
1678
5064
5828
946
8158
3116
728
4968
258
3242
4410
4118
8308
3672
3630
2686
3056
1364
2900
6238
3416
5450
2284
9054
1578
2266
236
3646
642836
3222
6280
5336
7168
384
6982
2520
2702
2422
5216
1612
649068
323540
2842
3688
518
3292
384
6608
5674
1096
2350
2280
5534
3022
2176
836
3378
522
4814
2212
491146
3112
3552
744812
6032
4166
1014
1042
1830
93278
5486
2808
6522
2286
4770
5642
3424
576
4042
5918
3330
6990
798
658
5124
5722
5412
2326
3506
6860
1578
1872
2812
2040
2972
3940
3308
1358
171934
4622
5242
590
6582
5278
866
3670
91518
88686
4012
2678
4802
724
3384
592
2982
5828
482
1612
1536
2002
6050
5064
3338
4062
8296
2138
1696
3574
1830
1204
1564
3994
610
674504
1060
4124
2676
1634
5952
250
2788
2216
4968
496
4602
1686
274
922
5414
3448
2308
2202
3278
2766
2386
1722
372
2308
5130
378
1882
2876
294862
50178
3984
4608
3628
4124
372
3832
1374
2438
3424
1212
6682
1093844
5170
3138
7458
3652
2988
5360
2326
4740
4156
8170
1734
2802
278
2430
238
3228
3150
1766
4768
2994
2564
398136
2586
5320
2070
5044
2656
3334
478
1614
3638
1106
1554
342122
3238
4264
6302
5734
2826
1840
7786
5090
2346
6220
2934
5576
3558
3802
203096
1484
3964
4998
2904
3956
5836
133302
2078
5164
640
3626
1472
1594
2230
420
2046
1948
2342
2804
970
1272
546
5196
2496
540
1322
1734
2788
7358
5380
2796
2324
1914
3436
5084
2710
2792
8786
3288
6492
1812
3054
92696
4546
972
6546
4582
4860
2202
2468
276
8534
6358
5112
4444
2576
510
7436
2970
536
5254
2996
380
7390
3284
1840
5918
5210
2596
786
307014
61062
11660
2602
6674
233418
4150
4004
3116
2722
6668
4172
6426
4226
324
2826
372
1852
6854
578
778
4426
192164
6030
2754
3394
3244
3528
7968
1506
5670
5634
1536
8740
3562
9360
3300
4234
1844
3020
10740
2538
2274
4124
4298
3102
3698
8034
2748
12156
8718
4468
3060
18162
6632
7168
6212
5284
506
3190
6620
6284
6140
276400
6980
2208
3552
8012
3092
2348
3326
2872
136626
96634
3528
1016
4816
2060
3866
545852
262788
3380
1008
590
4800
5544
5912
2316
1646
574306
193546
4142
3838
5932
168192
4296
428
3066
10728
1224
2788
3286
399480
241716
246386
3684
778
4690
365682
3508
4896
4054
2710
7212
50668
4156
2404
4198
3850
3436
7098
2236
5594
5698
2262
8062
5298
2966
1600
1956
7674
5914
3986
3776
2438
7570
2320
4734
3150
3926
3260
3172
373534
2058
1208476
2512
1730
2208
4634
2670
3480
2956
12382
6246
3548
4600
4832
3926
2906
1674
5224
2946
4476
4422
5932
4446
1984
2424
33712
2196
14236
422
2834
640
3384
299624
3778
3198
5070
4438
8572
1040
4392
3332
2144
1622
2816
2268
3140
3494
3708
3322
6272
5850
3998
4802
4512
634
3170
1022
7396
355186
906
5656
3298
2484
2618
2244
916
6354
4252
1736
5368
1344
1640
860
384
4092
532
2650
1896
5116
394904
6602
2254
6114
1650
560
6510
5896
3526
4974
2538
4736
4332
4040
5332
1684
4066
1648
16142
847540
6638
4024
418
1770
3874
7820
2374
1524
5298
3076
4016
4120
3212
6104
1716
5406
5870
3698
3806
6266
2250
534
2422
2720
2816
252122
4038
3278
3808
5450
3714
6728
516818
6272
2614
3882
380
1165844
1642
13368
5126
2014
2858
202188
4770
3294
706028
3208
3616
1972
2102
2212
5428
3178
3492
3332
9200
290
416540
718
2922
4172
3822
3752
1502
7244
2950
2450
863556
3006
4010
3350
2326
4598
3602
2382
4854
2994
2130
3534
2786
1800
5862
5798
3100
310
3346
40996
4336
4288
9850
2290
5834
2304
322276
52342
7910
3608
2720
3534
6650
2794
2185162
4380
5898
2146
4176
3812
1438508
3630
2696
10818
1858
4988
4872
3240
5220
1086
3514
2218
4002
3434
6896
2246
252036
2682
4914
2370
3446
596
1314
4168
1226
1606
8836
386
3128
1578
2694
2748
4762
5564
6234
5250
846
3306
3476
2926
5552
2090
3284
4178
10984
2028
5652
430
1274816
6202
2222
3218
63354
1660
4332
7554
2824
2646
4082
7062
3512
4740
2764
5396
5016
1418
5302
142886
5152
265716
4796
1456
4784
4382
2028
1928
6040
7442
6110
4740
4140
1597056
3658
4180
4422
430
9496
1510
4962
880
6274
2246
5616
1512
1270
10696
580200
3962
5916
4064
3114
496
2936
202224
4498
434
4296
1374
5054
355244
487304
6982
3208
3280
4634
3548
838
4918
3964
371198
2356
3484
4342
8816
5146
934
376
782
5682
4328
1988
5380
5260
247008
1444
288
3456
3396
5040
4674
3430
6568
2372
464036
2756
432
324300
920434
6998
1878
1838
2208
6044
1340
4666
2786
1932
3538
4682
2092
2756
6522
296
6252
3502
1886
2724
1608
4970
2406
7016
2262
2282
6550
6346
2252
3368
3208
6902
3548
7620
3456
4134
11420
2530
4854
4030
2432
2042
6796
2502
235828
4568
1100
109824
292
254
4452
3672
3990
2398
2656
7350
9202
6060
5258
3840
267370
2486
2276
1146
297278
4010
239308
128960
7758
1482
1802
918
432
3344
3834
6306
2640
776
90682
3104
1274
784
1946
4290
1236
668158
550
3486
4964
1140
4656
3050
2608
4318
5462
4342
728
4096
882
7062
4020
30390
6848
4884
4824
5906
8286
3886
4832
6918
516
4100
8542
10174
58832
3356
3744
5262
420
2936
976
13774
2474
3492
2924
1326124
2520
2100
9302
668
11698
1628
3974
7968
3832
575700
1754
6764
6294
2128
148484
6492
4782
636
8488
245406
8474
1460
1446
8442
4770
5140
10476
3002
18780
3518
2236
519226
4448
6306
3246
9448
4462
2264
325050
2368
4836
5338
5702
11812
1007788
1644
7850
2934
4532
1242
2452
7584
2528
5872
5492
5174
2906
1185178
1598
3764
3734
2680
1588
90106
218734
1388
4664
537856
2992
8722
2778
200906
6900
2050
5128
2914
1622
3432
2160
4554
4236
3624
4608
3646
5770
84156
136820
3328
2628
2882
7894
4674
6426
3000
440
3600
1664
6556
270
2392
3594
3754
2972
2018
3104
513242
4408
424
3388
504
148886
3234
802
132012
60756
9300
774
6300
82976
694780
6596
1660
1646
4092
3078
522
8068
1266
3402
2818
1918
3404
2294
2266
2402
3060
5056
10416
3426
582
2668
3208
5902
3936
1422
1980
2354
2992
6176
2632
2966
5762
2934
1120818
1944
3082
4030
48418
6232
2982
714
3386
438
4484
4204
8588
1272
1014
1776
115532
2654
2504
3248
2336
4538
654
4982
548
1644
796
241638
2256
6864
1576
9576
870
4392
4574
12052
1044
3860
3946
4760
5678
5028
9478
734
506
5334
5220
1894
4998
3344
4790
1542
652484
6076
2920
9074
10042
2446
1618
2678
274
3760
1538
3226
3122
5368
3678
3466
950714
4468
2356
270
2002
270
5038
5232
9430
2280
205956
3820
6476
3470
4362
3060
827486
33066
3196
1416
3824
8964
166470
2818
65954
2960
5142
4268
3710
3330
286
3598
1106
85618
4572
3560
5958
3034
4254
39286
2716
2362
4282
382
3912
3236
646
3296
3678
272
4346
4672
2226
6010
6912
4592
5592
4824
972
4040
3584
2366
941616
7880
2800
4344
296448
5284
266
3308
5666
2554
2584
6776
3024
3316
2592
2358
363994
5606
3332
4438
6012
2578
4132
3132
4950
3724
580672
3092
2494
622
2242
1428
23336
2392
422
608
3342
3202
420
312434
2768
626
2456
283708
1296
3350
1558
2272
3494
326710
4950
5260
4950
4502
2228
404696
294
2250
2920
3180
6978
500
343260
3940
2762
2828
8938
3226
634
3420
2968
6194
410
7384
374
872214
748
4522
36504
1382
4722
6502
688
6198
5582
2872
5884
264
5618
3138
4806
420
7064
4918
197434
498
4412
6270
1756
5562
7514
8128
1008462
6940
8284
5656
1488
3822
1622
145030
2012
2700
1856
5420
6184
8426
986
3606
2096
4580
11326
481766
5690
6068
1586
1510
1292
5334
620
3196
157472
6948
2312
3988
1972
1956
720
311262
1220
2162
4248
6342
7778
136892
4352
1376
4616
6644
2400
6610
1798
5102
7530
981484
1920
9866
417028
1596
4028
778
4834
372
238
2236
1500
3234
7866
2996
5358
346
6456
2302
568382
3248
3974
1460
4710
496
12430
1796
1070
1058
8072
1898
3744
5922
2008
4588
4896
349560
660
2090
4344
2482
464
926306
356124
7894
1048
4524
3294
73552
1204
1946
4810
9064
8532
2066
3266
1114
3414
1820
358
762
248
2606
340
7562
1818
848
2750
798
9832
510
6590
3418
2640
2746
142906
5244
7290
3602
9306
3016
2308
588
2496
610
660
228
513382
938992
1102
9854
2972
240
3146
974
374
67186
3704
364
2962
4932
3216
2892
744586
1308
1010
2610
4836
4470
2740
253182
274
5816
766
7334
6146
10350
6574
5626
194976
870
3710
2582
6108
1316
276372
3070
3690
646
1327484
240
859870
410848
4420
2734
1668
262
3602
4388
8718
2962
1520
306810
2762
7028
2980
1804
298226
6020
1072
1702
3378
1428
136808
3480
3096
5886
2842
1462
7282
354
9618
1468
3168
2052
240
490
494
5882
4710
274
2066
5076
1760
1256136
3202
1684
1236
1502
876
413962
506
525692
5090
982262
246
1016
240
758
3446
5698
3108
9422
4962
1354
1200
4936
2704
3784
5186
4548
4846
2566
3716
892
1046
5700
4824
4752
3024
236
6040
738
1800
222668
4548
1084
1814
866
229098
2190
2942
368
294
1618
4572
3576
602
8350
3214
1860
5508
5352
8386
780
1148
295614
9892
798
4962
3126
766
4620
7016
259790
3272
5748
86274
3018
4298
6386
176564
3714
2082
206630
1346716
4592
2470
6394
5440
3562
2366
3000
482404
5274
478
4212
3788
1974
838
252
6870
3336
3022
754
3894
4528
5624
3040
742
3244
2238
5062
10252
1756
5694
5860
2816
1900
2134
1426
2814
4856
972
6902
7776
707132
28720
2938
1856
3186
1924
2402
490
516
4094
340
2776
6486
3022
4148
772
7470
1502
5996
1838
3072
2232
378
2892
2774
4494
2572
6574
3230
1934
5134
4990
532
4096
2136
2428
2632
378
5076
3024
2116
3804
1020
1370
2128
1650
6372
269530
3186
624
6294
1242
418
252
6666
3554
2210
484
2752
2780
444
104110
760
3446
2078
1078
3214
4536
2372
6344
4824
5666
852
876
5390
3228
4356
2440
240
3974
286
1376
2438
7816
5588
8640
5520
4078
6538
2164
2398
4702
7390
3610
474
2394
812
232
544
50132
3180
4500
224708
290
4398
3042
2380
866
2978
2750
4936
890474
4690
236
1018
3312
386
354
236
2680
1502
5286
2042
5892
4140
7708
2228
352
10312
3932
7676
1244
2854
1474
218
238
100580
156964
2026
3118
50518
3588
1464
2648
3256
1070
458
2700
7974
508
2766
3954
1252
4618
1732
1176
986
3362
4942
3622
258
2986
640
1966
3928
4308
2624
2352
5944
4060
2614
86464
3056
3174
280086
4948
3120
7188
3184
416
1670
900
4276
764
868
4540
6038
2646
510
3500
4494
4570
2520
2730
3942
807468
240
888968
860414
230
9782
2696
2334
2454
7130
850
199350
3698
624
578
5654
584
2494
4964
9416
10194
3230
642
258
358
522
4682
1944
2008
4124
1144
4668
3294
1778
972
5506
662
3482
480
144470
1090
114582
1590
2844
208
6516
583438
5742
1212
3386
6480
3554
1196
2824
6902
906
358
382
524
3500
3804
4544
2304
728
501222
240
39566
1822
2922
1474
3636
2150
2514
2156
7898
710
6118
1698
1364
1650
4422
3516
1642
582
2810
730
3442
1424
2968
4718
4140
486
1412
1094
2536
504
1211702
4462
6068
160238
1512
6804
1390
2972
362
1297248
4840
312516
1452
5792
1112
2764
6492
232
7242
1112
600
592
9336
4552
2270
1250
2320
742
3956
9134
562052
356
7324
2254
4984
3962
424
1496
212572
396238
1982
2856
11440
472
8198
3718
3334
4732
81180
1928
2182
972
8814
3194
536
1032
354
2536
1834
6758
2282
472
4458
2530
5552
2618
462
2906
3098
3674
2578
2614
236
8398
1858
2702
3734
700
2012
778
330272
9606
114818
1896
1268
634
346940
222
191058
728
1200
274
5916
1810
368
129406
4276
2736
720
5768
4766
4032
846
3482
4170
6046
3892
628
9128
594
716
346
6714
2354
964
1626
2244
4528
1368
3828
4112
2912
226
4038
2214
1976
3290
2868
7150
2044
2590
4228
2572
6440
3426
2698
1500
766760
2212
4422
1432
1146
1628
940
742
4160
3394
4734
5034
6532
191708
384
1598
4870
4900
259478
256
840
2996
224
274
4660
3246
5912
382
4146
8360
2652
636
154152
1204
2826
6094
1684
8804
964
4218
5436
676
562604
8080
824
518
854
4388
4562
3052
492
3910
4076
3860
2154
6152
1836
3806
790
182280
6690
1710
1354
234
6028
5456
6802
7824
4204
268
4016
1550
5368
3332
350
2194
6188
1676
358
1346
638
892
1296884
4458
684900
4678
3392
7074
112938
378
242
664734
233616
2882
3664
96458
3470
598
4854
1574
553932
1668
2034
2972
4062
4896
67426
3590
2186
2460
210786
4228
6006
1026
7220
3380
7278
1318
2668
386
2052
3998
3360
2986
3096
5312
785818
1330
5940
54520
6932
3090
698
2400
376
6802
942
1310
3196
6470
2720
1062
1440
2794
1576
2424
4300
1100
4926
246
606
34166
386
4278
890
5062
1366
2484
4176
8748
2034
1208
2002
772
485924
1160
7722
3280
208940
1376
1658
2608
1980
1148
2980
3088
1698
1014
261418
4818
4038
9378
2412
7064
4202
2426
2690
3658
2058
48672
236
5188
6212
10332
2580
456
2644
4752
3006
210732
1274
4006
4010
1034
4418
9536
2404
1354
186248
5476
526
451202
6714
2224
366
3086
2388
3546
1906
1900
4452
4308
396
2810
1106
4550
1082
4570
214382
12900
1700
1714
3262
3566
2848
1706
1750
3364
794
7916
4166
1022
2450
4456
970
2972
3532
6572
5806
2388
60506
366
2456
4314
6954
7786
254
12368
5960
2154
196514
1906
185376
4998
3320
2424
6064
8514
668654
3062
2764
1260134
5284
380
4434
5554
4062
800
6392
156640
274
3906
246
2610
522
254
478
2722
3528
6272
3980
2270
3644
352
1954
4280
1250
380
4124
3584
5322
4168
2652
3304
528
5742
1666
3382
2844
3776
9420
3822
2752
2474
2402
2778
1264
5356
556
12528
5466
4944
302
2460
610
6060
1854
3806
426
5668
4388
976
2910
4512
4320
3942
2796
7744
1994
2716
4510
1392
112482
4094
6132
4570
5190
4510
2844
3070
227590
1834
6786
2392
3196
3448
6628
4778
2702
3552
7144
4494
3474
2648
2574
6604
6508
3442
7992
1778
3046
2460
1716
1176692
3930
41952
3218
2186
1120752
2484
301902
5060
3416
3172
6318
2820
938
4526
888
5696
6310
1178
6470
3192
4110
5324
4296
5534
6396
3870
2990
1612
4088
185394
3786
2684
2020
746
3686
4124
3574
1920
3884
3146
1136
2420
3782
910
2264
9984
5182
2506502
5888
5550
3808
7462
5414
10550
2418
494
4202
3002
7996
5336
3594
1076
1322
5914
11950
2476
3646
6796
38100
5302
2016
5004
192732
4292
244
1326
7430
7414
13614
358
8824
3666
714
2944
3842
314
7516
3422
4470
4570
5442
2118
3616
7146
6244
238
1472
6958
2258
1162
8378
1338
5750
972
5150
4156
7584
1744
3526
5834
7432
6208
524
7198
7528
5268
6140
3498
633634
5380
4502
724
3890
12256
3144
2594
55178
2558
616
4858
1398
6018
3378
4640
1094
6182
2200
2518
5300
8352
4266
1748
2862
5182
254
9122
3124
7822
236
4558
6660
5336
46736
3610
306
1922
4146
6940
262
3544
3082
5450
3758
3984
2410
856
3430
276
2342
672
3518
1720
6696
5356
3860
6452
14288
6354
3278
6994
4848
3962
2254
1716
760
490
7138
352
3650
1408
5882
480
10346
5832
8752
568
2126
5934
796
2970
1144150
3484
2820
246
2430
3992
4810
6604
2848
3928
7658
8754
732
5814
6382
3984
5016
6222
2462
6410
1132
1136
1474
246
3296
1934
1826
4896
6780
2206
3668
274
2394
13468
107066
1014
4552
72218
3932
637548
4290
2402
798
240468
7138
7372
512
9222
3190
3678
1526
884
5932
10786
3524
4402
6458
7020
1524
5512
3952
5594
4714
54820
2840
1820
12660
3628
6012
5344
4018
6518
2644
4778
444616
7642
8778
4122
2134
3916
6534
2898
2090
11926
3440
1236
4232
6912
3904
3836
1312
6214
2866
4738
5576
1008
1914
4180
1810
279560
6806
5288
484
408
4024
369216
766
3050
308
580342
52968
770
600
640
1272
9304
5804
1626
4430
3566
6460
5524
2814
7576
3796
720
8602
3370
4576
7688
1076100
11424
7236
2586
2274
3830
766350
5190
1708
3384
4484
1966
3194
4298
2656
5084
2796
624
3926
6150
3198
254
7558
3136
2706
4932
1806
1076
2780
2796
7006
1162
6132
1804
354636
278
2080
4666
2552
261690
372
4770
3500
1900
512
502
3600
532
1510
5728
7106
6268
5208
4898
9062
544
342
4632
4454
3386
3342
1480
3192
7510
2370
8984
2930
2870
5554
412
3284
728
3722
4124
1488
308
630
4958
2444
882
1710
4616
5202
7590
3672
461124
1828
1746
7914
610
3086
578
2644
1250
5280
4358
3380
2992
5472
2634
2068
3738
5920
2554
7056
2130
902
4116
5774
1970
792
8450
3024
8702
3614
7842
2544
4768
2548
5802
4266
12380
4852
8480
4976
4102
3098
119734
3870
4630
3102
1340
716
656
4196
2756
4582
6948
4670
5522
3882
2560
529772
5032
11830
872
2506
856866
242
2606
5446
10686
262
3082
4470
5770
5320
14054
3866
6032
1308
2972
610174
2132
9058
3386
5494
301702
8514
3214
8128
7320
4306
2470
1564
3762
858
1174
1268
287512
666612
3850
9362
27528
424
6332
3660
2708
3798
6610
3404
734
332884
13578
1906
3124
5504
6606
652
2310
2190
616
3680
2428
1206
602
5344
3990
4914
3606
2304
3568
2324
6236
3654
918
256
5464
2512
1944
4160
8106
2092
7588
450
1990
6222
2892
4610
3982
1554842
288758
368
7064
2262
2426
3078
274
3226
6104
2850
1972
378
8130
3406
1978
7204
3272
384
10014
2230
2696
2662
2160
9516
5256
4840
1536
2282
2036
6822
2434
7750
5170
2980
5076
5664
5326
586
874
8972
6310
47788
4244
884
268
5274
3726
4514
1010
4256
1206
2260
7002
3300
26488
2272
5526
3022
2066
7636
268
5810
3092
3206
4888
8880
8826
3192
1674
5404
1014
5584
31468
246
198202
1472
2606
2148
5516
1128
5686
272
3408
4318
6304
626
3904
6352
6116
6472
3134
4742
1102
2890
3782
4470
1036
2630
2778
6418
4406
4524
2678
215262
2266
6314
390
3174
4868
4600
3766
5304
3416
3694
6780
1390
10296
816
611472
2006
634826
3482
1018
3156
1470
2858
532
5900
366
8180
5754
86458
4176
738
3808
6388
3260
448904
2834
234
4328
7456
1168
1736
5838
2846
5680
278
2146
722
4948
972
3140
5432
568
24146
1248
422808
139232
6512
2026
1104
10360
5108
714
2192
3156
8530
7852
494
922
7510
2384
924080
3234
6812
4604
1684
4088
2750
5726
2098
3526
3994
4246
2800
3214
4374
3310
2990
8066
4598
1254
4012
4094
532740
504
6798
95148
8142
9036
1916
4180
3678
11650
3702
288
3192
5558
3380
3246
7036
3882
4696
4816
3638
2620
8432
3736
2354
256
776
8158
7714
3424
5686
986958
784
4034
3232
5594
252
1400
2980
786
1512
1142
6048
2520
3150
1986
862
5628
1292
3008
5158
5966
3156
3184
632
6376
4914
4654
2112
4482
869630
5966
3140
1690
3844
1970
4470
244
6182
5242
2986
4290
4254
1674
546
500168
5732
2474
6762
14304
3066
4418
6474
304
402896
3502
3556
6224
5266
792
1880
5904
5652
8198
6740
9768
1996
1356
266068
5238
3414
1040
1366
8278
6266
3056
1020
2812
597688
320
3420
594
6148
6346
1218
3518
4414
2182
8650
123038
72070
862
2322
486606
7580
312
7262
1629818
620
42646
4406
1010
3024
3250
4684
4014
7004
3502
6114
494
2904
3594
3288
1550
6566
7184
2844
3828
238
1200
3716
3684
3710
486
1782
4818
4382
1192
1406
1214
4008
3832
4390
3048
3204
5514
1644
856
2604
2516
4284
4050
6418
3502
1148
5686
556240
2428
3372
3260
1432
4956
7766
6446
7038
2438
3564
2716
4578
4224
808
103244
84214
83002
155194
2244
1986
3008
569892
1718
382
7234
1426
7926
2820
2312
7238
2966
467464
7554
1350
3404
2704
4406
9224
3734
2388
796
2746
7358
4888
3276
796
4276
1594
2926
6184
4746
3574
2578
4460
3362
5298
4280
1692
1092
2470
494
59776
2498
5938
7016
3544
4872
344
1620
366
69316
1172
236
54420
1982
2726
3764
4440
2382
4772
2842
4480
4948
4360
1842
6702
1850
1394
48620
5110
1890
3072
2014
38584
892
422
2662
3268
16166
5350
4874
2116
1546
2086
4994
3360
1462
718
272
2992
272804
5710
4134
3950
1682
1940
3022
5380
3196
883628
2840
722
3722
109310
2432
634
1264
1428
2868
5970
1196
2020
802
1570
1642
3694
6472
3466
4124
486
6632
2934
593716
4140
1210506
7330
12044
5300
4698
2026
2620
4666
1150
4814
6460
3882
4118
6882
6744
3248
2054
6206
5038
4850
376
3206
360
2486
3586
3694
250702
2412
4854
2476
3660
492
812
2912
190832
6754
4850
1990
1992
22314
1736
3418
2372
4886
1336
10682
2644
956
5002
2806
2512
230
4954
2462
1170
1676
3254
3406
4864
53774
3580
1124
4860
862
1968
2970
1638
1182
5164
2232
3612
2924
4064
1830
3734
10616
2194
1794
874
1796
15348
6848
1462
19224
10636
5464
4978
386
4366
5854
868
3102
1154
3198
250
4034
1628
2376
3378
972
3850
1670
1496042
3592
7152
3786
3652
1408
1518
565258
718
1422
6072
2482
586500
256
3126
2930
3700
2048
2664
6146
150110
1070
293346
2568
4604
982
2698
5236
2756
9776
8046
3938
8542
936
1592
3370
6828
3034
1040
532
4854
1062
1852
7232
3506
3124
6926
6320
9308
592768
2600
3464
2094
2354
5914
252
2702
5038
3984
4690
113044
406936
480
4544
3002
1764
1966
1611766
7294
5522
6220
7204
546
2750
800
4770
2600
3822
1660
3164
3074
3902
1644
2008
10194
9766
429944
4362
240
3646
4912
678
3166
3224
716
3132
4064
1914
2172
4710
3246
326138
242670
520
2558
5060
10362
5332
2694
3114
8392
606
370
4988
4372
8732
5134
236
294852
5442
1194
127102
2440
12462
3756
5866
1731432
2530
498
2692
6852
1962
2440
7200
268
3078
5812
2168
3834
543742
2472
3502
388
3832
2738
1614
5788
1088
2380
357942
3122
1110
4096
5494
4692
1980
8916
1414
1094
160052
656
3220
2416
238
513264
3704
3920
4048
996
2576
3132
1258
3944
3668
2126
3834
602666
1384
4096
1202
1686
1420
3038
8408
1070
500
2804
3486
1664
2458
3794
3408
1410
239970
1942
6238
3300
3060
1794
158326
187580
294630
2650
942
2212
464
3822
3252
2334
53854
5266
5230
5026
2926
3678
4088
1912
2480
69652
3202
3322
234978
3172
8386
1810
8380
4796
6550
4894
3508
5088
3256
5252
2614
2818
2872
2846
1522
750
2618
11524
1294
90690
4436
3994
189896
5422
129488
3174
726
6248
10430
1530
5086
1692
2826
752
5936
3592
2740
8158
4940
5068
3270
1106
3476
4042
3810
76460
6170
1780
6524
3464
574242
7878
4186
262138
1698
135444
922
2276
2420
906
730
4020
4842
876
7918
1434
5824
3882
494
5906
1746990
7200
5896
1046
4168
4368
1752
1326
5946
4704
1606
6096
1058
5520
130422
194462
2818
1398
445746
5690
4332
1142
2800
2196
3588
2392
373102
614
3990
1818
1830
2812
93338
4108
2026
3804
2996
1226
5602
7542
2784
716
3980
2918
970
3334
1982
2688
4580
3256
4272
1198
1716
2032
3318
2778
1912
3418
1888
2110
22422
2714
4546
5114
2914
3578
1514
3742
2304
2616
5904
266
4316
85084
33282
3460
4614
1372
654
3824
3018
2030
698
2006
1066
240522
4544
7924
1520
2104
598
2032
5714
411040
2526
4014
2060
3030
453128
3510
2692
4726
1842
6298
67532
6020
6132
4634
7836
74756
1996
9130
5302
3228
6348
5110
344
894
1080
7970
1874
2762
3098
3958
2540
9176
6676
4640
248
2838
794
1478
4154
4264
1098
2636
3184
4732
838
9016
2374
11546
1014
2926
2084
11390
3072
4426
742
2790
1834
1010
7010
4352
2408
720
7626
546
2810
5114
3812
6192
6622
2272
6802
1408
2932
1820
110094
756
4978
5698
2498
2064
7076
1988
3036
1152
2834
4268
1392
8486
2088
280
4496
3546
589832
3058
1082
2770
8088
792
4102
3740
2306
1916
238412
4820
1938
516
2922
3246
6158
238
1944
5872
5608
5254
8068
2604
3102
3704
258990
810
486
2840
1992
5608
3354
3676
2680
4278
11036
136140
3284
3214
3252
1846
2826
8888
5974
916
938
6704
1530
4268
4764
705970
2330
30290
2824
7132
2060
234
594
526
1708
626
14384
2526
3062
3166
5792
7316
480
1104
4286
5072
614
2196
5924
1746
538
1606
4170
1084
1848
5280
3946
342
2532
4476
5298
3412
2046
4024
3176
3126
4056
1010
3452
1516
1002
3650
5198
5206
5902
2798
427690
2310
4486
308764
4162
161570
504
1920
5220
1550
8468
3392
4810
508
3248
2592
2254
1686
1048
35600
7884
634
2198
4840
672
2476
2632
2076
1032
4042
1156
2946
3056
1310
6102
4448
4074
3166
3582
508
5208
4904
2622
2024
239700
9886
482
6412
27758
5824
3682
1634
1072
6580
5478
3446
2766
4664
3730
2334
2012
4674
3362
1936
1986
5378
7060
1142
628
1120
4628
1898
638
2432
2200
2344
1084
1656
1170
7116
1454
3076
7518
2094
4196
656124
4766
2224
6856
3902
620
4152
812
1266
3176
1762
5496
6746
5744
6140
3388
514
3208
612
3106
3086
2680
2274
3830
3540
4366
4744
3938
5640
3456
9996
1946
4282
5488
272
4080
5956
1876
2634
2926
2706
2884
4592
1232
1458
5014
2466
1684
5068
2286
2590
2574
4884
5212
3552
1732
2368
1274
91724
2910
1303050
9818
3274
1844
1868
3016
11670
2304
1792
3922
5556
2534
612168
1920
3272
1081760
4006
4874
163664
10872
4732
3312
11044
3904
2834
2934
1622
3068
6846
2716
244
3370
7326
7796
1100
6670
8050
3182
2492
3284
3470
4460
6590
2410
6354
1220
4476
3528
4706
7062
7866
92030
6386
1252
2514
4854
1130
4490
1748
3430
4004
7806
1972
2010
4986
6122
1070
7044
133602
1200
922
286
3502
3962
514
2196
7890
2252
4268
3560
980
1774
1748
262
6046
12562
4566
6716
464
2608
2160
2890
5526
650
4122
2184
2586
2412
5476
8046
2710
6186
1610
3470
338954
3290
726
3790
550
534
640
794
268
4578
4992
3292
2112
3954
5422
3614
1016
2200
4448
594
112548
4778
874
11832
4480
736
3480
2896
4996
2410
746064
1546
976
3586
1584
11404
5488
7658
3868
6088
3612
490
4472
300512
132804
2610
4722
5234
313122
642
4626
5226
3666
3456
1714
6766
2532
3736
2400
9486
259950
6226
668
3318
454
5058
2730
3664
2862
8882
10890
4856
6638
2784
4512
1674
2242
3874
424
360594
3420
7114
3296
1878
7186
2486
1652
3894
3672
1910
3254
5826
3776
2910
1480
5402
3080
254
232550
4442
1094032
1956
6174
213832
3020
2426
1950
337830
515668
4310
2452
1556
7690
1566
1540
280
1014
5962
4244
3974
4044
3506
1379058
7236
6704
9220
4218
3250
3160
10952
5566
3972
2294
5194
3820
229480
4594
4900
5996
3790
4062
4440
4930
478
1552
2686
5108
2204
2800
1872
3134
860
2050
1316
2452
5934
450234
1100
880
2268
749092
2872
6646
3532
4636
6880
1670
2022
4546
4804
1322
2972
4942
3392
1244
3246
3088
2082
3700
4516
8744
1320082
1262
3438
256
5416
2340
4576
476
8526
2480
3394
402970
4118
3358
6444
582
1976
4332
1168
3112
5338
5276
8068
3854
2974
1544
382
115896
430
3794
4514
2830
838
87358
256
1988
5002
4234
3740
1994
3592
3834
4206
4354
5808
5048
2146
1342
27476
498
3958
2650
672
4392
1214
2388
4210
1964
3210
2658
382
170488
1162804
3058
3090
4568
5740
5410
618
1972
5074
4472
21242
115766
148446
2690
8136
4734
3550
1192
3530
2884
2742
3860
4668
4026
6214
1680
2908
3328
5094
1346
7764
8394
2508
2428
5756
331970
4740
1612
2576
2254
4518
4030
1782
5294
2948
3322
4254
2942
374
3530
1408
2728
1274
2570
2038
4264
9164
8364
7254
392
832
1796
4356
2930
3556
2960
2516
6362
4796
5660
873250
1175428
3890
538
1902
8070
11614
600
5264
362
2124
3840
2972
5482
7010
1388
1746
5002
434888
1638
282560
14608
2276
5844
6216
544
11522
10682
2858
6346
652
3108
3992
10466
5530
3648
2016
2822
550
3260
6122
529766
3622
33740
7900
338414
2154
5488
3580
7258
1678
3430
2378
772
2970
3636
2652
4974
6558
3380
12504
2938
4746
272
5672
3736
3248
2474
558
14864
596
1828
2812
5994
370
1184
640
6040
4362
1094
3424
3356
1418
650
258
2854
7558
4132
490
4746
5740
962
2056
958
499480
3598
410128
6208
5740
2276
9870
2882
8822
802
4320
3888
2866
2358
1886
4378
5470
3280
2186
718302
3324
1736
5396
6524
4464
4368
720
3198
3278
4922
416966
3482
189308
10822
522
736
1792
236
4942
6618
2894
1438
2754
4494
826
494
4050
13304
164458
4910
3410
3626
472582
702454
502370
5050
4144
734362
4050
3054
672
1464
4956
2788
720
1268
4562
4970
3578
2696
4430
1540
2082
67374
2108
5374
118484
6664
8514
1018
1142
1356
4282
2294
8000
6030
4434
5010
5750
132926
2268
4756
410
1070
1832
157190
892
1850
759348
5978
2388
1618
3298
542
1376
664
5106
740
4028
18618
4804
1508
1220
2960
702670
558
4504
3336
2898
3384
4204
384
1968
1960
2890
2424
1200
9430
3668
60962
1016
3140
1230
2436
3352
6194
2660
3906
4792
4846
906
1702
645786
2968
12796
232
1274
3062
1782
6784
2696
24008
506320
1116
264
2530
1056
7668
2410
1390
5950
7016
3768
2280
109990
450
644
1278
988
4008
6788
4656
6994
604
67090
1404
1682
6482
251656
4950
2056
3000
4972
8932
3862
3382
622
5668
3580
4202
542934
2368
2978
4356
2300
1700
4980
72688
2296
4780
608
134998
4722
163484
1034
1012
1610
74714
256
1808
250
318972
4844
3234
1978
3164
3488
2910
3096
6774
3404
3660
900
3762
4672
5362
2912
3238
232
1138
1232
2672
5146
5248
1116
724
4446
246
916
3772
940
2676
638
3248
215024
158912
4112
3234
1970
390408
1378
3868
4876
2948
650
6842
2228
3046
1678
3574
3410
2814
5570
260
3138
3658
10140
3246
1692
968
386
4012
8662
2994
6010
380
6264
8242
22044
1316
4258
3006
7956
238
580
9238
536
5260
896
3650
246
1742
1414
2480
2604
416
3736
7318
2334
1144
750
1706
2818
2658
3434
536
4030
3878
2970
1540
4572
2618
618
5080
3888
1996
278838
3202
220312
8060
5814
4100
2640
313632
3932
4280
4708
610
3294
128596
1204
768
1914
2750
260
3714
3562
1314
948
7564
2512
2734
422
570
616
730346
606
2174
364
3336
1442
1808
7388
286
1076
49612
4040
3256
376
5162
17688
5414
3906
2322
1678
242
244
382
798
1382
9982
5192
4166
2768
4104
772
856
6038
4020
1106352
246
2312
8964
364
11240
368
7298
3656
4108
7566
2980
3514
6044
636
2978
3014
2394
5516
7696
23224
56996
5928
1648
4012
4398
2876
3500
2938
890
3706
4814
642
8072
3988
2516
3130
4618
4318
756
250
480
2470
1056
5364
4046
2948
2070
4772
5302
2826
3172
2248
3918
7128
974
9902
5138
11392
3398
10848
2798
3158
6468
3164
4552
4624
798
10990
828
972
2354
3440
6498
2546
1348
3666
2976
3894
2918
970
3966
6840
1210
3022
89392
6810
262
4936
720
4124
4588
1066
5220
738
2380
7220
2544
424
8830
3984
2198
3446
4258
1058
85392
2846
630
2090
6196
5108
446
1966
3844
1752
3454
1146
268
1778
870
1804
838
7440
2594
420
3884
622098
1004992
1018
285182
1242644
3292
3446
3288
3902
5172
1234
6148
872
1128
124514
1060
3066
1510
4340
93330
368122
3972
1668
4318
2444
1344
2932
3986
2044
5154
53688
429762
518
3512
3316
5108
1626
5390
2902
2796
3732
2982
4918
1252
2798
6304
3354
5104
9552
5410
1766
3024
5642
3436
4884
43288
2830
3368
1876
10110
2304
2372
4368
4506
5964
2598
3258
654
3888
5214
5946
5142
6452
3264
3190
5518
1608
5118
784226
2786
6662
2524
6958
7782
2434
231222
582
2036
2100
4168
4096
7748
720
1846
9476
5154
6648
7716
72786
6304
4938
179138
2180
2600
3320
248
3094
6670
6812
2704
160822
2362
5810
628
6662
1950022
9880
3700
1270
440
5100
268
2226
3708
5718
2522
1898
3894
1960
3392
4092
3208
1018
7658
8512
2088
3640
6570
8296
2526
7306
9786
1928
3502
2018
280
7200
3858
888
5574
1404
5916
4324
4748
282430
344
2912
3148
4548
3978
510
610
4704
6048
7496
5870
9024
922
3262
2196
7760
4818
6704
584
4566
284
1492
3844
3956
1898
3976
618
2762
10414
8650
3040
3056
6522
3160
4084
666
3330
509802
3914
1020
580
6672
860
1384
492054
9098
728
4348
13490
3920
2072
1312
4194
4334
7392
2244
424
4806
113060
272
1936
3238
556
8336
4288
3880
3252
1354
2508
1058
3226
1958
3180
628
7278
5334
1442
1358
4440
2728
3840
6318
612
1010
6678
1018
10862
2674
4764
3444
482
162198
2336
250
870
2396
1466
7632
6836
7692
5172
6614
746
6670
364
2384
1120512
2402
285692
2582
4268
2262
486
12476
12650
609820
157752
3414
14742
356
3548
1878
3360
5622
7100
7084
4898
2930
1040
4946
5716
3824
1904
2086
4588
4536
8192
7482
4352
2184
325184
2768
5762
2070
111420
7716
2982
2032
3772
1642
3352
256
5648
12674
2424
1986
4428
380
2926
4718
2292
118924
211242
1500
4740
5502
129516
2298
260
5854
3914
4960
3946
2490
6472
500
3762
3794
2878
3646
4108
728
9636
6450
2528
4536
4034
5058
146218
5350
8046
1162
8038
3572
1368
3630
3614
382
573378
3906
1400
3272
6592
7940
6776
720
1944
4472
3882
1992
3654
272
1496
10428
4674
1846
3326
276
256
2176
3608
3494
4530
5758
1372754
2092
3114
3212
5600
6654
1124
804260
278
2098
3910
9560
8194
3424
3426
3970
2502
850
7286
10988
6276
494
7046
372
3604
2172
47754
6182
298
272
382
3730
2636
258
5758
816
2752
2922
4506
177368
3124
424
3652
5612
6870
28306
3066
5760
4724
2300
720
1016
2880
3510
3438
494
852
248
1976
1800
4300
920
370
395386
244
6060
2378
1488
169844
277138
7840
250238
378
347830
3890
2190
1402
4342
39988
1930
3996
5756
5440
3520
5774
292
2498
357890
51640
3470
5412
5736
2810
480
279270
504
2746
210402
5080
1092
3072
1748
600
600
2722
1640
486
6720
49874
5338
6490
4324
4094
2744
510
1592
2712
4192
4110
3608
4852
821510
1484
706018
278
2770
37460
1268
6322
3496
4958
480
3992
374910
2470
428
4724
850
2230
1672
424428
4588
2290
12394
2880
788
9670
9794
4594
2538
246
112410
2750
5648
1180
3680
1054
9842
2252
819512
836
538956
3034
6882
6266
4336
598
587672
4314
5176
1316
522
8664
5132
840
512
1868
3034
4824
3048
380
4828
1394
6008
1102
389432
2326
6634
3292
5758
1990
4690
4016
4568
4094
4444
1352
2354
1784
1738
3856
4686
222
1906
1430
4134
3522
3802
4270
3636
1132
266
504
3054
7282
2642
1614
4826
466
7052
3496
2118
2140
1366
2748
920
5162
4472
854
4118
2832
6618
1076
258
256
11018
5102
595714
8428
2906
4196
1698
5944
4796
649804
2784
2236
2120
2814
3834
2642
358
815332
3842
2288
2958
6692
258
7618
3946
168416
276
11564
2006
4588
2100424
2646
4196
2084
5246
3370
8802
3192
1132
6910
3410
2796
6504
4502
872
748
156128
2068
2636
6052
6072
3682
2300
478
249084
953370
5790
9310
9314
355688
1932
10290
12012
1912
1085176
421398
5120
10252
2438
5042
189800
746
272
1786
5916
380
1512
170122
5412
6274
36020
1212
2860
3500
1514
1602
379526
2338
9710
2812
2198
4894
3638
3718
48706
2942
2068
4242
5326
4930
2816
8240
3012
6368
476
4532
8360
2236
1411940
4346
1950
3864
6150
6098
6076
980
2096600
3006
412352
5916
14332
646
1318
3030
1946
4268
487802
617844
105216
2948
364454
1194
4362
4194
2490
16792
268
76290
606
3034
8886
418244
5270
6344
5464
1916
3726
1456
2654
520
776
3640
3970
2278
9746
5096
2670
756
4376
2190
1834
9054
131278
109062
5592
11208
5380
9024
3886
2938
2290
5550
8120
550
382
4848
1402
5542
2372
1788
4744
4530
5966
3692
3784
2226
496
6270
3532
201804
1958
3162
3506
2430
762
5890
4222
196438
3628
2904
2214
2308
674
4730
5972
3568
3064
270
4446
1116
2686
2862
3196
3846
371998
4890
1480
8604
370158
7312
2116
5320
248
4380
151952
2574
1775158
463918
3794
5724
4466
4140
5016
5016
60032
55526
2680
2292
1140
3390
3464
213108
3630
4074
3042
970
458
7234
2090
4356
4498
274006
23848
3290
1198
3898
968
4092
496
7434
614
422
7128
175874
4786
9692
7668
3054
3720
6478
1948
5964
695282
1580
2678
504
262
10296
8026
3860
2224
2264
4244
508932
6530
486
5492
5002
7648
7280
968
4694
1970
4972
4498
4164
6088
5934
2200
452
3958
2720
4074
4834
5296
1806
4524
600
2924
5260
259540
2822
3556
3270
5884
4522
7398
3716
405908
4270
5674
1966
2056
340
1934
5040
366
5908
2612
5530
6696
5182
6312
2928
5860
196938
426
3898
3684
9492
3296
6098
1386
6124
942
3770
5170
4244
2400
4042
4746
2760
1666
549704
1596
6952
376
212746
5926
1236
6286
2932
134636
2374
2854
3522
5932
3150
2298
4828
1128
57550
1332
316002
3806
4220
2396
3360
2220
1800
2124
5120
2604
1994
2742
3678
2416
2200
3650
4216
3556
2386
3676
4560
586
1310
3386
16376
4150
2992
426
175652
518
3658
3154
2518
183286
328622
756
4008
127502
6462
7738
1858
802
3210
1132
2832
2762
3656
1976
2724
4798
3704
3826
5088
888
6352
2640
3002
878
1782
3270
512
10074
5450
3620
2380
5502
3930
2616
2088
6570
5606
8590
2932
2990
12580
8180
3372
5244
3534
488
3554
2648
4330
848
2608
4552
1764
5542
4218
3158
2714
794
1626
1352
2074
376
5018
6506
3750
31302
6324
9600
3688
3440
782
4214
4084
8560
196840
4942
290
1988
500
4792
2854
1462
2008
1246
6908
6472
284
7460
326
8736
3808
596
354
1354
3780
428
1746
4206
472662
4214
2924
5042
2150
3112
252
1018
8792
5800
4426
5482
6776
8400
3816
4850
3414
1804
3022
452
3834
1464
4290
3042
2594
2824
5834
4590
8626
4296
1248
3570
8702
2418
2320
2438
5458
9640
3188
7420
958626
1498
3308
1922
5766
518
131798
3814
4152
6352
3074
2834
4022
3036
6736
432
3544
4100
5404
3192
5244
4386
2494
3942
5246
4242
3746
5848
3450
940
5918
1346
2378
7654
6182
373312
3672
4206
2966
3428
4888
1610
3296
5356
4118
5334
3166
1529986
250
7516
9348
3732
256
260
82440
1030
3162
2674
3520
3838
2744
1246
3198
5574
3154
6006
4070
1998
7336
3668
3658
236246
1366
2670
1950
1988
3878
847932
6976
372322
4876
4150
7166
1828
3290
2552
3994
390908
350
40716
1696
2096
466
4152
3390
2398
6112
2410
246
1332
5924
2496
284
55322
9932
60466
4256
2806
1062
203556
4136
6304
1716
8372
4104
4162
46882
494
3484
586
246
2308
1178
3224
836
384
7732
5010
115314
3510
1010
240124
7796
11506
4108
1344
3042
3452
876
506
254
1868
3884
3718
3636
4920
614
2506
3472
6632
2368
1152
6120
9346
2186
3666
1028
3480
4602
372
5188
3274
3598
246148
1374
2868
3940
440578
2676
6574
4946
2472
3874
11600
2262
820
260
3656
9482
5646
6538
3346
634
5114
7302
6698
10152
633102
1676
624
2690
722
5588
6208
4004
1120
4504
8346
7712
7078
630484
3954
6026
274
9544
2036
2016
2424
10922
5386
5786
312
738
3254
9004
42950
880
612
2272
1281222
203538
9148
866
5434
2104
3518
6822
3710
3386
4934
4352
3618
4718
3064
2106
5954
2594
362
9976
7962
80266
9072
569906
3338
461714
1046
13252
409148
1430
6202
1902
5228
1262
1768
2612
6312
4234
27448
608924
301692
646
329856
3478
340244
3932
4298
2642
498
5090
2748
274
3738
4802
2092
3190
8198
2274
6596
3902
382216
302
1014
1462
4562
4092
154730
4014
5376
3260
281442
4016
167026
2268
3742
9162
8952
1360
6926
5488
380
4652
7950
66622
4942
6998
399724
3770
3022
8322
478738
922
328996
276
2796
5216
12086
2582
300
2886
9262
4404
2872
4614
7282
3152
118392
3100
612
5326
5366
2948
2764
2952
4194
4166
4350
2692
2410
6866
3894
71580
2270
306
2876
3102
3408
1642
1478
3460
2358
4838
2652
2288
201354
7270
1290
4242
9638
2810
3168
2090
864
2628
63732
5376
3874
3210
4204
250
1640
1006
3178
1616
10980
2552
2178
3908
2532
5512
4070
3938856
3742
2578
5900
3830
3698
2888
4088
3344
4022
5676
2938
3610
606
3660
5118
4404
5144
5388
169712
1626
5148
4298
252
502304
5176
4942
5126
3220
1664
5732
1521204
2520
4006
940
686588
1644
3808
4920
3996
4898
3510
2976
2806
4554
1622
9596
1376
4152
5178
1976
7206
2700
3000
2584
2542
3700
5484
5202
336
2250
7788
6896
2852
5462
6968
370
3654
1954
1470
2480
6606
2294
1190
35034
1404
5216
5008
320714
6188
2634
1842
7480
1158
7536
2918
1220
5838
197690
83602
2424
1164
2926
3994
2356
1165638
3578
5604
6134
268
4720
2830
6468
5216
10552
1578
3720
14962
2044
2318
296636
5344
8222
2772
3048
6704
4810
8570
1056
553132
1167930
2994
2468
14678
394
2300
3022
8812
866
249180
2822
2678
667146
744
3122
5118
5428
964
1468
3692
1964
366
2888
1372
660
2250
3936
1236
2792
1018
1394
5226
976
5992
6830
3844
1184
1278
2886
9702
5410
4386
522
6170
13744
122072
726
290506
4304
600068
3018
10074
456
4822
7238
556
3308
8192
72570
1618
1972
4612
536
5388
1756
4730
872
4040
3528
1353378
1704
65754
660
516080
627170
7914
722
6528
2244
38842
5058
6410
6586
632
2168
648
5762
2210
2662
8184
382
2590
3092
4362
966
1420
384
720
4692
1612
758
666112
2484
516
874
7040
150614
6168
4042
7040
3452
1476
234
6446
1374
3972
2334
5222
3630
4746
972
3462
4052
3114
424
7222
1273348
5646
3466
3774
4186
424
8058
121772
3254
2572
896
7996
5506
4838
3786
2582
1012
4940
1744
2978
2250
352286
3344
2062
1040
924
1518
7190
1382
3400
604000
528
2592
310
2938
92842
3252
242
8456
6572
2496
4242
548
3196
2994
728
48698
3394
1094
2186
302
4800
3488
8268
5956
5374
8688
314
3888
958
1236
5020
106034
3446
14400
5758
7688
308
790978
536
2598
872
4962
3254
2180
2826
2884
3462
12988
2900
1410
3632
3784
5076
520
2378
6782
3436
6108
4234
4998
6824
11008
3662
11240
5332
124076
1098
4146
6198
4418
2102
4226
11696
240170
1794
6236
5460
5158
258
3242
280
2466
5674
378
1258
2262
4568
140092
2506
584
864
5158
6414
866
2950
12624
2404
4208
7214
858
7138
1158
976
1610
4826
3666
578
656
3422
3470
3552
3084
1666
2906
1394
3864
1150576
1634
5444
3288
636
8684
4134
10032
4262
748
3326
1883500
1156
2016
583916
2780
4092
1474
5532
3120
5586
4794
601382
4576
1770
4430
1942
2390
486
333532
884
2090
1126
3630
165668
5206
3478
1418
1936
4322
3868
3760
3510
5178
2396
4580
220
3724
376
252
5526
4358
2996
1448
4740
2744
7496
9906
4782
4286
3200
250
7594
3892
2344
362
2024
6656
262
2664
4470
918
5660
1516
1856
1442
5594
270
3832
2646
490
97318
3004
7044
3910
3728
2118
120798
276
3134
3202
5068
12394
244
6898
4564
898
2240
312186
6052
4038
5580
3022
1506
6614
6480
8928
4510
1376
2004
306
372
3032
904
1750
1708
6726
3028
2398
4248
1342308
5630
5758
2286
536
10274
596
2634
3126
1236
3578
11714
7936
6576
4598
1016
1788
764
1186
4980
2570
409408
3950
4108
14252
