11:100:0:0:0:0:0:0:0:0:0:0:0:0:0:0: (total 3)
0 4 72 
cpu 3 cur 3
STARTING...
Thread 1 going to cpu 4
Thread 0 going to cpu 0
Thread 2 going to cpu 72
going to barrier (cpu 0)
going to barrier (cpu 4)
going to barrier (cpu 72)
STOPPING...
Duration      : 10000 (ms)
Acquisitions  : 48480173
2298
2594
238
984
736
1772
728
270
1066
756
784
246
1828
242
718
984
244
254
1258
248
280
242
728
746
1462
780
248
1014
1516
2054
248
246
1238
270
740
256
1550
2600
250
1298
1214
778
562
250
2246
784
1586
836
554
234
1762
272
744
718
252
978
788
736
1026
764
1796
1488
266
238
254
748
980
240
254
268
250
242
270
730
1834
988
780
248
2062
238
250
2214
786
710
792
762
1776
774
746
244
256
244
742
270
4420
1976
798
238
1258
772
274
236
1236
1036
262
974
256
262
546
262
1500
756
248
1800
1042
244
1290
1276
772
760
986
240
256
244
262
782
994
3030
1024
798
2982
254
256
254
276
244
746
738
724
1984
774
244
780
1018
998
980
1272
262
2296
792
242
4470
1022
778
998
284
1268
246
1302
800
1282
238
1000
750
274
244
256
224
744
278
1972
268
1042
1966
240
270
966
990
254
1502
770
796
1382
734
764
744
840
274
266
948
248
270
266
742
242
752
1252
2210
240
2064
754
1022
242
752
284
1272
1300
232
1028
294
738
1748
1002
236
1754
312
2536
246
266
262
744
244
1744
242
226
1796
1552
242
1528
232
248
246
282
244
244
742
1314
3020
1008
258
746
240
240
248
1000
1038
266
1354
724
1294
280
1508
738
720
984
964
728
274
1796
772
756
748
260
260
782
722
756
258
1266
1484
1516
750
796
766
1234
248
788
730
756
752
238
736
716
250
756
730
272
726
746
242
242
1022
758
240
1326
1252
252
262
1248
718
754
264
240
1236
240
746
722
784
738
248
778
758
734
750
802
242
754
242
724
742
250
816
748
746
750
758
770
1248
752
242
764
240
718
246
740
750
754
750
244
1256
810
756
240
788
244
1270
724
736
1258
780
1984
800
778
250
720
784
254
1244
1308
760
790
266
770
242
780
782
718
756
234
762
744
1754
742
806
762
1730
742
782
736
266
778
748
754
256
1952
276
800
248
1558
790
770
1962
284
768
1322
732
716
746
756
748
1758
790
760
260
768
240
238
768
242
794
790
776
732
754
246
2000
246
792
724
248
778
754
1242
798
1750
254
828
250
254
750
1266
766
788
262
756
240
708
758
788
778
784
740
252
1362
722
766
738
3014
762
244
792
242
240
728
278
1280
728
1510
254
1234
1282
242
776
1270
728
772
240
806
756
762
240
1336
744
788
1498
750
746
278
2634
260
798
744
784
748
236
774
786
734
1554
256
1256
242
794
246
1296
744
754
256
726
1282
736
740
754
734
1736
764
746
248
824
4284
748
730
762
254
776
752
754
1508
730
256
722
262
1312
740
244
1304
1286
788
1266
1264
246
758
244
736
234
274
1248
264
260
1016
246
734
782
740
1546
722
732
790
264
738
264
276
1792
242
746
722
740
1262
786
720
716
1218
1504
752
248
1274
1222
790
270
754
1798
706
1276
250
750
726
286
1270
768
740
264
1772
760
242
280
250
768
1810
764
776
246
1268
782
1252
1464
792
270
1812
734
810
728
238
774
1298
764
272
756
738
758
736
270
260
808
770
750
748
736
266
250
752
242
760
248
752
726
728
744
1310
784
754
762
754
244
758
1242
784
752
750
242
776
1778
246
756
752
754
244
246
742
1542
750
1196
252
794
754
268
756
238
1032
724
1238
252
786
276
270
232
1486
242
772
1520
822
1264
726
764
760
726
246
796
2040
742
250
778
1468
2016
728
780
264
1254
270
746
246
770
1246
244
754
778
762
778
756
248
726
762
1270
764
800
748
750
1258
740
250
1458
1044
758
262
788
248
2166
792
736
748
734
256
1310
1242
722
776
248
826
760
1292
252
1776
834
1046
782
242
778
810
796
828
768
766
250
1002
278
1280
762
1016
246
1510
1064
1242
786
1042
240
240
1250
1036
242
786
252
1244
240
768
272
1238
240
844
1042
276
230
256
1846
270
266
244
264
262
988
238
250
2050
240
1332
1026
260
788
1496
1530
1254
778
246
2232
1362
772
2542
48944
240
768
1050
268
1002
790
3048
260
1008
2746
248
748
248
830
762
1004
1242
962
764
258
266
734
244
236
280
248
248
1234
264
238
732
972
1290
238
1270
246
822
252
1470
1760
1302
1780
1820
2292
764
1744
1282
1254
1344
266
734
794
290
258
258
1050
234
234
1842
570
1750
754
2262
2060
750
264
762
244
1010
270
242
1266
238
766
996
228
778
272
1260
1310
1490
794
270
244
1456
2028
1012
234
2230
242
1780
264
238
276
278
730
250
1044
2772
262
2250
568
1074
758
966
764
1778
250
1544
768
792
776
766
252
744
738
846
730
240
252
1272
1326
990
258
252
1764
758
782
248
1242
1718
778
274
242
270
1492
788
766
772
244
236
768
2284
248
780
288
262
560
1014
266
264
4254
1272
1026
1520
238
242
972
1002
744
808
308
244
768
1046
1780
3272
1252
238
1780
270
740
744
240
242
782
256
274
258
728
264
242
748
258
754
776
1268
966
244
1254
242
2596
270
246
262
260
254
772
246
282
1532
760
260
242
1242
268
982
234
238
1920
770
1522
238
238
770
282
240
1336
986
246
772
758
1794
248
556
248
266
1776
21298
12236
13534
33326
35822
20186
76
64
308
24770
282
250
3546
17476
22602
304
112836
278
258
264
264
22042
2240
5150
65654
280
6016
2288
78
10174
58870
280
61810
43290
5432
264
260
13764
19964
308
11072
31956
13816
36156
15708
2014
268
1298
31882
264
2996
4616
20304
1764
19374
40094
24898
1252
57194
30556
272
280
15926
17114
12296
46464
1236
64
68292
5604
28158
29034
27100
304
282
64256
37648
78
250
19148
264
270
282
7872
3524
32202
274
246
5816
29366
266
252
262
268
292
12444
27674
306
7340
4204
5342
254
4784
22666
1736
284
15614
55146
284
9036
5942
8498
260
57176
5488
264
284
2768
266
29446
304
3518
290
278
6998
22980
264
6928
13550
1760
276
28500
76
762
1802
13808
266
17590
28854
76
11030
30918
14142
270
46592
8266
71304
4044
76
13960
17998
76
7264
24992
262
7838
256
286
3774
264
33180
296
55720
274
304
13482
33200
36588
18694
5548
266
2318
258
262
262
246
8484
26192
282
11274
9308
278
10922
10142
264
15532
260
41426
270
33206
46952
260
264
15956
10200
29410
67682
3458
252
258
286
12042
13736
78
99002
34486
18672
266
13536
296
12380
78
264
308
10344
76
266
31860
270
260
35362
2554
262
262
5986
11402
264
284
12840
13392
1254
47860
48946
266
10558
20956
300
4336
25134
20126
5896
50526
264
282
11876
5700
282
258
6840
7136
4552
52752
7338
1250
78
6062
4464
45652
18978
81248
266
256
19504
7368
2970
11162
262
236
1838
19838
7316
21564
4490
264
14342
286
248
282
25546
278
28646
19828
12896
51602
284
254
9706
260
1278
260
270
12446
260
72
4556
306
7494
264
272
282
18234
256
56068
264
8374
9664
268
2290
260
258
294
21060
39146
248
53688
34824
54152
264
304
264
282
44026
64
264
12068
252
274
53238
96032
230
62070
252
9840
39488
2294
23000
14634
280
7098
266
264
260
244
10658
3314
32796
15318
264
278
264
260
25398
10660
24724
16254
262
5054
36484
284
9944
260
286
3288
26088
264
286
29560
7358
282
8498
250
260
258
40990
55744
4498
16276
11624
284
246
23520
32852
250
64
1782
264
27426
5910
306
292
686
38514
2764
288
268
52354
2062
29122
3334
308
12506
40270
33206
264
23010
13826
35000
13204
282
296
18864
1778
39392
260
37690
42606
11104
2254
3982
28882
250
234
1730
39952
10596
260
3966
256
5622
258
17332
252
1812
270
18076
67952
7264
280
28642
254
260
266
284
18934
38142
32284
60656
16262
260
270
264
19786
22202
14696
24208
78
27786
268
8848
260
8622
308
19784
280
3772
78
2292
15768
254
29182
6508
7872
242
6262
264
268
56870
9182
290
22158
250
252
42010
246
266
642
308
5070
4340
5400
3316
288
262
35574
19318
19760
264
94116
10658
2796
292
262
288
12682
69230
57658
24212
122794
314442
288
62222
40080
22222
21320
20568
7814
8444
5802
35220
21678
76
268
286
64526
266
9928
280
288
274
2746
39132
16992
28350
5990
76
29112
3024
8762
3066
76
1960
47894
7016
38130
5814
67690
18532
3200
47842
3564
34726
12302
22732
4476
13644
50682
2808
260
250
39212
3796
1798
1760
278
5000
276
274
14384
31028
17010
3078
128412
278
264
11770
2990
252
272
33792
278
264
286
262
15086
30514
22242
36556
5352
10792
20814
1990
18728
284
30800
8802
23600
264
13502
65350
31066
250
14986
21774
34662
15494
11576
4996
270
24384
44840
276
9350
266
262
29470
12334
3550
20590
12922
16078
14654
278
266
2738
276
282
272
40436
1260
64374
2484
13328
3892
268
250
35052
7738
274
266
266
260
284
48346
3868
242
242
260
286
264
1288
9450
18134
13470
262
4792
8516
19786
19264
288
11892
49646
46400
76
264
270
76
264
5858
33298
284
288
1290
248
250
30524
22434
32824
16114
98784
272
27840
12856
21022
5812
302
2658
264
18590
20706
78050
304
9902
262
286
244
4040
45312
1798
260
59130
19972
284
276
258
276
250
8950
246
252
2330
5862
14276
22602
24450
7526
4284
304
20114
76
5062
32304
33920
33854
266
266
22592
10572
2974
6740
266
262
248
252
294
21054
262
27044
276
14636
36464
242
91518
32032
256
28032
32840
62282
284
270
18212
13316
11382
76
282
20908
32338
282
78
4610
264
248
7102
13632
258
242
256
250
294
19300
2790
76
9400
266
38680
166632
270
66398
31808
276
268
32778
72688
27590
77460
2046
26324
276
5592
264
272
21766
4634
32200
82
6344
2524
5854
286
4274
8670
262
734
626
78
748
2248
1546
764
972
264
754
280
1360
76
74
748
35566
260
43678
40252
254
266
252
260
252
34158
60310
45248
31988
2350
22022
280
18388
280
266
1740
39782
2478
34258
298
266
64
280
13988
31926
280
240
250
264
12036
25970
282
244
262
252
252
31700
264
7306
78
5818
304
38106
11654
272
254
282
2768
262
13096
2302
64
6548
264
260
282
22046
25210
19790
44614
280
3846
16862
20536
266
5344
17866
4114
3248
296
13132
12372
304
2230
27746
778
28120
13010
4572
1770
25850
286
248
49260
264
93078
29692
278
6298
1260
42428
23766
5862
274
264
76
256
22868
1288
242
25756
310
4312
272
13244
13836
11958
284
1996
262
27134
1774
13956
20196
12654
12386
3972
2250
25494
14984
6816
7556
43846
8732
18750
19284
16442
20026
290
8548
16074
40840
270
17818
8312
266
42444
262
49458
1820
18824
16402
12232
10252
1808
308
1796
252
8826
92448
264
284
21158
272
76
266
15334
266
266
5096
27454
10816
16732
266
276
248
286
248
12760
284
56382
286
258
1292
27480
264
282
8658
266
2796
11456
10040
2774
274
42954
1236
21018
78
33358
14892
5824
11354
25264
3574
266
29148
280
272
26458
36252
111874
250
260
49364
730
792
806
752
754
1476
266
750
756
730
724
242
756
252
778
1256
1746
1216
262
734
744
248
1250
242
748
240
1274
728
244
730
766
1288
756
734
1484
270
752
760
782
250
750
732
3376
1448
734
748
826
1210
796
718
764
244
1318
262
1264
1264
272
728
768
1258
742
258
750
724
720
760
778
242
262
754
768
1522
756
246
772
248
254
270
762
744
764
1268
760
748
758
248
772
1284
1500
264
786
1492
258
780
250
788
798
248
756
242
1478
1226
1736
272
1980
1288
770
742
784
244
820
746
758
1302
1990
272
238
1214
726
724
806
266
764
772
742
732
248
752
248
770
1554
248
724
254
746
1304
748
248
274
722
792
268
1258
740
1968
734
718
1292
244
250
1004
2508
764
274
242
786
756
1496
250
750
766
276
768
244
772
1302
274
260
804
746
556
2470
274
754
1284
760
770
740
2030
776
792
734
752
1746
1270
1244
738
752
762
728
262
786
744
764
746
1262
728
252
796
748
768
1268
756
278
270
1278
750
782
1738
748
264
800
728
252
1242
746
1274
1208
802
716
242
1242
2292
256
1252
792
240
788
772
236
730
750
762
768
1468
816
260
254
770
1244
818
1532
254
1316
748
1494
252
1320
1224
780
246
1260
762
774
800
722
1284
736
792
248
736
782
738
768
762
238
728
3694
784
1286
3882
758
746
726
1266
272
818
242
756
762
1480
750
784
256
1246
272
238
1006
796
238
990
2788
860
970
1982
1290
1588
250
746
796
1252
248
824
248
770
238
970
956
1764
264
998
1548
1256
248
1504
1296
244
1232
790
3598
3506
2552
242
2080
752
1298
750
260
2772
256
792
1240
754
1064
238
1026
796
246
268
254
1006
258
1466
822
1310
734
268
280
768
256
732
722
1208
1570
290
1874
284
258
1236
998
1724
1552
2176
718
248
824
988
1020
250
236
766
792
1060
240
242
732
1274
990
750
260
1036
1286
258
964
1018
792
570
244
2306
738
1050
770
1322
1074
768
242
260
244
230
1278
786
272
746
1238
1514
748
774
824
232
766
746
1776
3478
240
1756
992
732
258
1216
274
1504
1274
246
790
240
240
780
254
982
236
244
738
264
262
830
2098
776
274
230
994
252
1026
242
994
256
1506
984
2536
2030
252
240
736
700
254
276
970
788
248
246
246
824
246
266
768
1266
1234
2004
260
1234
770
1518
1546
270
964
248
1020
250
836
1988
262
984
250
240
780
1256
248
254
272
1234
262
238
2804
1250
776
246
262
270
262
1276
254
288
824
976
780
726
1032
954
246
256
1256
240
826
726
1020
726
1280
764
1032
760
1984
260
1434
776
1762
242
250
778
774
1238
238
958
232
240
1048
2806
234
1042
758
746
1802
758
258
244
264
1250
2066
788
2044
270
1524
256
244
1016
238
984
766
236
1754
778
774
1010
2290
722
790
250
262
976
272
252
236
248
244
726
250
1242
274
256
1268
2966
2334
1798
1272
728
562
246
1058
1274
266
1264
258
242
242
3316
2064
242
1018
1826
262
1546
1710
252
1322
752
254
1738
2082
282
794
1466
758
988
242
240
1272
1780
280
238
960
268
246
240
1072
254
254
272
1270
798
732
252
246
754
1296
786
774
1478
240
236
1240
734
1750
240
2536
746
744
246
972
1282
1026
248
762
248
250
1822
250
1250
1550
244
2842
1236
270
754
234
788
770
1246
250
246
238
742
820
262
980
810
1200
238
272
2514
1236
808
746
794
758
806
254
248
762
260
3512
3830
1038
244
254
742
1088
4754
260
238
754
556
770
594
1016
232
250
752
806
2228
1490
272
242
248
268
246
228
258
756
764
760
1286
244
734
1792
224
768
244
1274
1878
1476
286
990
1214
288
1022
1264
246
810
274
744
762
784
2850
1000
2750
240
768
816
752
5388
782
762
1000
752
760
1268
764
798
804
774
262
1314
272
232
262
734
6150
1048
784
1580
248
1258
246
960
810
250
1256
1022
2810
1280
258
2068
1934
1860
784
1264
264
814
754
2646
1042
962
990
1990
2324
1270
778
246
808
242
246
248
1146
262
266
234
962
982
1304
1786
252
972
248
1274
1528
756
248
238
544
1242
228
258
1546
248
744
2330
1208
238
268
1694
250
242
1022
234
1306
272
3820
748
274
752
256
248
268
238
808
1268
2252
726
1402
276
760
778
248
1322
244
792
736
738
760
758
1536
252
256
762
758
738
1752
748
766
1280
238
772
268
754
246
800
758
738
766
242
1320
734
756
788
1252
736
1476
742
1216
766
1724
786
1518
284
740
238
1780
248
732
724
1734
254
1302
730
762
772
1230
758
748
750
740
1244
1208
746
1242
772
766
736
758
754
754
250
762
1248
1280
1236
738
768
768
1236
258
746
750
1492
1248
276
750
760
758
242
768
760
244
250
838
824
1494
792
1252
250
726
270
764
804
1264
1260
786
754
750
1246
752
788
242
240
772
754
744
792
254
262
772
756
802
1292
822
714
2698
1284
1562
276
792
720
726
236
238
1824
1006
258
754
720
740
762
724
730
242
264
762
780
1468
1958
1214
776
752
746
784
1282
264
242
1312
754
1230
800
740
260
774
746
244
272
1510
1758
1020
242
776
744
1330
1204
