111:1100:0:0:0:0:0:0:0:0:0:0:0:0:0:0: (total 5)
0 4 8 72 Thread 0 going to cpu 0
76 Thread 1 going to cpu 4
Thread 3 going to cpu 72
Thread 2 going to cpu 8
going to barrier (cpu 72)

cpu 5 cur 5
going to barrier (cpu 4)
going to barrier (cpu 8)
Thread 4 going to cpu 76
STARTING...
going to barrier (cpu 76)
going to barrier (cpu 0)
STOPPING...
Duration      : 10000 (ms)
Acquisitions  : 30162132
1918
2454
296
1596
1382
2766
888
2280
912
254
398
3606
1422
1756
392
1858
1360
1350
1192
1592
1480
386
1394
1402
526
3714
392
5590
20902
1414
386
394
368
1900
2456
4394
1154
1726
2664
1588
246
474
1856
1258
486
1158
370
1336
370
3746
238
2664
1544
1034
384
16762
1038
1238
1204
778
418
1678
1352
2276
1278
252
262
25400
402
1614
4514
390
398
248
1296
382
1332
252
1884
386
11536
1552
1522
386
1396
1226
1108
18516
284
2616
480
2704
1668
1136
382
9746
2612
1076
1262
1168
396
1510
1888
1856
402
48768
1356
9206
2118
950
2126
2126
1386
1450
1444
5142
534
1076
386
1654
278
14362
4694
500
28694
1716
386
1198
1718
3060
1670
390
272
380
1444
19490
820
394
2032
4258
32496
406
274
384
2416
394
22022
388
246
1786
898
388
392
15518
2638
1322
940
3344
2196
1164
1052
388
490
30680
1264
404
3148
15254
1370
406
11976
1290
1176
244
1062
304
396
1638
1932
1446
382
1758
12130
386
2428
248
1518
5320
1428
398
5470
12500
1362
2112
1668
386
1506
620
1578
3288
5188
260
1304
1400
1164
1784
1336
1582
1556
1766
6764
1258
1192
1094
400
21262
1158
998
1800
1170
940
386
1538
3522
406
2612
18770
486
1944
234
1598
1306
2276
1074
2530
2880
1166
482
3198
1126
2270
2536
396
3414
1156
5210
1338
892
2460
1416
270
6598
1616
3484
2142
420
2188
2334
1440
6718
1270
382
390
610
390
11620
1316
256
278
1176
2028
1840
2280
35488
4972
34980
2026
910
436
1660
560
2758
15688
876
382
10330
1302
256
528
384
878
15802
1634
5924
17720
278
1546
1630
13386
11344
1794
246
486
388
1056
1014
448
2214
2694
388
1956
396
394
382
996
382
1380
1890
386
22292
1524
1264
518
256
400
386
370
4456
756
386
384
1726
244
12058
1114
1532
2034
2044
750
938
368
1436
2328
2188
1068
878
386
22820
384
2164
256
2816
1554
852
2428
1718
2822
1410
270
2590
1512
404
2094
1376
6994
386
1560
1558
926
2808
392
1236
29758
2776
1812
1458
1788
1160
1044
1534
254
2410
13462
1650
1544
1688
386
272
400
1912
1206
250
28508
1444
770
2134
728
39916
392
2172
1056
14604
268
1906
1336
8868
410
1206
904
254
3010
2302
3534
1240
264
27300
1870
1802
404
35618
1008
1030
260
910
252
1400
1380
1484
234
2074
1026
372
2058
1268
1138
604
394
1136
12928
1566
388
1164
386
388
28466
546
1406
1022
236
5570
7288
1488
1406
2990
526
240
81938
384
380
7098
388
1524
390
1368
1314
388
1386
512
1058
3304
9000
1918
5498
1710
2722
868
640
1042
1206
406
996
12992
1252
378
1782
368
1126
246
254
1038
2066
382
12758
1548
1776
30426
1278
1276
2146
1148
1134
1274
2030
1444
1628
382
1356
246
1030
2416
262
1858
4318
8598
1912
1344
1982
1368
1020
422
1760
1342
592
386
20888
906
2100
1294
1014
384
412
1304
1782
2180
2084
2422
1918
1056
1786
240
1480
1506
1748
2500
1462
1152
244
3016
402
2808
2912
41248
2412
13122
878
1824
2282
1138
2900
2800
258
704
7408
732
1248
2234
490
372
388
20126
992
2320
1714
1358
382
1806
2584
2084
1764
1180
1378
988
540
18364
372
390
3166
1036
280
1818
29378
492
1270
2870
8614
924
3178
490
1240
8048
1118
1510
1058
1528
3698
27914
658
1302
16478
1358
1238
1024
3226
1728
1410
1586
398
1518
32660
284
1294
1200
19936
1154
386
380
1304
1616
1096
480
540
388
1282
270
7608
1072
2278
248
13082
1148
1470
6304
1812
384
1792
1186
242
280
246
726
1252
410
3570
410
2298
1544
3266
2078
2694
388
1328
548
386
1676
1444
30760
1968
350
1110
978
53244
9472
240
1900
32002
848
1194
722
386
924
2560
1146
1252
2192
386
1702
5798
274
1030
1680
1298
1186
1610
2544
1536
2890
2174
1108
1486
380
254
5428
1420
2248
382
1260
398
390
392
1362
380
384
1506
1120
1748
388
238
2202
1208
990
2288
1810
3032
2814
388
1070
1654
388
16764
266
7288
6644
14108
620
1514
760
2818
2180
384
1172
246
876
7820
388
2086
1186
522
2708
252
1196
876
2128
40934
510
5718
3138
226
1398
384
27916
26466
3118
1266
2174
510
3068
3022
240
1750
388
11420
1392
1332
904
476
33704
1712
382
994
270
1636
262
1528
1980
1572
386
1640
242
258
18138
2224
1102
1512
1438
49204
600
2296
2026
3876
398
598
1196
1470
2186
406
1182
1042
1074
782
384
380
1526
250
14692
1626
1038
388
384
998
1300
404
1710
1368
1066
1288
1492
428
384
242
1182
1540
46256
1236
516
1170
384
386
1026
5742
384
1008
384
390
404
1028
480
264
3428
1056
1272
384
1042
994
2260
2964
386
3178
486
1392
1080
1554
16802
4694
1984
384
266
1446
31214
1420
390
1040
384
2030
888
1166
386
470
232
508
1768
1006
2342
1064
1024
3340
2514
388
382
518
2330
2008
1802
242
372
390
1406
1598
30506
384
2890
1540
1778
1658
2180
1180
2178
612
2080
4312
4448
1294
2610
386
404
490
392
392
2274
1642
238
1490
410
2112
358
50132
412
992
1314
1152
3754
1390
390
44744
1698
5682
286
272
390
5766
250
1312
1220
386
12422
388
2128
1384
606
386
390
240
248
278
1144
248
386
1660
466
1044
1260
1276
2282
1054
1404
1784
24062
2150
392
2158
1152
1032
2424
10232
9556
16312
424
21440
2848
2080
518
1264
2438
1432
392
1524
1938
1266
2882
620
1600
2528
466
1648
424
244
246
386
506
1972
400
10608
630
390
1554
1308
1334
778
1930
390
4842
388
2034
1370
394
622
284
3194
28864
386
254
996
1784
370
2448
888
1486
1978
858
1774
406
1590
388
3394
40392
506
264
38368
1782
9486
392
2182
406
16882
11934
1662
386
388
4844
394
754
1418
384
2352
1172
10816
516
1540
2534
234
1886
2756
1270
278
2592
410
4476
1388
270
1392
1552
15672
2122
390
488
1378
412
1136
7200
2580
372
2430
8616
1650
876
402
1756
1096
496
2308
5446
1076
4720
1066
530
1450
1184
1682
2814
370
7976
3052
1796
418
3416
3770
406
2750
268
240
31712
408
1464
1488
382
384
998
262
1626
1116
540
1594
1370
25558
1314
1574
268
398
28298
2512
1170
3542
1876
404
388
1414
38102
506
2604
422
384
21348
1270
1568
2044
1404
1232
1358
1686
28876
1376
1188
1368
386
27222
244
1080
1466
1330
1122
20626
492
488
12242
1730
998
2134
1202
502
1678
2112
1116
1682
1532
1252
8660
874
1136
1650
1660
998
1172
754
7810
2202
858
23888
1972
818
234
1146
1548
4064
1236
1416
1244
238
1158
394
2166
6784
656
1170
15956
1000
926
386
1058
412
1532
4108
29298
440
398
3258
542
404
4066
1776
1282
932
1646
1854
1654
1510
1164
1294
1262
2236
1458
1050
1250
37852
20114
1148
7648
2172
1782
1142
390
1680
254
1206
1126
1128
1152
1324
1020
1642
1006
1048
1502
32698
1796
1902
1402
1006
1380
1328
29860
550
1570
1526
872
1102
406
3722
2348
1298
9142
1520
1148
244
1728
926
3502
252
2936
2482
3150
872
1172
758
1530
1082
1378
894
43722
396
1070
1046
1284
2194
1854
1448
1286
4488
506
906
408
1644
244
48768
1116
1328
1142
1276
1166
660
908
1208
15328
7698
1976
1456
2306
1582
1280
2042
276
2034
13752
252
1164
12106
2362
538
386
2158
734
392
1158
1508
1140
1040
1316
1000
2278
992
386
3250
382
386
1560
1414
2116
2560
402
2178
1606
8752
1422
734
2718
1002
3896
2660
1200
1700
2906
2816
27184
1166
2566
390
25900
1512
1896
506
892
1280
1068
17188
410
1162
1150
236
11422
384
916
1682
384
2070
874
1278
1530
1278
1260
3048
1712
1310
920
404
744
37596
1098
252
2132
384
19754
1018
1906
2442
1172
3316
50922
10826
1110
408
1330
2110
1156
1408
1060
2056
6852
1624
386
380
256
1576
2916
1164
880
1002
3520
8004
1182
1514
1298
17954
3204
1010
1962
13458
1264
5816
1208
1368
1236
29334
1038
508
2618
1374
252
1096
1026
17912
1040
498
784
1408
1248
1184
518
1208
1644
1246
2116
384
1014
1310
1204
1302
1176
8290
1416
15338
388
1904
15144
390
1146
3320
868
1014
388
2614
394
1050
1538
1346
388
238
2142
1332
9030
1450
1138
1174
1546
2366
1088
10668
19504
942
1106
400
502
10330
2306
526
1030
13174
388
3204
2156
1038
2090
864
16818
526
1200
1312
12082
276
1248
772
2008
390
29462
32380
232
890
1350
1130
1218
514
2568
388
1722
2200
1984
390
290
1326
17510
1938
390
1702
1668
1294
388
762
500
902
1038
1336
242
908
874
1378
252
1412
1656
1240
1926
536
864
890
1436
2282
4454
510
1120
2058
406
9366
3242
1120
3376
1044
1558
2162
1870
402
604
1150
1998
2544
105856
1046
1716
2986
416
1060
1268
18902
1258
3542
1392
20006
10194
13322
2322
1922
1590
404
504
2400
244
402
386
252
388
1268
1502
1392
1382
550
506
242
508
1160
2188
1364
1376
722
384
23998
2146
238
394
238
1034
1540
706
244
252
532
372
374
392
242
254
812
6246
2240
386
2530
1328
3682
5596
4094
246
386
6116
12308
2290
386
1378
240
778
10088
2058
1994
384
1280
1632
1070
902
1508
504
386
1106
5880
402
27294
1294
1010
1806
2358
858
1506
1816
10796
1502
1092
1898
1130
1440
14012
2274
1042
2642
3070
386
1308
1508
4628
258
9394
384
248
22446
256
272
5200
502
1250
420
28772
1652
1750
1106
522
492
270
1142
2444
676
1018
2560
1520
382
402
1988
654
2228
2170
660
940
1546
412
1066
1230
12162
40676
1128
482
1532
1192
382
386
662
18004
510
1054
244
2890
2172
514
278
1588
990
898
1058
1600
1640
1540
1644
1306
60484
1432
2078
1100
3752
272
1046
6046
22188
6522
234
23532
1050
416
1166
1054
316
370
1050
1386
384
928
498
2374
388
410
1302
404
682
230
1034
2706
500
2286
392
1214
1626
396
1294
1982
18368
858
260
1548
1232
404
4202
384
1042
1132
1448
1840
402
1640
724
346
3782
240
7678
272
1794
4166
1584
6878
1378
1156
8208
1434
388
386
1662
1454
1238
35750
1088
426
1138
2586
698
1134
2850
1298
498
16086
18372
506
4318
382
250
1716
1624
12900
1340
1568
4618
1026
1158
386
2556
40990
402
1216
1552
33718
656
504
408
2772
1548
1372
876
1744
560
392
1194
1232
262
2562
60626
8658
1504
2502
3184
904
64882
1742
1760
25090
400
1128
344
1110
1488
1024
2174
2378
2630
424
1662
46954
388
6824
1758
400
386
390
21530
18830
2486
1150
1216
3302
388
2030
236
2482
2914
270
1350
382
2482
1970
896
1408
1502
258
912
2952
386
1138
1300
6696
34252
388
3608
3266
2640
500
244
10826
388
3206
386
1356
240
1472
240
2464
1006
1380
1508
388
994
1014
21522
1536
1238
2106
386
864
382
520
388
1116
14624
230
386
862
1140
1576
1376
3302
1384
246
1644
2502
1350
990
986
542
1112
474
1174
1512
7290
1132
1926
986
510
380
2240
668
912
1298
1654
388
394
13426
1564
1344
1208
1654
1580
21262
404
1910
964
1040
1538
660
2780
820
1776
386
1446
1224
1624
390
1150
1010
9944
1538
272
1518
2210
516
2414
7710
390
410
432
254
390
1174
23626
506
702
2438
25602
6350
21538
2124
1164
21424
1256
8666
386
396
252
1650
1928
1744
6358
402
1520
24738
55626
19310
1682
868
26046
8648
572
248
51406
408
390
410
24476
31856
406
612
18314
390
1262
248
20380
8010
428
14924
408
386
512
396
392
288
11650
294
402
384
514
388
11560
16752
77028
33588
416
366
402
366
396
294
394
256
522
538
9426
398
34576
366
422
8194
7044
398
382
272
10180
398
13732
10038
410
384
14748
380
252
22870
392
642
396
43212
11208
626
406
32454
27822
514
518
33328
248
388
406
32378
382
1138
398
20158
30318
368
3820
272
54014
432
382
524
77346
378
388
11010
272
43912
24518
386
33176
398
8930
12300
900
382
394
390
294
758
34372
5478
516
394
270
23846
408
378
10142
274
3920
47808
272
298
390
284
258
394
292
256
254
6458
272
23802
280
254
396
520
250
528
10336
398
260
410
392
276
400
268
3142
94332
1960
278
384
406
416
392
514
252
504
394
376
298
394
270
22452
382
296
406
432
766
418
386
394
282
2560
258
294
530
884
376
372
27220
390
400
39636
516
31978
412
43132
17946
390
408
382
16784
402
396
374
68
378
400
258
14950
38768
380
33266
396
292
386
496
400
562
410
402
410
298
23362
380
390
31492
1632
68
288
412
404
378
272
406
2520
386
268
404
418
14034
684
2836
20160
9774
51620
11200
240
386
412
268
400
504
268
638
382
384
306
25110
256
268
49298
254
90830
270
384
396
16784
410
11822
526
25080
4160
410
3066
294
394
248
34622
970
294
11666
510
270
68
1130
402
266
14362
396
22642
390
35240
528
370
3388
394
388
294
264
5722
292
1048
396
522
44204
71964
9974
388
252
394
378
408
398
676
268
7518
1286
13940
400
27696
394
372
6128
568
260
492
1530
12670
27450
378
368
500
382
94560
378
7372
8476
384
402
16516
8762
434
268
248
12398
274
12334
19146
394
530
382
380
2654
268
38776
524
376
9268
396
904
266
28712
298
262
254
378
11308
280
262
278
41498
10974
368
268
528
51044
13668
23584
516
394
398
22592
500
238
264
554
19784
254
29326
298
520
276
238
284
252
5854
27084
29474
384
398
254
268
534
3944
394
114452
384
27360
9014
268
398
424
36946
382
290
384
270
282
5102
1138
374
252
45700
508
47722
296
3222
8702
20810
412
380
516
402
398
392
410
9412
5950
42274
266
376
1766
382
284
278
392
400
18818
384
382
256
518
9632
18676
11160
10252
284
390
268
402
504
432
272
382
5314
414
402
268
412
384
394
2774
288
256
4618
10340
4798
406
28304
386
56614
244
406
11338
5248
402
11252
416
272
398
268
1896
8236
410
390
45854
12652
256
272
286
482
392
524
8504
276
74
492
47972
266
386
84762
19348
28158
4874
536
522
660
406
394
302
266
5260
4890
11178
292
258
404
484
2116
390
398
60256
7116
548
378
408
6338
12430
15132
378
380
26148
66654
16874
5184
396
264
12402
280
246
30080
290
388
390
388
382
274
43940
268
384
384
390
21064
270
408
402
382
392
380
1546
392
268
4558
382
7976
424
8424
368
42732
276
886
23844
64788
39706
382
20052
294
18836
256
17710
652
266
784
268
374
418
630
396
388
386
380
388
278
394
286
252
264
270
384
258
554
396
71272
808
386
406
2804
400
396
394
388
20370
530
258
282
5798
27924
496
14762
7290
8230
414
638
12546
408
526
398
290
266
370
392
278
270
7422
264
370
418
740
17556
59152
59124
506
380
488
384
414
488
1070
396
48286
268
10422
400
274
19868
392
14906
250
11162
260
11268
402
382
288
402
2684
30640
2808
15172
238
254
45892
628
21456
15092
430
388
368
416
386
478
23896
390
65386
378
294
404
378
250
270
372
5242
276
7722
16626
426
490
234
384
82828
384
518
30600
37112
44144
506
392
510
392
47294
872
20852
2580
15994
394
488
2414
384
1126
402
21396
260
1072
26088
398
390
49542
70
488
528
47202
3356
268
382
34338
262
11336
22936
258
11942
12648
394
412
494
378
400
492
7530
268
272
398
398
394
254
390
15268
436
518
240
3556
9396
28902
1090
16418
412
84796
384
400
394
256
426
382
43080
10610
3544
248
650
282
1116
496
44872
32198
388
848
48432
414
17372
1178
6638
270
1852
402
2612
400
266
3502
19394
400
524
382
400
72128
270
372
402
290
392
764
39094
374
410
388
14424
27478
12040
7442
250
256
396
3010
386
270
296
402
57732
270
520
384
378
290
388
404
432
764
396
282
8788
50512
380
68
540
10874
43716
72730
12226
402
380
2704
374
90918
386
638
638
514
16606
496
406
88792
68
11326
48308
274
384
242
412
5284
896
2176
101658
406
2528
292
876
264
276
490
250
394
268
388
3542
390
268
14198
374
380
260
294
7956
2426
4568
62240
384
396
610
8926
294
1016
394
282
110006
480
256
564
12310
270
49406
64470
524
378
396
294
382
368
978
264
404
12244
642
384
270
1878
272
290
382
372
260
18924
268
404
256
524
370
2260
846
68
382
33212
486
5690
23642
2372
400
68
518
396
878
6352
396
9660
402
10030
294
268
11824
4362
400
50832
8060
422
382
5318
526
270
384
9944
294
256
6858
17010
31820
250
430
87294
28386
18434
490
256
522
372
5562
386
5268
426
388
398
19400
274
34436
13222
370
396
268
396
78832
388
384
19468
396
32064
374
402
25562
496
2978
392
26538
2844
752
11410
282
3724
378
82832
1854
1842
4518
994
1408
418
1112
820
1802
376
388
1530
250
274
3430
260
1182
244
1530
3346
2002
1834
402
27236
384
1830
452
1336
1174
1794
1208
252
1650
882
300
7344
264
4646
1520
1588
356
4634
382
1176
1668
1962
936
50574
2086
1310
930
2112
796
394
1368
51972
386
398
8764
2126
1522
13056
1760
394
1064
5286
2452
2152
1480
1246
1606
494
1024
1286
1036
386
1444
9102
12856
1226
250
1840
388
1762
1366
1496
382
1706
382
4464
260
370
11130
15380
394
2890
21186
2698
386
2030
1458
350
1524
1576
1330
1482
1264
390
388
2028
1048
272
1944
238
5964
270
2690
396
8256
3136
1136
1722
2456
8108
242
1226
3360
33780
990
250
2368
384
242
1522
344
1066
454
2206
1376
1408
384
1506
990
502
1552
2514
258
266
394
1680
1632
402
2090
1360
1672
1144
1292
1320
2320
880
2464
4434
258
248
280
244
502
248
20918
1256
6944
512
3322
384
1046
1372
1386
386
386
1382
2644
474
1530
2262
1780
1944
384
520
372
1904
386
486
1896
1412
2042
416
400
12306
488
1252
1160
1640
1002
2012
1168
1826
398
1248
2286
388
25678
1176
398
276
542
382
260
4044
2462
1716
14612
1546
2150
1368
1656
18590
2104
606
1828
374
384
1052
1222
15756
1016
1262
1802
256
766
498
872
498
51536
1232
914
8574
1250
1212
392
4036
1438
1480
1206
386
262
2226
3036
1918
16732
384
1140
390
2146
26764
1250
2548
1502
386
1008
384
424
1538
3238
1624
250
414
18162
1688
272
41434
1266
25580
384
1730
18340
490
256
1468
1472
1270
262
278
382
800
408
1340
1092
2584
400
28510
1722
2136
386
384
1158
15430
2278
11848
1512
2176
3536
890
298
984
1960
15422
492
1728
7114
2406
390
2416
500
9752
514
384
1112
1022
386
1772
2102
1888
1928
10372
1372
1160
1448
392
1540
1790
1634
898
1704
3866
386
1484
2814
21552
250
1466
1056
1436
2168
1276
1906
240
1666
292
388
2060
244
384
21810
590
1844
1676
1284
276
1128
1182
394
248
1342
508
1060
2310
600
400
1182
988
398
948
388
258
6434
4228
378
430
1744
966
866
354
390
1006
2336
350
2744
240
250
1094
1300
482
616
1282
2740
500
1950
394
1344
1046
248
614
3238
1152
13774
622
998
3060
1228
250
1602
1468
386
1318
33584
1378
296
1358
738
36728
386
1154
1822
534
2030
614
492
778
382
396
500
11552
776
13252
4128
15536
1412
1604
3984
20158
1488
14906
8794
370
1416
3404
810
4632
390
466
2004
3450
1326
2130
388
2120
20148
1376
1248
5392
1332
244
282
1028
2388
386
11616
384
1258
1406
1220
384
1160
258
950
1476
2658
1640
250
1236
264
386
982
25268
1774
436
384
1222
394
256
1436
1522
1506
384
1386
396
1276
386
460
1330
1888
1086
904
2552
242
1380
9896
1524
1784
882
382
1986
1396
264
29486
526
938
1218
1274
618
1400
1438
1012
1696
388
1278
11298
1192
1186
1280
3010
260
1426
28200
386
404
1454
894
1532
480
1140
39776
1828
388
1008
1264
12214
2022
390
1280
8748
2800
1042
2212
390
384
752
394
1434
390
1008
1332
2108
390
2746
23208
368
1278
270
35686
372
804
1034
1758
1674
1040
1776
1850
390
788
2098
372
1184
1506
3030
10664
388
352
390
86618
7470
1978
1554
1750
1856
1574
494
9066
986
1520
510
388
256
392
384
1148
1548
392
3592
1404
2512
1412
11566
1056
2164
1788
2098
1498
412
1896
10188
382
1774
872
384
30516
1976
1316
1368
390
1080
1038
1040
1074
386
2024
1222
1936
1688
1476
510
1964
390
1162
1330
386
10302
500
1340
1454
1048
1742
2394
1426
2920
20952
1112
390
1120
1256
2492
1032
412
1000
412
1346
246
1214
260
1630
384
1212
1774
2070
1206
1512
408
1072
388
1608
238
1310
1564
4436
2416
390
384
1170
17520
252
21364
14604
396
276
1626
1202
1560
386
1442
1182
6434
5824
476
2632
1266
382
2966
548
16474
386
1062
1640
386
1406
244
1156
1880
1274
390
1120
376
1168
372
1464
1258
1624
19076
2396
512
412
1176
1526
384
32094
1572
242
498
8514
924
1364
514
248
2476
7272
386
1178
1114
1508
892
260
1524
458
28460
3016
1052
246
14138
1252
1252
1150
1762
2968
2010
1946
2274
1298
13878
250
15992
2496
1782
1504
19944
2756
1140
1278
3960
1942
6474
1498
1254
228
276
2010
942
10848
1572
2000
384
2360
348
248
2004
3014
382
904
4182
3148
4182
268
1580
392
1510
386
398
1174
1702
244
382
1854
2936
1392
930
490
388
250
262
388
25508
1250
390
2040
850
1108
51106
11792
388
33242
1054
2920
1728
386
1894
904
1746
386
2160
2314
250
400
392
258
522
1688
1366
1546
1734
1408
1438
518
1192
1302
488
1580
386
1020
1012
5394
270
1300
1466
370
2056
3662
3208
1752
1152
2588
380
1294
936
1248
390
1976
1654
228
260
388
1196
388
506
2018
1438
2232
21786
242
1228
752
15628
1208
252
388
1676
2432
246
272
246
816
518
2268
1812
1190
8352
504
3920
250
396
2010
1006
1304
236
2194
41648
242
236
374
504
386
418
1522
266
396
1694
30262
394
416
21606
394
4406
1054
392
266
9740
388
2206
11246
1330
976
2262
34002
384
1908
1676
1954
1174
386
1142
2246
19810
1164
386
1364
1226
1668
51964
390
1024
386
7540
1264
1614
262
2160
1038
1370
758
2944
17128
5104
2456
1486
902
1262
1074
3664
1618
1110
46220
1940
2668
1606
3112
2212
3288
2942
470
384
416
904
1120
2130
820
742
382
1064
266
386
1658
400
390
388
1790
1424
1028
22550
1550
388
3292
30540
384
1768
2886
1816
556
1288
31818
1802
1734
1110
2306
384
396
1520
240
1312
9058
1614
864
1496
384
1114
3038
2728
246
412
1398
408
1588
2756
974
1144
1136
992
1018
1224
46242
1402
996
876
408
1186
386
886
1534
4346
1916
1918
45984
524
626
1754
1508
1012
1028
1748
2208
1026
14788
9780
390
918
1256
388
1350
1172
1272
386
1548
544
12982
2434
13622
390
3388
388
1034
2298
1310
262
1284
900
1000
1244
844
540
1220
2150
502
408
3040
1292
1236
236
388
1026
412
388
1792
500
910
1056
9290
1050
1384
2902
1140
248
276
388
1044
1092
1244
1670
1214
388
1302
664
1430
27762
728
234
2322
26274
1474
1874
1480
1616
16894
2316
740
11824
2274
1410
1908
390
1064
1188
1118
1322
1346
1292
622
1734
3090
1664
1216
36008
1624
1854
384
1956
19576
1128
390
1042
408
1062
1142
392
554
1172
524
50024
10700
2086
1556
388
890
1020
1180
988
388
1236
1326
3012
1530
3678
908
244
274
1064
1006
886
11662
1292
1350
1502
1400
16624
4630
1366
388
13186
260
1010
1228
3956
1146
1818
1240
1414
29196
2266
244
1668
1658
1390
1270
15362
660
872
2632
882
1426
840
2322
1272
1088
1082
242
2480
990
1452
1224
1338
9862
1330
13090
400
2406
392
15184
2130
1140
2950
1150
2070
270
274
2060
1254
4082
512
1960
952
7234
1264
1384
978
1006
392
3870
1482
30906
1016
14354
250
2588
13356
2180
1492
1174
388
1042
1290
388
738
19348
1524
984
10666
1518
2426
386
2440
29746
29654
390
2020
1080
1306
918
2004
404
2284
1182
512
1422
3390
17462
832
406
2130
998
1162
2150
1760
1038
1168
2264
1154
1064
2008
1464
1394
1000
246
1786
1204
1330
1332
384
402
1736
4532
1632
388
2746
10988
1242
1248
656
390
900
1322
1534
246
1448
506
2772
1826
1278
396
55612
52254
1474
1084
780
2872
1550
916
1728
384
238
1058
5560
680
1780
4026
4948
46406
238
1540
2106
2684
274
4476
1078
1542
866
4562
1320
390
1658
1672
1026
2368
406
23964
248
2930
1390
8394
1650
236
3734
1644
388
2088
514
1558
1128
394
242
1254
5382
12220
2572
400
372
6404
894
286
1684
2174
1400
9602
238
1658
2304
762
270
1142
2764
3160
1286
6216
24382
246
1784
710
1510
1508
412
1082
1410
1382
12234
1036
1806
1394
956
13724
650
1380
536
1420
1012
252
1996
386
248
2100
872
282
868
388
386
396
390
1626
386
10652
21088
6408
2692
2192
266
27594
242
1000
428
2018
3802
1562
1384
1674
1492
390
4840
390
2458
654
1530
2830
1262
2814
1100
1406
244
9296
1004
39166
1782
1786
1526
4224
4882
244
13176
2362
522
774
406
3188
390
858
1476
1082
1516
1174
1088
1244
240
1542
60586
1522
930
246
1458
900
392
486
382
1920
1612
384
250
25458
2098
242
386
2972
2200
21186
1546
2444
2126
3444
1936
2112
2158
400
4098
2018
2222
1372
396
400
5856
1646
2508
914
622
16546
238
386
1046
1628
1114
2474
762
238
526
1826
1370
1352
258
1122
2052
1204
1628
244
388
238
2060
5294
240
1984
13406
858
1386
8160
1796
3106
1158
1250
33420
246
386
386
1304
2088
1862
384
2974
1696
242
392
1812
18664
22726
3190
1040
508
1770
10806
1310
1340
1560
384
1026
242
2646
44746
2882
1270
388
860
36742
250
382
1118
1244
1160
1678
3538
1504
2078
258
1638
58716
926
8726
1682
270
1502
384
396
2014
860
488
416
236
11284
514
44848
406
502
396
386
1400
1302
530
1478
22330
386
1926
2164
880
2004
968
394
1508
384
852
274
242
2736
386
27650
28896
24096
19444
1236
254
1576
1642
1138
660
552
2160
516
1934
268
386
5556
2330
3224
1274
1610
1572
1702
2302
384
1680
1044
1502
5092
40640
386
386
370
1174
424
12420
1862
498
2506
2476
2168
532
1192
1302
948
1852
1002
23064
900
1420
2406
3256
1186
15946
1090
1518
1144
4836
1878
1362
246
1646
1056
1408
2144
2116
1150
8934
1266
544
872
2854
382
1210
1276
864
1426
3344
502
11982
1038
1392
1642
1420
1888
21786
1184
1400
1106
2300
238
520
1168
996
250
1732
1564
1148
1814
1184
1404
9732
2592
1718
406
246
2030
388
1550
6042
5696
1410
386
19250
238
3776
256
242
1126
512
440
22056
728
410
5658
21490
384
1138
22002
1112
13088
1320
662
866
9260
24180
232
762
850
1186
386
904
1222
2128
272
2184
246
366
40142
27954
13184
12148
388
2532
17268
384
2992
732
516
2618
514
1882
2942
394
246
280
412
390
2666
1254
2680
2012
10694
2290
1034
410
2382
1470
3288
5840
398
496
386
1082
1784
1298
1420
15724
3628
1876
1320
392
4478
1904
378
242
2066
252
1442
6846
1444
1510
2146
390
1174
2572
654
7468
4528
1256
3032
1244
1256
1946
280
392
1650
6224
244
1396
248
402
1552
242
2276
382
260
2452
368
2634
386
14732
26292
1760
1160
1976
1182
1826
24108
726
804
30108
1190
420
1764
1240
250
240
392
1916
252
3346
40720
390
2606
15120
3846
1048
1110
1510
1898
1036
1350
1748
1738
250
27742
1414
1374
1800
24892
244
2368
1500
1388
1496
1158
6444
11752
244
2896
214
214
424
3664
892
248
1064
2256
1236
390
1410
1312
400
1020
1352
1024
7922
890
814
1780
1148
1004
1136
9088
392
942
2470
264
20572
5282
1144
1142
528
240
388
1064
1578
936
2112
2014
386
7114
2428
1248
514
12984
1184
1002
1646
1642
3706
1950
69262
1350
396
1216
1162
394
1258
1620
1134
1006
250
508
1018
990
1038
40000
20184
1310
5276
386
1178
528
1404
1662
1818
2856
1662
1014
1538
1296
1562
1188
1060
1058
1016
388
32460
1052
250
962
386
1042
1392
1276
1242
1284
