1111:111100:0:0:0:0:0:0:0:0:0:0:0:0:0:0: (total 8)
0 4 Thread 0 going to cpu 0
8 Thread 1 going to cpu 4
12 Thread 2 going to cpu 8
going to barrier (cpu 0)
going to barrier (cpu 4)
going to barrier (cpu 8)
72 Thread 3 going to cpu 12
76 Thread 4 going to cpu 72
going to barrier (cpu 72)
80 Thread 5 going to cpu 76
going to barrier (cpu 76)
84 Thread 6 going to cpu 80
going to barrier (cpu 80)
Thread 7 going to cpu 84

cpu 8 cur 8
STARTING...
going to barrier (cpu 12)
going to barrier (cpu 84)
STOPPING...
Duration      : 10000 (ms)
Acquisitions  : 22545687
756
3566
2402
2280
1368
1262
2582
5584
1578
2532
1236
6316
1528
72134
1924
600
564
1890
1328
1430
11840
1940
542
388
706
274
482
95836
10618
2140
512
1482
1844
72542
3294
4078
524
774
488
2174
2640
2236
2892
57446
1064
3914
2226
181914
2706
418
392
2674
2020
240
3458
662
506
350
2842
384
488
1626
4318
482
5370
528
1546
1382
1640
3270
1842
1704
36724
1828
4802
1706
480
586
21848
1850
4936
1282
1868
2084
3024
15288
2026
2006
144136
34250
2504
484
1908
1172
3118
54082
506
1948
2588
40710
384
1848
494
2348
2194
420
524
1810
103378
2028
41926
682
1244
1862
1386
3444
64598
234
8596
3032
384
490
548
2002
1060
1826
2296
282
256
2614
4402
3476
1994
41430
466
2058
1250
2632
398
1902
500
6174
1596
282
1860
726
2634
1360
240
2794
236
1960
33570
390
2708
4498
2882
2094
33086
2928
10838
1278
232
40670
276
1040
680
824
252
2138
1356
150604
514
21326
1540
2014
25286
620
504
494
2154
2818
13058
1038
1654
1916
2158
41950
128696
1324
1200
2396
644
1154
1698
1410
1636
1164
1542
1532
2122
5336
33590
25056
3194
3914
2282
932
1736
2210
202752
33654
502
386
512
1046
254
860
2310
246
2164
9146
280
494
93016
388
1330
1276
1518
1760
2996
1688
524
2160
50848
1504
44218
750
464
610
988
656
1198
9570
1600
986
1572
325710
660
262
258
500
1366
1012
618
410
1754
55606
1748
1794
624
246
2190
482
3160
726
12762
19346
4702
52042
2674
406
386
1934
2594
2372
538
24134
1540
2454
270
1160
1222
1522
4180
2168
492
1564
1198
1600
2022
268
1648
530
874
1872
236
35588
1556
12996
492
602
1366
68964
252
1282
724
1452
1700
1404
2068
2236
516
1316
3672
3380
398
586
1276
2034
1504
1288
1368
812
1640
3302
5198
384
388
2036
2560
73178
1518
1842
534
1148
2938
24152
15056
404
5358
3218
492
1060
1840
2328
3432
2088
512
838
718
388
2640
280
90028
2340
556
302
1612
594
3922
29932
1432
282
2968
3040
3116
1668
398
3006
270
654
4664
698
1468
16624
928
6246
1192
758
386
344
312274
384
2296
592
386
23056
4020
510
604
3904
127016
1612
5012
1572
1182
1050
4196
1646
508
7284
1700
1898
596
1034
1420
2288
2778
3602
3898
1408
3186
1960
31072
916
648
254
2018
20898
18290
3190
1668
1750
2140
2096
864
348
386
494
1848
2500
1410
1418
1554
864
30168
1660
2458
1738
2862
1240
2438
866
1038
480
474
1398
658
3154
9256
6510
2100
2956
2564
3956
1102
836
906
616
3686
2804
16906
244
1036
1452
43590
19602
814
524
650
662
2148
244
1568
1180
504
264
238
1296
2776
21872
386
1678
496
2540
3952
1858
262
522
512
45014
594
210
2164
312
1854
1276
8690
658
135490
1078
2364
408
65718
56276
2728
5082
244
2826
9906
244
4182
254
1956
5920
28428
57668
2126
384
1366
2752
3734
67040
244
386
1896
1600
298
1520
674
1732
27072
83140
516
39094
1688
3812
550
738
1376
1390
660
500
7428
3062
1624
1780
236
44364
256
420
602
1686
308998
1586
382
1958
4670
1522
1180
1596
412
1512
71382
262
484
386
642
2046
488
50636
1640
2340
530
29922
764
1438
654
1330
1576
916
1686
1466
1668
1706
2346
2404
816
2842
2516
2644
2056
2822
702
1588
922
2376
2902
22746
3526
1946
416
602
217478
532
2050
390
1984
266
1154
3056
3922
3146
17342
3276
2856
2798
1716
384
234
464
776
2294
1102
19286
4092
2428
284
2312
1606
55538
1646
3386
354
2896
12454
396
2744
1654
388
2034
500
2794
2722
1580
962
2108
2412
1132
1132
1896
610
520
3078
3752
85524
61780
2052
1754
24634
346
1300
886
4596
390
1308
3234
524
1424
3162
2270
646
232
1696
3356
1348
29708
1024
1636
1604
38858
250
508
9218
1388
256
2570
6690
256
1172
1470
2610
2106
1884
298
1508
254
2476
1738
1058
1684
2962
246
986
924
2206
1612
2698
5132
512
3662
2214
25958
252
2270
2538
1764
1934
2322
77522
1172
208522
16270
2340
94924
1276
1034
9336
516
1444
81384
282
24796
2738
3138
244
3032
524
29512
13776
1052
1230
1302
520
248078
2888
388
30782
660
936
4160
370
1586
382
1782
856
4768
2540
38614
1668
550
1708
1792
61288
1748
262
1520
68626
51282
1018
86348
39752
498
612
2052
1916
1138
1534
2914
382
656
5204
1924
3380
388
3482
1634
3088
2162
3230
1058
1344
26280
2024
1864
1142
16330
1274
1362
264
1462
656
1956
1074
1700
1130
1866
10038
1904
18206
1156
33988
728
724
1582
254
2260
4390
1528
3296
2310
1620
508
904
1314
1070
277130
2630
1180
2332
2518
2364
1376
3054
1658
1268
2392
3198
1032
14124
522
714
654
1850
2404
15874
384
250
4724
93712
252
740
1814
762
3580
270
51008
3128
6296
45696
620
3930
1232
1186
1316
958
2038
520
4626
528
1776
752
680
732
384
5324
1304
2204
1430
298
1442
380
1168
272
2504
1994
1510
1524
1932
3044
3650
956
1504
124242
284
488
1916
2542
34562
201778
3440
1820
2342
1280
68586
61492
1324
2020
502
452
1176
26742
1548
4842
5614
72582
1322
386
902
960
76856
2994
1828
740
8304
2124
2466
1818
1542
514
1728
2706
2820
2464
73466
1550
1148
196872
850
3832
1974
256
1606
2242
252
1628
412
3068
2008
3978
1254
6348
1016
2056
3284
414
1800
384
1878
1618
766
1680
4080
510
552
1382
4730
47960
1660
388
512
2346
2324
2150
3420
266
1606
53534
2672
274
2770
2534
41464
25124
3802
3074
2356
384
1334
2366
1134
3876
1362
1578
88658
672
740
752
2260
1482
1600
5008
2204
934
1958
20678
1798
242
2034
414
3586
242
720
1996
50540
71264
4188
364
1790
1718
2388
350
54604
540
1758
3660
1988
12568
1254
1732
1400
2136
1974
1800
2150
311518
4578
1342
1376
2166
1524
28302
2070
1830
1386
836
10372
794
558
238
1014
406
390
390
1404
1672
1306
1688
740
244
4458
614
1838
1676
1448
242
348
272
4832
388
1074
1290
25274
1528
660
3258
2018
84604
248
4396
45290
2842
176792
1948
9264
20084
4094
352
1998
26566
750
1384
850
1242
2908
5400
1956
1414
1618
660
2420
1778
1392
56450
9690
2322
71286
784
1634
622
2482
658
3244
49704
1904
1484
1558
1404
1562
13992
1834
240
864
2406
2472
1120
656
3962
1382
1370
92308
17408
2770
760
2144
1338
22908
1282
1028
146360
1436
39536
1182
418
1544
1032
1462
272
1024
2814
3484
3604
3738
866
490
2650
858
2610
1084
1004
87308
1644
2506
2526
4016
28910
3698
1912
2552
1692
906
1956
1890
1718
664
1024
734
1202
20118
2922
32078
1404
1792
910
3676
2016
3626
796
2660
77924
936
410
1596
248
1814
38044
220242
34334
976
1164
376
2302
5102
1176
488
276
3026
1252
1162
10264
618
1028
1662
1074
1306
998
1860
544
1694
390
2136
64516
1862
1524
1964
2246
984
2508
1280
2534
1802
1554
2896
388
1816
3324
2090
1410
236
2340
1890
670
2958
1286
1384
1828
1874
3420
1282
1210
1668
1398
2510
1000
2714
1428
1540
1324
866
26236
1410
744
1564
254
1492
1634
92658
522
27136
4584
86826
2158
280
3304
388
2478
3230
528
2134
1106
21464
282
550
3006
4384
1764
1714
5028
3592
2226
892
1688
1636
656
2852
1274
1676
386
1496
13090
538
2652
620
860
602
2056
52288
1104
2726
2360
2320
2762
1440
1852
1646
860
1968
858
1770
1258
1252
738
2846
1226
192100
2050
3474
386
550
1226
49482
103450
2286
740
2096
870
522
656
1732
1614
856
118208
2508
107036
1964
10464
2184
1538
3466
1474
67106
658
486
3804
1742
1814
1778
1724
12608
2958
15342
500
512
9488
3182
610
220
3296
28242
68438
520
34786
658
127826
59622
1560
896
1256
2150
1614
2916
1992
400
1098
1622
92820
2632
802
2278
1972
1532
388
1450
5298
65854
1782
1758
2162
1794
1736
386
248
1768
20436
894
2158
1790
1150
386
396
1720
3470
13236
76788
38272
2172
972
1542
394
1550
2048
242
2254
2976
1052
386
998
45450
18446
264
618
1280
1888
1160
390
83974
2882
1544
500
518
616
35202
10244
2614
3430
2292
1360
1522
1410
472
122510
408
6438
1270
646
1648
78304
756
2972
3420
2018
3092
594
1046
1700
2658
47570
2228
224
142000
800
45742
1198
392
494
1472
2410
6488
3152
2370
2408
1744
1382
1684
1862
530
1388
1202
2020
3222
238
2222
936
1722
1636
1186
1214
1568
496
1328
2042
2082
1952
3052
244
236
244
1410
1496
960
4102
1506
1196
1590
2082
1148
37314
1974
1332
3888
100072
51228
1368
2220
1316
1852
280
81744
1912
382
1054
1236
472
93878
1546
15280
1448
684
790
1652
984
1506
6520
1422
1380
40576
2292
19854
656
1342
24142
1060
1722
1764
1414
1910
1696
1866
2074
1648
1742
1858
408
1510
376
656
344
3422
2072
542
1420
3822
1364
1684
2438
792
1596
388
388
80308
1856
1908
57852
1202
2682
2532
1062
12992
1342
1690
51760
2020
1610
2064
5244
3486
504
27770
876
1448
71408
1460
384
4116
3614
3066
240
228
1632
2944
12310
2266
658
1168
207342
2248
2382
2388
6118
1284
2400
226
510
2462
668
1302
191810
2414
2286
1952
654
17592
1644
386
1918
482
2048
19800
680
1818
394
676
2590
804
3004
2064
156850
1242
5620
252
3944
1780
2306
102302
530
2330
4124
40556
1822
530
1002
738
918
1208
1694
384
51132
2292
2360
1392
62304
3194
3330
2468
1162
512
39814
2598
278
780
20886
284
252
77164
4078
1832
2512
1824
3290
160840
872
1596
406
3828
5710
460
5088
2506
278
6854
246
131928
616
2634
2746
1440
1656
101650
1894
1366
3050
2462
252
2876
268
1692
1496
1714
1160
8884
88396
1666
32430
9478
248
1790
888
924
236
1886
19106
1510
3420
532
874
2294
2696
484
270
646
656
1986
254
1788
234
396
1542
2256
708
602
224
2568
3136
2030
1532
2150
796
2526
47224
2246
2548
112252
54390
3272
272
33130
412
1764
1278
242
1330
4072
2514
128292
1340
2088
2012
240
2328
72080
1610
8180
3908
404
968
2794
24786
1900
59446
1684
3028
121692
248
2228
2426
2140
1744
28260
5156
3398
50426
1256
11570
250
73590
546
2238
506
1650
1590
656
1182
1576
1680
546
3156
602
1686
1600
81204
1384
3060
3726
2270
1848
3082
18094
4664
1908
232
386
2608
1212
1592
2644
2382
1134
544
1814
1872
416
518
2074
1552
3532
2478
1636
386
8474
2022
660
1504
520
1218
4924
45192
228
8902
2882
1004
37958
656
240
240
5990
1338
1600
684
1582
350
4178
3780
2152
668
1902
1890
3846
2770
1998
1972
1914
1288
516
246
2626
1996
16040
32924
2610
1280
2124
1324
1106
1454
1186
1574
2388
388
1778
1642
24346
968
1276
1412
33652
276
1458
3166
2174
236
2488
4206
1282
1386
1434
222
1586
1684
712
2572
1462
516
1912
3286
3206
2642
1648
2446
252
686
1534
398
26892
426
244
1666
266
1796
2236
1056
38944
6046
4086
1250
2002
41010
2306
1332
1106
1138
36754
2160
2004
4664
2288
2734
970
1890
390
32998
1646
522
1294
2358
1768
8086
228
1612
224
1910
2424
792
1468
1256
1142
1958
2176
1406
590
1918
1536
390
1210
484
2426
1400
2832
21826
1756
268
1536
3478
734
388
2570
1064
1522
85252
45432
1250
2872
3254
274
388
1600
978
1316
43302
1338
3112
544
522
1506
2792
1466
1556
1382
1102
658
4472
3200
1526
1738
1884
1508
1896
702
106630
4416
1270
15638
846
2268
510
1526
970
1000
1594
270
3138
1752
40654
1294
14716
3612
836
1320
1544
2146
2244
15578
2984
18350
248
258
2032
1532
718
96158
1170
728
335916
388
252
1762
2782
1004
272
3218
1678
1302
512
262
1548
3428
64412
234
412
598
764
55992
1444
1196
61220
2198
2410
1624
63060
386
612
400
1906
486
622
396
1810
3420
2042
494
1406
2328
1550
1246
3766
3390
34760
3082
1654
1838
1162
23240
384
958
604
31462
1720
272
496
382
388
2012
516
2318
1992
532
2988
2058
3766
3714
1422
1282
602
1924
250
196414
270
618
798
1496
580
1622
372
2074
534
2344
1508
97266
536
1664
17102
2036
410
404
1458
392
730
252
1280
2158
2166
1264
238
472
3738
478
6020
2666
125658
2354
1456
1068
740
1300
304
518
2454
1300
1500
3214
1356
2344
1766
1508
123258
1430
2854
5450
1364
388
270
3302
386
1424
914
2740
510
1516
618
1194
1684
370
920
2644
2798
228
618
388
1428
1712
5196
2240
688
1570
1618
2472
2602
530
404
480
2960
494
766
1844
474
1752
998
3204
1504
238
3856
1750
76660
540
1912
2778
57244
246
1946
728
15784
260
472
614
18440
830
236
466
588
498
876
656
1700
1420
512
2322
2240
1398
30414
2640
10616
2022
51602
1514
1766
1292
1932
52156
388
878
384
2098
262
3492
1400
276
2250
550
1632
266
734
374
2828
536
486
2974
1642
2054
1768
1480
1840
1256
1404
1236
1530
470
6602
652
1874
666
544
1198
3858
738
2618
3520
492
386
2672
2346
2198
600
1238
45240
882
2406
1992
596
388
500
4138
392
2374
1074
1234
1474
2160
492
1860
1634
6714
2154
1810
508
132100
2200
504
2454
806
1330
762
3122
2188
2552
1552
232
45466
1424
392
2002
830
2346
402
3314
105326
1272
1912
1276
732
1530
1682
1370
2348
1748
2624
716
1786
506
2474
572
3538
2470
2736
1980
1232
382
616
610
1962
1292
4672
700
494
2024
2664
388
1638
4642
616
592
500
258
410
378
248
718
3254
1946
664
2248
520
1468
1946
508
230
2182
2214
232
35722
45622
1254
10342
1410
1734
516
708
528
348
49892
1412
382
30694
250
1522
266
45126
2454
616
1830
94746
1030
726
4094
370
726
810
32654
1348
2836
910
2242
594
3184
1206
1200
3780
3196
278
1900
398
1518
280
7378
1024
2560
270
528
2134
388
2092
2200
3050
248
256
2702
2548
494
3694
1228
384
78414
266
274
1974
1392
238
13362
244
1734
5574
34574
18242
282932
3740
1064
260
4568
512
1428
660
508
1268
592
7562
498
388
758
248
2692
1894
744
2796
1752
1664
3144
1620
502
1122
2170
48800
2636
370
526
1766
21048
1748
1666
540
848
1132
1064
382
1272
1062
1468
3418
4434
5416
1464
2532
266
1550
544
1748
2686
1134
2094
1510
26532
2706
484
3976
616
3356
676
22504
123932
1180
382
3242
3418
1536
3506
660
238
2014
3496
31860
850
2246
594
1864
3490
494
214
2560
924
1590
262
2514
2454
26182
28342
684
1542
2140
554
980
246
2382
488
2652
1236
106738
1098
1854
2924
1696
4168
2610
1538
1384
48496
250
1322
3724
2516
322
1122
1326
514
99344
2672
1742
1762
1702
1186
1482
874
2112
588
1676
502
404
2402
608
3866
410
1916
1594
1500
3172
2028
248
520
1760
504
1332
1992
20174
2876
1234
866
270
2964
1714
1646
2612
2496
2400
1680
2938
250
502
2928
2152
390
1388
752
122124
15820
1064
5348
1062
1584
2214
1168
23684
380
2940
1694
3608
474
384
488
648
3232
3660
574
66924
264
978
1216
942
1396
5130
1652
74508
1148
354
2050
15258
608
1254
238
400
112184
3372
1996
1286
1736
1640
6172
2286
2548
1890
2140
7300
1838
682
3066
1340
1318
2526
1730
1116
1618
1288
1464
1606
1818
1076
2000
416
526
1992
53230
1334
1292
20510
2368
1938
1546
56754
4846
2678
888
1728
1300
1300
766
552
1710
604
2640
1860
1520
1448
1516
1194
1790
1108
4862
1842
1870
1286
1800
3982
48226
2454
3308
2000
1514
1380
2598
388
680
844
2336
1172
1030
674
1358
500
318
1510
1254
9662
18642
52928
2404
1314
2918
2352
1350
1216
1224
1710
252
730
2134
2944
1270
386
2972
1072
432
1424
378
1386
2604
3854
1876
73174
1490
2464
420
502
2146
2314
18758
1268
3050
492
1412
1232
504
1696
572
2886
1856
22132
104488
2532
664
1766
83550
4040
746
626
1136
1440
1440
236
998
254
30702
2350
1026
1014
4576
392
1024
660
390
46400
1048
2210
1844
2690
18572
514
1824
1362
5304
1368
3522
1616
620
2082
3118
1648
390
1252
2528
1628
2028
1174
384
11966
2256
412
1508
3586
1264
610
380
540
3162
1952
2080
1656
388
1486
408
1172
616
2050
1380
2518
536
284
4520
1582
386
8126
1656
1614
228
1910
396
888
1400
1706
1592
1438
5196
546
31822
1226
520
6862
1560
992
498
580
1380
612
2530
1722
4058
1270
2862
1116
17106
1088
1596
2200
17730
89164
2200
1248
614
12786
1562
1566
514
620
1530
3214
1344
1676
7972
2752
2454
386
1050
1238
740
1390
1734
1942
38340
1408
2324
2040
266
3558
390
1398
93342
610
1414
2834
25090
2102
47066
548
410
2924
734
2372
1134
1478
1108
2060
826
1324
110298
532
278
1582
836
165874
384
540
656
18980
1796
104776
2584
384
174046
2380
3088
518
1510
508
64350
1264
26762
496
502
6926
612
26822
1794
416
3260
522
1256
856
5350
2186
266
750
1582
718
2324
656
754
1826
57922
420
4640
1314
3166
598
2448
1732
5446
1972
3068
558
382
938
500
1324
1520
514
1486
1722
2968
386
3578
2588
3708
2518
270
258
1970
250
1358
1394
23374
167334
29922
96506
248
1872
2136
550
68794
592
2188
5610
668
1986
544
508
1780
600
1116
3324
69340
272
1304
536
838
85434
266
1106
9450
1488
1276
1508
1900
2308
540
1932
105740
1642
2986
780
1902
648
2104
1316
2214
2368
3498
390
113768
848
658
14152
13664
20178
468
2976
2772
384
1602
2282
45052
426
2862
3980
2508
2802
36968
2692
6484
70382
892
1128
2288
1268
498
620
268
466
1850
1254
596
1734
2596
1136
124562
284
14358
1616
476
151390
2356
72660
410
390
2788
2286
2020
612
2306
2130
1948
3566
286
2598
618
1050
258
498
1550
49322
3142
610
406
2366
2416
88346
1904
534
262
2862
2310
2532
684
60050
2222
119576
1622
5460
732
388
36542
1890
17656
1508
29160
534
13846
250
2012
544
10086
236
11010
1784
2216
1842
2750
1224
1846
232
414
31412
248
1784
2348
1896
242
232
1674
836
2160
2798
2918
408
49576
15190
248
1178
1780
482
1772
1732
1370
750
1718
2924
28564
2546
1616
748
398
2014
1038
4348
912
2248
678
1066
1662
1542
532
3618
2816
266
796
472
382
408
2186
2152
2198
1722
2604
744
2328
2914
2532
2008
384
29278
3436
482
2110
1546
4818
614
21546
1360
886
674
724
2330
1882
2808
2028
282
1820
2864
160050
1128
49960
506
1204
1882
2140
11526
1300
272
1720
1802
2316
2328
230
2746
6718
1606
394
1508
932
294
532
51944
2048
870
410
1500
2008
528
6358
2284
2180
788
1524
236
1662
536
1838
3244
794
117398
1648
652
508
506
620
506
66046
1394
1344
1956
12312
660
220
3912
68898
2444
570
1144
2386
2114
386
1250
2850
480
2004
12412
774
2664
2098
96804
544
2984
466
2042
1576
620
480
542
2622
43228
1536
2366
17302
54322
790
2222
238
75378
1624
388
2138
1276
2272
1600
3452
1548
55192
2548
9598
914
496
4708
3542
3064
2254
3216
14008
1542
3592
482
3018
500
1530
236
2022
1790
37356
248
2004
400
2562
110842
392
238
2874
2876
5026
26982
4022
2642
2058
1010
2200
396
1396
2588
3196
478
888
884
23930
1540
1726
1684
1658
47548
9798
1972
524
280
1742
5808
1282
26666
930
5282
5730
1544
2398
2050
46970
536
1816
1356
2292
270
858
2422
2102
248
18820
9104
390
2062
1578
3624
2368
1572
1148
3054
960
2546
2374
2368
940
1938
1922
684
72706
17278
30600
72322
5838
2264
11692
2348
2326
3854
71084
2236
1652
45480
37966
504
2332
16630
2578
2336
2666
1622
532
246
2300
526
1268
486
1154
2934
2304
1518
2150
14550
1090
2112
1912
2076
386
248
2150
1610
1992
802
2432
470
504
1994
2050
2220
10668
1494
1008
177628
2398
1404
3496
1232
1928
1386
140212
12004
1236
2708
86492
32602
1592
540
1022
111122
2932
652
1394
256
768
252
2400
1440
1968
386
280
1788
43938
70852
1586
1412
1798
656
480
2380
660
22644
1260
1218
52830
3166
656
1044
1566
2604
1266
1518
3100
2448
2612
3354
1272
2054
141874
1274
1936
1680
1000
1060
1236
1214
2174
1536
386
1688
1254
488
67428
1258
1570
3442
2046
27178
290
512
20708
1336
1686
776
65286
3954
2546
1514
252
1474
618
2764
4310
1262
45334
476
1386
2858
3472
990
2302
1358
3234
1688
1248
1982
1136
388
2312
1090
3606
1616
1118
2716
272
2238
2550
3724
1380
2118
1034
1016
17008
3036
5146
1360
2264
3564
506
2124
42876
1814
1462
486
3706
746
506
496
1248
2308
256
2046
112572
1438
1650
780
1504
1108
1784
3442
1002
2122
1716
256
776
2740
39042
1418
1582
264
3764
6228
1192
550
3006
53262
2142
614
52190
2494
388
1256
998
2578
2404
1034
1596
386
3158
1446
3836
390
390
5346
2212
2538
386
9638
1486
1126
2082
1400
1692
1782
486
2130
3960
2310
500
1590
1186
542
888
1308
2774
65750
1900
172864
620
1428
1272
86316
37880
47010
2344
280
2438
1634
2280
506
1644
29056
2558
2002
610
772
2238
488
354
12398
1170
248
2338
512
4912
692
11404
588
54122
1884
3016
3822
1214
1796
13384
1664
36062
2490
74316
658
494
474
1406
2846
1608
22378
37818
1008
2412
111560
21958
2200
656
1832
1332
13154
70320
3154
882
752
1760
1264
3866
1606
1512
4196
1258
2488
1552
73462
1282
1366
516
9902
18778
1388
1456
2052
1594
504
1310
2156
1928
1726
1676
1318
3150
1944
1406
1074
4452
16054
1344
33324
1438
284
2088
104684
1490
1210
4914
1702
1138
11830
2928
1152
91910
2590
1516
984
4150
724
87404
4252
246
2842
1608
846
1716
1906
226900
1614
13258
2012
3476
1304
8510
1208
2228
80576
10996
1830
2388
48738
1768
1736
2064
25790
19858
824
3642
1282
786
1600
1222
962
1540
864
528
11580
2264
984
84162
1396
6516
65818
1646
1912
656
1388
44040
1590
21172
3018
494
1862
3400
3474
2116
618
654
660
1432
1540
3946
23836
658
2012
1006
1854
2568
1250
2568
3152
2568
1158
1370
1468
518
2510
4668
1100
390
1382
2612
1552
92476
1078
3890
2922
1932
72100
896
1386
900
1178
1816
654
22666
2840
2928
2292
38304
2432
2772
4826
3156
3898
1186
616
1668
3276
878
8646
610
1408
1292
1592
268
1618
1404
494
1542
1652
16794
276
290
390
1546
29236
2048
16250
1290
1952
246
3048
2322
96744
3394
278
1442
258
3558
1500
48888
3296
4056
2394
2472
396
1278
2068
1492
1142
1734
2374
518
398
1002
246
105166
3258
2644
254
1468
2866
2928
654
11238
1572
2268
484
1002
964
4062
26048
394
1806
1664
99400
1390
982
2776
2972
3602
1086
2756
1586
43002
660
2062
1564
1246
528
180746
420
1344
3370
1786
622
2492
882
2680
4206
62562
238
2120
1492
1044
1960
3842
1152
3052
1708
81550
1878
1868
11910
3242
3798
1770
386
472
1640
1294
2114
43232
1584
150064
416
2234
2258
492
3118
384
1164
432
1614
680
2394
1240
244
2594
3870
750
3434
516
103042
1130
18684
2044
1980
1170
388
6928
1230
388
1270
2276
754
2550
476
1800
16404
1626
290
1370
3130
20824
1296
1190
394
3818
498
530
1286
824
124204
7238
1134
1844
2664
1154
1536
2508
660
1668
3004
1520
604
3750
1476
1368
524
1714
1954
666
2732
416
242
2514
1078
262
2638
388
31662
1636
3922
21450
20212
404
478
1636
2022
1118
1746
6380
2292
2022
1134
2128
30752
256
498
1200
2198
2356
1268
284
1240
1776
372
244
1274
1284
3962
3220
2038
9518
2092
868
2286
1452
654
1538
720
2158
420
1118
3904
3312
436
1144
276
19324
2518
43806
1710
776
23734
2728
1662
5708
544
24190
3058
6254
4180
47374
238
3040
1438
5912
674
760
136760
1576
1280
3024
656
64836
384
51366
658
292
1890
9704
554
1804
6980
1710
758
870
1774
7196
274
85714
2682
2012
2406
67746
3540
2170
3532
2074
26662
86074
36526
2296
1784
390
4328
1512
3360
1246
5808
250
1688
1316
2042
264
40254
972
4610
311254
2564
1200
384
732
2046
1130
900
2250
2174
75720
53452
2606
2126
27770
3300
250
2668
1280
1034
1532
2556
2322
2062
1528
652
1528
500
2646
246
1404
282
1490
1444
2140
512
2472
1152
2112
386
2594
1334
23148
824
1784
3948
211936
540
548
248
1940
2720
2424
1536
476
1922
654
2182
606
2178
17234
390
1856
678
3482
1016
4948
20588
2086
988
2034
3336
2964
55272
1308
1238
606
2092
11614
648
2702
252
1660
3460
2848
240
1396
272
2532
3942
2822
1294
1146
914
4132
526
2236
544
88134
61364
1896
262
1760
22584
2442
2642
1014
262
3398
2138
1220
2420
3068
2062
4232
2104
252
270
1244
34026
1362
42762
8852
2624
3106
386
794
506
2806
1242
1410
386
1416
1570
3924
2308
246
2042
1502
1678
1472
6244
418
2112
1682
240
1814
508
258
2672
386
1032
2606
390
540
25014
1680
2010
1162
1546
254
1736
77016
207774
18286
1772
92892
1544
1748
8948
3436
84218
19100
412
612
512
1378
1568
400
1830
508
28324
1110
2622
14074
1842
1252
232
248284
422
1754
504
2858
28358
4956
248
536
248
2252
1908
4246
656
2136
41454
2364
1946
64230
1920
1406
616
1420
390
61332
2316
51610
1192
86054
610
34692
796
5254
2448
614
1972
2022
2380
466
4166
518
1422
1862
1700
3368
744
382
1728
2226
2262
3608
1176
1216
1780
388
25090
1306
1276
886
16392
768
3048
4158
2726
1360
1192
10250
2010
236
20108
1542
31848
5344
2740
1214
272
654
1636
1946
260
522
4264
2614
1840
1688
1274
149202
124328
2806
1896
824
2500
1774
238
1552
2042
386
1784
1400
1680
260
2302
258
400
2264
13884
6252
1762
242
1336
11984
652
768
2896
926
260
98604
2298
508
252
51790
2450
662
2100
388
390
488
332
44078
532
372
3642
248
1072
2912
1242
1690
1030
3198
388
660
3092
6866
604
748
406
1136
1386
1926
3036
2062
2692
1514
2034
1972
2022
246
1518
596
1296
1158
1992
1050
2042
126802
2386
37612
570
40332
157094
2002
1036
260
1158
384
1940
1312
1278
126866
666
1242
1266
3868
1636
26460
1296
262
1234
1500
240
612
1332
74308
3156
2834
77632
3062
9430
274
1048
2616
2736
1566
2416
2128
312
2208
1454
386
73960
1652
1262
102980
8536
88472
414
514
1458
2494
1976
288
2572
2812
2158
2498
520
1434
1474
508
622
262
1202
2124
2888
474
280
2138
2996
1410
3502
2426
482
1136
4202
1774
1946
1438
47990
3250
818
412
1532
2870
890
2468
1462
504
52434
656
1618
494
244
2076
1442
42104
24840
736
272
1532
2060
392
2664
910
620
3704
4330
95398
2222
2090
892
656
508
558
1098
1998
1262
414
20060
2298
2270
396
7574
49666
278
1030
576
70232
502
878
2308
258
1006
1694
658
2770
49372
1544
2622
398
382
1308
608
1044
258
996
1016
1980
406
2020
478
3724
2882
1604
1666
560
496
504
1848
1332
73170
3934
1928
1744
1516
10892
354
6748
41422
51572
2286
10910
3550
1654
72330
1854
1710
1718
386
4670
1614
1740
2626
750
61858
762
384
1066
490
42780
384
114894
21536
1200
392
4820
234
2300
2546
268
4888
256
384
4156
1178
502
260
2180
266
1048
482
258
3292
994
1688
1670
616
2048
1620
38714
4284
508
1248
21328
484
512
1128
1658
662
386
1742
1518
1634
1884
986
2014
15056
2936
1666
141930
1640
682
34090
2558
1310
1636
838
2260
54560
3024
41230
1788
3314
1526
3510
104400
1696
2798
412
42112
1970
2130
1970
494
1218
734
59824
1052
2520
6112
1936
498
5278
2220
3128
2046
466
4950
1270
1210
388
2014
3016
1616
43122
1988
1076
470
3604
11736
2492
488
1416
2128
4016
1900
33988
732
1816
590
384
278
1392
680
2358
32738
2144
726
10800
1278
44682
3026
3200
1210
151132
1174
1228
476
2678
1470
2524
1346
1728
1372
1532
2124
2684
516
1822
268
1434
59792
414
2266
280
806
1854
724
1670
1014
1276
252
182106
20240
2268
39674
394
2640
1336
528
602
614
388
486
1386
94108
2886
1390
1508
2474
1434
502
1924
2652
390
2186
48734
1356
1428
49902
1504
754
582
244
830
514
390
908
1178
2086
163078
738
268
166234
1592
4084
1608
55524
1166
3250
2620
254
17084
16370
1480
660
662
1802
48340
1042
1306
4688
1520
2328
26730
2258
2514
1108
1674
2486
486
658
380
1362
2608
1606
1334
1646
3292
4310
1370
34254
1864
2402
14654
71866
2658
1632
1634
1968
2912
4234
6352
240
4568
1478
240
1324
1294
2656
2378
1572
406
842
1242
248
266
274
2632
264
1618
276
76572
1780
3294
2278
26800
402
550
13364
504
370
398
234
1212
532
2984
1614
1638
1976
390
2370
270
6170
2902
32950
3780
250
52786
4518
2782
268
710
29054
252
2386
3236
1474
1970
826
2190
2378
576
11154
2030
810
13494
2370
514
690
726
640
888
1162
3588
482
308434
2202
1148
108506
2000
2558
1326
12846
1498
1946
2888
1012
1170
992
2960
1828
40054
1250
838
15922
980
1674
728
3280
2134
612
1364
12366
1524
2142
1016
1610
242
1042
2634
2326
232888
78514
718
1022
268
500
1624
1868
2010
524
1822
28396
1036
2142
726
1438
9080
388
5144
3900
1358
1778
1792
6918
2428
1868
1278
5142
514
3716
1410
2100
770
388
20046
1402
3524
704
344
1736
83558
6636
664
43940
244
176864
2254
1698
6992
1828
18146
1404
532
386
2478
26304
3682
1248
1368
1188
386
878
652
514
1212
1560
1418
3192
620
1762
1950
59384
9668
1630
69816
2778
3646
3780
788
1510
49352
962
2048
1664
1514
1246
11518
1652
2270
2392
664
1632
1248
2704
290
258
1468
1446
1882
44270
42816
246
1492
17502
876
2896
1552
25084
1872
146170
1322
1646
37234
1250
2460
1994
2300
2392
1726
2350
244
2006
3370
662
1050
2660
4250
1720
1198
1760
87102
1574
2030
2074
548
31226
658
1684
2742
350
1706
1190
834
500
1262
1436
4112
820
1256
23078
33746
1914
962
1538
648
1690
396
1134
686
4404
1006
81014
2910
37870
2576
177846
42066
36398
3320
6932
3432
242
1526
2136
13076
1826
1176
1650
1374
1120
3150
3362
67790
1382
2226
262
1188
1546
842
528
1722
1838
1296
1540
1652
390
2826
1426
388
2534
2444
2162
2180
2950
486
1516
1262
2268
1774
1322
758
1346
1368
934
1654
2252
2374
982
1976
1670
2256
1344
1364
30186
2844
1110
1690
90710
29942
542
510
1414
84516
2332
3076
742
2424
390
1670
3658
1936
25840
2442
246
1196
1744
2036
7034
788
1450
3612
2794
3410
4998
2482
16030
474
1998
2822
55930
1250
388
1684
2056
502
1598
390
1590
1200
1612
1692
976
3360
1376
1702
2968
674
1682
190856
508
2652
1468
248
3708
10646
140016
1926
2916
5740
1174
2146
1798
105728
12570
1474
678
106180
1528
250
382
1366
386
6052
252
1678
1134
618
1564
71092
538
1778
2808
2594
1248
1150
8840
538
1902
248
1796
23762
2126
682
3118
30638
856
63226
3608
36928
526
182546
546
2378
1922
1730
1482
1796
1636
660
1832
4098
1802
95214
248
2490
2140
1034
2138
4882
388
1880
64040
2124
1710
238
1174
2452
1860
3774
2794
15710
544
4130
2940
7194
1308
512
92498
390
37550
2036
2112
2404
1406
3158
2320
390
906
3152
1660
43486
23018
1480
1356
2708
81704
2600
786
1418
5232
32852
1634
10066
508
1232
498
494
1936
1244
1242
2054
3842
123636
3834
1206
2462
77696
2742
4126
2196
1828
4938
1252
50286
444
1910
49146
244
93088
44728
1018
4574
992
490
1016
4670
1202
614
1050
2224
602
1432
1266
2054
2056
2910
1662
1004
1394
1260
3044
1532
1512
1416
2084
1012
2372
2886
2040
1484
2882
978
4084
1074
3612
774
648
958
414
1002
750
2304
2034
36726
2232
828
2514
744
100374
51880
1584
1496
2044
2130
3404
81942
2540
950
2544
93874
18620
4502
992
1570
1606
4026
2024
1482
42728
24198
26878
1778
1270
1634
1766
1832
1086
2028
2758
2538
2612
2714
5398
1142
2330
236
2596
2436
356
266
1326
1836
1634
264
2812
84942
1644
1510
57868
1108
246
1494
394
16978
1102
1316
52728
2096
1334
1668
500
3494
788
29560
886
2056
70696
2762
2504
440
408
1960
656
1772
662
2932
1428
2282
14220
2904
1250
207398
244
1792
512
2272
2560
2094
746
246
238
512
1710
1152
3470
498
4314
1630
189842
2228
2038
1626
2188
18596
3836
2794
23414
4076
1116
3254
762
2116
83612
74996
8356
386
2846
1090
656
105584
2146
860
40540
1468
2340
2976
1668
53836
2218
2048
366
1064
58052
384
236
1424
610
2194
620
1962
470
1652
1964
482
562
38074
23896
758
410
2816
74268
2246
516
2562
2332
390
2098
2716
246
384
29190
131032
1616
1186
2348
652
1146
3062
7502
270
836
2968
7562
135342
1438
248
238
2378
1890
384
1954
520
101666
1844
1554
270
732
1788
3036
536
3034
920
1292
1278
1406
8484
380
41462
990
38812
386
654
388
2362
2646
252
860
28552
1282
9690
6464
1304
18988
2624
244
6230
382
1594
516
5390
272
3578
3728
1652
478
4058
658
2574
312
1510
2016
2678
2784
388
46062
654
1108
490
2372
390
2204
110196
55242
1738
1358
2818
29908
480
2808
1910
1642
1246
1100
1262
2706
126356
990
2018
3338
512
2952
70526
454
242
504
910
3490
7550
668
4636
386
25146
1526
59150
1022
2746
370
1506
122878
1272
774
1006
410
2084
1934
33704
542
1988
46934
486
1886
1120
9192
77804
2902
1398
2546
1558
2464
2398
1052
2474
1780
898
81192
1902
382
1882
264
346
1886
2080
2058
822
21428
286
488
2272
5038
1526
1460
1756
2418
500
1178
2830
1120
5528
1638
1666
864
1590
1222
3674
426
244
3824
246
3070
2418
49746
2254
8228
2016
1090
36050
3890
5620
744
3750
1982
264
526
1780
860
930
2132
1808
1864
1496
1944
248
2090
1524
1992
790
1586
1780
3618
3904
1276
16744
1238
28866
2166
470
1676
1754
676
1382
1758
1624
644
1374
1264
654
3028
2894
22688
656
224
1046
1452
1670
854
268
526
33184
1854
506
1540
2368
2370
520
526
1044
1376
1636
2642
2936
1928
1378
382
878
2478
1526
656
1720
248
2250
2010
1668
3432
2110
24302
3864
2900
1396
1126
1540
36258
1552
5826
998
908
1246
44456
1944
1998
748
33080
240
658
2414
1742
1720
368
1076
1516
1664
404
1296
1576
2654
32344
4352
1388
1642
11680
2342
2040
512
3162
1142
1398
1734
250
1180
412
1404
2404
5186
2340
2970
2248
264
21644
2032
3196
2926
726
1248
2774
246
3886
2072
81928
254
1466
43606
1264
1220
534
1474
386
3980
1480
918
1380
38452
266
520
1054
1884
490
4266
1678
1902
1636
1478
884
3274
660
390
2194
1856
1142
1444
1282
7186
1356
264
1358
2116
2852
2610
2602
1820
1934
262
3042
398
420
1760
3650
4492
2024
1394
3288
2642
1366
2244
1366
1994
1802
390
35656
10292
1526
4120
3968
1890
1612
474
480
964
1822
512
1502
902
17524
2398
1346
17498
87940
712
1294
384
790
2746
12460
1724
3682
1126
386
1364
1604
10190
1918
2330
1610
2418
1790
2484
1280
36668
1756
1236
1504
4174
2936
97432
2486
386
1254
25614
1554
606
44116
1350
2116
274
2488
2134
2270
560
1188
2672
115234
1170
166366
4260
4462
1350
386
2300
414
1370
658
1674
656
1594
2180
1460
248
3814
528
2570
2758
560
896
540
1380
3138
1828
1102
1278
424
2166
398
472
480
390
3010
242
986
2790
2360
874
740
9626
502
20998
1952
496
24780
514
2202
1254
1364
78818
1378
3210
736
5602
2172
4048
1202
630
1478
2396
3292
260
1348
2698
1484
1606
2038
404
520
1090
36208
3064
1492
1460
1468
496
4556
19210
1390
105032
3588
4962
294
628
160538
384
248
1550
482
2022
3018
63218
404
388
1124
2552
270
860
26890
350
530
792
274
30874
2560
252
1038
6334
608
388
286
1720
4112
2574
5254
61810
260
416
812
1390
2692
516
2552
658
1320
266
1114
660
1136
1128
1440
744
3526
2966
1648
2516
3240
1968
234
3286
784
250
1656
514
1994
278
410
558
1902
3324
2248
1274
24100
1524
126308
37122
264
1678
26364
99366
2180
2076
66636
3184
2046
2168
3582
4906
2254
1888
968
1282
536
66398
2198
86168
758
2204
1344
1682
516
2710
384
1286
240
13774
282
22818
2790
96890
1788
3512
325506
11846
2284
3952
274
1550
2016
3398
776
660
123848
734
1236
2948
58516
1610
1954
1892
68614
5208
2748
386
262
2158
4524
278
2420
1386
1804
736
388
1250
658
1408
29666
284
550
2228
496
1034
1062
1916
23746
35124
1846
6620
3292
1512
4138
2280
2458
266
1388
506
2226
1286
2640
242
2810
200194
2490
2910
3604
2012
100622
19270
4234
3576
2024
394
2096
1398
3880
278
278
2738
6550
128442
1988
4658
5368
272
922
1134
1886
722
938
1078
410
2286
1790
1814
18260
102118
1328
1608
738
2592
488
388
234
1330
3602
1000
3082
2566
3290
4410
4436
8540
1226
7380
3878
1974
1552
386
2140
5294
654
4396
2564
3240
386
2296
2422
660
480
1644
370
1274
77528
1762
888
2246
57696
3222
12106
556
23528
8162
1454
3584
2344
2240
1404
30474
13418
53150
1092
1818
1028
59854
2518
524
1914
2468
2514
3676
264
4562
644
1560
1884
2030
1912
1542
1176
1496
986
1484
2376
6696
4900
1202
388
4030
1080
1836
646
388
3734
504
1300
2018
518
2158
47326
1730
684
1770
4388
728
392
3334
2380
2052
1164
1264
3146
1830
986
546
676
392
2688
1550
3618
402
130880
2694
1654
1140
3564
250
510
592
1502
2580
2860
2048
43964
1002
2590
2920
2608
490
107986
1530
876
2414
2040
3778
1438
2258
3530
3308
482
3822
656
384
1452
246
2128
1630
1806
5856
1816
1086
272
602
4852
2322
2286
1178
12936
500
1694
260
2192
236
1962
250
1818
4018
1660
506
36786
43908
660
1580
11812
1690
5858
228
660
472
47222
3044
26054
652
386
2138
3420
42696
2724
3462
93828
266
2184
2500
744
550
1792
1268
24346
654
2736
266
390
268
1996
1524
526
392
2796
3206
256
4672
222
848
2084
484
850
2962
2600
2016
654
1424
260
278
620
1604
2050
504
2808
3432
2616
2404
398
242
4086
538
1836
262
2038
332
386
1436
78784
3980
1682
17090
2142
404
518
928
872
55288
280564
1562
378
386
1796
1610
660
350
2706
4500
2744
510
238
828
948
4652
2160
2824
720
1946
268
2002
1614
444
410
1740
272
2446
1824
1510
43166
546
842
500
2344
4276
2004
258
508
16812
1256
1482
4028
4900
1234
1858
1128
746
1816
546
730
1580
398
598
1924
5538
2572
2214
386
1156
1474
1230
1468
24838
3124
3480
388
276
2638
260
720
27700
16452
103958
1586
2238
510
2088
2662
1334
412
4456
388
1386
386
1926
778
25042
522
262
386
250
2882
2830
248
1608
384
244
3794
600
1272
1510
3076
858
2354
25646
404
27686
2618
2402
4592
2490
1504
1478
103294
546
1904
1334
1950
758
1820
1320
776
520
2686
2284
2072
51662
1318
524
238
1438
498
3732
2400
102136
1508
238
1900
1510
384
1812
1498
974
2156
6880
464
2414
1040
3420
1238
2636
2694
614
2590
2832
3200
1356
1782
8474
2388
402
742
238
508
384
2162
1696
4362
514
2034
2080
2024
1486
384
1854
654
2464
1296
580
3382
360
1766
2432
123724
17644
5514
1914
1704
2090
1294
1868
24972
268
1594
2340
6416
424
1784
512
65666
648
484
4376
2982
1254
5420
74614
928
2618
11516
6770
2506
110178
2632
656
1224
386
1654
1262
1828
7452
1644
1780
2290
1652
1820
5582
1590
3658
752
1816
1878
2420
244
1422
1178
844
1760
2092
1106
2166
3088
3916
53674
1514
1668
23412
1398
364
1292
56328
1578
652
500
382
1448
598
2314
1608
1116
4456
4074
252
1222
1764
1566
1464
1534
1362
1500
1870
302
398
244
1858
1130
498
1418
1558
54766
388
1376
414
240
2168
1612
1622
2346
5516
1672
1238
2844
3874
1780
9626
20892
268
51074
1750
2128
386
1168
1656
1416
1314
1540
2258
1334
450
1138
350
1358
2636
2676
2388
3076
1348
390
1236
3394
1868
544
850
71016
2426
3980
1828
490
20304
1352
492
2750
1000
2638
2806
486
2172
24364
105088
606
3012
83410
1992
512
2756
1290
1806
2134
3096
29370
1598
496
1844
748
2136
392
2300
51002
1278
494
1552
2272
18366
622
3616
1684
1138
880
642
2458
3164
2376
2328
1864
390
1306
2744
1344
252
672
1076
1248
1944
12376
388
1622
506
2954
1862
690
1974
44188
20374
960
1424
268
1706
1246
2112
2774
720
350
276
1136
45182
2440
2002
510
1746
222
4484
3428
1682
386
2060
2048
984
2390
2766
484
1112
1728
522
1794
1546
1436
388
2820
2216
1104
868
1498
1492
1914
17708
3088
536
2048
388
1262
1532
1020
230
2578
3454
1546
736
40688
1642
2802
686
1274
4014
1988
2774
384
1076
486
57640
51102
1442
2064
3772
2158
1114
1610
758
1440
1142
2212
2432
1004
39062
1040
1756
2342
532
388
2024
3056
2220
2134
622
53078
1278
51730
5294
2614
1126
1058
418
1652
1820
1704
3642
480
1916
1196
464
522
10016
2166
3692
6592
1504
3676
1260
2814
986
520
2348
1824
756
526
1720
3036
1258
2192
1068
1622
66758
1328
2206
169604
3336
1924
124220
44692
622
242
1874
3850
1650
1708
244
2046
1762
30030
3102
4258
9036
656
12424
1822
3598
1918
7850
800
734
58174
1700
620
1480
5890
1454
12908
35704
1654
228
73394
5908
1914
1826
1262
22806
39460
1654
25720
748
81452
24868
3242
1284
1328
10306
73344
236
2876
1662
1244
1310
880
506
1348
1788
7498
1530
256
2410
74858
1726
2422
29852
956
1838
964
2610
1224
1836
1648
1858
1750
1620
482
2328
1564
1472
1634
18294
2070
32954
1380
3434
1102
103234
1284
1694
1256
1158
2302
1354
1506
12036
352
2520
1936
70744
20776
612
2668
2184
1072
710
346
91780
656
2080
262
1000
414
2870
1798
18494
206790
1346
15542
2224
272
1456
1470
8622
882
346
92308
1192
2818
1364
624
47416
1696
2110
1600
522
388
22286
10736
388
5770
1142
970
382
2490
2656
1736
3156
4932
12688
1580
1482
84498
73006
1816
1458
2836
45710
1946
21246
494
2772
1784
256
386
1152
620
1884
5812
1112
2374
620
1572
21696
3020
1594
1770
2666
252
2712
758
498
2180
388
256
1828
2026
890
1708
4316
3644
388
490
1488
2220
1744
408
1426
94304
101792
974
4330
2578
1940
1512
1160
1622
1586
1132
1490
856
2106
1300
74422
1782
1184
1390
3192
260
19992
1282
886
764
3486
386
40558
880
276
386
1264
382
552
1694
606
1364
304
904
3150
2102
4366
9988
1088
1398
3158
758
3156
1768
22374
1850
29746
256
1540
14100
1528
2032
2896
386
1116
410
1920
96626
390
2858
3434
416
1554
1212
46578
1958
656
1644
240
264
2484
1582
618
3356
1662
1464
3062
1500
2790
3806
2642
105520
480
1610
486
3036
1256
348
1406
712
490
3288
9102
2104
1696
1848
3336
252
1770
23646
2512
1708
1364
99722
1358
1666
1600
510
1666
526
2578
886
552
1600
42834
3386
990
1386
180924
2514
1602
2014
3030
2012
1116
3186
660
1464
66624
1262
838
2728
856
1274
2030
660
1772
1878
81794
944
14824
242
1688
664
344
1782
3532
1040
1456
236
850
516
36890
596
252
678
2462
2258
146650
618
3330
1410
3224
386
2676
3688
2890
2232
2062
462
1720
780
998
2726
278
390
3270
103432
2442
15116
2310
1528
1770
12826
2224
4394
4118
810
360
13442
11370
1684
2468
2062
1248
494
1474
2012
105002
224
1966
1480
2940
270
2650
1444
2118
2184
3106
496
4258
115094
14222
9398
21202
2266
884
1894
3204
1086
2058
45510
694
1058
516
386
256
1878
1458
2948
37386
2462
270
51660
22092
2698
1914
7544
1466
2378
1554
400
1142
1364
57824
63466
2632
246
13482
154160
72824
2618
254
3732
1640
2936
1256
2156
1828
770
2854
6066
2286
45882
1960
478
3350
3134
242
1202
250
87612
4870
2822
2840
2684
59270
238
1438
117294
1370
1772
392
254
498
40060
2100
15118
384
1384
28732
2612
15552
13804
10804
262
1440
1752
1634
618
1622
2000
36098
2736
1936
5212
2598
1342
488
2206
408
2704
70004
1384
2218
1148
1900
2938
1802
988
27422
2850
2404
5110
1728
1420
246
3320
240
2424
1714
1966
5042
792
2166
7816
1266
1714
2350
2338
228
2740
2718
1550
256
1468
28712
522
1078
3224
1110
2400
244
246
252
488
496
2618
23226
3852
1850
1480
618
2252
372
2368
2446
250
1736
388
154798
1794
29216
23464
2018
1450
10986
4184
494
1822
2290
1420
608
2020
560
5594
1612
2956
6240
52324
4312
1742
3882
248
558
510
2800
1690
3172
1500
1734
2228
3410
113668
1532
6148
66454
1304
1322
13200
3202
1014
604
1272
244
68544
2836
1640
1798
2488
2606
3146
2804
13368
1776
94322
614
3512
242
2390
1252
4570
246
43382
1932
1826
2026
546
510
272
10502
258
384
1370
1102
49212
858
2904
78044
2258
3662
348
1966
2322
654
788
1240
394
58058
2302
612
6868
1226
8590
796
2504
1520
1436
494
14562
1554
1762
516
238
3162
272
3030
3036
1262
1240
35168
2666
3948
1402
108708
2748
2266
474
1548
568
1550
23720
240
1752
676
2470
2860
1506
1790
2342
2548
532
2570
490
768
3892
21674
1320
1744
1588
886
47706
2516
456
8562
3776
2364
514
1732
2480
25874
4190
518
472
378
784
3132
6146
1520
1444
46450
2584
1166
1696
404
1878
2060
482
2626
8400
22076
1560
1388
236
392
1378
1322
1538
1160
2278
1942
1832
2144
1506
2326
1608
198108
212
756
656
1564
252
10626
540
1898
2008
2338
250
750
73944
2094
2080
46420
38094
20014
1776
2618
2242
4218
412
3586
1836
1216
476
1772
3292
1344
1542
14770
956
1602
1444
4120
1346
1150
3544
4350
1600
1944
1530
9172
1384
3534
176016
2108
1528
2346
354
1136
2232
1298
140120
13926
1324
482
11200
105600
390
672
832
2742
1704
107628
2072
538
3060
2486
2734
274
2326
1578
3956
46712
70512
1510
1486
5092
4050
682
19354
1366
54866
680
3988
1374
2306
1918
1606
1358
620
1614
272
1248
618
1158
892
1374
766
1812
137778
534
2010
1848
2194
998
1108
3928
1114
1240
2990
1264
4594
514
63240
1360
1490
1106
940
1918
26614
21930
2036
1398
1424
1426
