111111111:1111111100:0:0:0:0:0:0:0:0:0:0:0:0:0:0: (total 17)
0 4 8 12 Thread 0 going to cpu 0
Thread 1 going to cpu 4
Thread 2 going to cpu 8
16 Thread 3 going to cpu 12
going to barrier (cpu 0)
going to barrier (cpu 12)
20 going to barrier (cpu 8)
going to barrier (cpu 4)
24 Thread 5 going to cpu 20
going to barrier (cpu 20)
28 32 Thread 7 going to cpu 28
72 Thread 8 going to cpu 32
76 Thread 9 going to cpu 72
going to barrier (cpu 28)
going to barrier (cpu 72)
80 Thread 10 going to cpu 76
Thread 4 going to cpu 16
going to barrier (cpu 76)
84 Thread 11 going to cpu 80
Thread 6 going to cpu 24
going to barrier (cpu 80)
88 Thread 12 going to cpu 84
going to barrier (cpu 84)
92 Thread 13 going to cpu 88
going to barrier (cpu 16)
going to barrier (cpu 88)
going to barrier (cpu 24)
96 Thread 14 going to cpu 92
100 going to barrier (cpu 92)
Thread 15 going to cpu 96
going to barrier (cpu 96)
Thread 16 going to cpu 100

cpu 17 cur 17
STARTING...
going to barrier (cpu 32)
going to barrier (cpu 100)
STOPPING...
Duration      : 10000 (ms)
Acquisitions  : 8615114
5802
8056
1328
234292
1102
11674
2406
2784
12044
7106
6160
8532
7012
9654
5318
1284
9364
8052
4562
9558
776
5012
1686
6692
580
14020
1664
4162
498
5628
1554
7408
5070
5082
4326
4730
3384
8930
2976
1412
8174
4426
520
1974644
3464
872
514
8182
500
1492
5484
4770
6238
388002
968
2380
137118
4018
970
4796
278
5748
3928
5844
5304
1526090
3142
12656
5034
1784
320508
119558
5126
884
6894
242
2790
3276
12846
3310
434
4384
7462
12246
984
7114
8108
2912
7564
8534
3314
8428
2956
5114
7292
1932
5892
2306
6692
6988
7438
138056
662
4256
2690
522
9058
424784
5578
6208
7830
3146
11608
2212
2402
7244
1104
2708
4078
742
8958
7954
5044
950
7804
5230
2876
2512
5328
1064426
3324
9106
610
2752
2924
1828
1214
3774
9590
3506
8818
9194
2904
4870
5680
1606
16508
2642
2256
628
1830
616
1272
5084
252
384
12672
546
11668
3740
7080
1832
6934
4952
4024
10128
5700
2280
260
7448
9256
604
7812
440
6932
792750
9736
4092
3958
2526
4090
4686
5392
2678
2890
1224
7834
11444
6734
346
4118
3706
4094
12034
480
1712
5162
10382
5542
1868
8164
4692
6128
5394
3920
3980
528
5652
8076
7296
4362
376
2996
498
784
1000
4090
5558
5126
2938
4698
2190
8096
1760
11494
4356
2128
11298
4928
9510
876
250
5450
7892
5654
1638
9724
2736
5406
3698
266
500
7956
3308
638500
2522
12470
4604
5608
5512
6974
5122
4916
7944
7098
5796
5560
3984
3424
395574
6430
1677512
4704
1002
268
504
3788
2226
8774
1195824
1648
14598
5040
2032
12324
24656
6048
6214
936
36224
5394
4246
1908
510
2956
7144
1742
1258718
11172
1482
6770
2114
2278
1592
6838
8720
2448
672788
4880
4500
3008
4388
5538
3628
4258
3508
978
2728
28580
3868
2154
4178
480
4904
18486
2394
308
1840
4616
4466
8908
1442
1185342
6210
4824
4234
2580
283094
10704
4694
7208
1688
2922
440
2962
17250
434152
2232
7762
3798
9340
3010
4326
4882
10748
2270
1604
394
2228
2534
4020
482490
4142
239292
3290
579660
1152
3316
1890
426
1372
2538
7706
79764
1846
3596
5698
4492
3684
6214
5068
4296
4600
3614
1438
3932
140036
582
4350
252434
7424
2668
3312
282
1926
7390
9390
4954
3464
4562
313784
2512
4002
3702
1560116
622
601812
3636
2624
5222
1970
91804
3546
735838
3662
3244
287976
4682
4416
2528
4498
2066
3848
664
2156
3436
998
10134
4274
3924
5488
428
3068
4912
73034
3364
592
2872
10142
13624
605872
5278
3220
4758
1920
3878
3352
6774
4186
6090
1220
8188
3818
2470
6462
2228
4656
3182
252
864
4772
840
5942
892
3934
5452
2708
3670
431064
5238
3222
1132
744
1010
1540
6548
4386
10342
5076
4454
2150
569152
1168
2730
4766
40530
7248
2415148
3932
290
1194
482
6734
10438
5078
277592
3848
3410
6932
342
364
2234
1344
3168
5234
3204
5508
1352
3844
2632
332
5066
2700
4342
4988
4810
3640
3684
4632
5212
2982
4504
231282
2014
4400
936
2652
6028
3110
6754
4112
3442
270
2624
4030
3442
1600
1284640
704
458240
6702
2226
3214
5046
3246
3366
174038
13208
5370
3554
1196
101748
2650
493680
8762
5830
3902
2894
5708
1476
1124
1230
2324
7838
5042
5774
742
4730
266
5098
2798
2812
5432
2864
3016
10774
5564
1118
5842
766
225596
4962
3188
702016
2562
5618
4850
3176
3376
898770
4704
5298
3572
278
816
1220048
514
2284
3256
1062
6396
250
165174
1656
7042
510
3362
1216
6116
4678
7542
5948
2960
1071524
576
65662
626098
2628
12472
3560
6240
12782
748
7996
392
560
3964
13320
5250
596
1974
2996
5280
8634
500
598376
1978
374
4384
9240
3282
360
762
3718
646370
5562
87824
1969566
1642632
2117640
8192
7198
3952
5670
2668
492
2882
6320
785032
7374
3142
5606
3266
890
3974
7236
3140
3594
7578
2790
2004
1346
426
3306
6678
6576
3770
1782
6036
1960
5720
388
16546
3686
276
258
2074
632
5300
4276
282
5250
4650
3140
3616
2948
942
3064
7204
3090
4650
2766
457566
3840
37572
3422
7416
557950
8956
4904
4264
5818
2092
4744
5446
376
11774
4808
3714
638
6352
6004
4474
2110
1436
2680
5374
4020
6768
1618
2582
6948
5296
5766
4488
2480
6592
4996
7536
624
1872
8808
4410
1740
63644
8848
3544
4346
1466
6784
5064
179308
1744
5824
2274
957742
3596
3124
5480
3626
6524
2594
612
274
3118
2172
3692
2978
756
2118
4084
54160
4532
6172
12814
786
3670
1484
242316
7924
4990
2422
6388
3434
6256
3544
4322
1878
1546
5836
2678
4036
2746
3572
470
3916
2574
2774
2728
3768
7134
2582
3804
5048
6204
6960
6474
632
936
3978
3954
3284
258
4554
810
1006972
354
7250
3364
3024
5832
3946
2460
4364
7394
5068
4902
3912
2078
5222
53108
2654
1580
3448
7948
2988
8116
5630
394
1864
3700
7114
3848
4862
5422
3842
276
548
1162
5964
2448
7082
1296
4432
3094
9196
6468
2364
2592
3460
1416
6362
5578
2120
353088
3034
5480
7294
5572
138448
1984
2836
544982
490
1614
5190
8546
7292
9178
3062
3314
5654
3404
2728
3674
1089646
832948
5254
3400
1864
9290
4028
3936
4252
5018
3684
5238
241102
3262
2326
1177254
1396
11844
4080
404
6116
3032
2178868
2748
4618
4862
7442
8832
5084
560
3984
468006
609196
6478
6556
3806
322292
370044
3294
2822
13128
5774
7606
4526
3242
6328
3306
310438
6588
4972
3794
2530
362
250542
4480
748
3826
300
648
686
4964
10798
7282
5618
629256
4480
3668
11318
3578
982572
6230
2530
30026
11664
6314
5374
1348
1486
1274
262
4892
1134
1646
3830
1788
6602
2768
216622
5450
46452
171874
3602
794
3746
10468
5414
8354
2516
9102
1990
518
246
367568
5100
1838
4598
6118
4984
344
10028
5704
3228
12844
604
2126
410592
5962
834
2346
890
3474
13376
4302
2278
2290
10320
396
2336
6632
5436
1734
3048
6942
5634
2130
2356
4614
5100
442054
20244
2552
3252
874
426998
396926
5092
2798
4724
4998
3652
2608
2288
920
1514390
516
4744
836
5926
8622
2882
3750
1966
5062
3448
4746
7982
70020
6920
2894
4644
6988
4172
632
3228
6084
5484
4360
6860
2400
4402
3950
3822
3342
629830
3562
3640
3564
1656
2602
1756
138544
530
3644
2778
3644
850
6260
7236
6374
3196
2384
2196
1282
642
7300
8818
2292
4210
6772
7418
2260
4920
10952
3882
3876
4838
5598
1462
4070
1546
4396
2308
2290
9914
3116
3924
418624
1482010
2076
3738
3416
3422
6494
6740
4458
3818
3888
4284
1658
632
268
4546
1052
1710
4192
744
2644
49818
470334
1932
3076
6896
286
2168
157262
4370
2010
7506
1368
3716
5034
2532
6130
8270
769276
4548
380
3226
8478
2314
356590
4688
5566
3590
2372
4850
12170
4912
880
2298
6528
106042
5160
176108
3802
2236
363842
3608
7516
2524
4134
529620
9550
633822
5152
902
5270
6500
9000
2410
4364
784
3852
81056
3310
8694
1107826
2302
1286
5994
576
4168
2580
1354
6886
2474
817490
6870
1912
4378
1248
738
1478
7506
3892
9420
3198
3190
2396
5972
3008
4484
5118
2152
16238
6712
3014
95182
7808
3942
8122
13168
395762
3722
1852
3748
3094
2688
566
2240
2550
1418
7172
4042
988162
6472
5492
1426
3670
3164
734834
6988
5388
5640
1866
5236
4042
2860
4582
3346
10358
2478
1412
2318
162976
8876
3648
2590
3076
4698
4052
2744
4402
5578
3202
2440
7302
4282
1916
6062
5426
2880
1518
2102
394
3106
4340
1798
5800
2548
1660
5528
5046
3098
3360
2466
5828
11510
3570
8210
6394
5668
2944
442896
8272
506
6148
5414
4100134
7320
8784
1766
871800
4350
5480
3440
754
5226
4336
3426
2954
3392
1610
5644
888360
190860
11938
5872
5172
5336
7338
306524
5730
5064
3028
5264
2964
8822
3448
7600
1816
508400
8500
2772
428
29062
4730
5400
2692
3928
4024
2248
5052
3548
6744
2054
8130
3646
3332
2926
1918
4730
177956
538
4380
3088
1366
8706
4930
1570592
3414
5614
4960
2444
2006
4242
4664
2830
1930
910
5420
4128
7936
2498
4324
7302
7310
347884
8864
1728662
2552
1450
18010
9544
6074
3298
382362
2374
5972
4708
2512
10836
9466
3942
7422
3208
4698
260
2454
2564
10024
2688
2106
3938
3196
4466
6196
1230
5812
3946
3868
6978
5840
2684
7646
1778
1424
6818
2798
3040
2202
2156
1178
2568
4388
170926
4842
2136
2418
926
4000
888
4234
3920
2092
223484
656
6938
1978
5960
12102
6910
1926
3300
7588
2788
778
4064
6116
8876
8000
8488
3972
2254
4594
4016
2188
3036
5058
652
8776
7812
264
4630
7394
5650
4100
2122
3688
3870
4664
452
4818
755078
3672
1214
5680
1050
3042
3428
8018
6696
72438
2776
1528
4752
9580
3004
3386
3582
286270
1230
6264
7524
5410
639516
3374
6746
4986
3692
6856
4660
5976
5390
1892
3506
3698
3682
11602
2930
5912
7156
3410
3218
2642
3620
4940
4358
1824
2652
9666
3120
5414
3870
13648
506
3400
3802
4668
4502
3614
1274
302572
5076
276
4206
4144
6994
544
646
8164
3738
1104
7552
430
1236
1104
426
306474
5022
3382
1568
7414
2958
3388
2536
3158
6260
4136
4430
9756
4760
2096
6122
5090
4982
2452
380612
1834
3790
2918
3032
88886
2504
4508
3164
3052
2352
5342
1070
3478
5318
3582
4034
9932
67316
3854
2040
1900
4482
5420
4904
2386
346454
5202
3506
5136
11130
2336
9410
2380
4912
2866
4588
6596
278
1656
3638
968696
8078
5418
896636
1426
290
4656
4994
3380
5852
2934
3608
4332
3222
658462
4982
3248
5366
3300
1906
6534
3078
501756
3074
492
6308
8288
3054
3998
5380
3308
5006
5938
1728
1672
4814
5536
1194
116236
1200
2192
2882
2164
1674
6012
3412
2116
918
1436
496600
3526
602338
7574
224218
4548
6272
1352
3354
3220
6684
2716
5230
4640
4816
3122
5808
700
318
818162
3862
394
11296
3144
1228
1648
1194
1406
502854
4074
3732
4198
10498
417502
4822
2294
1394
254
10756
2680
16566
5042
250
3462
4142
9478
879766
2762
4314
762
2674
1077948
4766
1774
5452
266
5076
2766
3634
3128
2558
2928
4254
1218
10172
5664
3940
3384
2316
717122
2078
4406
10046
3354
4460
6696
3072
3260
2766
6552
5522
6028
426072
154630
4966
3342
687270
7090
3478
3204
2096
5408
652
3736
2276
7890
5186
7440
7074
61346
6592
3944
798
4060
9358
2238
7046
2172
4152
5424
3264
10864
3460
4752
520
3564
136386
834
3550
2220
300
4014
8428
8056
10086
618
3420
2518
6084
7668
4142
1462
5872
12438
620948
3366
4004
3128
7718
4414
3562
82374
1644
89690
1840
2312
5184
6946
1535182
1864
315318
4024
2544
6128
628
693124
3204
6452
5346
4062
4436
3942
6102
4520
1058940
2592
1144
8150
1484
593396
3722
1658
4076
7162
5004
3526
6784
5794
1982
3560
5426
1026
3852
4870
398
5458
2578
1158
1368
4666
2952
130262
9246
3604
1808
2272278
3846
113338
554
8680
1002
59856
3996
3032
3848
3684
4178
7260
9414
4604
742
4858
4052
5956
4058
53706
5788
4532
2170
2278
6250
2946
2190
2704
3634
3624
484
360
185872
680
5548
8386
6242
764
5158
4974
3030
2996
4514
4376
361494
7482
746
7242
394
4406
6354
4240
800
10014
4802
3328
1931660
2522
2754
3680
5032
278
4972
14850
852
4252
4042
11910
2634
8486
67058
386
4078
3074
2612
2846
479310
3462
4812
4016
4590
830
343242
5088
3060
1212
205944
3176
7088
12326
10962
3976
361222
2022
4440
4426
6234
4630
1350
1906
5518
4822
4006
396
3724
4130
6140
3020
8212
7354
7036
1935404
2236
7380
5030
290786
2598
2816
2056
3754
1184
2620
20060
8712
1578
4118
894
3234
1886
3976
2624
1226
936
4016
6840
6830
5218
6744
1146
4990
115990
5294
4060
5752
4148
6504
2266
2962
526
2608
4046
3962
2624
3648
5930
433730
7912
2448
5484
2246
806082
3242
3444
2118
3410
9542
1968
622
2794
5984
18626
8034
6154
4048
5184
3720
934
4438
2522
1165966
559626
2298
4048
4670
8060
398
390
5944
2582
4058
10184
8530
898
8036
4596
2868
5066
5274
1084944
6970
4712
921912
6304
764
2976
1156800
3182
4798
12258
3358
2356
2026
3024
5090
742
13638
3524
1458
17274
2018
4050
2156
1793340
5422
6452
4190
121810
510
2172
5516
3648
3634
3158
8434
4116
4142
294484
5500
2108
176610
4732
4626
4228
5308
3498
1040
18094
2304
4732
7190
12258
390
744
746
1246
3526
1304
7042
3294
1464
1097074
2618
3738
2690
4260
5076
3514
388
3514
4686
480
4228
454
6202
490
8640
4658
2514
12122
2344
2990
3762
848
368
2244
4246
3846
990
5164
8558
4016
11558
6698
4200
2756
3958
1456
5964
5438
1538
3422
9496
3656
2946
4534
10718
143394
9856
3228
982
7940
8454
3304
2846
7480
307788
7370
996
5468
4470
10218
5856
3798
205566
204028
1574
3060
5058
6760
930048
1764
4990
5066
5248
284
6236
2822
298
5212
1694
2288
2240
7766
2274
5570
672790
3070
3418
900038
750
3818
335398
5352
4498
2810
2818
5772
3880
6134
5394
948
3390
5940
5846
1462
12820
1114
7498
9952
3982
10456
842
8692
6484
2732
6834
5208
1246
5904
5064
1910
5348
8224
4196
660
2140
1222
6224
4496
1758
2960
6138
3400
1412
2686
6898
3262
2000
3038
4726
5540
3958
951268
18108
3104
3002
5932
2440
1390
6352
8822
2492
90346
5698
8976
2610
5198
262
6404
1970
3948
701028
14244
4900
5940
2152
6574
5280
4882
5210
6000
12240
4362
904
2496
2568
5524
557644
1692
3452
436
1939406
5452
1970
608
3396
864310
6590
3710
6898
286654
3006
4282
382
3458
1664
2599142
5024
6700
618
358
2456
306
5058
700
274502
158734
6224
4992
2406
11090
2952
11792
159476
3440
268
2370
4130
2744
4450
1227218
255956
6578
12822
4012
5820
506
9196
604830
966
3704
4238
6050
292
5774
2774
3974
2066
904
20296
202896
5578
12332
458
3606
4978
1656
3578
15642
250
4070
6028
4530
4176
4458
276
6914
6508
6636
5934
2579352
1140
6364
326
1590
4620
1178
629322
488
506
1260
11252
6316
798812
9344
3198
4704
8192
248
3498
2266
866
3274
3350
1992
650
1660
73656
1116
702324
6022
2220
484
5466
1388
3052
3244
2120
7032
2052
1358
3882
7286
1226
740
8150
4420
1582
246
3662
454
2098
8828
5118
425972
827848
3056
746
440892
4692
578
9782
2696
8280
6228
10952
6958
646
10778
5112
2778
10110
4620
4618
2838
5086
40542
8336
15462
3112
6744
378314
4128
5558
2150
2006
6078
4766
3676
1170
1620
6194
10582
10354
1146
532
1662
418760
6474
3358
1480
81302
7168
962892
3440
264386
5626
6250
1754
274
5024
16734
518
4398
116796
6636
578184
3746
1544298
4524
6272
124882
7420
9830
2294
6124
2366
15742
7990
892
938
2748
1270
3234
2650
5624
5504
520
1964
8388
1052
222642
7128
2296
1200262
2762
3814
3614
4012
7232
7514
3150
1822
1796
4852
5966
4552
7314
3838
4598
14536
5618
3212
8218
17176
3412
9774
6564
7360
4170
1676
618
9236
617672
4522
1376
7966
1946
406200
11666
2242
1836
2454
1724
6914
7504
3446
1514
8228
1696
5126
1776
5812
8380
3168
480
6160
3112
4656
2436
376302
4944
5572
5572
4068
1616
2490
3384
7536
437630
750
1106766
1916
2872
5552
7194
8484
6110
90806
2632
928
86338
1468
9606
6418
610
3878
4068
7890
2540
2012
6124
1834
3888
1268
852
9428
4246
1652014
1788
4174
4268
2928
5884
1910
2886
7310
3794
2274
3730
4562
2132
198776
6324
3460
494
4590
6932
705212
107858
3072
3744
1832
1662
3028
1680
532
1206
4458
8130
816
1952
916
1178
8414
1642
678342
6616
842
4402
8988
2376
246
9536
6340
492
244
110422
5148
4846
3504
10732
3278
6400
4640
5856
13388
10512
5256
4362
4178
4576
1474
3212
852
6636
14688
2870
13198
5492
272
2222
8012
10922
4360
11394
2310
6934
2584
5120
2752
3836
1384
4598
226
5788
3794
2634
2688
6838
6718
61676
4614
6174
5116
1502
785168
1106
13494
1559696
1696
6222
1236
2404
3834
8780
6862
928
486
4796
578
7644
4516
9418
3470
6714
3918
3780
3566
6458
5440
528
630
3614
2674
5784
7212
652
3158
3264
7750
3640
2944
3798
4138
130876
57302
740
2532
1138
6224
1224808
1355372
874
1930
6288
8206
78450
4428
4646
559170
2974
4958
552894
2894
6198
9482
386
5418
5858
679472
7122
4332
7826
6276
3136
354
2516
1448
3430
6408
3126
2079728
804540
2822
266
500
4714
159838
3538
5436
2732
4426
588
4320
3288
1382
4902
7740
9162
10196
4650
2932
4114
4958
2278
2688
3638
2260
2928
3614
5070
6866
2856
2970
2802
3668
1834
1144
4092
4488
4742
1744
2170
2224
1946
1826
5412
1672
4618
476
2048
4040
7430
3378
904
6506
6904
6180
973130
2462
4968
3730
588
1570626
5788
64538
4134
24360
390
5914
2154
34606
2876
2218
1707634
4022
892
3708
4270
2890
737908
3698
1550
694
1692
2952
5872
630
2740
216
2454
5148
396
6764
7232
5942
888
5048
14836
3638
742
2986
1619924
1784
4712
9154
8758
283658
870
1456
3666
8592
6996
3396
594
1152
4914
3528
4668
3264
7434
8664
201060
576
4018
8640
6466
4808
6248
1698
6522
235788
518
2670
3550
3210
1020
7272
1276260
2208
4004
1626196
3200
5526
8318
5786
8928
84126
7806
153638
4372
5390
4690
2116
380
608
2036
4756
918
11726
1962
2436
1132
588
6238
2496
3150
5754
2990
3050
4816
796
1092
1970
512
5824
239994
384454
6646
2964
1600
7272
1384
472264
2776
1228
2190
185124
8274
10164
6718
2760
3396
376
3576
6250
23714
3444
7118
806
3062
4610
2356
1800
341424
8890
1774
3454
1226
2348
2018
5832
4696
1238
11088
3368
6086
6860
11702
576
98966
3516
886
4792
4076
5494
6592
3686
3848
3394
7242
4156
158680
5914
964
5614
1238484
6178
4444
4488
5168
4532
10644
256462
4654
842
3850
45134
3238
4836
5598
4352
15010
18540
1786
1098
242
922080
2586
2914
2816
4110
245902
1218
4074
3896
3712
94206
2506
1122
920
1217092
4462
2174
3440
3498
1182
2129236
970
6066
7126
742
3358
96362
5420
1940
8256
5642
2774
4494
1906
6318
9096
586
4546
6168
6452
2750
512
703544
3632
8516
9110
2376
808
13188
8026
2934
5100
1098
382
3524
1542
1724188
8906
1776
3428
3650
1506
4952
7830
2318
4722
398
3226
1112
470096
2168
99966
5276
9938
478
4024
6074
4134
694
432
3036
4656
5322
5050
13496
272
7192
10730
3760
6552
2360
1394
7508
1658
5340
12522
8516
316
384
4438
3460
5694
5382
5842
2692
4742
8484
2954
1898
3054
7826
10500
1068
646
4256
4162
5856
7786
15586
394
818
376
5832
2458
862292
9420
5296
5198
7938
1946
6480
4528
2596
3142
8974
4312
8382
9068
4980
6358
1510
244
2576
7408
2024
5972
864
5438
7478
7968
1728
1078
5962
1924
2638
3478
7012
7912
970
1046532
8102
2132
3782
3154
306
6552
14132
4024
3056
6610
648
15136
2332
4216
4942
8346
3204
6918
252
4770
1628
3886
8044
1364
340932
7640
3040
5428
2692
6256
1458
3662
8054
10942
6160
646
4110
3352
15824
2625406
3038
3422
9922
3638
4494
744
5122
2258
3400
4394
1842
7934
7116
1274
6252
2924
4698
538
4010
188098
5884
6900
10946
1134
3336
1176
3222
3386
5782
3092
6314
2030
3606
5798
12680
3254
6052
2480
2558
340
3456
4472
1274
1840
2186
744
9220
5418
7884
2522
5176
6792
8530
3598
4452
4528
4120
6912
2636
3174
1964
304
11900
406772
5724
794
7586
555302
2486
9162
12648
5918
2092
1918
2444
1876
1986
5404
6650
7400
4536
3976
1846
4082
292
6172
510550
5140
1664
1994
3282
2140
54134
756
4774
3836
2952
8900
7308
890
6476
11530
2446
8178
1942
95618
352
8854
1784
3222
5118
746
498
1476
417258
1564
2296
922
4488
1860
6732
5596
9664
1946
8038
1106
955428
4332
2286
2296
2106
1065488
1222
3312
6276
2406
1013778
4028
4034
470
450
2694
392
123106
3378
7016
3124
398
9232
1484
6574
1200350
2172
2364
442
2996
8518
3574
14704
1286
6042
9178
170948
510
5482
382144
2682
3416
370286
3728
5420
4770
4054
42768
3754
2684
3552
6052
11046
756
3810
3934
382
8430
5676
3798
7972
754
4936
3742
3176
10474
2780
1458
3978
2336
3890
392
11420
6208
1222
4378
498
2648
1822
4378
4242
7132
3154
5408
5266
8664
360
3236
6592
2954
8576
7178
238082
1834
2748
4766
1150
3458
7508
4386
6198
6010
6560
8688
6804
1061216
6268
2682
400
3144
4880
6188
3316
5730
2058
276
4254
295642
12380
8708
328190
1250
7590
11168
304
912
4326
1948
5836
6172
595432
6310
8640
4062
3720
750
2266
8028
366
282
4812
2412
5442
6944
2876
1956
2772
4868
5572
1574
6896
492
5928
3006
276
3316
3810
5784
4490
529036
4710
6754
7346
5080
2660
280
3148
832
438
1542962
438
3010
1520
2646
1354
910086
3516
7000
1291464
11164
2574
5956
1970
5106
2008
2538
872
2378
4140
4292
788
2172
4958
2808
3388
762
5198
4206
432
588
3200
7880
644834
5090
4576
1866
10354
4482
127624
4690
400154
5216
11982
3614
5488
3846
2692
88390
3162
3046
1001670
3386
2558
1988
7606
4630
272
5552
3920
6980
2736
808
2530
1714
3532
35680
1836
9780
3392
4398
4122
2372
3250
2044
2886
5532
3482
5704
2368
2784
2732
908
1850
1884
10338
2644
4930
304490
4228
1832468
5206
173614
3390
2112
3172
1910
2870
4356
2948
2604
2782
2312
2062
4134
4144
5728
6102
4768
1834
5432
254
8258
10950
5868
5630
440
3578
7730
3032
7208
480
6594
7070
6042
752
7822
2784
6102
8160
5456
3588
345002
11692
292
4334
3696
1488234
1046
2238
8594
2592
3922
566
183130
4888
4870
2754
2866
2820
2852
3392
4148
3930
4196
5144
4782
2990
2538
1786
6034
2858
3310
500558
6796
3538
280
7934
288
3088
7524
3964
8294
5770
2958
5616
2566
432
6922
4416
3532
5144
3018
5380
4370
8948
5526
3402
65990
2956
5340
3362
5398
274
3158
853082
3544
486
5762
8422
4832
5260
4570
4200
1686
5518
1930
2570
337094
8334
742
6646
866966
2266
3910
2530
2336
5944
262
6746
9488
25526
1374
8828
9194
2064
249268
9754
6214
1979850
7126
2350
1402
7584
5590
1652
4446
984
4410
3228
492
2130
622
10412
10054
3094
2226
3650
674
2570
3896
538
3422
10232
848
3290
2321600
6024
11472
4314
775648
4444
1962
372
4712
1856
4254
5866
3124
2880
548
6868
2064
4900
6952
3108
2026
930
6740
838
2490
2574
2060
518
1352
3646
4666
1076
4010
6164
378
1526
3780
12620
2700
8014
6542
5008
5216
3084
6490
3452
4376
4146
1142
1900
3980
7152
6350
2398
7866
2946
8032
7636
6978
3646
12534
2966
622
2320
6220
2108
5268
1854
4044
4982
21870
3828
9330
4224
1658
4006
6114
158230
3626
4310
2150
1510
262
4938
3266
3500
4426
4842
3906
1722
6920
4084
5594
1904
916
396
4828
4642
5068
9472
628
1984
4582
1928
9668
4118
2470
1458
556
2322
6168
3472
2198
5640
195702
5724
2700
5236
3242
6584
6008
624
3932
10510
9258
4682
245498
2164
3378
2660
5856
4680
4884
3486
3852
364
3466
2724
2422
4194
5960
2346
7868
3884
6674
576
64108
1125376
3464
944
5990
4368
3268
1776
5018
2988
1308
8746
5144
4826
860
2250
7946
4722
5344
3690
1708
245862
752
5678
5278
6838
4438
3206
1924
3428
3202
4174
4872
2330
2248
392
4666
6162
6908
3448
7612
2240
1496
4264
8346
3240
378
8796
9602
5648
7596
382
272
3390
634
5792
7032
4414
5370
6962
2884
4460
3498
5888
7914
2672
9796
5048
1002046
596
6556
184036
2960
926230
5260
6250
5298
2752
736
10006
6714
188832
226764
6950
462
9836
4704
1716
3400
4402
2030
442
5208
396
3172
7642
2330
3648
5276
438
7504
319450
5560
1162
3656
1310
3156
2860
4720
10004
2266
282188
5618
4414
176324
6050
3574
4144
2240
7682
3144
4562
3326
1816
1538
4472
3438
9206
6034
3582
1310
327126
2684
3314
16964
10152
560
2466
6080
4404
2178
12464
791222
2154
148550
1456
185282
6894
2880
4344
5028
1856
3324
35418
61176
5600
4596
7072
7942
2400
6682
6642
6586
2692
3194
94222
7130
6610
2054
1228
1838
4350
4122
5060
2566
4798
7154
3434
3414
4906
886
4754
250
3776
2008
1079908
2422
4282
3824
596890
10828
505040
4728
4252
2852
3034
6420
7094
3472
918
6170
2386
3070
10624
3130
5696
3712
263982
1114
10986
7492
6976
5924
10446
4518
3158
1695810
3948
1846
2162
3144
390
6074
7404
2002
6636
4310
398310
7348
3314
2708
10232
2414
2890
984
5758
2534
1062
3620
4886
2938
4278
2658
3256
1048
6474
4388
6862
4238
3148
2196
5554
7672
4030
3368
7024
832
8248
3336
678
4582
4784
12230
2098
4474
3614
3658
3068
2642
3444
113664
1984
2002
187456
9472
396
2448
2374
4230
2910
1054
4862
51644
3086
2282
3656
4048
4104
12256
1382
5084
4260
2792
1868
6510
6212
1682
3688
1784
780
2068
872
3632
8352
3542
530576
4496
7150
10730
654
6674
2084
3960
1484
240
5384
604258
6382
938
3046
5300
1266
4538
3812
510
4764
2410
2876
8122
3250
6708
646
10378
5492
1350
4458
5898
5664
10524
3456
4904
1416676
2608
6708
331920
6706
1844
2898
9414
628
9164
358
549432
1642
380
1864
866442
9380
1846
2920
2826
6068
3622
207208
2612
3502
4340
4982
5566
3340
4556
3706
6318
5528
362
3098
6234
1286
2226
4266
4608
2960
445346
2898
838
1123884
390846
6700
752
4956
3334
7086
1096
1626
221574
7036
3196
6644
270
2666
3900
4246
5374
4890
6650
7426
1154
1382
3206
3062
4056
3216
742
4622
9490
4024
2922
4458
7492
6784
1202
7598
7256
284
3468
5992
1200
3382
5062
846
9476
2828
4118
5292
7370
21912
258
796
1652
5604
1574
228
7026
174396
2418
3404
8654
4750
2498
5940
7286
346
43464
3398
606890
7978
294
489940
3892
1980
201268
850
8306
7000
1700
4484
3668
359702
256
6214
2306
3946
1810
11122
3788
4154
11032
3430
3986
5800
3232
816
7184
212
5078
2020
4262
792
10608
2014
5948
902946
4350
6664
2392
4868
2160
328
3326
1508
4356
14556
3490
5418
8570
862
3298
3318
9574
4298
1820
1374
3044
4240
1354
255638
5362
5920
640
4876
343862
2856
4498
9578
382
4726
9404
3580
4818
4090
4792
3848
2206
1702
4018
4190
248
8564
2824
7222
519388
4324
6230
5606
2886
390
4296
678
432
810
228
221064
972
7910
5432
1284
10530
8100
1512
5434
11722
1172
1094600
271926
7868
3676
1160
1096
4336
228
4126
5518
12866
9238
6650
4238
1194
3948
94630
4288
4012
2502
2788
4412
4260
1856
4504
2828
331078
5714
1198
10556
476
1478
7744
2500
5446
4938
7408
7524
548420
3506
1492
5854
2074
156572
298
2202
926
6092
394
852
2372
508
1888
1458
1520
498
5596
6824
3760
866
3702
2280
6308
874470
1678
5064
1820
2866
1120
7790
724
398
7130
2134
6618
1154
2476
2822
2962
1560
1868
3532
2858
1634
5292
1816
6960
368
9254
1068
7002
7850
2626
362
1656
7164
10364
3712
2990
1090698
248
3494
4034
3172
4374
228
1990
4466
4828
4642
256
10740
5208
42562
7812
4704
4078
3638
714
764
658
6638
3664
3064
740
440
5082
390
4972
1176
2928
1756
3090
800846
9202
3388
3372
1734
1144
2952
5886
2578
7552
3022
5592
5914
458
4164
3170
47086
4086
5520
9400
5336
3948
4006
20764
390
3614
2914
4664
5126
13660
7354
4144
127912
1972
5064
6734
10086
3100
3208
2040
247554
1016408
1874
8280
8650
6904
3842
566
5210
15598
540316
8866
684
2282
1208
5390
57796
5894
4006
10278
620
6948
4924
3038
262
4824
7452
5370
4130
1476
5054
4322
3670
2775106
74384
6434
1188
4238
6758
610
1772
4798
3558
533354
1108
2656
9192
760
8100
706
394
9914
4740
2674
4392
22014
5886
3144
4700
4352
772
846
2740
4320
4210
5490
370
4552
244832
2830
4390
10210
2460
346350
4918
822
3032
3218
1376
4812
700
371596
6306
3802
5246
380
5810
9642
5298
4672
1434
634
9938
9962
719480
3816
8430
282
3218
9228
2880
4052
6546
628
1512
310
5988
2022
4158
7946
1964
2780
3160
250
6656
232
1302
6258
83296
5246
650
4542
569292
4664
6370
3900
3142
552
5390
7820
6510
5456
11102
2818
6286
850
9760
430
1440
4666
3796
7760
8070
1958
3194
1960
12380
11330
3476
7526
5804
4422
5156
1998
7794
1052
10686
880
3454
2528
392
2288
3564
266112
6472
1822
6748
4224
6574
2976
8470
504
6114
4462
6572
9432
872
856
616224
818
64324
6520
2788
7290
1962
6422
4140
5666
3778
1276
852
8246
6632
2496
4792
4212
4096
5866
8312
5582
8374
2922
2754
830942
10298
251956
6598
3886
3126
1742
4936
960
3238
13138
4154
8820
1476
3148
4178
3586
5368
3184
5486
17276
4900
3558
6732
2732
10280
4486
1668
9094
358
600
4580
1380
4322
5068
3504
20934
1584
1006
7356
1558
77044
3676
4704
4098
3910
6088
3908
1358
3456
3312
2734
429998
4992
7770
2518
328
9094
6508
10366
3074
3080
294
3446
6698
248024
3506
3534
16656
1396
342
1240
7208
8824
4400
3844
2530
2320
2730
3708
5066
12072
10446
5758
6114
748
9614
230
2788
3462
1942
6016
4056
4480
9144
6360
6740
360
348
3996
826
990
6766
1972
3908
3198
2174
3558
4720
6598
7416
5584
11676
7460
1104
2234
492
1402
1892
2970
5858
110260
704
2916
5514
7718
1652
2368
2404
2344
2248
4874
1918
486578
1992
4364
5840
6882
9444
3082
4934
4228
282
3410
3128
1582
6376
3158
2360
4376
4072
1150
2302
796
5110
5670
2898
2928
3546
4292
2574
3936
7802
5130
1909430
7916
6022
3688
4708
1084
4864
856742
3996
5966
6174
1298
5284
2868
467754
3402
3536
526
948
5684
6024
6734
1596
3434
2138
3192
253200
3976
3494
2640
2030
5386
2824
2360
12166
3002
3984
2960
2446
91432
500
3000
1566
3614
59424
3682
3836
3854
2600
3404
4124
5240
6466
2384
390
5248
8984
2606
7604
4334
8228
3638
3964
1638
8790
2808
4316
8344
1956
5268
4798
3972
3592
2264
6334
2186
616574
9618
6232
25700
3780
3874
11548
9192
4506
622822
2260
1382
3394
2564
2980
2480
5984
3370
2058
87672
4024
4796
438
5426
1618808
4590
15202
2922
3616
370
2320
1894
8186
4790
3786
260720
2592
3396
2358
5318
2534
5052
2194
10560
2748
2006
6320
2642
3536
2664
3334
4894
294
1496098
488
18804
1750
4574
5364
9792
2682
4780
5872
7292
5826
5416
6276
6486
1830
4004
95454
7082
614
1713914
7692
2204
3986
5998
5040
1518
3696
6654
3724
4332
512
3048
3242
9002
4432
268
3618
2414
4702
7216
5058
2630
4962
1248
1816
3992
2170
6232
6986
4292
1180
488
6316
2832
165428
5314
2638
1444
6312
874
3162
1108
1136
4236
5230
6466
262682
3614
842
4254
14256
10520
96760
272
329958
5114
3978
392
3038
9966
7546
4126
964
5342
4224
2760
4728
5028
740
3894
6598
244
2274
3760
396
5900
4018
1094
3466
6238
11652
8072
6228
6474
1348606
3070
434
3654
4698
7032
5850
9204
8228
4886
7910
8698
7192
3356
5082
5646
2142
9644
5746
2172
2416
3200
7294
8222
9754
1796
5468
2460
6474
5694
6634
418406
3452
3810
3860
2170
2032
1125306
6136
1708
5500
1120
5326
14732
10616
3744
272
214272
6458
2620
2280
8888
3434
392
2372
2834
2282
888
8488
5422
582
5458
4074
648
4422
3558
6450
274
12190
6158
8516
752
5824
2388
2116
4100
252
6736
5190
668
4796
4954
3740
2836
4160
6532
4642
788
2400
476
14888
456
4404
3882
258070
3442
10752
3886
6896
3186
2976
516
6474
3804
2088
3190
386
595078
7138
1439216
6398
600
6144
460
3784
2618
4902
8676
1048
872
3674
6008
3278
5256
3280
11408
1958
4374
570
2220
7266
1634
4376
3818
7740
5294
4670
7826
374
6860
8044
2736
2202
3510
2216
5596
4534
254
1418
6656
3096
476
2762
398
4904
6390
1674
4340
5076
1748
7426
5678
1068
3428
80936
4712
3910
784
2746
1890
840
246962
368054
1982
9238
4740
930
261230
5886
1458
1650
3194
4504
1132
795052
2850
920
1276
2530
1064
279640
1634
3620
3872
1770
4122
455166
64920
2656
850118
1248
6844
5110
3452
3192
8216
894
4296
7380
611754
4282
488
606
195132
1522
680
3150
9568
14504
4834
4334
1392
1912
514
6562
1570
4682
11410
7500
5122
524
3136
620
4606
7852
370
2086
1574
1474
3174
3858
5160
6104
11034
4794
3514
8246
1420
3136
6822
13540
4942
1760
3088
59570
2562
1520
110270
3766
1390
608212
534
6274
3266
560
614
2190
2408
3422
3586
3852
1566
11044
1796
1896
738
4756
476
4420
4320
10190
2148
484
4824
470
2998
434
9532
5772
5088
3354
3398
7608
2696
104638
2708
9894
6242
5104
4114
462074
16014
368
9594
4322
3422
5014
270
4678
6778
374
960
6200
498396
4050
476
3766
908
4780
6116
8616
666
3734
10224
5424
5984
626
72608
188174
4280
1674
3360
6216
4574
1062
3315266
8092
4708
120002
6110
11700
3454
3992
3836
2694
6466
1140
4602
2718
5414
956
3110
3522
2746
3742
5378
650
4390
3556
1238
1658
6100
6290
5618
3326
794
2062
5760
9890
4950
3804
5010
3538
1234
3802
556
1744700
7626
4278
2510
9532
3660
5560
83194
798
3824
5336
1490
546
7010
5474
4010
6688
36126
3336
6296
906
4988
796
3848
654086
2292
1830
4828
2954
2006
270
4484
489644
8216
3358
12552
508
958
1201362
1284
445868
3348
7404
484
375990
874
4190
5584
3274
870
3648
4554
8420
3656
1140
698
4656
329402
1540
2704
4436
1684
7208
440
6942
5450
5232
952858
3004
176744
3652
6072
3630
1438
376
6798
2832
3998
4482
4182
8160
2634
2750
1530
6260
444
3278
1350
3040
5348
3456
6614
1836
3470
5270
10990
496
3416
8818
2672
4798
2932
10618
314
2040
5954
8816
9624
592
3650
531598
1376
5780
3432
1248
1568
2954
3744
1130
6484
2026
84694
374
5288
8496
240
266
4420
1552
1750
7508
6460
6462
7892
954
506
11772
367966
5590
2416
10176
298894
4368
2324
3570
5196
9226
302
2878
3740
3374
8236
14160
366
3960
2874
2390
2822
1200
4132
4302
2964
3492
8394
608
3924
2888
3238
12370
3638
2540
2112
2994
1498566
4598
8136
492084
3036
528528
5050
3564
244
4562
1986
2966
4318
3470
808
392
13842
1522
6112
5226
12786
2624
3370
2498
280
592
2362
292
2084
872
6302
5294
5482
1068
8192
3560
430
1134
5130
2832
3510
5512
5948
660
6108
3498
2750
1982
10160
894
2328
790
4708
3028
6112
876
512
278
2610
8208
2350
6460
14120
6296
8100
20348
1608
6512
402
618
7906
7412
2206
658
2662
4052
6732
4758
4832
11718
3006
538
96294
7596
5792
3240
4250
1674
5868
556384
3868
404
13796
464
2080
270
3172
3342
1064
4610
2476
262
2128
5124
1923874
620
2046826
13972
3740
953114
3336
244
4824
7990
2112
30324
4100
248
944
7078
4062
3958
964918
4426
440
670
4978
6866
6166
266
934
3252
4504
2774
1005436
498
3000
1440
2976
3440
6790
1102970
820
275530
1350
686
4906
1984
10422
3326
5908
3682
334596
3948
1550
2916
7284
7192
63578
7636
156454
309498
1010
6628
5566
1335118
3194
7204
3436
7424
1672
724088
3092
920586
390
6036
1698
6400
6686
2654
2392
3936
1366
525192
6034
2598
4882
346468
67872
4804
5392
4944
5226
860714
2790
5390
3859078
3714
3998
3038
4166
5484
10014
3152
254
5052
3020
3916
6784
5334
4534
326
2088
2776
3788
6484
2780
4958
2696
6280
1066
3272
3456
1448
2886
3472
4192
1726
2194
4910
8572
3684
5942
4658
2806
2214
3952
2242
1646
10214
2972
19446
4218
4104
272
3324
606954
4588
7776
7858
4914
2424
6686
7110
1414132
8266
460
7330
4558
4726
3546
2330
5474
2042
4298
2300
4500
1362
3066
6078
8536
72418
1162
8394
4094
3316
4314
7180
2608
3796
6446
2552
7088
2700
5108
4542
3854
3374
484
4466
562
1802
2392
2950
874
4378
4636
6284
4146
4428
8982
1936
1526
6440
4764
2550
7052
6464
4288
786
5664
3196
980
1145336
6758
4400
5804
4980
1352
8374
1380
300
5200
938436
1254
2488
4634
4616
6386
4302
8194
4528
3926
17716
4528
397110
858
556
4854
3498
5722
788
3344
814
4744
6826
2604
484
11220
2090
416838
782484
4896
2084
1854
3372
5584
3006
824
4642
1846
4648
7270
2978
3842
4328
4420
2402
1560
2142
1554
1006928
1098
3222
4740
2302
2474
824
5080
4304
2350
984
1014000
3456
3862
5642
850330
970
8286
1536
254092
2678
6960
1364
438
4572
244
2772
896
8424
4638
8284
14284
5492
5726
308468
8348
1750
6516
2926
1138
996
5640
1692
384510
1876
1196
7862
4156
5968
492
2048
2264
5336
4704
272
262
4880
264
962
3760
1602
5282
1730
4752
51066
720488
650
8890
810
4188
7720
266
10782
4180
10798
782758
6620
4246
1282
4704
9548
3608
1632918
2742
10396
8276
7478
524
1812
1774
2228
3928
1126
5468
374
2990
5628
2872
518
8168
5572
4600
5152
4038
4582
3956
4864
4248
4556
3826
5994
778
1570
1852
5622
1204
2028
421316
2396
3564
4752
8632
482
7394
4074
1188
10088
918
10500
11988
2612
2352
6026
4170
32846
4250
1960
3220
2880
5620
348744
2616
1268
2378
3976
1600
1214
6572
5106
2350
4852
4900
5226
5570
1972
6500
9860
3050
802
5340
6520
780
5048
6964
10336
2312
4578
3108
6452
3888
235642
12648
1276
1906
612
1698
3576
5634
334004
4532
2830
350
9186
6718
864
7636
4314
6596
1448
7844
6714
6932
4124
8958
6252
92388
3070
4636
11222
7076
2180
1004
8234
4214
3042
7930
4856
984
4248
360
13522
10282
5246
8392
7974
3452
996
3348
6698
524
742
12964
5346
5576
3286
4396
450
2438
3516
5804
2862
4950
1030
4184
3762
7284
5288
9220
4270
1288076
9366
6804
261760
3672
3472
868
6576
4048
2506
6088
2330
5148
3368
4410
5002
2382
4438
5680
1254
2228
3658
376
5448
8802
7104
850
672
7544
4628
4212
1551398
5788
5918
1500
756
4688
6334
1436
6668
76428
5990
4216
2656
8348
2070
182448
5390
2046
665988
3646
9468
4612
738
13554
1734
285454
5434
9778
4160
3986
8246
4036
6566
4570
6366
8294
5882
6562
1362
4222
328
9330
4048
272
3150
1664
2008
3996
4824
7948
9814
4430
1966
4934
3068
7364
3520
5412
5866
218
3584
10000
386
1780
618
12766
1069876
12170
5746
3872
251058
9038
68868
2142
7280
4966
368
1190594
1906
3894
522
1214
3122
668128
6452
201764
2292
3916
588938
1670
8214
5054
307884
4616
7842
12148
634
5522
3384
3434
4354
4314
6272
3830
3072
8204
432276
6400
3330
3858
3180
6668
6506
2594
8142
1506
4926
1762
6084
5908
1232
15086
4190
776
3938
6160
4014
2126
3434
9534
3592
7782
1069982
6168
5978
2750
2530
4716
5818
5536
3254
7152
2750
542
6184
3902
4842
4022
2792
9078
3212
3608
3702
5336
392098
8052
8476
2810
7222
3656
712508
196260
744
3864
6242
11102
464
1796
3414
11238
8954
5804
4416
7014
5412
2326
1762650
1082
1348098
4930
7028
4860
4154
5084
2758
3122
2666
2842
1052
7148
3786
378
10554
480
4190
2000
450
24156
4478
8070
1580
5288
394
1032
4328
1364
7356
3742
6298
2314
1966
335132
4244
2968
1084
9288
6766
3840
2442
469796
5390
7628
1834
16360
2490
6736
7408
570
4876
4992
9400
6166
3182
4574
5990
3162
1621324
4712
5724
3478
4350
4154
6050
9504
5574
5152
2570
4732
5808
1974
241796
6076
91182
3124
2824
303530
3054
6078
5012
6864
2440
2606
315618
4466
79340
8266
8782
8968
932
8490
230256
4776
3708
7366
2790
6866
6858
9754
832
274
2638
6004
3294
2792
6386
5718
2208
5592
1762
6022
5660
4300
1864
278824
5660
3176
5462
4818
3788
4726
3318
896
2976
3176
4744
6790
5446
3076
6652
2376
8508
2768
5516
3806
5936
1536
5498
860
4290
1776
4110
1834
7126
5936
4588
2832
5824
883866
3932
181366
3542
3296
3048
1948
2774
3940
6120
2780
3550
2990
2266
2786
6498
1126
941424
3084
4304
4162
238
2350
1910
3344
2540
4666
85930
6122
1890
2426
4336
1934
2350
1898
138600
4364
4212
4310
6514
2896
7360
3738
6964
3466
832756
5462
3724
2286
82586
1904
2970
1024
3108
872
2604
4192
1174
2850
3148
10170
354
3058
3990
3392
5390
9314
1978
500
6430
419768
9532
3972
2608
3118
3686
2282
962
5624
1774
2756
1478
4948
2842
3992
5084
5466
1558
7062
7092
2664
4270
3218
2806
124620
5318
4844
5560
5918
5764
3928
10844
9154
2602
3806
2890
2516
1747126
3078
6566
3310
4820
6358
5308
4708
2994
10818
5802
5692
3386
6276
3122
4910
4842
5300
1128
5030
1074
2338
1986
4818
3700
5048
4472
234
2452
316792
6822
6664
3058
484
396
5080
3468
291548
3684
2524
123978
5778
2343146
6432
2482
6816
6248
12896
5024
560
11322
5908
4194
1931146
1784
4940
4932
127388
962
5206
7066
940
5194
392
6848
3210
9108
268
1750
7794
2540
9392
824
2740
3200
936854
768
4692
2308
1244
5554
3994
2830
8706
1762
3578
7950
252
3444
7610
4366
848354
1492
3936
2794
4708
1358
2724
24694
592
968
6374
1710
2104
3460
6250
634
4158
2030
3764
2930
6478
3514
3804
2218
6844
1162
2162
92354
5182
3122
1996
3246
4114
6212
1458
2702
5824
86694
5272
630
3456
8500
1282
4028
3292
8622
1280
1904780
5650
1994
4138
3066
3588
4838
1962
7660
6958
248
600
1044
5896
4476
5568
3712
5556
4070
2134
2138
756
1222
521534
1906
3998
7776
11582
4438
4112
2264
380
4176
1009830
7426
782828
4930
2076
3372
8542
3166
4782
3844
4936
2640
7072
250
6942
1882
9116
2072
2120
2430
5950
2126
4714
4528
1104
2386
5600
4012
636
5862
3414
3222
1266
578
2074
6316
424
5656
3630
1480
2942
372
7278
2576
4096
7646
4810
3852
3222
8314
2774
3792
4904
484
4412
6204
338
5966
3666
7632
6158
2358
744
1186
3694
5486
4782
2214
7034
4036
10270
1672
2864
242
8588
5098
4740
2758
636
8564
5912
2354
2570
245860
4460
8540
500
7412
9800
4114
1549410
6406
10320
4538
6278
524
35656
2012
1064
1410
5324
548
8658
6038
578
5940
390
2916
2186
586904
726
6564
4130
1270
738
2624
5094
3786
9272
12366
1552
7670
11086
2176
4994
3140
1500
3678
7996
2676
916
30276
3552
6860
1788
390632
5802
438192
5220
10366
3022
776
2278
2632
2612
6478
2688
6358
3664
7184
10210
5188
6224
602
4604
6344
6300
1842
1932
8120
3714
7474
1340
5400
2270
3764
3104
3374
7520
7794
4922
3382
9410
8470
2188
1806556
11330
5204
3384
2390
5902
5902
4404
2102
6084
5072
2422
632
218664
346
1516
6258
3368
2714
1892
7368
2970
5476
5826
8274
10162
7364
3024
4676
2268
2522
4828
4376
2102
4744
64224
448524
4994
125802
3606
250
8972
2590
4470
4510
4000
392002
8704
8672
4392
2586
3534
4638
4954
3924
5090
2646
3172
2762
478
7458
2904
6080
2640
2402
474
8262
288
1696
1598
274
3458
7934
4678
9322
5022
3522
6980
10488
149766
217050
5068
5716
2812
8884
1246
1768
4536
9320
5800
4246
3938
7256
465180
3872
4870
390
3566
6752
4528
5150
4338
2856
1716
4360
390
587144
2218
7464
8348
3208
5798
3250
2702
2494
5244
6068
5662
1322
6240
4334
2570
1432
3560
640
4198
4408
4880
1062
5328
15862
4070
3194
4250
390
1990
394
2580
6088
4218
5450
3806
8234
1502
5096
5052
5024
746
526
2270
1726
874
7906
2686
5630
6202
5912
5648
434
5186
1810
361158
4360
25168
2520
7444
1766
3942
1398
5604
2854
219714
4798
5786
5348
6520
259378
2416
1046
2578
15726
5592
5780
3202
3870
6188
8816
4966
573878
2166
494
3820
2514
4312
3658
994
3590
4242
2812
4190
11982
4174
3944
4872
900
6822
3754
422
3464
4326
472
4656
488
3736
31526
4736
6426
292102
4466
1916
5904
758
378
7110
6050
9436
2336
4332
2946
2796
6496
4646
3078
4014
1430
2904
4786
1752
91990
2740
3220
4000
1976
4614
4486
1122
260
3084
7730
6980
2058
1512
7278
2988
2592
12610
875260
336
1328
2036
8236
1984
6360
5594
4584
9228
2202
8044
3530
6006
8830
13328
1380
4584
118798
5150
5596
3862
3742
4188
3702
2386
7184
10814
11046
1592
5386
3292
3516
8070
9772
1449504
2732
4254
4226
768074
480
2116
3886
3064
3626
1620
2594
2542
8348
750
2588
2122
5228
3718
2094
5442
3992
4420
1890
3728
1221236
5326
534
3258
8034
4742
4342
812844
5646
704248
1732
284
794
728
8350
5150
4628
4300
3908
1044
5418
2054
1400
6908
5280
1798
1448716
396
3618
7006
3924
3770
5654
2868
2818
4078
4170
120302
3512
7772
1582
4262
8286
3192
3690
4860
1910
5476
2910
16758
3522
3234
4602
4952
8292
3874
8216
9812
1070
5008
4696
2174
3784
6242
4282
1868
5798
5694
2734
1950
2856
2170
3402
2826
366
6540
506
4398
3404
3236
6364
2808
1410
7682
4240
4200
2636
4868
2932
7050
5540
5284
3666
5724
4716
6510
518
4320
2510
3058
3798
1048
2824
3712
924
2984
1164
3692
3306
5588
1746
7310
78534
392
715378
892104
5328
1280
3248
72490
4220
4558
4946
2172
1368
3190
6896
6662
3640
764
3594
6334
441584
455072
4168
566
3212
2400
3850
3244
4722
4868
4152
10806
280
2686
6590
2906
2940
2664
4088
6758
4720
5928
7172
2472
952
2812
11226
2760
4608
4588
3672
7036
3260
3122
4718
6336
5466
1388
3742
2616
2030
6730
820792
5180
3918
3878
1940
6324
1092
5102
193240
7446
5118
6412
4250
868
2506
3992
3552
6372
5354
2982
3754
2592
274
8700
318
3636
686
6654
399612
2520
7640
652032
3856
523650
4172
1894
4514
2066
6048
315082
3332
5298
633130
4876
11748
4464
3210
847096
2220
5328
1550
2896
786
10928
2710
932
3120
4104
7118
2702
3540
2748
6920
3522
6914
3044
3918
2736
6620
4440
5886
2882
3940
5782
2760
4546
5336
2852
82094
4384
4004
568842
6228
2498
6386
6022
5834
3528
1438
5562
1712
5948
500
6570
2976
9744
3138
3464
1024108
2632
1752
3594
6348
518
962
4338
9882
9276
4620
550
1066
7784
1838
656
10036
796
3962
2210
2366
7082
5562
3176
1702
1110
2580
3206
1614
118704
802
2380
7144
5300
3108
2526
392
4952
1918
3272
423556
4786
3030
3202
7246
3152
3170
5528
5670
2642
938
6626
3562
934
3812
5260
8210
290
1448
4148
7388
1170
1356
6072
804
896
500
5352
7322
500
6340
2774
11792
5372
4380
270
1868
360
3626
4198
543336
314010
134722
2568
2182
97862
11736
1410
3890
6246
4506
10770
7780
47248
4666
4242
550
6590
3500
2502
11842
9904
3268
3102
2696
6114
6106
8996
647486
1904
1358
5908
932
7968
3124
2716
2288
5532
7542
2768
1244
927958
9138
6060
4840
4420
5576
5686
1062
455070
10612
6194
4858
2628
447562
91888
7330
10280
1456
2236
7628
1994
1238
1830
2768
362
868
4418
2726
2992
1578
8114
1182
6132
2156
274
7698
8308
10404
6326
442
3066
5222
3770
1167872
6448
868
530
4228
8068
163790
3322
10418
512
8898
814
8152
2630
938
4792
8652
9314
4072
3770
2026
4724
1818
434
2936
4766
2434
3604
5408
342742
4922
6176
6282
6842
3800
1490
10106
4244
9836
1894
9098
392
2370
5122
8366
4838
994
502
1170
748
288
3120
6142
5660
2024
3650
119618
4096
5678
2248
8042
6138
5182
5056
7602
3970
1076
3120
4114
1992
8826
1192
1941370
6668
798
5522
746
2930
9858
5340
6704
6102
3630
3614
2540
1418
4118
2546
7818
5842
7444
1578
364
1558
3622
510
680
2792
6426
666
5006
3560
1358
3630
258
16046
2804
4516
282
4230
8718
3776
10066
4594
3714
2696
3268
992
4742
602
5112
162622
4536
5388
4580
3108
5006
836
5972
11540
270
1132
8726
1968
3166
8164
904
9770
2936
3208
2952
5360
10350
842
2798
15524
3558
3526
7596
5912
7328
10820
2572
4346
3060
5892
2396
2632
1147650
5202
5488
4820
2168
304
2244
7716
4608
7072
5896
6656
3330
7446
10196
5764
637108
7222
4298
7068
5342
6612
1074
547168
5622
6340
3016
746508
524
193072
6194
496
2544
9284
5044
7412
618
8242
5988
4900
2896
47064
538220
524
832
1630
388
382
3374
1008
530
412114
246
970
710
2598
480
496
234
232
1468
1060
1468
2062
1268
1310
3042
734
802
112956
1226
286
612
256
1364
1042
850
41084
952
1156
1152
276
242
658
644
798
744
474486
1292
2928
368
232574
375764
248
271338
1114
3266
2846
2006
394
1926
588
394
1196
74956
744
1698
1842
1408
928
2654
1676
1056
522
1245294
215990
638
1408
266
2444
232
708296
1250
2732
1212
474
492
130922
4706
1316
1102
360
2540
258
1494
1418
850
346
998
228
5490
484
608
226566
468
1370
930
1132
258
612
398
4304
926
784
1568
1376
1084
779338
752
4374
740
378
482
268
736
3042
704
1094
262
490
256
1140
382
758
1308
2392
1532
246
250
646
252
264
572
890
278
61506
376
511456
244
1556
254
1554
884
352
1568
238
1454
990
262912
1312
623842
276
4248
2196
258
968
1498
2318
242
4766
3040
2732
374
3728
804
996
498
1366
340
522
1343898
1380
716
964
2408
1362
230
4506
3764
1666
858
914
1618
1284
2266
608
746
736
1448
518
209572
254
1550
1204
1886
234
746
494
252
260
1666
628
952
1218
489396
638
532
700
2056
1264
1482
994
718
3084
2986
242
264
1632
1191956
1108
1194
256
1674
1222
1218
1474
1238
502
1484
572
940
1094
636
180488
458
286
1222
980
544274
39544
516
400
1444
2486
850
1502
1436
1152
384
600
852
368
644
864
1116
384
910
278
992
620
1536
232
2406
1478
1156164
862
1254
474
1322
1128
1016
598
270
1164
848
1112
1746
1736
3266
2092
1308
1668
1440
3532
832
394
1194
364
384
1226
376
526
270
690
520
516
395112
5668
566586
1294
250
730
612
250
2290
502
1774
1364
246
772
1952
848
1838
1626
654
358
2080
582
262
662
1306430
1894
1016
714
3730
348
492
674
2732
1294
842230
500
505034
596
1356
478
1190598
466
1434
728
3042
1662
1388
1680
3800
4218
772
362884
238
1268
1894
202084
2358
358
788
1630
244
1804
246
1016
3096
1545848
1632
236
738
710
1006
1892
266
2172
266
284
2048
884
1000
272
1258
240
2904
260
478
828452
380
530
1203560
1292
500
264
226
274
398
784
670
1252
726
2654
392
236
1032
1078
950
1062
586
1168
1962
838
1336
1196
608
248
1376
750
3120
600
762
230
372
720
1744
1750
1196
366
610
1966
250
4270
678
3968
2290
892
376
668
250
1780
1468
394
468
1848
2066
252
3294
632
2038
342608
372
992
1726
238
6246
1064
1360
246
264
1060
236
248
928
1482
366
852
2746
177776
582
1856
236
530
252
3836
226
144270
1270
1002
276
508
238
463258
518
664
165388
368
2158
266
1270
260
1504
680
500844
319186
354
366682
604
272732
1058
2016
250
948
762
394
254
984
972
954
165058
372
393082
782
258
2332
708
586
2158
3252
1016
405246
1512
272
866
2110924
2352
362
4282
982
238
2042
2686
1076
896
1384
518
392
258
852
1506
762
240
3120
3014
370
268
1362
492
1090
290
372
248
734
2218
596
1774
298
664
450
1002
260
256
30240
530
848
47866
240
201558
180434
488
262
1508
624
2938
966
1054
234
344
626
976
500
1048
876
124526
3874
1032
2066
1340
1262
630
121746
4132
1338
2082
1718
1728
1480
1958
976
794
348
2316
766
548
250
1444
526
1520
4154
1012
1632
526
2096
606
880
478
794
5432
1421216
750
1932
2422
1290
261406
886
1876
514
236
1322
1078
498
242
795308
1034
2774
300262
637988
390824
882
451078
554
1276
1290
2632
1976
370
232
924
402
782
2292
364
736
368
530
1628
1016
1372
124970
1428
1736
656
270
1000
1270
368
608
1760
3120
296
746
2322
646
228
1620
1810174
384
254
542
1546
2220
654
4798
250
902
2370
772
3732
480
1158
382
884
1542
376
2240
2306
1978
682
906
984
504
1498
250
1668
882
250
2354
1104
318
2038
596
1696
325926
1364
468
890
3648
876
1008
844
250
432
2644
2126
861682
250
1512
282
3012
626
2486
742
322656
1800
1868
652
238
225926
1496
1312
1496
3132
246
396
466
474
2366
1132
484
1354
1220
226
612
716
1260
766
362
848
710
788
1634
714
17246
2360
224
918
730
377798
246
1390
376
3062
234
358
1348
3900
3560
2568
1006
530
2032
696
478
882
545848
970820
728
1200
366
590
1080
268
830
270
1944
620
990
1006
534
232
1454
1208
574
1242
932
730
1124
1196
548
494
3130
179584
2414
1237948
742328
1418
4236
852
858
1254
388
1428
397700
500
1320
2216
229086
1294
848
1456
1105382
828
1120
360
472
726
392
3992
572
2326
610458
246
712
4724
476
2006
966
1090
5214
1670
486
2274
368
266
744
1146
382
272
1492
3452
490
232
764
576
2272
362
604
460
2159236
986
384
586
892
630
1142
852
1474
372
2530
686
1732
352
1570
1058
1368
374
1680
374
260
846
1228
786
752
352
1442
2648
260
344
644
264
370
250
616
1426
986
1332
1458
720
466
246
516
382
1930
250
2974
604
506
256
720
1276
173704
974
796
1294
846
270
744
1632
1276
2246
464
730
460
1438
2574
201078
1236
1080
864
246
624
500
1134
272
396
262
2076
1878
514
1712
556
518
7340
1095968
520
1254
346
1110
545946
1238
56960
1146
186966
1292
49404
1506
252
1246
868
480
706
3584
4768
1896
256
2198
364
120604
1258
874
1212
574
256
1324
806
1712
2084
1460
610
4522
374
210
958
1168
3052
922
592
493782
1238
234
866
3776
1197346
488
4160
1710
240
327072
525138
508
522
1190
1404
1688
256
734
978
127022
1274
368
936
368
510
1870
1372
1065978
701688
2396
294
4252
3200
8646
644
2504
4556
2216
6662
4920
266
1352
6056
4416
7846
376
3598
610046
7028
4420
11848
2796
645994
3198
84528
1967830
1130
3763794
7214
11866
3980
3244
6132
6418
6518
793460
4694
4738
17114
5774
262
6488
8390
6128
3854
7068
2218
242
6376
3428
1528
3848
7098
22340
7208
5238
12360
4096
2916
2978
7134
5262
2094
4836
4028
4006
458780
3588
38028
1910
2680
3016
551218
6742
2546
5312
2782
3318
1692
5182
386
5776
6302
4368
5848
2190
398
2432
5916
7850
4164
5198
7692
2754
1144
2128
8248
2078
3718
4574
9396
812
3866
2570
4932
7182
2950
8880
6612
1006
2790
3946
66560
1778
3238
2910
8782
2746
5828
2544
171966
3240
2634
3492
958280
2650
6092
3742
4328
5352
1692
8850
10332
14228
5440
53566
3776
2434
518
978
638
990
7046
8576
2624
239836
1566
7992
4132
3486
5862
4940
2024
1506
2180
3598
3072
3180
4082
6734
2704
2640
2066
4214
2432
5162
4900
2194
3370
3192
3596
3426
9004
3478
3802
370
6636
7336
500
998634
5076
6428
6276
4640
3330
4052
2766
742
5374
2224
6616
2706
4860
3096
4782
4234
1166
45202
3984
2766
1778
644
792
4568
3802
5460
6094
3066
3904
5834
3604
3368
3616
6984
2592
6506
2146
974
4822
4078
1534
7308
4244
4450
2678
3414
4954
3176
4854
350682
2338
5276
4422
2424
145518
2190
5648
537132
8004
1716
2868
462
1352
2388
442
2846
5894
3108
3518
5936
878
6012
3444
955892
130456
5004
778
824834
5866
3146
2634
5240
506
4896
4042
3234
506
1350
1360
6260
3668
1828
229848
254
2344
4186
2156
1171988
2300
3838
272
1608
4416
9288
5532
2177996
4764
3382
7942
6966
12162
3974
6924
3248
460492
8086
600506
438
2388
280
6788
4064
690878
3178
7620
4720
256
380
3602
512
5626
254
766
3568
392
4266
3236
642
2758
314876
4678
3870
3162
4510
252634
5128
2052
10650
15760
286
8670
5790
628618
5166
4200
7042
3888
985956
3374
29174
2824
742
5060
4392
786
13036
246
3208
1926
7740
4304
218002
3716
3694
1294
1372
205788
1302
8766
3766
3568
4856
3318
280
628
3028
6706
1368
3848
1866
904
9498
366850
2446
9302
6914
3312
13558
1164
4540
262
4072
6252
11764
436
760
1564
392424
386
578
3584
11288
6774
4990
6910
8860
6028
3254
3618
660
3572
2538
290
4916
6676
4252
2432
652
9262
5506
442710
5294
658
1858
5840
386
5768
4460
415586
403088
3884
5650
7052
6052
3222
11670
810
235156
6978
2056
4958
346
2210
618
2752
5994
4812
1122
5068
3418
1958
4190
13232
9702
5952
2244
11064
2468
2820
9326
4434
9064
12070
6224
776
3144
2460
1568
3196
604
6078
6056
7466
996
1256
1746
12838
4640
1984426
9402
960
10886
5262
4616
387810
10498
388
138478
9042
3382
2796
3348
1524694
392
5230
5392
9850
3124
5008
311220
121026
6252
15590
4002
4922
740
276
6348
3932
6570
400
4204
2690
8578
1342
6192
2888
1402
1202
4936
3562
4212
2946
890
2708
4840
5200
3714
5612
8686
3272
6198
133198
10138
14616
1252
435398
4152
5014
1008
5496
8544
528
1476
1048
744
4886
6078
3106
6446
364
4262
11732
3450
1048
292
5152
10358
260
5236
268
2674
1916
8566
982
3576
1057552
4708
1670
6120
2744
9040
5224
4204
4594
626
1614
3014
5074
750
3378
4534
2654
468
508
482
1540
6394
2858
9944
7512
13646
642
5016
546
744
2188
6802
9188
5020
1634
766
4424
3412
3720
14528
6374
1088
9692
8972
5742
785266
8058
11500
1478
6476
5584
3826
6308
3608
8986
6416
262
4684
1744
7748
2426
5574
16744
936
11098
4574
392
5020
5032
3108
5384
3198
3844
1774
5224
8706
2732
392
3870
5106
5790
11652
2828
7432
5646
5364
11500
8372
660
4236
2020
4984
11166
6534
2764
7738
4270
3538
266
2610
4406
1086
9552
10544
6648
7436
641872
2564
2012
856
3234
4120
1800
6454
4236
1742
3188
3906
756
6034
3442
302
4536
768
4554
3266
1532
395496
1378
2718
1015664
655912
1914
22358
1986
1204360
21032
2936
5764
2288
31496
9544
34392
9122
2092
6866
4448
4544
2120
2582
1253964
3310
1754
1512
928
5082
1348
2490
1966
2602
7538
6992
924
4102
673584
4428
6222
4450
3690
4522
4300
6448
3120
6228
29372
3348
3708
3026
538
4882
4054
272
5696
4832
4084
4554
5248
1236
3682
3296
256
1182300
4594
6330
5700
3018
278234
5226
6016
5136
3324
938
5198
4958
13468
434146
5384
4936
4694
858
4846
4776
5620
3820
792
6796
4370
4766
4562
3126
4800
483266
239540
880
585102
3694
3474
2482
998
7658
72642
2906
3330
4532
2510
8512
4154
6214
1194
742
3522
6090
3236
139690
9952
248648
1534
9734
5192
918
5222
4182
1350
3526
584
648
7932
2816
3588
322728
3740
2162424
2352
6276
3512
4612
6046
90062
6924
8254
5088
5526
3036
278
5522
2398
4548
4622
7068
2104
240
1450
3456
2720
3266
4326
736710
2146
2738
1692
273134
1458
3534
3624
4132
5600
5534
4572
9614
6800
3840
5704
4720
2870
3018
1986
76522
5864
2818
394
1086
2528
617122
4506
3216
7888
6404
3830
6484
394
3062
6618
2238
6260
3630
5866
3206
4990
2610
3238
5024
8658
4810
338
4094
5530
3142
433680
4244
7992
3102
3670
2272
7244
1858
3768
567360
7758
4500
41706
3808
2424232
2522
4188
7000
2874
4182
279614
3896
4926
2644
7968
3892
2122
2040
6002
2144
8152
3568
6714
2690
5320
3630
4294
3892
262
3172
3976
5932
9794
1858
232094
3146
2720
13176
5972
4890
5458
5368
9786
3704
622
1140
1285484
8218
459504
8064
3442
5556
3898
2682
173774
4804
8044
7882
468
2726
2422
101090
490614
6648
3978
4430
3510
3052
976
7848
3192
4738
5632
5962
6524
10496
2554
3302
1394
3728
3348
5502
1370
4310
8230
227776
4806
4952
3160
702308
2214
462
1602
348
1986
5908
396162
504098
830
244
5736
2008
5404
1216508
6864
5052
3988
169634
6154
5126
2870
746
1736
4768
1664
3174
2740
3732
76702
3068
1844
1770
477838
3436
2772
7450
3872
354286
3958
215902
6596
614
4260
1810
5384
1296
9338
5722
357048
2174
4574
3118
1882
6074
662
4674
4316
4090
3638
6948
5792
8276
3916
4712
3592
6904
942
1939338
2022
396
5472
600
288454
2962
2380
3076
1340
5564
26546
9392
6698
3146
3192
3868
1306
3504
4156
292
4044
534
3486
8418
3900
6336
3638
107028
2888
3836
2852
812
3622
7896
1420
3096
7152
3130
3712
6838
4700
2642
8168
436032
1150
3192
2098
5398
809924
2884
2756
2060
5212
522
5324
8486
5672
10696
5732
2228
5396
1364
1988
3986
3684
6210
10788
1167586
552164
10182
3570
2592
3510
10976
3392
4026
5210
1244
1132
3128
744
744
5528
5926
4514
5956
6414
4308
3048
448
1077624
3116
1004
4540
2784
1520170
6224
8660
3158
5156
3088
7412
5416
3840
3730
68898
392
6814
4268
1810
2574
1276
828
2288
7308
3878
4142
1004
2506
6482
2460
3004
3922
6834
2946
5754
621220
3448
2278
4250
5062
143446
5268
4410
1882
5468
5090
2332
4916
520
5170
1784
1654
13064
6746
1182
2376
5738
2772
9150
2624
5658
3714
2258
268
2940
3736
1690
2446
5492
7834
2610
3176
4156
8498
5890
5004
413650
4094
227180
1253470
3732
3070
5422
6888
7282
2128
2812
920
3326
7102
5166
13770
6328
3190
4070
4654
44154
4062
247566
215436
4844
2230
3878
3116
6428
155146
338
1438
2678
3394
1220
354
3180
2988
1500
1524
2884
2938
3868
766012
3932
6330
3682
3030
3574
356686
800
4946
6488
3786
4396
3554
3144
3168
122250
182718
6478
2794
250666
113268
3454
1790
4012
533778
552
6822
626438
4776
8748
5046
5112
968
7260
4426
9246
85498
4138
1106456
2410
7276
7454
5864
5758
4304
3226
812912
4952
2594
2924
7556
5212
998
2646
7124
8680
272
3346
1806
2104
5720
1460
1864
3088
3526
3364
2268
2600
388
5086
2610
98716
7896
8366
9642
1384
8370
388988
2520
4236
5482
4046
2348
4946
1824
3298
6316
3196
4424
522
981900
4592
7536
7908
2756
6520
496
726594
1702
11372
9216
1384
5346
6318
6752
2604
5098
294
742
5222
3006
2038
169304
4920
5392
2252
4350
1812
2538
6126
3982
5300
2726
4496
7040
3482
4916
6982
2556
918
4994
3518
3826
4600
1794
6480
4932
7124
4016
3272
6512
2624
2876
5914
936
5066
3474
3094
452112
6362
1622
2716
870122
3942
5650
3640
5624
3360
2510
4776
5330
1388
1083740
3448
2062
3256
1702
4006
1762
5354
304490
2532
4508
3112
1094
9296
1986
2702
5334
8206
4790
509814
1376
2722
4404
22210
3760
7014
5674
2360
3782
4258
3162
8050
8194
8026
2142
2804
5650
168926
3790
3562
9740
2346
890
2368
392
766
1577348
5986
6562
8560
3328
3702
902
1170
10124
3470
5192
2030
3640
4530
2498
10038
916
346650
2816
1716
1728768
1276
4434
1222
324
606
1922
860
5034
362
3320
7010
381788
4600
3996
3036
3170
396
1686
8014
6188
268
8690
1602
2704
4586
3372
4142
1868
2660
274
3314
4692
2536
5822
4062
4156
3686
3450
1182
3594
3126
4900
3434
5920
4450
1940
3544
516
3990
7158
304
1780
3604
3426
8736
171262
6700
4388
8908
2078
4066
5356
2748
2842
217996
4448
6290
366
3834
4610
5390
2336
7096
2026
2092
6280
4586
396
6760
614
6944
4032
514
1598
5250
3756
6550
4700
4268
3418
13558
3824
8100
8978
746
2038
3326
2672
2074
4104
1844
6764
6458
448
752616
4122
2180
5934
2394
11380
644
4988
842
5672
77332
5754
2678
3094
3990
2864
7744
292122
10084
1868
496
4980
626620
4342
4886
5138
520
5352
7408
6248
6214
4076
6976
7164
3332
3752
8810
3202
400
7502
4680
5068
4812
1868
1538
698
9606
3898
5490
4562
3428
522
6108
3792
856
2776
7654
4614
5610
4698
3282
303030
3662
6500
1936
2636
1186
282
8992
4746
8838
21666
299212
768
4080
6026
6086
4220
3976
3950
3980
4122
6380
3488
5256
678
3998
4904
3556
6396
3078
5626
379668
17748
1454
5564
744
78174
4908
4902
2566
6578
5450
6542
2312
3984
6444
5114
570
69998
2894
3578
4146
4002
3376
3762
6034
3876
346450
3312
5562
3766
264
278
11502
11852
4972
5076
7074
10956
974814
9774
896132
1528
6954
3788
3046
1842
3930
2360
2380
5004
2884
663856
4022
656
3808
5014
8648
2958
508342
4774
6884
4176
5240
4010
1502
3668
3762
1288
3356
3822
1490
9294
122554
2632
2272
4650
4288
5764
2076
4386
10616
502294
601728
3970
3488
219780
2888
3432
6368
1432
5380
3572
5666
4414
3222
1772
2112
825768
558
8068
1204
2492
1302
1308
7368
495226
2218
4562
5390
2540
1914
852
424942
2194
8332
1428
1584
2090
3658
776
5018
5438
1532
4704
882862
2572
2520
6014
4628
1070068
3310
1800
5258
1432
8242
5760
2670
3980
8540
3438
2706
470
616
4540
254
1562
6858
3624
2488
3894
722982
3522
4498
748
1960
2298
5764
2794
2528
2020
3664
2010
6116
425204
3812
154996
689354
5408
1680
4090
3268
2664
4916
3496
6640
3644
984
3510
6718
4718
5058
62582
2752
6336
3906
798
2892
3838
5418
4558
3444
3640
4266
682
6036
4110
4578
4554
502
138922
4522
4110
3914
6964
9672
4588
3302
3434
8284
5980
2502
1996
5326
666
5318
618136
2298
3490
2762
356
1486
4156
2750
87330
3154
74706
460
2858
7446
4658
612
1535008
3478
313304
4978
288
3478
2674
1134
8926
685310
4226
8372
7156
3866
2580
4978
3268
1620
5714
1063604
302
10142
604880
3458
4630
5132
6870
9686
2012
5994
2698
3352
5642
3462
4296
4402
5794
3860
9694
5080
6104
123552
274
15312
5956
3884
2270826
3824
116176
1762
8316
60224
3560
4510
4234
3012
4040
932
3426
652
6492
6188
3404
1634
3072
51046
3060
3564
3212
5742
5444
1358
380
2476
2320
5272
2852
4862
7224
177934
9582
2800
3926
4666
8090
2776
3060
6054
5292
4630
4996
354580
3994
3440
7914
5740
8452
5060
7314
624
2580
4212
2578
1915874
5940
5608
4328
7010
3510
3754
260
1176
5142
3068
5848
5926
3330
4946
3956
528
5676
10176
1562704
5752
428
70616
31706
5420
6478
25394
3502
2198
4500
382
270
1226
1701410
1588
4328
3338
746528
1824
4196
3462
3650
1046
6226
4466
3248
610
5288
506
3128
6048
10172
4736
2626
9136
6998
5148
1610900
6436
6308
1848
6750
394
293906
6594
828
352
1964
3654
3990
5004
5766
3542
2496
3140
362
4778
260
1702
208388
494
4182
848
4964
5188
3884
6630
234720
4396
3444
2642
5140
7266
2086
1996
1270446
7102
4748
1628672
4200
4402
4064
4902
7904
77938
5846
157366
7868
3844
3994
7926
2330
1146
5252
250
774
1156
5468
9444
5490
5146
1624
3650
3000
486
5268
9620
2948
7764
1190
626132
5348
7628
483854
207562
3298
1890
3794
1180
5094
3920
5210
4476
3936
20918
3578
944
4860
4538
9662
351732
6630
8460
7540
4332
1008
8896
10456
3228
3380
2326
3352
3018
638
686
104594
5390
5096
492
7550
4110
658
740
3472
4762
1020
4250
8522
1920
147178
3462
6710
1236374
4858
2984
6990
2150
5062
7718
400
2600
7506
247288
3662
5594
44756
5004
2818
5440
3418
4368
8106
3160
20542
12090
912364
7356
3118
3366
3864
3260
246214
3928
2086
93550
1592
15082
1211884
2642
3914
9928
2140988
4644
8758
94284
6954
2938
1498
372
4510
2698
5342
308
2914
9090
8868
5368
929554
9132
1155040
1074
7570
1010
5748
1288
512
8880
1870
2312
4850
2452
10662
1614
224
4124
4932
340
792
2004
7052
6646
1789314
988
4488
2648
866
1472
1230
121362
5744
5756
4570
3362
4360
2786
2460
290434
652
6144
228
4086
3558
168540
1074
4888
4772
2752
1832
2388
6448
3650
1042
372
364
8012
1584
744
2784
1434
886
14374
4412
352
338
4584
8000
1091262
3012
5532
8252
3088
6822
6744
5200
4638
3600
5924
13108
4714
5936
4248
3204
738
7992
1792
8062
5440
2414
4122
5304
1354
5660
6960
6160
2842
7546
348
6426
4580
5812
6784
6086
2184
3858
2422
3114
360
8752
1228
2570
3042
148552
1236
4596
9862
4612
2578
6318
3940
2888
314726
4292
9648
5436
6118
1890
7532
6356
214808
203286
2578
614
5842
1348
2878
1050
911732
3640
334
10432
4108
4008
10734
3514
6386
3428
5324
7438
3870
7686
3210
667232
3182
5604
4056
895392
9038
9050
328670
3358
7596
3052
980
6096
4836
5548
850
8752
6370
5706
5220
13366
466
1090
848
4896
4676
6626
1154
4618
3092
438
5106
7420
4438
7652
4172
892
3380
3464
352
3254
9084
7726
4516
7954
6282
4598
2346
3420
6574
5638
4684
4456
7856
1582
4246
4038
4446
953242
11656
5196
2952
5372
5896
2060
3020
4270
1582
1466
3890
91158
2046
748
3552
566
1008
2470
8590
6618
7010
707866
2098
744
8706
7250
3636
1720
4684
2076
5056
5638
2350
1174
4300
1306
4980
7614
9978
570146
4708
1064
1934524
3794
873886
2342
4914
3368
354
292600
3154
7466
6276
2596716
1048
2704
7138
7232
274432
6612
150842
1526
1078
464
6974
6360
586
356
3492
3566
9776
366
816
155158
3128
4042
7320
3466
1223906
263500
602
3860
1274
7412
2892
5748
606074
4900
2910
4070
4272
2180
7470
4054
5572
1760
756
392
354
200654
8690
4238
8698
504
4406
4866
14576
398
4636
7860
4582
1224
2122
6548
5580
4488
4504
2587072
3018
9134
644306
290
4982
390
808622
2818
4624
7298
3004
5234
16316
4696
8320
68318
709834
4054
6168
910
494
1846
2552
5474
9130
2722
6312
17736
7718
1516
2962
11032
4856
3028
1410
5830
433836
205684
982
617248
448010
5960
5442
3562
380
1044
3414
6992
4188
2916
6306
580
4928
518
1778
3610
7222
5182
2348
4542
44208
2302
7054
1508
652
3614
3924
4822
536
381872
754
4078
4460
2082
3198
9108
2736
1292
8534
2880
1238
8700
1108
11654
10270
7412
418434
614
1988
3700
92050
960060
860
6938
271326
5510
782
2952
8564
4670
8562
5794
3984
116372
378
577438
6774
1550264
824
2678
1830
980
2650
114996
8274
5282
4672
1542
4970
6418
5006
1096
10388
9450
5904
3960
4034
4958
2748
5198
212564
612
3802
2708
4986
1194050
4434
3920
3146
634
3604
4182
884
2618
1888
1790
8944
4440
4832
1568
2492
1786
7662
2794
5286
470
1742
878
4684
588
3914
3000
382
7562
504
1656
11336
1266
3032
6434
6650
3628
5096
1084
610
4090
613600
4382
4648
3766
5560
414204
1960
622
4306
5094
4274
4286
390
986
7934
490
1670
7502
8788
4406
3348
5580
3258
1576
4936
4756
252
13598
13762
2724
3370
374200
4466
922
3786
372
4442
6138
4354
1754
4914
748
262
443962
1107910
8290
5398
4132
5054
3818
272
3254
91732
5378
89762
2894
4396
6194
2716
5902
1318
9818
1660
2062
3516
2186
9356
4798
1659504
4348
1656
3478
2286
634
5190
3678
3050
3006
2924
4616
4096
224576
6828
1822
3688
709522
3646
102798
5176
4548
4802
6750
8328
2240
1206
8742
8122
3480
3778
673014
4374
1920
5250
240
5588
16280
1614
4142
12702
102406
1224
3734
3150
3482
4424
2398
4608
5110
1256
3426
1066
9904
4166
4456
2928
2378
4678
800
2902
3958
3186
4692
9476
5420
2018
3066
3954
7516
3158
354
7472
4852
4002
1154
4638
18006
6992
5702
6184
7734
4766
6196
1428
2098
6024
874
3428
2098
7854
872
588
6966
52488
8844
4318
1758
2564
786594
1573576
4756
7786
1462
5204
13136
9592
1650
1204
8264
1104
8138
3052
3158
836
3826
3852
8416
13578
7488
3710
4468
11024
6378
10458
4378
8052
2674
4130
382
6108
128036
53116
6574
5130
3878
1226152
1352602
6622
2520
352
5180
85904
1796
564194
2994
552578
4968
4280
4164
1756
6512
5134
490
3238
682470
4370
2770
9288
2948
5258
2570
6370
8080
5962
2076294
808930
9844
164724
3458
1918
4222
4594
3844
3904
7682
5668
3850
5932
1616
398
7020
2812
3002
2648
3470
2764
5372
5044
2210
2628
2816
4614
4166
3302
2798
3306
10194
3150
5330
6474
1694
2710
5926
1850
3250
3554
1846
2930
3150
2030
10354
1370
8246
752
2434
4034
976908
16200
9540
8092
6688
354
630
3882
3438
3594
4968
5552
4942
2646
3902
26430
5394
3608
6978
2870
5280
796
4988
4712
1992
1676
4982
1616
3736
3308
574
6652
2568
534
6670
976
250862
2936
11632
4714
5196
3836
2698
6016
1694
1108
1274
7342
1068372
970
5298
6760
5790
8354
2882
2918
276
1414
1558
9358
299118
780
6826
4662
318104
1230
5190
1780
1658
11242
1700
4282
2962
9002
587366
9086
6584
3498
5382
8144
1322
1162
9200
4468
1842
5434
6216
7642
6380
3226
4574
4570
522
5506
372
724
5840
8030
2258
3002
1296
4476
535010
3194
2978
8190
262
268
2280
4150
6134
1468
1533770
10572
7902
10374
903526
10600
440
1295272
7118
3820
9504
3052
4656
5300
6432
3588
2740
5962
4474
2700
3542
8528
7192
3596
540
642358
3886
1454
4570
10768
1082
500
3470
132408
402342
1740
7836
7954
7240
2344
2372
5574
85444
5416
2640
1001618
4562
8620
2926
7496
6262
3206
4254
8168
1684
44848
5386
2330
7818
5740
4184
4768
2022
7262
396
1342
4080
2068
2160
682
4442
2616
3406
2996
3884
1674
672
496
2224
3188
305738
7542
1839246
2758
165112
1952
2720
2916
9762
1774
1412
4534
2310
2306
6082
5480
5028
5944
438
5448
1494
5736
11530
3334
938
2474
2956
8026
4294
5598
1264
4114
4226
9896
5168
7454
12164
3520
7850
5526
4370
4490
4080
350034
4410
3712
2766
1484144
3956
6066
3634
5924
7960
182308
3210
4910
4148
2234
4126
4172
3734
2886
4592
4132
3474
3774
2784
1054
4020
1582
3304
3092
499044
1880
1092
4300
4178
764
8822
1790
672
288
3124
5100
1170
4846
4550
4694
2994
3444
5438
3896
5824
3848
4034
6320
2266
8352
5712
6390
53130
3424
6786
7538
4356
3590
5766
2656
851888
5996
1758
8854
7110
360
3564
4954
2614
2314
770
4010
3072
1918
336534
2028
10934
1968
863888
1114
3292
1822
2350
4312
6818
3634
4962
1098
29674
1871126
1424
4972
1050
5228
6072
4068
6758
4876
6410
13168
344
954
4078
2452
904
8994
2466
2846
3410
5266
5570
13228
932
976
5986
2118656
209290
500
1048
6222
436
1310
5610
272
4582
1396
1894
771228
4398
5504
6632
8250
5822
1732
3008
5270
2936
4578
598
2758
4480
5828
860
6938
3892
10376
4042
4230
4950
7126
2164
5910
3376
3800
3384
5400
4854
1216
3208
4040
3472
2690
10902
7056
3172
7738
4124
2882
9062
9126
4160
4152
4014
1102
4858
7530
4924
2844
4914
2320
3022
1762
3240
5744
7190
1482
642
25558
5730
5732
6362
6200
3074
166192
3098
1960
13426
4838
1394
5430
12896
7700
1178
2292
7544
878
610
7770
8682
6016
7886
13568
1368
842
4668
6852
15416
7582
5896
5218
3346
2648
620
196494
2394
290
2776
4194
274
1002
7890
3518
7468
9310
1586
3422
640
3758
253612
3654
1278
5686
614
5288
5248
6692
4516
4292
1694
3064
3938
6074
386
1344
1680
2414
68082
3744
1127286
7190
4984
1080
4850
4214
3684
4920
1678
4982
5540
6258
2568
7046
622
2580
2752
257012
1924
3800
6864
4082
1402
13970
3122
9844
3704
6104
4776
5020
7900
3972
8852
1112
10574
470
1614
5190
810
5050
536
3784
5234
4994
6078
2800
1120
4410
4466
6880
6610
4600
3220
2376
4182
1504
5364
7608
2484
2760
2778
840414
153670
5618
836
198270
2858
524
2150
918816
5612
3914
5382
7382
1406
5040
186996
225738
5414
6888
8654
2526
5340
5262
2620
6606
5282
5702
6450
8266
5396
668
2692
1524
3754
1556
1716
309854
3336
1490
1494
5360
6456
2042
346
4576
9880
2458
284140
3000
182314
1390
5956
3986
2764
5378
4432
420
678
7674
4518
2372
6872
4350
370
2914
3560
11030
3966
6868
328014
5804
2730
942
5454
3112
8786
6864
12318
5728
522
414890
382212
746
292
326254
2572
1908
5846
3450
5792
6478
2106
2568
28460
3724
62870
516
2288
7000
360
3028
748
4192
8354
986
812
8684
5918
6376
2126
6120
4640
702416
2136
4070
4642
382
3040
330
1404
4364
11652
1566
396
746
6676
3088
2422
10554
2586
1724422
4384
1450
6220
3738
6826
672
7182
5004
2622
7154
3472
436
614
472008
85934
6190
4814
7628
8834
3142
2210
11862
3712
3202
2432
810
4058
302
5310
4260
6322
2834
5052
9932
1802
1886
2184
2478
2038
226
4448
7034
4856
600
2932
7094
4916
5294
9230
2700
2900
2708
5208
1044
3902
4058
388
11530
1548
6916
5736
3678
5114
766
11612
4720
234
6978
858446
2914
3200
1978
9706
4434
3526
11404
7570
5188
3678
3564
3368
5794
1436
7986
2832
3178
11362
2934
7974
12204
3606
4130
2140
8774
6730
3810
8936
12268
652
5194
1043080
4084
5594
2300
5508
12610
3710
942
1550
2458
350
5506
3898
8784
496
1600
506
4160
5058
5468
4912
5338
3336
644
562
10210
6920
4038
3416
1248
1124
8920
846
866
332080
4222
6278
8346
6394
4952
1364
10500
2608
588
3136
1462
3730
6390
1094
2492
6234
750
1754
380
2631708
8258
6988
1266
4910
1964
5522
822
2288
1408
5220
9714
4644
13742
5744
4494
12112
5200
278
178164
4948
1302
3224
5230
1412
9972
6014
8824
6900
4488
4098
8768
6296
4292
3064
3804
364
6416
4282
7950
3564
4578
4880
6484
1724
6520
4762
1004
374
4444
4200
8934
4358
252
3402
4320
1688
8920
764
2376
1518
4854
5896
534
684
415294
11722
554612
4708
5114
842
3926
8754
5566
3882
3014
5854
2298
3000
15478
1494
9516
3654
1404
4114
9004
515356
7862
3092
5458
62798
6086
3366
3656
666
3056
5216
8116
274
262
7280
3546
4496
1898
82168
910
366
1422
564
7146
2224
5146
7002
431168
6388
5834
2790
1458
3500
9920
1594
2618
5752
962658
4230
4216
2722
6546
1065118
758
4874
1754
1014566
7200
5094
8796
2308
115876
5848
1562
7970
4622
3692
8338
3876
1193786
656
3422
5052
4144
3582
4058
7262
2878
500
1354
7340
4386
526
1988
6172
166072
7354
3626
382224
2130
4836
371174
5978
3010
4454
34962
1374
1724
880
648
7848
5128
2078
2250
3252
8492
6066
9984
4698
6588
7818
15270
2770
3310
4742
6364
27308
5626
3872
14998
5900
5426
9788
2418
2094
10272
8028
1828
432
818
7302
9272
6558
12398
7060
1000
5842
3414
1306
1085228
4890
4258
3080
4992
3348
3282
2056
2810
898
624
9124
1054
1376
5094
47494
5316
4512
3404
2420
6704
4888
2260
13848
7808
817424
496
7874
3496
5008
4900
8274
4972
1654
886
2186
2634
9574
7226
252
3116
4418
46738
690
6248
450
8176
6012
5824
258
2602
4132
898
258
2966
5462
4272
10922
6116
916
3988
5408
5556
1968
115630
956
8284
1466
4914
5394
1352
3232
3076
5002
3380
1260240
12674
5252
2180
4358
478
3152
8270
2146
15220
532876
5730
9580
4564
54618
954
4504
1202
2264
2972
370
1382
6034
2264
7758
4462
986
7672
1240
5900
1528
8762
5316
2854516
5336
246
436
4730
5858
5302
2346
4612
533938
9464
356
7682
7556
10014
3494
3570
520
3352
14812
4894
6192
1486
3896
3962
6046
550
2156
4800
2906
3008
3214
802
242612
5772
4526
652
8138
1284
341076
5372
7576
3444
5786
380992
6486
606
3026
7266
7998
508
258
3590
2504
18028
2420
2970
722872
8216
3268
5914
5138
2258
3968
2156
4522
3580
6298
3694
1766
5658
268
2954
4624
1834
3160
9040
85802
6504
572528
10134
3264
1466
2612
1622
6460
938
6730
4260
456
1222
5954
7776
762
3952
5930
968
4486
1908
4056
5356
620
3142
3190
4188
1282
3702
6510
8924
6000
4950
4674
5226
8420
4694
8632
630
3966
3178
1924
3674
446
358
11288
3932
6604
2072
3222
1352
263772
6354
3988
4936
2566
11190
988
6246
2568
7320
6086
504
7624
379454
738
283320
6504
6764
2836
1404
6268
4798
9308
4362
456
6508
2270
3204
2552
4518
4972
3642
5352
880
3602
2678
2608
5740
1264
3608
2760
835816
2050
258416
848
6830
7356
8544
9412
5978
1282
900
5052
1672
284
13264
3746
1752
3230
4836
4124
3886
1918
3860
7022
4926
6124
434
372
4586
3578
882
7034
6372
1994
10818
254
3202
6974
5224
4438
5986
226
28486
502
3282
75508
5286
11056
4794
2818
6828
3294
6446
2864
429442
5396
304
5484
1552
3982
5890
3784
1408
2998
644
1244
3580
4324
7670
5456
1664
251312
534
4512
7936
1122
1298
2000
244
13716
1488
9286
1660
504
2990
3750
6782
3450
4976
5220
7516
314
4996
2072
5214
5028
310
7902
8846
1506
4226
5302
964
3448
5994
3734
1376
7010
6402
7916
254
2768
5832
3838
4082
1420
1684
4518
2318
5586
1166
5360
2350
8274
7744
10768
1468
2928
122480
2196
654
4634
4284
7338
3528
4646
3462
2088
5784
2464
5232
2920
1882
3174
2878
3084
489346
6194
6858
5576
3484
3966
1436
3858
3386
5996
364
8080
1830
3824
4444
840
4178
4366
3952
2644
4666
5760
5580
3350
3762
4470
2574
4886
4398
4450
4076
1908190
3836
794
384
1246
4094
4504
1928
7970
3638
858742
4080
2578
3156
2044
5862
2988
465590
6066
13102
7350
2730
3198
3458
2146
3960
247584
4170
2744
2148
4718
5528
2494
1150
4610
2480
6220
2066
2654
87408
8210
9832
5778
59784
7176
4916
3200
6034
6008
4654
5746
2120
6064
7290
9108
3070
4644
5790
2870
5018
3582
352
2398
4038
4828
6538
5140
2228
4642
3272
3316
2668
1858
360
2164
2416
613048
6502
5708
25116
5060
8064
6150
522
1106
1162
8162
1378
4682
2520
2696
98920
744
3934
4398
4418
2080
4114
4492
1466
2280
2338
2768
994
5546
4212
3380
4874
238
3896
4672
2168
516
1074560
2268
2710
616
3712
598790
3726
280
662
2186
499548
460
8284
4600
1090
2518
5398
8254
3890
8344
2050
3266
3754
12516
6170
3478
263612
1096
4282
1800
858
378
8636
5264
5760
9380
848
2878
2242
1704404
2470
4354
1266
4874
10300
4314
5080
4156
8308
396394
252
4624
1776
2922
1284
2428
4234
3380
3072
2398
5004
2358
2866
2522
4078
3660
4116
3436
4034
4318
3256
5102
2562
1998
2864
3044
4160
4830
5264
4150
2486
3650
9016
2722
6246
2724
950
4136
3904
3178
3984
3500
6576
336
3300
7482
110018
6114
184698
7436
4506
2578
5818
3474
7646
3910
58010
6162
3164
230
3478
8060
234
4292
3884
3330
6036
6104
7218
1882
5078
3186
3492
950
3588
5528
6264
2736
3726
3608
348
2770
522138
4854
3122
506
2194
504
962
6944
21854
603346
3400
5606
2538
3176
6070
3022
5384
9126
698
3610
3492
4946
1848
384
9584
3226
8588
2494
4080
5822
356
1960
1792
3880
1425136
2030
3840
329306
14886
750
6282
632
557552
5076
871846
4238
2432
6128
5038
213138
378
1642
2408
7684
7460
3818
4636
3524
3534
6612
4420
3796
13464
1358
1630
444414
3234
1122024
383242
594
3112
2162
242
4978
4752
2792
1144
5212
228720
5998
2322
442
3388
2592
2500
2170
1422
1992
2714
5996
6882
3188
4654
6498
10106
2388
4566
15464
16816
6038
280
7680
5804
536
8516
7624
5048
632
5964
3748
5074
2082
1960
4656
6546
558
28566
5410
9132
4400
176048
5592
1994
1354
1690
4670
868
4818
1804
6704
376
10152
44174
607258
440
264
498670
4890
1738
2956
185402
1154
12284
1694
5734
1404
9218
6640
368828
2032
2728
4200
3530
3558
1610
6168
528
1916
936
2650
1414
7534
4076
3632
3252
5034
6272
4426
6552
7016
1764
2120
5952
866
2348
901760
6232
4878
3686
3082
6754
7040
8644
5970
3882
4750
4076
3132
10254
2398
2978
616
12660
2314
4048
257634
3754
4364
345144
1920
3168
4682
8428
6228
3998
5844
1518
4504
10186
6012
7570
5956
4698
1768
916
2364
1790
398
531498
2100
3976
17018
226568
5274
9822
2528
5600
2116
3446
3610
4020
1356
4270
754
2154
1944
348
5756
1366474
704
3668
10518
6546
6964
4736
662
1508
2696
3164
5998
5278
396
6814
102012
6144
3750
5682
3034
1958
3538
2832
13420
6000
2894
1244
327144
7816
2430
686
5670
350
1774
1478
508
2928
4106
4526
794
548040
3004
5356
5716
150290
492
750
7108
8322
11042
11966
1498
3092
916
2690
8062
880
3646
5732
881958
7154
5896
3536
5626
97746
5594
7678
4156
4746
272
268
1596
4868
6052
3818
506
7418
1024
5300
506
5546
4156
8372
2710
3798
4836
5120
22072
782
1546
3322
3788
1000
4964
2552
7272
6098
5100
7576
3560
5564
159032
6298
3968
4842
974
9060
8382
7526
3520
1920
257476
3008
3022
7150
4538
538
944
2410
6588
2928
95232
331822
10050
4450
4056
2026
772
2260
1376
368
3430
7284
2920
6476
5040
1126
5508
4400
6152
5308
5834
5626
4874
266
7650
4904
1224
244
1584
2594
768
2104
3282
2922
1344458
11362
9508
7046
5002
4846
1006
9598
2924
2698
2068
10194
1092
8000
3392
3432
3222
2948
3872
3202
2928
2210
3942
1306
3210
6752
6150
9456
3736
438
6434
4396
4210
3006
374
4490
4154
5164
416062
880
8342
8374
1122518
5640
7148
978
9472
2910
442
3476
1960
3390
446
11222
1438
516
205044
4930
8742
3656
4098
1378
5586
9348
3054
5082
578
1750
6834
7740
944
6910
5398
8252
4598
4178
3066
2886
2634
1010
8860
4676
2406
3516
9804
440
9024
14958
7544
2998
7466
12136
2230
5654
13980
7474
4276
512
264792
1418
1886
688
2914
6292
1812
246
3026
2840
6854
1590
4412
11626
8022
324
594888
256
3044
1486
1437746
7324
5656
10942
5508
1230
6200
472
3340
5118
6270
2184
3692
530
14886
5134
3312
4280
2578
3288
3342
1826
1650
2920
2340
8038
7784
5258
7144
3362
2354
1872
4584
9706
6902
2742
4708
744
5190
7172
4890
6042
4488
10452
78806
2816
2012
7510
3376
254798
368814
1548
3216
996
5178
248784
1960
2294
1254
4560
1454
4914
636
799402
250
3174
11770
4814
1904
269886
890
3446
5434
4058
2976
2216
517118
598
386
3184
4480
844098
6262
846
9398
3938
5314
10192
4050
256
610534
1686
4898
9038
197928
496
1906
4266
1506
742
1604
6922
986
1754
7868
5340
514
4418
6218
2096
1214
7764
4016
4460
5056
7374
4798
2450
5102
6700
2786
4116
382
3674
372
888
3644
744
1056
3950
5922
4762
2480
3530
614
3790
372
3504
2222
5194
61842
1820
117524
4164
607112
4852
5112
6346
1446
4582
6186
2134
8666
1716
4332
2958
5408
6032
5894
5316
2798
7960
10152
4830
1920
2900
5016
1132
5062
4426
4578
2082
105612
2108
2816
12816
3706
3448
461894
4484
3678
8340
6382
3666
5996
7020
2210
358
5572
506982
5748
9564
3926
958
7492
13048
502
5844
4554
71364
490
2744
188810
4734
272
1496
378
440
4258
386
5078
3308034
1048
1554
1510
3382
5036
113074
436
4558
3584
1176
1358
1412
8076
2344
7474
5674
11342
2912
826
302
2032
4018
2692
4316
8230
1484
4564
6520
6538
1712
10558
2708
3872
1440
5148
3150
4094
2682
4120
1753202
4944
5092
5818
292
6322
270
8138
5918
282
82258
6342
7616
11848
1144
1962
4810
4056
2000
246
4616
35310
2640
3354
5944
3928
1932
655958
2210
6024
5834
11056
492828
8884
7844
6158
6416
774
1648498
3884
11788
378826
5774
3088
7700
11600
966
2256
7714
3154
326570
4094
3334
9562
8112
9724
8976
3358
937818
854
442
1462
398
3154
2290
640
280
386
164576
2726
4422
2890
7832
242
1846
3778
2536
4458
6566
7930
3976
3858
1930
5914
4186
5898
3246
3104
3320
12974
2698
7614
10278
5052
894
5500
2218
6042
22266
5262
6348
4306
2386
7066
536072
4688
4894
4598
4266
2920
9522
2934
8488
85470
4900
2144
374
5662
4322
6590
4888
5636
3076
8388
286
9154
6166
366686
8936
2932
1250
484
308644
5034
14132
2708
9194
4134
2674
3776
7204
3392
274
440
5980
8094
1956
8940
5966
5004
3038
5702
6576
2062
3234
3038
11700
5730
4362
4676
4594
1492948
774
1772
1654
3872
1930
501340
527134
2312
3714
2404
3466
3116
1558
4246
6066
1452
1962
5114
2144
2382
4868
4992
1678
1664
5802
10976
9242
5280
868
6086
2746
676
6948
1840
2488
768
11518
3090
4102
5068
2814
1120
5856
4978
2514
4844
3188
1144
16038
2692
1942
2836
9804
7984
3272
3300
5250
282
996
6478
12016
12652
1890
10988
4794
6868
556
3064
4568
798
6328
2120
4366
8078
3858
5632
86616
1960
2192
1386
674
5210
10390
3840
1168
4168
555906
2750
5356
1484
4512
5752
5658
9770
12724
3534
6470
3979264
1858
4780
4014
3180
939356
2688
1974
1538
298
3960
1276
26120
2890
6520
1398
3836
2164
965032
5702
12938
2498
1558
8408
4792
3484
4150
1002634
7856
2142
7682
1101964
5516
646
268544
6730
4172
1524
440
268
1176
3290
980
2650
4536
334086
524
5040
6268
2148
2088
542
4734
7922
666
58034
6486
12140
153174
303218
6372
4672
6590
1342644
1984
4154
1874
2274
4948
7682
726642
931454
1858
6320
4476
2978
3224
2898
3388
3128
515898
252
5138
2684
2934
354338
59362
5382
2606
4570
5382
866450
2400
5520
3851164
3704
6234
4948
1764
3034
7942
8198
4402
5350
4384
5032
4836
7632
4354
4008
2244
5226
310
5656
4602
2858
5004
7718
5010
4722
4314
2600
3830
6736
4964
15256
3932
2050
4380
3520
3480
5064
5620
2628
2348
1570
756
4848
24836
5408
5662
4056
626
603068
4270
5750
5470
3110
4958
3850
4018
1411998
5210
1278
6322
1190
3306
7028
780
3012
2896
3664
2192
2240
2156
3062
6308
3840
3162
5768
61684
1056
6542
3194
2398
3998
1262
4622
2546
6350
918
6318
828
4018
3998
5960
4378
3828
5346
378
2338
3384
8210
930
12280
2156
5424
5810
1982
5134
5648
5118
892
1914
1810
2482
4808
3384
3260
394
4176
6858
4256
2960
3394
1083698
53936
4982
6406
4844
5462
332
5482
8332
6216
930452
1516
2392
627288
1786
5642
5128
2224
3958
3750
708
4904
2574
11410
1818
83692
3932
6354
6920
1617514
1148
7158
1772
4776
5574
5346
1176
4156
5506
258986
5000
1954
4240
6438
624
1224
4560
1544
1972
2416
4366
4068
5584
3080
5644
2946
3866
294
226838
1275306
19864
3268
648
3558
10234
1740
1864
4714
2932
5600
8712
3488
514
5228
2864
3252
92080
3702
3496
1245904
471932
5656
5066
1754
822
3754
2766
6904
5520
2928
4076
4860
2972
2572
3918
6648
6522
4778
1478
5530
4104
3668
3302
3188
5716
9540
403860
4140
3164
3228
3292
708698
195264
5524
1310
5316
11070
3212
3954
2746
2626
1486
906
3496
1514
3886
1296
2432
5774
2662
5426
1769236
1344882
3616
2506
6536
3174
2174
450
4490
3772
6280
4262
8588
254
276
7004
4256
500
5622
6832
39706
1148
9704
11462
6926
550
2866
3344
3834
9026
335488
5076
2782
5754
9710
3676
478972
2100
3466
2350
3542
1068
1538
914
1656
2818
6554
6488
8256
7100
4434
2408
3658
4282
4516
4156
5490
435392
1190650
5198
4356
11016
3294
2426
1342
4558
7248
5052
5118
2666
4808
2316
6978
237818
5530
4486
238
89952
2596
4236
295120
3726
4556
1792
3822
4816
774
2478
2404
1736
766
309942
3264
86856
4084
3032
9946
227750
5610
8096
3352
3896
1834
3616
392
3724
674
7246
1862
4014
3502
2390
4774
2696
7016
8878
2870
4254
1548
3018
273036
6628
7820
5960
4020
4638
442
4294
2342
8926
5338
3896
1838
5974
2754
4130
388
7628
1106
6426
2442
2664
3778
3516
2478
7230
4450
3568
6040
2360
1144
3682
5886
1442
5688
882794
2354
4186
182564
10118
3796
4426
2778
5984
2444
5272
7072
8026
5434
892
940246
5592
5658
978
3774
3018
2618
2494
2624
93188
652
3830
3442
6804
3480
2816
2012
141488
4750
6478
6078
1908
5562
5088
7566
2218
838836
3428
2162
89854
6244
3502
4824
3188
3326
6708
3820
3608
3184
282
4806
5112
5428
5074
2280
1658
9918
425902
4544
8854
3970
3410
2810
550
3066
3416
6518
3874
7736
2118
5796
10852
6688
530
2338
1812
2144
4294
120870
1416
3994
3262
3990
3282
384
3708
4856
6534
8878
1390
1332
1974
3560
3862
1745646
4642
3054
550
1444
4986
3920
8420
1482
2908
5304
2888
4232
4868
5796
4522
748
4952
5898
7938
1662
5844
2044
374
5530
6078
1872
5008
4694
5838
6548
4480
7348
3352
2962
3336
4550
4008
4370
4622
309704
4104
5874
394
10556
7956
3458
289532
474
2670
4196
124530
7530
2348310
14240
3882
1186
9328
1958
4160
7976
684
1112
3192
780
3232
1929670
7518
144096
5344
572
14162
4972
5130
5210
15048
2392
1962
2272
2824
15106
5784
936378
7934
4922
744
3200
2722
2650
892
7186
4956
8444
2888
2272
848482
1694
6866
5968
5710
9210
4160
18344
11018
906
2730
4392
1560
5314
8574
1132
2674
2378
3818
2198
4960
3514
5228
3570
7452
90138
4060
386
6492
8826
2916
3840
1532
12408
4428
3490
2312
81768
4496
5816
580
14908
3756
2488
9928
1900382
6722
9040
5066
2794
2950
4752
792
886
3622
6960
598
2738
4134
4388
1642
3794
3178
3208
5540
560
515600
5766
4644
2232
390
4464
1756
4800
3564
3046
3396
1013586
788326
3434
1362
2702
6306
1490
1278
7088
4538
3014
2212
614
1798
8058
5286
2870
1000
1488
1906
2498
5936
5266
3608
5582
2564
1094
2916
8848
6524
3464
5062
3390
8762
4600
4670
3584
2858
9034
2650
1724
3462
3840
2924
462
3584
4790
388
4844
2412
3870
8700
4058
6818
3798
4256
5480
3840
6218
5902
2794
1716
5156
4928
1922
3190
4164
2338
3094
6300
3504
7930
922
5516
2524
6994
11968
2246
243684
8134
5826
17310
2070
2310
1988
3894
1566876
3140
2694
8192
33288
4298
4588
248
3604
6150
6994
1460
1690
2714
4178
6370
9142
2326
6028
1714
9892
496
5790
6808
385554
936
380
3564
4852
4160
3464
440
5204
10792
2388
3422
2086
300
1610
5604
5154
486
415798
782432
6016
3394
11898
9570
248
9218
4666
542
3948
4308
2686
5416
7124
4078
11072
1013662
3202
3290
2888
2840
6944
1224
1018246
2176
3896
6276
4886
857034
8746
239736
15252
10468
6662
4484
584
7166
3790
7368
2168
4196
456
2848
2228
309574
13910
3496
10626
466
5080
382824
5982
6732
238
6266
3172
3004
4042
3896
2966
9144
13070
5744
7528
3316
246
42302
748
3138
723094
8334
5310
648
6484
2676
6306
8656
432
2338
775400
868
512
2586
2714
438
5690
10198
614
7654
1635162
272
2306
3872
4676
7410
4658
5446
3632
3478
4522
8978
3692
3754
7378
3902
5334
4090
4878
4874
4468
5258
3020
3548
5488
5786
632
9386
4030
492
5892
428562
5168
3852
564
3366
1340
1226
11972
6480
9614
14608
912
5104
3266
7414
2616
4384
264
37168
7532
8898
1676
864
348984
3608
2404
2728
4848
8868
3432
2650
4594
3440
4166
890
510
4430
5532
2402
10448
3672
9422
5020
5918
3586
930
4944
5144
4844
5398
4136
9228
250
4840
3290
237072
1114
1492
2172
6580
7308
6104
327418
5058
4994
3806
242
10832
5174
2440
6278
3274
1514
4354
8126
3456
4134
1580
6076
1216
92722
2794
5072
6588
1110
2636
2228
7366
964
6498
1124
5116
7380
15656
5760
1260
1360
4404
2030
6422
6464
528
4376
1178
7110
5762
2522
562
10758
2328
240
3808
3932
3554
4488
3362
4340
1054
7268
2410
10286
2514
3366
2230
5316
4390
2750
2602
1287044
764
5790
1668
356
5246
272332
3908
6364
3826
450
2038
4514
10248
4156
1848
3962
1602
2330
6894
7552
12936
6064
9106
2948
11852
9878
2102
1556666
1508
2058
2812
1714
5448
4516
388
7280
82100
3636
4046
3160
1660
8924
188338
4944
4460
666854
2534
4932
5152
2590
6388
5364
792
268208
5878
6030
6088
3086
6394
9068
2670
3190
352
2058
7810
5678
250
1704
368
4570
4908
3518
4516
3900
6030
3242
2062
2106
9340
5658
576
624
3026
640
2052
3542
8006
1304
4256
5274
694
2102
4934
5036
3992
980
10730
1724
1560
3856
862
1070876
5920
3356
257870
6118
1224
67624
6630
768
510
5316
1204528
14642
2262
656056
1386
450
2820
254
209310
1856
589448
8132
938
1072
6844
3060
310072
2002
4996
9560
340
1434
2158
6028
4676
3486
3396
3718
5606
5420
384
440902
3828
5632
5884
3502
5932
3672
3660
1508
13978
308
4288
9754
292
3364
7218
496
7370
9564
2392
1736
250
1982
5430
5102
1542
4084
25072
1110
1031370
3694
1520
4958
6520
6552
3762
5738
314346
2880
7670
388
623228
3502
746
6780
428
5294
512
2150
2986
848590
3714
670
1860
3000
7492
3706
6240
276
3010
1850
4220
3996
3416
2654
6164
796
3980
3490
1656
3216
1858
1976
2612
8494
6378
968
2188
3298
5702
6286
4982
2528
6644
81792
5804
6414
664
2480
562382
2668
3310
4538
5998
5694
5868
2518
2926
2194
2628
6314
4798
2878
8976
2554
2996
1017186
8658
6102
272
7636
8696
5874
2844
586
3444
3614
8182
10506
3486
7014
8562
3242
4418
6164
10026
4692
4476
2494
112278
5044
3880
2652
5622
10170
294
4308
422578
4128
4416
7456
9576
2390
3328
5410
14714
5416
6464
630
508
7244
5930
3972
4222
790
12710
8652
6566
5004
11136
5120
4180
288
2426
2494
6158
5424
4382
2044
3406
3564
3960
541890
449878
5422
96778
4552
502
1002
5460
2382
3808
7448
270
2298
3128
50156
3044
6182
9548
4712
2082
8138
1666
7920
2164
5418
4204
5036
7708
7976
4452
646110
6612
8728
3052
3996
6990
4254
8382
3658
934470
2224
7548
3318
7946
3604
464920
698
4334
3752
3296
453602
85396
3858
1192
3332
3684
7610
3206
3130
752
8340
8018
2842
6768
3024
1244
2980
3650
5186
4040
1248
3148
6414
5752
288
7624
554
4418
10898
4252
3226
1167762
4780
1218
9150
3686
174102
2654
556
1164
512
8690
12558
7896
9840
6634
8738
3202
1492
5112
7868
4066
5114
3200
7492
4768
340044
1734
6712
4676
7042
372
1708
642
7298
7702
762
654
4628
7478
3984
2548
1236
966
10904
7292
9824
12922
4500
382
2064
6534
3466
118068
6138
1542
4948
7198
5260
2340
4144
5148
1998
4558
4142
5376
3400
4430
6308
1936338
5560
1244
11482
7308
2920
2342
3138
4186
4724
5242
4180
6720
7186
3602
6400
5188
5848
11722
4246
6302
4482
1292
6192
6650
3578
5882
10362
3828
6038
5124
5652
4654
4670
304
6214
3994
6110
4376
838
6176
165060
3434
8366
5608
3788
3814
8274
4284
556
512
11572
1048
8404
5136
4726
2324
3112
6198
3694
2792
5262
11900
5786
1046
664
8020
4346
2506
1922
4146
290
2470
7888
804
1394
14982
3988
4726
14362
1144612
4468
5538
2596
13758
3818
294
4836
4078
470
5264
3170
2170
8628
6390
3224
8574
638108
2928
244
3220
4792
4360
551000
3580
264
5390
13290
740904
5590
185226
8790
5048
4764
866
3438
5218
866
4748
6254
3268
2046
47500
3274
540066
6170
5912
597322
3262
7370
480
3504
5208
5350
496
8286
1402
492
3452
4544
5532
248
2956
6276
6894
6890
9052
3622
2946
5028
40906
6616
430
5792
389992
4948
434710
7030
4280
6572
8754
5846
3016
4764
2550
3438
4278
3664
10598
1660
6860
9114
1292
4586
7588
2808
2626
1086
3590
7780
396
1588
5594
3700
4428
9156
2272
8100
4794
5334
3584
304
1706
9738
2530
1810900
2918
17194
5626
3160
4974
4754
1242
4458
5164
219666
4928
2684
5490
2910
3110
3364
10054
7604
4062
3656
10318
1158
2994
5314
4100
4532
1962
2866
3500
3500
4572
2274
5674
59100
4742
398
435886
1128
6684
4950
121294
2532
5094
3518
4888
1792
9504
6000
395502
4368
3712
7926
4628
2434
5858
3424
6326
2862
3454
3654
3944
4838
7800
4752
5524
3656
9060
3586
8692
5264
1048
3914
4502
6894
5968
7846
2084
1050
152052
2726
1404
682
208690
7858
4740
4302
5174
3130
2092
4152
5670
3972
2982
4588
2392
461428
746
362
1300
5080
10652
4940
2672
4812
5144
6108
1516
587670
3832
3562
7316
1684
7230
5588
3236
1440
8336
5886
6486
2186
5518
3616
5942
1988
5832
5494
2772
3236
10392
22776
6128
3148
356
13846
1850
4324
5362
2536
3234
1684
1674
1672
3138
8426
10066
10660
748
3530
3714
3070
5532
6000
7628
2792
1716
361678
5490
13742
9392
3246
2270
5482
4054
4494
3912
224898
690
2942
274
5538
268
1896
272260
5774
2768
2738
846
3860
4452
4260
4666
3078
1550
6310
4012
577070
3434
4094
4822
4780
1756
3372
3680
5180
502
1838
2244
5306
3468
6340
6686
5920
4458
3618
6566
3042
33342
7790
7680
290122
5002
3992
9152
9394
3926
396
2342
5934
4118
4000
5754
14652
6508
3544
2050
4630
1072
8516
92874
3902
6262
4776
4126
3726
7930
1936
1000
6678
3918
8774
13126
3360
492
1568
3466
867516
15746
4252
4364
2634
5918
3524
6110
4420
4850
3138
4112
3262
10432
118732
2978
5434
12080
4114
442
2954
3618
4128
3876
6972
1754
5740
8850
4010
3224
1682
1416
6102
1441222
6656
3108
5126
5196
772852
11984
3528
2210
3874
3902
9010
8226
4988
4102
2130
1006
7238
2972
2654
1866
1218626
6212
7162
6348
5124
6050
812600
624
3366
2548
9574
2482
5038
4674
5378
6410
2018
1360
2568
3738
1462
1968
516
2766
4444
3390
6114
916618
7678
5590
4014
3782
524
268
3258
6232
1453876
4362
790
498
5112
4664
3782
2396
5418
5678
394
2002
224524
479094
744
10024
8928
1936
6086
4768
4056
3022
5066
5506
3918
1456514
9210
6344
3110
4458
5268
6314
7776
5804
1310
54842
57728
5092
5116
4314
7824
2554
2706
3046
4882
2494
4214
4230
394
12956
4904
7082
4848
5014
5598
6358
1246
4478
5870
4028
4898
3546
6746
1842
2154
4840
7104
1050
4332
2634
4784
3050
4664
7632
4104
9736
1856
902
5112
6646
5476
3364
376
5138
4034
4032
3978
5200
3948
1994
6496
7088
4042
7728
3236
3648
3348
3602
3278
4732
5100
3156
2578
1558
7044
2104
1738
7250
544
85314
716610
1912
887808
8450
1492
66910
392
1198
3420
4492
3890
5282
1330
4498
4160
7468
3824
8238
4796
2688
436964
460732
5794
3200
5088
2154
6834
3414
4798
6916
4972
2086
4960
1550
1366
3158
2590
492
8706
3668
2330
928
3356
5540
7348
6528
4130
5502
6136
2810
2146
2918
3052
2856
2254
1064
4240
1914
8892
3342
6944
2384
780
828752
3470
2494
3196
3764
5436
195746
7168
282
4328
1046
354
6834
5938
8716
4094
5798
8046
5398
1980
3614
4836
4918
9348
2392
394530
4174
5464
656746
5338
523090
