1111:11100:0:0:0:0:0:0:0:0:0:0:0:0:0:0: (total 7)
0 4 8 12 72 76 Thread 0 going to cpu 0
Thread 4 going to cpu 72
Thread 3 going to cpu 12
80 Thread 1 going to cpu 4
Thread 5 going to cpu 76

cpu 7 cur 7
Thread 6 going to cpu 80
STARTING...
Thread 2 going to cpu 8
going to barrier (cpu 76)
going to barrier (cpu 72)
going to barrier (cpu 0)
going to barrier (cpu 12)
going to barrier (cpu 4)
going to barrier (cpu 80)
going to barrier (cpu 8)
STOPPING...
Duration      : 10000 (ms)
Acquisitions  : 22317918
2372
2416
1924
2020
2000
618
20468
388
1012
3196
1560
1132
1544
378
1400
388
1504
1416
390
1578
3166
4008
1990
42190
1940
1630
270
2364
498
2016
2340
852
1638
1132
2060
66086
1456
852
3394
476
1472
498
396
62928
576
484
1028
2588
1002
1424
1176
1844
1152
1150
1646
1922
1226
1694
1030
1444
960
250
1490
1512
740
1564
526
39322
1636
1714
2510
2406
348
27972
720
4020
1318
1378
1372
744
1296
528
2144
262
2358
246
1826
896
2188
27984
1520
1920
656
3420
976
1262
81026
5354
266
600
1414
1636
768
2986
2956
1380
370
1734
2614
1562
388
1834
3240
1124
1902
256
1886
496
850
1112
538
282
636
3226
3160
1296
1810
386
3134
2746
1258
392
1434
386
1686
820
1130
1912
258
1022
1212
784
388
60674
1872
4266
1038
2380
254
2918
2340
1908
656
1516
1224
1020
2652
1186
730
9008
2504
1128
1278
25316
2376
388
2422
2188
2978
1094
268
1548
776
1268
2010
1400
1170
1234
392
386
1492
2782
2290
2082
1766
620
1680
1314
1644
1372
1980
2868
1524
1890
1660
76814
1976
912
1018
2522
2086
3572
1170
1292
1682
2268
262
1628
1478
400
906
2514
1866
1090
516
2508
260
30698
2408
770
1040
6118
1252
2036
470
432
1618
98382
17044
616
1054
606
2374
984
656
358
254
412
480
388
15948
10402
13066
3704
486
13174
1332
1442
456
258
228
666
3640
1660
25818
1556
23838
100240
252
520
9468
6264
3308
3234
876
22230
2662
4652
926
2348
506
1644
1686
2008
3890
268
736
1424
1552
25138
3020
3028
4358
922
610
392
518
252
1612
614
766
1456
346
640
3766
26906
238
384
1254
512
638
1770
1666
2374
1662
2050
510
480
2342
518
2352
82544
1140
1996
2154
258
510
1258
4590
2190
510
238
1198
542
622
1248
19398
2042
1746
3128
1892
982
3288
1906
3218
2638
1470
558
2042
1180
6796
1402
496
2002
516
2312
488
404
4642
2774
732
740
1408
266
25778
325138
5438
250
3976
364
346
274
266
1412
350
1526
2246
268
386
6592
1156
400
498
15664
2254
3610
82062
1500
248
1492
1622
2832
5684
47608
3532
45044
5114
4232
2622
410
6088
1390
49070
1426
2258
24198
77220
6360
226
3278
2524
388
10322
1380
1364
1982
380
386
1606
878
62954
71222
394
262
1540
12336
1836
5258
1340
874
1234
660
736
1302
900
2174
510
1850
1546
32840
50454
2780
1040
1586
1270
250
472
1518
264
1796
5000
1780
29738
668
13216
6772
24812
1914
1270
1148
58906
2024
944
4108
262
648
4056
35056
2332
536
236
1864
5314
1702
6506
462
12034
1634
728
1684
262
520
2470
4802
1702
1922
1184
2890
4152
2538
3358
83708
498
4866
2260
344
1968
2092
830
1900
510
586
3256
59414
77012
83324
782
2046
1338
2108
1596
1060
270
508
1666
4350
2090
602
658
404
2330
2056
1608
4696
1416
1752
1770
3724
2288
32746
652
1830
642
1344
1520
558
226
55492
1146
2510
1512
1416
30348
1116
2356
3570
47260
90338
1702
250
3128
354
2992
42700
450
2176
1748
536
20452
960
2002
1866
270
386
2558
256
370
278
12036
19698
270
16912
486
2098
742
242
496
512
8866
872
4526
3246
508
37820
61638
594
514
1612
7252
2180
774
1842
33690
422
388
262
3350
33326
3898
2188
3596
1086
612
758
868
2036
138894
1840
1126
1310
1804
220
384
384
492
370
1980
1882
794
4748
28884
248
1904
1250
1970
514
1356
1398
2200
115216
414
1498
24484
1972
7686
2848
414
348
2896
2660
1340
3386
266
1554
4186
404
1288
96226
57036
652
1248
232
222
1710
2462
3160
1762
99072
266
522
1472
1198
2596
3726
1500
4224
262
1614
1466
218
1510
1954
396
404
1926
1758
156138
115888
386
512
2008
1208
1116
388
1670
4046
2032
512
5144
922
2626
1544
3762
2066
514
1558
1882
386
5524
2640
151044
592
1260
4166
1888
3854
5952
2916
2306
490
2082
36232
1618
1454
2032
898
720
614
772
1746
4714
1674
1532
1128
482
1614
1978
2808
4210
95176
19086
500
2978
1934
236
3580
2022
2116
1860
914
1502
414
1136
512
412
220
1982
296
53460
382
1912
280
706
260
626
780
498
14324
1402
2992
1398
2180
276
990
2850
3078
1850
1120
36660
1340
1018
1550
752
1862
22624
1430
2694
24372
488
1358
386
1560
256
1798
654
36734
518
1368
2638
9930
264
280
1680
388
17656
7826
2364
41250
1446
2250
256
256
836
496
1540
35638
2550
1060
1522
2128
1302
1650
1364
1220
2674
3510
2450
1008
1438
31852
1178
610
736
872
68076
2784
624
1078
944
1466
2626
2060
1690
262
478
388
1784
990
64768
2672
1886
266
23406
486
20024
2266
62968
3316
1712
244
738
51604
1002
1580
39448
2814
386
4068
1150
3154
1534
1264
386
1154
3466
1254
29618
2420
540
1292
2710
1026
506
1418
892
378
1966
2148
1986
1296
1866
2446
876
3842
656
1476
858
386
858
1686
1402
268
1422
1870
620
3122
22636
2026
92956
36824
1482
272
1140
518
282
2654
1496
1490
10604
234
107470
16562
1028
1030
612
38590
480
2564
46416
1734
22384
1510
738
1258
1572
2998
1764
2800
69158
2330
2232
3668
2244
538
492
40070
236
1044
2460
5584
20580
1352
238
95246
2154
2298
1510
1602
388
1358
2904
942
1244
390
1640
2868
4782
1126
392
656
1340
784
2786
1234
388
514
4066
3368
388
1274
1924
756
1704
148268
978
2232
2566
1150
1968
750
5346
1358
1122
1582
15714
1944
2378
478
260
382
2080
1266
386
31986
21106
76064
394
2158
3386
480
1242
386
1408
1726
726
1354
232
1924
1172
386
2568
1588
656
2084
730
2024
1380
1370
21148
1200
1618
1400
7876
1118
1830
1824
1900
606
1186
534
736
32122
1022
838
22450
1886
1692
3808
5632
1572
1492
9350
3834
6446
1456
91758
2188
1048
6566
34780
664
946
1866
978
260
4254
47636
2020
178356
35210
1956
1590
3536
600
87648
33928
10430
2774
2286
4572
2078
242
3098
1808
2790
2106
1114
2408
3020
2412
652
1682
2600
3588
21416
3072
662
402
1196
774
1872
2552
3350
27954
5774
2136
3122
406
2304
1620
256
782
19808
4656
662
7430
1978
2208
1086
2532
2688
3202
1024
73032
1664
976
1738
42592
494
2226
268
2976
44176
2022
604
29980
1754
4706
1484
143658
896
3834
1742
2140
2216
490
1646
1030
40876
224
18972
4816
236
246
2424
544
1218
1454
37896
1442
236
2814
2490
68502
1736
3836
500
272
384
1478
3754
2564
2276
1932
2846
3430
4506
224
1660
2862
1956
2808
8292
522
3020
384
1998
2738
1630
4822
2704
1274
256
472
232
1036
1772
396
11474
2166
2738
348
43316
2820
526
2356
4082
242
82430
1810
1874
1250
1126
1510
84680
2112
1310
1552
2472
2016
2418
914
872
258
69146
1478
1812
482
274
34728
2362
32644
8930
1638
1768
211562
2526
1206
3056
1396
1696
4294
2996
9384
544
2000
50530
2308
240
522
748
390
1614
2536
504
149542
2268
1314
388
2152
518
86974
506
1950
1736
11962
3428
466
2870
1770
1546
2298
2136
2226
58910
38570
510
2626
258
2752
252
792
226
2718
2234
230
678
10256
2000
1742
232
238
2644
1964
1764
506
53298
1220
262
2998
34250
1492
858
2266
2336
1860
4018
2148
536
1648
2132
2550
2008
258
31096
3030
2264
914
1926
414
1910
2178
33258
3780
658
236
2688
3844
1774
4942
496
2606
234
240
4304
2004
5248
1804
2480
2042
2510
1084
23866
74654
1958
3482
1658
28632
2502
1412
1924
1930
26888
242
892
1156
20802
3288
24758
1548
1828
1108
2212
834
1126
50892
4324
3042
2378
2026
2854
13356
2776
1924
236
1886
246
20608
2632
352
2288
32712
2418
2590
20832
2394
2190
2848
17954
3106
382
1812
243578
656
1818
1470
1048
2286
42176
2036
2060
488
2268
392
2258
1966
396
1896
526
1270
246
394
1308
33842
384
1516
1918
786
1294
532
2804
1570
1380
242
1162
790
2034
174088
104632
242
1636
194516
520
107416
10528
1952
2370
9276
744
240
3202
2274
1312
59420
1202
1880
726
500
1266
854
1412
224
2634
1650
2056
1664
1528
240
268
2346
1644
540
526
179954
108646
390
2188
526
2310
2418
16502
386
1268
1448
1986
1634
2000
5480
43692
244
1666
1040
750
1568
676
1404
1756
2626
31226
1214
157796
386
2012
55056
8766
538
1902
2416
3478
350
1448
246
1888
2554
1820
2298
1304
1694
3100
264
1614
2004
818
1712
2572
1616
1960
1506
982
1888
2140
1416
972
240
1390
7032
85738
5792
3746
1836
2708
244
1638
78906
9830
4058
2138
2746
40706
1428
138304
404
1532
71552
2182
1980
1668
1558
2152
1260
2118
5952
498
4748
46724
794
1470
268
32802
1680
1392
1608
11182
1798
968
2896
22266
970
2020
1688
812
960
1386
40362
46710
23262
786
2900
1970
514
42044
658
1508
4510
2412
388
1452
1582
2260
510
4534
1620
1456
1900
386
117698
43670
404
1476
1854
384
1994
10714
49404
1938
570
2232
1906
1334
1858
542
504
1254
242
1808
2966
29992
508
1482
2966
2380
29852
244
1766
2022
52198
2566
352
1046
2188
2106
1510
1336
484
8140
2680
1238
390
3738
23332
1266
1350
1704
1660
31854
1880
1442
1244
1684
1648
1572
654
3026
760
2180
1344
552
23426
1092
1328
510
4012
238
1396
2416
2350
84846
1518
2650
81412
1872
3556
2062
2448
21778
41260
3660
2310
22040
1178
240
100162
1890
2426
21584
1964
220
1000
217154
1560
512
1180
4498
2918
1952
11466
2780
36600
2018
658
1364
1194
2896
412
1528
964
3512
2022
836
1990
1784
1132
346
2502
82324
1232
1544
2726
1222
468
1816
2942
2454
2356
1884
2242
51662
2104
1610
1614
2950
276
1912
2780
946
240
46172
19486
2162
1722
1118
1624
1802
2044
3020
57718
2598
2270
2332
1766
1364
3042
262
1588
27712
1874
1244
524
4390
1880
1680
942
111846
2294
2978
1886
1370
232
734
1722
56820
1292
1482
466
1708
258
1870
2230
1680
754
3192
2414
1552
15550
1518
4332
650
1826
2542
386
884
29044
19318
4706
66674
236
260254
1962
266
264
238
34668
3200
65994
293092
28378
2226
1300
1120
5502
1872
1910
5496
2572
2440
860
478
746
1800
2522
900
1126
1644
278
2168
514
2842
386
3546
1570
2348
372
2806
2910
492
3624
564
69706
3200
3032
660
788
794
32358
1704
63188
3080
1904
72016
662
7112
952
258
1986
2042
2258
394
5704
1800
240
1528
129238
1992
10112
2976
258
1848
2650
236
2800
14742
1136
1678
5194
680
236
254
1232
5810
260
3974
1516
11012
3606
3244
2432
668
3424
654
1398
29686
1754
1770
95662
512
3700
534
1910
1656
394
2706
232
386
2170
2226
1698
3740
3410
2962
1890
2162
3296
1266
1756
1506
692
2002
2738
1858
1136
538
1222
496
1734
1862
1748
1312
1000
1562
5164
1812
1822
1438
2546
3200
2178
1546
484
508
2490
62024
3098
244
884
1302
808
518
2582
1332
1720
1866
240
506
796
13080
246
526
2236
386
42680
2786
2116
1844
4670
2922
492
2492
3162
508
244
476
408
660
1688
97376
2294
2550
2570
2220
1928
1058
2846
980
2740
18748
2396
2372
3484
246
3170
68152
2078
3128
29612
32230
508
502
4230
1246
240
1994
2268
1728
81800
226
2946
42606
2512
558
2654
104638
2420
1644
4332
392
2972
2000
1320
17880
514
2706
550
3112
1568
1738
424
4368
31186
7834
3142
1868
1004
2126
113478
3132
370
2632
1174
400
526
1758
91086
1864
1290
2158
1970
2676
189568
394
5078
1972
3162
578
268
2910
1348
482
800
1034
40324
15200
2306
99674
3370
764
1126
36828
2396
1172
5978
1632
2560
1356
2898
1480
88492
1402
1562
1678
1412
884
1354
1946
2388
710
18532
32468
3660
490
512
632
1412
760
384
18666
498
2774
38136
2892
6996
2604
1748
2252
5110
153396
1778
876
1266
774
1840
1844
2338
35744
2846
266
1876
256
1302
966
4692
1286
384
25584
1292
488
272
1032
1270
412
1380
392
2238
18492
2226
1174
1218
4242
1450
1620
1372
4076
2800
926
1782
1334
1598
1748
260
13216
2632
1750
1008
2170
1506
2766
1516
2606
890
1508
41294
2158
1392
1046
1468
754
890
256
2406
1204
536
1458
1452
506
16808
950
508
1180
2876
2142
2998
2148
2768
278
1936
1584
3068
394
412
2130
3040
2864
1334
484
282
2200
1926
1240
1262
2988
1320
2722
31830
1958
1694
1344
2692
1608
384
1622
2766
1020
656
1182
15826
1190
1624
1842
1580
2116
1400
288
228
962
10518
2132
1720
1794
2156
742
2188
3904
5984
2024
1298
1256
492
5436
1884
17772
1948
2350
6592
3204
796
1176
382
1202
2098
3564
732
1782
540
932
1224
2848
1634
14330
1288
1714
2266
1052
3204
1340
2102
2086
2186
2176
390
1392
1390
1350
1658
992
508
2388
1382
6446
1432
2658
1126
384
2316
2162
1696
2450
1020
1686
3540
1332
2434
872
384
2064
93490
31848
522
1534
712
1088
2814
101628
1866
1038
964
2404
1136
1626
2620
872
496
2374
1184
1456
304
1140
1280
3148
48360
838
1288
408
756
1032
1316
2432
2246
494
2470
1884
1892
880
7432
2182
1412
1536
2582
408
968
1196
1528
2710
448
1498
2600
1396
726
1006
1898
2092
3086
1872
3476
2378
29218
1098
956
1682
724
1524
1284
1748
2230
1944
2108
262
388
3950
3108
16450
2014
1650
2442
43982
1288
5006
1202
1768
23646
994
1478
3178
4982
1318
884
786
2948
1570
1660
488
1548
1026
1448
510
874
1942
1024
1008
1524
2044
1642
660
1354
3616
510
372
396
1076
2280
24456
1888
5074
1728
71966
2370
388
1652
28360
2250
1402
2006
6416
1734
3068
232
2608
912
10068
5342
2544
272
65836
2782
2546
2938
2008
620
161816
644
85758
2412
436
1456
228
2660
2102
2314
1258
488
2410
656
838
1172
15886
1528
85144
207698
2566
950
4078
658
2058
898
3130
1416
986
1348
2416
23934
1528
2306
1662
15870
1990
3890
2468
3046
500
1198
1438
1878
1634
2378
1592
2036
518
1396
1426
2024
662
2100
416
2378
62972
948
1014
596
2030
3220
1274
1494
242
490
1462
598
2212
750
2250
1420
13378
2712
1776
2234
1286
660
2026
1164
230
1310
1614
1004
776
1346
6192
91700
990
910
494
918
482
620
2598
658
1054
430
2672
2334
2072
127984
1244
246
1648
1414
2006
1402
17728
1080
1366
1896
1282
1858
386
1448
1148
958
1866
1990
1676
2074
147334
3590
1480
3520
1046
990
3038
388
2238
1872
1194
246
1424
1188
1370
1258
1522
2284
1402
2540
2242
3882
1138
1044
926
390
61662
38244
16402
2056
39962
1232
412
1858
2776
1984
514
788
1256
2420
756
2692
468
1344
264
2368
520
288
1660
260
1342
3612
11742
2284
1916
21590
2166
13158
1100
2200
9192
968
1558
388
86568
474
2978
1566
2036
494
602
512
2920
3026
2640
1854
256
388
1588
250
484
3950
276
494
2046
3034
622
842
420
1186
2320
998
5098
1282
3954
512
3570
492
1704
402
125488
5018
268
518
10118
23354
4698
2032
3536
1634
618
37704
4320
1518
1372
1196
1398
2446
494
806
258
1524
1972
1894
416
3418
1804
656
2008
272
2092
2698
5506
2152
1516
472
1602
550
546
1412
604
4686
480
1518
126588
2660
1610
2298
1862
2850
368
1712
1714
876
660
258
1798
1018
872
3014
1236
544
1320
27680
51778
2980
1666
494
2820
1478
388
22396
1872
680
984
566
390
1614
3354
1758
384
1306
518
1524
28376
658
3470
1350
1524
274
372
2528
40240
14010
258
1904
248
1180
4432
1402
1234
1498
3880
1460
1418
410
3686
1054
398
510
3102
1558
2860
1490
1152
250
48036
246
498
24174
1322
340
658
524
2880
1200
1848
1780
272
2810
3232
1614
384
2346
518
4448
1648
3020
1678
53346
2104
276
1404
2380
1578
1694
2780
1062
1510
394
1508
916
2382
3240
618
3152
414
606
588
484
7270
2660
2934
2284
7500
2246
1636
522
2984
826
520
1494
770
1214
388
2130
1614
51028
10696
2106
660
64160
5198
3464
1834
3376
2384
1674
1264
3222
1876
368
58342
1098
1458
1408
528
756
260
2310
2002
506
1876
420
84082
17972
1664
526
45866
2498
510
466
502
230
336
29334
6350
4318
5478
1418
1852
3196
2766
1716
5910
2296
49944
4090
314
11226
1054
2200
2796
3268
2028
5162
3702
756
3080
1408
506
1186
272
1304
12610
264
1536
620
34808
4378
484
3106
2322
21066
384
2762
3202
2248
1982
386
498
2200
3114
30152
978
9622
56796
2238
1396
508
2284
392
928
240
3890
2416
2564
642
1560
6070
486
1628
1704
3062
3196
532
654
1104
1940
1038
410
1622
2106
40964
386
1310
3416
1164
1522
1576
1158
1122
2100
1570
1136
2448
1776
508
4006
5148
1272
1178
1772
8340
604
906
1730
1736
2190
660
486
400
1268
3286
4280
6128
386
5074
48926
2718
1882
2136
1756
2300
7826
1978
2036
836
2116
972
1270
1188
18860
404
1402
722
1420
262
1100
744
58710
382
3326
532
652
1684
1650
546
1028
2704
1588
2958
2710
20774
1808
404
1734
1296
2292
1846
758
384
1264
3362
5386
35838
616
416
1660
4722
1074
4398
228
1678
1538
526
2778
13960
1106
1514
2882
1682
660
1928
696
1276
492
1012
1386
878
1106
9002
2356
672
2080
564
27622
2428
1368
1896
6192
928
2132
236
1266
244
2996
1386
830
6534
2932
1808
1286
1808
2340
31504
2936
390
2764
1114
73158
616
944
3146
181384
49860
494
27102
12634
540
392
230
14302
662
386
82400
354
532
506
4758
646
10180
504
208848
352
388
270
28724
522
52444
276
398
2148
31652
268
786
34676
266
256
262
9352
620
242
560
820
15860
366
760
518
512
178942
17628
478
1184
26822
294
104504
514
266
510
37582
772
540
536
34108
406
358
51576
28612
31024
610
23480
14788
24012
254
26504
748
12794
508
512
9600
101626
376
15848
55856
53310
386
400
378
616
258
20222
2040
476
236
67686
654
34362
91768
68
8868
38674
266
388
994
354
492
250464
678
434
29792
77976
508
242
246
382
762
688
53602
250
264
630
294
508
13916
7402
622
28390
800
15886
232
642
806
21040
93632
24364
262
14528
69650
502
64924
42574
658
406
750
776
772
24232
552
19236
108350
734
49822
73582
250
1260
266
436
14334
4434
52714
14160
292
782
73672
132576
354
10662
772
508
6040
746
266
3436
16828
870
11544
17292
171360
232
400
656
182758
51434
498
21290
50944
292
428
6694
536
109592
480
570
434
742
276
69290
1756
1306
266
11440
378
394
398
177150
622
260
72412
82754
900
486
83066
21268
73348
520
360
8034
612
264
694
21430
146014
772
274
658
772
35148
3766
5472
270
262
916
526
538
536
117688
522
131130
104152
1134
740
508
8930
6058
1666
614
250
600
5662
52354
104648
386
12684
382
786
662
678
380
798
612
648
25966
80480
1042
382
618
532
376
516
506
14624
19064
14820
628
400
760
774
4916
14458
10626
534
484
3232
540
392
268
22944
540
520
510
23236
22318
234
22994
31224
506
382
748
420
398
622
64596
494
392
250
508
370
22582
452
490
2868
250
23048
128758
386
8346
526
3778
630
12198
384
11066
256
23552
18756
532
68
200572
64592
506
608
504
254
15944
350
384
250
89554
34958
113010
24976
6738
768
38888
278
382
83688
762
766
130128
898
7910
364
900
390
3934
650
480
22882
400
452
18042
768
109548
47160
5230
274
500
534
192904
78126
480
86834
386
27068
231326
628
268
48394
78340
356
516
512
488
37598
36852
15608
432
88304
270
22514
18266
268
34814
146666
111126
16716
75644
534
356
48606
430
2406
1278
712
392
526
298
858
1344
61032
504
246
78046
30042
127976
520
506
280
3164
532
106878
28616
21092
41512
121130
540
402
222
396
224
36112
388
662
41066
35978
696
500
226
538
159494
19968
115910
24598
31944
94858
242
770
14564
376
500
498
550
782
516
230
75838
22620
262
19282
71098
44552
1024
520
23136
13010
1128
376
59634
270
260
10720
72594
376
540
568
103650
646
41236
16652
24746
564
530
31074
8622
266
261270
23294
670
47668
650
31888
82436
96902
212452
306
106064
622
31632
512
500
540
522
294
896
538
412
98366
59038
32040
6962
186552
27688
242
760
28706
19628
282
256764
272
52452
302
374
264
544
396
30536
141772
388
766
42004
13234
8882
8446
534
50502
400
736
550
518
850
402
226
15902
68778
642
544
21910
738
504
298
1360
496
254
36612
644
274
274
534
242
612
18782
540
262
45718
902
90984
10280
376
678
54372
516
490
17144
472
28520
12302
372
378
770
266
103722
43216
522
654
762
528
502
34498
428
384
37128
54282
45974
67424
372
516
278
8934
498
160426
42442
9782
24610
153096
4770
39276
100410
6454
12778
48676
402
396
910
544
404
4880
39654
398
1166
22294
42334
282
508
538
48880
414
614
280
51420
262
1394
99320
398
570
270
862
110620
254
398
262
55998
570
746
776
16480
6956
73590
384
626
670
16010
394
844
502
658
1222
260
540
40440
1226
10722
66510
388
76518
400
530
248
242532
406
106590
43814
876
13128
720
15712
61348
526
638
63166
4030
372
14204
97848
436
954
14524
676
518
390
46246
358
474
508
406
638
1138
532
72344
270
40908
538
546
244
268
280
72402
1146
63224
396
230
40370
356
752
864
558
25032
23118
25958
38770
646
524
242
692
296
61332
356
9658
33260
88090
372
384
658
886
48654
544
602
28956
510
426
472
882
378
916
384
8846
49838
121754
778
864
770
256
398
1158
382
632
264
310
414
518
998
446
272
552
508
61540
2008
602
18388
144514
398
678
354
228
542
618
104524
4490
660
516
526
49508
666
404
6714
402
382
524
11228
278
98424
52418
264
23270
268
26316
536
530
496
2564
143214
522
49394
370
460
142224
520
256
270
13194
642
668
764
786
43954
262
252
2876
536
262
432
62760
71652
522
520
912
678
680
1264
394
544
534
13712
518
372
528
762
50878
69678
614
540
656
362
530
588
246
274
612
380
376
230
1172
362
532
538
636
294
8338
1104
238
23700
319264
586
62744
492
4730
512
18374
570
1882
484
528
49130
137310
436
374
614
526
726
7886
378
19548
125748
514
534
412
224
674
520
778
496
392
518
50098
672
526
43362
280
8044
502
2616
430
358
230
258
268
600
294
1070
7052
382
504
542
542
374
600
45668
362
912
760
3476
51010
600
32360
32202
378
33326
79384
268
22674
736
272
804
390
768
266
77124
404
772
512
642
380
67356
1406
494
560
77484
364
252
57828
16298
380
40116
264
78746
528
728
430
536
494
11672
3508
42028
1264
374
37468
28876
38908
762
6088
25826
4300
772
490
356
246
236
596
360
178030
510
658
294
516
532
490
390
530
280
494
490
32354
538
62306
1386
630
78294
400
264
246
260
520
266
266
18880
636
486
670
388
266
490
5168
660
496
530
386
4274
268
382
1108
4002
402
65414
408
12650
250
45434
3080
2136
906
656
1396
2472
654
1986
1654
260
1794
1430
226
522
2168
3406
2160
2174
626
692
502
952
2060
151982
1754
398
408
2498
342
1488
520
9940
390
1644
262
2186
274
1272
250
35054
1704
1162
5124
1162
2996
352
278
392
2066
2080
4578
1548
2840
278
1316
222
746
90624
516
622
268
22786
568
1648
1946
654
268
386
1830
618
2316
2804
1628
1792
2604
4078
53120
2888
526
7836
6918
8334
1458
504
1370
2374
2762
1116
614
1650
584
1410
3770
522
32060
1298
1598
992
998
870
23466
1098
2278
668
1616
22572
2498
2120
2670
654
3222
34498
3434
1096
660
1516
11932
26928
500
1924
1910
40616
1056
5524
38032
4214
1700
1922
1520
1122
1706
888
792
1786
752
2130
624
1152
976
34776
5704
728
67994
516
2842
1126
1584
824
2400
2168
5226
1126
44084
22422
1590
28120
936
19502
65226
508
514
1722
55590
1842
1376
39058
924
2936
472
522
1556
1330
256
1722
1572
3676
510
1408
1310
348
28430
666
2534
1732
656
1442
2012
1012
2812
1540
808
852
248
1572
1340
2102
1076
1288
4616
6392
266
1480
1522
1294
2804
742
1398
19880
1908
604
94436
37910
2406
4204
500
1528
1448
117158
656
18666
858
39758
2970
858
48950
27244
3452
1470
1912
704
2070
2400
272
68300
656
1608
344
2096
4184
2026
44914
1116
476
7468
18702
898
2198
93316
1332
1880
1814
1284
2480
1232
262
1676
1428
2712
250
1270
516
1142
2714
1168
3616
932
1908
1280
2736
384
614
354
1006
482
524
2966
1478
2910
148140
1640
1114
536
1200
384
1992
1580
248
8986
1866
1086
1280
15856
496
2042
5576
2592
2612
32054
16162
1648
1140
72566
3836
250
1516
658
2442
1894
1864
2094
2010
270
1286
2206
582
268
1416
3486
338
3236
2156
2230
19090
856
1140
1166
1156
1482
7706
1378
2228
1700
3814
3344
29998
1526
5416
1488
2030
2260
18930
1098
3332
1522
264
344
1494
1258
964
2546
3034
1890
2412
1268
388
2118
664
730
1146
716
1902
42310
1270
2490
386
2976
1618
3030
992
1790
69068
2596
738
2336
3728
64464
1480
994
1150
1448
1584
1876
3456
1822
1428
1614
1324
4162
3222
1610
2698
42184
1130
1862
620
1636
880
32040
1902
386
3612
976
1744
3538
3360
3354
1974
2566
29956
1014
3368
246
928
1106
1256
79650
9446
1758
992
780
788
422
1218
892
1380
4618
350
1818
2252
1508
1242
1880
1140
3466
2832
758
7468
1342
244
1640
1650
2370
1122
2112
390
1656
2654
2006
1528
1156
1412
2394
2498
2498
58096
2042
1850
390
1112
1812
770
490
386
1992
510
1596
2366
4336
1154
2162
1134
272
1706
12730
388
1652
1150
24956
1556
3056
1562
2572
516
1404
2876
1162
1342
1410
1870
1738
896
3752
1296
410
1216
516
1046
2098
3088
1980
1138
1874
1026
1144
390
1490
1820
1126
268
76120
1456
952
1282
1204
3058
1746
496
1080
1284
876
1334
822
2050
1300
2488
1022
722
934
894
3560
272
31974
1538
392
2912
872
266
4718
1872
4430
100668
400
9906
282
390
388
2518
2418
618
1260
32214
1908
9906
2422
522
384
2026
10406
2192
2226
5256
266
1870
25532
1842
1326
136324
858
512
778
1544
576
374
1562
390
3218
498
660
19332
2490
410
4684
2362
2332
2822
2602
396
502
480
4408
898
1036
23024
1644
870
1300
780
3724
6892
4932
5104
496
31332
4138
1992
946
386
1302
2224
3708
2482
650
998
81022
1482
1892
2334
3612
1498
394
400
1884
3832
26144
1422
1676
486
2142
1380
1742
660
516
1314
386
1274
772
1612
482
1178
2038
392
2224
1874
622
386
3398
2468
224
3380
4432
270
540
1318
2106
1880
3182
348972
1758
262
658
758
3304
784
5400
2544
870
2824
4432
2168
18866
250
1548
302
2524
79356
892
1938
1038
1416
526
2334
1606
1054
49856
998
290
47590
880
510
1568
610
368
248
2296
2222
662
618
1208
1620
44872
230
1404
384
1654
2176
1620
21566
2546
73896
712
1024
3302
270
1838
880
3146
5636
476
526
732
486
390
2384
1346
1608
2764
66760
43238
24652
3188
14944
942
634
924
390
1502
2366
3764
1400
1340
266
2296
1620
31786
468
250
50686
1350
486
388
1744
1730
1304
2468
3460
1886
258
280
382
1836
28894
494
324
17362
4006
1704
23430
1352
1382
1786
240
272
7520
40214
478
8376
4042
382
406
512
4596
494
384
34580
1514
3660
576
1662
986
1580
2366
1162
7138
242
11118
3158
3660
2390
890
508
386
2770
2012
2004
1780
614
1266
500
2686
2168
474
1148
81122
498
2034
618
926
1858
2536
1420
8356
390
888
140964
84048
402
2072
1082
1270
350
1384
3336
2632
512
1250
5610
512
834
1174
1000
580
772
1732
1384
2388
2202
938
2326
31336
414
3358
2570
1834
3632
404
54660
1210
242
488
1134
2552
32394
1376
2364
960
2738
46814
55898
406
30828
2164
2470
994
2710
962
2106
1802
40764
384
2096
2324
20130
2226
342
1608
3434
15222
22214
302
11626
492
358
2096
5812
368
1398
1604
498
3226
1684
1262
500
392
37806
352
20116
426
644
414
14696
18958
1856
2144
10370
1364
4660
272
878
260
504
2330
3350
2630
600
654
534
520
392
1692
1116
878
1710
252
31156
3930
2626
29852
492
2148
718
348
1240
1416
286
222
1630
5844
2748
540
390
133688
3186
2022
1954
2316
5964
2242
2776
370
584
252
32786
2248
1920
386
2058
1780
1466
2524
115946
26990
1560
612
258
642
456
494
2050
3676
1736
432
1952
1634
248
2568
2772
716
616
2330
1814
93306
57720
1992
3532
5264
2782
1384
96400
4282
1536
1338
596
1448
254
758
1998
1250
1220
2086
902
4346
3302
1268
158058
256
578
526
258
108304
386
400
4112
1622
2438
1140
1700
2116
2406
1580
74170
520
1200
660
248
7812
242
1852
1002
4182
41182
70230
67178
3990
2798
68274
1640
2512
2240
1928
1654
1160
1348
2526
390
660
2984
228
240
46044
3102
3518
32414
2648
1108
1980
11268
3652
1338
18784
1920
1952
1494
3440
1486
1638
658
39434
46818
25514
244
1520
2310
39564
2666
1508
388
532
2028
3332
2326
2080
3326
742
1558
894
2722
3774
118300
35624
7956
1530
2630
1334
7842
49040
2120
2816
394
2086
1176
1802
3742
2124
1018
234
1272
27738
2634
1020
2674
29664
404
1846
2194
3092
48830
1990
228
2414
2226
1810
2038
1590
2732
8352
410
1018
3730
388
22850
2436
1348
1632
1922
31720
1526
762
2284
876
1336
2846
1908
240
3150
1112
3192
20498
250
1684
996
3108
778
2522
1502
2770
87492
1180
484
84418
1452
660
1278
1854
2068
892
16474
402
1998
37952
1530
290
2014
1686
22386
2284
97536
1428
1844
25158
3046
1242
217980
2094
2106
440
742
1844
3116
11542
1882
1550
1518
33362
2134
1956
1564
2086
2686
1348
2068
532
1976
1486
992
2958
902
1858
256
2232
84780
1920
1828
3210
2346
2474
3018
3030
2444
2188
51226
246
1598
1136
1792
2430
1966
51046
19946
1628
980
1118
982
1836
2766
57950
2294
2132
2766
1114
932
1260
788
2304
1458
28310
2082
2190
826
3080
1922
3106
113120
1692
660
1998
1962
2246
2758
58800
1460
2372
2836
2066
2294
3560
1994
2572
1752
15516
1648
1338
1810
2242
266
30084
676
19910
2036
1404
2934
68420
167820
90178
37548
2454
66598
31748
488
232
260000
23884
752
236
522
1280
2332
1986
2600
266
1420
2002
1810
1730
714
278
2804
266
1704
7050
1662
510
1476
1336
1766
2542
2688
508
3380
1018
2794
1340
3202
2426
406
2582
822
3844
64818
234
2080
3332
388
7240
27054
400
654
1346
62284
244
2878
2208
234
67910
768
264
510
3286
542
242
540
514
4708
2964
1502
6866
1342
1772
121400
786
8412
1070
6522
522
1846
660
3608
2200
242
2830
504
1322
14902
2608
1594
260
946
5212
8600
408
1660
2988
8042
4084
270
4258
2380
3228
614
2966
1476
30356
2758
98844
236
4216
1302
3980
4596
2010
1520
1606
534
2350
498
2174
512
1252
1844
222
2018
618
3150
2120
1542
4492
1894
2180
2086
2206
2756
1952
1960
2966
2378
2352
288
558
2186
2024
1644
2768
1518
518
1888
2536
3410
284
878
62328
4134
4414
508
2058
2564
1352
15924
5590
2822
37340
498
474
2758
2230
1292
7708
4060
1268
242
486
6786
100044
1436
2524
390
1490
2468
922
2442
4548
514
22088
1442
1256
672
3568
71300
1786
262
68366
660
4602
1546
1644
1514
224
76528
660
2888
258
45540
3218
392
105028
260
2444
1952
2000
518
390
3546
1776
1950
21228
4318
2274
1868
3290
660
28948
252
496
4384
510
774
390
1738
264
1220
2176
1330
1188
236
113388
3670
746
934
4692
89714
688
390
1792
2228
1532
2558
1568
199656
2354
224
3580
1682
4910
39686
14148
490
2328
101804
386
3408
1006
510
536
33166
3238
2830
15540
3252
652
1202
398
1850
1802
228
2608
4634
1032
1778
6026
272
2036
532
1448
544
792
2242
88050
612
656
2284
2168
2492
264
880
510
40970
5906
932
2806
48490
211380
2160
2020
1704
2370
784
120264
252
1290
9946
2016
3194
500
11060
2332
1604
3054
2508
2562
1740
494
2854
3590
2206
640
2602
658
25026
7528
1900
674
1806
386
28374
2452
756
1236
744
992
392
2126
238
2704
2186
4126
16278
3934
4172
1902
386
816
1562
2422
386
3482
402
2266
814
1698
546
2038
75726
1984
1674
29688
532
412
11956
260
3980
568
46806
30354
2394
1696
1310
658
1556
86016
55252
886
1256
1924
654
1868
2158
2058
2636
2406
39662
20180
1990
2794
4026
5976
36734
1574
2376
684
1426
374
71004
1338
516
5678
1326
520
2056
2920
1652
1170
938
1992
386
1308
5388
2796
1962
1372
2198
380
664
658
1038
3054
518
226
2526
1724
276
1508
2584
406
4490
3020
4586
2304
16280
3156
2136
394
38090
814
2006
248
3538
1758
240
382
86294
1662
240
1454
1692
1908
83938
2082
2494
1614
2584
1594
2092
1370
1262
68322
780
2110
1780
244
38280
33178
11330
2180
1070
68716
140420
1434
518
1918
1346
1676
1242
1592
658
386
238
3224
1372
10428
2196
50348
5396
1142
2812
145992
526
3060
1808
4608
3032
84840
2676
1152
12816
2650
2304
508
1772
1616
2370
1110
384
1240
384
1482
58434
528
678
32810
2628
2880
660
5858
1954
14392
2140
3324
3738
1920
28768
25524
1658
2612
278
37106
1224
876
4040
1062
374
1482
498
792
1536
1932
1272
2278
264
2038
35154
2984
1388
4700
4522
2682
1248
34168
260
3402
1616
242
238
1410
2456
880
3116
408
2362
1160
226
1444
1250
1012
500
2238
5284
946
101756
1622
1792
804
2516
1898
27992
390
2058
2512
2274
2082
1044
22068
1528
2512
18690
2188
618
1412
24486
1612
1202
2408
3292
1552
418
47118
1932
1024
246
1522
238
1132
536
1444
2268
2802
11302
1004
878
1726
3430
2354
20956
3500
2004
29674
1612
1930
21842
2024
2306
1692
392
6638
14452
2434
243438
3292
872
1830
2192
1272
41110
1478
1954
2348
3248
2326
2752
2620
4188
33120
2404
2006
3288
4172
474
1696
2700
2382
3370
282066
2432
190720
112496
7366
2556
1870
9908
1910
1938
2260
1428
1274
60172
1010
652
1258
2296
1106
1592
3314
1294
2162
1658
1402
3456
1574
4668
290324
3122
238
1956
14688
264
2550
2242
2388
388
982
1288
53674
1618
3622
4238
1612
1790
240
2670
25450
662
260
1492
147020
890
13200
65408
2534
1708
2334
782
3488
2786
2448
470
2408
1758
228
1982
2546
1868
514
2648
1960
2804
1898
2206
2026
1822
1668
1408
236
2568
2730
1648
2476
1498
500
2944
92944
1358
482
850
1738
324
752
1052
1178
1402
1402
790
1524
1418
808
246
284
492
1718
1528
50114
402
260
3242
10894
1860
240
1026
506
384
5082
5468
2294
1376
4104
592
1198
2074
1864
1376
394
12614
2736
30666
488
388
3562
6760
23824
1324
652
1486
466
1410
4322
1828
746
32164
2056
5920
672
1420
524
53778
932
362
2604
3836
5344
450
666
1288
272
3000
3556
1884
490
454
484
2898
2308
1846
2252
760
3984
1774
2064
2098
1136
1890
658
37056
2086
1794
734
1188
2288
1414
2474
2000
2258
1558
3342
1402
3402
802
1848
830
386
1916
1274
1464
12944
1710
3534
5516
1640
966
1732
568
3968
7578
276
294
380
49136
906
2002
1412
1540
2184
11016
1896
2726
3602
1756
1548
382
18406
2564
1788
59366
2600
480
282
3296
2448
3682
2294
1796
1772
2022
17348
478
1648
2546
1756
2388
388
836
3308
1868
370
1824
726
714
712
34902
278
3752
1846
506
550
1990
2130
3118
2688
1158
2908
656
13234
4766
1750
800
1018
3048
3026
1764
1180
3198
11004
3230
30100
386
1062
1168
10614
3004
1544
758
1436
1498
1554
2140
244
400
2000
662
1142
1710
2386
1276
474
1616
31646
2430
1952
73202
2646
1238
510
1146
5322
1674
1886
2376
1974
252
242
1006
2918
244
85764
1436
1854
1906
1512
1634
950
1476
478
19212
284
1702
256
28440
526
2544
620
6052
23752
2450
37602
928
1964
390
1020
264
828
2464
682
1520
1534
1856
452
500
492
1834
151772
1438
3182
3412
1574
1362
1510
33316
2214
518
2660
1778
1382
1418
218
616
880
1026
26966
4468
2214
2304
2188
1512
396
14642
968
1668
1102
1506
1920
1722
994
2188
996
1896
510
898
376
3066
1786
1388
1262
17742
2896
4554
1648
1572
490
1182
1264
2794
44022
1470
2030
1370
1278
1224
2932
2614
2706
1864
2422
16612
2268
1304
502
1514
612
1148
278
2006
1584
2556
744
1190
1804
2860
2808
262
1692
748
1826
3978
1510
1442
880
1722
660
1404
1594
620
34286
1336
766
2550
2318
3336
1856
528
940
2368
1682
15676
1014
1654
1336
1506
1458
3522
1300
7636
1586
504
1492
1966
1684
3542
238
6992
6326
1310
902
2754
5386
17674
1510
1312
606
2024
6990
860
3294
3154
2630
1394
536
1632
778
3828
3596
386
1398
2510
13898
1840
1296
402
1214
1630
656
3496
924
658
1058
484
2106
2290
3774
1568
1676
1402
924
2680
260
2072
9204
1280
266
1174
3244
1860
1482
1562
388
1046
2024
2470
846
932
1982
402
982
2394
93276
31278
2310
3916
2758
101154
1824
1746
896
1484
490
1448
1060
1550
420
1312
2916
276
1254
1264
2496
894
1618
870
48758
2116
2274
844
1556
1230
234
1808
3264
648
2336
1672
11908
4724
2180
258
2578
932
912
1024
708
2596
1508
260
1402
1106
1318
872
1622
2052
620
1784
1592
2414
620
1276
27086
1300
1020
1066
262
2470
1222
1250
1132
1694
532
2780
3538
472
388
2066
510
16396
1438
488
1202
1518
2044
43980
1154
662
698
762
1034
1412
1520
386
21982
1608
1606
388
1804
1122
1566
1140
3978
590
4348
2220
1258
1850
1982
1386
1908
1440
1554
1516
1190
3096
2162
278
5560
1002
480
1310
20980
274
536
1148
1004
5430
72208
1076
3508
1312
26824
1088
390
1544
1102
1926
266
768
660
1652
1406
606
2264
1850
1774
7682
1260
730
398
1656
666
65416
614
750
538
1456
264
1240
352
1958
162316
3780
81216
698
616
782
352
2920
2166
514
1764
2878
1556
4726
504
3946
17004
1162
82922
1634
204828
388
1498
564
4012
756
254
880
3086
1202
980
606
1138
3024
1778
2492
456
22588
1140
1634
16706
1648
1456
530
1794
1936
386
2014
1916
1796
1794
2450
1854
990
612
3656
1316
2022
3380
474
3164
1736
61060
1354
854
2910
1520
390
514
1038
948
3910
2820
3200
1788
13928
2060
1982
1944
1370
2756
1422
1998
1138
390
754
1364
2126
6662
92196
1454
1276
6046
390
228
2128
1824
754
1872
1480
390
129066
2174
1896
2020
998
20196
1966
1452
538
1696
1848
2650
1672
806
2062
1752
1592
2000
146924
1396
518
2434
3346
630
910
2542
220
2326
2210
1562
2616
1128
1698
1046
1956
1238
258
1056
1278
740
1536
482
1976
1158
1524
1004
1528
62464
38734
1240
660
12620
1912
1762
736
35582
2264
2618
484
1846
386
1248
618
5414
754
4650
2634
2410
488
3888
2154
1854
502
620
382
11708
1716
494
1062
2634
21112
1748
15316
266
7750
386
3350
2170
586
92520
1534
5836
392
1164
1346
2266
1522
2650
2896
404
490
3782
3366
5842
1878
236
1312
1590
736
876
834
2032
1524
512
262
3802
498
2804
128310
1606
594
38770
544
284
624
1704
2412
790
3658
39020
982
1510
386
2660
1188
2608
722
1848
4852
1512
1278
2478
656
260
2172
2538
3448
1164
388
6090
2636
1554
1918
5070
2562
226
262
286
494
2040
2832
121842
704
500
2000
2502
1946
4394
282
2766
7628
5288
5562
29450
52724
1772
2676
1306
2476
29852
1516
270
268
998
384
3696
3056
1032
28386
656
2098
2060
3806
41772
1724
11540
3024
2720
3584
1544
496
1442
1578
1654
2118
236
202
1482
2390
3136
486
392
1160
4170
270
3284
1208
1412
1480
53488
21678
412
2280
5272
2632
1728
476
2596
2170
508
1188
2702
482
7756
2176
738
1506
1308
53358
3324
1178
240
242
1472
1274
388
1656
644
2050
2066
2636
1376
990
618
1880
4004
388
260
6858
7514
592
1674
352
1706
7378
1628
1306
2430
292
4002
3236
1810
1720
2012
62402
402
2602
63194
524
514
2174
622
1844
1580
654
2672
510
1210
1540
2070
614
4774
274
54056
726
990
2332
2828
5416
594
1780
2158
106180
50646
6412
23442
612
490
656
2128
542
854
1506
