1fff:0:0:0:0:0:0:0:0:0:0:0:0:0:0:0: (total 13)
0 1 Thread 0 going to cpu 0
2 3 Thread 2 going to cpu 2
Thread 1 going to cpu 1
4 Thread 3 going to cpu 3
going to barrier (cpu 2)
going to barrier (cpu 0)
going to barrier (cpu 1)
going to barrier (cpu 3)
5 Thread 4 going to cpu 4
6 Thread 5 going to cpu 5
going to barrier (cpu 5)
7 going to barrier (cpu 4)
8 Thread 6 going to cpu 6
going to barrier (cpu 6)
9 Thread 8 going to cpu 8
Thread 7 going to cpu 7
going to barrier (cpu 7)
10 going to barrier (cpu 8)
Thread 9 going to cpu 9
going to barrier (cpu 9)
11 Thread 10 going to cpu 10
12 Thread 11 going to cpu 11
going to barrier (cpu 11)
Thread 12 going to cpu 12

cpu 13 cur 13
STARTING...
going to barrier (cpu 12)
going to barrier (cpu 10)
STOPPING...
Duration      : 10000 (ms)
Acquisitions  : 10033625
93504
15891
25581
83124
1311
3276
102807
54519
2889
61671
4353
3702
1130988
4221
6261
7173
3642
3288
1164
5718
7461
4809
6228
2205
5553
102483
1228497
2103795
2392413
1282170
162504
4590
2315067
63513
3288
958518
20997
4809
1458216
653403
18327
2469
5547
1166433
414540
4638
60183
28857
199236
324336
2031
45384
109728
3261
4431
42297
3357
22122
3078
7215
287712
4485
6822
2297529
5133
26025
5491527
1034898
5829
5979
5307
3621
45285
2880
63531
4515
4359507
4554
5172
6345
2856
5775
14145
2790
1723407
2352
2070
28866
28482
111375
13020
2607
221685
160596
18939
441150
4950
35004
310608
39705
19245
1809
5748
279615
7836
21270
3807
15819
38205
10236
5145
4581
197565
40245
8277
162279
27237
6324
19674
16821
6957
2664
93297
10734
7005
3852
96231
56088
67707
4383
12147
7896
8619
209340
23418
10722
3252
6366
1932
6015
15045
108393
6033
4875
4122
82008
9888
5355
7749
144996
159843
13605
4170
9144
10512
423633
46191
9417
19041
94656
5367
8937
6180
5043
38301
3003
19911
50829
45153
2547
3531
4914
10254
32580
11430
6555
139425
251814
63096
260448
4623
95757
147747
138858
3279
3621
5142
2976
9057
57726
154137
129066
54543
39927
4962
36774
32070
116715
129357
5481
98076
22719
100242
4335
123399
112887
3441
225474
154035
35529
23877
4380
12972
6513
7074
97038
15660
423720
99621
34533
3537
43350
39114
792048
7407
3511290
1982433
3783
2187
6300
2141967
59331
2562
3300
13332
7650
6834
6810
4716
54129
4572
14805
56346
2907
2928729
17439
1553805
5799
882984
3492312
3594
6545535
2151552
1206525
4485
4500
21102
59619
82341
5985
3105
4326
3366
1205043
8091
5415
1171119
4884
755910
4809
1504419
131112
5238
31953
74841
37347
32364
58317
3402
6915
1017651
1204140
4548
7680
4854
4473
37536
3990
150483
38880
151197
9597
6390384
8706
1080885
2240661
5103
6825
1329456
26388
5259
2203344
2991
2065725
6981
5114634
1269687
4485
1408332
2180220
3111
7164
47481
1090803
103347
17016
3393
2814
3849
6963
70455
21264
3567
6420
31077
6033
4365
9951
3963
2613
144591
6633
85332
4941
2949
2736
84549
3102
82896
4560
4029
1587180
342453
62919
1153059
2217
5379
3605007
3690
111327
131577
1626024
5133
1493436
4674
35688
45135
1075638
3309
152130
165171
7446516
3735
2940
4443
5724
982896
109143
33186
345108
59142
4683
3309
4318476
5034
4728
4389
1120812
4266
4038
2976
82017
805056
7494
307167
4557
239415
3846
5769
184395
5274
4410
1434
4452
6069
6261
9931368
565158
40833
16494
2538
4065
5925
57876
6035523
1704
1115349
242025
317634
5301
3372
3047415
3024
3036111
4812
21168
5406
162576
5829
2530149
3795
64725
253272
128511
3141087
44256
1532634
3852
3654
1740720
3489
231819
5187
4086
130077
102186
6249
1421868
2436
4614
5222142
179100
11904
16050
2037
2439999
4734
5403
5154
5484
4364376
988089
3114
68763
133068
3819
5547
41031
4884
162420
45684
7446
40146
141024
8475
20307
15150
7422
3327
6885
4062
12489
4614
145236
36804
3939
16731
132513
6009
184305
7899
782316
228378
7110
4824
62718
17385
3210
233802
5619
86310
4683
233925
466602
135483
199419
326883
46338
184350
506820
12849
30678
458523
42699
42237
56169
256590
3831
6072
8991
2436
2679
6207
2946
70128
2442
18345
24099
33234
3438
145056
211041
7977
3255
73905
6183
13251
115104
3933
4554
5667
2892
2895
12984
142092
21519
301098
7392
14601
3273
18534
40980
56727
122685
3585
4335
8493
537846
3633
7413
39804
176067
3123
2121
494610
39147
5952
5921400
11370
9336
1947510
8310
1142403
60321
3984
4308
4284
1428
6027
300633
3711
3699
42363
1092615
4464
1097241
4173
5862
1272
2673
1224126
5112
4437
1907340
1420155
124098
334659
1225110
3432
8682
265398
3126
6132
103728
4365
3315
51072
30852
5229
5265
6807606
2289
4782
7848
7299
4332
3813
1590
8826
7584
4836
3336
3807792
1257543
4116
4329
3074244
3945
2886
155538
4959
1759887
2334
3648
1073031
3912
372987
11259
3888
5994
4846002
174276
5100
3204
1047981
3213
815829
5061
4128
3987
2082
3714
1785
3412395
4698
3503196
17346
5373
8773062
100875
3459
135237
2319705
1955856
4149
6978
2263629
4452
9168
245037
9711
2433
6471
2730
170235
1100685
45549
34251
2925
4481367
2977929
1189443
2625
185283
3285
953496
3398985
2952
2201544
9177
106053
4308
5730
3705
3807
6813
4581
4800
69870
40794
898899
97710
62784
2283
3021
5343
4833
11091
27675
277185
310182
65388
3264
3450
3903
21570
5412
4452
5771064
3129
3315
2007555
3176304
2341392
2385
2682
1064292
5331
9444
6294
141075
5889
2430
1165239
4857
1125759
5814
4452
2262
1027296
2332875
2718
3225
3108
4230
4269
4794
4851
3125301
2919
6045
4713
2553
2805
1163856
1357695
2056254
3774
1069761
8904
1596624
4944
3564
3633
3960
3984
6558
711672
1088685
4515
228456
26235
3517659
3655404
4242
6843
2280
5811
2997
5679
1212837
3063
3342
168198
5490
50658
4008
5076
7095
3855
165933
6537471
23916
1070973
4944
3966
101937
6811548
800337
3687
5937
1230105
231579
4002
1017441
3834
1221339
6081
1249530
4824
808038
5559
4926
7059
4821
6159
2733
3090
4698
3165
5085
5682
5226
5394
2958
4830
66492
2294472
24708
4932
5421
155013
39009
259578
3795
252429
5505075
2535
4047
3393
6924
16056
5385
5271
2013015
4746
11463
78999
2856
79683
4743
43047
157782
7354716
4032
24723
95832
35325
4059
3378
61152
4287
9867
5661
217023
1761
2925
5693493
651471
4584
1088640
32259
399723
19833
6621
3468
4431
3852
181440
2682
5559450
8388
3060432
1222965
4878
5733
2165193
2982
4617
7314
3519
18324
52563
71163
4368
4381146
6036
17388
68766
3531
4842
246360
60975
5115
248469
4611
4278
4137
99216
2850
237093
289176
3231
6729
458049
1629
6984
96783
37755
136815
1014390
3237
4836
3960
6042
169161
2319
3057
144198
4836
97539
3999924
2436534
4314
4857
5418
7181091
4572
9339
3669
7005
14721
8058
5358
2796
6009
188787
59625
3846
7659
151899
100137
195636
5019
89832
897636
3999
17730
78132
7155
255282
2154
63636
6780
112896
3498
43272
39588
4794
4659
33738
63948
12837
4548
3030
3411
1346181
3039
3900
3540
3711
4617456
3114
3930
22332
34500
96858
27558
5124
93354
4611
3180
3363
960057
3840
7395
2856
6288
57093
3843
5133
62943
16929
3012
5130
1058181
6789
3242613
12297
123063
149004
8265
7413
81384
10530
3699
11049
6225
5385
2883
5361
70377
4662
21681
1538826
4257
78657
4731
3255
467187
6753
4272
125688
5712
3996
460761
3507
3126
15228
80856
139968
13323
1689
174996
4827
2388
1980
47463
4362
84774
2529
4395
16485
2982
1704
65655
218178
602145
39171
63405
2442
104088
3528
3321
2361
2778
1914
1773
4149
36243
107523
24735
58122
82119
2853
1209
2298
4476
3966
1509
5019
69978
2100
3039
219048
4935
3732
98418
1587
3750
206442
2901
115929
5094
2535
2460
3603
76149
1995
2667
141438
1296
234192
2148
20448
49713
78693
2595
2481
2379
26190
3453
470019
3636
5673
255789
7368
3255
2748
3303
250368
1791
3084
7989
2163
1290
2868
1929
5046
22935
95949
107634
2136
1854
1602
193950
2022
6223512
2733
2172
4104
1815
2037171
47496
1080
2892
4002
42120
4500
10845
5319
158082
1285947
6222
2610
1692114
1731
3735
32916
2613
1553451
1770
857730
3270
3481056
2928
1978854
2139
3315
2142
981
4466058
5733
6450
1677
2922
4419
2682
88287
1770
927708
1860
2730
2805
1554
1188747
49344
2514
2880
1190070
233211
2943
1089333
2709
3831
3381
3363
1193835
16530
456627
310461
1530486
4239
2538
33405
165978
1872
221613
1008642
3105
1235940
3207
2769
125301
116760
4515771
2508
3033
1869831
1212087
2100
2227590
2835
4455
58611
3612
1635
3560910
2877
5247
1085064
2796
962871
1332792
3243
661056
3690
5768304
70935
2082
2459058
4404
2397
5508
136800
4218
1773
22899
60990
3693
27276
2037
627
2592
3280401
14016
1342560
2877
1635
2757
2826
1791
4065
2340
1716
38925
28218
2030331
1677
6093
143817
6369
2097
2709
75018
3024
2634
4449
2217
1689
44181
1148262
12111
5478237
3993
228543
1803
4431
6128307
1622898
3612
3714
1911
2847
132165
189042
40038
3000
21345
3543
35295
35190
115530
91908
66336
1269
108849
24012
58617
227886
735
2862
64779
2553
4047
3744
2916
3699
5487
4500
105882
27219
42375
4674
1662
4833
4239
2823
2754
3312
3162
22323
2280
128139
2784
270921
31512
2931
149694
2154
3999
171846
5226
3237
390960
2502
5352
2898
2460
3870
2469
3204
135006
598389
1704
97557
1728
3741
2538
13827
1698
2415
41853
1629
2235
1602
5211
1581
127041
86409
1965
2541
433980
2316
2835
2412
144210
3378
1968
1977
1470
2454
538104
1704
214707
1545
1542
1284
3249
54927
1734
3981
3309
201729
49734
4563
98997
157833
1821
324090
3672
1929
4098
85698
396039
201828
3165
68136
2748
111426
2613
217836
1123956
1920
2217
1827
2655
83472
4446
453756
2445
23544
2436
5955858
1212
43935
2526
5559
1620
1740
3000279
1239
13434
3630
2679
3183
3072
2397
2613594
1866
1131999
3336
5217
84666
2448
3561
2790468
7308
546108
2076
1671
102582
2691
61992
2637
3219
1635
441561
2820
4458
2535
8824719
126705
3558099
6086016
1533
1027326
4677
3714
7326954
990951
5994
5268
1833465
8391
523281
3213
72897
1683
4632990
4537524
2112
3561
1263
433770
2175
4392
2019417
2784
2028
1875
693420
74841
218202
4767
3219
2214573
41121
1886655
1446
2613
1138998
29148
2241
1878
2202
2718705
19800
4914
66852
2604
2157
2580
4465689
3195
4881
6534
5406
1776
2085
4216689
5148
17619
20559
3870
3558
1794
3018
3459
4337355
5919
41853
17313
3711
2175033
22497
3735
1803
295695
2736
880626
5697
86865
4506
15258
9819
2871
5280
3282
49992
4050
75171
478563
6592362
1132893
5664
4527
4374
2460
2907
3057
147039
21036
5665344
2310
2145777
1854
4032
2844
3111
134502
2925
1674
67524
21399
2732232
3018
1607286
52512
3951
2643
4416
95061
3279
2196
2778
2418
5641185
3117
3128676
1683768
2817
999
1539
1662
544302
1197609
2352
3615
1590
3336
261798
7170834
3108
4407
1321725
4035
4407
29511
39813
81246
1563
132222
2064
2751
6283710
3237
1818
1448067
2565
4395465
1362
2269455
214098
838611
1473612
1791
2703
3891
2802
507048
4263
1836
5148
3360
2571
1600023
12939
1326
2613
2991
138648
2115
3639
4200
3147
4944
2556
2478
2427
3084
1166943
8037
3117
2778
6891
3108
1965
2679
2478
21978
3477
15495
1419
3522
875727
2525475
1935
5007
233277
2562
1578
116436
156168
2787
1935
1107633
4425741
3750
3042
437793
3066
2868
1581639
13110
3804
7766295
903
75924
3246
3360
2733
444795
5616417
2949
599226
4266
38805
2229
23397
1090914
626334
2478
32538
45138
2745
501
1476
2016
3324660
2763
5245776
2046
2919
1201023
31755
2139
2361
3960
16368
2235909
4230
4188
4632
1599
1716
3045
1863
3345
1218
81669
2424
2223
69198
3054
3588
25476
1752
1419
4281717
1704
3183
1692
5946
2961
1686
422358
207228
2226
2859
2172
93453
1242
198705
3129
2949
2487
2049
8268
1572
2223
2514
3036
3624
295242
10104
399843
3870
3960
2355
3711
1911
20526
48789
2613
2556
1797
2085
18720
3546
3993
49368
86142
5031
2928
989973
3069
1857
1683
332577
3384
1389
200976
5274
12605601
2087286
740325
3201
88668
1692
73434
1218
2310
1896
2040
3237
187101
78900
3114
361362
80184
3519
3015
35334
4080
3855
3657
4533
42639
3957
64803
2352
3963
1097931
993
4566
7080
29961
1578
3456
5769
4112961
648
239295
1827
200394
47277
3705
7449
1728
43962
3762
3693
4923
1368
1443
25578
89565
45057
906858
2448
2508
2775
18114
1992
4581117
3312
3447
260028
873837
1053276
6150
2448
6600
2193
2208
599562
3933
3033
67476
3561
87108
67701
2724
89868
2655
3180
2409
2508
1225089
133401
2943
3867
1332
9414
4044
2190
2262
44769
1254174
2056080
4116
1360011
2487
1656
5349
3312
26307
4641
2223
2283
965190
1285482
2769
73737
21150
5442
2865
128376
3606
2269362
1728
1212
2163
3501
944550
2247
999
1002
122163
859458
542373
1825506
5316
2229
506406
28071
3612
130233
3210
4953
1935
2703
3378
1779
3228
1917
3438
273216
3489
5313
45234
4104
41070
18483
3429
350070
309651
2158161
29901
2508
3879
3195
1938
5823
5451
68118
5112915
2448
3129
3225
199818
1905
2355
1863
1707
3630
59859
2343
1341
1095495
3501
5007
2514
2691
2454
2409
4536399
1005
3114
1875
5214
1645287
2805
1962
82503
3087
4017
1683
3225
92478
1440
1707
2928
3000
5484
4665
18078
3111
2937
34680
2799
2379
173787
4272
2151
103848
2517
2475
116721
3804
75441
2580
1392
1575
4635
1035
2370
5871
97428
195459
125625
3099
3912
102447
2853
126141
2532
2163
191451
224370
4428
208197
158490
3003
3612
1362
1299
2436
705
3000
111288
91995
1944
858
5532
114753
3318
3465
30321
19176
3840
4041
27285
2271
3630
314871
2376
1911
2967
88932
730743
2103
176490
3186
61827
100197
154836
25341
4377
484392
3465
2505
1269
9678
2349
50073
2139
18240
18009
160059
1263
2175
37206
144264
2193
247095
1680
5370
2688
3591
2337
3987
317538
4632
5217
1344
2625
2493
1902
52413
7248
3129
3351
118206
1539
142377
3162
2895
566136
111786
2526
780612
224073
1467
137520
181770
205194
1902
2259
4014
2109
2208
112329
214059
4800
4431
1605
4884
3369
2661
178428
2298
3612
1401
2970
3183
321348
2562
2205
3144
3309
1359
3945
1620
26760
221706
31242
2157
3030
3051
5562
129957
2661
4359
2016
2217
1755
3966
39990
513294
4761
2226
2976
1299
3078
2676
2267814
2112
5166
4518
3689934
3099
2361
2007
3045900
2151
3060
354894
4413
2148
3496074
2595
61755
2640834
486237
1698
3972
3540
2466
198522
556656
2040
1062
1238841
1506
17652
2175
3672
3012
4593
3738
3414
3504
4365
2967
1788
4527
41133
105285
7081713
3714
249297
135756
3318450
12717
2043
4461969
77382
242532
1472538
8415852
940545
2422350
996
20280
4197
3381
3270
5049
4953654
4026
23520
7403514
1932
51903
154944
2267172
2802
5640
3591
1992
2034
2040771
2232
1054974
1404225
4596
2034
1104477
4086
1731
216084
32526
75651
2202
8652705
2943
2604
37341
27873
24735
3339
2535
48783
4344273
23199
10971
102480
2724
2931
2074314
5538
176538
1818
5652
3087
18240
94668
4026
1120629
1779
3855
2079
2304
3333
2601
2292
3645
2388
5967
498693
25344
1623
3231
5379
3027
2598
52221
21438
2997
4113
1149
6374025
1258767
4419
4281
73251
2976
4707
49185
4485
3211104
2269893
2475
1704
1245
2517
71616
3501
104799
1488
3483
1034031
1932
3603
1812
3460518
1449
3453
3867
3150
2238
2025
2186895
4101
3171
3675
51912
3193605
1199457
8922
1316925
3696
4859967
2400
2312607
2166
3238062
3719223
1509
1268394
4017
4974
6621
54237
1812
2970
1194
158493
1590
1920
3060
3618
1617
57207
6256668
1107
89856
4689
3378
1614
161400
55239
1181094
3246
20478
2772
6787953
3555
1956
3813
721503
3375
2967
2106039
40551
1197
2349
1583781
104559
34923
1986
2094
2022
66615
1851
1148628
71658
3345
3768
17964
815703
1950
2706
2745
1908
4224
2355171
2817
358140
3339
144591
39741
3369
7248
47049
3669
3669
1209195
4402941
1785
2108124
2376
2721
2040
2919
3927
366123
5478
2859
1233
3441
4047237
3278820
4269
106869
2214
5412
409047
2931
1914
7437072
2100
641517
43743
4845
3318
3271263
3363
6405
5160
26247
1614
7077
2058
2856
2025
2307
3627
1764
2147349
6636822
1722
1227
43350
2844
42090
3741
5193
2262
36543
4244850
23391
2184
3225
1791
3840
3231
63426
13428
2133
969
152925
4824
3180
98706
54618
5748
2781
3783
2070
1764
1311
833325
2565
2373
2757
45165
1425
378876
2664
2826
3873
2829
3825
113028
104616
1407
1893
70986
1276677
26097
2790
2007
2940
2934
1311
89967
3546
6369
5359962
8394546
256701
3021
1473
267369
3225
65181
3945
3540
1233
4719
3876
2880
4326
2466
42867
1473
1557
23487
5895
2370
2664
28182
1437
3792
1104573
1647
404544
1683
50544
18690
68049
5502
128832
27495
2346
3282
4620
59595
1710
2748
2334
3189
9327
105450
3954
5772489
61641
1773
51948
71433
155568
1191
2271
12060
2664
864063
95832
4335
3468
4257
2301
6429
75024
4327614
5709
6171
2757
1671
342441
2781
2733
56472
141045
662355
2031
3183
2538
2184
1263
4233
1830
1013340
1011
4008
455145
184521
2160
18384
1269
1899
15654
1812
4278
224145
2667
2091
3150
3123
2715
42198
28536
30642
1143156
1620
107898
4443
85527
1338
2781
3216
1632
1130505
1989
2097
2484
2439
59850
2715
3132
3108
1304151
779181
3630
2160
1929
1340727
2610
1788
3066
2010
3408
4059
2318220
12468
3474
23700
1797
3105
2220
2163
738
4560
55812
138543
3927
3048
2154
3990
2151
2388
4770
3273
2246778
1131
2568
2712
986199
1953
2685
2126958
3210
1715628
186798
2793
52386
68901
3198
5511
2046
2223
4413
2754
64527
192975
23175
1161
225612
2265
5019
4668
64770
64023
2109
4956
170835
24375
22197
1803
3885
2685
7643181
2754
1181235
3801
1857
13566
2197674
2004
2232087
3846
5064
120807
3105
5718
1539750
103806
3168
94554
3363
69330
1620
134520
3636
3099
3021
3165
1572
2232
64623
2844
3621
46695
2523
2997
3183
154731
2841
178743
1803
2655
4590
2238
6090
4728
1764
3936
3690
2265
155907
2157
168159
265227
584154
40107
19008
24774
21666
63045
203175
157575
6096
51912
1776
6876
174792
1419
1998
76293
3930
185841
149688
34827
99492
2913
1035
2184
1920
2034
43452
77880
3930
54297
18234
1746
1251
4545
330861
3396
519999
2988
3846
2565
1983
18954
2013
1890
3684
3033
2289
2856
3396
4152
4479
221568
2109
2556
2031
2190
242145
31590
3984
30207
2655
4860
1374
257535
232176
2100
100464
126594
1617
2181
2811
226536
4401
3198
280068
22680
2034
2694
1788
4389
3543
5649
145356
189846
2166
2034
217338
3276
36474
4023
3891
3777
1917
2625
3156
528951
1431
271599
1260
4050
1836
141861
2895
91251
3855
5070
2361
5589
47298
1311
252936
4035
7341
3900
758706
2289
1950
3291
5442
1905
4575
4194
4407
2142
2205
1752
3303
4287
3474597
3483
1668
2002803
2472
1965
1935
2084187
2910
40920
102531
39249
844992
2724
2140746
2556
4368
1485
3168
2856
2184
24612
261492
3252
5519163
4617
2095950
4600656
2820
1533
970536
3465
1272
1189050
4131
1221
2964
3891
3000
4215
2829
1026
1344165
3432
33675
1162323
1956
2748
2547
3375
1146249
3339
97011
1338
2336625
234699
1191
26010
2271
3003
73767
1422
2348379
84174
4743
5793
7662969
3501
91563
1989162
3727425
1293
20259
3090
2520
2439
3452097
3273
2598
1974
1941
1956
2442
2499
5229
3951
15264
4077
4122
478188
3174
4458930
23721
1812
2814
2562
1359120
3336
2451
3159
43218
72819
4164
1710
3936
2667
2499
297567
4122522
2002605
199995
1659288
2169
1809
5426742
3414
3264
42237
2115
1275
38898
3051
164433
4086
2595
1176
1152855
1111644
1008
3678
1335
1881
2178
2316
4713
3480
3678
3666
1590
3066
3813
3621141
4329
1540095
2124
48615
3102
116970
3222
209016
7266
14106
3018
122373
33114
3570
2226
4932
25110
78432
78756
1974
213024
2994
2664
3666
2001
1743
2061
5871
2700
1701
2487
2538
1212
74346
6216
66789
1737
2598
448008
3768
1500
1230
2538
22086
2091
1776
1629
62706
31254
2415
1653
220659
7451883
20235
60252
4821
4185
1815
4398
21174
2196
112374
2145
1412754
4402875
4920
3504
2244
631647
3981
1746
1163550
10473876
77910
3690
1926
3654
2200017
99993
3370833
2043
2031
2478
989028
114261
2985
134496
2940
43266
1248
4305
3078
4284
4647
5499
2235
2229
3441
136851
4047
1743
2613
77490
3285
150708
1386
2622
70722
4773
2073
4122
431412
2562
2301
5151
2631
3111
6012
1341
2541
36162
1878
2076
75960
396192
40416
45195
3657
104232
1806
2427
4401
2190
2811
2013
5214
2703
1009236
17037
3315
5787
324249
1923
122031
4344
3309
3579
3078
2433
2730
3597
2733
5290515
3138
1746
7573602
2739
1055085
2481
39453
5313
196575
2277
2799
2223
84309
65679
1941
6762
199497
2640
5109
874305
15039
203259
2658
3816
2490
158184
127215
2277
1653
66204
3078
2382
1992
1635
3258
7689
239148
2781
2001
1614
2505
86286
3213
82539
3597
5751
2886
1128747
3408
1503
2118
3216
4183404
3297
3438
4698
4596
2004
147297
2559
272664
62484
3759
4062
66666
3456
23664
1701
106104
5491923
15009
2748
338211
3327
1785
1065
44988
2610
171204
3900
1968
2400
2457
3498
1536063
23460
2508
3444
17238
2898
803823
4701
3486
92826
81216
31368
32328
124794
2712
1221945
94236
1085853
3345
1338531
28392
2204694
3522
21393
14406
2466
2769
2382843
2202
2169
2295915
54255
2685
1000983
9642
62349
2916
872277
2493
2274
1389
1770
4023
2283
416574
2364
3582
2220
3432
2049
5025
24870
2691
3258
2268
3696
3768
2739
3090
1865901
2865
466911
91230
35892
21987
3678
3573
1644
204984
51051
21465
3945
3225
2985
96039
3102
23730
23418
145173
5916
5073
277968
2052
20721
21240
1202625
1605
2250
2193
2694
3513
2349
1247145
4467222
3513
808737
4704
3780
85701
1764
24567
1959
3678
3432
2292483
3233532
1560
49092
168498
3777
1422
1531566
2091
41874
5022
2022
3588
89997
145221
2805
38388
191553
1653
150129
215868
164937
4728
2793
2814
417987
234834
2856
4320
2811
1947
6864
2694
24867
279789
2424
3675
2001
417
2493
44712
2409
101109
194865
2964
3351
3753
90471
3507
147909
81387
214356
2001
447963
2616
114177
2304
23238
95619
2871
1533
2382
27723
3318
2766
2892
1713
77844
3882
251001
1083
2709
686205
5709
4572
82194
31734
4767
4584
3354
214437
3297
3096
1299
3843
143418
3183
94242
5061
1692
5601
2880
3978
2373
1506
3339
1914
3609
17766
1590
2445
487752
122562
5505
3822
179613
1635
276831
4512
26268
6243
3159
3888
89550
2682
20607
1953
2703
73194
36927
5664
4491
239454
483564
713562
2925
4179
4074
29187
1890
40326
2490
3351
2565
128856
2187
6357897
2796
2616
2475
2005812
2949
2547
1485
39846
1490115
3504
1717020
5920917
2955
1371
4104
2322
7511154
3510
49200
2499141
1680
2271
4323
19845
1548
63519
1812
2865
2304
2199
2388
1169217
1574232
7002
3609
1857096
4335
51027
2061
1860
2622
25302
150459
5085
3354
106974
4440
4452
2496
2390709
1092
2346
3699
1347
54801
2079
91320
2649
1872
80646
1560
2475
3576
2661
5943
12741
4479
542211
6987831
5940
2727
2133
3660
3018
7560
1692
2379
3135
1419
1941
4998
2250
2283
1890
2000571
4953
3711
5319
3879
2457
2091
5802
4182
2325
4581
2766
21903
2535
5649
4719
1396431
69483
2313
2149791
49698
2016087
4008
91437
27057
2538
4884
1257186
60351
5082
465717
46260
2025
2229
5442
1836
3126
2733
3366
1938
3993
3180
5178
3166329
1216821
1390128
1292715
7563
3966
2349
2313
181863
2169
65682
2442
27744
5191581
3798
1932
2244
3342
211932
1275
2463
1659
1330938
3378
4786956
1974
691707
2505
1223592
169290
204096
4029
35670
185493
1533
1806
3597
4653
59250
3726
2838
2229
4455
1764
1512
182679
3978
4050
71298
196881
68133
146139
1821
27270
114603
53427
3396
4398
5046
4359
135099
2196
3192
1665
2781
2763
2664
29508
2865
4068
1935
3015
2181
2709
3225
1383
2055
4509
3075
2151
116331
143694
1824
3381
3939
3960
158550
53103
1407
1059
154704
4713
50571
3750
1530
2940
2175
4380
40098
3429
2670
622797
2943
3240
3273
25317
1824
3627
133134
3084
1149
87945
3018
4368
5619
2970
2766
2076
1644
1518
2175
1506
2289
3609
2892
3831
1506
496425
1761
1428
4719
6864
2277
294426
5634
987
4674
459699
109647
2934
5388
1914
130104
4050
256836
245703
87426
1992
5973
3456
2700
22353
816
4737
49701
25029
1941
84291
4977
2676
2229
60585
6801
8190
6462
37353
2706
31326
1803
2052
452040
2589
81219
85050
2232
23385
2436
521388
283179
1836
4368
208929
3762
149676
4581
1950
8340
3015
678552
1956
1494
12369
2365623
3441
2885205
4236
39741
4302
1638
3312
1812
2598621
8034
2589
1233
1153683
4959
3630
2163
2600784
1139535
2934
71097
59973
3285
2307
2418
3693
4116
2683677
2118
1794
41187
10431
1136142
1306365
2103
1875
156843
16344
1905
3768
2510664
4823409
2046
2451
4371
3177
1182423
7830
2217270
25206
4563150
1098
5091
3630
1705629
3501
1341
2100
10905
1071465
5271507
1809
2396436
22059
3771
1488
2468907
55017
1698
6294
7908
3597
463851
37515
1767
3581007
2088
8850297
336
2370
2436
2532
155211
3951
2235477
2490
58863
1656
1935597
2007
3201
5370
4941
27621
2241
3699
2229
2415
1857
1072110
2076
4242
1468263
2442
2682
4242
148479
5649
870054
3186
3111
195042
32343
22932
6555
5513712
3159
2337
2445
3456
3219300
3066
1797
39219
4176
4050
105582
4393071
1653
2112816
3081
49659
1857
397101
4221
2277
5169
816066
2487
143187
2862
284499
327063
3570
6280197
3426
164166
76611
5709
1767
1167738
3957
61299
3936
90459
2850
3208317
2193
2238
1689
25602
2643
2146101
4119
2625
188772
1287
1791
2259
903
5256
19575
15981
5058
2820
1063005
2688
4422
4731
2025
1050
1860
5190
22749
1155447
4329345
5394
69156
3168
3507
2343
57285
4338
3216840
3762
2370
3624
1306383
1217661
3194025
1671
6318
2916
3735
2382
2043
8907
1818
4179
2163165
3003
1467093
3529596
2805
18240
4950300
3195
885
3315
20268
1782
226644
1962
3885
2682
2331
3150
109029
5445
6217974
7167
1728
3717
5799
313542
6507
10044153
1380
2283
728772
1368
3051
4188
2580
1641534
3468
3603
90330
161526
2982
4071
2763
1231797
864867
2298459
5175
405501
3006
3834
3012
4641
1845
134046
3054
135705
2769
2502
3585
1174512
3360
1752
4167
5019
6490686
2373
3921
2835
2943
1569
1863
295392
65778
1542
3045
69270
4584
105744
1347
101523
38022
2004
2991
284586
1602
36435
2916
1797
142044
30945
2832
2937
2103
7839
2097
285381
3879
39039
42801
3036
3126
12942
135996
2217
259539
1521
21729
1452
3549
3564
5358
32409
3114
116688
2556
6198
2943
125706
3339
1335
709527
5700
1255572
4008672
684477
6003
1777911
137967
1401729
2823
73809
2319
111714
3552
2220
2174868
1177119
3561
4437
2475
2109
3867
2340
3126
2484
2169
3249
1936104
3924
19320
824631
1833
2814
3693
2100
3168
541062
33759
105729
1230
4191
5022
346590
1559319
7881
2226
2379
4746
10512
2256
3474
2751
40653
2715
2661
3042
2880
7066749
4674
1412715
2235558
1656
2709
2571
2121
4935
26634
36048
5031
4441545
45273
2319
1798122
999459
6554472
3810
3300
4278
1114191
2163
8046
4944
603
2043
572736
3201
2547
11028
5187
2043
4095
2352
3159
1871457
62493
12183
2106
1452
488598
2763
9990
2124
3513141
22083
3444
3276
6104424
2031681
3336
2016
719352
2469
206187
2325
4437
1653
20127
2946
2280366
3759
1861245
3342
1563
2305287
3249
3294
235572
12141
3945
3627
4815
2871
2112
1370172
5478096
47889
2107812
1093542
4461
4461480
2802
4980
128850
49746
4014
2136
2865
2658
2020416
212610
4155
1518
4062
8097
3630
3588
36471
4986
1776
3576
4386
1022610
2208
2778
69741
3153
577848
2049
6132
2763
88221
2214
5855070
1551
2193
6309
546261
32934
3207
56751
2394
2796
3480
1305366
3238794
2297334
49671
1227276
2544
3558
2121
1183962
2768739
4434
1672317
70893
5886
4319460
2595
3843
17850
3135
2967
2718
3126
2136
4467
20097
4161
6624
1989
2415
3004458
1422096
46218
1063233
606
1896
2460
3510
1064601
2619
128016
1731
2691
4805004
1902
6027
20769
3828
1758
4944015
22194
5262
40584
29019
5457
1341
2619
226668
2043
1866
50877
6229998
1665
61716
4356
223362
2127
5553
14901
2949
3363
3237
8205
1111983
17076
3570
3681
42390
4321185
4197
2447901
1911
2190
2790
765588
1605
2133
5205
2103
3105
2082
2646
3606
2093631
4359
1617558
1530
2260164
24549
2724
2919
2319411
3597
475671
4191
3087
2469
119862
75528
3282
1785
2988
2388
4404
1515
2913
1140318
10671
4887600
1598784
2133
2178
226290
129969
3930
1155636
2139
6362592
6068616
19548
526608
2955
53715
1064973
4653
7134
3282
6003
1509
1755
6723
382887
1644
3117
1430022
49503
2940
4215
2508
4125
8679366
4026
3519
2184609
4299
5160
1605
6237
3489093
969837
2244
1581
3354
3213
20088
1641
366501
22230
15786
92871
52785
90582
2634
4731
4179
88239
88482
153897
3960
265521
75810
2187
41283
3474
638775
2901
25848
2730
5181
3534
994416
1611
63288
2163
2442
252078
3180
3018
2079
157665
2430
4701
7119
5276730
7556448
1380
1101249
192198
5268
86301
2685
1641
2541
2697
111957
2268
90612
4959
2025
4308
3018
2979
2865
2895
2970
1025577
243927
3567
2304
2742
1524
45393
3138
4014
3132
2001
228657
167544
26037
1620
1122
2184
18024
4047
2262
1056
2853
210480
1051149
1977
4203633
3903
1644
454776
1185
2340
44409
1833
10353
1956
193374
1929
3036
1015926
7542
3006
73965
3330
2910
4376955
22878
2439
4212
132948
383937
1578
3600
70920
1523391
42336
85572
3246
2340
672225
118002
46242
2424
4767
173697
1250085
1215156
2163
91806
37230
2505
1215798
5265
14943
795513
1656
1318356
2523
300
3270
4101
3072
3351
3291
1389
1209852
4698
4503
4197
1698
4182
39858
2790
17904
3678
1230351
1161
131424
2125395
32856
3849
1007232
70764
880140
3063
557988
1871925
4440
375399
85572
4602
4278
3936
8157
12759
3891
35973
4290
6267
65073
4377
122847
2322
145476
4950
5580
2493
1347
144969
404196
2172
73797
1527
33918
5775
39681
2124
1043172
3063
62046
1112763
69954
61629
1884
1317
2058
1641
4455093
1878
675600
246267
1173015
3492
4623309
2151
1656855
196791
179373
3366
74415
2046
3516
144435
3270
2817
394080
187734
33450
2841
30132
3696
74796
2256
3282
41043
2616
429258
6108
17295
4152
188535
2226
601539
250548
6237
267516
294765
437979
24534
2187
242628
7221
369603
2313
2013
645075
3696
137307
2178
2280
3051
184968
1809
2727
2259
4767
6333
2682
233679
84660
1149
2490
1401
80604
4245
2979
2592
23394
2829
1827
4908
3120
2217
201159
5142
3354
130557
2742
4779
3219
3630
1662
27384
3702
3489
2217
2886
15423
3522
183768
3201
77445
95985
1341
4713
4419
72507
2229
12996
2715
85485
2568
228243
291858
2349
3267
2229
2196
184491
3795
1179
2025
2775
164496
1728
130545
78708
35442
47136
2031
1470
2817
5376
1578
4971
5070
2127
1764
911067
3411
3477771
1236
3630
2038383
2169
2856
1990680
112386
2661
3480
353592
1061382
1684929
43140
11943
2358
1557798
4367721
2793
2796
6567363
1413
7635
3360
949452
2533755
3204
1244547
3609
5004
1213632
397596
339717
1503222
1722
26553
3888
3615
19119
237687
3003
7803
3879
107220
5136
3549
5481
11667
2610
2412
6165
26622
1455
1284
4173
4803
1785
2238
2454
2248644
3270
4011
3282
4935
4503
3669
3408
3882
109299
1920
1938
2307
2019
156405
7450038
2286159
2406
3192
1629
2598
5706360
4581
3405
1983
4704
1279122
2220
4425
3791538
2991
1214550
55023
1339512
58146
1177770
1893
1974
3708
2196
2097
2877
2799
2985
1263651
3069
2286
2322
22506
114069
1785
2316
2181
3237
2928
2739
5019
1302
5289
1542
3153
88488
1752
30495
16188
25128
431961
2744289
1677
1420116
2880
71460
1830
3720
3048
70305
1985430
2268
46869
1629
23235
2589
79830
3381
11565
1689
1719
88374
1148892
125661
3423
4926
2454
1500
2847
2964
1911
97746
3525
4956
2076
4266
5646
24852
4026
5398485
65856
2232
4158
1380
1316754
2847
6430035
2304
3672
3390
3222
4275
39186
2961
4158
1980
39849
2754
2949
1188
93480
7725
4677
119706
41133
2223
3087
33579
5883
5022
4743
154353
5946
1920
3492
483783
252825
3441
221709
4185
1317
184572
48117
2280
58887
2577
60180
5358
2568
74160
126783
1791
37869
5004
1719
21396
1434
2079
2733
210513
2259
4251
1332
4452
2685
1983
234654
4938
5088
1668
182181
263568
219678
6144
39894
1698
3588
5658
98811
173271
2889
541209
275502
136695
4842
1575
5406
4779
2604
2595
2199
116925
3486
34263
173565
1428
2241
3165
2304
179661
1797
2862
3702
5490
94155
58707
2205
2118
208041
2667
2370
105747
3393
2370
4650
2175
37671
21834
1425
19518
771
2088
282
1059
1044
70206
1017
549
666
537
1581
300
219
1186704
174
369
1314
1176
744
261
549
1086621
387
1179
288
2466
276
294
822
6207
1101
1203
762
1737
552
642
597
3000
288
516
387
402
1854
582
198
19914
174
381
450
696
1071
282
603
708423
405
471
207
2211
663
405
180
1581057
522
462
195
573
1824
558
510
3708
354
204
939
1080
1683
510
738
23868
600
408
381
216
453
387
375
23187
498
597
792
456
1113
294
672
28653
300
744
1338
390
204
1122
849
97482
732
390
189
270
189
288
348
48999
270
294
465
429
585
372
804
1040730
705
1098
192
636
927
738
471
1223952
2769
819
1590
1434
741
675
918
32064
180
2274
1290
1698
603
450
444
87942
1458
2400
408
621
1041
777
369
100005
321
1323
192
1545
1491
462
378
112476
1215
177
273
579
393
198
465
485595
384
615
372
939
372
1086
270
4764
462
822
2166
282
717
267
1716
912
459
1074
504
345
222
447
786
5848179
444
348
858
1272
870
753
474
1035087
627
1101
1077
471
402
1149
216
118488
615
402
642
921
513
828
402
2045673
174
450
618
759
810
705
321
25671
2163
189
207
864
1896
369
303
1348458
444
639
282
405
372
171
1629
46383
390
309
204
558
294
1824
189
1023
1176
1338
816
555
486
450
366
4249764
612
222
204
360
1341
411
1065
2709
1842
705
1137
222
864
927
192
846
1491
624
195
279
465
198
834
216
1587
285
270
381
309
1527
441
474
177
726
381
1593
450
219
693
47217
672
1413
528
546
264
1086
951
1254
489
1014
357
1464
513
552
627
666
720
558
507
303
555
579
402
624
867
381
732
594
600
594
429
1175097
768
294
219
708
3117
336
690
518061
351
642
390
441
603
2625
591
6942
1614
1473
828
525
1095
222
207
7701
270
405
543
1062
390
966
699
3206607
285
1341
537
1311
1173
291
465
1260324
486
312
393
204
1509
375
1503
1330614
1839
708
378
393
720
1059
339
93210
222
1002
411
345
1758
966
516
188028
525
1149
447
2388
1242
390
351
76608
807
1191
627
468
1560
543
357
115011
489
588
366
612
1236
723
192
103572
1026
747
258
432
357
1923
183
181107
465
663
1110
1056
1989
384
957
149910
222
252
285
735
549
525
1239
804
342
1899
438
282
567
285
747
9414
351
471
654
360
207
873
465
270117
651
1215
975
780
393
1227
588
152622
399
1875
378
219
1428
1368
270
417
180
411
828
429
378
1425
192
39372
414
405
279
351
723
483
1161
154257
1860
306
663
177
318
1647
192
240225
384
1341
204
1596
309
219
516
54459
813
2679
765
1881
636
312
1602
63168
1512
492
1446
489
291
1335
1089
33822
990
177
357
1428
1938
306
405
353541
294
483
561
1722
219
306
609
8580
753
3195
642
348
219
1239
342
40230
609
381
291
201
546
396
384
18945
309
489
282
1773
1386
1359
1062
89712
420
201
1677
276
1068
567
270
5553
186
402
294
1146
267
210
753
104280
390
738
372
1449
309
1872
792
123924
807
1134
390
528
792
1062
360
3534
255
2571
447
654
618
831
174
221427
906
663
1173
1608
294
1029
363
114273
210
471
501
960
1083
288
444
156489
513
219
831
297
624
402
297
228768
309
192
1044
612
1425
441
369
179388
3204
768
1836
666
405
651
192
768
606
483
675
846
207
375
858
9852
306
345
627
357
180
402
312
52620
387
549
402
1011
633
276
50325
115341
528
207
2067
288
399
792
399
19176
246
582
1185
396
531
309
534
91854
432
804
507
834
1833
621
519
147675
444
756
1446
966
375
1125
537
1482
630
1074
825
522
195
195
1410
139782
399
438
2298
540
963
1101
918
148527
486
306
498
750
2025
210
189
66024
726
1182
1668
2736
1020
732
483
80547
276
285
219
723
669
384
270
34263
177
726
1668
549
369
264
267
11052
402
219
963
564
555
867
423
28833
378
537
291
1131
396
225
1089
228
441
375
282
522
216
375
633
240
567
726
219
1851
393
861
3171
3192
1002
378
288
792
219
195
1284
186
384
219
930
1146
702
462
564
198744
1341
348
819
369
402
750
396
143733
711
1080
396
405
1011
987
363
98598
1164
384
795
537
1287
735
603
4929
363
285
519
351
666
2754
396
918
276
354
444
1008
282
423
723
121044
201
276
453
651
339
564
912
273411
3957
906
327
312
531
384
561
28254
1791
594
645
624
549
540
174
171246
1218
381
312
708
1011
504
603
2469
348
609
402
264
264
270
378
204159
396
576
195
720
372
756
1485
59676
294
1731
435
744
219
1155
207
154005
1368
924
264
1167
450
306
216
4290
972
816
459
789
219
879
489
4300560
969
630
294
792
528
1062
195
2028939
1173
348
1431
219
207
885
375
1995348
158712
399
402
303
387
678
465
167997
795
567
288
276
654
1596
735
3199371
516
711
192
2421
603
408
390
1321797
222
198
444
384
2025
438
1011
318
579
657
381
1068
360
831
987
15618
3270
459
615
393
372
1161
180
798426
564
309
198
1005
1767
666
294
3500457
366
606
438
570
693
207
366
1915395
753
861
180
378
2121
975
594
6780417
25134
549
1587
537
1611
999
519
1123227
996
393
219
459
990
984
390
20268
855
645
777
198
219
1110
1164
29304
576
435
582
840
1380
705
390
56163
47637
52920
915
687
306
405
1581
68919
1653
705
381
177
399
261
426
38943
438
312
909
279
201
303
1140
12288
849
696
501
453
558
3807
801
188667
2037
600
1095
456
303
309
1515
2362560
264
1662
297
954
888
555
441
103731
432
177
1386
4287
384
399
537
411
444
2355
525
375
813
2433
435
28686
438
732
555
363
375
276
282
6284187
195
543
405
546
1002
528
483
1231356
261
1995
291
2376
750
702
564
2234631
591
1059
339
1764
363
318
276
1269384
471
660
1113
2019
708
711
3771
38364
852
2295
294
453
285
1275
414
5762568
591
1659
393
177
2499
306
513
567
186
648
1035
576
315
702
1995
309
864
2310
456
726
1062
810
1500
261
999
2124
648
561
591
375
726
753
720
858
531
195
174
174
789
1938
1224
372
780
387
1413
666
204
630
585
1137
1506
648
585
672
207
762
366
501
708
267
1038
396
1008
366
375
459
555
2481
180
702
1332
795
285
492
402
297
312
714
402
2019
624
294
969
789
1740
984
1086
1065
648
417
441
846
708
348
903
783
1278
456
1335
1554
765
1176
309
402
870
1803
267
591
795
1419
204
1197
1338
723
201
276
900
1017
426
192
285
288
1128
384
741
1305
702
411
1638
459
1239
384
177
1149
975
1644
453
513
660
195
285
285
1014
663
1152
624
180
504
279
1113
375
729
531
933
1779
609
1746
225
849
2025
177
177
1236
258
570
393
369
279
1026
465
612
177
651
675
366
924
255
390
681
906
552
1698
339
402
930
651
270
264
1296
621
303
270
480
387
411
519
1512
726
429
216
435
288
981
288
522
3222675
1230
393
969
927
282
369
1770
1047
873
1386
486
276
660
1545
555
723
297
753
1692
987
789
1029
609
1239924
1431
1614
558
1134
510
729
675
378
288
1376682
1353
675
174
1104
1113
1266
450
111135
174
1140
171
399
285
288
438
31518
303
654
696
174
1614
576
585
58479
558
1122
840
288
1122
654
765
52902
576
450
297
375
633
264
651
114408
639
1272
669
276
672
966
480
189579
225
384
1821
924
639
267
387
14355
642
690
885
297
399
279
300
264024
558
558
279
3561
630
1545
297
103143
708
1023
1287
879
831
753
708
12855
1215
3135
732
306
489
180
582
230112
945
282
270
576
657
402
375
47913
192
261
681
993
2097
783
384
103443
837
501
759
945
744
1350
1050
24099
1275
921
1071
1698
216
297
378
75702
459
1311
177
261
1395
852
1035
525120
1143
279
447
210
2004
273
681
30951
870
459
312
297
303
822
948
118518
801
825
1608
273
1128
651
282
116748
882
498
369
177
1839
399
1551
346128
180
681
1089
180
600
294
795
240153
195
393
276
279
1800
474
990
54279
291
537
300
1974
357
408
468
156840
864
1014
2058
201
426
1323
894
14595
840
1293
879
177
576
297
402
45759
1758
657
537
423
570
474
1782
143313
267
1296
402
1041
609
786
174
297
657
177
714
177
1920
387
534
157779
1437
303
1170
660
258
630
387
58338
510
438
420
723
528
195
663
223332
750
966
399
1548
741
879
447
200118
1140
384
684
477
588
1380
2640
549363
1332
564
1092
507
312
393
318
25218
180
282
300
1164
1173
270
606
20655
996
588
1077
1545
1848
576
291
188247
474
312
981
447
708
453
1320
71532
177
285
267
390
549
291
174
357
588
696
1929
456
636
384
261
276
201
645
792
282
393
1122
549
72591
831
444
939
2154
378
549
975
285
2628
420
381
762
360
1092
1752
189
3432
177
495
552
654
831
366
282
930
861
441
192
657
1077
288
420
618
264
357
450
621
777
1518
64662
858
477
405
468
387
381
468
318
1038
933
408
717
414
390
882
348
1713
411
357
729
291
1347
294
393
1314
1644
1173
294
369
1008
369
435
486
177
639
555
354
648
270
25875
399
171
3237
402
270
273
1392
167742
177
300
270
1131
258
633
1602
288
462
585
1371
315
303
507
444
18285
756
1143
837
399
639
312
1635
34782
252
3309
357
609
495
174
540
357
744
561
420
1443
2802
2688
180
957
645
459
1002
279
300
411
378
238077
1170
984
969
468
180
297
522
70614
1326
267
603
264
177
966
399
285918
2538
678
300
1029
678
177
1140
1383
306
912
1005
837
177
180
1173
768
354
561
300
270
396
699
402
1907559
801
579
306
294
708
774
171
171
384
303
471
270
651
1011
765
378
360
684
849
177
219
291
291
6331263
723
246
453
291
1284
1149
885
70152
288
309
561
705
528
678
564
123012
504
921
2898
1008
405
522
1263
930
534
282
303
1368
804
747
738
42933
1398
345
180
543
1392
174
714
1032
270
177
957
1545
999
2385
2580
4583634
174
1329
1347
564
381
450
666
4145475
177
1035
1353
441
444
450
1191
119526
6524352
753
177
1008
762
345
405
273
1818
303
351
1617
414
282
177
360
1155
1059
843
1212
1017
669
342
657
297
537
834
396
3312
462
303
2146821
828
612
2442
720
303
873
666
1183425
414
1215
1290
1476
312
366
174
60753
963
2094
984
282
174
579
534
21258
303
975
1098
303
990
273
963
6429
300
765
459
432
1137
1056
897
1316958
372
309
381
450
672
498
411
1563225
393
270
801
741
291
399
1647
8535
708
861
444
897
297
960
1050
1838175
225
858
453
3195
1263
333
462
387
255
198
939
1398
438
390
2019
990
2322
285
2985
1236
459
534
552
267
474
645
972
648
372
903
423
432
1440
2142
474
942
702
1005
1920
102
81
684
285
612
204
468
1617
207
291
543
294
231
891
2904
285
375
402
210
1911
870
495
477
648
570
477
276
1668
1158
564
309
282
963
528
555
813
1839
258
864
576
2535
2103
204
1083
1677
807
375
1035
444
1197
1548
690
1620
300
1212
432
894
252
306
660
525
174
291
219
219
261
543
669
483
213
501
660
288
519
1500
573
1527
492
2106
603
1020
201
219
1800
396
600
468
339
267
303
1344
663
1806
201
444
4038
1311
345
432
396
681
573
660
2817
774
1590
219
297
291
1254
591
708
303
693
1344
546
654
1746
1176
177
2001
444
516
585
1017
744
1566
429
384
1845
537
195
744
306
837
174
1611
672
450
1125
975
576
447
624
453
1779
291
402
327
345
1464
657
579
735
207
1341
213
1827
558
1104
285
450
498
1176
1842
2304
222
306
621
204
207
351
174
264
420
372
723
288
645
477
696
363
276
441
177
672
183
264
444
453
378
1311
903
357
1656
342
219
393
795
426
285
264
390
486
219
204
402
2067
702
288
468
609
339
393
702
255
1032
1854
615
1086
750
1953
534
807
315
900
1083
369
210
498
210
927
228
504
1491
645
465
1746
477
591
297
705
1464
294
999
546
372
273
3363
480
1062
279
213
585
288
222
531
435
258
444
459
477
297
795
648
543
210
1542
405
1239
516
636
888
2517
306
2211
558
441
687
978
387
540
483
636
771
546
438
267
219
471
1134
405
408
759
489
510
447
963
603
561
897
255
582
1131
1152
498
600
660
279
357
441
543
1059
822
1740
267
2718
348
465
1770
261
714
1404
1119
1263
258
357
309
1509
177
1422
1668
576
600
174
840
525
978
408
381
1782
726
2577
387
531
720
339
882
897
1518
660
1197
1071
654
444
1890
555
540
615
567
1014
744
690
651
219
627
963
549
201
1689
561
396
2274
801
375
450
606
2013
285
447
465
540
291
210
369
666
414
276
297
318
468
474
201
309
1332
723
189
699
813
780
702
225
1944
2643
831
297
1056
204
447
873
417
627
2577
483
1665
552
744
612
297
288
180
573
342
213
957
345
360
1734
492
798
177
660
591
573
357
384
2037
255
207
885
204
186
1611
3147
636
354
1173
507
615
1035
435
876
204
630
450
300
597
174
279
3354
591
927
429
1578
411
399
675
633
639
270
85755
546
855
414
300
618
216
717
924
1110
1077
819
558
375
1713
228
393
285
1077
399
474
867
525
1962
201
372
705
222
2250
555
690
459
180
486
1557
306
282
924
279
507
843
591
399
1101
216
654
783
462
1428
525
201
276
963
723
2268
390
1308
1626
288
1713
354
219
726
1137
351
411
936
519
270
1197
2535
273
1920
294
174
1041
1863
309
294
273
705
420
426
1014
270
357
1008
342
468
225
1932
444
1716
288
939
204
801
576
387
639
213
276
279
1155
249
432
450
1080
882
492
345
558
2643
441
1473
381
819
672
192
1377
189
285
741
1146
258
276
204
1107
1731
585
471
180
2520
675
444
561
198
795
2010
279
849
366
234
288
270
882
597
261
1692
288
552
2874
192
591
579
483
225
294
312
366
792
1248
636
897
2079
831
1611
474
261
687
555
1473
276
963
261
522
378
615
369
231
552
891
1497
1491
660
285
372
207
501
651
537
282
858
1968
507
1956
456
885
672
669
834
303
798
747
558
561
471
570
426
1041
381
213
1425
678
819
528
594
207
2340
744
216
1179
177
858
306
285
216
267
1665
471
801
858
192
702
1722
702
180
954
201
252
276
219
1014
207
1089
174
177
684
393
201
546
276
2775
480
864
639
708
381
594
546
273
285
564
1401
279
720
948
540
288
273
579
597
477
801
378
984
621
288
198
279
1485
1242
276
1431
804
864
735
552
1011
378
417
903
372
3345
1083
612
1929
375
531
408
402
1065
885
276
273
297
819
453
219
213
405
393
480
1155
738
288
1401
1086
282
462
222
1179
819
174
561
537
600
486
996
252
381
906
1005
213
756
201
822
276
573
384
390
771
519
192
315
600
1479
669
1461
741
879
849
801
552
1065
483
546
744
450
336
828
2049
360
780
1599
1572
225
372
279
285
633
936
681
198
213
267
726
1776
795
378
516
282
720
396
312
372
276
486
366
531
609
1134
342
792
501
573
309
591
390
1083
909
537
864
447
747
1290
651
381
1518
378
1497
291
555
462
459
183
345
549
1107
723
414
366
546
420
351
2442
372
645
279
213
225
345
372
471
444
276
672
705
414
609
636
1083
222
1461
1074
219
672
378
423
510
279
2388
1410
426
609
321
1020
216
294
393
372
1338
606
531
279
204
597
1686
1296
213
717
2025
1173
1290
1086
1746
624
765
999
870
423
1479
732
489
648
294
615
1170
585
393
1995
1065
288
642
297
471
786
918
303
579
555
288
384
402
558
309
438
255
744
351
699
1083
951
2112
636
5193
4725
24597
6255
76569
18252
14406
25830
64254
6348
6348
76725
2139213
4875
4161
3441
6534
6672
37464
5388
25419
19971
133530
9147
145353
6403473
3006
1084215
2238237
3078
1677
1331190
5139
29028
2256
2196522
2952
4704
2065131
1943625
4440954
6597
1411863
3702
3981
4317594
3630
1680
1121199
8349
5307
1884
5007
54312
19497
5781
800532
3345
318528
3432
241641
2802
184308
4317
3357
2985
3783
4893
4176
5283
1128135
8742495
614214
6306
35592
7155
13017
3990
7215
58797
6035946
2541
1113660
3690
240795
312396
4482
5424
5385
832812
2212779
4131
3035484
22791
5454
163884
2610
4809
2531718
70779
202464
51048
114069
13947
3132618
46923
1538622
3105
1744977
2916
234153
4641
128271
1971
98271
5394
5226
1413954
3738
7524
5222103
180411
4602
5529
2481
16029
2441088
6537
3648
6489
5961
5076
5350155
3813
6708
60264
6918
136890
2295
6162
39723
214809
2076
43845
138129
9297
12867
4581
7884
15804
2808
4011
9699
13689
3960
135453
44679
3876
2265
4509
126432
6072
13785
172212
2820
6711
263244
213936
80664
210873
16968
17682
184485
3303
14727
60645
13866
2442
187680
21966
15876
4935
3513
86163
218232
5217
443448
77913
57636
8484
191271
7587
314745
115248
622578
4980
4197
25056
8121
96486
284199
77223
59991
5232
317805
5046
3630
11046
4575
7431
16791
14844
40305
1734
26670
48780
2865
161514
205023
6393
2223
89043
18099
58197
54873
15642
9465
8235
5262
2217
2832
8091
126663
17676
296832
4782
4212
12414
2760
105570
119295
6366
8820
13140
202494
45282
296694
3255
224673
3864
3114
5373
491376
45852
5916777
5940
6345
1935066
3342
1134408
70653
4251
3615
2529
2883
305310
6291
3990
1138698
1097829
5004
4677
3891
2289
5049
1202340
14262
1725
3555
1913154
858858
682329
333615
1225419
2733
264219
4113
3843
3243
107262
2748
8688
41595
32421
6411
2811
6816135
3117
11046
6600
3369
2739
4032
11004
2196
2904
2370
3957
5325
3806640
1252836
2418
4470
3216
3067095
5178
4164
2061
149898
4827
35016
1723221
4587
4776
6867
1074912
6915
362163
6144
6450
3189
7122
5014488
2106
5982
1049193
2061
816555
4749
3036
4539
2298
5820
3657
3810
2882118
450585
75663
3507828
12594
6735
1376778
7396245
104856
133818
7134
2322891
1947540
3390
6180
5073
2252838
2556
6210
4548
3234
254139
4755
4776
4002
175962
1120596
18048
3156
32589
5946
4480125
4159473
6507
3153
175638
4911
950952
3405801
2976
2197713
3462
115293
3720
6831
2001
4149
5295
2985
4719
112785
992592
64929
7218
3552
3315
3378
40263
5190
279825
371145
3996
3570
23070
3711
6177
5780373
7914
22950
1986600
3202815
2304255
3360
3771
1067205
3558
2652
6036
138510
6630
7806
2853
1163871
1131816
5037
2367
6648
1019178
2333604
4467
5112
3219
6528
3153
4566
4662
3123657
2256
3567
6858
2910
3321
5076
1157790
5280
1353450
1761537
294717
2076
1068141
5472
1604184
4878
6867
2259
3474
3930
714039
1088463
14007
226191
27231
3521046
3657927
3615
9132
3123
3486
5211
3747
8511
1195023
8928
2997
103536
63711
4842
2391
45387
3576
3696
3771
3348
6000
160599
6537150
28704
1069203
2685
5646
15024
6893739
777177
21138
4485
4473
4962
1229253
224523
4599
3537
1013028
2598
1225866
9057
1250709
4179
3630
801738
4146
6822
4788
5190
5790
5280
5526
2877
2580
5901
3375
6096
8418
2691
5652
66327
2301999
18693
3006
4335
161190
37938
254775
5019
2643
5757264
3645
4539
4992
22281
3432
1854
2011758
4053
90468
4233
77793
51444
14658
139554
7345842
5139
3681
115731
35178
3798
3942
4272
52005
4605
4572
7089
2136
207639
6897
4488
67521
6233367
50385
1131150
376071
36048
4944
2937
4164
4125
2976
181551
5566425
7650
3063090
1216110
6285
3765
1899
2166699
5619
9159
4467
76221
77778
4770
3015
25230
4304643
36552
82860
10833
4617
4248
31611
285108
3972
249789
2859
2880
4644
94029
2262
42837
493605
3810
5448
458868
2223
97788
3381
38451
131754
3609
1006428
5940
3057
7293
7026
5628
164610
3270
3402
22146
120567
2106
20196
71073
4003008
5910
2430453
3462
5694
5019
4218
7181094
3189
9498
1758
6336
16245
5874
6264
5781
188157
5805
58050
4089
151467
102402
195705
5298
95496
894087
2904
118446
254472
3723
63234
7176
75942
28845
6114
42945
5268
34131
3801
6186
3519
102483
6552
1833
4188
3873
99153
1244646
5013
3759
2898
5577
8700
4437738
177306
2520
4320
52386
123885
3555
3033
90816
3672
2895
964860
3435
5985
3051
4728
54684
4722
3849
53901
23001
2694
1069383
7518
3240048
118575
165597
5157
9582
79869
7185
12876
6426
10638
8907
8793
29979
48060
4122
6276
24471
29379
1498410
4023
7338
74016
5847
3159
458715
9234
4755
6957
117150
4581
113931
23595
88941
5811
101184
3993
49977
2574
1758
54747
5133
4902
3951
1127487
6606
4203
2883
4164
6693
3219
5709
5454
5568
4431
4422
54768
55662
1215189
6543
2103927
2387784
4983
1434993
6069
75642
2302614
3444
959643
4128
20418
2856
1413906
691572
4098
9468
2127
4416
5514
1166709
16905
390177
5268
551247
70503
2145
37887
6570
103440
2649
6546
6885
35193
5370
5001
15042
3981
4539
288528
3657
6372
3906
2288655
3090
4179
19605
5280
5017674
1501491
6471
3753
7263
3699
4086
42822
67011
5649
4359045
5376
7494
4908
6120
5118
14331
6693
1722363
2961
34647
17778
116874
11595
33117
66507
112719
165300
16416
10290
438720
6774
8079
29325
3192
235296
35568
16632
40110
7149
17055
2361
284247
3162
4485
5916
1542
33840
13302
7821
4296
2688
12213
112737
103875
117327
50139
33246
61323
102591
9603
3252
6105
155718
55923
14970
8541
6867
9921
217740
14190
5097
18540
3420
2772
4857
6669
106917
3606
5004
89487
3153
13035
35454
61797
46578
162558
3876
7092
5397
13368
8478
425175
47619
2955
19656
98721
3804
6774
12990
44268
3372
58491
55740
7566
11172
4212
42357
5637
3627
119871
264303
58824
257778
10800
84762
6810
145935
139866
8178
4128
7887
6906
73674
147156
136638
51000
12882
32190
13161
11556
55158
6303
115230
82008
38976
5121
124533
101691
13083
222939
5541
4557
227064
177504
4344
16989
4383
4107
3618
119202
521199
3828
32016
50835
37038
796551
5496156
3348
2910
4104
5310
2133903
5151
60417
3780
18804
8481
4896
4005
7401
45531
6036
10755
8142
5655
53400
2484
2892264
48147
1575918
890217
3478698
3972
6550059
956904
1195134
1203867
5748
22590
3162
144387
6054
4047
2211
1210785
5046
1178709
3582
758928
7089
1494456
130407
45087
1144770
1863
6717
4549932
932142
229491
1749
3645
6133455
1642578
3999
2745
1320
136152
106452
83067
38565
4959
16497
3717
74775
122229
90576
58638
3072
115038
22983
59685
224196
3267
2841
63780
3858
3663
3831
2916
1440
6672
2433
101508
80094
3876
3498
2370
3252
6423
2649
3186
1533
18384
3096
132774
279189
26166
2403
156951
4212
3288
166815
4884
6018
45510
347340
2835
1560
3267
2322
1944
2721
2727
134787
7422
559641
32130
1647
103587
2118
1380
2184
14193
1920
1425
41448
1983
3231
2280
3729
218199
2874
440544
2313
4224
2628
138624
3564
2778
747
1899
3399
2142
363870
165909
3492
217434
870
1914
2331
3774
56100
5271
1575
2991
201951
27345
21933
262515
322512
2589
2316
3015
85917
2937
70764
320418
201606
4032
2745
64176
2889
111279
3822
222507
133329
980247
3645
2343
1926
3234
89424
456723
1221
18567
3324
2964
2318577
3638037
47058
4980
2580
4449
2999073
2952
12159
2622
2904
1416
2817
2529
2612991
3249
3411
1126251
4071
4659
83628
3069
3126
2806503
546288
2169
2991
95859
4104
67011
3708
1641
445953
1752
3759
3102
1253586
2708895
4852989
2835
3688212
6086844
1032429
3990
8892
389964
6927366
1245
315339
670947
1878
1815
1838538
4347
522945
2703
76794
4632351
990
4537212
1923
1836
5619
424848
3525
2487
2025633
2514
1209
2829
691812
70137
224196
2172
1911
2210187
1930419
4725
3060
2562
1134963
36303
1986
3243
2169
2713737
1623
22953
71631
1680
2649
4469520
3645
6093
6276
2916
2007
4215351
9999
12918
4812
17388
2394
3696
1368
2958
2820
4336908
6669
38115
2406
17973
2174613
23619
7341
3045
295935
887232
2196
78609
6153
14835
2979
1047
2547
2100
3147
55980
4341
72180
7076949
1127760
3051
3492
5109
2790
1854
3900
2997
142554
20565
2052
5661030
2919
3903
2140923
3723
2940
4110
1659
2553
134631
2343
90909
2796
2727714
2334
1668393
2640
2271
3147
91707
3072
1989
3822
1905
4329027
78603
1235778
3134208
1679823
2850
4218
3810
2343
542643
1197945
1647
3636
2109
3831
3264
262152
7167282
2181
4026
2088
1318638
1998
4773
6741
31533
36234
81315
1203
2976
131280
1971
3642
6278667
3132
2574
1452129
4398915
2275836
1054740
1469247
7164
1326
3492
2112
507201
2502
1449
2196
4638
4845
1599837
1653
9615
1575
2847
2142
136464
2340
1605
5187
2967
4161
2025
3150
3246
3840
1169922
3642
1281
2535
3780
2607
2361
2844
4956
28668
4365
11652
4077
2043
2481
796035
79938
2528427
2586
3057
228459
1527
2148
121044
152817
3063
2604
1104255
4432098
4524
439854
2619
1842
1598211
7853589
2358
2142
449121
5614908
602862
3513
35787
1647
21504
1091991
4416
618219
2550
2073
27537
2778
40017
3621
4506
3216
3323241
2169
5252229
2916
1737
1197039
1977
28731
3066
3474
2802
4986
2257800
1698
4569
3780
3819
4233
3534
1677
3225
84849
2814
3717
66732
2355
29841
1419
4178079
103209
2640
3048
3147
6333
3039
634251
3927
3135
99219
202740
2097
1425
1437
6639
2643
1599
2574
1044
3432
1842
288798
4146
6495
404880
3165
2943
4044
2256
72693
2943
1557
2760
20880
3168
2850
133257
3303
5154
3648
982095
2985
1659
3174
291348
39237
3075
1716
205776
3945
6453534
6143235
1052241
460767
242787
396
322761
2949
735093
4440
2490
84789
2448
77781
2901
1779
1404
3702
2310
180795
81924
3072
145173
208941
83721
3000
3327
32286
3393
4839
2256
4227
44406
3579
69981
3903
1096107
1662
1443
6009
35844
2820
3285
4113648
246063
254406
3651
8004
2805
40038
4449
3486
1716
294
1398
2748
113580
41544
912414
1113
4737
22266
3273
4473987
110952
4194
258522
1650
307245
561198
1899
941559
14415
17466
70185
2859
738
3783
4965
1299
2406
604617
3129
68142
2592
158901
92688
2217
3285
3729
3930
36438
70305
1106472
132081
3417
2241
4146
3480
3372
3153
2499
1281
43344
1253541
2592
2027025
24597
3687
3786
1363683
2970
2952
6117
22035
3210
2814
1767
963507
5298
1287078
73878
24843
2793
2553
132558
66756
2210250
3651
1203
2349
2313
945138
1845
1338
128097
3234183
1374
543558
133824
1446
4335
3027
1614
3819
2379
2931
2556
2853
2433
270444
2274
3087
4512
45810
69627
203817
141390
5550
301599
2157312
35394
2760
4017
2016
2340
1842
3903
5583
64272
2871
5108769
2052
2577
1626
2151
194370
2037
1977
4665
2505
1338
61065
1038
2361
1093200
4770
2265
4848
2421
3567
2337
4537491
1203
3582
1371
4311
1645950
1410
939
1425
76329
3303
3237
3330
1611
98517
2487
2229
2304
2583
2997
22956
3798
40548
4092
177780
2556
3747
105369
1362
118302
1848
74664
2388
3225
1575
3615
4980
1509
3825
6840
90510
203871
122358
1344
2982
3267
98061
3015
128364
2913
422949
2709
203898
5061
158223
5019
3093
867
1704
4017
109875
2976
92661
1215
2295
115623
5418
4203
2712
25356
22017
3780
7869
28290
2667
319074
2220
462891
4170
2088
15489
76845
152862
2121
174375
2991
4299
2259
2169
44349
4080
80475
2448
4020
19995
3300
1395
67308
818238
1962
34575
64770
2958
110253
1350
2361
2175
1821
1959
4986
34425
111345
80727
3393
78693
3696
1257
2040
3084
2346
3138
5838
67368
3285
3255
217035
6222
4170
102279
1089
2487
207738
124623
2613
1410
2625
2385
72699
2679
2274
140220
2868
237918
20307
134850
2808
2373
3342
20595
3348
214314
260310
5568
3816
257919
3120
3111
4533
3234
246108
2448
2808
6405
3783
2523
2193
1911
2337
2886
19062
3654
10617
193125
3441
1428
194145
2262
2886
6217350
3069
1908
2970
3912
3114
2030409
44781
3066
2034
3012
2571
37884
3306
2229
5595
2133
159921
3675
1288467
3897
1696371
1074
35652
3783
1557258
1692
853128
1959
3485751
1984497
2682
3582
2232
4470063
1623
2559
2412
5004
3441
1965
92988
926403
1545
2637
2514
1818
2622
1188681
48681
2589
4467
1186653
209664
18375
2304
1092273
2961
3066
2559
1192839
2327874
1770
2169
131037
67983
63498
155163
50880
958974
1240668
2256
3624
125709
111483
4520439
1761
1870233
1215987
2226804
1602
2814
63561
3321
3564594
2298
1094784
1935
2299500
2526
657219
2019
5776290
4719
5001
6616665
2361
34107
2961
4215
2799
1881
3144
2493
4830
2496
1518
66840
3189
2465358
2268
148989
2214
2361
20007
2832
62868
32607
4029
137421
3145974
1361421
2571
1992
2424
3816
1728
3591
2880
2637
33273
31758
2029677
2490
152814
2595
3114
79098
9741
3771
2631
2349
1362
3012
30504
867
221181
22911
2319
1692
3132
1932
137031
3765
3249
2175
1773
2919
44934
514818
4203
2061
3669
2301
3762
3015
2263104
2190
1110
2646
3688965
2577
3927
2538
3045090
1677
2256
2445
351165
2358
4278
2031
3495552
67050
2637582
490449
4380
2292
3192
197292
3528
550875
1662
1962
1560
1235721
1758
23772
1809
4158
3366
3201
5754
1548
4233
3471
3330
3381
40446
2805
105420
7075857
1983
3135
242679
4203
127710
6231
3313884
17103
4465074
72288
249417
1468446
9364323
2416947
3198
2655
16596
3675
3135
3057
4293
3702
52980
4898742
24201
7401501
1743
4245
44541
2430675
2766
4149
3102
2202
2041497
2499
2466642
3360
1107924
2991
1368
211845
31944
2193
71238
4044
4517316
4138923
4110
45195
59637
2883
2682
50223
4338348
41808
104640
2124
2298
2074788
179196
3387
6699
2214
15843
94395
2451
3465
1114242
3585
2592
4839
2544
1482
3075
1593
3228
3354
2625
1758
523539
2556
12306
2406
81042
2325
2619
2667
6371976
1257816
6042
78216
4170
5070
44556
2805
5486214
2538
5598
4050
67122
2955
3228
99936
3231
2259
1035792
2664
1896
4170
2055
87894
19434
3349863
2508
4206
2952
3666
3066
1977
2178543
2856
2835
2856
3639
52074
3193281
1194159
1333578
4515
4855554
3696
3642
2028045
283293
6961440
1273275
6867
66570
2268
1770
2106
154203
2436
2265
2625
2748
1905
60552
4761
6249969
2589
85119
975
4467
2058
1836
156561
1240908
23373
1230
6792423
2241
2346
723978
2589
2253
2099094
4206
35544
3576
1308
4584
1579914
106221
30345
2973
2451
2862
69081
1668
2328
1145973
1518
72300
4512
18174
815583
2655
3396
2751
3438
789
2355402
1314
2604
358845
3180
181599
4677
10242
48888
3390
1839
1202025
987
4400964
1230
2358
2109450
3318
3102
1464
3393
4629
364077
4221
3861
2718
4449
1887
4042575
3275787
3555
2877
110958
1743
413850
3249
2529
7346550
33678
48375
3588
644808
36963
2382
4371
3273738
1737
4305
38874
2391
1569
2745
2652
4704
1602
2152431
6638133
2967
46872
1707
420
33897
3768
2415
1596
3102
29655
3501
4271094
1509
2367
6318
1626
5337
63633
16152
1545
1233
150180
2532
4365
3957
92871
59214
3693
2667
2376
1440
1815
3186
829776
5121
1011
4023
45183
1884
4227
369009
2748
2460
3906
2502
1911
118164
105297
2001
69219
3285
1305540
993
2121
2706
2964
96444
2634
5357787
8659560
2304
271719
70338
2148
2286
3204
3279
2856
3399
3750
2553
35652
3459
2280
36432
2538
30798
3081
917250
185316
2172
2994
105816
212190
78990
2307
50661
1662
15885
4140
64386
4383
129726
35508
1227
2412
1188
56586
1275
2529
1452
2661
3111
4227
111501
1143
5769387
65622
2310
282957
2082
15486
961443
2361
3615
3798
1815
6801
2433
71838
4331046
6576
3591
2763
3144
342633
3828
206430
658122
2490
1056
3135
2826
2289
2340
2199
925119
84495
2043
3423
460293
181443
3291
16197
2184
2148
3258
15714
3645
229278
3909
2046
3060
3042
4185
38388
31104
26757
1147410
116502
84885
1740
2181
5730
1767
1124175
4932
1674
2121
2691
2295
62106
3033
2092830
5295
1035
1345686
2679
2742
2322
3249
4962
2320107
14604
2103
18621
3972
2922
1425
1269
4416
1011
52257
2031
134493
3540
1797
2766
4413
2874
3141
2577
5619
3555
2245335
2238
3957
2274
980634
2553
3885
2131140
1515
1712082
184749
2490
57168
17505
17253
27768
2145
1917
840
3987
1899
4095
251412
4068
15930
762
3105
220578
2901
1311
6192
3126
62745
60174
3666
4809
169080
3153
20472
1956
17310
3993
1923
2736
7644015
3063
1190388
4152
2622
8724
2200950
3579
2234298
6468
121131
2193
5469
3525
1538859
99504
1986
98415
73227
92649
39450
4929
3258
3198
1719
3270
1725
1449
63759
4329
52917
1836
3432
160416
182472
2166
1452
4002
3762
5523
2973
2682
4209
1596
158007
2283
2949
432912
13899
609999
13692
27729
18552
66354
198231
3879
153492
5169
25377
4332
17325
2094
3345
185247
2187
78684
2571
182280
2871
145002
1332
30699
105450
3210
2010
3567
1347
3288
39537
83205
81036
1551
2370
337953
523083
5037
2625
2967
3126
22197
4212
1134
4629
3261
2937
3078
2298
5109
226653
2274
2409
2316
244884
36618
5268
24564
1944
3780
2163
4020
253566
3132
223197
2904
234303
1020
2265
229701
2610
311871
2103
1944
4638
3804
3450
151272
190509
4155
221322
4563
30408
3432
3486
3750
4089
2412
2637
2415
522390
4452
274581
3507
3657
4821
136923
2187
94113
3834
4368
3021
3453
43911
2184
158499
90582
4248
4539
4035
757257
1761
1593
3069
3273
4056
4041
3576
1848
1938
3858
1485
3669
3030
3470622
1998
4047
1275
1999431
3447
2238
1506
1794
2080473
3042
47877
99465
1815
147654
736254
2031
449040
1688919
1914
2001
2037
3912
3147
293835
3555
5520975
6701679
825
974580
3561
1188144
3060
3156
1518
3942
7464
2319
1581
1341990
2817
32790
1144518
21549
2439
2058
1386
1150431
2886
92436
4599
2335434
240651
1572
27363
2400
73743
2934
2271594
73596
91164
4467
7667907
96516
1990401
1469919
110742
2135997
1233
20664
5937
4173
3042
2871
3448011
5139
2304
1416
1356
3495
2394
1560
2556
5052
18483
4164
4845
476940
4487331
2766
1344
2991
1359234
60408
3105
1371
4005
109428
1383
2316
4578
1032
81981
1701
2685
5829
39510
68607
1626
4188
3309
3135
6354
981
4422246
1997619
195924
4452
1652748
3264
3027
2106
5420157
2292
3624
3618
38574
1977
4356
38523
2907
168681
3225
1569
2109
2263200
1242
1353
3801
2490
3351
3078
3810
1416
6564
2547
1902
1986
3384
3090
3623949
1544625
48306
2685
2937
118104
3855
207255
3318
11832
2640
113337
8319
37512
4881
2964
1578
22518
76548
80694
1629
217923
2334
3183
3648
1605
2433
3810
2253
2046
4119
2742
2301
4317
74802
74415
2136
2766
339357
102534
1779
2634
2505
4248
27399
2061
2412
2796
1890
827775
176100
3159
161292
153414
22704
3462
489264
3273
3321
4410
4605
47931
3078
2838
195561
1275
1659
34836
150573
251418
4695
2832
3573
2154
2478
323985
4260
2037
2052
2640
2169
1254
52437
3831
3216
3786
116946
3849
1455
142485
1662
570489
109200
3327
4530
777135
228387
138495
1362
33648
140226
3318
9759
185493
4071
2472
4455
1587
3357
2928
104223
2775
18651
188454
6495
3795
675
4221
5121
1884
63264
111909
2418
1161
2502
2673
3918
3483
318495
1647
3057
2244
3237
1668
4710
2490
14292
131739
277506
60201
4371
2799
71586
1953
21225
1905
70779
32889
5492082
18048
1914
335160
1404
1887
1416
46359
1413
174963
1758
1776
1845
2565
4047
2928
1533036
25593
3267
25581
2154
803970
4236
2106
94818
82623
25605
37341
127035
4887
1216671
1183806
1336314
6546
21429
2206830
27414
14526
2433
2387982
2505
18795
71655
32328
2166216
58200
1000173
13674
63075
875373
5130
3564
2004
3813
419658
1977
3918
2766
2457
2319
1407
19143
2007
8475
1500
4095
3783
2250
1870989
2943
463284
3084
88407
38511
19320
2832
3669
3819
3639
198501
1776
52440
15345
3456
2775
2844
100713
22017
1965
171543
4134
2271
270819
3555
1641
14715
20181
1977
1199322
1695
2280
1644
3126
3102
2061
2748
1242312
4056
4467258
814464
3879
4731
81924
1155
28011
2454
1467
3537
2294499
3230532
3048
45045
2907
168501
3405
1532022
1818
48909
2541
1785
97518
135945
4407
4182
227634
2469
146280
221121
133458
25494
4899
3054
1719
2817
369603
287022
2643
3279
2709
8613
2100
1623
20304
2262
276144
8256
3423
4974
2901
41547
1857
103710
198153
2436
3552
51228
42507
2700
230352
215064
453084
3834
110451
3762
27249
83871
4128
2244
1500
2784
32502
1320
4059
1974
1998
73689
2718
256275
2067
3141
499017
187242
5622
61863
18885
36675
3591
4182
215097
3573
1995
2229
3429
148224
98034
5991
1932
2781
2712
3423
2724
1284
1617
2403
24525
2535
1896
482508
3621
116469
5823
3750
184287
3174
272070
2682
33414
5295
4365
97020
25365
2421
2247
71082
48048
240441
926703
233271
44343
2001
4098
32871
39396
2832
2526
3231
129738
3021
6355929
3426
2226
3198
2009223
3504
1941
1752
32448
1496127
7640895
3264
3222
2217
1967736
4512144
97116
937188
44412
1629
2469432
20997
2187
1845
3852
23064
2556
52362
5211
5583
4107
2013
2136
2151
1173636
1570584
6048
4707
6546
1854051
3291
3093
45270
2088
1653
3594
184458
2685
2214
101799
3843
3576
3318
2445
1088316
1272657
22974
4278
2745
2280
2397
58500
95250
1083
84924
2448
5439
2337
2781
23241
5499
12504
523248
6987951
3378
4704
2025
3405
3567
3183
2106
1290
2910
2700
1539
3024
4287
2943
2763
2004096
5028
1479
4731
7050
1986
3372
4863
4236
5589
1974
3777
17520
2655
5868
4203
6066
1390566
74985
4191
2146149
2068155
2184
16404
80538
22881
2187
8595
1752
1252779
57108
3306
473919
45384
2766
3057
5331
2499
2559
4842
1821
1920
2367
2124
4382013
2595
1391568
1225194
165993
208743
39894
65775
114996
1842
4074
3507
67272
3366
1911
2373
3240
2004
2562
187194
3162
3282
64890
2949
192357
2382
62673
144012
4518
24585
5232
110757
1950
47811
4059
4305
2451
5901
140517
2118
2385
2913
3030
3135
4026
25185
2127
3582
3591
2064
3957
2751
3726
2850
4791
2556
2235
2685
241713
17472
1857
2511
2586
4572
2904
153909
52410
2604
954
3756
155286
55494
2607
2898
2919
3504
47703
2394
1341
548967
12870
26244
30291
2271
4281
24480
3420
2163
131889
2712
2403
3189
82290
4074
3057
5268
6360
2883
2760
2166
2817
1749
2037
1374
1842
3237
1575
2793
1749
499695
1674
6294
9876
2757
296097
2766
2241
2412
456183
2295
106311
2493
4617
3870
2715
49569
70863
1563
4398
252765
1833
112284
133476
88242
2247
8802
28218
3309
56214
19542
2436
88494
2916
3297
57258
4785
3330
3867
3948
4791
39336
35028
1725
2832
251526
199284
87300
80484
3540
26715
3429
455934
59895
3858
274032
3072
2217
4872
160638
42174
3276
2985
143106
4110
4308
11967
3276
673545
2694
2118
1776
8901
1899
1266861
1093170
3693
2889354
43989
5484
3720
2937
2319
701220
1892595
2673
5553
3240
1149789
7293
3678
1941
2601321
1140978
3669
2331
71682
57441
2982
2307
1479
4092
1779
2685288
2403
4359
2763
36690
10191
2450706
1521
3753
150939
4908
13044
3006
1476
2511489
4822602
3939
2928
3531
4893
1189956
6378
2218401
25500
4563180
2703
3201
1709454
2988
2199
1674
4890
3078
1065705
17124
1206
381576
4872090
4458
2394324
14385
2085
2814
2465685
3360
54474
3543
7011
4053
3219
504741
4641
3572982
2529
3168
8845677
5085
2625
1749
1821
151878
2721
2271
1143453
1084926
3891
3015
52533
2229
1938966
3915
4068
4134
31407
2034
4197
1593
2394
1073016
1389
5697
1381716
90792
3438
3558
162504
865347
2274
2397
198843
28878
29682
5513265
3180
2793
2973
2727
3217662
3792
1599
43599
2631
106686
4304886
84069
3132
3747
2110740
2310
56196
3408
390105
2919
2235
2907
820194
149430
616479
1752
6281175
164343
3468
71139
2166
4800
1377
717
1167984
65715
90447
3642
3208044
1830
1683
2262
29040
2150139
5562
195381
1746
1662
1971
3123
3669
19992
11973
4272
3615
1069608
1386
3705
3279
4755
4632
2976
19080
1153563
3174
4327791
7095
65796
1248
1932
4851
62934
3957
3212361
3168
2313
2628
1311723
1213548
2919
3189447
2985
2289
4287
6795
2649
9492
2619
2778
4161
2159529
2316
1471620
3479532
11103
37227
1767
17874
4952316
1635
2505
25425
230826
2775
2325
1512
4137
109812
3603
6231240
3012
3345
5757
306111
3735
10045170
4209
4041
2259
727791
4011
3789
2379
5964
1633359
3078
2487
2898
86157
2865
163719
1923
1677
3249
1168473
57072
1287
847977
12219
2610
2294136
4773
409971
2220
3687
4275
2952
136005
136053
3075
3003
1848
1178970
3063
2145
3402
3960
4823091
1753746
2538
1263
7680333
17316
62370
4215
3117
2976
25317
2304
111948
2139
1414761
4399287
3753
4389
2685
637764
1983
4776
1155042
356076
10118145
2118
71343
3072
2955
3357
2207499
89565
2586
49344
3320661
2694
2241
2997
1650
1105701
3984
126144
5127
2274
39894
1857
2850
2784
4242
2850
3612
1971
4959
3339
3408
131901
2925
2727
1869
2847
72825
2931
153774
1572
74094
723
1530
2799
436554
2820
2112
2412
2085
12006
2568
38682
2655
73578
3441
392421
1725
36558
3924
41568
3864
2454
98736
2721
2817
1956
1452
3987
2382
3690
3798
1034250
3513
4920
327294
125583
1431
2691
3636
4371
3153
1428
3402
5291187
1935
3315
3759
7344195
221409
4056
2667
1055364
38607
5022
201750
4113
5622
2055
80964
3222
60282
2859
2727
209700
3048
5766
818226
49320
2418
16101
206490
2538
160107
2022
122703
2868
2484
69972
3558
2169
1749
2787
3810
1551
244407
3735
1263
2100
86790
3618
3192
77985
2055
3852
5589
1133697
3654
2328
1641
4186041
2187
2328
3228
1812
1767
1792851
998115
6557793
3249
4890
5271
1110696
5046
13953
3900
612
579138
2355
11808
3396
1449
1779
3639
2223
2307
1873038
56823
16977
1518
3003
482823
2553
13461
3514656
25281
2232
2682
6106128
2030646
2160
2478
711903
4239
210558
3654
4206
1842
17010
2550
3465
2273781
2403
1864461
3594
3306
1169832
1132863
3408
2943
251406
2151
2436
6348
3681
1372632
5478729
43731
1443
2110212
1087719
3480
4466238
4977
129564
54933
4113
2106
3435
2016885
4332
212727
1944
3141
6897
1803
2682
39180
3114
3762
1668
1026414
2697
3696
66132
2865
4437
572121
5163
3411
2376
3048
25668
54681
3090
5860185
2601
3363
2370
541893
37989
4014
54219
2988
4230
1310889
3232689
2297385
55224
1228089
2709
4608
3315
3950103
4587
1681437
72039
5139
3149613
1168764
4347
24057
2157
2847
3729
2652
3072
1833
16686
2157
13830
3069
4435626
38559
1069188
3756
1770
2091
2100
1059978
2280
1644
127779
3018
4804785
2082
3309
22950
2904
2568
4950423
17502
5694
45240
23889
3438
2937
2544
225987
3048
2142
51381
6236988
65667
218877
3273
4398
19344
3582
2634
12756
1106103
2727
16410
5325
5259
4362582
4440
2449578
3654
1671
771672
3495
4821
5235
4200
2763
2640
2679
2099238
1599897
17388
2291679
1929
2772
2320749
483456
3945
2016
3498
119337
54645
19239
1401
1554
2100
4464
3693
1554
1152966
4891680
1598871
2211
139443
214167
3054
2886
1148577
3057
6366327
112152
285117
5689695
530442
56091
3345
1065054
2265
3306
1641
2445
3897
11277
383295
1875
3414
1450539
21642
2604
4689
2307
3615
8658660
23031
3705
3471
2184687
3834
5832
2820
3156
4453839
4920
3861
3495
2727
3720
14262
3411
2760
360900
26799
166296
82431
837
2637
2343
3624
82611
86868
2208
157695
270801
76005
1980
37971
2322
638475
3765
29595
3153
5904
3843
990261
3297
66540
3282
251370
4020
1959
2829
43881
111120
2427
5754
3150
6711
5273325
7557630
1644
832539
264456
3927
196224
4806
79683
2358
3693
3432
1761
116361
2697
85932
2907
3288
3405
2067
2775
3888
2010
2697
2811
1021605
4413
120606
117186
3534
3486
2646
1539
3039
47202
3858
5406
3180
3426
134637
86979
170778
26658
2913
3741
21258
4077
5298
3129
1179
149829
52800
4587
1052163
4208343
3918
3516
236154
206397
4617
1620
2979
47985
13731
193389
1887
3258
3024
969822
49281
6477
79731
2427
4406961
5010
131514
3921
384492
3144
3402
67119
1848
1520898
2454
39837
73587
15051
2562
841614
3792
1689
174243
1935
79578
1046874
114807
1218750
134328
1221627
4197
12159
801189
1317366
2058
8232
1980
4167
2517
1311
2943
2046
1211211
3870
4530
4368
3174
3303
39864
23718
1235040
2289
121278
4980
2119242
3207
27288
4059
3291
999315
78114
881607
2439435
4764
365961
4122
58641
18501
9495
3111
3216
20070
35958
3264
1656
4521
60270
3138
128049
146253
2067
2718
5424
2067
556482
72903
2028
5964
34770
38565
2868
4206
1043466
3135
57969
1119171
127203
2514
1596
3234
3498
4458693
675639
1426440
2808
4618233
1563
1356
1659492
125142
62988
4023
174678
3306
75690
2193
1899
3528
140463
2100
2010
400236
179739
36474
29169
5247
78564
1731
4056
36834
3948
3969
196587
231444
24957
194457
2517
403761
323013
119862
1329
774
3618
261738
300963
49692
382014
1803
26823
6645
237114
2526
26688
343707
2469
2328
1944
645006
3126
131004
1209
2061
3231
190593
2826
2361
2472
7584
3381
73035
160077
91392
2682
3858
85845
2856
3915
2007
15822
2784
1698
3009
3453
4101
3828
206094
2304
1665
130797
5628
5103
3867
2553
31869
2856
1263
1815
20994
186243
2532
3678
2916
169176
2112
3804
2268
68133
1722
16827
91023
3405
224394
2094
17808
272328
2505
3231
3318
185325
1701
4131
3120
4146
3297
163782
131214
30504
49641
30951
51276
2532
1476
3171
1944
9888
5253
1749
915180
3481392
2943
2041317
2661
3468
2013564
84594
1506
4194
1420545
1735572
13182
3348
1552041
4368606
2475
1665
4203
1979778
4586334
12660
953277
2527635
2622
2802
1241115
1824
3915
1212975
405819
334155
1508274
4230
24666
4326
19440
241368
4059
10947
2043
101355
5064
5238
4101
19974
3669
2370
29775
1725
4386
3915
2295
1212
3027
1560
2245545
5505
2688
1197
4623
10557
3564
2484
114099
2235
1428
1596
162279
7443738
2291550
3021
1677
1095
5709540
2493
1362
2136
3954
1274496
1875
3462
3840
3792861
1218543
52713
1341828
44601
1135785
1749
2637
53535
484230
2964
6234
2667
6068106
9837
2112
205932
52920
20706
1155510
2973
2802
2694
3627
2922
2613
2178
5550
1266456
3714
3645
1272
16365
118344
2967
4590
1959
4284
3363
3072
4089
3444
4632
2439
96273
1629
23832
5427
11298
459261
2751948
3201
65145
1345584
1518
77100
3651
2643
2063217
50916
27867
5295
79863
2817
8502
1794
1350
3006
80559
1284789
2286
4179
1644
2907
2244
2931
2226
92244
2271
4356
3960
5001
3231
30729
3000
5231031
163155
70305
2100
5691
1320297
6434142
2766
2211
1782
3075
45006
1650
4110
2544
36711
2076
5883
1446
2277
95979
3771
125700
38928
1491
4212
2733
28155
3471
4509
3693
153186
3978
3198
3480
4317
479556
257766
230388
3468
210171
20460
1899
63936
59010
2943
3843
74337
3024
127572
2268
40644
2577
1671
17823
1407
1962
2268
216495
1422
3909
5274
2796
837
3558
156492
69282
3225
5415
2394
667959
6060
45189
2124
1974
108573
166674
1944
503952
38910
417480
1212
3957
4869
3198
2301
2307
121281
34020
1314
175860
2253
2844
2412
140409
39618
3135
4527
2841
7725
86568
2895
52500
1503
1989
3573
208194
2187
2265
100545
2001
3885
3570
2838
4527
38370
20769
3348
3861
2022
2781
3864
133545
16620
138453
2337
68001
4599
67449
2373
109419
99234
44658
3369
2724
287523
1884
36906
2592
3477
133473
7494
31080
4548
2349
2661
3942
2664
285876
1596
41133
43476
2676
2898
7977
2502
129405
2919
265362
19254
1809
2115
5289
2073
33852
2337
114882
1347
2391
5082
3330
118965
3012
1365
2733
710895
1259277
4005912
1155
686244
1780872
1905
134556
1406379
3888
73593
1155
103077
6849
3364173
4221
2097
2637
3438
3846
4680
3534
3615
2481
1941177
18210
821643
3864
2958
2544
2256
3639
2301
536379
2310
29709
105162
4128
2511
4299
2121
342021
1605
1554387
5205
4473
2403
2022
6474
10269
3531
2685
45504
3483
1956
3000
7072281
4200
16212
1389486
2241750
2412
2406
1872
1410
33456
30675
3138
3045
4435491
2079
41463
