f:0:0:0:0:0:0:0:0:0:0:0:0:0:0:0: (total 4)
0 1 2 3 Thread 0 going to cpu 0
Thread 1 going to cpu 1

cpu 4 cur 4
Thread 3 going to cpu 3
STARTING...
Thread 2 going to cpu 2
going to barrier (cpu 0)
going to barrier (cpu 1)
going to barrier (cpu 3)
going to barrier (cpu 2)
STOPPING...
Duration      : 10000 (ms)
Acquisitions  : 21593735
273
13926
705
183
189
363
468
195
1221
2865
276
360
3249
189
360
276
513
612
13110
273
198
780
693
201
1107
27300
345
279
519
2691
351
204
360
198
459
360
276
276
8862
1176
195
432
201
186
276
456
3606
201
204
6078
186
192
432
6990
3708
528
270
351
1671
432
201
534
354
201
204
195
201
372
1008
435
4884
351
267
7137
3852
831
6636
2826
20121
348
354
7143
516
729
2427
687
753
576
5181
192
282
7131
276
192
10041
279
3732
192
198
357
195
372
279
357
192
189
285
699
267
189
360
540
273
429
213
20499
7653
351
3957
273
468
669
270
1428
2955
276
3753
2823
12648
570
8598
9657
13299
189
279
6201
192
192
198
7281
189
945
612
264
435
366
360
276
600
189
189
10896
186
204
189
429
26025
435
5520
3867
195
441
2592
432
207
693
597
375
354
837
3414
354
195
5970
420
2295
267
1383
3444
357
2286
5667
6516
192
13842
1776
192
189
282
453
5340
198
198
450
5634
192
354
354
276
369
192
276
264
3681
1149
201
435
26670
6861
429
17376
186
13590
273
11766
195
384
597
279
2067
198
435
264
2394
5832
3381
13056
357
522
3021
4623
639
4779
4287
7077
525
3495
267
201
189
273
198
201
7596
768
201
7251
270
1233
4353
273
282
201
357
447
189
360
16764
276
444
5688
1383
198
8478
13773
1563
342
192
858
198
279
198
10236
5805
354
3912
516
1575
1188
5283
192
462
8580
2340
195
2781
189
195
198
354
6096
195
537
600
594
204
3360
186
294
282
441
216
201
195
198
189
279
8727
264
183
8040
270
843
195
18273
186
4536
189
594
267
348
354
366
26595
192
183
204
7947
198
678
279
447
210
186
360
6615
192
363
186
192
366
195
186
192
201
14409
687
6759
360
189
516
192
192
444
438
267
357
7605
6135
189
186
3876
3678
186
180
12744
7284
10851
699
522
357
366
189
522
447
3222
435
363
363
4698
537
276
186
354
2208
366
1182
4737
189
3204
198
183
189
186
360
579
423
195
14694
270
192
183
183
264
4353
588
2331
16482
192
276
354
21846
7212
183
267
912
192
360
9864
453
7362
1731
375
195
360
204
16329
189
2673
276
267
213
195
4347
759
9993
2862
435
195
849
2136
201
357
1110
756
4212
3561
381
363
1113
192
5019
696
2733
5619
198
435
3525
270
591
276
195
366
4569
1116
183
189
261
282
186
267
447
1344
345
276
189
7377
10008
9363
921
189
6027
15540
195
600
204
525
516
276
276
192
1494
1692
1098
279
678
444
201
4047
201
183
771
198
630
19233
1563
447
213
2952
2988
195
1296
2181
12096
8838
195
192
192
195
459
351
258
3717
6528
3891
13302
270
2790
7770
4302
1941
3831
8409
14289
11550
189
429
4512
7050
363
354
279
189
195
201
456
1179
195
342
189
765
15402
198
204
279
528
375
351
513
201
777
192
261
354
273
195
2328
270
3075
279
183
5454
1200
207
285
2565
4923
6345
507
834
3135
348
192
432
186
204
363
660
198
273
195
1551
198
348
264
3243
288
282
1158
699
2979
201
186
363
513
444
681
3006
12246
204
1434
4131
3900
24051
666
288
9441
6954
1485
357
186
9426
615
372
3513
207
276
20352
279
273
1515
5370
4401
288
192
444
438
273
279
204
267
192
189
201
669
198
1161
834
198
7851
15429
4818
576
5157
8370
10245
360
15063
2748
4743
1515
2178
348
1356
201
201
2541
186
279
189
513
186
8358
696
273
528
192
435
198
288
192
684
10686
369
198
276
429
7209
279
276
2259
900
195
849
192
186
9252
8958
5682
11574
198
192
189
189
216
4761
867
1269
1419
438
198
582
438
3567
1674
276
354
189
354
351
621
522
189
261
513
354
1098
516
375
186
192
25620
186
189
5724
276
5319
1128
180
192
8604
207
3984
18366
8172
3375
3264
447
513
366
1344
198
270
591
600
264
273
201
270
1788
606
204
354
204
198
198
1731
357
276
13515
8871
303
600
285
372
6591
1239
198
978
11343
5388
1563
342
10332
7359
288
759
11661
285
12072
2802
207
2391
432
195
675
276
4152
210
192
369
447
276
1074
579
1398
6852
372
4662
450
288
435
357
8280
183
12642
276
201
4485
345
282
915
192
2277
180
195
7773
2352
12945
186
183
726
6354
276
8640
189
267
21102
519
354
273
7920
825
2412
936
12648
270
360
1680
267
450
192
945
1758
663
360
192
1707
183
2691
13290
1092
186
1080
270
5604
6117
270
738
186
8802
183
17214
174
357
288
195
699
3555
204
525
4449
273
360
624
363
291
687
192
189
195
426
189
453
186
198
204
357
201
7842
177
369
7872
195
597
378
1578
363
1014
366
192
357
6159
435
1947
4329
273
189
5553
4680
351
555
588
264
438
7215
612
426
210
192
210
918
357
363
198
762
3846
195
3837
609
276
27489
1791
183
270
444
2079
195
2151
267
504
10653
9345
195
9291
351
192
441
6315
678
279
612
10164
186
7581
198
183
4575
363
285
204
276
4893
192
201
294
183
294
270
186
1656
282
372
198
189
378
189
441
360
705
276
279
1362
270
360
273
3933
597
2559
267
273
660
7704
8079
678
4527
267
183
927
840
771
207
3165
186
291
198
276
450
438
276
8634
423
681
381
699
2403
363
1506
684
1362
3822
3621
948
5661
6048
279
270
1905
2643
1206
18912
9390
198
192
825
2958
960
579
24744
15933
285
360
15297
198
5133
204
369
183
537
204
30291
171
192
945
20217
20226
186
279
192
441
357
270
192
7134
528
186
4077
180
9945
354
282
519
13560
357
5706
2913
537
2385
189
35313
10758
4716
1041
192
9129
354
9423
879
198
3891
669
366
267
189
1368
1581
573
3765
24081
1071
924
5799
3798
1386
177
201
984
441
13413
10770
1620
183
14229
22821
582
666
11892
12159
864
7263
447
207
432
267
1110
279
27090
2508
351
606
204
822
6849
2901
279
654
195
267
19944
204
540
6174
366
10542
573
13578
264
68397
4410
183
195
186
792
288
2124
270
267
14748
189
8307
495
186
288
13734
267
7458
1905
441
279
204
618
2481
207
279
9735
26742
6000
1215
204
1185
177
9717
6054
2001
33594
198
273
336
22614
195
3813
756
207
7722
1662
14451
273
3837
1125
207
540
8367
456
198
195
189
1971
438
6138
360
11472
279
189
2814
657
40182
270
912
210
204
16785
11724
381
276
369
276
309
546
291
198
201
633
204
282
288
201
279
45195
5271
453
204
20307
201
207
195
186
375
282
189
72654
201
270
372
5208
1497
12531
387
40650
444
4512
11046
5145
279
195
201
7230
693
357
546
783
210
201
273
723
192
357
6942
186
795
276
717
288
360
282
201
462
3012
816
21444
5373
24735
654
34059
621
18747
204
717
699
4179
20484
282
210
288
201
381
630
372
210
195
363
282
756
399
204
2907
261
186
270
1659
801
207
321
648
213
465
369
183
204
519
5715
288
366
276
279
309
39687
357
186
7557
360
549
186
273
672
183
207
5646
4314
279
26265
453
192
942
195
381
282
189
3687
11370
456
555
735
357
288
291
285
279
813
30633
2145
189
6930
36408
19848
285
192
10059
267
23319
183
15183
9444
13473
354
10317
9504
258
270
183
813
198
14088
270
5841
279
5424
31914
53262
183
1389
16662
567
1602
189
189
267
4899
762
1350
435
3216
363
4176
2790
183
186
180
19017
264
699
195
282
29433
447
2814
267
354
528
15606
4728
22329
1623
11916
201
186
7353
666
189
288
4425
267
6621
303
1884
837
3417
192
192
7869
186
447
354
12588
288
8517
198
14094
621
837
282
186
201
61680
15618
270
369
462
183
2649
1374
195
180
276
696
273
180
3987
20079
513
10275
17256
6954
22977
660
180
282
2970
4260
17049
348
471
354
9777
279
192
5547
1002
255
924
20805
438
528
1281
453
372
195
912
2118
804
354
2880
342
531
180
1428
282
273
276
8820
189
11379
16653
5550
13893
264
705
36042
5559
6822
24099
357
447
27855
186
447
1329
774
1833
2229
192
282
207
1098
28746
20100
3303
1215
285
522
285
381
369
4512
21015
1635
870
2109
201
3555
183
3723
831
198
3732
192
345
264
3777
282
9372
267
192
192
360
6780
279
270
183
504
693
438
189
29928
195
966
195
6936
13023
273
2436
282
5901
6357
1815
12612
6324
7482
11970
441
37797
285
717
8220
4956
441
645
372
8679
2676
192
11112
378
441
609
369
789
3372
4089
267
267
189
204
7869
207
35349
3039
198
546
23958
35619
507
5682
3336
198
5886
24078
531
192
267
270
795
1137
9273
204
4689
14124
24003
528
27774
186
270
17685
5766
201
183
603
378
204
192
192
1800
3225
348
195
282
207
22497
1248
264
4803
183
996
345
17064
642
180
2265
2766
279
360
9840
297
189
354
1602
198
192
537
5166
1035
279
441
189
360
189
696
606
192
357
14472
510
19779
282
17982
279
1383
7416
504
273
8442
183
10419
1386
20862
3114
10335
14613
9321
426
276
6750
366
16323
14007
9363
276
360
17976
2127
261
12747
6189
22470
1506
189
441
591
207
675
603
441
204
189
14466
915
201
183
7062
2367
7698
2841
285
4332
207
189
684
4302
255
189
1116
435
192
1179
588
16509
192
2094
32811
7602
1818
951
3219
4878
195
192
195
3456
279
15399
6741
2397
7041
4110
378
48936
918
10950
288
189
276
1341
6735
6405
285
270
4716
210
357
279
186
5247
201
270
270
11418
14673
8583
7854
453
192
189
429
6267
1956
2703
1548
12105
1914
9270
8628
747
384
267
204
1257
291
40188
648
198
19905
17400
1206
204
693
1809
3693
4356
939
348
10860
4227
1374
2139
669
6462
8031
12768
24060
17454
18288
6708
3483
198
1533
639
5709
279
1122
279
273
11328
10146
5775
882
279
270
14949
9588
5838
642
264
25578
201
183
522
273
360
16269
279
14271
1512
186
519
7305
4149
270
4590
11409
2097
11235
180
29844
267
14304
465
1524
3504
14487
8415
4182
357
276
1689
366
279
192
16803
11301
23043
2661
6171
12756
7107
4239
43026
204
11532
2142
192
24288
9819
915
18069
273
21465
16212
3687
18639
291
207
351
192
2085
1143
2745
7752
282
741
7251
288
186
10122
201
10104
57246
3657
195
267
510
357
375
3330
657
267
192
426
357
8391
1146
3729
9087
273
10695
498
2607
1086
1206
273
354
210
4620
270
276
516
3816
192
180
615
183
297
192
519
609
189
189
1947
273
2286
7725
264
693
264
270
29916
210
1179
195
519
13734
32586
7335
4143
495
1269
18369
6390
4131
7191
7026
198
195
273
186
16467
195
192
3495
279
189
447
360
198
300
771
22734
1038
186
3222
192
17646
543
6585
18294
192
183
183
441
1656
198
2133
675
195
14976
279
4536
204
1473
516
5565
753
927
192
435
201
372
5640
357
3942
360
288
13821
16203
198
291
690
198
294
198
1503
2142
10152
189
210
594
4020
351
279
282
294
1890
849
3834
270
192
11766
19212
5640
1371
189
12750
1590
285
267
936
528
618
195
195
11676
19014
13059
270
198
585
270
531
195
1269
294
510
195
5136
204
270
1410
38820
276
279
273
351
294
438
996
345
357
429
270
17625
681
14508
525
201
9597
282
768
516
10281
7881
363
279
192
26085
264
7521
360
879
588
21423
6714
195
273
192
8796
279
2433
201
351
18267
450
1173
522
1476
366
351
192
360
14466
198
3129
204
204
15777
1260
825
195
615
195
435
3933
192
447
369
4203
2520
366
8748
282
4953
10656
2220
2982
651
1977
5892
1299
267
744
1227
276
195
429
867
3054
195
273
369
348
210
6768
360
3912
852
378
1584
1989
792
873
192
198
14613
273
996
195
8136
285
444
195
357
1446
276
1014
189
276
15711
15099
282
435
933
8172
852
507
2691
267
4275
273
1641
6876
282
294
282
276
453
1563
201
1155
12285
40029
16509
270
198
3201
261
276
2430
273
7809
282
31248
348
441
195
2610
363
288
279
597
3645
189
363
279
273
288
267
279
363
276
7995
270
11073
255
1095
195
432
273
189
198
1026
204
6174
4617
432
195
189
564
198
17262
13533
276
603
2820
279
198
7374
2793
29832
189
438
10389
198
585
282
207
186
279
198
432
438
4893
195
276
9144
855
7170
360
195
366
363
363
3645
7152
336
363
369
11598
267
19308
198
285
1413
372
210
438
279
6594
270
675
357
435
297
2955
279
192
198
609
363
273
279
282
1350
1320
288
207
32358
771
276
2868
1134
11886
1320
267
1926
4365
11226
618
594
273
12957
279
204
1959
282
354
1749
279
186
5532
186
360
8265
1317
366
366
270
6639
180
3942
453
5004
444
270
189
276
7455
273
2526
531
1125
1386
201
1845
444
273
17655
516
3279
189
540
1008
21903
1542
20367
276
204
354
378
288
294
279
279
3126
441
14718
201
273
276
19548
366
20280
201
363
849
1278
8646
276
201
516
9774
267
189
1092
12279
195
2385
273
2232
516
438
10443
201
1506
3660
1935
357
201
276
3579
1878
3849
2370
285
678
1299
2148
5271
2028
3747
34476
3669
204
2547
372
2514
23901
927
201
195
1578
2520
360
612
6894
360
198
1875
2010
801
357
189
1347
777
339
198
357
192
3384
6444
279
672
11373
528
21441
516
5580
1317
438
687
1164
22695
441
591
8523
513
198
474
5331
6042
2631
1359
8967
4401
204
261
189
435
369
276
360
519
186
3984
207
20637
369
2280
3819
18372
351
201
270
303
1962
1188
198
1659
288
4518
684
276
3771
3657
684
198
186
4653
6321
1971
1713
7539
288
21078
201
204
366
5124
1134
210
9189
291
9966
369
10947
444
204
1725
8637
204
276
192
201
22410
906
5982
603
7143
1779
192
189
17247
6606
11757
4857
7611
675
24156
201
6246
273
213
279
198
216
273
195
276
291
195
189
357
207
273
1008
351
351
3915
204
1008
279
4026
210
270
369
279
213
192
198
357
360
915
204
204
201
3306
519
204
447
1086
288
930
198
432
4053
363
357
357
603
1491
7725
8325
357
18033
195
279
1194
270
270
273
3336
438
198
189
1512
4050
1716
6177
273
183
1722
276
516
1086
759
192
486
189
189
522
195
4059
2982
291
279
936
6495
678
6237
3906
369
198
4092
7569
3375
279
276
276
534
615
516
4203
273
780
4875
279
16371
672
354
687
22176
336
273
5070
13866
2988
435
11805
12846
31242
849
276
189
366
189
516
606
282
192
189
201
270
432
213
672
180
279
432
435
183
2553
192
270
846
195
1017
16488
12636
195
360
1410
528
276
4611
261
267
3669
261
207
198
195
285
273
273
10446
189
510
189
273
201
495
11064
2262
360
7524
189
285
507
279
195
198
186
363
270
273
201
204
195
195
444
1008
603
366
198
366
4107
1095
201
17967
600
207
17235
432
195
267
276
264
270
2520
201
5874
273
11631
25362
267
14802
12618
279
780
660
8868
198
279
849
339
282
273
189
10656
516
282
16047
186
3450
195
10068
1683
2238
852
351
195
198
15603
174
192
2775
360
354
17562
354
438
261
9858
1734
591
9654
31212
1104
450
1005
6924
255
5940
6978
363
3057
186
522
195
3414
531
585
837
288
432
354
7791
186
10476
198
210
435
195
1362
8856
276
1116
732
5385
483
2865
7809
10002
279
645
192
201
933
14619
14100
1482
354
279
14301
354
6240
1170
945
366
13434
8349
273
366
270
189
534
2760
285
912
519
2760
12855
270
354
279
201
873
189
756
198
270
348
6108
16407
186
10371
1086
1257
276
2463
282
276
282
765
375
1251
6627
270
4944
186
12210
2514
15390
273
996
2412
1263
282
15822
1095
1317
2640
501
291
678
189
294
273
201
4728
3225
8034
189
195
186
189
10779
270
270
696
282
204
15450
192
429
273
270
1773
195
678
3264
7569
3804
10857
351
537
837
21735
198
360
6522
276
678
354
3012
918
1008
5448
351
26025
279
9612
201
3231
282
681
270
525
705
270
909
8961
5904
429
192
273
195
2403
198
273
195
366
291
432
276
198
273
12828
201
198
918
675
282
660
189
1077
630
3807
363
450
5862
3063
189
531
282
447
31491
3609
32106
183
17775
2181
447
3675
711
270
189
13734
192
855
2919
597
1380
2826
357
3108
177
3147
16347
8550
2958
5655
273
189
8187
276
273
4218
189
192
357
267
933
270
630
6933
4404
177
183
5541
1284
2556
1197
2049
267
366
12936
681
1074
23262
273
261
690
186
198
354
441
183
9759
369
4257
189
186
2997
1332
7545
579
3183
192
7095
180
696
447
2172
1017
447
2442
4566
603
4131
936
7125
354
189
204
993
186
198
270
5598
6534
1959
528
795
2034
2118
351
33096
8325
7239
192
3927
708
618
183
270
198
1317
13356
19749
270
357
9096
270
189
8574
6738
837
279
2493
2361
186
363
21474
3381
273
273
7506
4368
357
5352
2328
192
189
279
270
5025
261
4470
525
11964
2580
975
264
2901
954
351
270
34314
7689
273
204
189
354
14160
270
267
180
357
624
258
369
6285
17727
528
189
2106
5535
15135
441
1692
2970
5103
3168
276
3642
435
19041
1875
198
684
12909
249
192
348
870
195
5499
270
15843
795
192
348
1821
4251
189
570
276
11274
189
7272
189
525
702
873
204
4335
528
9156
1122
189
894
10617
261
486
1827
192
186
4041
36966
2514
357
366
6591
6207
480
6879
282
1788
6192
264
6546
273
3195
15075
267
9183
2679
186
189
8805
9147
4851
186
285
183
441
291
3006
264
1572
8841
177
195
2817
690
3801
678
456
2025
15483
8388
816
10170
186
19767
1044
357
186
192
276
7584
6204
186
798
717
2241
693
438
606
3873
438
186
186
13014
351
6384
183
177
441
273
366
204
13329
192
186
189
4869
192
276
354
16242
438
10593
1446
342
276
3018
195
11118
438
5460
612
1569
444
4689
366
261
432
273
210
297
7767
615
273
183
186
7863
186
351
189
264
387
207
25665
351
447
195
534
459
357
282
210
288
288
483
1461
10830
18429
11556
438
261
2772
444
1032
7278
354
516
22431
348
12660
17880
618
183
780
1749
201
183
16092
270
270
189
186
5808
885
363
702
6291
1482
186
25992
189
969
7131
639
189
360
432
11805
1365
177
279
4305
180
2424
5430
276
4845
8097
174
180
5670
357
441
6243
189
24882
798
459
186
615
210
852
7305
360
9150
3699
201
10749
453
9129
2940
1119
7563
1107
690
279
183
828
28533
13119
777
264
189
279
363
186
5802
624
23694
180
5745
1791
1140
264
3327
1098
180
198
192
519
4668
267
441
6741
9348
3363
7452
177
189
363
24462
357
348
189
8736
273
276
189
183
450
14034
621
24852
459
267
348
4497
867
186
5016
183
357
603
276
9456
2172
183
9546
192
20613
774
17349
267
2811
270
696
11511
435
618
447
285
14715
1281
660
1191
3126
366
699
435
186
441
20511
35529
624
435
189
189
201
8775
189
186
696
8424
1704
4689
9579
267
183
360
432
8961
186
5835
19941
1800
273
13335
186
789
1113
5592
2130
1245
351
7110
3819
270
264
186
186
651
273
1743
9333
12528
273
192
444
16200
189
5070
546
267
29334
438
270
183
15171
777
189
189
5337
273
267
447
528
372
3180
450
186
1689
579
16155
15183
273
8937
2577
189
1485
462
957
444
516
621
603
4122
294
531
1815
570
1194
186
201
8145
822
360
189
387
3189
13269
186
192
528
3417
4956
354
10764
528
267
192
192
360
621
201
528
501
282
204
6324
189
270
9231
24264
180
189
192
195
207
429
8184
354
36012
891
7770
195
189
273
183
2907
273
7236
357
276
11445
267
4671
3030
936
903
2280
15801
1560
189
1041
12408
1488
183
186
801
3468
357
273
459
4407
195
192
183
183
447
1794
354
642
696
270
270
15357
264
189
567
17328
17139
453
1989
528
4755
279
1329
32709
13212
183
534
1386
522
9834
1392
16332
348
1263
183
270
2055
189
192
282
1479
180
195
1056
369
195
174
477
288
17475
282
43200
3621
540
16959
2589
276
273
8073
177
291
75231
282
279
32178
186
570
294
480
735
41535
273
438
7725
573
27411
30891
282
450
189
9087
13470
786
186
207
7206
570
696
189
378
270
555
186
363
348
525
1098
366
369
273
11670
183
276
13272
267
2778
624
2358
4620
525
711
8037
7248
2937
2673
261
5232
267
444
201
273
9993
522
444
3666
357
546
1224
10674
189
339
462
432
441
267
2007
17532
444
441
189
531
372
2211
357
18720
690
438
612
7086
450
921
4716
5637
363
2913
4998
612
270
11994
279
702
363
186
6114
17640
17463
525
267
435
17739
34755
348
360
19926
5514
3378
9873
270
4518
189
906
189
279
9108
375
537
2886
1131
180
183
276
357
4461
939
1239
189
360
765
198
186
6966
261
258
186
690
204
357
363
1824
2004
189
3648
432
351
4575
23325
264
954
17280
5067
11781
264
447
192
8568
270
705
12543
12201
342
954
360
729
951
5031
17094
2991
810
507
1218
267
19086
267
189
2868
771
8208
189
189
201
2613
180
8790
5940
8586
360
14265
429
19545
186
6291
540
5364
351
186
189
525
9843
18561
186
435
2868
6945
186
2589
177
528
1755
1134
351
360
273
270
6603
9744
369
186
4254
276
180
186
180
201
52065
183
360
786
4917
192
537
363
270
11313
351
17346
177
519
354
351
204
273
21975
186
34680
525
273
21621
189
11784
276
192
363
183
192
1191
195
387
10302
3084
354
189
207
7902
270
5772
