3ff:0:0:0:0:0:0:0:0:0:0:0:0:0:0:0: (total 10)
0 1 2 3 Thread 0 going to cpu 0
Thread 1 going to cpu 1
4 Thread 3 going to cpu 3
5 Thread 2 going to cpu 2
Thread 4 going to cpu 4
going to barrier (cpu 0)
going to barrier (cpu 1)
going to barrier (cpu 3)
going to barrier (cpu 2)
going to barrier (cpu 4)
6 Thread 5 going to cpu 5
7 Thread 6 going to cpu 6
8 Thread 7 going to cpu 7
going to barrier (cpu 5)
going to barrier (cpu 7)
9 Thread 8 going to cpu 8
going to barrier (cpu 8)
Thread 9 going to cpu 9

cpu 10 cur 10
STARTING...
going to barrier (cpu 6)
going to barrier (cpu 9)
STOPPING...
Duration      : 10000 (ms)
Acquisitions  : 10057545
3216
17268
160587
2961
278568
2394
1614
1089
3393
2547
4920
171681
6564
1308
4056
1161
119907
174288
2154
1545
21318
132687
3780
2343
3225
3501
3135
2442
217998
3702
2646
224499
2481
3648
3366
1689
1237890
489300
1167
2244
6552
181794
251187
172629
1452
3243
2559
1659
3750
1551
8622
496893
3936
1383
24222
3207
71706
3756
1371
4836
3261
3195
226695
1200
1653
2523
2562
2418
3048
2877
2856
2880
23904
249213
2412
66720
2460
2196
135951
4137
4005
3171
21075
80490
2340
42429
2850
216135
88077
196368
1695
22761
2040
4002
344745
144000
4539
22056
2685
180528
1671
2472
5397
3786
1890
1500
2592
1671
7281
2895
726876
822
4038
2100
20388
3609
5112
6309
204828
122709
2751
652383
53340
2739
2772
2316
4128
1695
1878
3354
2571
223533
3126
1467
5178
34410
840
2733
3373572
3822
3310815
2331
1167
40170
3528
5802
3000
14091
4197
1148694
2448
2010
3867
3756
2631
7533417
1926
399423
2970
822693
1843713
3264
3090
4348920
1800
3645
2223090
1467774
1250688
5856216
3024
1368
1992
1808940
2214
2035269
4755
37494
1974
87864
4293
2121
2289
4047
3689964
2079
2307
2556
2541
4050
2427132
1537161
2633877
966
2745
1456452
2280
2430
3525
2790
1483590
365766
352659
2787
1403721
2097
2844
90798
2907
3267
47007
3051957
897
1968
1125
4539
1404420
7664292
2361
286530
765
1221
6738375
288522
1602
1374
1794
3345
746946
2160
38505
1341489
1568181
69645
2913
5641458
2097
2136
1971
672000
1899
1747395
3051
671046
3424260
1149
1948869
5976
4338
1212
1683
970965
1111104
1041486
1446
4056
60945
1107
2811
837
915
19206
3582
529674
1911
73581
6449274
4302
3834
3399
2355
3420
18069
2106
4527
2391
1320
53235
2868
6414
2328
3444
1716
6864
6204
2697
4297179
8852844
1863
2019
2796
4989
3126
1923
5466
6369
2304420
4203
2112
2904
2574
164145
3726
135333
2189157
1932
2787
3630
6725109
47043
854241
846
3471
2744544
1419
76149
2371089
2373
1710
2271
2781
1982397
260733
906
1023
3801
7100856
4536
2421
893364
1983
16518
2724
2475
3687
3114
2937
2646
3465
6765
2493
3576
458340
3138
5631
307971
2226
2334
4878
2547
863376
606042
4716153
3015
4611
1314
36000
3030
4416
2202
4091190
22089
2322
3666
2082
5010
3813
1506
1286169
1356
3582
19377
2484
4137
1338
5024682
3003
453249
2433
849
35319
3258
3864
2796
1872
2919
6387738
3588
5109
1431567
2180940
5506485
3048
1311
1103154
3435
2651820
3627
10968
1467
3356547
274428
1794
3468549
2697
2196
7902
2760
4417419
62706
1309683
4545
57870
4204503
1713
1851
3177771
1068
1683
757317
4773
1551
2130
2286
1269
21765
5310
3084
1131
1875
2457
2365560
814731
3318
1908
360150
2733
3564843
623562
2199
1422744
53922
3837
1659
5493
1683
4651380
3288
1788000
4113
1740
3273360
3075
2046531
599844
3162
2349033
1500
2076
1069389
3258
4632
847089
3482550
870
1455
1761
3495
2346
263646
279123
1863
4251
1536
3420
3334473
2421477
3611334
1503
2211
4524
2346
2316588
495618
1098750
3075
3417
4928142
821490
3825
2682
915843
330357
2205
3264
43689
63081
1842
1092
5127
5718
2169
1305
79740
1197
936
6592305
3870
5622
2484
3270
31317
120975
219
700110
2625
2127
774
2316
3102
2562
2349
2994
3468
80580
75729
2343
2433
63222
2808
4563
3951
109308
3918
2490
22509
1752
5274
2187
2934
146760
1836
3177
19512
209685
367767
1608
2730
3750
3684
2547
123060
1764
2649
56349
443652
59949
5307
1926
3417
3084
1929
2781
2886
2550
88926
1689
4854
2016
2973
3717
2886
3312
85965
114909
315537
4011
1749
1782
1920
1560
3765
31557
5574
1905
2568
391272
33006
3657
3153
2940
631413
1641
3426
120108
2532
2562
1329
23445
2403
2271
112992
2832
695868
360015
1161
22347
4845
393054
2751
2640
2445
30666
1434
2775
4218
1320
1722
48963
3561
73473
1836
3612
365478
125118
1998
187938
13269
1719
975
4953
2133
2133
1620
1407
31266
60984
2262
2355
50544
177867
2220
315
2769
3453
134019
9744
1761
6018
32013
199404
2784
182403
2730
72648
2268
2199
5049
1662
5442
2280
149622
1341
4575
2502
6555
2217
2130
2955
86184
2055
1737
11181
2076
2204841
3729
2498181
5385
3402
3986655
1214004
3633
2613
4032
2373
4398
1983
2139
2601
2307
2784
5172
849306
2784
3069
1487250
2739
1842
2520
1713
630
239955
22356
2214
2076
20796
3909
1602
1245
6657474
5265
5612391
3465
4260
1464
1905
330078
358566
1584
1231146
230079
19464
1464
3432
2199984
3417
2613
3477
4032
52206
1476888
5199
1000962
2049249
2592
3000
2856
2442
1752
2421
3339
2547
15531
4353
3465
2208
2568
1629
2421
2430
4980
1503
1770
200817
2238
2538
3408
5430
17325
1932
2184
3945
3075
2697
1794
1200
1842
1154823
5125362
4404
4674
2306649
1471938
3702
5645070
2175
21402
1533
1764
1950
1101
4573131
843684
2439
1674
531927
2402940
3777
2106
2268
1476
1014
4770
1596
1200
43221
5076
2958
1413
1902
4902
12756
1857
3177
3252459
21846
771411
4420971
1977
2095149
4704
3552489
2814
388203
1635
5739
3363
1012032
139713
5964
1277241
41631
3999
8451
5529
5424
1254
1668
3042
1177917
1189092
2808
60420
2898
1116309
2334
2904
767079
2358
1111548
6294810
3324
6531
1743525
54489
2424
76206
3822
4539
2201856
2260602
28902
15381
2094
5196
2301
1323
993
1064082
6297
51399
1758
2034
2109
2871
2877
2715
4638
23766
1953
2964
1332
1611
739581
2130006
1623942
3432
6063
1731
1131024
1164270
2118
2514
1100190
2262
2232
1647
15252
1605
2216640
1665
10281
667899
4968
3597
3534
1701252
3246
2244
2880
1797
2589
2946
3219
2919
1203939
939
112317
2676
6456
1201533
2901
5040
2940
1830
1141380
2286
3399
3333
816279
2046
2889
1303437
2877
996822
3942
3099
3792
879
33588
1662
1562412
1275
3942
2892
2625
2121
24516
16218
1653
1812
66576
1758
1524
835923
2448
52287
2640
2811
14175
2007
3912
5034
5310
18585
1914
264471
1272
2499
1227
976539
3861
3372
1086330
5499
4338
3183
7404
38676
1122318
1677
4407
1407
2805
104598
1704
18933
5856
6531
3897
1362
2394
3843
3615
3348003
2508
2022
1725
3498
2460
858501
3631044
137457
2997
5040
1851
3936321
3435
51471
2655
4320
2874
26910
3039
8398452
54462
6330
88872
1101
3105
1842
180492
2469
185289
1593
34287
33117
5178
2037
2520
15669
4572
63840
263223
466599
2625
761709
93300
9363
5706
2214
2133
1974
2556
5004
2022
2283
142980
17040
6153
1854
2169
2190
4300932
4374
2294655
285159
5763
3280266
6618
2694
2628
1674
2640
2778
15834
2974650
2937
2168055
2829
1395
2577
2901
28728
4578
5241
2727
5347269
3212442
5367
2070
720309
2904
2178
2052
2019
5922
2949
8091
2304
2277
3581391
4956
2655
7653
2067
2907
2481
2385
3489
1422
1440
6120
2250
1944
1452
2871
1590
4590
6186
2340
2580
2407500
1143066
3609
1410
2412
16461
5208
1031370
1680
3483
608343
1920
2916
1539471
373068
2874
5742
2604
2619
4521705
2340
2922
4347
376983
2715
4509
4602
549711
3264
74202
3597
800202
1299
1818
3470496
2914833
3741
3027
2507418
4269
250875
1650
1087626
2268
3648
2298
1281462
3459
101886
2370
3528
4466871
51522
13080
5334
2523
2952
472197
5577
3699
532431
900939
14049603
611571
4299
2940
1062000
22239
78816
2472
2763
2613
4146
1990740
1524
557250
5359143
5332203
910680
1037766
4629
3831
313014
3369
2265
54330
3942
3324906
5439
808881
3178614
2577
848268
3248034
2421
4431
1178400
3255
3223647
2157
3231
74712
1479480
2121
2691
2520
3036
1055601
2754
5340042
4860
40026
24249
1426173
6806136
3765
1135206
2832
9228
3237
2364
2505
1929
783219
1436424
2409
2027532
261339
2421
281145
2622
3366
2583
8847708
8598
2583
3249
2913
2131125
265287
5871
3729
4461
442722
2832
2760
2253
4296
2259
460668
1090638
1118430
181914
2505
2952
1683150
3912
2709264
1953
4230
3702
969387
274575
2748
113022
39582
3462
1189191
5406
817131
1749
4749381
2631
3966
3333
97626
21618
3267
46440
2817
1641
3264
4536
18660
155256
3501
1701
568008
3339
2970
2550
1830
4509
5559
2190
5040
2592
3864
366864
1695
121803
2268
1017
3528
299217
39708
1776
2028
4611
3378
2697
2721
361116
327672
2982
4212
3075
75066
8718
3219
3684
165942
100794
3048
3285
45873
2277
2043
2049
270600
4539
2451
3066
242511
2718
4116
2178
2196
5253
4680
3864
394917
2823
3186
1872
3465
1266
2484
2997
710763
3909
4212
4407
129216
2574
3516
2775
3297
5457
3153
202719
330531
1965
3456
2118
3609
3111
5754
2100
5502
2256
38487
2367
3417
456315
4824
17799
35802
2454
184242
2655
109878
1323
1473
657618
54525
3714
2289
22416
22851
25635
4083
91263
3441
4071
44400
226824
2499
3426
171996
3558
18180
1872
3447
3195
188337
1932
2196
4020
253092
2994
56964
1184793
1267704
4095
18930
1449
11775
2439
5388
6198
2193
3199881
3897
6033966
3042
4509
5934
934803
2364
2760
2631
204231
7050
5209200
22497
2148
4638
1836
6992544
3048
3450
1494
3750
4713
3045
2179071
4272
55827
2280
1989
3657
91548
2430
3546
3102
85296
1887
55644
161676
21195
957693
5648418
2239119
2865
1959
34218
1794
2634
4386
2184
1121034
3174
2100
3348
2766
86622
2412
2793
2373
3000
3438
4284
2970
1995
58764
1335
3789
2988
2850
2886
1725
2181
1674
2349
2865
3174
11061
2019
2829
18981
184836
26784
22644921
3852
3003
1404582
3048
4371
2928
7540752
1896
18306
3354
1773
1986
2652
3225
2280
2199
7765947
1920
2211
1848
19740
4194
1324770
2346
3432
2098116
4419
1249152
79308
11310396
813507
325494
2805
3060783
2123427
1923
4857414
3522
3354
4995
7431210
2136
4335
1731
2157
3018
3642
5367483
3123
77865
2164461
2019
5082
3591
1286766
6385872
2277
3357
5079
2259618
33258
3390
3000
1749
1112634
2550
6954
21132
4605
32928
2195424
70872
3972
2640
5424
4026
2820
1158
4095
2898
2046
133989
4002
2430
1734
1362384
72009
4311
828579
3921
4182
4122
4419
2721
3795
27696
2034600
4542
191043
3750
82371
5220
3792
3732
1233036
2493
3075
2256
23553
3792
3654
5085048
1944
1452423
3255
3933
2263758
20778
36078
3290073
1914
2351826
2266542
3477
3687
3474
2685
87456
3861
3477
3213
12300
10332
3055299
3222
1974
2364
28182
2847
6351
2157
2496
69555
2373
353103
4902
1959
7497
55665
2282205
1182
4671
149106
4464
14439486
3531
2091
1713
69150
2061
37464
1911
4650
1548
3429
1076481
3396
1331292
59088
1268595
2274798
1776
2619
4230
4407
1932
773928
1078671
3969
41928
1812
4377174
1791
1896885
659493
4485
5304
3073701
3729
2142
6363
1269
376833
2349
2239191
27906
2577
61401
4560
3390
2514
3105
1135800
7583742
3069
4779
1575
1279479
1320330
75957
2348742
1602
1302000
1100115
56670
2991
2148
3117
1986
1143774
17937
792525
4134
2169
3420
1111107
589404
6198
2787
2249328
11157
41337
947349
2097
2292
1857
3555
2667
3249
2202
1362849
2076
2503869
3715929
4989
396846
4347
2472
3225
3696582
2298
4311
8163
4106784
5541
1899741
1659
2832
1416
6614904
5862
81381
2940
50793
2322
230775
3705
47925
558333
4797
3030
1968
2097
205884
3609
175578
2253
3543
68742
106893
118536
584664
2562
21396
94857
5946
1635
2124
20079
377295
125205
157071
22566
3234
3144
5550
2826
3996
183729
2970
2484
5649
3105
63750
2790
15192
2724
3330
4056
4824
156114
2502
2118
50982
42795
397062
1749
3138
3231
5415
3777
734328
2217
2859
32805
92769
5166
4824
273015
2691
1914
1671
195306
4707
3285
112215
75306
3108
2196
4374
55653
46398
1968
5664
4119
85500
2748
3069
76443
1974
1827750
3597
604995
2991
149967
2925
3504
36897
70788
2328
2049
148053
6141
1746
2811
2769
17742
3855
529947
2055
1260375
3652284
37020
2155434
3003
8827296
2517
3237
309789
2623470
3651
73161
5136
6559509
19827
2124
4542
3936
2355
3879
2661
111933
2754
3807
1947
3288
3849
3549
28248
2157
3399
3060
2772
1113840
3567
3150
2094
1473
1206708
2787
89757
2886
2940
1216371
7893
3273
3371565
1911
2343
1452
136620
2160
273
5010702
4344
5286
3246882
2949
437757
1806
2151
2589
3630894
182265
6642
1896
2760
2031
656106
2868
2955
15858
6558
2877
2191851
1569
2424
28164
2607
4182
3777
6459
2901867
9414
3390
3438
1515
339933
1932
2784
4413
1773153
3625842
3396
2445
2342328
2754
3081
4755
59844
2853
13041
2370
16533
6200181
1468224
2088
840312
453648
5460
2565
4602
3168
2883
1194021
1569
5268
831750
4527
1089954
3588
4620
2192646
3117
2190
7158
2214
2922
1647
2373
2109
869262
3147
1340784
263112
259731
1408599
4644
6340197
180120
3960
298914
3159
2490
689706
2946
340227
3095496
2757
5913
1169622
2538
2361
6810
2262
4485
2475
417
2658
3878874
2670
8823
1905
35700
2334
3152784
4161
4113
660159
5499
2112
1885995
23859
94374
14178
1457169
5697
3169389
223116
7745553
879465
186
1416
30888
1353933
3393591
2259
20070
19179
189
456
2225235
18957
21252
195
1109796
363
1143483
19143
132879
981
465
9798
7959
735
216
180
3109899
1281
26127
46632
40338
1885905
18855
739800
1131
3466764
1044
315
2968383
702
2296992
2026626
1194
57966
2857350
1428
634230
288
561
303
303264
22272
16605
468
19707
1297101
1186890
189
94407
1386
18411
1139808
41109
1103748
45573
1185
273
1093800
210
21633
828027
513
2538174
1083057
1900020
456
1002
32337
3595308
133452
219
747
1959
2436
774
7317
2161395
2398602
2271
660
1066020
818430
195
273
2078178
1212447
570342
5505798
19584
447
945
13263
25191
1470
63381
2316150
151791
1135599
210
900
86346
1169511
594
267
1097682
29112
2952
195
15699
1924671
843
366
786
1254078
1389
1563963
139020
946908
1350078
2262147
267
171
219
32835
85524
76782
714
2351745
2886
789
972648
22812
1902903
2549856
21684
810
34230
1734
4062033
1647
17907
1926855
477
64059
281901
885
1528374
4556400
61911
354
37308
186
387
1323
2196
438
152475
267972
180
195
195
244023
71427
552
135801
744
79842
453
55095
71100
26931
678
45756
1353
1623
15888
279
270
138435
1350
50493
175044
200061
384
21411
387
74859
331683
142080
56784
82332
894
999
111486
261147
2295
40011
545397
444
50199
50013
1221
1263
1164
217533
195
321
981
24537
437988
1509
250638
418581
27738
948
894
11376
13926
483
378921
113271
1095
145485
159474
289857
357
201
40953
6258
189
627
52338
363
13614
783
234522
36612
1002
543
401037
1005
40017
630
513
310632
168078
124500
36429
651
1137
183
486
250389
672
486
192
16800
693
546
72585
852240
216
363
936
153159
474
196272
1440
359109
39606
282
648
304686
516
741
198
60465
33666
972
2433
1173135
306
5454258
19980
24234
80922
1039452
654
804
885
1239828
161604
6237852
102909
276
1500
294102
1731
4788
827481
285654
780
1469574
137847
1362
1038
174
5141748
1540731
774
55356
357
513
603
477
37665
2163516
492
236124
519
747
636
2759085
285
341976
507
522
1094262
307620
804
256788
384
1132395
756741
3195411
42543
89094
3039324
405480
273
2613108
330
1277787
180
18981
651651
1369671
603
825108
1035
285
10053
189
627
687
987
30033
173127
264
207
366
2734662
317043
255
1189683
321003
1245
540
291
720
48294
183
319404
99078
717
4463733
1341240
567
198
90594
5116227
2265
2588298
540
1242273
38487
387
210
3369
219
576
186
4244883
621
16161
1045305
5946
1167
594
1437
32667
30909
873027
7452
175401
270012
17388
1394736
9273
172854
186
21879
1227360
927504
153594
978
4018560
398145
984708
16047
143730
297
186
189
459
1205841
903
699
3230841
1078614
282
645
432
1137756
177
46710
333303
207
219
831
609
366
119847
684
67788
1082664
1890
1058877
1941
1128
861
812640
4952994
1337292
4497480
2065950
201
399
270
444
531018
3288633
834
51009
2348655
531042
189
1320
2255115
26508
76659
408567
4951950
798
267
363
1104750
881940
1147335
62322
180
740709
2694942
201
39549
186
300
939375
552
642
2340405
394479
810888
24510
1027278
338709
6466107
2853
301890
465
4197
901926
654
16869
1218
414
513756
441
3648
870
297
351
280491
11232
28320
1164
3240561
2433
204
2896203
103533
969
453
564
175845
639
207
171
1830
1173438
447
849
1307586
177
2475
1326258
171
939
621
127965
24492
1267434
9228
3528381
930375
708
22617
204
33633
13497
1251
1030467
10007049
2996088
456
177
32091
1115163
787668
213
21702
1677114
180
426
109449
1092
708
2691
824934
1596
1692228
1752
54837
3592011
82587
360
1176
3323562
165
2322429
238971
1098135
1170
814617
34191
186
18138
1078704
345174
906
537
3353478
1489758
780
303
306
3299946
48585
1067145
2113815
762
417
192
1059
15867
186
52899
1165467
1611
930
255
225
9600
485190
798
849
2760453
180
390
444
1450815
1272
18225
207
1128255
174
2578182
1581
25977
2113008
652773
2955
1414908
1742322
474
1383276
17256
2217
4074
207
945
453
312
1945560
3814908
3634956
465
234441
960
180
2739162
360
1506429
1293
235629
291
770313
543393
2421
2601
3553404
2392755
294
2698344
68919
123318
1237137
185418
2984604
186
276
1398036
489
6852846
17958
642
16575
224733
216
1449
696
369
341136
11406
364449
1344
31428
387
2088
405894
357
81837
90108
831
1176
222591
201
55143
690
137616
62388
306
684
77586
395037
23634
1311
900
36672
334806
43215
61596
1122
129609
1515
87936
48789
519
1131
57549
185889
14406
171
435
281382
432
201285
340746
960
36504
732
172251
312072
148692
651
858
264
633
351
253644
67329
675462
203049
957
52827
72234
345
132255
161286
7476
255
61818
204
192
60897
4113
87834
22593
174
261
66363
2343
183
158736
105462
48366
732
717
429123
186
639
380121
60615
309
17262
34308
1389684
465
177
507
855936
483
339
195
297
288
65595
468
2467914
2547
279
1280094
225
189
2707761
1213869
51417
871731
653685
1099050
363
13146
5216595
36180
7426413
192
64245
257133
297
582
841524
195
378192
1863
41025
294
193662
477
738
82842
812568
195
168
636
163938
198
525
180
487527
204
273867
80463
204
134226
4965
474
61761
204
252
819
306
1461
600
15390
431160
1704
780
648
439920
14844
570
366
68802
71262
861
89751
2604
451227
186
381
107427
1329
15627
3157170
287100
183
825
954
116931
2154
696
940653
570
495
321372
1149
2203632
2421
55020
3314781
2962479
2668302
2583
657
10067769
79125
606
189
5946117
4285794
3613089
4217049
303978
98097
81711
64932
387
177
201
15840
914838
7883574
25044
1017
423
435
1465143
366
28818
106041
87300
1106400
492
938427
7761252
5499564
62460
795
756
819
735
204
387
810
250089
4209966
4032312
122925
4461273
612
246
3080472
90336
186
7696449
1328310
282
876621
369
1268376
612600
285294
222
301980
58701
765
19704
3081
46731
3524655
1975728
1752
405
705
219
5768445
854703
18180
675
468
297
290178
3038562
2964
17886
894
801
606
1992207
4341630
616278
21876
4108074
864
1005
21135
1028907
192
1888728
192
331347
24429
282
633
16263
1290
255
1049859
6630957
19551
1200
693
25572
405
474
795
1154406
753
990
27447
6930822
13014
2560536
2598396
9147
276
6334077
183
384
498
288
522
7478784
579
1044
849
447
2076
966
219
867
276
396
276
666
1092
507
315
399
2760
300
216
606
180
2103
450
2037
1194
204
285
606
498
480
534
1071636
603
687
528
660
483
453
198
272265
840
486
666
1302
1734
888
2820
582
1593
459
591
381
1650
531
282
2592
387
729
711
1866
294
360
555
594
996
222
381
372
396
624
306
942
564
570
1017
471
216
453
456
1554
366
303
522
750
312
393
378
972
474
921
435
4905
996
3468
699
2508
276
516
228
942
786
288
384
17856
447
324
963
813
723
288
399
396
1101
381
186
339
516
354
1236
195
543
315
270
1950
450
621
801
399
354
1503
927
450
366
1524
396
474
897
939
1317
612
621
492
519
462
609
444
510
693
798
537
297
1677
783
1506
447
675
3867
297
702
72141
1725
846
1047
432
1374
312
288
564
1203
1554
360
1356
1509
270
903
210
282
2994
504
876
486
912
288
666
264
663
831
612
672
1449
873
351
711
798
1587
585
660
552
720
843
303
288
378
363
1467
549
366
441
1566
1176
4506
402
207
747
231
276
606
429
768
552
558
297
489
711
357
909
681
417
264
594
699
270
462
300
654
195
282
588
660
657
1179
411
1044
1221
297
348
1236
942
462
414
462
627
441
1716
1206
888
1851
1182
312
1470
957
282
204
321
783
309
798
606
390
642
549
312
294
1032
1158
1566
585
285
1575
756
753
600
312
453
816
339
885
399
978
783
456
1242
1140
738
381
927
273
1050
297
282
1542
465
279
609
606
621
654
543
1320
1170
300
987
555
366
561
2739
423
273
228
2133
507
381
1614
345
930
279
315
372
477
573
1608
750
288
759
807
291
498
10551
40632
297
279
1233
585
579
432
276
792
726
837
309
279
68523
1074
444
405
312
222
384
495
375
276
300
1779
501
429
339
840
1131564
1572
387
1266
264
1212
534
855
90294
609
348
459
504
183
513
1875
1229397
729
678
564
1053
261
579
444
5592732
666
1287
300
549
1023
699
492
95346
228
378
708
825
822
270
201
183888
285
603
309
465
750
765
726
578568
612
303
1458
876
405
1323
822
66552
279
531
357
543
1137
729
729
1062
630
951
273
609
186
1320
537
98289
393
1290
687
999
630
366
849
105486
588
1782
267
180
546
1017
636
1029
285
411
279
351
2340
2901
1587
70719
1368
555
1854
489
1671
735
684
11988
576
312
459
225
2217
645
2211
3081
1524
396
435
270
318
1200
798
386526
567
543
315
582
729
285
1569
86589
1599
534
366
1212
297
210
894
22353
1395
942
1797
285
1518
573
663
55455
1272
1275
1464
1290
288
744
1374
1392
270
189
285
1035
789
294
945
294
387
642
1923
294
549
498
447
105249
807
1134
393
762
969
477
960
24888
1242
252
498
513
546
1089
447
188214
729
564
816
333
792
969
450
489
723
288
660
879
492
567
483
606
636
1071
1530
846
1053
306
1716
294
462
1308
345
600
1557
309
858
699
3702
738
606
531
507
462
285
222
660
1248
336
429
345
2034
264
1497
462
846
513
648
291
543
291
860754
300
387
393
1683
258
1320
348
558726
372
873
456
192
528
306
189
1485
390
627
447
549
720
387
309
342
465
456
1611
369
954
1278
204
954
579
363
924
903
426
399
2655
1410
543
444
978
366
480
702
1710
552
294
1716
831
687
441
633
489
780
282
837
432
612
450
702
957
778581
810
420
2922
225
441
2898
648
636
381
855
981
2259
1041
810
195
177
444
1485
615
180
303
504
681
435
402
804
1206
1566
1644
636
306
402
354
1833
1461
1017
432
234
267
267
276
210
1011
549
561
288
396
747
1407
282
588
1173
594
369
375
267
885
507
432
369
696
3306
279
396
498
279
1809
408
1833
477
684
399
393
282
810
303
618
501
183
1026
441
1995
516
1263
348
1932
540
255957
726
447
384
1431
771
1884
456
1458
420
1476
429
564
630
999
396
288
294
285
1326
576
1104
399
1092
786
972
369
183
1011
783
807
1395
537
783
444
810
726
1290
792
540
70995
510
531
288
1071
966
447
642
864522
276
1437
1077
729
834
288
714
1116
1266
468
273
384
1311
831
990
137541
612
339
1095
939
294
534
303
114774
468
471
456
831
2946
1983
1521
73971
183
810
183
357
543
354
1767
28146
2271
1053
621
471
189
804
435
89007
630
1251
351
516
381
441
408
270
612
342
909
549
660
1281
765
5112
264
948
666
543
294
1167
807
20511
438
423
276
456
462
2379
453
132396
393
294
1608
414
2589
3057
1086
239226
213
1116
783
207
423
1332
588
101538
288
1158
300
1065
825
564
384
26979
780
1572
1242
690
447
528
183
190320
597
276
423
1764
657
462
1335
410316
654
201
612
363
783
639
636
186489
1428
351
990
369
288
714
213
510
678
387
261
726
990
945
312
1649130
8286381
1248
840
609
882
774
921
966
1122
444
840
1041
516
348
303
68973
651
1044
852
387
582
294
969
405
546
1416
384
3006
555
534
1527
868158
192
285
975
282
1014
513
441
942
825
1794
654
345
819
633
1152
603714
456
453
948
285
291
774
450
1248
483
336
606
744
279
456
540
43452
1131
29154
951
516
279
576
252
1359
1215
1566
192
552
510
957
735
177
189
621
186
195
1659
195
516
180
195
339
216
1383
363
576
732
468
597
1014
183
801
678
831
852
183
1083
195
177
186
282
1002
180
195
213
207
171
2181
522
1062
1257
750
297
2370
993
1230
1068
627
615
717
180
186
1818
360
468
501
873
177
180
189
1146
1242
714
1095
192
453
411
192
192
192
306
1143
204
189
297
672
1806
531
1809
195
195
708
540
786
276
186
2268
348
693
1161
3195
177
270
591
600
312
189
1164
186
285
168
177
183
1098
501
729
297
1167
189
1260
1596
387
183
1704
624
444
810
342
867
201
684
765
429
1017
636
459
339
336
171
264
204
180
597
927
729
453
393
2877
297
774
885
693
2622
666
840
723
192
630
189
213
180
183
1164
2727
834
1443
1548
480
291
537
192
204
999
189
459
669
846
216
330
189
351
2121
456
1338
1449
171
282
165
375
168
384
192
966
483
543
300
717
492
306
189
1263
963
372
183
279
279
195
564
936
303
195
1908
189
351
1068
1371
1536
648
1044
393
306
204
648
1014
1047
543
339
195
858
213
429
597
552
1284
333
1749
867
198
636
606
348
417
531
207
2037
201
291
696
1044
189
345
324
204
537
396
363
390
612
834
456
552
198
276
717
708
708
192
468
540
378
357
186
498
1029
1029
204
789
309
735
1971
207
543
894
612
1725
204
2169
180
195
609
462
594
1620
1893
201
207
465
582
210
603
783
480
189
195
294
582
1677
285
636
1530
372
459
873
990
1359
996
561
381
333
1422
213
819
201
651
1266
999
687
171
285
672
180
285
528
354
1254
351
1236
825
411
447
1692
471
1221
405
189
204
429
192
171
186
609
567
177
291
696
348
600
1638
609
201
1368
909
1077
177
174
186
345
177
639
1335
390
186
459
642
192
342
552
204
189
53940
177
1800
444
4020
705
624
1026
636
825
846
762
1479
1308
300
372
201
267
2202
267
201
750
474
2574
396
936
1584
192
657
417
189
201
192
783
180
723
177
1119
891
285
375
192
342
300
204
573
171
180
2151
558
180
2061
285
177
252
768
297
330
198
669
1212
426
1029
204
1047
603
1371
183
1416
189
303
462
198
459
1533
864
405
192
825
285
399
525
189
636
519
279
1293
534
252
210
186
192
660
1701
198
201
687
186
567
1251
732
192
306
177
270
846
1524
219
1908
168
459
294
1494
183
2190
186
195
282
708
174
359004
2052
1263
435
195
351
633
1152
10677
2838
192
411
1830
537
207
714
300
441
1086
849
189
963
990
459
177
180
198
639
2655
207
1461
393
189
1053
384
1191
741
186
807
1926
297
345
204
1086
804
981
186
186
210
498
1458
189
372
204
2115
357
186
444
2055
189
564
195
864
462
2130
741
726
621
459
207
546
954
195
390
177
192
192
1077
210
1800
360
1533
351
204
411
768
762
300
177
552
1842
729
174
627
183
693
1068
546
351
1656
2304
1425
420
192
201
192
783
198
195
648
192
429
213
180
957
204
294
303
705
189
174
201
378
489
186
357
789
1680
378
171
912
195
342
390
462
1281
210
180
1554
309
744
189
510
927
633
777
183
666
2064
1470
192
1578
1176
675
495
834
291
321
396
408
387
684
192
1164
1455
741
195
282
558
429
675
342
315
720
1209
285
690
774
447
186
3051
204
501
339
768
897
840
612
1020
177
714
501
666
2823
621
2043
357
282
1269
2670
615
2031
303
669
465
1683
192
279
213
264
1647
1281
1125
1170
1179
204
1257
474
183
429
171
189
888
570
1950
174
195
798
2178
762
753
186
384
375
273
183
597
189
303
195
930
183
1086
186
402
543
1665
864
1089
1005
309
426
1329
414
582
216
261
1194
2511
435
204
180
1866
201
810
180
186
510
189
48534
1113
675
423
546
2376
303
279
387
2364
459
294
870
189
282
480
555
1182
390
186
477
771
516
579
825
393
366
621
711
588
522
189
543
186
1002
186
174
390
204
1731
201
189
195
1017
453
468
1224
189
1899
942
219
885
777
213
306
606
1173
183
3669
546
849
531
399
174
288
204
186
501
795
387
801
192
192
2238
1410
603
282
1137
576
204
186
441
2364
576
291
570
372
201
1752
558
678
186
624
960
1335
447
300
354
186
342
207
201
306
243
879
405
777
1119
606
537
609
279
498
384
819
168
993
1524
840
204
282
477
183
180
858
288
264
714
417
198
549
660
285
612
210
594
348
660
780
1575
405
561
996
1272
204
738
480
915
2037
300
990
753
1092
2370
453
771
1737
888
1263
1221
177
609
1494
1320
111672
198
303
420
918
195
576
192
171
315
177
852
936
930
1992
2076
276
987
285
462
1743
396
756
186
1263
954
192
735
1326
168
600
939
183
768
303
198
1779
1260
732
648
207
186
828
471
807
420
189
201
291
1128
684
702
180
1794
1140
192
732
180
1086
267
441
903
393
849
519
3204
600
594
183
675
912
189
186
177
2934
597
423
198
201
390
219
1335
1149
834
1092
2064
984
19659
1743
64818
312
279
285
942
2292
6684522
109620
273
558
381
636
276
297
74553
834
198
315
756
417
1665
282
1206
261
1215
264
741
432
1344
789
128430
558
666
441
495
1587
294
1797
29106
291
726
1743
222
750
291
522
12978
948
3672
738
303
558
690
384
669
861
477
660
273
396
342
1770
873
2850
255
1236
513
438
567
2037
1098819
516
1779
696
360
360
1086
180
204
438
189
279
291
198
1149
1551
33624
300
1182
1269
1239
495
438
930
1436133
720
480
1425
690
1263
837
366
6207
768
1440
735
528
2196
783
2682
19659
432
669
1008
258
1335
1488
588
13926
840
717
276
411
588
441
207
137151
3666
549
267
366
207
567
876
162852
384
3054
546
378
1149
654
498
712002
600
1224
264
840
630
186
348
337344
1461
2199
672
1014
669
276
960
39306
606
792
429
1392
1005
450
1149
5466
561
1182
408
342
528
264
846
436287
441
825
555
609
750
624
471
591
1446
393
294
1746
1671
1422
267
510
1230
900
795
738
306
435
2007
1653
399
723
2070
1227
657
294
1329
437871
384
969
558
993
393
198
369
897
378
1275
291
1437
1383
2229
462
195108
303
369
510
1008
873
672
1647
402
1209
750
1308
1869
669
696
975
37641
930
1467
1503
210
279
549
1278
948
264
408
2391
2076
558
618
1044
558
387
534
567
1092
666
309
624
85335
1014
948
276
534
555
417
195
288
414
837
468
276
2628
654
615
630
666
2934
411
1680
1893
1215
357
813
1467
504
1338
576
585
432
1197
30876
1077
2712
189
1884
2127
432
1062
1920
393
306
1140
528
195
369
1098
333
312
978
1536
198
693
1764
579
522
684
465
363
492
1140
381
831
179406
777
693
597
1149
441
441
795
155520
705
405
279
492
702
714
1149
96324
312
423
282
492
1269
312
216
20757
2325
603
546
891
1341
564
285
218823
1305
291
960
984
1302
1770
303
63120
825
291
1077
441
813
1569
354
306573
501
672
1257
1143
624
969
681
196365
912
291
2124
1245
507
789
450
74187
291
390
183
660
306
186
420
396
693
714
288
1140
192
891
378
157206
591
915
339
3216
756
660
933
313671
441
420
561
483
471
513
357
102999
570
1353
282
876
384
612
375
139209
1620
651
879
498
294
486
450
378
828
621
1317
1143
711
723
270
19119
501
1644
372
498
606
960
789
1334031
657
780
429
288
1782
180
462
7076745
417
447
582
378
906
1101
459
3045345
642
705
429
630
210
2061
390
828909
579
858
1539
408
810
465
294
21927
186
666
210
603
816
657
480
56757
687
303
690
504
1194
312
309
134670
825
285
1119
846
1281
828
399
5294670
312
714
597
480
369
282
717
1374873
468
1089
1962
594
447
648
441
6000666
990
1671
447
1275
3165
495
726
7527
669
921
291
390
564
1590
183
263091
186
558
729
354
2508
639
372
1482981
201
1167
291
420
606
303
183
1014885
729
177
1431
564
669
177
309
2496012
807
735
1761
564
1287
2853
594
53124
390
183
738
729
924
480
630
39993
216
315
597
336
723
1602
693
3283824
471
903
303
1134
642
1386
987
509754
1500
2847
480
987
204
1227
660
1875123
1086
873
678
564
942
345
351
576
687
177
591
561
1281
729
927
10758
708
288
354
390
354
990
1260
3076344
381
459
2037
357
660
555
435
576
411
906
714
420
423
744
972
933
783
348
1014
402
264
624
660
555
801
822
639
648
459
270
195
648
639
1803
276
1113
672
678
276
1053
702
1155
1404
192
603
999
441
714
279
906
462
1419
927
1131
375
354
516
396
381
291
1590
900
843
438
351
1710
909
198
957
978
1359
264
744
1539
717
1650
855
2025
864
297
1476
372
495
279
492
1401
468
534
981
531
291
285
438
834
702
1356
471
201
1494
663
1110
255
213
648
1056
510
1521
759
519
423
222
1092
564
876
351
204
489
447
198
423
2232
2100
1368
606
618
996
426
1578
582
291
459
1179
276
354
603
711
1200
660
267
357
1080
828
549
687
300
939
1407
861
1065
633
1752
366
1701
450
2124
363
2736
1668
405
378
636
432
1050
1371
399
1344
348
303
288
366
375
1236
447
714
555
312
474
714
492
1137
582
279
606
585
831
375
474
936
864
831
573
411
951
285
297
414
309
366
396
372
285
408
858
381
405
429
777
294
351
423
285
453
195
1632
1419
180
657
1440
399
366
522
1254
843
555
1362
474
525
510
1569
642
807
15588
285
822
546
309
252
657
1350
834
633
951
576
384
1092
279
549
19368
210
1320
2253
429
297
285
276
1839510
957303
1881
531
591
672
363
1038
459
735
567
288
1500
1017
291
1356
2176362
1245
402
855
1404
2919
312
198
600
1191
648
1077
1083
1464
459
690
1572
378
2091
966
573
1005
912
681
2817
444
369
3456
648
402
1377
1380
966
822
750
552
621
1743
435
432
1326
1407
831
921
372
1416
279
606
675
366
378
363
2184
522
990
1071
288
612
306
402
678
450
1227
537
672
1197
384
1305
606
828
585
312
1255602
288
399
612
2124
753
807
2682
444
489
579
1269
1311
1143
1809
369
936
582
390
378
1599
837
975
393
576
702
501
1020
546
630
1113
660
3156573
64239
516
702
306
279
702
363
1091703
738
291
1665
429
708
630
975
138315
288
107382
177
708
303
747
297
228819
948
192
303
540
177
288
207
47904
186
303
879
927
363
561
174
14031
672
201
546
567
1215
204
606
109650
288
168
1290
498
1122
672
294
89508
687
492
2238
666
294
405
708
245706
294
627
519
933
516
675
174
456
1173
201
327
1587
468
588
855
19512
267
708
204
183
1659
303
183
248667
1833
189
462
171
291
702
828
278967
279
1161
432
798
1821
834
900
92952
513
726
453
1521
342
1395
177
151752
2754
570
294
900
294
180
192
60678
2616
327
216
270
198
1176
204
20370
1002
702
549
204
501
726
822
1291458
1194
474
1791
999
180
174
684
1200
1245
708
498
564
441
198
498
720
588
189
678
762
171
189
333
1071
303
486
552
180
609
189
297
285
870
651
180
915
291
279
189
177
291
747
669
699
1116
483
282
933
195
603
1083
498
372
450
180
252
273
387
819
402
951
1017
195
279
744
1980
180
192
177
285
483
8014107
186
375
1641
303
357
1227
291
225
2124
249
840
261
828
297
294
1830960
291
420
216
942
1002
360
582
318
534
981
462
171
189
627
207
195
177
600
189
1620
1581
1710
642
82767
177
195
300
675
549
1860
297
831531
522
600
2232
168
882
420
564
555
291
510
306
1038
711
282
192
85095
288
1347
555
381
1527
288
441
279
297
1035
1218
414
879
177
1743
483
651
1086
291
387
756
348
426
333
1551
1290
282
801
822
192
2676
612
183
285
429
504
201
270
777
5285142
618
651
258
1113
780
450
411
7744491
405
2361
1338
291
1230
645
192
1086681
822
588
189
537
297
756
180
519
264
1425
177
189
180
690
192
142113
180
948
1122
567
216
285
516
128814
1071
594
171
516
300
513
363
198
555
996
1167
486
210
180
987
285
1428
477
660
1362
177
282
1674
35619
1536
174
2793
1239
666
1170
933
918
525
180
636
192
555
1851
174
513
663
669
1368
177
2061
276
1458
177
393
291
327
195
969
429
894
390
378
672
792
423
1779
462
897
357
198
192
267
270
3777
363
666
771
183
1623
276
921
1155
1209
510
246
828
390
1200
192
645
789
186
210
552
405
705
552
462
642
294
183
669
285
2544
279
1086
210
204
399
474
273
749424
897
507
804
642
50055
174
609
1365
777
186
1065
942
31449
213
2172
183
783
306
195
189
1188036
297
396
288
1431
201
375
786
1035
324
285
522
204
711
273
858
28686
288
198
363
366
864
438
180
114207
174
759
963
189
306
741
168
6669228
723
408
438
393
459
198
2265
435
210
195
1482
231
312
987
306
59856
873
807
825
201
204
378
393
140781
282
543
825
714
180
363
381
229128
591
297
1377
762
387
1302
621
455148
201
861
786
1116
189
1032
189
174507
912
2679
897
258
186
519
966
17634
1485
1587
189
1521
279
1521
201
306822
411
672
510
195
732
564
204
195
666
1113
180
336
1245
618
684
78111
591
288
189
1131
507
681
594
34134
180
855
384
192
306
627
183
175467
606
381
2274
456
1095
177
1533
61428
537
1008
363
204
516
309
198
5118
285
192
498
192
2376
960
1839
96219
801
798
1899
276
279
423
804
48531
174
459
1503
1098
729
171
444
180651
1521
1911
1011
285
837
198
483
408
1161
507
1563
189
396
279
1023
279
1002
186
537
192
1344
453
177
516
279
432
690
498
291
462
675
1473
576
426
285
1503
192
429
522
192
966
297
2445
294
2838
369
468
432
1446
201
390
300
1308
546
438
2058
1878
534
192
357
534
294
630
303
171
270
411
684
378
705
1116
241878
279
393
294
1131
177
387
531
984
348
174
1671
411
2298
186
1332
171630
207
1839
174
627
510
183
474
1233
279
585
177
510
1104
618
852
297
789
291
360
2250
300
447
555
35007
183
1602
1317
369
375
447
207
171456
390
1308
183
300
1017
750
1536
1005
177
471
177
363
735
192
702
273
201
1128
744
282
306
471
174
822
282
201
1389
837
183
465
189
702
198
1086
636
270
204
330
2010
897
1173
186
522
186
183
504
912
753
189
555
297
264
309
204
207
295188
174
279
303
177
189
288
363
151905
1431
741
534
486
837
204
639
98073
390
204
1881
2160
1710
303
390
186
1932
489
597
330
273
276
897
314187
369
390
201
189
756
543
174
134466
285
612
870
306
1269
174
585
2235
1005
2043
1398
192
312
282
1635
438
2070
303
705
282
180
435
315
180
1176
543
177
558
354
1260
546
60690
525
612
2718
279
561
798
648
198
939
195
189
603
2190
186
186
207
270
174
435
357
645
1944
867
212205
204
2862
306
285
738
633
174
549339
201
309
297
192
1164
519
192
212952
795
168
186
645
186
426
999
4143
279
1272
294
735
195
792
666
180
549
201
195
177
666
1194
2322
215256
183
627
951
558
171
309
1422
282
348
1431
453
1896
177
435
792
47424
180
1422
552
780
681
912
186
111645
531
2367
663
1134
210
507
213
202080
516
180
174
306
390
1254
186
66312
495
207
780
2001
1611
762
555
84126
792
1035
498
471
276
918
879
70203
2124
513
594
180
543
528
294
1542
180
201
423
801
795
471
501
17160
552
312
174
273
1029
192
678
94872
777
117081
675
408
930
282
714
270
474
678
1089
210
567
276
582
912
564
363
573
180
1245
1614
354
6681045
234
438
201
1341
1164
621
426
60771
762
1704
393
1263
300
351
570
10920
669
759
348
504
282
492
1137
93816
654
1545
993
699
405
1341
1341
366
348
2106
735
561
816
2535
1851
1047
1383
189
1038
636
948
1662
582
708
483
366
2193
603
390
384
567
675
648
294
180
543
2286
354
837
151224
738
360
456
276
261
1287
1395
705
465
660
834
366
504
312
933
540
279
594
501
1659
606
1050
933
801
507
462
477
414
735
774
408
2385
1185
369
177
1032
714
186
483
690
648
1038
198
462
519
282
288
432
309
537
465
291
1530
549
2079
219
1380
429
552
558
561
708
819
798
393
834
522
468
1524
1893
687
1896
546
1599
723
198
705
1293
555
1167
186
891
558
963
1149
492
288
303
855
357
372
1422
1278
1062
339
684
723
468
828
645
372
1152
501
574902
1467
750
936
1068
450
1602
1563
171366
348
942
279
765
552
345
3231
47145
789
462
723
453
2220
183
201
66030
1191
1419
300
738
258
525
303
39537
510
2199
195
435
954
654
582
213585
441
375
405
966
462
300
387
222420
1101
645
390
201
2595
546
408
750
294
957
861
276
1692
882
636
36756
1158
384
1479
405
723
2634
1239
383664
702
273
1248
747
192
276
660
669
378
447
729
1944
1098
672
996
177
915
657
813
2277
1155
1434
606
546
540
444
792
438
1200
522
930
669441
1140
387
1185
615
1380
735
1023
708
927
762
1086
1338
660
354
483
1500
921
378
1338
513
399
957
957
207
1533
189
453
2793
1140
2058
1149
72990
1170
642
2469
786
384
747
267
194304
177
732
372
570
1527
297
435
24105
192
471
288
666
288
495
180
543
672
432
375
333
306
303
195
17724
639
1017
777
390
297
2661
792
129651
876
1596
402
387
417
288
906
585
450
2979
402
615
309
1059
1068
15495
735
2403
714
468
1770
369
789
149055
213
792
378
375
387
210
438
420702
357
762
588
1557
423
1356
207
25458
276
558
1269
1044
393
1083
369
426
672
273
1044
876
1527
438
1623
107262
630
342
369
681
465
1059
951
39117
402
666
369
930
219
618
966
495
213
798
198
1566
537
1026
453
419370
384
771
3018
633
801
498
444
807
2211
543
438
426
636
1479
180
1110
372
1938
807
1539
714
504
663
238638
906
2148
546
900
204
993
798
50094
834
195
1110
1383
444
597
285
432306
1860
357
198
1224
435
195
444
238515
489
2289
543
783
372
216
969
436026
267
189
726
417
1725
288
531
59214
1662
1371
519
285
1455
1152
297
192456
2508
1962
1119
204
633
630
207
219567
288
1368
2151
408
1002
1521
549
26856
900
1068
429
666
936
438
384
79983
1038
2148
816
384
360
432
1524
278379
489
342
387
420
426
261
210
59712
1092
2292
441
414
1218
579
795
432
426
1110
1467
360
909
699
1194
402
561
546
225
417
624
2046
1449
186
624
753
804
612
765
606
708
219
2097
420
828
678
1623
849
609
25404
1344
1194
1461
180
270
381
501
1296
1209
312
1596
555
606
1140
342
56436
204
1014
393
1929
909
270
324
876
1464
621
456
1032
564
636
654
606
672
540
285
1539
432
693
825
834
2100
864
624
510
402
1503
573
393
654
393
729
393
507
213
996
1065
222
1641
660
1452
453
1032
603
429
972
447
180
870
1101
1068
762
372
573
714
288
630
1380
489
384
630
1437
528
1830
501
342
303
2118
1149
1428
414
312
183
1560
969
984
177
357
1059
696
438
831
726
1131
7029
744
1083
630
207
786
1002
3243
101454
948
1701
1086
540
192
366
267
56862
336
390
354
309
465
198
180
420
1044
216
390
552
996
384
198
69204
447
198
1824
993
939
1320
1908
127518
792
2286
1347
1023
450
1311
666
1270380
573
1590
300
1947
501
252
1425
1437
1146
390
444
813
279
864
627
7027056
276
420
303
210
222
270
507
245136
279
777
492
795
1989
474
1200
219
933
816
198
564
1323
876
300
288
309
1239
693
798
783
690
210
672
435
285
3435
669
543
1338
459
1110108
426
177
435
1113
1773
210
378
528
387
354
1008
1050
717
822
501
2181
780
1014
195
1029
1977
1239
291
270
735
1014
582
474
609
996
921
951060
456
1017
552
429
363
426
1260
1542528
720
924
285
273
1215
2619
846
36954
558
306
2034
177
1362
681
186
630
732
537
204
2376
1911
180
267
111231
432
414
357
2109
522
1086
213
6647433
945
1653
576
402
300
645
807
14943
741
696
1290
1842
351
3891
1728
11853
1371
651
2046
663
600
282
444
201
666
282
468
390
681
501
312
405
264
1581
399
1173
639
1206
672
7063746
537
1065
573
219
1032
465
768
702
1095
282
939
969
570
216
492
646041
180
438
1104
1890
1965
1170
447
306
294
858
468
1215
1827
498
987
2061
462
1845
546
591
471
1149
372
204
474
270
423
780
549
1179
438
756
1098
2040
183
342
711
921
702
1119
738
1302
480
285
1701
2898
375
927
927
381
1893
366
1098
528
1506
1089
543
804
1845
351
858
1236
855
2735400
55290
1260
387
1044
570
693
1254
63006
858
1446
1461
630
282
1920
705
1158747
546
2331
456
963
558
759
540
26253
362595
2895
127077
190833
10857
1062
2493
2172
2268
2364
1944
3288
34914
57702
1542
2145
53625
132696
42057
5970
2346
150192
4437
36285
195099
2295
186084
77841
3687
4599
2535
3135
2715
2997
143304
4320
1074
1164
5199
2637
2202
4056
90777
3240
2322
12300
2208993
3432
2506776
3986865
2460
1215735
1707
3474
1839
2064
6009
3051
2577
2658
2316
4038
1554
844923
2589
3090
1491618
5790
2715
4722
244899
22965
2268
3165
20262
2163
6664137
3216
5613816
3378
2565
1605
332004
2706
354534
1848
1465515
10389741
1539
815976
1659
3024
3828
6320385
71304
2844
918
4776
3210
2280
2823
2490
36768
4844571
1686
1737
3240
1434
1488
3798279
1881
317775
1044
1040604
1922058
2043
5905935
3331926
3102
26526
4071
2634
6428181
792
2262378
2784
3012
3498
3657
4566
1210314
2799
22299
1560
2202927
2214
3315
3699
1665
47097
1434
3435
1471758
900759
97272
2706
2050536
2004
2850
3801
1632
1491
2217
3276
19821
2880
1146
2589
1686
3999
1941
3792
3246
1911
203394
2208
2664
3510
17112
2085
1233
4101
1665
7347
1653
1548
1159629
5124858
4176
2312520
1465257
4551
5649825
26379
1605
3834
2244
4577277
844281
2064
2511
49221
474798
1425
2405088
2097
2856
1449
2340
4080
1653
1332
42504
3831
2025
3333
1572
1470
14841
1992
3255633
790254
2442
4423677
2106024
3553263
981
390000
3459
2118
2553
1012386
3498
139419
6429
1318047
1746
2103
8586
2889
1323
1695
2811
1177629
1791
1188774
2139
58740
2007
1113909
1140
3807
771354
1111908
1434
6296412
2496
1801713
4353
85512
4470435
29568
9993
2667
2592
2526
1788
873
1311
1065540
57660
3210
2571
1683
2796
1416
2304
5391
18588
3006
1272
2064
2127
737049
3435
2123886
1629627
3075
2553
1129974
3588
1164207
2409
1866
1104030
2712
2301
7623
8094
3603
1731
2213040
1101
13077
663816
3084
1959
1641
1699689
5304
1194
3417
2157
3267
2334
3846
1542
2436
26571
1177581
109053
2658
3294
1207074
1794
4683
2493
1146699
3762
3147
2859
810750
2139
2706
354
1788
1298412
1368
2316
993201
4320
3810
2970
882
37251
6069
1561098
3873
3465
2127
2847
2568
19413
2016
17130
2256
5664
62742
2766
2610
2211
832005
2697
55464
1368
2679
5628
7599
2358
2025
2946
3048
20916
1977
260541
2178
2256
3945
981684
4533
2601
1081701
2838
2553
3234
2310
38448
2718
1118517
2121
4608
1569
4209
1851
100800
4044
24267
3498
5799
2871
801
1725
3024
3350193
1863
1230
3087
2688
4496373
134022
2958
5403
3951
35721
3903297
4428
46053
1260
3063
5841
31311
2928
8400828
48003
3645
6564
84516
2382
2412
1731
183555
3249
178569
5436
67989
2700
4842
2607
1896
15714
1791
58560
268773
21885
154692
3699
1995
272022
3276
1740
2601
1305
1863
4698
170475
1425
2229
3531
2250
4113
292728
3054
1977
1767
18606
136227
2742
3324
2901
2661
3072
223368
3714
229149
2823
2937
1647
1733562
2853
5652
4776
177180
3537
252717
168744
1626
3405
2817
1536
2760
2862
2088
502920
2616
1437
24591
2724
75990
6531
2883
1701
2052
2517
221244
2289
1665
3963
2274
3531
3117
4665
1722
2598
22212
250794
3111
60825
4962
1941
133479
1359
2397
2118
3597
726
101466
41277
3933
1629
213069
88734
195153
2757
22689
2178
1776
1200
194211
295770
26865
184110
3147
1965
1485
2595
2493
4131
3333
2673
2433
726933
3609
2466
3462
24846
6645
4875
3663
202056
1344
124182
651402
52224
4302
3855
1680
3405
2337
1728
2391
2307
227988
2376
5460
37530
2187
3381264
3314994
5196
43020
5535
2091
19431
1147866
2580
4389
4890
3174
5064
7538115
402375
828402
1843296
2127
2982
4345137
1908
2736
2052
3697272
1245894
4489728
1362846
1419
1227
2253
1701
1813653
2043279
41604
1989
83241
1767
2373
3216
2307
3694686
3774
2826
2502
2235
1566
2421867
4178238
978
1665
1452708
2325
4071
3777
1542
1486617
366585
351741
1557
1400280
3036
2835
2169
90096
2256
44349
2322
3054015
834
2913
2196
4812
1399173
3588
7658631
1680
289758
3102
1440
6738693
289593
1311
2100
1998
750606
44073
1345074
1560060
76050
5640162
2016
2880
1602
2766
670212
1908
2274
395760
1346646
4093248
3225
2406
1943400
5373
3759
2046
2085
204132
762873
1112661
1044729
2247
66747
1560
2916
5571
20901
2007
529920
2064
6528870
3063
1608
1509
2523
3489
18531
2913
4059
1917
4173
44463
3411
10611
3396
2190
2694
11004
3096
4302045
8848203
2454
1551
1743
2877
4947
3066
2445
11589
2304555
1125
4218
1251
164892
3567
133089
2192973
2124
2967
3303
693
6717924
1155
43191
857049
1410
2752038
74553
3930
2365359
2673
3276
2430
1632
2283
2245134
2406
2847
7099932
3720
4701
2556
889548
1701
2847
15879
1803
1854
4266
957
3033
5592
4713
3732
4863
463941
8493
301620
3171
3006
2994
4197
2823
862524
602988
1905
4712748
2250
2481
3213
35712
3960
3873
3681
4094823
17922
4059
4020
1575
2163
6774
3546
2088
1278687
2892
2850
4575
15210
2328
2142
2097
5029155
454047
2148
2352
40119
1962
3948
2385
2706
6391806
3180
1431522
5196234
2496336
1710
1108695
130293
2524866
1734
4839
2532
3634869
3475515
5070
1896
207
5340
3585
4417371
1378209
1719
32841
18888
4208034
1587
2136
3177399
2070
4044
761886
7452
1011
2730
1788
1410
16512
3366
1443
1362
2187
1800
3185295
5175
365241
5181
3559809
5328
618531
1866
1480455
1227
2586
4128
4659309
1786362
1782
1707
5322
3265626
1806
2652027
2354565
2634
1074087
4833
6210
846426
3477141
2463
1509
2019
3162
1926
269313
281910
2292
2097
2106
3338631
6029232
1689
1890
3867
1764
21723
2294163
1601226
2022
1099272
3822591
741462
82485
3690
915327
2649
330540
4092
40326
62694
2805
4662
4872
2463
2652
2937
1038
72570
2601
2679
2139
6586452
1482
3957
2433
3234
861888
3051
1707
2205
3111
1599
2715
2274
4347
85623
71613
1164
2217
63636
2358
3354
2280
111948
2613
1875
17991
2031
2628
3615
2187
151068
2958
1767
15963
212877
363120
1521
1332
2655
4155
2541
126489
1257
502857
3756
57537
2361
3342
1413
4218
1920
4305
1374
1512
91563
4542
2016
1683
4275
3768
2262
206028
313278
4011
3201
1284
3441
2145
1812
834
27804
6264
1455
1158
396012
32769
2535
4608
634365
2826
99318
21567
852
2112
1110
20052
2637
2235
117360
1944
398154
298590
354153
2382
26082
398457
1392
1959
32811
1710
2148
2196
1989
53868
75759
3741
2514
2811
1653
1541823
376383
2460
2424
3348
4254264
265224
4011
3849
1602
22515
80175
266061
2226
1965
2931
554472
79392
2829
793761
1434
2889
1548
20466
3442842
1749
2917005
2775
2513838
255930
1092387
3615
2454
2799
786
109671
1156680
6309
107718
2745
4466163
56307
9741
9918
3906
475005
2133
4890
6963504
9127389
3573
3642
1084512
84852
2034
2199
4377
3120
1984488
2199
556944
3285
5353596
6247104
2604
1032435
7518
6885
1980
302940
2229
2304
61668
3330918
2400
804183
1860
3178725
3027
843954
2754
3242451
3393
2445
1187943
3492
3225414
3147
4059
69660
1483194
1665
2832
2205
1057113
2904
4344
4366323
969432
41952
26769
1427244
3885726
2920659
2013
1136451
2604
4944
1557
3129
4233
5061
2700
778344
1440810
2082
2022117
2841
263562
286752
4401
3186
8854185
4767
1542
3726
2514
2131608
258498
5094
2397
3459
444957
2205
3732
2124
1920
2901
1549869
1306008
3543
1688178
1944531
757509
1947
2769
2532
967449
280275
2508
97629
10059
46893
3645
1181772
2499
824178
2970
4743051
2475
5016
4017
2589
94461
26202
50328
2181
3675
4317
3204
13644
160242
1728
3384
561879
4653
1701
1695
2304
3084
4470
3240
2463
3036
2832
6129
366156
3507
116889
1770
1197
1575
303816
34014
2340
1371
2043
3459
3600
3006
2337
267594
84594
333540
3024
3537
90057
2877
271896
2391
4305
37422
2943
3078
3312
2364
85512
181011
1998
3360
2391
122412
120204
2817
1260
3294
1335
2346
2391
2874
390189
2973
2511
2400
1671
1521
1722
2211
537300
171558
3201
4053
4653
137169
2559
5136
1680
4566
3180
207192
323367
3420
2769
2178
5400
2745
3600
1875
4497
1629
39024
2517
2277
4896
451773
2430
25704
31857
2619
182055
2643
2262
106452
4386
3615
660093
50184
4704
2238
2187
18912
2538
23262
26712
2607
84612
1926
4791
4458
40212
2925
222084
2937
3288
2613
169461
2847
12831
2970
2259
1503
3024
190362
3864
2424
5592
246474
3696
4119
52545
4902
1178598
2208
1268934
19419
1398
3285
13359
4065
3042
5550
3198177
5940
6037206
3045
3135
4035
930654
2487
4290
1380
211845
3171
5235042
4542
2460
6995682
1848
3690
3726
2664
1788
327
2187
2178036
2061
2055
29244
2079
2019
4146
3789
3189
26058
1089471
1899
3249
4431
2850
89529
2412
3579
5922
2187
2073
2460
2340
62244
1818
4776
2940
2763
1947
2865
2511
1485
1959
4332
14907
1383
16800
4623
185091
21627
3291
2128227
20517078
2451
2202
1400091
3144
4512
3033
7540680
4365
22215
2208
2529
1929
3861
4257
2616
3666
7766169
3966
3558
1053
16107
2529
4083
1320063
2778
3966
2102478
384
1247421
12540930
5190831
4861161
4254
4503
3888
6504234
923007
3615
2094
3117
1875
1719
3477
4203
5368983
2244174
1692
1941
1713
1140
3465
1283340
2088
6381108
4332
2226
1188
1374
2263509
35046
2130
4683
1117449
5103
5376
16098
2670
32493
2271
2187885
1074
65307
3276
1974
1617
4074
2655
2463
2679
3021
3330
137478
2601
2466
1435413
5151
831729
2073
2961
2505
4125
2319
3339
33393
2030064
3024
189000
2445
3711
77724
2427
4281
3261
2283
1229121
4326
3201
3456
2016
20040
2751
2985
5085090
3063
1458336
2109
2287611
33906
3295725
3381
69348
2277195
2270883
3519
2085
2109
4068
87117
2922
5373
4008
6831
2844
3033
3062391
2298
1959
2637
20298
4431
3615
2532
3669
3180
62343
2880
3804
354693
3420
5148
59832
1522428
760047
2358
156135
3273
1074087
13358385
2595
2193
1845
68388
2667
1734
31734
1314
3195
3708
3396
2310
1071432
3174
5925
1324701
1659
54990
3550983
2979
3135
4971
4101
779109
1073658
3153
3267
37155
4020
4380849
1901115
16365
633624
3357
5190
2295
3069129
2133
2751
3462
2475
380856
2859
2232771
2637
22785
2598
65433
3528
2796
1722
8721159
3699
1965
1890
317019
960129
1406634
2350848
3042
71484
1224546
2940
1091319
3768
49593
3471
2370
3042
2460
2997
1161846
789597
2001
3528
2934
2847
1107105
593964
4473
2248827
3837
42444
953190
2214
3672
1887
3615
3264
1221
3660
27285
1327200
2622
5789130
435069
3858
399501
4350
2985
4884
3691221
3378
2310
2643
4111821
3279
1904502
5688
2187
6618855
79917
3288
49287
5001
4386
227310
1254
2163
42072
6819
96408
462999
2616
2106
1503
25410
174840
3231
181062
2385
3117
17976
45156
2166
97626
3855
115125
4098
578700
3837
21795
1935
95574
4086
2481
2469
22053
372201
130725
151746
1257
24669
1920
3162
3699
2814
3171
184353
1821
4413
5118
2862
57150
2376
13506
4047
2913
3495
3873
2595
148614
2919
2472
4569
46872
46956
393447
1848
1695
3024
3519
2379
738225
1959
38883
88905
3888
2952
4263
275772
2517
2643
200871
4224
115902
71910
2580
2061
4272
62205
41166
4995
3948
3468
3093
80559
3168
4470
80691
1953
1828581
608976
155457
1515
3303
112782
1464
144069
2904
1629
1206
4005
23646
3864
528090
4922349
31761
2156613
4902
1582953
7238025
2535
2292
316416
2617536
3405
1911
69468
2679
6590910
2778
4623
3066
969
4305
117741
2427
3453
1698
5763
4104
34299
3579
5277
3270
1108845
3276
2067
2511
1512
2076
1203954
2028
94932
2241
1214247
7149
3885
3374457
2901
2826
138768
5018364
2505
3096
3240723
3084
443235
2937
2823
2400
3630915
177660
6639
2475
2133
5457
658248
1953
19908
3003
2197215
4488
27021
2079
3975
2475
5982
2900772
4407
2787
2265
3738
2391
343332
2364
1977
1772406
2067
3627237
3825
2346978
2028
4653
62058
2040
2511
7770
1389
21252
7674057
6042
833739
453006
9384
3093
2172
3099
2874
1195080
2319
839847
1089174
4590
1887
2192661
2670
2850
2811
5697
2220
2955
5706
873402
2574
1337727
2256
257388
267909
1402197
2355
4941
5106108
1229889
187275
3003
293082
2328
3309
696036
2427
340722
3090666
2811
1230
5802
1163043
1080
2358
3618
4212
4971
3168
5376
5346
3876624
12282
3435
29232
4440
3155928
4752
1530
654393
6252
3249
1888719
170436
288171
3408
759555
3873
99270
3648
5040
3081
1260
3684
2226
2850
1590
2007
140370
24240
1608
2529
2691
4304355
4050
2285661
282966
3858
3279543
3171
5859
1416
1023
2991
2898
14484
2196
2969973
2970
2168103
2103
1875
3378
2538
29805
2412
6399
4035
5351049
3214650
4707
1146
715830
3816
6132
2802
2049
5700
258
3588
2115
8484
2166
3588006
2661
5205
9744
2283
1344
2595
1827
1761
1458
5913
5613
2337
1863
2415
3357
1854
7218
1905
2697
2411130
1143174
2505
2151
25125
1035498
3015
2340
603669
