7:0:0:0:0:0:0:0:0:0:0:0:0:0:0:0: (total 3)
0 1 2 
cpu 3 cur 3
Thread 0 going to cpu 0
STARTING...
Thread 1 going to cpu 1
going to barrier (cpu 1)
going to barrier (cpu 0)
Thread 2 going to cpu 2
going to barrier (cpu 2)
STOPPING...
Duration      : 10000 (ms)
Acquisitions  : 29203823
1935
261
5988
2589
264
264
1245
4347
15003
927
4140
15345
759
258
726
4872
264
258
267
261
264
156
438
2019
1863
3243
324
264
204
174
8160
267
6234
621
255
16257
309
162
249
198
1929
198
486
597
258
7779
171
7716
612
681
177
189
4812
264
174
174
2412
417
186
2094
180
414
1671
342
261
267
261
258
195
267
189
195
24798
162
240
486
192
165
2247
198
1800
306
201
165
339
261
156
192
249
2997
534
171
264
264
261
2085
4113
597
153
177
195
1140
312
213
264
600
900
267
2949
327
2238
258
249
567
249
252
324
6117
324
444
4578
192
681
3333
1668
7830
186
1938
5208
171
339
261
156
627
387
246
159
246
390
4929
399
246
498
204
1272
273
171
261
243
354
1257
1827
6144
10203
468
498
4149
4140
237
246
11067
327
1857
8478
2187
168
249
411
156
168
246
249
162
249
1122
261
207
705
444
264
498
474
174
2187
168
261
207
159
261
1107
246
198
258
7494
4719
237
150
7542
7551
1710
402
447
168
195
393
243
1413
258
561
273
249
258
3915
249
2040
246
342
345
1611
507
174
309
189
246
246
5835
942
261
2016
156
6432
3726
2460
258
4935
486
327
10125
255
519
201
246
162
2673
270
327
1716
1755
201
5490
156
246
261
243
5097
153
1779
189
264
312
570
21264
327
246
264
159
258
156
19293
156
1251
2097
1065
621
2745
4479
531
156
201
5022
6081
750
246
1332
1914
153
747
954
10494
2739
309
10470
3042
1044
489
5871
246
702
10101
2520
429
381
396
16692
9402
8223
339
630
903
327
480
465
942
3909
1104
624
5907
3297
1041
2370
273
4185
597
600
720
2481
186
744
8376
1518
1461
309
9426
7743
2322
9333
3336
1905
2958
621
1623
6801
189
3660
282
3819
1848
2931
309
2181
2841
4704
339
336
171
1041
8676
450
4068
2820
1986
2760
195
345
2793
597
903
555
462
459
483
5505
198
5802
345
5133
261
693
201
750
540
3243
489
477
2535
255
510
828
1875
255
2847
306
540
4266
816
159
1842
5631
13848
2952
162
2223
444
3609
258
4653
411
489
540
186
600
1188
480
2331
255
1215
348
1395
348
258
189
2619
2829
8451
981
846
2820
7287
2424
1329
2016
4557
2694
2265
2943
5601
1494
444
7386
459
777
633
1455
492
201
8667
6537
831
3372
1593
342
756
252
5094
1374
2370
6828
684
756
492
711
6777
3369
1857
1695
2967
792
249
4356
5625
8157
309
2667
345
201
1473
2838
1617
1413
5160
198
7530
447
198
3405
1791
258
492
1020
1710
4074
612
468
303
459
1929
438
192
444
195
5007
192
4035
2034
492
198
3399
1770
2379
9624
339
2553
171
171
1317
5319
351
3912
4914
4785
678
477
1419
10617
687
3060
6879
2427
5103
1098
495
8646
768
1194
3957
384
3237
1989
3816
2829
492
621
1632
447
201
1518
8694
168
3642
10410
2373
2295
14781
696
2439
726
762
2298
255
615
471
615
168
315
1875
2766
201
471
486
483
2487
1614
441
195
4734
198
1188
1323
312
2685
1785
894
1980
174
1668
168
345
528
870
4308
201
264
1257
8514
930
1539
168
486
5643
3945
999
549
5703
252
4911
549
303
1623
3840
168
669
162
1620
990
195
1812
417
3555
315
1797
1944
4923
255
198
591
621
1983
1695
201
1800
492
471
546
171
2235
267
16110
4869
4239
645
192
6327
333
4872
2685
5994
1989
2229
2778
2502
8151
396
168
201
459
201
348
1428
2325
198
4395
1620
261
5448
5322
1344
837
5382
6312
303
3171
5832
195
255
8793
2190
333
2106
1875
495
2445
333
7734
615
522
168
2241
246
618
1521
477
183
4371
3276
10374
6702
4206
2871
10479
2778
5496
1263
6159
2034
3207
1842
4323
393
1422
303
3906
1641
4428
4263
4758
2316
462
4356
1548
198
1701
768
9234
2862
1683
2826
201
591
210
489
1464
1353
8184
8115
5916
1113
1758
255
1002
1707
1728
9321
2526
999
4335
855
663
2538
597
1575
4074
5529
2454
336
2031
261
7038
2574
3954
396
1635
624
10389
204
6858
11853
192
606
2928
3516
1827
4365
6000
741
3888
618
3303
756
2343
441
2949
3099
204
624
717
174
195
3678
198
2829
198
324
4518
2661
2349
13437
1113
558
2220
5619
195
3297
10692
615
1518
1491
681
2331
756
492
555
189
3498
4620
465
5463
201
1305
828
6954
933
3804
3831
477
489
3639
402
1593
1647
2892
7695
2397
345
618
255
6246
3945
2064
3681
3861
621
5853
4983
1827
5925
171
300
3090
474
384
3066
3771
4332
1611
3597
876
333
255
3444
603
192
3987
5667
14157
1935
990
900
9207
258
5070
201
1686
3132
477
1473
9084
255
2364
162
10419
4425
1053
5730
195
3564
255
312
3159
465
255
1404
759
1227
8133
3042
312
201
2079
201
1380
1377
171
2175
1053
1548
7266
315
1086
315
4431
168
4407
822
192
255
309
1359
165
1773
336
1452
7974
195
8988
903
3309
1431
2961
1254
2424
981
3603
627
486
564
1467
2745
345
831
3756
3732
4254
5607
2253
1125
9591
258
195
600
255
2175
2565
471
252
7395
516
483
465
2790
444
10356
2013
9906
2625
201
10596
2001
1104
3993
498
261
10161
1593
315
492
3834
306
531
10824
546
5412
327
3621
3528
453
252
7194
1695
195
5466
195
708
5442
38205
9747
1611
483
5541
261
10584
177
1590
174
312
336
498
195
174
168
7764
597
168
474
270
402
177
480
561
645
579
528
258
1887
5337
330
768
255
3489
342
195
213
324
165
312
246
192
186
381
189
3126
1692
846
180
309
261
11091
2682
1191
165
4155
312
8490
612
207
768
192
309
309
183
4794
1482
204
168
2892
195
162
504
318
267
3273
252
162
1452
327
312
186
312
174
1773
189
1329
303
162
8130
321
630
189
267
6261
2460
2073
492
1281
489
8835
1122
204
4893
195
186
207
309
309
162
3147
333
162
204
255
312
2541
711
288
252
207
261
165
252
174
174
183
1182
696
165
246
5157
249
1092
4488
189
312
201
2649
12312
1917
198
738
1869
267
267
7386
4551
168
192
207
2382
264
333
174
1599
1590
327
312
207
1020
3774
246
309
411
1257
2904
321
246
3543
468
315
252
1830
384
186
2439
408
3207
6408
312
2826
726
414
168
360
330
183
189
5724
186
249
312
204
207
402
174
159
246
198
246
9429
186
192
3492
546
3408
1296
4284
34389
1695
525
906
330
246
252
3705
162
5625
318
717
312
459
201
561
4512
315
1200
2139
969
486
8985
2682
5907
378
240
3981
3021
1131
1209
5973
1209
3777
8883
672
2277
9705
585
171
261
264
1242
246
582
5643
186
12984
699
2691
774
606
180
1296
243
1959
903
4677
3654
720
186
5931
924
1266
480
480
693
1743
1437
483
3765
3225
3831
7923
4005
336
183
261
198
174
1818
2709
531
2211
168
5184
4899
192
306
3045
768
8850
1089
2745
3963
723
558
1038
1026
183
1428
159
528
7059
180
10428
198
2667
180
249
186
183
201
2478
846
480
1092
951
3177
486
789
486
2724
699
14502
528
1854
528
1422
1275
825
4386
762
468
618
393
2448
5133
4827
3114
7458
258
186
636
183
261
11889
8322
255
165
897
174
5745
1461
501
1068
609
174
546
537
195
171
3399
198
2718
2553
1041
5742
1587
189
921
1614
189
540
243
1458
825
315
4035
201
171
1809
2073
4275
1440
408
2367
606
3909
399
1836
654
543
2658
2979
2670
330
1554
531
1596
690
1158
4983
1383
186
1050
2205
2931
1137
1251
3675
1461
5748
633
351
618
183
1650
306
1398
531
321
195
1482
702
492
486
693
3543
942
318
816
5553
1287
1977
2520
3072
489
198
201
318
2340
1638
1056
279
195
201
330
477
5061
4512
3255
429
183
7323
993
5364
5034
537
2268
495
1089
1497
984
3186
486
1968
1320
2853
1074
339
414
402
9975
1173
843
258
180
1449
3210
612
291
5040
3807
261
243
477
2667
5256
1431
909
1569
4890
609
3612
525
1470
258
1134
762
5265
255
7200
6927
270
3252
1725
417
1044
543
840
5340
330
810
645
2106
330
6675
2856
606
180
1287
2727
750
627
1773
3360
5940
936
540
387
1371
2889
483
2691
2397
207
2913
2631
2805
684
1128
1230
261
3675
261
243
2130
261
300
993
2067
1749
3996
1635
1920
2319
3429
780
774
729
540
2583
3471
195
183
2940
186
1338
1362
201
324
165
3021
2076
1608
882
2232
1764
1170
1083
180
4887
339
309
198
261
198
1203
189
183
522
192
1029
249
1986
987
2856
633
2859
483
246
702
3567
195
537
273
4734
192
183
768
1122
186
2202
258
2355
1431
822
3366
177
2691
345
189
402
1482
855
1959
999
4158
2988
3966
1416
843
921
9414
321
4437
195
2190
4041
2853
201
192
795
3510
3996
195
399
993
261
2100
276
2391
600
762
333
165
543
9453
252
675
1131
189
2232
498
2940
2076
4335
2721
1557
6237
873
2250
3717
345
474
678
483
2088
1308
2010
4644
6087
2424
849
2886
180
4749
195
384
2571
258
186
2322
483
4092
1086
327
195
1002
699
1545
8772
699
483
3456
1149
2115
558
6111
3576
2844
6012
9963
264
846
2943
3168
183
525
3705
3822
279
186
2838
828
1845
4125
189
2067
2553
873
1881
4245
4026
1029
747
252
768
396
4452
765
5031
180
180
2490
1623
402
636
645
462
165
177
168
1407
324
1176
531
2247
198
159
4347
261
918
198
1101
1548
468
5241
1935
480
195
837
8409
195
1086
2181
747
258
165
4029
597
330
2172
252
1494
183
2526
264
651
1266
462
1254
3936
1560
1623
6924
486
342
318
486
492
342
498
852
873
492
3744
453
1398
306
8001
864
999
837
2565
810
7221
4038
180
1083
180
1320
165
7470
198
534
324
4482
2901
1518
1239
2967
891
879
318
318
2232
2004
258
660
1419
4026
177
483
822
336
3375
492
1044
2052
483
198
327
189
5118
2196
1032
5532
3645
6162
468
1677
534
258
186
708
459
4209
336
3474
261
195
255
1266
495
861
195
249
180
4536
177
3294
462
1005
3036
1212
4602
762
4152
528
174
771
492
456
1710
198
198
402
915
468
2475
1494
2256
405
195
330
186
1842
279
489
5460
255
189
990
195
3825
537
1203
189
192
1836
693
3975
1344
456
1707
618
180
186
624
630
615
732
261
2841
465
462
6012
177
9558
1179
705
414
336
393
399
705
171
399
1695
885
1167
2565
1530
22839
393
312
189
255
567
531
162
246
9708
1266
1248
189
165
186
321
516
261
1527
267
171
168
3375
393
186
1557
4617
390
309
2262
306
333
5778
819
7353
7839
300
174
213
321
189
186
387
186
249
186
174
2571
252
162
186
402
168
162
246
7311
390
192
5931
192
189
201
312
483
5910
165
312
849
321
3426
246
2763
462
3537
1323
198
192
204
8988
312
168
2031
261
309
186
168
408
390
1608
669
189
1383
1188
2250
2088
672
177
4185
174
654
1209
885
4743
1773
177
2355
258
873
1005
174
957
255
2664
252
588
174
177
684
2334
645
168
171
174
255
171
258
2736
183
498
1770
165
4488
168
978
921
168
741
4932
546
7461
162
1872
321
174
189
828
846
165
3624
2724
1458
165
2475
159
255
258
177
489
177
6318
1179
354
1083
744
339
2460
759
690
1239
501
180
252
165
426
1755
579
171
4797
786
675
1143
177
660
174
1176
168
498
840
432
252
657
1455
264
162
177
246
591
255
2418
1068
192
1032
2307
3201
1182
168
177
420
1494
2235
165
2010
183
825
2001
165
183
1395
243
165
1224
1242
168
963
249
3330
2820
189
1143
177
984
342
750
177
549
3885
744
1359
1575
738
906
162
1635
168
177
1224
186
1584
168
1938
249
882
2079
162
171
414
501
186
1767
504
4017
1461
1965
165
735
2490
3390
177
1503
258
735
5196
546
942
2580
2241
327
2835
5019
168
1998
6801
171
888
684
3546
165
660
4947
165
3504
3696
966
159
660
168
1998
657
174
189
3528
174
174
168
4722
579
6345
168
1620
3876
1572
4854
5127
978
168
1728
498
333
177
168
2364
1836
894
2358
2451
2445
171
168
1704
183
255
1653
165
180
660
171
1068
165
165
1173
177
168
174
1500
162
186
174
2781
660
744
168
1119
1512
7863
162
189
5925
414
1005
177
810
174
195
558
2244
1863
192
2160
420
171
162
765
258
1206
5325
1305
726
1461
165
735
753
168
1611
180
1872
186
168
183
255
4428
993
1131
1089
1341
171
180
177
264
495
183
1080
1314
177
183
255
2484
168
1011
1077
339
672
1101
657
171
4128
177
426
1908
186
1161
1371
1620
1209
4878
333
2058
183
330
261
492
264
501
429
4764
3342
2490
918
510
243
1332
414
171
339
1344
435
933
333
171
174
414
759
246
1023
174
915
669
171
351
174
933
180
417
3051
165
252
1140
177
174
174
2796
909
1329
180
345
3195
192
180
570
1707
1635
1086
828
2625
1977
417
654
1152
1179
168
174
342
2064
171
1863
468
4299
186
264
174
168
174
1482
906
327
258
3426
186
978
6381
6018
168
1899
189
171
183
330
3588
891
252
1929
666
1791
2727
3315
672
168
828
1638
180
1977
789
342
468
3237
660
672
933
2106
5076
417
3360
1386
192
726
168
171
666
1713
894
2091
501
585
270
504
813
7824
1221
1629
165
183
177
1746
3102
669
1257
252
177
159
171
174
666
936
174
2328
501
1173
738
489
1854
2787
342
165
186
1185
1176
168
3246
510
168
348
666
345
3303
252
174
192
168
165
897
168
201
168
690
174
2838
990
168
1956
3327
1191
330
1188
675
1203
663
177
327
177
4161
159
258
2565
243
549
423
5748
165
246
969
333
4587
165
168
180
165
2250
906
2913
342
183
900
1650
177
5286
165
246
165
177
345
177
1641
507
177
180
3774
4791
255
168
255
339
177
2904
183
3120
264
174
738
183
663
579
435
351
2280
435
177
10764
1347
333
183
1008
162
1416
171
9258
342
174
171
741
2100
1887
171
2478
165
1491
3291
249
261
159
3765
171
2688
4260
333
174
2565
411
1647
2754
579
1011
192
663
438
486
177
420
2253
8079
1962
552
162
1008
672
1791
546
168
192
252
336
19326
1416
9639
171
258
336
282
777
7785
174
177
174
5106
2523
345
183
192
339
1638
759
177
267
336
678
345
741
333
174
255
681
270
2178
354
30930
765
6972
327
4335
180
180
582
6483
165
171
4596
684
2595
1689
1146
255
255
993
186
165
156
177
162
1893
258
168
2247
345
1236
1884
177
654
165
966
168
159
2133
1743
174
327
168
165
186
2790
177
189
174
171
1029
159
168
507
315
252
915
336
534
249
5076
162
255
501
168
168
252
258
678
168
168
168
168
168
168
168
243
4077
2316
177
510
258
186
180
1965
906
183
942
177
168
171
183
660
423
576
174
339
9888
2040
1473
483
669
501
168
1467
255
180
246
168
2607
156
417
1479
174
822
549
4068
417
3534
189
189
798
162
504
174
1116
171
903
1599
591
573
570
426
165
249
342
543
168
168
687
4149
159
1614
606
1320
189
168
159
1365
255
162
330
666
168
171
1476
330
501
171
171
183
3264
183
177
2481
657
729
162
168
162
165
660
174
246
2289
660
174
177
1461
168
177
177
2373
2367
171
5205
255
2409
174
333
4503
741
168
255
171
171
168
165
414
1698
6366
333
4626
729
2970
4968
552
2823
165
159
168
168
183
1062
165
999
180
183
177
174
2433
531
174
7374
258
585
990
2727
5448
333
1539
1011
1704
693
549
252
504
2616
174
168
1047
174
249
417
162
4119
162
171
168
159
753
168
330
330
171
420
246
1215
171
165
660
1317
171
4419
171
2925
330
255
255
177
10770
165
5565
498
1113
168
1629
498
177
417
168
174
615
177
3528
3759
945
1518
255
411
159
4746
1071
1092
177
258
831
1485
165
1479
471
177
174
2025
912
675
1305
171
474
1647
2364
495
273
168
759
165
828
4908
3294
165
678
174
252
1341
165
3072
177
870
411
2589
738
168
177
177
792
3945
171
165
183
171
4275
2178
162
3477
174
5127
183
168
4257
993
168
171
651
