ff:0:0:0:0:0:0:0:0:0:0:0:0:0:0:0: (total 8)
0 1 2 Thread 0 going to cpu 0
3 going to barrier (cpu 0)
Thread 1 going to cpu 1
going to barrier (cpu 1)
Thread 2 going to cpu 2
4 going to barrier (cpu 2)
Thread 3 going to cpu 3
5 going to barrier (cpu 3)
6 Thread 4 going to cpu 4
going to barrier (cpu 4)
7 Thread 6 going to cpu 6
Thread 5 going to cpu 5
going to barrier (cpu 5)
Thread 7 going to cpu 7

cpu 8 cur 8
STARTING...
going to barrier (cpu 6)
going to barrier (cpu 7)
STOPPING...
Duration      : 10000 (ms)
Acquisitions  : 10302076
753
4963413
655998
813
1407
789
303
1732173
792
840
183
882
570
273
306
2111295
657
393
426
264
666
282
342
669246
516
579
822
552
174
345
468
103581
300
273
588
543
675
879
675
10967181
1016838
2361
267
432
672
906
1071
65655
210
366
291
657
987
2199
441
42924
276
264
762
1137
294
396
2394
5429916
732
339
279
1500
882
393
543
9623034
1375875
42525
528
1491
270
306
927
6112203
333
567
288
273
318
444
306
3940761
7631487
1802559
351
354
261
1398
387
1748424
324
996
387
387
300
189
198
19017
1008
447
456
735
519
366
669
3117810
20109
591
591
807
771
1254
1770
8045118
1023
576
1248
423
270
456
486
43998
795
681
624
1008
597
402
546
9462426
4011243
591
261
267
432
969
192
2495016
555
531
1302
1422
468
195
171
1102881
3357702
441
339
855
282
915
225
33918
1584
399
342
390
663
708
408
2123655
1461
438
504
300
870
282
432
6455004
1392
1356
384
672
2196
1245
465
1602
960
969
204
1278
225
4455
294
34362
420
1428
390
387
1932
357
423
1803666
1089
288
993
1158
453
531
540
1408578
726
294
219
369
624
912
387
3959784
1072062
504
465
981
294
327
753
2160432
273
660
792
486
2001
1128
420
1137672
534
189
474
1041
186
489
813
55287
465
378
645
351
1311
552
357
1245516
570
816
1410
669
600
417
684
63474
192
1740
1104
369
741
594
585
218514
1359
555
858
273
213
342
1083
35925
870
918
282
285
525
396
261
417312
435
348
180
1005
438
621
549
700242
1794
429
474
366
210
423
645
3396
711
618
444
444
366
1023
3072
300660
615
351
1827
816
594
645
225
23505
516
567
1113
462
1692
621
1107
109023
1587
186
186
429
396
276
522
202059
438
591
636
270
2949
813
1020
377679
273
204
204
393
186
1587
726
638208
1131
1767
333
3726
507
1032
765
175725
711
1257
735
969
1614
498
900
152331
672
2025
1029
873
393
588
444
112365
618
267
1635
198
564
1227
276
209688
372
2052
699
732
516
531
1062
66696
1737
318
228
1596
177
612
912
838188
657
210
471
180
546
1353
201
24930
366
591
978
399
285
1089
324
134934
747
414
498
1083
225
861
336
648534
642
1119
501
978
1191
1203
246
359403
1326
423
429
333
1443
402
207
33237
180
1791
1320
270
447
381
939
94701
1131
627
1014
624
270
186
1221
83856
1335
276
966
705
2640
297
648
94485
789
225
426
345
543
1212
3729
138870
351
489
477
297
249
654
582
391341
549
915
732
816
336
675
180
190512
678
474
213
192
795
507
1038
139065
375
927
1923
849
270
192
543
107562
468
285
213
1020
210
603
174
19293
300
519
609
378
1482
330
369
42978
1428
276
822
204
1503
966
210
158058
768
4140
1017
1359
825
204
414
976605
20430
399
180
1284
573
747
1779
102414
1191
864
1599
750
768
567
480
262608
1080
1404
513
270
510
1023
693
4545708
372
564
354
450
1347
2496
828
42234
1131
939
189
342
432
285
333
3120813
1173381
264
1776
282
393
351
1236
35343
282
996
198
756
525
456
537
3333723
201
324
1509
345
381
345
1506
1014837
1392
669
1116
588
1590
357
183
2055336
498
777
2565
771
540
735
750
161595
1455
816
492
447
783
846
1017
2298258
288168
429
585
171
582
1425
621
19758
2778
561
2388
1962
2298
1731
768
1153098
267
693
1581
453
1251
294
1020
6263829
16662
366
882
267
855
1722
177
36405
549
438
213
702
198
261
186
6919692
549
1092
903
225
189
1179
387
100512
564
1092
252
276
1041
1371
780
6615462
267
1464
1380
924
471
468
1056
1642137
1335936
276
546
1314
648
1761
606
37761
189
201
3141
570
708
294
978
3141
834
276
711
1221
2049
1170
627
1120404
1371
216
1662
534
279
549
672
401115
774
720
354
213
669
1338
678
682971
225
3534
456
198
549
435
360
523743
1410
507
282
1689
1056
1224
192
86193
396
258
1542
624
1329
552
1512
309318
366
264
1998
570
402
300
801
2495865
345
924
546
534
357
639
345
3975531
738
510
192
252
324
177
684
287361
222
189
420
285
282
1299
729
2541381
213
438
681
534
204
267
408
774834
915
519
507
390
372
720
1227
2047647
186
699
282
609
294
1041
576
774510
276
204
798
417
603
903
1503
228789
270
1215
555
204
261
564
726
53208
645
831
1224
717
174
201
549
4406133
354
273
1044
192
387
306
2517
3234756
149043
1842
549
474
1734
201
477
1429761
687
1464
264
363
345
177
396
12610986
10312752
9639213
9109686
775590
297
1173
189
1073319
1926
372
2406
1083
459
693
288
22848
1275
186
753
258
1683
507
1338
1838322
1167
807
1914
288
675
1944
657
283866
294
798
600
288
711
1083
393
1056696
9648315
1006692
1227
726
1287
1284
321
1330983
189
189
609
492
255
561
699
2226654
573
1041
768
663
351
798
465
72033
576
177
1617
186
372
264
603
165024
1083
1281
180
618
210
1524
174
30276
978
597
450
264
300
762
630
6581313
3949437
1515
372
174
918
258
669
40863
20286
11412762
76935
765
1236
177
993
4449906
558
2175
411
1290
687
435
2268
825273
4113567
456
1008
1098
909
861
372
2528706
903
606
594
1005
375
702
657
2985819
289380
675
1005
213
291
525
261
2201148
363
783
198
393
1455
273
639
17423340
3950967
3321162
417
540
675
1290
1626
73812
477
390
621
570
831
525
522
311100
339
459
468
1473
351
339
249
5469
747
396
519
264
663
540
633
92358
1662
3135
267
1179
591
576
1026
468
267
333
633
1170
690
297
801
1329
702
942
1095
429
183
945
1014
780
912
600
903
174
294
291
2046
3897951
669
771
171
183
435
591
444
273
291
303
822
771
228
429
615
519
831
1440
327
435
1887
1494
858
465
1716
1305
177
183
390
273
597
258
615
573
1083
2580
780
1290
279
378
705
192
537
354
705
417
270
177
690
741
396
1062
609
273
1206
423
1329
369
396
804
834
189
189
270
936
345
729
1188
1035
399
525
1662
2034
348
462
747
1512
381
186
1116
729
723
2115
474
591
279
432
1038
303
192
429
420
363
981
279
498
492
270
444
297
540
573
432
912
978
204
276
195
363
1035
183
360
666
300
1422
513
201
285
291
171
1017
174
177
276
447
1791
282
660
303
1908
831
939
207
192
546
531
579
192
1935
435
453
633
1029
540
288
753
273
801
1422
174
543
1182
183
192
663
3240
768
450
783
1254
873
2043
384
276
786
804
864
489
468
1887
657
267
1173
942
1113
453
267
1455
1533
675
702
303
411
822
282
381
261
255
489
435
2535
1503
171
624
558
1323
270
726
273
2046
276
1617
291
501
2016
759
813
207
1785
1419
1212
2127
792
612
198
1116
360
786
288
288
369
183
462
207
375
453
288
618
465
177
936
1335
1938
1302
171
177
2673
1197
177
270
393
678
384
411
303
489
2364
360
1677
405
186
231
1056
174
177
450
255
351
177
174
444
423
1452
414
2166
423
3093
294
1524
279
252
279
1455
1140
441
1917
192
1104
621
294
1539
375
1392
1497
756
354
282
909
1023
297
207
291
342
2829
306
1596
516
1164
1293
714
180
447
390
870
654
519
369
294
1197
987
453
846
1842
1293
645
396
564
555
792
201
270
339
171
366
975
276
369
816
522
342
372
726
591
696
1464
1767
828
279
474
207
330
780
1068
17487
1767
855
351
507
594
2763
801
717
261
402
366
1959
444
174
834
1842
180
177
399
177
957
462
573
300
489
498
654
495
300
276
186
1452
303
393
273
171
402
177
612
432
489
252
423
171
567
1533
666
276
1365
876
273
561
1767
339
423
1185
672
189
1272
189
1203
303
1020
525
2046
456
546
351
1194
450
927
252
537
510
288
267
342
645
753
294
1128
441
666
465
489
909
1566
1140
510
831
2403
855
366
891
273
483
2244
438
270
345
897
255
1707
744
285
180
534
249
300
1047
564
942
297
444
834
1563
768
861
1842
957132
306
717
384
456
336
267
465
41499
765
381
435
255
1227
813
1752
792
306
756
774
516
408
288
423
609
1182
921
690
270
276
435
351
450
336
792
960
420
1383
621
471
399
453
1269
276
663
1530
426
1014
1882029
705
1368
1026
1062
2532
1173
1014
318
882
576
1101
396
282
474
735
1002
213
555
711
303
261
504
582
1269
1026
1068
279
570
342
2223
1311
291
279
273
423
1245
549
1353
933
405
552
477
447
1401
348
456
783
891
333
873
402
594
279
1188
393
174
1971
1752
744
1230
297
363
3030
930
522
714
258
627
390
177
189
189
306
927
294
699
435
942
429
1137
1032
570
1092
1398
543
186
633
402
663
306
513
1191
591
570
366
729
342
1002
297
2133
597
294
1470
285
2877
468
633
204
186
177
843
204
186
372
1134
300
294
189
279
2004
915
201
282
1614
342
273
2955
315
339
189
291
975
630
1827
756
1890
282
606
2031
765
1425
1098
612
1533
285
597
525
279
681
174
858
579
1467
420
1968
654
1545
1122
288
381
906
1320
672
417
1038
1866
1146
594
390
786
348
906
636
729
177
717
273
504
351
792
633
1110
915
546
555
189
486
576
378
579
1023
1233
726
255
1206
417
300
435
783
1056
570
198
399
969
2178
282
579
258
1806
921
819
1854
1086
831
1836
2169
660
1437
486
273
846
924
189
402
174
615
288
177
198
894
720
960
1356
663
597
300
267
624
681
345
633
774
444
396
633
273
627
1206
447
624
1272
1425
993
897
1272
1089
252
381
906
2268
579
414
417
282
303
174
294
186
375
555
180
387
177
555
753
429
1017
615
369
531
1539
399
2133
309
306
402
282
276
591
942
291
378
723
246
342
558
375
1878
204
288
669
1056
1194
267
930
972
537
396
282
534
984
384
285
2001
678
393
1257
711
456
279
495
1743
1437
204
2157
264
180
192
810
606
171
432
948
756
798
705
468
537
291
171
276
177
186
987
972
420
579
1113
168
366
492
282
294
738
687
174
693
771
261
1632
948
429
1287
396
699
258
1095
684
285
180
177
189
303
705
1173
201
186
1629
648
528
282
600
639
432
276
189
183
2781
1068
348
618
333
549
1017
510
1608
438
1347
663
288
399
273
267
174
300
741
363
1494
1164
288
303
951
177
264
414
3183
345
363
915
1065
1245
360
846
1767
504
2064
1890
1173
177
294
3669
285
519
189
447
297
264
279
345
294
378
1062
285
915
1131
840
852
2556
282
171
600
192
192
597
1440
1347
804
1665
171
1038
273
180
378
3658602
1677
300
420
267
1131
1134
2721
696852
447
345
447
186
930
471
1629
1354500
5508
17322
1311
186
882
720
1197
747
201
369
276
576
615
438
2010
315
195
816
282
360
1035
411
1629
516
510
1527
495
945
1245
2244
537
924
1680
531
426
582
1752
645
294
1413
972
432
762
633
1026
297
894
540
936
513
564
777
1110
210
924
729
891
609
2217
549
345
2070
438
294
291
591
444
735
513
1143
282
1353
1002
444
837
1440
567
267
822
1794
726
1521
375
402
426
450
1053
1482
549
984
276
1434
792
1884
714
297
678
513
507
651
882
969
207
1692
756
1212
1863
1536
696
1095
273
2808
186
1167
519
270
444
1089
558
357
438
933
357
177
1095
1332
627
1953
204
723
594
453
630
789
672
1902
1254
1065
369
717
999
573
450
1533
933
756
792
669
912
1617
297
177
414
1374
825
894
1122
495
1668
693
1074
1143
603
1686
408
552
1029
1539
1191
1071
1104
435
420
306
846
687
558
189
681
351
711
585
1239
438
1851
609
582
561
1107
399
1845
489
372
276
465
306
369
2082
762
378
741
582
486
540
936
735
312
282
2181
702
591
519
288
1218
1305
936
591
663
210
192
1272
1371
504
960
924
609
1305
492
378
444
1407
591
672
183
873
444
564
2112
864
273
990
654
273
408
594
876
1518
387
1839
597
822
471
285
396
345
1374
1554
414
741
1725
903
267
1932
573
1383
294
1986
690
678
342
366
393
288
972
405
1515
375
279
1380
645
300
1047
474
477
399
1788
294
279
609
450
639
690
834
954
630
1860
405
1128
732
474
1230
489
402
525
729
690
276
1452
690
468
258
756
927
1569
183
846
420
288
495
2610
351
405
285
507
177
204
1494
354
1383
1782
879
726
954
1128
396
1338
1029
918
498
1038
897
618
963
603
402
762
690
297
1737
618
192
294
1674
1539
1314
471
1164
699
1353
1164
1365
1089
1056
339
1446
381
504
825
528
300
879
390
309
1329
270
192
717
1149
270
423
525
606
2067
396
441
192
669
1107
1188
1224
1623
177
267
2742
372
852
615
723
744
294
1281
1101
1437
264
381
213
411
1284
2013
924
189
300
558
498
471
288
570
576
534
183
453
1179
1137
1518
423
291
417
810
696
492
267
465
294
930
1977
372
1239
555
276
3039
345
288
330
906
369
870
363
2262
1089
813
1068
378
1272
795
1098
591
513
297
1509
384
210
633
2310
1122
552
1230
213
834
567
279
1107
360
477
594
825
330
699
504
585
351
348
378
333
2499
2676
552
288
1212
732
276
720
1563
609
1314
687
714
429
609
444
384
411
1017
435
696
816
414
1182
1185
1362
252
315
612
1053
813
900
648
582
204
1143
375
750
177
270
186
366
1104
732
477
384
618
384
366
354
261
492
771
645
1239
900
1095
366
465
1272
588
204
303
918
831
1095
540
390
1662
675
1056
1017
579
1161
807
1458
576
1179
336
1014
183
753
975
471
1284
1470
768
1218
216
699
585
606
345
411
282
840
645
642
420
1014
891
1095
453
189
273
1455
612
282
786
423
1185
1032
726
798
1956
393
2079
378
390
762
189
549
657
699
192
363
807
1524
1158
1452
378
465
498
720
342
936
1362
294
843
579
363
1593
1509
546
192
471
2325
504
1875
348
291
933
447
1215
342
372
993
339
2577
1170
543
264
195
459
690
1290
1341
279
375
354
1296
555
405
210
294
1659
516
573
873
684
699
285
393
294
768
387
957
279
273
1269
255
468
180
1029
768
294
654
930
192
468
555
573
1224
381
1428
435
822
465
462
840
1005
720
189
210
360
846
843
372
789
498
1452
3099
402
606
255
906
957
1863
525
798
177
1731
387
522
444
1263
732
390
444
507
270
2787
702
1518
606
564
456
384
483
357
192
729
705
1452
192
849
435
7782
1590
396
2916
456
699
849
543
1251
216
402
1413
294
378
810
2967
432
666
1308
375
441
204
432
765
291
525
627
369
1113
303
753
708
312
954
876
672
465
720
342
1068
660
798
216
414
996
546
672
285
561
1632
303
480
834
195
177
1524
1152
1329
564
2397
306
306
717
390
414
372
1524
2346
1227
486
690
180
339
288
348
453
180
285
600
432
564
591
348
1332
1281
1359
444
372
798
834
1803
582
336
1629
471
264
384
687
1845
297
255
558
288
1140
1284
621
861
1599
345
1296
3618
501
402
1098
855
438
870
267
1308
555
177
1230
756
1083
387
288
465
948
2007
1104
177
417
504
1404
807
258
960
552
354
303
516
486
573
552
708
192
1224
19239
591
699
432
1299
948
276
396
1248
426
1881
399
447
918
1104
282
1938
2442
1605
594
1581
852
198
813
273
918
180
585
654
411
273
426
588
573
390
738
579
357
207
444
396
213
642
1014
711
489
864
804
180
390
426
2964
285
342
609
492
2256
1116
519
1707
1089
1731
927
351
282
345
549
873
357
507
591
525
279
345
1755
264
996
345
267
768
1542
672
468
810
957
501
936
282
378
357
189
3459
1317
525
2748
270
444
267
957
360
276
825
213
354
2214
780
198
711
408
273
1596
372
210
504
741
348
1257
1449
894
1692
396
414
951
270
642
1419
267
1392
3635880
237
354
909
216
1050
1509
441
19302
198
20241
1735947
198
1209
183
603
2007
180
282
189
264
828
564
390
780
612
339
270
258
204
1692
279
1311
177
189
1044
174
180
456
1257
207
387
1584
837
951
1146
927
582
183
999
270
810
270
657
1023
519
297
204
384
2289
276
528
810
195
828
192
1482
1434
639
378
390
1722
189
174
1245
1401
477
189
675
1542
186
690
192
189
717
597
207
915
177
660
924
180
813
792
480
558
822
579
354
261
552
591
642
204
540
780
210
729
432
1200
642
1236
903
276
507
513
480
342
537
750
642
399
204
366
360
654
282
327
1713
759
1203
288
186
174
183
183
783
1227
189
591
279
273
309
273
303
177
417
270
495
303
2883
180
591
180
552
276
303
1131
894
750
471
330
636
168
1695
183
429
705
294
3312
516
264
186
1863
270
702
186
312
414
192
174
171
579
267
783
741
279
342
1896
204
849
1707
351
186
168
198
1041
396
186
417
189
189
189
438
198
681
216
201
699
171
1101
174
729
309
675
303
966
945
441
753
189
201
195
450
2946
330
426
471
186
1257
183
1083
459
603
429
1875
732
1140
912
669
348
168
738
441
570
711
972
276
786
2253
2745
456
348
276
1092
801
1359
195
180
576
678
255
2412
822
1806
627
669
201
177
756
348
273
513
870
570
177
480
183
1446
426
609
477
183
189
1341
204
189
171
363
567
1113
354
333
1695
1107
204
501
390
270
1515
714
684
465
369
840
525
2079
168
177
924
189
369
1536
264
276
189
807
498
645
285
180
177
291
1080
183
216
519
183
285
813
474
297
195
180
183
192
303
1674
348
822
273
336
210
1185
447
204
1398
489
186
2748
351
177
1833
195
813
1299
609
1161
1923
186
180
1221
447
435
2733
330
921
282
342
1185
183
180
180
180
2478
993
930
540
285
1707
1941
174
1098
1332
1104
276
204
1728
1056
519
192
282
561
432
189
429
282
480
1002
1491
408
837
396
555
189
171
180
522
183
3357
672
258
855
288
414
189
201
450
1377
879
651
1353
660
201
189
504
201
279
429
819
264
186
1752
195
171
399
702
189
972
780
1875
1788
180
1056
543
345
330
882
660
276
186
174
438
1305
198
1347
171
360
357
183
990
354
951
669
963
2826
513
1158
1032
795
171
216
1209
168
819
198
984
168
471
216
678
504
204
180
444
189
843
588
180
195
609
192
627
717
186
981
750
1515
177
183
177
402
180
594
360
201
273
1410
897
3036
354
186
789
273
726
288
522
273
939
1428
4928316
825
375
264
1041
384
360
1287
633
396
345
510
354
507
474
1263
189
462
198
186
1263
462
204
180
339
657
177
165
165
291
201
945
585
207
588
495
264
285
282
1554
663
204
609
1230
531
387
930
327
198
189
1440
390
201
201
3180
1440
180
774
168
699
348
165
1878
696
1215
453
183
189
192
192
492
204
195
624
186
195
1050
306
186
591
720
198
183
1176
366
183
216
1434
933
1170
189
1488
930
852
882
1839
180
753
171
720
1737
189
171
495
789
1458
705
558
918
519
282
291
828
282
1626
180
195
276
2715
390
372
507
504
183
198
1527
180
633
933
753
189
798
1353
1044
180
1206
2034
612
333
177
618
417
936
1170
798
900
975
192
246
390
183
204
1053
351
789
420
417
1530
495
441
204
327
378
186
840
219
474
576
927
183
456
195
474
306
1782
603
147
198
201
189
447
495
192
1191
177
1773
1236
180
216
240
540
300
198
456
201
2223
1197
1470
531
345
189
906
1992
204
1815
897
201
174
501
180
243
723
342
894
264
1809
378
447
1125
1083
189
1806
456
690
651
1932
693
1221
282
276
204
1086
327
186
264
345
426
174
687
714
183
180
786
1059
1299
198
2172
189
1902
435
186
525
702
2373
2238
201
618
321
2862
441
360
300
273
777
267
612
672
291
399
1683
426
255
399
333
243
1407
714
198
828
474
207
372
579
1908
186
684
1281
189
216
303
273
216
171
165
270
1302
579
201
855
186
348
876
834
510
384
1002
3090
594
189
198
180
189
435
1011
2787
1269
198
192
687
192
306
927
378
1161
678
498
1986
909
1074
720
969
186
396
282
489
1395
1149
189
408
201
288
948
183
696
186
255
204
1074
279
681
522
174
918
534
456
861
384
612
987
198
543
300
411
498
333
1122
249
1284
999
183
801
363
975
294
186
186
803235
435
1446
252
582
171
726
180
678
201
453
297
495
681
669
576
831
915
525
1275
2037
201
456
561
1020
189
186
204
1059
177
534
480
1323
399
786
1137
369
1038
183
285
186
459
174
423
417
186
294
189
651
1749
309
264
3078
657
303
531
1083
837
294
357
1680
1800
183
876
1098
2139
786
1233
342
696
1359
807
195
279
288
219
615
192
249
219
168
666
744
183
2436
648
198
1104
216
435
570
465
387
792
2565
882
510
681
1668
567
327
663
273
366
351
348
504
501
273
165
387
186
279
180
192
801
177
180
834
276
507
354
699
309
171
192
762
492
171
420
765
387
969
285
465
186
17424
1149
161313
420
294
297
648
903
90372
444
807
957
369
507
1416
552
606
624
639
405
417
456
597
186
366
2184
1701
1236
975
396
696
1233
1323
690
1644
345
1629
543
546
285
2232552
1005
771
489
1182
288
384
858
738
672
522
186
285
951
696
831
1032
852
759
180
456
402
693
963
885
2637
858
1032
996
1293
507
402
372
381
285
339
201
570
1434
408
1125
345
939
462
765
837
747
1167
762
1464
501
546
402
642
756
1011
648
561
273
717
639
1200
882
471
447
2595
558
405
387
360
375
1029
795
420
648
2178
708
777
648
930
135159
966
1092
255
318
1143
591
501
4258170
13353
714
615
528
228
519
309
561
258
402
489
759
690
426
1083
282
993
339
180
390
2730
648
1197
465
1014
396
933
777
1632
282
2538
504
303
201
909
831
3351
1398
1035
780
960
297
687
525
918
264
1539
768
495
453
279
864
666
621
867
1197
318
2202
693
501
840
762
894
900
684
285
180
735
282
585
612
1359
294
495
351
750
678
1293
183
993
393
177
270
711
2259
408
501
681
1323
858
699
255
978
291
276
435
372
372
576
702
387
1392
894
342
801
786
2922
447
177
363
1422
846
927
1221
282
300
456
1956
444
621
459
390
423
567
390
402
390
519
612
558
612
684
924
1497
381
501
627
321
342
342
339
996
912
339
450
399
486
1437
291
936
606
651
1023
363
1083
954
285
1197
1545
447
786
468
498
447
489
1434
426
360
390
594
894
486
738
798
363
306
2283
1596
414
258
465
624
1716
360
495
183
489
273
882
384
480
2613
375
615
1596
345
306
270
939
1221
285
417
183
297
834
792
291
186
885
369
1053
711
339
1209
258
609
519
831
420
1176
1548
681
504
1065
1092
1014
1035
960
567
810
384
306
501
690
2253
279
948
438
531
1611
339
390
408
2106
750
390
366
648
1647
1698
1824
768
282
2343
291
3015
501
525
372
1260
669
270
1782
858
189
852
1443
897
387
843
1101
531
789
1422
753
1344
771
774
954
354
1482
462
492
600
345
1260
1353
996
1917
384
678
618
1341
1071
279
453
378
756
1194
399
285
627
966
276
666
375
696
624
480
378
510
435
828
177
546
1059
567
183
372
183
393
1098
177
177
759
264
1392
345
621
300
711
513
303
576
1452
276
939
900
1191
300
558
411
948
192
777
1266
294
2676
699
399
1377
420
339
693
720
1497
534
354
375
459
555
627
297
183
180
426
369
873
951
981
336
3771
777
345
180
1790877
432
279
432
270
264
183
888
1569
285
618
684
630
1902
597
198
483
342
837
1173
393
1131
615
288
381
273
903
636
1032
459
480
1626
279
285
408
1137
1482
183
417
483
699
1413
1257
819
342
537
1425
1797
1320
630
426
459
927
426
378
462
480
603
621
771
882
315
270
768
990
474
426
276
855
594
1164
507
384
663
633
219
228
435
1677
1422
369
306
1800
1344
825
258
372
903
342
294
870
195
1626
585
750
738
381
597
402
450
420
507
369
348
1131
411
1122
381
708
270
378
198
648
615
684
1824
282
354
624
351
975
552
345
1200
303
276
678
1740
1020
528
1359
621
648
2478
1059
876
657
378
1077
363
1122
1491
393
378
1212
396
537
270
288
444
1182
867
306
399
576
981
675
588
207
696
297
612
732
333
453
414
297
1047
1767
411
2700
1551
2517
642
300
1158
1026
603
573
543
837
276
453
513
270
297
279
606
279
195
1002
654
483
528
276
291
792
204
1488
645
516
522
759
498
201
843
345
558
1164
807
375
1350
732
663
639
276
768
447
825
1152
285
213
1290
1011
837
1533
954
1032
1251
606
468
777
588
450
492
282
2457
1770
1026
447
444
1365
279
354
267
294
504
603
267
360
429
789
708
297
279
732
516
453
279
1452
981
426
1098
285
1740
735
342
438
306
450
456
654
363
717
285
1374
1335
348
291
756
759
372
618
372
1011
525
348
354
513
1026
924
273
426
267
306
960
450
1440
1110
399
345
459
954
414
684
504
612
654
1188
867
180
504
1008
477
276
1353
504
1119
1461
840
354
642
678
336
1647
645
264
1227
984
516
714
195
429
1410
588
867
183
2409
1437
393
1245
654
1224
1356
456
303
438
300
1518
1320
354
1578
624
267
462
1854
1221
681
1392
1128
405
270
531
183
393
345
408
345
720
1341
1989
258
666
1350
639
1128
624
414
921
468
714
600
339
384
2068125
654
285
396
438
411
486
993
480
378
819
792
1020
291
1935
1599
405
441
540
456
441
309
261
636
378
969
753
606
282
408
441
1194
915
522
738
522
672
435
291
2115
744
846
3450
519
309
1128
423
192
1059
183
627
414
363
285
504
363
657
1350
270
519
630
357
999
366
507
468
468
903
360
1209
360
816
714
699
2184
372
2628
1194
813
369
813
591
417
1434
543
1758
918
432
783
444
285
516
456
780
288
294
918
1053
537
369
924
294
552
585
570
1473
300
273
345
1614
231
411
948
1065
690
966
375
279
789
282
271083
480
963
486
927
270
462
1113
336
1020
468
720
636
306
363
732
606
41631
118467
87381
106974
167430
945
67830
60552
1794
180
1518
1515
366
474
264
263769
636
612
387
122355
50457
537
221952
191187
173958
1065
6645
45948
471
1134
34188
169332
2199117
717
4700316
518751
300
1309203
1003170
1587834
1108056
1077351
750
1026
3888
6052785
2603964
925137
351
348
4174278
294861
201
2007
192
124860
2603946
201
1251
591
258
1397574
753
24309
477
201
2410056
1046520
34797
42000
189
1134240
714
19971
332745
4973979
5189412
1314
432
1860336
5557197
156
8970018
180
6741
348
518418
1373595
7059474
276
8581005
507
6595587
612
2167500
5507040
2835207
14927343
1584
312
639
1236
198
3889044
1451466
252
8046
15879
1008
11832
1980
21891
1824123
291
642
687
276
1446
447
2042037
459
2318556
16812
810
8520141
447
2070
7255644
168
1457811
903
312
2091
7621470
6402
251481
3355803
1037751
4174287
696
288
2484729
201
8902272
32577
2743944
195
15858
282
174
1680
1821969
654
930
171
68814
453
4431324
1841520
4164
19695
1413
522
4766010
804
643980
280287
3331695
1910355
10623732
177
3826170
294
1084770
801
26124
726
567
78411
2555682
381840
1230795
702
57234
845226
5698470
198
37524
5281863
1560
177
68466
183
207
1515
3593574
573
376884
171
8220648
1761
486
917679
1091199
174
309
675
378
300
357
186
94209
930
24840
1278
1634979
5192865
2752416
3330
13374
183
1876749
220959
3172401
639
195
84033
726
876
171
351
3581265
47484
1338
101175
1245
41853
96771
438114
468690
35916
657834
468
549
39030
1740
1590
271530
38664
345
37845
336
408690
198
201
34320
174
47946
135639
37917
70158
207
66282
123357
58515
195
127992
204
729
513
1155
339243
47364
51777
1305
2172
460581
17421
104268
822
194541
909873
297
516
424887
131343
181776
357
1500
14502
347931
91629
63093
148452
76806
68787
453
31155
375636
114891
186
513
16170
22617
519
76785
146502
13995
88491
807
127776
35376
391446
140505
80175
4107
840
522
31776
364200
189
448407
96105
20922
124164
954
458952
280041
1503
681
1121379
555
1368
354
180
489
489
351
307662
522
4536609
459
447
180
70959
984462
384
74559
339
273
891
301908
174
1260
28788
882
84681
788925
17967
74634
61050
81663
137499
366
195
411
2241375
892176
312
195
15513
186
414
1141647
1188
32004
1432482
507
1877697
390
44064
17910
201
1387860
81465
13357518
951
1542
9534921
1059
53226
6750456
126
757992
51138
1221462
648
776559
41694
645762
309
774
567
22134
624
636
453
1434381
2412633
456
2891265
1665399
14601
198
1818534
42570
534
207
369
915
15594
2118189
31263
2988126
2549139
1593
5120358
2541
32556
1009434
1373703
92841
1078626
991659
180
660
291
183
1659
19620
25323
4977
462
810
1089
282
477
219501
186
945
270
30216
4402641
186
2192211
4008498
27585
2264901
477
299310
1965042
952161
369
2422011
198
2380512
198
444
1188726
10146
51360
4335588
174
27723
195
309
366
57126
11871849
3274425
321
942
264
165
4429974
438
1036647
5386299
1176
8338638
204
3321606
47211
426
1395
424374
6285402
16131
843
1449
3239184
3030753
6393018
2356131
180
1006356
94038
210
273
8706000
441
5365446
165
1043625
1419072
7124511
1158
34764
754338
2376252
543
516
70956
714
1044144
2219643
4029900
1840995
1674090
14925
363
342
36600
17121
31083
1950
2190786
1569
183
375
189
923745
1785
1238274
1170
1053
1254
2216823
276
186
10740
2591577
423
2066094
892017
10142196
588
265668
177
2211063
2437455
474
1575
1214529
807765
28719
585
300
2453130
7096509
447
558
2721
1098
1635711
49644
3170190
17142
39816
1749
16002
2551926
768
4588749
1167045
804
90891
1714017
1719
117606
324357
173352
66438
513
341418
338550
207
49113
33870
15876
507
30630
20325
390
131319
507
84462
258174
732
372036
168156
220950
216525
253956
205068
182370
366
342
432
258
1146
229737
1131
15876
285
288603
333
186
211506
14301
174
15867
16734
921
192
93891
767448
210
385314
76776
324
60246
927
41949
180
345
672
261972
309
519
1239
81846
68508
1521
104556
124212
603
202242
336
16338
354447
281997
352902
269025
171099
2604
122997
12258
54012
77685
540
101337
933
1995
867
17868
110289
1333770
537
2128839
384
636
1392
4255143
63624
1211847
564
15987
21459
17952
189
906
798
702
3192216
993
1114230
447
2153676
489
229299
504
63798
1944408
279
126597
1336572
62538
5002338
261
1384719
27426
195
357
678
112929
696
483
6942342
776502
264
409323
1128
1122
618
71970
1139745
198
5879631
183
454956
1857
741204
144321
279
898392
1498023
656253
384
93615
471
906
474
139992
1053
768
54258
195
1050
519
5522595
879396
2058
296280
180
776424
2886237
669
2193
1733616
180534
812379
285
1179
3861900
4218
2697
183573
339
1104
717
180
471
630
750027
30309
609
426
918
831
294
1146
267
219
7386012
1338
696
192
669
672
369
55464
681
1113
21567
2120103
666
2888304
3976302
4676457
11925
456
366
18105
2106237
198
1023
38283
168
1284
819
15627
345
3281514
1309185
522
501
31701
339
4834995
675
3405441
216522
585
696
1020276
353271
570
192
537
2386131
192
3350097
279
408
5298813
13662
367719
792
3161922
300909
1336677
579
756
519
174
195
1870641
357
2220486
645
3184353
174
654
79242
405
710247
879
136587
345744
837
1116
183
3819873
7746609
171
2339304
183
177
48009
174
3729054
684
375
1362693
2928936
2303913
333
19317525
1028505
1290453
302157
34695
258
854208
528
729
5299230
386193
360
327
5581710
13481025
1098522
789
2165721
747
2247
288
639
447
5186667
13431
767145
1005
7536243
413751
630
5759244
1704
687012
2859
30168
200841
189
83247
68625
268242
618
122718
350862
299196
649899
162228
468
723
200484
20952
555
219558
2847
477
165159
543
441
213036
540
169962
178278
2373
1257
1524
477
184689
125532
68649
294
306
19011
1311
225183
227583
927
17373
621
221493
387
16092
526407
29376
138309
375
384
215988
156933
336
1044
133527
1428
127593
206097
555
178581
828
1695
127425
1242
354
183
196347
36864
609
690
14085
169581
462159
212574
50667
49005
430851
813
211833
127737
525
186
423
53325
1407
19821
233451
177
161712
843
32127
376869
34779
666
214290
14328
37701
393
210
204
273
180
17757
59862
261
459
189
360
267693
51699
18144
303
288
420
294
369
297
1845
1128
384
291
1071
957
1791
1299
216
807
411
639
291
261
288
387
1746
666
345
444
423
300
870
1842
261
519
1440
468
297
852
1518
807
1812
861
738
498
1545
525
477
726
1431
282
804
264
1524
672
648
381
957
894
1518
999789
819
1743
636
615
393
540
345
423
366
423
702
354
828
1623
3297
1563
270
306
516
888
1194
627
540
1146
432
645
786
1029
357
242667
1002
813
894
609
318
786
276
1113
1017
990
270
198
1302
387
612
744
2781
543
360
459
276
1167
333
435
1122
285
291
267
510
2445
1953
672
507
564
684
615
546
498
396
2073
276
447
864
450
456
390
450
507
852
921
324
1467
1008
1008
1182
273
651
1386
360
777
2946
732
573
315
921
303
1110
525
3258
930
726
600
447
471
405
855
897
762
1557
1650
273
450
183
837
453
666
855
1452
1068
1221
201
180
507
1893
345
441
438
693
231090
876
1572
303
426
1227
513
276
897
267
297
537
495
12231
453
417
366
603
1542
2238
1092
687
393
594
699
654
1263
495
672
8373
543
432
651
546
357
1083
489
849
390
267
183
531
729
294
306
273
552
504
1155
543
363
768
228
164715
177
396
864
261
273
903
984
288
204
894
300
282
867
297
390
345
486
795
279
288
507
333
975
834
717
909
1557
2574
999
519
294
552
282
273
513
1449
966
2264850
561
1248
516
630
1902
1950
891
279
1752
411
438
678
1617
297
357
2199
648
519
1062
1125
1155
291
624
675
633
249
663
1266
37803
855
783
285
285
729
384
561
288
291
675
1965
300
1245
408
279
330
1707
1299
1119
570
264
669
1170
2688
783
1056
399
753
528
1185
303
900
450
750
579
270
2952630
201
741
648
867
375
636
732
1176
2953854
426
2736
579
798
279
519
570
285
207
186
864
1053
339
675
1866627
1221
615
309
264
1743903
267
1245
238437
447
561
489
306
414
300
1542
156033
792
291
1698
477
960
288
360
32598
996
1683
339
285
495
504
987
550488
33561
1389
780
450
2259
510
675
156264
834
2286
183
1164
387
216123
1731
101715
435
3075
516
567
312
819
1368
315
471
621
10836
1338
366
1950
621
148641
1122
300
1521
351
477
216
573
95391
861
2430
1410
291
1260
915
396
312
825
630
390
261
432
441
876
48018
1875
438
1356
894
372
621
1065
1275
273
765
636
540
510
684
1752
780
1050
828
834
462
768
270
201
123456
492
1092
768
510
423
288
522
131784
441
210
1074
420
948
411
783
615
288
480
522
339
279
411
483
32733
660
1446
489
1278
276
699
975
504630
384
1284
552
417
1734
270
1461
357399
840
1068
459
288
987
276
1365
166209
3423
255
177
843
873
1575
1260
1122
3261
1644
423
918
273
303
588
35658
282
276
858
438
936
354
1479
438
1197
825
279
507
552
345
282
124518
849
513
960
507
690
285
534
480
285
282
666
207
1899
300
2964
1266
204
861
516
348
285
897
468
67164
963
276
1536
2031
585
1332
2958
762
225
582
888
954
954
807
416703
55218
288
1443
1089
678
453
2205
447
114204
1203
735
360
399
627
333
492
59625
279
1836
462
654
1275
603
1185
64848
450
279
1059
1527
474
351
207
1093632
387
279
3159
930
390
576
426
966
294
1032
375
1098
681
849
2025
294
1716
204
975
276
2142
1545
489
633
828
879
510
462
57174
702
1485
20022
864
756
279
507
282
996
294
333
447
1227
693
1035
585
969
672
1230
342
417
288
2148
276
909
1278
408
915
282
411
396
501
993
510
276
669
1356
294
525
342
177
1509
3302367
468
1683
990
420
369
669
462
4370364
675
576
1170
819
1218
336
771
45315
1251
855
369
1914
492
1932
612
3169857
438
363
645
438
516
405
1686
3187725
489
1182
405
402
1368
1707
291
205719
309
1422
330
699
267
966
339
160845
297
528
927
657
1842048
507
987
333
603
579
279
585
747
663
1350
1341
1470
1437
1512
1257
180
438
807
519
276
402
1551
1101
834
831
603
753
369
933
810
702
942
264
180
261
426
312
561
969
804
873
576
1245
300
333
432
1242
1197
714
624
80118
363
867
1026
303
1158
294
1419
1439523
504
981
297
642
891
609
294
468
1665
342
354
1068
822
294
1521
1425
453
1614
870
291
348
591
639
78855
348
846
438
612
378
1656
297
3069930
708
1035
276
219
891
1773
768
3109770
1158
180
747
342
1218
378
1320
338682
597
522
267
1020
2682
567
540
4415052
1440
813
606
288
288
534
306
15675
324
474
513
546
549
1806
546
1096413
747
339
264
429
894
945
531
312
282
381
345
342
522
654
378
1437
546
1188
939
273
417
942
843
468
294
603
180
471
1122
612
870
1029516
750
366
345
258
1971
1080
270
17151
1158
270
714
774
399
537
759
1332
1170
1233
501
1215114
1512
966
267
1512
804
531
2946
480
1581
726
1410
564
516
381
528
285
462
1746
645
28992
465
939
1014
291
435
417
309
38478
579
369
390
1371
612
2061
345
23526
1197
1104
195
510
345
858
948
1063323
585
822
531
963
756
1662
285
7181016
336
624
579
1179
654
363
669
37986
1971
387
294
402
450
1323
705
414
432
978
783
270
897
285
765
37626
267
180
510
1179
972
999
660
1124151
177
339792
270
210
1446
174
399
7186023
285
702
1785
219
180
474
636
2187573
180
168
1146
588
570
192
201
22869
189
603
609
423
180
312
525
1406814
1323
1329
1263
351
189
198
1203
552771
648
417
1083
528
786
267
501
128190
183
861
207
1494
540
369
297
7554
663
909
189
198
1053
171
420
373800
504
180
1584
1209
2223
192
336
4155666
378
510
189
546
2403
468
270
1231440
738
624
363
183
1089
552
477
4860825
243
420
720
573
186
684
858
1714833
1653
267
174
525
1239
831
273
9521526
927
192
180
507
177
174
186
2032209
459
624
201
243
456
174
309
55518
717
612
330
201
831
690
2037
1215
183
531
876
189
819
942
375
52293
420
204
921
507
1377
582
654
309666
189
831
192
183
678
177
924
21693
441
444
264
633
390
393
702
36039
1242
273
741
900
471
1626
3945
10278372
525
1074
183
1530
345
903
189
8593323
513
192
612
573
672
918
279
192
342
171
180
174
303
432
1977
3386196
1044
1002
567
423
639
489
1113
1245
189
180
198
1698
417
984
336
42987
366
621
300
366
303
810
744
15111249
474
279
201
687
3747
891
615
1336962
297
186
378
186
171
648
348
4595415
1704
183
168
1176
399
582
1212
5568657
291
1239
438
294
570
1713
183
282
1371
177
2190
822
915
2865
192
88740
324
600
558
411
486
270
483
61119
843
438
174
828
486
207
297
1051959
210
930
180
603
498
819
297
6235572
378
1290
276
186
363
168
1107
2437380
672
846
165
288
525
174
414
1091736
384
765
351
1476
618
1197
282
3111
636
921
534
180
204
165
183
79830
177
1710
615
684
804
1845
204
2144397
168
363
1308
594
183
186
192
920583
702
834
615
510
906
189
387
2314959
1413
177
591
957
621
1161
618
1134387
198
669
759
315
339
198
717
2594511
666
177
432
435
195
885
342
1946037
306
624
495
1221
426
180
300
18693
810
417
855
213
291
186
204
399939
642
201
777
291
636
1767
276
9090954
811539
429
891
1014
1698
828
960
13566
189
477
282
1101
186
192
171
3462354
1446
195
444
453
519
186
771
2156919
186
858
186
186
1152
393
834
1177857
936
465
3117
507
270
561
684
1912245
303
609
1167
297
186
540
183
1387515
192
936
186
342
285
174
843
8735304
177
756
420
540
792
1794
465
3174519
333
1104
207
1260
177
432
498
43869
186
276
1023
177
171
3222
1038
5751
594
1923
204
186
1569
591
204
2556738
819
513
267
822
342
450
189
1342668
189
1212
168
855
186
732
594
3283593
597
765
273
492
195
186
204
1056648
357
267
555
453
2562
639
948
59142
786
297
189
411
201
432
1164
1589709
190149
1437
2712
579
792
744
192
408738
180
1383
507
300
459
1881
459
213468
1086
183
1233
408
174
276
183
21072
189
1452
1323
297
282
762
660
359589
489
192
1449
189
861
960
453
44790
960
288
186
957
168
258
183
392994
2643
849
1341
201
186
210
207
120801
207
792
873
189
174
201
183
54462
345
186
192
177
285
1365
675
323634
2100
1731
189
324
555
285
405
31788
2184
402
438
663
219
861
207
210303
204
543
282
201
759
279
171
252048
198
354
879
2058
198
1839
654
58179
1074
186
591
381
2340
471
186
460053
963
186
828
612
639
174
279
19851
726
246
768
171
282
189
213
228597
1188
669
1608
303
1620
177
273
146226
354
363
369
342
186
777
180
265050
720
183
348
348
180
297
369
149091
909
456
270
762
180
186
849
458211
879
189
993
1938
303
174
180
2391
1476
834
1350
252
177
423
279
532512
285
507
672
621
1263
180
1011
1056
552
495
1641
951
381
276
270
114684
474
996
1371
1749
597
804
1914
110031
276
246
900
444
360
186
1098
237801
1029
615
642
219
192
1734
1044
132966
306
294
189
813
426
729
186
50475
219
369
384
177
606
294
177
148305
1368
834
189
573
177
2280
684
240522
177
822
204
204
273
531
282
273
873
189
393
981
825
1206
2367
224853
183
357
747
1722
3675
189
1182
218778
495
1419
777
204
903
189
606
36849
960
705
183
1299
954
1455
1026
106182
291
306
1386
267
387
1569
195
35628
1263
1329
195
1779
450
873
822
36471
1461
351
1707
183
258
291
1764
66510
372
177
465
357
420
270
273
429471
537
1542
279
858
1044
921
1005
61041
1437
1584
291
468
924
180
171
353214
435
348
483
390
2877
768
273
226683
306
252
174
483
183
198
1989
139806
1191
207
165
279
348
294
2133
229041
708
267
384
1095
192
405
381
59712
420
396
2253
738
621
672
822
19230
738
747
273
1689
165
534
789
1122018
429
192
528
786
339
252
189
37365
1131
348
612
270
933
189
795
940134
486
507
174
768
171
186
279
2368044
309
435
204
282
501
297
414
83310
270
177
438
288
183
588
447
3140949
276
324
393
366
177
363
273
1143147
201
207
1641
180
558
195
582
6502677
384
174
201
1272
756
1416
195
37674
795
450
255
198
285
1953
261
78369
294
192
192
1935
204
1680
183
205425
1029
300
1167
1464
1611
267
192
2022822
375
762
696
723
555
1770
261
1401054
477
384
573
1101
282
1452
273
6377163
597
597
585
1047
186
870
393
61767
969
186
897
756
189
354
177
37500
186
2034
285
552
261
432
546
6947973
189
282
678
177
501
180
489
772995
