7fff:0:0:0:0:0:0:0:0:0:0:0:0:0:0:0: (total 15)
0 1 2 Thread 0 going to cpu 0
3 Thread 1 going to cpu 1
4 Thread 3 going to cpu 3
Thread 2 going to cpu 2
5 Thread 4 going to cpu 4
6 going to barrier (cpu 0)
Thread 5 going to cpu 5
going to barrier (cpu 3)
going to barrier (cpu 1)
going to barrier (cpu 5)
going to barrier (cpu 2)
going to barrier (cpu 4)
7 Thread 6 going to cpu 6
8 Thread 7 going to cpu 7
going to barrier (cpu 7)
9 Thread 8 going to cpu 8
10 Thread 9 going to cpu 9
going to barrier (cpu 8)
going to barrier (cpu 9)
11 Thread 10 going to cpu 10
going to barrier (cpu 10)
12 Thread 11 going to cpu 11
going to barrier (cpu 11)
13 Thread 12 going to cpu 12
going to barrier (cpu 12)
14 Thread 13 going to cpu 13
going to barrier (cpu 13)
Thread 14 going to cpu 14

cpu 15 cur 15
STARTING...
going to barrier (cpu 6)
going to barrier (cpu 14)
STOPPING...
Duration      : 10000 (ms)
Acquisitions  : 8804230
14433
3174
167652
3537
4698
3324
3549
15483
5490
4284
7788
27084
7956
5139
4686
4356
24237
3405
2574
2610
522324
9279
39459
7473
4713
2682
6240
5382
15198
4710
137253
24930
64242
5928
2826
4581
4065
50694
299580
78234
116967
2955
5229
3756
4917
20661
2634
5094
8130
2520
7662
15669
23340
2922
96753
2481
208722
5508
2175
4452
4656
164928
6771
2427
3435
2295
5043
134823
3780
3714
28284
3789
5805
4173
207354
4575
12417
35616
3780
5514
132039
240105
3909
87984
3642
5073
1086
11496
4374
3342
80454
24936
13737
92385
2430
2997
2820
2205
117378
198183
5055
3288
4323
41244
5229
6306
220029
4821
13677
43278
4968
4230
4014
5394
13539
3528
5943
1773
5031
4035
141267
140352
376086
238719
3879
44766
30240
3756
4035
4695
88827
7647
93537
4254
4713
6252
18825
4872
4629
4929
76374
73956
99612
353313
4305
2601
10380
5559
97215
10458
82980
4272
5676
8439
4854
42870
2187
5505
212652
6477
329196
205080
4965
177156
6006
2436
5559
3972
13032
4506
46272
118347
3984
2862
5553
1458
23022
34674
2979
6876
240390
7974
4524
118059
507243
2874
5688
38754
3549
4971
3558
84822
27735
8760
6081
25734
78414
5022
67365
3042
3063
10029
4038
3000
47052
3702
4749
113304
4029
343095
79806
5751
308070
9201
2511
60126
2160
6555
61566
41139
6102
114003
134121
53199
27708
5523
3885
16623
2772
478803
63861
263241
4479
2859
2553
4500
2556
3918
257943
165528
50130
2265
3669
430920
2709
27858
117222
3702
3474
83898
4731
3009
6600
5898
3918
4347
85383
26886
3777
4866
6177
4419
182964
13266
4356
2892
247419
5310
3687
34659
8886
170703
2436
3843
5688
89070
30249
1344
3129
94383
4131
29400
3993
24936
4755
2391
3117
2511
38949
347580
209238
9297
7641
40629
5604
10743
128073
4458
213699
6168
3381
4965
117984
532407
28326
42624
78693
287139
4770
7341
195156
2814
3321
32712
4065
3501
71157
93108
6744
33657
3033
15273
3861
105822
5619
17361
111648
1905
3021
4218
100398
182955
270369
5811
2931
2421
253446
206454
2523
2724
139551
4386
3825
4980
189822
3456
128766
8865
312882
66813
63837
86442
51120
279525
2907
2787
5526
3720
3678
2832
131076
175689
187782
5547
4770
44763
61770
4422
3639
3747
6993
3291
7194
13545
4386
4920
2937
2826
72588
135231
5646
28503
111246
410763
3951
2607
3696
344562
4827
8001
123969
2316
5265
6228
8040
8814
3498
157473
249237
4233
17865
119313
6297
3747
2535
27858
3540
25641
68553
3417
240009
1950
4398
111978
98049
4011
40278
155421
4494
64452
5556
5631
4170
4632
45324
11250
157284
134325
3234
7458
6390
63837
16998
5322
84180
5307
4869
4113
3693
2562
1707
92733
3108
185115
21303
3360
5697
113727
252807
5442
71169
67056
203874
2430
2829
6039
3819
100563
19659
102870
5946
3003
4335
6177
68958
115764
2733
15372
26439
20847
123141
3276
25338
5340
8217
4968
10728
148803
4500
2073
5187
80661
7188
598584
5277
61728
87294
39066
119085
48186
3795
5934
47862
2565
4101
15180
3297
4197
108033
3561
6300
5085
6435
60576
5580
19812
142605
112596
255000
83313
4758
202218
28956
69381
15177
70695
42627
2493
153063
212202
34152
5550
4341
43980
11670
130836
4206
29049
6822
134307
30474
170154
6954
5280
164277
65262
7812
95025
6780
133461
249567
19275
2892
6663
6615
35844
5019
4083
4059
4542
78492
5301
271296
3672
3474
303969
3027
5217
64425
31809
3858
3486
7284
28389
262299
87567
4221
8145
8340
4281
9057
45009
34206
230622
321900
27123
41835
3813
3201
71154
3768
91035
70182
3618
15117
136887
2328
2634
144549
4623
127971
3621
29790
6474
3834
2694
3006
4869
8370
8292
69636
4161
3504
7410
3471
17841
3960
5145
30573
4662
15642
208959
41421
3966
3987
3345
2592
40839
54615
45342
89460
3633
4365
199326
2757
3300
4791
4494
9237
5106
3315
3765
205749
5835
2529
6861
4572
46041
2937
4731
38463
31392
7725
3429
8919
29214
22143
1779
122409
6327
3528
2511
133575
3672
4161
121881
4572
4455
2439
77289
57999
3273
3264
2436
3243
33717
5604
2787
3219
4284
65400
21978
125334
4872
4374
2469
4389
4458
3255
3456
1941
3999
5541
134922
111822
29097
2775
67545
3513
106032
70284
3840
187722
6261
4665
5133
23358
4611
103302
9672
7917
3795
84021
106557
189900
330540
3351
23337
4632
1881
3180
4308
2634
3099
213189
49608
90018
338694
63300
12594
52347
2427
7878
48345
7035
2334
7857
6315
11463
2490
53769
147777
198771
2595
4863
104046
4521
4143
6009
129909
30153
21036
15072
71961
6834
4134
95247
291135
5259
4059
3207
3264
2448
66492
65859
122997
2757
33066
347292
3510
96828
5748
5838
21414
35385
6675
44583
5046
6720
57588
298338
6603
59127
64572
3870
46650
186687
5103
3504
2622
93954
3861
3063
26982
4359
6042
2997
4713
2217
2346
2097
5697
4683
4893
3177
3513
19161
24306
5136
204369
148029
12363
6174
3405
20010
5868
7023
47715
54528
280605
10365
9114
224031
14394
9015
327039
30828
500769
11091
247614
7500
247740
9942
4584
73770
6312
20049
8943
23649
29961
15378
4746
5853
5490
71580
155556
51429
362712
4134
14556
10758
23850
3795
52839
6930
93105
7023
236436
4266
271764
23736
94305
3336
95664
24081
152730
2973
104529
637497
4065
2940
283485
5805
13968
46836
6291
3825
9861
3138
7446
28590
187206
9675
4968
108765
81261
214443
4152
3174
3414
3360
4632
5736
84759
223053
4953
9768
2754
2937
5583
181203
5523
55092
5835
6036
4767
22800
6756
59808
28095
110853
153102
4311
2904
4581
4995
4122
204624
24879
2904
190746
44550
4929
110175
48660
139497
8241
798579
3768
3621
125442
48726
2016
41427
70098
2949
5139
3885
3591
4134
58173
29133
6855
81015
15645
246489
5754
4917
76206
4275
3354
5196
3594
259434
5007
3693
49407
46833
30192
5640
7233
5163
3927
204549
13260
10101
7227
412866
2607
3018
5727
6297
24384
43887
63324
206349
7032
8301
186909
5430
6717
5076
38316
162813
38091
2901
43515
3696
10260
5355
4776
5517
3960
18576
287532
130356
61980
7497
5733
40074
112662
5385
2781
210336
3939
4464
4737
6441
20862
9300
7713
3600
146079
477294
92112
6156
174807
5040
51915
4044
3315
5823
154461
177279
51768
2154
4344
36936
5448
21843
4287
144645
4509
4254
10539
188220
84324
3393
23694
5301
5145
202353
118524
2610
6300
2637
2916
3621
28926
3603
4794
8286
69855
3387
40470
3069
10857
2034
9336
2094
41916
38694
164316
95130
194949
4836
3447
50004
199494
13110
15063
3309
117087
5358
2775
58854
26028
16332
4755
213543
3786
36360
3630
1890
3246
13062
1185
53664
2106
2781
2847
3627
3042
1587
234699
3432
144339
3756
4632
202164
2481
2703
3180
2736
162381
35361
45315
32256
4128
4398
2544
103347
4305
139056
2592
11445
14100
37926
31197
5373
2802
1365
3258
1707
2406
52215
57429
3693
5022
2085
58260
2343
6522
4587
115971
353601
1962
33372
3030
15903
173727
66474
7152
291747
2526
1929
2157
46362
1890
3897
8208
94626
5190
3507
25203
1662
2862
54432
4578
2316
77868
5388
14619
2049
3855
144963
1671
2970
1665
1638
57606
189555
382743
109617
399
3363
49257
4776
3405
2100
4059
4194
2916
3249
72615
1485
2814
3891
2337
166587
2622
50127
1164
401874
2436
2001
40599
3165
5508
45273
99888
3579
32808
2577
5598
3891
2286
292446
230361
40398
65133
3225
1632
44511
4308
3894
1731
5436
14103
2013
3777
15933
97917
165072
506721
58590
2211
5466
1515
3537
194733
2085
1290
1599
17052
2352
17370
3105
1809
220701
52188
4215
2526
2088
74319
67809
3237
2652
123591
2865
27816
216000
47472
1125
3054
2478
1851
1668
3027
2958
1953
3297
4161
190227
23136
2229
25602
4521
3432
20703
3696
69177
2997
160272
2220
149022
2391
33825
2163
5361
75012
5916
7929
70554
2301
1725
79269
3048
3852
4251
1758
2001
2766
1293
1125
54123
4536
63963
2169
3771
108108
1917
22683
92196
1860
110418
77574
30081
31407
60585
51330
4491
2268
4488
28410
2463
2355
122214
200409
1329
4827
105504
3513
5292
83178
250074
2856
2175
4092
5574
289236
3621
1335
4224
2721
2178
2664
260787
8616
1689
15549
5970
2904
2016
123057
69744
1653
3165
112797
2262
1491
3459
1785
5250
104901
3384
2853
1188
3426
3861
22947
67308
170694
1419
73980
2244
130737
4110
3318
47403
3462
51045
4236
146760
2991
1653
58485
3078
9408
2811
3900
9504
2151
63927
152700
4842
63234
349413
4434
113628
1764
2736
88755
2262
3663
1266
132528
2226
2265
41004
5037
52860
13944
2364
2226
272175
52449
3273
1722
253701
4716
3276
3045
1362
17058
2796
4563
20556
2208
2265
2670
2436
87864
2433
215355
5436
21936
3216
1293
465438
181161
4377
3213
1686
3741
17520
26349
121638
2316
104694
2274
2181
1596
103962
4209
3234
76440
3993
2940
3234
3003
211686
3411
4680
142320
68760
31572
3714
3609
5046
165981
4257
12348
110952
44454
3456
26571
2172
180987
60900
125508
21600
20883
44718
233259
4884
2712
4134
2457
145311
23316
1947
1191
57240
2145
63783
38388
3531
71373
147438
2502
32553
3417
4419
3030
22467
3570
2550
2403
852
7935
3180
253176
99384
4290
7896
3525
1128
2832
87027
60135
3435
2151
4005
4254
3696
2094
2634
187488
3243
2418
370131
45669
3204
26595
158169
3018
73881
61434
2034
52728
109413
98229
3945
3258
2841
3594
2370
1797
1338
57030
19965
3813
3519
3216
107319
54426
80085
34254
68241
3354
4653
4245
3492
1935
2217
80640
586929
3357
20796
223101
8700
27438
132324
1740
1911
3102
39945
2466
267258
132249
443814
85920
4239
292812
2154
1782
1926
3483
134808
2196
1350
2553
1692
39159
22965
2565
3039
2757
3054
25275
301692
38841
147837
1791
4143
1509
194190
2556
2037
2931
3729
374463
67512
270483
2526
314892
169896
2736
36822
89955
2346
2802
3162
24549
2172
19668
58533
3213
1395
1515
34887
3810
1731
1206
3945
59220
3204
2583
2619
32820
6327
89031
4323
3966
37113
2046
3861
5319
3102
183465
89406
16206
109287
2715
303708
4356
57186
3606
18069
2259
3882
1638
3459
73239
118467
106680
1221
1440
2439
4749
1998
1161
370002
4155
2781
1569
2505
3849
3426
29847
4779
98763
3861
3858
2952
3300
2151
325461
2370
2100
4038
68133
1845
143415
2694
14394
231642
2061
35325
333873
3234
1005
59184
2325
23715
4005
5169
5787
198849
30057
3003
3183
17973
211926
2847
2349
1665
4305
3165
1932
4890
3063
191190
2994
1701
1446
7209
1617
3669
98919
2409
79230
2982
26331
3456
1842
4023
197640
49053
2616
168477
3210
67026
78888
1836
2757
252222
8133
760995
18153
2820
1248
4698
2757
26409
2115
1899
147864
2577
1266
3822
322269
3900
315
5739
30321
3927
3462
2928
4170
2277
4890
53760
3879
255264
1713
2256
3063
3522
3120
7632
6471
3594
3996
3249
10974
2265
2427
44922
6093
2976
4827
174267
171198
4167
41184
5172
84525
2805
96168
2010
83043
128556
174105
3501
20667
326457
1947
2364
3009
4794
95400
3057
3186
242856
2007
3306
5019
21357
6768
4581
15057
5082
2865
38907
4920
29286
1518
148674
3171
3978
224724
41823
5214
2766
3273
4695
20319
144684
3564
24579
3657
2469
2946
67221
1830
2622
407802
54015
16986
3168
3945
1704
148425
3219
3555
2091
4203
14775
95775
11655
14748
143010
2772
1830
2733
4488
2649
1617
104571
3564
1326
48009
143568
119445
6849
3564
135231
4809
46638
191178
119613
56802
4452
3591
56619
1500
61389
1569
97404
1788
4824
1815
2415
30504
52938
5253
1740
2535
2283
3480
2553
1260
7764
5496
5334
370278
10335
4956
2751
12804
4398
312153
12735
4212
204618
1938
3087
3060
159549
3927
29259
2724
40830
935838
15012
153735
2253
2628
118014
2499
2040
3036
144279
2379
3336
3630
5337
1293
2676
41070
1971
1185
2151
31920
3231
3240
48501
109719
1377
3054
5091
2223
140598
92094
2106
1818
7878
2127
5535
13449
4995
48237
5481
819
2976
2430
2409
46953
100329
37161
92871
3711
190893
3339
1995
80661
22536
30855
17085
3429
18333
148053
40923
4668
2418
3681
1521
3177
2439
12708
79896
5799
2655
15618
4290
3462
8910
2850
4947
2058
3438
1917
7005
1923
2631
1791
1035177
47295
3897
3882
3057
116811
151344
1683
2490
202413
132549
3135
48342
2313
1923
15312
1962
79269
4677
3417
2106
168732
14454
4878
1926
4719
2538
14844
4284
74229
88296
3867
45195
3618
1812
3423
20133
4767
59292
3150
3096
4551
2907
2349
4230
96309
3120
6936
28203
2664
2457
2565
3657
1815
72321
31302
2379
1872
4533
8622
1620
121956
4329
20934
1956
2316
3333
1719
624
2763
310803
178752
64005
16920
3528
56046
2805
4548
148713
39093
202302
3330
2559
2826
2388
2826
1461
5790
840
3807
3417
84969
2406
2739
1602
38925
3546
76695
2853
4371
2550
1533
130641
2256
5145
2901
17889
2487
2490
864
4029
90630
3729
2838
1650
2493
147672
48726
44598
3936
2616
2598
2190
3306
1812
57105
2736
113469
4974
29472
61536
2331
1533
3168
6039
1974
3684
717
2604
82176
34350
1893
71664
174603
3330
1737
27231
4680
1506
422232
1614
40497
404982
1182
894
39609
326964
2418
5472
127995
5292
4182
2511
362541
1515
2184
3216
3438
1938
3525
3939
5724
92496
1128
3180
177783
97353
1308
1593
6411
1593
6648
4143
12471
51570
6828
96795
1788
34761
12459
6849
4620
4416
1839
105465
54744
1323
41808
4455
2406
36798
22119
1182
2115
1218
105195
2421
1587
1377
123399
2013
140916
12636
5016
3180
79614
1938
3573
2004
11538
2121
18657
1605
3186
6504
1764
88851
4863
3783
3711
214305
1665
2616
95631
1905
2751
1938
2349
1497
3921
3678
3534
3168
2754
2538
1398
3876
680361
45372
2364
2016
1542
1857
1425
42825
3339
2844
27984
262059
1986
2979
2292
5631
1494
86910
1713
396849
2214
2433
31146
3762
2742
56988
2451
177813
5361
45084
136575
60471
2913
55923
24462
18954
1074
3003
58248
1428
4227
3192
1770
83202
2529
34062
3378
2481
4116
52095
87189
5118
2112
64629
2514
7296
1755
155943
43851
144852
36963
5658
4236
3018
2046
22014
4302
53466
6591
2613
3381
5835
1758
6183
98688
2655
27768
37518
6417
2670
253791
3339
3411
2943
2349
9414
2241
87579
3096
3957
1386
1500
21669
1725
10347
3528
1218
2313
4149
1842
1782
119958
12393
80193
2373
219426
5313
91152
2622
3642
1248
2124
5130
43356
2313
19419
2154
5631
12264
1710
73017
36072
3876
5973
34695
3471
2154
1593
1749
2802
3027
1815
55785
139578
1548
2406
951
4632
195078
2145
2211
2460
1779
4293
30450
1593
102666
2187
3360
2439
228435
1029
194070
56250
3999
2553
56931
4956
2892
78015
2175
1014
94410
40755
1413
3126
2592
4602
1533
51147
3495
5001
26106
6531
2937
3087
19779
23742
7512
1269
446718
2505
1548
4278
115254
2745
42324
5052
68784
36708
8556
4146
2421
2115
2160
5031
5178
2664
2943
66678
4182
167199
4983
3093
2349
1677
2538
4884
115599
3783
14268
2739
23874
2694
3105
47208
1572
2418
28713
1098
22977
1842
1545
2265
282459
14259
1890
43764
118305
202869
2571
3822
103014
2997
759
2817
2046
1722
146850
2208
3072
2754
3855
2388
2268
2640
1005
3762
3144
3369
4977
3141
12303
1023
1881
4566
3774
2415
1902
44835
1953
1875
16914
2166
102507
2355
3444
1944
3597
154635
95523
57261
12111
2025
44247
1152
31785
2748
26151
17670
4149
3483
288114
41976
2409
43722
99333
4419
4491
3432
39921
15669
3513
3885
2655
3189
4260
50382
2421
5385
3450
49908
180780
2883
2547
142401
1452
2676
76191
1908
1827
861
1362
137535
17073
3978
128496
61203
2568
145692
3951
4932
50448
2670
148992
5019
4545
54633
44808
3252
26262
2130
101232
179745
261063
2310
2241
3087
57357
10404
2454
201249
71226
32757
1719
2124
1554
5163
2529
1140
2499
4011
44883
33489
5424
58806
2049
2475
3231
3342
4827
106710
23991
70689
2190
126144
3777
2973
1995
26340
153039
1896
153696
2697
3192
2961
2865
86706
3621
2760
37080
33561
2088
24285
36699
3963
43947
2685
2802
34650
2082
94518
1770
2184
195033
2724
1932
3195
3660
19881
7023
1314
3576
2754
3546
179460
125598
81000
4074
3771
1695
1581
22023
2445
2592
70782
8952
160446
3201
4788
2643
3381
12213
1299
213537
168072
1947
2097
6261
4479
2667
67941
3612
5043
1863
2616
1401
4812
51669
29463
2946
46926
3399
90666
1851
4320
2277
2163
1482
156669
2286
185073
8976
171924
10572
4845
5607
2757
3876
9933
4836
2991
59679
2040
48054
100674
91005
27279
66369
4698
2547
3180
3606
68448
5211
2301
126279
73029
2253
3387
290049
888
2823
4212
4869
11166
993
85563
2856
2247
1032
4107
1302
2202
92469
2025
2127
1836
166941
4203
221817
238815
1320
1923
33999
4533
6516
1383
133710
102663
2640
3162
36720
380025
28500
1884
2676
40065
113742
57315
136638
1509
4290
63102
2649
4482
1227
1569
2496
3978
4884
3300
90996
2403
35994
53901
20805
7431
5775
3099
38073
1959
951
179958
70266
3825
6246
5457
197751
1104
36144
1698
267180
2655
156720
122964
94683
2259
1518
2424
3051
3132
3993
67929
1359
315816
2955
3387
4092
4428
3618
1164
81570
1353
2892
62022
5988
2064
245253
16902
34962
194295
2826
1701
43290
1449
1392
4701
3078
2727
26706
5142
4743
27975
61704
125688
2112
2196
2613
4287
4920
2340
87333
77325
35619
2949
69048
3384
3126
106032
3993
13806
3375
3921
24801
15237
9189
65280
18813
6153
60750
2559
4323
18333
1932
254238
2091
5286
2877
4062
1353
1587
2868
6435
1488
133551
1365
151722
120279
290754
30516
2022
4395
60198
2604
3483
195636
29577
90882
5340
60555
3921
2433
1515
74403
1716
3630
3810
62334
2682
2529
3021
2421
2676
4545
2379
2601
2751
103185
3027
4098
78333
82149
242700
2049
3456
30645
4092
75216
6729
64149
2073
1611
2982
1032
43608
2034
1464
3438
1620
2124
2178
7725
29103
2589
2247
663237
2772
102111
29871
21687
3084
3132
3156
233136
4278
4020
1254
2859
14148
2064
2928
1143
1818
1857
5421
2403
2070
3102
2802
2946
17136
3696
258801
45912
3186
1623
1170
87558
1746
3894
1977
88872
1167
85608
34254
8685
1905
3078
2253
283761
3885
32925
121506
2250
3708
2085
45030
8715
2712
97947
2349
1800
4476
2574
420423
1293
1134
192867
155664
2481
119268
2907
2283
2766
2277
2727
2514
5970
3432
3330
223191
3756
3621
2574
1827
105669
1680
969
2772
1944
32328
3045
1917
619782
2787
2391
76929
3879
2271
3234
12429
3510
2898
6324
11247
2277
36723
15498
141408
4899
2670
2022
182505
2505
4563
3570
22827
347391
1500
2898
6240
9687
1908
6612
14391
2538
1410
3918
2439
2442
1971
1800
2436
3186
74751
4890
304938
2739
98064
1674
60981
550731
1272
92553
4932
2685
5379
6693
5943
45072
72921
5190
62436
117993
31296
3798
83013
2499
3348
2271
4740
1371
4470
3216
2661
3891
2790
3282
4449
4602
197487
144219
289818
58224
41859
2328
187113
3792
1833
5457
112425
174936
230439
1560
87915
2997
2532
155226
2877
3033
4755
3015
2808
1131
97230
1371
2046
87429
1599
29634
295590
2019
4419
1470
157794
1647
2127
77244
3735
1497
163917
4953
76416
3828
2295
23757
2703
1815
3012
2367
43203
4005
4098
2499
4485
2382
5025
2394
1221
4503
4803
1833
55551
47403
2301
21888
2691
3618
1998
6189
40194
42372
2676
5322
2052
2988
96303
3999
2097
3471
3816
2901
23862
3714
1839
2019
127179
26607
4950
3582
3951
444717
20499
2085
3777
1671
34023
13755
1182
118797
82713
206115
1728
195123
4092
33558
1434
2841
2820
48870
2667
6624
2361
105780
16638
1593
2178
3654
3066
10272
1848
6069
2025
2760
2226
174348
13008
3369
3249
26871
9855
133812
3378
2409
2637
242844
2778
194016
4362
1686
5136
4125
13167
203799
2646
2259
2409
4425
89931
5913
3732
1197
3786
2661
4362
117756
2250
28308
134808
120909
2553
2706
2817
86037
52173
2517
1152
4122
2331
3186
4560
7563
1527
63702
2841
1863
5217
1530
3141
2043
4038
3462
2928
5061
2523
126903
2232
1491
3177
126849
43029
5013
5502
81954
1677
3294
39384
7905
2427
7770
97671
3972
218919
3657
3720
2682
38580
3348
18027
38793
62529
80199
78072
102957
2850
2391
1815
4164
303264
1788
2592
37737
2196
3684
42366
4389
58629
2931
1224
3699
3510
3864
3453
3786
22542
2949
118068
5154
16311
2733
185277
2574
5799
2343
3096
10941
1815
45459
115239
2271
2355
30120
3894
2412
3510
75786
24237
202365
4206
1374
1746
3249
4629
319617
2652
1497
3699
4323
2238
142629
2886
3276
5601
2994
3261
40812
2193
4053
184182
1704
4248
3156
3855
1737
5013
94302
3399
3237
96165
2028
4227
3486
79632
1998
2154
199845
247455
3798
130728
316641
5283
2943
1596
2445
134529
1950
2202
55284
3525
149916
2190
60579
7056
74781
207
9444
2994
128049
1962
2088
2748
1338
3921
64131
2934
3096
4191
1287
1545
2370
53931
2136
4968
3510
2514
134088
2685
1818
2757
2943
4449
104721
4230
5646
127113
3342
23196
7065
2271
4356
4266
191556
3639
2220
301848
84948
3756
2307
13320
332529
2943
7800
2421
59349
49569
4230
5856
1542
2400
2037
8136
2685
7173
2475
2979
2376
3675
32883
44124
3291
2247
35220
2637
2547
2172
70977
2283
2538
3600
3177
2574
3468
1515
74151
221235
1971
81270
1506
3441
193020
4785
2169
3303
131850
1419
1260
1353
5472
26106
3639
70677
5478
35997
3945
234039
74379
1809
4170
3258
2643
3432
1899
3492
19197
2313
166851
2868
3030
3528
41067
1452
54426
300
4056
69171
4575
232401
1926
73956
1938
72936
25611
19167
2982
1026
4200
2451
3573
2682
1506
8484
2751
89541
2943
1557
4473
3345
34788
7677
1515
3855
1881
2910
4038
95040
2829
3477
1944
3222
3498
34065
2511
1890
2343
39948
2670
322770
1731
4617
2460
48795
10608
37782
1278
4425
23337
125253
3096
2628
3861
2385
357
4233
22926
5961
3873
31308
143694
2643
2322
4992
2406
2337
4260
106374
1668
2133
3486
5151
1482
2505
2220
106581
110931
2835
196341
1914
3471
2052
3504
4278
2271
3747
2700
1932
4323
2109
1755
3612
1920
100704
282042
77448
3681
2910
4479
3240
1638
1968
4176
65325
3630
2364
4740
2448
396207
3603
13599
29847
393126
64602
297846
16218
12732
3882
1818
3618
98829
3576
4377
3681
2310
50544
60666
144813
1983
22953
2427
1908
74913
2265
1959
585156
2136
1689
3663
3717
80022
420
1956
33402
3378
1974
2091
2748
219933
38034
25527
6951
2205
2739
3276
2880
4959
2247
42036
3153
3045
2967
4053
2766
5604
5565
9978
3189
4149
64188
151440
2355
3690
129903
3312
2028
4491
4533
5229
2688
5931
3789
2892
74334
110817
2625
5745
17802
2970
3465
3648
1365
1593
6975
69705
1797
1473
278655
156003
1827
4440
4605
21507
2571
2373
4998
2496
3171
5934
3882
101820
2409
35631
33171
2742
2919
1866
3048
2346
2226
3213
1782
2739
2784
1203
2820
3495
1752
331569
64899
2352
3735
31437
2658
3078
4488
303774
3870
101724
2910
3954
3495
25113
72606
1776
4785
2844
2376
3711
5298
3075
1821
81981
1824
1995
4101
61056
53253
4215
3747
23265
2838
1686
1356
3759
2601
2232
11730
89487
37350
3714
3546
146811
2682
2607
2769
1914
84489
231261
75852
98031
2481
161277
4209
2472
4455
36042
2727
77196
1992
3777
3222
2271
1797
194022
2937
3273
3882
4872
2817
3165
3219
253902
2019
80751
2535
3753
230382
67722
2685
103098
3342
2613
2268
3321
17895
30183
2907
37503
3336
79953
29991
3468
6519
18462
2409
45585
65250
2721
30906
79962
5346
618072
133146
26529
3027
2502
90273
2844
2454
3495
2421
2946
149127
81321
888
1788
2229
5520
14871
3492
367836
144678
5103
2766
3489
2952
3594
1794
3198
3204
2058
84318
4779
5847
744
44472
142800
2172
4380
1752
1947
24039
1758
2811
2382
2439
4272
3192
34806
4308
34782
2619
1671
39645
3198
122577
2493
6498
35316
1449
71379
4344
308790
2658
3393
150114
311997
3048
2517
3918
4071
2106
135933
3468
5712
3000
17499
119871
2403
3603
3657
23934
22137
47994
2601
6099
145743
1632
56796
5010
5721
51726
2916
2586
6150
2856
3018
2664
1776
1101
467088
2742
2121
63465
4866
2850
27723
3186
2232
157812
2847
2667
3309
1473
63885
2946
3120
2244
4368
1971
418296
1503
21960
2184
2880
84912
1215
4302
2154
4017
29937
2754
1980
2292
3588
171195
4899
26418
22860
1926
4050
3048
2262
1815
2208
3021
4113
17871
1926
66006
2475
3279
4599
5880
3951
2112
2862
29583
26850
10521
2106
8169
1908
3180
5307
4737
2607
150279
3060
86133
108858
8814
1623
1440
42762
3066
3765
1263
2511
24258
5904
2964
2847
3507
134067
2583
4869
3507
20289
11610
2412
5199
1713
4410
48117
2268
67224
2400
2556
2226
1464
2043
3753
62640
2640
2499
2868
1518
166302
2922
1503
3783
3939
4767
49008
4089
107625
3447
4824
184080
20160
1266
4638
23685
5979
87198
3414
2490
1851
2373
1863
17757
3690
3087
2952
142503
5298
2685
36756
57669
2121
149889
3081
1305
3651
44442
2730
2007
1425
1533
3312
1485
3057
3678
344121
186597
164925
1716
1791
95829
4134
54282
21306
5409
3537
4878
2979
2877
60141
2826
16068
74799
13305
2148
67830
5361
5781
4572
3285
1596
1728
2472
183360
2499
3357
144525
22062
2874
1637052
2205
194661
2376
1272
4467
122832
5043
4650
4242
1809
213360
195567
3840
2070
1935
1608
65073
97674
3345
313746
11610
2562
17229
109563
27465
85899
3291
73263
2139
152877
128460
17613
1932
35622
2094
1734
7923
82689
2586
3156
4167
101301
3618
189933
3804
400341
2124
276234
25281
2421
2472
52416
4605
3129
166734
3654
2997
3549
214347
2646
4350
6480
3195
194928
4614
187716
1950
2145
40893
2688
26943
124932
44547
35583
1641
2373
1890
2562
1251
5676
2631
1590
221112
801903
73899
2610
2997
104007
4977
591
3933
192558
1428
1785
61551
376398
3546
1329
148977
2745
2607
22101
23616
2310
3078
3861
22260
3204
3573
1980
2349
7476
85758
3222
195201
158967
153072
2868
350364
37191
17556
1356
2175
2826
3771
159918
3570
14481
2805
4272
734748
2049
3531
45945
11310
2514
23517
3339
2409
1416
132114
61668
53340
3291
3318
106734
2664
174126
1992
109002
3165
1452
1002
74916
3102
3006
2550
4350
3456
50673
1581
78675
2061
44898
11196
3819
139863
45708
273207
2682
221409
3810
233571
2529
1560
6177
2082
1329
2838
1728
21708
343074
112479
1854
78594
3744
2178
2061
79425
81456
1929
4350
62667
15660
3957
71496
81102
2214
2019
1671
2523
146727
2823
4179
1779
2319
3396
5211
4629
2316
2259
2337
127860
4500
98874
3456
196245
1878
4023
155223
1746
367098
2664
82914
710652
64233
18597
3828
4674
1848
2184
331845
1272
173199
1707
66051
145560
2379
2274
4104
3273
99045
3030
252315
87576
3018
125883
93303
3735
1959
2829
2922
1971
2316
4521
2433
24030
9663
4299
2001
5178
26262
51201
2469
2313
3489
1587
94650
1326
219993
3021
1656
165879
5217
61764
22524
9288
2649
3324
3318
104859
3936
57735
3573
18585
271275
2253
3540
38052
3021
3828
2889
2787
2892
4212
4674
1065
2061
490380
1857
3072
3273
345651
3207
2352
70788
171297
2763
17541
16533
3009
20025
2127
32868
5136
458133
2517
99345
6966
778674
133392
3030
378168
1788
22053
92715
291069
2946
1341
2685
3819
219336
5610
72870
4002
125997
2559
3129
115833
3039
313452
46569
47124
3987
2019
3603
29529
75156
431814
244248
6351
401544
90402
216114
3555
3237
22761
3999
4863
4416
77745
1641
51798
17244
4617
191112
4491
264879
4191
3303
3069
1455
1908
5649
253239
2253
3708
3879
356721
2202
18693
11634
2889
2988
56700
2760
76401
2382
302217
2709
2097
4890
101088
50226
1290
2598
40998
22230
3090
36966
121077
219558
5184
2337
371325
353304
2178
16107
1590
1653
2697
190701
33567
142863
2670
2040
37221
3873
36018
5448
3597
343821
264831
2847
2190
20058
2976
2658
2646
1596
3435
23058
3945
4635
3768
3606
5817
133536
114567
225900
95292
2847
156651
1674
61386
6078
5382
78021
506697
3582
3894
5949
4005
117336
4407
2904
224214
132378
1941
3771
38655
7101
4923
1872
1383
1851
261768
4536
1365
180606
2823
2595
1563
5118
16593
5616
264051
3513
3915
3357
1347
143328
1728
3699
87054
327390
86529
4113
4524
3492
51942
2883
2034
3819
5562
1701
2925
69240
2010
98922
299742
2718
888
519717
3621
182895
2673
24882
2364
76407
138519
18510
1464
79872
3279
3282
4098
2856
69624
2814
3516
3318
2958
28533
2616
115239
3537
16017
62724
3582
2547
2916
3459
2250
1620
3666
12621
1713
106833
80646
319884
27270
90777
2217
64212
689793
1620
17136
348684
2970
2529
6168
2514
138609
10179
3621
4299
1701
2679
2355
5259
118542
1377
39078
3591
74499
2736
3603
134856
1581
42030
2739
2403
31101
32580
20757
3513
97239
3054
82647
1914
20256
4704
120993
30225
2703
2172
52164
3021
35502
194715
142983
2385
48624
5313
4263
3204
3171
4218
25983
46047
3840
3291
296190
4143
3618
1824
2427
4437
4038
4353
2991
120507
3678
1422
4248
184881
3189
2289
86166
198450
55050
51792
2067
3438
202050
2583
4833
3306
15954
49446
52167
5829
3906
275511
1815
135891
2358
2571
2493
60399
1596
2415
115698
2718
247353
2631
529647
105573
5352
1767
2076
3561
3480
3462
2550
5460
1944
51798
234159
1593
57300
3198
7341
99876
348606
65721
36495
281652
59892
3282
5385
91980
4041
6417
3378
126525
2097
2508
3708
2436
3672
33342
2250
72093
3867
6378
1467
17835
3726
4635
176346
3462
3270
158646
6672
2376
2715
43896
2295
445527
1845
4086
2559
2724
1590
68166
4641
2517
109575
70077
2382
4242
83202
32937
4890
4011
91377
112956
1815
39405
2121
4200
1422
1248
73023
56940
101025
2181
39702
3891
1827
153663
3519
33354
1848
3183
2604
5112
4269
2796
1623
1476
1716
3318
211998
327606
4407
34263
1506
1821
55134
1476
3945
22491
2157
5247
302013
100044
4104
5154
12093
3897
35892
133551
4251
4617
69051
262872
75231
220629
2334
2790
5031
2010
2283
2535
32610
3267
3192
168414
4371
3468
4317
1098
94758
2514
72459
123615
24432
382740
14007
2895
123987
124398
2646
2529
72699
3084
3630
3954
2037
1728
4668
2268
255927
3111
63537
4236
80067
3756
452919
3099
53712
142128
2652
119433
2262
1794
5418
4044
3408
3102
2256
3867
160209
20607
2637
3516
1701
3201
2145
278163
2847
3246
10362
3075
123933
85491
1896
1074
3051
3654
69783
85953
379482
7401
3732
167448
30231
42951
180240
4206
4692
18069
246504
199041
4932
224316
59334
21528
227049
5874
308313
4086
2481
1767
110181
4344
5079
68436
13251
4926
4032
3195
4812
119190
54690
176868
30717
2985
164616
134223
4389
76374
110085
2091
91347
1908
1896
2562
148686
563085
1557
9645
438327
490032
12042
169674
43581
3198
3009
25809
2733
30378
22272
40665
142989
84153
41982
2256
3615
281358
2853
5031
2514
500178
2220
3027
2142
1716
143355
1974
3135
3102
4605
3078
2616
152814
2289
3078
30339
6162
2235
2397
3492
46998
80925
90885
6147
4446
1611
2625
3534
708651
2217
3438
65589
1341
3666
2865
4896
155202
396
7131
118011
145071
229761
1812
3831
1851
69456
167316
1470
2148
3513
2379
2070
3099
123090
2469
3075
54192
1644
3774
1743
4119
2730
2025
318201
920970
2769
44871
219945
2202
2367
58497
60351
3288
4485
2655
3756
2790
2850
281781
16371
2502
379041
5931
2874
2943
2328
117504
91239
5799
1992
4644
2646
27738
3777
2175
4734
5859
2412
2745
2982
35388
171921
138948
5649
40278
160029
3609
42888
3396
4476
109518
3390
181212
3843
73521
30798
1662
3351
48897
3645
529701
4284
2820
242580
2427
3195
4893
15072
255165
2688
2271
2808
24180
4020
1152
5550
6354
4293
1311
2178
131562
394221
1452
27090
3444
12027
2181
92163
2355
2061
309591
2856
2394
1530
116034
2625
2313
57837
19647
3861
3210
83079
202455
2112
4677
87900
2181
9906
3186
4191
2376
4401
4461
3459
2763
36216
126579
2727
500823
265428
1989
181008
41346
142812
286617
364044
76515
72012
3270
1842
79101
41814
1908
3711
2943
59037
2352
2016
8604
1539
72939
2670
5049
3852
2697
191952
1863
2535
2103
3237
3357
2193
35451
102294
34935
269679
1473
7218
80988
4149
73722
2934
3453
18063
2796
63567
2820
18387
5043
4152
676302
3876
2190
1938
46215
3114
51897
4674
98484
2460
149109
1572
351954
164598
156291
12633
90261
1725
4758
2814
2826
74697
2598
2148
5115
103878
41667
222588
3021
51648
2514
3492
4875
2493
4770
2424
76989
4407
4626
2286
3150
409368
42837
2433
39702
20298
2709
12471
1812
3471
241554
130845
456822
5685
356823
2217
444090
2388
4371
98379
77292
345408
1695
2349
267648
103941
2559
3948
5460
3573
24123
48381
78102
4398
2985
6084
2772
155394
87474
28596
3669
283083
3234
1824
139428
2400
1380
63864
3300
4872
2124
3423
1770
215205
4098
3054
216816
108471
2820
10278
2949
2442
2604
16680
1749
4878
2895
128514
41031
2841
4263
193197
4233
61422
2886
96828
291354
2466
6051
84309
4587
2439
3453
4404
4422
2058
136662
3978
3744
15216
2904
36171
3621
2400
155775
2997
1680
1437
99216
3297
3006
379020
1659
88362
2700
58443
145452
229752
2073
94599
5490
2646
39102
17343
4269
2403
17202
3615
83028
3834
3936
371859
5190
128961
2973
3411
2937
138516
20289
94764
149694
1713
2046
8760
53517
2760
1848
75021
50463
4746
202629
2196
1827
37722
15363
2457
3543
35178
1407
2553
95247
3888
788544
53451
53178
2244
2394
35931
4566
4446
55857
3474
43851
16902
46911
4425
252345
2541
132021
3675
221970
4083
8229
67800
5037
254628
54216
2250
145587
47643
1905
2616
2364
52518
20553
2607
2652
142362
92253
91875
2703
25914
2424
2478
1734
2877
2358
1947
114426
2472
161433
38904
98493
1710
75225
5100
3141
48348
87825
3306
3267
33390
3471
35268
22059
2178
2589
9582
48462
2196
2856
2778
2289
1731
1614
24102
2193
2940
152913
76719
115584
47853
187959
3027
2358
6045
3504
3240
2196
2289
7944
5118
3045
6057
31596
3681
3693
3147
2088
2310
2145
178875
4764
1389
2589
1413
4044
1854
12528
3918
1887
2532
2721
217911
2853
134289
46638
123312
2877
127323
3228
21021
1794
2070
4311
1488
4584
2964
2937
3450
1914
3762
144579
3345
12894
65694
1620
1863
4875
72849
45543
2736
2061
4593
2310
2634
36267
240606
1989
155922
2550
3435
3756
155403
3333
3999
39360
236706
1833
1863
13503
145035
4095
32949
3228
4977
63243
62757
251532
3018
94047
3159
1815
2880
442959
21537
3633
142365
168780
2178
2646
41052
2610
2037
201396
2349
20523
35418
1893
2538
122781
3831
5118
2796
3054
390864
82269
2430
1299
13854
3012
3513
22836
4953
3072
3609
179520
3963
2523
5562
144786
2646
91188
80319
2076
4386
204081
19788
2268
3309
1650
3078
1938
280953
61077
25257
2457
2580
2289
79182
2643
4005
88779
3354
4767
63831
6555
5193
42600
2715
2244
3189
21231
42210
1746
2916
59346
1647
91059
3369
18645
148773
27447
4167
3066
205887
73020
52224
5283
4284
3549
1947
510978
3024
1596
129588
2619
3531
1458
3951
59421
46476
23007
16854
3189
52503
94911
4116
1758
3432
2649
3093
56841
29211
2529
47715
75360
127671
3501
90912
3111
2043
2370
5592
2616
2547
101118
3714
4461
3828
1953
2691
2715
21174
84936
3909
3921
142239
2412
1356
2595
3219
2403
3852
2127
5109
2805
213639
5211
85296
6951
28284
2655
28317
2838
3504
3075
3096
50091
4869
3096
3828
2487
88185
2142
195864
4887
60267
11991
17352
3432
260139
69093
4353
143955
4977
9681
3480
108135
3039
3687
34626
30645
34359
137670
3735
4530
173430
210888
135501
3972
78654
47043
4623
1830
3042
1806
99450
1641
45723
2907
3384
1623
2793
3720
2919
5847
2742
20658
3138
170763
144270
5574
6645
3015
198738
3060
59001
4851
2757
42000
2643
3840
3540
3351
4662
17862
4617
2523
2889
51870
1638
3378
70464
51069
146727
4542
2439
82506
2859
40014
4452
293847
22737
3600
1437
26046
4263
2235
245013
2808
73530
5067
2451
86361
1659
2358
2121
70758
219045
5319
261471
4020
1536
2124
2838
4659
3012
121683
4005
4056
3108
64752
108024
61341
3162
2571
2829
1602
3828
44298
46341
8028
2823
71673
39213
10182
15081
24267
2364
2166
2220
4908
7047
36483
5256
106533
3141
3660
332388
2175
2262
3261
4029
2289
2952
138942
147384
3780
1143
4491
2121
96942
3738
39501
3033
162243
88206
3426
2517
1767
32886
17871
2253
47823
3390
4026
144267
4902
3021
12075
162435
165156
2961
4602
3033
107958
3495
113607
7173
89946
5061
24357
2988
3360
50985
39600
2622
24984
1701
3198
2778
5313
4677
2844
2553
593151
125838
1635
1713
58626
1890
3297
2841
2634
49197
4386
38502
252045
20913
2736
2811
36726
3567
85281
2679
14250
314919
3906
2004
65763
4632
10512
2523
12039
3372
2826
2937
4365
156981
143292
2913
1980
1965
3186
1332
5616
101733
76476
5529
46287
3453
1362
92538
1512
2121
389670
2388
2850
2349
18426
3858
49701
2811
2796
3057
4287
1335
1902
7947
90696
110961
3195
81837
2136
42924
480513
71661
10686
143163
3435
4308
242265
12768
4668
1611
329151
3237
2784
3891
161613
2874
71778
141159
21555
135126
3108
3375
14049
3378
2124
3714
6804
2955
2532
144753
205617
1914
2403
3825
2667
5220
2865
1926
1059
26880
2487
6651
58200
1536
7404
2166
19362
5139
3942
2805
4845
2172
2607
4224
1269
5685
127170
2607
74319
705
5190
2631
66651
592455
366174
3267
4773
114024
8988
2385
54351
2517
156273
1536
4146
1770
134913
2679
1869
48171
260787
3636
3747
2433
5055
24048
158262
98511
2886
2952
2937
1428
1359
53247
2715
3234
2910
25512
4239
3120
133857
3567
43326
40884
423348
1776
3714
126696
1941
3912
7164
122697
27048
648969
2982
1986
3453
62928
2172
167805
3168
1950
597501
3399
40263
3093
1260
5340
91761
379686
2472
2640
52947
144981
1872
17706
2343
3258
3027
3348
3288
2802
5178
7290
1851
5394
3141
2427
1989
100995
186027
179550
4986
2874
2577
1512
2796
1455
13497
4614
2499
3759
1890
1815
222597
37182
3489
202077
2358
1458
3756
217986
73422
4707
4059
2499
47070
2268
113073
50949
231465
5655
4041
101136
119616
29076
1842
2265
2862
18954
1587
2196
5997
5271
3162
2835
2538
2997
3204
1656
153657
5817
215655
81210
72579
1767
40014
31260
147099
3810
2931
5379
4164
167790
2859
5490
2130
1701
99192
249159
249852
2619
2877
73437
3039
2616
54819
47799
1932
99549
3066
2613
30096
577953
4506
1794
3093
1872
4107
9174
4851
317844
1341
72828
18999
2571
47292
116190
2838
20103
4128
2310
1992
32727
2082
5295
326481
2604
4458
1338
2478
202350
5589
3054
32724
2679
6234
59847
161592
3222
2625
86742
30648
2979
1878
94455
2649
53547
6963
4512
3609
4008
2610
38406
271677
6618
1431
194901
5037
327
2838
239904
1494
14568
5694
190032
1287
3621
4461
2541
63417
2397
3144
160857
5820
159756
338244
2544
3783
2532
4740
243513
2565
4920
34179
52557
23568
47121
4146
110844
13377
30606
3060
5658
1647
4353
4218
4023
23556
2682
1962
7761
104331
2451
3291
5670
127401
69423
55917
1611
125622
3816
2676
3561
2283
4194
216186
3024
3870
72726
3621
2892
3222
136341
1947
1716
2355
3378
290607
3327
67770
2949
2712
7851
1995
2301
2487
990
4083
33996
53286
4647
3534
20469
2391
1257
2970
2529
23685
118476
4623
2883
20091
1842
2724
72612
3324
2967
63954
111306
70419
60912
4449
4578
37632
3258
4521
4251
69369
41115
3051
2412
18207
33462
2547
185379
4875
2532
30699
3981
202842
1767
47094
78426
3447
28803
25320
3741
180600
2133
3414
67512
2472
3339
131292
2940
1236
2805
114420
5292
2727
1329
142128
13380
2043
1602
18783
1854
1143
4530
3459
52305
9669
159972
4119
41145
1728
2415
3225
4353
4680
3381
98994
3642
3906
1794
2556
228498
12945
2895
1956
2235
1488
2520
56550
2682
79974
3750
19533
29274
95472
4038
63414
33384
53502
4611
2439
1701
2295
2256
19863
4617
52587
4632
17145
2751
3108
2124
2835
1779
93837
2445
385218
3126
129663
50598
14289
112467
1995
1653
43482
4737
2457
1119
15039
3390
771
108573
3660
2550
2682
182172
85008
2058
158181
25797
5145
3732
2775
44742
2190
4767
1512
110199
1491
235962
3123
1554
4557
2112
1944
1809
5952
1125
63900
31941
279510
69390
2049
3327
2496
135828
3474
2367
2835
4236
129282
2403
2442
86631
169017
1716
1971
2454
2334
2952
143172
5523
1665
2409
58869
39855
3909
1746
28713
4338
1518
2904
3792
122436
99042
83688
2007
76305
3924
220212
2685
3930
33036
14427
1566
2856
3342
3687
2772
149109
3864
290772
144126
4560
78288
2286
23628
38379
5154
69123
130269
2310
292863
108957
2205
21960
48744
176820
23820
4524
1749
71877
3168
2262
1824
2442
2436
3186
2562
2838
5175
2418
2499
2895
4353
1269
3594
1599
4293
19662
3918
2328
2439
37206
1485
492
1452
184884
1272
122838
102042
24003
28908
2127
154686
156603
55815
10365
3813
163095
3345
92196
211776
78816
3606
4380
3291
14880
3675
3138
2196
3912
42534
2466
3927
2862
1857
111438
4875
4929
6459
4680
4296
3432
2310
22383
1995
2619
40992
4560
2298
67506
3891
3327
359400
4041
3393
2325
3225
155679
69324
2334
66405
2751
2985
2901
142551
27684
3690
3606
1824
4233
47364
4323
2274
3324
21087
124941
3042
4599
116205
52593
9408
24894
2955
2853
2082
56622
132321
2112
2226
1935
74193
57291
2766
1668
4230
117162
3867
95346
4749
21084
3375
66195
85122
72147
26067
3393
3669
2589
1743
3330
2505
1674
1401
3684
61575
2859
372411
27450
121956
4683
2025
4938
98265
64929
387534
4164
150306
4758
11295
9318
2331
154290
34527
33600
3219
44268
3279
1782
2448
9720
2913
280575
115422
371154
314673
30387
2997
456552
2472
3597
3090
115002
3132
3150
127980
19008
4326
4503
84360
3021
3012
3327
257727
1755
2616
2679
22821
3156
3966
96900
3510
3429
3495
25941
2193
709071
2937
30066
8961
67470
2814
3312
2349
2988
39489
3093
1449
3366
2781
3195
2364
3600
4002
52911
2958
2790
6345
3594
3522
4974
5055
195069
2745
2697
3144
325413
71532
2409
3294
411
1905
5073
4251
328863
6336
3087
2208
3330
5442
2367
5544
188163
3564
2625
2502
9129
3459
354288
50517
226347
1668
3840
3894
2400
2025
3822
2787
24624
4632
5028
1746
2190
79530
2175
64026
1323
2775
3117
70947
2529
4077
142305
364353
30897
2796
2982
29934
203895
5946
4776
2328
148656
5346
1815
12564
31380
3054
3159
21168
128844
4368
1356
1671
300552
4242
65415
2598
2811
2478
963
3948
3915
4641
3480
33042
3663
2067
2061
91143
2778
201084
67371
143028
2652
1896
1941
21717
2478
4152
2496
29313
376320
2532
2223
6090
55467
11454
2280
2349
2832
1779
3282
3885
2391
2628
4200
2544
10410
2745
84504
3786
57975
2526
1806
2274
38193
1383
2772
3180
2139
300258
2838
3216
110571
5301
205125
2031
1431
22473
67212
42441
216858
327747
111933
5310
161889
8733
4008
21996
291
113745
19080
3171
91791
123951
2523
2892
61884
1395
59898
23709
59991
2139
3231
3294
4311
1497
422769
33483
75849
5052
11076
6189
1680
3582
3543
7611
1812
1842
1962
3555
1830
3240
26565
2868
1509
301743
3222
238521
51684
2994
170727
2769
92310
3183
30123
4839
83592
1731
4515
3411
2784
2220
132375
1746
1536
3003
2625
1488
254079
53049
2064
203973
33474
38910
19092
156324
3249
1755
52014
2661
22956
2040
1413
3645
1671
3603
3549
5124
1488
3789
3252
21993
1875
2478
15540
1998
259548
3282
4488
115737
13416
2958
114843
225393
3873
81990
1488
18069
4329
6396
296181
268917
3708
2265
306
165432
216
306
318
315
558
72453
735
1491
498
633
909
459
357
55302
264
615
570
303
918
900
603
111729
597
498
288
1554
456
537
633
155136
1308
660
852
198
552
1311
1149
3513
198
918
1080
270
804
1428
738
38937
1224
924
375
573
1920
405
231
312
225
291
603
495
1161
297
1047
38400
927
1758
1236
588
228
372
1302
94020
1047
432
576
636
282
1089
1143
160713
438
177
972
444
822
183
411
74349
3171
390
396
453
1890
2394
1371
1563
414
342
1155
540
729
270
219
12021
522
813
405
450
264
2550
774
62946
390
930
1002
294
594
630
663
1416
306
459
888
288
288
531
930
125436
2094
408
270
651
501
666
402
29151
615
2037
390
303
888
693
201
43662
2625
396
291
1161
525
465
444
44997
666
219
354
1299
2163
216
714
49524
1506
522
1494
1224
372
261
282
109458
225
1230
246
639
1200
303
390
356838
810
2901
789
288
2337
195
309
300
2067
474
738
1020
399
375
294
37917
1080
459
738
225
1137
600
390
150858
384
561
471
1362
375
1689
1194
212385
888
1137
309
1401
456
777
357
50619
351
927
471
300
1344
867
858
27726
966
291
741
756
471
402
810
39123
300
4185
576
303
684
276
264
56061
528
303
354
297
297
645
1194
2214
822
177
291
627
822
1200
174
28824
423
411
288
1122
1812
303
303
27240
570
312
1146
1560
294
885
1131
91059
432
1365
1500
195
396
1587
1008
30645
630
720
570
2892
546
426
522
567
894
438
1203
393
627
513
1113
80808
1134
558
393
2373
1224
213
657
4644
561
912
297
669
603
819
213
1116
567
393
273
363
447
723
2421
642
417
465
1734
402
408
408
429
64251
1365
396
459
282
258
645
303
1197
474
366
621
219
174
2379
483
65514
360
228
405
399
1356
1266
345
198567
429
1596
549
465
663
273
228
153000
597
867
492
573
852
801
645
71811
303
675
924
402
378
300
2067
31965
687
369
2064
549
546
906
171
229662
582
177
837
1002
363
438
633
18294
1212
639
1041
387
222
534
453
11325
204
423
1014
507
2595
801
705
168774
1545
1371
312
387
1431
513
813
6699
648
513
1812
990
1161
537
1542
36651
216
825
312
2799
501
966
750
7083
459
411
546
405
384
540
288
126279
729
1305
1065
372
276
2058
645
1107
1305
390
837
303
519
1305
645
9687
729
222
561
504
741
1581
405
9675
1269
741
576
285
810
528
459
4752
390
216
282
483
1086
384
831
38067
690
747
204
474
618
282
267
180591
903
267
1086
372
1206
711
216
8064
207
483
639
1329
744
366
1086
74010
747
921
267
1092
582
399
285
38769
387
705
270
1026
702
3165
417
61098
264
396
432
303
213
708
393
56616
2751
1107
285
5286
1011
267
537
27615
1137
972
603
381
198
804
1614
15498
411
861
843
1926
180
354
540
166431
579
444
1557
570
255
297
519
91101
504
744
390
438
714
285
450
11274
210
663
1665
423
588
297
1086
183
1080
465
666
444
252
213
1254
34833
624
201
1335
1101
1293
1041
873
306
390
543
1539
528
549
2514
951
124137
1431
588
195
1167
462
606
651
2046
366
450
975
312
459
264
402
268551
435
462
561
582
528
273
360
23922
486
1407
2193
618
270
1002
420
720
402
813
285
438
381
1035
510
77481
378
297
1770
537
276
501
2358
6141
2802
726
867
822
957
192
1401
30042
357
570
459
741
576
513
981
291696
996
201
282
276
489
309
471
14139
552
636
324
693
1335
759
768
12096
801
429
615
984
801
1614
813
10227
258
1323
294
258
369
399
408
462
258
300
1161
432
870
399
1350
56169
2268
630
900
1272
285
1281
375
495
228
309
558
306
576
1386
630
93225
396
204
768
264
282
552
558
164427
198
1800
1314
309
702
714
306
321
1461
285
213
1122
552
210
264
226305
669
372
180
285
216
843
972
80268
171
888
399
291
1155
300
621
2088
783
606
804
198
288
780
474
9180
303
294
651
897
1650
171
1089
87264
528
402
492
480
1077
1467
537
177861
279
273
900
417
669
570
285
102507
300
291
858
537
564
891
792
231
1671
1824
366
378
1917
405
1038
119904
555
999
219
987
714
1809
1068
128916
1125
327
1002
1014
873
297
1848
297
687
492
1809
2283
717
288
561
852
1446
537
1131
300
306
1410
1563
85485
2166
1116
564
228
201
459
306
303
558
387
543
369
2025
597
1563
3063
969
1827
1302
819
1023
552
657
21012
471
675
258
603
201
834
315
177690
447
420
627
213
303
216
378
283119
396
1326
303
864
1212
465
399
71943
222
351
423
384
1485
357
1053
61689
351
276
492
570
177
585
513
105666
210
567
618
552
219
399
2190
18783
516
453
1506
264
291
381
210
201741
852
774
768
210
387
984
672
193929
2646
426
378
291
1494
252
1707
56532
396
1227
255
762
816
1476
960
26994
1065
198
939
1221
597
663
642
33660
633
1395
204
1086
264
633
771
5196
528
219
522
963
2607
792
525
39330
987
2025
1488
1008
285
450
414
139248
969
1464
273
564
1020
213
267
261147
678
831
948
588
213
390
393
256974
300
207
219
1254
561
1260
270
40023
2487
774
1647
465
648
1992
1152
120753
351
1248
267
312
1761
189
618
226572
513
1188
210
399
594
948
1122
60546
20295
29496
3558
4011
6297
123138
45501
198204
3750
84852
3501
1776
2805
17778
2079
87906
26823
110463
1947
2547
2865
111252
205785
2991
3597
5586
45759
4152
150390
71298
12987
49524
3084
2793
3414
8241
13893
6453
2277
6564
4101
141381
143817
375090
70407
169122
71496
3537
2880
4446
89673
6171
4236
94269
6129
5964
21219
7155
4863
4749
76272
72510
281262
180039
3876
11580
4692
116169
84681
5541
6369
4878
41808
3453
2571
219024
330573
3321
7488
53439
130566
3552
6267
179214
3288
4374
6051
4152
12894
46626
123804
4647
7455
2433
22590
4644
27027
2871
4125
4809
239190
6135
5031
401670
218382
4506
1656
4674
39546
4050
2763
87909
29388
7647
24720
6612
79173
5085
60942
2661
4824
13881
3381
55155
4224
112077
3822
343581
84705
2223
312537
4458
59013
4506
3081
3495
63249
37851
4692
248511
82899
4050
5952
18156
6030
3867
179568
627978
3543
1983
3444
2622
4233
7530
257337
166848
44067
5136
5901
4869
357507
3555
67275
2496
22440
4632
113403
4752
3381
1740
82395
5664
2280
4359
5634
4428
116256
2235
2583
3273
5844
181497
22110
2925
246162
5067
3219
3507
27036
9312
5706
169263
3216
3711
87975
3396
27105
2289
5661
3453
101016
4890
22566
2286
23277
1854
3633
7293
4377
37326
3543
336027
205440
15531
3519
41448
3387
9210
123840
3759
221514
5721
2904
121476
533034
14199
8223
44919
77787
68901
217320
3531
195477
7989
5190
3504
25953
3462
3510
168429
5079
3294
27375
4818
5022
14679
4362
67113
34734
28626
104214
4749
4338
5178
98367
5115
50745
122550
4122
13233
248379
3048
3936
3030
107367
144816
9057
206520
3543
3567
72354
59271
3123
2883
4965
3696
184359
6264
2265
121287
6927
3312
6144
331326
32736
6330
56490
2421
88119
296394
32250
4347
4233
5631
4392
7893
128520
30321
143835
193812
8079
2769
39645
62946
4986
3918
3447
5583
3387
2871
12549
4632
7584
4998
4803
72177
145131
32115
112962
198516
206556
5193
2364
307353
43245
3570
107826
12114
2607
1929
7305
5679
11580
5097
2220
59880
97677
227325
22659
147132
2220
6615
34932
1827
27849
67743
239403
4305
3375
3639
212061
5787
34614
155334
3927
6165
58653
5394
5958
6294
4053
44691
3189
299160
7194
3273
5016
30603
31626
24270
88296
5190
3597
4101
4272
2346
71130
20097
6036
186324
4200
17211
3123
6222
113664
252279
5691
138363
4833
4068
74139
122019
4230
5988
6900
100353
27333
105093
5505
3207
5493
68634
5685
115557
22338
46584
4197
118680
4068
32604
5367
4302
5394
1950
7023
139440
2514
4527
3909
82926
6357
597855
2244
50379
87516
213918
5142
47574
4068
2199
20883
2778
113556
5094
6015
2793
58506
6117
5364
529038
89289
201225
28209
67941
6183
7659
6336
64980
5325
42495
2859
361983
33882
4899
3789
55239
3270
130557
37035
4695
33681
33795
68202
166797
23775
6375
5160
157545
8511
60000
4914
62250
37755
9156
132141
81222
132591
29019
25548
7221
2448
7593
30948
2859
7110
4116
5346
84069
8283
231822
39513
3540
4566
302904
9435
103068
7173
4668
4911
355749
20898
19596
7839
2685
3780
52461
27996
5280
184230
44160
316533
3087
22524
48780
5040
77841
97506
70287
3372
17607
135681
1533
145224
2652
135921
26040
4404
5835
14463
4890
4746
4998
4500
69219
2970
3234
8934
24948
2457
37131
8583
15351
205266
39234
5337
3006
3432
5487
230397
4512
5397
3855
195285
3849
4494
3072
4938
4743
5628
3138
1335
4290
212628
3492
4971
3600
3852
40917
1620
3081
37386
37026
11832
30552
4257
18210
5073
3564
117261
3867
5481
2529
139572
5061
127065
4857
7011
3462
136380
6669
2211
5034
3381
34929
3009
4398
3660
68109
4554
20832
127128
3771
2739
4179
2322
4722
6744
4194
4305
3516
6729
125610
32559
81174
28443
77526
4260
68223
109134
189231
6135
4923
4473
5415
20490
3531
104916
3594
5937
6642
81156
110682
184308
116097
69939
140610
3375
25590
2655
3198
5505
5676
3249
3726
187680
6162
23808
42000
5937
5577
74790
341118
37305
26964
4521
69084
4737
43944
7866
6057
4863
5244
18699
4176
195849
1599
192279
5256
5898
5859
97164
3642
5469
3399
4392
134607
25374
2595
12681
5700
84507
6393
2496
385044
4740
4656
6564
4083
3858
65652
7005
64566
122028
41919
345588
103146
5946
18762
6180
38523
51426
7080
364287
60297
5514
59520
4242
115464
114570
4281
4371
6369
3576
3915
89547
3762
45237
4929
4641
5718
5895
5880
3366
4971
3831
2613
3060
5259
18141
32079
9342
335067
19902
379284
122325
6378
250314
9909
4455
250203
2985
71649
12369
3810
2709
35751
47655
8619
5013
8151
182292
49626
50811
177450
188091
11760
6753
34203
2997
46914
10563
109719
234156
6432
3489
291240
100017
104499
25734
130878
13776
12885
757254
4461
5094
279879
8070
5346
54528
5550
3783
3915
7002
2607
26868
207765
5373
107091
76272
218547
3339
4323
5244
5601
5340
83376
227094
6159
4275
3354
1560
77769
82026
20904
5769
5577
52197
3180
6831
7317
17010
5514
3696
55470
141057
3873
146679
6039
5403
6015
3180
4941
231951
4863
7476
184107
1311
46995
164925
93411
8796
27252
6102
191577
571857
36144
6186
189123
6363
116343
4188
4548
3117
4935
3822
79512
9477
75609
3450
14691
105897
137997
2841
4026
3987
76299
4095
3012
3312
255495
6111
5379
4872
49401
46929
22761
5640
7251
4605
2979
3660
55380
107037
47838
4047
9234
4548
261291
133545
7845
4344
3297
2349
6387
3987
23283
38376
63375
206886
5178
6531
3945
182139
6060
7512
2220
1986
38895
105750
54117
31107
4860
8157
43566
4125
13110
3351
5424
3114
17934
4059
286320
195138
6204
154875
2280
3846
4410
208299
6861
2343
5133
3390
21009
8598
4545
147327
576825
8943
175398
57870
2937
2907
155154
61614
174027
3942
34536
8682
5226
21393
31947
116985
5901
3708
16209
9360
166134
3444
3684
5475
6894
16116
4998
4851
7635
3756
25830
4284
1509
4614
32127
4689
5355
5085
523935
38346
4878
5175
2388
3519
5523
5580
9048
3987
11538
123084
29388
64842
2244
3960
3498
2820
46086
2856
162936
22254
73602
111033
121494
5421
6765
5277
27234
6951
2406
4377
4863
5067
36897
5778
103116
217245
3555
3411
4311
5043
157782
3489
3546
2016
4026
2061
6939
128454
5103
5199
27366
3234
4683
6396
3489
201105
3972
1818
1935
2622
195261
2175
1278
1578
3240
443868
6777
268608
1884
308034
173319
2868
38523
80325
3024
3249
2925
25548
1224
19500
3099
49764
4920
2592
2250
40815
2571
1407
4917
1692
59451
2637
2574
41043
93270
3438
41163
2262
2874
4449
89982
189588
12261
3390
101688
3180
2958
305121
4446
52572
5577
24246
2463
3267
3876
78309
115146
98658
1668
1161
2454
3651
2712
1539
2136
360963
2469
2025
1914
3069
3099
3006
3633
26649
3639
83916
20094
3606
4611
3633
2217
327912
1515
3402
2418
69471
1794
148344
14292
4002
146865
76965
2460
373785
2481
3660
60798
2277
23535
2676
8958
203283
30762
1527
233748
1617
3087
1593
3357
3693
2772
4107
196989
2367
2343
9897
2772
106572
84318
2211
22515
3732
5160
1923
253938
173184
2316
61845
3627
81006
2952
254037
2556
8727
755604
24876
2811
2361
3171
30786
2700
155142
4224
3465
328626
9579
4128
31635
4485
2829
3705
3012
4191
58536
252402
3159
1176
1968
4371
2700
4944
1206
5211
1662
3819
1956
12297
3123
1200
2097
48609
5211
2445
178395
2253
166266
5463
46287
89805
98850
4215
80343
132489
168378
2727
19218
330585
1986
3084
3159
103194
4131
2406
236253
3024
2790
2586
20529
3240
2058
4923
8451
2565
2430
42741
33090
2340
145143
3576
2172
228951
36306
2877
4422
4044
3282
3741
12750
151455
30927
1905
1938
70962
2928
3177
402600
4071
50049
3198
11859
4200
1920
3534
2187
142461
3336
4275
2136
2514
3162
7989
3231
92901
3597
9069
18798
139026
3402
2040
3606
1656
3051
2175
101760
3420
3546
2511
43683
3456
142035
114330
2535
5583
68676
72549
4953
40197
2592
192861
175902
3555
7833
54477
1596
64902
102780
2973
4728
1845
31548
3204
49587
4200
5094
3189
1710
2196
3414
1716
3594
7698
5964
3537
102366
265605
5910
2610
2706
3291
6855
4737
309810
9723
3687
211404
2922
1617
5757
144771
8457
2388
1530
21084
4419
41487
957750
155343
4464
120492
1503
4290
2640
7782
126081
2853
2130
4515
4209
2481
2253
46770
1665
1581
5871
26310
2448
3750
2181
28737
16401
115578
5721
2277
6201
191574
39099
1650
1527
11421
5721
18471
55350
2910
2469
3069
2103
155121
128844
4935
190692
2433
76020
5130
50880
21135
2277
10218
148995
3111
42585
4122
4344
2100
1254
2196
16728
58527
9669
6033
3708
20685
4437
2475
11511
1983
4017
2793
1980
12837
3672
2253
6006
777099
251280
3216
49875
1404
3357
269292
1929
3474
206418
98823
31566
52503
3486
19959
2172
74307
3684
1743
3210
182772
3951
3039
5142
4806
19389
4845
65952
3849
84186
2268
3831
35685
6612
1866
2637
18579
2184
67506
4638
3558
5574
1449
2118
101493
4431
4197
29658
2739
2046
2997
1002
108900
2715
4776
1617
15198
5481
188361
85809
31731
3039
208647
13278
97245
2685
2559
5247
4725
6885
5229
23277
5637
5700
10710
73710
37965
2355
2592
6054
1827
8031
1821
2469
38484
2433
38994
19071
138783
297624
2733
3615
259818
18816
124272
2829
92754
16812
4350
220563
32721
2505
2049
2226
3678
15198
52005
1680
3270
3729
1701
2964
2202
1521
239088
3489
140817
3195
2349
2997
831
199902
3000
2769
2364
3723
155955
33390
45708
4089
25971
4869
3264
5886
57087
44400
2763
143748
16542
8430
37770
35679
1719
4641
3723
1785
3288
2745
12978
34557
61782
5763
3543
2520
57699
3519
10836
3534
110145
359022
38736
198675
65805
300318
2943
3948
50490
4440
3453
4803
4902
24606
61284
3912
1101
3522
20523
4035
3498
53823
4143
2376
80994
19578
2976
144861
1503
2445
3513
1362
249408
388920
112149
54510
4575
1632
4086
3489
1233
4551
75594
2418
2481
4311
12981
151428
3138
3114
50448
408504
1896
45126
3426
3642
41682
98151
2979
37686
2610
3876
3597
34395
43647
449160
32211
69897
1890
2229
40863
4707
2982
1548
1968
18717
3399
20034
93930
168408
9963
491337
64845
1998
534
3135
2775
2775
193476
2088
1314
17265
3111
24114
2721
2415
278532
1887
3189
2511
69519
72630
4362
2607
126633
1965
22674
4932
233907
25794
1344
1617
2700
1566
3504
3129
1767
2109
3087
2172
217314
30255
4197
1557
16050
4224
72960
2547
156240
3861
2217
148254
40032
2715
6912
68802
5898
12732
66648
6009
1575
83301
2331
5247
1908
2283
3123
3375
1794
1920
54678
67692
3120
108585
2868
120297
2934
105069
4455
72135
3765
22395
35499
115638
5328
2157
1923
25131
1923
2454
2277
115995
206088
1770
109779
1545
6684
78585
3231
245943
2502
2265
2160
4422
296220
2553
3309
2430
1557
2283
240297
23931
4851
2922
2139
17052
4875
2790
128754
64017
1548
1386
114270
3039
2619
7338
3039
4182
100077
3876
2010
2031
1701
2928
27237
239076
79146
134118
2226
2985
46722
2748
45300
3153
155625
1461
59592
1245
14625
2709
11379
2370
60984
74016
12324
62295
2484
68238
197802
145236
3666
117246
2709
2658
85782
1890
2367
3330
135498
1626
2808
49848
47196
18576
2100
1608
268329
53073
3480
1644
258651
2949
3828
2358
17190
3636
1230
25626
2655
5619
3777
92124
224001
27126
1737
1377
461244
184854
3867
1914
3510
4695
12678
2370
23781
128895
1659
97737
2001
1869
1764
3717
5883
89904
2580
2322
81564
2412
2301
4221
4245
212076
2682
2667
64071
72732
68043
2592
33618
3324
5148
165291
1509
2925
165798
2970
4266
20979
3144
186750
56907
125478
49812
44745
232629
3576
3108
2784
168642
3054
2502
56565
5106
102468
7170
5859
151845
49407
42015
3354
2298
282159
2670
3306
2145
62217
1062
188856
2544
3195
3303
2205
1986
1524
73374
2901
208476
199275
4788
2088
88722
165246
2733
7161
1293
1674
22887
2709
2031
1764
4662
33141
1860
7047
3216
22467
1890
3765
1596
14592
2298
87387
146796
11631
104493
3351
7953
1419
1872
3468
81597
33771
28359
2568
3147
2040
4356
2517
2847
190980
3735
374823
45333
29583
154896
5541
140013
53460
108198
102240
2040
3672
4434
3483
1809
2859
82326
3174
4527
106482
139512
28974
3444
64869
1932
2430
6792
2481
2208
2466
2271
76572
595365
1902
14640
4104
219582
13350
159843
1914
1671
3234
39729
2499
180678
80265
1821
125748
447978
87024
4026
292932
1410
1500
3891
138465
1398
2523
2679
2418
33009
26892
1956
4179
1551
28692
294324
4161
35322
2883
142005
38934
4347
94788
2466
4566
3450
43872
12462
2745
3117
3546
3051
4131
49062
1866
3990
2595
2103
45777
183918
3114
146694
2427
81468
1311
1455
1122
142152
13893
2736
106587
92334
151821
951
59124
156897
2583
104514
24576
3765
100236
179697
261828
3105
2580
2025
70269
1140
202029
2937
64563
37107
2712
3624
2127
2535
1797
1245
4965
7476
45783
26460
5040
62121
3573
2310
9690
2982
101805
2703
16560
5115
72201
128592
2958
2778
24423
2190
31236
121761
153357
2685
2190
2952
3738
90249
4851
45057
28803
1719
29709
30963
3429
51213
3027
2745
30060
3600
97899
1029
156699
40458
2568
4002
4218
1464
16959
11946
3144
1359
1551
157515
24108
125007
5988
73815
2136
2772
5121
1647
4113
19056
1509
3723
76440
6258
85614
67665
5076
4587
7167
3501
12384
4422
181515
28788
3366
164376
3150
2019
1335
3813
2586
2406
69843
9333
1410
3375
2775
57729
26835
996
4176
43428
2523
96792
3777
1953
879
3051
168570
190686
2640
184710
3741
3390
23856
4221
63006
189399
52707
3225
20349
2511
59562
6189
4263
2730
3249
2289
62337
3699
3765
2376
119322
79098
3900
293289
1740
3591
966
14610
89835
3009
7119
2379
1446
4209
86988
1833
2427
2280
2220
160281
5202
2565
219534
242232
3240
1524
27189
3822
8283
2232
2709
104973
18999
104742
2304
1977
454917
2874
45357
166566
2766
137172
3063
63195
1215
1989
4977
2382
1995
4050
3072
3429
92061
1683
2544
29448
1416
51351
20781
3279
5337
2262
1692
34995
2271
1338
2346
178302
66021
2004
5700
4482
2790
195270
1254
1980
30375
3195
270894
2343
148497
2649
2172
219072
1710
2361
2448
2421
3204
3411
63411
1797
1164
311610
3762
2523
4404
7815
2970
2118
80901
1584
2406
67371
3171
2190
238659
56547
188031
2541
2949
46965
1398
3369
4890
4110
2733
21423
2769
8541
25215
66480
121119
2952
1218
2934
2940
2424
6402
91662
73140
35157
2679
2349
64368
1947
2217
2925
105426
19299
2406
3057
20667
2343
9165
2880
4533
68595
12945
2142
64203
1974
21279
1650
250617
1596
3438
5901
1761
1482
1509
3138
5298
1284
137094
1860
148587
411063
32520
3276
993
67272
2499
326085
4749
38271
21240
3228
3888
2523
71256
2643
2694
69612
3585
3288
2115
2454
3651
3696
2619
2682
3738
99774
3156
4056
81696
74784
1737
129825
109689
4362
30249
1485
151860
2850
2763
2424
846
48312
834
2178
2184
2469
1437
6471
2340
7770
15564
5235
2739
2274
661710
3630
90243
1779
3126
139710
3948
3414
4842
28581
382653
2856
107796
56076
7635
3378
232728
2811
3096
3021
2523
19530
1179
2265
3366
1458
1515
3108
1515
2589
4683
2721
4497
11721
1206
310953
4710
1176
89226
2775
2673
3345
84906
2568
1419
81876
2211
34056
6717
3351
1989
286992
2526
26484
125934
4482
3117
49470
6168
1593
3174
97602
2076
2943
3048
425301
200223
149289
5343
124323
1917
2406
3069
3732
1173
12087
3150
227289
1350
2487
2955
3291
105828
1371
2505
2235
3534
27264
2313
2676
335415
285870
2712
82788
2313
3135
17409
4284
2472
13005
2556
52821
148911
2319
1389
3327
182244
3030
2847
30159
325065
16455
4002
1464
10863
1755
3966
13572
2454
4221
4380
3360
2703
2061
1848
1827
2454
4146
76356
1947
301308
3057
2361
91971
1881
57747
1578
548166
2769
100449
4854
3159
127104
27426
2838
3915
1920
10665
3537
305301
2766
180558
62496
21900
3198
51297
2142
4485
147999
4818
243594
2130
3237
2679
3714
2400
3768
4674
2322
2898
90771
3339
1560
43386
82446
3513
3093
3399
135588
3144
6366
21840
2277
2475
1953
96603
3279
1797
1779
3555
143226
52833
41019
2931
3684
2397
1467
1506
4638
1842
13344
38382
2340
3270
113847
3177
21672
3540
62343
3042
2607
2154
3075
2754
1686
1215
3231
77352
2274
31125
3711
1416
66882
4344
117513
52338
3693
3543
2967
24027
1971
3657
2115
418968
1725
4221
16671
18975
407145
843
46029
320646
2247
3294
1056
125988
1521
3984
4371
352008
7335
2124
3123
4023
3165
4233
2448
2400
3498
2757
91395
286239
2373
3756
4206
7281
2430
3219
8280
56802
3192
96840
32526
2001
8319
12345
1881
2250
108012
50619
1719
45636
3540
42867
16782
3171
4086
2019
111465
2352
1968
1323
17292
101202
1110
141018
19245
3171
2121
74892
3084
1710
2598
4365
9192
1914
1143
19923
2898
1179
2655
951
84525
5310
1980
5721
2922
162294
45201
2010
1866
2439
93144
2550
2904
3408
3228
2340
2145
2730
2802
3564
2829
2916
1107
2526
3309
672786
51486
2136
3903
1980
2946
2745
43203
2631
2349
26727
2004
257481
3903
1359
4965
4497
4026
90927
399450
1614
909
24735
2448
2595
2322
57969
175137
5691
43008
139863
54588
2583
45354
34773
23583
1410
63339
1134
4161
2754
85683
40113
3348
5040
2673
141009
4827
65634
3138
10839
160239
40278
1338
56247
84444
2334
32079
3240
3768
4749
2115
1770
17304
3078
55536
3738
4764
4452
1479
11808
94356
3447
71712
2445
3306
249009
1677
2787
3891
2196
1923
4032
2988
86607
4212
2229
3474
1611
3660
17868
1257
14253
768
2568
2832
2745
2562
3885
31653
75138
2583
9936
80340
3243
224646
90966
1275
2274
4314
1716
1854
8505
37620
2106
23493
1839
17568
116589
8379
3828
29094
3192
2700
3114
1044
2880
2736
2766
2160
52050
2556
139638
1305
1413
3726
3357
197067
2745
2853
2568
4860
35391
105789
3651
3534
2436
33768
194238
1287
250152
4602
54576
3264
2919
2436
73281
1980
1248
93888
43572
1143
2931
3009
2613
49602
4056
1701
29877
417
3270
3087
2691
13854
2673
19920
2088
4473
2994
1770
442578
2937
4323
3492
118782
47628
74382
31422
12315
2877
3273
2481
2685
2442
3822
1887
4077
61218
2529
2205
163812
3951
4851
3318
2046
1332
3255
2652
112782
1971
2844
11949
2766
2385
25893
3462
50376
5127
30822
2784
555
17853
2181
2583
5517
288453
10392
2877
46872
115599
208971
2856
106743
2427
2214
3351
2241
3051
146988
4971
3111
1353
3468
3669
2427
2550
1824
2469
2763
3666
2874
2871
8820
2676
2160
2013
1446
1245
2412
1776
41571
3342
3651
20427
107676
2640
3015
2871
95547
62475
166818
1719
46842
3909
33417
29310
17640
2169
291897
42951
2682
25221
166569
2163
1767
3333
47307
52215
5622
69732
2235
7623
111414
120306
2196
24876
47247
1374
68430
25116
2349
21222
4002
3222
1860
2772
3345
2886
3000
5349
93711
3201
3237
3369
2628
29940
11244
1620
2220
3384
2172
92490
3378
2964
2457
1293
5637
38469
1947
2364
45381
326580
3810
4533
3300
45942
3150
3546
1995
34548
2055
2349
19971
4011
120681
4887
1977
2298
3003
5217
3282
26856
5370
30498
4341
136917
3996
2658
82554
3549
30774
2943
3279
121323
3729
2283
1848
2799
44910
70014
2769
96501
4161
1617
3558
1809
3264
4134
5142
110406
2427
4170
2889
5385
1917
3411
111243
112131
1203
196191
5076
1647
3420
2370
4494
3204
2016
3423
2367
4656
2094
7548
57546
40260
359694
2751
4515
3576
3648
2451
2763
2004
291
3150
61035
4554
1239
3639
1233
5235
389049
1818
832113
5202
2403
3603
2859
3768
99537
1788
5115
1623
55563
55923
3747
139275
3603
27561
4995
78996
1341
591129
1767
3570
4911
4920
75321
4008
32721
4065
2472
2775
3450
220593
1953
32745
32442
3738
3873
2265
2424
3867
1635
1824
35046
2148
2688
4359
2736
2709
4158
5457
14118
2604
221706
2802
2283
129099
2730
5379
2391
4419
3591
4053
6288
4368
191019
5649
2127
14232
1725
4728
4101
1626
1530
82173
2109
2727
88980
151608
26193
160380
2661
2823
28572
4287
5094
2688
2394
3240
4974
108096
2277
29919
39828
3660
2484
2520
3390
1344
6057
3072
2835
2742
1623
1662
2616
2088
329946
70671
1482
40950
3030
3273
307272
107232
3447
1320
26373
3162
57354
8910
2310
1968
6297
1839
6045
2130
4422
2892
85494
2310
3171
2424
56580
3171
38103
10185
2862
4767
28704
3072
2196
2133
3573
1731
16056
85221
2739
32472
3771
3618
151374
1812
2019
3570
89769
225231
123570
50979
2784
159771
2895
2409
1908
36873
3420
81057
1953
4011
1758
2478
2247
189504
1752
2139
1848
4614
1902
2211
2904
260094
87378
1707
232308
67107
2760
109302
2238
2589
2532
21576
27924
2280
45543
84039
22506
2892
3615
3978
14592
1275
2073
40266
2310
59580
3351
4938
24033
2313
75963
4419
4170
614373
2457
129765
5280
16896
2619
2340
2856
82518
4200
3087
2283
2145
3858
149694
2064
41673
38013
2346
2022
2427
4746
16830
516852
3195
1854
1326
4116
3324
2652
1692
1827
83013
3867
4701
51975
138171
2046
5268
5325
2562
2385
20211
2970
3753
2181
3459
1380
4353
42324
40509
47553
127944
8640
38295
73767
304074
5739
1251
1608
145176
183747
125727
3090
2601
2916
2313
3474
3243
128754
4284
3225
5238
20334
117153
2247
1815
2268
1860
19518
1458
18180
43236
6339
5742
5034
141831
1965
54687
2604
11367
47631
2364
4188
2760
5526
2004
2592
3192
1527
471225
3150
31893
29553
2676
4470
2991
27975
4677
162486
1323
2415
2553
66546
4194
4404
3612
4275
3129
413316
3543
2517
17511
4416
4608
81810
3354
2580
2106
3432
3147
29670
2838
3627
2649
4602
32796
134073
3843
1155
16584
3027
19251
2499
2769
2400
1722
6087
1635
3180
4227
15468
3000
1170
60105
2271
2766
3552
2457
4740
3942
3057
29043
2949
22908
2529
6435
2232
3930
2652
2823
5271
3978
5781
154905
89526
105459
2955
2004
1884
48981
2493
5100
3504
20880
4542
3093
2997
5154
137598
4197
3000
30936
3981
2016
9573
52398
70722
2229
3393
2928
2016
963
4755
55566
5343
3846
2400
2463
171150
2592
2193
4347
2283
3735
44202
2280
104514
4788
4557
3024
179652
3267
20289
1473
22311
3099
5322
80580
2262
3168
3696
2313
2727
22899
5598
5025
9630
115047
3807
173397
3471
27582
2433
3375
78714
1869
1794
3030
5388
2811
2682
4680
2604
4008
3414
2658
3126
5691
203949
140688
356697
5844
32259
193965
1722
2403
4485
103953
412089
2130
79935
4629
7545
149925
3084
3234
5205
2043
3060
2394
1863
89040
4131
2736
93264
3261
25206
1866
131385
94806
57969
1485
2625
5997
61179
49677
44349
2259
1782
81498
1725
168033
79083
2658
2472
2223
18204
3594
1890
2007
1986
48777
1845
2718
5289
1806
2601
1512
7644
4041
2682
56334
51540
25443
3783
2802
4962
47106
39042
3417
6870
2505
1824
101283
2415
2190
5430
1896
3360
18906
4845
2172
2001
4449
20352
99381
33030
7572
3570
269379
174036
2319
16623
3939
3870
3516
39534
8097
2415
1527
118734
56949
232365
199797
39369
2382
3909
53229
2352
7242
3267
100446
2718
15462
2754
2979
2229
3180
8577
4455
2484
2127
2157
174690
3276
11760
3405
31689
4203
139545
2646
2928
2907
240489
2793
199425
2949
3483
3708
13542
2592
116613
84582
2871
2886
2013
1467
86472
5187
3900
3174
3705
2853
2388
119496
2463
2868
25167
134397
125067
3120
3135
2025
87246
47949
1314
1680
3225
2148
1659
2667
2934
6408
68463
3096
3876
5724
2739
4296
3105
1941
2793
3243
4032
2496
122154
2103
2358
1950
3831
169314
2724
81108
2517
2292
48840
237
4680
5466
106359
2868
213813
1761
2142
1917
42915
125706
3198
77703
84384
103554
4374
2559
1875
3264
304368
2571
41265
1266
50637
6858
51756
2439
1950
2865
3432
2778
3696
1695
2709
19470
2400
3090
118074
17916
2703
190689
3108
4680
2385
14139
166575
1782
33771
2430
8556
77772
20475
3630
198111
4548
3048
1461
2487
1095
317952
2625
3096
1824
2202
4572
146487
4605
5514
1839
2013
47580
4368
2538
180708
2904
2724
3156
3810
2610
2223
102222
2130
99990
3108
3756
4266
70317
5514
3021
28791
170802
252462
2208
132993
266661
39390
2559
3054
3879
2091
140142
2700
59850
4134
146748
1761
63681
3828
2145
70398
11103
1959
134652
2277
2439
1728
2409
3480
58998
2367
1656
3054
1563
2973
2613
2304
55473
1758
4701
3048
2739
65856
66597
2718
3093
1935
2667
7473
92901
3789
3306
2934
120831
7341
3102
16065
8187
3525
2370
4710
200598
1788
2400
69633
227097
82497
5469
3807
19524
333777
6975
4368
113844
5598
3750
3006
3408
2391
237
4044
1953
2151
2682
3642
2271
36354
45030
4314
39687
3729
1587
74115
1464
4020
4287
3516
2604
1977
74283
217140
5424
86937
1356
199434
3132
3690
3651
131625
1158
1830
5520
35082
3864
70095
3963
29226
3258
309687
3951
3510
1893
1458
2541
1248
2118
157233
156789
2196
388659
13986
1881
1938
3276
2151
3471
156315
1839
14820
2433
2640
157509
574959
2592
4134
3321
42228
3201
6771
3837
1836
23541
3432
2613
132684
124560
2838
3300
5235
95220
1764
2361
166629
4224
113004
2208
2193
78606
3615
2010
4887
3126
50364
1299
83925
60576
132792
5523
45747
3789
269625
2928
3708
217794
2652
237765
1485
1410
6444
1743
3105
4923
371787
109341
3489
84684
4671
2949
83226
80607
8970
56274
3282
16443
2448
68529
1830
75078
3540
2001
2016
3204
146682
6462
2982
4455
4611
2268
2559
3993
2871
1998
4116
1821
123966
3255
103239
3285
196368
1674
155115
1677
374070
34275
45336
2085
153285
212196
335718
91053
4005
3204
2442
291693
38031
3066
170298
3741
68769
145788
1863
2862
2613
105024
3114
339879
2583
68481
53187
96939
1881
3168
3138
2829
3948
2730
4308
21099
1437
4923
2499
3840
3378
3300
23070
1653
51546
2769
2325
3627
2697
91299
2646
222909
2445
171948
4413
91236
4638
4119
4299
1809
107355
63507
20592
271242
2490
1968
41772
3549
3414
4026
4080
4137
5514
4080
1083
4431
60657
431340
2691
2655
2514
341289
3636
2394
248022
17157
20364
29748
29886
3003
3876
346968
104175
2700
2454
94284
1986
783612
128643
3390
382179
25953
91866
287019
3057
2727
1683
2364
218766
2865
5475
75222
132672
3804
118056
3741
410826
3444
1008
1806
22905
511401
13704
224820
9609
495192
1500
73014
138147
2007
2625
4524
18240
2229
3396
2577
2289
73839
4677
56934
11319
4200
2832
185799
2907
268455
5736
2589
2808
1941
2349
5304
250512
6033
2796
1503
116217
239409
34395
3720
6927
52755
2487
83658
2541
6240
287787
3111
2679
5913
2148
97260
2112
49545
2340
1146
34614
3603
21948
41586
114177
220572
3252
4533
3867
366348
5322
56622
289563
1533
21423
1821
2958
4083
373545
1977
4275
8316
20145
3105
3459
31671
4011
4878
4809
142770
193467
263961
3165
2355
24696
2358
2661
2745
2376
30048
2964
4878
2700
2133
5937
129456
114942
2928
220119
4005
95502
160965
1698
54213
2985
5601
360846
133227
93054
3459
3528
6981
3696
123132
3813
362982
1830
55632
3351
3024
1386
1626
261084
2148
1587
176262
1704
1626
2154
1692
2910
15861
2532
257574
3864
3159
2424
3090
146874
3312
92769
320277
91692
5214
3366
4020
46620
4029
2133
1950
1911
3114
1305
2229
77082
87969
2952
295458
2880
2889
1809
520419
31875
144969
4590
31635
1419
70827
135222
21180
83748
3288
3582
2520
70491
4143
2613
3660
2721
35181
2778
18033
88848
1539
3885
11934
28254
38100
2433
1776
2934
2499
2340
4014
18765
1401
107751
74952
200655
116703
26184
5289
85128
2670
2487
64551
686010
1704
13815
3504
149520
201654
4191
2196
5643
145770
2223
2301
7248
2172
2523
2847
1764
3666
114420
1257
3639
35391
2217
73767
3804
3426
135120
3486
3000
36816
3348
2343
26784
52680
3357
91737
2871
87774
23367
129675
30603
3510
52827
3720
382566
20169
24387
2733
3474
4719
6120
2211
75189
2070
4143
300486
2805
2220
2148
1935
2721
4917
1698
123783
1965
2097
97005
85950
2040
3321
2265
77454
202140
50712
49515
2610
4734
208017
3435
2181
117885
4572
4800
2709
270852
2184
140418
4356
4134
63087
2475
3177
21909
85986
2820
254079
646116
3699
2937
4944
4170
3864
7179
7287
4788
41973
1332
236244
54180
2367
2532
110913
344481
103956
282954
2913
63330
6687
3213
88974
3540
7263
3129
131301
2691
2295
4275
6081
30780
3213
77406
6411
1434
22440
4392
185169
2337
156852
11019
3552
48486
450771
4038
3624
3129
2760
73593
3660
2130
172251
4632
1731
6249
74577
3975
27498
4131
2724
3318
90984
112197
42606
2286
3333
1686
78612
50751
2508
92907
2103
44457
1413
159078
33945
1536
9444
3786
1731
3375
3198
2271
1935
1866
211857
2391
68703
55434
195498
3549
39279
1881
3813
49749
2046
2268
23148
1143
3117
3165
164706
130542
2667
94188
5457
2982
17328
171690
2274
3060
71670
559596
4419
2940
4188
1296
2403
2556
28410
3984
2808
2709
164718
1608
3000
6984
2562
3018
24933
62970
1428
2991
68268
2271
119205
3126
19305
209175
173010
17349
123702
4035
119802
3387
2334
2538
67845
1827
1293
3105
4347
2031
3726
3630
3633
253701
1770
67302
2559
74253
2121
3204
452220
2517
27435
21309
146982
45699
72279
3759
4623
4437
4086
4038
5007
3558
163563
21291
3738
3489
1563
4287
284667
4095
15702
213993
3114
2556
7905
76230
28938
437988
4473
3756
164913
29433
49032
175776
4896
1794
223671
41190
2973
195510
2403
3915
100821
115020
85080
221604
314808
2733
3762
3351
2733
110124
6000
3024
61386
6099
7764
4617
6024
1671
1644
9948
116727
269496
168726
129963
1875
81321
105696
2871
1509
91026
1461
3030
345258
370269
447300
503760
15858
47334
97632
50070
3435
3870
29532
1668
26322
4452
13155
191211
127998
7245
2595
274623
4173
2160
5124
352830
143604
4035
2580
2070
2829
142404
4563
6153
3360
1692
1683
2142
2793
153981
4401
2448
23463
6465
4440
3141
2334
4443
49785
81939
85788
1575
2037
2043
2763
2919
2064
349701
353175
3288
2613
64338
4005
2376
3135
2775
5322
136809
16749
125445
139815
5277
230154
1599
2067
1152
72081
152952
5853
2526
1791
2646
2685
2349
3198
3702
2841
139443
3303
2313
41613
60333
2511
143637
1377
4299
3570
48120
2397
2343
3213
2094
2514
3015
5013
213174
137028
183597
162210
1812
4605
104382
76884
5487
2949
5190
4422
1977
58152
1854
3756
11304
89106
3582
64047
6174
2319
3249
4392
3996
2028
3741
182958
3609
2283
2796
143379
5127
2283
6735
119031
3858
3354
3228
1965
218457
199413
2928
1158
1755
164331
3051
318789
7881
3051
2295
8634
2466
45606
59181
2271
20322
90027
3570
76461
2628
149127
150072
39612
2598
8571
86688
2346
3549
55458
43107
3213
170637
15669
4155
2385
399216
71262
203754
30225
3105
1353
47409
1752
5352
3429
164001
2811
4785
6057
221424
2565
4062
1305
4770
189462
4941
3096
187329
1815
3321
41184
25827
3006
118470
50025
32430
4974
3012
2007
2973
2919
3066
3114
2661
223923
804570
69798
2100
2421
105090
3429
6600
198915
2058
59514
3195
176769
190638
4296
2691
158826
3576
51564
3744
2784
2595
22581
4470
3087
3642
2712
87411
4497
2040
195564
1752
2865
15753
1518
137295
2154
36222
133671
3984
117390
125613
5388
2028
59406
37992
2202
2505
5220
93774
124596
221901
13638
2994
2301
145272
55365
104799
2259
1818
4743
36246
1653
3033
207624
20217
34404
3153
4338
128340
3582
2388
3912
3132
385272
10746
75741
3417
1566
3270
15111
1887
3279
19863
4407
1452
2523
184509
1770
155121
3150
92121
77652
1812
2649
230928
3129
1452
2034
2832
2112
276231
4251
57894
3120
21312
2931
2868
2418
78723
2463
2955
2865
84351
3180
2091
64149
2034
2481
2352
42756
2121
4200
18696
3450
38964
1671
11271
51165
2391
95418
17541
155061
28809
7299
3273
118269
75633
1938
66198
57372
3651
3531
1710
1611
252111
251895
2853
3735
136023
3957
1890
3273
56670
44598
4578
18096
20262
50490
99507
3078
3108
4332
963
4161
15018
32598
3288
23361
2664
122382
3852
124446
2454
100044
2760
4779
1539
2685
2274
103755
2919
3675
5655
3885
3333
108477
1770
3492
60705
79815
1527
4065
1236
2805
3255
4146
2682
4284
2424
213276
4860
92517
29037
3270
5772
20688
2067
2892
2808
31371
29079
4365
3537
3990
1296
88581
169368
22881
3618
73473
16872
4197
151161
107019
73068
149097
1254
9282
112605
3351
100926
136332
1758
185985
211098
125616
3465
3291
79920
41232
3921
3687
2637
2256
102639
45468
1164
1656
3066
3384
4203
3330
6963
1695
3264
16815
2946
3750
164331
152442
4542
207918
1797
66132
2241
2562
37050
2328
1710
4155
2010
2553
23196
2337
2295
49791
5619
2136
76470
45681
1956
141864
3708
4041
3105
82509
46845
3963
319506
1113
30591
3642
250719
76770
3432
93231
2355
2691
70416
220101
3327
268779
2772
2073
3342
5223
3102
2769
114015
3618
4194
1122
3135
61164
3804
105549
61086
3612
3177
2535
2406
2370
44565
40713
12144
116541
4878
2838
10491
27633
3378
4755
3972
4287
4488
33030
2202
2328
106782
2511
307827
23043
2190
3051
1815
1782
2643
2487
2529
132468
4749
45513
93396
4479
2394
2865
1689
939
93786
2205
2595
40554
57624
196047
2211
1848
34524
21537
2244
46791
3336
149976
4275
7434
2340
163800
164472
1863
3333
3768
2475
103476
2601
117192
6579
29097
52671
3387
30447
4116
3405
47070
39756
1788
28752
4377
4197
1536
3930
3282
2715
203388
330378
58263
131220
1632
63147
2505
3309
1896
2991
50571
2130
38505
215997
27819
24864
2337
3981
35658
84846
1251
339072
2799
65793
1788
4194
14031
10692
4371
3858
2913
4323
156963
1992
143301
1683
2706
2694
5862
107031
69489
6060
47475
3840
4056
1932
90552
2841
394140
2976
1866
23997
49332
2667
2682
3321
3018
3366
2385
11745
85719
2529
105546
1983
85206
3999
41913
475479
1860
64962
6201
149484
9528
4947
236631
2787
1731
64803
139209
2682
1839
3234
3783
4122
2130
35886
2637
59112
2136
5154
2751
23790
5685
2544
5280
2727
3426
4353
1290
139428
79794
2508
2322
120465
1620
4722
1503
51750
2568
3471
3138
3990
4026
2706
20274
197898
529902
484617
3024
1671
41196
223170
2364
3804
59244
62136
3327
5235
2493
2157
2430
286353
11028
3171
382449
4398
3615
1758
31350
85602
3543
87339
3063
1914
3885
5298
3210
23208
2679
3429
6060
4866
6036
2385
3342
3372
35559
165885
142338
210228
3987
43572
2013
113454
5970
177918
112482
3588
4206
35904
5082
1305
2637
532041
3876
248910
2676
4128
16041
3918
251526
3165
3345
3216
27423
1725
3315
4095
3342
2157
3057
2223
127191
2097
393255
30363
1974
5175
2454
95874
1842
2178
37920
259950
1980
4086
1554
1881
115587
3813
84711
3744
2268
80976
207114
5517
92163
14241
2574
3678
3120
3099
2436
4161
170853
2433
11625
483447
4734
258063
2061
186783
41604
96414
40332
6246
63468
212622
3735
206148
151149
2886
70875
77658
1983
78903
4236
41529
3786
3159
4164
45006
7122
2526
1911
8502
2382
77979
4350
1413
2142
2403
187623
2823
7347
2289
7098
4332
34773
3354
96729
2916
305217
3762
85356
2700
69309
1920
8910
17718
1539
58080
2715
3540
19464
4539
2724
271359
399510
2478
2994
3015
45867
1905
51567
5877
102492
2397
144006
1596
3045
519408
155055
8547
2301
88344
2238
6465
2640
2286
70269
1758
3894
2751
3843
98571
4854
36930
228129
57552
2406
2802
4026
4719
3489
1932
72687
3021
4368
5100
2022
5532
401733
47565
43641
2025
20601
12480
3633
2031
245781
126063
462633
358608
2241
448464
5097
103989
422145
4359
189033
77100
2586
99390
5172
3678
6156
1602
23097
4500
43698
2466
78384
2433
3600
4644
3648
151623
1899
82560
2616
20736
3084
290298
3216
2640
136161
2670
2085
69609
4551
3891
2196
1605
1854
210588
2847
2772
4437
209538
3654
105333
2529
6174
3306
5994
3204
3876
13329
1803
4977
2703
4458
4179
124680
2643
38736
4032
194043
3717
3396
57717
2007
4461
89724
4335
286392
2754
5346
5256
86712
1617
2526
3141
5187
2940
2850
133140
3411
3762
5052
8709
2391
41136
6309
162303
5766
3261
93654
4605
2664
5370
287406
85995
1995
83163
2595
62289
141111
4404
77679
150594
1731
91878
2754
3327
1230
32280
15273
3918
2865
21813
2592
78183
4389
4278
5403
248082
115542
2217
20820
107958
2874
1383
3789
154314
4503
180555
59943
3189
3051
67029
2238
76434
50838
208464
1668
39648
19866
3288
39885
3765
3024
89367
1350
793119
44544
3312
46842
2379
1785
33390
8079
4503
62337
2772
40788
17394
3342
41079
5736
256419
134778
4869
100767
121629
11592
63201
1797
20655
296511
1755
95868
44073
51825
2190
4920
2301
44913
20187
2424
2877
28782
111861
97323
23328
67797
2742
19983
4776
2226
1812
3126
3357
2310
111462
3444
71565
85725
38130
98580
2841
3699
77145
2772
2379
140817
3873
2055
28497
2919
33390
20805
3366
1944
2148
63420
3429
2523
4245
5523
2676
19302
1782
3456
158787
71715
84402
34029
42843
195708
3987
5037
3951
2244
2967
2175
3147
9621
4200
3426
3696
26877
1959
3699
4857
1989
2982
1821
183393
1971
2220
2847
2862
3948
17235
1611
2676
3030
224475
139905
38112
4149
77526
41463
4248
130551
19827
1434
4335
2325
3813
1695
4062
1926
4539
1233
4245
2544
142341
1911
11115
69147
1752
3198
78843
40425
1899
3783
3273
3045
4254
437940
1746
2379
3012
154953
3705
2622
3423
41874
232515
3864
3033
3603
56031
3300
85770
19797
135099
63585
2262
27345
2892
56052
3747
1194
2469
2568
16323
2145
57258
21546
2805
2355
2502
2835
2652
93102
113547
267537
2139
3276
174225
13467
3744
108342
3384
2406
46053
3066
1722
22614
2655
2193
108381
2862
2418
180537
1794
85356
154860
2886
22026
4581
3255
2346
2688
38601
3780
4395
2451
2325
105621
2238
3369
231645
2787
3540
1686
2457
2562
3291
2610
2415
2763
58683
39834
281541
64917
2520
2064
4779
139977
2652
3171
6672
5250
83409
37983
3282
3150
255237
3288
1281
2157
1980
2565
3951
139470
2370
2499
1788
59214
3252
15414
20874
2523
2874
3030
24480
2115
4785
3684
5700
132057
177372
4425
71670
1557
2442
219483
2442
1992
30189
20175
1359
2841
3813
4056
153576
2559
288990
139980
3831
2691
78186
23196
49224
202518
2430
3573
77445
147276
63288
1671
100860
1152
26919
222960
30423
3540
73758
1656
2868
1944
1791
2802
2733
1995
5166
3408
4068
1452
2343
2646
4650
2889
3030
3999
15570
3747
2232
2388
2670
36750
3885
188136
1251
118359
105762
18981
2709
19566
4893
157407
152253
75183
166761
2118
91497
183519
23121
2304
75354
2214
3375
5361
2604
14805
4011
1794
2784
47445
4017
3699
3081
115281
4377
3204
4473
5049
6354
4623
25953
3888
47493
2076
68139
3111
1980
365088
2142
1596
1770
233496
66714
2778
4743
3570
3699
138309
33330
5586
2874
2718
55320
4347
1890
2784
16095
132420
3030
4536
111018
66216
20748
4299
3747
2886
197142
4107
3540
139185
3012
2277
122922
96657
3723
21087
3177
3549
60648
3489
81693
5538
65859
31902
2646
5337
3207
4638
2556
2514
3609
67650
371235
28197
33684
7158
74274
214773
292842
2655
3972
5205
5652
126471
27045
51558
2316
5460
2469
60297
16989
84885
125046
3705
2337
100113
5136
61995
394101
152688
1722
10917
17928
157476
28041
5430
30600
7056
38400
3381
1989
2118
3747
3879
2025
285564
115125
170493
9885
183954
2472
339099
4878
2670
449553
1644
2775
3384
121683
3597
128907
1518
14427
4656
3639
3381
78837
2172
4473
2568
261156
3522
2787
24906
2115
97710
3213
3114
2721
29316
713133
29736
2262
74331
3774
2793
2157
1257
38343
3357
1920
3993
2961
1851
2277
4203
3720
48792
4110
1146
4044
2073
2274
2850
3480
6105
85404
107226
2145
2601
26697
372948
3459
4563
3363
5718
1641
324297
4509
3423
4485
1914
2211
5625
1803
195981
3774
2082
1896
4338
3006
3342
349287
4293
233313
37542
3645
3663
4122
2034
5160
4101
3249
28701
5826
3438
3186
85158
45981
22365
2493
2031
78501
1680
4035
137697
4113
186627
169473
3135
32676
3771
2784
21084
209541
4683
1974
146937
2610
3597
49725
2016
29178
129954
4254
744
305631
3834
51708
5718
1644
2307
3375
1722
1131
6759
5541
3570
37539
3813
3612
3300
84795
2259
4089
196887
6612
61650
140445
2673
4125
2682
2076
20745
2178
4605
410202
2367
2460
6438
52266
17484
1587
2820
1257
1827
3711
4602
5088
4962
5247
14088
92022
57369
2268
1923
3126
2115
35229
1947
2178
2475
6600
3525
292899
3813
5763
113154
213564
3132
26415
18840
42348
43353
2508
212184
334917
108507
8868
158223
3750
2481
4599
21762
2808
108774
5754
13743
3114
222096
4038
60249
3978
63009
86325
1338
5346
3705
2766
420567
116007
18825
1785
1623
2469
4422
2169
2691
1989
1737
2553
2133
2793
29517
1716
306363
239157
58200
33741
134682
3117
2274
87690
4539
2133
26373
3360
89571
1425
4575
3585
2925
133644
1911
1863
1341
2613
1560
312714
1470
198498
21789
9207
3612
34419
23079
150546
4335
2421
1989
48675
2937
28227
1362
3099
2061
2070
2247
4404
2736
2217
3057
21966
1944
2133
20118
262797
4023
130047
3357
118947
221844
2169
87024
1923
14757
2130
7059
301647
267825
1341
8493
3612
4026
62553
967641
7218
120012
8769
59871
3564
148026
2892
3534
1623
2235
131079
3399
1992
51987
258042
4527
2217
3159
2631
30114
153825
4104
97698
2373
3087
1923
1317
3477
46569
1629
2085
1428
30690
2733
3702
129285
2946
43017
44265
70005
350907
4770
3675
118257
4536
2448
13557
39249
77868
682803
3501
1881
63228
2754
3219
167931
2076
3006
598071
42522
2967
4026
2865
86514
388347
3492
52062
145782
1941
2679
14178
2958
2784
1470
3258
3315
2739
2025
3264
2940
3765
2715
5190
2883
2595
2244
97770
191340
133467
9462
28851
4317
2049
4497
2853
3153
2142
2694
9867
6450
1593
3729
2808
2391
223131
41007
202584
3435
2055
2460
3984
213681
78399
3537
3063
2016
48066
54297
56451
287751
2673
1599
255600
2706
2727
4455
14880
1365
3471
3120
3921
3417
1986
3123
3501
2610
1272
4272
149694
2421
1914
207282
85047
68247
3387
42906
27252
147720
2760
3315
4866
5982
174549
5100
5391
3012
3081
91107
254862
249237
2295
78735
2769
4101
98778
1776
103755
2307
35373
581040
2904
1695
2493
1275
3780
3900
2370
323808
96624
170307
19314
4584
1977
1596
1719
32265
3867
331215
4017
2985
3588
208905
1785
1806
28521
4533
2769
58479
165567
2592
2484
83409
753
30873
1485
99726
3357
54234
6129
4701
2931
2190
316503
3057
199155
3879
2169
236706
4011
2415
15297
5451
186897
1311
1761
4203
4785
3705
56010
4119
1116
5421
155451
6291
166140
333210
1659
957
2004
1734
3195
238416
3540
4809
2433
9108
20664
52542
228
25245
50307
127014
5466
30936
4296
4014
3375
2511
3885
22122
3540
2286
2649
6369
99672
2250
2754
2937
202479
51708
3720
2832
121350
2772
3708
2754
2088
3162
5346
101655
115746
3738
76626
2667
2538
2634
136593
1602
4260
1977
296325
67194
3072
1968
4998
4914
4377
3870
1662
3156
5025
29019
60570
4287
19803
3588
1536
3723
4083
4422
17880
118572
2286
2898
18825
1398
2556
76467
636
1899
62703
114531
40476
28455
15528
38640
5793
4452
5904
32343
2895
5289
2919
119838
2358
3621
52161
3033
22005
159165
3627
2646
36012
201345
2880
1455
42918
2280
75471
27924
29598
2457
175008
2205
2103
2691
62763
3087
2622
4134
108912
19347
2178
2490
112770
2292
3426
1089
122724
17385
9882
1515
3291
2013
12216
3195
2880
2307
2487
70701
36384
121266
45324
1941
2919
4008
3318
4611
3471
92265
2172
5238
2370
3006
247596
1188
2034
