3f:0:0:0:0:0:0:0:0:0:0:0:0:0:0:0: (total 6)
0 1 2 3 Thread 0 going to cpu 0
Thread 1 going to cpu 1
4 Thread 2 going to cpu 2
5 Thread 4 going to cpu 4
Thread 3 going to cpu 3
going to barrier (cpu 1)
going to barrier (cpu 0)
going to barrier (cpu 2)
going to barrier (cpu 4)
going to barrier (cpu 3)
Thread 5 going to cpu 5

cpu 6 cur 6
STARTING...
going to barrier (cpu 5)
STOPPING...
Duration      : 10000 (ms)
Acquisitions  : 14854032
837
282
1833
1662
216
307830
690
258
201
435
369
180
276
357
786
216
1734
1686
432
1356
1719
345
279
537
210
198
357
852
924
246
349044
261
207
489
213
183
585
441
1800
207
1308
63996
243
522
1065
798
213
300
360
216
270
780
204
615
942
411
201
1374
477
291
192
630
201
297
210
171
282
1398
207
177
957
252
198
348
702
882
128826
270
261
204
249
192
390
183
414
183
133953
1086
288
291
204
552
195
357
207
438
267
267
804
210
1551
327
336
141873
312
1236
151662
270
183
264
300
1248
417
171
657
561
459
642
204
1041
222
291
936
963
816
300
1248
264
273
474
510
465
207
339
264
918
204
435
255
273
282
477
657
291
603
219
246
405
393
1128
267
198
924
237
348
198
258
1239
459
456
711
274857
450
969
273
1101
438
183
768
648
180
366
429
1218
186
639
354210
858
198
1182
627
477
264
336
300
594
474
390
1089
576
186
219
1005
273
435
204
219
291
738
285
435
924
765
933
207
363
660
210
732
192
207
402
612
414
474
645
933
636
183
1194
624
600
1194
774
258
1026
258
249
183
261
276
735
1377
261
1584
216
219
894
630
21816
1176
351
201
300
1095
786
480
963
276
180
357
1230
204
1329
843
522
735
282
177
405
1872
273
1719
2022
441
213
207
204
1107
684
282
1077
252
267
195
273
387
216
1248
366
226329
1902
375
183
387
255
1143
978
216
1833
210
723
273
708
1272
363
180
195
279
798
441
201
561
177
525
219
273
180
453
216
678
357
471
801
198
432
216
456
183
747
288
25893
216
255
357
489
984
204
1266
270
243
894
1440
216
351
381
576
795
732
951
1365
207
471
192
642
891
288
1917
546
201
657
300
1560
783
264
846
177
894
768
663
276
477
444
285
171
1110
264
207
366
627
687
432
204
204
186
84039
261
507
423
1650
267
267
210
6354
285
222
489
201
94083
171
180
1047
804
267
285
276
525
198
213
834
1167
216
174
681
1536
699
252
357
267
300
210
177
390
201
180
624
183
207
207
351
405
522
89226
1338
255
219
525
213
411
213
183
786
549
210
2637
213
291
189
264
738
36897
822
363
771
540
1068
2022
180
237
300957
867
993
1404
351
579
462
282
1623
357
207
774
273
270
393
354
267
438
567
348
474
216
360
174
846
201
216
201
261
285
348
381
636
804
372
342
810
189
498
1305
216
213
363
960
180
219
282
273
261
207
252
333
183
201
312
669
930
207
503148
1023
205350
204
222
285
219
1092
249
1224
477
378
366
3564
477
351
198
459
192
819
576
636
1056
882
534
252
789
711
183
201
1167
831
288
297
798
207
372
417
1182
183
288
753
384
519
453
273
207
375
219
456
2295
174
294
213
264
462
201
1008
186
295449
1662
279
198
693
210
303
252
822
387
714
192
759
1152
216
269250
351
1839
720
204
1980
61953
336
411
927
177
438
264
312
243
432
300
483
246
198
303
213
195
294
708
612
471
252
246
216
348
651
921
882
1041
354
213
1071
348
207
195
213
726
366
357
510
207
663
960
336
732
5142
366
1326
1035
303
288
43536
198
219
294
381
735
219
357
525
360
201
336
1152
765
660
258
645
423
297
312
198
51984
282
222
357
279
216
444
414
207
264
201
342
210
210
267
216
129486
945
999
549
573
234
357
2421
222
64944
204
531
657
1800
504
534
594
61836
483
351
216
174
495
1023
297
1377
276
189
189
1311
1215
264
246
219
561
375
480
462
474
216
219
828
957
396
285
636
1692
564
621
219
846
600
360
447
249
345
285
216
294
993
546
828
291
876
444
201
279
213
456
390
501
243
264
207
183
19755
642
282
510
204
210
198
180
507
118011
357
1416
110973
1239
712833
207
213
1059
27681
183
471
972
252
819
498
354
786
585
633
267
249
264
1143
624
576
498
348
300
222
204
1167
219
180
210
1050
1377
585
504
261
234
393
225
285
213
267
369
186
564
543
243
243
2352
378
570
612
690
276
186
177
270
201
116688
141858
207
303
207
267
387
1011
195
1191
363
870
216
375
474
180
726
267
282
300
357
333
1401
342
88722
1353
151449
213
1002
555
768
207
369
195
336
288
516
414
317742
192
225
405
246
858
207
552
279
297
198
999
267
339
1383
624
198
270
201
993
408
207
651
675
1068
180
309
270
207
417
339
387
207
306
216
243
210
207
633
216
576
717
273
342
303
261
372
204
453
249
438
288
354
264
171
213
1401
216
804
468
297
201
564
1899
996
468
201
414
288
849
915
207
516
180
384
411
1461
180
216
2790
321
216
834
1377
270
186
186
222
213
1272
330
291
285
966
501
267
288
207
1356
1284
432
360
783
291
204
837
1233
201
363
264
204
369
213
708
276
201
447
588
351
183
468
207
582
255
279
603
171
294
729
1080
894
375
750
345
519
267
282
432
207
708
510
285
1017
300
423
204
834
72720
279
1323
408
360
699
522
540
201
372
933
195
774
1785
270
516
471
285
339
135210
49290
555
186336
28842
12519
23715
162
516
252
183
1008
345
279
67131
267
732
3450
252
23103
55284
984
146982
44172
288
180
30081
9666
264219
510
49182
94905
1020
435
459
38838
36630
333
213717
40836
255
1344
969
189
177
183
86091
55407
66201
813
194196
189
198
645
264
72162
208662
4128
58011
1128
85284
714
60201
810
102654
921
696
267
732
294
509796
375
360
924
495
201
357
282
98694
462
367578
232626
282975
651
393
288
1551759
621
48822
348
5844
339
624
267
39075
19695
504
264
614148
354
381
192
10068
456
109080
486
447
195
177
186
2763
339870
243
714
630
17139
255
191034
10311
11502
412842
702
540
189
1035
91353
20787
372
288
1140
52035
51945
360
435
15015
108138
348
13773
342
813
53781
714
337548
255
182700
549
258
288
183
1665
400059
627
378
441
375
210
528
189
289605
155460
127248
690
363
537
168
23136
148407
654
1056
438
867
1443
174
165
337986
279
348
75942
14202
445542
189
1404
80349
186
265482
270
59814
392520
360
23778
186
723
67203
2718
42090
45444
693
186
110448
180
639
408330
183
171
478812
563439
702
897
627
450
384
549
24534
208194
273
285
648
348
8919
696
232164
351
255
294
261
921
735
12534
192006
1344
236739
248679
47427
189
171
723
300
207
115473
186873
372
348
165057
365409
258
14583
216174
525
246795
750
214305
1215
537
73536
180
285
351
50283
378
189
738
189
183
366
717
570
246
249
32400
129987
642
119010
8661
885
375
183
38874
363
342
109680
79278
285
876
246
375
372
35907
1179
450
888
744
41976
270
198933
177231
55299
1263
121392
26754
38724
198
267
49746
870
35124
49611
186
174
441
1314
195
285
29007
375
180
31806
618
261
41022
249
369
189
447459
195
285
639
181590
348
273
186
273
34620
261
186
420381
27714
696
183
183
360
369
828
888
168
183
813
198
552
816
549
319083
183
690
171
1320
516
249
365964
6498
174
1356
252
1482
639
1515
354
95640
31932
60786
267
197970
168
1377
171
232008
66414
351
1053
267
76929
363
148479
156678
475026
1016928
378
180561
462
147255
456
252
192
629097
1611
270
357
16887
205488
348
531
606834
5247
177
783
183
77340
354
232164
9567
431496
494898
693
364614
267
279
168
739353
369
702
753
17712
246
149766
35136
684
279
330
474
189
366
74535
517932
462
258
273
83241
180
885
1098
192
216249
186
759
353259
111555
180
128733
420
186
255
369
192
143091
489
271101
684
237606
261
429
189
207471
1533
1077177
174
780
1365
318450
6918
7842
1731
12405
363
273
171
717
225330
179136
416865
133743
210
333
172092
261
28125
435
307062
87345
444
276
357
816
540
186
258
407445
360
522
113178
273
945
121383
624
608997
279
186
195372
795
285
348
207
714897
185586
185757
90516
8451
132084
186
186
38361
207
627
180
270
174
1086
783
6267
1026
1050
711
282
384
537006
285
59523
245241
477
447
633456
765
254592
355980
454158
372
180
375849
648
578964
384
540
55914
255
189
74055
261
68787
735
62580
1935
213
1089
16422
267
756
240465
177
690
204
696
1104
1284
450
1353
366
3384
236943
279
285
516
251694
426
15114
542970
426
741
426
429
34338
384
177
86094
597675
636
186
189
549
297
618
313881
399
50757
62964
61851
375
189
282
160164
14817
180
525
186
804
255
115653
171
861
612
729
321
411
420
825
40422
168
366
183
158196
158571
134934
1299
333444
14106
76914
933
180
906
591
276
149763
498
534
300
438
504
363
474
49692
372
246
273
189381
62658
843
186
153012
318879
1980
336
1170
270
237
453
368667
30972
360
270
67863
177
264
258
215856
168
1212
549
518490
317145
372
891
73236
118572
75033
555
12150
457542
186
186
359406
867945
84231
687
657
219261
672
534
177
585498
618
137457
180
61188
558
516
174459
36258
25404
173679
723
1152
177
86076
948
813
174
747213
60909
293640
311487
189
363
357
73179
186
282
537
351
708
217320
1302
315
177
460452
732
267
699
543
1149
345
855
1002
954
342
444492
13704
480
189
627
497607
252
208278
606
807
62514
198
432
452610
198
573
609
360
36915
249
247713
234
22206
336
29016
20325
267
696
285
429
91068
366
324642
255
134544
354
915
19854
180
369
26091
468
363
528
762
207
450
142908
19551
975
198
612
282
477
873
38112
669
206160
77232
37713
73488
183
107037
276
23784
490866
189
561
864
804
1551
171
626832
60315
360
525
177
543
171105
62970
59958
738
837
201
8649
849
426
453
102303
1461
273
630
462
924
447
197529
357
373014
360
789
438
283125
116613
264
181155
205770
705
180
168
285
422550
348
510
258
116133
456
351
501
537
708
1443
456
17910
6069
1293
903
450
252
357
263370
291
336
214533
177
1506
171
714
453
224217
498
888
255
412788
513
633
168906
357
303
348
435
294
348
171
195
282
180
4908
79749
261
10257
47331
91266
741
143643
447
84807
174
242397
1818
348
450
177462
672450
249
174126
1110
168
699
294
198
195
377223
360
372
330
105537
363
165
774
906
45927
1386
1908
552
6075
165
45348
1122
417576
261
50007
765
522
180
276
954
396
702
549
528
360
354
195
177819
336
279
258
447
543
444
603
348
129039
174
1110
184452
612
174
165
171
627
354
543
492
430056
174
801
816
189
261
198
7656
145317
912
597
342
98034
531
885
38565
238194
858
450
1611
257811
189
85176
65016
255
68364
171
636
282
720
474
4320
708
447
171
423
19764
711
116721
20844
819
14112
261
1005
74052
1905
474
194217
273
81729
351
891
642
312
177
201
1191
348
549
1791
273
327
309
35817
1335
124638
354
507
411
216
879
53508
1983
411
276
513
570
210
201
21807
282
405
549
348
198
276
309
711
390
183
948
834
261
576
198
957
372
375
180
249
489
705
627
219
1914
627
450
1641
366
879
516
282
50703
255
351
339
1113
297
252
630
546
1173
198
831
258
258
945
62268
204
336
1500
270
288
381
261
978
537
345
435
516
456
291
255
9312
390
294
183
351
1383
585
207
69276
2430
420
750
213
110628
192
336
206286
1086
1590
348
945
645
177
1356
518292
903
447
372
858
303
579
423
104256
522
255
351
255
612
759
327
207
798
270
483
606
405
444
267
336
249
285
435
174
714
282
1395
14847
195
528
483
897
189
564
168
10434
258
348
201
561
351
257955
711
1602
270
180
642
21609
201
207
1275
306792
255
261
783
177
894
1383
330831
258
288
345
354
261
282
198
183
216
294
603
180
924
183
381
252
198
693
249
621
795
450
471
183
37251
498
213
342
486
633
183
189
15525
267
420
801
288
372
204
14532
57969
651
198
1344
876
705
333
127932
583458
354
186
180255
201
360
414
957
354
270
840
369
384
384
267
417
426
288
600
360
558
318
309
192
918
435
1728
294
204
174
1302
291
9192
192
510
444
387
264
189
168
873
288
46470
402
72723
279
189
201
348
195
954
4857
285
1092
780
450
50625
420
492
300
180
63498
570
426
65301
849
1470
348
282
423
669
351
663
267
213
357
225
198
246
192
720
270
2139
498
204
498
183
450
253752
1077
81672
62997
4041
372
210
57651
51060
984
249
40077
627
267
195
207
127686
564
639
261
186
861
186
519
459
1065
252
378
264
375
267
1428
251997
924
1443
273
1260
348
672
21717
15285
2370
1449
213
375
642
273
777
651
807
171
297
258
726
519
384
5079
213
288
390
171
558
267
213
213
600
273
267
660
192
186
369
294318
450
435
579
546
297
1335
594
59631
768
543
543
435
399
351
579
1629
588
2076
471
438
795
312
363
456
471
873
255
498
618
186
450
210402
897
2091
459
294
378
195
1356
678
1155
441
273
459
855
510
723
299103
464031
189
339021
204
789
58494
342
1200
264
585
1185
1398
471
258
285
555
969
861
798
195
213
1176
447
189
348
1407
180
318
192
351
261
1212
582
441
690
861
210
732
261
492
363
186
195
1884
1950
507
792
807
687
264
348
288
609
453
360
270
258
189
258
594
18801
255
198
267
189
288
183
348
417
411
469470
17085
423
291
360
215283
306
192
357
270
864
417
963
1563
1152
681
963
1209
936
2724
267
264
207
198
672
390
210
570
297
486
441
1905
1554
186
573
456
336
384
261
177
957
888
171
195
1458
756
1158
480
612
690
594
603
80247
168
297
408
351
456
903
531
1023
201
189
630
786
161985
930
270
1062
1560
267
285
588
1269
192
1152
696
441
876
249
1530
342
378
291
330
258
399
1614
438
96510
192
207
195
948
204
315
348
183
624
1176
828
1974
987
723
870
894
285
288
270
516
1227
591
354
186
978
222
171
1041
621
189
279
474
462
450
264
207
1356
375
642
1188
366
672
861
438
294
88134
195
675
186
723
852
2574
255
693
594
993
657
354
852
591
435
186
291
828
339
264
174
276
348
273
261
798
711
726
1200
270
537
297
285
480
657
168
180
273
1302
894
348
294
519
210
315
1125
438
273
738
369
405
13698
1470
399
273
533511
969
408
249
483
489
618
480
660
597
285
864
357
687
375
495
435
315
174
213
396
771
180
294
753
639
456
519
675
423
282
192
360
540
1152
1020
612
288
351
630
423
603
255
183
579
207
216
396
1287
705
825
429
183
375
1218
249
918
282
1299
258
207
525
183
456
294
183
420
252
192
267
366
261
122610
885
2118
723
957
348
669
555
1731
465
375
435
168
258
2034
612
255
282
516
1482
1395
453
363
276
44682
267
435
438
276
771
375
492
516
384
279
195
576
540
696
669
372
672
435
429
372
246
285
195
435
1146
198
555
273
1020
411
47949
369
70470
540
735
594
288
1083
192
381
600
234996
948
273
975
567
546
1164
405
146706
288
2202
1596
198
288
1275
186
97959
576
816
417
1026
64551
324
246
1263
357
258
432
192
399
876
435
350187
324
750
1125
348
342
981
588
381
261
204
18486
627
339
318
1077
209370
195
267
2322
1041
645
921
261
285
426
2049
540
309
186
291
267
26628
210
180
186
336375
276
660
429
22830
408
291
345
1044
186
1431
441
189
756
855
195384
480
258
396
282
828
561
270
849
441
927
684
249
375
657
912
441
192
672
1461
564
438
438
549
219
270
2277
564
552
105402
648
2145
384
600
1284
819
285
825
978
558
615
549
702
909
399
471
204
534
168
201
195
297
204
40143
636
684
1158
186
303
483
1215
17811
351
381
504
195
990
348
297
372
1011
630
372
336
636
792
1227
112779
390
837
375
312
741
201
258
101961
49800
216
279
879
267
522
1089
633
405
300
633
603
612
432
255
104742
279
36309
183
414
186
294
201
108507
21597
201
1266
1020
726
678
591
201
162
477
585
1260
471
213
249
2004
435
276
192
258
207
954
255
876
564
267
762
351
255
1059
522
279
258
588
585
501
183
237
174
207
311067
666
477
549
252
282
249
276
495
666
3048
345
588
64149
1248
291
426
621
297
906
834
336
165
264
201
417
690
429
195
429
210
498
1062
1077
384
276
246
1035
192
684
168
1242
180
180
342
429
1641
480
591
1635
82611
165
348
855
264
1341
204
411
765
540
270
813
642
1515
139257
258
837
243
480
573
339
378
180
165
687
171
10251
564
285
357
165
255
261
201
366
174
177
198
444
228
3099
165
1038
390
414
168
369
249
861
297
276
189
1467
411
210
441
1212
264
549
582
507
1002
447
177
258
882
264
2322
168
252
258
429
630
630
615
543
339
183
282
270
861
1107
327
267
354
942
666
648
2154
261
192
450
195
276
558
648
738
537
291
198
177
252
252
189
303
579
294
1029
174
294
168
657
336
261
534
255
459
348
2289
654
417
534
174
252
198
591
1299
735
168
180
345
1758
330
273
741
723
264
339
363
210
198
618
627
1062
735
342
699
291
360
234
411
1506
226569
597
633
483
177
378
561
468
183
282
285
801
618
252
729
696
699
486
345
258
1494
363
240
1083
654
264
264
174
267
174
399
4878
306
315
573
447
354
255
537
261
1047
456
243
378
447
351
1476
171
1092
399
210
207
261
171
681
621
168
294
294
270
555
288
276
795
99729
1260
495
282
738
1479
306
642
198
258
339
1152
255
504
270
204
198
243
1170
1182
186
720
264
474
183
486
954
198
618
1173
669
210
267
186
294
612
264
246
522
201
399
279
579
606
429
360
1020
246
315
165
270
177
633
276
243
207
585
240
633
705
837
726
264
285
357
43866
513
666
900
276
207
348
783
948
165
468
444
51819
1569
348
558
594
180
381
267
402
264
576
285
342
672
531
990
258
291
390
351
1185
315
945
1173
396
939
411
351
738
315
1098
186
2589
492
348
381
180
345
258
354
112587
276
189
582
1665
1020
618
1245
261
414
600
246
357
270
1782
204
759
1017
115419
504
261
168
843
705
121320
360
543
792
336
894
198
447
258
618
267
183
471
519
441
165
267
366
171
435
369
441
177
261
534
210
471
186
441
270
414
837
174
627
462
258
609
1149
933
249
276
246
951
1959
459
477
666
873
768
1254
804
855
258
186
216
504
360
483
29970
378
195
789
498
279
534
171
1272
1335
417
249
1269
177
273
285
261
1152
516
177
168
255
183
1302
324
795
360
573
255
369
267
183
363
453
282
351
402
174
450
426
552
297
249
270
381
279
399
29100
600
522
291
333
267
165
405
360
288
1050
423
630
588
165
438
330
1785
276
402
432
198
351
313746
282
333
255
333
333
528
855
252
621
411
180
456
291
168
363
1452
261
279
255
1623
549
1077
1365
564
531
252
870
486
243
267
204
1470
288
252
279
375
207
192
498
711
195
252
1386
294
858
183
1170
1194
264
363
477
528
204
975
6558
696
258
204
537
1095
1107
627
1116
327
369
837
507
258
453
921
177
270
210
495
543
174
171
405
330
1677
513
162
573
366
348
210
576
567
813
264
528
636
257529
1083
345
315
201
927
339
282
555
465
462
252
36690
186
204
324
351
360
276
300
198
762
903
591
423
555
366
615
645
996
384
246
345
1443
162
507
954
273
288
192
165
264
447
342
420
330
420
414
345
333
375
927
294
480
1503
201
273
861
555
255
744
351
498
210
249
351
621
267
273
1011
213
258
318
1077
333
1182
1803
279
89868
501
279
186
195
201
183
714
255
360
534
435
285
390
417
351
594
582
858
255
633
354
1419
2028
678
162
777
918
177
852
792
390
165
666
405
588
276
372
570
891
177
501
1254
270
285
207
423
417
354
795
438
438
684
351
1119
897
396
195
348
1254
162
417
282
1077
711
558
252
603
471
207
852
381
624
741
489
174
158442
198
888
429
267
258
795
648
264
477
1074
26235
360
180
273
825
261
312
297
1257
348
249
570
1587
162
255
171
285
195
273
450
1194
246
414
330
291
399
243
186
591
1530
687
1305
291
702
345
258
360
477
1035
642
480
423
948
162
438
501
294
345
73770
201
198
1023
339
252
288
342
348
201
1368
180
201
186
261
351
207
195
618
1515
297
324
276
1029
720
252
357
165
570
345
492
1014
354
402
300
333
669
198
252
567
348
771
372
1011
435
810
207
489
534
1266
186
783
339
252
174
279
243
477
279
76443
324
264
52731
1368
519
621
450
432
459
1749
246
963
333
516
1419
1104
1074
642
1209
726
171
360
207
357
288
285
546
192
840
6837
273
279
957
360
357
273
204
600
492
273
771
297
294
696
1398
183
156
195
261
438
273
348
10548
183
429
186
192
339
174
369
741
438
783
1119
954
162
621
1008
330
282
681
201
255
261
255
600
62355
1446
198
177
204
300
685182
807
189
261
189
189
387
1227
828
399
180
198
261
1005
345
645
189
270
255
540
354
273
189
474
687
447
642
846
216
927
261
168
213
204
195
270
288
1311
399
186
171
558
216
408
192
981
198
981
936
198
192
723
348
1488
255
330
285
360
597
264
207
342
351
267
348
666
279
357
309
537
81825
174
243
282
735
1344
465
300
168
447
354
146937
1038
339
210
41280
1119
837
192
960
993
444
435
207
210
690
426
198
264
207
291
780
115197
387
267
249
261
201
537
372
606
171
294
198
777
309
204
348
732
204
711
240
264
561
258
174
279
1047
1029
543
624
282
588
171
192
204
516
192
348
444
1995
171
411
555
516
252
486
1308
1302
207
780
1308
201
243
276
1305
348
840
168
255
465
345
192
189
594
309
456
441
348
471453
207
762
303
414
267
615
267
204
537
351
387
879
171
540
1722
252717
717
261
363
651
522
255
600
375
201
180
567
279
516
333
261
273
441
429
792
264
495
198
182169
1023
768
276
249
1803
339
351
1416
360
216
945
174
300
333
171
420
297
297
186
567
168
294
192
387
612
198
270
465
261
177
171
1110
261
537
261
198
609
2184
513
213
267
630
324
795
183
333
1092
3573
294
555
279
939
579
249
189
270
747
201
402
210
276
351
657
1506
2091
1011
276
189
192
420
543
381
168
699
267
207
354
192
1437
252
216
216
927
195
342
642
1104
381
252
651
252
171
588
297
768
285
486
1425
198
258
180
1002
258
1041
666
501
420
426
480
1923
351
171
189
900
288
945
831
342
1143
201
621
300
840
189
492
4032
168
282
189
255
786
504
288
189
1032
804
193374
240
288
498
258
264
258
351
183
360
309
288
300
258
618
171
330
621
180
207
1059
1164
444
729
309
366
969
2049
261
1176
204
648
267
195
192
1188
423
384
177
252
555
195
1764
585
438
207
288
195
780
204
288
306
435
180
252
189
207
603
171
360
609
567
426
1284
1302
459
204
399
366
336
912
360
297
165
207
11940
198
204
258
246
765
282
516
168
702
342
744
405
258
273
276
777
186
264
192
933
1164
1221
294
621
489
267
696
1254
252
678
261
375
477
873
357
957
1125
1062
177
1029
1875
783
1302
192
870
70515
86757
573
156879
177
246
387
204
738
849
249
438
351
321
393
330
252
453
390
1089
258
1341
273
336
414
246
309
276
189
456
705
549
1779
600
558
387
438
204
95736
198
438
969
456
768
456
690
168
810
810
840
242658
447
183
204
768
204
348
267
192
708
273
309
750
1287
675
348
291
297
12351
198
336
183
165
855
1161
300
204
531
204
927
738
675
294
186
1305
486
185877
402
1890
342
285
357
516
258
882
465
552
783
558
345
498
615
360
168
579
1305
396
213
600
1794
636
420
195
675
948
342
270
1398
285
423
49641
201
384
153429
915
372
1323
783
207
168
792
267
432
192
486
381
8811
177
210
456
273
738
246
345
543
426
186
318
300
303
297
378
294
435
684
210
741
273
204
201
267
8937
777
168
2304
261
270
282
72021
76977
288
207
690
1533
483
609
354
603
330
294
165
621
405
192
1209
585
369
411
195
405
798
204
267
1326
168
348
753
1092
477
174
264
171
201
879
186
387
588
441
186
690
285
252
948
342
249
360
291
342
369
507
726
201
495
192
435
282
468
441
273
201
297
204
267
531
351
501
174
537
441
183
1341
114528
531
432
1371
198
171
165
213
636
288
342
291
288
300
252
708
328362
486
750
207
372
615
279
414
258
600
741
873
279
1563
198
621
351
756
339
342
363
357
183
1044
273
55554
522
687
795
678
327
441
936
261
333
51546
168
315
183
369
285
906
1596
1989
264
195
192
378
198
1251
235491
630
819
831
891
213
216
255
516
1458
690
489
663
1113
387
198
45771
60900
474
825
627
582
279
432
1656
756
339
888
2370
537
891
216
1527
189
414
738
210
423
300
201
912
513
363
1221
204
639
261
183
1023
192
207
324
336
966
22827
279
1344
342
705
576
354
192
483
339
246
303
561
29892
414
186
1527
123465
558
1713
261
232899
24030
201
615
261
372
186
357
441
369
198
195
183
213
1626
597
438
468
429
324
261
276
261
429
309
270
279
213
438
318
246
615
291
189
354
174
204
267
312
510
777
294
195
1200
276
414
397140
657
429
738
1020
564
282
876
594
273
216
444
807
639
96351
423
213
82458
399
417
273
267
207
246
351
570
618
210
546
951
747
579
183
204
270
216
855
927
333
390
459
255
459
1161
348
264
204
327
399
441
819
534
786
189
864
207
552
345
879
252
369
201
210
696
186
426
510
213
435
350994
216
597
116268
167553
243
171
21393
378
282
828
888
192
333
462
342
642
1548
186
183
1107
324
168
675
654
2034
600
1683
411
198
1422
1101
366
186
471
357
408
204
540
273
294
201
675
306
261
612
219039
303
288
1029
88131
819
88482
788970
177
5823
384
636
210
552
291
228
885
210
369
183
738
255
174
774
270
204
795
273
153
1122
1407
654
834
285
348
585
240
540
519
180
336
429
1374
759
213
263007
402
171
894
447
660
381
798
795
154869
255
420
351
279
360
207
486
261
267
270
480
273
312
162
300
207
525
255
174
165
258
318
795
255
207
540
852
201
579
405
186
795
537
258
348
489
648
714
201
552
303
525
474
450
429
174
204
273
195
195
324
255
297
540
309
783
495
186
252
258
552
246
195
198
954
381
483
246
168606
480
261
771
276
207
1119
573
357
210
360
597
264
813
267
219
693
165
438
186
312
264
204
249
186
54237
291
258
390
402
165
783
273
195
198
279957
375
264
351
285
804
183
267
663
174
639
168
708
264
1185
282
255
420
564
171
174
207
435
1320
186
336
630
198
225
573
459
276
282
705
786
276
276
267
516
270
2598
414
2688
201
402
726
708
534
315
195
357
297
672
684
834
252
798
288
1188
210
816
297
267
198
70626
1038
180
198
507
369
1335
195
204
693
522
26226
216
285
735
198
270
642
276
651
450
249
213
705
621
294
339
618
696
555
525
1101
7977
204
171
1473
273
276
1305
414
252
450
339
930
261
177
357
333
267
201
456
195
210
192
942
294
201
819
174
942
300
291
174
1134
336
165
354
345
535869
348
210
1308
342
402
549
171
678
246
330
207
261
1299
198
207
180
204
360
171
837
567
840
771
252
198
270
969
285
1179
288
465
1017
483
369
171
807
528
852
276
519
420
942
267
975
339
345
1023
243
351
405
597
828
204
243
1236
519
591
1101
252
276
261
681
330
282
1107
192
108324
888
267
213
255
363
273
795
189
62559
333
341700
1428
546
207
1470
354
429
2454
279
1227
351
204
852
702
252
861
1149
360
849
621
276
546
450
489
198
849
282
492
1104
183
198
1107
201
201
507
624
285
174
130734
1032
1176
1050
198
267
699
282
38493
210
360
546
36486
543
762
195
369
279
984
1578
198
318
228
189
357
288
915
555
1464
294
201
1050
201
429
612
249
342
198
8778
1131
327
1932
888
372
342
171
369
195
1416
672
372
348
693
435
351
450
195
570
171
195
204
207
264
255
501
318
744
273
522
645
504
162
342
210
309
198
4503
189
507
924
168135
693
261
342
264
186
177
351
996
198
519
345
75486
351
198
207
930
258
258
204
1689
201
372
258
402
318
342
810
363
357
588
570
204
534
264
174
417
282
1593
282
555
294
264
201
531
867
513
195
990
477
297
213
198
201
354
102465
119250
483
261
258
303
606
489
441
201
543
93687
750
798
354
198
762
207
1317
210
366
195
177
846
30957
1677
267
552
342
357
357
435
372
264
894
279
204
292710
405
654
1308
216
201
630
753
174
177
264
849
978
1227
738
267
333
180
201
261
294
417
366
351
192
267
1212
372
168
267
1143
348
816
279
85434
621
162
336
414
180
411
636
201
294
873
207
210
432
297
897
278352
207
189
642
810
162
294
82653
723
474
624
204
264
753
759
714
540
9669
393
699
825
210
261
699
246
291
465
252
1647
252
282
252
237
384
174
1098
549
243
189
636
252
813
354
285
993
183
198
1275
888
714
360
387
678
1257
171
276
294
303
261
468
960
534
447
162
291
252
189
651
843
292005
255
1131
65283
516
771
282
1566
207
216
252
267
492
177
276
1014
1398
339
366
195
327
873
330
1500
1878
396
252
684
255
207
1116
1149
198
342
732
345
459
219
726
399
855
195
210
255
1584
189
984
657
291
210
279
411
561
501
237
192
936
333
258
2757
906
327
423
252
387
327
279
786
177
276
501
291
420
639
195
489
101589
207
402
525
1254
270
174
666
95100
2694
174
474
771
195
201
423
654
345
195
936
711
210
948
237
192
615
249
276
888
261
183
435
507
195
783
1728
384
405
984
454440
501
270
429
471
555
1167
1140
456
285
507
675
405
507
672
1488
255
48789
165
336
501
195
171
348
507
909
531
246
351
210
252
201
180
1023
474
366
492
747
1335
204
657
210
267
1413
759
192
201
492
267
342
381
195
846
774
456
534
645
35436
300
279
744
174
246
429
213
186
204
387
261
960
177
306
783
12927
720
24438
261
183
522
207
429
909
306
266478
924
465
1233
201
444
240
360
162
249
279
246
339
264
180
678
501
177
1212
303
1857
207
267
705
390
504
168
771
666
384
276
24456
267
675
381
486
699
792
579
435
654
567
525
177
264
378
213
1023
366
348
339
207
447
177
570
423
195
300
480
177
603
207
186
699
195
555
360
297
291
207
351
207
300
348
1284
195
288
2361
192
285
258
267
270
879
585
318
291
441
201
1626
171
198
192
1314
846
297
267
975
285
354
360
603
285
1059
255
282
543
675
258
261
243
441
7335
174
252
207
210
516
1566
186
417
282
264
198
59019
357
303
381
873
1455
165
3612
16329
1164
1956
627
420
