ffff:0:0:0:0:0:0:0:0:0:0:0:0:0:0:0: (total 16)
0 1 2 Thread 0 going to cpu 0
3 Thread 1 going to cpu 1
Thread 2 going to cpu 2
4 Thread 3 going to cpu 3
5 Thread 4 going to cpu 4
going to barrier (cpu 3)
going to barrier (cpu 0)
going to barrier (cpu 4)
going to barrier (cpu 2)
going to barrier (cpu 1)
6 Thread 5 going to cpu 5
7 going to barrier (cpu 5)
Thread 6 going to cpu 6
8 going to barrier (cpu 6)
9 Thread 8 going to cpu 8
Thread 7 going to cpu 7
going to barrier (cpu 7)
going to barrier (cpu 8)
10 Thread 9 going to cpu 9
11 Thread 10 going to cpu 10
going to barrier (cpu 9)
going to barrier (cpu 10)
12 Thread 11 going to cpu 11
13 Thread 12 going to cpu 12
going to barrier (cpu 12)
14 Thread 13 going to cpu 13
going to barrier (cpu 13)
15 Thread 14 going to cpu 14
going to barrier (cpu 14)
Thread 15 going to cpu 15

cpu 16 cur 16
going to barrier (cpu 15)
STARTING...
going to barrier (cpu 11)
STOPPING...
Duration      : 10000 (ms)
Acquisitions  : 8289301
104121
18486
9678
2565
246465
2931
88626
4290
2535
2967
2265
40461
2685
122352
2841
2586
69507
4299
75474
2346
216369
6606
27132
3594
2280
133533
49404
26532
1878
1851
2520
87180
1431
2466
4425
2079
3054
2154
3132
2772
2208
5040
3324
2409
48633
15969
19824
1533
19722
3792
8565
2913
1515
3306
3984
166392
1980
1740
2799
2388
32967
196557
1923
468789
1746
2799
3264
2517
163815
2868
185787
3153
2898
31761
2391
2256
94902
3030
2046
92403
2493
4470
68907
3747
32523
3597
1659
94068
2109
3669
5043
3027
3000
78792
2121
64536
1548
4167
1887
85074
13146
2895
5454
2436
5811
2727
4443
67701
1839
4323
64344
20904
3678
1473
5457
3762
1908
158058
1845
5646
33945
3420
75174
2187
3627
1626
2610
76284
2361
2898
126291
2388
365610
2421
2439
3138
50769
162564
9261
1803
26439
2580
2412
4560
176115
4377
3102
27108
3090
3297
3357
35091
4743
2103
272049
3972
53757
127887
3525
48717
106572
4371
93585
1989
2568
2820
5205
114621
3117
6189
5823
3414
3198
4761
357339
64740
126591
1860
2544
290064
3645
110544
5397
3912
2076
3972
2223
6645
76614
255300
3465
93060
4020
57318
2583
1860
2589
4284
1650
19902
5556
2262
1953
35013
24612
2550
128625
136479
82023
4737
1941
2820
2178
61044
3129
4929
2841
46029
2559
2868
4665
226287
1551
60942
1686
2316
2790
2748
3033
3372
60561
9408
4380
1611
4821
3312
1788
96396
129507
153912
148341
152940
2520
2805
3279
6051
4245
1899
2880
2556
49962
153246
72249
1599
3291
3372
4950
33498
18270
175320
2391
1698
4389
55299
176868
2976
105771
3147
263184
5037
137562
269493
2571
135219
4773
5547
3873
201414
2160
29712
4761
3849
1977
2934
1758
3366
2877
4227
3132
2907
3036
2772
4257
267504
141366
113913
3312
19248
3276
1860
43455
3450
144045
6558
2415
3468
1554
2571
82359
4167
4434
10626
1020
15258
4392
81651
2112
2799
4173
88698
13365
2244
28512
153849
390417
2172
4950
2943
1557
3789
81990
3045
195702
3684
48186
67533
1635
3861
3390
2604
2598
2601
114894
3957
1668
60573
1548
2157
2616
3477
75558
162435
2859
281520
73161
3432
33714
3852
108534
29895
28077
2166
3117
1884
1788
3087
3195
3360
1668
115935
3009
2073
4560
63507
4386
4779
3378
2925
3465
203835
59886
5046
225690
2313
1542
4977
172329
1938
2337
2178
2202
4620
516
2319
2304
200784
5601
1356
25338
3108
3558
16194
65088
4035
180822
1335
172782
69999
27033
90243
1659
2298
2358
2523
2196
34953
3147
1188
23220
1917
15810
5283
1080
2358
171819
5934
1797
49386
2070
3348
2808
127875
2082
1818
83625
4125
266406
77115
2736
45783
5346
3357
1323
3267
42243
2175
3525
1980
13635
2763
67737
3294
1668
2493
2187
1047
298530
2199
4416
2067
144783
1881
1299
9804
11157
45342
3009
873
4179
106269
59877
2805
42258
16296
3867
162369
41847
4866
3912
2706
7263
1218
2958
2001
2442
2361
171321
207219
83349
1557
2871
63789
5661
2385
2679
88272
5883
2757
3858
161283
4503
5193
3522
2361
30198
4785
3018
1596
2646
3222
2388
70161
124902
101799
66114
2919
29040
2385
52101
54240
28800
1611
3384
4551
124650
2004
5157
129705
2730
3666
70365
12756
2484
73749
2529
3657
2472
3003
26373
2340
1959
5706
5055
3177
2565
2943
2733
55455
2436
137982
2517
3612
3690
25656
3054
4980
2517
203688
13713
4227
36018
7932
69243
188235
1467
257475
2271
57876
3393
229599
29889
1995
2493
1323
3045
1434
131691
2787
2379
48954
196206
2535
28590
2805
22536
6000
59298
3069
27786
6372
4365
295644
2610
168774
120927
3279
1791
2268
3111
2124
2802
1017
1620
4941
73290
2574
5991
162144
44433
2613
97296
74601
4452
2388
73146
55689
37893
117177
4623
5163
4398
3849
1167
2907
54939
3522
2172
4350
235482
1569
4761
21003
132822
30375
3591
3441
202893
4536
2448
58152
17433
11961
30357
2169
5232
2190
214365
184998
2376
1356
4386
62307
2166
5967
3510
4065
39270
2118
4503
1383
2139
2232
130455
3648
63552
1470
28911
3042
2700
171264
34734
2025
1389
2652
64746
385869
3195
193758
12648
3450
2451
150918
312564
23268
29763
3639
1263
2673
41187
3501
2520
1581
1659
5115
52545
3873
4938
82653
17841
2469
2115
85764
3474
2151
1833
11871
2607
23229
2151
37149
22779
1857
2664
2112
3543
105183
1917
40152
5661
3252
1473
6177
3684
147216
2850
4338
3036
1470
3108
38106
5682
4848
5151
3297
3543
6258
3921
3126
231198
3060
4791
68475
1758
4716
2880
2481
89304
3030
4311
41298
5733
4275
1314
3129
3657
2796
75237
3039
144093
3390
19023
3774
6966
1551
1509
38850
1827
22647
5889
1530
1959
64668
3507
51930
24933
4140
2961
2709
11844
7377
2784
55623
2211
1302
49656
50319
3558
1179
2076
27588
3558
1317
3444
147318
2679
430308
3864
5028
3111
3309
71832
2865
41139
32316
2691
40749
4578
3777
4182
2439
2193
4761
23184
7755
2856
170184
3513
38388
3591
3159
27849
2085
13911
4599
5814
22902
4218
2304
1353
27693
1869
55680
2409
229404
4101
5994
3291
2451
6462
3162
1905
135636
1437
2148
2604
77952
2913
2061
4239
2853
30603
7398
4299
4797
4242
29055
80304
2640
2187
2565
1536
5487
1791
78561
3366
4410
3138
4716
3696
70980
3588
2019
43095
2883
2634
187593
2016
66630
3315
59943
2739
49821
3492
4773
101484
4758
7074
2712
165138
2055
128409
2514
1278
127884
993
2295
35394
1944
119844
3831
98016
5865
52653
2166
2112
26139
4305
98796
3204
2301
2607
2775
3219
3435
2943
4311
1944
2565
2514
2199
1104
2811
4065
4320
189255
43713
64005
107589
123447
179508
1536
245199
1893
2073
5604
49803
56454
1038
3741
15213
4065
2229
104313
12699
4263
1935
2343
4023
97830
133074
95700
112593
212046
3288
25761
1395
2940
551385
18516
5217
213585
3171
3552
9426
1956
115458
4770
2841
2892
1575
35349
202050
3630
3840
4794
2436
4413
3183
35835
2694
116421
5592
24696
94437
4749
19551
37890
19080
126294
2898
1950
177903
3675
454194
231324
503232
2046
4248
3039
408168
2937
3486
43710
4236
2223
5625
1329
3123
2277
4896
1572
3882
1932
3375
199896
95946
298491
1866
20073
1956
4113
1845
253365
3234
6411
31179
4308
191052
10620
2961
1467
9846
4896
28230
3066
3747
5883
4626
8331
2631
3876
2427
5514
2352
69285
75339
4128
88464
4404
138312
6153
3954
7155
3252
4599
270921
382719
5115
50658
92262
1983
1716
26670
172653
4725
20139
17895
58185
304656
4890
17115
5958
15936
2529
7785
77952
54936
136368
4743
11262
9648
5976
6969
13200
8073
175965
152010
69384
29025
9246
59526
4326
93969
42009
4524
2895
6051
3405
2694
57006
8337
110859
322308
81252
14028
19026
57387
4170
8592
57111
17025
79860
18450
39522
7890
10449
213048
12285
44997
5925
14874
6438
200952
4632
4497
9999
218220
20961
4788
7053
22716
46350
2907
3972
45108
10368
16182
10872
4224
22461
41235
43959
25554
5244
6105
14331
4650
3186
3753
6555
6759
6921
9600
8421
234048
140022
10347
4326
178158
265200
52416
106269
8802
7914
5166
15876
5766
53802
136881
28386
66561
2616
152982
6945
193899
8775
2925
3537
90630
6675
196413
4827
36690
3765
4596
3921
3642
25515
5220
160350
194790
14994
2991
5253
11376
68766
4566
75282
41493
15495
36759
2823
8037
4911
5916
7881
4275
41523
5670
6825
12624
24231
30012
159270
8661
13929
6732
5892
20736
9318
59979
3897
11055
2982
6255
13944
4812
43188
29805
21138
5199
28854
11268
148479
113004
2034
88569
190407
295737
7464
8400
3447
8598
167910
5643
5118
13419
1974
1068
62424
2667
106101
25230
2004
3603
6612
7008
9144
3528
9462
5376
23916
154773
2838
12636
11943
10677
11070
5436
11757
12996
106722
32316
3837
12537
6333
7005
107616
54252
3600
16395
18492
11907
7659
159426
119235
6117
2976
54681
15789
2820
26799
21174
32010
2967
4119
221037
7194
9483
3330
81228
129306
16620
4041
2991
37890
112548
5016
168669
5070
33258
2106
112128
3969
2076
4827
40671
239286
127257
4353
6459
169722
5181
5361
3165
78114
67950
44100
7809
48642
99477
10656
4683
26292
27417
325371
11982
64272
54501
5751
7464
3441
67752
140811
243168
10962
118557
6870
66699
61122
3336
47235
55302
18849
5082
82467
7323
47334
19353
20157
132723
77895
125523
130500
15750
67785
9219
7146
3567
5661
3462
254223
34221
38481
49608
96912
7632
4074
16728
63282
4743
2733
52626
10788
5118
8697
3945
14949
8559
155664
46599
25638
9510
111216
31098
3216
81402
9444
7827
127182
5463
21111
8400
76770
53310
5913
5157
6897
13230
4092
65889
5604
8421
45198
6687
767919
9951
65847
47019
149787
5181
4611
27612
14061
69912
66984
52572
160110
12705
5541
84927
7653
55380
10353
77139
4878
1707
5736
4026
20325
19962
61005
3708
8079
1395
4404
4788
13437
15879
7737
74769
43479
4701
5376
7803
7719
45534
19872
7137
3288
55149
6624
10752
49020
12726
2421
52137
3189
5451
10584
30384
63006
6300
40389
86205
25560
6534
4374
93045
10380
43164
13356
83832
8133
9408
7872
8691
9291
7611
10821
5676
21234
61149
155151
118449
6246
3828
86238
2280
15084
5721
19320
3480
66300
163923
4245
8556
10638
13926
21708
68925
4092
21645
38220
11001
2697
343494
7143
5031
59079
3966
89181
6384
12036
2979
27090
51585
22902
235650
116895
132603
83769
7749
241740
30639
26808
74553
98469
159360
13089
6117
1428
6663
84111
11688
63654
210882
22659
4623
42030
18444
4833
2613
3261
3828
51732
6813
90351
151785
62889
24207
7821
13740
14319
24516
142782
9882
9489
2442
92016
169641
12501
12696
42531
95943
5337
6759
64467
22200
168597
126903
86421
45417
2808
2835
9393
30396
6960
3492
139104
5793
20331
9798
5496
6834
24555
42294
71457
124074
63252
77952
37488
3612
4842
12255
4230
10308
3012
31506
20031
124830
18198
61056
15141
102768
119337
11592
75447
14100
16587
11367
5457
37335
246549
111468
84513
4326
4866
14595
7056
91974
3753
64899
8490
244752
38718
42501
7299
5409
10812
3930
6537
168726
4728
148566
174126
74526
3858
3315
3144
235170
3159
7026
3828
114906
56172
4371
28134
87489
42324
5817
5295
4443
3387
81495
55665
1974
3771
13896
7344
5226
3483
3588
149046
2745
2442
65154
19287
179862
38619
55068
4785
3840
7158
2811
271197
2622
74829
56067
4236
169041
137085
4683
15639
389355
4086
31269
16137
11988
6195
74028
3804
109755
70311
2202
83430
3291
5226
432903
6033
3480
218763
27291
4659
27180
4992
5967
3297
7692
298137
6699
5487
54426
3717
12270
3819
3228
7446
7551
6651
7056
3867
4683
120603
6294
3324
4734
5973
2592
7866
6507
85056
43197
4014
188277
5952
71808
3270
4404
71565
3720
5553
5037
2910
7737
28587
6558
3453
126813
62082
216474
4509
4026
3315
105246
3651
45816
6810
5751
7986
6474
58536
4770
4536
4269
147006
3039
6288
7071
5976
140292
154341
4317
40380
3384
5985
4473
32940
141144
147153
4302
121419
23010
6396
72987
4014
3813
4881
3627
107178
17649
2544
46368
96594
64392
61059
3942
4830
2934
17796
5043
3081
50769
90123
94407
5283
53733
5625
3255
5190
51342
67548
3636
4521
172365
5067
4191
4818
178416
2199
126441
186162
5373
50661
151140
3441
6276
26721
16941
4638
2607
98748
3939
7245
35025
67788
27786
59727
5685
4203
32901
81186
13899
4224
6513
42927
2565
5499
6096
5460
5079
257373
4869
2784
211737
4284
44541
118800
4098
164352
51849
2736
5229
3126
4908
43305
6978
137883
2403
48900
149529
4242
3243
47598
119865
311508
7188
4236
115494
25818
128004
92556
5916
62451
43179
4905
92883
77628
3666
3912
7470
6873
6060
19587
32085
5832
181791
6081
429918
6351
5784
212232
234513
2229
7221
5934
60309
81051
13269
17178
5391
196815
6306
4968
4653
4047
313551
5631
6921
3507
2529
149619
6036
4275
157914
5058
4773
3564
4773
124188
6384
6732
17034
6681
3846
268875
39579
163965
6597
8043
4554
28776
29772
7641
4440
3648
8079
7152
48309
16665
4530
5400
4602
128538
130023
4479
4824
3909
3870
86517
4203
65160
41334
5394
3183
2790
16302
34698
42450
49845
42351
83136
7779
56445
5478
7800
3954
88398
108942
2862
14748
34089
2895
3015
2418
126291
65580
3633
219027
289164
16845
12933
22995
44181
6636
82734
43662
17562
20310
157023
113454
10356
4305
18564
2775
6804
134088
4527
4878
20481
74016
5991
2892
50430
10968
97248
25482
256893
209523
7230
11667
31041
5904
11376
48756
75912
6384
48999
116670
10020
6807
21843
37269
7080
7452
2724
69603
16959
2268
24447
7197
65937
106608
347814
179964
42276
6879
2265
2886
1158
2649
2349
92847
3453
3408
44688
4488
2733
3264
7320
103449
1809
2721
1221
3549
2052
3555
229470
4239
3879
942
3435
60858
4200
5247
1533
3447
20022
2832
3570
2106
10449
55962
2019
3843
11406
39645
2235
229767
387468
2637
10446
97731
7302
134208
4041
11562
2370
311028
1530
2973
4284
64104
3063
3534
3132
55044
96138
20355
3330
181836
4725
3498
3117
2208
75129
2175
1626
2925
19923
174723
2826
157665
3726
2556
2802
3219
4581
1521
3246
64266
4353
2640
148782
3078
5766
137421
1569
1845
9738
328245
3018
2649
2283
5163
139935
25866
26658
171723
31167
1827
2919
12744
477
4026
2343
2325
2724
2520
4038
2169
3726
4140
163953
88770
147996
4008
2787
2448
2082
3843
2460
3597
3402
3636
3651
4836
2526
25512
5589
72867
15324
4365
3711
221805
3201
3192
3021
630
1419
2427
2676
4665
3294
7269
23103
4149
2739
6090
3315
2889
110061
6111
63216
3762
2532
3888
3591
3648
107379
2052
52362
94611
2382
4962
1800
281958
83334
165870
1971
2175
18438
2394
54597
1980
1650
5748
280488
3600
4626
1905
2466
2232
1890
1428
3777
84249
1809
4338
159036
2673
3588
2649
1641
92829
47451
1857
4470
284127
235524
2751
4194
1965
11154
2013
2712
1533
3741
121119
4485
5571
4443
6834
3879
3564
5454
287688
3579
4566
1728
53766
62367
19827
135516
3630
2406
3129
3381
1920
320535
1275
22017
3978
3069
2889
90147
2847
3372
21114
100770
74298
2355
4458
440943
2817
5643
3153
2937
2163
53856
4491
3333
4572
3204
2229
4434
232689
2466
27738
182451
4038
159102
4479
3789
2139
103011
4869
355848
4656
2940
4386
2454
2520
50928
2175
2856
2478
87453
3294
61740
378150
2985
150741
2106
1938
2745
3003
87582
231255
6075
117882
4479
2298
238563
3021
4527
1584
2244
91659
2865
1851
90879
1344
3423
2706
4818
1905
249657
4149
10992
55434
3927
1653
4152
5970
99741
5055
5373
46407
2070
2337
5442
122817
6540
84195
1635
3783
122094
21375
179940
2364
96957
2502
209019
3855
99660
3105
2268
2226
2727
47514
3225
59268
135483
1509
2712
12735
4806
34197
3831
2889
2400
42888
94251
56412
2895
2268
3060
161706
3126
1641
2589
46638
5157
4065
2988
57981
72666
2094
3423
42729
3120
59313
22971
158013
333531
3840
3159
2625
2109
1350
242535
1932
223050
62295
3396
4266
18882
2697
3384
2679
2964
37521
2253
3579
53034
35658
2382
124554
3117
118587
4188
35160
3567
1485
2544
7047
4068
18351
3009
242991
2652
2160
164400
2793
180882
5079
3477
2994
127770
3159
3333
6051
3708
1788
2223
122826
1530
16683
5283
4308
1107
150441
81054
1800
50385
3189
51717
1791
3855
3435
2247
4962
109221
2424
2601
2607
8151
118590
255792
145395
78822
3780
5262
6183
2811
2043
3243
2091
131586
22911
33933
3294
4245
3399
2841
2097
3759
3528
121731
1752
16209
1671
76884
2169
2865
4017
211680
241287
3309
5127
3081
38400
171789
3627
3390
139170
135177
52818
5127
164730
3330
2697
6042
2790
3414
2454
122151
1602
138357
852
3435
2565
23175
6030
3393
2394
166410
2835
4944
2844
3321
42591
35844
2700
34200
28398
3504
98280
104670
2895
5022
3852
3030
4848
1983
138639
2889
2796
16002
27009
5730
4665
1371
12921
2271
1878
1095
25857
53556
28038
1941
117192
201663
2535
2553
2589
3426
14736
4380
2076
3087
1272
4317
12714
95193
2346
1836
19905
2844
32055
2640
44691
3774
3876
5790
2157
31518
13056
23466
2640
54714
2589
5391
4698
84162
21915
147438
411489
4167
2715
3027
3573
2364
213687
2280
3966
90012
2592
3420
77202
92103
11301
2637
59238
3351
127047
75246
2259
3255
1296
3477
1881
2619
2910
59409
16188
2397
7470
2385
29307
141123
3948
121791
3789
3879
1371
2193
2121
2541
3747
141837
3213
2724
2121
3000
1650
3720
26280
2211
36090
2535
2904
3345
3993
6639
514800
54879
16710
99126
2241
4317
64659
8706
2271
1068
5181
3348
2742
101451
3366
110682
5244
1110
2634
2157
107517
2184
61794
36399
10116
28857
4278
37632
87180
130335
4566
1785
114966
4485
72543
2277
2940
26718
3117
419172
2994
161733
4104
195309
8670
2907
3033
3648
1203
3165
10992
3222
233478
2463
1413
4368
98583
3225
1434
1716
130614
142824
1713
40812
5304
2778
2478
2952
67053
1812
3309
2142
17361
53337
2118
52908
4332
22791
3981
2364
62889
2277
1821
4821
2970
1494
38685
3519
2307
6534
1482
3336
3123
20973
144849
2919
2472
2388
8208
10104
13257
21273
3795
169503
116709
2736
2760
2652
83250
95223
2649
2790
11766
2040
4164
18387
60807
4305
5673
252306
2091
194301
1962
21264
4134
4857
2223
51489
3366
1959
6738
2790
95034
2778
5526
15294
3819
132087
83916
54042
3486
6552
2691
1950
165042
4212
2199
3864
153642
100644
258633
2019
254961
24954
3678
4257
2661
55725
3375
16623
73710
3276
2397
4482
1380
5088
3867
26946
143073
2718
2445
106410
3306
2556
128412
18456
2709
53190
33000
3387
2031
4470
219258
2298
45312
3861
119277
4053
6078
1227
1989
3414
5076
4512
25686
4308
2958
2760
1575
3798
4848
263145
6891
64074
2121
3162
1365
43074
2787
2028
1680
3588
4299
46254
63423
5514
83151
2754
88794
2292
235137
3702
190131
3330
1872
2319
4143
3588
3387
2889
1344
2826
114546
2607
49539
3507
1818
3342
3561
4539
69354
2877
3339
4545
2214
5394
5004
4782
27408
2721
2019
2358
3978
4581
3867
2580
3096
3000
231096
90660
2325
181959
4053
3204
3477
3234
69384
3831
2022
6711
44160
2787
21984
1149
3525
105855
39399
213891
36933
4512
59055
4794
155922
3021
154191
3051
6636
1542
194610
3960
4707
1956
3048
5769
2127
2973
1995
3750
2637
2475
2256
183327
3735
3732
3309
145545
3672
26913
2562
327639
2382
5667
3585
43044
99240
16917
2253
2856
3078
1653
9120
41670
3501
60960
2754
3156
12678
2541
2844
3681
2517
3213
6612
164250
180639
3432
43803
1290
28971
157584
2103
1863
1839
66678
20682
76608
3579
39984
56829
3366
2964
3177
18906
2085
3372
2904
177540
3363
2385
3762
5040
3027
1812
4956
40785
4452
143505
73209
5103
4038
1515
2619
282177
13989
130536
25326
1317
129150
10176
20154
3306
13290
2640
103338
72423
4062
3408
2328
73062
4182
67671
78192
70896
4053
2931
30855
4173
2490
1359
2934
2088
3165
153714
27930
1080
312
2712
1944
1290
2670
2235
46497
3087
3543
201495
2445
2781
2172
247488
2961
530910
2610
45306
2349
84189
349605
4377
1950
2496
193893
2379
1551
4869
23157
60018
51111
4422
4581
2361
2064
59199
157554
1815
4440
18555
2730
6549
2685
146703
3078
82122
60696
1527
2448
364410
2346
1974
87462
1845
2553
6315
1737
3063
2697
11094
1920
2316
1218
3066
55476
11259
5061
3243
90489
2145
2211
168375
4170
75741
78177
1656
3366
10167
93144
4245
2751
3225
4473
135462
2541
5298
1200
287412
1902
1473
15210
3096
2844
2559
4866
64575
1989
2847
69636
2700
1134
77790
158436
4341
3411
145953
68094
4233
1947
3516
1764
96846
4374
55218
804
137487
55164
107988
142056
1470
2415
4158
3234
4932
76473
7674
39981
7779
3822
4704
1935
2250
70842
2175
24996
1002
122064
211929
4506
2247
1719
18909
1977
1602
2775
2322
118617
2160
330159
3798
2817
7761
69735
1128
2097
1803
2982
1353
1644
112779
2511
45516
1080
65883
1887
3120
14595
46728
1161
2646
44022
1839
4533
207381
5343
30720
2385
2511
3255
3624
119418
4587
19176
2193
3843
2658
27816
4323
179391
1977
30948
1374
2982
3126
3675
95439
3150
2091
2301
37557
1896
2805
205944
1797
1707
2082
2418
113811
41502
2160
24741
2415
2706
58224
3633
1737
840
134619
1728
77574
3861
10644
2583
5664
4836
40782
2736
3621
202533
3690
111456
4215
2709
176892
5868
48471
4497
1833
4866
1260
6516
2535
2061
3474
25275
1263
3900
25035
4857
7011
13560
3318
34200
3702
4719
1650
305964
47271
3078
2856
230430
2517
2097
1023
2289
58122
1824
4506
15516
1635
2514
3234
2781
127479
2334
5934
11556
6228
2172
28572
47502
2829
1107
42015
85950
1707
2181
10659
3273
196989
6003
206640
4179
32025
197505
4437
1665
186348
1434
1407
124152
2517
137694
3186
1419
2004
2907
3264
47289
3816
2574
4629
1767
21858
211857
135741
28875
250518
50166
219468
27741
1746
2970
211461
3282
60588
5613
1530
1743
244749
5421
2937
10638
2199
69216
240237
3735
14499
33225
2007
2700
41337
437412
1461
1896
31095
2595
425022
3495
248763
200004
137517
2058
257886
13365
142206
53466
3453
2007
81141
2448
2160
52668
2166
78777
3915
2061
855
7512
1956
78639
215130
3420
3684
4362
1176
145506
4113
2505
117270
3303
314388
3504
15021
3735
36336
41706
1806
3621
43971
24408
2937
2709
5427
32817
194199
3861
7554
2862
136839
1083
85992
2328
3411
2415
2334
17340
2871
1644
1932
3060
3246
28482
1785
3699
2574
3414
4095
4833
1848
34359
1896
3240
2244
2961
1707
1896
247338
35427
2817
22116
85596
2667
1509
2790
135981
3702
191871
1254
1605
1668
82947
3786
3417
2256
133875
39015
4500
2535
2796
975
2400
47094
1947
335823
2904
18672
6069
4191
105159
1701
4047
88872
3543
1854
28818
2457
16749
3852
32640
4917
10872
20292
3021
3102
42075
78708
2919
36855
4032
1548
2607
252777
3108
53328
3186
12234
91725
4098
1653
4866
31449
1584
20043
3075
1026
22545
1485
2715
4767
146736
4404
53133
2757
2805
29802
39018
299205
196125
2682
2445
1560
2892
247488
1890
2874
1953
151359
38544
2571
62664
2247
132732
401583
4386
148596
2958
5235
2385
2943
3936
232110
21192
26685
71652
2754
2547
2541
91509
1530
4635
138414
3339
2397
3273
54207
51018
3852
1755
2688
20343
2763
4386
1992
3669
213852
48660
3819
5421
166713
3174
120870
19536
1452
3573
6864
1785
3000
1437
2040
1677
37914
1179
137901
4341
3462
47733
41745
7668
30942
4971
1602
1839
4494
84180
1194
2664
1692
60438
2349
2280
2940
48663
35862
111168
2358
2856
17760
58683
3255
4989
5778
116412
3333
2946
4401
146358
3282
1224
2766
57849
46323
2016
175689
2589
41946
4368
68532
4116
127980
3708
5076
143961
30108
47418
1425
8736
155520
3789
4251
924
120129
43902
2280
1542
2859
98409
1557
4323
178041
3972
3090
154251
2814
17592
2949
1659
39270
6426
1371
2631
53106
2445
42687
757173
4929
2289
3000
239130
3402
3156
2964
2799
2151
60546
1368
1932
2313
2574
2628
1938
3336
71262
28650
180123
136407
135567
39813
4620
2733
42843
3147
36666
4149
3219
52188
86004
1965
4107
175851
12774
4587
3438
154587
3201
5091
2925
22806
2532
3165
1344
1542
3153
1866
49686
2337
112023
497214
141666
1683
2706
15801
1560
1167
126321
23382
203805
8094
3375
58584
1479
2814
1002
70452
3450
19035
1638
72063
44373
1932
837
3159
73338
47901
106074
2748
4959
2547
167040
3279
94647
2250
2553
2235
84579
82914
3705
206016
63858
1881
1953
2676
4167
128622
54234
81597
1983
53073
6393
28767
3153
2499
3498
76143
21684
301932
2865
44937
3264
7167
49311
3615
3261
3927
6891
1857
3417
24900
2304
54663
17619
6597
108480
31257
120264
51492
273069
2241
17877
3561
1179
3678
5730
1968
2250
2709
2376
24369
3486
3048
4941
223794
88809
5628
4209
1683
3174
3645
111822
3543
3879
2628
3009
1260
2775
3555
28740
4572
49140
5337
342630
1794
16296
66576
2589
130599
6795
2190
127311
1788
3105
236898
3726
2589
125007
214443
32697
104445
2151
4113
5286
10614
2625
21324
5862
3036
2739
35718
1536
1941
1725
3657
3231
1911
3534
2676
3366
91593
1233
3567
3687
5607
1041
1578
15222
1611
3474
241875
4797
2250
1995
3606
88614
123945
15342
1713
3498
105807
2562
76218
89154
3675
145404
269637
4089
4134
4689
345630
1644
3840
5625
2466
2772
14784
2904
84891
1905
73095
119730
3114
2094
2631
47061
2154
48144
3096
2721
2133
6957
2091
3753
3063
94863
2322
3495
3579
417
924
798
67869
2112
1320
316977
2322
147849
1920
38001
1893
2817
2691
3573
2133
4140
2232
59997
408
349059
1080
4080
3384
4038
3201
1446
24219
2499
222639
118842
2976
4185
22494
3192
4659
1155
83211
69960
3273
921
54519
124857
223086
60933
596085
2568
2184
2019
1857
2562
3084
3525
1983
52743
1428
82308
30672
4473
5184
2220
17637
6870
29040
3171
4287
2169
2700
3228
2871
3228
1947
1830
2145
924
1344
4119
2475
47574
134793
2934
104142
2910
7704
42558
3810
35541
2601
5046
58467
128703
4470
2400
3420
52776
1290
3579
35082
2811
165822
54939
2907
2466
4431
17499
4998
2517
2352
1818
2673
4203
3201
1794
80403
2847
3318
3351
3354
3174
83292
81477
2508
189102
4953
4329
2202
1962
1959
3366
2949
197109
1566
2655
2115
2421
3828
33675
31590
1842
2517
4530
2022
81204
2097
55008
1437
5160
2373
15495
81075
3831
2517
371385
1416
1914
219534
2742
3216
11469
3699
217164
2004
120060
73875
4869
4365
5322
116598
3468
2871
4215
65040
3276
246378
4086
54435
342567
2382
3045
5889
2187
3873
3198
170394
1488
35325
2151
1149
3504
80727
74022
3000
3450
1947
4071
78438
1854
2091
2811
2538
195531
70674
1302
2223
3069
4167
3852
2487
286179
2940
2523
2400
13347
2808
1530
2619
5493
2388
2604
5772
4254
86859
2022
2721
210834
4086
6297
63462
3264
1845
121569
2820
428883
118545
3360
63627
2235
6642
5766
2718
61899
54702
3798
2721
5499
3942
3705
131379
28104
2826
4467
8037
85857
151068
1755
3282
2166
4164
58068
2109
3978
4959
42567
6111
20514
138438
237489
3792
3402
418251
1758
45099
18864
78036
434043
30354
3372
5139
41673
71001
3300
20151
2349
81096
2493
3825
2214
2220
2136
2301
72174
49713
36282
62028
96027
212598
2802
5568
4023
153594
19647
284139
2364
3186
79371
3282
3165
317541
3393
20412
2745
3717
3282
92679
2262
2838
1707
32841
2544
1845
70938
4977
2514
200979
1863
137625
3264
5400
3057
196698
3108
144630
2136
164877
2118
406551
2712
4725
67809
204165
2295
41778
4878
3216
116346
3120
68520
3549
2544
143145
5796
2877
37068
3663
7461
15861
111402
2466
59817
120126
2514
93750
61479
3972
3309
3222
2478
3861
19308
159366
83211
4227
3195
162243
194166
253152
9603
4353
1431
1707
2190
1719
83628
63219
2445
3669
110901
44991
52620
7206
118296
3492
60567
4020
3201
107958
4089
2430
3369
2607
75108
50844
3864
58140
233697
1851
322344
4083
1812
29292
2769
4575
2382
3216
86067
2985
3039
15951
4962
57669
2589
3921
2676
2778
81780
1173
3138
2751
4155
3255
4638
4050
1812
2865
2487
16053
2118
1473
13992
4083
3345
1173
3438
3024
3519
54240
5907
2319
2205
4446
2589
124200
4182
8589
120585
4578
3471
2985
2217
4194
2628
3027
277035
4101
185325
4584
58980
1836
1689
5262
1005
72333
74868
169287
4986
2694
78447
4374
12252
3684
5703
29409
2697
4224
1974
2277
2808
2433
2751
2082
65253
2499
2793
54663
3987
5910
4086
184224
3522
127443
98820
2262
2733
29022
2532
1737
153846
4146
2778
83490
171285
3624
96135
13434
4245
6636
3678
1965
51276
4470
2058
2163
132774
3366
2082
3438
2085
2145
4482
963
3558
20352
18966
2190
3468
1620
3024
1377
2598
173649
148005
4224
82158
40524
5784
108612
15096
52662
5799
4206
196722
2937
5154
1716
1884
4563
2841
53097
1791
3828
1629
105252
10077
6951
2205
125205
2004
2274
172881
3024
2184
4377
54828
1698
14856
3270
3114
3669
12630
188079
3768
40287
3354
1590
80550
1173
104064
209337
4443
217818
4923
132954
5325
75864
3210
30975
2298
61440
3918
2553
131160
2193
2814
2835
53439
144330
2025
34011
3876
315222
4923
215916
3060
5604
74334
3759
15318
4533
6699
3030
33894
3315
149376
51876
2448
2931
13362
3786
109872
1971
104019
152793
4401
10245
6291
72294
6828
3132
163680
12687
319698
1359
55323
2904
224121
1977
57870
48753
13857
3846
26673
2928
3180
3114
3594
2835
3474
35214
2949
148944
2274
206898
476742
3594
199383
137262
3258
2688
33018
3816
80826
2634
310320
217974
110757
2736
2196
6420
172887
2325
1962
3777
10122
3102
6897
4290
132852
162921
4404
53331
2793
3102
4911
3882
92382
3369
2583
160938
65079
1596
58473
3387
2412
2043
15894
3189
6078
330315
3300
1584
2142
3522
2565
132987
106218
2523
13056
2382
108705
1740
211443
4818
4545
2229
2940
2418
1989
13332
20148
6465
104184
247293
4599
3906
16536
122733
3861
5247
22548
3438
141567
2013
4488
64428
5556
114765
2139
2328
1947
2598
12945
2478
85074
2154
45225
79929
2379
2238
38061
2499
4635
2565
2706
3366
2706
2079
2538
4446
4875
14040
244683
3387
2514
1536
1278
7251
84756
2304
4782
3762
31335
2241
3846
143262
3351
1806
88233
180054
2115
37161
5070
3051
367608
1908
85422
34362
3030
2289
3657
2031
3198
298770
2982
3009
78456
3042
11583
3042
5916
32367
3042
1647
2679
158250
29703
2736
3321
2925
3645
3087
421968
3162
5886
1443
5316
83715
3732
34215
11484
201465
143547
26259
388833
2196
2649
3204
31056
3240
1599
56865
7944
4509
144096
2631
3459
312804
105093
3942
1515
3066
120633
3468
38301
410424
2589
103548
2613
125379
66111
42009
70659
140103
39750
2145
2031
2433
232053
3285
2442
2637
2664
3558
136179
8490
47256
2856
2235
2763
3972
44001
1692
3243
1464
207225
2640
244275
29712
3120
6522
288531
1566
3699
4116
155265
44019
25614
3876
1368
290805
4908
19218
97593
4476
78111
1881
21816
10575
2658
3066
123615
2298
2418
17754
2820
2859
81207
1395
77214
3015
18810
1839
2541
36789
72693
2886
2502
3414
162462
43125
68115
71781
144141
3321
75309
2388
2307
48798
2883
4164
76536
4446
4722
177273
66981
80061
71109
4890
127590
1515
25695
2358
1935
60828
2472
2811
248277
32331
1656
67374
83511
1854
3177
2490
20868
3045
76593
2802
3090
75030
162456
2985
360864
108042
2544
11307
7209
51144
5421
8853
3483
81387
2982
3483
4044
200817
117216
59019
4134
39969
5145
4992
60291
4347
293862
1509
8526
3375
34857
91329
85788
2190
1950
2721
21243
100806
41838
508821
2376
2073
2103
5130
2049
2898
4608
196053
2850
2670
1830
2100
12270
1458
101811
2706
143262
1611
90390
7662
73452
2139
3189
2013
5646
4140
24510
2349
4530
5892
3390
109605
74463
30453
14298
579057
132786
2694
44190
139671
394362
2118
134016
3297
2382
32493
1317
3039
3531
25008
17901
5682
2190
3612
187005
239322
5541
3780
3816
3474
1050
1974
2847
2913
45618
36951
174846
4200
6054
1956
15105
1173
4431
37506
28977
3849
2112
224961
3435
122925
282708
1512
4986
46989
21099
4086
5814
3960
2085
1518
3363
95841
81549
3816
3174
256650
3150
68226
21696
2703
4467
2247
38163
1926
95796
3489
20382
21690
1116
3570
175893
59244
64662
87183
278541
36072
2880
99069
1965
6987
2139
4224
2730
2745
1944
2664
22155
4692
3429
1446
2418
109722
2310
1617
6057
219207
1686
39984
3024
34860
2919
1917
3093
203700
66390
1914
26910
2763
3696
100200
3117
2634
3645
3681
386337
4140
1560
2466
79179
66249
12846
305007
2163
12342
1380
1965
1974
2835
78534
95487
101979
33261
4554
1899
3993
64365
4776
11961
6306
3285
3453
3006
2862
2499
27645
6579
95958
4677
5277
5244
1440
4398
2643
67485
1899
1164
226329
19875
3153
60366
73503
204900
1272
2631
20343
78765
1917
3174
4278
4485
232644
2712
1932
2700
4365
6123
3342
1611
298647
2865
3435
1854
294210
960
2865
36177
2733
4407
2439
65967
3255
5244
4566
4755
13719
1920
3573
159846
1938
102702
8073
3372
119010
13500
19824
3213
3015
3168
66234
1287
37653
28554
3483
41043
3570
7131
142128
3186
68796
126576
2478
1731
4230
97077
3423
59679
15765
157947
3657
65343
3132
3324
4551
12051
347814
3051
1614
5088
3054
3285
1947
217197
4044
1455
86904
3414
5574
3471
54141
150276
2502
2778
5631
42255
4341
4794
45393
2742
3789
79239
2085
4116
3192
7689
1731
2643
26688
11625
2721
2994
2547
3414
185577
3027
62736
17817
6105
53988
117492
5385
2931
1503
30897
3870
2763
2196
2457
31719
102402
2445
1839
1527
5070
3741
41766
11544
1878
2652
347523
3474
41214
3360
2697
1359
37713
17997
4470
2778
2208
12507
3528
129810
3168
3531
3207
156876
6168
21411
179676
3144
1398
69360
10575
4023
2889
1806
24768
2487
1914
147432
3663
70359
5283
2367
44391
130563
65529
12597
33444
5001
185256
12777
3621
70986
3030
138726
2535
3201
11178
3621
3510
3906
74034
1341
244410
1764
26358
13137
55803
2343
2280
3273
84273
3669
159945
35844
124992
642
3738
14682
2694
3825
60078
121152
2145
1899
88275
1791
3339
1680
2373
633069
3072
1137
20634
131745
19431
1818
4143
36372
4437
2043
2556
2184
2529
286614
222519
142053
2241
187050
52854
24294
3243
96483
3693
44478
4704
2268
25458
153414
4743
2019
174309
56880
344652
169317
158358
72861
2019
2406
4971
31800
2631
70962
5661
1677
3423
404445
3774
61008
82443
431070
73335
24612
3792
3444
144405
3762
2715
4239
33519
3657
3339
5547
1650
13185
17754
5958
1959
27417
5544
2073
250506
3675
2328
1470
9573
3246
46176
2694
4080
4002
2874
2559
2292
221403
2196
120009
4560
2352
2295
2514
181344
44217
1482
3123
45045
1959
2655
67641
6447
41013
2286
2532
3432
3024
1668
2967
1599
2757
7542
95451
2175
3621
84777
48171
1653
339501
5100
3090
88131
1644
21852
182541
80946
2265
2010
2373
2145
4953
126546
35850
1743
5235
1377
2370
3651
176718
28401
3465
82896
2079
3747
247677
1812
1959
26088
2481
37557
1779
2214
37842
1860
1659
2658
4812
4887
3000
3429
61767
7191
18486
3075
6468
108222
3699
4881
66114
2994
38583
4125
144615
2325
2751
146283
49062
2595
2898
173241
2760
87567
2331
61410
2091
17286
1086
30069
160974
100545
221757
40350
4149
2940
2844
2664
1986
52584
2250
3213
3438
1899
2484
2562
4995
1809
99708
55080
82050
153963
4911
293133
187350
4719
50235
48378
3054
2826
2802
4914
36132
188307
39198
2160
1932
15891
3702
6396
2982
2877
3690
43044
75330
5262
55923
4356
86037
2688
6456
9567
3498
21288
2112
3435
279048
14892
150057
1752
2097
3855
35013
1518
1719
62916
9753
1758
3840
40524
3219
5700
2472
2607
191571
3018
2028
39495
1899
39666
491694
3405
31020
5271
427356
148251
43548
65655
166539
6606
3255
2790
2025
19779
73587
102369
54888
3486
2730
119787
3093
2079
1632
2052
226371
1836
4329
14115
3846
107493
2709
1290
6030
42363
1698
3030
1785
1950
5442
68295
7815
184038
62988
48858
2622
2193
6987
2289
4836
2175
1524
12504
7710
30852
3213
61830
24855
101616
2913
2766
3396
34542
1353
1542
4779
4869
2577
4539
3408
137214
115623
2757
26586
2466
33630
3720
2628
20535
38544
11496
53352
27882
91239
1557
1524
2922
3675
88008
54573
225489
1671
2232
2832
56463
1794
4161
2457
127608
124614
1977
2052
1860
110199
3258
2793
31506
109242
35679
4539
3924
175647
2442
3126
127530
1671
3174
3372
243972
1836
77631
294918
4518
3873
2472
374616
1683
4116
13011
261975
57222
2067
3624
334038
3903
39174
1749
2805
2646
41532
4026
1959
2322
214428
2607
52293
3528
3945
2775
3870
21225
217671
1650
2346
5391
6288
3297
57975
2262
32112
6972
38613
3366
26406
2877
3033
11406
2439
3588
145752
132240
3081
20457
2178
18153
4719
2847
24393
4014
96162
29502
146514
4146
2712
2271
26199
3042
2604
89247
2862
2307
58176
159489
4743
74760
262932
155277
3408
2997
2058
272001
4776
2028
2388
3042
1566
1710
2895
1536
5283
2046
423786
72870
129198
3705
69174
5871
3222
114984
2418
3714
4269
1884
2133
4467
39468
3639
2085
2619
7821
2778
3723
1398
51873
12147
3162
3744
3447
87585
5226
3957
1806
14685
51321
199101
4431
5181
60039
2124
3048
5685
208182
2157
548865
2511
8115
1071
3003
2424
5913
166887
1506
7110
4335
26685
21363
3081
13476
65775
2427
37974
4668
5127
1632
1611
50544
4611
3423
4155
1947
2412
54867
5115
1905
2772
2646
2952
2652
11184
36648
1872
3873
3141
4797
4491
3597
1848
2304
225147
1764
33777
3144
75315
2814
27249
428565
2214
1293
1719
1995
87540
47511
1758
1965
4770
3369
2145
3723
1620
3090
259911
3039
2295
6435
65976
2928
3057
2217
17265
2748
5781
1848
67170
2601
3393
4209
1206
3084
2358
60330
2697
3210
5313
25533
1809
40599
83748
1353
3972
2922
29229
6024
76212
301626
2457
5352
2859
2715
28470
106218
231915
3699
2934
50571
1689
3681
3879
150558
3246
26037
2289
5547
2079
42960
15939
211260
3999
3039
3408
3351
3645
94941
2304
303
2136
4782
2364
9288
124833
2571
1737
65034
19329
2673
79005
1953
145971
2436
3834
1257
1533
1791
2520
4062
1461
1857
12414
2472
1833
97122
126573
1773
92076
146373
4761
100146
2109
3354
38928
2469
2148
2994
2841
2331
5340
3207
216906
3471
127875
4986
3117
33279
5163
25566
4716
4830
89277
5106
3459
231870
3723
58950
186405
51192
126786
34485
68769
3792
197361
2166
2343
318303
296775
32220
2928
354144
160293
2601
121683
2439
145479
3657
100185
2778
187959
2469
1788
3741
4173
6552
2379
1800
378168
3009
37266
2631
34062
5184
2088
1749
38325
5361
3777
3735
2274
2124
3345
12777
92679
1947
153108
1914
3852
915
4296
350730
2190
12849
3207
2130
4350
3228
4929
2607
193767
2415
66432
71238
14691
2805
3945
50325
1719
2793
18345
2589
2451
2073
5226
82839
2418
1746
2823
8646
3123
4746
2790
63213
2715
4194
2658
1665
159165
2979
3783
2826
80322
2631
128340
42885
2229
2331
3084
52086
4299
63588
248385
5370
2343
193665
1686
4053
4326
4470
2439
452388
5310
132219
1878
2205
3099
208074
11700
163125
1713
2802
6708
2025
2964
76410
35424
624561
3954
2982
22542
4476
2850
2022
1956
1629
195381
56613
225591
1848
2106
2829
135303
76734
38295
2265
67218
2805
3768
3858
11160
4218
591
4260
46569
3210
3687
107955
2070
179763
134793
30885
31830
3747
153891
332937
2169
8892
57177
324999
4224
2280
2070
72696
1728
7581
2760
14112
180324
915
2919
4017
133320
3009
2025
37089
2541
10086
4128
37137
51171
4194
2019
3831
1878
72828
50073
3432
3816
2685
2178
5886
4506
1629
21585
300798
208974
84198
6930
5904
4977
2784
312219
3630
5469
1722
2745
1674
1641
1773
3753
179316
2499
4671
1749
2943
26679
7644
3447
3285
99429
1734
3972
2439
460020
1590
1920
2037
14202
99564
4059
2079
4878
6753
41319
113271
81060
27612
82686
1932
2046
12711
39009
2166
136215
2766
5556
2511
1809
2439
95730
4326
2475
1815
132255
2634
2250
3201
113811
5529
2397
2184
3081
19317
5163
90813
5196
2448
45840
1887
2982
35232
19569
27045
2349
4662
344211
1833
2904
5301
3987
5571
5430
13359
2184
3189
2796
1161
73488
2874
4284
1077
2070
278178
5874
2562
2520
43659
273816
2007
3354
2454
1341
15900
4170
2886
2313
40302
88443
74766
3201
92811
1893
58188
59715
2964
164439
3183
4341
2142
4305
3159
12843
26529
3276
2355
14937
3471
14403
4044
3642
8319
138879
102873
2265
2712
3297
2409
142956
3870
3315
40836
4728
42762
2553
4044
2658
2352
42195
2688
40539
22431
2271
3390
8346
1605
27654
3627
3153
2436
6615
3198
1875
1941
2304
4602
24018
1842
62703
262047
3669
59322
3201
3057
38688
40452
5691
1563
1848
2106
134625
5283
3918
1545
1944
93003
2523
4512
1359
5466
2418
2439
1410
74358
2187
5139
2616
2292
27291
56919
6204
64323
4065
142164
415245
69420
2496
2424
55896
3915
1719
39237
3003
5361
2529
1596
3423
93795
80097
3351
32694
20538
51237
4530
3591
3501
3099
2883
32718
119724
23880
106608
2418
2940
12129
2493
3279
3450
4026
40137
3366
38976
3420
3399
1608
98598
26655
2367
1092
7125
129390
101574
2172
2709
2664
1560
69663
4779
1317
2970
1560
15801
4437
67587
4593
8280
264165
2685
4767
3009
344307
184239
2721
2130
2526
5442
2499
2256
1998
1965
94086
244746
47109
4719
2640
32796
3390
3489
2037
3282
3732
5166
12009
1728
1893
3198
2685
3570
84897
2847
7668
37875
2274
3234
2889
4833
13062
62088
6048
3030
2058
213330
366933
1650
3333
2439
4707
272499
3312
4893
2253
176661
19776
14745
2460
3210
2973
1671
2463
3792
83493
115134
33693
3894
19197
50889
71829
2235
2718
3204
3444
3468
1215
4038
2613
32397
165810
3051
12900
1395
28764
1860
5181
23643
5829
3180
37569
2118
4128
2376
2775
4092
2580
849
5076
2808
4002
46431
124803
100056
2592
2361
2421
247449
23619
2457
2004
2796
1848
548541
8886
2991
2100
81786
2730
1890
14952
6345
7794
1284
3720
107313
45468
2400
113598
89928
68292
11964
2586
4770
1800
3729
2619
3681
31047
5253
3477
2886
3633
71013
1155
129030
4038
50337
1467
136728
157593
1602
22542
2580
2382
1761
3558
1668
3285
2625
6351
53595
2277
3411
53097
8925
4008
81195
3798
125169
3846
3756
4377
19302
3150
3420
1614
2382
1476
2361
1431
1665
2934
42828
4488
10728
3294
2541
3384
3042
3903
3360
2514
38673
1992
72672
74754
5304
1452
4014
3606
2562
2562
122115
136050
66861
5601
125391
1584
2412
8490
7377
84771
61803
1278
2910
4797
1935
10617
1623
23778
1335
2250
17946
518865
1374
3702
127620
5808
3600
25923
283263
1836
324612
12231
3036
2388
2394
2943
2757
7023
76071
5733
3612
1905
3180
4131
8004
3084
2652
2694
3075
2994
5628
2190
6282
2199
2979
2064
2319
3411
8580
2289
5370
27744
44163
2859
2871
2544
65301
2511
98253
228717
3852
1773
2592
99498
1455
263253
125022
57927
51918
16206
256560
48288
3198
27498
82392
266568
2343
2853
7587
157638
4233
4290
2484
8523
3348
3297
2625
16035
3519
2892
1956
51075
4530
3447
1179
2286
2922
2166
44055
4554
158844
1326
11676
7107
167622
3063
236265
2784
57084
3960
2118
4755
94023
1761
7101
2655
2556
3741
12624
2265
3852
35100
145104
2388
165093
146241
5148
4293
230262
3825
110232
3627
51099
1575
2361
5403
1359
3966
16026
3168
2853
2157
40842
1986
99414
16866
2124
40281
61176
1731
3918
26694
504
2127
2907
20058
40737
3648
3705
76185
4473
18999
1209
2379
113571
130167
3885
4629
1842
5487
2706
22677
160803
12576
2346
284109
1542
5331
3174
2118
2745
3588
5073
5787
1515
290214
2613
3003
4842
2286
2778
2679
78474
1818
2577
60057
3975
117978
2100
4377
122988
5145
1545
2604
4803
2052
3642
2004
5214
2703
3792
1173
726
1770
205953
1593
2874
2055
3111
4947
3657
3081
2523
3930
134154
2817
285069
57363
3039
38112
4740
2739
99954
16752
85614
4830
26103
115446
4053
3939
2259
2277
69390
7302
3795
233418
2454
93864
3438
1878
3519
232257
166419
7011
2709
6582
23868
1464
3720
3075
35547
1749
2967
2448
4047
22962
4467
3918
5622
2391
3786
2670
3444
2520
137691
1560
2544
3693
3186
166995
42135
4041
41430
36510
59376
122079
2079
1914
65286
27810
39126
110193
192144
3303
4719
2364
5610
3498
1989
68088
1992
1779
8415
3378
1656
3582
352656
2601
1830
95994
1551
320739
2094
5688
68121
2796
5601
25830
3240
50058
34314
3873
2916
3240
74637
1851
5847
186
3855
2094
5181
2937
2601
1626
2571
3330
241857
3405
2007
4638
4410
2850
3513
58515
5622
3144
3699
1488
2115
3552
3897
2805
2520
3912
4368
3456
26280
2061
25548
3108
161061
1536
99372
173064
2463
128031
2979
93372
2874
1209
7737
5541
23910
25035
2685
2328
2469
73071
26112
3072
12105
1608
2274
6387
122382
44340
111900
50970
2139
6225
2496
1752
162642
2748
3105
101577
29712
4764
6108
3036
1689
35193
2211
10731
1359
37983
1515
35244
4071
2298
2115
77187
3225
3081
1317
2208
2355
3168
3927
2211
2448
2901
98961
2502
3192
3465
37548
1485
4041
2676
9102
5991
2484
2772
2661
1653
1053
180135
21366
17805
1818
2757
31110
53205
2910
4782
119880
5997
4986
3705
2805
86481
2760
2496
3102
101076
3564
2175
396087
2817
1590
124461
1857
2484
1197
4710
231750
2043
1842
20673
165699
81177
1842
59511
3522
2394
2742
3597
4575
1374
5457
1773
3126
119691
1251
1614
123021
1827
4065
2946
3084
2271
2628
2520
3555
2739
22056
2643
43617
5172
3231
4077
5709
2226
2478
578997
132897
3489
17994
3099
3396
1458
2553
3111
93651
210450
94587
320406
13035
22896
20763
110187
22707
8058
3489
70944
298206
3774
2514
48678
167493
51084
10353
4815
3405
4443
23895
3288
3555
63915
94992
240018
14379
71757
9906
2136
52278
4287
100929
6537
5073
142845
4248
79104
3546
3318
4884
3795
180216
4425
9942
2418
3324
2085
2706
38529
5847
2823
2205
2841
12024
2769
2244
9327
4701
36615
5529
30885
4728
4560
4932
38928
3930
2523
3390
2016
3252
23205
13317
330
114462
2553
1260
27708
3402
55086
4269
83784
2949
1671
1380
2733
2970
2817
2241
189519
189561
107082
74325
4257
116502
3120
17592
3402
2265
2559
2568
3255
181569
2541
233724
49623
2976
1332
433353
2601
130983
161910
2175
2811
1653
130842
2280
69192
68832
9567
44901
2043
2493
5175
3336
126606
2871
4485
1335
3540
6174
104325
2436
2697
88293
2418
141405
2382
3360
16200
14475
1749
3537
2862
2886
2829
4680
2454
2826
1932
5307
4443
581895
1257
37323
2133
2982
1959
5208
10479
4497
4413
15678
59898
1731
57696
5451
33846
3597
200082
3825
295110
475845
3327
3957
2763
240000
2319
1173
18783
2586
6426
1569
29793
3813
1803
94902
2268
247476
53742
1413
3813
4227
417
3006
4788
2400
4581
2478
2940
2532
2988
3198
3093
2766
3885
97287
4437
67473
3369
121749
2511
345558
52410
4677
363609
3258
1932
1464
129951
2172
180861
2556
53856
2742
3534
2352
4326
5103
2658
1545
108102
2490
114207
1764
2334
3723
2907
1590
2781
4206
249324
32406
13356
1653
241137
3759
2688
1824
158106
2832
4110
86619
4920
2379
1887
3267
86142
1617
20058
3645
297270
6960
64686
1863
2541
147519
5100
135393
91737
1734
1839
1671
53754
2181
4269
124959
64152
96111
510609
3177
73017
3507
160779
42342
75663
2724
4371
156042
193485
68850
103587
5259
2580
169623
122343
1707
3657
3432
148011
3303
738
3102
3483
1725
3510
208650
7464
255120
3846
4401
2784
4785
3954
69690
69210
3021
4974
63312
2469
2676
1440
27774
3966
283164
2274
370968
1851
89379
3465
3234
2871
210048
251226
2091
240945
1671
1857
1791
2094
299052
85506
100293
2364
29553
4194
4662
49080
258693
2853
14601
1587
125148
1077
37308
423
2643
3345
351309
15015
2868
141798
3333
4878
455052
2763
1458
284910
7572
4878
3672
3480
54573
76635
4545
150303
4422
1992
2730
3396
2265
4128
2319
2313
137301
19473
2337
1758
2394
275934
198447
5595
17511
5700
1917
4101
86427
2949
6414
3588
3183
1206
2139
76878
77637
28167
147096
82929
170841
284391
3507
5166
1614
32043
2454
17472
4632
2163
4467
385836
4701
73668
2424
2337
2883
3621
3528
3507
66267
4236
3453
180129
3375
1035
2880
1938
2400
34443
3081
3900
1800
3501
2226
2580
195051
4716
2631
3486
1278
31008
65694
2535
117564
3300
90075
2595
108663
46881
4053
10827
4989
24312
4485
33855
2277
45081
1155
24540
111054
4089
419448
1875
13434
63027
1749
3261
3183
126300
1083
4443
4344
1737
7014
1161
39552
4470
4113
34803
75840
3558
44565
113940
5637
2490
1770
1722
42018
2067
78918
11388
2157
5847
1452
8892
2403
1329
2898
3180
3432
2898
3453
2094
65328
255318
3312
102801
3318
223275
2967
5220
217824
2904
18972
210339
3489
4659
2697
3858
196095
27312
2607
1974
2625
4083
268485
2640
2547
3546
5922
3048
47574
23919
116670
5748
7362
274200
56529
1380
76662
4143
1518
3375
49875
2844
285108
2340
2652
2403
34776
4701
275145
4275
5466
1710
2568
2328
96375
3519
148647
112749
2856
2520
3180
33564
2721
4059
76518
3285
3783
23172
34188
2085
1425
7242
2460
65994
171858
53922
3159
4695
4419
120198
4185
36399
2520
2565
2361
138408
3027
2823
2232
4053
6249
1788
97122
2460
2010
3216
134868
1701
5385
118164
3018
3081
6168
1365
99627
22188
3144
99357
36426
2598
55926
3156
4248
211548
3051
1605
316977
1833
2358
402378
3582
39921
14790
3414
218256
2538
1581
115317
1794
1887
3999
13818
504561
63465
7749
4527
3624
5637
42816
6129
2514
2748
5439
5901
5949
14463
2865
3309
3165
2544
80796
2274
90585
71490
62790
2316
35685
1797
332304
3039
1470
1713
2325
142917
4749
2364
1362
9921
1740
10665
144489
1227
1800
22842
3237
2214
3759
2331
11085
1848
1821
3630
3423
1902
28674
158868
2412
3132
36735
322827
1785
47853
2895
3759
2583
15528
242874
12909
1206
202446
44193
2163
97032
1653
56607
3267
3426
47799
83166
7251
5553
1941
130875
197838
2475
2400
2565
501
119106
233817
2910
8172
2841
1575
4155
41316
151083
2538
1932
3471
4044
5151
1926
1977
159570
268482
186789
27462
2823
43011
1479
2256
24480
100311
2961
2643
1965
7584
2559
1896
3399
9222
30573
54864
2748
1965
2571
20064
3099
2898
103782
219294
4449
99303
2859
18987
2064
16707
5280
28575
118584
32724
3735
210066
4578
2463
3369
2154
1998
3276
3063
275703
4035
5115
223701
15012
5955
1548
13182
1800
201276
2181
2139
4176
59643
127989
210411
3888
90558
2853
9951
57675
3294
3045
2445
2703
24171
6321
481173
3720
2595
55746
2613
4608
35652
3126
8259
1524
3183
4413
2346
12516
4581
50385
3729
1977
71730
37590
63312
36492
22236
5172
158076
5061
36189
3453
2484
2916
14268
1389
5508
2454
2712
2577
167949
4674
202242
83886
3462
2010
70164
5673
1680
3441
95553
2118
2268
159042
1503
2961
1782
34074
4908
1398
2115
2898
4407
202092
96690
71523
29232
2790
117147
23004
3111
3672
2652
3168
21864
95568
3594
2517
4752
129924
3261
6246
65763
16503
80580
4413
2034
2889
29481
1695
2139
3435
1344
3159
2772
1659
59148
145224
3330
3345
32850
3063
2877
208275
8799
1611
114906
187137
2202
2220
29574
89496
127746
4050
63546
200208
64131
2604
1983
1425
2511
2838
135579
2775
253872
3963
27225
31080
55059
2934
1497
24696
5139
2928
303048
105807
26043
42330
113541
5115
2397
1791
1266
936
4125
3120
4542
2715
5463
69936
2052
4110
2541
155163
19989
23181
2073
179751
3348
78351
50454
43041
110898
3312
5019
2823
3084
1890
3222
58737
2109
4245
233538
2586
2688
20808
138276
25455
3672
3120
30063
172383
8022
1743
3813
72309
3168
8592
2880
26544
2919
4563
3669
370653
24675
2109
7698
68388
3744
2715
6633
4161
34455
3192
3282
1731
2838
2919
2562
55566
69822
3570
5475
66909
31911
2922
3402
166077
2187
31287
2703
2814
2340
69459
43731
333312
4590
198096
5391
6054
2025
158043
307482
3135
17616
36654
2730
2712
39363
2358
2664
1392
2622
3186
58476
4776
89547
12132
4539
2379
2256
85035
3270
1506
3267
7485
1524
26271
41274
18063
5265
1674
5553
1605
95214
7704
3198
5001
31179
5160
5757
1674
5109
4035
1371
143286
1773
3195
4314
1752
3255
2526
32232
7158
552
2181
2964
5280
4152
13740
2409
235491
4758
5952
49944
11577
2085
1872
4680
5373
1449
87033
1683
5874
3063
19674
20061
3720
2361
7317
2145
3663
75837
143799
1275
3024
13839
2787
3234
8352
3615
4785
35190
3399
26061
5829
3063
68400
2985
45831
22725
2985
4356
2946
18978
417
2571
2535
55539
1941
1422
51129
52206
3123
2463
2019
22287
1671
4557
1410
150603
1794
123633
301089
1860
4980
4179
3009
72876
2436
2805
43119
32955
44868
4542
2220
1914
2622
4329
28914
3756
173541
45105
4716
3405
30375
3477
15066
3045
3339
25131
2616
1626
2187
24114
1416
58518
3645
12558
210846
4089
2520
1929
2295
1110
3720
2538
2844
62934
65367
4221
1491
2439
66450
13977
2352
3357
3228
3156
24975
12477
4479
576
1914
119304
2451
2436
3291
2145
3216
2322
52386
24282
3795
4083
4062
1728
72519
2640
6060
3078
48333
1662
2514
183855
2514
71739
60090
3423
1872
44853
3882
7581
3438
97506
5097
4218
1341
2565
2658
165255
133833
1461
126591
1515
2067
39606
123576
104922
3288
48036
2727
2913
3942
22311
2157
104541
2589
2244
2469
3429
1782
4509
1974
1632
2583
2853
3714
1545
3090
3438
2850
198033
35283
3309
60465
105507
127377
62916
37263
68799
2061
252846
1590
3582
4668
45210
1857
54198
2826
4320
2100
15897
7068
125385
3783
1818
3747
82776
18780
135129
92130
112173
2142
25005
190731
1797
18168
2862
3378
4617
200508
116343
244038
4230
2226
75783
49734
82626
2028
15495
1749
107721
5007
3159
2250
2280
1416
239982
3852
5541
1428
4149
2604
3657
468
28722
1941
4443
48798
60912
2907
29151
96042
62190
19863
122217
2547
2433
1266
70242
102141
2418
223227
229497
1929
225042
510153
4905
3318
386184
27255
2538
3000
46896
1515
2736
1842
2352
1722
4950
2346
3639
5433
2817
3300
194634
7515
49272
35232
1833
294774
2517
2328
17712
1809
3129
2025
256491
100923
17178
9459
3531
253026
3270
93420
1341
2238
1890
47073
120606
2208
3561
2961
72465
2025
74526
2253
211536
4263
3690
28593
2613
137844
45603
31095
1392
3054
2244
84411
1509
2652
2049
2103
2376
1509
2847
3819
1761
5766
2793
2643
3987
42012
1920
10983
5364
14214
1629
16878
2712
15138
1038
1335
2169
3681
161505
2238
1914
2064
2262
235908
473778
1653
1263
3219
5505
121929
33168
2121
1503
3813
180984
1773
3954
4065
27252
2316
3303
28032
69048
2706
98127
2481
5559
66264
1377
39615
4206
5100
85986
1161
4905
3837
2373
2523
81477
3348
60405
2073
2907
2751
99801
2604
3114
6510
1503
7911
5007
4203
60822
1287
1362
62319
25050
2259
2112
3783
5562
2142
153474
1971
1158
36141
2166
5217
68310
4014
2712
3744
2766
81216
1248
4614
121638
3246
2211
9366
354411
3186
3570
47595
165069
4311
3939
3396
22098
191733
2358
42327
103710
4254
97596
2385
2241
5778
113991
1722
4911
4710
3612
1818
1848
157887
202353
2196
194619
2586
294654
2556
110256
5028
4032
2625
2736
3375
2256
72447
261201
92313
2820
6402
6465
51021
1527
2028
3237
3504
2379
13593
4743
1524
1560
3285
23796
29247
128427
3195
130563
78549
2886
2796
2646
1782
4536
58032
5157
3042
35208
9414
2259
1602
4395
226149
2187
2643
64275
2535
1779
3516
4845
5370
4125
55473
3828
3753
4812
5082
3771
4179
2874
94503
135315
149877
3372
143619
5607
82860
59331
3273
2886
5625
4956
6390
2073
1437
4197
4041
44856
150945
72270
2592
2391
5427
1806
2193
30192
2565
12363
178791
2748
2601
3099
52626
1746
171192
5157
111192
52875
59202
29190
115026
3540
415134
1617
128871
2733
3498
2802
208101
33129
3585
4038
1263
2679
2226
1641
4755
3048
2883
2151
4410
4236
2877
527712
3498
23961
3678
49233
154650
2982
3828
3183
1851
79221
3336
2568
10818
3948
2070
8850
1854
81855
3153
2514
1572
108600
582687
3915
2847
3282
2193
3426
76836
4215
196149
3939
2595
121704
2262
2001
3975
3513
2277
112443
2238
2382
64602
1689
2562
2019
2058
240912
1521
276897
76104
40737
144732
28941
1818
3273
1758
3324
2328
3300
2496
119841
4683
1788
2529
57933
3213
2151
3672
3996
3780
203451
4092
59661
4986
220002
2925
1479
4542
2754
115683
48576
2622
3822
2505
2049
2499
9762
2634
198132
3828
5550
2376
26394
4332
1557
78639
2700
188088
2523
167487
3807
65754
125925
5250
1911
2229
2541
39291
1425
3393
19338
1938
19719
4599
2229
177804
2238
53964
1557
3243
132582
2682
87969
343908
2031
44358
3033
2370
1332
2748
44526
4266
3240
17451
73926
2391
1692
4128
1953
304206
2898
2706
148986
3462
2685
15522
12468
71856
190917
22365
6252
39879
145788
5808
9930
72357
4815
52224
7602
12216
6303
6264
3615
10014
214017
6381
16476
150528
88041
12996
111945
2664
6504
96864
48924
8823
9651
6240
19776
65337
5463
4227
53997
262911
515616
75054
4446
31974
146475
7653
2439
22257
18216
3564
188985
5454
147228
35127
17742
83838
66486
11982
79551
2928
12447
6462
9261
9405
58887
20115
6798
14355
5076
10536
22671
7479
2526
70620
42585
3330
4527
4704
11145
50316
11370
1224
6459
43782
31128
16668
42075
15111
8586
5412
22884
26373
4905
7680
4350
15834
2409
64767
29871
19146
27414
57993
14244
18471
16296
94584
8676
31941
6411
3078
78963
5670
10080
4719
4437
4263
8124
8265
36273
51246
146649
132144
3798
9942
6198
88008
14346
8556
2544
6102
2598
10713
163137
44115
11259
7137
6543
4215
11730
6714
17328
47127
17862
3297
2838
41040
5784
3552
4794
326790
3306
4227
4197
59379
4647
89796
10275
3060
26277
46908
23376
11784
307656
33156
127032
81057
10416
61464
178404
61215
14820
72864
252024
24036
9150
5022
13653
78288
4572
70518
207060
9750
8961
13866
62310
17916
4149
4620
7374
54213
89016
9828
131613
80529
12483
32418
10779
6783
6027
9771
146565
4125
6744
14943
262830
16269
5748
128598
3696
16698
251997
5208
108960
142443
20799
5436
16041
47292
1629
2517
135183
3606
6189
6870
6540
4182
15447
8991
72369
328086
11889
50439
2634
7548
7959
8295
8031
52137
6489
119961
64170
8865
230490
16155
63066
2841
3705
7527
43752
243204
204519
5166
7101
6897
36093
68958
19056
61590
335994
4770
6708
3387
9888
172665
5202
133926
17985
175017
53394
22386
3417
1431
242910
6930
121623
3087
54063
35283
84585
44214
5058
2901
5319
33444
44670
4626
51714
2934
20472
3087
5880
2742
153195
3792
4179
36492
16047
20832
2640
277878
2043
4161
4398
4221
60933
62121
138555
3045
2256
131220
173967
133941
4911
8763
285477
101598
4929
70809
80985
116565
63639
2451
82272
3123
4173
275796
157389
5340
216648
26751
6993
26247
1866
4107
4650
3018
42699
19212
242868
4539
59037
18945
3132
6174
6777
6705
3465
6204
5064
4203
8388
118842
6138
3594
4173
5322
6351
3252
90576
43023
3090
181779
3600
72135
3420
5277
6078
71568
6468
3789
4539
3564
8394
32130
2598
1890
120003
4305
53760
4581
208530
3996
4635
3258
7821
109308
59796
5604
4719
63138
1857
2754
153192
3834
7722
3570
303714
6387
40038
7848
3318
31506
6759
134460
153063
118140
29739
72603
4467
5208
2694
2004
113202
17592
6810
42318
162003
6135
61593
4830
3645
25032
5658
49584
90972
102630
5004
11661
41784
3165
3528
49848
68142
5742
3744
145164
27108
7320
4920
2121
4653
177483
3546
126621
183996
6468
43194
101742
54282
5100
3558
21486
5892
14838
5850
100551
2247
5085
42426
65865
22785
61191
2259
2700
2811
114069
6921
4587
4713
50592
6663
7239
2730
5745
254859
7404
5646
221022
4188
46131
114528
2931
163707
56475
6549
4284
1557
50016
6138
136452
4536
43512
3066
69534
77808
3258
2139
47082
114255
2112
50058
255309
7815
3627
4785
137607
1716
69021
52479
29379
69186
44433
57000
6804
6576
82617
90219
2103
6921
4227
3264
16500
40920
190353
8253
213657
217071
4896
215895
233055
4203
5949
5454
54171
5595
68919
5952
30393
75084
119166
6564
7101
2415
2799
320217
2466
5445
4809
3939
141879
7308
3597
164661
3900
5625
4911
127809
4236
28536
268146
2862
42648
166983
7848
8214
27006
38583
5115
4323
3978
4371
6804
40275
22704
2958
3087
269844
6285
5664
3219
2784
80028
5949
4956
57735
41667
1704
5877
4920
99864
53463
43251
80706
66756
6231
3522
88779
3399
110331
26292
24258
4323
9507
2004
3003
21567
78132
91719
3492
219027
289986
8085
7797
26238
40059
3432
137865
3429
17457
48531
178200
32322
5856
10245
3084
1599
73272
23688
45153
5889
31836
80007
3783
54210
9006
63810
11139
208251
74208
11751
179214
38139
4452
5739
38589
7905
8577
130395
18975
168234
2643
23571
2772
18087
11985
10839
4269
79209
27402
46518
192753
10395
7014
6450
3105
6912
34407
5910
9117
5976
30210
8643
8070
9837
5547
5085
142353
4035
74802
2940
138723
7722
9591
5646
6312
166668
108210
212001
169449
53640
104034
5304
4647
21981
167685
2124
4392
37887
13344
51486
29559
274428
5349
2445
4548
7857
22527
8040
91668
45072
142218
4251
4641
14853
5235
9018
6507
7275
24567
2301
283932
8433
96405
2637
65685
100761
40176
3606
4185
15279
4911
70194
109095
3990
377064
8853
4704
13317
86709
10896
9267
45015
5343
78927
9912
5787
4083
33051
3972
4275
8586
200769
11664
48276
5082
7638
13290
64794
128394
11307
7530
217800
8604
3195
8322
6717
83187
5490
47721
29100
8544
150351
4266
15876
2268
12288
4761
2523
3624
6807
13437
5928
10926
384489
7461
4149
36279
123555
40653
41229
182583
93801
53055
3132
4191
6537
6990
7578
6951
44832
14070
37290
93159
23742
73017
5859
137526
7653
71925
114351
6231
4221
6714
6711
83457
13779
202956
42801
8958
7839
7545
29721
4428
49317
306447
3609
4422
3564
4374
67188
4347
117858
32415
31695
10038
3771
3855
16530
5814
30585
2631
4518
28665
34878
2643
146649
1926
3219
33321
6486
6258
6591
22905
52959
3633
9084
1821
2013
14046
5637
10809
77565
8202
18504
6762
27816
158844
108357
4728
5619
82848
204090
241308
42759
4416
10155
5706
11553
12207
154572
2667
3198
20157
2367
4728
7473
60411
7728
95529
22221
10359
1683
7737
8235
13125
8646
7890
6972
3060
8550
149601
7407
9537
3711
5730
7650
7497
7641
6480
147834
9231
5265
5991
113889
55278
5820
6687
12354
17487
4164
63099
143634
67008
4095
12795
32460
4728
5244
90663
3510
227940
7014
4239
3603
66339
101784
22818
6750
11838
3855
36015
3918
102276
9228
161454
2679
7518
23244
100233
5673
3222
4206
6303
74685
122331
66555
16572
133479
13605
3750
162351
5802
11730
20616
18939
64707
77928
33819
2031
40380
10770
116919
3306
6630
4845
7425
3444
5289
6039
2673
4410
61245
12339
8121
4191
19848
32805
188424
138102
17646
5085
25890
36561
50496
12957
2079
77853
120933
239358
2694
2076
58674
50244
8409
126276
4668
48006
5937
52485
20796
14730
80364
17124
50949
2553
3411
50844
76848
78318
126732
145323
72231
13677
13431
3315
7857
2055
3036
1704
25035
3231
56193
20271
2388
114471
2913
120099
76404
3735
2400
2229
2841
21354
2337
2856
1977
3444
4305
13035
95847
1719
3825
16677
2208
2193
26712
3567
43539
3777
5724
2175
2877
3288
32427
7542
27792
51846
2382
1902
6075
2787
80064
3474
16044
147498
416163
2397
2364
2682
1935
219306
3192
4359
83898
1518
3630
65430
10392
4365
86592
15801
64308
208785
3618
2946
3393
2055
2865
1170
74193
1872
2505
7281
3978
24654
148371
127767
4188
3957
1419
2328
3297
2391
3177
136899
5181
1812
4218
3315
2937
4302
30876
3375
31479
4287
4374
2949
4224
6762
2673
16140
206160
339450
2877
13188
103323
3624
62838
11733
2460
2994
3384
2634
106812
3177
107544
4065
2037
2931
1404
112758
68760
29994
2499
6030
33441
134292
126720
2988
5655
121800
1725
67698
2832
3774
2502
29673
166299
247119
2718
3219
71103
84060
2091
4974
186969
17907
2367
4425
3699
3027
20931
171981
53268
2925
3033
2847
101952
2052
1935
16647
108651
148596
50982
3801
3858
2688
2763
62706
2955
2157
3084
2733
12501
2292
48489
2784
1599
49830
5349
3174
24099
3210
67560
4128
4113
2142
1878
3651
27822
4971
3447
4776
1722
3399
2970
4299
109875
39135
9216
4059
3159
3075
8130
2184
3963
2523
9018
2148
15384
2556
175047
119844
2184
3510
2358
77487
100560
1488
2571
13317
27717
55545
1710
3507
4500
252180
131796
62742
25905
5937
2133
57549
1983
6159
5664
4194
93312
5613
3018
14358
181173
98175
3873
2898
2775
168795
6015
1050
150423
98763
5556
257214
2547
54450
157206
34086
2463
11148
8778
3129
3531
3378
62400
17205
78909
3849
4014
4326
3819
3783
3681
21750
143460
3186
3552
1164
101922
4827
3084
131955
15141
4092
51120
37572
3531
1941
219633
3075
46707
2712
120534
1704
2340
3591
2028
5460
3333
3921
5952
22584
1998
2604
2511
1974
3174
5169
268668
4200
63390
1830
3270
40869
2919
1935
2061
2418
4734
45009
16902
43884
4614
2769
77598
2958
89346
1902
240195
190344
4332
3096
2922
4413
5085
3552
7464
3660
1848
117933
53586
2130
1968
2787
5016
6756
63639
2142
3300
4632
3258
2598
3606
3351
3264
29061
2478
2424
2352
3705
2961
3429
2757
4509
3123
138087
86541
1890
92787
187893
4593
2346
3747
75303
2637
2994
51390
21882
2097
4581
150462
208545
35733
1605
66813
155403
1950
157779
2949
3372
1662
32139
125679
27387
4011
3912
2934
1995
1098
5496
3987
1164
3027
1413
1911
1935
1923
179724
2523
3189
3780
147465
2208
27732
2022
1668
325806
3465
4482
42990
2157
89724
17652
5049
2376
3474
1740
8913
2022
37878
2277
3303
56859
2946
1338
17532
1815
2526
3534
2844
2082
169995
180378
2433
43833
193131
1515
1743
2118
63261
20958
1569
76965
102483
2142
2115
3264
13962
2736
2016
2583
2118
173205
3369
2571
2817
3120
3840
3021
3429
46371
222276
2217
1428
2211
2367
297813
124746
4038
25305
2475
20754
536526
181104
36465
3531
5382
3102
1605
3969
2013
2181
88599
1488
4554
44457
2100
4122
2712
7194
110079
3201
2280
1998
2973
4446
3324
225336
2634
3882
2709
2022
2988
54756
2976
5955
2847
3627
21000
2517
4854
2388
72159
2169
2598
1800
53352
628083
7458
105879
1368
140070
14859
314919
1461
2625
5199
61707
2808
2253
3900
54066
2166
19557
68781
3012
14961
3573
4227
175710
5208
2775
2934
1932
2205
38658
34938
2430
2448
4755
10974
2190
171423
2826
163869
2535
2679
2466
1614
3696
2352
67803
3201
2811
144429
2346
4953
591
143325
2157
3702
4854
22656
303045
2364
2133
3882
4605
140721
2058
55707
165519
31740
2547
4452
3360
20457
2841
6165
3114
3135
1614
3462
405612
3771
2958
2196
2487
2523
3063
5502
3591
3042
2619
3981
2691
4308
21861
4404
3879
91881
2688
2799
143328
70935
3393
2280
3570
6678
2985
1980
4743
4956
3768
5592
20130
3309
3435
3366
3912
2004
2982
104838
7851
67677
2844
2742
3033
2196
3276
108441
58689
88995
1266
9324
972
273774
2691
78705
2631
159987
2775
2598
21945
4245
55587
2532
3777
285813
5181
3846
3093
5082
2727
2442
1410
87840
2898
5307
91737
58707
3609
2952
3888
1863
2439
87840
3729
41364
2598
1338
289416
231822
3330
4563
4008
2505
11448
1848
2736
4830
122250
3015
5067
3165
12510
3852
4668
4623
289602
2649
4494
58215
57300
154047
2340
4098
1470
4536
4902
99351
221364
2076
17550
4314
4785
4428
4326
83319
3363
1881
1845
15906
109545
70812
1935
3966
446805
4416
3918
1794
1479
60066
3927
4545
2976
1515
3027
5121
226386
2526
218724
163419
2268
2193
3471
98028
2835
4665
351861
3405
3045
3210
4119
1539
60102
1452
4491
1116
84855
1365
1971
57387
2124
115782
216354
34302
2715
155244
2604
2253
2826
94443
227178
2385
126420
2385
244440
3177
1791
1848
93150
1860
2304
94269
1809
1578
3837
4101
3528
202314
38040
2451
15591
55362
4887
2766
7272
104037
5088
49689
1821
3126
3933
5028
116388
2253
6219
86865
2715
3792
118350
206382
3039
96270
1746
203160
2409
103710
1254
2697
3006
52251
57897
137994
1827
12939
2739
38652
2754
2463
203250
1824
2400
3978
162405
2658
5346
1407
41658
9159
3219
3090
62742
66006
4020
3327
47862
86013
4002
155028
2418
314037
13617
4584
3822
3270
3882
1638
2406
236577
2871
292995
2043
22488
3270
2985
2316
3333
34929
2640
2553
53430
33456
4140
125292
1722
123123
43473
2181
1143
11376
19893
3606
3798
237216
2487
2628
168636
1512
175611
1935
5001
4023
132054
2052
13089
2730
3693
2070
14736
44220
60579
23913
2631
3390
3198
146610
3627
82038
53697
58275
3045
4269
2862
1587
113904
4674
2994
3774
2979
114264
4629
104226
143133
2106
137331
4452
73071
2745
4761
3987
1287
2091
2859
4323
3561
130236
27597
29592
2889
2349
3915
1806
4701
2538
1761
123927
3381
12510
2433
4011
72444
2739
3804
3501
451575
1599
3774
2415
3276
34791
5004
168561
4017
1560
2178
135888
188499
3057
2664
165351
2703
3411
6153
2943
3828
127452
136572
6270
1731
2151
18360
11577
3954
2898
127041
13227
18327
3780
3087
3399
1917
6252
80394
66735
3099
99183
105459
4428
3225
3852
4446
3036
142218
3039
51918
6909
2169
3885
2424
3927
51666
2103
13419
2469
88326
3504
2634
1983
167826
4092
70515
82680
2874
5409
5013
91662
2490
3543
3321
4764
25155
113973
5700
1728
292107
1092
3873
9219
2448
1443
3603
1548
68478
2190
1836
65838
3909
2625
9015
55023
4782
3882
154161
2346
5091
146238
64320
4290
2958
4227
1527
101910
3867
49977
2430
1854
133977
2898
52866
101541
148560
1350
3024
3267
4026
80793
4926
36111
3684
5034
1350
4467
4434
2034
75084
30375
341646
3189
3357
19695
2400
2823
3921
1929
753
119493
3363
329535
3090
4950
11661
70281
1140
2361
1203
2799
2091
1182
104505
2451
1323
39771
4791
70905
1437
65436
1371
47676
2814
2388
118017
85254
3897
34884
3618
2805
2355
1656
113541
1947
3777
13938
3465
2772
1368
35844
67485
24120
86646
4272
24813
1497
2973
5298
3702
2109
79122
10461
5205
2607
3594
42684
2175
2922
205935
3315
2220
3117
4026
108366
46179
29211
4152
62463
1533
1878
46122
85854
1965
83262
3294
3954
3414
2679
46626
3636
2631
131775
65658
2892
2403
107820
2913
1581
2436
170964
3246
51909
5835
1662
1866
4176
4626
2487
3189
28086
2490
31551
7587
18384
37644
3465
1521
135699
166305
51522
2664
230142
2436
1740
3585
1704
64506
2037
2922
11082
1470
1920
2532
2745
2064
123447
2646
3870
23097
1767
23598
53754
3441
1971
36789
984
79824
4188
3282
15810
197718
2568
215766
11280
21402
1734
194943
2082
2538
3774
185367
2103
130449
143430
3000
1107
4596
2856
51594
1098
2220
3420
3384
15732
4269
208053
3735
131733
27315
246540
53922
217137
32004
1593
213333
3900
57294
4830
3390
1155
244782
3876
3414
16533
1776
70563
241440
57114
2697
1881
37434
52140
383223
1491
3402
4158
28833
2448
428778
1674
87786
155088
1926
196644
50112
82002
1092
263160
8097
2577
136242
57387
2460
86205
6249
56706
1455
74406
2280
2787
2850
2787
5700
6006
3231
67524
3342
102129
105159
3321
3549
2964
3591
2838
140925
2715
3099
1683
99636
11319
1569
2748
307896
2619
20733
3252
31404
48516
3333
27498
13191
29958
2808
7218
6306
33132
194832
6468
4656
2205
130353
2616
1416
89649
4686
4287
1581
21798
2742
2001
1044
4125
1767
23982
1218
2220
2130
1398
5433
4794
1845
39792
5016
2019
4191
2598
2421
1506
243189
40581
21414
89898
2241
2511
2589
133251
930
196659
1638
2409
85668
2445
4815
3756
128745
2637
34947
8631
1839
1749
1488
51075
3486
361662
5130
103026
5322
2589
5373
82155
2382
4011
2886
24018
2667
16893
2397
32886
4071
38256
1806
4188
35871
2961
75549
2409
40611
1593
3384
1611
9261
234813
4515
1557
48921
3891
12585
1725
87084
2553
5793
4596
6243
30783
3180
12216
4962
1809
26292
3120
2322
3879
35496
110727
58266
1353
1854
26646
42129
294411
196746
1326
2280
1851
1755
2577
240123
2343
2112
2961
155466
33480
2610
60588
1674
2622
128577
398784
5478
154068
3444
3492
2376
2769
4164
225999
21144
1857
94713
3966
1767
2103
2016
86931
4014
3507
3414
134664
1773
3396
2427
54051
4278
47775
3120
3657
1464
24177
2604
3207
2340
4230
209622
1419
45078
2007
2493
3285
162348
3147
4200
46596
64737
2442
18627
3045
3417
2985
1761
2448
3744
969
37830
3267
1764
133611
4413
2247
34758
11505
48690
6324
25596
3813
4431
2790
2250
88494
2241
1614
2652
53943
4704
1272
930
5277
51438
149364
1827
20277
60927
4056
4689
3669
111414
3525
2631
2871
151833
1020
2709
6459
53478
49842
3111
171477
3510
4032
34911
420
3528
4695
63078
3687
132177
2475
151164
25329
46335
2037
173094
2247
3405
123363
43428
1953
1701
103038
3639
2448
172173
3042
2187
159474
2379
11973
1149
4971
36753
4290
2016
2061
54009
2070
1632
39765
753405
4434
4365
1428
238548
2745
3201
2451
5565
3417
58590
1458
1098
2472
1278
2745
975
2061
3447
63042
24363
180378
2928
131424
3231
131262
43113
4773
1782
38838
2253
41424
6711
55224
9261
70785
1638
2475
4860
177735
8559
2922
3267
159387
2967
7098
3273
20718
2649
1782
2067
1074
1704
3105
48195
3039
108033
2784
490983
1950
137283
7833
2178
18201
828
1563
151998
198264
6366
2301
55191
1662
1785
1581
1830
70713
24849
76020
52095
141207
1161
1902
2286
71079
51882
9555
95697
1941
2856
171117
3822
90081
3351
4950
2931
87894
13125
69795
96777
108180
69069
948
1500
1977
528
127074
144735
57348
3987
24060
2070
4557
2958
2433
71514
29961
295041
3867
49179
6303
6999
44430
2820
2169
2787
11931
1704
29790
60225
27036
85329
15648
5868
154362
325464
20901
2319
1734
6138
3558
1371
1644
3171
2166
21852
2616
1638
2979
2556
34941
286455
2241
1935
3057
119061
3045
4284
2010
2844
1851
3498
35109
56865
3003
202452
135687
1941
24225
64263
1746
145743
130938
1668
236643
2637
2076
3489
370176
108489
1938
5235
17031
25626
5655
1545
2484
30582
2985
1041
3156
2997
3024
3465
4812
2493
5799
3141
84579
2610
2658
1035
3801
1980
2955
3408
12948
1254
246819
5541
4029
1578
131577
82287
4212
13902
2175
110289
81924
84204
3420
2922
139461
254082
22494
3498
6921
351420
2487
4044
3915
2349
18495
84843
1644
3678
196260
2760
4272
4608
42762
3105
54513
2922
2910
9879
2541
1917
3501
90393
1563
4332
4029
4992
1206
74238
2139
160536
34170
123957
150744
36831
3105
2283
3483
2772
2610
2559
2640
416580
3381
4116
4758
7452
2910
28104
2676
205839
10773
3204
114015
2733
3387
22281
4749
2493
4980
4905
75456
4407
65262
1914
4380
465339
144555
450015
3216
2259
3933
1599
2835
3138
2688
2445
3177
31767
15771
1932
3351
76425
36030
8883
15726
6054
819
26892
3597
3960
2634
1266
4098
2382
1581
2517
2142
2583
2271
1626
4044
1974
51378
145740
16293
1887
13353
2307
185037
3660
2523
6009
66060
1956
152685
70020
3198
33603
3942
1755
1422
1308
3369
2757
122121
22785
31593
3015
1773
1227
3474
2013
48702
3615
2493
204216
2217
3441
251367
529449
2478
2493
38646
2514
85158
358233
1254
2127
203862
3360
4194
3147
16839
2469
56295
55767
1554
2565
1878
58284
161334
4083
25008
2202
1956
4827
155454
85518
37188
21753
2547
363966
2946
3282
89763
2181
2391
3105
3339
2229
17895
2649
2097
2175
27228
20742
2883
70419
47778
2304
66690
3930
107823
2805
3351
2931
2256
1683
77466
45543
69456
156819
76437
328182
2616
3501
24087
4305
2343
4401
1866
1899
80928
2244
2334
3279
10380
2892
6975
15567
34857
2169
2520
3642
3390
88407
8055
3807
2541
2184
2802
2919
4956
2610
20058
2331
2895
8097
5082
2541
2691
1545
5805
4392
60777
2367
3450
2022
3843
133059
12591
121152
3078
3090
3165
2478
4446
2874
281496
183516
3783
2076
54258
1323
2436
4041
2661
149298
174174
4509
82677
4290
6975
2277
4767
36846
1605
1938
2262
3717
3174
1659
71253
1731
1401
50145
3945
2982
4818
3999
176709
5964
4035
121329
102978
3405
33879
1917
2499
154209
2085
1227
79290
98316
68013
4524
96111
17475
12684
3141
57486
3696
1833
1341
64758
61764
1638
4449
4464
2088
840
3912
2250
1752
1578
16926
24990
3282
3798
3699
3093
1200
3018
169026
6306
40233
107106
131931
1755
44721
135600
3354
200445
2886
3558
2298
2514
3117
59196
1644
3282
2064
102210
21783
130893
2019
177294
2949
3246
58473
19539
4908
3453
2646
7767
193791
46284
2565
2037
74607
3234
1242
98208
208428
3036
221721
132450
3015
81231
35202
66513
2268
130704
2253
2520
2961
2115
47304
148173
42087
319995
2928
69216
11901
122460
3525
2889
3462
73005
23022
5232
4758
2760
27393
5499
3444
145083
4908
46401
6135
3009
13863
2121
116379
109671
107727
36636
4587
11622
5208
76893
4536
2430
160110
17142
315054
2841
2586
55572
3741
217620
5757
1935
53535
2247
44052
14187
4527
32616
4341
4632
3312
3600
3819
2886
17187
11604
2631
153378
213282
470286
6264
2268
194553
3219
131307
3018
2664
2067
34080
1593
75720
2634
315753
173103
36417
3567
68358
37356
3849
3132
2727
180903
1971
2982
15477
2220
7356
3750
128988
2430
79224
76161
2916
2547
48039
1857
2715
2490
4650
98106
2919
166698
59493
1884
62148
3993
2328
2262
12156
1509
1740
331347
3027
1485
2847
2991
3291
3339
126396
109293
4698
12678
109707
1764
215586
6165
3942
2286
2049
3405
16779
15978
5394
361170
5238
17688
3501
117531
1479
3438
28620
146070
5577
68724
5961
114462
1314
4488
2691
19275
5322
79596
2232
2331
128322
2988
2484
32796
2898
3408
2772
4122
2421
4032
2253
2205
3219
5463
19479
29646
205512
3291
3126
2580
3192
1683
3147
3441
56526
20106
3261
4746
3138
4482
25185
3180
2934
147369
1515
2634
269496
3876
31827
4641
2079
373629
90879
29259
1935
4644
1464
2184
1929
240117
56643
2376
2757
85470
2223
12894
3399
4266
26457
5628
2004
2067
163575
25785
1125
3768
3846
5745
3279
422880
3531
3801
2970
2097
90525
34440
2958
6096
2490
200865
142320
18456
393099
3597
2238
4236
24912
3303
1959
2295
51462
4371
4782
3915
144756
3948
313740
109866
5313
1404
2448
122553
2886
33267
416601
103749
2346
130707
65457
110034
144930
40353
2673
2586
3294
225066
2838
4512
4038
4209
3183
149922
43833
2415
3357
3903
1917
49515
2658
966
181926
20073
2976
34506
213048
26886
2622
5034
2781
280971
1695
2670
3945
4296
200979
22389
3102
3948
1917
290364
303
1818
116415
81297
21786
15789
3972
127329
2466
22380
4800
85548
81780
22104
1620
118482
4632
2757
3966
157527
2811
41430
63414
2025
66480
1638
139524
5028
2250
75210
3462
52059
3312
2298
71160
1092
5088
1590
172620
66915
4959
76554
69891
5352
130236
32175
2916
66957
2484
251343
12744
2730
222258
30363
2112
155823
2514
2238
23742
81150
2796
79626
162621
474984
2184
8724
6693
4179
53661
4344
4722
3420
2364
76893
2538
2028
1596
2535
196641
123387
12921
45153
46080
2862
65493
298266
7416
3930
33141
2334
60468
23052
90780
2289
2118
19827
2649
96069
5487
31755
513357
2523
2262
2352
4785
2202
5226
2268
191427
1860
3018
2730
2274
4014
12273
104103
1743
98733
38796
1545
91335
11565
67788
4212
4374
3462
5739
840
30747
2814
4695
4245
114351
66147
48243
3306
88596
481362
130677
6003
2286
186897
23751
361791
2271
138393
2802
6579
17103
13335
1344
4461
25281
2643
14463
3969
2925
2931
187893
242445
5697
3099
2565
2073
1389
3135
5052
50718
30159
179523
13923
13782
1713
3438
66393
3006
1884
228405
130233
277356
3549
4767
3285
43404
27219
3528
3600
1917
1614
2106
95721
86898
3936
344649
51231
110217
3078
8244
45285
3018
28650
3183
63132
134274
4089
3546
5376
45003
3309
1467
39183
169887
51681
3609
1722
3000
2817
17604
6183
3618
2235
2277
2244
3993
2898
2874
74706
3312
2859
2904
4932
4128
93774
75090
2496
189882
2277
4737
3075
2454
3267
2484
3171
2604
192915
3642
2343
3546
1659
2874
4701
28293
2379
28104
2358
3084
3162
3828
4536
74337
2025
2934
51933
2469
10365
12423
5649
72672
5325
3294
374862
2142
2712
211365
4812
1575
5634
3180
3693
218034
2727
3591
75168
36120
2058
68391
3453
5892
4944
4215
114051
2169
2622
4788
69903
1878
249663
4386
57171
344862
4434
2442
1854
2319
2904
2370
164805
1554
38448
1647
2061
2448
77283
78183
3954
2418
3702
1911
73104
1836
2877
5856
2403
192885
3198
66273
3552
2535
2172
1827
5553
2211
285339
2700
2439
2358
12573
2067
4095
3438
5925
3018
2046
4662
2484
92799
1659
3561
203748
13056
3171
67929
2127
125907
429111
5202
112164
4260
73803
3195
3261
126012
2535
5487
3891
2742
168039
3276
5367
245034
2001
4380
2853
5028
49734
5040
3027
2538
5550
37488
3426
3438
21579
134454
4512
236934
5508
418617
1974
3378
44796
10776
84327
427761
4740
30414
4452
46074
66303
3441
2643
16773
3414
1650
80376
4608
1410
5487
1767
2160
77286
50025
31806
379023
3654
1680
3354
145044
23778
278685
1704
3696
85455
3756
145623
178467
26082
2316
1794
3183
93045
1632
3579
34860
3759
70605
6693
4041
4689
194820
2049
3399
133068
4143
3285
2886
1770
191805
2037
147480
3402
160803
1182
163731
244554
7362
66288
3024
196623
4806
3720
35580
4791
2340
120129
4260
48255
9477
8238
2757
143127
2664
3372
3795
41265
6129
3612
11589
3291
113061
7989
53391
116190
996
92820
4584
62199
2433
4653
3177
2868
1803
13725
164580
82791
3195
3480
155913
3270
82746
104820
269697
3408
2268
1797
2118
3615
78807
69390
4695
4380
155028
318630
103299
2895
645
3846
4266
2466
999
2889
2946
2511
17679
3888
3570
1557
2841
2487
108201
1164
4698
297
220353
2595
38118
3171
38895
1626
2115
213009
810
63483
31824
3303
6339
15708
54201
20370
3363
2811
2352
2895
6249
248202
127713
3150
2481
2607
4212
71934
3798
61407
323583
16401
4152
3336
1920
6393
73263
230253
2463
4494
2508
64755
3573
7017
16533
6888
1992
1281
1365
4281
24744
10338
89511
9753
2802
7131
3783
3051
71145
3645
54597
184563
4662
4164
55734
80928
196809
2532
1908
19005
2394
74856
3522
2235
3537
6324
229749
3396
2754
2304
1932
7128
3597
1734
303432
2586
3063
268026
22044
1344
1980
4302
33786
4296
2469
68844
3534
5295
2649
17589
3687
165783
118593
2403
113601
3363
12414
16206
1218
3411
5079
70890
1710
27243
8724
24906
6843
46458
7362
3393
135471
3561
198000
2913
1158
3783
96204
3300
63156
12354
161838
8016
61296
2538
4029
1653
8100
352428
1602
2826
6084
3225
2670
214674
4218
3525
90720
3357
3861
2289
26196
22527
153297
2205
1743
7134
35541
2013
5286
2499
45597
1812
84036
3894
2958
1896
6528
2094
1788
19836
19977
2823
4626
3351
189672
68367
18813
7731
46293
120171
3231
3750
1998
1551
26097
4770
5880
2481
3342
2526
25947
107313
2388
4056
2778
5883
40854
15249
2124
350781
41157
4539
2037
1395
61494
3945
2121
1008
12267
4062
125094
3270
2769
3501
1260
153093
6078
6087
12738
3219
174795
3135
2112
2589
62022
2709
12195
2469
2802
4098
21222
1335
4329
3336
143121
1380
3639
65307
3357
2811
47508
126675
70080
9258
3402
35532
3948
178668
2436
12774
75714
4767
132420
6156
3501
19743
4536
3453
78276
4878
243132
2523
26940
8307
56781
2238
2154
2610
1647
79062
3591
105468
43569
174783
4455
1896
15396
5664
40980
21372
120687
1356
94257
1353
2124
3825
1443
633933
1233
62751
84258
25434
2187
1950
31407
3861
3819
1929
2433
2310
290574
151857
63813
140799
1677
185214
2526
46848
27939
3792
90747
4197
47838
1917
1974
21555
163722
174585
56937
3690
335553
168789
156807
78846
3036
2754
2925
33027
78195
5679
3321
405156
2796
2910
57579
2904
76431
3978
214728
15270
190833
4443
68031
32070
3261
146841
2751
3405
4539
2820
10662
17439
3432
2520
3906
2712
1788
9024
30021
3648
29223
4617
252438
2805
2418
2811
1674
4542
3216
48504
1554
2517
5727
5199
1797
2526
3309
221136
3858
115854
1992
3699
2355
3477
179985
50235
1734
46380
2343
1791
73191
4065
34941
2388
2145
2673
1752
2265
2514
2130
3225
4212
97320
2028
2655
3075
84807
47469
217968
121044
2970
4248
3201
85353
2247
207981
81330
1965
3057
3741
3384
2346
2502
120231
39186
3882
2103
1494
1911
2685
170841
35652
2628
82536
2775
48612
199494
1887
1821
33519
39336
1713
47364
1560
2397
3732
5295
2628
4494
61488
34269
6594
115170
4089
72996
2988
15303
20073
148620
3156
202947
2928
3447
167445
2307
2274
84078
3528
5250
55545
2244
18669
1785
4674
290754
217503
45414
5919
2451
3459
2844
1920
51165
2442
2631
2517
2100
2991
4467
2427
1299
86286
7368
3138
55944
76008
3234
155994
5208
290955
189810
50193
48828
1617
3765
2529
3531
232113
36594
1212
2271
4368
9372
2130
4974
7647
2844
2835
4881
36378
74454
3195
62232
23523
60561
2628
10926
9729
20091
2223
2223
3675
297138
145656
2001
1503
2991
3105
29541
1773
2451
62298
11955
4794
2688
37353
2877
4236
972
1845
3330
191040
1986
1281
45534
2052
34461
495414
35316
3489
571041
43842
71265
167478
3432
4224
4803
27942
75102
95445
60111
3147
123018
2319
1269
1524
1185
55635
169458
1728
19275
113655
5868
54546
2286
1209
2049
3609
1983
68127
2886
294744
8406
2574
6285
3537
4035
1569
2217
59406
92586
97002
2286
4113
4050
3366
36336
2562
4194
3942
2856
2250
5559
3675
133908
3885
114771
30567
2625
27231
6024
3681
20433
1323
34575
4380
10464
47784
34308
89709
1506
3042
1860
95841
49509
224496
2253
1107
4086
2619
50961
1527
3147
4083
258978
1227
2625
2715
106869
2928
2463
149688
27132
7437
2538
179616
4647
131904
1482
3117
248277
78192
294414
3666
3612
3483
377601
4212
14832
259347
4959
55938
4086
333570
2649
45507
2268
1878
45375
4683
1803
2976
59805
35982
114513
4587
48873
2190
1992
3045
2184
24519
58302
163464
2349
3711
2772
6270
2244
52785
3663
45873
37053
3432
23355
2058
5619
11226
1887
2481
94593
49584
84702
48879
2517
16467
3819
24738
3939
30552
94572
32784
141858
4590
4932
2214
30708
2925
86274
1359
2706
54072
2973
156489
2700
80628
259020
161886
3255
3096
272190
5718
2589
5244
3891
2631
2214
1905
3393
2265
6741
420354
3597
195006
3213
66333
3459
3636
118791
3987
1848
3339
2871
5568
2418
39573
4473
4455
2091
4641
1869
8571
56892
12606
4341
3438
81900
3210
3525
3003
15756
54627
48447
151290
3759
60774
3882
2463
2109
221685
2475
542898
2868
2535
2235
1284
3861
3630
2721
166773
5691
3462
32091
22494
4041
10173
66099
1491
44310
5202
5304
1812
59907
4281
2079
3504
1710
54108
2103
2214
2238
1119
3030
1491
52758
3894
1743
2769
3948
6306
4236
2838
230508
38199
4848
71349
1845
25674
2691
419232
4185
1755
3042
3000
140565
2217
3750
2928
3108
3354
1887
2469
264213
2640
4284
8802
60141
3027
3021
4341
3246
12882
2592
8889
70665
4308
3429
4146
2079
3444
4068
51510
1407
2148
3162
2307
2487
26376
1875
122505
1197
1794
1872
29628
2241
381567
3462
2394
1422
28818
2610
102558
70224
2484
1335
2781
2070
114141
6240
208965
374526
2694
29877
3699
106209
2775
1779
4374
22434
1911
228801
2802
2385
2649
51192
4347
5109
21507
127902
3513
30039
2451
2823
1854
55140
218328
2310
3204
3513
3009
100761
5799
2904
3597
12459
72552
43008
2421
2622
1806
86454
79806
3366
149223
2130
1521
1881
2235
3663
3021
1929
1539
3855
12633
3144
230160
156066
81402
5271
105387
2199
5325
29481
1782
2532
1986
4269
2436
2091
2592
3837
106977
102309
2400
3972
124008
1803
2757
4998
29025
1650
32739
71754
19107
2286
4098
1206
2250
23262
3477
3012
94413
1962
1599
17163
25863
1350
180084
61206
61995
3078
82125
2430
597
2562
4515
13455
2676
1761
20664
3237
2439
2811
47412
2001
5631
1341
1392
4122
3804
1806
38016
3366
2001
153360
3174
3324
10611
175224
243903
4770
4170
47937
3252
2856
97821
10695
2229
3231
18660
2673
3420
29406
144390
3099
1944
164754
140646
2436
2493
1602
230943
3246
103986
2274
55806
2472
3732
1941
2313
23079
3879
1878
44883
3459
93345
15108
3711
40257
4740
57216
2301
4242
3141
21438
4623
2085
3861
14400
2085
42285
2442
84498
2853
21702
2340
112584
2025
123153
3816
1854
2706
3144
3519
1224
187230
4053
5586
1839
280665
3027
2829
4788
1563
2820
4185
3873
3999
3831
3351
285309
2787
1479
5100
4452
3357
3543
81603
2547
63414
2367
117885
1257
6096
118464
3828
4392
2028
2817
5553
4020
1341
2388
4056
1134
2799
2382
2196
204609
3558
6765
15909
3939
7452
2505
133836
1746
1833
19710
316647
3234
1623
40986
3432
99102
2199
12663
90423
33474
111735
5544
3792
3651
4575
76653
369
5274
238980
2337
93801
2211
3081
230457
84642
85440
6366
5289
2265
23334
2172
4677
22566
14868
2811
1176
3375
2898
28821
4140
4200
2502
2100
3165
3105
3357
141936
1806
3330
2223
168315
45381
45642
93183
128913
1461
69786
21873
36648
310503
4056
3222
3120
4446
3090
2403
66789
1905
2235
4719
1479
2220
4968
356319
3507
99363
2664
321612
7086
71856
2373
27066
2850
86274
2262
3051
2712
1422
68163
3402
2859
89619
4647
4401
235683
4050
52719
5604
179964
51921
2625
107106
13353
2472
26592
75159
1707
192627
2505
1749
2448
32442
280581
2319
286263
5874
4236
28512
2685
128784
191679
30165
2817
161052
124794
150609
2691
100596
191373
2415
4614
3072
7089
6234
2343
383007
41289
3918
34236
4680
2457
42168
3381
2529
2928
2367
2061
109929
158043
3054
3552
3453
113517
26685
213246
2385
15153
2193
2811
1638
4614
2763
2031
190275
3060
71112
64845
20616
5259
1965
45453
1674
2835
2895
13464
43308
2910
181347
2034
2922
2346
89169
1938
2127
6369
5040
3276
2058
4758
55275
6204
4008
3831
1230
2205
160722
2370
2757
85839
133047
37410
1890
1422
3171
49554
3639
4527
60441
2196
228720
22281
3639
2385
112566
74640
3399
3357
3585
6165
2094
22953
36267
390888
138483
2133
1698
226314
158955
2148
2400
6378
2430
1809
81906
661353
3864
26391
5406
3057
1917
2679
261162
218589
4020
3735
2013
142224
72978
43587
65889
2877
2505
3927
17214
7791
54987
2115
2793
101592
3447
3540
176220
171672
33006
152376
336306
2850
4560
1350
63105
61683
255522
1167
5700
2652
3864
66159
3600
4617
3615
1572
11934
2751
177510
7827
1749
1467
129366
3948
2997
40251
9195
3132
99864
2439
1947
2520
3846
67377
55122
4026
1275
2055
2643
5589
1635
25296
302343
205344
82659
5601
1317
5466
4017
311757
3762
4419
3888
2607
1113
3702
1767
2337
183018
3909
3168
2463
2085
27615
4569
2538
4995
5805
92751
2154
7749
3528
3126
457239
3774
2694
2667
119400
5730
2709
4707
40908
320655
2208
2520
54570
136641
3042
7137
2319
1923
2067
17166
79152
2412
3084
136407
2124
2313
3057
110172
4050
4095
2649
5865
15180
3219
95676
4335
2223
47064
1542
33378
1236
49233
1665
4701
293205
44028
2250
2388
2223
7212
5244
4797
20289
4797
3924
2856
77676
2253
2667
1374
207687
66699
2529
3189
4188
40242
276846
3273
2370
2241
21129
3360
2529
131904
78093
98016
2526
34377
15564
64656
4425
159246
2271
1539
4872
2490
3843
40623
2826
3279
3861
17463
11949
2835
2277
2193
864
4467
141621
96024
1974
1677
1932
1923
3687
58059
75852
2655
3024
2112
37404
2247
45681
2766
1803
1599
47499
3651
36543
2793
414
13851
3228
3270
11040
3495
21012
3627
4038
2322
6633
3315
2337
2361
1953
2466
25506
2322
1512
57879
5475
261426
63258
5319
87594
3369
1611
2088
132117
4062
2235
3849
1923
100380
4515
2523
4395
3474
2157
3090
77763
3900
2778
4794
26568
2607
61281
4386
38991
17241
1197
154212
401988
73116
3375
2151
49299
3282
4629
42858
5427
3165
4539
2154
96405
86046
37140
15498
54516
3585
3780
1269
2334
2475
29982
142530
1959
102024
3297
1884
3333
12894
2178
3756
4395
4155
40242
43686
1734
4917
96162
3528
27831
3426
2709
240372
1827
2910
2172
74193
3162
2025
4500
19713
66399
2433
278100
5151
2712
1251
173034
167127
3672
11133
167142
2664
3399
2427
4677
2034
1965
1998
2370
98664
155067
86220
51147
4023
2610
33069
2379
2478
3957
3891
3909
1569
13467
1932
3711
3231
1938
35214
47379
2781
3288
44946
1692
3228
3189
4863
70605
3906
3018
1854
2670
16347
42354
142110
2406
362742
1746
3327
3987
1800
1848
1002
266751
1968
3444
2295
181587
13755
18333
2115
3507
1953
2058
2073
2883
84705
111114
2433
28497
3357
5142
71019
72699
1647
4491
4203
2382
1464
3603
3891
29244
1932
166032
3705
13893
2445
25629
1101
3204
24369
2832
4914
3255
34182
2181
2649
3891
2700
2994
2568
2424
1434
1944
2367
52743
120777
2382
100938
2298
2091
3267
236196
36708
2427
3852
1872
3090
16704
523173
6426
3537
2910
85134
2835
20220
612
3303
7716
2367
2427
149832
2499
1959
104751
2682
82782
3546
83949
4389
3030
2616
3621
2532
35031
4821
5586
2670
2124
73632
4569
127341
2397
51951
2829
131892
6393
148140
2067
25713
3633
3837
1551
2178
3288
1959
2586
61611
3012
50733
4701
5094
4101
86370
3513
122295
2916
3834
23922
2385
4188
3294
4116
3363
2706
4830
2304
49722
13605
1326
4368
5457
2274
3531
1773
2160
33615
3264
5742
74472
77022
2178
2634
2550
5163
2250
112761
3186
139134
61500
2952
5694
104538
6831
2730
4065
4041
16116
89718
59568
2937
1860
5211
1710
2481
11427
1560
21981
2190
4083
10308
3042
287115
231096
2067
132450
2658
5070
20283
287271
66084
256947
15585
2016
2901
2553
1719
3360
2700
2343
72597
2979
4155
3882
2973
1968
1347
5136
2724
3876
3222
2811
3153
3474
3450
14664
2100
2229
2556
2847
4941
2397
5805
33972
42897
2517
2523
27171
41916
2238
99513
70800
160725
3060
2388
2055
95700
2280
3714
258093
2490
120918
1485
57993
46878
24978
249573
414
2595
49029
120210
258741
2373
3318
1608
2577
165417
2496
96738
3078
3234
77115
65532
112509
3915
1392
2679
40959
5436
82497
4845
2982
59364
2952
5892
2871
2964
61317
2721
76131
87870
61155
4737
5313
119025
2085
40686
21426
4335
2073
1551
3477
10641
4323
1059
90228
1761
3765
1566
2559
129714
1647
4998
121128
1959
12153
3669
93096
29412
2475
96213
42318
62775
1725
215103
2439
316887
2403
2247
409728
67821
58761
151875
3741
1905
1032
110886
2499
3483
2793
14202
4539
159906
344901
56601
11079
2679
3522
6696
42165
6339
2205
5886
3717
5148
2481
10245
3393
4851
3864
2292
88527
233862
38565
1251
167820
156030
4449
3882
2412
2541
145650
6144
2892
13245
155034
4257
1773
2721
18588
3417
2331
3090
2559
5775
5373
2334
1170
3222
5241
3042
29046
158388
2556
1989
362454
1815
51627
2352
2046
20541
236043
19497
1242
199245
49353
2190
90186
3552
55248
3240
5013
5877
42036
3501
79317
2979
510
2976
3648
129159
203274
2925
1770
121968
171156
60513
2127
14610
3102
1131
48633
148017
1890
3408
5082
2736
2883
3579
2463
3804
154911
494832
49035
3633
131283
2991
1458
3201
4173
2811
6804
41745
10545
36129
3129
2322
2445
3249
19200
4905
2790
328656
4890
93153
2115
22203
3369
8178
3048
2607
24336
85503
32358
37272
3063
206484
2808
4683
2796
1428
2136
969
1509
281886
3990
165375
58422
2706
14427
3144
15831
205800
1989
4506
407805
3327
83859
2928
4467
3615
5352
53844
3153
5319
3840
3486
2208
19764
3912
2514
459984
19143
4932
1821
52692
4578
3213
5388
36963
2229
4968
3579
2616
1578
411
2160
2493
2499
7665
1614
2937
3393
1887
2931
2616
2511
3114
238389
2064
3852
1932
2955
3861
2448
1497
53619
3834
4692
4800
3525
3681
2907
3534
3231
3147
3285
5037
2298
26697
2640
30327
164898
104718
166986
1992
3084
124398
2712
98394
2787
3429
3645
1590
25341
21504
3303
2463
2175
2352
68523
32589
10545
1899
1812
5202
1785
74676
48447
39249
1692
107475
2412
50451
3606
3462
3714
1536
44589
107907
5064
4497
142806
3321
2409
3201
40605
8697
1824
1680
34404
1848
3222
1035
27198
5871
2295
3603
1797
69990
2424
5346
3012
5658
2952
3351
1905
2808
1545
2985
104271
2634
2526
41061
1830
3852
1887
2862
1569
3858
1740
1623
4278
1386
2154
177975
1761
16464
16959
1497
2661
35391
53784
4218
3861
113193
14262
5019
2997
87741
2460
3390
2835
3486
86754
8772
9819
399765
2211
3414
119553
2730
1704
2817
1296
3378
51819
181401
4452
26376
158070
2559
5694
67743
3537
59193
3138
2736
2931
4182
2895
2421
4725
3882
3522
5250
123153
1410
4095
117495
3042
3012
3567
2379
2478
3126
1806
4035
5055
27294
47016
4008
5253
4863
3126
2919
3915
406431
54291
113181
129600
3510
2235
9381
3411
4233
3162
1635
2697
48501
40731
2655
186453
19542
4305
93411
332856
4773
44961
107292
20844
5337
3990
3711
70878
63405
230991
4197
2280
41721
1995
162987
2805
44058
5718
9699
3765
2214
23280
3129
3453
65193
1887
90903
333735
9735
4950
42516
1944
99195
3096
3294
2160
3447
145656
84474
3213
1203
3798
177753
5610
14826
2595
2112
4401
38553
2304
4893
2331
2817
1266
7038
2796
3045
13878
7092
23997
5160
4278
4098
31971
3873
4029
3495
35643
2883
3156
1932
3747
1728
1869
19641
11277
4536
108921
2508
2634
1560
21252
1920
3201
25398
2199
90066
2082
1647
2493
2877
4614
2709
2529
65916
119013
1998
34665
38136
106431
2334
183279
121182
4695
14985
2142
3291
2922
2595
3360
186015
1869
227892
50910
3276
1083
436629
132987
171984
2673
2010
129063
2724
69342
3459
64005
4683
5106
51795
4107
2094
3363
132063
4632
4596
1344
4998
102825
2562
2955
2718
83496
4044
1611
136917
2433
3021
37461
4083
2184
2124
3966
2925
3363
2358
2067
10188
42282
537174
3525
2895
32217
2505
2895
2916
2757
16440
4830
21294
56127
2964
62007
38355
207318
3327
10041
280116
475701
1302
2886
244968
2958
3222
10362
2181
4575
2661
2022
25785
3768
2610
2010
90891
2913
310821
1809
4815
5808
3558
3960
1812
4863
2442
2934
2982
2415
3396
2193
4599
100977
70656
125229
2514
341709
3951
50796
2073
370266
3033
1518
2004
124098
2097
1746
182073
3177
48819
6507
1968
1515
4086
4386
3729
2592
112545
118539
2481
4629
2994
2472
5670
2082
305802
240888
3165
1590
3054
156957
3366
1617
92991
3459
1611
2652
1806
87357
19095
3054
4545
291942
7101
2703
59499
1866
3144
152985
143451
84024
3267
1362
2445
3756
46896
2808
1953
128499
161859
506541
5217
76521
207816
75384
5394
3693
150195
344094
23448
2010
4200
1728
166158
3561
116631
3198
3735
4812
3879
141801
1344
6528
2499
1458
2349
214284
3408
251670
2187
3087
4980
1497
150033
3708
68382
1776
1104
33210
224709
55266
2484
3939
286080
82176
4653
82956
2940
4626
2928
71052
137910
254805
247782
4719
2007
1842
298833
2031
81786
104187
37794
2724
57138
254088
3810
21678
123012
1497
42735
3603
358398
14523
145185
2235
460020
1941
2463
277836
3729
6036
5208
6426
3432
47925
1740
71745
2814
5076
146580
3132
2742
5043
2283
2085
2988
4176
2553
2298
134295
25323
2997
2328
385128
34650
51618
5712
2124
12144
3159
2718
1371
87513
2121
3084
12741
3465
1908
1242
77595
104166
407205
285393
3555
1797
37992
24702
1869
4851
2034
381696
3141
77202
3069
3756
5340
3042
3471
75423
2190
184434
1164
5019
2862
3201
1836
27966
4782
2019
2550
4761
2670
3600
1749
10584
183015
3198
3858
1452
30738
71514
121611
94062
163236
1842
5253
4584
29922
38724
49980
3186
20172
116352
425907
16197
37902
25356
1947
1800
105390
23292
3297
3159
2664
3660
2892
2526
40302
5202
114936
3558
40059
2172
109701
2259
1563
1254
2100
1683
39117
3450
96243
2334
4614
13713
2007
1095
2634
3021
5292
2625
2040
4392
60087
1917
250587
2436
101805
4236
227481
4185
225654
68538
152736
9054
3861
4572
1902
2895
69891
84540
35562
1728
21852
3672
1215
2334
3135
4731
266106
3222
2367
1347
2145
5448
49449
2703
315
18987
2616
108699
5292
7089
4146
152844
67104
50844
49482
2415
2820
71772
3528
2583
3765
53979
1602
280347
1545
2754
3000
3477
29769
2715
280608
4038
1848
2436
