1f:0:0:0:0:0:0:0:0:0:0:0:0:0:0:0: (total 5)
0 1 2 3 Thread 0 going to cpu 0
Thread 1 going to cpu 1
4 Thread 2 going to cpu 2
going to barrier (cpu 1)

cpu 5 cur 5
going to barrier (cpu 2)
STARTING...
Thread 3 going to cpu 3
Thread 4 going to cpu 4
going to barrier (cpu 0)
going to barrier (cpu 3)
going to barrier (cpu 4)
STOPPING...
Duration      : 10000 (ms)
Acquisitions  : 17367473
14850
423
213
378
213
24678
444
516
435
3750
702
723
426
498
1026
189
3891
372
201
708
189
672
90543
435
267
276
192
282
201
279
366
264
444
195
447
192
192
342
204
270
273
5508
618
447
41637
54228
747
195
282
204
369
1263
462
19323
276
21441
273
195
345
699
786
186
189
363
516
204
345
204
25143
198
8565
276
441
285
276
210
282
189
363
789
804
528
366
579
189
53496
267
195
720
201
363
16494
192
6762
723
18015
354
792
186
14526
189
273
270
61140
453
693
372
273
276
264
279
1467
885
936
186
195
276
291
70611
687
198
195
189
276
195
264
951
540
618
210
948
702
261
8139
765
357
207
192
366
285
285
252
189
363
756
201
16845
186
261
366
4215
12075
186
279
627
195
192
465
198
46890
267
372
91527
189
94401
438
192
285
450
960
549
360
38388
867
273
261
189
348
369
270
624
447
8367
198
201
1392
558
345
285
348
276
186
261
198
276
1122
10404
189
783
201
195
1026
204
207
459
354
20790
270
261
31107
189
38016
1041
447
195
453
276
438
621
273
435
50598
276
210
507
285
14910
189
177
198
195
546
546
375
15738
1188
189
198
21588
207
31542
189
273
276
642
264
186
276
198
360
4497
606
43494
42627
186
624
450
198
432
612
279
420
207
198
192
11205
363
681
207
210
618
198
195
627
189
225
537
210
201
198
768
348
189
192
1851
279
354
282
372
453
276
192
201
204
198
282
792
258
177
195
210
147195
282
29937
192
7659
630
453
9426
204
525
258
103776
1197
282
372
192
1011
429
189
786
690
978
1203
195
279
354
297
720
198
1068
549
993
1875
963
288
195
351
372
276
204
279
765
195
699
345
183
1203
192
336
372
363
276
264
8979
357
270
360
951
195
186
624
855
195
25689
195
357
183
201
279
774
201
348
59988
270
195
46764
528
459
918
294
375
645
31800
870
1221
450
1620
201
345
252
9792
867
192
195
186
372
633
189
198
192
357
1194
17082
474
372
540
282
276
7509
939
330
975
34389
35544
372
79023
29589
192
201
18156
38361
198
12777
192
930
192
5889
447
525
192
270
276
189
186
462
186
255
360
702
9099
180
417
279
366
198
99780
375
1074
531
31914
285
43002
198
186
444
360
612
273
12306
255
56805
198
170982
201
792
609
885
864
771
1485
255
273
1434
441
372
471
192
273
351
198
19206
207
783
285
207
456
351
444
549
195
558
204
192
711
249
198
423
429
1029
186
204
609
336
189
288
192
534
192
276
453
213
5112
79218
876
444
537
378
195
207
435
201
912
26238
582
369
600
699
192
201
201
453
711
351
195
192
369
273
198
198
192
192
279
294
192
207
195
387
696
609
201
59811
453
351
21921
279
432
348
261
744
46296
30183
56331
630
468
438
1125
17799
53610
204
453
543
4551
183
282
354
186
1203
19002
15273
258
369
21684
270
357
798
192
846
375
192
195
441
195
519
453
276
189
714
279
684
201
681
192
786
510
426
261
276
819
597
645
189
45405
1455
447
43452
210
186
33993
60819
61014
9159
192
189
2562
360
6660
192
975
16551
23298
276
177
186
33171
540
267
279
1293
4428
186
276
990
45543
351
267
360
201
192
459
846
531
5427
270
276
261
195
31953
198
22644
9534
29109
354
47976
189
207
189
204
6576
1059
369
198
192
186
357
633
189
414
201
9492
28782
1161
702
195
537
414
357
195
279
204
360
285
606
420
183
882
32136
189
198
264
186
705
381
933
279
11997
192
198
31170
186
198
1032
768
354
774
366
279
17433
783
31212
18501
618
42462
510
1227
273
966
192
342
534
297
264
459
273
279
543
192
366
627
450
198
264
366
291
711
201
279
4284
279
264
978
87597
192
195
201
204
195
294
378
783
201
1170
285
192
987
546
195
459
210
213
198
1233
186
198
294
198
210
456
201
204
468
690
195
204
198
204
195
519
297
381
201
1881
348
210
180
279
261
264
270
186
207
1056
198
198
672
372
21669
345
201
351
1554
12753
714
438
60381
77814
285
870
50388
198
546
435
1806
372
288
207
285
270
354
204
201
537
195
192
519
192
9654
4971
273
7689
267
198
672
600
432
288
198
3186
1023
447
189
471
1512
591
783
390
369
942
270
192
1107
273
195
369
279
363
13809
558
207
453
945
354
267
372
204
198
1029
459
3987
534
189
768
360
369
366
360
357
204
279
192
69795
204
1497
8883
192
195
198
1122
501
957
192
192
363
204
708
438
342
360
291
276
378
375
201
291
195
11475
2877
192
1386
885
34056
1020
855
5223
86934
618
564
462
525
447
189
195
9936
192
372
192
441
267
669
276
192
2028
648
285
369
195
363
270
579
432
189
24921
198
267
192
195
192
270
279
267
606
351
1647
438
432
639
5346
669
2154
5772
360
189
723
675
537
198
192
14640
867
579
357
2106
267
18408
177
195
279
270
288
264
189
282
204
360
360
795
189
192
195
537
198
1152
681
354
774
543
348
528
540
195
189
528
468
21018
192
288
8643
273
621
792
198
192
198
10059
336
11199
189
137472
360
291
441
207
195
4923
195
711
273
381
357
294
540
11595
645
189
519
201
18216
351
19518
345
81117
447
627
207
198
282
198
198
660
432
5394
198
276
522
291
435
1299
954
204
195
279
264
528
270
192
254970
207
282
201
32898
186
351
189
189
357
2829
282
432
270
195
192
192
198
195
20997
81852
195
372
375
279
438
441
1101
780
462
294
531
276
432
4617
525
195
270
198
285
198
207
345
201
204
192
369
30198
264
750
273
189
192
363
6168
540
201
351
285
183
5223
993
37068
783
192
186
101430
870
192
270
29115
27069
945
17994
285
192
603
522
270
732
282
261
501
879
270
450
441
363
612
285
282
258
186
441
270
1071
77262
192
681
282
375
447
531
297
192
2217
198
180
357
369
207
189
954
360
285
201
276
195
14247
2511
20484
17577
183
846
537
360
459
204
198
63432
873
68490
31857
447
375
198
198
192
798
15153
195
276
465
60066
195
201
1311
291
519
192
513
204
276
1041
273
9438
189
276
14265
16278
354
501
34446
255
3333
195
450
255
357
192
2946
23427
16344
528
189
3222
267
57195
54015
279
825
273
276
294
270
1509
186
543
1227
282
276
1479
522
61815
462
195
186
195
8832
12954
198
786
204
288
447
273
192
3492
8718
528
3402
552
198
555
192
198
435
5529
363
189
174
195
360
28908
189
192
531
438
28035
39963
771
192
195
294
195
195
276
690
252
276
282
276
948
282
198
198
192
291
456
198
195
39963
198
198
198
186
858
198
285
189
825
279
588
699
357
432
348
417
882
9507
276
207
258
198
192
420
1476
40146
198
1110
453
435
543
189
528
804
183
276
204
450
261
201
393
204
894
264
1128
192
528
450
267
705
285
540
192
612
282
432
717
360
288
43794
276
462
189
375
708
435
1035
189
279
14070
270
276
189
192
1767
453
273
1200
447
204
192
600
192
201
92499
186
19410
372
48339
195
192
546
29205
591
426
285
249
195
282
354
282
276
204
621
870
918
288
342
273
195
615
882
645
270
627
192
270
624
192
255
270
381
279
819
549
282
180
951
609
267
348
169830
36450
16269
201
354
1224
441
198
195
198
450
186
594
618
276
177
435
270
66579
180
17148
609
276
8844
573
294
273
210
555
198
360
201
192
1194
195
447
195
261
192
369
696
609
633
273
198
696
186
606
177
504
264
282
198
288
474
270
189
765
8313
357
9087
1980
1602
32778
4881
198
9999
208347
1278
291
444
591
453
192
213
189
3633
612
1470
450
285
282
282
17814
279
282
192
282
294
273
495
198
342
372
615
17310
1455
591
192
189
1389
525
201
426
276
1047
612
261
876
279
438
198
264
366
7152
855
429
378
11241
642
201
1053
8601
186
189
192
192
273
543
255
288
453
276
198
930
189
453
192
186
438
192
186
3423
450
276
183
369
198
282
357
930
537
459
441
717
195
276
270
189
354
270
44772
189
357
351
597
20769
13041
276
51465
180
192
438
546
189
276
204
192
285
444
954
195
279
189
630
5232
198
1317
1269
192
273
195
276
294
192
183
438
882
528
846
453
198
516
31083
279
189
453
21771
198
207
204
192
198
17622
192
8295
1107
82011
363
201
291
201
600
4647
23190
192
273
282
276
66378
192
5763
195
192
699
11367
558
282
915
192
888
1350
171
195
783
1302
996
1218
765
972
198
414
270
1125
282
1815
195
957
285
291
273
615
1059
40407
4860
294
204
1071
210
951
291
32997
348
195
1152
777
195
435
714
819
204
56520
192
261
378
291
471
540
552
189
531
8934
351
11277
1254
1491
207
189
11475
447
186
198
285
267
207
372
441
31854
195
198
276
198
267
354
183
201
8148
192
39216
183
453
441
276
276
201
264
198
354
195
285
462
813
192
195
17016
450
501
288
270
540
447
618
195
447
282
2688
588
447
453
549
447
198
270
537
195
510
186
41466
30774
44118
192
282
7374
282
51582
31467
270
258
975
279
198
1032
270
258
189
471
198
192
285
276
375
1023
1269
261
288
531
282
264
357
192
204
201
276
288
192
192
198
276
4929
183
10476
435
183
267
3591
273
999
41550
6996
261
3240
189
192
10356
40467
780
900
441
204
459
195
270
198
189
1203
195
195
537
183
1128
189
261
210
201
195
27411
195
195
198
192
45705
546
357
192
7656
273
186
56367
192
369
75084
22707
3261
516
432
133158
672
909
993
195
672
462
285
55722
285
93003
279
288
270
375
204
189
777
270
195
534
13338
534
192
441
759
294
192
273
366
687
492
1266
372
273
195
55932
369
9264
180
279
17391
13686
192
336
34482
414
195
276
21492
588
1314
252
192
891
708
360
201
1812
210
630
177
189
372
270
1041
192
285
462
699
195
183
189
8832
195
762
297
609
207
285
195
273
2973
372
513
291
1371
786
189
573
615
279
450
192
285
264
456
186
360
288
387
1371
195
35109
27432
279
267
708
612
270
273
282
177
5667
35007
35259
342
192
354
15702
1167
195
42090
1146
288
285
285
189
192
345
186
1890
195
609
117414
687
32415
2439
12219
354
456
609
16962
357
24888
276
345
177
432
357
192
294
189
1113
195
456
609
195
68580
621
20643
66549
348
270
708
195
687
792
264
23415
459
174
67335
534
519
19383
102243
534
171
198
29415
1059
270
366
621
282
270
372
192
1044
450
2841
180
186
420
972
144174
6048
192
1671
279
603
1167
279
270
285
192
282
183
192
1305
351
1032
378
291
183
558
276
192
276
282
360
711
279
198
981
279
276
453
291
189
462
180
35289
351
30063
354
786
333
9198
195
1122
1026
189
93738
198
143409
189
192
174
432
261
279
357
1299
1428
11106
198
615
1464
624
189
597
465
453
294
198
273
279
345
16068
273
279
516
2253
213
28674
183
189
52680
16767
261
285
9552
267
11367
279
1191
345
177
279
351
957
798
522
453
348
186
621
195
858
366
621
122166
354
276
1023
183
189
186
264
282
450
285
354
192
915
177
294
6297
453
180
273
33807
450
61134
13233
192
37416
351
24387
177
273
186
300
456
192
426
786
366
24393
990
5607
447
519
1530
1095
453
534
354
1047
47613
363
279
291
192
606
699
276
369
1608
534
1119
357
285
26439
177
4797
267
369
699
597
363
276
276
975
9651
192
339
678
456
174
1650
50181
678
186
192
276
18441
48426
1053
342
38316
1542
603
1137
357
339
177
618
354
17973
1857
186
15651
369
357
282
192
270
777
195
375
174
525
189
795
438
189
348
62862
180
177
366
186
438
450
912
186
192
543
267
282
723
21069
468
381
522
624
534
957
267
276
816
26454
18699
177
1875
357
258
186
1764
4377
13881
981
594
450
351
27645
369
177
696
852
261
267
438
183
357
372
129366
624
375
273
1281
180
441
519
357
192
600
28203
825
279
777
270
465
279
195
288
285
186
204
1230
435
264
624
525
360
519
189
19377
36414
11121
369
192
186
171
441
375
180
25059
1083
10932
9012
35901
8688
444
363
273
621
354
702
468
1635
1038
648
282
525
183
285
543
468
189
192
9093
12816
363
270
267
1134
513
189
375
345
720
192
2526
1047
435
282
714
702
633
432
909
459
180
441
195
1062
36030
49800
131913
186
1179
444
64878
174
342
186
729
342
189
180
717
73938
1452
192
621
339
273
174
183
369
369
345
372
519
513
1515
594
195
189
774
189
522
366
429
642
195
285
177
465
195
525
426
1029
177
627
57450
510
183
459
795
177
5682
192
68367
528
444
192
381
26874
192
1314
209289
186
1425
363
366
180
360
348
813
195
357
207
24786
204
1047
438
6483
270
171
357
423
102660
276
372
633
345
981
642
201
282
1116
885
429
201
279
867
450
441
183
369
609
276
525
294
357
21309
267
624
450
270
270
345
459
375
855
288
279
195
192
192
195
288
426
189
861
621
180
180
270
189
1209
55818
279
8274
174
597
285
16821
7749
978
282
192
1212
192
192
375
51405
34875
444
363
195
291
195
459
612
270
192
195
351
279
621
279
711
1398
180
519
267
1299
444
2286
369
876
273
537
360
1461
1332
903
195
195
426
441
50364
3816
177
282
47244
8283
34734
603
615
612
285
261
177
549
270
189
279
273
525
60621
381
363
462
276
780
462
192
1458
360
288
609
180
192
450
1191
276
705
189
13602
198
873
369
1263
195
462
372
192
1515
39489
789
633
282
192
261
279
162816
258
525
186
189
534
363
66405
21018
33327
774
366
279
360
1575
282
1362
270
192
192
273
462
258
195
714
189
789
546
192
951
1083
948
183
270
267
288
375
642
345
285
198
381
276
1305
258
258
18282
189
462
195
180
714
282
591
192
189
282
195
288
609
1431
8664
5487
229644
6162
189
1053
36702
591
195
282
456
366
378
264
276
981
127038
288
276
375
186
186
543
3141
261
201
459
906
534
630
270
285
183
609
369
70743
420
363
41610
375
369
792
369
264
267
375
381
177
104295
285
183
189
192
192
195
855
282
21972
1041
198
576
195
444
450
258
420
22182
177
453
378
276
267
804
10611
1629
7416
360
522
627
369
759
549
54765
192
543
37770
282
465
1641
264
543
59511
276
10776
432
426
3168
258
7086
189
957
264
189
189
7533
23241
285
282
711
29328
41256
1008
378
948
125718
5217
194022
1518
375
375
357
204
198
258
339
198
1233
363
264
549
192
186
183
363
180
1215
633
19440
192
453
189
276
19515
921
189
11076
264
184842
819
732
450
5415
693
1131
180
369
279
783
12654
1368
183
543
276
978
207
279
450
198
366
429
537
183
195
546
354
40650
684
204
372
837
279
282
1113
759
273
360
103785
444
270
177
624
528
183
369
1167
630
2112
180
92526
192
19626
22518
525
31827
891
516
186
525
189
276
783
186
1728
279
1032
171
198
252
270
180
768
276
618
534
600
441
192
279
195
714
183
429
615
189
186
297
609
378
264
342
633
444
429
192
357
1251
543
450
31038
195
67182
192
189
70818
2139
38790
171
708
453
2937
273
345
609
786
192
1305
528
6795
282
261
279
282
543
339
189
261
261
510
540
1578
264
192
363
270
456
201
11433
83877
444
16218
1581
195
1566
1761
270
64341
555
26811
198
366
282
51054
708
276
24891
1686
360
5379
282
438
444
1407
876
696
7068
55059
23064
282
288
8295
447
276
192
378
351
756
285
441
276
291
177
1452
453
288
177
780
192
131862
288
378
444
1089
288
513
68460
21375
204
47421
684
1140
294
189
366
1914
714
708
44700
669
9723
111093
9312
186
780
2316
258
447
276
1047
873
279
843
354
177
519
444
276
273
714
204
360
1380
1377
447
61965
363
783
462
189
192
360
450
936
531
531
204
201
1665
342
360
1026
366
201
276
189
621
279
609
285
702
258
273
972
534
174
24612
198
167022
177
201
195
615
243
72555
3945
207
20259
195
180
267
864
195
972
198
183
789
1704
1839
549
363
276
267
282
615
954
198
423
624
201
456
378
6390
279
354
198
762
195
366
387
363
438
276
1050
447
201
279
189
273
540
198
7491
426
270
576
198
507
59172
18066
351
267
369
1131
291
201
357
279
441
363
26100
189
285
777
618
873
276
273
279
279
1065
534
183
192
912
699
609
192
285
453
285
699
612
693
414
627
282
24222
621
43938
294
285
720
678
195
15561
258
282
4704
177
372
555
29433
288
192
23673
684
186
198
288
1212
363
1050
450
10230
177
294
6831
267
1650
258
279
540
597
546
201
267
924
198
381
288
1446
600
879
303
32745
279
285
861
192
507
513
375
366
1332
1452
89169
447
258
606
16479
375
375
192
13668
360
360
696
192
28578
2526
204
270
435
624
279
109890
537
201
369
849
843
627
453
198
1197
276
264
618
540
198
282
198
30750
8265
858
438
195
198
1020
468
960
276
465
276
180
453
342
189
462
540
273
11658
13806
273
189
777
444
270
450
198
9240
183
375
450
16602
522
195
279
59040
91275
264
189
603
780
273
195
192
201
186
17505
525
798
351
198
1269
267
375
282
282
1344
378
345
348
444
1068
465
921
180
510
459
369
201
366
195
1545
873
1020
945
174
855
267
273
360
204
348
540
1092
369
528
201
24105
192
297
192
684
348
1794
699
639
204
354
273
1038
522
43500
201
183
468
258
201
528
363
360
345
372
279
438
180
363
438
618
74565
174
387
180
381
426
888
198
189
372
942
591
6483
32922
44976
198
360
522
31866
366
366
7263
46356
621
531
276
684
1203
198
924
19686
177
519
372
624
531
378
858
354
189
5775
195
942
540
291
201
1104
441
267
438
372
192
273
192
270
201
786
282
1044
198
429
276
282
276
372
525
345
693
384
201
288
276
276
282
17577
267
435
192
432
1344
1596
771
73443
4734
786
252
3663
1119
789
366
366
1101
198
1116
438
951
279
363
201
198
348
201
276
546
64650
204
273
1374
279
201
615
282
555
198
603
627
528
2973
270
288
447
192
372
1071
1224
834
990
351
183
537
1041
360
417
270
888
267
64083
972
1551
765
1095
369
543
198
345
630
369
183
282
195
600
1038
279
861
213
195
444
525
888
789
1113
279
513
711
456
714
696
1275
198
690
801
372
195
471
723
183
513
180
624
456
177
23550
951
1185
1266
195
1062
339
864
192
264
459
378
531
417
198
57162
267
366
7059
8097
5184
264
192
780
342
60021
8484
660
78387
708
600
201
282
360
186
294
543
909
954
885
189
189
264
762
555
363
62661
198
33258
456
195
876
1926
288
432
954
774
435
420
25692
189
1872
189
777
22704
288
672
264
270
198
33783
987
615
189
282
198
522
273
567
1392
195
903
279
591
276
14646
276
198
2925
18813
22488
195
456
456
366
1206
777
588
285
186
720
198
1122
186
543
618
34047
24696
73320
1191
47931
297
1305
735
1248
360
198
261
186
1722
375
876
372
381
1077
183
270
534
975
279
219
207
207
282
528
717
97746
378
192
954
291
282
264
369
276
876
189
378
1044
372
1119
264
285
1083
198
876
195
276
186
2097
360
612
1896
112464
198
47295
1029
198
975
270
7950
696
372
195
684
537
363
35073
258
192
378
276
369
201
504
192
18804
360
23991
366
1143
378
447
720
534
285
180
549
1128
792
546
612
459
456
465
201
531
261
675
372
1461
270
4821
519
1602
819
345
2709
525
282
285
201
366
7275
390
186
49908
366
612
1269
18945
282
342
447
195
180
348
582
441
186
783
12969
282
972
198
747
369
177
687
1287
363
519
11229
198
438
27303
681
28008
6219
198
360
282
80211
867
288
360
360
198
3393
23364
2034
285
102534
375
771
276
1488
810
354
195
201
366
999
348
11997
261
480
201
660
594
789
1446
687
366
189
195
408
705
189
273
195
843
282
450
708
62736
531
516
537
363
360
528
74946
183
18354
1194
1158
11571
285
438
696
699
1230
1014
465
53262
438
17487
28332
288
279
198
201
1017
41160
26373
267
450
192
786
354
615
795
777
366
1212
609
765
384
1293
366
702
192
195
1029
195
606
282
198
1263
267
1005
1497
282
384
198
177
177
189
198
183
81174
999
630
864
369
273
192
936
18756
363
261
192
282
606
540
261
273
204
732
270
561
201
615
294
1095
1305
354
189
600
603
471
189
870
195
378
20688
366
276
3636
381
19503
195
276
543
786
6588
300
441
348
276
279
852
177
339
708
42765
270
41115
537
375
345
54867
186
192
717
333
432
285
31614
282
441
44997
258
1203
186
363
198
600
363
525
357
456
633
270
201
546
258
1371
192
414
19407
447
816
192
180
438
36057
195
12867
3894
693
717
177
285
282
273
453
9789
25227
273
873
519
1233
157128
186
363
1578
546
558
402
465
801
792
627
273
1209
369
270
279
1287
1128
2274
894
450
363
5886
378
1299
429
189
285
11955
366
27906
288
9030
861
369
1353
705
9189
33978
189
174
189
684
1125
42414
69930
177
276
81288
885
279
432
537
345
282
180
61272
3186
165
762
432
261
348
1335
279
186
1410
273
267
83295
294
534
549
327
699
48696
50781
126762
273
183
12204
246
537
14982
282
273
177
282
783
83874
276
318
360
1812
369
3624
28908
276
183
177
1620
642
447
1707
183
183
843
978
192
267
372
1125
519
522
450
474
1434
186
177
273
192
444
282
186
177
186
363
192
1092
1911
549
44244
351
186
354
189
47097
1362
609
363
186
186
258
270
14616
540
612
360
801
546
651
39255
9372
420
357
46686
360
180
432
438
264
72285
345
798
29199
276
189
276
258
909
357
192
285
189
822
351
621
267
192
192
366
282
513
186
198
462
282
177
828
870
186
137889
267
55785
264
186
1035
13518
522
64602
252
7020
276
276
183
10530
7653
267
777
894
273
534
957
282
1125
186
525
61824
192
285
429
459
1731
1683
246
354
53256
186
195
333
270
276
7209
1353
180
369
1029
705
1428
198
56478
267
189
2175
4593
618
435
180
192
11124
20562
942
177
4512
186
711
43605
183
1596
2181
258
282
1347
180
279
1410
192
441
264
43206
174
267
972
189
879
456
270
273
1557
627
444
273
1410
174
447
186
276
279
363
3015
537
189
438
5010
279
699
453
426
450
254664
264
459
291
360
459
180
201
282
1374
264
522
174
546
450
186
189
375
351
438
531
1056
276
168
261
14004
288
1317
186
52449
276
2505
157254
183
369
447
420
369
91812
189
432
276
882
177
357
711
351
180
183
546
24678
192
444
450
423
345
180
369
264
693
276
558
591
411
624
720
354
447
825
285
363
366
270
279
189
372
107754
285
645
273
672
264
633
276
59745
708
288
285
894
354
705
189
540
189
270
264
345
468
807
531
267
3204
690
360
381
363
198
186
285
273
279
60336
1002
82914
459
279
1137
73692
4035
6345
846
177
279
37419
18210
30801
21639
429
195
447
546
708
183
717
714
12975
450
273
276
180
339
627
1203
363
1092
291
270
555
106605
432
189
459
18684
189
795
621
702
186
657
189
180
420
369
903
450
522
1143
2712
276
540
23142
25596
432
618
450
555
441
705
2961
369
31932
435
261
279
276
11373
195
39441
195
456
264
1488
327
366
1074
9024
819
198
1989
270
276
531
192
630
276
267
447
816
372
285
177
29694
183
270
363
1047
642
1446
1149
276
11259
198
288
267
66183
9144
429
273
54210
279
354
1191
369
336
798
261
114381
183
1419
33168
186
195
189
621
186
183
627
276
183
180
783
282
357
702
372
195
879
279
11601
456
627
1389
612
1476
513
44823
900
18204
426
186
195
49770
16557
342
186
780
1086
945
951
35328
423
549
6825
189
186
29943
80439
4695
282
16077
285
285
2394
684
267
1242
17784
282
450
294
375
975
450
972
693
192
3042
624
690
702
279
726
1230
276
372
417
444
195
273
447
288
1221
183
177
186
86055
273
543
294
1617
189
26886
579
6087
21300
69471
9609
1410
15483
1125
51288
615
351
167859
4644
516
450
549
285
192
447
705
747
360
264
417
177
519
195
18072
201
678
273
354
447
354
1488
444
444
531
180
1416
29493
261
6258
31869
537
720
189
291
192
372
43392
35223
11298
186
10269
279
276
186
1338
1275
462
363
183
267
267
1620
258
378
1221
279
453
3636
20388
372
198
189
549
864
450
276
456
94989
561
378
150144
270
1311
543
189
348
2076
639
954
786
717
189
54330
1572
273
276
273
366
18717
816
966
369
273
351
270
183
906
627
189
183
462
1110
189
342
723
453
339
270
264
279
621
603
180
177
879
345
288
351
378
267
423
906
1716
342
276
282
804
630
378
1068
456
459
642
192
939
372
14337
195
441
369
354
198
183
615
177
366
705
441
345
354
177
369
276
1053
366
813
177
420
44778
342
381
369
189
189
774
186
189
549
522
1155
177
540
192
258
174
870
1191
882
267
279
357
369
192
279
59877
177
621
192
519
192
354
798
825
264
354
31911
195
201
537
270
27519
447
519
273
624
285
366
351
91641
765
726
279
1527
1659
366
186
273
282
966
12909
1071
276
41466
17733
972
273
186
192
597
279
447
537
183
672
687
543
810
282
183
273
708
375
273
189
519
441
552
780
519
270
435
270
186
975
447
59937
510
3381
54087
531
189
264
441
282
621
1041
279
693
264
618
186
1128
423
30708
282
270
1122
282
186
858
699
1059
534
291
273
369
285
627
279
46980
804
939
267
447
351
10779
14139
798
198
174
363
447
192
273
909
