1f1f:0:0:0:0:0:0:0:0:0:0:0:0:0:0:0: (total 10)
0 1 2 Thread 0 going to cpu 0
Thread 1 going to cpu 1
3 Thread 2 going to cpu 2
going to barrier (cpu 0)
going to barrier (cpu 1)
going to barrier (cpu 2)
4 Thread 3 going to cpu 3
8 Thread 4 going to cpu 4
going to barrier (cpu 3)
going to barrier (cpu 4)
9 Thread 5 going to cpu 8
going to barrier (cpu 8)
10 Thread 6 going to cpu 9
going to barrier (cpu 9)
11 Thread 7 going to cpu 10
going to barrier (cpu 10)
12 Thread 8 going to cpu 11
going to barrier (cpu 11)
Thread 9 going to cpu 12

cpu 10 cur 10
going to barrier (cpu 12)
STARTING...
STOPPING...
Duration      : 10000 (ms)
Acquisitions  : 15699654
34944
1983
288
1422
174822
12771
1056
1689
1494
2622
1665
978
2892
930
1482
969
1344
172026
2049
2748
3573
1659
456
966
1836
116565
152505
897
2124
1572
59130
2169
1191
1584
1554
321
1686
3084
1563
1158
147456
1917
1563
44367
864
2727
1356
1530
1983
2904
1329
849
2073
16296
1917
774
1209
1284
1458
110979
1647
2586
1596
1308
879
1098
1281
1110
3651
888
1113
1605
975
6054
1350
84831
2487
2001
1254
1341
71523
2973
3336
2124
1353
1155
35547
1983
1659
1572
969
1341
966
57399
37074
1212
1641
1863
1065
2163
2127
3387
20877
1203
855
1974
1221
1164
3501
1248
1737
288
1482
1134
2892
2577
1308
732
1116
1845
1665
1899
1911
900
894
969
1008
1668
2109
20736
2130
1386
2601
1542
59844
97737
2013
1272
1248
1299
1863
2325
38490
2106
45882
206955
1737
2013
1002
2331
9915
1596
978
990
9636
131295
3474
1122
2124
1518
1428
1479
759
849
972
804
1635
909
1341
969
1062
1233
84342
2610
1119
3585
1053
1383
1281
375
3282
1161
801
1047
2679
912
113220
1587
1314
2235
1452
2154
2193
2220
2022
3426
2613
1248
183006
1983
20142
1359
2337
3333
1836
2505
1050
1872
19140
714
1962
84114
2079
2790
113931
1446
2676
1752
1902
3630
1443
28140
1212
246
1668
1479
1629
1530
1188
2685
1035
1869
38820
1383
1470
2838
1332
14325
2175
762
2337
2070
1479
1659
1149
1503
2136
1074
1416
3030
2418
2019
2823
221412
1155
60207
1116
1572
1584
2733
1203
1815
939
1518
1614
1629
1464
2022
1743
798
1176
1053
1281
1278
1224
1920
129066
1209
1527
2634
2418
1941
34758
111966
2037
2160
1245
1437
1509
1041
1605
954
966
1503
1125
1437
1350
1638
1515
20967
1188
3003
1119
2301
777
2733
2571
1683
2112
3096
8283
2178
3444
2646
1926
1185
53418
16596
1155
1182
1161
1284
1080
1860
1524
2268
1644
846
1272
1149
1146
3591
1332
1065
2397
2274
750
1401
1143
1299
1281
1233
501
1776
1524
27516
1677
1011
1470
68163
1851
2964
3183
1386
1875
1761
114495
2184
1119
1062
2403
2331
78123
1638
2028
981
882
1827
237
1692
5118
30300
132852
1716
1404
1773
1386
1875
1983
1767
1083
3084
1374
474
3105
1113
104826
1983
1311
1704
1587
777
1161
2247
2100
3126
1431
966
750
1827
1377
1344
1179
3108
1650
1515
1644
1149
2013
1953
2370
1197
1251
21507
1611
1023
3276
2271
117975
3870
2004
2871
201
1095
2025
104520
1485
1746
1530
112155
825
1695
1122
1281
2553
990
2166
2037
1449
1206
1383
1524
1185
2871
2931
732
2685
2754
1104
1014
2550
1023
2001
1527
21672
2262
1260
1197
33216
2364
1620
2313
1344
2097
64794
37824
1218
1752
2463
1419
1185
1359
1188
2229
909
1353
945
1701
1452
1392
1737
1077
110643
1497
27012
3918
1779
3156
1494
750
2763
55407
2058
1359
1434
1305
1593
1347
759
1542
3252
2115
1494
720
2976
2502
891
1944
1638
1044
1605
64668
888
26916
1380
288
184578
1896
1851
1317
1419
1158
1647
1209
1998
1353
1890
924
2181
354
1458
1626
1866
5985
274374
819
1062
1857
109245
1833
14376
2193
7227
69750
1335
1566
195
118179
825
2676
1920
1068
1590
71442
1401
906
2691
243
1428
106275
34605
1830
1863
2007
2442
2721
1482
1164
1170
9777
2268
3768
42978
1395
1617
57579
2256
13782
1509
21684
1296
157269
828
1353
1188
1347
31182
4884
1077
1053
1440
1623
1077
3921
1617
1044
1719
3537
102177
1581
12696
1455
1674
1197
1875
92220
1233
35409
1935
849
2322
1080
1200
2214
2088
1215
1662
47922
1239
1851
2709
1905
49347
1698
413388
2190
10122
1167
1941
915
1755
1947
1458
993
54069
3192
3060
1629
3711
2775
1167
4242
82683
2703
1095
1716
723
1587
2055
1815
1428
1389
1353
867
1557
936
2949
846
966
918
1728
1596
1296
1659
975
1110
1293
1083
2004
1995
1791
2007
1383
57057
80826
2463
40107
44370
1257
1089
4119
3447
2001
1116
149394
1206
1629
999
1389
1491
1623
104406
1116
792
1446
1185
3480
2790
1443
882
2253
243
2055
1617
42015
66882
103047
18588
1497
2229
1140
1563
2610
53964
1242
1251
1530
16038
891
23169
68520
15987
1467
1212
2547
2079
1029
2016
2022
2484
1911
2118
987
100725
14082
1986
1638
1329
2838
20235
1116
1023
125538
1131
1263
1017
11763
1101
40992
2112
1272
1758
717
13887
714
1239
1896
816
1608
1092
19338
136038
1476
1965
120957
2109
1614
1752
1869
1431
1383
1947
1425
1296
1416
1449
1290
1278
1314
1149
2373
1620
1176
1800
2199
1446
1281
369
1560
1386
1416
58416
2391
49071
1023
34728
1716
1986
1068
50064
810
36480
2070
2394
1443
21444
978
1713
414
88770
2448
1740
1227
1626
1347
1335
1494
3861
1089
1734
1737
3036
64752
2223
1791
2241
1308
1383
1662
4611
76698
894
1050
26691
1047
2415
2391
2070
2091
1707
2286
825
1041
1152
1398
1641
35526
3495
1146
1755
1002
8532
1770
27855
5379
864
1284
1623
963
1815
945
264
2115
1080
2907
3618
65673
1140
1038
1143
972
1176
5259
786
186756
1185
27294
948
61773
19623
1713
2460
1953
29109
2868
2076
2016
1749
1575
813
933
1767
11955
53235
1581
6492
1266
243
1392
17922
984
1281
1731
1647
1623
146139
1455
124743
2226
2805
1083
70365
1875
3093
2118
1203
2430
2544
273
1647
1359
2046
1854
110832
1110
1044
861
1155
1800
3771
2016
1326
990
333
97005
1482
135555
1470
3060
1821
2445
2751
82080
2802
1731
1404
23589
2052
1359
1476
1320
1071
2001
1344
1506
97104
1290
1242
1284
1761
259785
1911
1293
1818
32589
1236
1542
1428
1257
26124
4935
45057
1026
2106
972
1695
1464
2109
1740
2319
1725
1041
1773
864
1146
1572
789
2016
2013
176640
1386
1077
1398
2118
975
1947
252
1410
26790
2115
1542
852
114258
1533
1191
1233
129387
1083
1089
3426
702
1221
1062
3522
159303
2016
1548
879
1425
2610
939
969
876
2094
55566
3018
2382
2733
1527
1020
2142
1413
1059
1434
2925
2562
3675
1635
35025
82413
1479
36042
50964
2013
2061
104934
1413
54162
1242
2904
2772
1536
3351
1605
2784
37878
2052
67725
42186
1956
1674
3981
138027
1818
3228
3744
2295
1968
2856
74652
3120
3927
135696
1962
2334
1149
981
2421
2919
1710
123567
92907
8559
1674
2913
1800
8904
2148
1848
1764
738
69663
1587
3144
2310
1842
98418
2496
3096
2583
1875
2391
3414
33795
1626
2712
4695
13314
1746
8301
5214
8973
2025
1653
3312
1566
238044
275763
195522
3459
1458
3282
1092
2406
3150
302988
2070
28851
33204
6357
9618
3234
172365
16581
4686
2451
122568
2469
1524
4494
2766
5775
81258
1887
3762
2565
1857
120642
5961
35667
115584
299784
2322
67068
1962
37473
8613
268494
1620
1452
3018
1824
47811
1590
2703
30831
215760
2424
1479
1446
1701
111267
1767
2601
2538
3840
268512
3279
2154
66288
1503
2646
8634
1539
3450
3789
176733
82560
1461
609129
2799
1455
92106
2595
2820
1914
14244
21294
4035
1773
1755
2415
38325
140499
3120
18777
158367
204543
1575
1992
68541
6768
1665
1152
52053
2460
60318
40050
20991
20979
91464
1149
3855
114003
3297
3126
92760
54021
3885
4095
142584
360183
150258
1419
122766
14541
4749
5139
1560
3261
2310
94365
3036
3138
5406
10326
2556
2007
1080
24240
1344
2265
2982
2553
3003
2235
16758
2541
34374
3351
3771
60981
88650
1743
1929
74733
4866
2811
2556
3300
18798
1446
1950
5136
222978
2082
116412
3744
13845
2679
2673
77127
1563
58623
1182
3510
3822
129903
230025
187689
2034
1923
1890
3543
1161
277236
123543
66276
1227
84984
74079
1722
250485
33225
1089
3024
1512
139176
203328
2169
3090
170616
58890
8466
7584
15939
5697
45771
1923
4089
40008
3357
4590
2022
5499
111318
6099
8061
18630
4680
42558
14274
18384
16188
3624
6969
61425
2487
206283
95571
15612
3165
3540
1257
35145
1332
3216
64077
1248
61359
2298
1839
47085
2145
1857
159645
1242
2685
28608
2868
39207
2718
2265
124215
2001
2298
1827
2139
1563
2514
4416
150690
2082
1413
54714
18306
104427
3522
66690
2163
1650
2499
2310
8478
62790
84114
18744
2352
1488
139593
3333
19257
2670
94674
2097
20358
39315
2577
26574
28203
3144
1464
3396
3534
27522
4221
96885
21135
2700
1659
2286
7218
3396
9312
44586
2280
6657
105546
2121
2319
2052
90051
72537
4809
4689
2385
64752
6504
1344
18351
1917
15801
113166
58824
1806
29922
3201
42006
115242
3630
3495
2415
4614
61134
7623
184242
1281
3123
2499
2709
147993
10014
3696
43737
3210
2151
108435
56115
2622
159558
88209
1155
2691
51615
128115
2751
3348
2586
3372
1608
2883
96807
14499
27642
20853
1797
3210
2520
27597
1422
15723
4548
2913
22413
25374
900
2958
1635
44490
2232
1599
61272
3039
98790
2304
4167
49725
2817
98238
57465
58365
4134
1320
54444
2457
1992
2514
330396
19641
255453
2520
92829
158001
155604
19440
2538
2160
2127
35304
2691
3240
15762
2115
3708
11919
2079
79368
2634
4128
30480
19008
26544
2385
1872
212118
2859
1722
2805
2712
146331
2169
85572
19878
4062
4662
67497
2292
1317
2733
33642
2631
29709
2550
25587
38502
66834
1827
17109
1812
4086
2787
319911
2781
29127
1860
1815
3216
9099
2004
2457
14913
12444
24009
157167
42435
8283
9315
2202
5385
1428
24771
3066
2580
3765
2814
16365
2592
9792
2061
67209
1785
161931
10350
4629
4776
15378
34647
6474
3885
3561
174681
38607
23046
97104
3369
241986
72192
3210
2268
9837
4458
2025
26157
1263
1575
1287
22143
39654
67296
108720
10800
177000
1512
2256
46878
76587
1941
20286
2319
18600
3366
3270
9618
72204
86436
1068
2367
1212
2235
54576
1236
2325
1788
2145
3327
43425
2175
2379
1599
1197
36840
12441
2301
38757
1611
6855
1905
1857
4086
1449
223323
61338
70926
1416
160245
5100
141726
43878
1749
1269
1218
2964
69561
34611
28638
28956
5733
83403
62298
2703
173814
3636
116088
993
6159
2937
192693
287187
1221
26784
2310
213933
2268
12177
4035
2277
2715
2658
2454
2643
3378
7119
4071
160890
40098
1950
94581
93915
185637
51324
3252
83199
1515
2886
33882
1944
1614
2310
1641
173127
1443
1809
287133
68775
58758
4203
1536
3498
2157
216207
1341
4434
75948
1608
48975
2805
115461
993
1161
2124
2094
152532
1698
5880
2925
105345
2850
3591
118458
1179
2418
195633
3144
2349
3030
5034
4335
48870
1404
1596
28332
1731
50631
4059
235683
2397
4530
158727
78837
105153
165813
34818
18315
52104
1968
2070
2520
1437
2364
30489
242529
53946
1326
105177
84633
10086
20943
25449
4269
7215
4227
2271
5949
67749
13287
24738
2094
166413
1638
4548
10764
37005
42561
73512
2742
3690
2778
2319
2211
76635
49551
2658
69177
4281
4977
14406
2373
28494
1587
14712
2394
120372
43335
1824
47904
4044
27045
143475
49359
15732
3474
2562
8538
2427
23682
27879
1572
2943
2049
1725
1782
3630
2919
5193
1776
3654
2091
1719
1161
3330
30864
1734
1959
204804
1809
13629
2505
106404
8451
3312
3987
3588
4425
18291
1107
2406
3501
1707
11277
12849
3189
9996
10284
3288
31866
30486
5607
3621
20121
6180
22368
36903
3519
7020
50481
86289
5004
2553
2865
4230
40257
4842
1911
2844
3342
2883
1776
59871
13728
223221
1176
151665
1893
4614
18981
1311
2565
5742
20523
1755
2481
138804
1719
2289
2094
1665
89892
4179
4626
17646
12663
40947
49200
1779
303222
48699
2334
2130
15666
4017
2670
3543
2469
1983
5202
2823
111834
1755
95985
102363
1974
71622
2154
67830
2262
1269
41562
171258
67371
1002
1251
1638
49794
2565
4941
2205
2787
2190
8769
5154
16098
3174
1803
72831
8877
1341
3333
1815
2574
1518
104562
5088
28197
1938
2862
1416
2325
3462
12417
73446
1326
131166
113721
2445
51237
1473
11241
1017
16827
2574
8400
1998
2949
2499
2049
16551
101952
1635
1929
3948
2082
2511
23295
53274
16620
2250
1059
1488
11439
1602
2187
3111
161073
2235
2241
115653
82773
1818
6765
141660
158061
1683
53472
2874
19539
4968
79806
1623
197637
82356
38415
2718
96249
3399
2523
6420
49194
5310
94563
2568
2640
1740
1971
4815
1719
12381
1713
8028
1953
1011
1911
1257
1998
816
1626
2217
2034
942
1977
91860
1575
1374
109062
1092
1464
1494
2169
825
2607
3336
2382
1380
795
2241
1821
1386
198
1146
45201
8706
1197
1002
1629
1314
1668
1425
2073
1371
3381
1635
1095
1269
9669
1869
1896
759
1569
309
1740
1473
3207
984
78672
1341
1272
1512
1059
2124
164172
1971
41643
2763
2610
1134
1110
1836
1908
4245
957
2904
2607
1653
1281
1245
1590
1848
45159
63774
1968
7245
945
1041
13647
1944
3036
822
1170
1176
1311
1431
1599
1338
90456
2232
1299
972
1413
3051
1131
1038
2769
2016
3351
2310
1029
1221
2946
1200
840
1986
83079
1908
92952
2784
2964
1125
1155
3918
1416
12045
1194
1323
1818
146907
1173
3615
9441
170532
14628
1197
2139
2877
1194
816
1938
1212
1530
933
1878
1917
1761
1572
4110
1527
804
1755
924
45891
1758
59940
1767
1881
3435
1362
1587
20490
1596
2874
1074
2664
1599
1488
1608
1209
1746
2004
44391
11451
2424
1443
57225
996
2397
2160
1671
1335
1788
252
2271
2226
1392
2004
2976
1125
1185
1131
265674
1587
1314
1056
47982
21831
795
765
1455
1122
2049
951
1566
1350
17808
2394
1782
1698
48501
1230
115884
1482
1551
21243
1950
1503
1917
278346
1905
1848
2868
369
2478
1911
1179
1182
29730
1176
1581
1968
2550
57774
2130
2625
1557
978
1653
3141
1440
110760
1071
16200
960
41637
1635
2676
213
2109
91389
2511
2139
1161
1170
2619
1776
1752
1173
2586
2160
2625
21834
1437
999
16560
1089
2556
2697
1719
2169
2694
2862
2049
2301
1296
888
1347
2622
4155
795
1974
1662
1341
1092
1725
3963
1137
1164
1317
1944
1119
1038
64776
1413
900
1428
2535
849
1104
1323
1938
1635
849
2040
110142
98208
1119
2472
2313
1941
1926
1725
12105
3156
63351
2379
1272
303
1443
2760
1287
2367
1968
945
882
4176
44427
1224
2994
1914
1209
1713
1920
1317
543
8541
2268
14286
870
2457
1197
1344
2052
86688
37749
1947
1539
135591
4056
1452
1143
56988
981
3288
2124
33648
2748
1950
3555
66258
1974
2832
1200
1515
810
19911
2118
2766
1290
2007
55218
142395
978
20364
1689
1485
1437
22479
1191
2451
933
2820
1074
1350
222075
1014
8487
1737
1884
1425
133728
1944
1890
2433
1329
2322
76896
1653
56292
2271
978
2808
4632
1512
1635
1413
1344
1869
1185
2949
80592
1206
1440
2163
130404
44697
1074
58146
2097
39273
1719
78489
1362
1701
1425
2046
912
2073
1191
969
2568
2085
2859
1323
1347
1203
1884
2376
2034
2574
168216
76146
2316
1209
2217
1749
13515
2694
3210
741
1350
2151
1824
948
4317
1005
1932
29043
2073
1131
2304
1185
26052
53889
1371
1020
3471
783
1257
1263
1905
7089
1836
1656
1449
39036
903
567
1413
1734
1986
309
1779
1425
951
1506
1695
1893
1878
2193
1464
27414
2061
2502
2142
759
1812
10704
1749
1818
861
1146
1167
798
1284
2529
936
111489
1866
33054
1920
855
1839
2703
948
1347
1527
23133
46137
39342
2529
1917
2445
2193
23394
146658
1722
213
1491
3159
86001
2979
22872
2550
2169
1635
3417
1839
1170
3198
2409
1407
2601
1113
72729
3105
57105
24483
1563
22302
966
1080
1569
53844
1131
1371
1566
1329
1827
2262
21003
2430
13173
1353
2511
3117
1380
1878
1476
1269
1710
1284
193917
792
18879
18336
1368
9846
2055
1827
2184
4116
2337
1215
1314
1086
1491
17769
2880
1146
1674
2823
25809
1524
6450
1476
1329
1218
1881
33000
2526
25236
2010
2106
112350
2037
1185
2877
2025
1263
6084
1401
3426
1206
2145
897
1890
1125
930
54612
1359
7128
3357
3258
2178
61653
2085
249
1038
1764
1617
1974
90291
1011
1356
1035
1347
1887
2124
1803
69078
1020
3891
2283
4659
1005
1524
975
471
1818
1200
3099
75861
1215
1281
1296
1164
2796
1878
1326
2250
1530
1206
1194
1671
219
1647
2070
6735
1524
89166
567
1128
2184
234
1710
53325
2469
963
3378
2940
2427
1821
155964
143646
1887
1287
1392
4098
2280
1248
1632
1254
1710
5004
2196
36864
1983
1731
1704
1083
2433
1620
2169
915
5040
1122
2571
819
2133
1689
1710
2742
933
1950
2241
2430
1317
1119
2655
2229
2355
2457
1161
1146
2214
1170
1473
2319
1599
17538
1650
1179
930
948
1743
2541
2283
1443
2406
1290
1836
1632
1875
1578
130074
144393
14520
42063
1074
1302
44355
139671
1470
90120
1239
1338
1647
1821
28689
1932
164850
26490
1521
1086
3612
2598
2145
1038
2310
1080
1155
2133
2100
2895
1608
1983
3108
2271
2481
65340
1812
795
1026
3048
1266
1044
4149
984
20283
1572
957
2439
6201
930
1404
95772
1782
1401
1425
1320
1329
1659
1605
1356
8295
255
900
1326
1977
336
4659
1407
3225
1104
2385
1311
1602
2085
1260
1476
276
1683
1200
1059
1587
1764
1977
1557
1272
1248
2757
1800
1926
3942
1275
2574
3030
1443
2220
255
3888
1212
1353
142941
1464
990
27636
1941
104946
972
41166
1446
2997
1446
2118
180705
1308
2562
95664
2214
945
1956
3462
236349
1845
1377
1125
1266
2808
2100
64272
2208
1008
2385
972
3141
1299
819
2427
1095
11070
2661
1182
4605
1476
1353
1542
1197
1521
1542
1425
1101
2199
2064
1920
76131
1689
1101
1653
1275
1230
1431
3720
1290
2187
1224
1278
2223
1515
2028
1671
1113
888
2109
25062
942
2754
2781
2064
1521
1401
2454
1362
1251
912
1512
2613
1506
1095
1230
3036
24891
1146
1539
3009
1884
1494
1386
72117
1542
210024
1491
1179
1032
1476
1980
22650
61623
81243
1704
957
86220
1089
1269
852
1818
1098
954
73089
795
1728
2910
2334
918
1515
235923
1206
1098
3027
714
1449
864
1749
33810
15600
1053
2316
3456
1431
2598
1035
1605
1116
13611
30228
1527
843
1362
3231
23334
960
1368
1878
1524
1428
1560
22953
1089
2595
1593
1131
1614
3420
1128
2622
3420
2394
37140
1323
996
1083
807
999
1821
1329
1071
879
79935
1800
2217
5889
3462
870
2136
2778
1503
1866
981
2622
2628
1230
798
897
25725
11982
768
1635
1857
1506
939
942
1575
1356
1647
17265
996
999
1608
1368
570
2526
1521
1146
17604
969
1440
1548
798
1227
4413
2331
1545
1746
1239
1299
1569
12369
1836
18033
2394
2157
1278
2538
1347
1080
1083
1467
84399
2253
1416
1857
1419
1242
2439
2220
2154
1356
1386
1962
1605
1773
750
1356
1533
936
1338
1215
1926
2133
1419
1644
2226
1977
1155
2001
1374
2367
1428
3441
1116
2133
1212
186
1968
1866
2121
2688
2628
51489
1176
1545
2988
2541
70212
24051
1458
1206
1485
1089
61902
1017
1653
1479
3240
1260
1869
768
1209
2649
58593
2436
2751
2106
561
1446
1383
1143
1167
993
1086
2235
372
1281
1314
1530
990
1446
1317
1965
1983
2490
1650
1704
1437
1575
1749
16116
3861
1683
243
1725
1077
1095
1800
1554
38214
3162
67746
987
1161
1065
40011
894
1200
1461
1386
1554
1080
780
2940
45627
2229
1677
1536
1092
165765
1638
1680
73830
1593
1554
1995
3906
2373
1521
1065
1392
2154
1239
1026
1287
2493
1785
1146
1059
2142
1278
1245
1797
2184
1197
747
1068
1800
3450
990
2397
1458
867
1143
3180
1770
861
1974
129900
1596
6219
1956
1128
2358
1752
3429
2403
1404
2217
945
1782
2289
735
2619
1062
1722
1416
2139
3399
1131
4956
62502
1308
95649
1377
861
2346
43431
2622
99336
1668
1140
1383
1209
1575
1683
2943
2775
1470
2292
1155
1542
1059
1155
1077
1128
1806
1677
1092
3030
1050
1965
187551
3993
1695
9144
1452
90474
87030
843
1134
14541
1074
1194
1821
1440
1485
1113
1683
166722
789
1425
1056
1377
1659
1836
1494
27450
888
2094
3159
1428
1638
3321
1647
1947
41616
2898
25737
1797
1398
1821
1170
24405
2979
942
2487
1995
89838
1176
73965
1248
88071
1356
2424
89631
1665
49626
1167
1239
2685
1344
2505
12930
954
1020
1794
939
135651
585
1014
2466
3834
1950
28953
46794
807
1053
1338
48486
3123
5814
1005
2034
1749
1137
2406
1752
1731
1173
132792
1149
1428
108207
1989
900
2412
10677
1563
846
3519
7764
4374
2436
1656
2295
1047
1239
1632
477
2421
771
2289
2160
1362
5790
999
1995
17958
1077
1764
1680
1929
3018
1476
2229
2907
48798
1014
2076
4923
2010
1728
1581
957
8235
1926
924
1638
822
1842
1848
2805
1398
1122
1170
861
1713
2340
1725
3660
4734
948
1641
1128
3381
762
57123
1854
2772
1479
2415
1779
2871
1083
2178
2064
2274
879
711
1380
6531
1698
1548
52659
48183
1929
2067
1458
1080
1647
1686
1260
1332
5571
48555
945
2247
1158
867
1824
1164
2793
1134
39204
35784
4050
207930
3414
2073
12063
17553
2412
2385
1443
1368
1674
2013
2514
1119
1038
2271
1203
966
1413
2331
1584
3252
1617
42867
1254
1200
1053
2298
2313
2247
1131
2469
1470
1311
2958
1731
13467
1917
2799
2394
1272
2271
1050
918
91767
2952
1578
1551
2940
1221
1998
1530
1485
1815
30498
1056
3027
1917
1326
1695
2106
1656
1521
7209
1611
1605
1197
1518
1122
1518
2073
1782
1374
1050
1176
3012
1641
1020
939
1155
936
1605
1782
2136
2133
867
2028
1785
1050
1044
1131
2085
1293
1419
1605
1200
1377
1530
10626
1386
1479
1614
2988
1650
2274
1047
9576
1056
214236
984
1056
5157
2154
2067
1860
13752
1185
1539
696
2598
1617
1887
39156
2058
1194
951
55566
19449
1242
1515
963
30327
1410
513717
726
1971
948
1203
2481
1026
2010
13353
3723
780
1965
1275
1896
3087
1128
14088
1671
1521
2301
2487
34260
369
22458
2394
1227
1038
1119
3816
1593
2583
1263
71919
2919
1293
7785
2622
1782
1302
1830
1686
2478
2397
8586
2508
1029
1437
2220
1884
2487
1029
2553
141903
1932
2529
2364
3159
1383
1320
1038
11367
981
933
987
2895
354
1380
89988
21519
1281
2850
1107
1086
1440
33948
2448
1722
1662
1107
918
1689
1638
1227
2826
1041
1812
1689
1473
1605
1284
3843
1446
1911
840
996
1953
1329
1113
933
15078
7377
1872
2514
1110
1161
1605
2664
1308
768
1044
978
1551
2556
1077
1218
1149
237
2415
3177
13029
1353
1371
1221
1335
2163
56988
1191
1344
2130
1590
43503
2445
2400
2145
108984
3441
867
2676
2283
8934
1707
56196
1182
975
1761
321
1695
924
780
909
1206
1899
1389
38175
1659
1065
1842
1062
1338
1086
2511
3348
16680
1215
82308
1275
2358
1425
35769
2811
158955
1863
1878
1767
2271
858
1149
1587
2394
2607
37872
954
1497
2526
29223
2676
97746
1995
1653
2082
1248
4800
1965
1617
2433
2130
1305
1380
15249
1587
2382
47391
984
2016
918
2142
1311
1866
1194
2109
1032
2871
1170
957
1311
2565
1002
2133
1122
1854
48003
33696
1881
1776
4119
4014
1404
1089
2433
789
2160
1536
3039
1608
2649
1296
16089
1020
1623
1053
1281
960
1092
72900
51027
1758
1806
1098
1272
1722
2379
239478
2778
1977
2151
1890
1095
157122
843
3072
45612
3258
1572
2709
840
1443
146859
843
1956
36567
1290
82371
2226
1518
1371
2313
1686
5811
2481
1404
1152
1800
1344
1998
1983
1437
2427
1176
1404
2664
1377
735
47556
174
957
1299
2199
963
2313
109809
2016
1062
2769
3507
74028
1824
1098
1056
981
2013
1434
1650
68229
78519
1794
2052
1536
2322
1008
5916
1995
294
1389
37005
1743
2136
237
2019
1674
1887
2151
1776
1842
2544
1491
1893
1941
1161
14658
20397
10566
1272
1065
1911
3900
3654
1680
1209
1467
1596
1986
146358
1077
1644
789
1296
1731
1095
210
1638
876
45645
1719
1827
1560
795
759
1584
921
1788
1359
1782
184938
1773
1251
1431
2760
16815
1449
1437
1413
1350
32055
2865
1467
1569
2259
1272
1314
1437
2463
2853
1851
1101
1416
1572
1134
1779
134529
1365
882
1128
31701
2601
31770
2418
2334
62862
1683
1137
1104
1182
2145
1185
99807
1728
1482
1131
1503
1236
55977
2451
1755
88905
4197
123783
239433
2829
1239
1614
2445
2427
930
1449
13638
9669
1485
12555
1938
2034
1065
1740
73839
1113
1971
951
2010
1371
80352
2088
1467
1215
2157
1458
321450
2073
1722
1248
2046
1185
1557
1887
1527
1011
1659
1107
2193
1020
2493
2172
9666
1830
960
2295
1017
1575
906
1518
1071
1227
2610
1071
939
774
2433
1719
1380
1122
171501
1572
2385
2415
1152
1635
14163
1290
2382
1032
2157
1833
1419
891
31902
1794
52863
1725
1791
2391
2007
2529
2109
2370
1908
3090
1416
1239
1752
330
900
9339
966
2136
1239
957
1767
975
1236
1764
1449
2403
876
1248
5682
2685
1011
2019
1155
1884
18195
1560
2463
909
2856
2910
1521
321
1488
1104
2376
74736
3873
252
1128
3486
1215
65583
1245
9114
1041
2229
1302
1044
1080
189453
55605
1914
44832
2043
203385
2514
1317
2631
2109
2808
1473
2154
885
46341
3066
5394
1335
1152
441
2556
1569
966
36672
1161
3096
68397
1845
1857
2118
990
813
885
1482
2367
1404
1134
18492
1038
1731
1920
1281
2277
915
25350
2292
1578
1434
3798
2178
2991
1008
1485
157242
29697
3231
2328
1530
1452
1344
1572
1935
1416
14787
870
1248
324
1029
3441
2112
1419
1164
2574
63801
1491
1794
3690
1032
1830
1701
1314
3774
3381
1179
1614
2106
1809
1764
1383
20583
1467
1464
32532
2562
1317
2073
2091
1806
1218
1278
1947
1269
1362
3219
4356
1101
2889
1215
1752
2373
1317
1482
876
104436
2064
2121
1263
1116
1272
1905
735
1347
19320
2004
1134
2529
1761
1032
2019
768
1089
1377
1200
1251
1902
1353
2715
131268
23823
2040
17967
1890
1686
2028
8319
2037
3408
1167
1482
2310
1767
1827
83652
69708
1899
1224
2220
1350
915
1497
1737
2013
2499
6573
1557
2046
2055
2454
1767
2388
1275
1458
29292
3696
71619
1314
1509
1338
1335
960
1575
4296
1266
1218
1845
1884
837
1155
345
1845
2292
1050
1590
1113
2364
2202
1086
1191
8040
25119
1593
1353
2181
1122
2814
76599
1944
1830
3168
1365
2181
2961
26547
2817
1005
1446
61176
2418
1902
1608
1764
41157
825
1371
1464
1590
9246
90876
1389
1215
951
1752
54579
1521
891
1704
1203
30090
11424
1485
2067
1722
47310
1329
1866
1719
1818
2268
1635
2079
2646
1461
1410
2457
16506
1353
265941
1434
1851
1107
1743
708
2658
1986
2550
1797
1572
1563
1293
2946
1902
1872
1422
1338
1917
840
2478
1092
1779
2295
1701
39162
1872
13428
1746
1653
1371
1920
1725
122805
1230
852
1662
1785
1599
1503
1596
858
1323
7563
1539
480
1908
3096
2064
1761
1839
2664
1290
1938
18801
3069
2385
1305
52716
753
918
1869
1839
2127
235986
62544
858
79548
2475
19995
2418
1689
6483
1107
2424
891
1563
5178
1503
36534
1335
1164
1770
4803
1656
3438
1002
1179
1941
2199
1242
2190
1446
58602
2325
13398
2016
1377
1365
2178
2250
1974
68592
1374
1455
72465
2070
2109
2082
948
51624
2493
1593
807
2295
1110
46542
2682
1044
2061
2682
4458
12339
1341
1965
2034
2844
1254
1950
1032
1662
1323
1011
33336
1254
1800
2862
1251
2244
1914
3639
2169
1320
1656
3099
2352
1092
912
2826
2325
2421
2211
49116
1923
1401
2679
1344
1092
1821
1842
1890
2055
1440
179205
28551
1548
1641
1167
1410
1029
2487
68727
1902
2991
1824
1605
1740
1473
1884
2325
1794
2346
1974
1908
1680
1695
1299
1920
205380
1764
1680
4881
1056
1971
1620
1293
3042
4218
927
1095
2343
25458
1404
150495
2100
1536
1866
1185
45108
1353
1416
109194
1125
792
1971
867
171
2943
4194
1560
67803
2523
1911
1518
1107
1422
2142
2454
1119
3003
1458
1494
1563
1173
1593
4581
1704
1641
1494
2319
1305
1416
1305
1179
1206
1581
23715
1218
1185
2247
1638
1746
2406
1344
1800
1335
1257
1170
1809
1503
288
1302
1470
3516
2502
1215
1092
1731
37812
1947
2184
3018
1233
97128
1737
3378
1362
76779
1308
3315
2043
1971
1008
109692
1815
2457
1497
1224
1110
1407
1509
2115
2520
1329
179604
1341
1539
25152
1116
1914
145248
2526
1341
1347
3702
3177
2784
2523
1320
2673
8355
2628
2136
1851
1788
834
915
1332
1545
1509
1686
921
1497
1272
2064
2049
128670
1155
1980
1422
1434
2028
1125
1248
2328
1119
1485
303
1410
1560
1398
1275
2715
51051
1620
2793
1032
1713
2778
2895
1026
2064
792
1455
1803
1179
1710
2262
2796
1233
2172
2217
1338
1272
2229
1719
702
1944
1509
38757
2205
2334
1161
1893
1281
9789
1611
1824
846
1686
1224
1665
1878
50106
3282
1887
1347
1446
2205
73563
1368
1467
1479
1266
771
1554
8859
1245
2244
987
1251
1680
26091
145845
1782
1689
41109
1014
1056
1041
2997
2652
1464
1641
2103
2523
1890
17853
2229
1743
1992
240
1734
1542
2502
125832
1125
2172
1191
1239
1080
2331
1770
1299
2376
1152
1218
2307
2580
975
918
1995
1080
861
2343
1230
2124
1227
1347
2346
1782
2766
1347
2451
54792
1824
26535
2601
1551
1932
1176
1314
1692
2292
936
1386
1539
54441
1056
258
1389
1236
17637
1515
26694
1146
1086
4008
1086
1908
1755
17253
1578
3450
40812
1197
42288
1974
37809
68397
5007
756
1734
1311
924
855
1251
1221
888
2181
1317
1179
999
1731
1644
21387
2922
1119
939
2337
1578
1140
1008
2910
4083
1377
1818
1347
768
2904
1602
1311
1722
867
50949
1641
1971
1221
1761
1806
1416
1398
1839
1272
1995
2490
1281
1452
1632
1167
1935
2121
1578
1209
37233
1527
2976
1884
3405
54579
1623
1320
1029
891
2064
1362
1743
9297
1782
957
2445
759
2592
53121
2784
2004
2550
18207
2256
2256
1122
182892
1305
1125
2601
2736
1167
1401
1737
1401
1119
26928
1134
1854
14817
2496
1362
804
813
1455
1242
15276
147510
8046
1944
1860
1938
1416
3372
1533
30069
1890
1443
3264
807
2217
1125
2061
1893
1101
1659
3873
150612
108345
2094
1512
1938
2835
1611
1089
81123
1185
1701
50172
19284
3528
151482
903
6186
1173
2445
1935
1272
1602
65724
1299
1353
1512
456
2130
1800
1641
1422
225
915
1611
2193
1623
1452
867
1590
1338
1278
2238
25242
1899
1002
36048
309
1719
1917
1557
1710
2211
64350
35157
969
876
1800
1641
819
876
1512
1752
849
1470
2973
1449
1890
1221
1155
1035
1620
108435
1455
1923
24000
1077
3291
858
2298
2061
1014
2664
52134
2478
1125
1395
1107
1752
978
1017
1359
3579
2673
1470
1038
2682
2133
708
2025
1728
927
1386
64380
1173
29217
1758
180906
2556
1008
936
2148
1464
1374
1053
2208
855
1431
1374
1995
4137
1722
993
969
2862
1176
271818
1494
1410
1191
1935
104889
2340
1890
14820
2373
3693
71802
1362
122247
1488
873
1950
1641
74463
1554
1473
3678
3429
103215
1971
759
1986
1971
1335
2925
3102
1326
924
1059
6735
1464
3573
2001
41145
1350
1098
1398
52542
2448
1686
11169
1743
22539
1491
160173
2931
3426
3762
1266
1599
954
2685
2310
1416
4062
966
100095
1491
16044
2772
1413
2022
1536
90249
1122
37830
1119
1974
807
2628
1374
1242
792
1386
1689
45819
1479
1497
834
1914
49599
2487
1494
410367
1338
306
12132
1731
1923
804
2202
987
2499
1290
52434
1767
939
1428
2124
2136
3048
1209
3354
957
80994
972
3567
819
3051
1752
1143
1299
1095
1128
1023
1512
1590
1242
1686
1773
1413
1341
1428
1740
2037
1035
2385
1047
1314
1281
6855
1605
1182
1215
1050
53661
744
78465
2169
88914
924
1923
5067
1875
1446
152391
2121
1713
1251
1230
1683
1071
100287
2004
1167
1443
963
1176
366
1158
3033
1731
1971
2604
1710
113547
99183
22266
1053
1521
690
1992
59067
1059
1101
1509
13806
1110
23355
88329
1584
882
3597
987
873
1596
1839
2091
1380
1068
119154
2535
1383
3936
2226
18336
978
1110
128028
2484
969
1587
9108
1182
44148
1599
1422
1653
16539
1566
1080
2157
1548
1056
160008
1761
2106
118521
1995
1227
2079
1698
1500
1452
1725
1299
1632
1008
1371
1515
948
1038
1260
1236
1029
1281
852
1947
2856
1710
2211
1905
1110
1194
55077
876
3009
46890
1374
1869
32490
3066
2298
1929
1404
45408
1959
1203
34329
2238
1077
1719
23310
2256
3519
84972
933
2106
1833
1779
1740
1983
1863
3468
1233
1629
1767
1713
3231
62889
1332
1161
1764
2676
1389
1848
1137
1680
1038
72621
1974
1410
1404
24684
1005
1854
3060
1662
3585
1908
1074
1500
1170
1332
783
1200
39630
798
1842
1269
6450
1494
27441
2568
2562
1308
1803
1713
984
1893
2040
1029
1035
1539
3300
63663
750
873
1596
2814
3687
975
1812
2673
183384
1137
29493
1641
58683
1194
16272
2238
2139
3159
1227
249
24801
2994
1812
3693
1407
1950
936
1878
1425
68664
10143
1767
1539
13980
2040
1080
1275
1596
1224
1545
143418
1968
1245
122019
867
4422
2085
1110
67404
2631
1602
300
1074
357
1257
1374
939
2556
1191
1584
1566
2025
102717
1737
861
885
1065
1758
6495
1602
2079
5199
43668
17613
1407
1737
130740
2208
2460
1740
2127
3447
2481
79173
1680
3234
1098
1782
21279
1017
1788
2910
981
1515
1668
1578
879
99333
1824
1836
1542
262524
1935
2388
1722
29811
936
1776
1203
1974
852
22461
5415
1314
43059
1074
1506
1470
1563
3585
1245
1479
165
2052
891
2004
1272
957
1632
1890
1371
1092
179280
1056
1026
1158
1176
2214
3258
29217
1383
1827
1587
113553
1836
1509
130587
1545
1215
2856
1548
1605
1266
2688
158907
1800
1212
1995
2325
1443
1347
2172
951
36555
2916
174597
15225
1293
1347
1974
1146
2793
1689
1515
2181
1035
954
174354
252
1221
1215
1155
789
1485
2676
1227
268560
807
1923
1293
1779
54429
4143
1038
1824
2067
3810
1329
2058
1131
1863
148101
1578
46950
2238
2391
1518
1968
1290
3279
1695
1371
1389
13464
1239
1500
750
1119
1029
113724
2262
1620
2169
1602
1245
1125
1197
6078
894
1341
1101
7596
1827
85794
1638
978
1239
75402
486
1479
2682
1869
3333
38355
1812
1518
969
711
1782
59793
18036
12936
2286
936
1968
2796
1299
4023
3906
1965
18273
1749
2745
1443
2199
1449
2298
312
1941
1536
4557
1497
1566
2262
2280
1101
726
2226
1605
2199
2127
2589
1656
1524
1401
1527
1653
24453
936
3276
2178
62082
94806
1650
1593
1209
1296
1080
2952
2748
35109
1029
1959
255030
1461
1890
1602
13641
1179
1320
143748
213
1803
1035
2727
1059
1581
1044
873
1536
984
1512
1014
1098
1488
1086
1020
1482
80508
2700
1632
1950
2223
867
1641
4428
831
1311
894
1053
2343
1188
107970
3258
933
1707
2007
981
1281
2562
1599
1272
1170
1266
1161
1746
178695
2874
1932
17628
2292
1338
1233
2235
993
855
2085
1374
17823
1926
1383
25332
57882
1866
117081
1638
252
1158
1371
2670
1743
31020
3936
1137
1314
1578
1458
2541
1929
2055
1746
36534
1416
1314
3105
2712
870
15645
1572
909
1938
1530
1221
1482
927
1200
3615
1434
1044
729
1368
2439
1740
225132
62223
1236
1521
1518
372
1563
1683
1755
753
1209
2142
1866
1413
1779
1338
1440
1920
1272
1704
996
1188
1944
126918
906
2142
3018
2277
2322
38247
31410
76410
2025
2433
1164
1848
1251
1251
1425
1464
1377
981
1290
945
972
1509
1278
23829
1287
1314
1719
1215
1281
1944
2073
1506
1590
11520
2229
1992
1227
1065
1221
50547
18321
1323
1032
1062
1494
1212
2436
2469
1194
1692
1386
1917
777
2997
2166
2166
1674
1944
2586
1368
1293
1083
906
4176
1155
30471
1356
990
70146
2088
219
3567
1518
924
2205
1050
111699
3000
1605
2007
1878
3891
1551
74001
1206
2103
1680
1647
954
3354
5679
1758
27537
3168
130527
849
1197
822
1071
1662
1992
2040
1353
2247
1413
3066
2040
2061
102384
2442
1041
1584
1080
2082
1125
1008
1401
1194
2766
1269
894
1233
2391
1221
3306
2316
1059
1245
2154
2061
1983
1962
1551
1407
20307
1455
1080
1674
1935
122130
1050
1416
2613
2892
2475
107772
1233
2442
114444
1125
1464
1287
1338
2832
1812
1929
1017
1413
2439
2961
172584
3060
85428
199725
71478
59877
3675
3012
2025
219372
3939
1572
65907
9360
4092
45360
3114
2277
114486
2088
2946
2352
152076
4284
2901
3090
3774
108315
1563
121056
2007
198651
4431
4338
2505
3024
52662
5085
31740
49953
1998
4560
237774
5775
2487
154431
3882
75219
110766
56715
104475
1995
53697
47904
1737
1794
891
1764
2013
29673
299127
2610
2535
106257
80253
5415
5256
8403
16194
29658
6309
3378
1857
7365
72318
16290
12048
3588
2535
27291
18000
51837
119373
50577
29649
191352
15978
1893
11754
2157
2547
19443
2082
24462
1557
1728
2247
1539
2418
3648
1455
3864
4173
1524
4086
2142
651
3357
2001
31668
3768
208740
17169
4047
101298
1941
8484
11244
4014
2565
9666
7578
2760
6903
8934
17709
8841
7020
3540
5319
5982
63195
2760
20439
24534
36042
8121
2775
4584
46572
1845
84309
3345
1476
2601
3981
4554
36198
2103
1584
2265
3123
4011
3921
63285
15024
225435
2457
138867
8394
2355
2781
5877
11370
2535
2343
4842
21312
2424
2181
137712
1416
2706
4374
2487
54219
38322
1962
3789
12009
1308
53136
1140
7239
36537
3978
303300
52731
2184
3102
16458
2523
2655
2511
1278
2229
2265
110922
2094
98811
78861
20661
74310
68046
5598
2487
41874
198837
39087
1245
966
5052
46374
1983
2397
13278
2076
15546
20124
2655
76857
6138
1494
1995
1668
3018
70071
39027
3480
24288
1101
3381
1158
1260
2496
2115
7320
2619
73638
2496
40572
86961
76473
37851
1725
54084
13623
21855
2982
3252
2352
2397
1857
3438
119211
1506
2367
2076
1560
3015
23748
56499
17151
1083
1824
15099
1929
2544
2574
158163
4119
2895
85392
30792
2103
83373
6072
2238
3213
133698
2277
154830
2073
59004
22485
80073
3969
324198
99390
1512
1764
53823
51342
41358
1656
2310
4257
2553
3306
2904
2913
9270
2637
2340
4893
59187
1959
4956
2211
6396
2412
1335
1803
2436
5559
3147
2646
2811
111012
1248
1122
33144
55101
2814
107514
53835
2151
4260
4185
2853
2586
2013
1104
38913
2481
2175
110847
2400
1929
2382
68334
64719
2736
1518
3033
3117
2571
2559
56346
21801
2475
139380
2613
2535
1968
1326
2022
4419
2172
86175
49725
87186
3252
3006
1386
3420
5664
1710
1890
1752
2007
1842
69834
2589
2109
3612
1395
92271
2826
2589
2802
1413
1725
2139
3300
33222
1848
1680
2532
16356
2967
10281
12786
2955
1515
4893
393876
122355
55566
85221
49683
4194
3825
1194
4383
3147
1722
305961
28710
3054
48564
1494
171399
3159
11799
4527
3015
2100
117819
1821
4614
1812
1923
7599
69756
12795
3687
4221
3036
1368
3702
119880
458073
2148
68328
1116
36615
5373
22383
247701
2184
1662
2229
37605
7776
2238
1980
2157
28473
1761
212556
5907
1002
1608
1362
2592
110418
4191
2784
6618
267774
3267
3444
2031
61746
3450
741
4713
4176
1617
990
2220
180120
4998
79257
1032
98376
512901
3843
4449
90615
3027
3468
3717
5316
32151
2037
2298
2844
993
39087
140940
20199
370092
1926
3372
67782
3192
2403
1536
52722
2769
1929
57489
43458
40080
95109
2835
1908
113310
2292
140391
3948
1803
3153
1782
143913
355728
149382
2415
123216
18867
5847
4098
2130
2553
17085
75501
3489
3234
3072
2601
7227
2967
2895
1509
27693
2490
1356
2352
1515
4257
2538
3966
17301
34482
3945
2922
3708
147285
1764
4194
2070
77514
3237
8811
3492
21954
1620
2646
228060
116829
3438
1911
13335
1068
79824
62187
2523
4455
64059
64911
1611
70443
344190
1188
2649
1902
3654
2073
280269
119391
2511
62358
4395
89847
73242
2808
277719
2166
1485
1551
1692
135087
204249
2214
2799
5289
147669
16440
22878
47547
2358
10662
11271
3504
32226
18435
38049
15492
2031
4461
5310
3528
71883
41517
2991
24117
5619
35259
15510
21774
17697
2154
1581
59265
5964
317625
1980
2589
37725
2085
3423
61062
3213
60990
2898
1476
2415
42258
1734
1596
1713
157209
1599
2787
27930
1713
1527
37569
3261
1830
126909
2223
2451
1860
1770
1857
2700
6258
1956
148908
2265
3267
78051
101883
1986
71070
3450
2622
1248
11829
51690
7497
2739
99714
2382
2844
135981
5130
20976
2394
94677
2490
25062
34026
2571
2667
26730
23511
2466
1311
2682
2628
27060
1206
3240
92643
23787
2904
2613
2664
2145
10293
1971
42000
3066
5976
109077
2994
3504
88773
1674
66759
5100
3411
2502
65814
1587
3324
2781
24426
15900
113988
4911
52983
3816
33171
164466
2823
3429
1914
28143
40812
8760
61845
12006
105315
1299
4200
3390
3543
161685
44085
1794
1962
2250
105213
3375
53715
3474
837
158256
981
87585
3267
28944
18648
57699
72690
2250
1791
4350
1647
2772
2340
91098
15300
3141
22695
21276
3180
3300
1974
2907
25602
1602
16590
2763
47454
1503
2016
1176
2010
43458
1881
65337
1599
99852
4320
54312
4230
90516
1650
113454
3153
2079
56460
2028
1749
204543
123807
2733
14484
258030
179790
224397
1779
20358
2322
2481
36414
1920
4635
1980
19425
1248
12282
2742
83214
1749
1959
47697
26613
3585
1545
3681
207684
4887
2817
3636
2493
150255
1380
84687
20406
3600
70701
1887
3621
4653
33342
879
25893
2109
5562
22758
38070
21294
44895
930
2835
14472
1668
1746
2718
1902
320484
2904
24165
1011
1986
2493
3129
6291
4125
3312
14742
2463
35646
93813
62673
49050
9270
2145
4416
2139
26577
4008
3297
3789
4095
4389
14061
1551
3402
4524
2139
68079
165501
3630
2829
5412
50700
3327
2649
39819
113415
183537
1653
120036
113619
79464
3333
1860
10341
3876
26787
2049
1233
1185
2640
20649
35781
1719
114186
58374
9267
2532
170556
2349
1944
2292
43593
2670
73629
1479
23364
23034
3645
2187
5772
2754
69693
84324
1482
3546
1056
4380
57741
1944
3462
3054
3654
47745
2826
2520
1293
37146
2637
11217
3621
35148
2103
6906
3606
918
5178
2250
225708
133746
3414
164235
37326
103449
45339
1590
1329
2610
2175
3087
85713
13101
32151
31398
1980
81132
1551
64521
176877
2982
112503
1932
9348
3354
188856
3105
206397
75930
1245
29625
2259
214029
1746
8538
2592
2151
1638
3006
3498
1206
2628
2136
6324
89076
111066
1950
94302
1596
36447
57087
67998
7221
118485
38052
2505
86964
2019
31464
6192
1836
1833
1839
19110
22599
1167
897
864
1104
2058
1680
816
1542
19992
1272
1491
50184
118584
1533
23622
2193
1293
281463
3054
2394
3111
2319
2457
1032
31545
1218
753
1443
61380
2388
2790
2970
1503
1164
1170
1446
107646
1350
1494
13683
1908
46092
2658
3660
1452
91371
3387
1782
927
1098
735
1902
2748
966
1239
231
1386
2271
2184
19992
1563
1443
2694
13590
1989
1170
900
1428
2664
1545
2712
1542
1686
1968
1017
903
1941
1314
2538
1026
1410
2694
1083
3102
2013
1428
807
1677
1734
1623
960
1740
1725
66330
1257
1053
1233
1722
1029
1290
2322
1194
1356
1485
1554
106140
98598
1329
2109
246
1971
1959
1620
1623
2241
8946
3090
65751
1680
2340
870
1392
1638
1305
1425
960
3585
1377
44937
1776
3279
2277
3330
2394
2001
4149
7122
1626
15153
1587
1689
2079
1767
1032
87582
40416
2496
138348
1506
939
2517
55119
1302
1131
2727
1233
29802
3153
1068
4077
2019
63084
1605
2853
1242
1020
1335
21687
3435
2616
1026
57423
140634
1215
1872
17007
1476
990
1152
25659
2811
834
1206
1722
1089
227427
1758
5508
1455
1668
1938
87465
46311
972
3051
1926
1860
1413
1656
73887
762
58446
2055
1827
1626
1491
672
1080
1335
2172
1305
27399
1464
1137
3168
1515
1050
1596
1797
2325
1125
2124
2658
2355
2244
1254
1569
2073
2127
510
82356
1362
2499
1155
127581
47322
1938
54927
1908
816
36309
2217
1611
76353
2259
1554
1890
1767
1737
2310
1308
975
2019
1569
1731
306
1998
1374
1266
2187
1611
1161
1860
1794
165039
717
72609
918
2319
1710
2778
13494
2415
4089
2223
2022
1344
1371
4356
2187
1296
33630
963
1488
2220
2703
22677
56886
1326
5580
2649
1083
10968
1035
1332
2070
35538
1047
2793
3018
1158
3102
1362
1245
1335
1626
978
1353
987
1626
30192
1623
1692
1056
1188
2628
8475
2298
1410
2079
1938
1029
984
1323
2412
1518
113364
1914
30309
3072
1098
1113
1272
1584
1038
1509
23310
1788
43491
1617
36492
1545
2340
1782
2745
22917
149208
1524
1920
90069
25224
654
1239
2097
2058
2340
2589
828
3075
303
1704
2667
1734
3069
69822
3021
1083
53301
29001
2643
19320
2022
1560
1059
55977
1221
1041
1596
1251
2835
24399
18039
2787
825
2001
2328
2076
1374
1626
954
196542
21417
18045
2094
6285
2256
2028
993
2808
4200
1815
2112
1350
2832
1740
13641
2085
945
1203
2577
2274
22452
2352
9966
1815
1614
3090
1104
29937
2922
1662
23619
1755
2241
113919
1572
1092
1548
1899
2676
1086
348
1281
1863
2562
1782
1707
1404
1860
1170
56028
1593
3186
2154
6129
1110
64374
522
1638
927
2466
2973
93108
735
2580
1488
1095
3186
1398
71592
1821
3642
1863
2214
1485
1482
3303
1869
1794
372
78096
1608
2100
1416
1104
2733
1176
1086
3399
1593
1374
1872
2064
2388
8520
1224
86946
3294
1962
2712
957
49764
2847
2370
2379
4515
1506
3039
2406
153180
146883
2502
3417
1503
4587
1278
1599
1824
1359
1101
312
279
4869
37434
1788
2943
1947
1182
2907
1506
483
1197
3495
3078
1293
1986
1104
1419
1944
2538
3213
1113
1671
2112
1722
1161
1110
1392
1914
1293
1113
1587
1323
933
2154
1356
2685
2019
16824
1551
1026
1164
1410
1317
2352
1755
1548
1833
1887
2061
1020
1854
1560
25227
101553
1707
141801
59763
1323
189168
93585
1305
2358
1914
31455
164250
29175
2088
2142
2169
1671
1179
1866
2229
1098
1302
2364
6696
1767
1281
2004
2646
105372
1002
1497
1371
1905
2109
6924
23355
1113
1692
1761
2811
1311
1326
96426
825
1332
1368
993
1248
1332
2382
2283
10584
1542
1368
2424
225
1284
1512
1857
2592
1041
1449
2568
714
972
4692
1902
738
921
1764
1941
339
1875
1338
1488
2304
2436
2475
3642
2640
1200
3444
1545
2028
3075
2091
1788
1782
140235
1062
1935
29751
3579
101079
1080
981
38124
2682
1797
2055
1797
183429
1704
2562
93819
2121
2115
1140
2865
1068
234198
2553
2217
1464
1890
858
2682
67497
1572
1275
1188
1569
537
1482
810
3030
1869
13530
1704
2040
2760
1461
915
1707
1548
927
1500
891
2049
1284
2298
78345
2208
1437
1671
1374
1761
1683
2475
1677
837
1116
1005
1941
735
1542
2541
1146
2061
24324
717
1311
4689
954
1572
1587
1638
1779
1290
1248
1221
1509
3303
1098
1077
2022
27075
1053
951
2562
2214
1419
73665
214671
1128
1182
1884
1941
25389
59145
1719
77442
1869
1422
87732
2250
1836
2211
771
1698
76146
2199
2826
2334
2475
1227
238482
2148
2391
957
1047
1491
1176
32007
18300
1335
4137
1968
1935
2742
789
1947
44160
2016
1149
1038
4047
26736
1617
921
1071
2109
855
24612
1929
2127
780
858
2025
3765
1533
1881
762
2124
38580
2496
837
867
768
1017
1623
2268
1023
1026
1641
76122
2025
2358
2148
6096
861
1668
3018
1017
1878
1908
714
1539
1278
1653
1896
3594
1440
1200
2085
91128
1266
1326
3381
105543
1089
1485
1158
1281
3666
1371
2310
2037
1962
1035
2046
1341
2721
1026
54960
1314
2262
1134
1782
2763
1185
1425
2079
2529
1785
2469
12198
2226
1182
1560
3678
1320
2184
1536
80955
1266
2907
1014
2490
166977
1506
38169
1467
1980
1986
2790
1047
1920
2415
2520
1389
1599
2178
1563
837
966
1428
1344
43110
1368
60336
2079
1395
5124
1575
1326
1017
11547
1119
2586
2241
1482
1341
954
1938
1914
1104
1191
88410
1395
1062
1008
2262
1575
1374
1212
1452
1383
1839
3078
1146
1050
2091
2118
1827
2382
1758
315
79248
1680
97125
2508
2010
1011
4521
2385
14562
1146
2358
146124
1428
2619
234
1167
6858
190320
1149
2844
1596
771
1590
1503
1386
1212
1812
2436
1464
1269
3540
3609
1275
1464
1911
47874
63495
2013
2079
2958
1713
23133
3048
1368
5322
1809
1389
1623
1407
1110
330
1740
42549
1152
8679
3102
2040
1791
54870
1188
1248
2916
1356
1695
1533
3798
2142
1758
3228
1497
1935
2229
1146
1563
263076
1062
1485
1317
3528
22395
2130
1911
39741
71514
1056
2115
42243
1677
1392
2430
1845
1875
1089
873
49518
966
1539
1272
1029
163500
987
1350
80025
1206
2199
1965
1581
1185
3273
948
1218
2148
1797
1497
1290
2559
1527
1494
1023
2181
1344
981
1665
1572
759
780
1737
2478
1245
1638
1353
813
876
1095
3135
756
2166
134166
9315
1314
1584
1482
1278
1695
1698
2067
1296
732
3105
2526
2706
1389
2256
1212
1059
2868
1605
240
1290
62568
846
93057
783
1029
1470
47400
3756
95379
2004
1455
1947
1038
2574
1590
2646
2829
1602
2169
1680
1701
1353
1230
1362
1494
1788
1278
1035
2055
969
843
1773
183213
1761
876
1986
6465
2082
978
87897
89805
1137
870
12468
1254
1506
1512
1596
1260
1773
1377
1812
163731
1284
1293
1266
1074
1290
1593
966
1605
23331
1029
1581
2451
777
1182
957
1713
1305
1164
38916
1554
963
21957
2025
1044
3054
882
1188
22095
1995
1656
1665
258
1536
92481
75438
89838
1779
1644
87933
2208
52485
1179
2091
783
1881
1389
10860
891
1509
1602
2100
1368
133032
3465
1161
3207
3399
2001
27285
2325
42999
1470
1557
1242
50766
10788
2565
1794
1221
1170
1026
1326
1743
135534
1338
2460
105450
1818
3012
1389
8472
2100
1272
2694
1692
4983
1407
366
1710
2067
1572
1023
2235
1101
2949
1134
2010
1209
210
1149
8181
1605
21021
1737
1830
1959
2238
3660
2019
1857
51939
789
8502
2613
1191
1794
1455
5469
5535
1932
936
1320
1824
1143
1329
1455
1050
1266
1302
2016
1530
2880
3186
3042
1173
2274
1821
1683
1911
53229
3666
2103
2868
2763
1386
2499
1512
1857
2244
1023
1107
837
2805
2130
840
1197
102888
1053
2922
1185
1230
1497
1680
1356
1434
6870
2220
48150
1380
1806
2196
2004
1236
999
855
1263
37398
39159
1092
1224
63489
141570
1275
3213
14214
14964
2130
3312
2466
1722
1065
1293
831
834
1536
1380
1248
2421
1977
1824
1785
3345
1647
807
1236
1626
40476
762
1191
2136
1914
1320
1584
1326
1770
2631
1113
1248
300
2133
1029
11988
1107
2907
957
2718
1896
1533
1119
1935
88416
2067
1161
1866
3729
855
1392
1101
2610
1899
2271
27921
2181
1341
978
1698
1968
2031
1632
1263
1833
7320
1314
2589
3066
1491
1209
2199
1914
1695
1098
1758
891
2595
1977
933
2025
1365
1215
1635
1047
2322
1404
1500
1812
1260
1194
939
1458
1569
1086
1050
1047
1440
1590
9450
1743
1431
2130
1584
1599
1743
1800
9651
1509
1395
212091
1602
879
2631
1182
1263
186
1695
16179
900
1737
1497
1614
1644
1311
36744
747
1305
1326
2022
52638
23226
1512
2340
1260
28296
2115
513684
1314
1965
2157
2412
1095
1401
1539
16566
1452
1239
909
1218
1353
2607
1539
11493
1179
1296
1533
1902
1290
32289
1866
23637
1167
1014
888
1386
855
1320
2820
1557
855
68820
1599
1284
10857
2652
1140
1014
1188
2748
2652
4212
5235
1887
1044
2586
1170
2109
1380
1905
2943
144915
2151
1455
1932
2562
1674
1803
1701
267
7431
1320
1404
1305
1641
1167
2757
1233
87348
3498
18168
1362
3537
1821
1851
1347
2529
31437
2439
942
1797
1875
1053
1263
1512
1941
1911
1239
2196
1101
1716
1728
237
1443
2166
882
1860
1794
1353
1689
1422
2673
1533
1146
3222
11280
2223
5133
1341
2832
1482
708
1689
1770
711
1908
1530
1479
1983
3402
2178
1260
1227
3807
2256
16299
2022
2157
1113
1035
1596
53313
1371
1449
1971
1698
873
41583
1674
1473
2103
111888
426
834
1362
2562
804
8298
58401
1674
1845
2445
2508
1656
1365
2607
2406
1437
3219
33969
1287
1851
1248
1326
1362
1692
1143
1236
231
19287
81489
2175
2457
1872
34749
1368
113076
44355
2325
2172
1383
3237
966
1386
1056
1542
3546
2055
37533
1209
2376
33294
2916
87246
7869
1542
798
2394
1605
4434
2136
1884
1926
2754
2223
852
1149
1995
1638
1146
47598
34365
2565
1500
327
4785
198
939
1260
1176
2742
1251
2193
1680
1290
1728
1842
19356
726
1725
2532
1398
885
75102
48822
1230
1167
4140
1959
1749
1218
239379
2739
2118
1311
1173
1356
158298
1128
51690
2361
936
3081
1398
148821
1053
1206
33777
906
720
78879
2148
1461
1182
1092
2247
1482
492
909
1722
1155
1986
1383
1374
1062
1899
1680
2265
1566
1674
1152
1566
47481
2766
1401
912
1398
1095
111921
1413
1941
3090
76149
1374
1212
975
1620
1794
1320
1614
64317
81423
1611
1203
1731
1092
3183
528
1203
5262
1299
38652
1707
2085
1749
2901
1617
1596
1869
3594
1662
1071
3645
1305
14868
33630
1350
972
1710
3879
3588
861
1617
1197
1962
1185
143343
2526
2718
888
858
1926
1884
3108
2643
48129
2334
1284
1575
1743
1191
1410
1731
1305
933
1554
182583
1623
1248
1254
1677
1392
13977
1662
1065
1617
1578
1233
26967
2886
1992
1260
1617
1587
696
1434
1158
3039
453
1254
1323
1377
2421
1521
1650
137010
1092
1032
915
30282
2571
1920
26355
2454
2634
67731
1554
1077
1311
1554
2352
102957
1446
1389
2100
1773
1704
56262
2289
1560
89409
126834
237141
2403
2079
1608
789
540
1473
2397
1323
1275
10461
1047
909
1023
2508
2466
2211
1332
28254
9141
903
975
1665
1245
2415
1020
1290
1158
1296
3627
14241
1092
1230
1266
1239
2814
783
1482
1464
13671
1971
945
1989
1422
705
2742
2109
2475
1515
2376
1890
825
15042
2622
13761
1089
2214
240
1536
2124
3234
1281
960
843
2370
81549
1968
1305
4200
2256
996
1590
2313
1569
1944
1578
1536
1734
1992
2205
819
1443
1209
1281
1290
1824
2643
1959
858
6213
2277
981
327
1767
1701
876
1248
2160
1008
1440
2517
1578
1083
2145
462
2136
1368
49008
1383
1017
1641
1830
98127
1452
2016
1272
64302
849
3165
3927
1422
1329
822
1716
1491
62202
1677
2541
4242
1155
1176
1578
1146
696
1764
2739
1557
1272
2007
768
1653
1728
2919
1800
2805
1020
1494
1413
1008
18237
2049
4143
1311
834
714
2019
1278
22281
2127
3516
55776
921
1752
1668
1056
1374
233547
64683
82449
1368
17628
1485
858
7995
711
2028
1077
987
996
2427
4122
33654
801
1572
1590
2688
2001
1428
2028
1956
6636
1653
1893
1788
1539
987
1551
57327
1686
16653
1638
1200
1965
3252
969
70887
1395
72588
1224
3681
2427
1092
1167
53385
1479
1200
2781
948
828
47634
1935
1068
2274
1713
16218
1965
1917
3153
855
2058
2232
1080
1833
2682
1698
30390
2463
2220
2607
2547
1794
2229
2148
3750
1974
1269
1431
1671
2109
984
1440
3126
3441
3150
2094
45468
1188
1704
1383
3588
1389
2112
1545
1968
2208
1479
177558
1392
26088
1224
1521
2415
882
1320
1938
1200
21459
46260
1683
507
2289
1059
2337
1767
1416
2124
189
2205
2187
2433
1026
1404
2310
1272
1614
3162
200394
1416
1860
2223
1860
1482
1140
1245
2328
4332
1587
1233
924
1398
25953
744
148134
1917
828
2604
1788
1197
42969
1653
2112
110550
2124
1365
1530
1770
2940
201
969
1785
65256
3021
1011
873
1143
1956
3381
1854
1689
2064
1839
1962
1692
1764
1080
1965
3651
1212
2724
1653
2310
1308
897
1377
1125
1824
27159
915
1542
1773
1050
1311
1575
1059
1596
1266
1176
2187
1656
2889
1272
2145
1677
1482
1218
1125
41787
972
1962
2070
96798
1710
1950
2238
80616
1437
2214
2457
1281
112029
696
1473
1617
3801
1788
1155
2742
1440
184299
1329
1914
23157
1308
1194
149520
1314
1344
3717
2100
1272
555
3171
855
2046
11274
1725
1107
1188
1566
1188
1317
2889
2070
1290
1617
2136
1152
1833
1347
4263
126780
1017
1515
210
1089
714
1611
1182
882
1305
1497
1125
2925
960
1698
1092
1518
50769
1770
1593
1665
1428
2343
2802
2133
2535
1431
1092
1860
1428
1449
1956
1419
357
1230
2031
2649
1737
1644
1911
2229
2940
771
1986
35232
1179
3012
1971
2976
1125
12924
1191
1527
1272
1128
1227
993
3396
46911
3312
1746
1848
1932
2253
73968
933
1446
1386
1326
987
1188
1926
6648
1362
1536
1005
1308
708
27846
136278
6036
942
4161
38139
1383
1209
1344
1176
2679
1734
1500
1548
3558
1548
21549
1755
1377
3489
1662
1200
130299
1482
2130
1287
1656
1287
969
1095
2091
843
1356
1353
2541
2352
1680
2457
1113
1458
1410
1374
2901
858
1635
2916
3795
2859
942
1947
57117
29280
1248
1683
1116
921
1179
1689
2130
1026
1194
56682
1899
1326
1875
14886
1185
1293
24021
1854
1620
2268
246
1785
2055
3138
1284
14055
1137
3195
44232
41808
2031
1518
33384
2541
65730
2610
219
1035
1320
1851
3444
1074
1938
1080
1521
2415
1071
2493
891
1545
24723
1392
3270
696
1995
1191
987
3039
1422
927
1185
1551
1296
987
1407
2739
939
1164
1530
1245
44844
2808
2148
1371
1089
1917
1473
879
1695
2793
1791
1764
858
2025
1518
1047
1056
2586
1533
993
40119
1347
960
2193
1788
50934
2301
1611
1164
1050
1392
4227
1707
11598
903
1425
2433
2829
50061
777
1866
1677
1752
20391
3537
1077
1386
179910
2067
1497
4290
2091
1071
1185
2214
2457
1326
29334
2307
17628
2451
1440
1248
1248
1491
20070
504
141756
1218
8313
1542
1176
1428
1230
291
2175
34359
1203
1752
1161
1200
1311
1485
1725
1218
1416
2484
411
2385
147765
1410
106041
1200
1218
750
1641
1425
1815
1182
75306
1581
1035
53493
20370
2316
149568
1491
2382
735
5727
1206
2253
1086
2358
1431
62826
1101
1380
1419
3168
12654
11877
1344
1725
1152
1113
2079
69837
1554
2214
1155
2394
1200
792
77199
1467
921
1332
1335
1596
2256
122814
108375
85122
2397
3300
1119
1692
1290
1248
2292
1947
1485
1008
885
1473
1062
5334
1539
7554
1755
1737
3456
2124
1479
1095
1680
2622
1701
2055
1149
2037
774
954
2094
858
1287
174846
2109
2505
2163
2865
2076
11637
3366
2286
1062
1269
1086
1680
1221
34638
56799
1149
2298
1044
2409
1815
1452
2037
903
1110
1131
4554
1650
11841
1557
1434
1755
1485
1605
2181
993
3612
2226
1476
2028
9240
957
1329
972
1620
1626
18516
2616
1158
1407
2661
2055
4368
2091
1161
2547
74646
483
2121
2628
1029
67869
11673
1563
1302
1509
1047
1491
185370
57909
3177
42147
2601
3477
199416
1467
1605
1317
330
1020
2355
1713
1464
3420
1050
43647
2223
249
7746
1110
3594
1110
1545
38217
978
71076
1794
1329
2427
756
1122
957
1749
1509
1146
2148
474
13710
1551
1551
1179
1575
2529
1005
1518
22833
951
975
1575
2013
1695
1395
4053
2268
1785
156945
32100
2694
1662
996
1104
1425
1206
1515
18054
1581
2895
1383
3600
1467
1173
3267
62733
1002
1503
1950
1107
1389
1017
1002
1473
465
2511
1365
2052
2505
1683
912
1242
23238
1689
34917
1308
2106
1023
1428
1773
1470
1410
1380
1644
1818
5784
1473
1611
3240
1617
2028
1923
1800
1281
106335
1857
1659
816
1458
1149
1545
1566
1482
20046
2244
1731
1578
1884
1338
942
1533
771
2400
1155
1557
1785
1596
1677
121821
2832
21087
1407
20310
2034
2391
10497
1815
1797
2061
2559
1089
1188
2799
80028
5067
63648
1296
1611
2175
2022
2511
921
1605
3315
1998
10353
1668
1971
1638
2322
4542
1935
37881
1806
1785
2892
369
75327
1128
1662
1212
1716
963
7764
1407
2001
1944
948
1365
3909
2640
1755
1179
1677
1308
2733
1473
1053
36081
1173
2310
1071
1767
3312
74121
2373
2478
2391
180
2169
2727
1815
31458
1086
2085
2541
56970
2157
1974
2232
2073
42690
1332
1401
762
12156
87759
1107
1377
1029
2172
57381
2214
1092
954
31782
9390
744
2013
1935
1272
45453
1089
1539
2160
1617
2025
3264
1998
3528
1722
1785
1851
1638
12582
2139
268296
1329
3435
1521
1458
1848
1662
855
1371
2091
1674
2634
1533
1629
1902
1467
2913
1137
1770
2253
1146
1446
2163
1719
44991
17124
1953
1035
1662
1386
124578
1368
1674
1164
1371
1287
1713
1551
1329
933
4500
1236
3342
2088
1518
2031
1413
1425
