70f:0:0:0:0:0:0:0:0:0:0:0:0:0:0:0: (total 7)
0 1 2 Thread 0 going to cpu 0
Thread 1 going to cpu 1
going to barrier (cpu 0)
going to barrier (cpu 1)
3 Thread 2 going to cpu 2
8 Thread 3 going to cpu 3
going to barrier (cpu 2)
going to barrier (cpu 3)
9 Thread 4 going to cpu 8
going to barrier (cpu 8)
10 Thread 5 going to cpu 9
going to barrier (cpu 9)
Thread 6 going to cpu 10

cpu 7 cur 7
going to barrier (cpu 10)
STARTING...
STOPPING...
Duration      : 10000 (ms)
Acquisitions  : 19160501
73716
882
843
1071
1191
696
711
1443
1392
20196
990
10335
1587
3663
957
762
80613
2079
1464
1203
2634
3330
1761
1812
699
8685
2382
1146
1665
1833
1893
2496
2163
1821
1119
1485
2091
1782
2487
48120
1110
312
1179
231
2271
1320
1842
1272
29832
17859
762
26469
1362
2577
2685
1776
1092
34203
945
1032
2952
1764
1524
1311
870
234
1476
2679
1458
2514
1026
882
2271
228
891
20706
3468
1701
1095
147432
1434
1764
1533
2271
1152
1455
3192
873
7335
1893
1260
2415
930
1272
1596
2733
4392
51324
1377
1668
2025
2574
1017
876
2409
1017
14556
1260
2106
945
924
19467
2433
1152
951
2985
1119
3018
4170
1356
2046
3108
732
20445
792
918
1821
708
5373
777
2262
2607
1290
1698
2853
1227
684
1107
1119
1755
1035
17364
1776
1113
2112
1749
1548
14370
756
804
1407
1284
11100
1017
1824
1272
339
4725
22263
1032
2343
804
894
2472
23394
2253
1272
2028
1158
2175
1059
873
1581
2094
1611
1458
1212
82854
1683
1776
2202
954
1929
1848
1107
3897
885
312
1269
897
954
2268
16392
1947
1911
1716
2586
1365
885
795
1449
2700
786
3204
1230
843
1956
1608
1020
783
51675
879
128802
53724
894
27216
2163
1947
1725
3369
1302
18798
993
1875
1920
1410
53238
38436
22323
56043
2013
2940
1368
1371
2745
1206
1665
37215
1761
1239
1149
2181
3603
2346
3255
2520
1686
507
1215
1380
2580
1053
1797
5712
1158
1224
71259
1326
1383
1413
930
2289
1371
1983
1785
1371
1704
1533
41760
1794
1071
1347
1494
1623
1026
861
804
861
112110
762
2841
1017
996
1449
1008
789
23271
1461
852
2028
1329
879
3642
1515
2142
1101
1689
1125
1287
768
1365
867
1191
1059
1371
1095
795
2490
1584
34425
1674
495
1647
31176
930
1233
1230
1116
1671
1227
942
1398
1224
1536
399
1095
879
26655
1188
1485
1644
9702
1089
3189
1350
1914
2517
1095
1659
297
1011
50346
1032
1446
2265
1431
1695
1128
909
834
4188
1125
1293
1056
4215
1194
1854
1110
1527
1743
146514
1020
969
84327
1044
1503
1197
1539
876
1005
1431
2115
930
1608
1005
1341
1170
1104
5982
264
1446
990
2121
975
10197
1401
1416
1197
2277
237
852
861
2832
1185
1521
951
1566
288
1209
1071
1233
1533
1692
1272
3540
1629
12699
1743
1215
861
1524
1359
2157
1152
1497
3750
780
1395
312
921
933
1122
2190
696
834
2262
774
1872
1140
2529
741
810
2034
3564
1866
10098
2667
1077
1512
693
1596
867
33531
1551
1602
29226
3114
1260
1041
1488
1014
2745
2004
15939
987
7830
846
3834
1338
732
969
1107
864
2499
1599
2502
1110
31716
867
2091
975
27612
1416
1053
315
2355
1218
1809
1023
1599
2343
25065
2040
1032
42210
1770
945
879
1344
1296
121710
1815
1947
2325
2013
1098
858
852
34152
15114
24741
82782
1545
2364
2043
1098
1320
1857
12474
1020
927
510
1677
198
1116
468
1431
1524
1269
2166
23856
42264
2754
8919
1260
2556
1614
72435
1272
1062
1137
1551
118911
1197
31140
1428
684
2268
172398
879
1047
507
1251
1206
1773
1671
1158
1803
1521
1293
2169
1269
23145
2427
1188
1674
1011
1251
1053
1794
2781
13626
3000
1440
183
1098
1014
1197
1116
228
1176
1431
2547
759
1461
1152
765
1113
1266
33888
906
1185
1032
912
1251
942
1791
1257
1518
3939
2613
960
3540
1473
9549
783
1755
2961
489
801
855
858
2715
1431
1356
1374
21372
27030
2484
39747
1308
1350
6882
1815
88014
771
1698
798
1392
1614
1224
43659
1194
1776
12633
1164
1119
2541
3168
1824
1113
1590
1107
1455
849
1680
2178
2670
2166
3444
1677
1272
1599
6093
1293
699
1218
873
2115
47097
1194
846
1695
1161
2397
2928
24009
939
3450
1779
2193
1092
15090
2349
36786
2487
1701
1101
1908
1110
1170
34497
1008
1020
1731
951
2004
3753
20508
846
867
2955
4047
1869
435
888
111756
816
1578
1617
2187
14748
780
855
1713
1119
1107
186
2427
1044
3699
35067
42681
2214
3150
3204
1383
1092
1278
927
768
1023
312
1254
873
1443
1653
1116
1380
1611
1101
1740
26997
29067
45705
1344
81165
1032
1296
963
1629
2124
10911
1128
1989
1458
2067
3663
975
28788
1176
816
1185
1380
960
981
909
1344
5553
1041
1101
117021
1275
264
45822
54870
7938
1221
1374
1911
2394
1332
3456
3720
1260
1731
1854
1884
213
759
1185
1686
21030
1110
64095
17199
1185
1014
801
88401
963
1095
1356
963
3291
1722
1839
1209
1344
2085
1119
960
18027
2184
948
1299
993
1275
5820
1731
1977
1986
1266
1362
51918
831
1287
4503
1119
9186
1812
2424
1407
1596
948
993
558
753
1578
1020
1350
900
930
204
921
16536
954
1137
3387
942
765
846
1890
237
1917
918
1482
108984
492
1248
867
1128
705
729
936
2097
1932
10389
1122
1530
408
1677
1944
1422
2163
1014
1143
1263
44526
1125
939
1134
945
1359
2343
1710
918
1986
810
154335
1056
2187
1089
9360
3204
2973
900
15108
996
3429
1560
51600
1041
225
1521
1926
2022
780
1092
1257
1614
957
1197
1596
1968
870
1131
858
1449
795
1734
2601
1287
291
2295
2730
1665
2181
1128
1422
2697
46482
1908
1515
1437
1374
1041
1110
1797
1776
1653
68121
1791
236931
966
2427
1002
1263
17634
2232
1185
1101
89319
3282
1830
1110
849
1896
942
1926
1185
1314
348
2322
957
489
1536
1200
2118
1200
47070
780
10287
879
1941
1188
1872
1266
47079
1017
3690
795
1527
1044
3117
1470
960
2355
1590
15975
1944
1506
1335
771
39720
1365
858
2667
1644
1194
1017
16377
4107
19308
1308
858
1575
957
1011
1299
1113
3009
4488
49470
1308
9579
1422
843
798
873
1281
318
1632
1686
822
1926
1212
1176
354
2316
1170
1122
909
1038
42855
13704
2355
783
11463
1206
2511
1998
747
1506
786
1665
1839
95481
1848
2778
1059
786
1044
981
1887
1101
1179
1128
189
1965
24363
4008
1062
1032
1305
2838
786
1824
1365
5211
1839
1182
1206
849
2103
2301
873
1725
1293
1977
1665
1038
2046
1674
2187
21165
2157
960
2403
1038
2682
1275
858
798
1113
1038
1278
735
1149
3669
960
1872
1764
2169
18810
2394
3102
17496
47745
957
420
1287
1728
2055
2250
1167
1881
1635
54528
1605
960
1761
2742
927
1173
3216
3693
1386
1440
1134
942
2280
1806
10860
207561
2031
972
2001
3861
7158
3570
2490
1077
1770
699
318
24924
2082
2055
903
1188
1041
288
2676
1536
975
14151
10596
1353
2019
30972
1851
1638
1797
2124
477
1767
1752
1413
1665
4746
936
1602
1059
861
2652
951
1293
399
1284
3066
1545
795
1275
2316
855
1974
1215
5430
1935
762
2361
2055
1374
1101
3315
2232
1623
1398
786
234
2508
7920
1062
2184
1296
1599
1191
1266
975
4698
675
1335
2394
309
870
2277
1887
984
1878
9639
1110
780
837
834
4320
861
1227
1437
1581
2751
2184
861
1767
774
35673
849
327
1680
1935
1599
2016
14583
1881
40920
864
1470
2088
897
8058
2421
867
5076
2112
1320
2763
54753
11652
966
489
2988
1188
789
4029
2016
1083
312
13374
21003
1509
954
6933
858
1173
870
933
1302
1203
1143
2997
32250
1758
22533
897
1923
1047
26649
85854
1104
1017
966
321
2868
714
1434
1278
3585
7668
1938
2490
870
2766
2088
73839
1440
1683
1008
32565
2175
5721
14052
1263
1023
1398
1251
3501
15084
1542
2643
1515
1113
1155
1875
234
1821
2310
1614
1440
1041
1410
1446
984
2169
2976
23937
1203
1680
873
1644
12780
17082
4029
2031
312
1923
4050
1335
1287
29760
780
2019
1650
1335
1203
1407
1353
1011
34614
1659
309
1893
44229
1416
960
1485
2178
402
2409
2550
1188
3159
1347
1032
2490
4434
717
92214
20568
1122
1779
1347
2250
1467
327
1596
1599
1746
46518
1674
2139
1605
22239
1323
1626
2013
948
795
1686
2043
1548
5877
3720
79650
2301
18483
2139
1368
60168
1467
228
1857
1122
777
1446
1110
288
1014
2106
1263
1122
885
858
2694
1146
789
2355
231
28431
969
1092
1686
1179
2709
1191
17028
1185
924
1542
1335
1419
144747
26079
240
28329
1743
1632
2613
1392
984
1050
1722
2769
28359
1449
1302
1533
981
891
228
966
2901
954
2757
31965
1842
5562
113583
37599
2853
9906
1350
1218
2091
7068
798
1311
62148
37485
2166
5661
1455
1578
840
996
1053
2472
1131
1428
1239
2097
1221
1410
213
23304
903
1881
1170
2310
1116
1491
1443
3933
1140
17094
1716
1311
25167
2367
1449
891
1080
2493
423
2817
840
996
1032
960
11100
1935
1854
2670
741
43692
1347
897
927
1806
2589
18234
1689
71097
2067
1761
1677
1584
2421
324
876
897
1887
1083
1419
1047
1443
69549
780
1758
954
1398
1860
1260
276
1899
897
21123
1479
1239
1479
1116
1248
1584
28146
1038
1245
1824
1368
327
1683
1563
894
1254
1389
1554
1440
1062
1683
1101
1035
900
885
1752
1122
21507
1161
309
30714
987
2367
1059
1698
942
942
780
1338
1377
1683
2385
2907
2157
32898
1293
315
1014
1356
1866
18723
1908
111150
924
309
1137
978
49599
1920
1617
360
951
1014
2160
972
1038
2448
1017
1026
822
67776
1596
1293
1527
981
1116
2508
1746
324
762
46890
2742
1866
804
3093
1815
2103
939
243
1437
894
2229
2649
873
921
3717
837
7944
1344
1224
3546
1584
2115
2019
1245
3048
12864
315
879
777
49770
1164
1425
2616
43404
2721
1431
804
957
4119
828
942
1374
1410
237
2571
807
969
1062
1338
3813
3192
50631
2877
2214
54891
66717
1200
19077
960
309
2187
2724
3180
2157
1413
3156
1830
1248
58797
1422
1008
2160
1026
66285
1857
11301
76887
1002
1275
1692
1611
2985
948
17931
29724
1110
1395
51156
2688
2829
882
2730
804
234
3306
1938
2403
1200
231
1602
37659
1461
33573
861
795
1116
795
1248
1434
5772
2325
288
843
1764
2151
12276
1050
1428
1083
2838
1926
1428
1449
1158
939
1488
1389
1032
4077
1275
1551
2595
3354
5541
1923
20994
1584
273
1377
306
49551
1434
1437
2007
1341
1941
1896
3282
1431
92052
1890
3630
2340
1023
1134
1164
885
2454
2481
1515
2736
324
897
321
1065
24198
12885
981
4044
3249
1743
2169
1140
5256
2499
957
810
942
864
1473
3276
26673
1014
1290
915
2976
1773
936
2529
1443
1287
1893
1125
825
402
7191
2118
1917
32322
93612
1050
1281
954
1263
1866
2571
876
4245
906
1707
2331
183
2016
1287
1776
1773
1413
876
351
1662
3639
1278
4884
309
1497
1128
693
864
1248
29907
1026
1458
1353
1830
1524
1191
933
1599
1347
82995
951
2529
1635
1275
1560
3099
1518
1041
939
984
93822
1524
1569
1353
3054
1140
948
1209
1728
1125
1377
6909
1188
1611
1593
3207
2055
6387
2469
234
852
1182
44892
1959
1554
1818
699
1845
1353
315
1359
1335
180
1746
891
231
1014
1197
1152
2388
1635
1146
1167
2022
1305
1053
33087
1902
384
2286
14751
1512
2880
1044
894
1353
1338
1848
1551
7836
3129
69819
59877
1998
1248
2244
1362
729
1113
1713
2412
906
984
38769
2337
3162
2172
9237
1176
1854
1392
801
1029
1275
16635
1020
957
2355
2487
963
18474
951
1176
15411
1695
1038
402
1113
1020
3915
315
996
36045
1533
1044
807
5106
1509
2844
1005
984
1983
870
1041
1542
1989
1323
717
2697
1884
1776
1773
1353
1539
1368
1935
462
978
2418
1131
1950
1962
2802
747
1107
1044
2586
1947
306
786
2577
113040
2727
2184
1296
966
54480
1356
1002
1947
5706
1587
23031
2679
1374
855
2826
1566
1638
2655
1095
963
1008
873
1977
1113
954
6252
1191
1281
792
1185
1146
2013
1677
1839
64326
234
3153
2019
1383
1359
37959
2508
3537
57891
1032
1440
1617
1314
26244
2031
1185
1293
1665
1461
1035
1869
936
5538
879
58431
1014
1503
174
1755
16575
978
1959
951
1350
1875
756
4404
2298
52086
1188
1794
3681
4437
1305
24960
1383
1155
6183
37728
70839
873
1122
1203
1851
939
885
2022
1047
1212
1686
1287
2178
1890
2034
696
1809
1242
1695
58041
711
852
2361
1785
948
741
20949
1278
51513
2340
3045
1308
1854
924
56109
1998
828
1104
2304
1488
14148
98025
2469
1266
1515
1296
26091
3909
1194
1860
1425
789
1509
2304
1008
1854
1257
2436
843
828
1191
5673
234
2025
1365
1134
1488
183
834
2691
900
2307
1032
58464
26724
852
780
837
1023
849
1461
3441
1125
1782
61986
1209
1311
1212
1053
1041
1830
1041
2919
1800
1260
1182
1443
318
1848
2139
1443
1527
3417
1281
1203
2496
1365
864
1203
1959
37863
1647
1200
1059
18012
1866
1686
1038
1899
948
1116
849
729
756
1611
1539
1527
2286
963
20274
41790
1023
1389
882
1017
1422
876
3558
73695
1836
1122
1263
708
1461
870
45447
915
789
867
234
2217
1035
783
1461
9009
1395
1902
1431
2358
957
9336
771
2403
18123
43113
1644
885
2502
2205
5058
1260
711
936
714
237
1458
1122
1548
2187
1812
1050
1335
948
1221
1101
234
870
16533
17742
1791
774
3390
9330
2292
1107
1467
264
1107
2604
1620
1614
2106
1866
1737
2868
744
843
2169
1266
1623
864
1353
2361
1716
69186
1020
17163
1287
65214
3678
1365
936
1191
1290
1119
4902
948
1512
10896
846
807
1719
2601
7932
924
786
3015
1611
52854
59328
1290
45450
1413
963
1533
35355
759
2799
1779
3108
1032
1029
52302
885
777
1248
1284
1620
1374
1185
1968
6321
2469
1284
1080
2541
12651
1044
1224
23340
41577
1011
1266
3354
1404
4137
1218
1788
1524
1746
30336
936
56646
669
399
33438
1125
1695
1209
1014
19674
1722
1467
1029
327
2292
2661
1299
1377
909
1026
1923
177
21360
780
1779
1287
1548
1560
14526
2121
2655
1011
1173
312
1098
1611
51414
1776
29475
885
37983
2706
1803
1188
1713
855
786
267
1128
1182
1026
672
9111
3558
933
870
1194
2253
1263
1179
1083
852
3180
717
1020
10731
33117
1998
2577
1443
2187
41754
1317
210
666
15798
1428
12660
11181
38928
1074
804
2784
1722
3723
1131
1125
1089
864
837
2160
1269
17736
1635
1377
1713
1293
1014
67698
1260
1125
62808
1332
1539
948
981
954
2310
1374
849
2025
1461
1185
1521
237
5661
1095
2424
1572
1461
1464
1710
10725
2421
1095
1983
1005
948
103068
930
1212
2439
1119
35565
11055
2265
1617
2379
1041
1866
1347
1053
1086
999
1872
1158
1776
855
1368
1023
1257
1344
1185
1290
2292
1086
2526
2901
2004
1344
1839
1029
804
2781
798
918
1749
1455
1194
8706
1128
1506
966
3462
1113
35646
126717
43539
1101
1167
1524
1029
1119
1377
1506
44298
2208
282
192
1500
990
1179
837
1203
18453
1080
1482
1452
396
1461
16335
1536
22260
3726
1212
1845
225
1089
312
1017
86511
1026
1338
1296
2496
1656
3777
1428
2274
1308
1050
900
14124
1197
1629
1185
234
1557
1797
1323
807
996
36360
2703
951
774
1221
1359
44088
951
1350
1035
1293
861
1266
1872
1188
750
849
864
1719
2487
792
1896
2475
1869
258
38547
1545
396
1599
39489
2409
2964
2526
5973
1635
1302
1314
1077
1062
1050
1257
2208
1158
1053
1365
1350
1053
1365
966
900
1500
1032
45477
1296
62013
1197
777
1053
2319
1122
1566
45996
1146
16206
1308
282
1416
972
1308
231
1833
1497
2160
1566
1257
1107
2151
969
1605
2277
1014
993
16254
2598
8085
1311
1131
3666
1311
1095
1047
1926
1299
1128
1548
273
1485
1773
270
951
1620
1161
1605
2676
1230
906
1671
99522
912
45033
873
3276
1476
1497
1893
1695
180
1746
169401
1518
1131
1116
1506
1602
1881
1101
1083
1551
705
786
1023
945
942
189
34491
852
831
852
1950
2763
1206
54633
1959
1110
1239
957
2475
918
1404
1011
2181
1866
1002
798
1686
849
20613
2280
1602
1191
1377
960
774
1305
2970
65748
1032
2709
24534
1422
1362
2799
1452
1359
1791
1194
1272
1455
2721
1818
1764
38547
64479
1050
1032
25908
17535
1620
951
1275
324
1020
1599
4320
963
1116
1104
882
2328
5760
1659
1464
933
237
1191
1005
1761
1452
17424
1620
2562
1053
1503
2433
1953
1779
717
996
780
1188
1116
3042
1179
681
16623
134493
1101
189
1266
1797
130701
1314
2208
1332
1575
3408
1440
2121
1500
40419
1962
31170
810
3066
1950
1359
1623
1413
483
1440
1023
2754
16641
2076
702
1272
2859
2346
1185
2076
1056
1566
24972
1299
2109
1098
831
2388
2277
1158
873
762
28851
1101
2106
951
2181
2685
1281
17301
1917
1473
2547
2679
864
9030
942
1119
1122
1299
1113
1281
1167
1623
1371
1095
2736
1431
1917
897
951
795
225
2802
3015
1608
1467
30351
1809
3387
1200
3231
2574
1344
957
21381
2736
1281
1722
1800
1182
1023
1029
2169
1452
2355
321
1050
1779
32922
1638
777
59544
930
300
1383
2196
864
855
1131
2829
1944
25098
1038
1215
1095
1284
1797
37761
10383
843
2604
696
1542
1113
2166
942
1950
1104
1128
942
1974
1296
225
747
1032
1980
882
2040
8769
1350
1284
11649
1134
3174
1482
174
1029
1698
1263
1203
1017
1845
19758
18135
1425
1035
861
210
993
1035
906
19938
933
51768
1296
1101
1278
948
2202
1089
1266
1200
2028
552
2493
43818
1491
1158
1674
492
2682
921
1029
312
1530
1437
9672
771
3003
1392
990
771
1428
1530
1206
1695
867
1713
783
684
1239
1545
1440
939
1758
801
1947
2955
1467
1110
2880
1431
1317
426
1692
1599
1191
1629
957
789
822
2340
240
1107
1464
693
1878
1110
1011
1203
1323
149664
2427
1197
1515
59478
3447
50220
282
948
606
17883
204
594
462
606
276
201
201
291
77307
858
282
195
936
279
681
540
201
201
273
360
525
516
444
519
207
444
79686
35001
4674
60384
18981
273
46824
36801
60954
55410
15024
49656
6990
198
98406
201
89673
279
195
34641
192
516
177
66075
46488
669
189
30492
744
189
432
21315
591
107628
1503
285
267
12021
13785
276
189
39183
45819
279
183
198
9309
17760
273
60996
23070
44628
72369
56229
72450
64626
3168
203670
294
17103
23997
207
276
59148
285
348
2076
8856
273
264
621
16788
441
198
276
78942
198
82290
5079
146853
89859
168570
192
183
345
23688
2718
282
198
19899
94755
9501
195
7659
22029
6045
273
51348
432
189
273
450
14937
115863
288
183
17622
45390
273
5622
7440
66555
270
357
423
450
17235
354
54432
43386
22230
279
435
192
279
2724
67749
10824
41580
19791
50892
747
357
187845
36207
288
1371
23325
7971
201
195
7785
285
759
276
13008
73224
285
11349
189
1254
19668
591
27234
46500
879
29634
58134
68658
342
67395
41079
27072
93270
285
28497
31620
50052
288
279
354
19254
675
198
21705
101802
71490
36357
429
16941
114861
11301
201
198
7026
52560
288
342
5769
92100
7170
438
55437
204
1071
136785
201
68244
201
282
195
28041
264
42900
50250
116496
25938
127392
67368
1170
189
285
2733
582
198
504
36369
105642
534
444
621
279
279
201
441
192
783
603
534
19704
201
597
201
2991
72783
1443
519
1122
207
528
414879
453
288
276
282
444
504
267
71574
10362
110157
88188
29316
279
8064
267
2766
576
79689
9405
357
267
94455
201
68958
195
86994
186
26013
267
189
270
585
270
24918
43041
77289
64392
270
146187
6381
47712
540
14331
273
54747
1077
1482
25104
258
345
276
273
273
264
267
74073
177
16215
47838
83937
189
684
19668
189
264
348
45273
183
420
183
18402
59283
92220
270
342
169902
47730
189
183
273
40908
432
348
17895
39573
3447
270
41868
71244
54219
513
267
189
366
180
276
19884
348
189
111579
22128
37299
273
8979
270
37224
675
270
351
345
2457
31896
3075
13950
201
267
31218
22512
273
273
23241
171099
357
348
354
186
18927
834
154452
606
195
354
12213
261
3033
294
435
357
25473
186
423
109494
6045
822
204
372
288
19977
95190
258
15726
24666
189
76548
29481
264
264
261
52731
145956
74466
23265
426
195
38508
54273
273
441
12318
186
26628
531
24345
51387
14862
115836
5166
69705
417
186
447
354
189
597
189
282
192
26250
270
270
59247
258
26034
106527
264
6006
1389
273
10860
1656
38859
16374
192
22899
82194
273
198
64149
918
38343
93567
264
113277
10635
75168
198
13128
58539
26889
351
4728
67308
192
15042
333
50493
183
3276
47061
26727
10515
134355
183
207
198
342
16245
288
152802
285
210
357
195
288
9774
77226
54873
189
13473
1086
88686
507
918
13137
198
282
273
40326
24225
110661
6072
348
450
363
366
183
267
426
32439
261
21882
264
29583
71268
12366
48438
1080
15066
1782
3273
28092
18798
105513
222792
1155
77766
273
195
597
67275
522
20487
73245
106734
279
363
85191
606
360
429
258
186
3000
1008
92316
2220
31464
204
85806
10614
69804
10164
273
82635
672
198
735
18315
79017
192
354
276
513
183
753
187071
270
357
28068
201
282
1158
276
42450
17142
1356
27900
100800
357
1947
366
198
39999
588
195
339
618
26049
447
276
201
33927
846
1056
20820
279
354
273
276
384
97272
3252
35364
27591
531
354
270
273
22875
855
774
204
366
189
597
192
369
948
84696
582
348
345
990
186
345
25767
26955
6627
276
35274
118221
3822
273
285
345
36759
348
55983
186
513
26424
29946
198
978
429
60999
73503
270
4980
432
204
201
201
189
3246
837
354
198
192
73959
73242
345
13674
180
73566
5937
264
51753
189
186
267
62103
54417
186
44676
8883
49959
495
285
270
690
60378
360
31077
345
279
255
37149
95910
14391
195
183
195
19899
14934
36015
71247
34605
24357
276
189
6645
96786
198
44226
77220
351
62838
192
21363
1107
10716
348
285
16053
420
91641
48192
39261
189
9738
903
20232
16725
189
357
270
74988
362433
25587
21819
273
360
33876
591
852
195
201
166419
42156
51366
432
192
37506
2865
7629
6156
34851
579
29166
357
10941
198
25683
195
282
270
7341
270
39021
207
354
152010
192
186
267
74121
31893
65874
21927
4383
1233
756
19398
195
516
7758
23607
348
189
504
4062
180
684
15051
279
6975
45183
501
119988
140409
112905
192
77835
100917
339
7677
738
68760
273
186
519
354
417
270
11205
30693
15720
1218
212001
186
195
9099
18645
183
186
192
279
276
204
23436
8730
6207
186939
51636
186
513
363
615
21663
675
486
516
4272
10008
40473
153408
2406
52308
9861
609
9129
124902
204
345
279
19539
44685
38535
153288
339
104814
450
348
339
357
273
42879
19482
513
16050
360
23301
279
1329
2250
285
62469
759
32295
2202
366
273
438
18465
351
258
270
1332
591
7902
357
933
24747
3210
81699
429
27132
339
8469
82065
4902
684
264
4899
597
4818
66180
35259
2433
25917
16032
84828
282
98514
70524
33693
195
55122
15402
195
4575
282
354
276
12297
21282
198
282
189
192
26832
351
36048
22308
37086
201
207
85050
23133
288
198
183
264
279
435
20583
276
189
76767
47949
30729
28995
204
339
507
348
68178
276
45585
435
273
137352
834
351
14934
204
145599
192
270
28170
6459
32532
198
915
381
198
357
363
59049
591
38115
189
303
285
276
273
195
198
279
189
606
72969
600
25719
270
276
279
447
18147
1341
1920
1893
1467
1104
1710
1614
861
2871
1029
1149
1197
114180
828
4098
43173
57399
5946
1644
1461
1605
1920
1101
1032
1572
5388
1224
2043
177
2079
1995
1110
951
23352
942
64305
1185
1050
1212
15810
1131
1611
1272
1206
1395
1968
312
2310
1302
624
1434
1110
1794
1110
1224
47910
204
771
1245
1008
2064
11244
2007
2022
1683
1584
1737
1857
2505
846
1101
1122
957
1641
19638
1035
1206
306
1692
1350
1086
3318
2205
1407
855
1575
104970
2589
1812
1209
2358
1338
2025
2529
12912
1038
4293
3489
2496
1011
1281
1446
46029
1605
876
945
2199
1560
2967
858
2259
1704
1605
151641
1407
1023
1434
1239
7794
1350
1029
1215
225
1302
2004
12783
843
2022
1830
51801
1152
1455
2265
1191
2724
786
2616
1515
861
1452
2559
1692
1896
1602
1170
1179
819
933
2601
1662
2844
2223
315
1890
1050
1536
888
1653
357
49503
954
1407
2337
771
783
2700
882
2184
2463
65181
2250
238977
1356
213
1365
1029
1959
15828
1017
396
2445
1605
1044
87231
1947
1110
1770
1206
840
1011
2268
225
1098
1752
3342
1590
2238
1710
2838
774
48771
11952
948
225
1788
1797
918
48726
2241
2322
885
2352
1083
1728
903
1383
2502
17529
1191
963
975
41802
945
1068
915
2091
873
789
19365
1281
18843
777
1935
702
1830
951
1371
3921
3336
52380
1806
7935
2124
1278
972
2913
1308
3015
1947
864
1611
1107
1212
2451
1119
1278
909
702
1437
41139
15177
1197
13554
1110
3585
771
1029
75426
996
1008
864
1758
705
927
1617
23088
1710
7578
1119
1029
489
1593
927
83631
936
1887
1428
792
1635
1455
351
1512
11067
2622
1854
1329
1866
2712
1350
1488
1614
2202
1716
1680
1278
49521
3858
2529
309
852
2091
1428
51990
1293
21843
1440
2415
1338
2508
1266
33915
1209
1599
957
225
1167
933
1173
1236
1908
1515
1551
714
231
1005
1113
1683
2844
22644
975
1935
2358
1887
145188
2223
948
219
1287
1113
495
948
1818
1785
789
8766
1014
2868
1845
2007
936
1545
3084
939
46632
1686
810
1758
1110
1086
2322
2526
1713
1278
17790
2472
1269
1209
2124
16272
2544
1188
978
2424
1287
870
2526
1551
2112
1575
3114
1800
21918
1221
1194
1176
939
1533
1176
1926
1143
498
1209
1944
1260
402
987
759
2448
1170
1614
963
15732
2739
1533
1962
888
207
1554
15804
714
1518
1056
14280
1209
855
1698
201
24999
1212
963
1236
858
27255
1377
1017
2253
1041
246
2268
1017
714
2265
1989
1086
885
84495
1560
936
1977
918
1476
2415
1215
3639
2946
1128
1707
2868
18783
1341
1266
2217
4155
1143
966
873
1599
2601
1593
861
849
1128
2505
1110
702
948
49371
840
128331
1230
51777
2649
29022
420
810
1299
1542
2430
20289
807
1608
1164
963
51453
41373
20559
59652
1890
312
1746
942
2370
2121
1746
39174
1335
1077
1155
1845
690
1245
972
3543
378
816
2631
1053
891
1122
1401
1335
1926
3369
1038
1092
73110
780
1005
2340
4296
798
2109
1389
2493
1077
1458
43245
1233
1686
1869
897
1383
1203
1158
3459
109986
1107
1596
483
1551
714
1077
1443
858
960
23262
1704
1104
171
1131
2202
891
3078
1092
681
1893
2244
1431
2208
873
924
1716
1092
1464
1509
927
1782
2400
1446
32100
1101
2844
2664
28137
2424
933
801
1188
792
4308
1392
1227
1620
2520
1884
29424
1908
924
12342
1860
1074
1671
2520
1908
1605
1605
1419
47760
2058
1263
939
480
1500
1293
2502
915
1005
840
2601
1422
1140
954
2427
1998
1056
756
1926
1056
1149
2955
143850
1668
876
86415
861
3135
1287
966
1302
1278
1050
1962
1110
1596
2049
1605
1251
906
4668
3075
2448
1092
561
870
1140
10500
1074
1020
1227
222
1680
1098
858
822
1017
1704
1230
1146
3042
867
939
837
1092
2154
1167
972
1221
14526
1338
879
1785
1221
1110
192
1680
2325
1443
1596
1296
2610
780
681
1359
1032
669
1164
1719
861
1233
2160
3786
2658
3162
990
1281
7443
1050
843
1452
1008
1491
1458
35271
1332
1440
28926
270
2358
1293
1344
1242
1161
396
1590
1185
13545
2019
7854
3009
3594
1248
1353
939
1092
2037
1341
2055
1128
1101
756
29685
1056
1353
2430
867
24924
1005
1104
1974
1464
1527
1470
2472
2031
1842
22794
1053
933
1119
38664
1185
1371
795
915
1365
122934
753
1983
1779
1746
2775
1422
35385
13140
1596
25410
80415
1254
1632
2184
834
1995
1074
1707
12141
1647
921
906
2865
1599
2448
1557
2499
27645
40701
273
11784
864
2352
74874
1074
867
1659
2304
5625
109578
1185
31206
1110
954
693
174924
1020
3324
1092
1713
1107
1428
1083
2379
1812
1374
225
951
1104
19992
1416
315
1695
1848
1605
1185
1341
1872
1515
1926
11064
3093
1182
2577
1419
1446
1416
2688
1110
2340
501
1455
1107
2211
1371
912
1272
35808
1266
1197
939
1275
1251
2649
1113
1254
1914
1410
1395
318
1041
1917
183
2841
11889
1116
2142
315
2298
1386
858
1524
2277
921
1677
963
18822
30840
41349
3843
3741
828
91740
1179
1911
876
1356
1737
44988
2967
705
10932
1608
942
1707
3519
1257
1494
3576
1662
1044
837
1344
1356
1038
1068
948
186
1080
891
2022
1584
864
1758
4587
963
1527
2025
1485
951
870
44496
1254
771
1710
1005
735
2775
25527
1218
888
882
3588
1035
18267
38415
2409
1950
2052
3090
2346
36030
780
1191
948
1458
945
22767
918
786
402
774
1302
1104
2103
1059
109698
1458
1191
1605
2367
2169
11184
1821
1206
1539
1386
1263
1842
2751
1827
837
38043
39114
3069
762
321
1524
840
999
936
1140
1530
1680
798
2664
1200
1815
2394
972
2127
780
1122
2058
1530
5040
18564
30660
44151
1347
1071
78483
1182
1371
2190
1428
1386
1905
8262
909
936
1083
1104
2160
3939
936
26169
1035
50580
1233
2550
56904
63804
453
996
2175
16953
1065
1857
267
2223
1737
243
1488
3225
1422
234
2124
2148
62460
849
1677
801
68328
91827
1986
1224
861
873
2403
2319
13932
1020
27525
906
1515
52941
4200
876
1362
2073
2991
2247
1275
1350
2364
39513
996
32190
735
1110
1674
960
774
855
1848
5367
3186
2103
1092
14502
981
837
1200
3408
1806
1302
1107
807
1080
1032
798
1911
1356
2364
3111
312
1623
402
2943
420
2289
23952
2730
53511
2361
1494
1044
1032
2079
4821
963
89682
3705
3138
1683
1110
1278
1251
4392
1419
1668
2646
2583
26439
9909
1302
6426
1605
4221
1131
9120
4068
2649
930
882
780
2778
29421
1695
885
1185
237
780
858
1296
2175
1359
1593
1380
873
3927
7293
1011
34716
90471
2508
1995
1266
1056
1065
1755
183
879
1929
225
1425
1938
1488
4602
1140
1677
1944
1383
1752
2703
1917
2502
3156
183
1662
2358
1890
1422
2124
31956
1647
1965
1188
1671
789
774
1266
1737
82908
1104
1953
2055
1284
1509
1035
228
2046
1095
1428
699
95508
1920
1602
1890
747
711
705
1608
1344
1068
1920
4785
1791
1434
1998
924
1758
795
3915
2184
3378
999
48222
2016
1686
3768
1218
2994
1023
3123
774
1794
1278
1176
1197
228
942
1722
915
1377
1608
2217
2769
31461
2007
2520
18327
1971
894
762
786
936
876
1434
3900
10260
216
72843
59025
2130
1353
1728
1596
696
2403
1128
948
3069
786
37026
2583
1920
501
1446
621
1368
6669
1263
1164
2187
1212
1236
2691
19143
945
1752
1449
1833
2163
17256
1026
16830
1593
3114
702
1359
318
3234
1683
32604
1452
1203
1182
1023
3021
2370
6036
1551
1038
759
810
1647
1752
960
3351
1107
1614
1758
792
951
1803
1668
3018
2709
1047
1446
2052
1176
3006
1374
2274
1353
2631
1125
3171
110502
1161
3021
1365
1233
56928
1527
984
2745
237
294
1572
1176
22725
1263
801
5616
966
1287
195
1500
1119
1428
852
1569
1167
963
1041
3783
1470
1200
930
1353
1161
1203
1899
1434
70236
1791
1776
831
1851
2424
98373
1617
2799
858
1035
1923
1338
1047
1767
1005
2676
28479
756
1392
1194
1296
5136
966
2076
1116
3744
2427
1677
3087
1020
5559
840
1371
1200
1116
1671
789
1017
3174
1884
22677
1275
2118
1026
909
228
3318
1806
771
1836
1128
1584
873
1227
5103
1116
2634
1227
306
20805
864
1932
1074
14610
1005
46326
777
2886
1824
4230
1113
1365
1764
1215
54888
1269
1026
231
999
183
1329
768
4269
1836
1281
807
1194
1359
1758
1023
297
5976
3489
1806
1026
972
1113
393
1110
1905
8787
210645
1707
1455
4062
2616
5565
780
999
2178
2016
1515
27624
1515
1629
1383
1047
2043
4734
942
1380
16206
8664
1116
1437
228
1617
28557
1788
1443
2067
1308
324
6201
2088
1131
1359
777
231
2187
936
3432
2103
1935
846
3852
6036
1983
1026
2316
861
1197
1281
1125
543
375
291
1512
1467
3561
1083
1380
1440
1665
324
1986
1452
1464
1824
2901
2112
6720
939
1218
1425
1041
1059
1749
975
1518
318
2157
2157
2502
327
2472
969
3177
1080
4401
1047
8058
864
816
1176
1980
993
315
858
2094
2154
1167
1029
2037
975
1515
945
37455
2469
1782
1899
1371
1857
10362
1998
1485
39306
1173
1056
1686
1356
10305
1110
1581
3687
3867
1122
708
56229
13518
2976
1497
780
3501
1908
1050
3756
10389
21615
2499
1428
1191
4638
1728
2877
885
924
1446
1065
1092
2889
34698
1176
20520
1563
1137
933
29799
83001
333
2136
1047
1014
3450
687
1302
1242
1782
222
6537
810
2106
237
1854
1086
711
1128
75504
2322
1032
1287
31287
1350
789
3657
15693
1275
1005
2442
1176
786
17715
1542
231
1344
1293
1116
1773
2523
2166
2238
1137
2013
786
957
2181
936
1125
27066
2568
1509
1623
1812
10569
20289
1590
2010
2823
1593
309
1167
891
1296
27531
876
1095
327
1491
1203
1350
1749
1296
1596
37155
1908
1437
42792
864
1374
1665
243
1137
3339
2112
1113
1179
1266
4977
888
1815
4125
88890
23412
1056
5028
1233
2631
939
1713
1755
3000
39249
2166
1356
1341
24465
1323
1836
960
1047
873
2280
2703
1626
2418
1755
2256
1119
77790
1035
21021
1074
870
58269
987
5025
3069
4134
1488
2343
1386
2031
1263
1143
1014
1647
1464
1227
888
3456
24687
1017
1542
1101
1026
2127
792
18732
942
2106
1209
1290
849
146001
23886
2154
26442
2232
855
1611
1203
1815
1476
1455
231
1773
32130
1356
1587
1212
984
2028
1536
321
939
873
408
1344
29100
708
2022
2991
1458
110358
39882
354
1761
5598
1209
867
3588
5157
756
1074
1269
59559
1236
34206
1404
11601
1647
1032
792
1038
1977
2424
1584
1533
2670
1083
1902
2973
372
19296
1002
1521
1878
1032
2028
1422
1704
1830
1191
963
879
15627
1452
28107
1164
861
1404
2253
4095
2163
861
684
966
13182
1647
1899
1053
48144
891
966
1518
2076
21531
73524
1638
1011
1131
903
3180
807
1080
1164
1656
1158
1344
1920
67194
1197
1416
1005
927
1488
1413
2574
2337
1143
18975
1209
969
2310
1398
1317
1143
31860
1137
1002
1035
2913
1068
1599
882
1128
1686
1239
1218
1080
1626
1557
852
1050
1464
879
23145
32514
81
1131
978
192
1296
2136
1161
1032
765
2250
1572
2247
3285
1401
1671
1413
1431
30759
885
1929
1620
879
1125
16662
1107
113028
2664
1881
2079
46899
945
2508
2175
2151
783
954
1272
2847
1005
696
2511
69342
1227
1197
1701
966
939
1836
2757
864
45105
2562
1125
2262
1440
2847
1548
237
1032
1866
1809
885
798
1269
1020
1530
2820
1101
5949
1032
1257
1281
4065
1119
2322
1365
2634
1116
3882
3159
2019
1491
1107
47382
1167
1005
1179
2184
41562
2226
3111
2631
1626
6003
1734
693
1656
3162
1701
702
1305
1464
876
1173
3909
2370
1929
1959
1116
279
1503
1344
1068
15942
840
1350
1938
4635
960
1071
35943
3036
2934
1272
3357
46857
762
1485
1293
867
1200
960
2106
1359
1263
1110
933
4074
1257
1515
1110
231
1443
41826
2862
42027
1287
1680
582
8184
1806
1068
963
957
2187
1086
1677
1299
1332
1326
1365
1116
1461
984
1275
1452
876
47412
64440
1038
1209
1311
870
1128
1458
46098
18816
2049
1680
1665
3339
1419
1464
1044
1059
1035
1323
1329
1374
1323
1086
1005
18072
3099
4923
1854
1686
5058
1329
1404
1206
2061
1506
681
3066
2109
1821
891
1467
1323
1683
1035
2010
2241
101694
46620
1314
2772
1728
1920
1284
2637
171735
816
1629
2229
918
1434
2079
1308
2112
705
1596
1029
861
1104
1962
32403
1527
1005
855
1224
315
1275
264
948
57111
1923
1281
1653
1038
1161
1452
831
1857
1716
183
1062
768
930
1143
2517
23844
1122
1434
1236
1239
789
876
3093
1044
63744
873
879
1263
1209
23325
762
1545
1206
510
1557
1101
864
1428
1365
1536
1293
240
954
1698
40752
63228
936
1053
1107
24222
2031
15138
1791
1470
753
2172
1368
2046
267
1395
1608
927
969
1554
5979
1101
1929
969
1839
1278
1491
1506
1692
15360
1782
1464
2484
774
183
1371
2259
2196
873
969
750
1431
1641
867
3207
1035
843
14481
852
315
131631
1083
3132
2436
1125
128274
2436
1632
1923
2454
222
2379
843
2445
1359
42393
1959
29838
675
1023
258
1275
951
2973
864
2796
1995
1008
20325
1770
1110
1044
2436
558
1542
1596
1860
1614
1110
23592
1407
2322
1179
3741
3117
1887
960
846
30870
1854
855
1635
1011
939
19320
1473
1152
258
3858
753
1053
6609
1605
1110
1206
1443
1266
1041
1026
693
1725
1341
939
237
1083
2958
2565
882
1638
3330
3165
4161
1278
32238
1359
345
1425
1152
174
2331
2241
1503
23082
1077
1464
1134
2475
1710
939
966
1536
231
1938
1050
2403
2058
37476
1518
1284
55521
3087
2052
843
1017
1032
654
1419
402
765
26994
1266
1875
1449
1461
40635
8388
1515
1599
1365
1134
1128
834
342
930
954
1704
1038
1332
1206
261
1257
2826
1032
981
3474
1512
6459
1608
1878
13542
1647
312
861
3201
1524
1602
1245
1194
1440
19989
807
15966
1644
762
1797
2400
861
1089
19698
1233
948
49875
960
930
756
1002
2100
1359
1539
1035
1401
4428
2025
41520
1002
1431
840
2691
489
1104
840
3165
1518
948
7119
1332
3183
1980
753
939
1164
1764
957
2019
876
2712
2289
741
840
1134
948
1440
1332
807
2364
1116
237
3819
6096
1029
3600
1272
864
1110
171
1026
1239
1113
1092
234
3165
1278
855
3168
1023
1296
1020
843
1200
148071
2097
1041
1470
1386
40659
1962
60723
1434
1869
1227
876
24294
1041
765
1122
1110
1101
843
1299
1179
4857
1131
60729
1464
2175
861
15357
1620
783
1017
936
1737
858
1356
915
2775
876
49965
1596
1527
1323
684
204
714
816
1635
939
22995
1536
1194
2418
3288
690
35574
879
68439
1221
858
1218
1263
1545
846
1083
741
882
2016
1272
1113
429
1209
1137
846
1575
267
1164
1170
3222
55332
867
858
2010
2028
1017
25668
1104
49482
1638
1134
1344
1137
1359
846
57825
1020
852
1998
960
1935
12255
1341
96267
1374
189
852
1161
945
28392
1653
1350
846
1347
846
1143
1470
1539
849
1032
2262
1668
732
1014
936
2520
3621
1410
1380
1278
3021
2586
1206
2115
1707
61707
22995
984
699
789
912
1395
849
2373
1176
1221
1440
60006
1605
798
936
969
1134
1443
936
1509
2853
861
1692
1029
2433
1551
177
1125
1941
2154
474
2052
1569
1185
555
939
2142
972
951
174
1197
35658
1959
972
1113
19254
1923
1182
1257
1737
1107
696
948
657
2088
1077
1758
1380
261
1128
21552
38091
1347
1095
1479
1116
1212
1440
1023
306
2853
71583
1350
1374
1290
1104
1677
855
48612
1032
822
1716
1698
1170
1026
11187
1965
885
1704
1137
1290
6870
939
870
18921
1935
26169
14616
1251
939
1104
228
2193
801
297
4113
1803
774
3009
1215
960
1206
690
1638
864
1122
2673
2127
1242
3759
876
14958
1374
1122
1095
237
951
72345
19272
1449
62949
822
399
1047
1038
1014
1113
963
4455
1185
1380
1968
8097
1008
837
1161
852
228
7398
2424
1041
1662
228
951
1035
50676
61785
1053
45507
1119
1221
1407
33171
936
960
1179
2286
1203
1035
53982
3159
1338
2199
1176
1860
1131
2376
2379
1596
177
2271
2691
1506
2133
10593
954
2073
1389
21759
1797
40164
1110
936
942
855
6414
1218
1107
1626
31869
1197
54099
1674
1869
30786
2391
873
2181
1335
1533
16908
1050
1041
1050
2052
1329
2235
1896
864
771
1092
348
1779
19314
936
1617
762
1212
1266
1041
12864
1335
2379
1560
1167
2772
1422
1305
48516
1956
690
26826
942
39837
1389
1191
942
3129
2316
1110
840
2124
10632
351
1020
1083
1368
4614
1068
1155
1236
1515
312
924
861
12351
29823
1698
2799
1122
1287
309
43812
1329
18699
15171
8583
2514
36066
1113
903
705
297
1509
2910
1395
1200
1275
1107
936
921
225
1644
20385
1620
1002
1437
1128
1356
65580
1467
1116
948
60972
1293
2289
960
1122
873
858
870
930
1749
2781
1191
1278
2052
3234
1596
1107
1668
1374
1092
969
14196
1281
1851
1665
849
927
101163
963
1098
1953
1641
36936
9864
942
198
2058
2226
849
1704
2112
1143
2019
900
1131
1251
1263
936
3045
1557
1299
936
840
966
1362
180
1008
1425
1632
1836
1197
1599
1863
1095
1395
861
1620
1005
762
1725
1341
6825
1821
1113
2196
1041
2433
39666
122787
46698
1791
948
1548
924
969
780
46992
4332
774
1092
1170
1080
1365
15894
1287
861
960
2622
1350
12837
1875
23619
2736
852
2847
1740
1440
84972
945
2700
1299
1521
