3f7f:0:0:0:0:0:0:0:0:0:0:0:0:0:0:0: (total 13)
0 1 Thread 0 going to cpu 0
2 Thread 1 going to cpu 1
going to barrier (cpu 1)
going to barrier (cpu 0)
3 Thread 2 going to cpu 2
4 going to barrier (cpu 2)
Thread 3 going to cpu 3
5 going to barrier (cpu 3)
Thread 4 going to cpu 4
6 Thread 5 going to cpu 5
going to barrier (cpu 4)
8 going to barrier (cpu 5)
Thread 6 going to cpu 6
going to barrier (cpu 6)
9 Thread 7 going to cpu 8
going to barrier (cpu 8)
10 Thread 8 going to cpu 9
going to barrier (cpu 9)
11 Thread 9 going to cpu 10
12 Thread 10 going to cpu 11
going to barrier (cpu 10)
13 Thread 11 going to cpu 12
going to barrier (cpu 11)
Thread 12 going to cpu 13

cpu 13 cur 13
going to barrier (cpu 12)
STARTING...
going to barrier (cpu 13)
STOPPING...
Duration      : 10000 (ms)
Acquisitions  : 11174713
2463
2616
37611
2172
253395
282
5367
4341
945
2217
1515
2145
3636
2073
1620
3663
70743
2736
34122
1377
2097
1431
31431
3402
1992
2439
3165
3609
3744
1269
2310
1950
3726
2835
2784
54144
13983
1776
9708
2085
2961
429369
2772
13650
578073
1767
3129
2109
2706
675342
163755
1836
513705
224502
15108
3426
642
4269
2208
3645
2370
1497
3408
4158
2304
1365
63777
179778
3498
1689
3003
3420
1323
1803
18336
2631
508092
20832
380160
3921
1815
298563
1176
2337
2985
1311
1839
2862
1983
137172
273708
54930
328689
1989
3603
16146
7881
2322
1692
3627
3963
209976
3294
3105
2700
163362
3411
2379
61509
425421
236973
51204
965574
1791
6594
50286
378771
1698
2406
83166
1260
1386
2385
3681
2178
4320
2574
1842
131388
172533
2817
85113
77517
2676
2196
16365
379701
1395
35529
26118
2913
2712
1641
243861
1857
3261
2601
1392
921
179958
3384
1977
1458
1905
267885
2676
111369
2574
1752
313533
2190
2454
2460
370209
3294
2103
2868
2910
46929
1554
1800
1017
2007
4413
3042
3216
3804
1827
2805
2019
2433
2640
3777
1482
613002
2442
1659
67437
41865
6582
1209
1344
4431
1773
2157
2820
2646
1995
2982
11802
1287
300801
88296
3438
2142
2706
2625
1683
577719
2613
2718
1098
4290
1983
2664
2286
105171
4209
840
4125
155730
1674
2799
2805
2346
3987
2316
2229
38370
8862
1284
2580
2790
3510
3540
1956
2064
5733
40383
10896
4785
50529
91131
1911
3414
2160
451299
2646
155430
1725
210
2049
3636
3084
1575
1914
2763
1596
348
118119
2160
2223
2463
2502
3774
2199
1833
1815
472473
2529
1695
52782
37173
1746
3489
1524
1413
74868
370407
3120
4176
2115
1542834
8475
4581
465441
1611
3231
2466
2958
33171
1791
1515
54663
8013
1725
2436
1374
1956
2235
6786
2127
1335
2511
258
105531
249408
1782
64287
3786
2514
1689
2895
1938
2493
7716
3075
4395
6405
636492
2625
2178
3201
3216
2556
1116
2160
2901
1905
1095
1026348
8640
2334
2136
3429
105183
1725
2439
1674
4581
2541
1845
2112
4011
3867
2259
3228
1845
50310
2271
58974
2118
14688
71145
2187
1530
1311
358470
2784
2793
32187
1557
1113
1635
2262
10284
222024
3159
60642
1875
1707
2760
4569
2583
9438
4179
1446
3549
125040
25365
1800
2343
29013
1803
2712
594372
1719
9153
3564
147366
1413
2079
470373
1944
2343
3639
1551
3213
101544
1884
1683
2532
59526
3009
38826
2181
416568
5928
2604
38337
3897
2427
364737
2118
458730
3609
32349
3453
956997
2808
175860
1944
315921
3066
2400
2790
202050
47934
969
136710
37374
1683
161421
79833
3360
5295
2157
915
717393
1101
3450
2898
2709
2112
1488
1581
121701
1734
27423
36825
3801
435054
3288
2217
1881
3165
3366
2016
1992
339096
3117
1815
2517
187197
4038
502995
15885
1146
2097
2640
2064
3099
1254
3108
2637
115284
2859
2628
3015
2625
1809
555882
202854
384558
2154
1914
26712
2322
128553
2571
574074
9144
1563
1995
2709
2943
485241
3237
2253
2895
3543
969
61542
1995
1542
3102
5433
3156
1065285
1179
13158
895260
180609
21057
1326
471108
2304
2550
62457
3063
2370
585687
2637
1776
3258
3585
32583
2868
1521
1497
1413
1836
2454
1797
1476
2697
1947
3414
4116
4215
1401
1500
41370
2697
101490
431436
593625
2283
2286
73428
4992
1656
3099
2562
2091
1143
174315
3639
1749
3336
2286
2238
2571
1614
3063
40953
1851
2304
151740
191025
2220
2583
1848
11877
1809
57129
2142
14211
3711
106722
3042
1935
52203
4110
3759
276867
386988
1992
3519
1458
2070
137031
2046
3153
144507
3534
1761
2847
2661
2070
1509
2529
1698
2853
4698
241158
1824
3432
24855
43479
4638
2499
2658
4779
3294
311211
2238
2763
1548
1710
123369
3168
140757
1770
2205
17565
18282
1746
32859
1536
4461
1989
909
2331
2481
266910
1191
18957
2244
3237
2559
2613
2505
3108
1941
2859
15444
2538
2610
34800
2985
3270
1695
2994
2535
8079
3312
3333
1938
2904
15198
2622
1983
1905
2106
764058
1734
117006
2496
3873
2802
2169
923535
642576
3126
1482
2379
3663
2883
1938
2196
3804
2526
1122924
2250
3564
375660
2634
405690
2778
235719
4815
3144
2772
62412
2364
165585
116562
3348
2238
1833
2574
1776
2598
2526
70896
17238
720633
2370
2325
2130
131895
2212839
2835
1995
39834
3459
2964
3672
2205
2163
50205
61725
1437
377655
194538
16152
1560
1098
2535
3381
2445
218577
1926
2568
3549
2079
2532
1518
2949
1518
49794
28122
3294
1782
4644
2958
1125
3558
1545
230877
26796
1629
2202
1809
4401
40746
2601
2343
3483
2577
2511
1461
1809
418830
2541
2763
2619
3351
3174
502806
2988
2250
2457
3438
2823
1047
4875
2835
1629
20214
869325
2883
4110
183228
2715
531258
2913
2568
2301
682794
2421
42861
48102
1425
91629
13569
2067
3477
1170
3870
1713
1311
189651
3042
2271
44160
1923
1854
2151
2271
64428
2169
34839
2133
2955
476814
2727
2187
2565
1470
2133
2214
113295
2337
571254
2040
2415
2385
1764597
1635
8679
2388
1545
96261
3732
135558
159234
2550
1500
6663
2142
1827
1602
473700
2898
2001
3837
806907
1127169
1770
2376
3960
2538
1494
150552
2790
3189
2172
380001
3567
297735
1620
3891
2280
2514
22506
2463
11397
2148
11172
3999
74301
2511
2301
108969
1731
2262
3741
1119
654855
3996
231486
241644
2091
3504
459300
123633
3927
2190
3810
1290
1461
2121
2886
2235
3582
2811
331992
2814
1775616
2493
1959
3426
1824
3987
3117
2631
3090
33372
2901
2169
1596
3252
2022
4749
1128
1953
18828
2535
6705
5172
2394
1941
1419
2856
2454
2265
3120
2271
2283
3309
1485
3363
4083
9051
1953
2712
2064
687174
4380
37692
1830
107853
3639
2640
3564
2856
2166
38394
17166
2439
23181
2226
4329
163065
1764
1908
1293
3186
522270
3759
1227
2130
2532
2493
2445
4326
186243
3144
194853
2532
2517
2598
1971
2985
2148
1364412
2631
507432
2538
3885
2010
1722
1899
2535
68106
1284
273288
1935
72840
2661
2715
2007
16905
85524
1953
133503
3660
100401
2208
2373
1239
464133
126984
2412
3207
21315
1092
2100
1320
2487
48489
2145
704907
1512
267759
1431
133539
1335
2382
1195899
65139
1848
387
13149
84615
5328
2166
4707
1143
2982
682350
2001
3786
78405
1764
1641
3786
5985
2112
5136
6897
3171
148179
5733
4944
262248
143598
2091
3978
398994
12852
900966
351591
6093
347454
293511
1085253
2715
4254
11730
59067
84126
3393
258084
32019
4536
226362
13278
1145022
8235
33054
3096
5301
60708
603048
10035
21984
245160
4656
8271
55209
11256
2268
49050
2649
3888
95589
33849
882822
60243
5799
3186
4665
33528
3687
807597
1299
177483
448506
452841
36687
624120
5001
122505
66339
4854
9633
5931
8289
6084
1932
4917
2079
576345
789144
4302
820194
3543
4716
4440
9222
5064
2778
4452
6969
2814
614793
312561
8145
6855
461490
14895
160251
9960
277158
205716
84561
4809
260856
44583
303159
3123
35301
397200
6792
1324458
21063
44448
6099
108558
181830
2712
41664
12162
57261
113868
65268
351000
22614
98220
3471
4299
22383
4752
56010
2358
4659
3828
1665
4581
3399
251889
38400
5175
9978
3393
8463
2697
30012
1572144
17625
32931
1806
8448
20187
481071
2538
124137
24969
47853
224856
2457
15525
83808
4842
6492
3369
4569
136554
360198
4056
12537
5982
8259
1965
4818
4740
479847
4212
28146
645078
190989
2052
93636
8184
2772
4155
5571
4404
67380
5541
13518
3729
2856
282303
3138
2850
13983
438339
2115
26598
12960
8259
2460
7374
3771
5007
2628
149193
192150
3756
8469
4962
86466
204537
8208
12219
7779
4137
7224
73365
6345
120894
8343
2019
504045
219492
11301
2112
5382
27579
22557
196416
1872
5274
5631
5091
537747
253632
34563
3951
151176
9387
827352
4155
20520
1611387
56694
99351
2592
3306
2685
72162
3522
465273
615666
2289
2913
282942
150936
45570
2853
6345
5604
19791
2862
9681
5925
65853
3576
173625
639405
7506
14805
237048
161433
3039
7809
4149
784485
3384
7446
23850
22479
7101
2640
634194
129402
404877
3390
4548
5466
303558
7671
2928
7320
1052946
137787
304032
7266
56901
3786
108549
61503
2532
487554
5502
79431
4641
170787
14754
5055
512358
4011
18723
6513
3930
2388
180462
595521
3780
9726
4233
446709
147021
3087
1338
262899
1506
4818
27762
7701
5268
27459
21372
3384
104370
6423
368145
11412
7056
240612
29640
576180
2286
2793
281010
4086
39900
3264
158973
2601
5163
10671
3966
132975
6852
18009
8052
83355
244554
806721
3006
4629
4245
5880
4605
162069
7875
31506
189012
32913
8382
2424
1175541
4263
252054
475485
130851
931155
74916
28242
192273
44187
4110
4515
12162
268017
1731315
7578
704292
3042
564726
262878
5502
5286
3717
3156
2757
6258
24594
93924
3135
5109
21429
52974
186978
779001
77226
1788045
39501
3162
4974
5193
5070
1968
65088
3126
10272
4497
5331
2667
321843
7584
55308
310968
2370
264495
3705
5112
41979
3933
2406
5280
4485
1914
3846
131526
9228
2169
5919
2472
90528
129846
167103
2016
26826
15594
40653
71235
2982
937200
325335
226782
3927
164592
312525
3582
145056
3999
2721
378177
3648
102735
579894
9693
2763
78264
205920
3756
3105
218151
4083
13662
2064
37752
2922723
21993
4887
250740
17124
3276
98841
3828
33123
117408
4140
49536
72720
4152
162102
31545
832566
1158039
7074
137193
2088
5361
305037
4920
2202
3699
343998
5097
105303
7734
613062
5733
1845
8100
19971
2403
4509
4044
4767
52896
6909
527910
1662
384831
29631
27591
2303658
67455
752445
34155
1077240
3966
2802
251853
4752
52812
1273359
3843
8271
50136
72630
5607
216495
329751
118728
7860
144279
5958
3519
54516
123378
4572
5184
1989
118353
3330
46932
4488
76323
397905
75822
2529
4125
43476
58185
949122
2823
30936
3369
865131
2589
35412
380247
5991
184941
19761
3906
215511
3522
152184
54696
106164
1518579
254448
8568
5181
1974
4959
3465
23769
3186
8631
78453
41010
4656
3732
3747
647010
9429
98766
2370
196521
505950
8286
3342
6948
184704
4299
8325
283584
4176
3564
6480
737847
4191
4398
82317
266940
3903
228879
119550
77958
416790
5457
10878
9321
3552
5061
4026
214383
4332
4323
4911
3027
5055
137052
98505
1102275
309456
91668
4449
5790
5097
31044
71346
82770
12498
6459
13953
401505
4668
2964
6648
216357
9033
3723
10950
7881
612165
14358
2445
340512
278292
127068
3396
59025
702549
3579
9441
222780
126891
69504
177186
256572
3090
3342
331821
186534
4827
4884
106590
83586
37866
4746
3138
35601
5556
573321
3570
37002
95898
2871
72420
4137
4287
23352
4542
4683
392460
3891
4218
6705
126999
2220
25431
278115
3528
213363
5037
5397
1969212
4284
18402
30267
28476
60828
4248
6846
2670
7398
3042
3720
355746
2733
1716747
5994
3558
3897
4113
6570
123363
5937
3801
3549
98811
2598
438516
5205
2403
5733
84885
4902
21486
2010
8337
92286
7035
4767
135195
3438
2451
3828
129462
525912
38550
2736
28380
135063
110373
1884
3078
116358
54432
3942
2814
8445
221571
6885
27303
7767
617307
5007
7233
849051
5295
4557
4473
13551
7125
2403
4806
36546
15369
1350690
277878
4158
1452
17808
174807
4044
3594
1275
2766
128073
2811
3615
20793
9918
9513
58821
4206
23613
153900
196638
396561
43746
3489
62724
444663
5961
197904
2763
2811
1869
5832
64023
242961
4107
393138
21192
43365
4410
3081
3720
3675
7587
179019
13182
4314
451752
558030
5424
23511
62685
141897
7416
4116
2121
15264
502131
3216
9774
84828
415137
4071
252420
2217
440511
3507
2628
1900149
2682
2304
137703
29220
2991
6405
3510
54651
5169
483888
2760
4515
4434
94572
3519
57594
1842
54369
86853
1033377
6924
18864
2826
5454
6492
309435
319869
49344
117144
4074
9810
6363
5451
2520
347595
3234
66138
433833
3234
1010034
587931
4764
1006122
7245
4320
37914
8466
115725
1426587
311130
144930
4932
298800
4929
155568
155448
36852
4260
3255
105945
2190
5667
3090
3528
14073
3882
5277
19917
218268
5172
72840
205737
3837
2193
4653
62814
6198
113382
164283
5592
2328
790440
1851
390534
516744
1857
160890
686760
27702
6156
272142
26022
262527
22941
2967
24282
6840
3810
5211
6264
11430
6441
3330
5466
50721
3762
6774
5682
9015
3015
92532
43431
9099
41268
4020
4092
599985
1156299
2991
105102
4692
991623
31101
116463
16518
37908
27432
93564
4476
281937
10653
1914
446004
4119
91935
392967
4086
4926
5043
3993
4695
82152
91533
5949
35088
6903
4248
5499
55896
175407
6897
5061
9501
2439
22959
5715
3513
260523
762252
2919
8802
3366
4047
3129
158874
2814
80970
4506
45921
1212
2154
3276
200145
93318
840903
2688
2223
2115
238338
3246
2718
3564
8439
75546
320115
614343
2676
2802
2016
38625
242463
1698
2109
2904
2802
190458
2532
291927
2925
1998
3411
849921
1830
2424
620466
4131
454476
4944
3141
57048
2985
1767
370746
1227
1974
4518
1395
2412
2505
86409
2772
3057
2202
1437
2559
140973
902730
3069
637008
2667
3054
1329
2007
33393
1959
2070
215664
3546
3414
1071
14850
5364
1749
256167
2313
196509
3861
5610
5580
3420
139044
2979
3228
109398
1167
2334
365382
1950
129252
7635
15477
63387
3423
158427
37206
2487
3114
49194
1875
654906
2355
132975
1854
1386
26187
121221
416448
1812
1575
2628
2214
3507
3840
2775
4323
3171
2742
2568
78042
891
2382
246
19551
2181
448704
1416
8520
2820
3627
22983
2127
1803
3147
1593
26778
2067
2679
1377
504906
871782
1995
486
218211
185748
1341
2229
155673
2835
1494
2421
43788
2049
1461
2874
2004
1830
3837
2352
6906
2670
2214
354450
1770
821922
1764
35829
1565370
1965
2670
3342
264033
5040
47733
1542
1110
3216
3888
39501
888
2961
59124
2283
3288
70332
2637
2688
2817
3855
358770
652065
3009
2268
2823
3036
472101
2034
4419
113736
50781
146331
2709
2670
2856
2484
3834
3087
2361
1380
150756
4071
13845
874398
34803
2559
2337
366918
2001
2499
169629
2736
2007
3864
4248
870663
383436
2358
1908
2289
2553
1134105
1767
1998
2076
2103
9495
3063
1689
2748
2073
2511
1623
3546
1080
3144
3660
15708
2520
20556
1863
2610
1488
9003
3753
2931
5601
2274
2619
2049
3411
4260
3192
3042
645369
2298
2337
1989
114270
1212
2028
903837
165342
384
2370
2331
2874
1764
3084
2643
48396
12384
622131
159123
2025
1530
7593
3132
825852
3375
1944
159465
649671
167100
78264
2688
9432
40041
173277
393135
2835
2748
1428
2934
2043
302760
1641
2169
3753
1956
2655
146619
3033
1783935
2277
2178
3597
2772
179244
3816
1113
2046
2217
2916
3063
308880
3249
3456
5589
2385
2877
2160
2679
3429
8838
2931
1893
781098
1515
1194
9039
1851
86691
1992
1344
2766
34326
2178
1887
2505
2736
45456
2475
2628
27318
3522
2688
2115
1767
2427
2892
1764
1317
305847
1878
935169
2877
1896
2697
4311
600303
4773
7524
2661
2559
141225
2286
4620
4161
3729
1101
2199
2397
5106
852834
1869
1440
2436
1440
2301
2061
3969
2988
2283
1983
1911
3825
2301
1797
2340
3213
2346
1851
615216
29232
1962
1308
1887
2370
73587
255711
24891
2499
17961
2502
3495
54399
1119
2178
2436
12147
59358
7533
1299
147270
2986248
1428
3756
1767
58533
2058
1686
2331
3234
52593
2583
2460
2313
113460
39777
4086
10077
34788
1566
2745
3846
3729
1563
25206
2139
4155
2022
2403
1872
1599
5145
1836
1064823
3162
4488
1272
1311
59379
2793
1929
1257
260508
2976
4863
875310
1662
46257
1653
99201
2574
1899
3000
4113
624540
61179
109437
2337
2109
1578
1929
142380
3489
3081
2952
2304
3231
6969
2508
19929
231528
2643
2865
2625
176625
51708
6834
123024
205623
4173
1917
200286
4182
2928
2472
437640
394953
1962
1329
2007
1125
17367
1485
1530
38910
31362
8145
3387
1989
2001
1768167
3810
69351
1953
490560
392052
2118
3273
164130
174645
3102
2232
3117
1269
780177
1872
2565
1075302
6252
1395
3540
4035
483693
1608
2442
1545
1896
1587
2532
37227
218031
1752
3864
2277
10542
181350
524358
1731
65568
2373
3300
1332
61722
1968
79935
23889
1413
1986
2586
4161
1782
96843
6576
1575
421275
44028
260163
1944
5733
2133
1839
2943
22845
355149
2355
2916
1746630
1443
64428
21840
3024
1494
1323
71826
2820
1809
437547
2751
2376
1152
2019
132759
217521
1968
2166
226443
12690
567846
1680
4041
3777
2829
392061
50505
2625
45807
1239
2589
2361
35889
1575
12048
1650
2874
2064
136668
47664
2268
4518
1986
3393
182922
420834
554346
2508
3906
10224
4995
1635
491247
1626
2904
1767
1048104
1425
1413
2772
48564
20112
3366
1518
2592
34563
2604
2610
1326
1974
3435
8061
3984
2670
109041
2541
96108
2646
2850
3702
377559
1146
150117
14130
2712
32262
2670
2259
19812
1596
2919
1470
754875
4215
3090
37785
3687
1875
2790
1485
3711
31176
834174
3900
3909
4860
2442
1869
2028
2016
2415
3954
642495
388029
3321
1545
3771
2406
5712
2253
3480
3417
7218
4935
2718
1341
1473
525102
3363
2988
4314
2199
53229
3888
2205
1179
2127
907647
3879
174456
173952
2598
62106
5841
3171
4098
2352
1488
4038
689400
1647
2568
181590
2412
12135
3495
2661
100023
197103
3642
471063
2505
2442
2124
20256
2268
3009
2967
113859
4146
187995
5871
486
3438
5370
2925
2685
2202
1773
2028
138975
146133
3297
2640
1725
856767
3144
283989
282195
13647
2859
1518
2397
1332
2604
1407
2181
25992
4416
1353
2457
3852
2220
1788
1419
1767
1287
3951
11496
3567
2790
2895
2613
245850
3096
2898
1310163
1548
2163
76593
11703
2274
1554
2091
3024
2778
2619
2616
74778
3423
676638
6249
4020
99807
424287
2112
2631
3807
3642
164601
2040
1770
4905
2565
1857
1599
1779
2226
775806
400521
1992
2076
340392
5292
2034
2085
123870
3285
1755
176877
3978
71613
16533
2484
1644
2646
3123
2073
390597
3189
82533
3615
1836
58281
205116
23700
3099
1494
2229
2160
1710
12795
1845
70869
31311
174495
2433
391536
2301
40272
2322
352881
314259
2676
2607
1350
4212
1725
92868
1743
483
40488
1851
2016
2751
30921
4449
2208
2706
2774397
3252
4575
230466
2658
47244
27393
9495
2031
2505
1476
3390
2496
1347
1527
1770
2793
2130
3903
3804
1236
1197
204390
4038
3201
2910
3267
2163
1239
3357
3387
1173
60294
3846
83055
2517
154068
2235
3087
3837
4002
152142
2712
509034
45123
3621
689613
57297
32010
19518
3453
3570
2172
2739
3684
2670
2472
1668
175518
385629
31776
2823
311706
6036
2589
415611
4320
3726
549747
3270
1812
4104
113016
684573
1911
2790
30585
28638
11676
390435
2466
2685
2367
107058
1875
1980
2679
4137
84930
84036
2493
3840
2976
1272
29865
2763
2922
2175
1893
5028
3450
558
2175
2748
1773
249924
3114
2106
909
2121
1473
1170
2430
2229
2109
2640
2457
1563
2484
2076
1645758
1734
3402
20397
1959
70620
1509
2034
1620
72417
1785
52842
2154
787401
3402
2154
13995
1893
4041
2019
2055
1764
1647
918
3201
2817
5244
2364
276258
2295
1853016
2202
461394
2205
2061
3372
285534
2481
46101
82752
1971
4221
2403
42756
1191
1320
1860
1839
1413
2241
1296
3036
1146
1881
4410
2148
1617
383106
115224
1134
1005
3309
2307
139389
2766
82845
23034
541491
4038
16734
2976
334314
1365
779442
2730
1629
33027
7056
2367
2574
1476
1203
882126
3285
2640
2094
2328
454221
1056
20364
4362
1866
1728
4794
274995
3576
2421
192
1848
4146
97002
82347
3900
27174
987
1698
156597
2991
2706
5229
5775
419274
15828
2136
506721
1827
3285
3384
2133
284988
1953
3549
313089
11937
2487
4560
3042
1374
3315
187536
2661
1416
7953
2310
1593
2415
1842
3819
2544
71970
2631
2172
466005
1097379
1353
2223
416970
3825
2151
2709
4833
240828
5976
358506
2718
3249
3570
4452
1326
1740
25302
2985
2097
45195
1551
2127
67953
1274562
341343
47610
26985
1341
1170
857232
315156
2544
2601
359031
4650
3288
2205
8079
64407
2217
2514
2010
1695
3666
298395
3102
886353
1539
3114
2184
600711
159867
933
2598
3270
3165
155289
2349
1140
89133
969
784659
4014
2088
2631
112710
2568
105714
87852
2478
3069
1803
3108
2358
91596
25866
3306
167967
3330
1569
3432
1449
3780
2607
2367
216234
1134
318393
2637
3537
3753
26295
3123
3030
3537
4065
2883
172956
2685
101016
1665
24435
3456
4584
1701
25221
1872
42153
24333
2070
2169
23952
19902
2697
4095
1863
2712
1641
1914
746178
4221
2877
1803
3879
1785
24639
58620
128073
4332
3237
2742
4029
3576
2847
1986
3270
247509
2172
9132
85155
1791858
2685
165417
8838
443496
4725
1911
3615
3846
297
2136
22545
186471
3948
3267
3165
1875
2595
1857
280173
1881
8586
1722
3543
1410
3450
2061
3621
1749
2484
2316
3213
3234
1336644
2640
1056
28761
5472
1701
1611
2301
1755
476637
1818
1212
3366
73338
4011
2610
86022
2292
393
47067
37206
1671
464991
2040
3744
3048
2055
2976
112266
1038
2472
2499
62667
1314
43704
2391
48684
2376
1890
2421
1941
45912
2496
2667
133065
2412
2289
475902
71814
2769
2286
2772
190644
4251
3504
1977
1965
2826
2676
3366
1746
1617
2112
34329
2943
1371
3516
1650
185946
1050
1944
265908
2796
2490
3369
4002
3363
2709
1245
1476
2361
21960
2190
1311
938703
427215
2436
1080
3225
3690
2364
55416
74721
2598
3318
2211
672468
2184
2322
3441
35196
2526
2073
143592
683220
2175
2373
1824
3480
3594
3597
2865
2562
81186
5544
65082
1197
2496
2214
3213
4392
1962
2928
4959
2247
43752
2238
3666
2349
182748
2166
3021
68253
2967
3003
2892
403341
1959
260859
1518
1731
34497
2847
1290
3438
3738
1335
1548
4497
2409
3012
3480
5553
2478
5133
1845
2130
4188
2367
1188
2007
26064
83103
2832
659562
1368
2469
3210
2217
52086
1779
1179
5709
2799
31845
2208
174291
1260
2160
446739
105693
751431
2280
642534
16905
2592
2277
91026
587229
2217
2124
390702
4911
1710
68304
36306
2853
1119
2553
21537
1533
2658
3372
24294
2988
2328
2292
2709
2016
2403
6006
1989
1734
2363916
2931
312408
1848
1797
3822
566640
2421
3132
2631
2829
1710
157257
1192878
203103
1365
1560
83289
3561
2016
2709
315630
2607
39627
3105
2202
3870
11016
1941
2919
2685
1902
1332
3435
978
62637
2226
1557
132141
862545
2283
395406
2862
5391
1719
76938
415116
1434
640035
3195
4050
2628
1659
3564
851436
4344
2796
3177
3801
2034
2193
79968
2964
5229
2496
4362
856359
2202
2382
2616
2841
1869
79908
3933
3513
4440
1929
303114
3045
3003
1839
1938
1347
1782
2745
3891
3222
3822
2367
1005
69945
2832
1365945
1332
62592
1821
189366
11832
4173
80646
1725
319368
2721
2532
4152
1911
112149
3327
1413
100932
30252
3870
2262
4686
1953
3444
4497
1833
3780
2937
505002
132117
1566
1275
2442
52755
1258563
1707
4125
199767
2988
2292
2235
3114
2814
1587
1458
3912
2631
1362
163374
594189
46443
2559
3087
424191
3876
15438
1488
1410
5142
370512
3486
393285
2496
2742
1521
3726
2547
2055
2793
1440
1806
72054
1539
3000
4299
3882
2007
94281
179688
28242
1857
13338
1602
1236
2493
1338
3192
3051
4209
1269
1326
808515
3570
3510
3537
1650
4176
2199
2547
1518
22416
4191
66735
1857
2076
59649
77127
2073
2757
162993
170988
4131
1473
2490231
3426
1542
3570
9399
3129
19749
3129
82071
145656
362754
3075
2346
4917
2502
24249
2901
1530
1860
2208
1989
169317
3291
3057
2736
3003
1917
1719
1776
5049
19080
1167
249723
2019
4044
1004706
26886
2382
2100
2544
3222
2034
4515
2514
2979
1665
578076
3963
6189
1362
2424
1401
2715
1758
4779
2310
1489317
113592
1623
1233
103485
1695
2046
1542
6783
1824
1770
2058
4209
15786
2178
1788
6291
1971
2568
2550
2481
87468
2151
2220
2982
2319
2220
12300
17559
2214
2778
2274
4632
3213
56934
1671
2511
1728
2541
2004
2292
2577
1788
934698
3153
3828
3324
2490
3516
3393
1776012
415968
3045
1353
1341
2076
4929
11853
589998
3024
116121
5031
2949
1140
1266
177036
3645
1413
82218
1092
2610
344685
36702
24633
40236
3516
1917
1731
1731
1476
3525
2985
56349
1944
2529
297786
2415
1596
2916
598182
2184
10959
1680
1353
281760
1836
4929
1800
2799
2763
1857
4020
2355
211068
1335
5679
304854
3267
2289
3054
731463
3468
166296
2046
2070
2319
1887
1530
2373
1776
4716
2649
513717
1461
2019
2724
2778
119760
6354
1929
2133
3567
225750
2244
166449
2607
544716
2166
307731
2272143
3381
3702
127425
1647
2292
1692
1101
3678
14547
2073
2367
3339
1377
1443
50496
93288
12357
2091
5478
2343
1524
2781
2520
355083
1725
570150
1980
3294
2970
226746
2751
2664
3153
1503
2112
1152264
2679
1542
3234
80778
4503
3666
3297
3846
3897
2193
1266
2265
1860
2484
1299
1223061
1293
5544
2934
1479
2016
318045
906
92421
2439
1431
498144
399378
1824
43737
2190
1668
3450
138123
4623
5403
1971
5271
2046
3354
1620
2256
116520
2349
8007
2094
4194
3381
24768
2388
2079
22305
1743
1713
2040
27987
1644
9966
1263
3780
46953
1734390
149211
460377
118323
3504
71022
3429
1422
1821
3570
202638
1092
317889
28347
1704
74031
5091
3735
394575
3369
1506
4485
1356
784485
1401
63291
3486
814770
35100
1524
3981
2727
2280
1719
1791
4203
1191
2544
147981
385677
119022
232389
3927
2238
3360
368730
2913
1653
65340
23523
2541
2580
1344
50424
312480
308115
2652
1716
120822
18597
1377
3963
2313
4200
46662
3555
3357
2028
723312
1701
3537
29391
4269
1836
26808
1311
3024
2094
127299
1095
1305
8448
2973
519339
2382
3984
1782
3816
1710
253038
2310
2394
1941
1647
1314
3162
2043
420399
2310
565446
34125
999
21999
3183
2166
1560
28542
2256
2151
1968
2478
28395
2637
2880
8403
592632
3582
2724
2970
1932
470979
73572
6546
1728
2157
2331
4398
29559
1581
2709
193095
2715
421917
2190
521520
1848
890943
7749
1488
1410
2670
3828
1614
1527
1299
2247
2964
2202
1256313
2910
75147
91281
1440
2301
2691
2304
2610
153879
4212
3192
1986
2328
2712
1932
3390
1809
2622
2301
3210
3531
3654
5541
2427
2298
2823
913011
336879
2826
3009
2103
2184
2490
165576
269718
51744
1695
14331
1275
1632
64479
371139
3681
3810
1428
2100
353673
1815
2124
78918
1395
3411
7737
1974
1773
1995
4761
2358
3075
1761
3192
11583
1581
1908
2784
2130
2709
22134
4095
1094043
2028
6960
9954
1164
7743
1947
2790
5268
3177
3120
218439
2154
1188
4989
231783
2067
2619
2997
18123
880155
997086
3405
1548
2751
2058
3249
252840
2112
1368
3888
1479
13488
1737
2376
158742
2655
3390
3015
4059
2376
466803
3087
2469
1878
2907
103677
1881
65076
590673
1380
2208
2445
3609
3012
1812
4302
334773
140991
2256
455253
2991
428202
3753
9045
2268
2562
2001
2295
22260
159180
2166
2598
1203
223353
34722
2013
2226
133710
9933
2733
2913
1824
677271
3309
5688
2400
3492
1701
1539
189366
2421
179874
2379
1914
3186
2880
2337
1830
4092
2163
744036
2652
6447
2763
2736
2013
2145
1389
1989
1410
2382
75279
2439
1959
1791
28935
1854
41895
5130
309678
559338
1770
64257
2745
4380
43083
2133
1767
39687
58797
3003
47250
2595
2478
1590
3252
131001
2664
2100
1533
18246
3642
17931
78762
2553
41238
2703
1656
46362
1222791
3720
1176102
15843
2268
2724
70578
3138
114699
1260
145947
2571
267696
13518
278502
2913
210270
112515
2616
823605
2718
5319
2511
1233
4806
15549
134613
2694
1296
2268
1728
3765
37860
3666
2415
2994
1821
1302
1998
7080
533967
2418
632796
2337
2829
2214
353583
2184
913620
2628
176649
2325
1287
5625
2622
2460
2655
419265
3858
883998
1725
2013
1793433
24216
3291
28335
761463
172692
62490
1272
2271
4569
298692
156114
3183
4911
24702
1674
304857
639039
3258
2778
2178
1944
2718
2832
2208
30894
3447
1950
2550
431223
4167
5796
2481
19740
219177
270135
171333
533013
3030
3012
1905
2670
591843
72390
3684
3786
1593
2898
162636
1674
1497
1896
3630
4833
3447
4380
1173
3120
3150
1800
2532
5016
1071
114747
54912
44103
3024
127440
1632
397716
613353
1341
17526
2394
1596
1760121
1980
201357
23187
2286
3480
2880
3093
942
1281
187677
81825
170310
176298
3480
2454
3093
4239
559032
1404
2919
2094
1463976
85494
3804
4911
336228
2349
640791
2895
2847
3225
1938
1887
2196
225453
1350
3114
2886
3030
3129
1710
3036
4512
4716
1986
42927
221712
11781
2235
1980
2166
2490
4740
3348
4632
71208
3678
2937
1830
2952
1293
903
216390
4605
211401
423060
3258
19911
17400
218733
236061
1611
34374
1869
22563
1950
1518
2742
4962
1767
4284
1380
4209
3873
1968
3522
1680612
238206
1965
3138
325485
1545
328848
2772
3549
169968
22431
3915
44079
2289
3096
3849
2478
1959
931191
2853
212109
26103
1284306
2352
2055
2199
3027
1716
2274
1395
2925
101544
3354
2856
4059
224100
1323
1656
6537
1218
264729
5790
3045
1410
1449
149109
3354
2319
112146
4572
2073
1821
2403
20034
1575
1674
1026
40236
50769
1632
1953
4098
5502
3447
3660
21183
1245
1509
53349
3285
2661
18423
4362
1116
1566
1032
1677
1536
1893
3975
101688
495765
2037
2217
3477
161316
3918
6270
1284
11247
4455
1758
108423
2592
1506
35418
1269
2316
1398
538464
2142
236907
2730
43893
3885
90588
4638
4551
2097
2601
4026
2658
707982
3813
1863
451869
1647
147282
1536
268467
4872
1446
3885
4113
58122
63150
1668
1779
112296
1611
1503
3900
2433
1593
2106
2568
2637
1569
8214
1356
3219
9174
230646
177708
68679
2538
1986
2151
945732
1737
2133
48618
89793
1050
2184
36438
3519
1926
101253
1419
9336
1671
26118
133833
2511
12450
2631
1932
4287
2103
808683
3735
2127
1917
2076
1794
174396
2487
130425
360327
74328
1854
289131
4005
2112
2184
2070
4311
3246
88284
3027
2166
1287
612288
2814
2019
283809
1458
105135
2991
2580
493965
842850
4245
6420
1608
1404
5592
19353
2622
2202
2277
3123
3150
1443
162129
725949
508866
2451
2196
1845
2622
245565
2874
93345
2655
3312
2883
2730
4533
43098
3567
1254
113367
3276
1908
2292
1866
2214
40446
50157
1644
1539
2577
301713
1860
2448
236949
3408
39015
1299
4215
2610
2067
2019
2220
3420
2652
2328
1386
4314
2970
150825
1533
715134
2664
2610
1848
1581
128430
2847
155589
4845
2193
1896
1305
24390
3678
4464
1833
134220
96618
1461
2262
2028
2892
418437
633
2685
1803
2100
177102
54336
2097
2433
3015
1467
2583
13578
124221
1914
1764
1572
2859
2877
2196
41202
34050
3018
1974
1584
1755
2961
136731
7704
3543
3948
1107
337071
61026
1305
2427
2982
3885
627228
2712
231057
2070
3327
2118
746835
2751
4461
24591
3900
1710
4050
400914
6987
2664
63135
987
330180
2478
2070
1857
2664
1953
2166
1164252
2340
1572
1884
2964
4659
259809
2331
2370
4851
5151
1947
2064
2622
531729
2013
4005
3465
2859
2184
2070
2082
2748
1299
3303
2850
72666
1980
23406
2835
2451
149433
3705
3780
3516
393090
22761
122553
2463
2268
1827
2721
9228
1260
1153458
4107
2865
2784
2718
30849
2589
311055
2808
1101
2670
1917
1836
4749
112053
110289
217812
2637
325341
2307
115122
1446
96567
42444
42666
4866
3336
2529
1008
1965
1779
2973
2346
990
1593
30465
148536
3036
5361
59262
3015
270723
71187
39006
1491
128667
485142
95928
2184
2445
1440
4374
2244
1422
1431
1239
2193
2328
2430
869520
378471
2118
508176
1422
43029
47637
3099
23196
2484
3051
1251
2760
74748
2400
1872
2748
3021
27237
1686
3189
72519
3384
2655
2220
727986
2340
3009
2754
2898
1050
41436
1977
525
2844
1944
2250
1662
1248
3876
6039
511491
1394007
5757
1602
102174
2652
42129
2901
4746
395640
2580
892458
1761
81843
13383
2007
2736
2625
1407
3828
1617
362916
2763
2121
3102
318699
669210
2232
1752
4464
2553
2679
1596
434451
2214
2361
1974
89325
3045
1860
552726
1479
430002
210342
2199
2526
2055
897618
1053
3114
1179
52476
3354
2196
18435
1815
3369
912063
1716
4956
35898
4326
2086983
2832
172038
1416
4020
1662
2403
220161
126207
2019
2868
2556
41970
2013
1263
847860
2247
183798
4065
2124
21717
1869
33231
3054
657
2847
20499
1752
1641
2382
2964
1145397
1938
4263
1539
3660
1542
2184
990
1581
2082
432990
3483
1407
1794
1311
2667
3129
294741
2184
3570
30726
4011
42474
1824
227703
42696
2850
1185
3471
2664
3609
2271
54924
2178
2694
1308
304116
229014
3216
1674
173508
3975
2973
278058
5487
110949
520119
2838
115464
63936
1647
22419
13608
2535
61812
2649
2571
30498
1724535
4326
97953
2790
2091
2586
14079
101895
675324
2973
1182
46566
5172
2400
22941
1893
75693
14061
2370
2067
1365
1959
19173
190113
3090
533037
2031
197487
2736
1905
1605
1551
4284
23256
160563
1791
1389
1593
4365
922464
462384
6585
1551
2898
22560
1935
2052
4524
217596
2601
34290
2298
222381
302322
4077
1800
3882
3225
3132
1875
1494
70350
2622
2970
1350
106638
2526
2847
1890
7578
78027
42873
4176
17784
1830
2700
3882
1176
2076
52401
548403
1185
3972
3297
3771
25890
1311
2076
3669
1242
3423
2346
1974
28053
21465
3408
180042
3645
354585
1287
1866
2316
1515
439986
3261
2094
855231
66186
513939
3261
1398
1773
1704
1686
2553
354804
2847
1983
2373
81402
2934
138819
37800
2790
166770
1551
45894
2643
781992
3885
2625
41112
1833
3159
2262
1722
1188
2355
354090
2559
1425
49323
18945
2538
4824
2682
3915
57519
62172
1869
50184
2490
3957
2136
191076
66381
1755
2199
888
3003
937533
546438
1494
3924
3678
288996
2088
2526
2817
1218
136947
221472
4509
1872
2688
2385
2055
1839
1389
1578
2487
3096
2952
409392
4731
48567
1926
1548
3402
377892
1674
3405
2658
456366
51720
461241
192363
3024
46359
2850
2997
2733
47493
114093
1632
43308
3309
2355
3036
732834
8928
2640
489912
3408
2445
168624
15336
2352
2079
2055
1785
2733
1527
1950
2331
3360
4911
1476
2865
23460
1773
18435
24837
6018
1404
2598
320502
2445
10980
1869
2715
307104
2133
9975
1623
15360
2154
180090
119298
204519
2853
4614
3174
644619
24555
4260
305379
2847
2967
42894
200820
1662
453255
3297
2400
4080
3219
2247
3432
3957
981
3177
2349
2121
3894
74904
41937
45165
265674
28122
21663
2940
3768
3345
3747
2601
47091
1602
436527
155337
1851
235797
2214
2643
1968
3855
53634
1812
76308
2181
56979
4788
2706
3915
23784
2049
60675
16461
2628
4527
2412
2853
870135
253023
214218
1401
308451
1428
2523
2715
333
4263
2181
2646
2274
5178
3333
1851
2277
59370
247755
933651
2325
201162
2205
2502
678837
2925
5856
2727
3273
2034
2808
2031
918
1668
1890
2241
2322
132924
60885
2772
1779
26829
81999
5685
272535
163530
581112
1710
595266
410877
1473
1674
5460
1548
69639
232725
2271
21489
4056
1275
1140
1635
2646
1980
1740
1101
2022
614841
2301
2892
2403
2433
1695
2376
2031
295956
1587
3213
2316
2280
609609
154041
1938
2826
3099
41289
258180
3051
6372
2220
3375
1140
2073
274557
531552
24477
2430
3456
3195
841176
3252
2049
3315
2628
37527
936543
7284
3726
481692
7032
46002
2367
191649
87318
2028
1596
247683
4425
66504
2604
3099
774936
1989
157587
26487
834375
144699
1509
46785
2334
416505
2058
1074
2397
94401
4371
1644
726360
1974
201543
1644
2364
2340
1749
3651
2958
284550
1536
2613
3705
96492
8484
2916
2778
657096
3318
11583
2535
2088
3324
3321
410148
2913
1818
3768
33267
197754
410790
1740
1827
606552
904917
197688
1443
283698
2382
2445
2160
1836
1794
212178
1263
3138
2544
2001
2241
2130
556233
13224
1617
2028
147762
2115
38640
1956
72285
2562
6066
2274
1524192
2805
2301
4674
1575
212307
3756
68874
1770
3759
3732
25200
3975
152658
2568
2577
1839
2127
2724
221094
1704
1482
1539
2676
2877
2445
19053
2919
2547
3960
2670
1608
1791
542979
2688
93570
3369
2637
4236
717894
2001
2694
2058
83643
182535
21183
1336341
2121
2925
2694
69732
2187
1359
246438
29934
1341
2223
786894
2262
37392
2958
1902
321267
1268337
2847
2109
236259
39123
1062
3981
81906
3180
3981
1812
4014
2577
2847
1947
3201
4152
1797
257715
2100
2805
175377
2835
2709
2541
2454
2985
1278
742305
2811
3399
2154
2628
1350
25473
138891
993
2052
1197
4338
2982
1737
1506
1632
10491
2568
36441
549585
1806
507009
2418
1014795
2793
1560
2754
116157
3309
4350
168474
511797
348
2625
3165
1548
1353
97989
3534
11103
341898
3213
309180
1005
3375
1089
2487
2859
1503639
981
1596
1842
1821
3840
2277
3420
1605
117819
2079
2130
1764
1548
2826
2058
2592
2166
113604
44475
2859
2844
26913
3666
1338
3153
4572
2277
1104
2019
289557
1683
2058
2523
1824
2370
101727
3546
80652
2145
196332
3003
539925
2625
1071
2016
441030
3105
385683
2820
411687
2199
147207
1212
2505
1851
2292
3693
1671
54423
2487
2862
2253
246909
1665
195336
352323
286032
230829
3189
1512
2496
2469
676818
1458
3690
3777
2907
92742
1698
101520
2742
2118
119202
2505
2310
79947
1461
35667
4221
2109
5337
273009
3663
1644
2847
1854
152283
2463
1128
394584
2163
3345
975
2877
84096
1221
3264
942
14763
3060
2109
3663
2535
2292
60021
1584
888
161985
29010
2304
2694
1566
1830
175911
116964
2046024
2991
13653
1404
448290
184233
4599
3222
3018
264708
12096
2241
2358
89163
3402
2226
44520
5826
3393
204132
2394
102276
2244
1944
3447
5121
2307
1485
4401
2556
111192
2964
3843
446145
3798
3642
1701
462
315
177
1092
282
288
777
279
414
1146
576
342
1473
483
294
756
45411
585
564
255
483
174
285
288
921
1086
300
219
294
567
330
177
687
297
291
171
297
540
693
1332
291
912
339
546
744
333
177
1395
1383
285
603
294
1290
294
771
396
279
291
525
300
801
288
297
561
975
1971
282
384
456
168
420
564
270
294
303
168
516
1908
462
1005
999
492
381
195
453
171
300
294
210
297
297
201
213
288
1488
342
357
297
642
522
567
300
450
753
306
270
990
348
960
294
261
363
816
294
303
1275
207
267
294
315
288
303
795
288
285
1179
1062
291
303
444
306
816
291
174
1455
174
882
441
753
291
348
321
438
567
438
816
1143
297
1530
894
210
198
771
450
1128
1098
288
471
1038
174
708
285
771
291
348
939
1407
1026
537
1518
585
285
180
837
1425
663
294
795
294
1995
288
171
369
297
1206
1224
276
1146
37341
294
537
213
471
171
288
621
849
303
1731
762
177
390
279
363
993
351
540
363
708
2283
561
1077
615
408
294
390
480
465
177
297
738
1221
1074
807
177
663
294
49662
1092
804
567
183
210
534
261
450
303
582
2457
555
1431
288
7182
375
354
453
168
294
399
636
465
1194
411
477
216
900
288
276
756
456
1638
291
207
474
357
291
1224
1323
810
291
738
549
2181
300
633
297
531
285
291
171
468
294
327
258
324
204
987
570
522
531
645
438
819
690
113826
1599
459
906
453
579
288
279
624
564
960
354
447
1116
552
198
294
630
507
2493
867
1002
789
288
1050
600
282
270
285
195
171
363
297
291
1350
1122
291
1122
558
348
1029
294
957
1419
285
342
717
195
1791
285
579
300
327
1026
300
537
288
630
564
381
210
495
288
1338
474
756
288
462
567
291
297
462
555
459
303
279
483
168
297
519
285
357
1776
678
576
432
1464
879
345
933
969
1806
465
618
40170
747
582
387
195
303
531
558
1173
849
870
2013
306
294
474
291
348
312
297
705
174
174
201
291
321
282
354
735
1269
1119
294
168
294
204
273
927
213
177
324
552
273
270
285
1269
140187
201
396
53187
687
279
867
171
579
594
288
1392
2670
483
468
288
291
738
294
291
999
843
366
477
435
1017
624
1848
204
780
456
1020
924
249
354
1017
933
540
846
1422
177
801
2445
216
177
372
468
204
273
294
186
462
753
798
360
540
297
171
351
171
1989
1266
291
615
774
603
810
1632
786
1095
648
300
663
297
342
915
192
204
267
1149
462
642
585
399
366
303
750
801
684
210
462
327
1266
732
369
330
303
717
282
621
1566
174
555
555
294
1086
813
1293
996
282
711
474
297
354
471
480
588
294
837
1035
651
291
936
1260
1413
303
300
483
978
1125
672
327
795
309
1173
309
300
357
492
894
636
1089
783
705
651
354
1227
567
627
831
747
378
576
303
762
1764
2358
303
351
294
552
303
384
1254
351
351
936
1329
291
1107
1398
300
477
744
285
207
1341
534
996
906
264
789
483
528
267
291
300
834
477
189
210
1065
1704
195
261
1209
357
834
741
1314
363
597
303
609
204
342
294
573
537
1428
522
309
678
528
174
351
288
201
366
336
207
387
1017
441
720
285
594
1185
477
288
651
1104
555
294
471
732
636
273
504
564
300
675
270
711
1254
525
300
1980
1296
387
273
249
456
462
288
579
459
294
567
1002
195
267
279
900
561
1032
501
798
285
348
636
285
900
1002
366
1728
303
273
1905
621
291
873
468
498
303
201
1014
2604
294
450
468
1683
360
267
792
465
294
282
303
735
354
183
528
456
285
294
1002
351
285
1179
507
1386
267
864
360
462
630
297
984
579
972
180
294
1416
177
267
834
309
894
1035
1782
591
354
168
699
1437
1656
729
1254
300
1527
459
291
294
465
396
798
369
555
1605
300
756
609
381
423
1380
381
693
192
936
672
291
345
1086
276
531
1599
192
558
387
300
291
1161
363
633
315
2109
972
648
168
381
1266
1422
2697
360
291
351
1284
828
723
1458
204
468
354
684
3075
453
426
453
216
2511
636
462
456
978
576
285
909
366
210
681
297
396
1320
552
171
768
567
390
939
342
279
285
507
267
53088
516
447
285
294
210
852
297
639
1281
1572
1338
1167
585
294
393
714
351
543
216
21159
59028
474
351
384
291
459
309
294
264
327
438
609
168
558
903
786
768
792
198
819
360
921
519
1587
609
1329
303
720
291
270
1677
168
177
867
582
474
324
291
405
294
1089
291
288
294
1953
1956
387
180
1275
288
357
171
624
468
294
741
456
300
567
1029
171
612
714
168
384
855
294
294
774
891
210
1650
357
801
294
297
699
294
807
1071
357
204
309
291
621
669
1524
291
294
690
351
648
294
687
549
300
1323
633
357
168
756
810
915
267
519
270
1203
1224
1230
843
180
390
216
351
912
348
540
585
744
396
195
873
570
528
1362
282
387
294
354
480
708
294
663
516
567
1533
384
477
534
669
294
270
180
357
297
38985
1632
2421
102411
2628
2178
55005
284493
1695
380169
3420
3474
2463
1167
140736
2073
149229
3660
1155
2319
1890
2556
1098
2076
2679
3267
241749
2838
2418
4257
20274
41748
2292
2391
4842
2214
2364
317106
828
3777
1173
2955
117474
4578
144009
2823
21330
20727
2256
28878
3624
2568
3621
8865
1908
265995
1911
22986
1731
3396
2733
2910
2745
1692
3105
23388
1506
2748
30147
3525
3528
2973
2238
2538
1815
5505
1692
3753
4779
3435
20769
2172
2637
2832
768942
119103
1065
2790
2235
3558
547866
568173
2601
2034
378609
1311
402105
3189
240273
393
4092
2787
2661
62652
2268
99705
61227
2427
112020
2163
2847
4053
1461
3150
1740
4179
2622
71370
14019
724494
1758
2904
2895
128760
2212653
2496
1455
39861
2172
2622
2238
2013
1965
1710
46290
61503
1452
376920
194694
18669
1803
1749
2175
2562
223032
2952
3363
1257
3708
2802
2016
2307
1620
46647
3372
21495
2037
4959
1107
3609
4623
1179
1746
233307
5649
18897
2427
2031
2421
1008
3192
34779
1971
3123
1713
3771
1362
3537
1665
2163
414522
1614
2601
2598
3390
1779
506622
2367
1842
2709
6861
1581
3678
2487
2928
42714
846327
1917
3708
187134
534075
3660
1821
3249
678240
1830
3252
36144
53163
2928
85194
17556
2112
4578
1422
1059
1779
195270
2142
2949
40329
2130
2145
1860
4794
67620
39342
2049
2307
474771
1494
1851
1419
2238
1620
3006
115689
575529
1410
1884
1766865
12315
4134
100977
2916
131928
2964
156609
1560
1989
1719
2352
2592
2058
477294
1566
3129
3345
522699
278799
2295
1123773
2796
2016
2097
4137
1671
154194
1926
2607
2814
375978
1950
519
1608
294981
2502
3183
2760
1656
25809
2331
7236
2694
15429
75012
2496
2109
112056
2760
1572
2694
659922
234924
235005
2793
2307
1842
451617
1974
119682
4104
1839
3183
2457
1590
1764
3096
1824
1713
1914
336903
2121
1773936
1683
2091
2307
2091
1929
4344
3921
2919
3090
28749
2694
1692
1113
2205
2544
2016
2886
2565
18309
2157
6486
8856
2298
1830
3450
1626
2271
2283
1626
2625
4023
2580
2145
3771
10662
2427
3888
2490
2508
681753
3315
37323
2706
2070
103959
3000
2475
2985
4200
1854
1428
33978
1710
18027
24360
1659
2751
165861
1839
2061
2145
1806
2028
518766
2655
1920
2514
2520
2013
3513
2043
191721
199485
2403
2961
1578
2106
2760
1364556
2319
510516
3402
2160
3447
2574
2466
3069
66363
1836
267858
2097
4119
67575
3933
2061
3057
2502
12792
89235
137598
105237
1866
2232
1551
459999
1140
124761
2184
1737
3222
15441
2022
3096
1245
3036
1455
47742
3414
110118
590712
2337
270483
140487
38034
1178313
12396
68649
2943
3999
34623
1647
259053
2193
4164
2694
3210
1086
4365
1407
1587
2979
74814
3918
30420
1794
2634
1314
35025
2229
1569
3165
2259
4335
3243
2844
3396
2535
2394
1644
69450
1818
10116
3441
3651
2325
425901
1617
2226
5952
2913
582402
1527
2535
1932
432366
246717
161106
1812
744636
15066
13221
3141
2271
4140
1758
393
2421
2076
1536
1116
61311
1476
174900
2124
1788
3576
3501
1701
2208
2052
18339
534117
268968
306
101706
2718
2880
1530
295044
2832
2205
3309
3558
4026
2202
2793
141174
218532
50031
2472
49899
329727
2904
3009
3396
13797
6759
3252
3912
2091
2847
213885
2712
3762
2751
157491
2991
2040
61425
2016
420564
244356
51480
960855
2865
9126
47193
383226
3594
88071
1218
2265
2277
2424
2406
3276
3201
3192
126741
2652
136683
30477
2715
1827
81939
79818
2190
4092
10767
1662
379998
912
28773
1830
21759
2418
2517
2313
1797
241089
1272
2586
2679
1887
1230
185019
2907
2046
1647
2442
264735
1665
2274
105741
1230
1908
314364
2385
2739
2874
2040
367779
4026
4923
2709
2586
50157
1947
3963
3309
1914
2961
3870
5571
3087
2997
1782
2793
2829
2811
612807
2622
1791
72015
36753
8793
3156
1521
2172
1941
2478
2100
2319
2658
2322
6042
2568
3555
280083
15726
2220
84825
2331
3087
3465
1884
3114
3057
578055
1785
2145
3990
2241
2802
3171
110097
1923
936
161469
2553
2589
3858
3174
2652
2976
2208
33813
12435
2724
3285
3363
3855
1536
1995
4254
58749
55845
86823
2208
1980
2847
2646
450954
155412
1782
2784
2661
1668
2544
1650
2001
2007
3984
113670
3726
3048
1653
2001
2913
3087
1920
1767
474837
1113
55524
1689
31218
2604
2625
1317
1887
7884
65775
1734
366465
2274
2448
543
1422
1558299
468108
3030
2394
2379
33261
1998
2082
1554
50958
14238
3090
3168
2913
1863
11544
1689
1962
4827
50592
48033
3378
245988
2910
71223
3117
1665
1776
2001
1455
1659
4386
2862
2871
4029
4161
633351
4302
1707
3909
3084
3852
4338
2640
1263
2160
2643
1119
1037790
1272
2154
1659
98478
2619
2640
2241
2946
4662
1824
2250
1707
483
4920
1296
1869
2433
54507
1158
55743
2433
18249
68649
3654
2376
1962
1893
359280
2073
2370
28764
2568
903
1662
1887
238665
4080
55644
1500
3243
2352
3327
3351
2385
6069
2460
1464
3486
156555
1614
25239
3453
3582
1245
591237
1515
2142
6186
1890
2247
144747
1704
4023
475470
1665
2124
2805
2184
102051
1827
1593
1578
64407
3783
33822
3222
1266
411213
3390
1635
1764
33978
3732
1845
2712
357930
1122
465309
35712
5673
929817
17967
2520
3759
176280
320202
3174
2289
4173
196791
54309
170676
1308
246036
2676
2994
1380
1941
714504
2937
3033
1467
1983
1389
2067
1581
121815
1638
3828
22116
41409
435405
3327
1896
1269
1908
2688
1908
1617
342993
1632
2733
3525
183669
2562
527286
1911
2385
2271
5577
2085
1572
5082
119130
1017
2853
4245
2058
764175
301059
75288
2955
3222
32007
1962
123297
1497
3594
571608
7737
1263
1827
1821
2907
1494
485478
2856
2343
4707
1545
1041
60201
3231
2232
3792
3663
1068300
15984
892584
180711
24576
475413
2358
66552
1029
3015
582111
2196
633
1509
3408
4692
31704
3516
3087
954
2235
1404
3042
2982
1392
1542
2106
4509
2799
2430
3405
3468
9030
31500
1560
103257
434499
589938
1266
3807
1908
69294
2409
384
1470
2781
1785
1338
2001
2220
170796
2865
2286
2211
2445
2439
3717
3468
4671
44409
1650
349149
2352
2085
17907
60735
17280
25332
11223
2799
78345
10140
423024
39249
2058
3108
4128
42846
54891
943953
4992
34164
4338
132429
725697
2532
2862
384054
75150
107760
12255
214734
6063
139005
76092
109842
1087050
434112
240471
5436
11469
4068
4170
28656
4296
2154
14451
66555
32973
1611
4719
3381
653037
3333
91698
3948
2079
191052
503916
5019
5403
5289
190152
5445
288738
2130
3795
744462
11046
3459
76335
4584
271962
4272
222303
120651
11709
68811
4125
410403
3999
2235
10551
2004
4497
3501
5670
211752
5250
2907
9339
2931
95481
149997
1115367
394392
11910
3426
88359
92661
3150
2799
9591
13719
96513
296427
3411
3411
4554
220944
1929
12054
5133
87966
232143
313029
2406
5325
740172
2346
65133
701352
2601
2760
215079
132348
229386
251859
2238
2730
2325
321957
193128
5337
104358
84708
2397
38094
5283
40224
7221
575718
45690
90705
1191
76341
6117
30819
1866
401541
3393
2388
130068
4599
4023
28965
275328
9057
208392
6426
1966503
7566
2493
16809
111531
5814
3942
5268
13446
4311
360042
7953
1685775
25344
5628
4590
11589
2313
3408
6255
46863
72453
2466
5265
2769
4932
93402
5499
3246
430812
5985
3651
2784
85443
5205
5190
12459
4950
4464
96885
4923
3189
129345
3117
4575
2637
42789
608634
4536
39501
12627
18819
140034
101472
2583
121641
50832
5409
9618
3606
214731
1785
5895
29109
7056
615147
4431
853425
3753
6840
14751
10473
2031
6177
746409
620544
3540
20076
258963
3366
3228
8256
3618
9534
177882
4713
10371
2178
136713
1482
25122
15822
54144
4830
6351
31827
346350
2892
391299
8919
38292
7386
3651
513870
2679
203457
3516
4953
4992
64719
249018
3684
406104
50358
5358
1746
7122
6957
183621
6045
4122
42345
962943
3297
88293
132603
6471
3489
10404
6651
10914
4290
501663
4914
92430
415632
6951
175704
66126
3309
3684
449397
2469
5919
1596552
303168
10416
1788
134427
34494
4227
1479
2898
49554
4431
495333
3633
10368
94806
4905
61002
62433
56994
22821
3582
1031187
15354
3147
4656
3339
250509
64302
373701
106941
3951
4236
6963
3387
5610
4947
337767
4536
53304
2952
430392
1009341
15351
564150
3864
1012470
7044
102084
1317
2577
3957
2745
24444
5607
25965
212193
3759
95313
194091
1980
2568
3222
55692
2418
110259
172362
1764
6762
790857
395820
161562
268197
80847
6099
4629
449589
420759
3438
8214
591120
26994
4122
4230
9231
3147
3087
7182
3267
7455
2952
46020
4605
4296
6018
6039
7152
3312
84300
50757
44808
5082
90264
437934
1221678
116151
960312
61944
4275
113397
12729
2691
42534
16188
2160
88527
5124
285588
1320
448743
2379
96783
390819
5250
4410
4023
3732
94149
84174
2940
8262
40218
15960
9477
9681
224961
3636
4329
8892
4623
28014
2532
265620
764457
4485
6831
5463
8106
161712
94473
52143
7170
91470
4674
2751
6384
2205
676761
3729
1623
82854
2166
4488
2586
4152
2973
4221
3489
2112
150354
6261
5226
253590
155034
5169
3054
394290
3330
6153
1251681
3570
5040
616977
18654
2640
1007730
78078
3696
3312
5814
51246
77817
3438
3969
266655
18849
2751
6468
30615
202845
4533
900276
243012
41088
6366
61368
1998
601173
24255
244611
2190
8277
56340
11625
1902
54891
2718
5433
90981
28416
1959
884247
55800
2928
5217
3915
33363
12474
4227
805353
1983
172602
2754
444594
4095
444756
5685
31413
628842
11220
183972
3123
3915
2400
3609
11799
2409
6162
2934
577257
3210
787443
404553
413991
4299
2739
5097
3945
6309
1809
3186
2628
2961
9363
597582
5328
313473
8391
3588
452619
21573
1929
156972
5712
45465
237147
288828
5661
250032
46830
4479
289317
10911
4983
431442
4182
1320636
4200
20745
44130
5988
288867
60558
48870
13806
94692
63165
5058
343365
3096
19026
3606
97458
5523
29691
4572
49809
4734
2622
2949
2625
8550
2403
256425
33858
3465
4164
3519
4350
5361
26382
1589829
2181
31527
6054
3165
15081
2658
476541
9765
129531
22218
274860
20241
3318
24093
54861
5793
6024
4950
140976
364221
7608
11220
9786
5436
7716
8055
9141
474417
6954
2856
34701
834990
2817
5889
87684
5880
3240
2676
10002
67542
9393
9129
4233
3660
287364
7038
9915
10920
403230
37833
1710
35952
4071
6411
3012
5058
1155
3396
344838
2253
4038
10674
8487
85080
198540
10167
7647
3318
7557
3840
71643
4254
124818
2985
140931
132837
467946
2439
32619
28539
200001
5472
4989
4362
5796
536427
255735
33504
151554
13563
52650
771621
1631238
159054
5433
2178
5745
2028
76212
6576
1080978
4566
275502
106707
52023
49458
1731
5913
4176
11223
5118
4047
9537
64302
6534
803514
4302
259605
170046
7659
6450
791367
4140
53682
2649
771408
403395
4887
7743
309924
5628
4890
1504968
6432
53118
169275
6600
495627
6123
78738
3216
3756
152328
2205
7746
7887
516504
2343
21312
3156
6045
179331
594252
4194
16104
5478
449889
116625
27174
2757
263628
4215
2220
4959
34233
3822
2793
23241
4278
3684
100017
3951
3252
363558
12426
6075
2601
12228
831315
2964
2073
8406
266292
5118
5364
35451
3342
11199
162357
3636
14679
2205
63375
73488
4011
13188
9183
8763
80721
237285
798042
8187
2664
4425
3612
8205
12339
163491
6153
1698
8151
19752
223614
8691
1174200
3318
33639
224751
604416
638346
287478
68826
3981
21408
240489
2877
15285
6534
268638
796284
648633
217098
63210
12915
710637
2226
155850
403077
268911
3087
2553
9633
3717
10059
6168
62346
43617
1638
4296
28941
54978
2400
181440
781551
8328
1867677
40320
3480
2850
16047
4140
1905
66687
3624
5292
5976
2853
6993
314754
4593
5199
39864
27954
287058
270222
4671
4722
43257
3384
3453
4074
8325
3909
133659
5319
5811
7170
3231
227826
3717
159501
2352
4152
19551
7644
7233
114630
48540
886599
330429
226110
5436
156951
6921
311583
2694
140496
5622
3282
2553
376029
100845
580338
3201
7203
2961
74073
2967
219963
5802
4464
204852
6702
8811
11796
3354
23838
2938122
32100
7167
78087
165648
4911
4227
105024
33717
123141
3384
50058
74079
193377
1911
824925
285825
865869
8646
5970
131688
3783
3132
8715
305910
2751
8694
348300
3984
36060
61626
3870
8688
609543
2412
7299
3147
2892
17535
3864
5493
3306
59847
3732
33024
493026
9186
2688
415341
14010
2305752
71064
755904
1114530
3774
4323
64266
188034
4236
45432
10140
1265586
1926
3498
102249
4131
214365
450405
10479
5538
145002
5712
190578
13413
3693
8016
76578
39696
3759
4977
1872
1746963
1407
63177
18168
2925
6258
1953
67461
3987
1920
441021
3201
2952
1911
355206
2340
228462
10425
2205
561213
2085
2670
2439
3045
2409
387843
54039
50715
1785
2295
2172
31983
1668
2931
5970
4575
3171
1290
192672
2442
4221
1551
610746
220503
325089
2316
6096
15309
2673
1482
488352
2004
5247
2289
1042320
1635
2025
3132
3582
44487
3540
15036
2748
4251
1296
35799
2550
2646
1860
1056
4161
3087
4833
2481
3159
109266
2715
98952
2286
3276
383046
3168
143520
17958
4980
21870
7056
1572
2136
13743
1473
2199
2658
759222
2895
1653
32778
2994
2991
1317
4110
1467
1998
25488
843309
4200
1368
825
3228
2595
3297
1299
3015
3051
1035417
2718
2262
1782
2418
3309
2715
3126
8091
2253
2574
1383
3696
1374
521658
1425
1944
2412
3096
57525
4056
4017
1680
911895
2112
39162
130242
1404
170445
1968
60297
9138
3825
1974
2742
1281
692385
2058
1212
181776
3267
13449
1704
2418
92472
2274
193887
3888
2514
468000
2121
1698
2037
24417
5166
1575
1266
110787
2784
194370
1878
2433
2970
3801
2247
2292
1881
1566
141906
143199
3936
945
2463
2775
30456
823986
1824
278973
293706
4068
3582
2223
1662
2703
1557
1215
29238
2985
2574
2457
2331
3051
1866
2010
1581
3681
1425
11979
3609
2547
2937
248922
2949
4548
1309062
1659
2670
84849
2514
1416
2727
1941
5340
1863
1134
78534
4002
672519
3270
1917
2982
2520
96429
424482
2283
2037
4353
2739
168795
3204
10152
1815
1464
1575
2649
777402
3042
397107
2289
1593
346554
3156
3273
129285
2001
1932
54990
43506
68358
4269
2169
70413
15963
3288
2949
2238
2031
394575
2892
78933
1008
4758
288210
3861
1443
2472
1587
2571
1644
13158
2193
66903
2340
28302
1617
172161
2337
2616
383946
3885
43842
674691
1752
3108
2319
6417
2790
90336
2475
6234
41316
3084
2304
2412
30429
4749
1455
2784
1292166
1475085
2460
3468
1950
24438
200079
2520
76707
10476
1095
1401
2616
4200
3306
2340
1488
1248
2436
2829
2199
4197
2559
1236
208212
4131
2544
3024
4572
2229
2835
4284
2583
63063
3066
76605
2433
157473
2901
5559
4569
154662
3639
510114
40161
2952
3525
690591
52980
34998
23850
3300
2655
2730
1398
5412
1302
3177
1476
172068
2499
380337
31074
3552
2352
309309
3765
3573
3225
410469
2754
2928
556923
2286
2604
67122
40626
687486
4296
1788
26373
32649
7560
393771
2334
1080
3090
102693
3027
1836
2031
3540
87054
80382
3063
3597
312
1737
2571
1128
25905
3264
1362
2472
1446
2052
3939
5394
2271
4398
2322
247242
3177
5535
1623
1989
2292
2988
4278
1002
1809
1296
897
2187
2289
1947
1648833
2391
3954
15192
1644
2340
2922
2001
200667
939336
1584
3534
918
234387
4683
2574
3702
1953
4449
79677
317526
617700
3528
1854
36987
2913
238371
1332
1092
2499
2733
2904
191646
296319
1620
2532
3426
468144
379173
2088
1842
616065
4089
465183
59958
2025
369687
1449
1158
3600
2580
1287
2460
90405
2316
1605
2205
1350
1054689
2883
3123
2163
36519
2043
2043
211704
1374
5481
3786
17151
1395
3843
144702
107481
2631
195846
3762
3642
12033
3120
134523
2415
1563
3120
104136
1620
810
369045
132918
4491
2364
10500
2991
58233
2148
161694
36612
2205
55950
2085
650415
2730
137349
2952
2814
23616
118017
2841
417012
921
1320
3426
1473
4140
1584
4560
1488
2457
2931
74508
1911
26796
2898
448047
11556
1767
27765
1812
2688
3249
30528
2622
2568
1908
1379169
3663
213822
190317
2010
160455
2487
3402
48408
2301
2769
4194
2532
7149
3555
2166
2388
2529
351066
1797
1896
17445
798135
1905
1383
31068
1433898
129186
1491
2802
3357
268905
3471
44457
1383
1668
2199
5133
2484
33390
2130
1764
2775
59391
2904
73158
1779
2094
2277
1015791
5538
3021
3762
1935
471210
4248
4137
108414
53937
143547
2964
2661
4026
2718
2433
4932
2340
1713
2715
145416
4596
893631
31767
3195
1188
371040
2433
1380
169758
1272
14358
1785
865506
1668
379149
1635
3192
2931
1242
2391
1134312
2607
2541
2751
12924
3222
1359
2748
2028
2535
2655
2514
882
198
2154
20952
3486
20304
1767
1335
11592
2820
4581
2586
2364
2610
2397
3486
9099
649143
1770
1623
3111
113547
1515
908286
162249
2781
2544
3738
2235
1731
2067
51489
9384
3531
616443
4836
158433
1134
12597
823365
3684
3117
159045
817161
3255
73908
1674
2550
6459
2616
36447
3732
170034
2229
390873
2544
2115
3078
3225
2484
301986
3474
2046
3045
3129
2514
149922
2877
1779393
1650
2103
3075
2232
2577
181488
2145
1395
1872
4044
1725
312759
2418
3084
6456
2013
4968
2634
3135
13521
1803
786297
1338
13869
91776
2724
2349
2448
33987
1314
2589
1209
3726
41433
3036
1827
31992
1662
2655
2727
2856
3321
3504
1899
3108
163272
136326
2514
1629
931632
1650
1680
2409
5121
600720
2670
4311
3597
2199
146565
3039
1905
3720
3045
3564
3276
5748
3651
848256
2787
2541
1974
1575
1167
2058
2133
3225
2445
1260
2316
4311
2163
3252
1581
2958
1422
1848
2973
615042
30858
2685
936
10266
69516
1590
247602
1263
20805
1692
1740
14490
1737
3681
59472
2694
2610
2931
72450
4206
1200
150609
1000677
1978875
2055
2370
3417
2628
54684
2784
1713
3408
2340
1656
52068
3126
1644
2580
109782
1908
39390
2109
9474
29457
1926
2271
2184
4257
1329
29082
4674
1716
1107
2778
2436
3000
2817
3513
1064166
4722
1701
1791
2427
53166
2331
2064
2541
266733
2619
880911
2130
42051
1338
101913
2742
1449
3759
1860
618675
1689
56832
2739
15111
92757
1818
2484
1719
3621
136563
2181
5832
4698
4020
2424
3489
639
1938
255132
2895
2049
176415
54015
132027
201177
3174
2085
199488
3081
3123
2772
1773
433245
2136
389907
1395
4047
1302
1779
2664
13731
1683
1464
1050
34536
36339
3087
1866
2787
1485
1775886
72930
2853
487551
391047
2055
1914
3687
159429
2184
170136
4317
1590
3045
1206
784239
1953
1087293
1941
3759
488337
1428
3171
2274
2370
1428
258018
2526
2445
2433
197043
520836
1884
68736
1575
2655
3600
48216
13569
83517
18669
1713
1761
2757
2721
999
12915
81123
2049
7221
1173
421725
38496
2583
258897
5013
3858
1488
2358
24846
359472
337749
47493
2535
24444
1281
1221
1155
854112
4371
310572
4278
3132
363093
3546
4497
78996
3954
1887
2667
4065
2397
296757
892374
1218
1449
764031
1272
2325
3117
156861
1437
1137
91404
1278
785184
1425
2583
1734
117117
104169
88074
2097
2760
1785
1857
4239
957
86751
4314
17580
3894
171474
2283
1602
1167
1680
3435
3363
219903
3471
318249
3474
2433
2973
29313
3219
2154
2964
3528
3612
148749
19164
1374
104922
28497
2841
1701
3591
21936
4341
46290
20697
3477
1746
1581
18108
23949
2919
1641
1002
1488
1692
411036
333213
2307
3483
2523
1650
1932
26439
3162
54237
132375
7566
3972
2988
2331
3276
2352
252267
8172
1882164
168531
2433
451422
2592
3141
2352
3312
215970
8736
2067
2649
1590
283887
12576
1413
1434
1407
2565
1929
1977
3372
2997
2310
2868
1340292
3417
1755
25461
5358
3126
1521
2112
2055
479247
2076
1830
73179
3531
3033
88821
4455
43794
2070
36522
468837
2115
4362
3492
1206
1830
105318
1584
1902
2454
1572
63942
47169
1347
45513
3072
1563
3051
4473
1854
45732
2328
2562
130665
3411
2931
2751
471057
76479
2805
2799
195978
4512
2526
1563
3360
2373
7995
1116
3891
38151
1590
2022
3108
1824
183693
1872
2277
2139
261276
1953
1440
2613
3009
2127
2256
1587
984
1923
24537
2526
937683
432600
2025
1158
2679
1551
58824
71352
2826
2169
1980
676155
4263
2517
37965
3405
147366
683055
3297
1398
2289
2571
2970
3303
3690
3597
34713
45780
2499
64761
1410
1725
1710
4575
5529
2553
3618
3846
48162
3534
3294
182868
2277
2454
74049
4605
1794
407925
250407
9420
2376
1449
37440
2259
1329
3738
2538
2607
2493
5154
2838
3495
5115
2295
2409
5769
2388
4446
3393
1596
1911
29343
78636
1605
663006
3048
1197
1734
1722
50793
2310
2517
5208
1602
3669
25638
2925
2268
172419
2877
2730
443505
861891
645597
8622
4050
1938
94749
562764
24393
2976
396555
5808
2997
64968
2043
32559
3858
2772
2037
2451
20088
1923
1500
1911
28296
2607
3732
2208
1374
930
3729
3825
1455
3315
2362674
316827
1467
3114
565395
1938
2844
5463
4119
3621
160794
1192896
195168
3093
2538
85773
4314
3516
321525
1890
39480
1977
1497
3537
11010
2229
2628
1737
1500
3060
1623
3066
58053
2484
1542
3333
997497
400833
5010
594
1842
2100
71106
3261
412392
1689
2019
191589
442575
2499
3624
4941
1896
1926
856887
4404
3702
1569
3354
3030
2652
80283
4527
924
4068
1227
2496
2160
71889
1140
2310
825957
1401
164271
3978
3429
3741
3576
1911
2322
857112
2253
3831
3045
1461
3012
76740
2115
1719
1488
1986
1773
302865
2172
3936
1821
3501
1242
2001
2352
3336
2274
378
4725
1473
73209
2160
1365639
2010
62889
193167
6144
4458
84075
322053
3423
2730
1533
116334
978
137658
2073
1230
2226
2064
4260
3780
2559
3363
641766
1527
1554
5112
50829
1258578
2187
203631
2595
1731
3555
2406
2085
2802
1293
5118
1734
168453
590211
46971
1317
2520
428244
3111
13983
1794
1551
375270
396369
1464
3018
1461
2562
1251
1875
2730
2016
75876
3867
2079
2982
2286
1785
89943
4533
206790
1992
9846
2586
1938
1284
2271
2766
2805
3870
1785
1251
808602
1632
1698
3744
1938
2121
1797
3750
1998
1233
19071
1737
3108
64491
1611
2103
2787
55779
79026
2331
167586
10071
156468
1719
306
1767
1521003
969558
2376
1632
1677
16314
24690
598956
1845
2454
2847
2817
18339
2883
2313
2535
3264
3258
173508
3903
1227
2415
1287
2355
855
1665
477
22818
2118
243636
3765
2139
1007727
28032
1299
2805
1509
2118
4341
3222
1953
3456
1440
575355
1641
5325
825
1416
1692
2055
1560
4968
2223
3909
2121
1485534
116304
1074
102060
3060
2904
1884
1596
3207
3027
1467
1392
2919
19713
13452
1698
2850
3288
1995
82041
2961
2259
3063
3297
3369
36276
1341
3006
1782
1956
3894
52641
1881
1950
1629
3204
1977
1914
3573
1764
938754
2265
2091
1809
2370
1926
2439
382632
1387896
419736
2778
1470
1353
1644
12132
592770
4800
117072
3084
2685
1335
178917
3753
87000
2400
1422
44304
296283
40938
21171
39015
1527
2151
1041
4248
2499
2409
2175
57528
2208
3285
5397
293307
2508
5997
1224
601401
2487
8784
1428
2196
286848
3696
3390
1347
2070
2238
1746
2802
213984
6810
309498
3381
3471
734628
2517
161964
2661
2658
1932
2592
1857
1893
2361
3552
3237
2358
510330
1638
3408
2520
2529
122754
6519
2769
1602
230331
11079
154539
3321
2901
155961
382671
1827
311418
2268042
3486
1410
1434
121251
1329
3264
1698
2028
984
18501
2148
1365
3237
2565
1827
144831
5217
2112
1992
5892
3519
2826
1596
357372
572850
2037
4848
232260
2292
3669
3207
1947
1155783
2088
2430
2838
78600
2436
1716
1335
1896
3630
2376
1299
3228
2163
1404
1203
31179
321879
381750
479511
4383
2016
4287
1719
2706
45852
268779
1389
95493
2004
500523
375915
19194
1938
1572
39249
2355
1767
3198
3231
134268
4263
2538
4440
3015
5391
3237
2751
2265
3174
113217
1557
1311
5823
1287
3636
3675
2664
18015
3660
2265
1836
17337
2445
3642
1689
3555
24000
1404
2976
10248
51663
1734960
1959
70545
1482
2013
76074
56580
785457
4131
1671
3384
10092
4134
2424
2022
2184
927
2004
1599
3642
3051
3891
4638
4035
24861
248538
969
1850619
1986
461373
2178
2688
2865
291738
2541
43116
83148
2325
1473
3621
47475
2079
1389
1716
861
2670
1356
3522
1587
1401
8955
963
2160
380412
2082
112401
1047
1962
1986
2904
143751
85353
18627
545766
4122
12690
2325
337911
784650
2367
43743
1698
2973
1140
3135
146892
730686
2640
1764
1914
1473
1995
384729
66612
1797
17409
1767
3735
3816
4728
274032
3621
2322
4875
2553
101922
84468
27066
2709
1935
4257
151365
2541
2868
3201
3888
4113
416658
17922
2208
502539
2001
2442
2982
3261
2571
280494
1491
2781
135066
47676
65169
61932
14778
5544
4485
2124
3339
191844
1782
2181
6264
1284
2052
4206
1680
1479
2115
1551
68472
2670
1605
469743
1097490
1548
3384
413943
2790
3825
2274
2673
210
2748
238251
2928
363564
3219
2568
3072
2802
1728
3720
21774
1833
4206
2682
23712
15192
1530
1116
2925
63930
1557
1269381
2055
687
28215
765840
165702
66927
1257
3618
2847
295365
1620
150993
2568
2880
27342
951030
2283
2625
1182
2478
2106
2790
30303
2781
2700
1908
431949
1608
4875
2613
4539
4113
14136
1752
665646
528183
1905
3075
1596
2940
4347
496806
44097
46260
5349
68706
4848
3930
2220
2583
166353
2298
1878
3375
4641
2715
2016
2922
2481
4998
2436
2556
3306
2988
175938
39315
1839
131466
2487
394791
3930
615618
2268
14514
1602
3522
2013
1754511
1584
200055
3831
5613
10080
2061
2928
3030
2925
4215
250674
18642
355842
2127
1704
3684
563256
2163
2184
3246
1459836
89859
4137
2793
335196
640686
2787
1224
2241
1551
3855
2661
2592
225684
2907
2277
1776
2295
2964
3426
3105
4329
2349
1380
40488
1713
218856
1974
11895
1599
2376
1689
3963
3978
3744
549
2388
66216
3390
2931
1521
1425
1986
1482
220866
2349
207081
2451
417954
2160
2430
15717
2397
13851
223482
110673
95901
24480
1437
2244
29724
2385
26154
2214
2049
3051
3816
8703
1569
5406
2262
3642
2226
1677609
242046
3087
1887
321888
1002
2010
322767
3711
2436
3534
193443
48792
1989
1818
1641
2436
934602
2034
208992
3912
21762
1286826
1425
1905
2553
3564
2871
1899
2574
2214
15501
82125
4380
2076
2700
228297
2847
2421
3684
2325
275190
2385
1836
148998
2964
1485
123687
1839
2148
24012
1740
2142
2541
34932
1578
402
46773
2229
1413
2091
5229
6744
4296
26838
1764
59013
3708
22443
2562
1350
1572
1569
1953
2472
3336
4896
600654
2466
3489
164619
6462
402
1368
10350
2898
4335
112848
2139
37980
2421
3039
541368
1914
234555
2382
49473
93015
5106
2694
3624
7383
1974
1368
2838
704082
1548
2442
3162
445095
3840
150735
273576
3288
2655
3303
62310
24387
41199
1977
114837
2832
2673
2790
2337
3456
2736
2361
1503
13356
3549
9993
3450
227145
3333
172665
3702
65361
1986
1869
2085
941112
1992
1494
146592
945
39654
1704
2079
98868
4101
3255
6090
3219
1752
21783
134934
1944
17022
1398
5166
2685
3231
726027
60927
12474
1896
3327
1302
1461
1611
178269
132777
355374
4104
71019
1593
286896
2514
2880
3051
3240
2199
2607
1410
84489
3543
3195
616656
2970
288603
109620
3036
498807
836814
5775
1221
4698
1122
3789
2094
19302
1542
1800
2592
2505
2313
160269
1407
722343
512019
1755
4260
2583
244950
2823
97917
3366
4371
2793
2088
2949
37275
3003
2631
3120
98565
6984
2367
1656
2415
2973
2676
39102
53055
1101
2229
1464
301740
4257
241911
41673
2367
2637
2367
2493
2226
1773
2106
2613
1005
3780
2142
153822
719256
2028
2370
3849
134754
161337
2928
2538
2028
23910
1968
3252
3036
139098
92046
2133
4167
2829
3330
1617
415665
3777
3267
3480
182775
51384
2232
3441
3297
1371
1425
18645
120582
2181
1734
1980
2223
2100
2577
45633
30393
2175
4500
1743
1935
2559
1329
138624
2109
3504
2364
336585
64470
1692
1644
3159
3075
16053
601608
4452
234108
2769
2268
1935
744234
3606
2748
4887
20337
2949
2856
4863
404709
228
1989
68118
334815
1734
1701
1824
2427
3408
1169067
1806
1437
3048
2286
263664
1533
1560
4956
213
2610
2052
3063
532110
1884
3627
4371
1287
2655
2262
5178
2754
2259
1749
2529
75036
1746
19935
1827
1338
157374
1125
3990
3711
411579
1203
117252
2679
1746
2433
2403
12216
2028
1154799
4251
2931
1758
34956
2835
305652
1401
1398
1443
1347
1848
3894
2013
108453
334500
2217
320013
3858
118671
98439
46434
39162
5196
2160
2646
1749
3021
1731
2475
2235
2874
2481
33546
143421
6141
5163
3144
52155
148656
2454
456576
122910
3612
67599
4320
2898
1560
1818
1953
197682
1263
317220
1635
24087
2985
3630
48825
20088
4587
2784
397986
4383
2817
2994
1944
782709
945
68781
3129
811659
38124
2484
2487
2382
4566
1065
2397
3432
2433
661227
230037
4833
1980
3915
2457
365196
2559
2745
2946
59703
3096
18687
2151
1716
1956
48471
626778
2385
125052
13800
3669
8049
2499
2853
43356
3591
2814
5502
2241
718299
1656
4209
3243
23325
4197
1725
1071
22821
1890
1107
3486
132123
1146
4506
873
4281
523611
2157
2709
1512
5154
1209
250164
3270
1911
1722
1557
1875
2127
2733
423513
605580
1980
17916
3414
3771
4659
5400
24780
1263
2445
1455
4029
1644
28125
2658
14166
592668
1218
3156
2037
470970
1278
69078
5052
2223
2571
2019
2409
1698
27375
1362
2313
200145
425520
517995
4173
900471
2505
2286
4227
2562
2295
2010
2316
2175
3279
3186
1260639
78867
85491
2394
2154
2829
1944
1101
2160
149019
4158
1395
2349
3369
2109
1242
4038
1770
2427
1380
3666
2451
2598
2520
645
4413
1566
1218
4161
315219
6432
582351
339972
1860
2568
1911
1497
169770
266865
54693
16947
1707
442689
3651
2457
948
358338
1611
76839
2649
3393
10821
2991
3069
1326
3927
3228
2190
2295
10608
3228
2703
2706
2193
3528
3423
18729
2148
1098093
6120
2586
6651
2364
10713
1779
5148
1995
2634
3477
213972
2127
1530
2673
236910
2085
3174
901341
2433
1533
454902
1809
1788
939
2646
2181
2016
3414
4242
1659
1941
960
2289
2748
620406
451017
2529
1008537
1872
9123
2253
257502
1734
4095
2661
16764
3699
1341
154380
1881
1206
2922
3018
2517
469176
2811
3429
2961
107196
1674
62880
2361
591732
2106
2274
4308
1848
1584
3312
483162
459732
3318
425229
3309
12828
1320
2904
1641
2802
17523
164754
2034
1599
263028
1662
2664
131394
2121
6723
2238
2892
1914
680253
8694
2649
2373
1755
194010
180192
2562
2151
2814
1581
3510
1128
1728
2790
746658
3390
396
3909
2358
2148
3561
3015
2076
1605
3234
79392
2430
2814
28449
1326
1941
27912
9501
4410
874155
71184
3165
2142
39828
3306
2589
2133
34614
3648
58071
1932
47052
3528
4563
2331
134901
3345
3216
21966
27885
72591
1341
36519
2274
4761
45822
1226103
1175145
22413
3399
74739
116112
1815
3495
144636
2622
260883
2121
9231
281814
213228
109200
1770
830199
10911
3831
3168
3381
12006
134262
966
4749
2082
2103
4323
41724
873
2184
4542
2781
1779
1755
1308
2262
530823
2397
636960
3783
1545
357543
914616
2568
178731
1380
4419
2517
3660
2433
422853
633
3291
879816
2571
1281
1881
1788282
1743
18468
4296
1425
49137
674952
1320
1785
2178
1116
1890
2553
36753
4020
4983
1317
1620
2532
1959
2490
2442
515235
1398126
1908
106596
45153
3366
3144
390282
3840
898665
78609
17694
2934
3186
1686
966
4071
1431
359688
1638
1539
1401
2730
985320
2670
3339
2814
3693
1218
2781
439563
1392
2118
94740
1431
435765
114567
4308
4677
425478
217158
3012
1932
1752
478302
411789
3393
1086
2466
951
52533
3024
24027
2307
916518
10893
37164
2067
2082963
1008
176136
8502
2130
352338
2199
2355
44850
993
850542
188331
2379
3285
18591
1212
36519
4419
3462
17040
2676
1731
4083
3102
1011
1141497
954
2598
1935
1998
1014
2058
4110
4623
2229
438957
2682
1170
2502
1776
2133
298320
2979
34539
2952
38946
1968
274326
3627
2220
5451
9942
1647
55263
3519
1983
1584
298287
2916
224901
2571
3549
2298
168318
5268
2850
282165
4977
105366
525006
119292
60681
1587
2301
19287
2631
7920
2985
64824
1224
2112
26793
1723791
5874
101778
2094
1695
14157
2418
83667
11418
681732
1929
54939
3033
2349
17238
5670
75198
2520
9168
3273
1797
1890
1827
22686
186429
3000
536514
3024
193380
1194
6858
3129
2097
3042
185031
1443
1644
3699
3837
919665
2568
456489
12447
4056
25710
1125
4887
221409
4479
30726
4584
534159
1698
4272
3486
2160
1905
2292
1785
63303
1794
1638
1962
112572
1209
1851
1242
83640
47703
2910
10422
1896
1683
2484
4377
2958
2043
3297
48897
2892
541311
2244
2145
4566
1461
29781
3630
2718
2346
1854
3318
1734
2865
24231
25353
184500
3393
349497
3021
2703
3003
4137
438972
3210
1275
1719
851169
2187
60927
518895
1959
2115
2961
1842
1464
357630
3591
1836
85437
1695
133236
2436
35091
1953
170982
1464
48420
2241
782877
3114
43389
2718
6300
2403
1452
360741
1665
2118
46917
3012
13122
1632
1851
3225
2901
3177
54423
2022
57963
2868
49878
3936
2037
3126
263226
1287
1905
3207
2448
933798
1746
138918
401409
2727
2349
5679
292533
1929
3048
1497
1629
133647
3648
216804
2508
3753
2277
2223
3780
1824
1842
1749
2214
1755
3207
4425
402804
3744
48942
1743
2496
2331
382191
1740
3006
2118
4377
446892
3948
47064
1242
455646
193764
2823
51252
3678
2742
161760
2862
1053
240
1320
2817
2859
736968
5847
1719
494421
1875
190329
3291
2550
3054
2295
1944
2358
2001
1353
4122
2259
1512
2607
19014
3048
22728
20406
4830
2292
2808
322095
1443
1725
7758
2763
1932
307686
1983
14598
19287
1515
177693
329868
2796
3804
1953
642519
24498
2547
3015
301845
3084
2553
2616
40203
1236
196722
3069
456627
4587
1650
6252
1680
3759
5823
1554
2508
3585
2154
3324
79236
37848
45084
2472
262041
4200
45270
5295
2628
3654
5193
2295
1950
40347
2253
2247
429516
4095
151740
2850
240078
1311
2676
1875
2343
54699
2694
70563
2169
63087
3432
3495
25827
1032
60612
20388
1926
3663
2031
2415
78465
790461
24927
221901
218688
306792
2628
3753
2400
4071
3462
1935
2007
5034
2319
2355
2289
63567
243558
938157
206100
2478
682380
6588
3321
1689
3108
2262
1335
942
2385
2727
1758
2553
139638
58200
2655
2976
30882
78075
1407
442503
582381
627309
378438
4080
3234
1752
6456
1878
64635
235908
25920
1926
1869
3306
1482
2406
3804
2241
3270
442890
150225
22662
1248
2733
2127
2067
1383
1761
301248
2730
5190
2751
605193
158709
1368
1446
1326
38541
261717
1035
3390
3201
2421
2124
276954
44004
52020
356940
68844
4110
20076
2394
3687
3246
33630
802080
4911
1884
3231
1995
38238
939924
4530
1314
2664
492060
41514
1872
283284
1950
251175
70242
1773
774036
2541
1422
153627
29841
831660
1920
141264
1257
1377
41619
5544
420054
2013
1233
99414
2631
731280
205827
1161
2502
1638
1599
3918
288444
1596
3648
2871
90054
12579
2739
1554
651756
2556
16800
2505
3939
2835
415146
2934
4380
3291
29379
201897
405615
2325
2604
2313
605940
1104636
1101
280035
2817
2058
1818
1911
4923
214983
1494
4122
2826
2793
2580
554892
2409
7737
2913
1413
1638
26412
118737
2001
1671
35376
1968
3063
67368
2316
3912
4452
3060
35526
1481310
2316
2877
4008
3549
4278
202725
2721
73509
2289
3255
24927
2367
158004
2574
3663
2031
2403
226434
2256
2979
3051
2343
1758
23331
1587
4452
3090
2733
1089
547599
1860
90363
1446
4527
3201
3930
713793
3381
2553
1632
3327
78897
180339
3999
17163
2538
1330986
1545
1548
2985
74205
6606
1938
2457
2229
30000
4395
1530
2007
276582
2061
2724
790620
2001
37629
1326
1266
315141
3231
1263816
1698
993
240204
35745
1800
1440
1944
79062
3585
3510
3438
3804
1692
6240
2076
2769
2997
2748
261246
2412
47094
90594
33159
2049
2649
2208
1770
1725
3129
746514
2889
3075
2187
2820
1146
21687
143076
2109
3000
1830
4014
2598
2166
2625
16086
39339
545454
1503
2157
503007
2238
2046
1008117
3342
1341
2262
120195
3093
321
166389
1989
508032
5472
3615
1137
1431
98004
2412
2397
7053
346722
3132
305331
1014
2085
4524
3312
3189
2793
1502523
1206
2205
1176
2298
3147
4059
1374
122328
1086
3351
2835
3639
1953
2499
2742
1764
111282
48231
3012
32085
1377
1896
3138
4113
2070
2667
292782
1815
2319
2925
2928
4512
94482
3561
1182
79305
201453
2142
536901
3129
1794
2823
1896
437304
1878
389388
418230
2430
144648
1602
1593
1947
1725
1362
3015
3390
51039
3270
1884
3330
246990
1998
198159
353292
518397
1656
1482
2109
681426
2304
3180
1734
2589
20895
71244
105060
2481
123447
1608
74646
6768
2064
1632
31629
2262
3909
2079
276690
1377
3774
1740
2202
149343
3543
1848
1896
391377
2865
4767
4404
2244
3051
78444
1161
2400
3066
13737
2115
2622
3066
2067
2187
2520
60774
1422
1599
158130
32430
1320
3330
1197
180405
117417
1167219
113310
759852
4278
1683
8790
2526
637293
5718
2463
4365
261825
14904
3246
91836
2901
52086
3507
210597
105132
2058
1995
2646
2595
1203
7560
114042
4233
2463
442092
2448
3093
1698
2163
346866
35865
4626
3345
124470
2874
582600
2313
3252
2577
3675
2394
1065
2157
2739
2223
1404
2508
867438
381429
3600
500529
2700
3072
16740
18909
50022
27447
1638
2163
1818
2451
70023
1497
1929
2085
1596
29778
3081
76482
1131
1944
