7f7f:0:0:0:0:0:0:0:0:0:0:0:0:0:0:0: (total 14)
0 1 2 Thread 0 going to cpu 0
Thread 1 going to cpu 1
3 going to barrier (cpu 1)
going to barrier (cpu 0)
Thread 2 going to cpu 2
4 Thread 3 going to cpu 3
going to barrier (cpu 2)
5 Thread 4 going to cpu 4
going to barrier (cpu 3)
6 Thread 5 going to cpu 5
going to barrier (cpu 4)
8 Thread 6 going to cpu 6
going to barrier (cpu 5)
9 going to barrier (cpu 6)
Thread 7 going to cpu 8
going to barrier (cpu 8)
10 Thread 8 going to cpu 9
going to barrier (cpu 9)
11 Thread 9 going to cpu 10
going to barrier (cpu 10)
12 Thread 10 going to cpu 11
going to barrier (cpu 11)
13 Thread 11 going to cpu 12
going to barrier (cpu 12)
14 Thread 12 going to cpu 13
going to barrier (cpu 13)
Thread 13 going to cpu 14

cpu 14 cur 14
going to barrier (cpu 14)
STARTING...
STOPPING...
Duration      : 10000 (ms)
Acquisitions  : 10036091
4257
1878
21669
1953
1617
2412
10821
6177
3234
110727
2616
1704
90540
5547
3168
1224
4512
122898
2703
1929
4626
5382
2508
2247
1602
1932
37281
14694
2832
3690
1311
2397
45603
1698
119862
2484
1920
3051
335853
205239
49755
209583
2307
2001
32571
2004
3498
39228
1560
2433
196404
1644
3153
2811
2820
19002
3192
2709
1308
4242
4017
2403
2364
205761
1653
2292
2313
66423
1587
2385
11754
2430
3966
2433
2517
4032
1863
2865
48066
3258
1992
1698
1968
1578
3687
81264
74427
7770
2871
216069
2241
21873
2328
175812
6975
1464
107943
1863
116214
2160
65895
3741
3477
1092
2055
6225
6939
3966
48420
1416
3555
16872
3561
2925
56343
2106
4260
2433
2325
1656
1905
27015
88137
1968
1968
1806
75051
2976
174090
48042
2127
816
2058
4650
2454
1335
2235
2181
160374
178191
114456
1665
1776
208200
379035
140712
106641
1965
2469
95439
1839
172011
121473
2850
108612
1770
2436
66591
1428
6081
4086
2154
117600
1638
1728
2070
74367
1725
166455
156507
2061
294
3066
130854
1917
17892
9498
2607
2628
4215
2490
8232
2619
2100
64983
114708
1047
49389
1347
1314
2616
10686
2868
1932
2325
2391
2376
11310
1278
51969
65163
1779
35745
4635
3519
1419
29184
2079
165792
1536
101067
2811
1449
2148
4137
2262
2946
3015
121149
3258
3096
1101
1401
2712
1872
3903
3171
144876
1332
4953
2013
2253
60807
69705
4380
1713
83418
2874
1755
4317
3264
1554
27162
80055
1917
4353
3351
1605
3069
34026
14502
1482
2952
1734
2199
1491
1674
54459
1728
20055
3252
37803
1179
1725
2508
4320
2265
3666
1590
3399
2751
2088
5697
57342
2850
92313
34557
12543
3246
4176
1701
100368
5025
16293
11625
1815
1428
4815
14268
23013
3525
1692
3834
129000
211662
3588
2031
2580
3873
1773
3480
60915
20856
1860
1665
140766
1527
2379
1980
2622
4356
1074
3930
213975
133398
2106
145878
2223
3339
36369
53217
25896
2301
3201
5253
1581
2070
2382
1650
8358
12267
2196
3453
2310
30441
14076
73662
144030
2427
3213
1410
1167
1122
2865
2412
1749
50988
1869
3912
2856
4092
2169
3213
1377
18963
2460
1461
5802
1824
2700
4071
1386
4143
3498
2283
2940
2064
44220
2577
1329
11742
1431
1515
1761
2733
9078
1662
1509
2052
26721
3090
2718
2235
1629
2784
2271
2496
1956
47187
2541
1857
2982
26250
119709
2868
90900
75558
1221
2040
11190
2208
1929
2703
2157
1566
2145
5220
1620
3885
2787
2394
2883
3138
1650
1737
1749
37608
11484
3255
2067
1848
1323
2580
1578
1848
62775
2112
2892
2460
31881
5019
3024
2679
1374
2787
1086
1818
47463
68286
2076
2808
1362
2070
948
1587
4176
8754
8799
23733
11082
2895
1908
69027
4887
12537
5832
17307
2166
8229
1839
2250
31401
1407
2448
2583
1836
1878
1632
2499
86754
2142
136026
1275
141021
3297
131106
2232
2112
3039
3192
36438
1941
1950
1584
1260
1878
2838
1527
12459
34869
3273
196989
4227
18279
2220
1509
2067
1569
8382
25773
2157
13941
2673
3117
17028
2220
2832
4554
2403
2277
3264
1500
3639
26631
2652
3105
42807
4629
2271
3882
2232
3717
29688
3702
73353
2067
22929
2628
2310
1908
21279
6837
189504
3216
3852
2181
37065
3426
1704
2634
19977
2541
1806
3192
39447
2070
2280
2616
2439
1752
4110
83031
3483
21285
2940
3540
2373
1596
1494
6543
1914
24240
4701
3402
128439
2520
41328
133941
5772
2784
3819
1005
5736
2490
196059
2361
92820
4227
2529
47073
1227
3744
7275
2316
108876
2193
4047
120372
3525
2592
75636
1932
17616
1788
2985
9393
2970
3828
99036
1704
2994
3894
81462
3132
1983
1758
3438
2901
2181
1665
1491
396
2913
3186
3684
3318
3315
1872
2862
1755
2223
4173
16905
68157
2838
1221
2772
62958
205761
2160
2730
44877
1998
253749
3933
2832
47124
1698
31041
3075
2061
59013
61578
1524
4083
28878
1548
1932
1857
2940
42561
2328
2388
4191
2457
1704
7869
1566
2094
71214
2211
103281
2130
1923
83031
23121
1371
3282
2736
957
1260
1458
396
2322
2559
138375
1854
2130
3384
2889
3522
2910
3216
2811
3804
2139
2196
68730
1467
23526
32118
2025
1575
195027
1866
2931
8394
34344
3837
2091
1806
1752
11154
2772
2268
115119
2907
2034
224532
43155
1938
1266
32562
98064
2046
16134
3111
4878
1323
1401
60393
2856
158310
1575
3615
4200
44973
3786
40728
30657
1071
36519
2493
65778
31902
2463
60585
3024
18939
4149
2409
2280
78381
969
2784
15573
2439
1563
3267
168648
2925
24681
1485
1842
32493
1809
11319
1758
3039
4035
4032
113055
2220
140391
1404
43332
40533
3009
1698
3360
134601
193911
3399
3123
2781
1986
39003
365961
20778
30615
2655
2295
3423
1725
2790
1068
119850
2067
200190
2322
15561
2787
3048
2169
1713
161598
3909
3267
80712
2643
1734
3264
2664
3327
1830
1368
2673
3984
12909
2601
21000
110607
2232
2493
3324
2736
2505
62070
5763
73629
1683
11511
3282
73500
3063
3351
2394
3195
73731
2370
2007
7683
2388
3726
183372
1962
100644
69597
5055
2700
4461
2754
3417
1335
2904
2385
57282
128253
120066
3480
2019
90993
2898
3210
1821
2037
2751
4977
2832
1653
2037
28299
3465
123024
169722
26313
3402
2061
3444
2751
1518
2202
47271
341913
3834
165225
2385
4329
276732
2763
1479
1350
1575
2052
1611
2367
32349
1968
185730
4137
3810
2514
3630
2814
3534
39294
2202
3600
2844
1485
3339
258027
30108
1707
1683
2466
2628
2373
1821
2748
2325
2919
2313
1161
3105
2013
65571
3681
131478
2685
1854
69135
2268
3528
1947
3354
2475
158040
1431
3138
2178
52929
3894
3435
2541
2007
2205
53418
2136
1434
98502
2481
1509
1629
4374
2334
3450
3588
1959
2379
86454
102813
2034
1575
51606
1575
2007
3759
4854
117000
1653
3198
42048
225270
115374
228417
2448
110544
1644
2733
3075
48840
60735
3972
3660
1629
2811
122604
47007
2061
14247
3783
92703
2262
3288
2472
1845
2979
9111
39396
2784
2241
2430
2343
98556
106797
4779
2427
124416
3423
3219
1452
3042
300
2943
2997
111756
70236
1638
2373
3195
1560
16797
2718
1797
1407
57744
8151
106782
6561
42042
2766
1395
6279
54855
2469
2793
2292
2442
29172
9288
1014
44073
1584
3012
4317
35100
2988
5052
11121
3156
2103
2013
208785
1560
28608
2028
154674
78708
1704
21624
3123
216
2946
40947
1785
2067
2616
2376
2571
1884
40056
1497
2841
20055
143052
2691
2247
3579
1803
77808
1203
2784
3309
1773
2388
324687
3993
21414
3219
1941
3519
2808
1980
1452
1590
4230
1449
1869
2604
139878
3315
65349
3351
1332
3138
2295
43131
3459
106680
2706
3159
3165
1482
2022
125763
3462
2187
3234
2262
221613
2148
2931
10611
5064
1230
2553
3930
49359
294240
1605
4539
2445
2289
2232
2040
1440
22215
1713
2127
2223
2448
1779
1254
498
2112
1755
53937
1716
60447
2901
1911
4098
1839
2445
2640
4662
1416
1413
1620
2832
3150
1359
14226
1854
2685
471
1545
2076
1845
1368
2457
1008
3147
2991
1833
1278
2052
2559
2925
2634
1923
2166
3102
32991
4941
286416
2958
1662
2826
3009
1605
217518
1623
1887
1656
3216
1533
1431
37236
26037
15378
10485
1755
5058
1371
68781
2013
1827
6894
45897
43071
1011
2037
8337
1887
105879
43089
3693
2889
156261
178251
53679
2616
47289
2214
24504
269661
14088
4971
2070
2472
2664
14136
3138
1911
3624
3831
257913
2004
68496
2244
3792
3267
2415
35877
3375
1644
57597
92856
72636
3054
64233
2514
3660
2844
2592
1218
1344
1839
234276
1518
214365
1470
2682
20019
98709
14496
1974
3285
195156
2676
1575
2076
1200
1791
2283
1593
1116
100317
2463
3627
1929
2112
7683
5526
4011
2844
1347
2256
4269
95328
2691
3957
3603
3579
3105
23013
2172
4794
2658
1602
1572
3183
1431
1686
195708
182751
1776
337017
1350
40680
1590
1920
1860
64764
2007
2160
1524
78498
5433
1932
2205
104175
140034
28545
3246
150945
186027
1917
2352
2034
1995
112890
1725
177990
1086
2790
1587
3120
176034
2199
1827
1092
4404
336
1668
6471
36060
1758
3030
4158
1188
1917
2028
2016
2229
2634
3801
3099
2532
3126
3756
80085
3342
174669
2685
1602
2559
3168
178959
2673
1806
2772
126327
2319
65253
53361
4071
2985
188511
1575
78204
2496
1356
26151
2502
3759
6480
2187
1749
32028
3402
1431
1761
4662
1374
5388
7290
3699
1662
2250
2283
2544
2505
3549
477
1089
51381
4077
2121
7374
3192
393
108183
2970
2487
3237
2871
2325
2106
3795
2115
1827
1593
2457
67146
3177
60288
2199
1791
1377
2202
2748
855
6150
41532
228711
15294
3282
3189
2982
1083
3273
1224
2211
1986
2304
2385
1134
1392
2151
21477
2238
3681
1833
4548
36810
2775
2532
1416
53559
1476
5604
2472
1533
2478
473667
30744
3036
948
1149
2895
5028
27813
2787
3654
11655
48720
90417
2796
14499
1914
141141
1926
2922
2271
4098
3273
1821
88164
1164
8415
1917
1824
85872
40857
1458
1167
3663
2115
256038
1611
2052
3387
5742
3681
2772
1371
2193
2037
89757
2265
2109
1545
1578
49302
2736
1995
2898
3444
3174
122967
2274
2616
1005
18141
2163
2790
91446
2802
3093
3318
58233
46947
2238
2205
2688
5880
57219
1371
3213
3009
2751
4020
2178
23193
2925
3141
66762
120213
289356
100905
36639
120252
1968
10050
3162
1707
38178
210
230025
135447
1962
1791
2049
2850
64059
2106
41664
2865
22626
138921
1863
1971
3021
21066
1629
1533
2718
136953
2268
60366
3420
1953
2466
39618
2880
2088
4386
1803
3996
72333
1545
5835
2415
2916
1947
2685
3873
2619
1470
73833
2931
519621
2934
83868
1590
9744
1554
56814
1719
15432
19626
2901
3276
1074
1539
5694
3726
32502
44652
2676
240
170976
55878
2538
4239
71760
3645
2136
1392
105621
1413
2439
4932
16797
52632
2814
2313
1671
2817
2352
2439
3939
188421
99435
2217
2211
66366
2673
1644
9144
144414
3717
14172
1218
1866
11445
18603
1509
2931
4614
52755
149682
3729
1857
27273
3648
27387
192537
1950
2187
4899
3048
1422
2424
3387
1662
5712
1857
47169
1725
223896
7764
1923
3561
1134
4161
3081
5436
2577
3264
1527
2079
1692
2952
13791
73995
2337
2859
2043
2706
2091
103404
3201
2622
50727
74229
112209
103296
114852
1626
2085
4428
3303
2196
2034
1650
3429
1236
2433
255
15030
2883
1557
2289
2517
135801
2418
2871
2613
2607
134340
2832
1626
3885
3372
2013
2100
4662
1140
57864
70533
50742
2472
3729
3147
1365
4548
2259
2673
1935
2781
2607
2499
669
198606
16212
3900
1287
525759
2475
12483
1893
2964
7659
3285
1554
2544
2838
3354
2493
1536
112011
2343
3882
3102
2733
2949
3045
2880
36765
3075
2598
104055
2385
1848
2016
42102
1899
2886
1119
11121
1167
3912
1812
36480
3201
3804
42510
95760
1074
124428
3348
303189
3444
28755
2451
1524
4584
2874
9699
53088
27888
26694
21849
9516
53979
3123
4284
2505
51147
1791
4404
2160
4356
128466
1398
50988
2865
3666
280752
2709
2580
1500
1959
1836
9918
1437
2739
1032
94644
2514
1872
304458
2070
1890
29292
3030
126846
1692
3840
2193
2934
2283
2766
2505
93129
311010
28704
2745
1767
3213
1842
2517
1617
2025
2067
1623
1860
117333
51588
2007
1365
2247
10530
3450
3435
36663
2892
2034
2592
54636
1107
1956
2394
2175
1641
2328
2178
33627
924
1935
2577
1455
3276
3486
2370
3120
1596
59937
1974
1275
3675
13971
236478
2619
39213
3249
2001
2349
4383
1695
2706
2499
49821
2670
2550
2997
2772
3855
120507
1974
51306
1353
1383
2166
3381
2190
3549
3603
3291
2478
130953
2928
3363
4443
1932
4542
2175
85860
1647
2280
2481
1464
3060
5730
217392
377268
23475
150297
138552
1836
3222
2700
38880
2331
297
3243
102249
63762
59469
22626
104190
2892
1299
1638
29895
1383
2850
3255
79254
2592
4023
65508
1641
2193
2787
4443
2856
1803
141288
2709
2583
2310
3393
1779
16998
1758
327942
35544
26919
1602
2703
4215
37611
1404
2961
127905
2775
3204
1299
134391
3738
5376
14820
1155
2085
2019
206970
3486
67458
64239
73215
2676
1527
4485
1773
3024
2124
3258
1449
2343
3015
63213
4593
117558
3804
88923
2133
3057
63387
2106
1698
18228
2640
5139
4095
2022
101793
138156
17091
4197
2709
89787
2397
2049
1941
2802
3402
2277
2241
3039
1551
85848
1512
17535
2373
14055
90195
2487
181182
87297
3846
2436
2142
1539
4212
99891
36687
154269
1356
69525
2316
1971
84705
68787
1239
2655
1842
40902
2253
2301
1818
205593
1977
23613
67605
73716
84186
11436
2241
3096
2049
3795
1524
1152
2127
1431
3486
3066
24579
2325
2643
1893
2733
1419
1245
2256
1896
1323
110205
2466
2001
2142
1782
1248
4275
1512
2367
1971
3264
1482
2811
4299
44913
2004
10992
3675
33255
2856
2205
4290
60882
3873
1140
1071
2196
1920
1410
120840
87045
2958
1410
49158
2556
6354
58884
1512
3063
2091
19977
20334
1314
148518
2868
3141
1380
2076
2196
1677
1476
42762
2790
28431
2397
2748
1485
105753
3297
3354
221796
1851
3183
42459
1011
2886
2883
21357
3003
2904
3966
2367
57732
2310
4506
52896
248403
1812
1296
1101
3798
1845
2034
155775
26592
3279
1809
3204
2724
113559
1956
5586
1707
2550
3186
3375
2337
128682
2301
3381
1596
25008
99768
2895
9525
2490
55101
1941
2787
1548
2736
3996
33516
3018
2607
82515
2154
2340
2919
1692
2643
1452
2151
2121
2796
62082
13230
1845
46371
2037
1356
44679
2097
3633
15867
4014
139224
156009
2568
34653
1515
2640
1668
3075
4230
2496
1830
376047
2928
89814
47943
104820
1695
5232
2175
214008
1368
2442
121950
1959
2415
1653
1344
1284
2229
101070
2319
1908
2232
3132
99648
2160
2526
2430
4227
2730
64521
1254
4476
241875
2352
35448
1584
2778
28068
56310
2388
28305
2775
1977
1728
1467
2067
41445
131394
73680
48180
1953
62964
2397
2697
128229
65229
3558
85152
104097
2595
3189
2175
1830
9261
2565
4320
3093
2016
1938
1452
1506
1542
1413
2502
1656
258279
21771
2625
56823
76938
1521
2799
54468
1386
2130
1989
2334
2532
1785
1569
2358
2430
1815
38319
44697
2283
63672
2325
133440
12198
3156
4977
4296
2415
2868
105192
21996
96159
3108
1884
3576
1872
2565
2655
1479
3948
2583
1779
88638
8445
1578
2916
4281
1755
2970
3117
2781
8316
3102
123126
1824
2502
1809
10410
55227
1938
3057
1518
1830
146034
58530
104289
36969
2820
2652
2142
268653
2562
3360
2085
34635
5667
100311
47016
1683
1095
3087
3471
7455
3915
3801
4281
4563
1992
3144
1971
2871
257853
18705
9747
2049
113511
2469
299502
2415
1677
3126
6978
2919
127092
3549
1968
28251
2052
2961
3414
48426
2007
3981
1605
1941
2460
2952
2295
96282
2619
1827
35577
1743
37908
3477
2100
1674
1797
42105
38568
2823
66834
74199
31077
2940
49800
873
1863
2718
27108
122010
3441
2355
2739
2391
4011
91971
1656
4026
246432
2520
2967
61095
3858
39639
2661
3111
4284
3681
3321
215391
4137
1557
24456
3507
72636
9891
3294
1983
1290
2724
7818
1893
43185
12420
252864
2370
28119
27948
2094
3018
3207
4518
3228
2886
36153
1626
138711
5523
1704
2193
2172
3804
10755
3186
1437
2271
2679
1536
1992
51843
412587
2742
186129
1521
2625
124002
1701
2955
798
1596
2886
2880
2205
1833
64191
2301
45336
3459
1797
118995
1740
21660
2640
2187
112458
42108
2571
1788
25812
114042
4326
2892
1998
84906
364893
1533
2253
2613
1632
2100
1866
2808
1647
3234
1572
2940
3027
1767
3528
3231
151122
2517
4605
4482
10953
98178
128958
232179
2451
2157
10521
1719
2490
2466
2838
23022
2073
1710
2607
60786
116565
4503
51693
1839
1230
2226
10713
1683
1860
2718
109245
24108
27954
2295
3495
71694
1914
62091
1563
2049
3570
186195
2694
2547
1077
8127
1383
32946
1536
3018
24012
20559
2640
3216
2214
1560
2433
1938
162009
86043
4200
3693
2964
2175
43026
2061
3888
3468
35436
2337
2481
1941
15216
1917
47859
93210
111102
1605
4110
2508
1899
1530
2301
38955
3111
2031
1317
37059
3405
2541
350484
1587
24405
1674
3252
187416
5799
1392
1518
114198
2811
2178
70419
80241
28383
2313
1803
2847
1038
3783
2529
42858
2496
2709
16386
43191
1905
3570
2472
1125
2031
3300
1677
2271
1638
58440
2583
2430
2229
2772
3324
2088
4179
1761
3480
34698
1614
2835
24120
957
1923
3258
2898
1644
2730
1680
17880
2121
5322
4977
210321
1293
3354
42954
2181
3201
3564
186183
2199
2817
76359
44799
3804
2463
1869
2115
2457
1332
139146
4956
1329
2358
1347
83370
1419
2634
2436
1053
3033
2313
3183
94125
5049
1509
35655
2028
44448
2181
31581
546
3132
11250
56700
2457
3315
1653
2577
4410
2277
55683
2457
1251
141384
2709
97632
3186
3654
1830
245232
3996
38721
3105
3729
2178
1398
2157
1896
19425
2925
1872
2139
2640
2373
158751
2499
91911
55992
29037
1971
375
3327
3192
22422
3030
2997
2010
2361
17757
2976
1971
1296
1500
4068
32181
2664
2901
2157
54918
5691
1830
2028
2439
57360
1764
1920
109602
2064
2505
2688
1320
1644
2424
94737
1938
10197
44160
2604
1125
3528
3315
48525
43647
2388
18069
2328
35817
1890
2574
38301
184554
87255
3087
3021
190074
50241
1872
46041
1905
2100
1785
2844
2604
14619
40809
3033
4224
1680
3597
1275
1668
45327
2691
85275
1380
1680
156990
1926
209016
1746
1914
2799
1506
100302
1713
2064
12576
4551
1707
49536
2193
70878
3810
2508
34425
37497
81069
3777
2415
1575
3138
1431
4338
64149
54522
5460
31545
2181
1305
136611
2214
3648
2469
153342
3423
134910
3273
1479
2649
33375
17373
1707
7857
4566
1854
125757
35745
2253
22179
2610
2175
3834
3315
2445
43398
138999
3072
10908
2691
36216
2622
2304
2694
3087
2889
2559
1842
5757
114825
2142
72996
3345
1503
33015
2712
13725
47583
1758
1752
12018
38106
2817
33756
2529
1224
75999
19371
6489
1899
250188
1785
63873
206574
83694
3051
12564
139899
5385
3594
30750
2733
57306
3255
3081
109374
2232
1107
1887
1779
4515
3420
17190
2175
1653
145731
1590
2190
62346
130818
4722
2214
3225
2403
2436
2226
377649
182370
21285
3375
55995
1659
283320
1632
8454
2043
30678
2097
32580
161916
1137
151911
2061
18483
2142
25965
137169
27306
1452
1992
3480
9906
2469
2928
1446
3585
2718
3768
1680
2349
5601
2274
2259
3156
3843
2394
2109
20982
5451
2064
38046
2163
2799
171609
2859
1383
4164
3207
2151
3471
1920
1737
2139
3465
108870
85155
51993
42210
158775
1503
156174
1890
1647
1413
2865
2784
1581
4050
2094
2889
27873
1542
2568
2490
284736
2856
24798
2667
7590
54060
144000
155322
1866
1854
1188
3189
3999
1947
1728
93903
14886
4386
9405
2181
2232
25641
1668
1962
1725
9966
2784
2955
3324
459
2334
2484
1890
180615
2898
1341
1917
1374
3777
14784
2409
2277
2484
2436
2883
166017
4398
1551
2211
2643
5343
3276
39801
2157
3450
8928
2787
1746
33849
825
2367
4155
2397
918
14931
1356
1950
2229
4080
1692
2406
2067
1812
86565
1920
72144
2382
4077
52185
1551
86166
4728
2301
1371
4164
27063
93339
1578
36450
2058
225267
95928
40851
268983
3864
3678
77508
2553
1947
2220
2349
1485
1461
207
14328
1629
2205
94524
2007
2625
2364
1485
1722
147291
1722
2919
2751
3162
28755
5301
102867
3222
2088
116793
68367
1662
89874
1653
2670
164676
2298
2013
214614
3540
2409
1329
55542
2025
2571
3510
163248
23157
2838
3087
3795
1572
3147
264324
147735
1527
2973
2901
981
45180
2142
2922
3195
2019
3084
1341
2403
44919
3162
1542
3717
23757
1419
2244
44889
3513
1983
35619
4530
1860
113034
130656
2406
82533
3210
2448
240228
1311
2145
2088
3045
28554
2265
2856
44841
2919
9885
2613
2652
2661
2109
4905
19155
62433
85923
2328
1221
1743
1788
1968
2709
1971
2580
238734
2046
2394
2430
46272
1791
2019
2763
1632
1980
25977
138276
1962
2427
4863
45849
1197
2088
63738
1299
1611
95376
22134
2625
2463
2664
100203
16701
3369
9972
3897
3189
2079
2871
47082
11127
2052
12888
1935
8616
9276
46029
3021
142119
7812
2751
29814
5619
4203
198246
2043
2619
1935
48027
70842
3420
3855
1548
43287
2925
2628
2217
25428
1617
10896
9924
3546
63408
1671
95532
1686
3357
2604
1959
1857
2994
3933
108777
37830
60885
2103
2382
2418
144
741
4134
2226
15210
1242
1404
15027
1755
1587
4110
9366
2589
3018
1494
20346
2127
2079
2298
3681
2394
2565
2910
4386
3033
1626
1416
3807
1440
3201
1554
1260
1869
4614
1752
3837
49182
4149
4275
2616
38178
3486
1986
2139
22803
1506
1902
4134
4137
2811
73815
17916
537
95910
39996
2430
71088
2340
45972
1533
2370
58113
2379
1236
48594
3825
3690
2004
2595
66888
2664
1593
4812
42525
2313
40095
94125
90516
2538
2616
2247
65316
2574
2013
2046
2904
10740
59079
3192
1698
816
1797
1608
2346
13563
3408
153936
60513
2376
1539
1380
3909
1218
176730
312
861
2073
2781
11097
1926
1143
2106
3627
2715
137379
1857
83154
2016
121896
1872
4554
3570
2364
1416
1422
2208
1581
1644
5190
2925
2865
2379
65415
175506
2574
2076
120228
118899
3165
1455
2493
90693
1428
12075
10665
15783
67212
5031
1020
1026
66885
2763
1308
3525
2166
2292
138033
57558
1842
2202
5166
94074
1941
2112
89343
241125
4200
199932
1335
68352
1254
3204
361092
1917
172479
3318
2115
1953
3462
3501
1968
3336
5091
7713
1698
1797
1491
20760
2640
4014
3102
2934
19365
2145
2877
1566
3015
2232
80595
1755
2793
1554
1584
57120
2178
2142
2796
2415
3975
9897
2019
38613
17505
368700
2559
1524
3363
2430
2886
144387
2583
30288
2001
74703
3051
3192
139230
1599
23409
1344
7533
3483
139362
2256
114156
2370
1740
3621
1698
3822
2367
65589
2784
2997
2997
3183
1458
139164
1899
1365
945
101148
1431
69135
2172
1734
4689
2736
3297
24741
1995
693
5121
2421
2094
60795
2508
102555
2082
1566
1578
89361
3024
1482
42012
2121
1857
1143
4191
2310
1488
1854
1185
3402
2520
2583
1419
3954
3426
90888
2157
6747
111210
26046
125706
876
2109
19803
2199
2247
4359
1701
1320
58539
2685
1818
2427
2397
2346
76041
3798
2991
2649
3633
2427
2550
1416
2784
15282
4245
9030
36045
69732
132135
1710
3777
67902
2940
3942
2841
8286
2292
53226
4923
28176
3759
2439
2502
1266
41493
83613
34722
2316
2151
2943
102246
3102
1887
3828
3252
1923
1842
72771
1605
259977
1923
75744
2973
1779
957
1605
9654
158286
4131
56019
2142
66390
2982
1425
2448
3087
1368
1047
2952
2985
2883
143913
2079
57660
3513
3915
2193
5055
2724
226875
4209
12621
1326
95904
1866
64128
9540
1983
2511
2832
2370
1332
2199
1509
1779
102663
2067
2535
1971
1503
16215
64026
37497
2670
1671
7197
1284
191190
2337
2955
3675
16518
1638
2673
9369
29493
2595
2877
2826
2136
2067
2775
156627
1905
3750
57399
2655
2667
1707
55404
1245
2799
1698
2637
4251
3339
2238
3093
3222
2589
2133
3234
3642
1299
2592
84684
1488
2625
17907
3372
1008
1560
2682
12576
3384
31122
30333
66789
35592
1785
23799
2484
2688
1731
1293
3765
120756
25389
1779
77172
2370
1407
51714
2013
2355
3513
1698
46971
15258
1779
3807
2520
140136
2736
54963
23766
38640
2307
2037
2235
1311
105321
3135
2484
2634
2004
2358
3156
177240
3240
1413
1560
77952
1536
2550
92265
1317
2211
1578
43848
1467
2511
3048
10227
2106
1806
2694
3918
54549
31362
2529
12564
2583
112134
3285
2547
167235
3507
1671
44328
73626
1842
1905
2616
19062
44265
104370
2133
3006
1023
1323
98382
1935
2190
3441
2739
4254
1761
2574
1971
146430
6084
2667
2229
30351
89172
3504
30393
1965
2100
2733
2562
3057
1899
110862
43659
1773
1959
3279
188022
2259
434979
1968
1401
1926
63393
1473
2424
68757
1800
1638
3387
68163
3744
3087
103383
2154
1032
1380
136710
2328
2040
1464
2943
24888
2172
1611
36594
2607
3297
40692
969
79272
1968
21834
132507
124698
260973
1347
3942
2913
48303
2871
69975
89565
2913
2442
10101
3414
5004
3066
3162
8421
1896
18333
13713
2907
1944
2133
1071
4710
1818
2712
4344
120171
2658
3246
3537
2109
3267
2385
2961
69609
1590
2388
6432
2355
115749
51909
52446
2670
20196
5937
2379
3888
1536
45696
3240
2067
3204
2511
3000
2352
3693
3999
1527
3252
55815
3678
42378
2544
36408
3603
1002
101775
4452
52722
54387
11703
64170
2052
137847
1071
1452
2310
2568
4083
6099
83544
3033
4857
1377
3819
3195
4989
1584
2340
2154
1806
2874
2661
48045
1536
1896
7779
3600
2487
2325
942
1170
3189
120729
1773
49140
4458
4113
3885
4110
30231
4074
110610
9921
4332
3432
57549
3453
6444
3237
2655
354093
48831
3906
3546
68712
4545
28503
10626
4794
5061
78675
34005
3930
4548
79359
97479
4794
4503
131691
5661
156153
30744
46665
7122
6039
5433
15057
5451
101511
6216
16068
37590
1872
27276
32175
2778
3069
5640
114732
24792
139434
2991
14166
61110
209982
23937
86040
6795
4683
9741
4239
229602
77643
3393
88464
23508
9396
3312
90174
41514
3990
99708
3114
5580
2925
3363
8391
3249
4107
3339
252687
2982
66261
6402
12576
179829
4569
255411
2046
5622
6336
6651
2058
52185
4182
1320
6588
26049
4191
3816
59346
109110
19473
3291
223077
7110
4143
97263
20574
5175
364725
61239
40821
75978
6360
2154
43734
3660
10680
13188
2829
16695
3075
71361
5475
71031
72429
1830
1761
19407
42780
155607
30846
33573
5472
35961
57327
9825
86664
65310
56355
4311
2337
3498
21594
5487
128514
76740
6624
5595
24039
4572
24702
49218
25914
14541
3807
62172
10878
166215
75009
7425
142122
52086
242271
10632
53379
14610
11922
20256
76353
91530
44232
1935
20481
91713
3921
46128
11229
4281
17361
6333
152142
40575
32676
3402
6735
11043
6231
28854
2694
6360
2550
68655
5673
2565
14976
128634
96432
200928
139503
5571
73929
3825
35457
3969
136860
118791
16023
151008
3834
6852
35982
74634
5739
5289
26748
69354
7209
3441
9807
6648
30825
10926
4833
65292
2454
3552
103926
7158
60768
3342
7971
107901
9807
3186
4572
4908
11499
75255
4242
3633
67908
273432
82662
86388
19935
3201
6138
78684
58872
2253
25101
181215
42420
200838
41379
144618
305502
1299
7167
1863
263682
61083
14793
31848
3045
75693
4431
7128
11655
17541
196257
3612
3975
14013
126060
2730
4737
296904
4572
4326
4323
3582
5757
11472
31716
4851
3633
3906
4608
89799
28539
4398
2865
41367
3972
238383
5214
7941
5742
16758
113001
6324
13797
4311
5100
412848
3528
17628
6147
56451
73692
2364
31761
3657
26460
5619
5379
4161
4596
69231
87804
71697
7353
9453
47970
57957
88920
186456
2511
11709
54555
4998
39015
4908
3024
8256
1509
5016
7920
11751
181719
9855
2679
423081
172326
3279
11394
44814
68238
162570
98784
18624
197040
4200
44031
4923
3675
3435
130242
112488
106359
63072
6933
54156
3048
125250
4857
31554
24828
115191
3294
63168
7173
128412
2433
9930
16749
8865
12615
11520
3069
4152
80118
4593
647208
3180
4998
88935
192171
239133
4575
7836
27993
3807
3738
6222
4797
61494
12399
6114
519570
4008
54744
2415
2451
6237
77115
127686
3102
61419
2577
21780
4767
41328
33309
162969
3627
11490
59595
3519
5421
251517
6759
78735
130425
188982
4440
331779
5595
240606
124035
4542
9447
3084
154821
3180
4236
301668
16113
3684
55512
4077
3129
2523
20919
2178
4638
2766
37011
222204
7338
129957
24132
150069
84636
379149
3102
53967
21072
111858
3366
31878
4944
259755
150831
5442
3159
3072
9363
62652
10665
3606
2994
5001
5865
2487
62682
6693
146778
66507
77322
386250
16212
5748
11865
22716
138492
2514
13113
3204
8205
460857
4197
1014
47868
16230
27699
6708
133554
128631
51600
100941
20595
33555
91092
1800
79863
5418
1620
62430
5160
3294
81915
34917
115374
45684
115191
2979
19755
4581
13791
6855
6867
51336
156468
4626
44034
102456
115260
45222
4140
118650
226308
3249
9930
36708
7494
7500
6825
26313
25206
74988
97995
73092
6618
10146
4398
133470
2658
3732
3429
2556
5802
21606
4128
284868
4908
4086
188007
2637
111663
3990
44268
22497
3180
14940
186771
3309
5835
49176
3639
32979
1992
330729
67122
26805
95520
6102
9462
246363
12732
150252
33150
201360
69138
3081
23277
83949
34626
5328
5862
5019
15969
67752
65247
1278
3279
6297
2325
70143
35991
43206
9438
5499
8403
102171
252840
3531
105390
3534
15396
6759
59169
4272
5178
12939
6414
2757
281904
18510
3093
2637
3570
9651
5910
7734
8724
11490
5361
4620
31929
5973
6144
20265
194880
6363
3234
4032
22410
226443
2802
2943
5949
2832
4089
4140
43653
2598
31887
169548
11292
2115
4902
3369
4017
4914
57306
108189
12918
19677
132792
97317
1875
8727
4524
3114
2718
169116
36015
22038
4122
22923
53784
1422
4170
2934
8406
151803
10959
46209
4524
1662
9225
5538
58299
2187
3975
4884
4995
3204
4761
4434
3525
119835
74529
8454
4893
77466
19536
5562
3096
143763
75873
73035
6102
86880
5046
25533
3969
3420
3801
1359
7536
4419
4980
3828
2916
4617
41424
3759
3831
87720
48519
3780
73236
16020
44025
1878
271869
3165
8871
78318
188388
3780
41766
35658
5094
6645
3981
5556
17100
3198
151854
5760
4341
2979
200286
56142
4719
129954
162717
93012
143103
93597
98124
105084
7599
4596
41913
4782
51264
131943
5556
37377
115944
130002
20100
61860
216804
3966
4947
2577
130872
79761
3849
47130
3228
2844
8049
1686
51453
15588
4617
5097
2406
46512
2793
42540
38292
3576
7542
92727
47550
11379
61449
5949
2976
3438
1944
87474
15309
3660
35658
10290
8172
5217
18882
4257
14763
3942
7098
2262
89082
83859
66714
2643
126882
6678
10626
17799
328641
4905
3747
157491
22488
21837
9495
91287
2871
4770
9456
4065
5964
4887
48210
7119
3198
2040
10197
1935
2148
55518
174576
1260
2835
7653
6732
99873
3951
11457
23454
37125
84069
8688
1662
6690
2739
23256
3954
54360
1344
3273
5454
3633
14067
31581
55839
3513
5094
5088
5394
34950
41199
3666
2367
56364
60060
4023
25065
2481
4011
2274
3414
3252
1671
3378
3738
6546
1254
2343
90579
3468
4341
168819
104367
3165
4464
137034
141423
2904
2670
19929
5229
105885
2613
3684
64185
5082
2400
4002
3375
14511
4227
2469
3759
4557
169995
2586
3657
2277
27744
2709
5412
96210
285366
6447
142719
2685
190212
3207
105756
107811
26157
40824
47526
119511
3759
123672
20196
1518
72255
2925
54495
84912
43791
12411
48195
70827
5187
182139
163830
52071
31881
32742
3480
3969
4542
90588
4872
5196
38301
20055
4440
3495
3441
11898
2919
4764
4062
5034
3075
11970
4506
2874
2622
10464
133638
140124
20025
443706
2688
21753
2331
13155
106089
2439
86559
3747
4179
4296
6678
2940
85596
22353
56055
3165
2379
5289
2772
2745
6465
5169
3180
3258
3462
1518
37071
209274
338883
4359
3732
108930
5376
4689
3843
5442
3636
3030
3561
1338
3102
80883
28365
235992
30720
3912
2739
1881
3411
2763
2028
13881
2970
2142
2805
3114
972
4908
3777
3435
1797
1416
438138
16464
2100
1722
3243
2196
2949
1947
1761
2232
80253
3150
5676
2451
284847
76287
2115
29496
14139
2124
1587
2496
161391
310269
22374
5244
2814
2811
2481
78921
71751
1320
987
58776
5214
4224
13272
3789
1782
1683
450
3312
1434
4350
1779
4101
2943
12675
3003
25995
1398
18435
3717
2352
273
1680
1767
5253
4116
1299
1332
5448
3945
64248
3309
2508
55938
1998
4818
27294
2490
2163
3285
49488
3231
340065
9186
188562
10659
169752
2406
82464
44367
11010
295761
2865
2610
123483
110733
1938
2328
1608
2925
29409
203559
91002
2130
2226
42282
1722
50049
1140
93156
3942
1710
1737
28791
136704
125304
1884
3804
1899
18450
2904
1188
1962
3789
2136
2295
2298
2517
126816
1872
1848
2067
2043
3186
129654
2280
1518
20025
2352
2013
3750
4878
15099
71550
1386
106707
98988
18510
46692
4152
1614
2262
2217
12957
3075
1590
4740
1728
2199
1200
64182
2532
3165
2406
2595
36822
30240
1368
2964
130587
1239
1947
2169
257886
60330
2466
1809
62937
2652
2352
1296
187608
1749
1656
3546
1857
1569
2142
58923
28458
1950
44226
1806
1890
2253
24894
4257
34563
2163
3150
2697
1857
1941
18105
3315
1443
2589
3654
12888
2877
1503
2205
2247
4452
3396
5166
120222
2832
37929
1305
1863
3783
2184
1770
56721
3777
2337
25290
2628
50571
3246
9765
3135
2820
63069
45555
2844
2289
73815
221235
3483
1470
217200
1092
25155
167358
38133
2340
1506
3321
2568
2175
123216
1623
3426
2676
2478
4590
5040
146541
1665
23124
23922
1974
2709
19800
4137
97242
37920
1983
4428
72636
2073
2172
1785
4284
1692
2712
1845
2427
2754
1704
957
2124
27894
3417
2373
149271
3249
2532
135519
124812
3726
15621
37995
3108
31638
1950
95463
59370
1122
2640
3024
2340
2079
3045
3450
14355
4218
2988
2235
82899
2499
71262
2751
3729
54690
2106
4539
3963
1791
26058
1278
2763
122439
1497
3180
1902
2436
2544
121599
2313
40572
2133
3060
2187
46836
1998
2331
37032
3711
2478
1257
5493
1635
2019
36498
2775
74862
256761
951
3747
2739
1542
1458
2391
1215
1323
1098
1878
2979
1326
9660
3201
2898
2163
3357
2949
3747
19083
33300
2394
3438
140484
109542
20418
1914
3315
2655
5028
2076
3795
2577
2229
2214
25059
3639
3423
3135
1998
2232
41997
2247
109953
12465
2280
1494
15399
149772
13158
1593
3372
2034
3141
2649
2256
2475
2016
30849
1821
4509
1638
1341
1974
1890
55497
1980
7221
227475
39291
1794
2739
126510
2955
71058
36243
14046
2943
1833
3243
3027
2574
33441
64710
1395
3939
34752
81327
2331
1650
55251
1923
78909
4914
1362
2892
13686
5007
2637
3006
3048
2007
143958
99348
3540
2403
1338
2175
1473
49581
49020
14112
2166
4491
5682
49500
1050
9333
2892
3240
70875
17067
3792
60468
2277
2598
1719
13809
280404
60231
134484
2001
3579
1197
2511
1641
1539
23643
2385
1284
2115
4182
1092
4851
24798
30984
54369
10482
1170
1746
1956
6651
1884
7932
12582
21612
1818
36597
2688
109626
76236
2346
476778
2754
1626
1518
2064
1173
157503
1317
1824
2877
2994
2931
2412
3816
3414
213402
3108
2109
85626
3063
48207
137574
1653
201444
2664
2226
3297
3840
2928
1911
4947
14724
1995
5427
3264
1914
29823
11562
1323
1482
3021
2577
2544
363825
98094
2028
2001
2346
38820
2592
10644
20838
2445
2631
440559
3459
35367
2586
3258
3696
3270
3906
2316
1605
9261
3639
35691
1554
155937
4143
1692
3996
59616
2754
69585
1392
3333
2172
1626
2562
3348
20808
100833
3171
45054
2076
2469
4524
5700
1869
2415
1368
53820
1656
130488
2643
2499
3453
179781
2289
3426
2358
24483
2124
32751
3525
93480
678
3072
2868
135444
8637
2553
1491
2361
2190
2430
1815
2325
87552
4584
60360
1653
2442
1827
1143
1113
2148
388245
2859
1194
1941
92889
3222
2424
1512
1365
2637
8637
1776
3384
2244
172170
1695
126975
1521
2202
26157
18675
4080
224643
1443
3216
2382
35217
44214
3891
2964
3936
1509
2232
8589
2460
65850
2733
12105
18084
3099
1674
2181
5466
231297
22350
1614
2577
2217
36438
3738
3564
1458
2883
2586
145851
6318
6288
2775
2406
4068
3360
3930
13395
4713
1689
2769
16605
87264
2523
3024
3684
3387
74319
62109
2010
2166
126549
2016
2043
81495
4482
6024
202101
2607
3330
95358
158427
2430
1212
3666
68817
74418
1959
3075
2073
3981
4260
3651
3051
3792
185073
98526
2793
59925
1581
95394
2238
52986
1986
167610
85305
246423
1908
2199
4395
1596
1143
2736
58467
3231
2688
2694
2322
4080
307305
183105
76437
27909
2733
2112
2397
1398
89814
1503
1824
1455
150387
2607
1848
3546
2136
26298
13467
6813
3243
26829
2376
33963
100254
1695
2007
3864
232104
2235
74499
2580
3660
336864
1548
28815
1563
64131
3582
33252
3381
1533
2967
31764
996
133644
2754
1845
3942
106548
1848
43512
2859
143721
2343
147201
136941
2664
4986
3204
3429
2940
2895
1857
2868
2427
50190
4146
2352
1614
24669
2361
2640
1749
139140
49578
2511
2457
3723
29658
1833
123909
12060
3180
1677
5289
135756
2262
3240
3936
2223
2883
3225
1755
3054
2634
3978
4221
23637
1707
2946
1776
230151
2004
1512
3309
3315
2592
99363
2067
5553
2397
2616
1485
3717
2736
1323
40272
137988
2358
1794
3210
2316
1392
3945
1677
64104
62610
2301
150408
4068
163566
2034
5058
180858
49125
2232
1461
57039
2472
1764
3063
141024
2016
57186
1419
39252
1701
66453
2832
49776
3363
2046
32319
2499
1716
1938
2937
3018
112647
3564
7461
3231
7374
1926
1608
234861
3066
2295
1683
3858
3672
1728
2037
103950
2304
36645
58902
2217
2733
1365
1824
1509
4002
49668
4560
223674
1404
2076
1707
123471
2520
4197
2049
14574
3345
1806
61986
15975
3150
1095
1599
4545
1683
2199
2058
2973
1908
16038
7197
3354
1659
33486
2001
111267
2400
1890
2850
58917
3795
2046
54333
2715
1416
1932
4242
1446
2109
2310
262743
61974
1566
2424
2208
23298
26379
2223
26271
5193
2910
2154
33222
2181
2889
2496
1086
185970
2868
189402
2538
4731
1815
2187
93366
1545
4866
1842
4200
194616
4629
48510
3420
2157
3318
3096
3750
3525
3312
2373
2037
3480
29847
3357
105363
2019
4884
1413
1674
28833
2484
38802
3666
31038
52599
2148
2175
3291
189813
2016
6333
2115
1641
5064
2319
3132
9819
3126
88458
2853
2190
81819
183168
4500
133389
2529
60114
2730
1749
3276
1545
1890
289968
1371
2076
3738
74574
2268
2343
1587
198189
2292
5130
414
3393
79986
3129
2259
255651
2838
1839
69411
3105
1716
2265
1446
2190
133557
3087
3084
1848
3648
139992
2373
2355
98208
1374
313221
153033
1599
1656
5637
3066
2493
2523
2148
3207
1995
55107
1503
1548
150045
3882
3582
135654
2031
1938
2772
254151
91380
2118
77208
2595
4341
2829
2859
2052
143787
1467
2400
2037
3060
40503
2631
2217
2571
1569
2862
279
37047
333558
1815
4224
2322
104343
3177
1629
94875
1626
3126
46086
2337
2013
3627
5346
250326
2022
2001
1830
1359
2808
6933
2673
2472
1551
58530
2988
57849
1800
1575
2757
1866
1881
2535
56220
3453
3078
1701
4470
20160
5907
2145
1656
3231
10713
4512
1995
51933
4092
64545
2136
42831
1698
9003
3090
48198
12612
1692
1839
2118
1860
3345
1629
1974
2250
3015
57048
3489
4146
3972
71355
71967
924
1548
3081
1911
2304
3867
1173
3525
2526
1554
22650
1089
472893
2742
3003
36909
2772
2505
1944
1506
2643
3693
2928
1761
71022
2859
3573
3789
1662
2811
2409
1425
3048
2928
1614
1572
9048
1623
2070
2559
1653
4125
1527
1668
1308
197742
1821
229326
1932
1821
96270
2430
2523
91647
54840
168705
1518
2373
2376
2529
2682
3516
2448
2955
5145
1944
115014
1512
3222
843
3216
2304
2034
2271
2487
1068
28464
26565
3306
1425
2322
53259
2502
1779
2004
1533
1674
84033
8655
10509
2805
1692
1950
62292
2877
1515
2178
27861
3918
1485
1446
44199
1851
1836
3060
4290
38622
152232
2253
1584
63696
2763
32871
2745
2727
1773
1707
5037
15144
22788
2499
103449
1506
1617
1707
24498
46923
8670
1281
1902
2376
4263
1335
3174
27021
43569
2820
130857
49977
2367
93102
184464
3492
156432
26100
1137
34692
957
8943
1602
3135
4701
2892
1821
3297
1320
2004
78609
1581
4305
1881
2862
186777
48471
1971
3261
1506
2670
200106
1086
2697
1623
4863
2832
29256
3846
1863
1503
3732
2439
5358
5385
97944
2586
6378
1842
3321
2544
189192
3036
1611
1632
2211
1950
66315
3891
2274
9729
2826
3183
2508
3465
2577
65259
3477
96150
2109
1806
119331
2073
12075
1398
20064
1971
1392
34920
315
6222
2802
2094
2121
2277
2898
2031
36384
2172
2139
267459
1716
19209
1320
17175
2727
2778
2022
4359
3375
1719
3636
81363
81624
105468
3105
2652
37536
2295
33018
3336
4449
3606
30537
1785
2940
171567
1683
2472
2304
20517
34755
2637
1476
2247
3378
116784
2352
55338
110736
1746
1962
1257
2310
2415
2337
1371
50541
174228
1122
25809
2418
3852
1023
3465
1326
3864
2601
12144
1743
12801
194700
2364
59997
81504
3255
1908
2406
52425
503622
2079
3084
11691
3732
125520
11859
3528
17892
195588
1980
2496
77760
3207
58896
1344
3192
2871
3261
1584
3837
190608
54636
17124
1656
3342
223647
4500
29592
2877
2508
20064
82815
10878
2397
9789
83730
2808
20496
2817
2043
1044
151656
1572
2376
2772
12642
1467
2124
32046
2580
62874
4038
1503
2664
1557
1647
1926
1815
19026
2235
1302
1827
1710
2616
2769
62322
1602
31590
18990
3816
144693
1749
1761
1719
1815
513891
1521
2037
60105
2091
1797
2949
4020
4569
1011
3063
128334
1761
4581
4584
3324
3087
3246
35499
40431
2580
109287
1638
8247
3114
1617
28200
2376
129669
1467
2997
2775
2673
3870
5046
3996
1821
1800
147285
4323
2553
2868
1791
125382
58521
1884
3837
72429
1497
3225
1233
3678
2037
1800
140874
1551
42705
30789
3021
130950
2043
4212
127824
2109
85167
2655
1317
2703
22656
1461
23583
2919
855
2670
34251
82773
40302
2667
3201
2199
37143
2553
3882
4197
1941
2730
1215
2850
3183
2937
1710
2124
2310
1791
3321
35817
5784
1581
4242
3615
2697
1827
1488
17673
72312
2547
3705
2817
2466
1386
39255
2289
1041
10335
4773
2766
160725
31014
1095
108447
5262
1566
2646
2112
1908
2880
2370
22527
2022
4920
1533
118845
96960
169362
1311
151752
4719
34245
2541
2163
2235
3339
1692
117417
2130
2643
2556
1890
27087
1662
1224
2391
3123
92322
1893
1995
1671
89733
50022
3126
1953
96294
4125
92496
2382
1416
15348
1125
1782
91161
3453
1806
26655
1911
3285
13947
1980
5322
66075
3153
2991
2352
107862
2085
1596
2928
3174
1641
5559
2502
2436
4302
2325
2340
1968
45144
1263
115317
1482
20202
2154
4668
30285
1977
27339
3846
4695
3942
74490
1140
1917
2454
146187
4347
2151
1386
16824
3507
85785
86379
1935
90069
2463
40194
2616
3384
2307
2943
3168
10257
5067
118524
3591
40545
1623
1827
12399
2760
2043
2541
2736
2505
3162
2775
148425
7455
4263
1728
225993
3081
22155
120846
2535
17649
5478
2838
1920
7644
45234
1536
16533
2646
3543
44973
2091
3687
3861
2886
2037
3432
2562
3351
2856
2163
2712
2019
3489
1947
2175
7740
1932
3687
2181
74235
67875
3717
2193
927
1869
3600
2151
1155
2097
14475
202938
4488
39675
2289
1746
3117
160470
1905
32421
2961
2904
4110
2940
53916
3099
1344
6918
21558
3816
1701
1833
3936
2910
4221
2034
2394
3765
339144
2415
3081
4857
2040
3981
1920
1956
2376
2742
1380
3645
3156
41493
125481
2487
2367
1917
5796
60018
1320
3489
1632
2214
53814
2220
3195
978
3471
198471
1728
1722
3078
2658
2121
48306
11889
4128
2706
1359
2931
61914
1923
1956
47784
44949
176163
122298
3378
2352
3165
2160
1668
1521
2103
1050
49890
2157
1419
2823
1008
3573
4314
2967
36264
33231
128736
2400
2178
4500
2607
13659
2769
2715
2334
41853
4101
104283
2613
60996
20946
2445
21978
181260
2310
42213
2478
1299
2919
1104
2247
1242
43299
2379
3600
2439
4113
1896
3234
1323
55800
3747
23418
158190
1191
1266
1500
2331
2874
1077
2037
1113
45399
136431
1854
2781
1560
8199
2478
174438
11934
7215
93528
3537
2799
47154
1857
3267
11166
2115
82614
18081
3867
2475
125700
1143
2430
75363
1614
12189
1935
2304
14778
2784
2085
96045
1686
1872
4002
2409
77613
2595
1068
2400
2175
2472
3426
1035
1260
5541
3258
4077
3036
2100
3444
2946
2811
1005
1641
4020
11682
1392
64119
1878
1998
2172
1500
58971
1992
202404
1554
2409
1041
41811
2409
2274
250836
5493
2595
46104
2475
27636
1986
1626
58155
65949
1515
4014
27108
2865
1383
4440
4266
42996
3552
1734
3102
3180
9849
1920
69381
3240
1677
101547
1581
108294
2670
1638
2808
1290
1419
1551
5298
1443
143412
1380
1938
3051
2337
2580
2277
3087
3669
2133
2871
1986
49512
12396
1656
1608
18438
37824
3507
198468
2394
2343
5475
1626
29499
2487
3141
3936
1458
15765
1791
3321
115797
1563
2637
221589
1497
37185
7083
1386
32004
1758
98019
19881
6633
1500
2247
8268
53157
1734
154917
1887
3105
2529
48159
45732
26346
1410
3072
26199
2493
65703
31413
2979
63447
22047
2997
2769
1902
73941
2784
1959
20439
3057
2490
171267
1680
21282
2514
1149
38058
1911
8667
873
4740
2325
2685
4533
108864
3462
143805
46623
35328
4263
1986
2358
335670
7089
3648
2280
36801
1662
360423
24369
28005
1848
3252
2856
1545
1776
2229
927
115881
3240
2787
196971
4332
18795
3270
1386
2391
1680
158727
4734
1305
85539
1983
2028
2904
2391
3588
2973
1764
984
11592
3732
25308
111942
3912
2058
1629
1854
67797
76818
17049
495
78087
1674
1500
2364
1329
74610
1035
11910
4074
181167
2556
175155
2778
2379
2775
2511
2460
4746
1989
56364
131694
115920
3297
1851
2175
87654
1407
2889
2193
2499
1020
3891
4605
1800
1455
31293
3162
118293
173148
20073
3303
4809
3741
3267
3465
1743
48723
348498
2526
158832
3666
2463
4452
272007
3813
1887
2409
2283
2559
2283
3585
33138
2268
3225
181521
1902
3747
2376
1500
2304
4233
1521
36645
2883
4695
3177
4323
5358
2967
254379
3708
28182
2220
1977
2037
3024
1782
2250
2250
1917
1716
2430
2007
1956
69930
7428
13893
108738
1527
2040
3354
64926
1263
3729
2280
2040
3687
160263
1626
2139
56490
1833
3243
2487
1011
58800
1395
103221
1419
3261
2949
1812
3507
4482
3072
2799
89583
100383
1671
2376
2094
47538
1488
2988
2319
1653
121416
3654
275463
35757
71076
2655
224619
2346
115290
2628
1356
54309
60789
2793
2022
1746
2916
119529
50316
1947
9825
2838
92661
3891
2664
2469
2601
900
1140
6528
38415
3201
2505
2106
2112
102651
101616
4011
3474
1659
118356
3597
6324
4701
1005
5757
1749
116898
65166
1917
1941
5343
1392
20316
1893
2562
60030
5652
4470
101007
4689
46506
2487
2466
462
5064
2886
2670
18138
2037
2145
1995
8889
10839
1848
106740
2205
2988
2727
45486
34998
5094
3369
1635
2229
4509
119154
2001
3903
2817
5424
4275
2805
2313
2409
36666
2370
10671
2103
3150
2205
2388
50307
2328
66189
45786
3774
2523
4620
1575
303348
26073
211794
45720
2373
86562
116436
2316
2559
38157
1218
43842
2640
199473
3720
1053
3975
24264
2175
3066
1653
1542
2277
2136
2472
2712
199884
1890
1737
2802
70341
1989
15936
1557
2853
2592
5502
2028
3609
1350
47928
2544
1050
3750
2109
2973
159225
2349
5151
2490
2955
211749
2271
2187
18333
2154
187716
110784
119451
66447
2016
2376
1134
2631
13872
4344
2313
44409
2124
3099
22254
2223
60120
2619
2688
3243
1413
1770
1833
22890
1869
84375
2238
1284
2316
1950
72006
2112
2328
174180
43878
3090
1692
3171
2559
2718
1074
2628
3135
1443
157173
5403
172803
1443
111831
2412
1617
2064
203046
633120
2949
99048
1581
168027
127791
1722
105702
1803
3108
3855
63516
1554
2034
77844
3657
160911
1725
153624
2199
3324
135147
21486
5160
2118
2937
1878
5340
12672
3069
2310
61164
3078
108510
2223
2016
44166
3042
1395
2133
1776
11151
1824
1974
3519
1743
16302
2262
45525
70905
1590
36579
4431
2100
1380
26568
2172
165915
1776
1827
97977
3162
2769
1686
3918
2748
2832
2862
125436
2091
1827
1131
1551
1356
2235
4635
145878
2595
3774
2262
2922
135750
2592
2247
80421
2730
1938
1608
486
1818
2103
114234
4488
5430
1938
2391
38415
10473
2772
1761
2481
1836
1995
1368
1770
50865
1854
22890
41547
2313
999
2232
3075
3075
2046
3228
2064
1611
1332
64593
92403
1752
12933
2823
3711
3171
103131
34311
2079
8091
10374
5040
17382
1797
4944
2829
2715
124695
211479
2301
1521
1662
3651
2406
2478
3216
86106
1812
144534
2100
2151
2487
3354
1938
3831
352167
148824
3369
122877
1353
5346
1422
1644
1713
2286
11490
8043
2844
2535
2559
51240
70089
148560
2508
1920
1668
1005
2718
1092
1596
1308
17673
27129
1803
2505
3693
2154
2736
2556
2475
23694
2835
5409
2223
4233
2706
1635
3288
3009
1938
3723
2832
46932
2319
14514
2148
1506
2211
12471
1428
1353
28836
3108
1284
2313
2757
2922
2226
2145
1905
43059
4437
2319
2355
30318
118842
2538
168774
1635
1203
11490
1647
2850
3363
3066
3711
2166
1101
2064
1998
4233
1473
2277
2481
1155
1803
40077
4767
2871
4206
1206
1362
1821
2760
1542
63477
1716
3159
2457
35988
3684
4851
1515
1611
2733
2121
1677
43545
69192
2103
2199
2814
1875
1884
1989
3567
2718
4521
2469
42015
3129
2064
1560
65484
3270
1368
12351
3336
19392
2241
4419
1767
1620
1734
28266
3240
1164
3642
1797
1890
3531
2271
87504
1560
1224
47649
83484
1674
147762
131286
2769
3102
3579
2772
39930
1566
3234
1761
2067
1731
2073
49635
1137
2559
16770
172788
3054
2622
13917
2703
1821
2466
1242
9201
2307
22821
2589
13200
3237
2241
2763
13809
2286
3231
4272
2604
2256
3045
1620
1878
1971
24162
3108
2658
2856
40686
1821
3297
5187
3006
2838
3264
26886
2613
4008
70821
1845
1320
18156
1836
1335
2271
1638
16926
10371
191277
2904
3789
2220
273
21858
9168
3570
3033
1332
18810
2976
1992
2082
1149
35721
1614
1923
2019
1557
2088
2688
90672
26073
2829
2064
2184
1314
2580
3663
28014
675
1929
4992
123666
1986
1995
1116
11037
45438
93846
2889
11355
1323
143664
3267
4482
3153
2781
2430
1803
82452
1956
2703
3936
1908
1950
2115
82116
44583
1209
3072
1932
260643
1353
1197
2634
4242
2148
1419
1416
3297
1659
90573
2904
2457
2508
1668
49341
2655
1500
2523
3669
121476
3396
1941
2112
2583
17151
1458
96189
3288
3357
2808
55380
2157
45864
2154
2682
2622
804
60633
3039
3453
2700
3033
2706
22728
4608
1674
2259
61809
3408
114753
4347
282825
3558
98481
2595
34092
3324
1938
114051
1086
6330
3060
3954
1632
35292
5523
226440
2451
129408
3177
2220
2061
2373
3321
59769
1980
2772
38055
3222
21702
141324
2394
1824
2160
15984
1488
2043
3267
1758
134514
1212
66555
198
1548
2805
43137
2517
3975
3192
2352
4236
67083
1515
8607
1530
2559
1365
4107
2778
2607
11637
60420
2397
2343
522408
88356
11943
59952
1935
11676
25110
4488
5061
2514
5271
3048
81210
177198
53622
2511
4008
75723
1941
1869
1818
102849
1968
2058
1497
76137
2355
1989
2997
2049
1200
3390
2799
169851
13032
102135
2049
64629
2142
4476
2673
5712
1542
138420
4311
14172
1074
1038
1701
9891
858
17700
1179
2646
3873
48837
153027
5016
30474
32790
188439
2331
2697
2085
4752
1857
1953
4839
1851
9099
1488
44844
1818
1509
219255
1173
3804
2832
2370
939
1851
2442
2295
1056
1998
2217
1086
1428
3714
1596
4332
10113
76329
3429
1890
1401
2775
1389
100896
2289
3414
4224
45495
77724
109392
2892
53763
48843
108993
2229
1659
1701
4950
1011
1701
2433
1266
4026
1704
5070
11820
1941
1926
3108
2556
138930
7239
2337
3423
131523
2955
2016
3036
3156
2148
2289
3276
1275
2304
54546
128280
2334
3693
2034
2211
1722
3561
3852
3738
2868
2691
3885
154698
36963
2679
11067
2559
1434
1713
522129
2178
2448
5808
2526
3279
2436
5016
1638
3462
2439
3996
2790
3936
2568
1110
12618
100029
1767
3702
3000
2004
1362
2196
38823
1800
1887
107805
2919
3261
5475
41217
2274
2142
13488
2862
1842
39015
3093
2529
38679
1965
91491
2667
3417
120822
3366
308826
495
2049
26049
2496
2727
1974
3141
1407
54693
28479
30921
18471
1920
6678
57288
4026
3174
56736
1935
3024
2643
2601
130479
53706
3057
2616
186318
69156
18303
4743
3021
2778
3303
3204
1350
9792
3237
1596
98169
1608
309819
2475
32775
2445
126768
1656
2334
2154
2724
2952
2223
97866
307881
2733
25812
2091
3411
4425
1479
2901
2238
1989
2643
1491
1299
174771
2775
1569
15648
3627
3345
35640
3006
1848
58182
1905
2181
2145
1677
2583
2031
37791
1179
2025
2382
3969
3690
2076
2484
2700
63699
3051
1899
3624
254019
2892
32685
4788
3114
1617
3519
4908
1344
3999
2874
50220
2778
2451
2139
2382
123318
2604
31080
18477
1773
1221
3900
4032
2646
1308
4035
3210
134796
2451
2574
2859
2559
3945
88299
2460
1887
3300
2535
4995
222783
343749
27036
313803
2772
1974
3039
43572
5565
4512
97431
62073
63015
17787
108366
3399
1326
33987
1746
4251
83058
2226
71424
1413
2922
2388
5328
2058
1857
79029
56382
3708
2157
1602
3576
2352
3135
16113
370209
23253
3318
1596
3357
1998
37929
2463
2070
39000
84750
2676
3087
1629
1821
70467
59655
2340
3519
2682
2517
12045
2706
1113
3090
209850
135534
2622
67905
2307
4398
3042
2610
2946
2289
1677
2040
2478
1545
1530
57726
2598
121017
93051
3093
3039
63807
1845
21462
2598
4020
2607
246543
14340
3960
2415
3051
86910
1734
1278
2259
1362
3654
2190
2568
2316
2295
1407
78762
3354
1977
73401
1941
1413
1491
3120
24996
1704
2748
42240
2883
3816
40686
3657
14883
3039
1836
3378
128187
72978
2508
31158
3189
48993
99426
83910
2406
18633
2682
5100
1680
37149
2142
1230
2415
2298
3678
2445
44082
1863
1854
15057
1203
140364
2205
3600
2517
3411
1404
74217
1776
1581
2418
3822
2658
3141
130329
191796
25632
1755
2091
1953
4221
1614
1740
2385
2613
1389
2709
2010
136824
3024
68502
2982
4155
3732
49344
1995
101715
3129
2499
2571
2238
2031
3495
118341
2964
2760
3048
2238
1191
221220
3693
15516
2400
1452
2535
53034
9528
277512
5553
3258
3894
2439
2187
1728
5106
17004
2076
2043
2526
4266
2076
1248
3630
2196
1953
49956
3855
2301
55506
2445
2511
2205
2550
1473
3237
3156
2205
2340
1878
2940
2838
1422
19848
2664
3921
3207
1101
2292
2787
5208
2718
2088
3039
2970
2235
2367
2499
3279
3090
1806
39219
3066
282945
3561
2955
2640
2235
3966
2037
155049
55023
2409
1944
1248
984
2607
2211
35784
61107
1260
534
1746
72321
1485
1398
4251
1083
40632
2724
37917
1722
2013
11058
153867
3858
158715
179055
55257
53727
2112
20826
1587
230748
33375
3951
9558
2871
2715
2442
3159
2286
14043
2004
1830
1971
2991
253410
3489
72723
1704
3588
2274
1608
30969
3486
1482
62127
88686
71682
3966
64854
2097
2004
2652
3183
3297
1905
1476
3660
230502
1749
1782
210672
4566
3459
19599
1881
95829
17106
2388
199614
2667
3126
1821
1887
3000
2727
1692
98727
2262
3804
1656
2277
7521
2940
6255
4359
1458
2523
1869
100152
3489
3756
3396
4053
27255
2526
1638
2943
2838
3039
3327
1161
47247
146484
2010
177513
4941
342729
44802
1971
2184
68025
1389
1875
1515
75711
4263
2640
2448
107817
96333
37980
32292
156000
181578
2838
2577
4701
1554
116931
175134
3861
1650
2823
3786
179937
2550
1392
3150
7344
3561
39843
2604
2358
3303
1587
2445
1560
6150
1998
2523
4119
3135
3129
4098
82968
2121
171432
2880
3801
2127
2097
181395
1962
2271
131073
1800
61428
58368
3165
1338
185733
1242
82236
1470
31353
1359
6801
3972
2205
34770
2643
2229
1440
4152
5832
13284
2082
1083
2244
1809
1137
4098
4758
56892
2193
2997
3522
3273
3453
107376
4032
2757
1512
2184
2286
2517
2670
2178
1299
2628
2220
63402
2349
2238
60471
2727
1755
2367
2628
1713
2565
43341
227892
19455
1734
2415
2283
3021
1800
951
2472
2226
1575
2862
1590
2028
26250
4737
1548
6318
32265
2001
2751
1770
56223
3516
2868
2181
2472
3198
261438
243948
1776
1674
1119
4614
4011
22020
1512
2649
1809
2967
2724
2859
1392
120765
3267
2322
2130
23781
2439
2742
3360
53304
3645
6156
3393
2226
2298
101328
2583
39504
42477
1284
2328
1200
2001
37491
43674
3873
64002
2535
69213
1530
25908
2649
52188
2049
1296
2394
153504
2166
1557
2688
3291
2832
56883
30468
2028
1734
327
249429
3234
67719
46164
2928
1980
3627
1863
100884
113088
3534
2637
29487
72957
12168
2538
2616
1947
3096
3804
3948
3255
38160
271383
3054
19884
2403
29640
3210
2475
4182
3081
2787
1512
32787
3171
1224
135093
2634
2346
1770
2040
1359
16554
1884
1485
2166
1713
1557
3174
465507
184668
3150
2769
127788
1419
1857
954
3039
2337
2145
1311
68541
49572
3909
122670
1701
18402
2004
1578
2214
23373
83775
1068
38313
3192
2247
145938
3063
2073
92493
362217
2472
2856
3675
1776
2652
1728
1407
3918
1167
1638
1461
3918
3849
2907
157266
2265
1347
479535
2454
13050
3147
2004
2040
5409
18987
1764
1893
1887
64455
110880
2598
55764
2652
1482
16425
2889
4800
3867
45894
55293
27858
24882
2727
2463
2619
66516
2352
65019
1731
2016
189138
2829
1749
12516
2178
30273
5352
49050
2046
2325
3546
1602
1728
160911
2445
42237
43773
2424
2928
1326
45342
2829
2517
41484
1845
2292
17142
2061
77817
58452
115098
1650
372
3501
1845
3822
1707
2862
35247
1881
2097
1437
40218
4167
351147
1743
2400
19683
1902
1662
193707
4998
1542
113991
2298
3540
185661
2307
2379
2784
2469
4947
47457
2493
64761
2133
2601
3240
1275
2286
2064
2499
1515
1167
54261
1638
2997
2829
1836
2094
1560
2544
2127
2436
2583
30234
1428
3036
1818
20049
3801
1539
1296
3177
2511
3291
1467
2670
15603
1287
2988
5667
1764
10668
194385
2100
2340
2163
38280
3093
2421
3291
190770
1605
66261
7857
2454
39027
2160
5028
1056
2901
2421
2160
145599
4911
2190
87867
2781
1185
1710
2076
3192
1188
99174
3573
41751
44367
1710
30993
5211
15441
50850
1179
2391
2667
1590
1902
3318
1803
55584
1224
1806
138126
2007
104742
2796
1425
249462
43236
3390
2898
1821
1455
1593
1431
20148
2304
1566
3093
1854
3027
154878
2595
2061
86958
1584
52371
2397
28617
4116
2214
3333
18492
3048
3057
1827
3105
21021
1716
1515
2325
5049
2832
29232
2784
4578
1932
1191
52119
3366
2922
2718
2625
60615
2154
112725
2142
1986
3060
3066
3177
100491
2343
3759
47700
2565
1878
2202
54927
36801
3459
21780
2799
30675
1488
2934
42378
275013
1902
3249
190638
44079
1815
48852
1404
13854
1161
2139
2379
1887
1218
1992
1185
3873
2826
6693
2202
2763
106650
113517
183918
1908
2907
2097
21552
56493
2994
1605
1698
76929
8742
1818
3510
12984
3600
1953
2508
2220
2814
3174
2562
2136
25854
2601
166377
2721
4845
1305
3222
3315
4680
3177
273945
103257
1314
1809
1311
2694
3777
3912
2463
19419
37500
3309
1878
2316
1902
1686
49944
88542
1560
160854
209349
1653
2664
4839
1662
104622
2310
2505
9804
3327
2706
53319
69417
3138
3171
35598
124182
666
1797
1581
2787
4683
2811
405
65586
1707
49638
5256
39756
2451
140178
1851
3639
157611
138072
1791
1566
54144
2304
5853
3363
3327
166008
25707
2082
1821
1134
3150
1857
39063
2922
134310
2961
14256
35664
3432
2748
4098
1977
2058
3666
2298
2781
119868
77433
3645
34797
3084
9687
2304
44763
1764
2220
15582
38394
2229
31527
2139
1230
96405
10437
255699
4695
60705
102690
102435
930
80817
3354
16197
141750
4389
32181
4251
63546
2772
3759
111279
2643
2568
1605
2844
1050
21420
1905
36216
62118
44718
2433
1347
3054
57960
1584
126933
1530
3843
2331
5202
1836
4119
1611
366453
5670
186207
21300
28698
30480
2262
282468
10524
34875
1929
27231
2010
162081
156426
24768
165960
29766
1914
3801
12834
2646
1809
3195
2271
4404
2790
2121
4092
2685
2889
2115
2766
1455
2457
2157
17322
1953
4110
2268
6447
31224
1947
173991
2400
4971
3063
3036
3027
1104
1761
969
116364
81201
2277
47826
47670
1881
102816
2604
1206
174762
89370
1761
2880
2649
2709
2811
96570
1743
32325
160002
73851
1806
87768
63519
2781
1284
2682
44898
1542
1878
209913
89943
2424
74721
35820
39462
12351
1386
4149
1764
6366
3618
1962
3003
2679
4128
27723
2001
3204
1518
3252
975
1614
1449
4704
112047
1134
1989
2280
1092
3270
1266
1770
2415
1998
4467
1722
2985
7512
36204
3879
2538
4233
3393
36744
3339
2712
67560
1359
2394
1617
3186
2778
127335
81942
2175
3027
55137
1077
64263
2967
3555
3351
16917
3246
19494
1011
144507
2160
3495
3567
1077
3210
1371
2214
48336
32772
3492
2001
108909
2634
224742
2475
2418
38799
2781
1602
3261
2379
17574
1305
3405
1542
4146
56421
2103
2331
308718
2661
1182
3012
2829
2337
159372
22239
2955
2589
1665
2448
117159
8694
2142
2661
3363
1578
133227
3453
2229
31140
98001
1350
11064
58941
3006
1143
1473
2697
31803
4305
3693
87543
2439
1596
2799
1986
2037
3180
2181
1809
65046
9867
1836
3963
41268
2913
2259
48663
2562
2607
9570
2805
142185
11667
142002
2556
2967
27216
2634
3780
1188
3006
1539
3867
1734
142383
228234
5175
88983
51117
99207
1842
8727
217641
1608
2187
122946
2460
2286
3810
1605
2103
4401
100413
3048
1887
3489
1620
96621
1719
2265
2892
6600
69351
2460
134121
105417
43431
1968
26853
1395
57573
39375
2925
3063
1752
2265
206352
2253
70677
1800
41697
2601
65724
2475
2928
123834
3540
60648
5391
83562
107856
1179
3819
1557
1914
13473
1641
3540
2892
1599
1356
1794
1005
1575
1974
2058
257340
2499
18003
3120
57339
80562
1554
57954
2481
2436
2979
2166
2694
1449
2433
2142
1482
88587
2364
16752
40434
4026
1512
129099
16965
2802
2613
2799
3111
2355
101880
2481
17472
103320
1539
3072
2682
1599
2349
2049
2085
2586
1494
1437
82647
1875
9468
2469
4815
3858
2175
3198
1575
2433
7353
2025
118698
2748
1920
1845
71730
1887
1425
5457
142731
4326
53637
106551
34632
2676
2760
3867
272067
2154
2097
39366
151155
1482
3075
3144
2943
7215
1164
3744
2547
1479
2532
1983
1236
1983
254847
35334
116670
2679
40782
52812
200886
3789
1809
2079
3453
6375
134526
61257
3552
3279
1428
3360
230079
16191
1782
90198
6651
4551
59625
1464
9849
2256
2604
2142
2187
1704
1728
2466
2733
103290
1779
2787
1593
20697
61317
2622
33528
2568
2325
12123
194127
1263
3195
19605
2208
6768
2664
26565
3549
3306
1920
2430
1191
2550
2814
153768
3210
4485
61629
3111
2004
58287
2667
2418
1650
2094
3165
1614
1533
3321
2748
1740
1596
3354
1734
1683
87528
1722
22065
2604
1860
1722
15648
35862
27411
109122
28830
2565
1965
1449
1452
4866
117537
2808
19983
1023
81564
3258
54261
3462
3927
2046
2259
41757
2937
9084
2874
4263
2760
145566
1137
52293
3042
18180
43635
1719
1815
1647
83487
22905
3909
3837
3057
1662
1893
181797
1218
2934
80928
1149
3447
73716
11565
1944
2376
2100
2556
39114
2058
1464
4554
13797
2112
2592
3831
52266
34395
1689
8379
2445
1806
112173
2553
1878
164310
3501
2259
2493
39909
77868
2886
2769
2289
15645
2385
39831
108372
2682
3432
1551
103044
2247
4383
4317
3438
2367
1827
3273
2280
139923
9036
1998
3720
33957
85023
1365
1563
30813
1479
2775
1347
5883
1437
111729
1968
40026
2574
2337
1203
191013
2862
372030
56907
3318
1467
2505
66879
2247
72441
1467
2526
3894
64629
3048
5640
1905
2715
94575
2739
2640
1806
1491
131373
2880
2670
1761
1437
4350
17370
5880
1893
41316
2355
39783
2406
1614
75795
4095
25662
128247
1170
118851
264258
2775
1809
53160
75960
83937
1836
2106
14064
2904
1656
2115
12639
2010
14511
15873
4002
2262
1746
1986
2103
2346
3534
118740
2028
3270
2088
3669
2190
1584
1800
73905
3051
2829
3006
2151
112869
52077
3093
46824
3858
23796
6957
3432
4458
53091
2730
4443
1938
2514
3966
4074
1458
2949
1680
61395
2706
39219
3936
2856
36711
3267
99078
3615
53559
2991
63474
65220
1836
1767
136461
1461
1374
2979
2103
2175
87789
3213
381
1752
3438
2538
9051
1815
2073
1809
2115
2382
2184
43158
2607
2754
2667
4683
1263
3801
1827
2028
1404
2166
124068
2526
153363
2478
154773
3960
2016
1542
1821
2064
2856
3810
2757
1953
32115
2931
2319
288693
28680
3867
4416
57381
138975
155310
2745
2556
1977
2484
3558
3444
1740
93945
1968
11235
4119
1776
5838
3207
4221
29526
1998
2346
2826
6246
2955
2547
2061
5556
2427
1884
181170
2532
2568
2058
1728
2397
14958
2382
1674
2055
2010
3615
1848
161856
3780
1443
3321
2844
1143
5775
2619
35241
2043
1848
12633
2121
36801
1848
2187
3138
1968
14106
2031
1866
1953
3255
3459
2187
3282
2088
1968
82764
2325
74982
1665
4296
48492
4200
2730
81384
2334
2358
2685
2301
120804
1932
40200
3261
20535
199932
1125
9546
81744
1776
37524
2397
265728
1284
3972
3117
72354
1830
2196
1533
3303
2652
1911
4143
9666
3012
2349
1227
91533
2100
3249
1416
2406
1698
152565
1773
2958
3825
27651
3909
105813
2910
1410
112656
2271
66930
2718
879
84834
2235
1476
102207
60957
2166
3168
210375
3645
2829
2739
58806
2445
2403
1533
84603
72789
26793
2214
2673
4431
2061
268029
143460
3861
2571
2157
2481
44400
2616
3039
3024
1821
1458
2706
1494
1524
47706
1830
2544
30489
1362
49503
2892
39777
2604
2556
108621
1902
131181
81975
2097
2751
242940
1671
3051
3471
3360
23175
3324
3162
49656
2721
1917
3312
1956
3174
13623
1635
3339
2367
3294
176445
2595
1536
2091
1074
1773
3168
1965
2235
235467
2250
1476
2583
51135
2793
1350
2403
1890
30999
134274
1743
3807
2994
4305
41361
2877
1305
1977
57858
2358
2256
98115
18939
2469
1938
3870
118239
2856
15420
2238
5055
2259
51972
10575
2709
9999
2031
12018
6711
3414
40227
2208
151290
3828
34104
1092
4077
103152
92244
2763
2721
124944
5613
2658
1950
43887
1695
1950
2349
26034
26862
1536
59967
1557
2511
91146
1074
3519
1992
2325
1416
2637
1881
2616
148218
56697
3963
2892
1824
37620
5277
18078
21633
1806
1404
2700
5718
2295
3033
2727
1857
16803
2940
1110
2505
2454
3153
2742
2574
4674
1818
1371
3099
1767
3492
2682
1749
960
2316
3930
1095
2688
53526
4275
2766
43155
459
1218
2673
20991
3351
2766
1938
1140
2037
1890
71322
2535
13980
102111
36729
2364
2643
68673
1488
2541
42063
2724
2208
3771
54975
2349
1749
1986
44838
3273
3693
1620
1887
2523
62571
2235
2085
4389
45498
44058
88407
6192
88068
1707
4137
2646
2478
19617
40245
2712
1662
1830
3108
14454
55482
2421
2754
4215
1869
3648
17808
2343
150969
2019
60006
1857
1827
3678
1365
185364
2367
9870
1431
1278
951
2331
3561
140322
88188
125904
3522
1047
3729
2004
1935
2469
1485
3117
5400
2094
4644
2058
55809
5985
177711
1926
1503
116418
2427
113730
3129
3144
1737
1263
87279
1734
15156
7017
2136
12261
72267
2580
3708
69465
2832
4386
3144
1437
139815
59301
2211
2370
4203
94833
1755
2373
333180
2868
196377
1380
3924
61881
4293
1848
364020
176325
2193
2499
2436
3732
1923
2904
3657
11112
1989
2508
24273
2826
1314
4584
1944
13065
2040
2709
1068
2778
2643
83808
2418
2088
1761
60030
3093
3321
2562
1890
14484
37551
21330
369642
1521
2907
3666
3120
149052
1194
26313
1746
79911
2355
2115
139488
2823
23613
5604
2004
1584
136161
2268
117645
2271
3744
2784
2574
2658
2328
61722
1740
8157
1710
1335
1722
134844
2892
1239
978
3417
102012
74478
2712
2856
2658
3321
1923
21069
2607
5187
4899
1998
64587
3663
80652
16566
2397
2379
1065
3054
82431
2316
2001
2646
36378
4263
2103
2241
3198
2220
3276
2325
1803
3942
3393
2886
1824
2226
5118
2292
87312
1875
12072
106527
2508
21990
2085
121344
2466
2034
2382
17898
1272
2646
828
2517
57147
2043
2196
3381
2055
2670
82101
5937
2340
4161
2394
2796
2208
2310
1647
12129
3609
2496
46485
42093
22533
1902
135498
3225
72060
2979
4626
1071
9561
53712
3288
1494
22515
3906
1983
2076
2001
45831
122094
1911
1593
107343
4290
2430
1875
3657
2100
3030
68040
2274
2382
104181
155838
1482
74361
2484
2169
2781
1989
8337
161454
60648
1806
63135
2628
1794
2676
1170
1584
1596
2688
2649
7209
104634
3417
3570
24963
5331
2334
3846
3477
2628
4212
4818
9714
3036
90399
2709
3594
5442
267546
3867
3930
137640
4470
142857
2841
5607
14634
5586
107229
4326
1794
4170
64008
3387
5124
2436
18303
2064
2451
2349
174420
2874
3375
33432
4134
97341
284931
5076
4557
137661
3150
193686
292020
40758
4641
120291
4440
122253
16704
75792
58965
85086
37539
5862
8889
50361
63849
3912
2814
112425
63651
169170
47769
30459
37260
5103
5058
56091
35298
4257
3675
37350
5064
16707
1713
4848
3888
2796
14049
2820
2661
3849
5460
18972
4338
2898
144069
162069
4632
225492
217686
3099
22404
3306
12681
100536
3780
86814
1758
3201
3129
5382
7137
86226
83016
5811
3213
3819
3066
8310
4218
4044
1947
2727
2817
3501
590745
5640
2034
22884
86016
6849
6693
5424
50262
4050
2532
3879
4404
28038
2373
114399
11394
3918
58641
3522
3240
4044
4854
78657
73365
35289
163077
48390
6321
2247
68598
5730
4968
37065
4719
77091
3192
35517
4839
3426
72879
104637
5871
148164
3270
150156
25617
45204
6711
9237
10533
20934
29610
74025
8904
42867
27045
11694
27588
2553
4812
145992
142080
18345
102663
218214
62370
4020
1815
2145
201213
109473
4878
81504
42384
13083
126882
7734
92583
3669
4575
3237
1587
2346
4251
5274
4572
4719
191469
52662
2814
31182
31218
13551
15492
172221
5988
259068
2361
7140
4908
3048
59313
7602
6291
8241
21864
3339
58743
106131
6615
4617
209514
12873
11340
97887
24942
5739
5097
127683
131166
95499
63696
126492
5226
43890
5319
11610
19161
3045
11940
2085
82236
142386
2778
3966
23136
34050
2238
160353
24819
8334
26841
8937
40869
59613
4764
53052
25695
6687
58284
23133
35001
8175
3018
34050
124074
82497
4605
10515
22902
4767
72810
35769
8241
66321
178881
80346
142953
6537
6450
32820
246441
59577
11382
12180
3480
190548
37278
2004
3837
14196
1263
81504
6399
3195
39585
5067
4992
6918
11355
3252
151017
3843
41448
29034
2343
8007
2688
31692
6081
9303
3534
67782
11763
5187
16146
5241
224715
191046
5148
133737
4032
3891
64224
36231
5280
3327
199155
2745
44727
21879
150237
6567
119052
4239
23853
20073
54450
3222
12678
8715
7758
15936
4761
5250
63678
4113
2136
12270
17739
82305
4206
62772
3165
4455
112878
5679
4905
2943
7719
6618
3621
65970
7374
5637
74637
28605
232974
48621
128487
16560
4011
14841
76248
58815
17901
186840
36963
245544
148566
306930
1782
5397
1704
5577
316470
3936
7368
30903
7836
4938
62577
4119
3897
1455
24660
196053
1992
4851
143832
5898
3678
302133
4053
9567
4131
3237
52623
5397
2223
4908
124086
2703
37617
2016
6894
232599
5892
6132
4854
2184
6819
119580
26313
4422
427785
5868
11586
9123
61089
77385
5592
26664
10806
3489
31650
1896
5916
3579
3726
69036
19467
60339
78165
6021
54489
292107
43695
8019
52254
4872
38619
3996
4023
11931
3729
13881
60285
124509
16533
5376
419217
177150
16029
38625
66696
165123
108327
211308
7698
53004
9096
431490
7515
49758
133266
31293
10401
13206
120792
2166
59970
136830
6201
14391
8421
9252
4284
6543
4086
3522
4980
74325
3573
653040
4506
197502
82728
237297
7719
3435
3669
11880
21546
4068
9252
4518
4416
61536
13479
3726
82218
444348
60780
4008
2586
44940
154800
6156
8622
60177
1440
15156
8706
46947
6951
171921
28764
3225
5448
68280
3900
90204
72396
80463
3696
80763
4317
138345
177306
1575
335862
249960
20484
90981
10023
3366
5256
143832
2883
6705
53367
253473
1584
61848
7641
3105
10245
14130
1944
5646
5355
2778
32883
227016
140517
21987
147114
41406
50154
48414
329094
3126
44619
2853
13638
3657
106662
3759
32550
8985
252009
155940
3384
2439
2277
2490
51060
2610
4902
4656
3567
5439
5973
6003
60690
14397
16401
107940
5853
61335
74973
386814
3711
14274
8151
7266
9210
156426
5532
12243
2472
464919
3468
4422
37632
29799
2865
3693
132984
82236
45162
155529
8709
6528
119832
3417
4890
74112
12054
2895
69381
8442
3735
59598
8913
6336
147345
1992
40443
126252
21642
3222
4032
25230
35949
11901
4326
152073
3519
49869
110943
153138
299829
45420
3723
5949
4848
36759
3606
7848
40080
106536
167943
4710
6192
5559
152550
6369
5349
7263
2178
21741
3984
295503
7296
4692
189738
117510
4851
38073
27639
3153
166275
34167
7053
52890
1272
39399
306915
93267
1410
125241
3612
57537
12624
173112
16557
142647
6081
227115
3747
60069
5997
22806
82881
5940
26085
4413
5535
6999
5118
18399
60417
5631
60099
2370
2103
2907
3063
110853
39582
2304
7254
6297
11040
161574
197697
108774
7932
9135
65130
8253
2433
3927
3330
74616
70029
164496
3162
2223
2880
7515
8442
5217
2325
4263
35793
6219
13677
2073
149655
41658
1536
5295
34113
225303
6912
5433
3285
5571
6966
41871
2892
6315
27696
187143
4266
2877
4185
2142
62763
117726
9837
20019
4356
172077
55311
3294
11337
5895
6543
2403
171549
1179
5679
25680
26112
50667
3366
3453
5325
82788
71865
4068
2727
51588
3033
9918
6255
62613
5286
4359
4971
4458
3258
4419
2301
121518
82062
2112
76836
2718
26814
4686
5415
137994
60312
15600
70539
2796
2760
81534
4551
1269
21984
2670
3978
6429
4011
4488
2721
8571
3309
5445
1764
43110
4752
3600
100551
36174
6600
84201
17397
54141
3999
262071
10932
7650
22863
50337
64746
122682
4338
70311
3540
5517
6756
8589
26184
7626
154929
6861
6471
3489
67284
122799
62040
374640
161139
97086
206445
3222
4263
4413
36690
4899
45363
7911
136269
162663
148902
240345
38151
3135
4359
4950
41145
171447
2433
2352
32601
5481
4458
3408
6075
4653
3108
45768
9834
3654
6429
2718
6012
48612
4329
44799
19341
9636
3150
2127
89715
5634
41355
16578
56337
8133
5097
3669
101751
2910
6600
41688
6822
1521
20190
4317
24798
16725
5484
89781
24243
46755
2172
62322
3867
131082
3342
23619
332136
4839
3669
177567
17979
35061
2988
97926
5775
7842
6327
62646
6138
3969
14277
8754
228198
23508
335214
142152
101103
121989
5871
2559
3360
24945
37680
94578
4431
2676
5352
16071
5109
5472
4266
2940
14298
13470
78633
5832
22776
93033
10605
33606
39228
1941
6195
5262
17814
3999
40404
5253
4350
8850
3768
3006
9975
2418
24003
4416
56616
5388
5796
43425
2826
40839
3234
20412
2436
4089
91884
42771
2829
78036
888
1932
2343
2118
2409
3135
2706
1926
3582
1290
2283
25848
2151
4512
2874
144498
2859
2739
139383
18495
101364
2973
61557
36078
1887
91275
2031
55113
2385
2397
2070
2601
2673
2679
2520
1710
10191
5589
2121
2571
86028
1485
68172
3306
1206
59868
1953
2772
1593
1866
25926
3063
129564
951
1869
2115
1989
1569
6768
2502
3390
1425
3054
2628
5031
20247
1371
30684
1833
3315
139920
136386
1470
3747
4311
1959
1395
2172
1479
3153
28968
1407
3012
2259
2295
45333
2154
106575
2316
8550
2664
1065
2622
12207
3960
143094
12255
2970
2418
3522
2790
3495
3408
2352
4014
1434
28386
2160
1776
3066
2073
1620
2082
59538
2418
708
2037
222513
2187
33030
3408
2898
125343
1941
3147
67728
2175
33030
19617
1956
1728
6366
3036
2439
29673
3141
60246
1629
1662
2997
31194
2850
77298
2970
2676
58944
921
75504
2325
1932
2541
18723
1800
3690
2346
1386
4461
139668
2160
96315
4023
3174
1554
1338
1623
3222
27666
16617
48564
1110
9564
1023
3429
10104
46320
930
1227
2121
5523
2466
1269
55812
34125
64500
2433
2487
298908
59946
131106
1626
3357
2685
1095
3348
2385
1530
936
17154
3270
1785
2283
2385
1473
3360
2724
21090
2595
28863
2235
49233
13101
3372
2571
4194
6357
12597
8931
2817
7422
7107
3897
1221
33156
2166
2511
106164
80157
2406
145980
326571
1923
2496
1968
972
2160
162396
1551
3345
2928
1809
3072
2934
2145
212748
2307
3927
89703
49704
1932
132327
1557
1623
198108
2406
3351
3762
1923
4347
2757
2874
15972
2499
9183
4191
3180
23844
14889
4518
2580
1827
1560
372219
93213
2094
2361
2337
2892
34272
2691
2700
7794
3018
15519
1452
1698
445368
39693
5043
1935
1953
4218
2637
3837
1080
5685
2214
40713
1857
14016
136284
3102
213
1773
2811
63657
4500
65340
2313
2157
2262
2934
1674
2232
3339
15936
105369
53091
1797
12066
1989
2472
58611
134595
1257
4434
4719
174321
969
3048
2415
27048
37707
2748
89880
5886
2922
1287
129711
12789
1299
1107
2607
2541
2151
2730
8541
77634
68091
1983
2268
1752
906
1614
2919
110301
271626
2286
1872
2118
96789
3825
1620
1560
1617
2706
8310
2946
2541
2166
66555
97521
1992
2754
125091
1884
867
51198
228087
2445
2199
1932
31353
48147
2133
2964
2136
1464
12303
3189
60393
1743
18141
13128
3471
1650
4203
4338
1641
99750
127599
1905
21609
1581
2601
42966
2685
3777
2163
3978
150510
3693
2925
2721
1518
2013
4386
2430
5493
8481
5820
3051
1680
20061
42765
38157
2271
3585
3231
2715
4173
68415
65847
2997
2577
119547
2916
2712
2109
76593
3198
3459
207642
4101
262071
1338
2100
68292
3192
32274
36075
2670
1917
2049
1638
4683
2547
1650
4203
188304
95496
1326
65352
1284
92766
1143
58773
2394
138555
25251
1653
83250
250404
1686
3189
2520
1194
1653
2292
58107
3795
3774
3021
1632
311019
178437
23883
50892
1797
22821
2082
1404
2586
1782
93531
1512
1698
155310
1896
2967
2511
1848
25413
8706
10701
30516
38211
97215
3306
3153
2613
236337
77703
2577
2043
10767
143718
174240
2766
32292
67854
2640
29001
4488
1596
2196
36798
2841
129579
1545
3144
3357
108993
1620
41886
3744
147831
1995
144270
3123
137424
1851
2247
2001
2658
2409
2157
6963
56130
2268
1953
29325
2034
3258
1548
89385
45741
2169
46674
2301
2373
3945
32706
130254
6597
6240
1113
2340
139488
1668
1434
4254
2430
6459
4014
3129
1998
4410
27051
1263
1812
13644
219321
2217
2031
3654
1860
2844
93543
2499
1395
702
2526
3279
1344
1080
3435
2265
38973
141906
2922
2013
2724
1797
1767
1689
64410
60381
3627
149559
4224
168219
244281
1311
57891
3231
1674
2382
1929
137250
2394
3210
54039
3069
1194
40344
912
62937
2577
55917
3159
36891
3288
1101
1902
2556
2439
2256
52509
47166
2688
1251
2784
3171
2460
1941
3789
1437
2634
1605
231069
1614
2703
3033
1758
7077
2043
1764
106791
1908
32922
64044
2127
2040
2391
1956
3150
59286
3015
225060
1536
2679
3168
119253
1734
4377
2619
2250
10818
2559
1503
1794
58203
2244
11544
2664
2913
3225
3006
4122
2577
1998
2046
3621
4107
8814
12900
2520
36996
110886
3573
3459
2604
63609
2619
3426
49641
1419
3507
2763
1992
6258
2487
1656
263838
64650
1323
3033
26895
22851
2472
1686
27387
3717
2994
1449
4386
3096
3150
3765
4002
76638
28848
2310
72990
159540
34098
7665
2085
2619
2151
3264
10383
2349
2361
3543
3849
1500
1221
3201
2649
2904
2331
1830
23739
407829
16683
3642
3837
2142
3156
3915
3750
1674
2148
2361
79392
4104
4371
3330
78201
199548
2991
77871
2136
23301
19188
3621
1773
3726
156972
270900
37263
3603
21972
315
3348
1827
4572
2616
73518
71820
3339
4788
54987
2679
3636
1116
8970
2868
2793
1794
3948
2694
2778
1584
1866
3195
12516
1428
32070
24222
2934
2460
2619
3546
4470
3621
1620
3408
2646
3675
57279
1971
3228
1326
59196
1566
1974
24735
3192
2877
3582
53352
3648
535707
2187
181563
1998
77634
2067
40911
2904
6816
1542
292374
1338
2643
1926
118776
114198
2742
2760
1710
2475
25947
207486
86235
2304
2226
2121
38544
1602
53034
90924
2217
5034
1524
2523
24981
1896
131127
127476
2685
1815
20532
309
1359
1800
3813
3075
2370
2646
2724
130245
1359
2694
2694
3426
134265
1728
23316
1377
2370
2091
873
2793
7575
4344
67362
1617
109584
94566
21720
38877
2577
3255
1683
2124
17397
1758
1761
3855
2367
1743
70596
1818
4008
3972
1062
33963
35031
2202
3174
126957
969
2280
2169
2967
204951
47799
64200
1971
66231
3186
1911
2934
183201
2673
1320
3390
1638
1671
2463
92169
48375
3441
1206
2103
22800
2448
2643
31227
2277
1878
2964
3126
2259
19848
2871
2079
1515
4317
4101
9795
1581
3501
1833
2130
2709
3246
1635
122961
1698
31302
2640
1530
2187
2832
3300
2730
1710
52539
3264
2154
25215
1878
54972
14202
1878
115389
2448
77490
216378
4227
3066
1329
213447
987
29007
163821
3240
33360
1956
2811
3141
4101
1272
128820
1122
3159
2223
9381
151512
28308
17370
3021
2772
2208
1836
1143
3978
4311
3768
2352
2328
87072
29379
1356
1980
2088
2178
3246
1131
1212
2514
1524
33912
7074
12531
2868
2460
1848
1812
49419
2016
2922
3078
2247
1704
1359
94608
7206
3255
1578
1749
65580
3096
2628
32058
3366
2331
2037
41241
1980
1446
3525
5049
42054
149001
2451
2457
68622
36813
2775
1704
2391
1839
3357
10680
2622
15297
5163
106641
5391
113124
19731
3270
1722
29097
42552
11577
5847
1596
2862
1401
1740
3198
23637
47886
135813
45504
2679
1140
90993
188793
160674
25743
2988
29844
2976
13575
2292
1362
6141
1992
3432
1635
1989
2094
75669
2163
3405
2628
3237
190152
42303
3207
1695
1839
2340
1869
195507
2052
1197
3432
2268
3633
33126
3027
1233
2316
2700
4716
4038
5310
95571
1938
3438
3780
4917
2469
193080
1554
1506
1734
2187
69252
2319
3249
4518
2457
2337
2406
3858
1542
1536
61824
2982
3324
92499
1848
1503
122493
14952
2829
15957
2802
1722
34329
5760
3150
3390
1494
3027
3093
2100
4488
36348
2751
267228
2178
22209
25401
1731
1263
2004
2946
2070
4056
84576
23013
53319
110172
3450
42243
3315
33996
1278
3204
4497
25935
2442
1482
173580
3972
1992
1644
17427
1335
35667
2061
1098
3864
120144
2667
52971
1542
106974
987
3123
1698
2208
2664
1893
1197
231807
28785
4158
1710
2355
3264
2208
4254
17415
11991
195018
2607
143031
2229
1248
1587
3903
46431
2127
504954
2142
1836
6018
5202
90750
34794
1407
5442
2385
21810
195330
3420
82434
1965
55215
3018
1698
2637
2253
3063
3684
2148
186279
1470
49398
3780
15096
2373
3033
226074
3207
28584
1611
105927
6828
3192
2514
4119
3186
79479
2640
1788
16776
3732
3738
1851
155112
2031
2655
13923
4578
1965
3687
26838
2028
62070
2100
1941
2982
1986
2760
1686
2913
3060
15141
2061
2802
2151
1503
2298
2142
2685
59568
1293
1683
52362
148908
2235
3564
2112
517668
2190
1905
55551
2253
3378
1440
3789
1935
1893
2061
1824
125505
1278
3777
6366
5268
5622
2121
37728
35739
2640
114147
1188
6852
1590
1965
23730
2820
133527
2409
4173
2640
3660
3648
4386
2043
957
2718
142227
4329
3126
2547
2649
1698
120831
1731
56709
1521
2907
3579
73356
1797
1233
3003
3096
1434
144309
2784
39468
35196
133449
3822
127035
1686
91575
1839
1908
2052
22689
29007
2055
1137
121959
36735
2781
4230
1671
2562
32685
1245
5097
3024
2643
2022
1530
2049
2715
2511
1665
3240
1575
1947
3432
42153
2061
3177
1683
2226
2034
2748
91605
972
2655
3225
3129
3039
39693
1995
1617
1635
5598
2643
2046
165651
25764
1845
119523
1905
1701
3543
2493
2964
25551
2208
4098
121851
58356
207372
83811
66762
939
39804
3384
3369
2208
1977
121575
2361
1608
2868
29205
1854
2634
1905
97584
3075
2037
89562
1311
45834
2388
2634
101019
96906
2766
18210
1917
94857
1722
30588
3378
18966
2403
3903
65478
1530
1101
1962
102918
3183
1596
2610
2757
1989
2655
4713
3783
1968
1428
1965
2280
3852
39276
2253
122079
1779
17772
4170
3069
675
33684
32763
3468
2994
3021
72036
2442
2388
2199
151074
1920
2973
3303
10857
4335
87597
83301
2946
93828
44874
2217
1755
2373
3756
11622
2592
6654
118803
4644
36486
2661
2430
15555
2307
2511
2460
3783
2487
4059
151398
3600
1581
1104
3246
229098
147507
20895
3609
3945
1344
4212
2328
46194
19971
1602
5013
40689
1371
1701
4848
4143
3933
2253
3033
2304
3438
1740
3699
2100
2901
3018
1707
13059
2496
2415
2247
70596
3708
61311
3126
2226
3360
1158
2670
3915
1995
2481
226047
42699
3051
3108
165333
1659
31941
1803
3009
1854
4242
50748
2688
1950
12156
22254
3621
1764
3306
2043
2580
5016
894
4281
146622
109833
26286
52986
1383
2697
4440
2085
2622
3414
1248
2448
2106
2466
2490
2961
3477
21930
15960
123612
1167
3783
1470
2739
2925
57069
1986
2352
1983
1392
2493
49047
1626
1830
1710
3210
2448
193692
2961
1194
1908
2802
1293
46431
12252
1851
4848
2760
2331
65805
1443
1590
42654
3678
37344
5481
172905
1617
118899
1701
1803
3615
2937
1902
1167
1911
5073
53403
1401
2394
2709
2007
1848
3528
37317
34857
1617
126606
1689
2388
2103
2013
11127
1848
1536
1029
44487
103518
3609
85938
26196
177930
2049
2637
38295
1701
2490
2223
1533
1500
1089
1260
10923
28902
3270
2889
3207
2013
3501
3687
2730
62568
23775
162882
1278
2649
2487
3834
2925
1110
3858
29712
2463
3474
2589
1173
1593
180267
2415
194358
1659
4557
1662
93195
2796
2196
4377
2301
195366
4230
1893
43212
3210
7989
3012
2268
4407
2736
4005
1977
1896
2976
33924
111246
1902
837
1500
1419
1746
12693
11394
2583
3687
35124
2370
30693
2169
52389
2007
1524
192795
3138
5187
1698
3777
5646
1536
2238
6930
2763
91620
1125
85566
166995
10968
6561
137022
63978
2691
2991
2493
1509
286536
1791
1677
3129
79878
2052
2415
201570
5847
5475
2844
79812
2988
1137
251055
3654
1272
3090
68928
1671
4614
2043
2022
3654
127332
3801
3795
2196
1752
138549
2646
2541
102147
312612
158025
1827
1368
5439
8046
2454
1650
3420
1914
49437
2556
2343
4419
147612
1803
2034
3264
131118
2562
870
2880
252819
96882
81297
1680
333
4368
3318
4833
140745
1935
1839
1506
3996
43524
2946
2805
2145
2490
2553
31572
3180
55137
272052
1245
2649
2826
110223
1107
47088
46614
1707
3480
50001
2685
2343
2748
4725
247632
2667
1953
2481
1083
1983
1902
3054
2205
2682
3915
61239
2721
55260
1350
2187
1302
4563
2169
3012
58758
2679
2568
1761
4158
4674
14499
3189
4161
1131
1539
16161
2466
54735
70797
1998
39186
2703
12237
2661
44367
3021
7629
2064
4596
1965
2670
2244
2058
1902
65001
9690
75162
67377
2310
1320
1926
3294
2607
2955
3354
1668
2580
1614
25086
68637
43893
356373
2373
2652
1620
33681
3213
3165
3234
2067
2130
2430
1884
2442
2016
64755
3018
3717
3147
2946
2958
2133
2499
1590
2403
3138
3525
2739
5226
2007
2808
2184
2208
1983
2310
1686
2013
1320
194736
1791
1677
224673
1719
1500
1485
93519
1692
2316
10431
80325
2421
50739
172152
