707:0:0:0:0:0:0:0:0:0:0:0:0:0:0:0: (total 6)
0 1 2 Thread 0 going to cpu 0
8 Thread 1 going to cpu 1
Thread 2 going to cpu 2
going to barrier (cpu 0)
going to barrier (cpu 1)
going to barrier (cpu 2)
9 Thread 3 going to cpu 8
going to barrier (cpu 8)
10 Thread 4 going to cpu 9
going to barrier (cpu 9)
Thread 5 going to cpu 10

cpu 6 cur 6
going to barrier (cpu 10)
STARTING...
STOPPING...
Duration      : 10000 (ms)
Acquisitions  : 26294157
948
864
702
870
1026
879
870
1137
882
225
1659
942
879
1359
1365
1356
891
942
1701
549
783
2106
777
1590
897
1134
1329
1023
876
22239
1368
1362
2082
954
1620
690
1029
1692
7173
786
1041
819
300
795
702
318
882
861
867
1785
2196
1350
1344
1011
1434
1779
309
930
396
786
801
804
225
684
1839
702
231
1497
1167
1851
1806
1050
837
960
1950
768
1122
972
23814
10305
960
2088
228
2151
1263
228
1002
1938
783
1395
1695
1200
963
786
786
945
711
810
56151
1017
702
77040
339
2094
55215
699
783
879
954
702
1671
1794
786
1377
7719
1038
23145
756
780
225
1353
1440
1041
1128
2178
855
888
1191
966
1281
23376
1656
1539
888
2076
768
1305
807
879
1233
216
1209
789
1209
783
888
465
759
867
1086
693
1461
768
1374
20277
303
885
37887
237
705
1116
1038
735
789
1206
879
792
777
2010
14874
696
1380
1755
705
801
867
990
1026
978
1533
1461
2082
876
948
786
792
1605
3369
26991
1353
792
948
23763
2361
4944
696
1419
780
1353
1212
1728
81921
864
384
1455
1194
1125
1452
315
789
1116
1443
1692
768
900
1026
1542
228
957
1536
1464
795
231
1044
222
24483
777
807
11577
26160
804
2511
2004
5334
738
24345
1035
1191
804
1512
303
795
921
1902
26046
768
867
867
300
60099
1014
1359
693
303
705
3324
1650
861
768
786
219
1311
7788
771
888
231
690
2349
792
942
70128
801
222
1035
219
1359
798
1038
876
867
1701
43596
879
945
1539
10164
1161
2604
1302
1359
1659
714
1374
1350
40926
1881
1515
21072
1320
219
960
1362
8826
1521
954
87267
2538
2253
783
885
717
38043
1542
927
822
2331
879
699
1410
1119
1026
1224
1041
24426
966
873
1542
699
819
852
15444
876
31536
1521
2904
711
384
717
1200
1308
387
687
1701
888
465
873
813
4977
777
13224
312
7242
558
708
867
137505
1857
225
789
957
795
1242
957
876
231
56790
747
1347
1143
225
63930
61761
951
882
1608
1854
885
303
888
867
231
717
882
786
1197
708
222
1050
225
1029
1149
14373
1692
309
786
2304
1212
1035
10944
1287
52254
780
876
2673
765
1125
19437
1104
783
1497
966
306
888
309
1023
885
1182
6162
777
966
1047
885
792
795
2013
213
807
780
780
705
8295
2604
16497
14499
801
780
1182
44943
2574
1026
870
1536
300
1095
312
786
873
1662
1542
963
312
699
951
1521
786
789
774
1020
1116
705
1284
780
1053
933
1368
777
309
939
4833
234
1098
1053
702
1593
792
708
1182
1095
735
1311
780
2382
885
897
1029
1026
861
723
1194
219
708
864
5085
744
690
1032
783
537
789
1020
225
882
225
693
1446
1356
696
4107
20016
18837
2274
1332
387
786
387
960
1284
186
14787
816
6000
687
13707
2037
1491
864
2094
897
768
1143
780
225
1035
777
22059
786
951
1032
942
2988
1113
852
19572
1392
16449
957
1371
1383
2952
801
1722
222
8286
4446
786
882
795
864
2991
39183
1692
711
1020
954
24210
957
228
1110
786
1977
1185
1020
786
49587
1536
55335
645
1779
1098
786
1701
777
798
933
696
705
30426
1506
939
1932
1140
1266
1014
28515
1140
873
951
870
945
615
1860
1269
1620
765
21846
978
801
1605
855
792
1110
228
1611
13827
867
792
14541
15714
1023
15693
1110
783
786
38046
696
1602
43356
879
810
966
870
942
2205
873
924
1278
10272
1671
1098
240
798
231
789
795
717
3171
2028
45852
879
35961
933
1266
1122
783
699
231
1335
1608
966
50034
738
1323
1512
876
1380
4590
780
1356
1188
957
939
954
20517
852
9480
954
861
963
5847
1212
951
801
1932
1125
786
31206
309
1362
708
1107
2820
690
1050
627
34752
696
1869
1182
801
876
777
390
711
957
774
7560
39744
1020
870
945
1914
219
852
1455
1299
717
876
1341
825
1266
27975
1293
903
693
429
1926
1347
678
888
222
5955
786
1032
792
1425
864
1020
1290
1323
228
783
1137
963
312
84408
1545
792
1029
711
1119
948
792
1656
219
837
27219
1203
1515
792
792
2259
32466
783
234
1191
1041
1122
777
1506
792
975
1119
1467
804
1446
1284
14895
1773
783
792
708
2919
816
891
1272
696
1002
798
303
786
1200
28833
699
34863
1320
1500
1341
2583
2034
1212
387
1431
1107
789
789
2082
1839
1281
2337
70974
699
225
1131
792
240
747
1443
699
300
1524
777
12522
1923
1347
867
1515
16497
939
3360
11361
705
303
948
1536
870
25701
891
873
1911
5451
1281
1422
801
876
19335
1581
1290
2085
49473
681
1512
1518
5070
4233
16473
945
1593
1296
723
804
693
1428
867
711
795
468
2046
783
876
1113
1344
1029
2421
1617
1539
798
699
699
1290
888
309
2079
231
1434
711
792
972
1839
807
228
774
408
1035
867
720
3189
1695
30402
765
771
699
1695
963
1392
1785
864
879
951
1677
1278
186
1125
942
1218
1917
651
16599
873
1722
777
798
1134
1044
1284
1026
1107
801
714
1206
1278
876
2106
1758
861
789
777
1119
870
693
393
1014
1752
222
789
882
204
777
1296
870
762
231
2070
783
225
936
774
1446
933
885
1578
696
219
699
777
1110
231
645
1023
858
1122
1272
1848
1827
864
933
1605
855
873
15669
16221
1584
18477
2691
2424
954
780
945
936
1020
1779
23829
1506
873
696
1434
789
867
792
15069
798
54594
7797
957
306
1290
14817
945
954
1374
786
1437
1494
1050
19770
1257
32052
885
231
699
873
3255
690
882
951
216
864
774
1578
786
300
1770
5685
867
1131
1404
705
867
1137
867
1296
939
37695
16911
1011
1605
1701
783
1533
954
780
1443
801
774
1095
969
891
963
783
1047
957
723
3930
870
3087
16428
855
231
1515
177
1515
1806
696
1047
477
1830
1446
17853
699
858
963
864
771
699
1500
1683
873
2409
963
789
810
876
702
792
783
771
792
882
879
798
1359
186
789
1035
699
4293
1620
2190
10299
858
24774
1035
972
873
951
876
2184
1671
1920
789
936
9099
801
15246
1200
1437
954
2346
774
879
1707
702
705
882
690
270
1935
23334
945
1875
792
969
813
39477
771
1836
1047
798
60354
1191
2340
690
936
693
825
1260
798
780
1545
867
1167
951
876
1440
47841
696
2100
1542
789
1197
1107
810
2298
792
2169
690
1269
690
1527
864
786
1527
879
396
936
789
771
2226
717
27810
768
1293
3378
873
2562
16893
1377
1284
1287
1587
1035
882
1533
1176
783
2913
1692
972
951
1431
43284
60579
2502
1605
1629
312
870
867
789
1695
834
1026
810
1449
1623
8511
2214
879
216
957
2583
1776
696
2034
747
1857
693
207
702
96249
858
1434
963
1065
1278
714
873
309
40332
708
708
1281
1200
1050
858
969
18474
708
699
9627
891
792
3972
1017
219
798
687
1446
1200
1869
1185
936
861
759
1038
53238
1446
1368
1503
1560
1113
2343
1614
1029
1455
219
1464
1443
966
768
858
774
3099
723
1524
177
921
8472
5388
82137
68427
720
780
2568
795
95058
1338
723
1278
798
14082
792
1617
693
795
951
384
1509
40308
783
1290
936
702
783
702
1296
741
861
789
720
882
1788
954
1401
870
13782
1446
786
783
1767
1680
1125
870
468
45477
1527
1923
1839
864
705
870
16887
855
696
1512
1047
780
696
762
795
13977
1188
1611
1353
1299
1569
2103
945
258
1977
4569
19800
672
186
882
64650
783
2454
708
1098
1434
1275
1035
945
1872
951
1041
2451
82740
774
954
1284
2277
765
777
1458
810
1188
1113
945
948
1872
1755
1524
777
777
783
118722
777
795
1683
1629
1461
771
1218
1371
843
855
1008
1281
1206
780
1032
942
1281
255
1698
1284
1575
3906
942
723
969
1452
225
5976
2568
1779
855
1281
1608
783
1455
942
192
714
687
945
1440
3087
789
876
1854
774
36843
765
2610
951
2685
10779
789
1206
948
780
780
1140
1113
24510
1845
53175
1287
11724
870
480
1119
5187
1191
1596
957
675
786
1509
882
1779
180
762
816
780
690
222
762
1833
219
798
1833
1254
1440
26982
1113
693
1188
1137
32301
780
1839
1092
1749
960
177
1764
1089
1536
795
879
1101
687
267
693
1356
1446
49710
873
795
798
699
306
777
1113
1005
855
1029
798
231
1014
720
801
1359
1431
318
840
858
1263
1782
783
885
873
786
2823
684
771
1353
813
540
849
864
693
702
1596
1836
957
951
945
702
1518
1938
930
1110
711
738
2322
312
1332
780
876
717
696
1350
37374
1020
2919
1359
28767
1740
13092
882
1785
858
1863
699
2412
8127
1368
786
41895
1035
783
984
717
3534
1119
1446
861
1362
798
1026
231
945
786
29475
1446
1521
1137
777
1539
231
2343
2535
1032
1527
789
948
1479
1893
2409
942
705
693
14043
11514
1281
1035
1032
1374
52851
1125
795
708
1122
192
2007
1278
306
2211
711
62100
879
1044
708
1683
702
41883
1512
1854
861
42120
942
1287
693
708
20211
771
1212
960
1287
867
1383
1122
19935
22887
1020
312
1281
3567
768
1377
1110
180
864
1263
1683
702
1296
219
792
1026
783
1773
705
546
993
10863
1200
1194
2016
1029
852
1284
957
1284
1509
756
1203
888
1851
1221
7638
792
1044
969
903
777
19110
831
858
1044
1905
786
543
939
861
798
702
993
882
1287
1260
1347
666
20946
936
72318
1734
552
711
36846
957
699
945
885
2499
879
1365
1185
1032
56535
963
873
1263
1002
2163
1113
873
696
861
4980
1104
855
1689
795
858
1008
321
29274
714
711
1149
225
789
858
696
690
972
972
1200
876
1113
1512
879
1722
1188
843
1611
693
1017
1245
1170
783
1608
1200
699
1725
384
855
47772
798
783
234
1608
990
846
1440
1185
1212
870
1500
588
1437
858
1188
945
846
1254
1017
1914
783
1692
1437
957
1044
948
960
237
1524
1122
759
762
783
1287
696
1044
468
705
303
954
726
1200
1770
1008
237
852
792
1929
216
1086
306
786
870
1188
702
876
1119
696
873
966
789
52767
1581
792
1062
1023
933
783
870
2862
705
1269
780
723
801
705
780
963
795
771
924
861
762
1110
870
1197
1602
711
876
1131
1299
798
792
789
954
1182
786
693
1038
708
948
720
1008
789
792
699
4983
864
3597
1218
1032
774
1611
1491
708
306
690
945
708
7896
12456
798
1119
282
1020
19980
882
1068
783
13410
1209
714
1128
1950
45876
1329
819
714
2232
1200
1092
1125
1362
2436
768
834
957
111891
1830
1404
951
729
963
1593
6702
876
405
2184
2862
1410
762
714
1449
774
693
1536
282
1506
792
41628
777
684
219
711
882
23880
726
1044
783
777
717
1431
780
177
975
699
801
891
1764
876
972
687
798
12210
789
1836
765
1527
786
807
777
1269
864
792
696
1026
852
3360
1053
1362
777
777
7884
15219
21906
879
2214
1524
861
1044
1725
708
924
864
4434
309
951
711
228
864
1128
4218
774
270
786
1701
23919
705
903
780
876
1275
15594
2205
1014
786
720
1449
783
762
864
798
1446
717
18198
1107
1749
4353
735
945
1107
11388
954
1119
84444
1122
231
1029
1539
19245
954
219
4185
792
27282
771
10758
18873
1908
1101
984
786
306
723
1035
978
42690
867
1290
1179
1521
300
714
801
1413
1254
777
18576
4269
11283
1185
885
1185
798
1281
801
966
1020
309
714
1701
720
1278
1350
792
228
717
984
1203
879
231
723
708
1125
312
48117
5028
720
41499
867
1587
2571
708
1026
1122
708
57534
693
1854
960
789
1770
705
876
1176
786
225
786
699
945
1452
1362
1383
1281
816
1197
1131
1008
717
723
1290
795
1020
11199
798
717
1620
2505
1038
1026
17004
1221
963
1263
783
873
14142
387
927
1296
1017
1035
49260
1005
282
951
231
1101
786
954
885
1035
705
1140
1044
183
978
228
1029
1275
798
1692
789
801
2313
1881
9177
1188
792
882
954
876
11949
18051
804
801
16893
684
717
1092
948
222
756
14547
864
57387
705
1116
873
780
861
8565
876
723
2412
1752
22545
1041
798
1701
879
183
699
1863
37671
699
939
2235
708
45840
789
17472
1761
777
1116
19431
849
879
1209
1122
2601
798
1011
1857
789
1203
726
882
861
834
795
795
24186
948
864
963
870
381
942
870
951
798
1038
948
35004
39507
32841
771
789
1188
711
1593
1113
1110
64734
1329
1095
867
27576
1032
1095
966
969
798
960
2250
801
774
2889
789
231
1029
963
25341
789
786
714
795
1113
264
1176
801
1023
1458
783
1563
303
1353
1284
1182
954
1434
276
1326
855
936
1359
1290
15747
27540
708
222
957
17439
876
2256
23271
38967
1509
714
849
1440
864
1716
1257
798
2499
870
711
783
714
1410
762
1197
67974
2001
708
939
726
807
714
774
1365
792
789
798
1839
795
795
261
1023
882
879
1869
25371
1020
792
708
708
960
1023
1200
1116
804
47907
1278
804
16749
9417
699
795
240
945
768
786
1131
32802
1923
789
864
1707
789
2241
2394
951
879
948
705
1830
228
894
780
1035
870
1113
786
228
1269
948
945
2082
1038
1206
1578
798
873
708
1035
789
858
33585
858
801
870
957
1188
813
717
1116
23556
1041
3852
186
705
1578
783
1464
855
180
19377
936
24963
1128
9108
939
1518
699
318
771
777
303
2055
231
1560
795
1023
792
7689
825
975
300
858
1188
51978
4983
1011
1566
1113
798
180
1401
798
864
74610
1599
1695
1113
1272
891
945
948
786
957
951
972
1110
1524
864
1296
2043
789
31887
864
9051
897
717
312
783
95634
963
1581
1302
795
4557
17367
1713
1113
801
870
867
798
1542
1401
2034
74604
792
708
873
876
1182
2982
708
1185
774
723
2139
1536
873
183
1191
1989
909
945
783
1602
1440
2085
16128
1134
702
225
861
789
5649
42792
5526
1056
231
717
1281
885
783
735
966
717
789
186
1425
7311
714
1836
627
96483
1113
1545
130110
1911
1458
693
1203
1437
1293
804
729
1176
885
1833
1785
861
2277
732
807
705
1341
1209
1437
1215
1683
882
726
951
1329
2073
183
681
1698
6633
1332
951
882
2103
699
966
1113
885
981
711
1125
2661
711
933
702
1110
40434
47151
984
702
705
714
1122
1380
1455
1449
1581
1953
1455
876
29406
786
1059
798
1929
41859
717
786
1038
729
2760
312
1296
876
795
702
711
39147
1515
183
702
897
705
222
44454
867
18705
942
954
75921
711
705
2232
786
777
1590
1200
714
786
1128
939
873
1041
7278
1353
139248
1950
1779
789
795
1356
789
789
798
3840
1011
792
804
1521
882
804
957
4359
183
1197
795
798
957
783
798
891
789
30171
750
714
975
792
885
219
708
1299
231
1098
1434
798
1086
50661
879
2004
1122
798
1188
789
795
861
963
711
1107
36012
1032
1110
40374
1044
1602
1599
1536
873
714
684
1548
1377
867
198
948
1044
957
1512
1299
801
1188
1269
948
1035
1041
186
786
705
714
801
18999
708
708
870
813
387
1908
1350
16269
939
723
1392
1188
2355
879
780
1380
786
696
801
798
951
1053
789
714
711
1029
2478
717
1614
717
14292
855
1260
1536
717
225
717
15582
1377
792
1767
879
714
9792
720
1137
1368
831
717
714
951
789
1194
879
807
1179
237
711
714
996
210
6501
693
711
804
786
1362
888
393
720
801
1104
15681
792
222
777
867
708
18087
978
309
1362
795
780
786
804
882
795
783
801
702
1458
798
705
1872
786
1017
777
873
1194
795
219
705
702
954
1020
1032
858
6453
27489
924
31161
795
1020
189
711
60012
792
723
945
786
1584
792
4395
708
2727
2421
879
225
1917
1353
309
771
879
1860
870
951
879
1044
870
1119
2649
1047
714
795
798
22575
744
222
1110
3249
2172
792
2574
8670
777
798
1359
6825
390
726
1845
1122
1317
789
936
1707
231
216
813
717
789
19332
1107
315
849
795
729
876
786
1032
1005
795
1059
798
795
231
1539
1497
717
702
1527
2772
2433
1233
1056
753
798
1359
702
237
864
1863
240
936
795
1110
873
1500
16416
2019
11463
1035
1140
1194
222
858
888
951
1617
1713
60708
1173
795
390
912
885
8784
1041
1335
777
237
1017
1356
1038
861
882
699
792
711
708
1113
786
2721
714
2097
1191
122535
708
708
1323
1398
894
1134
885
384
999
100530
705
1830
40515
1416
9369
711
966
1266
870
13203
1425
951
1374
708
1131
306
1614
7692
1188
813
870
462
1125
1533
783
882
1032
714
225
858
234
3597
225
110580
1053
1119
32592
738
2088
43191
1275
1455
798
1161
1248
3090
783
1368
696
1926
1029
1281
717
228
28203
780
1758
2082
693
744
1032
16728
64830
1791
1506
13539
873
855
1296
792
864
789
870
1185
18525
1665
33450
1554
792
867
231
687
690
828
987
1020
852
783
1275
876
1371
888
1299
1974
1527
960
702
1686
954
1044
798
948
228
1872
1635
1365
867
1551
708
1260
1035
819
23802
765
1365
1086
1374
804
939
705
1197
5613
1020
1536
963
1878
885
1800
786
873
789
390
1944
1542
843
1038
780
849
2427
2007
942
702
2100
711
234
1656
1515
999
702
312
1041
231
861
1299
783
1122
942
966
2241
21786
11796
948
2529
921
2697
1269
1434
1131
1203
1704
861
720
876
1359
2022
786
1518
54018
891
1107
79779
54099
792
852
711
867
810
1128
1191
222
771
1371
9045
22932
1026
789
2649
1518
1140
885
1992
1677
1188
1260
786
693
24756
699
240
888
864
474
705
1746
1029
711
891
1512
693
1701
963
927
3075
948
867
762
789
699
1443
19566
2040
705
35496
1683
1038
888
1197
957
1194
867
789
786
2250
1038
12267
786
795
2073
1125
801
1020
948
840
1224
2037
876
1599
864
1029
957
789
861
5013
24990
1269
783
939
1446
21402
1290
198
6405
1194
1524
702
1689
795
321
83139
2916
789
1050
1461
1953
882
789
219
774
1269
801
786
768
318
1551
936
309
1695
780
2442
2172
24540
858
40125
1533
1689
7611
1287
21150
951
1251
1032
879
234
1857
705
840
888
24558
1623
1209
1032
2115
58599
1026
1998
702
1518
2850
1155
780
816
786
2394
195
10035
933
1608
942
1446
774
70143
882
1398
1845
1761
792
957
1365
1113
786
41790
1230
1017
804
312
11496
726
390
810
1518
870
801
1032
1359
42831
522
1116
22608
1923
1107
10710
1179
93009
1110
702
1374
39531
1524
786
864
774
1056
1095
1230
792
810
1563
25914
795
1107
1182
990
804
17097
32946
783
285
249
660
1602
792
885
2565
1443
777
2052
1122
7380
12972
2172
5283
2556
867
140157
1455
1047
951
951
765
948
1695
54651
1167
777
1116
2343
62271
62826
804
2022
765
1539
1545
789
2337
1098
1116
1131
783
1926
2460
1317
15945
1683
1515
216
948
1122
12264
51774
792
675
4416
711
21636
879
2640
2271
2352
1125
1458
8145
1419
1539
786
1209
786
870
303
1779
702
1080
780
9780
972
18195
13119
1587
1344
1191
47751
309
1443
864
1668
2091
1692
696
777
981
864
2028
1200
1368
858
1131
804
1080
858
942
1215
774
687
1029
1113
873
3102
801
402
2190
783
1041
801
1599
801
954
1029
1854
798
1401
1596
1350
1047
882
1500
723
756
1635
2841
702
6717
705
852
861
1773
786
3300
2100
690
222
837
1290
5811
20658
17139
1212
645
1257
1518
2838
870
3060
12099
867
7494
969
303
11430
858
321
723
1848
1953
1434
969
780
1125
2142
771
24108
768
690
1125
1260
225
780
1119
20985
18759
1038
1626
1287
240
1668
807
2193
6816
3993
1428
954
699
1038
2013
42387
1134
957
942
879
22812
1041
2175
1392
1335
1431
783
1521
1026
48573
1416
57720
882
1026
1512
1767
930
693
951
702
705
1032
29433
714
66522
1290
780
1341
36852
1707
864
40590
1086
786
804
1683
768
14550
867
1083
1026
1119
1032
1251
687
648
1464
15747
708
2241
12555
2064
1338
789
1506
2334
786
705
564
1353
795
702
693
1113
2487
771
1446
1173
954
1089
1461
1554
180
810
786
855
942
795
1356
885
40947
1026
28614
1179
1113
780
1107
8433
2082
1101
960
1203
786
2085
26733
873
870
723
702
948
936
669
690
1182
1170
186
1770
23178
852
795
231
771
780
1110
1455
312
714
12516
1020
861
14649
17268
1773
13068
1875
1191
777
891
36249
786
708
45615
1278
870
1209
792
1518
225
873
936
1980
13386
702
1782
1473
873
729
780
186
2907
192
47121
35922
1905
708
702
867
801
2121
777
234
1419
861
48804
708
1233
810
879
1026
1791
2559
885
1113
1608
864
864
1623
1032
20352
11448
789
1860
792
4602
738
1089
1203
2022
1863
1458
864
28815
2940
1518
1197
1275
258
777
1023
786
750
32697
786
948
1665
954
1851
2193
873
693
9351
38655
774
792
852
876
186
2013
1452
1215
960
876
2589
789
29919
1101
873
2652
1770
858
786
9021
687
795
1524
864
780
1938
966
1542
954
699
2451
81699
1284
810
783
705
780
819
771
1050
1521
29517
1806
1941
795
1623
951
30909
885
1929
861
846
876
780
1407
2523
1098
789
1455
960
1350
873
13086
774
1188
855
807
2745
2016
948
1197
1017
1026
1023
1776
783
28545
702
36117
225
1281
1098
1857
225
1359
933
2916
1782
702
1524
951
189
1668
783
798
300
708
69240
873
1701
867
1800
1515
792
2349
1524
13947
1752
2418
789
18636
16761
2901
1098
849
26820
882
2196
783
3792
669
1353
183
789
864
20829
705
2067
897
48114
756
1440
1434
690
2751
5874
14436
741
1008
975
981
783
873
1599
783
1041
1101
2409
399
783
786
801
1026
699
945
219
2442
1119
792
786
2259
786
1227
1641
2853
1758
795
873
1800
1140
2265
1980
813
963
2565
1011
1869
28872
678
1386
852
2100
1035
906
1197
426
1164
960
1659
789
2013
1446
882
1083
870
180
1011
18000
1119
963
711
816
1095
867
870
708
798
945
1125
1095
954
1584
696
783
852
864
1029
945
939
2607
933
1863
948
1674
783
1041
864
2343
2373
1845
1104
948
870
882
1767
1353
1530
705
1101
1446
783
864
1344
783
1602
780
177
864
1023
771
1254
1104
17583
14568
774
177
705
17151
1113
1014
216
810
207
1230
939
924
1179
2088
1530
777
1368
756
3351
798
774
1680
1950
1374
981
717
1110
1941
4824
846
1362
786
777
786
1011
696
1215
2247
864
963
774
219
2271
2130
873
1392
1284
38805
2466
879
3990
9369
1113
939
879
870
699
780
1314
24783
1617
56667
699
10191
1011
1719
7125
738
1845
771
852
1101
1440
711
195
1752
804
711
1272
1677
687
2154
1947
1431
1038
699
26886
1026
774
1536
879
30804
774
4035
1851
1089
2352
930
777
1497
801
1353
768
1512
1029
1680
51189
711
870
777
3063
1206
780
1266
1053
1101
1449
705
723
690
1425
2412
765
912
1023
774
1026
726
870
795
297
684
762
789
1275
1107
810
783
780
777
945
2271
1269
789
948
681
699
1917
864
852
792
552
864
195
2463
777
804
870
804
1281
774
36144
1119
1923
777
30558
14463
759
306
1053
1050
1287
765
9951
714
1110
3756
35901
945
711
1107
1320
1695
315
879
1035
1443
939
1278
957
1764
1047
771
13278
13521
1959
1290
180
945
1272
1269
2436
297
705
225
1194
942
1953
777
1032
1146
321
2256
846
858
1029
852
12483
13512
786
1023
1683
705
39009
12129
951
942
1146
969
3012
699
3846
705
63282
780
1206
780
387
678
44511
1026
1416
43761
957
858
1338
21528
702
1047
2115
801
711
1308
45060
1953
780
1941
852
1350
879
1851
774
1413
1338
1122
1698
1227
714
723
222
684
702
771
12663
1074
1356
780
951
963
1215
798
1299
1755
1029
966
1698
849
867
6156
1191
708
1146
792
705
20343
801
1215
783
219
783
2076
933
957
714
849
1170
795
1305
1434
714
699
18996
1371
864
70443
699
681
2418
717
34707
1353
951
1191
864
1182
300
858
1536
1269
876
882
56520
789
801
1755
759
381
1182
708
798
1041
741
5286
1506
864
1194
939
783
30378
1023
696
1548
2013
957
840
699
1041
1623
861
957
1035
1341
1230
966
1539
774
1197
681
882
1494
723
1293
1356
303
705
1020
939
312
2349
957
46470
1275
906
4725
1365
948
693
1182
1545
1518
2940
690
1359
1035
876
1107
1014
3078
777
771
1203
789
711
714
2436
960
963
693
1599
1098
1611
1614
1782
1836
2601
1440
1347
2688
1371
2073
1851
1695
768
780
1272
789
2181
792
783
2379
789
54189
1578
711
1044
933
786
1107
4155
870
675
1281
777
966
780
1032
1044
1527
858
957
1023
792
876
696
1590
783
795
1191
792
2097
948
1452
1020
873
807
681
1110
708
783
783
792
852
2583
6957
4902
969
846
1287
792
888
1950
954
1032
22755
714
1950
21615
1116
876
867
11685
903
726
876
1998
48159
1341
1455
783
315
1176
1527
765
705
1434
309
696
774
765
114699
3840
780
888
1521
693
5124
846
2643
2388
1074
1500
699
1281
1779
861
1359
2193
1602
43158
1338
1758
1029
25047
795
1122
702
726
699
786
2079
690
789
810
1020
705
966
699
867
13779
936
1104
693
1854
705
867
747
1347
1215
777
696
1191
4509
1629
1860
1017
25344
20355
771
1053
183
1524
777
705
1635
1191
792
921
705
2526
2427
687
1623
939
1305
2385
777
1788
1194
1527
22413
972
885
771
777
1038
18975
1512
1416
864
861
1971
702
861
1470
1053
237
708
17883
3426
1011
735
1920
1710
7953
795
2829
699
1350
876
1113
1881
1023
34242
19638
714
2055
1047
1530
879
963
864
1695
954
678
939
954
711
957
795
696
792
792
231
2541
1107
1194
2793
885
891
783
1185
1599
1038
777
1368
708
879
759
1026
864
936
1017
1449
228
1353
74811
876
1683
960
699
1029
951
963
948
1446
696
789
1272
3267
17715
2190
2061
945
321
771
864
2724
1272
19266
786
786
1035
942
690
858
948
1668
1608
1683
750
1050
1212
873
786
945
681
687
780
873
1176
888
2028
789
1014
957
2700
852
309
1530
11997
26301
960
954
1173
798
4575
834
933
933
1041
7371
939
1344
13599
783
2253
1032
2175
861
870
1791
687
702
714
702
1683
345
24807
948
1047
870
960
885
38298
696
795
180
1284
804
62466
783
771
849
759
546
861
705
780
876
867
1122
1029
699
939
1356
45789
1176
708
2457
1026
1353
939
1131
969
1128
729
1029
1335
771
1296
303
783
1764
867
948
2652
678
789
1098
873
27354
687
1473
876
342
945
1062
198
16815
1446
792
870
1125
873
1050
786
1926
840
1851
213
774
2187
1632
768
1515
41853
62622
1848
1122
195
1875
696
1122
696
267
963
1521
1128
858
222
741
1038
6879
1638
309
1209
1422
1272
714
231
852
1755
1014
1278
1038
2013
693
95082
939
774
705
1050
1269
1074
888
4989
37800
786
789
2847
1116
1623
783
852
16323
2037
696
10923
717
3993
690
1596
696
795
1269
708
180
1107
843
1101
948
1335
54726
945
1275
1728
774
963
510
1377
1440
1431
2085
1302
1380
1023
681
768
1131
720
2178
2322
693
9873
3591
1179
80514
69678
792
555
1626
96198
705
783
1116
783
12459
867
1029
1527
771
1029
2250
41853
1116
1194
696
699
786
1026
642
1590
1284
867
885
720
231
693
783
699
16485
789
684
852
1779
1116
786
3342
42264
864
1089
1047
228
1203
768
1599
1143
15189
951
702
939
1122
963
690
960
1032
13848
876
852
1674
987
708
1854
696
1773
7281
18360
1056
1923
66000
894
228
957
699
1119
1440
783
948
939
717
1122
876
86037
849
1605
1560
279
1011
861
753
1113
792
1773
996
1842
3039
177
1026
783
1041
714
1611
119622
1620
954
903
312
1182
1446
16668
18357
966
870
960
1035
1596
1041
807
1773
708
486
786
810
1371
711
1530
954
1308
708
1656
720
1113
1536
56994
291
2952
1287
1587
1296
2271
969
1065
186
699
234
213
1194
1560
44121
8199
807
900
888
1053
1629
804
759
1137
3690
801
1815
39015
1767
930
1371
177
1047
954
1578
711
1029
56124
999
855
183
705
885
1515
954
870
1032
705
1446
786
786
1110
708
1095
912
1107
1296
1257
777
1248
777
882
1281
702
705
9087
939
882
1035
216
711
231
888
795
19146
1449
945
864
789
801
12045
1641
873
1521
1035
50490
1833
2256
1122
699
819
795
795
1029
897
1752
2121
792
1119
1050
1275
783
1740
1830
555
1440
7374
1197
1038
849
699
1278
13446
16653
810
2271
15342
762
1116
882
1035
1674
16152
58398
717
1260
1101
975
10185
906
2073
1200
807
20754
891
1113
954
390
867
1767
870
222
1107
37386
942
1185
186
789
45522
873
20229
786
1992
2337
17217
876
792
807
978
1287
240
708
954
873
228
951
1221
714
870
873
699
702
894
26202
1914
885
786
1917
1041
888
789
879
1017
666
33855
41628
31431
918
777
1113
855
717
870
879
66750
720
867
789
468
25200
759
1038
1581
1023
798
1032
948
183
1197
990
855
231
867
1932
1203
864
23892
1107
780
876
702
1908
1590
948
876
945
393
1119
711
312
1791
879
2169
1281
1509
2487
810
699
1188
966
17496
26301
792
1428
954
15885
954
966
24630
37758
1086
1362
981
705
945
552
2073
789
1110
183
945
795
789
711
1113
714
897
70197
1671
870
936
906
708
786
708
1449
1269
1839
1272
1200
1041
1926
852
798
708
399
26916
1023
702
708
957
870
1200
1194
708
49494
990
28500
1350
1794
717
777
1116
870
31530
939
219
1260
726
702
231
876
1314
1428
270
1920
789
714
705
789
2181
702
768
1257
792
945
1953
720
876
1104
2247
1374
1029
1023
954
714
1050
699
1011
894
33408
795
951
954
717
1035
1065
795
1110
22215
1035
786
2541
1278
2736
717
210
711
1941
17361
1272
27345
723
7815
798
1419
780
1530
1416
3063
1614
249
801
1041
789
9066
723
3303
957
1278
50739
6420
1722
954
951
1452
867
717
870
71406
1758
1176
234
873
1029
795
972
1101
960
702
1053
714
879
1275
222
1500
783
1539
309
798
33237
696
7677
1101
1101
1608
96909
864
1602
702
1512
2256
18987
312
804
1032
1002
1110
798
801
231
1263
231
963
177
74778
960
702
1035
1038
960
1326
219
1056
696
1023
783
1128
2001
228
1041
2412
1662
873
711
1506
714
222
798
1605
17634
1794
1632
780
56199
1875
945
1419
1014
630
786
954
795
3615
792
5271
1692
1017
711
663
95271
768
702
228
879
126432
525
702
291
789
684
1038
1116
897
1290
717
960
1506
879
1032
237
1194
1221
477
723
792
957
717
1908
801
1122
1182
792
789
2439
1179
2160
741
1308
5307
2415
1035
1116
801
264
783
792
714
786
876
729
1212
1197
297
711
1017
780
795
1125
39207
48234
885
804
711
1032
1281
1137
1362
1053
1581
228
729
1107
873
27291
2007
717
1050
1353
42237
1104
948
1341
1110
1623
240
2337
807
795
1044
702
40461
2403
1104
795
2799
42747
786
20436
1113
894
74676
741
708
711
861
708
786
933
1131
867
1110
1053
1026
1440
1122
5325
1101
1182
137319
717
234
891
246
1086
879
789
1611
1284
855
705
4014
930
807
873
795
777
1032
714
3000
1434
792
702
708
942
804
948
798
31236
2718
957
711
1065
1368
792
2337
1692
1119
768
831
48252
1194
1029
2841
876
783
939
711
807
1113
870
786
37596
1113
41715
1353
780
426
2010
888
960
753
717
186
978
1194
1944
960
726
789
1278
801
1194
3153
705
1344
1686
723
708
720
798
17205
1188
702
798
864
1854
786
18258
795
804
864
1266
387
1116
702
792
228
780
1260
789
975
792
1287
939
780
705
789
783
183
1362
708
234
1368
16557
1029
1833
804
2415
16761
1203
711
303
1938
948
1134
8295
699
954
963
1200
792
711
705
954
702
957
717
789
2517
879
954
1413
5322
783
789
795
960
1206
969
1938
804
2259
14172
945
2001
696
1176
708
16923
858
2016
222
786
705
786
1899
960
786
870
705
714
705
231
789
3120
240
2061
696
945
696
2127
867
1701
723
774
1113
1035
870
8424
25476
2808
29598
957
1203
1461
61827
804
867
966
696
792
5781
5232
309
927
1380
198
1503
1923
795
1272
1209
699
867
801
789
942
1122
231
1512
702
789
774
23976
2004
4662
1182
12861
756
798
7221
2100
708
801
879
1494
867
948
279
2511
720
708
1044
18087
690
2010
1203
705
828
798
870
1119
1110
786
1467
795
2508
972
1419
870
1341
2142
1905
219
870
1203
786
843
789
1056
1470
867
234
2028
861
1122
951
1191
801
15063
1107
321
13434
1032
1665
1917
777
888
1173
222
861
62748
717
1527
1050
10611
1188
852
1701
2100
786
795
1194
1350
867
1020
780
963
1281
795
237
858
705
198
1884
123960
2733
1158
930
789
1374
2076
101679
921
41919
11067
1122
1350
951
1035
10596
333
786
1365
1038
966
795
2118
9417
957
891
2514
1128
885
783
804
1032
1911
2352
1857
108438
864
1035
33831
801
309
1425
41946
870
720
1527
1170
849
1416
6492
1101
699
13674
855
798
83520
660
2490
966
19308
1353
1851
2070
765
28740
12780
15942
795
1842
774
789
1872
708
1026
44277
789
2991
2256
873
1206
873
795
