ffff:0:0:0:0:0:0:0:0:0:0:0:0:0:0:0: (total 16)
0 1 2 3 Thread 0 going to cpu 0
4 Thread 1 going to cpu 1
Thread 3 going to cpu 3
5 going to barrier (cpu 0)
going to barrier (cpu 1)
Thread 4 going to cpu 4
Thread 2 going to cpu 2
6 going to barrier (cpu 3)
Thread 5 going to cpu 5
going to barrier (cpu 5)
7 Thread 6 going to cpu 6
going to barrier (cpu 4)
going to barrier (cpu 2)
8 Thread 7 going to cpu 7
going to barrier (cpu 6)
going to barrier (cpu 7)
9 Thread 8 going to cpu 8
going to barrier (cpu 8)
10 Thread 9 going to cpu 9
going to barrier (cpu 9)
11 Thread 10 going to cpu 10
going to barrier (cpu 10)
12 Thread 11 going to cpu 11
going to barrier (cpu 11)
13 Thread 12 going to cpu 12
going to barrier (cpu 12)
14 Thread 13 going to cpu 13
15 going to barrier (cpu 13)
Thread 14 going to cpu 14
going to barrier (cpu 14)
Thread 15 going to cpu 15

cpu 16 cur 16
going to barrier (cpu 15)
STARTING...
STOPPING...
Duration      : 10000 (ms)
Acquisitions  : 6825183
2718
188307
3483
114657
2553
2886
24897
4701
217776
4197
5652
4197
50490
2856
4647
6066
1095
3834
2442
921
3183
133305
588273
392841
1335
55470
1674
214128
3111
3312
109539
17472
33657
84891
99297
2427
1551
205713
138114
2151
50508
4401
8400
23664
4194
68796
3114
6495
59097
2730
218874
2313
66534
143697
4476
2343
3060
192678
4677
1839
7779
3894
11415
92478
171252
3744
5385
3105
1989
3396
20508
119640
28374
133365
3945
250713
2211
4221
3684
99588
3393
137268
118782
13188
1803
175857
2907
2688
3690
4128
6519
110088
128202
2133
1821
3657
2205
64437
1455
76785
1896
2577
36957
94770
2850
81861
2361
3309
1515
3111
3351
3312
2532
2334
37926
2802
212010
3921
59112
5757
146994
137667
43854
2055
2115
2979
3657
80664
2457
3651
3156
1959
2037
1602
2493
88341
1902
2460
1332
158541
3018
201171
4911
3117
3717
537090
112029
1773
2325
22404
2805
2046
1194
11073
1893
3372
2196
3543
2607
2367
3561
2718
2193
4035
2589
5862
1509
2958
4707
3309
14256
3723
222594
219201
4062
4935
3993
2139
2664
65127
81369
6624
4521
246765
24900
2307
33525
8328
2439
1476
50646
3402
1575
3879
3945
93240
2700
1836
4398
2754
3468
5202
3573
36666
12066
122250
2532
2856
99840
2988
96648
3345
5124
2373
3174
2538
5196
115854
2838
3525
56526
40398
104631
4482
31464
2589
2679
3342
3090
5247
330051
58245
19311
2625
1968
41094
3027
3009
3432
48609
1932
1905
1359
97695
72324
1206
188772
1593
43734
101970
91446
4371
3888
27639
4434
117612
1827
575784
4209
5901
2505
117300
1563
44010
5262
39759
2967
3795
1341
4146
5409
3639
2121
36462
41055
3297
4569
2793
1929
55104
1695
5448
3123
2409
145485
34635
63051
1977
2226
2502
2574
155133
3483
5262
2424
233463
145347
1869
6780
4044
4947
2706
4308
4800
58191
96555
3081
3156
67950
2208
276969
208020
97257
245238
200781
2643
11091
2358
3429
1098
4737
213903
1995
2160
103149
3138
2709
1701
7638
4188
2805
13506
4665
30297
2115
3348
1191
61533
2946
3606
1797
4377
4134
50532
2559
3429
4620
34050
124341
4305
4881
1773
36201
3582
2616
2373
1668
47382
21387
34029
3198
6231
3966
5277
1629
1092
2838
3378
60708
7662
180111
5151
2292
39786
3270
5013
2232
171165
2721
296775
1998
2790
2568
1761
3018
2271
273834
1467
411426
3714
22575
24159
4530
2820
4647
2004
72204
10704
7869
555678
2361
4038
3354
3552
167025
31500
2154
43014
28281
3339
144678
3048
85764
352749
1827
3498
2817
3096
22986
371550
3414
193482
2904
6966
4590
4788
2424
4914
451530
4353
2163
5163
119238
2850
2154
4845
2367
2727
4701
1962
2301
190053
4482
2265
1389
328479
1353
3000
5349
2586
2454
234231
1593
4563
2736
80049
3738
1707
4584
301953
2187
3225
2166
3711
3933
6222
2397
180477
3330
5034
3894
3210
111507
1623
3513
4725
2343
2415
131682
117942
6108
5508
133050
2259
5283
71559
3699
1971
5337
79197
3771
237543
2562
38682
16080
26631
24159
3465
11544
1842
5859
5001
139398
31254
6522
5427
344091
1926
3951
269361
2295
1230
51684
3747
203703
10971
219186
1914
3609
1443
369303
3423
351507
2871
6393
2349
761313
140079
1851
14208
3717
3249
3315
2100
102585
2796
3408
26187
2748
4776
1704
2886
6120
16347
77781
3213
386643
141528
5418
4173
1557
4389
221157
3456
92679
5550
6114
2502
2727
15531
1932
131283
3591
3768
123348
3339
2619
2175
5841
1890
1743
161556
2625
24264
2130
4599
4410
3558
3879
85620
5433
6120
10845
3945
26694
3813
34635
124209
4584
6006
9591
1479
2508
4293
7611
141798
42702
3066
78180
208734
135657
3102
2652
5616
2430
1596
92376
1656
1764
3258
2157
6141
165693
1476
5988
121299
2892
4881
67521
2793
12624
32247
4275
3699
121095
2520
3684
1572
301428
4575
3192
2043
2463
56322
2982
64335
7041
2343
526071
18747
118548
3351
27348
2016
1641
4476
96477
66057
479961
167226
73428
2586
38382
2580
3225
297981
2541
9054
162945
33570
3408
1080
39606
9948
5310
3072
1797
3330
2604
2961
70299
41643
120126
22293
529251
43455
20034
109185
3174
3324
49959
4062
3342
137475
2985
145992
2424
3420
182934
2487
75807
2790
23262
3981
3570
3600
3504
2928
2997
1953
4068
3852
2913
7032
2598
2379
73347
129270
5019
5925
37803
2382
84126
3027
283938
2424
24387
240705
4350
3129
2736
3018
4062
3267
28395
1227
4005
1494
77025
1581
2175
2964
1827
112545
5979
42198
2070
6069
1050
1932
4926
17961
2721
3057
295212
3846
5481
1428
4914
148749
68688
205701
2433
71094
3105
2277
1839
4071
3456
27186
3831
76482
48348
4650
3639
72072
5067
162282
3522
1947
156828
3111
13647
2097
153879
2661
43392
3969
41880
5310
39264
56082
65313
2583
1341
159312
3006
2292
1662
1503
5673
5451
2556
3417
3693
2193
2586
73275
3702
3765
6048
354600
36219
1227
104592
1872
29625
3075
4623
19713
121011
5364
1101
4572
2424
2694
2136
1911
3447
56547
3306
2475
5481
7806
3489
3894
1911
10059
4260
10116
50793
4311
69021
59208
4203
2289
32184
90084
17223
3585
3783
2715
3447
1965
94302
205218
23316
1479
1611
4932
3579
2430
5490
1389
25779
3564
230175
28980
3258
2469
1428
1806
5055
3186
2925
3096
2337
49035
259368
61071
1611
4491
3246
3141
4257
3441
18345
54801
4311
3339
5463
226419
214146
203445
4167
4440
3192
1884
3675
2982
24267
168402
2973
2829
20571
220173
62808
5133
6027
2325
212955
2925
3333
3987
181725
214770
137013
5133
3609
67443
3303
2529
1782
10764
1593
100833
3981
2733
2079
63630
4686
5949
151542
3006
39675
3363
79641
2199
3003
82887
3414
3075
201471
73932
5721
1524
5016
111417
22488
3840
2892
2331
14952
2079
66501
3402
146490
2580
2184
3909
4653
3183
3408
3552
1944
2781
5244
4032
21318
2199
1236
5106
3582
2862
1866
76692
140601
3231
282045
6966
1767
1911
86202
1851
2232
31539
17145
117483
1674
1977
4278
3123
3744
28746
24831
224616
4161
4179
11550
38721
366453
1701
52350
2028
123372
2145
3654
333618
2484
2718
3261
4905
14991
4116
3114
36372
60342
165276
21261
3309
1803
3828
70311
2316
7323
69354
8694
2703
3813
1767
2013
3132
146577
2100
2268
1665
72435
71436
558
4605
45087
48561
3360
2301
4812
2799
114369
155367
54771
2649
78033
3858
2121
84963
50484
2856
2853
2610
2667
2709
4356
4296
41058
4251
4275
20256
2871
2151
3459
2961
31323
2067
48258
2484
101961
2961
5940
63345
3312
98142
3549
170319
4869
1722
139389
2049
1458
2898
63012
1995
2973
70980
3339
50148
1404
238305
2754
2193
5112
2703
3090
11406
4632
281373
3408
236985
2157
5268
2472
170925
2352
5547
4488
3816
59733
2769
1212
139617
1980
2637
3672
2526
2862
5208
2616
71124
5889
21885
1626
5103
112827
2265
36882
5379
3159
1995
129465
4785
4242
2241
1677
2415
83244
2850
1701
27219
5562
3027
2649
44457
2064
1239
6201
2571
2172
87807
61275
3891
1413
37077
4842
3480
1449
1767
311955
2631
93486
2841
5460
1866
5280
2766
4437
4692
53502
1314
1641
3426
2964
3441
2244
3765
2640
66663
2937
175458
43368
8985
4125
999
2352
2973
2184
260754
2766
2004
56130
4410
66903
2112
131397
1926
2349
1596
43353
57345
3855
4065
2970
2961
1569
2529
4011
2193
5082
4527
3600
6024
59667
2481
66222
2805
2865
41961
5952
8235
132720
12477
50478
2172
2967
4683
50040
8667
8463
8355
5523
2643
2292
148284
1989
3015
2946
4821
3873
3351
1803
2574
2979
2985
42183
36126
2025
4668
210309
59835
56460
1737
20745
4077
1998
6819
3195
2508
3945
2133
2148
1914
3873
4860
2244
6708
3777
4602
2748
293190
3033
1794
3447
2871
4647
141435
1938
3912
79824
1887
36282
1470
1647
2289
4761
5304
2604
5439
1611
107706
1401
90276
3246
174357
4734
308838
3483
2634
2769
2907
96774
2943
243645
2616
7365
2532
4797
2442
4833
8595
3909
174543
283983
2652
2274
2772
1743
1953
3270
2430
1896
18909
274275
6630
3150
3579
182112
2175
2745
23736
5874
3138
3759
3912
133608
14157
1656
5034
2784
3441
2688
3198
59364
2781
123300
200523
3102
2370
68739
2355
2085
6237
2151
3489
9684
18036
1272
2142
1932
55107
51759
101190
4065
3654
2685
112527
236277
4836
35847
2274
2322
2043
285048
7230
1071
2100
5097
1509
2943
40833
2208
3090
177993
3804
7935
4335
2388
9237
170019
2490
3006
47391
3279
2151
4335
2883
3276
6912
2565
2124
4014
3189
2988
218205
74025
2364
3456
2172
5940
648
180795
115329
18681
4035
3588
3351
2766
1077
2730
1422
186384
84195
33255
1980
1320
161529
1821
2250
472419
209580
3363
5634
155970
3987
158148
2460
1635
56235
319920
1836
4413
241668
2319
100890
200160
3033
2031
1806
33153
204864
3570
283770
244533
3927
2562
2685
3480
1407
194772
1974
2394
194913
2334
360672
28011
47709
3228
3489
3345
4158
234549
3378
5298
1680
3645
3330
377742
5988
2103
5370
2715
360189
3981
3267
669405
3609
1941
3075
2832
3765
3366
502242
2280
76617
2871
6219
3195
34629
307689
2649
3276
5418
2955
3375
69138
5607
2370
2481
1494
63558
4452
21507
2130
2577
1719
2349
243498
3912
3090
51282
2286
1329
4863
13182
1872
3594
3942
4179
3306
231729
3207
1731
4500
79461
1764
51489
4194
4917
4338
2724
3408
1833
2370
410859
134211
44217
153132
5316
37029
270498
3168
3591
2310
4365
84204
3612
2601
2661
5628
21555
2784
117327
1938
8532
3192
1773
124248
4341
76098
132135
4728
30654
2250
51291
4713
4710
358728
2865
148140
2763
1851
6465
2421
2016
8379
16296
2718
6939
3177
1107
266898
3003
3273
102402
3180
4098
5844
1872
4545
2412
11730
2871
401007
447657
160275
2331
97839
3666
152631
2643
2412
1332
3699
50430
2988
224961
16200
1899
14157
24753
2073
3735
5358
2013
227916
86109
4293
2652
5178
2466
287424
133014
113760
4815
113469
4155
96771
117024
1275
2112
3240
2967
3057
2091
2022
360690
3852
2103
74103
6270
3057
8733
3423
5556
70473
1596
2856
339882
354579
3162
818718
5178
4509
5340
2427
3018
1662
44037
3531
2640
5448
2538
3894
1566
214638
1509
12255
3189
85395
3918
4230
1638
78558
141663
2439
159690
5328
1410
3855
1689
22818
2571
1842
25269
2769
1602
711756
19938
1212
296445
3633
29439
71964
5940
429438
3267
83073
4518
3447
3132
265386
2790
2838
2853
3390
1410
3063
39585
3252
2649
187548
2562
559278
1479
4998
45795
3300
36081
2508
4116
171534
3699
73140
2508
2550
1671
67005
2283
2931
10158
41283
4503
127404
2526
4188
50703
5910
63993
2850
37632
4644
288126
4626
1677
164934
1161
287418
377001
1464
178479
262932
2133
2553
5586
290244
2499
504090
1182
3417
1506
2724
1890
57183
2559
2037
5469
3192
2118
2028
3348
3348
4764
3501
154083
2205
136797
31896
4161
3852
2805
4326
5535
30435
2985
2823
4287
2907
1824
118950
3840
163881
24960
2196
2883
56574
4938
185718
2883
3915
93543
4806
1542
3297
4755
2859
2286
4128
3156
1647
3600
5196
2547
3165
4506
2475
3348
4614
4272
3738
3810
2622
2607
52686
1248
3435
4326
2790
1842
2811
4923
5676
2022
2640
181779
6162
2793
129918
3684
1584
4353
1722
2544
3501
229749
3720
143622
5394
62340
4680
145668
233757
2724
1641
4131
2904
92892
4803
3426
3678
1539
6204
3435
280548
3639
1539
1734
4347
2034
2409
2775
31017
20370
81741
3681
202629
144195
295677
338061
2838
3348
2019
2442
2427
127155
19998
4530
2928
2991
5271
14409
2370
36747
134043
4182
69057
3183
3975
1590
2622
3831
3864
5988
2034
1602
65196
1893
4644
100455
150477
36339
2880
166932
2007
2289
53739
2793
2904
34251
68115
22830
999
3738
2730
2172
1701
3993
41862
37755
1710
41778
3693
2214
167667
4401
1467
5037
4707
98610
57546
2052
4572
27618
100404
3228
133524
2433
220026
3012
4743
235362
2229
3495
2973
16401
3216
54810
27450
2781
103617
6405
3165
67959
4362
2190
1359
44694
5739
6258
1806
4779
16986
2091
1410
3339
12957
2655
27960
2739
2526
2403
1059
56460
2451
44403
2292
2517
4584
8907
5403
3216
4158
107580
3168
48450
16221
2055
160422
1560
28140
2052
243267
4869
2430
3675
1734
4155
2349
242907
85860
2805
4848
2775
2934
2469
97068
76863
4614
3621
3039
45951
16896
10110
3138
1716
2058
2469
3525
3075
82698
173796
5103
2994
3693
18705
3978
3801
4224
91779
3729
4845
2019
2802
4986
59298
414
3000
88011
2790
2427
75366
3024
30987
3093
36564
52422
2055
4914
6537
2652
3228
4587
37938
21915
5247
5364
3114
2517
325713
65307
115176
103548
3126
2850
4098
3180
5568
90894
3381
6729
2097
3153
2289
59862
4695
1839
312477
12987
2073
9798
1773
2826
4512
4905
26835
2241
1611
39903
679164
4713
4485
93840
10761
1344
2688
244308
3840
2298
2811
2715
2436
287925
2979
2238
4011
1473
76602
3906
1830
2604
422646
2721
1440
50277
849
1554
2520
102027
3303
135531
1497
1968
447042
62352
3915
4284
5349
2898
307890
1176
5544
2175
4230
2271
107964
2319
1821
2508
2622
21186
4974
1464
152820
1590
4320
121695
42690
1578
234234
24204
2682
2043
6369
3192
62889
5139
2382
3183
2148
222864
69840
2385
2520
3417
2907
2256
586659
4827
3819
3930
5403
2424
374802
4530
55797
3402
350238
2142
3252
9675
3147
2208
1917
85692
88584
38781
376002
3117
3336
2943
4896
2322
2391
107253
3435
1977
2151
2850
2775
3657
1959
2601
2742
258018
1839
2685
5490
4857
3945
3561
2943
3708
2937
4659
3555
1473
2319
5445
2574
4248
2070
3285
3669
35481
4455
4719
4743
2436
22089
3339
3102
3036
1971
2103
271461
68685
2520
3207
3234
89337
33489
15735
2313
164163
3744
2220
25974
3246
4086
2097
27354
303204
2256
5556
1749
4821
4707
4257
3438
3603
9099
2115
32838
73905
78945
162345
14700
4968
41151
82116
2829
1800
4191
2610
629031
7776
3069
348708
253344
499647
48165
5511
3447
4893
6900
3621
4410
191574
4758
4581
3204
2274
1575
3435
2178
2886
7914
3249
3747
561
6831
104199
4353
2241
2046
1566
1218
4323
53241
4293
3609
4872
2010
77721
646701
4383
3906
70002
417
2919
13656
1758
4086
3243
2454
4545
4140
14313
2709
2061
1902
2325
4320
6249
1911
838233
4938
3825
142254
2451
3381
2706
4074
4026
35814
2817
2289
44847
4752
46605
79854
3183
3240
4251
3525
4233
4566
1716
134988
3339
4953
2298
4743
35370
1584
3555
2187
162165
52209
3831
1893
2673
65850
3111
3195
3597
27138
57222
2925
4590
3183
5064
2817
48762
2964
1974
2652
3927
4680
4506
3657
3690
41433
1965
3414
44973
1521
2919
3120
2112
96843
5631
2517
6099
12978
3168
1425
4227
87627
1848
2490
1722
2577
1689
80472
37440
3279
23421
3039
25392
4920
3414
515631
4446
180597
2742
1794
1902
40032
3015
5358
47103
1611
571896
52764
3744
4026
230172
113637
3249
2790
177033
14301
5196
3060
3930
4872
2187
62934
2337
25158
2937
2775
72273
1281
3612
3078
6555
85920
101835
2100
4530
3873
4767
4917
2796
104907
1806
123474
28062
2061
3240
3150
2604
102381
199965
114204
153630
2709
11136
3744
20844
2391
2865
4647
107691
2160
3651
2691
3486
2505
1890
81852
104724
1344
2505
114330
3618
2421
5616
74562
7341
2436
12852
3396
133542
3873
2289
3222
160092
38589
4485
11733
3123
17889
1872
2739
5634
1812
3462
2745
2913
2481
33492
35082
2706
84981
3279
4485
5565
3177
101382
2244
143118
2805
2664
156972
11661
105909
1770
202764
3729
3480
33813
135882
519
40308
45192
96960
390
2979
4473
91386
2859
258891
4128
132975
7230
2001
2481
2298
2133
987
84234
6930
199470
1395
67842
2622
4056
6147
239259
55563
3000
82509
60402
2664
122418
37380
3075
39237
2514
56160
3015
1263
2583
1776
1932
415194
44829
12003
3402
3096
106755
63393
64206
30105
292863
2010
4245
81645
88392
101700
6153
26394
120378
2982
4107
21432
126942
2478
266946
11145
164649
1356
5550
46482
2163
1473
18216
3426
2370
1983
88419
2196
3915
3087
3471
312477
1857
3687
2001
1851
253437
1380
176157
30048
2988
3846
84345
79695
2550
3360
1659
43326
3177
4524
2763
3990
47076
154743
3591
19710
2310
102096
148734
3846
83766
5145
123531
2082
55734
354516
21975
26694
2505
4284
4695
32001
3396
1464
4572
125097
4254
70641
146517
36906
3483
1983
197325
3696
178218
154428
4809
4548
6132
2841
266916
5439
23889
2265
3702
4728
4227
3681
20538
3987
3780
2685
2343
4128
3612
38568
130785
107886
2313
22077
34836
1167
16029
4026
40170
2166
5313
2592
2832
51534
4182
69402
104625
194094
4119
2424
2160
1023
2226
2040
5391
5634
21159
139413
23916
3105
1617
13359
4455
181566
66378
169599
74964
2934
63099
4524
3612
27957
2190
3033
2058
23382
327
3372
2025
11235
2679
3363
1959
1542
5625
1860
96087
6756
4497
3156
215847
2190
2208
2571
2187
157074
1254
2424
3477
1947
3273
1461
2388
2073
3300
2346
6078
271830
5055
1707
70422
2400
4392
52440
3855
41166
1464
64278
5325
114015
2595
3429
2286
2814
2373
3576
1638
2928
4728
84441
79332
107019
2784
43350
4794
121791
90150
4017
4365
79419
272955
144750
3396
35574
2343
153666
2313
3276
2877
1773
109065
139617
2982
3531
1224
1083
181386
2325
2088
2823
4011
133713
155790
7218
135423
2793
1923
3114
7506
3528
4347
4041
1572
3180
8154
107358
7989
3378
29601
3000
4473
1446
4194
90384
3666
3327
4599
2994
3960
3471
207381
1968
3630
11673
143937
1503
5562
3594
4917
3084
55242
3144
2361
4056
150921
48570
3441
4242
2376
2934
30420
4959
13839
16800
4125
2178
1977
1266
3927
3432
201843
1833
2439
4170
121011
1650
5538
23991
2094
89475
49698
1776
57372
2802
3297
1200
33951
3885
1650
2769
2856
246885
393681
3039
153231
125103
106473
4035
160452
3150
3678
37569
52335
36183
2946
105912
3357
1536
2142
1848
1374
4821
44658
7824
1854
224379
4905
25953
74931
267069
99789
3405
123636
2958
4347
3990
6162
247644
3177
3177
2880
3987
2157
48468
140418
2895
111885
5598
2433
4398
98232
4833
6009
143619
2616
3663
3231
2346
3738
4467
276201
25095
5763
2523
42582
7260
43176
243303
4146
28896
135837
3723
3756
3201
146031
143409
3006
1443
2772
1941
30651
2493
3636
2514
3639
2055
3927
29640
2799
2364
2373
2322
1518
2847
3891
114462
4980
33087
220602
3873
57462
4578
438177
159684
228540
166545
1488
2916
27510
4290
1662
3753
1626
32481
2013
12780
2202
4851
1605
33513
62238
160083
55248
3633
4638
1680
1959
4614
4854
122829
2190
4800
4368
4431
97182
6048
42648
1533
31728
163680
2202
3195
170865
24186
2718
27405
793662
167937
2205
5118
59217
915
1596
184209
1221
5187
136830
3942
1968
98625
3891
2550
18924
3924
211230
3804
3003
3330
1869
2946
212118
3471
2241
48237
2163
59100
3234
2949
299631
2886
1863
18930
119769
4575
2823
2481
4821
118764
4125
68661
4101
2499
75090
5010
409569
118437
3447
3087
90048
456792
3033
1896
2502
4149
4110
3585
2829
281613
121635
4176
46146
2229
17019
4038
3516
3147
2700
3924
2028
1815
5262
3936
334905
2028
3492
3345
5301
2649
5184
2541
2562
2145
5067
2967
2733
3765
202131
2319
46431
1704
21777
2970
1614
4938
5214
3342
526857
1914
86601
2157
70062
2166
163758
191139
4188
132840
2499
160794
2211
257478
3864
2019
3522
2112
1941
61683
1305
3342
2292
8847
2778
3015
1449
3264
2223
2481
4920
5187
91500
2562
361122
4035
1977
2025
2751
167337
81471
2754
2538
354189
333999
1884
57696
2679
155688
2838
1455
42867
202746
2529
3642
6783
60378
3171
165072
3390
3234
94083
2544
3351
3210
216147
2436
2934
71661
2148
3174
17280
2442
79824
84399
5634
61860
14643
4149
3054
3555
176319
157584
76008
3195
3756
2016
3921
1854
4035
3150
9129
137133
151044
2916
3393
1845
2397
1956
3492
1938
2214
3306
1857
4176
2265
1383
44436
18069
15558
4527
9624
3834
1302
5115
178068
3333
2277
1560
2637
78867
987
3336
25080
16488
2187
88290
2055
2262
2196
5430
3603
74178
957
181062
200256
9237
4077
2988
4359
7947
134052
1104
2763
3387
309252
215307
1362
2088
134571
2358
2592
145434
2217
142902
2130
4296
57702
3357
24636
936
3252
2541
72669
2217
1644
2466
4095
3909
235260
157896
491760
2523
2661
201984
4983
3237
64224
37626
3099
2967
91110
2979
192408
1452
90738
3024
50046
3885
990
2598
2826
6990
2226
9933
219564
4158
2538
145158
1764
2562
1368
3696
3135
1983
33198
2202
3876
5190
3357
3444
297363
2697
155301
94932
1836
3972
2358
263331
1212
2193
1428
2004
6438
1098
1338
2667
10401
4047
3960
180372
3552
255459
6876
1890
5955
1926
2790
4857
1983
175449
4554
273114
1884
2112
1440
1530
1488
347814
311844
110412
2532
2694
129021
3090
4863
91356
290949
4857
3783
1425
2295
1251
3228
201876
136173
1272
2466
4038
4443
2532
3624
1473
268935
645330
139176
89844
3582
2442
14928
1989
5379
1689
2286
127428
123195
3921
3609
1821
2799
88290
5610
4734
7245
2817
19356
1926
3366
2667
4131
2088
3735
1512
2181
265017
109272
12846
3357
215619
2673
2205
1896
2712
4692
177297
255570
128745
2307
4482
358113
2853
30396
234156
390897
2181
5103
2454
810
3534
1617
4164
2574
1857
65886
3456
3432
5169
33792
101658
142557
214746
2766
5613
2427
3501
27573
1893
2205
2622
2832
30402
2781
2076
2454
4803
2766
3120
1881
263946
1821
3198
424734
48141
6312
1929
1626
74082
1536
4275
62922
1650
79008
502482
2787
1662
3978
2616
5274
2532
56547
3009
117309
3348
10707
64317
2055
261624
4614
4131
1896
105651
1632
2631
1152
315528
2586
236835
404607
25056
22428
1752
1584
41931
20637
23133
3351
2679
40221
40650
42000
2343
1995
5127
223695
2616
4071
2766
21522
58485
82773
148902
2703
4359
1950
174732
10419
1047
3330
2808
2865
82296
2445
1980
2427
5769
1650
36900
2064
3456
2826
1554
1959
2388
3573
2400
2871
2793
1161
1179
93840
3282
1539
1236
219570
2667
1503
4011
45102
2331
22734
2961
54804
3009
3327
2643
1236
2478
5646
3126
123183
3546
1428
2325
2760
409524
2007
4140
1329
4152
3720
507804
1836
3819
4455
1992
22389
37860
1464
3351
8346
2259
1431
5412
3759
32088
47190
2016
7641
25350
58179
2214
15696
3429
95511
2241
4641
2103
1362
111045
726
3870
210762
3144
993
9984
3318
2463
3375
2091
2079
1449
1293
119922
168783
1437
134682
1965
7452
49101
3192
77793
3531
2988
85884
2541
2181
1359
3105
11508
2238
2643
3762
2409
21654
125763
1263
28608
3051
2778
3585
6081
2271
10656
1941
49329
1248
2739
2139
3396
2970
4374
16905
873
157938
1920
181692
4791
192468
3849
56214
188394
131985
3303
197895
2085
116328
32814
9081
4932
5745
4461
6384
17559
1686
163113
35628
75516
1764
31257
5676
3651
4725
4278
2580
91902
2643
307533
2820
846
2820
1986
18843
1836
1479
6939
5034
6294
15144
3693
81108
1776
1095
1347
2931
371478
156555
20784
2403
2721
2772
95142
2070
58461
2007
109230
21099
95163
1893
127554
3618
2412
3150
80667
3312
2247
2334
221349
2118
2859
93645
3705
954
25470
1362
2154
82908
4350
3306
166464
1647
3033
5799
1809
152169
3174
5037
3615
9207
28380
4083
49761
62991
96264
5598
7500
56508
52155
1809
3441
290082
1887
3252
2451
2343
323898
66720
3747
2919
1380
5376
2613
2796
4260
1596
258027
44118
2499
21378
1896
1662
41328
2832
5217
2067
45759
1242
167679
2634
4554
3252
34665
21114
137007
3024
5466
1965
1857
39963
5463
46443
37098
1761
1101
4860
18816
108987
1059
36492
2142
52677
117018
1518
1926
29055
41256
16821
6417
2349
4296
126519
2025
3159
4539
3414
3339
37875
2847
4167
1542
4488
2322
1401
1689
2304
2583
463137
2382
199899
2520
3615
280527
62160
64221
8562
5121
6969
2610
117999
2178
5448
4383
20994
6930
3423
2556
278466
2724
7197
2778
8379
88935
1545
2817
1842
158097
2721
1698
64920
5082
3390
90996
3294
5145
3291
4926
3528
284208
3381
1593
5304
123279
2886
305763
222336
5289
6051
2139
156000
12993
1815
11838
1731
114096
3063
4320
2463
63810
3414
4404
44010
1485
1110
5607
40023
2778
187200
2718
53793
2100
138549
81297
1773
3363
55368
8778
3060
94113
3141
1629
3288
232869
2454
2214
2823
17211
3024
2145
34221
3450
89400
4560
49434
4440
2178
3813
14154
5244
2220
2034
58068
1980
409200
1863
235026
1962
2424
110076
17337
44826
2385
3852
1755
6093
3225
141243
3555
2622
12810
57669
31839
3417
2739
1992
2832
2079
1965
14865
4629
1407
1620
3198
7656
2895
2838
2892
5988
1245
1515
1683
2151
5391
6534
10890
4266
1935
2937
115605
3405
3111
23580
78987
4203
94587
3570
2433
36756
104970
2913
2883
3582
60702
296919
3885
59319
197238
2211
2553
128274
52917
18723
2529
27033
25731
251653
2809
403395
2304
135938
66050
5150
2415
8038
21473
5895
3103
32220
4300
86289
7093
10951
149714
7512
5276
5313
165081
45060
182401
66224
3523
6647
104039
9171
9939
24470
4772
102511
65331
5092
6426
2289
5256
59614
10515
110922
45607
392684
4462
130967
45313
6347
5675
75978
63373
11928
114765
4032
4730
106113
4898
51734
8348
5292
8626
2909
5318
6752
3518
5744
2331
3213
3438
157369
5119
144443
353336
6316
4447
9188
3218
91686
3324
147383
64144
24869
10264
27925
143398
28135
4437
10815
4263
58217
114141
2720
4242
7655
4593
16832
77280
33910
410099
107478
212631
97802
30544
5812
202682
70209
17236
43879
46594
4935
2851
2730
6153
148359
13282
3974
5298
4284
5239
82945
4982
5423
24292
60249
26802
100826
4268
107273
4794
5502
97199
123695
2693
3633
424142
99319
154408
58842
5717
3045
6253
198150
6122
3097
62003
3565
3276
6394
4499
3045
121091
4005
14753
381649
6841
47229
76236
6321
6374
7365
6237
3303
9172
6709
63903
74230
51198
52027
7050
3985
3402
4478
176421
5685
4468
2168
3281
3953
4001
28077
2400
4924
5392
242229
3885
2001
280586
95040
10568
5334
8458
156896
7056
4631
5008
7502
5927
22323
346873
3223
3097
6510
5235
4247
470762
4793
4147
176011
13261
4741
214625
7140
5523
91911
4289
7161
4037
7334
7340
2420
7046
39343
212105
13976
158440
40089
4021
9108
4693
3801
4630
91702
5319
5244
3497
14685
6243
134190
10894
7870
55802
7087
5292
3517
134321
145074
5397
4274
4085
5891
45056
4384
6116
6163
80944
3192
164571
3349
32508
15477
5717
4578
76818
65389
274365
4820
154230
2625
11623
3155
4841
151694
3838
4310
3948
34514
59913
4043
3943
2972
7528
5911
144695
389686
6063
5685
5523
2698
4079
6316
22187
493048
11571
4463
30602
6898
7056
99713
15661
5140
21152
297543
3349
2908
4001
5139
164436
3638
8605
6830
20123
4983
324576
25452
26082
32850
200529
17887
133124
9996
11377
2988
64601
77642
32419
20890
8342
453500
332640
124373
14490
19755
20086
10074
102491
83281
30187
122562
38928
53371
3906
38949
15677
266601
29300
165181
14049
25930
208331
72371
14049
281016
32440
17697
88452
11377
90368
26307
100112
50762
25473
28439
10616
12679
49171
101881
76078
4352
272575
89166
233746
106512
4909
96432
13083
48578
32099
32240
112077
5654
6195
19409
160409
5313
4163
69620
66954
233672
28035
24958
7587
2378
8583
159138
21373
24922
51734
66864
2037
5770
43922
26087
54668
226606
19656
8757
29993
32881
28749
28156
18858
4111
78010
26402
132573
257192
101204
68544
13986
256300
205711
28796
28539
4772
29631
92584
45586
12784
50741
6478
7481
33154
199632
83680
61835
46363
30282
78262
65441
67798
36850
126321
2604
72917
5744
15435
15078
4100
130410
30854
2919
23651
230863
14815
57210
9445
92967
530612
269189
163836
258584
3948
40005
684390
5990
112617
5302
2688
612801
5297
29179
8762
144318
81622
29190
33401
11414
178416
5811
170100
720242
29762
16191
9104
200077
25893
35269
79044
12490
8862
139256
767461
3239
3890
4735
86068
15356
66979
5213
6389
3948
3911
3901
8106
6237
345902
57067
5801
152741
3366
4938
3066
1395
378
1404
31287
10473
2349
3738
3327
2667
60306
39744
1515
6699
2355
2115
5988
4740
132573
104553
3009
279375
59904
7503
1620
1218
3561
167355
1812
50334
2820
155208
73965
197889
3672
2853
1614
3297
41160
3204
2601
2757
2625
47067
27381
55965
2892
1806
2520
2739
54501
174432
152268
3579
2613
4914
3921
2691
209931
3924
3288
55263
165840
59136
3735
3012
3402
172044
86265
3759
3210
42585
118365
185553
2463
3627
2184
179400
4368
2769
2196
44469
6039
3120
151623
66333
101067
3420
1824
281973
2118
135297
9039
7242
2295
193815
3411
271275
149385
2346
2520
1593
3183
2664
4014
38136
4539
210072
3486
1962
177231
200943
10440
3060
33192
99363
4083
71478
2022
5475
3111
3624
77310
993
199230
7260
5466
5220
127458
2499
1761
12711
88458
3060
3234
1290
2277
2310
4227
2391
1635
75003
5034
393135
2511
2892
1692
371334
1323
2379
2655
3660
3651
89793
3090
5166
53370
183063
32400
16533
85764
1671
3144
2064
96963
3558
2718
21015
118425
3843
1341
2289
136176
2604
1761
3513
81639
5478
80349
22215
4008
2361
88446
1455
88452
2082
3804
28581
2073
4374
31896
3207
2253
140961
3216
4617
23274
3639
3543
3633
86088
2976
282957
3786
136131
5346
9483
2523
3561
2214
5607
3432
21132
31695
5055
2340
62037
2553
3060
4080
2781
3165
4029
35406
6339
5682
117714
2415
130089
2691
3402
2058
4101
124659
3114
2613
1374
38289
25536
157491
4434
2157
4671
82605
164376
2529
2724
108558
26802
387
38127
3543
1455
13365
1998
107847
22008
8670
1296
13410
111567
60867
3456
141450
56796
2712
14769
3120
28989
3543
235995
4536
2832
148977
17532
3660
2469
2808
241089
126930
3450
9495
45108
2658
2316
46443
2865
106050
3981
82569
4893
3603
4503
186855
130428
1341
4026
373317
405662
447316
17425
4841
81879
42935
17094
29426
119994
73899
10768
48883
18228
6794
19120
16821
17335
51288
27762
3958
120125
201632
19630
9025
97267
37018
13408
139461
10694
262653
116324
31568
363972
25725
173817
434438
20506
10374
27069
1512
6946
48936
46080
21982
132668
44027
254226
358171
124305
104685
51035
5050
9807
4504
3801
3324
116382
50379
74513
67084
5460
4168
6074
58627
206493
5161
7886
178972
4557
7124
121884
4184
40798
102732
2709
5140
4510
194760
3024
45087
5303
7781
7723
42888
5282
4153
4783
11403
5565
5261
8127
41821
307571
5418
3602
43118
5471
6017
197196
254278
5875
5250
148827
4021
5119
105031
4373
2856
47623
4478
4777
4210
73589
6678
4667
9408
6205
21903
97125
5413
5349
41265
6337
3476
6337
17251
4578
4568
50211
4510
36818
6888
78188
4825
5560
105026
3685
8657
162036
2778
41097
2966
5833
73726
82247
6447
6037
34356
4778
2394
103713
6038
3197
2840
2483
6484
91860
2877
2578
3329
2956
6295
5555
4652
64071
3706
6064
3470
88179
22312
116849
155022
5397
4536
5108
263203
3985
366119
3276
360219
174389
58259
4920
13934
115820
68659
3722
5948
152496
3543
112040
189561
101099
38646
100616
3470
5208
6395
3664
736507
4247
6353
127554
80760
5040
4641
5182
42525
192465
5444
4710
6227
6872
88483
4830
104757
34515
2211
255708
2619
46092
173607
61353
34920
2712
4323
124707
1158
2685
3909
2106
912
2061
4710
4767
2409
36666
16404
261027
2004
35088
3453
3654
22269
102870
23787
3093
1167
1488
1938
1359
3723
2121
4119
3249
89805
180444
1641
7980
1548
2973
168663
211338
2232
33846
1674
4065
2124
82704
1422
1698
2085
2013
23679
2049
2223
2604
3927
2124
1872
5052
38925
3891
141351
1224
32742
37761
2799
188265
4239
2724
990
27630
24120
23166
247458
5088
77124
1725
150894
2754
2094
49791
1161
19830
14073
2601
3765
2607
3294
53109
1926
2124
76461
3960
85764
5109
3270
1740
3219
1296
2958
17553
117267
1482
51714
327585
5475
2307
3585
1461
111675
4173
2223
2829
3312
14691
4164
2928
412908
550764
1314
10122
2631
2940
2931
62844
52380
2160
3963
6018
2244
2127
1977
2259
3390
3054
2136
1821
1971
4404
1434
1803
1380
74160
57738
74061
88179
89127
1233
139680
3462
1479
2517
4632
73701
2139
4071
3393
2346
261687
52869
3414
1608
20103
3552
34719
3591
1668
172710
18723
2013
223317
1749
90228
4827
3126
34665
1980
4152
2229
12435
2334
2442
19707
57663
3564
67158
1875
3945
156897
347382
4398
164394
1713
2547
3078
3306
1239
56559
3732
2457
2997
1449
24177
1662
3642
6630
92562
4767
3349
99671
141923
105131
5134
39900
19625
6605
55724
3150
164608
6883
20422
31610
59829
4137
21079
4662
7335
19095
99068
250020
182778
6289
3255
4194
24470
3780
94022
3281
4069
5460
3555
62869
3969
61167
117705
34854
4279
4169
2378
6353
6237
3024
6384
167375
7266
3586
321783
5580
5386
31642
186365
7109
4967
5712
5917
3407
2047
205249
3675
4321
70402
139719
151163
5827
109967
6856
86184
7134
72896
72056
4625
5376
3659
39280
5082
88541
7398
2961
263660
120823
98610
75873
6499
3181
3512
313331
3654
34655
4620
5140
93959
8468
8637
33149
2745
5628
7576
7970
4347
2882
6373
23147
6809
25006
16197
10390
68812
2473
12669
4095
5103
7555
4184
15293
23583
304778
157788
2824
5859
4536
5166
34078
83979
51177
56716
55624
6348
39753
7617
3901
26434
2552
45186
73143
44242
50148
106816
2425
41040
4294
223718
5471
4704
281269
2630
2835
5807
4132
3297
4872
6143
6048
137566
3822
111636
4500
6132
6405
6274
4017
4452
254168
168808
3712
2515
75359
53340
192328
5770
127638
60564
155883
3748
40341
80157
40540
192355
5118
29925
5937
2699
12501
18769
2709
4205
181330
13146
21163
73799
3843
145524
3234
8657
81365
1791
2783
101057
1806
6857
5680
2316
5339
3901
75521
3354
39165
7398
5781
4735
83932
127885
2987
3071
65462
19205
21000
67982
7109
98506
4972
4782
4647
4016
4998
4542
5135
4347
360775
4147
133234
4757
13681
8852
3345
6169
5250
43297
4404
4720
3486
118467
94048
110591
4636
488371
4153
74839
9135
22370
2252
43675
29411
167081
39921
38062
61919
3397
3250
5150
310711
63372
6867
98978
90252
4473
4342
250383
52280
6153
196534
310936
2972
28444
4426
5423
26927
4269
81732
37013
125433
114507
14463
4158
4468
4620
3622
18664
152255
6179
4415
3775
4646
87040
3271
5035
46074
235945
66087
113673
45192
13540
207306
6788
4384
8604
6441
3801
4274
5744
2473
3744
118692
19178
3523
6751
4190
143440
3051
23803
2247
224175
33873
4799
25656
3113
89659
153242
4289
64701
30041
4410
2877
6352
29831
2310
202225
22874
25452
201254
3686
6873
241915
3565
213675
4032
59929
3429
21788
4510
3496
5507
6468
166840
156251
7020
4431
5140
5470
7193
4274
58585
3591
184464
2384
3675
4253
43995
44504
5082
2672
213827
3885
17120
8075
218311
135980
1821
5203
5712
144990
114817
12259
6263
5308
8174
108339
2704
233105
3365
15273
5434
6757
130421
5260
28392
7423
257318
46352
46053
4594
6038
4898
2735
123622
45559
174064
2136
215649
100449
3308
12154
10595
73600
5019
6353
41811
199600
9077
120530
3901
7146
5229
19231
74477
3249
21021
3438
216909
3003
228443
4929
156717
2147
4615
117647
5265
30140
4037
52967
4258
4752
4993
5261
5507
105152
3980
31768
6169
4058
221398
3559
78513
4295
46121
5465
239783
5812
5838
84010
45513
258846
4982
722148
174269
5455
219114
5413
72287
163842
77553
5182
8883
168110
477745
2751
24859
2887
8222
41611
9717
6226
13939
6289
3517
8037
57445
100181
2967
5055
106533
3355
4893
4725
10484
4562
6243
6164
5355
4526
17136
21976
7245
6484
71820
146254
4709
8599
5874
7276
113280
363111
499191
60155
145519
2940
7130
489537
497233
114612
4389
7245
17546
267614
3208
87859
3439
5696
4068
5702
12070
5071
110218
3780
5444
256389
4741
2226
40599
202676
116665
8799
128741
4111
4121
3916
259035
5528
62895
3370
3186
12264
33547
5523
112077
5638
3118
164163
4987
14322
5654
4326
25337
5533
5139
38000
3360
4756
102312
4699
7061
7466
4751
191683
5628
44956
2614
283809
86005
3728
4232
2105
37622
195705
5061
8641
3812
5470
304458
227729
7408
15945
37302
3859
4914
5802
350301
209816
221686
6777
4210
3722
2861
82079
83826
2883
40651
3071
3313
3696
199920
280839
74109
6505
2961
90983
5592
681482
6710
88269
60443
57776
5166
3481
450445
125821
90951
3323
34881
8143
518737
19557
580141
74187
13718
4505
4331
4694
4966
5050
3555
21410
14715
3837
501391
245737
26586
24575
99546
263744
18816
10455
278868
2232
65280
5499
4095
3060
75570
13278
2589
58233
140832
3927
2544
2733
1881
2571
55113
5763
175398
121257
135213
13011
1530
75024
2604
89421
77943
103734
4791
2106
6435
2106
2898
3507
2427
12504
4611
1338
4884
1872
171711
1773
5694
1851
3072
124218
122607
2103
67188
45126
2346
2253
2115
1485
2967
107451
2832
1869
846
1269
82158
6303
2163
3108
1482
1776
156870
3888
2715
65775
1656
1617
1032
33159
2127
3510
2583
3735
3159
1749
156519
1506
2526
2235
3015
2808
76464
2802
1701
2094
2190
1659
4560
3264
81528
2604
105663
1944
3525
3354
4407
2844
2697
26898
53532
55476
3789
48636
3099
5886
2883
12339
2883
258489
123690
62169
33354
1725
2517
30918
3522
21747
1173
1365
197355
4380
1839
47226
1341
99852
33306
1293
33285
2361
5046
3402
33714
125853
2280
1791
6264
3495
3345
123048
6405
15594
2361
87405
1434
3531
2565
2505
1416
1122
3177
11724
5444
4310
5439
190302
88400
7403
2400
5025
2730
7041
6415
118225
93093
95440
171313
6447
3344
3985
3465
8746
6437
99025
64685
121511
106654
4762
4441
88825
3055
79947
11461
3575
84310
37858
18522
3806
3581
3203
5051
5739
198544
4316
4216
173880
406198
3496
6920
24890
6489
3349
19068
327233
106187
65824
290336
6237
6310
106150
50289
5670
8153
8190
25773
36010
6336
8416
88840
4268
3123
38188
4053
4069
54721
229934
2940
5476
6757
135272
5160
33842
3612
6095
8169
4484
60464
6426
7177
93471
2798
9838
5670
4704
5055
3245
17666
3197
4420
30513
8095
149163
4909
6048
3334
4110
4185
8474
5013
5875
99603
155474
2898
5691
193546
38745
550830
2436
7397
3948
459590
4074
3081
5634
9676
5680
139067
218956
1386
3507
4530
100197
29641
161228
99488
126315
2945
40572
8437
8852
16931
2982
4336
83349
90405
6195
4578
5555
4746
152313
79700
28922
28628
3244
3617
4840
4442
288030
11182
155705
7313
18159
576949
7397
24071
5156
6620
38194
25678
19226
73369
4646
6132
3250
67347
4174
68638
58974
2226
137613
4247
179372
4641
2851
2441
112334
113153
3880
31022
8458
81406
8400
189971
129628
34151
4830
311430
115731
120214
20128
84877
5066
382468
6226
9728
4200
257114
4767
12039
42236
36330
30351
100932
5004
3911
6227
38960
7785
145063
215250
59172
323889
4710
6310
68465
5224
40404
5266
54290
6820
175387
3754
110828
231667
18842
199070
18044
60196
6363
4651
207926
11419
79443
22155
96778
32944
12448
4284
17241
195688
30833
52117
15802
195888
39559
17934
13498
2504
68985
130966
59561
69442
5287
113689
302537
18895
57765
3276
4200
287185
22129
128724
24890
16979
16784
301959
26859
12553
36131
283469
117993
54369
6857
68943
13062
11382
4038
8610
155458
42257
1995
75773
6799
12684
27300
15020
225015
3459
91214
18738
160508
219676
139435
172268
16512
107971
18501
62627
9581
18070
27672
63347
16491
17273
9450
92442
57750
254667
31269
89901
26886
4888
21378
49077
25504
74309
208945
3964
8904
91093
315551
67673
131812
46657
31022
157321
16291
187861
17913
386725
101204
6941
6205
77086
4227
4940
259738
5129
4568
7077
2631
6273
2730
22801
84830
134767
4715
14558
48846
22329
60942
47880
5607
5255
57256
129444
7129
7365
5197
3391
6237
24633
41491
4043
4394
462478
303612
4137
105489
5539
5465
137981
7213
128452
139419
4095
3391
5539
2778
7366
6201
5040
44871
3381
246555
4110
83391
4452
3948
63930
6610
2887
3077
3780
43328
3980
5166
4919
179996
5991
429203
6321
5628
557629
3927
249758
5455
5124
4830
107278
4515
126809
353592
7497
5975
38025
2904
3108
4688
53844
139488
4919
147772
3691
3591
58191
104758
24933
3055
8169
24276
244403
6420
173287
266978
3738
4153
119727
4589
3576
5843
7465
2787
5874
7214
25452
3864
4635
3748
5371
3502
331973
208677
83375
5203
5549
6389
6279
2048
7061
3702
93224
13933
11912
7429
5088
3502
3371
242729
5129
5507
6289
61293
3964
2305
143262
80241
2562
3974
537264
4368
5507
3795
4042
3360
81222
180264
4310
166525
5072
256200
12967
3323
115500
4347
32471
336326
394075
2499
117027
491043
6106
34744
14485
5408
2215
340803
43969
4715
50836
445673
135440
6305
4604
5166
5780
20123
198954
18910
3145
234701
5182
218699
4257
5444
3932
14374
93261
7482
4804
3764
55949
5282
4520
4484
3228
39391
32964
2940
292614
449222
53104
10605
55997
4158
259297
2442
7933
6494
270690
243847
29673
5718
3182
8016
6101
2704
3008
8206
11114
4137
6605
50920
4583
4778
429108
315793
46436
5408
154870
4830
3003
9266
143630
3874
4899
4520
5397
9602
123401
3974
55644
6163
3134
275746
4840
2730
131523
283257
71103
2295
83022
1878
5322
63846
2826
1935
3942
44244
72759
2973
10080
1824
174807
2208
178356
105954
71616
15117
3750
1344
3516
2142
4797
6639
426813
209499
6522
188517
44628
1884
83028
50319
3813
4149
69897
19656
1887
3078
738
9915
2088
43899
3471
236274
95019
3711
1509
2037
121209
325413
4305
1707
90912
2781
2409
4281
14982
2136
93576
56208
2568
6756
3045
66813
5790
48345
25560
3135
2007
193293
1692
37476
40815
2889
2787
39084
1500
4656
78129
5028
3120
2073
1836
35070
1602
4041
41208
4419
1899
3858
318
3693
1890
4479
71493
43251
39348
104568
59046
306153
4305
2487
2313
9069
4284
2874
1860
2049
2697
77103
1038
2175
2373
2649
3348
1575
2463
3846
337266
325371
197091
5589
28878
2448
2994
3756
2895
2451
3360
1941
50121
18120
2265
36516
2601
13083
42387
88368
3597
2907
14787
1788
4272
22911
3633
186498
4236
39996
2547
147387
2682
2370
41286
2688
2559
22203
3291
2703
3675
2712
4782
3690
786
3825
101337
2262
1866
1641
331293
45102
207567
37914
64299
1485
3921
32154
76650
2328
4161
3186
1782
2634
39900
3966
2943
42180
40578
2127
3609
2406
27318
1374
144528
3864
2316
17946
5112
2613
2286
41070
44097
2670
2100
4038
3444
2784
2871
2643
2952
42843
3492
1026
3114
30915
7707
2928
2634
90045
101151
11841
4632
190455
2523
1554
122826
5226
1461
32445
2133
3423
63921
165402
407097
2055
2937
251328
63981
4149
2112
3558
6192
2832
29448
1686
8754
171309
1269
2784
7137
3042
1389
3357
2070
1668
1722
1470
139698
3471
3624
2283
34608
3162
3867
2958
3270
1755
1707
4593
1812
3642
2415
2532
2553
2355
2421
4986
79635
2535
3117
15183
1833
5826
1581
52272
4185
320625
27813
61557
55749
95697
1995
2466
5685
1770
2418
2250
2190
3963
3711
2607
2817
588
1767
2016
181758
2964
1914
67857
36990
3324
3531
1260
2034
3261
17157
67224
5865
3996
275247
2580
2376
66309
3153
205500
2271
125808
3477
2010
484956
2946
1548
5490
1644
62508
330414
162912
2930
2572
2955
6279
7922
106423
5187
4043
4043
193305
2662
47307
3586
6489
145766
3486
110134
210283
101062
4820
3192
246172
168845
6735
67851
5045
5528
4615
6090
82472
55099
74036
3491
10935
235614
2961
3240
20968
126494
5234
4053
51408
2903
4494
4567
5534
147703
9093
9172
2888
112087
6578
4977
51571
4179
4437
4552
311540
36524
25405
99871
48899
91067
99093
5801
58354
4757
31599
55035
4688
56889
54805
11660
4510
56233
67803
3061
5324
10868
5213
5781
4221
2783
5991
17997
31746
92122
344925
170289
54624
4756
9028
124976
6540
247320
354312
2436
15052
437420
4764
42996
6012
67032
4628
307392
4764
3188
4320
21348
360364
56088
3968
64028
4564
4572
140184
52368
10192
6032
100436
186180
2480
87644
212332
11692
227140
4716
7280
65344
3544
125980
51220
3576
3832
10992
3720
20988
125000
5312
3952
318124
25780
22252
69472
2924
4764
36044
19784
5700
57872
4448
5764
39068
5624
73056
59296
26112
47608
28632
4544
16208
356136
5208
98008
391680
5132
10284
45908
31232
6216
52460
30372
317160
7648
6800
11960
2572
50080
162800
44828
3844
172980
6040
27136
17996
155816
3664
5556
142040
167800
27036
50476
202548
120600
111396
133760
39588
151952
34296
1940
58356
6696
4544
5584
10488
4708
3412
250188
12768
87736
71648
38304
5288
70404
19916
4516
122036
136328
16372
30876
2760
6136
4288
229028
43652
22988
4744
408808
7212
85696
117988
145052
168132
4656
4356
185536
155320
6624
48928
34124
222892
160828
4232
162908
151996
2716
3680
3912
334408
4812
3652
8484
112484
80308
183364
82884
74180
5780
111764
49084
4984
3716
159068
68784
153312
4712
91120
438128
18684
5376
5184
407936
6028
197056
80096
128924
91136
3388
3896
88560
145688
548272
9744
111352
32600
5360
5412
6508
8088
76660
149532
2856
5824
141756
4328
129940
32456
58016
76108
155048
37536
5544
2812
333196
2892
3812
271792
17060
13980
15716
4924
4928
49008
4648
337280
292576
29716
32744
99352
4096
93128
98660
5344
5792
22292
3772
22788
95548
4744
69220
3596
3152
175880
3360
292296
4864
298160
6416
5268
59604
53180
61872
46112
14228
4276
297492
3492
186456
6368
40204
33152
148056
155748
239128
262516
76048
155692
5956
5916
213408
14852
19560
51992
7500
153300
112536
3432
304196
2540
46380
34704
42396
5392
4464
132508
2928
3564
158004
135468
63780
261568
151152
12292
41428
3020
24644
152120
195288
78244
16728
938864
111892
147660
27684
90064
149376
123096
177132
25004
155952
63704
27404
133264
476672
430080
5948
47972
6040
36084
211868
49756
147268
22312
418536
19344
17584
58968
105956
93144
200428
39188
30116
182436
104460
35120
77108
157576
195832
165232
67724
20356
21144
197520
23860
30100
15876
20412
16928
5128
60460
142828
20068
83124
331664
18256
331848
32860
4956
101552
149400
34252
4976
181004
49704
679520
52880
601956
12308
16604
45128
25680
66796
5068
19792
241844
245788
4692
47468
86528
418924
4404
6363
99396
49146
6204
2850
123801
4968
50412
92727
1755
57987
217545
146100
3999
95190
5139
2868
18300
5373
11565
49647
10824
41019
11211
6423
9225
4383
3795
8631
102057
8040
3621
28941
284670
121356
19311
248541
8793
17868
107469
51909
4683
146622
143283
19140
13530
63750
10503
52551
5949
112497
7713
169431
12168
3792
90039
4329
52479
3141
22989
86859
13365
7623
5457
118281
3915
80787
8232
262659
3753
6483
129651
2868
2604
28908
36666
131721
70125
7941
40887
1791
123459
27825
83505
5583
408306
5175
10227
30420
223551
3531
22788
284721
19215
10818
6177
77448
195231
9114
7059
4431
4419
64503
180981
3174
5793
36252
73971
6036
37830
7362
28821
28710
3555
8727
32562
129003
63468
9435
371034
3492
4353
86961
3960
6294
146703
2943
3822
265092
189195
67641
138759
104490
5106
5247
20685
107610
3609
3681
9108
3999
103974
23496
4221
4971
3627
4695
4146
4878
5004
76998
6021
85824
82593
5604
3075
4125
28056
9306
5694
2442
2802
3774
5682
76275
58425
3285
112617
5880
2160
10332
38397
4305
25245
3843
531852
116115
197139
6000
192042
10584
4089
6915
74874
4362
35478
102399
17661
558390
2289
4149
2895
5325
108009
4338
192711
157713
13506
6018
1989
42840
4764
27843
3687
7923
29985
80136
215301
65316
5121
151287
6558
10902
3534
5559
10596
96657
3798
3411
5391
5157
29520
1743
4800
129012
4677
5013
8052
4887
4029
46590
93129
4722
4608
2868
4806
3429
68481
6028
172716
3876
48564
112104
4404
63220
263460
67104
233924
28560
446040
6808
4856
28056
4804
4180
7624
21536
126824
213096
16520
201652
4616
105816
318904
535992
84244
113780
3324
511752
61040
3812
4808
2696
5208
32440
682796
30572
4960
5996
5864
5172
4208
354448
67164
72352
5800
42188
64112
230536
104340
69508
172712
70248
342456
4976
42400
7876
156788
220008
173564
12972
464856
79380
16340
260248
234912
17876
242280
4756
393636
4616
3116
211128
9000
6392
5104
29716
626168
60292
79064
14324
265420
2516
160916
16712
105792
187892
171904
4632
5296
498556
6844
6720
233188
311480
18600
16516
38992
35768
88268
40484
133448
74172
4524
33256
16168
4516
274992
137928
14300
6736
14444
89208
122220
61840
84840
94328
171968
15048
14536
27884
257752
37364
12304
24104
25776
61500
132520
273332
191124
14240
40764
180840
4128
14524
186508
17332
170688
2928
119216
15412
76400
27388
166256
42996
2680
53604
16560
287840
247424
149564
29704
8800
25452
140944
4012
70400
40580
267860
25448
19460
234868
25372
57012
158348
188168
104356
59996
28376
102204
25436
76540
5580
20132
345264
382428
24488
168444
70996
340740
46072
8880
161064
3456
56828
24064
5036
273972
2972
3732
6008
36752
303820
323540
5756
3464
2520
6596
81808
167428
3484
2096
182952
5208
94048
212928
77876
7412
47256
57368
2824
48668
103736
103052
66488
213968
4040
178600
2736
124064
110376
49772
53444
143400
18256
64848
16964
392448
178600
5188
63480
7668
3736
27572
186736
6192
27244
4672
4136
6892
4956
430736
4052
4712
28048
3920
5552
96984
203088
7124
168108
34420
63236
5876
345384
2660
2916
61212
31680
168244
26808
4620
94984
2932
3528
3808
6936
5896
179808
407820
40264
67216
5632
10624
61356
65332
5088
194888
5948
5356
8644
4996
38104
56212
87328
9568
205116
42800
3888
10560
36396
14732
28224
192484
4844
5284
42116
196564
88888
5772
5424
21176
10880
135708
31500
7460
72296
24288
64512
310356
125156
60380
70956
6892
232020
76276
10248
5020
120260
187852
32260
254536
5000
3736
7172
108148
161044
878520
37588
53288
226720
26160
5288
215076
7004
69768
50084
184600
73260
5824
11604
16432
6496
69068
4536
24528
6564
51260
40412
86816
128584
6876
12664
3968
138428
239112
30596
7288
6144
42148
7352
80180
37176
7128
3024
88692
130396
51192
175620
35440
93612
72032
240400
19544
10144
4696
246908
74376
5020
139228
20568
6204
33560
4068
166656
47968
5836
3796
7868
3388
82728
3200
5596
155412
82840
4180
2340
43652
26116
36284
194548
5720
1416
1860
4614
202791
80211
2754
142011
91044
348996
3156
3288
2736
2715
1641
23172
365778
2970
198990
5265
4506
2343
3474
2658
457740
1590
3426
122862
3339
3654
2712
1656
2547
1578
2457
190764
5052
2718
3006
3834
324168
2043
2421
5256
2640
2424
2259
34437
59142
130416
2739
1302
2295
80064
2256
3321
1677
303750
2253
3396
8520
3843
4404
3942
2376
175158
2628
2283
5712
1260
5631
105093
2601
3828
5133
1983
1647
251865
5262
5046
1785
132996
4095
77733
4077
4653
3936
73272
2883
5637
50592
181674
37098
3441
16278
22749
3375
23814
15636
5202
5241
3615
132612
30672
7263
9930
4113
338556
2349
3144
2601
265197
2796
2391
54852
208158
3615
4635
143358
63081
4920
3018
2760
371934
356040
6588
6129
2217
441174
315873
139413
4407
17637
2046
4590
3288
1077
98778
2124
2007
32025
3864
5079
2436
3657
4344
8937
81492
2307
382329
2910
136491
1929
1752
3741
2103
225792
97890
4176
4005
1893
19401
134670
3567
2742
3459
112368
6978
2022
2847
4638
4155
167028
2445
20253
2913
1275
3660
4611
4764
3555
82746
1812
5529
6483
5337
3402
4461
27192
43167
125382
1833
17040
3627
3942
4149
188748
2295
3777
70149
209424
3942
134100
5688
2004
7689
3951
3189
86202
4389
1704
2415
3075
3759
166323
3333
1710
129657
2484
5247
61689
5220
14313
38262
3270
3474
119652
3690
2205
3249
297114
4437
5664
1692
3060
63528
2367
56571
2679
3240
4173
1434
82002
438546
16632
4671
119724
33513
3060
2364
100542
65235
96783
380271
164004
75630
2454
3078
32850
2358
1545
82206
215301
2562
1980
4617
3393
157515
5856
31644
3258
46287
4959
3651
1731
4335
5481
2829
2703
64629
50112
143985
526134
3030
37524
3756
15567
5196
110010
5304
53694
3135
143322
150513
2484
188196
81657
27555
2541
2157
3549
1980
2193
1488
1881
3294
4917
8412
1968
2055
3444
73626
124191
4827
5127
41316
89985
282663
3270
69312
143133
50808
2076
3147
4590
1260
4608
3954
35799
3561
2799
1164
70641
3189
3141
1926
5757
4287
104748
6474
3210
37206
2655
5820
3882
1659
3003
5916
5970
5649
1479
300993
1824
3552
2439
220752
2553
198183
4683
1590
67671
2838
1869
3081
3918
3504
28110
3036
81510
41367
4278
3762
76554
166548
2157
161391
13113
4260
157371
5346
46914
2775
34575
2262
40062
2262
78957
43053
2760
3975
154692
2415
2862
3387
2253
3969
2625
3825
6018
2505
1821
1812
2250
74238
2589
5688
5034
348882
2970
31128
2142
1290
100815
1650
2487
24921
1713
1701
27465
116742
1980
4698
2673
2757
2553
2370
2106
1725
60639
3306
4797
13407
4032
4095
14601
15147
43755
5550
2442
131751
4791
1272
24885
95250
11859
2250
1893
4971
1458
2646
96477
198834
29799
2658
3147
4890
2316
2388
3150
4167
22200
5130
260742
1665
1971
2088
1701
1674
4935
2712
5877
1353
2835
43068
326037
3501
2694
5187
5919
3831
1902
12831
6594
49770
3951
3669
3798
444864
3636
3567
313500
4530
2274
209529
4200
4146
3363
3975
177684
3690
210684
135897
7530
7986
66372
2529
2172
1905
2241
12054
2514
92820
1845
1617
1890
67245
3558
4452
146898
3123
45807
86973
1686
87171
2538
68451
129975
2067
73296
1641
4401
140274
1839
2202
3450
9084
3756
71538
152331
2964
2328
5124
2292
2322
1914
408
3504
2928
1797
3042
22344
2592
5082
3330
1782
6438
2151
3330
72804
3996
92904
38307
3195
2778
125526
150291
4005
408
2223
2400
5433
82428
1821
2205
38784
12582
1956
117327
2142
4167
3051
3753
61212
217818
2754
4608
17190
38772
366090
3357
47802
4461
1317
123594
2532
342087
3900
3039
4086
21693
7461
34908
2895
56733
4038
160194
27963
1995
2883
73710
5430
405
1926
63570
3195
8709
4968
1704
2472
2889
151296
1689
4143
182355
5811
118128
2463
7233
13530
5520
2655
222390
3264
6879
2340
51486
3348
5829
3285
2787
5145
2091
2724
2076
127383
4929
583815
390192
2976
284277
3306
2061
105651
53259
2841
81546
2271
94194
4728
2904
250521
91287
5436
5493
45048
5427
3498
5217
28884
74571
5901
63492
224025
3180
60357
150951
1824
4221
198732
2991
3771
7245
4611
102171
4011
163962
3726
2559
6219
2439
2319
26025
119394
24972
138633
4116
107949
136968
3015
5526
4014
104988
1791
135798
119382
5979
2301
3903
44085
121461
4749
2616
4881
4380
3558
244500
2730
3390
2679
2082
62919
3066
81810
2424
132471
1356
85908
3528
2973
1866
3075
2970
3540
5385
2055
39903
2199
137112
74946
64980
147978
140859
39621
2271
2199
4164
3129
86646
2046
7488
2643
2520
2721
3747
3096
79416
4203
2613
2163
78366
77529
2568
2700
196005
2697
1983
3996
3252
533037
3810
107418
2538
3120
30024
3291
2052
8655
2460
3942
2478
2640
4431
1995
2604
5109
3732
4260
3231
11433
3381
3501
2016
18120
2655
215988
6729
109701
101634
2502
2334
9708
2457
67260
89091
3537
3519
61818
178335
31497
38070
489
3465
4365
55110
1572
2445
1731
3414
87987
2865
2556
2250
2172
2283
3270
4272
1749
30675
18771
117801
5517
2670
2079
93174
2655
78471
17103
4185
2871
5157
2535
3780
3816
4101
111057
2799
2946
210972
32412
1092
2934
1329
2850
3195
3969
326070
1440
55344
18765
4626
2409
45114
4644
2967
2172
44811
2187
3825
2991
2304
89358
75759
192276
49485
194115
2163
4083
24630
4011
123093
580587
5310
3396
122358
3717
26118
11904
3948
43596
3108
2631
2355
3405
6300
3699
81381
2580
2616
5493
2787
2247
48756
3165
3300
3021
2940
3537
138810
4146
26514
1035
61890
1725
2961
1416
5103
132063
14280
3069
3264
3126
13428
212847
24663
123765
2505
2337
3000
4464
2541
5196
5964
48339
102783
2145
72666
3216
185127
86772
203034
96660
454749
17685
3108
1932
2229
220113
2442
19851
84762
2247
2505
13428
2853
4782
17805
2613
23385
6081
1644
1929
3150
57054
1833
3114
2283
2985
3240
53841
2787
2793
160776
2355
5331
2682
35958
2322
3321
2124
1746
3225
41937
19743
3318
29145
2874
3696
1593
4353
2952
2268
3144
2628
3240
56856
193533
3381
44679
2073
2850
173814
2328
289452
2445
1728
2817
3444
1143
3615
272649
2007
409887
3516
51789
3693
2601
2298
2595
66897
2595
4470
5217
256788
300363
2388
585
3696
2571
126972
2274
3870
2889
2112
1926
2868
75660
1155
2862
34176
4161
3060
49563
2589
2847
2847
1020
3912
83265
3420
61191
2676
5607
33783
6126
3534
1206
319668
2535
90141
2004
2631
2064
2070
2805
2175
3546
62442
1770
2328
3273
3123
1590
4734
3210
75960
2274
170124
4074
37185
18948
1455
1536
1731
2667
267060
600
61752
72246
3777
52419
76569
2766
2370
42891
55056
4443
2448
3930
3621
1995
3279
3195
3165
4383
3348
2151
5094
64728
2124
59019
5325
4266
46206
10965
139896
65256
3582
3870
3846
71955
7059
5409
1557
1833
145875
1512
2382
2880
5469
3117
4833
5268
2775
2913
1782
1407
26907
3426
42189
2484
103173
106272
57225
60177
3423
14289
3795
3846
3327
4800
1173
3501
3342
3519
1851
1464
3396
6063
3843
2907
2949
2937
4098
295107
4671
300435
4335
2349
2190
3189
2106
1881
3516
2511
8775
58281
73002
3135
1866
2418
74760
2568
1569
27024
2916
1449
1824
3948
4239
2670
2748
5670
2760
107889
2505
85356
2265
181188
315195
1950
1857
2175
95496
3456
247425
3363
6138
3219
3888
4425
8892
4176
3132
172077
1332
280863
2499
2238
3498
2727
2067
2733
5190
1581
2106
19353
26307
238782
10617
3531
188550
2061
25452
11577
2946
2070
132534
5859
4194
3645
2844
4602
2388
1989
3672
2022
54360
3672
2847
119004
1752
131196
62337
2523
3984
1644
69990
1239
5727
5865
2955
31449
1776
2568
4545
2655
52386
3003
46641
107757
2328
5112
117708
237924
4458
28473
4704
2283
2502
3858
282162
5799
3324
3666
4710
852
2997
42558
1986
2910
183276
9405
1440
4623
14013
166059
2748
1920
52689
3381
5019
2997
3888
2298
492
3258
1152
3810
5415
3390
195108
102006
1890
5280
2403
32931
80529
66276
121407
20640
3309
4911
3264
3759
2355
1674
3099
179283
2697
79563
3522
32448
1956
2154
157032
2295
3162
470502
214806
2748
5550
43497
102351
3762
41094
116829
3114
2544
3834
54225
2130
319398
3057
245916
1776
99294
204345
2403
3015
1707
26148
210954
5049
283779
239247
3663
1650
1704
3132
3423
196521
2109
1992
200151
930
53484
305799
77874
2610
2724
2079
242115
3579
3717
2409
6738
377247
3060
4845
3621
4605
2004
175509
16788
163866
2628
2232
491796
175617
2196
1911
3642
2151
3003
507282
80502
4785
4884
1878
28668
313869
1263
3627
3801
1665
69597
4452
5238
1773
1602
60906
4152
26409
2814
1803
2358
3735
242910
3633
2871
45852
2178
3330
3801
2988
15927
3144
2427
2355
3246
235245
3756
3042
85386
1764
47928
2565
6954
2481
3222
2784
1995
1215
547833
4140
45558
144627
4788
40860
266310
4332
4341
2004
4971
86991
3588
5013
1713
4008
23040
97827
18786
3366
15177
2316
127476
83547
110451
14736
2400
2799
24711
1788
1635
40077
8565
2235
368676
154305
1977
2082
3315
3492
8514
2199
9357
4455
6072
4380
1773
3207
259962
5400
1926
108246
1296
2034
3990
3816
3846
5748
9204
5925
383199
250872
53412
153924
2361
153678
1824
1617
99777
157920
2139
2619
3438
3504
50070
160860
66693
9441
2937
20283
23148
2739
1716
3993
2526
228687
63657
19620
3168
2493
3513
291972
127755
2733
109812
2949
5940
118653
215343
2352
2853
1659
2301
2247
2274
1662
3528
165798
188274
2334
5811
3495
73863
1716
6948
7839
4017
69282
2703
13353
124185
231594
59547
263139
819465
25779
2691
6906
40107
11640
5208
2985
3252
2817
2184
184239
27534
17238
90000
2697
2454
2622
72276
1620
144999
2550
13074
148020
1692
1422
1938
2448
18939
4242
2520
30936
2250
711180
5499
12477
4305
2097
299235
2844
103113
429696
5463
2163
75558
3840
1866
2697
270150
2703
3978
4374
1470
2763
3408
36048
2358
4659
189933
2664
559188
2007
1671
1449
40548
1647
42273
3771
176037
2154
71946
1467
4584
71778
2793
8985
2100
36201
3411
128256
3570
4365
3333
48315
1581
72759
5046
39654
294546
4869
3309
166260
287865
6813
377775
1482
150258
17922
48987
212814
2964
2595
3963
2487
286194
3684
4671
499608
1647
2199
1989
2421
1713
61110
3315
5403
2529
6162
3282
2472
5181
3504
159195
136617
2751
28587
1818
3123
2406
3216
3936
35163
2442
3369
2253
3630
118461
2622
5217
164424
27567
3051
56535
3555
191673
4311
98214
2004
4188
4953
3999
4836
1779
3006
1359
5889
5547
2115
3414
3849
4200
6723
8811
6177
3918
2520
8880
2964
45531
1560
1407
4425
3249
2697
2514
3768
4458
5406
3255
189444
2223
134253
1251
2415
1659
3114
3534
3384
226542
2694
2766
144816
3459
64269
2499
142392
238335
1821
1986
3501
91524
2613
2439
1509
2970
5463
2457
286980
2373
3240
3150
3630
2283
1752
30843
24417
75225
4032
3294
342552
305256
340722
1617
3222
3507
2847
126696
23799
5304
4188
7854
1494
12339
1407
35241
133497
3639
73149
2739
2061
2058
3015
2982
6300
2502
3435
68580
4623
105516
184326
3567
3855
162759
2082
2553
56871
3429
30414
72165
18489
1176
1473
1890
1551
1599
807
47514
38820
46404
2676
1788
164022
3888
4476
3084
4839
162978
2220
3744
22923
1707
101181
137445
3174
215253
2679
1935
242133
2157
4548
20367
54276
3159
21210
6318
108069
3309
73608
2388
1788
41901
6336
2496
2007
2997
20547
2013
2241
12648
1908
1860
22953
5001
4362
4554
2820
1251
52992
2862
50220
2487
2781
19305
3825
3267
111738
3417
43527
2997
12837
4044
161184
2148
4653
31149
249882
10002
1947
3708
4269
242376
1290
62772
16545
2013
1797
2019
1986
2388
2292
92586
83502
3861
2289
62082
1581
5886
2574
2058
1422
2265
3927
4038
256473
2583
4455
5649
4308
11382
2583
4587
2694
95931
3555
1809
2967
3465
3720
76398
73350
46812
52536
3837
3699
4689
117093
156240
49806
2472
8253
71889
3591
83268
47628
2685
2808
1866
2703
1623
2178
3780
48309
4056
19659
7308
2703
2274
2505
2103
27099
3219
53058
2811
97734
3699
2925
2940
63498
80379
19275
174186
2577
147294
1410
3534
62751
2553
2079
3066
66159
3954
55218
2202
240996
3435
3816
4770
3825
3258
7743
5145
285798
3987
238782
4707
4197
4113
166911
4038
1509
3789
4410
64443
2694
1818
140673
1266
4422
2520
6528
10221
4383
65154
2310
4830
14928
4398
5208
115413
2394
33138
4950
1863
6186
3090
2820
38967
3837
2634
3309
25611
2763
3399
3279
3528
3585
164814
100437
3531
62544
2958
1506
3717
3612
82644
3165
27030
2445
14490
2040
165309
2454
2184
20541
4116
2148
2901
3033
22650
306966
7152
1284
3240
4629
2157
3123
3879
13860
192657
158760
5127
6177
5322
4947
40317
78930
3822
6006
3021
1731
2013
541473
36663
45267
4476
1740
3489
340767
2445
157107
87870
5763
547623
3603
1317
3804
6099
3351
3363
185091
8712
4971
3606
3414
1791
2421
2910
3492
13389
3429
7563
2760
104049
2919
2817
2370
2406
2601
4278
52131
2859
2850
4413
80403
644166
6624
4290
2856
63243
6306
4866
11385
2544
2115
3753
3777
2973
4209
7203
1050
3399
2646
2247
4746
12606
841377
4950
147381
2784
1812
4257
4515
42183
2136
6678
38457
4491
6534
38496
85836
5736
2925
4473
1686
4086
2412
141279
2502
4182
4002
39066
1845
2814
219846
3723
1596
71463
2490
2154
92076
4929
3219
4182
3897
2952
44301
2370
2355
4506
2070
4098
4170
3627
2313
44586
1935
3033
4431
42147
1977
3018
4572
2799
102069
2379
5727
2373
15309
1668
1995
90618
3321
2103
1143
2481
123156
2397
16731
2712
31623
4047
2724
515790
185469
2175
3975
37599
2544
3561
2907
41487
4998
1566
574461
45978
2529
4329
229119
117486
2964
178785
1893
8466
2247
4614
4407
4863
1659
64044
2640
32451
2733
3405
71682
2910
2361
2226
188727
5568
2289
6570
3888
1572
3354
107559
158175
3051
2958
2925
2784
98325
319422
149862
3474
14502
1275
21615
2061
4470
112410
3123
2265
3423
3033
4179
82791
1593
101409
1569
1965
114483
4002
1914
2742
225
4032
67896
5460
2718
18747
2712
129726
5286
4086
2553
167880
34839
4845
15702
3141
11784
3081
3063
1731
6129
3312
2625
1554
2106
31287
39828
1866
86562
3087
3579
5250
105417
145290
1764
4122
151326
17130
104454
1701
199524
5646
2139
37386
84333
42831
4362
36117
2139
45105
91566
3009
4362
97956
73473
181128
4407
3012
126516
9621
2499
2163
3549
7050
90252
207867
71553
1170
6969
1380
234945
1647
49506
5574
143766
2532
2367
119403
35769
1578
3291
34584
3276
3033
50763
2418
1800
1713
3462
1680
2037
33828
368379
5085
38088
17694
2499
5004
103491
62022
146337
248739
5658
3117
61143
13497
94134
37875
61179
7902
18597
3303
115950
2304
2136
2469
147627
282423
161184
3087
2472
4389
46701
2502
23532
2466
3882
93144
2829
3843
3807
4278
308523
3027
4713
2109
921
259122
175149
35661
3957
90387
74913
3774
3846
2889
42567
1152
3795
4158
1380
207558
2274
16650
2544
2046
70341
3981
23067
152883
3249
77412
138684
3006
56661
380220
20490
1299
3006
2892
3174
26946
3108
1857
5337
125304
3045
2328
3297
4905
2322
5136
3933
4281
26841
73071
3153
496941
100191
3429
135510
1167
2652
2676
2805
2694
32049
3243
3300
63345
4164
35556
1203
75438
139407
41526
2007
201984
180558
154095
4026
5142
2682
5868
48591
41169
180969
27666
2934
3678
5046
5847
25083
2628
2562
1857
4299
2979
42900
127434
3804
98691
3312
21693
34842
2865
2781
15075
40260
3444
2214
3363
2685
57207
67638
107499
188409
3606
5007
2385
1194
2616
1629
3138
3948
26367
135378
3594
18669
1431
1848
17622
179625
71802
167208
75240
2130
67794
5649
31368
2226
1338
3309
23346
2730
15948
2844
2523
3351
7770
4020
2817
25920
65193
3489
6225
6681
7440
108909
96207
2925
4902
3390
1419
161631
1680
3336
5661
3153
6345
3555
2073
1323
2709
5238
43356
223686
5175
2217
62505
4929
3090
59001
3423
36282
1977
68655
3798
110304
3732
3318
3699
2451
2685
2769
3894
2466
2271
32361
130746
113355
49371
5301
116145
2451
88983
4218
3543
73926
424857
32007
6591
157086
3162
2292
1602
2643
104040
145200
4269
1092
1746
181389
3714
2655
2784
3831
132903
3951
150750
5850
5223
35451
96795
2928
3003
14100
5340
3195
1821
2373
4776
123474
28764
4569
4371
1011
3870
95286
4956
4428
3150
2205
4875
205098
2298
2847
17727
143523
2445
7308
5130
4101
1410
48645
5142
2670
2676
208752
4455
5103
4131
3816
25266
2742
18705
12777
2718
1257
2262
3960
3765
4299
3363
198585
4149
3234
123600
3501
3165
20412
2721
1929
84432
53964
63720
2787
1953
37341
3312
4272
3639
2811
60558
182439
2373
388785
2595
3090
147972
2190
118521
2094
103560
3813
3390
152715
2094
4254
136230
3294
105873
4326
1851
2757
2376
1443
46305
12705
228807
31488
65415
2583
205986
160017
5472
118173
2481
3783
2394
5109
5064
244116
4116
2652
3420
3990
2376
53814
142944
120714
2649
1908
1959
94152
2766
5730
149664
1548
5457
2508
3081
4542
280281
17955
2448
3951
41862
3591
4959
22746
14517
245577
4470
34653
130332
2724
1482
4992
290754
2229
2625
2292
1563
35244
3486
3918
3231
3708
2004
2505
21627
4164
2952
4383
2514
2127
2034
3228
4098
108615
3264
2373
28467
224661
57378
5046
5604
249228
178323
5607
153051
399453
2223
4326
21078
3342
2466
4083
2730
37878
16443
3279
5724
2829
316602
4452
3198
2343
4101
3210
128937
3927
5355
3096
4263
92139
1971
41625
2139
200889
2526
194889
2979
65526
84999
3093
4197
80916
30897
3399
40818
46272
2295
3462
2946
6393
2907
3066
37329
20469
3969
5229
3453
3510
330951
61155
224529
1503
1383
4221
3027
88602
4443
4215
4599
3114
2556
64269
1848
2631
310020
12270
1626
2640
7704
2343
3696
2439
36927
2574
321651
347979
23253
24342
4224
5586
63126
28221
6990
4008
2964
2997
234882
3327
3189
2025
2841
1722
1512
120810
170805
2277
6015
2958
2100
73119
2607
4143
4377
426396
1272
2568
44832
4914
2583
107691
3858
136482
2067
5049
513579
2661
4227
2550
2715
303852
2976
3780
3711
2358
2214
3360
105024
2109
3411
2232
2556
22248
2472
156570
2388
6072
167238
263787
2772
1371
2106
69537
1971
1941
1233
222012
74589
2406
5052
2907
2256
4578
582822
9882
6948
3489
5322
373800
3831
3636
50256
3129
188994
158961
1719
5280
7947
1509
3024
2385
85689
93387
34677
380361
1245
2682
3585
7356
1455
112383
2523
1986
4062
1818
2385
3240
3159
2544
4845
22416
234147
2772
2328
4455
3000
2922
3276
3585
2817
5799
3489
2883
1944
2142
1698
3204
243927
66309
5127
64035
6771
1935
2124
2988
924
1332
4860
2343
265281
43323
19881
2739
1833
45612
4404
1095
4011
45954
4797
160584
4335
3798
3504
34455
3030
160446
3843
2787
2706
45072
90225
1917
2154
2541
18168
104484
3006
39174
2784
53013
114606
1809
1797
3270
98016
2436
885
1404
119853
1917
3264
10230
4113
2067
38400
4185
1608
5622
4284
2394
2307
1905
1764
2193
456435
3084
200472
334518
3300
91056
4638
2934
149658
3504
3483
116076
35751
7392
5067
48813
243981
5118
2634
3321
2496
274923
2355
64755
59385
2919
10365
3291
3879
3123
117723
2298
3465
23418
3765
2097
282888
2253
3276
1413
7401
93600
1503
1071
158133
5490
1470
69624
1824
4509
82902
1962
7641
4653
2958
3651
289275
3996
7548
122316
3759
536484
6714
2019
160941
8139
3465
15744
3879
108981
2352
3561
2592
63123
2868
4329
42540
3828
1971
2415
3054
37122
1473
193032
57711
1671
138258
77880
2742
3072
58617
9024
98334
2880
2178
2124
51609
175785
1698
2115
3174
21861
1743
2442
37707
3804
90177
2757
43818
3780
2343
2079
18429
4278
2247
2787
51768
7473
2235
406077
2439
2535
28287
22716
176961
2829
1848
177408
1281
7380
1476
2049
5463
141828
1929
3996
5766
65469
35772
2661
3036
3861
4107
1014
18138
1929
1776
2646
3684
7488
3552
2031
2355
2049
1746
1674
2154
2322
3990
10383
7746
1614
5403
110121
3111
2511
22950
77625
2124
3063
3375
89031
2937
2805
144711
2652
2160
59241
2517
52239
242781
263676
5415
184359
2709
14028
2775
3102
5742
14787
1440
35694
587847
23697
173295
166917
2199
2775
60738
2472
1209
16131
162441
1911
1590
143049
4047
1764
93168
2295
3549
23367
218781
3318
2511
1869
3090
1728
207372
2964
2160
55692
62310
1920
304854
1059
2370
12957
123783
5592
2937
3294
121971
3102
65031
3693
4566
1716
83589
406161
119235
2277
3099
94503
459444
1248
1518
4056
3927
2211
3432
411678
49140
2511
13671
5175
1770
1104
4824
1854
2520
3408
2169
1779
338673
3660
4245
3075
3516
5598
2037
3168
3516
3000
2502
7701
1224
197856
1449
1665
41349
1788
29391
1251
1623
4065
5184
2577
523560
2619
1941
87222
73449
2997
160797
196548
3234
125760
3252
163584
257556
2730
2115
1842
2277
2394
1509
53409
4419
1707
1878
3411
10035
2973
2553
1863
4404
3216
2166
6447
96477
2025
356964
2901
3108
1707
3318
2262
163656
2301
82077
2871
203136
143649
2193
330564
5436
54450
4050
160857
1254
2001
38469
206502
3111
1776
69453
2850
164799
2730
3093
89550
3669
1662
226659
3318
74616
2304
1917
14376
1329
3612
72045
5367
6912
72315
1371
85677
2685
3387
331698
5637
73137
2271
3018
4449
2481
1350
2925
2823
4062
6297
140514
147450
2769
4533
2340
3309
1599
3669
2397
1371
1587
3825
2937
2028
2703
3012
60924
1803
10578
1578
4467
4764
2694
3399
2640
1848
178875
6558
2412
1497
82461
1395
2961
21615
14316
1362
93174
2553
1599
4962
4425
1605
70761
2067
186894
194403
5622
9516
5355
918
3009
146970
2658
2364
2199
303789
213540
1704
1581
139602
2112
1614
138639
2616
148425
2715
1416
2553
62394
23436
6063
1395
78135
1323
1347
4029
1968
244074
152949
498891
2610
209067
3180
65802
43239
2550
94848
197001
91023
3009
3114
44466
1545
942
2346
1659
1185
3714
4008
10740
221925
3948
3834
138759
2871
2874
1695
3612
1530
2814
38754
4041
4917
1497
3969
2175
290058
1335
254685
1791
4434
3249
124089
134871
1782
1023
2409
4200
5202
3798
2562
2790
1845
4185
7470
2553
3585
172623
4257
1638
151434
106473
3279
3525
2421
2499
2232
5340
80493
93837
3324
3795
276759
1911
1323
2748
1698
693
344928
315678
111813
2022
132633
2478
92544
290895
4278
3474
3252
2556
903
1281
2487
87795
108360
145836
1533
4140
4452
2397
5301
1416
1154253
1908
3390
8640
3363
4473
4002
1809
3735
119448
122511
2589
3315
1914
4323
93492
5028
5250
4614
3390
15510
2289
1794
4716
3192
4083
10605
1815
2160
261429
128517
2811
215529
1896
2535
3450
3267
178056
1629
252786
133188
4068
363480
29298
4731
233853
387228
2115
2469
3369
3132
2733
1227
3519
2268
3099
3852
63144
4284
1530
5835
3951
29613
2928
462708
2484
3492
1782
3141
26130
1377
1233
3411
2082
34560
2862
3126
2250
3708
4956
4119
267894
2760
1539
4116
416007
1797
54819
4083
73665
1359
2931
69141
579939
2157
2217
2274
3159
3009
3039
60444
115374
1746
80661
2286
177144
76860
2049
3162
2073
109626
3990
1686
320760
5640
230523
309189
149556
3642
2211
38559
25398
26229
3279
3084
36600
41781
45432
981
5391
228144
3894
3039
1809
16287
62580
85638
145824
1098
4875
1176
2730
170760
3447
7848
1560
3270
4401
85980
729
2607
4404
2310
39279
1680
2502
2646
3270
3432
2802
4440
1266
2304
1224
2589
855
90285
1929
4272
1431
226149
1839
2160
2295
48009
1560
16284
4239
59196
3795
1629
4719
1614
5220
5229
2793
120186
4776
1179
4236
2967
6288
399897
2172
2292
3864
2934
1431
3480
330507
170922
2436
2667
6549
3252
28116
38304
1365
12939
1368
4167
3276
35259
48042
96720
20130
2610
90975
2658
3390
5070
1698
112941
1812
1575
118119
86073
2745
3786
9399
3405
1614
1077
4434
2325
2445
1626
293001
4959
128910
2922
3285
53727
1851
35673
41670
2940
89487
2634
2730
2916
2892
12255
4068
2778
2040
4083
17109
122907
5793
3132
24711
3111
1968
4239
1419
5286
15366
47997
1083
2079
1932
1242
3267
5109
23478
2283
155019
2016
2796
175719
1722
5517
188046
3255
3081
50613
3129
183360
134823
203916
4236
119142
28707
3288
4383
930
4383
5703
4914
18408
1392
280383
4542
29907
2886
1818
5001
3060
3012
87174
1704
3849
299370
4743
3021
2973
2931
23106
876
4656
5235
1053
1470
20457
85638
1809
3024
1578
528828
24651
3366
3456
100755
3831
49968
3441
1740
105039
1905
15573
95757
2973
133323
1029
1752
84123
7584
3231
2898
225000
3408
3396
88458
1839
3612
28644
1008
2700
66489
9096
2877
2304
3795
159882
972
3489
3234
5490
1122
151830
2058
2925
2217
3132
5508
33780
3264
45903
2400
63609
89511
8406
10164
116052
1236
288705
2130
2436
2967
1656
348453
6021
6920
6058
4211
478012
4573
16233
157463
12747
2231
2924
215271
5701
89444
3733
3365
3150
6200
7161
5806
4226
250420
167832
7938
30744
5271
4741
7644
6090
4137
4562
91692
13787
13267
6185
2499
129995
5218
5754
7407
56967
6636
3093
131476
155122
3696
3638
9729
4425
49849
2966
9062
74565
3087
171029
3728
41627
3323
3491
76587
6956
59625
5308
256237
16395
3034
58794
87276
3303
5340
7003
3145
3990
152256
3838
5224
39716
53435
4221
4347
3696
14049
7707
277231
248031
5061
4909
6489
3906
4027
5287
26707
117501
122928
4383
59950
44126
123816
6011
9235
4084
22943
5192
3423
100994
21084
4798
320701
2709
4110
3749
62459
103850
4977
8437
32833
325452
3145
2599
80771
177796
150397
25347
16181
7019
5124
166036
433078
510237
52069
14836
32371
88652
115694
156250
74046
80188
274617
29925
179104
205191
8967
48121
154817
166803
5030
107079
4662
95697
21735
53140
38567
4195
48777
5875
7413
2893
23536
46966
92300
93864
253906
27169
232407
77196
136936
15487
85003
18864
11838
54296
19105
3728
106989
26665
13687
128483
18480
25877
20764
15928
84326
57682
197190
86525
18795
2631
8452
134815
39396
60528
18601
11355
20423
4373
4069
42399
25856
42882
237573
18265
30209
7293
3250
8563
3623
10773
4294
107820
16695
115148
16558
154025
244897
2809
1502
236172
28623
206587
32277
16942
107735
19205
3008
12936
28938
4940
20491
31899
2914
212709
49859
98926
32004
79627
78052
78597
13320
127428
2646
67457
8327
26093
36603
171644
30319
240571
58800
28692
611798
51214
377517
8442
249213
3875
296946
339848
100438
69641
49072
3429
217156
211218
161553
35432
17551
4530
139802
84661
64181
28240
171796
16579
161920
47088
417108
231215
48420
178579
15734
4841
113652
23935
27090
443053
475908
3239
6337
91402
82467
3570
7733
3575
5439
5712
5744
353052
49865
6001
3360
151321
2403
4947
6570
2310
26004
3141
4143
2856
1761
2664
3249
4179
57180
44499
4575
3135
2499
4971
5553
136773
105972
83136
193713
58713
12870
2244
3066
170127
51741
4545
2166
429228
3468
4116
1344
2601
37533
3060
4455
2565
3657
56451
78753
3441
2505
1914
2988
5049
43182
180048
153795
3744
3822
3708
2904
1242
202980
2988
6021
30657
21483
227256
3918
6516
2091
265329
5097
2586
43941
1815
114300
192342
2799
4320
178497
4542
1434
1548
50523
2688
2568
147192
172971
6198
2901
282951
5247
133794
17205
197175
2574
267090
1521
149451
4164
2802
2619
3543
3759
1749
33276
3246
5229
52701
153009
5415
2247
4185
21171
153075
195012
16401
2409
28875
102609
4680
67353
2034
10278
2880
3540
73140
1185
1695
196005
3423
14436
2715
122163
1656
3240
3495
106482
4164
2928
2121
1959
4947
1200
5448
3393
67173
2730
325530
66621
2568
2583
4797
371376
2187
2760
2427
3975
3975
2271
83103
3234
3417
4089
17793
27120
4305
182439
31545
105582
2835
3903
101199
3054
25887
114222
2850
3144
2562
3306
102765
32709
3648
2124
39276
39699
2889
41631
66417
2586
96477
91353
1785
36114
2724
37569
1506
3564
139440
2865
5928
19692
3465
4086
4020
3366
81684
3048
283863
2058
142815
2049
4434
2640
2889
2298
1179
4518
25950
9174
16140
4155
3780
67983
2961
2016
2529
4017
3486
2556
30996
4821
5961
121119
128832
2640
1416
3567
1191
3477
125451
2724
3321
41703
21330
1923
158826
1827
2526
83178
2937
162543
1479
114486
22143
44907
3153
1548
11205
130266
12567
19875
106815
64650
1782
135114
60237
1785
8886
2349
38496
243231
4197
171588
1941
3237
2112
236916
129612
55383
3042
3558
50322
109908
86763
3528
3210
4821
177846
131853
1893
3630
377547
19746
41528
18558
507937
10107
72734
410766
98427
23804
70413
136116
57808
486775
27857
6914
174731
86347
12936
152297
1968
4337
5098
53849
2310
35401
3433
6201
111988
5991
50090
78104
10914
48793
20742
59351
21120
4578
95140
3670
88746
50400
54018
2447
22055
79123
36446
11293
16343
149688
113946
150711
6484
110743
23405
373663
17036
143356
411846
23452
6001
23373
5381
26418
6411
18233
37233
28297
3287
12548
13534
423434
343287
5576
191447
21783
52563
5781
5833
10699
2961
7350
5544
162015
3738
67006
7203
62092
3927
5559
3412
44184
68801
158010
2914
178857
2940
3786
121800
3181
39769
3812
105000
4373
4226
6054
187446
6930
4610
44715
7697
8678
43911
3496
4641
6689
3733
12201
3617
6998
7056
101020
246456
3654
42950
4437
4930
4478
197904
240844
3891
5785
3738
148817
7481
6946
42446
55131
3418
3879
51424
4152
3749
6247
41438
37937
4027
4494
6893
6100
23389
98312
3523
47402
5985
5072
25379
4263
56123
3166
36876
87013
4778
7276
102701
5040
10049
159274
3927
33054
4536
5507
36219
39212
77191
4820
4174
41565
1879
6048
98421
5140
5870
2562
5916
6883
9104
92883
4431
3208
5560
4215
5497
4635
3408
62927
6600
3712
89349
3649
16180
4011
115978
154728
5597
5009
3129
50930
203989
5323
5402
357116
4342
4447
436794
94579
57844
8080
131030
4032
62738
5050
3218
158644
6663
296919
142690
111563
3780
6358
4819
176762
30613
142653
271493
112917
8799
127900
86746
4756
5602
6962
15697
213480
4158
4320
4609
8573
89061
4189
30276
242702
6132
405011
2861
136143
6274
58296
5423
3948
3497
6295
10904
5156
5077
2835
32823
2772
80682
5717
7030
4520
151657
4752
6810
5502
205978
6311
254898
6474
4090
95755
4300
41134
99540
72959
4374
4746
4384
67699
4877
157836
53854
6011
322182
4709
126478
55325
6085
4116
68791
4415
65452
6799
113211
4950
3979
106318
60968
4646
8463
3313
4263
5990
5980
2489
3513
3223
2887
4678
156219
6951
498529
3455
4605
6426
98358
242964
4998
11823
192229
4069
28692
7902
5203
59986
120440
5539
16795
3575
348201
188491
6190
99183
6258
213460
127171
202839
89502
4626
92515
4273
2998
3145
149415
18973
3943
4468
2898
80777
7518
3890
25142
92080
3890
98317
104086
4966
5660
3166
19561
68297
4452
126199
3192
344143
181629
219293
4761
4237
2000
197148
4236
2168
5607
61845
5675
1938
5670
130783
399745
2494
15887
32471
3176
67573
5245
6064
4389
6584
5586
4551
6400
7077
54322
190617
7040
4005
2630
181519
5901
11282
7019
4079
7702
22837
3150
4252
4956
9361
82893
155678
3801
383313
4546
6846
10305
33584
125202
5003
5854
8841
8967
24333
7056
48471
6726
53862
120963
123651
152949
3900
67443
5937
1443
92469
75123
107844
1989
1680
7191
2973
882
3105
3183
10584
2253
4167
2769
1305
168240
4275
7356
2274
3966
126513
122643
66678
49173
1938
1221
3654
2814
2784
104934
1590
2229
4050
87585
2526
1662
4497
2076
1563
153306
2535
2901
69384
1170
2481
4794
34725
3276
1614
2796
3147
1005
3264
152757
1830
2793
1959
1839
3174
80256
2049
2172
2604
1191
3513
2799
81918
3870
2982
103968
2055
2007
3174
4401
2016
31962
56679
54705
55440
2271
2412
1809
9795
1578
388617
8910
53979
30981
1758
3999
30288
2244
25338
2106
196485
1257
2445
1617
43848
2139
2682
134514
2991
27543
2262
4395
2013
1035
32466
124098
2979
4248
4947
3177
2685
128913
20523
89505
1404
1728
3123
3342
1347
3321
861
13815
999
103275
9672
21117
2055
252036
3648
2247
41040
252810
17595
1950
4476
128385
1317
2496
3627
2685
1374
2376
3012
1458
36948
283827
39180
3294
1926
18279
3222
128829
1245
3672
5238
1431
2808
2412
2604
4164
80208
4290
152193
28512
11766
1548
1437
558
383070
4317
24606
2259
7581
2868
85029
1476
2508
1893
5616
14856
3966
2628
3210
1848
1689
3696
4074
38403
828
144498
2217
34128
1317
36324
2085
38094
50859
90312
2745
3774
1566
56868
17979
4422
153756
88515
2943
83331
1977
147753
1926
2664
50175
1206
36924
2103
3114
2301
4116
56160
4533
77976
2682
3117
86040
3636
3567
3489
3081
1929
17946
118362
2157
2298
47373
331719
2802
2727
5427
2220
113409
2394
3441
2541
306
19401
3711
2964
408375
1944
220302
37257
286590
846
13641
3957
2976
62934
2598
49476
1524
3444
1542
2826
1944
2193
1347
1641
3057
3141
1248
3546
2733
2799
2634
2244
75372
57588
2271
71169
94194
84420
2919
2064
33939
100614
3516
1179
1539
1494
81111
2292
5403
1674
2055
114474
180231
11826
2274
2001
26292
2133
27606
1851
1452
3399
5130
168255
17424
1674
21729
202908
2769
84927
1950
3552
39912
1749
2682
3771
8244
807
3042
24171
51246
3933
70875
1905
159183
342390
3798
2301
161013
1581
1824
3234
3393
3630
60546
3642
3606
1128
2949
20025
2664
4101
4965
2520
84579
64449
3239
177229
30691
6825
3927
3093
5034
6783
3933
165879
7050
4131
4279
319079
2772
4457
32435
157773
23179
3528
5313
5260
5622
2373
211854
5764
3980
60333
2683
132961
155767
107310
3664
86819
7497
5560
80251
56054
5113
3507
4992
41895
4635
13677
80377
4305
268648
34004
180768
5413
67593
4509
3796
3076
7287
310018
44389
2793
6258
98711
4447
31012
3365
4389
4673
9465
4662
4741
4688
2919
20171
3896
18212
22055
4935
64528
4610
12390
3218
4063
4578
5319
5460
8447
23856
311346
149808
2966
4883
6090
4898
180642
108302
4137
4169
31752
6226
4021
29211
2572
8201
34456
69899
44856
53597
5292
106003
40141
5355
3434
223771
2609
5439
26229
248436
2578
4510
5575
2966
3727
4898
3796
4032
68954
71867
10589
4908
99377
3880
4709
4919
12049
4668
5046
106995
90726
53387
3497
161836
8043
5481
4914
129748
189635
130945
59493
154545
2872
39695
78834
3570
40168
189898
37107
5481
5203
31789
6673
4515
175896
34372
35679
42966
150943
3313
87759
3727
1916
98921
4200
3371
6195
1880
10516
2289
3365
70917
40693
4248
5450
2756
6642
131387
8326
64785
3722
5145
72960
15934
12243
2446
62648
3402
107174
5633
7544
3307
8710
4194
4930
4914
358675
6589
3071
131775
4788
8437
10784
3413
6405
5544
44073
5985
5470
3707
116208
211486
5801
292063
67857
119726
79968
27216
5770
2205
39117
28135
5654
13282
143751
4142
38404
104470
3854
2735
375501
4788
202450
3496
3869
257392
42714
4342
6127
176495
278518
46032
1995
20102
18291
5177
7071
22040
3444
4961
73668
36246
238266
6520
9696
3937
4236
4941
4100
4216
171108
10070
11881
5460
81186
3602
9582
43013
9702
81590
130609
79280
4647
112702
38346
3712
4799
207113
6048
3780
6368
4903
2342
5654
5439
3528
2630
4248
111389
15335
5397
4930
2242
3475
141561
28592
5150
196009
26628
35899
28875
5948
96217
149971
63914
5597
30907
6127
4211
5754
30996
2053
201264
45307
206918
6825
28938
222306
220479
5670
57325
1953
12942
3780
4200
2751
7003
3660
159805
4625
155563
4683
8247
5596
5791
3045
4468
62270
3276
187761
1533
5129
43449
34860
7865
6064
1937
3680
209386
6432
24560
5974
323689
29553
3843
5875
6248
6400
107489
147435
5108
13639
4547
113967
4242
224049
4137
1916
15398
4841
137067
5098
18549
3869
152397
199689
6726
2908
6946
5318
104102
63126
1622
173995
5475
14658
192066
9402
96695
11792
4341
4389
6458
53881
17645
6358
244739
4578
3444
118314
6441
6347
4867
96474
25278
2504
217245
236565
154539
3454
2252
10920
107283
5807
39318
58218
3360
5470
4284
8058
112166
36503
5512
39212
188674
77537
5576
5628
38566
3554
236323
3355
3423
15146
70235
37900
4026
217738
33784
4825
2972
717177
14700
167397
4725
220196
4893
65856
161915
78588
5161
3486
5381
167922
473807
2383
22082
2924
6437
6348
34929
4195
6053
4799
14690
4347
13514
65053
93502
3255
5381
120151
13062
17278
6012
5376
8479
3517
2950
16790
21662
6468
2478
68239
4106
144454
6394
6579
5743
477550
501732
55340
154209
4719
208362
204761
68486
506111
108071
5166
2473
290913
4599
82950
3439
4667
3513
4095
7166
13209
115935
5129
262904
3229
2751
367610
2136
123449
2766
6667
3633
262689
5092
54400
6515
3753
4914
8295
31006
120220
3313
104349
63635
3439
13802
5124
5003
25557
3239
43833
5108
104480
4893
2551
6531
2693
38902
162146
42173
3218
374294
4735
4626
5050
3313
38235
188249
9550
5303
6274
2635
3685
499674
29951
7566
24680
32460
3255
3807
2384
267708
84630
3827
425502
8101
3329
5051
6268
83192
86032
5833
46567
3780
4074
555418
9361
5004
92311
3790
7581
384736
286031
5959
94322
4421
54290
1485
59750
3402
293507
83318
66570
5176
128405
86441
6667
3444
35794
518395
17283
8999
571846
4552
80598
8542
6468
5349
4782
6054
5460
2357
14454
3696
12826
3728
210215
287920
258016
3528
26854
78845
107635
149709
15949
57986
277977
3000
70209
4947
2511
2541
42981
26859
1146
8250
3249
56862
2067
137253
2871
3339
3378
3231
3987
1632
3024
4148
54300
136233
39575
103246
9340
151977
1754
13314
2184
171082
18638
29794
40116
202146
40672
23336
7150
128683
63399
12390
41044
80730
19971
2525
85942
267156
50442
78624
2268
9581
294184
18343
107152
21252
27347
21956
235883
49912
5213
69200
273688
10049
112896
38278
17908
4625
51030
6615
2499
1632
16448
49733
150775
34451
4368
85900
19661
6915
14075
233709
115679
157012
79338
435357
15209
13287
137828
43234
38373
19782
63037
5864
21562
18055
99015
35763
3585
39978
196755
6563
18517
70891
15597
11435
19436
3649
154460
205207
16286
27830
83165
384264
188218
10059
157679
46347
152570
26150
18926
44630
298977
98716
7109
75768
3166
4861
266789
5644
5623
4636
4940
4110
5560
109651
134935
9477
4929
185420
4294
3449
179214
2473
7230
4940
3691
3790
3696
68282
4599
397677
8825
53193
4677
297160
3355
113479
4993
150932
6940
120529
146218
3759
6059
3565
3664
5901
6153
24964
22969
5659
249370
4977
77878
4126
5009
61824
6111
3848
4547
4185
2709
43166
4578
6473
9057
23310
144186
4158
52878
379801
5822
6730
247138
302547
246083
7014
3549
5817
15251
89592
2268
127296
7424
356769
4904
45423
6368
6274
3239
189420
3990
153977
4236
4195
155264
34908
8347
6499
22014
241794
267823
170998
7508
6699
122172
2877
5145
6421
2930
5670
4888
3060
31463
5135
2908
4357
4688
2914
324801
5093
143383
58679
6069
76614
6090
4557
5318
7146
4652
4830
7130
122016
17782
3072
5906
249564
9014
5009
6074
60123
1890
147914
80776
2930
3229
520601
7382
4746
2987
3690
5371
4279
86961
23593
2793
138138
2788
178568
21378
99078
145414
3612
113489
6378
31321
342652
46830
346579
5723
109794
9691
488770
4152
44415
11182
3177
339953
52810
57939
254630
186527
132615
7718
6169
4662
249743
5218
228070
7344
219351
4656
2740
6500
6594
8332
106879
5339
6709
3103
50400
3066
10295
4893
50563
32508
171833
568208
51949
74340
5754
208068
42467
4867
14569
5875
264842
23877
152791
63777
31264
5434
3533
6316
3219
6394
4079
2273
6720
5649
3900
4730
57378
4463
438685
365300
3864
157411
5518
5324
149394
5455
5764
4589
6127
128609
30944
22722
3418
4446
285406
7292
3996
417876
67809
1269
86736
3036
68664
3924
3531
3585
1437
45147
71040
7248
2685
2340
171909
3072
2364
359727
11940
1239
3891
2616
1563
2997
6324
4191
24840
185166
96645
105276
216054
5784
185502
43473
2493
87168
45771
3720
2661
3987
86208
1992
855
12204
2559
2385
39915
2961
2700
227175
104130
1770
2325
2391
122184
117303
200448
3681
1608
4086
91173
3981
2733
22467
2727
89370
61560
3108
2421
3657
38439
22812
5085
69684
8442
3084
1998
189252
2688
84099
4782
31230
5670
1410
3174
83820
1812
3006
2100
2430
30129
2490
3111
4014
42762
1092
5064
4908
2700
2274
4119
67608
47037
33450
2850
105177
52971
305931
3234
3369
2949
3624
2229
1080
2856
1410
1797
5133
3060
72894
3267
1530
2790
3867
3906
2355
2073
4848
2184
325578
3105
234558
83433
203610
27138
4770
2568
2853
4233
3735
2676
3249
73758
1440
33597
2754
14700
3015
39156
94323
4074
1806
7659
2070
3624
5553
15729
2046
4653
30507
150381
2217
3108
720
35325
2031
151200
4512
19824
19977
2559
1773
29205
3243
1902
2580
2526
4287
4740
4965
92355
3588
2322
3084
2907
327126
48798
204948
2913
30324
7278
63729
1857
32247
2082
11259
58230
2592
3900
2388
1902
3072
3465
35028
3270
5349
42426
2631
37566
1959
4443
1692
5175
20274
1548
3228
74304
63702
2769
2130
18819
5682
2211
3951
51177
42429
2925
3318
4572
2835
4458
978
4143
2280
44202
1689
4188
43455
3387
5214
82392
105540
5994
3042
4143
190548
3648
2991
118806
4824
1578
2649
33600
3846
2400
103776
69732
44367
412956
2439
203829
44568
68541
3282
2361
3774
4278
3252
29871
185268
4023
11085
2202
2517
2505
2385
1542
2106
29163
110220
3465
3858
4890
2142
27897
1854
3408
2916
3780
3936
1983
2235
2895
3084
9363
2562
2730
2124
3753
4857
80088
2490
20157
2727
5115
57438
4254
315864
1938
21564
2319
54972
4176
52116
100212
4089
2256
4932
2088
2649
4350
2946
2937
3207
2358
5064
3933
187506
1428
2112
15348
24915
20994
37881
3438
1938
3135
2175
3888
2448
80493
5871
4410
1374
270774
2676
3096
70362
2256
204357
1929
63954
60894
2172
488226
1524
3351
2127
60156
3417
333153
143397
4668
5135
196880
2421
51293
6851
8809
141404
109111
216416
56448
36404
6116
4468
252651
131449
39884
5481
69809
5197
7287
2588
2798
210945
3591
144863
106738
3501
27179
120251
6663
6310
54657
3266
3837
3460
5728
155757
21136
109961
5118
4819
57173
3302
6205
237705
71075
44195
22302
145572
198066
22591
41281
3638
32345
56191
4111
115043
7119
4483
126840
4405
6783
8836
6180
4037
2609
4006
5985
10421
32397
89696
340736
3507
123942
45334
7035
6751
4741
186601
87066
2556
2866
3528
4846
14532
3454
79569
32555
190470
2604
164766
3628
2945
3639
3780
16422
101766
2740
59346
236455
4237
5208
88625
81312
17115
2000
142585
8883
3513
3790
3223
3276
4945
143409
52101
2762
4541
192197
387633
3460
29919
4557
2436
13623
328340
112350
33033
27148
82467
211764
5145
105656
4415
45050
5707
8773
5313
30156
35600
3522
5560
84798
6830
4478
3822
37648
4872
4242
285826
3890
7587
4945
124262
5911
34866
3570
5817
4536
5366
60470
3391
6751
98695
7633
6027
9481
4368
2447
11261
4021
2378
5953
29662
3649
150129
4106
5350
5166
6951
8043
7360
7801
101398
155022
3659
2988
4699
161836
617374
7377
5145
6158
274523
180631
2998
4032
2547
12531
4520
133376
218158
5051
4814
8831
133922
5927
153751
230355
3176
3187
33967
18800
5817
15682
6604
82467
89675
3853
4914
5618
4704
152933
5134
75957
27337
35212
5565
3932
3654
4557
246524
36928
156214
6432
5602
285038
308774
8289
22333
5576
43381
121648
4630
6368
5208
62376
4893
26413
107672
3060
13293
123516
183997
2179
4756
5334
221760
2504
3696
32146
34881
45187
2598
327070
34770
158109
413469
93991
4652
381218
4110
10075
143546
121438
2625
3533
48027
67782
98433
7067
3659
5008
39632
146170
222810
172898
212578
4536
65636
6688
5733
32193
4909
54406
4331
5140
67284
96490
4783
113893
4373
222290
5723
101163
101089
69851
258232
3160
361120
55848
198620
81916
126440
98484
4488
654304
254616
37468
5840
2780
5792
6956
77688
155188
4420
151832
173544
295192
31596
4072
6288
333648
2304
3868
204600
75860
10472
19248
8700
7168
5056
54880
338732
89268
208400
18860
138248
2864
101324
95008
12008
21808
23968
70728
24112
2848
4620
67864
92652
92172
286892
5244
296188
6344
4648
63828
18840
32024
104356
20556
16728
279276
6980
202832
69376
427648
385280
7856
227944
5392
213704
21424
12440
4828
55164
7008
145236
71288
42964
4552
299420
19592
29056
36132
27216
10752
7100
134224
2096
5100
4172
287956
72792
160632
258396
40060
5836
4516
176748
276048
95372
159448
668776
132828
6652
147964
22152
95624
109696
333624
31392
10368
216364
364648
85620
186212
256940
179752
5780
40732
2784
9240
263616
20720
115084
26848
263136
164108
20656
17400
67164
114912
72108
21788
198804
10948
101408
194316
144624
154476
174952
46704
86892
45356
6116
28924
51952
159472
82052
14532
3432
73620
152440
15764
415888
82220
245504
26452
30292
93008
213724
183368
65340
292332
246240
189812
583164
40720
49856
14188
63656
48716
276072
5840
258360
67048
510328
6213
100017
5097
42801
7203
2385
32079
5871
84837
3618
141459
15057
50703
87447
130998
141927
5814
93033
6201
12711
21171
4722
61146
48891
2394
4584
5358
3417
6708
6519
62646
33420
5973
8076
1851
25728
3915
15291
262563
124917
10758
3660
93453
75399
72537
9798
113541
50808
2877
4293
140715
135516
7257
9360
71439
6507
58986
4920
110691
2286
154437
3753
4128
103680
6534
50565
24105
91158
3696
2865
2853
11655
73638
44088
92397
12477
4776
186099
83226
5940
146895
5430
17739
31299
9450
116496
70638
3288
31680
6381
162507
73680
6321
117996
297720
57039
215130
22014
26997
292317
7494
3147
287031
4686
6846
3282
71289
172410
3078
4875
33873
3522
69957
3078
14106
30882
6966
5424
61626
19485
163050
53337
3663
5124
359475
5832
5592
92823
5550
5946
143358
3828
4500
264834
22974
161748
5370
197673
112206
4812
124626
9225
5847
14118
2913
97323
4569
22539
3666
3324
4875
2358
4194
4302
15261
61008
4605
2955
79143
87486
5118
3030
25059
5346
8895
1917
2346
4551
6903
4539
136617
118881
4320
57015
21120
7797
528825
115836
3327
192231
5067
209688
8082
3285
77142
2748
36849
96567
19158
3573
557520
6051
2532
5619
2688
48921
57120
336522
33123
4806
3723
41283
3108
28002
6345
35526
77409
216360
59736
3981
26661
120030
6573
5397
11067
5901
5325
10611
85824
3492
4035
3903
3642
5316
31833
3798
6453
29925
90369
4266
4581
5553
5763
4155
54267
96717
5004
3990
7446
2433
2928
375516
425180
683644
6492
72068
180376
4420
42596
120052
3792
10840
45092
259076
74468
227412
166372
289044
15116
5216
4128
4480
30236
4888
12524
23496
346016
10048
207960
105240
245908
71572
4556
194716
262096
11532
62784
78668
91840
7308
50096
59464
61124
133328
195028
5960
58312
4220
4968
3584
5012
25384
5984
319392
35296
358680
3600
5372
5528
4964
5000
194360
11956
128032
18672
23780
113936
5212
233960
105916
163248
5908
164212
5512
50572
176664
165708
3872
4476
206620
228832
162788
7360
7384
4604
464388
97524
101532
149064
184500
47556
262548
5620
4724
394240
5208
228772
2352
28776
5584
52216
78284
484976
4348
59160
86176
272740
187192
85164
68280
303240
6812
2196
505324
6136
2964
229056
4416
162976
121760
25324
40092
16452
123452
15464
170636
5616
11796
13200
4676
22732
170472
243532
14316
25280
117548
242160
109900
201956
27224
29840
17856
318288
3108
13532
13032
212520
278600
188968
3104
50800
150216
32592
29368
178968
17632
8500
189676
146776
41920
62984
230700
25740
17936
24636
29196
320216
217420
168868
9028
25236
148828
7252
84264
16592
239544
3796
12984
264188
33808
278444
155220
56752
31928
120812
18060
48008
13760
62452
122420
173916
382804
56196
72484
66352
71144
337544
47044
2408
4252
162048
3744
82920
4524
71832
199584
3608
10240
33052
263564
62304
307112
2864
6464
4896
84016
7328
160416
5644
2928
191524
5816
97796
203756
4784
6168
69776
57320
57832
162764
378772
5800
5736
176960
4524
116824
108788
57880
155420
23132
10052
21092
42520
36140
71572
86508
230624
4552
171904
5516
72792
3808
7648
193996
34052
4860
4744
5868
316340
120076
3660
37856
2964
3740
305004
73984
130276
2928
54932
8264
7080
172484
164848
3764
2356
72672
22408
28620
143252
28164
4728
96316
3852
2572
4976
3308
6352
178116
10668
129140
238392
22676
38932
67224
7044
74104
73904
5196
188776
5132
7048
5456
9436
47248
4208
37344
36332
35428
19352
10792
240172
3412
5824
8264
47512
3760
214216
5276
3188
5928
36944
294180
6424
27860
153768
12768
13748
29116
64244
5548
56848
574224
8964
240964
72780
5332
32912
85628
185796
290772
6196
122252
329180
111100
132140
467264
4380
84408
2756
64076
186820
159172
53100
3232
5592
53900
56828
189688
68432
4700
10652
22948
78784
23792
2688
13276
36580
3084
35236
147584
73968
22536
147516
237796
28896
5748
51772
91440
40512
5956
4708
81544
6060
394188
102356
307620
3780
22736
2948
330276
131052
6464
4996
20084
5480
24812
3800
222220
3200
4712
7348
4208
75524
5840
5320
156072
2672
76420
4320
2840
3604
42768
18688
43324
9924
99464
79456
8004
53972
9224
127524
4348
6404
521844
75000
224144
231568
3408
43400
7232
60020
7392
3296
226084
79784
4316
6732
28468
354956
62868
29956
30668
5088
4424
213232
93588
198916
93816
207148
2952
232964
10096
5584
4660
56764
4944
181760
3400
7816
3404
11608
29504
30960
70460
17236
5944
249988
50224
15852
22200
4280
85148
2680
6040
3640
49880
3036
59716
8596
4372
3028
34184
6288
5188
56824
10728
53808
31516
72084
4636
2736
53704
309928
4836
7152
493172
6492
3876
5212
41604
38060
59840
23176
175348
147140
8768
12700
3456
1940
39812
161472
45476
6160
160832
9676
6072
49712
62996
97432
5868
238956
159180
158344
41420
22708
96568
81396
158224
5728
33288
152884
3752
31712
56552
5988
5904
6136
15824
5836
216504
30456
105040
67044
46052
99208
4776
113424
11024
134036
11200
40148
5120
3840
211376
18528
43480
22340
12120
400472
4540
24200
60412
119836
72332
72552
166388
4488
198540
158800
48556
32968
2680
8184
206692
79532
88252
4800
163952
47420
101140
5328
4052
100004
85944
145648
3584
4980
7220
35584
36416
301900
87420
74668
7388
105604
46936
4208
163476
225048
90252
2592
90236
106776
