1111111:11111100:0:0:0:0:0:0:0:0:0:0:0:0:0:0: (total 13)
0 4 8 Thread 1 going to cpu 4
Thread 0 going to cpu 0
12 Thread 2 going to cpu 8
going to barrier (cpu 0)
16 Thread 3 going to cpu 12
going to barrier (cpu 8)
going to barrier (cpu 4)
going to barrier (cpu 12)
20 Thread 4 going to cpu 16
24 Thread 5 going to cpu 20
72 Thread 6 going to cpu 24
going to barrier (cpu 16)
76 Thread 7 going to cpu 72
going to barrier (cpu 72)
going to barrier (cpu 20)
80 84 Thread 9 going to cpu 80
Thread 8 going to cpu 76
going to barrier (cpu 80)
going to barrier (cpu 76)
88 Thread 10 going to cpu 84
going to barrier (cpu 84)
92 Thread 11 going to cpu 88
going to barrier (cpu 88)
Thread 12 going to cpu 92

cpu 13 cur 13
STARTING...
going to barrier (cpu 24)
going to barrier (cpu 92)
STOPPING...
Duration      : 10000 (ms)
Acquisitions  : 12572504
3362
8148
3806
4262
2752
6780
2268
502
2312
382308
2582
520
2806
10568
1900
2814
2174
826
3990
4668
2432
1308
3558
1244
63626
35952
3464
264
64502
242
4028
2516
5390
88640
228226
714
4724
738
3506
232
2210
1976
2406
2916
1636
2760
7530
1748
4620
3620
7004
1966
2216
5430
2424
724
19606
102256
94964
1326
5952
9858
4806
171530
1738
2194
2572
2238
3670
5006
1252
4492
2172
3080
22180
6192
2114
678
3592
2560
525984
3062
684
298
3650
8384
976
2536
5500
116844
5122
3084
494
1384
3526
260
5038
1014
4324
2684
520
514
6272
400
892
2128
4516
1932
2796
360
3302
6770
1124
4872
3060
143718
370272
2306
1428
4390
682
3306
5246
190632
1918
524
4620
814
2386
414
266
3692
5166
2510
165150
4818
222914
77310
285066
9266
52242
4214
2630
4158
4110
3782
2930
1482
1048
1066
2060
171638
203744
4152
6238
194226
691242
808
14830
1960
4458
8666
1308
532
492
2260
11746
350652
250
1004
3474
9132
3342
6886
520
217092
5118
2144
832
634
2278
3146
2124
8408
2426
2594
836
394
3038
3662
412
696
1234
57954
4066
3590
1006
4062
1186
262
4040
381358
12112
242
4170
304288
892
2218
4834
6848
3212
286724
616
4584
1934
1358
5304
4158
2530
594
270
282
1274
3512
2854
7534
4846
3406
1026
4522
1040
10060
2116
1696
834
412
330604
2038
6364
3752
3868
4480
46132
1100
3906
59986
2844
3022
6788
3324
1196
166814
2038
6388
264
274
3172
3394
3804
162706
3072
3902
1830
690
1100
526
500
7870
7964
8548
504
276
2708
5280
4154
828
1040
226906
213246
177566
2402
482
3842
3128
223504
1850
7278
988
1716
400
1386
5206
55040
5882
1914
402
5998
512
2542
537588
4530
396
5976
4416
436
2294
1910
4422
1984
548
6836
5528
3870
5808
910
4972
630
534
3958
5274
578
2924
1964
258
260
1396
1024
4654
396
2856
238
218974
6218
6100
75772
3284
886
4532
1952
4798
1584
7464
2610
2844
81570
1232
274
2562
676
3106
542
5072
690
730
7430
451956
396
1544
10476
34040
1590
170296
2158
810780
3610
8520
2676
3322
2902
482
2826
5190
826
2062
2470
2370
3926
1980
2128
2074
488
3900
994
950
1088
1298
8216
369890
2176
5254
3024
2296
2870
2300
2560
398
5292
3432
2244
7168
393090
3768
402
342096
834
1100
2504
642490
662880
1064
3248
7168
67760
266
2316
398
468180
3708
4984
850
7908
6204
473642
523158
3066
298572
43962
2456
4972
5026
732
268
8384
2070
327308
2130
80308
3106
1998
3130
6956
3070
4192
1882
3324
392
1628
2296
6022
1258
910
3090
512
4550
248
572
3776
4960
2366
4122
174918
3850
572
1730
276
862
3664
2968
678
1120
3798
161504
2306
1448
6418
2534
950
2798
2210
2204
4892
5800
6502
2570
3150
2084
3708
1126
5402
2464
1932
2752
344236
4778
7462
8334
133700
8960
1288
414
1350
2928
2320
5906
1174
1454
3410
5658
994
4552
588
2830
7494
302392
1438
2264
5994
3674
360
5384
500
2166
90182
2256
106336
276
2672
167734
4416
39550
1750
246
6758
2196
8712
4322
2780
1104
126542
412
5662
1562
676
2058
5798
2854
398
356
500
1000
1466
848
3432
471302
2498
88574
3270
394
326434
4386
510
874
2066
3078
872
1912
7672
1550
530
988
1156
1652
1172
518
5388
2866
1218
4532
3304
2114
1624
1860
5050
1600
4164
4292
2882
2174
1986
3546
98806
876
6012
3782
118486
2896
418
1372
2092
3450
1118130
1972
3816
5302
1508
3818
4090
89714
1770
1012
2208
502
2536
4094
1136
367086
2016
3722
28086
2318
127402
2722
83940
394
3202
1092
4536
2634
5532
5206
5516
1018
5676
5018
4518
5438
2386
4852
1636
175650
1926
424
4320
3850
1310
29420
5460
2884
6616
2714
386692
3532
4190
1056
2808
266
2980
1248
418
1114
454
178784
1090
2198
3436
3922
293560
2298
402
4112
5944
1900
2104
1388
2340
2402
4934
1276
608
1968
2652
2600
500
5258
404
3098
1734
3890
9768
638
4056
450928
1264
2976
4006
3368
1644
1612
1488
4740
4502
5672
1364
2668
2850
2910
6586
3424
130468
17040
854
4570
1384
1870
4224
402
5140
2968
10412
2062
1416
19308
1930
600
870
2008
3910
2916
2684
8046
3076
3268
3080
1720
1858
1644
508
3522
2180
1412
630
1418
4640
190498
9390
402
1398
524
1654
3862
87810
4894
3554
1508
4842
4368
2098
980
3050
5022
3036
3330
2406
1408
2212
5152
2890
4478
173646
380560
2890
5614
2154
4474
3198
1834
137962
157352
1978
25842
5038
602
6866
400
2202
3378
1288
2074
242
2364
2036
2190
6702
3430
1374
1700
1064
3494
2986
1534
1758
1666
78154
2330
624
1202
5796
4780
2414
7086
4856
1172
254074
2292
525356
2270
358
2390
606
1912
2962
500
1800
3100
8638
4120
671096
1068
5138
6434
1644
110442
4490
1272
1718
1620
2566
390634
4812
3036
2706
392066
3610
3466
5396
2974
4664
1276
5126
580
1814
72994
422
3516
9386
758
2328
2232
3142
398
2902
3354
1534
442
2902
93502
5178
1996
1786
2556
4672
245990
3242
3426
2520
566
540
77944
1804
833426
358
1154
2790
3468
44482
10498
3650
5594
1392
264
4366
3164
1100
1756
4448
3676
3978
3594
3640
2818
28542
8640
2200
4832
1018
1922
2550
2376
2770
166734
127366
2804
102480
2226
79874
1264
1614
1780
4430
2138
1920
4392
2206
2646
4388
2108
7680
43078
3602
3274
302
458288
2562
424
5112
1614
3238
1644
2998
1248
6396
154568
3274
3574
1794
1720
1736
398
2434
5380
3620
2294
258
288
2020
3116
1932
6324
2192
1574
7244
4350
1542
156508
3300
38986
270384
1786
4216
2580
756
2512
3258
2970
35352
2428
4384
1756
2822
3364
530
2064
12718
2892
4496
1540
414
178630
5566
3476
1766
2296
1664
2902
1384
984
2990
396342
3204
3902
2770
4506
1428
880
34388
4698
8380
2778
2002
1124
143002
2458
254
1828
274526
3776
2446
6046
1594
201766
3772
4788
4040
6590
400
5310
1772
168684
5026
1248
6726
2828
7266
1192
6920
1946
360
22630
5036
5468
4778
2170
494
6862
2194
3606
2708
5702
2186
1332
1350
2584
1152
4094
234386
2920
3540
3686
2676
4146
7306
2322
1244
2694
4120
5530
338866
250
45870
3166
618
5408
143146
1098
5328
636
5072
5670
5282
3822
1328
2504
1276
2016
246
222534
2462
684
4976
2688
1386
2472
94956
4206
3144
5564
2470
5074
5308
2648
253688
3522
398
4826
3534
132358
132106
3640
2860
91800
2176
1072
6920
364
2462
3714
2022
2138
3932
1980
6262
19844
2896
1964
1624
2396
592
1608
8044
2142
2834
954
4518
398
4046
2430
982
2666
7314
1974
1844
410
2290
48076
2270
248
390346
2410
1116
4258
3424
874
2072
483682
11670
1906
1854
276
3328
1486
2102
4786
154858
4230
12598
904
3406
2198
2132
2544
1870
1324
5250
5836
11058
3086
123118
2178
1606
1164
2506
2812
994
3836
2124
1882
1534
4776
64008
4446
868
4944
1884
2664
2644
734
1970
2066
1616
1242
556
10466
356
5254
1554
1908
610
2100
1016
2640
1788
5632
1372
2994
632
253912
2548
476
2250
11954
88906
4394
2476
81272
398
2338
8288
2476
166360
3118
2652
4074
2866
95620
2908
7696
4820
7930
2128
522
5732
2420
6270
2488
4108
3680
3580
486
2058
3078
2096
1524
866
2588
2184
5380
20460
2320
2756
1334
4936
3388
172308
7200
2848
400
1258
2634
2492
1436
3574
248
1560
4850
1794
3676
3234
350148
1262
6208
1888
620
10898
3402
3946
228104
6606
1612
1604
3770
238224
6326
3946
4206
6370
2388
516
4118
240
2942
3346
140240
2028
3888
2836
706
3014
2808
3284
5992
962
2514
226
1410
2152
5138
1516
8118
2944
2786
3524
95422
1856
5520
114268
2330
3084
2578
2504
6648
2432
958
1736
4820
2424
1632
3754
2766
538
3824
1254
1202494
3736
30270
5470
1622
2486
3592
1924
2032
2514
4632
234
3890
5282
4906
2336
274
4458
344736
1046
2494
2844
412
5632
2974
466
6358
2122
2724
260620
195850
1404
544
3610
3944
16166
3806
3548
510
3742
1416
3188
4814
3076
5016
2656
2856
9148
1468
3576
1320
452
5014
1552
1564
2808
2268
2174
5610
5900
742
73604
3166
4424
532
47788
998
427080
4540
3424
1240
2106
1706
502
4826
5738
410
6754
5406
3020
5748
1426
672
2834
1804
4720
482
9518
5640
4426
4830
258
1942
3538
6654
6420
5876
2032
2582
2936
2362
2036
3274
3064
4012
7578
3570
1414
2566
410
1646
6940
8242
2380
6048
458060
3086
3152
132802
3790
2770
4142
2246
2156
68366
45876
1390
47456
4376
2344
4594
580
7952
1066
2800
2850
3504
508
2496
1254
1452
1808
3446
3944
2626
7550
3852
3346
1696
3610
3482
3076
684
2614
2886
4732
4072
2358
270
2394
6652
5004
514
6112
2152
2618
3810
684536
4570
768
3264
3784
2412
5316
402
2734
940
4234
4518
2892
3700
2002
1270
5600
992
3312
2792
2788
1372
2302
690
4074
3146
4548
148308
2702
3188
386
2286
2662
1266
8064
121256
2986
862
3474
1268
2158
2344
8906
4536
4360
10008
5166
548672
2866
1770
96482
2524
5668
3756
268
5456
404
5146
1940
1282
2038
3076
4940
4458
2512
118302
2760
254
3958
2700
3102
2744
2504
2294
4898
5136
6236
3548
318734
4020
1498
1972
6426
7576
1664
3246
3194
1736
1274
878
3942
105138
1568
254612
5152
2916
24958
2234
1106
3222
3476
402728
6336
2582
3996
2608
1858
420
7350
268
4336
5626
396
2806
2848
1860
988
26848
346
10510
2002
39262
3884
83504
4740
1470
1780
1630
7314
53940
270
6824
1388
2480
394
5406
7994
5602
3252
426596
440
2306
6056
1344
2088
1558
4244
10892
377924
1572
3188
3196
1854
2394
2872
6902
4060
4006
4532
402
11522
3006
139876
632
7072
1882
2432
73824
4288
5830
500
25290
2276
168866
506
2108
5482
1198954
1658
4248
2234
1846
4196
2610
3726
4528
3168
3248
362
396
488
3950
2440
2520
2208
2234
5244
1862
768
3252
3176
8614
2240
2576
2804
1464
1532
51288
5720
2246
2302
12490
59250
3132
4570
2882
6842
2622
338
800
2992
3314
2940
4174
1896
282
5568
1292
274
2378
127372
97292
400
4112
4128
15890
3520
1806
2542
4044
36170
622420
2608
3076
399984
678510
127794
123720
7224
496
53158
523160
353636
3576
1542
4936
187044
1602
3556
65858
3874
5774
237158
3366
1018
3362
696
1824
2558
2134
1766
26026
3338
2714
5088
716110
2506
246
3894
2186
8194
640
1596
956
5120
9232
4784
4018
730
2898
384
1628
4128
1936
2000
1192
314246
4836
524
1368
3730
3250
3920
506
2402
2624
3606
8094
3296
2752
1526
1664
1004
7780
4894
1006
3424
3068
2212
1568
3508
1826
5024
4034
2328
3398
338
1038
5772
5350
884
1748
481888
244
1030
2462
2952
970
7276
2914
2118
8560
1794
5258
3186
1472
3016
5300
516
1854
1274
9120
7704
416
1616
3540
2232
1620
562
1988
4068
6426
2130
75902
138224
1510
1556
402
1868
106690
2522
163344
1334
2094
2596
5460
1724
44786
4256
7410
80096
2624
1518
49498
3228
2442
4470
2010
3420
103830
2818
1974
3602
1080
1126
3188
3774
8234
5414
3434
2936
2780
3468
4018
3484
3574
2224
26562
4440
1064726
5894
1128
3702
8924
2114
1234
262
1258
314844
4288
3158
1298
2448
4052
962
512
5458
3802
2028
3342
3590
3318
4288
1154
2932
1936
1930
1244
3926
1286
5994
4026
3976
2622
6068
548
66390
400
4944
3164
30478
1006
4988
2658
2774
173514
1652
2528
2560
8098
122124
12422
5504
68514
345214
2116
87148
2340
5330
3156
402
184984
5166
5390
5460
5118
8152
2130
2356
4548
678
2126
2438
492
680
1820
4288
2882
55948
246
1548
482
1414
2840
564186
2836
96760
738
434
1998
602
1250
4050
1152
1552
684
4358
3834
3188
2070
1430
3762
3964
1076
2910
2126
4260
520
4328
360
1578
3504
1360
524
2390
133456
4528
3448
3166
1266
1046
3954
1372
4276
504
2458
4486
4602
3076
2982
8224
4548
1550
4996
143602
1682
2568
1940
306284
4406
2772
3846
3076
456654
530
4308
5660
6200
2168
222148
508
288
3108
396
2292
3590
1816
3934
3418
66134
1558
2466
3832
199816
3384
3406
1410
8172
1912
484
5626
5006
13048
260
3320
2782
3286
3160
2376
2500
1848
2844
592
1334
6438
9172
3338
3426
522
6964
396
7138
4070
396
1176
1654
268
508750
4178
4640
82448
3222
760
7104
6058
6906
4088
1062
892
912
1932
103182
2884
1406
311590
1378
3466
910
914
4402
6094
3762
404
3746
1538
2018
1480
2642
2086
1124
1094
4788
308
242
396
3830
56880
356110
3056
6784
256
3044
408
16606
3636
9810
2418
4842
2412
3326
34424
394
4120
7580
34988
2018
5882
2724
872
128484
1252
3452
1056
4808
1666
1020
1232
7130
2638
896
4348
3424
3582
766
5624
9282
4204
792
171278
2406
7304
1642
3156
522
3018
8720
2054
4956
4852
5706
992
97114
412
1926
396
2744
3048
460178
5490
1894
2372
2942
5120
3154
127258
209050
1010
2594
422690
2978
720
646
16268
3566
3058
1600
836
2716
1464
52418
4194
8116
2216
79772
7082
1182
3234
2494
1010
3628
130008
2932
4114
4450
43760
238730
5496
1014
3498
2894
1164
2634
84558
778
66060
442
4258
72442
3640
3452
1374
3632
5546
2848
3934
2434
2746
161854
6252
980
7562
1836
1074
5342
5350
1394
1808
2334
3714
40218
3890
2994
3030
2884
27974
2974
1782
734
2358
9472
7554
3666
2062
2532
3672
2308
125564
3978
2432
2332
1840
1540
624
4124
5492
2060
260
3810
4988
9060
1822
3458
9220
18660
115538
2772
2286
272
3558
3190
2242
2130
3962
4278
5304
1690
1638
2372
1690
1066
1620
692
1908
7138
7484
2238
924
7432
2096
248
400
2084
392
1410
4274
392
1334
728
3460
630
2804
1440
2466
3906
1060
3470
3792
298
2024
1824
4256
2620
2624
2052
3108
3814
1670
1364
8388
5306
298
2484
8538
3628
6906
4274
442
3100
4934
3914
105538
282
400
2926
3832
1096
3128
456
1058
29582
550
714
2174
4074
2018
1862
150852
52078
2976
864
1508
3982
2454
5824
33520
3686
7032
6696
51432
40738
4192
6850
4704
528
4090
1792
3348
1884
626
6396
1008
1680
5878
414
5952
258616
494
2136
2970
7394
7536
3282
526
6162
4140
6718
4010
220928
274
2584
2038
2594
814
1366
3170
260586
22854
2494
2098
590
75146
640
1798
3874
828
396
3758
125646
5878
3592
3004
4408
4954
28670
1886
892
1896
1910
1072
2910
2390
2486
398
88096
14268
6850
638
732
1510
587056
4812
4116
396
3428
7198
782
5140
4418
1210
1700
2172
400
1896
3058
3846
392
7152
4682
5810
1936
2162
166386
870666
2852
6474
3200
496
127140
3268
3378
2184
876
2428
2134
2884
1128
400
4568
12090
3214
3548
1308
2530
1560
5360
3656
1068
4100
430454
3680
404
1740
184968
2282
3406
7318
3060
1728
3404
2502
41508
2408
21862
790014
938
2200
2370
6172
3146
3632
4668
4632
1396
449712
6502
3352
2742
2590
2454
1418
2700
5086
524
2616
2886
254
4508
3422
10550
18058
2912
2284
3590
2876
854
2022
2846
3744
4972
1968
136802
6338
3126
4064
2700
2100
2034
2688
2702
624726
258
276572
400
6198
2862
528908
3990
2164
396
319314
2650
1238
3068
166904
86528
3640
494
2558
11154
1930
402
2062
860
4300
2922
3016
4264
8514
2606
1400
858
2206
6600
218192
1820
1814
2490
250
1508
394
2614
868
4506
3982
8548
7912
2498
4898
3602
5084
360
3572
336128
3740
2308
3164
3408
3622
756
1268
4632
2192
3346
634
2138
6970
5820
3230
91466
778
4432
1370
4934
8960
7148
3024
600
4240
1470
1652
1578
1212
6452
3170
4262
2404
112548
3806
137720
1654
1718
3840
6246
2590
6886
2144
526
106384
173346
1444
3546
2620
1464
2366
5166
6566
12202
4880
356
3020
9012
2344
3148
484
2068
3392
1112
3934
910
2650
722
5148
2726
5798
2394
35494
1604
11016
2920
7122
258
1366
5464
4182
4408
1398
2872
1870
6220
2534
3162
1498
5062
1826
362
447978
6836
934
1838
5104
5688
260
542
2146
1960
4404
878
2236
105334
3668
3722
1172
3506
1148
710
4344
1244
1938
5828
3394
5568
4986
3942
2392
1364
7450
3062
2976
1898
4104
6238
94046
3336
2520
18972
2008
2070
2230
2438
1484
256
2976
5928
2368
1152
5752
360
88000
1998
2642
2758
2078
4404
4612
64020
358
2408
3984
1258
3574
510
2870
894
2552
1302
1370
2376
398
120824
1384
5840
2018
1554
1664
904
2346
1028
1444
6546
990
732
2026
3326
4288
2662
3216
1436
686
3704
402
2594
2440
1724
998
32038
2946
1842
2242
151962
41594
2736
3128
5144
6430
3756
5040
2416
161480
5360
77652
7230
542
1320
3822
149088
1440
2182
2708
4122
4622
510
1264
3848
3200
3948
1120
4842
3750
4954
3852
2366
3528
2280
758
2936
333978
3888
2204
3546
396
3608
732
2314
1400
872
2662
1748
2602
2464
868
3652
168890
2004
1168
1454
4126
4284
258
5792
2210
4120
4526
2970
157616
1534
1072
3666
76058
369380
3340
6142
1542
6764
3348
398
4768
7858
1358
5070
9668
3226
396
3924
2410
308
2806
2478
7782
264
1578
2634
408
3156
208506
1372
3590
3738
2454
71458
2608
4106
22976
2522
3996
404
5826
2638
2300
976
2464
2466
16202
1344
2474
1646
2666
4832
2438
2898
6394
2060
6846
862
2448
2126
2582
6458
13214
3300
3484
1596
1052
10794
1368
4342
2442
3872
1184
90828
3148
118132
4300
2102
3950
230716
3442
638
10714
7170
2688
2572
1676
2176
2392
10426
1106
6762
1866
358
1446
676
2652
364
2464
277724
514
1662
4714
4318
4130
6180
2232
44642
526
4840
1078
984
1204
2626
1432
3892
3032
343746
2216
4758
7308
5824
6610
1364
954
2274
4630
3050
1516
4994
1138
192170
8492
1822
7900
1192
184730
3756
2338
218678
513138
978
2288
5010
402
5834
2660
3256
761792
518
3456
5444
9564
5856
2022
77348
2194
2344
6592
4478
2406
1638
2704
1718
2682
106460
54422
282
48368
388
3942
4880
335574
9872
956
8314
760
20970
2588
2790
2882
7860
396
254
1794
3174
2302
4738
326444
3512
558240
1790
2520
3304
8642
252
2726
2276
330644
17824
3130
129376
1342
11940
3054
198014
2256
4242
7276
3510
1212
1824
2326
7276
2232
6386
2378
3254
200600
2780
272
1050
3304
2786
748
2870
1818
3390
2068
1268
3282
500
486
3336
3998
4946
3764
71828
1246
7486
5806
3098
17346
2916
3266
4318
4840
2550
3984
2876
4096
2814
480
4672
4738
628
2062
3422
3734
1920
4220
4294
1526
256
2444
526
13008
110246
5944
1342
2692
2658
4674
48706
3070
600
1582
4434
4628
4584
1802
396
1746
9284
3628
360
2604
530
4012
5208
1832
5132
362
2168
730
5524
3102
71296
528
3008
294
3500
892
3068
494
888
6296
270
3078
5312
5936
1986
4596
4034
1174
10114
15142
9340
6872
556
1268
248
2432
4196
3992
4208
826556
1552
516
2442
2910
3794
1076
5706
27986
9944
4938
1752
1072
8906
1492
3222
682
2756
516
4514
5316
352150
260
1000
1652
464
1082
3166
268
371420
107954
622
3870
498
744914
2198
1110
3438
8706
246
3274
2326
3876
298
3500
488
2704
1112
39058
6652
1988
260
678
2628
7696
5054
1294
398
2314
36176
398
2874
71238
610
4224
78312
282
766
4804
4248
1472
7102
301194
4418
6072
3280
2858
1210
3178
486
63714
3762
8536
1640
2562
8380
2616
11118
1764
3514
3022
410
1290
220
626
2038
1220
4012
4494
2484
1230
2490
2422
666
1094
3672
1002
1522
2544
8314
5918
2998
3516
4518
61206
60792
1750
7628
250
6750
77610
1760
2368
2160
2902
1946
3116
104482
7844
326540
38536
1532
50738
3394
2552
3972
2718
2826
3196
7142
5918
101978
884
2326
2672
1578
3682
4778
3402
1266
400
4970
5322
500
5052
68676
1372
4876
3074
2350
5588
524
3230
5670
272
1678
3194
1182
2880
2770
1548
2672
1486
1886
3042
4386
758
6264
2740
2096
794
2020
2212
398
3540
6556
344
270
1552
2998
119260
2000
2792
3484
1356
3050
3642
2888
2340
2646
4616
636
5116
3890
2258
522
321744
2688
6818
2896
3980
2342
4112
94694
8160
3756
1932
8808
6030
912
5224
4824
3478
3630
2918
6046
1144
4040
488
2132
1866
3644
400
2278
1368
6916
2640
1016
2298
334544
1250
3568
310804
3798
7124
2516
1834
3706
3466
189260
262686
3386
1158
4696
4790
1056
7558
138142
2600
7396
68898
283670
4322
3084
3144
2368
6842
1920
4860
7208
3900
3764
6062
1610
516
102130
2774
1580
2306
22252
954
45192
44564
4104
2238
218
730
1094
1080
628
1672
1026
1244
2986
5678
3398
518
1548
702
3876
5914
1882
4472
356
561220
4862
2678
1020
3570
2342
2528
3742
1652
1424
4360
7968
7244
1142
3640
538
992
3032
3636
355940
818
49844
1066
4224
2072
2400
2696
760
3990
318
2606
2110
2236
3534
3296
2516
3646
564
11756
1274
1414
1750
766
2240
3114
4818
4304
9964
1514
4300
2270
456
234
2994
1262
3706
282
4280
1124
3836
868
998
4642
5596
1196
258
5294
396
1504
854
1016
4140
8854
2326
2116
117454
4462
2290
224
2166
6104
4088
5066
482
500
358
232
8100
4960
3212
8508
252
4490
1244
4764
3510
8812
2206
162426
3350
1752
2498
472
2260
1790
2428
948
225080
2866
696
2170
286
51470
2814
327096
155634
3534
3402
4318
90306
3076
14518
454
1870
6402
742
3116
2746
7062
268
122742
6278
4048
2364
340808
2552
37178
2084
4600
2508
3736
788
330
166868
3064
258498
2230
2146
4246
898
2128
2080
5592
1196
104036
874
5344
8098
310830
41120
6938
1118
1094
2154
3516
3464
1978
5656
262
49528
6480
111812
280
1718
4564
3562
5340
271742
1314
7358
3964
4348
131408
274
4218
3548
3188
3292
8396
398
1720
3190
3502
48058
268
1056
3716
3842
526
3172
1828
2858
7432
4802
396
1860
906
1670
228
410
1282
3162
2732
1238
792638
1308
4782
684
4206
1140
3532
3398
7664
141118
1686
6270
4028
9732
3352
2056
528
1786
3478
2104
87574
760
2064
2056
3920
624418
1602
244
285620
902
1340
490
57308
1800
722
4430
2362
404
4654
5696
2786
1256
1262
4738
28774
2282
39782
5512
2640
137386
2438
4210
3002
2156
4076
7202
734
1362
1544
187274
1320
3200
3790
978
254
2042
5522
3184
1990
624
2916
238
4962
2864
2830
4662
47992
2760
2342
3498
852
4930
2236
3058
4030
3584
1334
238
3180
4138
3074
2558
2232
3610
486
786
1018
292
4930
33494
15236
3466
1272
342
2766
624
2290
1366
449690
5384
4630
1280
2038
802
2546
5168
2030
3856
13932
98266
139232
3944
1620
3586
145618
3410
2366
220
11030
462818
2244
482
830
6086
3594
6142
770
510
872
5382
2650
652
1734
516
2394
402
4504
3868
6322
740
5146
4024
1076
398
970
774
4748
3444
4238
636
2130
3964
890
6062
2222
7574
2274
2876
1614
3722
710
3746
4122
2536
156402
718
3986
732
1062
1520
4538
4318
1538
3050
270410
4104
1318
5704
228
238
1138
3162
838
18686
4592
1812
542
5852
5356
2668
380
5504
1548
1806
4182
5584
6694
4540
5122
3846
3470
1716
4402
956
1888
55534
4186
4260
4594
4890
3200
508
618
172906
2652
2364
3078
4038
240
98232
258
7988
4676
2654
870
1104
588
2660
2336
169132
5946
3142
852
6120
718
1168
59770
2710
4018
4502
4802
2408
8566
2688
67962
1648
554
540
228
240
4516
1884
3570
129998
2272
2456
3588
4390
526
2548
266
534
2298
1558
624
548
394
7422
5184
1204
1982
2820
884
1490
4096
8638
1644
3250
1708
2922
1968
6864
205626
518
5478
568
5242
3368
2378
78174
6000
4022
874
2488
2920
4898
476
1938
406
2204
7910
58558
260
4564
1752
10398
3200
3566
518
400
3368
1976
2120
6244
1834
6848
2676
193982
2264
4614
1352
7158
992
2162
8784
3380
2866
912
6796
2998
2814
3122
636
582
1756
10272
207440
2144
1694
3948
171984
1658
358
996
3212
274496
1238
4194
3648
2860
678
4046
2780
1342
1364
5842
1394
394
894
1002
1294
4166
5006
1840
4474
5146
1158
1138
2508
3510
1034
224
5536
1710
396
802
6594
2310
8714
3396
2220
4340
992
4150
13480
1074
2840
4308
2824
6432
42672
5032
2286
2236
2596
346
2578
3784
380200
3324
2798
4216
3740
6408
400
205278
518
3330
2946
6312
5072
2274
3988
2922
1888
2518
1614
5038
5604
3970
406338
2476
3768
682
3760
5688
264
764
1020
798
1774
6062
4696
882
676
1734
424
4600
465640
2870
400
97254
542
1510
1146
2744
1598
74386
2298
3892
1988
4298
3128
1468
4590
2294
6524
2976
356
421392
374036
3118
300
4110
247636
242
366862
850
6658
1892
254
2372
1828
1788
5802
3438
10832
6562
756
494
2192
672
3882
2764
7210
5400
2006
4758
2534
2332
580
6486
6310
5678
3418
3206
159978
2720
2936
674
4184
290
2598
3882
1374
5632
5314
62330
10820
5712
210
216544
9474
1132
1736
4944
1504
394
356
2660
624
1884
784
32738
1746
5894
738
516
548
48354
262
3078
838
714
89454
4486
888
123796
9296
476
318354
2434
396
3596
1728
3550
294
1318
1168
3148
480
227136
187218
896
4040
5590
239602
378372
4960
3702
1964
3202
1462
3898
2940
1454
6956
1916
1518
1144
3290
1006
2920
850
750
28184
4410
2858
2996
4322
3722
3256
2662
1236
1896
2482
153712
5028
1554
1040
1748
1434
1476
3860
2036
215090
68176
2632
3656
1058
3232
2960
2032
398940
273698
114432
37832
1736
4514
19444
5168
1176
3246
956
274
800
2998
1194
4984
2012
852
75704
3432
3678
3362
2336
1948
646532
2778
4696
3170
6884
3534
2924
3132
267696
3582
2404
37036
1948
458
2620
1462
1472
1462
3672
32012
2470
1782
3286
260
5250
49360
1068
832
3014
196800
2554
265324
3456
258054
247622
3470
4018
5426
3490
4246
5724
1232
252
4220
2058
3096
20330
73174
514
2456
2410
636
3440
4148
14874
1948
79424
1556
270522
4992
4630
287028
2662
2232
400
4806
1174
1520
7332
1376
4632
2968
3026
6772
344256
5002
838
404
1570
2086
1602
508
416
10426
3798
6486
4872
3208
112542
150858
2266
1544
3184
3864
85538
1300
5088
3326
283566
7352
538
1298
4400
3178
1182
1290
1120
3236
1092
714
3246
4154
223888
4260
506
2320
3116
260
3870
986
2930
2858
3430
293426
3674
1434
2028
1658
3616
620
5402
268
3122
4404
4164
2836
676
2292
496
9526
6272
3108
902
2308
5326
972
68584
3420
3482
5826
1424
2110
2304
4152
4258
1738
45968
7810
3124
1792
583834
2488
4234
4966
3298
1262
5184
3306
2334
1760
1792
3028
2610
1848
5210
1092
1366
3388
522
3192
1564
1998
1530
1834
1520
2254
4228
2090
5676
2532
2010
3122
484
3144
2168
2320
662
1892
4808
3326
3626
3508
2422
149184
3642
2304
3888
2342
6174
1824
2930
1238
612
1234
1746
4244
3714
548
4228
2112
3600
3596
2742
1652
4004
1978
2838
256
7310
5076
240
8686
2860
518
4162
3332
222282
3394
1664
1820
202448
1016
6546
1380
2552
964
1284
282
3104
4332
2370
3326
1792
290730
3772
866
2486
2478
2678
5612
890
250
1306
2092
194400
3228
134398
4832
962
638576
178616
2944
2756
5644
1678
5538
3130
4608
4322
874
1180
866
446494
4528
2386
3484
3086
2102
2536
3780
11964
3982
4818
2026
148042
5152
4682
3050
400
472
4202
2406
950
276
5586
6006
3276
28202
83890
140028
112784
6360
6224
4450
2274
10502
1550
8122
5200
606
3478
806
562
648418
1554
2522
780
1382
3446
47796
2802
3256
900
46498
2600
474
3164
1870
2310
412
1002
1062
506926
1254
2634
2792
954
147700
3630
2218
3190
2506
4416
3814
3338
2542
93558
3188
2732
3122
10076
5424
1834
812
2594
3728
396
2226
5024
4194
1752
1644
4338
4570
776
3516
9362
19788
244
4662
1756
1142
2880
396
2690
1834
246
1034
1036
3916
2298
2928
138284
2772
2220
374698
7242
6520
130528
1152
53366
2324
1558
3310
1714
225080
4946
2512
514
124036
2128
6526
272
3006
2394
734
4662
1044
3396
3872
341400
2620
2330
3442
1030
400
1520
556
2846
8246
1196
3396
988
236
4716
2846
5290
3910
2232
5464
11266
514
1378
4020
1206
3782
384
726
4338
2626
3098
6750
818
8098
262
3204
678
4292
1440
5392
4408
2198
2312
486
7048
2098
2112
2428
1738
281804
3286
1544
7086
682
3406
97760
838
2400
3352
1604
480900
1344
1872
1394
3020
1594
2264
44030
8982
5424
2626
3558
3422
3038
230
1410
4058
518
5376
1618
722
1404
2890
1472
4236
530
2570
1502
606
5196
718
252
486
4412
5622
2022
1872
236272
28326
480
4088
498
50082
143618
2074
7302
3952
227538
2294
3116
228
810
2816
347518
2690
1216
3334
2364
4070
2942
2462
1926
3112
2538
3436
3040
548
5314
5290
582
400
454128
2550
2506
4628
4794
1210
1750
2556
2876
1756
5318
236
2852
94294
896
608
2102
70336
2748
3582
4580
1382
118256
616
5836
1098
1530
5336
5854
2718
1368
358
550
25326
151784
4840
5160
1106
800
2062
6826
876
528
4124
4718
4200
336
127990
7122
1138
4288
2670
176296
1156
756
4002
10110
3728
2380
3572
248692
276524
4082
2206
3414
23116
151448
1272
4794
6444
7422
498
14940
4314
7476
806
67142
2156
1944
1580
8644
2956
111096
3764
3846
754
4156
3850
17148
282
4414
2084
3744
1904
1024
136230
1406
1048
3186
4038
1784
533088
734
4314
5802
268
78954
1658
770
173694
38268
1126
232
224130
284
5354
1438
4448
3912
4518
2950
1220
2740
2436
908
496
3876
1498
1926
1716
900
6148
4068
498
276
3324
2086
3534
2022
614
1258
6378
3702
406
2256
2342
1146
341880
34950
496
3146
672
736
219410
5314
244
258
1438
1410
66804
2052
5448
2236
2946
6488
7240
2448
224
2464
2744
394
240250
2350
19026
1762
1238
2928
3738
4568
6094
1786
2328
142718
2690
3912
5580
5616
1298
1220
170874
2210
2148
5064
6454
1798
2604
4746
3740
4686
5782
5320
1940
1854
2852
1682
52450
704
1736
19102
3910
2312
3088
1390
1534
518
5892
3502
2990
2526
1574
280154
1422
954
157130
1700
754
4934
1300
6624
5650
1052
2390
3000
151084
6960
3446
2668
2898
2082
4746
384
3572
2654
4112
258768
6506
4674
110704
5326
1740
3202
3100
4888
2158
3656
6208
470
3954
2092
3216
1626
5486
2576
5608
1782
3332
3588
5102
1624
1788
11826
1854
650206
1156
604
4124
1678
274
4112
3940
1636
1164
392
4760
2018
69460
1194
2538
2760
610
5992
116424
172250
2094
1658
1698
5224
2110
5970
3728
4520
3806
5276
622
4724
3764
1174
898
4182
1686
3110
6232
3348
317316
3168
880
2646
2798
1820
1686
2056
30124
354
696
2302
3352
3648
5988
3290
1202
4056
4710
4106
6420
3804
752
406
1556
3434
2454
4224
51630
7258
71884
2214
3780
4472
2196
228
332346
2910
25688
1484
109888
1612
1636
4554
136746
2392
6584
918
3054
4372
410804
356
1402
3572
396
1894
4366
2128
406
1716
1118
2272
522
968
1712
1334
5014
3670
4292
1012
255052
1562
700
2784
429038
1308
7634
277170
4346
3782
2874
730
4700
2274
4152
3894
6124
1736
109382
2372
1968
2572
260
1654
1750
686
1196
2752
1836
2860
5360
3200
5380
6566
4576
30440
414
994
3104
3682
4560
2018
7096
1232
2158
5300
3844
488
2468
31500
4226
345330
171466
4014
2016
214824
492
3650
7192
7168
1536
1402
5730
2570
1594
4456
2918
2096
4106
145114
9070
4438
7958
2380
3986
6160
2288
1504
660492
4484
1654
5134
1062
4420
5640
3398
1584
5976
686
3850
3430
4150
4800
3106
7160
4334
436600
516
404
6284
2332
319138
3262
1038
5532
2336
694878
4896
108856
524
2410
1876
416
474
1528
1284
4742
530
6642
2776
1136
494
5254
382
825722
5464
216488
1302
2294
2232
3152
1308
3170
1066
195276
3820
2776
7794
10752
217714
3530
2834
2738
906
3574
288
1738
4578
1214
2478
364
50550
1606
2750
2850
2626
2450
10476
3242
2846
4112
362
1128
5376
7152
1508
240
3686
2562
2832
2384
5126
244
1490
612
2884
1400
410512
3532
1228
3190
2238
4226
2072
2688
476
302870
541218
702
4026
3116
738
4538
8112
732
64202
2344
3200
3066
420662
69900
2942
1888
5456
2032
2542
678
2332
7954
2112
3654
1258
190724
2206
4130
3080
1740
634
342
1666
676
878
7126
3580
642
3818
6446
624
2382
1400
564
1744
6422
4270
6222
3262
3350
780
5550
1500
2628
5452
1142
394
2950
7670
6314
1034
2438
2732
1770
2296
2988
502
2670
496
2928
3490
8342
1870
6350
3988
988
6282
6054
3400
20226
4014
4154
1510
1742
7338
2138
6470
3812
2098
5414
272
3334
3180
408
1814
1282
3538
4468
1234
863018
463644
1964
2602
207138
4572
4978
614
1514
3708
225840
396
404
1464
384
1022
2188
4724
1676
4580
4162
397138
3054
2038
216
2558
38056
1232
4186
606
228
3558
3224
7058
1388
818
1214
4546
3228
3860
262
5934
6876
1602
4158
2332
366342
728
243714
1280
5016
1988
1904
1620
2424
2198
5652
170572
870
4752
780
1190
1748
2200
2338
640
7100
132924
2410
4486
2272
92006
1340
3972
6124
9158
762
3322
532
4684
1822
76738
232870
724
8624
3868
498
4060
2692
1712
292
826
8048
2194
770
682
2612
984
6202
1748
228
39020
1260
464
1752
2066
1248
248
4894
3620
2178
89474
540
2768
2266
1870
3570
272
21444
3878
3770
270
2290
260
255436
2030
4130
3626
258
232
3982
11150
7072
3836
2526
2360
682
172072
2128
786
1956
796
4512
3758
2844
240
2626
2770
1404
1838
3580
4552
242
540
5870
62122
1046
17856
10840
552
1902
3760
700
724
9236
810
1860
5724
4424
4304
2406
4034
4352
3718
3768
1674
1532
1952
5052
3798
1844
1758
1436
1968
1410
1190
7812
2134
3140
354
618
790
7042
1940
1902
1474
1778
2588
8166
3108
2882
4176
5618
17114
1516236
1166
268040
84942
3708
1266
2556
2540
3098
760
262176
2094
2046
100608
3958
4684
2702
1092
525918
3222
532
3880
10454
466
2088
330
504
225744
2342
4366
3968
1830
4614
1536
380968
3442
3916
502
164560
3900
5028
119740
622
414
3092
1658
956
6438
794
3524
3810
4112
1840
7588
259980
1740
157542
680
516
504
1446
533998
1248
2722
1108
6392
7772
3206
2012
244
505428
1882
1304
4672
4872
4144
2654
872
214
46654
3096
4642
6218
2894
8250
1056
1032
982
6350
6858
2982
1174
1152
358
2238
121218
408
8174
2518
514
590
676
628
2616
4684
1230
360
4118
8536
4122
396
3924
350
6486
25198
1108
55144
3672
3590
3366
1648
1060
1370
888
4906
5560
282696
3398
6208
264
2464
4574
2230
3728
4778
1366
5164
3986
5352
6284
1012
1830
400834
4350
232
476
103458
488
1441610
36652
360
2572
6696
1440
34746
2316
2192
2502
5584
4636
5300
7794
684
1288
191690
15478
2104
3044
5540
3066
3296
2000
3138
6200
3662
294812
6900
924
5390
860
1738
334740
3954
96626
3056
4224
6026
2122
1332
6150
3416
1486
3500
2170
6222
1856
8136
2060
1842
1266
9194
3130
5484
865596
636
1690
2504
238
1734
4160
1516
6648
266
2910
3132
2318
3336
64500
3648
2062
3016
2568
3832
4356
42904
3740
1754
1758
396
770
1222
2276
2056
7572
451180
1940
5842
1668
1046344
2644
3758
3930
347870
2748
2254
2568
3052
4518
2790
3088
1910
4812
4580
4792
1834
3662
1402
1668
2058
908
2594
1106
1934
3646
1300
1400
23016
242
1206
396
2968
6616
4480
634
1698
1370
5150
5228
1158
1184
1496
7076
2908
1440
4320
2702
1590
3608
1560
4286
6364
2668
1960
5252
2772
1642
2548
1164
6048
2104
3896
1614
1050
2748
3124
1416
362
5550
992
1836
2246
4380
410
3776
1290
2444
4204
484
3436
3024
4022
264
2958
2694
2144
3258
4748
378
2230
922
1844
770
514
68910
310172
1614
466036
860
642
1806
256
1362
698
288
286
414
484
648
326490
268
600
266
418
402
280
57784
268
1288
550
660
848
233092
530
428
51472
424
1944
68392
2082
395592
414
810
622
778
50854
410
256
2280
640
1656
292
1544
2626
1008
918
524
1244
512
264
335244
1552
71278
250
764
160212
542
440100
73052
286
1838
1064
254
290
1360
1818
2058
660
476
720
778
1806
546
394
534
3318
706
698876
294
181942
526
234
264
396
257268
1282
416
3618
316518
343722
87824
376
1336
258
178214
125040
1046
1482
3588
974
1788
1024
930
956
510
648
672
515374
424
782
400
502
634
1012
662
618
119114
572
1786
376
63134
1974
400
1008
670
1234
44282
1986
524
396
2082
7066
630
443270
842
1132
299186
436
2286
300946
800
1804
1174
512
1184
668
34730
640
374
294
912
32428
2420
1006
178984
5804
1142
780
904
978
40494
408
532
938
2480
698
178254
776
1378
1648
2418
864
270
984
1694
636
544
382
1702
136198
536
280
608
84220
502882
864
752
1700
496
35160
424274
296
1266
496
276
538
136872
510
994
672
61220
282
664
239794
213180
382
543242
406
268
276
1022
530
1566
103294
376
315296
556
538
374
277670
1456
348
394
1076
1400
493850
1702
414
286
117408
380
2150
1896
1504
2168
490
512
296
1150
294
582
1243364
35370
494
280
938
44560
1134
1538
1364
806
542
1316
642
630
146408
528
280
278
1430
1672
240160
656
748
252
34180
17298
1374
292
268
494
436
1352
60660
533798
430
260
439826
514
488
208042
262
176904
384
231066
906
2156
482
1020
161566
488
1506
278
940
750
512
656
290
1142
424
536
1062
80522
108368
264774
3114
1088
262
260
208362
772
514
316422
464
1190
1392
284
280
542
420524
164892
1664
888
848
280
7396
250
1808
528
500
118162
10116
1530
542
71708
438
1122
268808
668
518
788
2106
382
1252
557382
740
502
395498
266
2440
382
814
618
1116
616
1788
758
132972
512
1226
432
294
728
1516
363032
3596
572
2020
2176
256
433886
848
127426
510
890
622
270
808
274
936
1412
478
992
35652
662
1042
1606
238
296
560
404
756
1342
284874
926
768
264
856
628
732
270
432
511956
208770
518
244
980
161782
113722
494
434
418
522
292
2096
2766
570
1478
546
590
404
2168
272
1416
400
390
270
1172
183512
1034
926
400
996
886
680
1488
490
260
852
3418
169794
914
350
514
378
610
872
1802
2420
175314
386
570
398
10760
428
432
1336
432
438800
674
458
992
516
522
514
248
422
816
516
762
288
1588
408
188224
1554
386718
1258
52558
982
1960
376
256
390
151498
1626
432
144872
386
428
260
1014
242
1502
800
362
690
990
1196
522
282
334740
302
278
498
570
686
556
384
1532
1354
654
508
1398
1210
512
282
1298
1954
526638
978
135494
924
1332
278
436
518
287876
402
616
238528
1176
1216
1104
149376
492
262
496
1282
650
296
1574
2332
263110
678
722
1150
748
640
390
459326
1754
190786
64584
4534
193542
412
1320
1182
1492
1186
272
126540
79404
378
232
27646
542
2258
498832
642
866
392
455986
29518
2492
1502
592
572
610
177802
412
512
912
606
1126
367460
386
502
744
1032
292
252
552
1316
260
936
756
195894
300
430
524
772
796
964
400
1128
272
2086
1006
390
784
532
333094
1126
284
296
1414
2276
1632
256
618
31096
1900
45518
1742
294
744
1364
846
574228
1028
366
276
694
616
656
678
2860
1412
1058
532
264
894
1008
270
13508
486
317088
520
17078
278
1176
642
520
2612
870
1722
1502
1668
6688
628
252826
392
1826
1798
252
1352
1130
1280
518
294
422
28084
2696
616
352
108838
131416
244
1082
1882
494
256
1006
376
776
1012
760
464244
771784
1300
288
614
570
516
512
270
562
258
668
394
754
584
548
1434
5066
1870
1840
1476
574
53192
1204
2236
652
536
880
1618
1606
298
626
1106
101918
940
406
896
502
1042
2502
2494
498
984
268
1166
402
260
1304
858
286
396
1564
1622
524
70
428
2534
372
522
786
376
408
892
418
844
892
872
282
1702
902
1078
298
584
440
738
624
374512
502
856
1340
1020
818
1814
1496
264
270
408
384
666
620
378
43988
36788
1170
882
992
5204
494
1144
346
53012
1104
1324
2630
634
1226
744
2764
804
46208
374
658
112098
1294
646
638
282
504
978
652
702
1808
710
402
1242
430
254
1390
448
2032
568
510
710
299524
500
648
854
382
1566
1498
294
160456
266
84068
788
400
282
756
270
392
666
1756
800
432
1158
724
1018
1112
252
262
2326
744
1670
1424
84450
150842
432
406
1292
1238
294
1044
163084
434
542
524
744
834
488
1022
270
382
290
1664
438
656
396
246056
732
149088
752
280
179324
14798
284
526
790
952
650
842
1036
254
646
784
1280
272270
900
606
274
438
634
294
432
770
252
1358
4212
518
1934
31896
28750
780
1390
410
526
884
522
764
1614
508
652
402
532
180496
510
544
410
686
1030
45542
712846
1240
67572
424
1004
804
286
882
708
325994
688
876
1714
370
802
732
256
1796
752
3114
53288
506
408
584
864
1428
392
402
2258
2928
294
1022
1518
252
74908
616
330538
938
676
207732
1426
47800
1698
108432
530
258
125520
262
984
137952
35938
672
125280
948
362
3558
286
1664
490
1196
622
1208
1862
33502
526
262
140166
1776
221418
746
376
668
266
1020
268
278
412462
317456
1080
1112
1352
268
104908
2020
2014
632
2894
7226
3442
3966
2244
5628
4612
398
24604
500
18880
1898
2124
5420
458062
2350
282
1352
3564
1824
3880
1632
1214
3180
153028
668
3986
5006
2746
1864
1490
5156
2354
4894
3198
5024
926
5964
4960
1524
3770
262
5216
1574
3424
159900
25402
396
4440
2098
2138
273776
4994
2640
7518
6492
37714
3810
480
1290
1692
2864
7048
1122
3888
2792
1474
384
2772
184112
2600
518
2068
2658
2796
3646
1470
5846
236454
163770
4084
2494
5210
2300
4630
36848
3576
1336
2074
396
2726
147930
278820
4448
2886
2228
618
5504
202806
2140
400
2396
4860
4906
280
408
2362
282
1326
2510
2848
610
2020
512
1842
1096
4390
3370
2198
270
1154
374816
3588
972
1098
1082
7864
6780
984
3706
3640
75586
39644
354
4214
67202
6974
93462
216890
412
6374
6768
496
3396
6380
3348
3288
3760
3536
636
410
8938
270
632
2194
5114
2736
1608
3062
5564
4216
13666
640
990
2754
1234
1896
91466
1744
396
91760
7384
776
3354
1572
410
394
2436
1960
178496
4282
2496
2392
4368
7756
3730
2220
23244
1948
2374
2496
3568
2590
521840
2378
13636
788
7588
10206
4320
113944
4272
1582
1814
2932
2736
2490
620
396
5326
3282
6862
1162
7118
3838
2746
2852
4612
4258
548
500
11062
1442
2354
402
2830
410
137906
3270
365028
506
3518
4264
1002
6766
3936
8980
180888
3540
5494
6458
5780
5950
3560
1748
728
161482
1810
770
272
2608
216578
498
77306
2260
284538
1100
742
1124
1052
2904
46724
404
1786
2924
646
1716
3018
4748
4796
1618
4524
8230
2048
1642
165814
209420
5636
1348
1596
188472
696790
15398
2784
738
4872
886
7146
2836
11422
432
341322
5266
3902
1176
1988
4010
470
5746
6246
213556
2062
9338
2808
2248
4738
4136
2358
5140
496
1610
63684
1820
1304
4068
4422
548
6236
372878
3344
776
2064
546
2026
396
822
3568
1164
1756
309064
740
4346
362
3652
287412
3590
3642
5554
4204
364
2326
10630
2202
3814
2392
3386
3048
8496
5906
1688
854
510
764
468
990
1260
2374
336238
2968
250
660
4116
1702
3626
912
44878
466
4944
2342
60616
1908
2766
1438
8484
174362
4612
364
3576
510
2068
2510
161792
2892
4300
1624
10672
878
1526
4404
2718
678
2340
1274
5784
676
2788
268
4262
630178
2366
270
220406
752
4376
2620
11060
1372
6538
998
48956
4584
3602
4994
284
886
3844
2832
1238
534494
6992
1076
5354
4976
1312
3386
6410
662
2094
2420
2556
1900
380
3466
510
5358
7998
1400
1330
906
3002
4114
5564
5260
4490
223582
6068
72452
1258
270
1374
460
3692
820
544
2828
1744
1250
690
1900
5106
1684
3390
1682
1604
89296
4408
238
5664
1126
1096
988
2446
540
449942
2740
1012
678
2384
32600
5716
168810
5364
4008
804902
4498
3432
766
256
4826
3290
3114
6872
3798
540
4826
2206
2220
4066
394
1682
2424
3332
4594
5924
3594
2262
380
266
3186
580
369290
2984
534
6434
8068
2466
2924
5728
784
4006
4508
3934
1238
395242
2584
351506
1090
1308134
2948
3556
61846
636
5238
5278
467674
3874
6212
2922
864
1874
478
4218
608
402
470480
1226
517868
84852
604
1928
38248
217434
5160
2996
2312
488
7662
956
244
332114
80790
1490
5266
3444
3668
1658
2696
4852
3178
2066
2602
6614
8156
6344
3778
406
6514
2784
174756
4268
5946
7212
6584
4162
1968
159768
4180
1398
4738
4104
244
3286
6002
3902
5182
876
4750
1012
2788
1588
406
1686
5096
4844
516
1768
5346
3534
346366
1060
1862
286
1510
2998
692
262
1094
6096
131442
420
534
8584
3252
3718
6096
2322
6496
520
4120
404
3270
2994
276
302810
4204
1456
1652
416
4474
5822
1358
3472
91972
3210
109912
3804
164536
3032
36428
14630
2862
6000
602
396
5940
2880
3170
2882
120804
5490
8846
860
280
18598
8264
467676
92860
4398
1138
318380
420
3090
9650
3972
3490
1632
6998
1860
2056
4938
670
3888
282
6730
2400
3004
1504
1272
4532
1228
2846
4596
4492
2448
1112
2660
100078
1128096
3050
3610
3134
2470
500
92796
4724
2984
2658
2818
96834
270232
6642
31080
2102
123496
3530
5010
74080
4242
1908
1506
4622
3950
400
5278
3226
496
5248
402
960
3792
1952
2348
1316
1560
2356
518
3978
175000
2096
5104
2354
516
1218
28842
3808
5384
5504
1982
390246
990
3816
990
4426
3800
758
2878
181288
6388
3102
7286
290888
516
1052
2930
1274
2740
792
978
2218
2170
3460
3508
6400
1064
4140
2302
2898
2206
5374
2688
1872
498
4508
1232
6550
454846
2776
2702
396
3548
2964
1426
1528
1200
842
3662
510
5134
5886
3196
1674
1186
764
5078
1016
143734
3310
626
546
1060
1838
2832
398
2566
4328
6404
248
1788
506
1870
1450
19596
8234
1650
264
2196
4992
2540
1658
1166
3366
4146
2390
6784
1448
4174
5582
2724
3806
2666
195966
1372
1266
2794
10234
5268
1560
90180
994
3948
2440
2128
2870
964
3250
1710
1894
1934
1914
2262
1608
6798
1952
2080
1624
264
884
1598
1964
600
173466
337146
42916
2210
1688
2012
3432
2534
3212
2420
135678
161552
29712
1364
6270
354
4662
1868
2520
1642
2658
2322
2798
2586
1560
2790
2556
1968
5530
1058
2578
2200
1650
1266
80876
1878
3808
6334
986
3008
4112
6478
261606
3228
514682
426
2200
3186
3504
1482
4886
2068
3036
288
5916
665926
1032
1950
396
526
5000
808
1144
118402
292
1420
3490
3444
2004
530
389034
286
400
2614
398
396
5448
3254
268582
124434
2658
2586
1020
3184
3164
5798
762
6104
3484
69272
5330
4836
1034
6098
1894
2310
4414
12890
1620
88322
4668
724
2244
4524
4948
2704
248212
3224
3088
83650
1790
187160
1220
641564
2784
1892
252
5440
44472
14120
2758
2214
1572
918
2892
510
1068
6636
4590
3776
7210
3310
3502
28354
6300
728
3652
3870
620
2202
1802
2738
3444
1156
2748
1094
157662
132730
105222
1900
86260
4336
3550
1864
1476
3850
598
3786
4912
3146
2400
1118
2894
1984
4398
3980
1464
2778
1201786
2526
25576
3726
2508
1262
3806
5044
2454
2598
5958
6120
996
5452
1888
3936
1272
351136
1700
7258
1050
3668
6224
2572
4482
1626
256088
746
201244
6770
2436
20254
488
2416
246
5834
2954
1806
2536
5106
1112
1366
3650
2030
2232
262
268
3306
1318
7048
3370
3494
2056
2852
3334
4598
1512
80078
4400
59358
422988
2134
2044
248
2642
1974
1366
3724
1514
1250
8272
1790
1406
3198
3344
11038
5046
6320
1750
1798
292
5580
496
3158
6864
7800
688
1722
1308
5038
266
1650
1822
1034
1936
4224
3218
2448
2376
1682
4038
6040
6646
2580
2818
3794
4470
2364
7794
458874
2294
636
1330
137648
2424
1768
3598
1992
3210
103232
2648
278
678
2448
3554
47498
2588
3262
4982
4270
9360
10048
4098
4982
2094
3760
3766
2912
4268
3528
514
5310
1358
3164
2414
3322
3240
264
2254
4392
620
5074
4204
3556
1914
972
5686
5344
366
3936
2498
2008
687876
404
5014
398
2494
1320
1852
3284
684
4146
2190
3056
2948
4468
4084
250
4292
1738
1786
6958
1066
1954
1744
1288
6156
3628
476
2372
2380
542
144308
3318
4122
3692
2686
3810
6028
120634
2690
5614
2234
1726
2036
4484
984
5268
1644
1790
3360
1114
1350
2054
1428
5562
522
546616
2844
95666
3504
1614
396
3548
3942
254
7170
1224
2026
1872
4064
2432
4438
4066
2010
121500
3340
4496
1716
1200
3670
1370
5054
2912
1388
2306
400
628
2236
318608
1758
1470
1126
1108
3590
6332
1276
950
7546
2892
1558
4906
516
105678
1574
255734
3284
422
2700
3780
19614
2446
2564
1854
2748
407552
3848
4826
3728
2570
4224
1548
6580
874
1794
352
7392
3032
1952
24784
6082
8690
2632
34404
5424
87802
2596
2962
716
3524
5042
50244
5958
2260
3984
7280
3864
254
3072
746
2924
3076
429388
4152
4060
6184
5590
952
5046
374752
3388
2882
2146
2204
7512
942
1908
1282
736
2084
5506
1220
12006
2646
141116
3884
590
2788
2572
1194
76032
260
3130
1310
32132
5526
164994
1012
3650
3816
398
2142
2898
1191232
3962
1378
2010
3024
2786
2264
4484
2932
3270
3856
5720
2494
4658
2952
2894
1020
2078
1994
1340
2374
1902
4672
2564
4852
2086
1510
2222
1860
55968
3104
1284
3304
900
69774
640
3008
1650
1518
4724
3522
5220
2840
2462
4422
3900
5184
2050
4736
3884
125084
1892
358
3112
93236
5172
6260
1572
1450
2124
1644
3804
1468
404
32608
621070
3790
3858
398258
3414
674776
127392
127648
350
59872
517436
3748
348502
3258
2948
2198
400
191312
248
1178
2466
71366
2080
1284
200956
34924
1786
1460
1782
6148
1836
3052
1554
29486
608
4052
3312
5496
4084
4904
1764
2566
3822
1140
366
4620
2410
4438
728
2876
2808
3308
358
1500
7526
536
2686
3626
2364
906
3870
1182
1278
1850
3722
3716
3114
1384
2448
1522
1834
2766
488516
4228
3938
588
2598
416
3356
2928
8748
704
3110
5214
2226
402
5104
3458
2828
496
3934
572
1684
3310
3258
2364
2260
5170
2210
3906
1786
3782
75210
141666
2830
3714
113016
3162
78782
83434
1092
2478
1250
1476
540
4200
3336
42948
916
1498
670
3854
84372
1824
46410
3908
958
5476
5082
340
4510
101992
8736
3202
640
4634
2668
238
3324
364
2546
1700
1370
4562
1932
1936
3570
1348
3096
958
3306
3292
4912
30336
1302
2034
1061980
2234
516
5430
2146
4512
524
2732
5556
4056
315548
5978
2528
1368
2644
6938
3048
3984
3364
3608
3256
3220
758
4946
2802
1954
4456
5206
2010
1828
5350
3612
4818
5354
68114
4778
1688
33114
3466
3192
3038
7142
1898
156508
7980
486
2488
5220
120782
3984
4936
2480
2278
618
6010
70166
344780
1402
87702
3158
1230
1642
358
4174
181152
2310
402
2250
4066
5440
3870
846
2766
3628
5160
4128
2294
8124
3548
53880
2720
3046
2266
2652
558960
3148
2158
92700
6850
4348
1460
1112
3472
3350
4324
4732
4556
5470
4530
256
1498
3556
1112
3196
1698
516
5182
3434
3512
7372
2622
129090
2794
4300
5614
4118
5030
3210
3636
4774
4482
5482
2392
2922
4436
820
954
167018
1650
766
5258
2072
2694
1636
5210
7174
1384
1230
3256
23986
1528
1256
2440
456
912
6512
358
1716
1236
4486
5582
2766
4992
1884
1084
4004
239584
2760
4418
2550
1516
3236
632
390
2916
6946
976
2070
4206
522
338494
47830
1490
6700
145028
4242
6398
2584
3352
4168
3852
1584
1352
3190
228528
4446
1026
1968
4054
2896
1418
91994
2254
972
3392
2792
984
1596
594
2436
3648
253618
5486
2846
492
2060
137566
252
123174
412
1712
2940
2768
41010
49052
874
1414
238
6204
234
1622
5490
2000
1892
1314
348
2076
1036
4566
15978
2370
3232
1414
3132
3292
2104
678
678
1868
11410
7590
1286
2568
1988
4416
350
5010
3984
10092
48156
398
5426
391230
4652
1518
958
3792
606
3904
143590
337722
17122
7816
2094
2722
1624
628
160806
11774
7734
5400
1832
4886
2196
2416
3912
2296
3766
468
3104
5912
2544
31836
90654
1492
5042
1648
3344
2216
2092
696
2184
1672
3022
1134
462
63860
4704
2328
880
3622
2144
3330
9246
2268
9470
1686
396
5402
980
2654
2746
3438
6078
6476
5504
252628
2832
4058
111674
240
3088
78170
5990
2708
1890
4628
168094
3634
2626
3990
4048
360
86796
3108
4726
370
1924
2812
2946
528
2344
2312
4756
1520
3934
1958
504
5214
1706
248
5648
2922
336
5360
1870
2166
476
1708
4912
1310
3742
1198
2824
20898
4734
1424
1648
4520
177664
408
494
3064
3920
2478
4236
5762
6436
2718
3128
2740
516
4886
2788
349136
2652
3912
6646
434
2896
1290
235032
1286
738
4480
3156
1426
954
2466
346
233598
2368
498
2206
3292
1366
1720
4512
7330
4746
3672
139566
3236
4318
1300
5628
3234
2890
5790
3388
5482
2216
1170
396
2310
1948
8604
998
666
2214
99964
2302
113194
654
26542
1232
2940
810
9208
3238
2244
4426
2178
960
5548
3664
1612
2840
1812
1220
404
1256
1372
3878
2610
2188
640
2086
5486
444130
1518
9888
5136
5770
8132
2568
2760
394
3358
2966
107124
422
1050
402
1722
3028
2222
6030
982
5326
2074
3848
592
3340
1716
2380
2238
1616
5572
4576
1916
3262
2430
1256
3780
678
2422
88510
416
1510
360
2556
18340
2454
1788
1946
4104
2008
2468
2812
252
2784
2610
1606
1752
3668
87356
2864
2346
2246
2150
6648
248
292
62222
1474
3966
1482
2386
1598
622
2666
5278
2112
1366
2404
124796
1406
2584
922
1652
2928
1522
6744
4972
4732
850
4788
2500
3684
1548
3204
2600
5350
2970
5058
38186
3378
4358
1580
149380
1438
46168
3922
1538
410
4122
6084
3792
742
2754
2560
162768
640
81534
3338
6158
1228
4194
145326
3134
2428
912
3462
5064
6390
1242
4260
2720
3552
3968
3998
4406
1152
3140
606
2372
520
3328
5774
4222
338000
974
1066
3184
362
6734
8196
1694
2844
1728
1046
2876
3972
400
2012
165424
2482
2946
4678
1154
678
4116
630
2214
3020
2528
978
4934
3466
154424
1636
3674
1292
12324
58614
374642
3058
3068
5578
1644
4452
4744
6370
2898
2450
3434
4506
2954
3026
3342
3284
2124
530
496
4406
2190
4990
212248
3110
3492
1562
4708
71048
3606
22478
8524
6648
2898
2458
4478
2262
15308
2346
3800
1520
1880
4728
1888
3070
1866
398
2386
4422
1054
4652
1160
4012
1398
1236
13430
2920
3684
2072
3998
1394
3672
5122
6872
1450
1714
85638
3326
1898
114268
604
1970
1104
3232
1232
576
213032
16740
2618
3884
242
2750
3202
954
2786
2834
4824
3648
1580
9886
1772
1268
1754
4958
4756
3398
4288
386
414
275030
1504
4140
1908
3284
2392
2056
5258
38040
6944
2052
13346
2198
2440
268
2660
1656
344378
2924
4276
1272
2930
1560
3694
1060
2252
7256
2232
980
1908
4244
740
6952
194348
522
3336
4412
872
1100
3918
188932
4702
5136
1404
729500
7102
2804
1016
5354
4972
2594
571558
1328
182022
6380
2028
870
778
4992
624
2368
2540
3574
73964
2042
2764
5318
6284
8216
1562
2698
862
2332
137784
1582
1946
2582
2164
305112
3052
3058
2840
8548
460138
6530
7556
2812
4982
227110
7520
2034
1550
6316
4182
65714
1516
1606
398
198720
3522
3124
1620
2938
2004
2324
8222
422
2090
922
11736
3060
3418
2160
2622
510
1338
1312
402
3968
2610
6840
4402
10260
3122
6110
826
4656
920
4264
514718
5980
1644
5002
3948
78438
4376
5660
908
2930
4334
1798
2592
7908
102916
1922
5044
1540
294
305572
5894
7222
1732
3866
1814
406
2526
4812
2764
1946
4642
3664
5082
8480
3078
49786
952
1366
3222
361370
398
4786
5358
818
14872
6724
908
1378
276
2314
2338
2850
2434
1234
4026
4228
1188
26428
398
2732
1162
1326
2120
30464
274
6118
4530
3862
124368
502
3728
3654
4170
2822
9604
3026
5662
730
1926
2562
3728
3594
2402
700
5902
772
172136
5530
268
7080
6860
1690
286
6560
3168
282
276
2192
6084
105832
3110
2830
3454
459404
892
3438
3360
1868
3436
1582
512
2590
3550
1268
122822
211776
3434
420044
3868
5706
11304
7822
8546
6342
52524
258
4312
1890
902
5592
1756
78198
1372
5596
4288
5984
136476
2236
364
1826
516
3662
2502
614
39502
1026
394
676
234556
6186
3110
6188
848
88922
56232
978
604
3068
5620
74120
1862
3028
2272
3906
1372
262
1156
2040
1960
1064
3542
5620
1656
514
894
157658
304
682
5364
1036
2482
1242
2318
400
1652
2230
4088
3938
984
3374
2652
5432
26618
3186
4038
2956
3272
2830
1406
21096
1826
10312
8564
490
1296
3312
1246
2516
4096
1932
128474
2686
2338
2664
5530
492
5064
824
2952
3232
5282
7720
680
1826
3470
3840
3080
1748
139042
3756
5484
2718
2978
3376
2516
6728
1200
4948
3020
10662
1482
3986
862
2962
2538
3404
894
1698
1438
4644
3406
3146
3864
5520
4616
11702
5522
2834
922
3520
2528
1796
398
2624
3726
3948
1982
8356
11196
1402
1250
2182
8076
4162
276
2304
3306
262
1166
3208
4324
3016
904
4370
112140
3648
4368
6802
31436
3290
3832
2018
152912
51714
5228
4532
2958
5896
1980
32252
2434
792
59294
46054
3500
4814
10852
8532
604
400
6184
3164
1168
512
4470
666
532
1232
5330
1932
257082
3124
4316
2150
2414
1252
4284
6026
746
3746
4588
3862
5352
219130
2856
4538
4050
259880
17288
1512
1120
2752
3400
74974
8054
6806
2030
864
118882
4896
554
4258
1020
1888
3562
754
1140
5328
27848
5722
2674
2922
1204
3580
496
1690
173590
650
1472
475726
356528
32188
4412
2902
127348
3106
3704
2338
4840
1542
2736
10936
6508
400
276
290
2964
1340
592
6172
3928
622
382
2370
6180
240
433414
5596
180344
2288
3164
4900
10358
7676
3044
1814
37818
3182
1682
17332
3826
790900
1222
2874
678
248
1322
3246
3288
2818
1988
486
3940
4516
84882
362632
4194
4312
928
244
2280
1732
2552
2376
1152
4616
2704
4370
1696
1342
404
5882
1922
13324
444
3686
4400
3600
1916
1232
3140
1766
2270
6910
494
1796
2094
130634
3672
1164
3710
3066
3692
2334
2208
2212
5380
2672
622942
276124
7100
768
2696
527306
2450
2604
323608
4978
418
260264
3654
13746
5854
3992
8012
1690
286
2808
2274
3628
2724
3482
1936
4882
2294
220574
1816
2084
3420
2756
3706
2280
7048
412
2974
5756
268
1988
398
2864
3126
254
4844
532
3260
1024
4044
238
333866
2950
3250
2972
5794
3858
6734
3330
3144
4580
4898
636
1662
500
2112
270
90664
3864
5142
3434
356
8118
2998
2900
2214
6476
2084
2298
1560
1532
3184
964
2894
2588
4406
111726
1440
1056
141850
1586
500
3614
2702
1638
838
3392
4768
102842
175852
3304
2840
5014
2498
1384
506
2924
870
17884
998
4012
5348
1074
2654
3996
4850
3166
1676
4512
3882
3396
284
1900
1770
794
2082
2404
6748
6102
8762
240
318964
2934
1266
1410
1690
2568
2000
3232
766
93264
4130
472
3400
4832
6806
502
976
1866
1162
5414
3778
250
4272
3288
6308
4342
1616
3990
394
4492
1726
1658
5426
4990
600
5914
240
3528
2062
336484
5756
304740
2144
3334
494
2056
6030
1562
3014
486
2232
4242
190788
258366
3682
6510
2506
5224
1014
628
3810
956
135568
2640
1062
2244
65876
191310
91332
5288
248
4452
2110
3568
3022
2506
780
1504
6858
3320
1104
776
518
3538
2050
2948
986
100414
2624
2070
22078
6902
91328
3040
10928
2526
5614
6566
2180
234
4818
3166
9274
1718
2346
232
562490
2098
5566
7344
4098
1130
3038
5262
1922
3062
2896
1112
5710
1834
1362
2950
9022
2688
356624
56836
6174
2888
2168
2570
7278
3530
1140
1340
538
1956
1194
2738
2612
5630
498
3758
790
2900
956
4966
12936
5866
412
1914
1284
1696
6978
1034
1872
3434
4288
10246
2710
4022
6112
5296
1916
7244
246
2646
1950
9642
17538
4302
1040
1374
5044
4690
2640
113336
5920
2768
1976
4436
266
5586
3400
10848
402
6780
950
1438
238
2844
358
1080
2770
2148
2946
2184
5002
2064
748
580
500
3702
167554
9846
1900
3434
6682
1404
217960
482
3764
6426
3222
50752
2714
610
476776
2282
2790
1542
2648
238
91524
4660
738
896
738
816
1908
2866
1358
402
1000
396
250
3184
2554
4118
1288
1008
123934
8548
3958
346678
2102
31720
4698
2734
3164
2152
173218
2354
260070
4870
3800
510
3378
1640
5626
236
1738
2300
3324
105730
2554
360376
354
2308
7710
1318
1564
9032
532
55248
950
110794
7482
1972
1616
2610
1018
854
281546
5846
1380
2246
110862
15256
5946
2302
520
3254
1344
5544
278
4292
2512
2344
48904
8848
1872
5362
3496
2612
4706
2642
4028
1196
3752
3428
1828
6034
2148
2770
799562
7830
1252
1828
3904
3854
2532
2686
142668
3124
742
358
3630
2588
6070
2386
2432
6424
1322
400
2476
1796
518
92060
7268
1918
629436
686
3302
396
342
269504
3476
4824
49388
774
1078
1466
5048
2682
8466
394
912
1738
1008
1812
2878
3842
526
31464
2770
39204
396
3488
3352
133856
1858
5016
4230
2312
1578
1022
510
4048
754
4132
2402
2084
191708
2386
1008
5084
2776
8248
6452
6598
6666
2164
2846
52194
2846
9810
5834
2030
2026
1578
3950
6038
402
2096
3022
2378
3088
2644
11806
1100
30310
13706
4394
1316
4584
461806
250
4028
3214
2478
4082
2924
512
2038
2714
2366
2410
520
508
1128
1080
104364
135680
3362
5910
3092
139062
2070
3040
3620
872
2804
870
678
75902
384190
7302
4796
1516
2990
2322
676
6902
878
2914
8850
5772
4640
3944
4678
8408
6054
6586
6478
1018
3004
788
3508
3612
5480
1474
7416
508
3588
2952
3740
1962
6026
5588
3454
2982
400
159624
9308
238
3736
5900
273678
4188
1100
824
212
500
6572
980
5116
16820
8624
2342
1606
1178
2314
5376
7442
3296
4404
1306
936
874
382
3362
660
4076
5444
3780
4258
4886
2868
4230
46004
3664
5140
4682
2392
2260
6210
736
166776
4334
1864
3348
3360
6906
101332
1478
396
2336
2370
4436
4814
172858
406
3950
3048
276
11290
51016
1890
2326
3854
2114
3736
2190
858
1234
272
2260
3350
78020
6312
242
412
129518
1384
2112
1968
3452
5486
4452
8820
1664
6150
1012
3880
7294
2984
1960
382
2342
360
3726
2068
4362
5654
1218
2736
400
1510
215610
7770
3086
764
1898
3470
70680
362
3208
3328
3256
3976
3356
4440
5770
4632
1298
264
5512
53732
7656
854
852
1790
524
4810
1692
2774
1656
5072
234
7356
530
1380
4924
1014
2642
3160
1970
904
1704
199542
5276
8536
8440
2122
624
1436
1866
2536
990
8486
5154
2392
1290
4282
2430
1882
5508
98188
264
5638
49384
57534
3840
6438
333944
258
4468
412
238
27438
4226
2372
3700
3568
934
512
548
1948
3000
498
2308
848
638
322250
636
2128
94460
457078
3184
1878
2710
1082
524
4804
8012
2706
328694
23360
738
1520
127744
1648
856
2234
720
2444
3984
418
194856
782
3426
2776
354
3856
1000
532
3644
516
2288
1506
1564
2750
516
3180
2696
1252
2738
1696
3240
192388
774
3260
8372
3386
3076
4464
3050
394
8126
1950
7344
5524
4894
776
3570
5948
71376
264
3442
1232
902
636
17826
1824
3670
482
2470
3438
3116
3252
2078
3756
4334
4632
5284
5428
2418
254
1124
1414
400
4148
6990
5630
238
4196
1230
966
113036
736
1478
1756
4838
1620
1096
45780
2914
6896
598
4394
960
1336
3120
3294
1244
1408
404
2620
2358
3224
276
4352
3560
2924
540
1614
5182
5484
228
7410
2696
244
4236
776
66468
5832
5976
6084
1386
1556
8576
2552
1312
2016
614
1106
2700
2836
3292
7556
394
4312
12482
2930
1004
1464
846
3338
8808
2956
282
1546
350
5398
242
3046
816994
532
5820
1396
2836
236
2668
5310
1264
4450
24236
2400
2466
4096
10004
1380
676
1930
3646
4384
5900
1182
363498
4344
4728
364918
610
105956
1308
4522
4134
749520
5332
402
3728
432
7566
3900
1750
6218
7820
7750
28358
4480
7576
3132
1288
862
3410
3446
3718
33462
7316
72822
4392
79014
8082
3460
7622
303860
6340
4844
3328
3984
3062
70492
5108
1272
674
5402
1224
1302
272
502
4410
3236
2546
242
1790
4806
2694
506
2516
9094
4346
4758
7382
1544
7010
1336
5868
2492
1316
1160
2576
1532
2854
3022
2426
62598
3898
794
58988
4776
4128
1512
82480
2462
2040
12734
5130
98252
2058
508
1400
2692
324872
47162
360
121838
50562
2126
2832
4376
2372
3476
8032
518
2530
638
3790
99446
3854
2254
1500
1762
2376
1168
7590
4032
5726
64922
1702
2834
2910
1622
3968
258
3410
876
3722
2020
3908
3150
3552
4208
2756
958
3762
3880
1458
5434
580
4486
2048
1028
1138
3320
5496
5146
6872
2660
1842
120598
1480
3876
2866
1804
3410
5480
4396
356
7748
1014
2062
1140
284112
1886
4360
634
6686
3340
1604
5616
2130
4876
2872
1900
1930
340850
2938
10956
1890
5174
1678
3266
502
1674
304
3976
1202
2330
402
1364
107156
516
402
153316
2912
2732
1608
84350
1388
1572
242
4226
414
2230
1056
1512
280900
7332
1478
4538
2204
2968
3174
3596
4374
1836
232242
4300
492
3834
4988
2976
2002
3130
3054
1000
295560
2110
1640
1796
1444
498
4374
1108
4758
2880
2004
992
264
1710
3466
6882
230
4368
1038
1162
2974
1640
264
4998
64632
2926
3000
730
1124
1886
2434
3016
4594
3202
2410
47346
898
2068
1938
590658
1616
3178
6890
3006
6536
514
1796
3432
2124
2062
3856
7414
574
6934
2196
3308
4056
2336
1420
1638
2612
3142
1440
752
2892
2060
2508
2686
1506
2428
5788
1524
2126
7034
4292
2836
5406
500
4914
2136
1958
972
142926
3444
7924
1284
2032
3364
8216
9344
4004
576
2144
2980
4448
1038
4110
1940
1684
4350
3380
1656
5934
3796
686
4964
1658
840
1584
4514
6516
231026
2240
201010
3950
918
678
1928
1926
3792
3980
5518
2064
2394
2280
2564
291522
2670
1404
1832
238
1846
4294
550
8740
1860
400
193700
1846
129462
4900
676
642270
182642
1982
2832
400
2342
4434
358
3144
2248
414
1786
7016
1488
449674
494
4010
2686
1488
398
3256
1592
274
1762
15458
3280
5528
2906
150748
5018
2290
4918
2028
9620
1326
5722
6336
28316
3266
224444
1178
109284
1788
2816
3094
270
1912
1474
1392
3408
2292
6496
482
4240
754
5100
652846
1128
4400
1352
3928
4070
596
1356
46842
2458
3922
47586
3166
678
2388
4014
516372
6986
3120
3452
146470
6004
2678
1420
256
570
1820
2208
1234
3106
97258
4858
1786
3876
1816
4326
2124
10536
2370
4022
2788
288
6280
7574
2886
4722
4808
5474
5482
18714
244
872
1644
4604
4966
1464
3410
1258
3082
1676
3668
141686
4384
48172
752
890
258
1232
323368
552
496
3750
5886
786
1330
178454
2468
2492
1882
230838
2004
1126
2920
130680
3666
1792
344
862
572
5632
4468
4696
392
6784
3854
5644
338934
2500
2888
5514
3754
3304
934
678
534
1164
4248
3944
5160
3594
1622
250
4120
1454
2540
494
630
4412
400
480
540
3796
1818
270
2792
3976
6510
3922
3990
2722
7008
1468
8966
5452
4318
1998
3876
344
2236
4808
6420
688
4456
4004
2680
1882
285752
1410
6394
7560
1098
100984
1776
3030
488626
1226
3306
1650
5108
3376
39624
3584
252
1334
498
2602
1788
5584
1726
498
3092
1412
724
3360
3430
6624
12778
4756
1862
4038
10876
5194
410
2756
346
271592
5526
1260
195756
6990
1384
920
2486
240
244
230178
712
2638
4600
1272
4270
346420
1700
1336
2708
2288
1372
1020
4738
2246
2000
4794
1306
502
2188
6220
2652
638
860
398
5518
454534
710
3402
1792
5088
1828
3068
2932
4352
480
5840
2940
97420
69836
4256
5000
5622
408
5318
708
117416
2730
8488
5322
5570
456
3154
3100
26308
4664
150190
2184
6208
3036
606
474
400
2608
5152
4160
4174
128638
4708
5530
3576
178598
5234
1842
894
246
394
3734
854
2368
2514
906
2424
522154
2346
864
2776
3034
3690
238
20738
150568
1028
228
4184
750
2660
862
680
878
20534
2476
680
756
68252
4320
1728
1496
3654
500
2884
398
1820
112152
5846
5570
3224
23052
2084
4020
1532
1458
3282
1008
418
132872
4780
1806
2356
539578
2590
246
220
259348
628
2246
748
33230
1562
231156
1574
3060
358
1978
350
2664
5042
3572
2622
664
5076
630
1596
1446
4036
7550
742
354
510
8538
5500
282
2926
2370
358
7672
2094
918
3084
484
397814
5080
216460
4486
1110
2838
65580
1004
3096
3672
1906
2900
3202
4460
2808
3526
992
3598
2592
4624
402
243306
3764
71958
4176
3844
6554
384
258
4980
4620
412
3540
754
3938
1436
479182
6420
906
5404
410
29278
3058
3432
2570
7166
1112
1060
5554
2380
1520
2638
11236
750
1682
2230
212724
2972
2384
2878
177028
3500
686
738
976
356
265498
2202
638
2480
248
2964
8362
3324
4092
1018
490
3908
3940
6006
5496
1016
1504
7404
6074
7276
4864
9184
3638
5836
3404
3898
7506
6870
4054
18872
1960
516
4542
8948
38762
2008
678
2172
1466
2242
782
2618
3396
382364
502
2116
3292
2586
1060
528
5786
201828
4128
4404
716
266
9750
428
2256
5944
784
2878
2510
3004
3990
2254
5052
1252
678
3202
620
396470
2238
1950
2720
228
3122
244
2590
13682
1184
3160
8074
7264
3944
465220
4052
102210
990
4138
7724
66902
1986
3982
356
3366
1564
2386
1540
2910
848
3014
2300
1846
2150
4422
794436
2808
5020
3152
621414
404
2516
6828
4144
4240
550
2184
2606
3684
464
1032
4442
802
8842
2782
4992
6804
242
5678
2488
5766
1678
4552
248
748
896
1842
1192
220
4132
4346
8328
161130
3044
5344
4342
4266
11484
2530
396
62038
3360
396
1334
8602
4200
217584
2190
3650
1256
1582
1994
3432
5748
3332
4230
500
446
33452
522
9188
2538
37542
744
6096
8730
83366
4088
128454
6086
244
319278
3022
4010
5956
222
5228
5970
421356
6170
264
239250
1252
374170
3366
238
3238
4530
2880
5206
2202
2204
3252
854
4118
2100
4254
3802
5670
3386
822
22536
2616
5618
3298
5362
2848
1866
2330
1848
3670
152644
2334
1370
2050
990
1520
1696
2616
1194
8850
914
634
670
207898
64824
840
2652
4872
1218
1336
6792
2110
396958
730
276528
122400
28260
2532
3156
25018
722
6824
1362
3950
4710
1190
2072
79884
274
3436
238
2500
3172
3218
3478
414
528
641018
1290
3078
7326
1818
3574
2412
272022
4460
3260
32130
2660
3680
2686
1118
1238
3790
1106
37746
2506
2242
5934
52512
2146
2254
2908
962
197054
264394
2580
259054
1902
243548
742
2654
11582
354
2784
3856
2150
864
9940
1748
3078
18002
558
72280
4140
1968
4922
3564
2054
470
14214
2416
82046
1624
270248
804
5094
5270
3726
492
170860
646
2130
1024
1640
486
6634
5158
6602
516
512
962
135378
3376
5998
92396
582
6672
2572
4524
1630
4058
1040
7586
79790
238198
2612
1816
2438
3270
3692
2330
8790
480
2932
3440
1672
2852
540
1970
38424
856
606
5904
5332
3768
504
2516
1586
94474
1810
1662
3776
4986
512
396
1356
15870
2902
5322
22894
239922
398
2582
3864
1240
11198
2464
606
526
2802
4206
3180
512
3468
169694
3330
5786
4994
8730
2404
2786
984
3262
400
1974
262
1688
3702
968
842
1736
56840
24606
3730
886
6482
2772
10516
7476
1200
4492
4046
3290
2056
2996
1378
2526
526
2994
242
7292
1832
338
2488
2120
1318
3516
4164
2566
238
962
3632
2216
5304
1278
678
922
1030
1486
4824
4112
1724
1224
1264
1482
2622
3508
4762
4486
14036
1376
910472
398
604082
258486
538
362
2092
85394
1124
4316
4206
2778
938
4556
482
259342
2872
99554
3774
3982
2366
120006
410528
6850
7990
239498
1006
1960
3100
1254
398
346
382968
448
2306
1752
4106
161182
672
3032
2098
122180
3940
2176
4064
1226
4480
1208
5006
1618
3432
2516
256304
5100
3214
610
157346
533512
3072
3046
4330
894
3314
2208
1274
2244
3238
4956
274
498458
6314
4750
1444
4006
3252
6440
42240
798
5860
246
770
2370
2832
2236
2188
460
10652
912
608
3920
5024
5670
3720
120244
548
1022
3858
600
6114
9708
3586
8250
4052
244
480
552
2782
1374
3990
4140
2122
26372
1684
758
514
45764
996
2324
3234
1242
2486
15082
254
3722
1652
2534
276434
396
892
3156
1512
1508
2872
5526
1944
1730
802
4510
3012
1982
416
1608
594
2748
1370
4656
4646
1772
400222
111376
762
360
1042366
107210
320522
3760
3672
770
6104
35462
3728
3270
1318
3180
474
3290
3576
5396
1378
4894
191414
19046
396
2828
4034
3502
2918
3278
1280
3514
3772
622
292808
1586
2768
2648
398
4548
882
4708
337074
3554
1712
97816
3508
5882
4310
2556
4232
4886
1694
1816
7262
5266
4518
3476
1716
4696
1000
816
5490
4564
1068
4254
868424
3086
4200
1766
2448
6794
3854
272
2454
2570
4884
3594
59312
1876
4274
4184
10564
2176
2934
1790
1530
40140
2488
2688
1522
4306
2360
3474
3388
455500
1890
2516
1716
1038
3970
1044340
2308
1256
686
352638
1868
1262
276
3898
1186
484
3054
2796
2090
7204
2430
2626
1516
1772
1960
2272
2316
4424
4712
3110
1278
1640
23888
2600
3696
898
1134
2580
3052
7644
3700
2202
1144
2230
3450
5400
1356
402
1156
2634
3852
2898
1488
3152
342
1506
1986
752
5528
1564
6540
3088
1328
484
1646
2470
3240
5456
4448
4186
624
2148
4246
1938
3456
4192
3586
2682
4080
4310
480
3088
1400
3012
2650
3312
4354
6338
2220
3722
1304
850
6500
3592
1142
686
1148
3966
146282
4468
3716
396
2148
762
3310
1922
1208
162494
6152
3578
2198
6318
228
512
804
5374
3222
2828
4034
4080
5926
1142
2422
1494
1570
628
4702
56416
1422
1666
1768
9402
2758
596
2466
5138
2828
2002
3562
2398
1852
1738
4358
275084
2348
1120
155822
2760
1552
2762
2096
3142
362
1448
4024
1574
2710
3870
1592
157380
1706
1322
3276
4048
7006
2760
5486
3112
4242
261876
600
260
246
2338
2560
111866
1608
1634
2804
1782
964
268
8432
6370
2320
2982
1544
2368
1888
1786
2926
406
2470
1136
4938
3830
2370
3684
1136
4454
2112
894
1148
3662
2054
642298
2902
1554
5278
2182
3600
1146
4080
2392
1260
6448
3946
72062
2956
1730
2944
1656
290470
3064
8064
366
404
1424
2604
1256
3672
2980
1156
548
2690
5076
4178
1562
3412
3190
2688
3322
5110
320014
4384
2944
4712
4930
32938
4804
5062
1954
1630
1894
1376
1450
8314
896
1282
640
248
2484
1368
276
5184
8350
1514
514
946
8316
46094
2268
602
75712
1452
1178
1716
1056
3296
3040
334474
2478
25868
3236
110934
1662
246
2664
238
2746
136566
5154
6530
7214
413452
4318
3802
1946
10258
1062
9726
2496
1250
5932
4526
256378
854
1968
7180
5280
430284
1664
776
8978
271774
398
1992
1588
1570
6304
2410
1484
2400
1694
8146
506
2142
112680
8322
2802
1374
2978
4650
1808
2136
1876
278
2482
1412
1688
3932
1156
3540
36164
4346
3140
1028
2552
1648
2650
3880
4702
4064
5276
232
35408
1718
520
1840
341842
728
2578
1574
2800
5344
3912
7028
608
256
144060
612
2154
2200
4380
476
5760
2162
1684
1380
2050
238
1754
655596
510
1364
3782
3242
1514
4204
3446
606
5354
244
2088
3954
4720
1070
270
3124
3564
1150
2044
3066
1238
5394
437824
6464
3354
323854
8608
3028
80722
617502
114902
10142
6250
5530
5578
9320
833640
2780
220306
1216
2796
6630
2706
3114
196462
2854
3296
3668
606
1998
3000
2064
220396
1436
816
3490
1728
4766
4466
822
1598
2264
2900
54892
1858
8116
1116
1572
3598
2272
572
1166
6990
3532
4706
8126
398
4456
260
1916
10794
1866
2130
5998
3522
3864
416414
258
4482
4194
3148
2566
4136
2470
544
295832
522
539008
1378
1810
6020
3224
478
6096
866
594
1014
998
68224
4930
596
2652
419766
70070
4470
6218
6104
960
4714
1736
406
1802
494
4794
1130
1452
4286
1614
802
189118
2006
510
2672
2452
4616
5702
352
3368
4094
5928
3162
9250
1512
4142
3524
6500
2742
3462
1510
4062
2634
5552
8372
2648
1034
1266
5208
414
612
356
3452
3414
3020
2696
2124
488
3944
6360
2838
3418
11012
7566
3314
2516
1324
1708
4618
3670
1860
13970
4722
360
1294
3872
7924
3200
5268
6248
5124
3988
598
1512
5444
3590
3906
6872
862622
459940
4760
207394
1824
3340
2078
7766
2340
1924
168596
2368
42210
394
1308
398
7086
2704
3882
3236
844
3314
2038
918
476
1852
400914
748
3622
37056
502
4940
736
538
7190
3992
1454
252
8838
7898
1116
4892
5134
3440
1818
364
4786
6264
372450
239872
4936
3012
2332
2200
2350
2412
