1111:11100:0:0:0:0:0:0:0:0:0:0:0:0:0:0: (total 7)
0 4 8 12 72 Thread 0 going to cpu 0
76 Thread 1 going to cpu 4
Thread 4 going to cpu 72
Thread 2 going to cpu 8
80 going to barrier (cpu 72)
Thread 5 going to cpu 76
Thread 3 going to cpu 12
going to barrier (cpu 4)
going to barrier (cpu 12)
going to barrier (cpu 8)
going to barrier (cpu 76)
going to barrier (cpu 0)
Thread 6 going to cpu 80

going to barrier (cpu 80)
cpu 7 cur 7
STARTING...
STOPPING...
Duration      : 10000 (ms)
Acquisitions  : 22940582
58546
532
1506
2838
1762
1128
1288
720
1474
1484
2312
2102
66864
12976
1654
262
3476
3346
3280
2690
9684
1844
1246
13072
11260
2608
2620
1720
2628
1318
508
382
966
610
2606
1436
1254
2144
954
89274
1350
1850
3388
45590
844
2142
738
54468
384
1056
602
1782
1370
1222
3622
1394
1380
908
610
2538
998
484
252
1150
704
518
1256
144622
238
1766
1996
352
1950
1746
248
20260
2070
4388
392
616
12334
2540
546
1484
408
1616
1792
2466
2394
2990
344
1916
406
3110
1480
1530
123526
1154
2084
32676
2288
624
63120
1732
1110
1160
936
1578
2206
386
1130
492
2372
3432
1268
484
1650
2470
876
2052
1474
1176
1060
672
2830
10598
820
1958
2618
934
2188
2410
2676
1508
1208
1516
81578
2846
1520
2578
1920
1000
6416
250
6384
402
3266
256
2248
386
62610
1324
1748
22862
2444
4414
506
716
14652
1302
2630
1994
2066
1778
1656
658
2504
246
542
65866
522
2744
382
1246
18018
620
2802
394
1250
3300
1178
1512
1210
1760
748
390
17806
2332
1070
386
16530
390
2230
30044
270
1284
486
386
276
1726
1508
1506
1838
1400
1070
1644
3410
2344
5490
486
1518
70024
2328
31166
1792
2060
2174
3052
3186
510
762
2918
71644
1594
488
3224
1508
1508
2056
3912
15312
2114
2730
386
77824
2496
19990
1650
880
1388
1536
2022
1184
1226
13656
52640
41370
1782
3182
272
1510
28506
1218
1006
1936
1100
1486
520
3828
2042
500
1202
1264
782
872
1206
1156
1312
404
8358
432
398
722
816
2524
13168
1378
2614
24956
3486
718
4454
3764
258
2494
4144
1270
258
2618
3484
13850
518
2558
1364
2032
4524
610
106168
31608
2074
1300
1130
536
64474
1678
2884
1830
24470
278
2630
29478
1054
2038
242
46382
1872
532
604
1656
1592
33244
37674
494
694
11462
1340
1538
516
2070
3672
3258
2356
2402
24464
740
1718
7108
22186
51808
504
1968
244
660
2744
2042
388
3424
1666
382
2298
1622
622
2480
876
4280
4826
994
2482
532
1286
49912
1236
2540
4108
1584
498
680
1402
512
181368
536
24820
5386
2514
376
248
2240
77114
2686
1414
48548
1108
1804
4850
3020
6872
254
484
6460
1324
2918
3172
15970
10828
40732
514
534
1324
524
388
850
526
2102
1874
12492
1614
2914
536
234
1144
2736
2744
101870
1842
33094
234
1562
1734
1496
114116
1826
524
3874
7696
48844
600
1998
1164
1658
382
1888
12902
1040
1430
412
6092
510
1340
1384
388
2270
1738
3062
486
1370
17650
858
1268
2240
252
1728
70726
262
1278
994
478
2114
1698
27370
1880
1678
2410
1654
4216
344
1584
1886
6866
544
1468
2370
3722
778
850
2096
2020
1686
2170
768
1732
14394
818
1604
4220
2988
384
25508
2442
1292
52386
234
1960
1670
2746
2604
4034
662
27374
1230
2996
2182
2184
2448
2284
65500
1686
2630
246
648
3168
1206
5730
1884
2938
1574
3572
2240
109404
1710
2972
518
1148
65132
2022
36350
728
504
246
282
248
1656
388
494
2568
1386
2648
1900
412
2742
550
1638
1236
1158
724
59942
706
2606
74148
478
1544
518
372
23794
4336
494
494
2262
720
3864
1162
24866
2092
1474
2104
1322
11008
742
1474
384
1260
2928
2868
1634
246
506
2922
2376
1232
4030
1198
1494
2090
1802
1412
1858
1760
1166
1436
84338
574
2114
25034
2346
654
736
560
1560
758
5456
2024
3384
1936
280
2076
928
4792
2024
1818
408
5742
748
528
906
1824
2264
522
348
2328
159086
2362
1546
1480
1284
3518
1074
392
22312
252
502
2826
1612
274
386
1706
718
2710
1766
274
504
544
510
1312
248
12718
2618
4118
1766
492
528
1606
17084
394
2112
2338
690
2218
3870
2628
83926
278
2796
746
1174
3226
980
80152
2574
1552
288
1438
1920
9338
1336
370
414
654
4972
1882
2134
406
2918
152174
3210
3600
38716
2478
11562
4050
1626
4052
2752
11678
2018
4036
9510
252
2250
1022
516
1668
1148
466
2948
44644
1886
4078
25046
256
386
2424
1658
1662
2788
2146
1876
1652
2058
974
1798
2338
740
1036
2144
288
2158
1798
1128
58626
2202
1540
1382
988
384
518
1534
1146
514
2018
732
4926
1354
498
238
2380
654
452
858
620
1608
656
752
506
39296
3810
1616
2012
2316
2020
2670
1626
2538
1656
79530
2604
28504
1376
1900
1692
2714
516
1518
2444
1644
2764
1664
2246
1324
238
2774
1676
1878
1294
252
476
1602
2604
1374
776
748
2940
1374
1294
4874
620
1700
3220
240
6848
726
1378
388
1898
744
24260
2004
2058
5568
1592
282
50780
28230
2358
2472
1840
1604
546
396
1602
1592
538
2916
84220
348
3106
1912
75686
1250
1142
1268
4086
1254
994
1562
250
3322
1894
9912
1992
2120
1794
740
542
1124
1274
482
2748
2140
1146
140840
1442
2288
600
1256
24380
1374
2360
272
29498
868
1488
1344
1132
1236
1088
2982
998
274
1768
3242
2466
1242
252
514
1784
390
1454
1098
3088
1360
4204
448
1368
1370
97494
1540
250
1540
2988
704
13934
594
472
1624
488
1306
1268
2056
1226
4026
1882
1402
1234
6058
1180
1394
2838
1254
796
1616
2194
1832
1232
27722
1336
250
874
1474
246
1172
1798
1356
1562
1028
1486
1502
1538
616
60834
1494
1584
68554
1726
2186
32322
270
2796
3128
1024
24390
1974
478
244
12574
260
2740
2326
502
842
392
1628
1694
1518
71380
21168
1624
32578
1470
49496
47204
946
536
1112
26656
2156
4072
3100
388
878
2730
1706
1370
1292
588
508
20764
1478
1294
1148
388
3610
1422
728
1104
392
70218
77654
38964
2466
710
1208
22580
3656
390
1194
742
2568
1332
1162
876
3280
258
1052
386
1170
1236
2402
1510
1738
968
1234
1324
105300
1898
660
1284
2352
6530
1662
1524
1854
1898
2120
1846
1234
3180
1248
1008
1004
2678
722
2774
20144
1858
1654
660
6724
2666
1484
78536
2206
1640
2048
662
678
1150
802
512
1338
1774
2754
1098
2792
256
1776
882
2614
1236
1230
1554
1452
3314
1418
498
1924
514
486
388
1428
1940
960
4828
1576
1904
1356
2268
940
1460
1356
548
2036
3204
2918
1730
36464
752
1658
1650
1138
1368
1400
654
386
558
542
3140
610
1434
89468
2156
612
31610
1964
2062
3288
1784
88664
2010
1184
388
1632
316
1292
1760
250
1126
2464
1554
2048
44228
29276
1916
1004
2786
658
3556
1706
690
3128
658
514
1460
1190
2732
286
542
842
392
1254
1244
2060
107744
2060
15994
1602
6540
1272
2628
33376
4202
514
2946
2648
622
492
1372
1306
1650
2084
994
82698
1066
514
1194
84292
1542
1372
2560
1356
26784
508
590
1794
2120
494
4856
2192
2074
384
3952
1836
1884
2494
1164
9334
470
492
25804
10886
594
1390
380
2242
754
540
1462
500
1720
1592
1624
1574
506
2120
1240
494
3152
1556
3082
2130
486
694
372
424
1644
886
2570
1478
1580
51148
2382
121768
254
23406
1944
3462
2962
12318
1566
2264
2056
2044
246
2300
246
30596
2300
8794
1174
14088
1050
894
2396
28820
2508
1604
408
4252
2018
1162
2552
394
344
276
1666
872
2428
5044
1848
2706
2158
1000
346
390
1076
5872
1502
538
940
732
58454
248
238
1624
12380
1800
3710
400
10530
656
1802
2378
2764
656
3530
3042
662
2034
43422
1540
1242
5474
1716
20184
1168
770
3590
3348
1776
2070
2840
226
1180
2370
276
658
2722
8046
1362
2754
1978
1944
4042
30658
2162
1432
4136
554
2840
926
5272
3114
2242
1746
1712
1082
660
3608
3946
14626
54832
2538
2020
2606
1790
1950
2854
2612
1570
694
2464
1542
2414
1664
242
282
230
382
1894
2838
2904
1724
2424
3494
1804
2638
2848
862
41134
920
2980
55212
9552
2930
728
41506
2774
1670
1600
1868
748
380
978
240
656
590
532
2706
35318
2994
502
252
1560
2878
314
1872
3060
2692
534
1410
1460
390
1442
1660
388
1676
1546
408
492
2692
2462
8584
1886
122128
7850
1824
228
3272
31482
3544
2032
716
530
732
1684
2274
1710
2148
7232
1860
2284
137992
3316
2136
1560
476
734
1540
3040
1734
1272
258828
1216
484
2474
666
228
1416
2542
1502
542
1926
684
510
408
264
2906
920
1766
1446
53412
1908
762
45410
1488
2554
248
1034
38688
2428
236
1494
88782
1330
44718
2682
2242
1182
3912
1070
2906
2744
1164
2302
2406
250
2004
1448
30908
1260
54312
650
2194
66216
11704
3852
1574
1690
3468
390
2738
768
788
2384
1686
2646
1634
38640
1410
3438
600
3042
506
490
1952
416
938
63652
1642
10440
7272
3874
2290
486
1262
240
900
2132
1926
59080
1174
1004
1392
388
494
2274
1464
1148
522
486
410
2656
1322
1608
1998
384
266
248
4054
2828
1908
624
5450
648
2150
390
28634
666
1150
2468
502
536
1026
538
29286
1114
302
482
386
388
276
3546
53950
2862
2428
2954
1914
3772
1500
1738
538
544
2166
2076
2388
246
2954
1266
276
1644
526
3020
2624
2136
1576
2116
1098
1138
1784
2328
1368
1748
2304
2284
412
21618
2322
1782
6088
1138
3082
700
1350
2166
1438
3232
3088
11056
5778
1108
534
1464
386
1368
2478
2870
2116
492
1802
43468
552
2034
1332
13626
2112
1508
280
3938
2198
2732
668
252
32068
1606
2862
618
42022
2368
238
1494
2132
2090
1906
1192
392
2628
836
1754
12866
9862
1848
648
226
550
230
56828
3902
106904
3552
50796
4096
1590
260
414
2814
656
3576
8370
3408
2464
1392
504
1450
662
2308
1262
1548
498
384
1274
47532
2782
5590
1634
1300
372
1706
506
2200
782
246
2670
234
970
1712
32786
1190
1614
1746
1920
254
1616
2202
4208
4276
1388
1984
540
370
612
2222
1986
1586
522
1568
3810
340
3362
1156
528
26854
1822
4500
3066
3718
534
3062
3212
254
142554
1622
2562
6642
1618
248
2596
2118
1750
3336
1854
2342
1020
1524
2954
522
400
1026
776
1254
74654
1584
2772
2398
16406
2406
1706
848
998
1264
1566
250
1478
490
384
2048
5598
1682
1540
886
10504
2812
3622
2382
660
642
2062
1382
1248
998
1566
388
2074
1414
1464
538
2614
2342
2348
2886
1806
3922
1836
1876
1176
1684
232
284
534
5094
29644
1722
1126
508
61438
4650
1408
486
3154
278
14038
2692
1544
390
1546
1030
2414
1024
1160
930
1282
2070
666
1184
4292
524
2398
3052
2648
268
1246
736
2180
1952
1328
254
1652
1854
2744
672
598
3928
1330
382
2652
55460
1468
1586
866
1024
1352
470
1534
91380
1240
3340
232
1272
2196
1366
1400
350
59444
1520
1322
860
1886
16796
38738
1012
270
2022
1726
1792
626
3110
2068
5330
27852
2264
1310
482
300
2194
1944
656
2654
3046
3542
1634
85548
1272
1652
3106
1388
512
1296
13462
1398
994
528
1856
1210
1928
1696
1450
1384
1698
1652
868
1536
13294
1594
1242
392
1110
2398
2646
2122
1376
1366
40544
3780
1740
2018
1342
346
1480
620
1728
722
3076
2752
2014
1520
1368
228
516
728
23536
1646
400
1650
2554
1366
1298
1556
2390
1578
15652
2914
1616
476
2698
1624
1574
1764
498
1764
1790
1446
1966
29084
1256
1634
268
718
2824
1170
1334
978
740
504
598
1046
2040
3806
3892
990
1234
542
1790
374
594
1456
2132
512
2010
1758
490
1126
924
1518
73606
386
1744
2002
1674
1602
22018
1114
946
656
2052
412
386
2424
2210
1706
1788
1174
782
2256
1378
1382
3748
1398
3450
2416
1468
504
1660
2412
4804
1650
2220
1070
15060
1846
1388
546
1524
290
1244
1364
2004
1050
1554
3808
512
2056
1226
1810
1512
972
1210
1618
2196
1430
2496
1126
20902
2080
2488
1698
1526
2292
1508
666
1744
1242
344
388
1974
49472
1780
3658
368
3790
1248
23096
590
1474
2492
1088
4904
538
1822
1634
18514
2592
62130
482
3150
40066
370
512
488
536
384
528
1628
1600
1164
842
242
5892
1636
1094
64550
28052
3780
1758
1776
2668
31270
392
382
1312
3272
2578
1966
246
1394
974
290
1358
476
1658
804
1372
1556
1584
2256
242
2500
2852
2484
3852
3256
77830
1572
250
74688
2184
636
388
2844
2204
1502
164240
4706
43270
2808
1194
34524
2356
244
2500
490
25806
1536
3036
258
2944
648
1758
606
3718
2506
13946
1234
1618
516
1592
1478
2214
1378
1188
2940
520
1312
1662
516
2988
1598
2990
44474
3368
10016
2208
226
2748
528
996
1638
868
980
2110
8992
2278
68640
388
1662
730
654
1524
6198
2060
1948
1490
1518
1146
250
1188
1640
1716
1338
1594
8482
3028
2200
2590
2444
1696
394
76108
1292
162334
504
43172
384
3090
1486
654
1704
250
888
224
2576
102852
15644
17292
1392
1362
2700
1168
3674
390
1160
72770
388
2424
1622
1808
2392
3544
524
4166
21466
2136
248
758
2028
1168
988
1730
2262
1686
1862
12230
5240
1234
2254
24970
398
91166
268
60454
5150
2358
1740
2780
1752
514
1778
2580
1260
682
1344
15928
384
1036
1690
388
3514
91250
3184
2782
1446
496
1646
410
13588
1938
4630
388
73328
252
1400
2264
250
488
2394
2214
238
386
1860
376
344
252
1258
1122
2318
1138
388
598
20928
386
3644
2200
2014
2436
260
526
4670
2556
2018
250
2816
548
890
1470
394
167054
842
2930
1672
498
5180
1668
1242
2608
618
790
9104
846
536
1796
4844
1234
2568
1884
510
248
3440
1600
2034
766
734
2672
606
522
2130
101974
718
6278
62128
1230
2752
614
1864
2072
3266
1370
1212
23700
4164
45244
2374
2268
1592
1166
2960
1352
3524
65300
1494
13684
530
2232
1504
1600
3128
2172
1926
29790
1822
396
108852
526
72016
1810
900
3806
2764
1266
29076
2710
1028
1512
568
790
3150
782
1160
1160
207924
2548
1824
1646
2362
1808
510
350
2008
1568
1722
3140
1988
1518
27992
490
1708
5798
2446
6034
2906
2772
13294
534
2028
2460
1198
1312
716
254
506
2596
1416
2638
33188
388
1484
264
1636
11904
1546
248
262
4436
506
2002
1148
512
60048
384
1212
1736
620
2170
5006
1762
1330
1968
1696
2658
1600
670
4326
2444
5226
2002
1474
1060
1120
596
2056
67370
500
962
1894
5286
3742
384
3008
2280
244
3442
388
1544
534
2896
1320
1486
1938
39324
2084
3836
2566
7200
266
2368
1970
756
1348
1680
1146
5438
12158
2526
2058
3762
1916
3290
2248
762
696
268
31344
242
3166
1820
2580
1776
2986
386
2770
1516
1138
1984
2464
268
16368
598
586
1438
2904
2090
64414
3250
2068
836
226
1758
1760
1484
1974
2452
1120
2496
3026
606
1564
992
2016
16018
1448
1486
854
1904
1232
1488
1418
1244
1428
54978
1066
856
2058
2098
1304
1922
3348
540
1320
154174
3582
1756
1978
1672
660
248
256
678
1904
476
1604
1108
280
1216
384
732
514
1792
250
1372
1862
658
504
2086
284
2340
1780
4234
2160
634
1382
832
1990
2474
7100
25756
1396
540
25748
1812
606
466
242
560
24296
272
1296
1256
2406
504
2264
11830
8760
754
1428
5320
123182
236
1538
2154
2892
32264
96674
18098
8530
1150
1456
1306
1824
1782
1330
62162
1410
75168
864
870
1344
402
868
6546
3138
24190
1606
2594
3790
93836
1468
2528
3592
636
1676
34518
1990
1956
5220
1418
2404
2826
1168
690
6830
238
1360
884
390
416
1972
614
2690
18278
2466
1372
1732
1342
1318
2078
1520
1110
270
1774
1458
82062
1884
532
1066
1078
542
4930
402
2990
16808
350
1376
384
488
516
1752
1392
1316
1856
61268
1260
3184
2100
2908
46554
1950
1576
606
554
246
2936
18646
1618
3066
3866
250
1836
2312
27142
49794
2414
34464
70402
2814
224
682
1830
838
250
2770
30964
752
390
113908
578
388
3136
256
420
24876
620
1504
5994
694
1814
1516
1606
1468
2370
2110
72330
496
13510
886
1948
1544
550
3090
1966
230
1516
3184
242
722
1792
4448
3466
1688
540
1444
2876
662
1204
10020
1398
1224
2412
2036
2150
26940
2640
2612
1220
2048
4650
2842
992
546
486
1650
1496
3596
386
516
3808
1846
3022
1996
10434
3796
1744
2744
15508
668
246
1640
3766
2330
2950
1928
414
1554
1330
1342
542
10654
21924
656
552
37342
2762
1744
15782
398
2830
1778
2322
290
1556
1396
2082
3416
4502
21406
54396
1386
478
4634
2634
256
1706
388
29998
2802
234
1640
658
1446
230
510
488
244
5684
738
153038
994
1544
27516
1816
3620
242
2576
1452
934
508
2312
248
466
2202
3782
1018
4268
1452
2630
19078
2382
2926
33084
522
26034
466
654
1952
1690
1036
1798
358
1508
41978
1102
1366
650
1882
2256
2112
15564
634
1802
382
370
3564
244
1720
2634
3546
1246
57600
388
1922
1098
2326
2450
52078
1260
1120
2588
958
1364
602
2688
2816
2894
1630
252
1260
1802
1874
490
3374
2378
518
490
2346
23582
884
2232
3760
3470
2392
1956
1502
1230
254
994
20248
738
3004
748
1822
654
2068
1264
4000
278
1892
384
418
1500
1830
278
2616
252
530
1374
410
4162
4176
1466
3846
214
656
1858
41918
3694
5168
1862
1870
2454
1486
386
496
42598
5392
2040
5394
1266
1234
1526
2856
660
3478
2128
1672
1052
268
22822
1606
502
1456
652
1796
1074
2730
1512
2936
1502
906
1952
1516
2970
240
1206
1674
1294
12988
5844
614
748
1630
2380
2730
1710
1512
1026
506
664
870
698
1832
48586
252
2644
614
1016
1492
2388
2626
1290
1438
4834
2392
1696
1614
488
4090
3000
2216
102244
33382
42180
14326
54792
37106
40508
91902
187544
24122
10332
41990
39866
32702
33524
25400
59248
44550
19432
39430
11148
85356
33452
26094
36204
61100
112000
32736
54040
840
808
35828
31748
80
88484
26956
80
68240
83492
26506
12238
3584
672
7788
28048
34724
46978
16722
49988
42400
54696
22666
6054
198266
11216
31926
3720
77952
53902
31282
55152
76130
82
5192
3058
2104
43024
26094
4224
2574
29266
91620
25198
42894
17204
22606
96582
23766
44300
15008
17232
27766
107160
23784
3106
19230
2076
73436
15748
34996
28160
80
53594
12110
28624
13336
80
6390
127464
10908
75372
30944
41366
4276
41176
91698
27886
21526
11462
31664
120364
4344
1754
15886
51868
40480
79492
46842
43698
248306
87494
17520
80
11804
160780
80
80
5538
17336
80
59154
132114
112308
87894
123658
9278
18168
956
5590
12392
157464
29656
118702
25444
40830
14242
50418
49206
19392
169902
15512
13060
28428
36330
50252
31704
56090
151182
83322
2590
9398
34788
86282
6282
25416
71192
66642
36036
45586
58876
4668
43040
247734
6590
480
24456
47036
80
962
17372
101674
99198
29552
47094
19814
44220
11428
67548
15960
21132
512
80166
31114
43340
6378
80
28910
6442
63842
147486
30830
29358
99538
89866
17880
28416
11864
8188
11654
274
2914
63190
29942
49818
18434
3314
71714
45640
18752
8994
2072
85132
29976
48130
76348
68120
37766
15114
43678
71624
2418
164228
21172
386
104476
30396
117164
80
5784
37602
45268
82
33468
36362
29152
13248
80
89516
58624
82
50544
14512
11410
7738
43522
12660
42152
3732
80
9700
15858
10578
86050
163226
1704
60194
19820
4336
30680
26022
84774
216288
41120
45962
23246
64764
34758
66970
72420
82
86914
378
22740
16646
32386
44764
36540
4976
101192
80
15300
27792
56044
30410
30098
99784
35956
2796
66316
25962
34476
93408
61936
58208
7780
5266
37970
12320
28750
48122
80
11476
53988
67672
22542
185126
50226
80
89030
32818
73050
21552
5020
28818
3424
32194
23214
41764
2844
25278
32034
143368
2094
5126
21960
162190
8530
94874
59412
6108
29978
33462
45858
15678
35870
14596
27206
80
20672
29186
27626
72030
52580
39148
1270
22684
223052
83678
75294
26478
15524
22100
19500
48840
5290
58046
44568
7388
15262
7112
45038
22802
536
24856
30950
4520
62014
9850
18112
108660
81904
49238
80660
106724
3858
21714
82152
40592
59232
22580
51914
50252
24242
44326
90878
115064
33070
123116
115150
80
107084
604
368
88926
82
27958
61036
11682
21226
69146
800
3170
82
140332
118492
251460
57090
82
3696
69206
96058
89726
43768
14720
118102
3524
12898
101026
8806
31166
9418
49116
18224
93490
50468
119946
82970
70990
4008
9654
6336
82
30290
16442
8480
22662
20738
78942
23982
22836
656
49646
88860
73468
39180
80942
10662
56242
15816
29974
102408
115622
85416
24588
184428
4654
366
82482
9740
95478
24348
36914
40402
418
2984
2350
35746
5462
111060
37170
44702
36560
78318
71988
7314
49476
90922
76568
20964
68790
128946
1246
48308
52942
6880
32404
35794
143462
50440
12850
2610
65144
4000
62190
32160
82
33542
46140
53404
31866
14254
76920
122974
24908
80
71368
148050
36674
20118
82
97362
20512
5650
149746
21858
73200
2902
57868
34622
3728
80722
4740
22822
26596
103248
59592
11216
83796
23138
13900
21178
2420
38448
10688
117668
4384
52684
69804
24396
38388
53702
57212
109136
80
51786
46068
53274
5544
39386
23640
13562
15536
80
15030
29608
18522
29522
89612
5810
53380
1394
63404
148282
49432
82
24772
55028
3132
75870
57008
57230
16152
69604
44248
26170
7434
58028
101052
78800
4620
24092
36330
32222
58846
32932
49706
22926
42132
8866
80
58734
47184
1986
59240
6744
28210
12746
69138
482
113978
9012
80
55424
38832
148122
28902
58848
73326
85288
28680
26162
18836
77082
33918
62660
27100
80
64860
37968
10876
69906
57336
109084
21746
14550
139080
80
53874
20182
131334
82
69080
12390
32906
60254
838
98538
13316
5520
13258
47460
19784
100340
78200
20196
522
69060
45798
91578
17416
73046
40314
11804
5534
648
60704
80
39748
1378
21962
12944
35854
59228
5166
76726
13398
89150
48756
115680
558
9566
4300
2952
80
155798
15614
22264
664
17764
107350
7198
2404
38126
23482
67162
53518
4410
8280
23078
10184
68506
80040
702
23796
99136
17192
43728
5104
94902
13144
6582
16312
5278
11722
221600
44366
8884
45426
80
68522
80
4522
30776
29004
23054
21970
64568
15144
36334
71112
2942
7564
91920
113776
87588
13492
60624
80
54236
80
23352
61092
64004
80
80
3596
56506
160550
54026
21572
80
34792
15884
89930
80
157742
7646
9778
21708
44302
11632
910
240194
152396
80
70654
165516
48814
7846
29266
25356
61544
2886
27994
80
55200
85540
115496
78164
27042
67410
19066
81164
27426
80
84552
8584
91678
82
55020
82
80
8106
80
57794
7798
142628
109820
80
23970
67576
91670
45088
13846
22862
87570
17916
80
498
60340
146720
24008
27842
14492
1832
9154
15048
80
38252
5162
58368
31240
24534
80
126796
46560
11322
46628
46364
17792
1350
2296
34026
21372
19774
54326
3974
18702
2858
47808
82
114220
43854
26212
80766
844
20684
26460
1414
6052
3334
81146
6670
20204
54774
105674
21312
1576
1454
23032
144296
1248
2356
4804
28086
7370
63576
82
15686
13138
66238
10278
128164
10800
231208
85884
20090
84640
25138
29808
10620
70296
2408
59766
28032
55602
4130
33028
49512
41008
121118
80
32702
24904
33648
88696
163414
33900
16674
80
53698
112284
24398
130802
12254
16350
14632
11146
38114
27452
54664
5152
13190
167642
92582
30712
67464
58832
18536
75458
80332
29134
906
9708
85608
114408
27506
72814
20474
43682
38944
360
59636
26508
69992
24764
93410
7112
41308
48934
78374
157762
15864
3316
5200
932
18980
97382
113370
131546
37466
10618
45584
80
44742
22880
18544
45080
45168
75180
24452
49312
10208
44332
42806
51898
11798
3968
85748
558
42294
25916
82
10052
13740
98618
10240
11428
23846
7448
8562
19198
15874
50904
3088
128416
95074
128206
269472
55122
28082
35066
14168
17206
80
4936
21262
27936
80
115254
73622
33514
12312
10042
30534
30804
51328
43666
48724
14844
2342
73582
16170
36874
22528
7856
2098
115308
137688
44396
562
25682
22506
21636
1378
1876
1620
262
998
1020
14866
1916
982
1832
388
608
382
1340
836
28592
386
996
2374
49722
3372
2242
1804
494
2040
1416
2084
30070
2012
478
232
2162
1612
1744
2392
20204
43076
260
2068
2396
4028
536
1066
1454
240
598
244
236
390
1384
1714
3068
1640
244
608
2850
240
108614
2100
1374
3776
67180
44956
2962
714
1888
1630
502
2812
3072
2846
1320
4932
55120
740
578
2768
2536
278
286
746
68880
2604
3492
494
19906
1178
506
504
4114
416
2006
528
260
1338
27054
952
1882
1564
14314
2870
1680
2564
1360
3914
452
2428
1234
1780
486
842
1174
1684
2474
1956
1358
1454
1332
1122
1548
84742
3368
1974
382
23888
564
4346
3536
244
382
384
388
1684
1880
230
930
1362
2528
408
7996
1780
2942
384
250
786
254
3718
1946
1464
408
4294
156940
486
388
2036
244
2336
1248
1098
1172
1830
774
29328
724
2182
2996
2536
622
1620
6458
15292
2530
470
484
2172
4116
16828
3096
1434
238
2524
2604
848
1956
788
84210
224
1808
610
4036
1548
426
83806
226
1458
2676
1190
1716
6102
2584
4430
608
1106
2326
1128
3404
876
1388
149416
492
3378
1872
526
39762
1324
526
13862
884
2068
1876
508
598
1424
616
12540
924
1804
1100
2170
1392
494
662
1248
772
400
1720
4234
1058
2786
2136
550
620
42076
1876
412
400
29500
1646
2964
2598
1746
2038
1314
3024
2478
1706
3068
1882
2724
1642
1482
1110
384
55728
1772
2078
2008
852
3950
912
3556
2500
612
596
620
1730
3138
3086
2442
44930
394
780
1792
1540
1402
236
2262
2182
582
1352
280
2194
1928
82522
28654
1286
1654
1680
388
2230
2416
2282
600
2042
2134
1576
9600
1278
1760
522
2066
1472
1404
3326
1324
392
1556
1272
2876
276
608
2914
5048
2402
1584
684
7466
1876
1374
3372
4482
21536
1286
384
778
476
1586
384
250
734
2012
53064
1302
388
26754
388
1530
252
1348
2224
3190
1000
3136
386
87234
516
514
1892
77554
1118
1058
1378
388
522
1040
1268
1426
2770
754
234
1210
386
10044
1844
1546
1400
1516
2446
1604
2492
2376
242
1960
143304
1786
3776
20416
2500
1924
1480
2788
26648
484
818
1398
1168
1144
1660
852
1100
870
1494
1796
768
734
554
1538
354
1648
4924
3080
4718
1368
1972
390
2640
1050
1830
98218
3658
2064
518
15044
5024
2170
1748
894
258
1674
3376
1598
492
1400
1428
1348
980
550
1848
1904
1602
938
1830
902
1656
1894
390
1604
1212
1836
27174
2340
1506
2268
2226
850
1424
1196
1786
1380
1984
64884
1042
1492
64438
556
2202
1870
1360
30548
1944
518
1686
522
1222
874
24394
4430
12920
536
2656
2296
2786
1980
1344
87916
4176
286
2356
34640
1596
49850
45018
702
2052
28060
386
2216
472
386
1540
618
260
3734
664
1006
1864
1100
3700
20502
1792
996
2526
644
1964
3710
71338
1816
476
480
73522
1330
35832
2794
3070
25114
762
526
3212
984
2358
2340
1318
1008
1280
992
2570
2440
1384
1674
496
1154
1380
1732
1718
1090
1022
101382
252
526
2228
2532
1232
266
1214
1196
558
500
528
872
1032
1782
1808
1474
388
882
1954
62630
1226
522
848
2034
754
1504
1066
1350
2202
1470
82742
2814
352
1704
712
1150
524
3270
9418
1894
1670
896
13306
9150
1354
492
1346
488
1802
1336
394
920
3486
3006
1528
2016
1184
1624
1504
67556
18104
1628
2710
1390
388
454
45130
3310
1026
1112
350
558
622
48460
2312
2500
1616
1436
1492
484
1374
1024
1140
2528
1516
2878
4336
144974
2034
1380
2726
236
1296
258
1966
20696
1244
658
286
4176
1102
10442
3144
2718
1622
1452
246
1132
388
1434
514
2664
3034
1382
1530
125680
1298
26492
9418
2188
61278
804
3090
994
1732
1974
1804
2546
386
1258
872
1548
3922
1600
258
1642
2242
1102
1124
1256
3008
392
1172
648
7312
2530
1226
1206
1066
4048
1596
500
1104
3866
1140
81706
622
1308
1718
242
2122
1826
8628
7710
580
2922
3266
60156
1378
1518
2256
386
21730
246
1692
616
262
612
1398
1002
14890
1332
1414
2472
1088
386
1920
2738
384
3008
64192
4080
2622
15878
746
3590
498
2214
1624
388
1704
1098
1246
1622
4224
386
13680
2228
2074
17142
2902
1364
608
26876
2682
4570
1872
2216
2034
1820
1014
1404
1608
250
394
1798
5344
1936
1532
18684
50994
214
1774
508
28466
762
1548
2022
1234
2204
660
2048
1070
610
1264
69470
2024
3212
926
1854
1208
1196
2326
498
502
1498
15776
1642
618
81244
656
728
618
19536
1048
1214
1494
1194
394
1046
1660
1238
8210
1000
242
1372
50426
1762
39872
1310
1554
384
260
1826
30510
1274
1652
972
1486
2696
840
1864
3068
1050
1172
2310
1058
1146
924
2454
7658
730
2330
1772
49162
3988
1868
2208
27004
516
740
482
1226
272
880
33388
16736
1130
2570
414
1110
508
228
1702
3404
248
2288
492
24452
2842
1612
412
1158
520
18744
640
472
276
386
2054
49212
3170
3722
2092
4706
382
1166
3044
2096
2552
1196
1896
4110
388
738
248
366
1632
1258
254
388
2258
1612
51566
240
1656
478
2404
4082
2304
382
928
70668
123140
9372
2344
546
520
3632
3164
41418
36036
1382
506
2836
48400
1410
2450
1354
622
1396
1762
734
11320
528
606
600
1782
1180
264
1416
886
1662
70986
7254
1936
1920
622
9094
1192
1370
398
3588
2326
610
2166
532
104174
35588
1712
1994
1212
386
113204
1938
530
272
2126
482
406
3644
1606
46146
2378
608
1734
1418
2910
392
1392
12668
1878
2304
1396
530
2842
1860
2250
2098
2386
482
2948
20826
1724
3842
1366
71994
3692
2636
3298
25888
3918
266
1136
1414
498
696
3190
2430
1606
3094
4670
1360
2098
796
620
4016
3044
4260
2866
1570
1594
1108
2434
1694
3194
1882
1634
254
604
994
6636
2930
1400
1658
1804
49558
1860
246
125784
22446
1568
506
272
2280
416
9972
516
250
1662
2000
3154
1828
3224
248
1750
474
234
496
28314
244
1936
7794
14994
3608
1322
412
2194
24502
2046
588
1132
3236
776
1598
3800
3924
3892
230
1218
532
488
2756
2914
1236
1542
4190
396
250
262
1788
2730
63408
1456
500
9840
3314
1960
824
14944
2330
2014
474
508
2346
520
1590
3266
604
1074
40486
2104
1040
1652
2332
2098
2378
15302
388
1474
4280
542
2332
916
2332
1956
1816
3162
1478
3248
234
506
7984
1128
2060
1804
1632
246
2238
346
404
274
240
7710
618
23678
1312
2588
876
518
2614
258
2660
254
882
244
732
2056
500
2642
604
1766
1468
1436
3820
492
234
1524
388
606
14788
498
1206
51510
926
966
1216
2646
4810
2396
2390
226
1426
3020
248
2760
1448
2098
4170
386
1792
388
1268
1004
1542
3062
1968
390
1652
1838
1936
4718
43388
272
1326
59972
522
274
464
238
1928
274
2992
38126
1630
760
1718
1976
1324
4374
7026
508
2240
35006
384
494
1426
624
234
1966
504
254
1386
4228
1308
594
2806
2040
774
1972
2230
1986
2476
2256
3160
1894
3820
256
2436
8710
1536
232
128526
524
2436
1516
1248
1758
28722
2106
492
1436
6516
1834
528
1420
998
1466
278
494
556
2642
1960
618
1808
77188
60330
248
2432
2170
3386
2252
2206
726
1382
255408
2484
3080
4374
1876
608
1904
4388
6046
390
2220
1396
2014
54728
48982
1330
2980
1494
38984
2584
1806
88966
1244
652
44142
354
1366
466
2820
1088
520
538
1266
2192
1918
1746
2258
2142
274
2334
1204
948
416
29684
56672
1654
58740
876
930
1146
1502
8690
392
1262
564
2476
2164
2712
714
3368
718
3020
1578
2598
2680
1170
40676
1730
386
598
258
3392
390
4052
2690
65900
10760
1578
374
478
542
530
2096
388
2254
226
2580
2046
1592
2362
61896
2454
3108
2396
1128
6140
392
1890
1008
2058
4214
606
3732
776
2842
1264
662
3846
29720
3596
1892
4280
33056
7592
356
57014
914
508
1564
620
1684
2036
514
1462
1394
5356
276
1996
1796
388
3110
268
1312
3452
2512
712
2806
2616
1626
1628
388
1248
1124
1620
2610
1534
1180
2262
2538
17652
892
1200
486
1854
2170
1742
480
544
496
760
1142
1098
392
1056
962
1496
2468
1330
740
2386
244
11596
620
2382
272
240
1422
2004
2568
1810
1474
392
2202
2218
47370
1526
1860
13446
1072
4922
1258
1602
544
3384
608
31798
1780
348
246
376
43508
2314
2682
1620
1322
1404
2208
2226
4140
1380
20616
1644
382
4336
55374
2008
250
610
1098
1350
103540
2014
884
50296
1692
496
522
1804
4118
3112
388
7948
1276
384
628
1122
2840
3902
3688
498
752
1514
3906
46358
2530
784
2388
668
520
1084
2158
2058
3518
4740
848
1896
1252
1480
31658
1418
1462
496
1432
2474
2106
4064
2542
860
1718
2238
4374
1952
1522
2452
1146
764
3764
250
286
32468
1380
998
758
1950
1500
350
384
2722
832
1286
504
260
2432
610
101540
37092
2056
914
2452
230
698
1274
1004
1244
3016
1730
2130
1986
1004
2186
610
1170
1506
944
724
3832
2672
77514
2388
2512
1342
12838
388
1518
1890
1178
828
1026
1380
3354
4046
8284
1264
1514
1104
8404
1484
490
1396
512
1818
472
3430
1970
1462
1420
1090
3028
2362
1516
2920
1874
1760
622
1088
1008
1968
2300
890
1774
1720
1210
1702
5066
256
522
30948
1430
3618
61654
520
622
1680
2612
386
17748
234
1510
3198
2040
1940
356
1002
3010
1640
902
3004
860
248
280
3648
3182
1352
514
1998
2190
552
1384
1902
2274
2970
716
486
3898
1198
1686
3414
520
55356
2130
1368
868
856
1070
2206
91052
1416
2008
754
2312
1518
2184
1466
2832
57046
1594
1556
3178
58758
2636
1490
1866
2700
734
2124
1892
266
1616
28812
1964
3152
1330
4038
484
1398
246
1414
646
1774
1770
1704
84126
1112
1614
506
1516
2234
2034
10926
2074
4910
1108
2314
1518
1746
1408
2398
1126
4100
12996
1302
1656
2982
2228
1478
2682
1248
1150
1222
40774
482
1644
1502
1840
2746
3090
1700
1120
240
1538
610
1090
1992
2044
4730
23042
2774
1348
3040
1402
1012
1102
248
1444
1212
16128
1002
2274
250
2048
2754
1526
2688
1774
1816
1772
31408
1934
1454
1164
1380
1568
1350
5616
1926
5888
250
388
1194
1536
2606
4506
2596
5236
2028
3070
1218
806
15712
924
616
388
57014
1410
2110
2358
1708
21954
4320
256
3302
2352
2026
2024
1904
2670
504
1062
1676
1660
750
1198
1288
1114
2988
1140
2814
274
1442
2118
624
2592
1878
1270
1090
12034
2058
1256
3400
3470
1486
1524
250
1500
1918
1880
514
1178
2746
1422
1602
1118
1322
1370
1446
1644
2174
1584
352
1284
1586
388
1816
1370
896
1710
1746
1424
484
1576
20290
1230
2910
536
376
516
398
1866
524
1052
77960
1452
2310
2424
4358
4102
1108
1426
620
1042
1486
346
3040
2388
606
1700
742
964
1276
1338
506
1746
3800
4676
1744
4422
272
1090
1064
1476
2128
1616
4096
1130
3152
1904
552
1906
392
978
1022
38262
1358
1864
1348
1956
7184
604
2746
1238
90938
2268
32572
1738
1530
526
1548
36764
53530
238
1282
1786
2620
1352
3118
1286
2328
1920
74472
994
1342
1658
614
2172
512
1628
1154
1798
586
3480
2052
2006
256
3366
2548
1094
1446
474
110660
19514
1536
2634
538
1036
2236
758
31462
244
2288
538
608
2656
3190
518
3848
1208
1452
1756
1590
1860
83756
3152
86746
1694
1774
1496
1294
24336
3906
1186
3706
754
502
2464
2072
3032
248
862
1668
2126
540
1788
234
16224
34578
2354
2728
3454
11202
1472
3442
522
958
2134
70016
514
1548
2168
2874
478
1488
3976
386
3720
1618
1874
1498
23306
3810
1782
2508
1334
2486
3866
616
534
2926
2520
2420
4768
165886
3078
1596
2594
2630
610
536
1608
2054
2540
3876
6922
264
3412
2260
516
506
2282
996
1936
5246
2932
1448
1356
2750
3366
1266
240
470
101138
374
628
678
552
1654
61526
1630
248
3728
1998
1396
1106
1884
1470
1070
21764
2650
45286
1388
2640
2010
1742
1350
270
2050
1940
832
64644
1864
940
12770
1098
1328
2042
654
1648
2906
3214
28904
93888
16028
3214
72102
3320
492
1622
388
386
1256
1970
28948
612
998
1350
5468
664
3890
1850
207584
1096
242
1262
1640
2806
2884
1354
1872
2556
2082
1864
1086
24756
502
2606
1934
738
910
592
1310
724
1582
586
496
710
1848
610
2898
1418
13788
554
2128
2484
1928
5652
1340
2142
37910
2138
13656
4232
4298
1878
2092
57896
472
2696
4244
518
1746
386
528
658
2060
3622
4348
538
1302
3036
572
2284
480
1912
3312
2742
248
1668
1126
1956
2978
656
1224
69324
1760
764
274
274
1868
514
520
2030
1174
2026
3194
740
2362
3082
486
1264
1440
5982
496
388
38056
1546
480
478
2092
1358
8028
236
1242
530
2948
1826
1338
17426
1552
3582
2094
562
2484
2174
392
1706
39072
2332
1906
276
2176
2058
3366
520
736
2078
1880
2504
384
19932
1066
2622
1854
2768
696
506
59292
1482
1744
1582
2512
2056
1754
1660
2072
1924
1914
460
1994
480
3354
882
2112
1802
276
14490
1112
1622
980
2550
2398
2048
976
5178
52966
2062
1410
1890
1378
2006
1910
2102
3782
125038
26252
892
1564
276
544
920
236
1646
1804
5616
1590
5420
4110
3086
1214
4320
462
2360
238
1422
1920
252
752
1406
412
2468
1114
1076
516
2108
3456
600
690
1022
388
2018
722
19418
3090
1470
28800
31706
1734
1048
548
2086
408
2016
1070
10656
604
8220
2138
246
125244
2624
2728
2462
32502
2984
94486
1156
15822
10282
1674
3402
3060
1944
63974
75616
1586
1222
1360
3974
680
4566
540
24536
386
3804
546
2014
510
95352
1476
1592
396
2214
604
2986
2312
32498
2072
1646
1210
276
660
1244
2318
1710
1908
1674
2500
526
468
708
600
656
1604
1474
3974
2542
244
20680
4948
1498
1242
1206
652
1072
1178
2528
1002
2478
774
554
78402
3794
1000
4242
586
488
3780
290
2224
13408
2580
5250
1082
1506
1962
60230
236
2382
1900
520
1518
2008
372
1202
44398
1460
746
1314
4732
19020
1006
1186
3328
520
2298
1490
2296
22728
344
50466
2290
390
972
756
30760
69758
2180
4090
1726
1960
151806
856
4916
526
22556
2730
2668
1802
786
492
278
3282
2614
1984
920
1266
1388
412
1032
70440
3316
9862
506
3238
1308
4490
2228
2462
2504
872
3512
3078
384
2054
388
560
1880
2366
2140
3604
12962
1162
2194
402
1076
1370
3402
25414
1960
1844
1538
3298
386
656
1906
4862
1396
1858
496
384
3604
516
3986
2340
1946
1092
480
926
504
1940
620
468
2586
1652
870
2026
12684
3314
2352
266
1896
2888
2900
3256
2074
798
10964
242
22120
484
4632
36692
650
2482
1280
744
768
8280
492
3716
2608
2194
2446
1624
1794
1474
506
2040
558
610
548
23494
53962
2406
926
230
1480
752
2432
3226
26942
246
3594
2306
2926
5086
496
248
534
392
64040
384
90266
1970
20112
598
4236
240
1796
2154
602
2384
4158
1124
2878
3278
518
3240
2074
988
684
248
3546
610
18348
486
2450
506
982
36840
28084
1812
3058
3024
2164
40610
1082
2548
1396
1614
18982
3996
1060
2168
2136
1554
528
1140
60616
1184
1040
1844
1764
52054
1652
1994
540
1162
1586
3124
1580
524
2224
630
2580
1606
3970
2230
3652
4806
1826
21614
2334
1004
270
524
386
1626
348
244
1060
1924
610
2516
1686
22460
782
1274
230
3644
3494
1762
1494
4680
3536
788
3204
4580
2576
1598
2736
244
608
2226
1208
516
748
3042
43568
528
876
2086
608
240
654
248
2190
1872
1560
1678
4690
40130
1120
772
750
654
2368
1678
274
520
480
2398
3292
2000
4146
256
1186
1184
1252
19142
386
766
496
250
384
1878
2578
2968
674
1424
660
1284
1150
388
1712
1876
1186
1762
1602
508
2958
1856
13326
258
1508
9868
1228
2620
486
1852
2200
1248
5964
51184
244
2376
1854
1668
1592
1812
1608
1996
1084
510
1896
2420
1792
2634
578
1174
1568
2622
1428
18458
1120
3136
2432
1566
2224
1994
1774
1784
3486
39536
11898
1184
408
518
2550
226
260
254
2804
27128
1918
4122
1842
2802
2266
2302
758
17896
516
65584
860
2300
46198
1688
5466
1420
498
886
1716
1152
64466
35234
1678
2188
29990
520
3248
1818
722
410
994
250
2028
2344
3216
2942
3288
1876
1904
1252
2362
500
236
1134
236
1622
2070
390
228
2784
78210
1662
77730
4246
1266
256
1316
1192
165210
764
45138
886
852
37468
2448
2086
864
22538
1704
1210
728
2744
618
3220
2868
524
2074
2184
766
9602
1350
864
1824
1962
1536
392
1566
1636
2822
530
3150
1606
2912
2456
1492
588
42976
416
2684
594
9692
1908
236
2058
5072
2626
2128
10630
814
1720
70700
4710
1606
788
1582
1636
3188
2374
1246
1700
2728
858
1550
1028
260
1566
10700
3112
1776
1864
468
1324
8982
69390
1846
160540
43142
490
1982
754
1426
2798
2332
1830
3034
102430
12106
514
508
19542
1482
2450
390
1262
1812
512
3244
73160
2934
2750
230
1476
1032
2534
506
4084
350
24302
3868
2382
3508
2154
1422
532
1776
16144
854
4908
28332
654
87160
2160
56984
646
3044
740
2136
640
1346
1522
614
2338
2100
2014
1854
3666
18514
2092
1810
502
280
1542
390
88140
2890
932
2476
1978
