1111:111100:0:0:0:0:0:0:0:0:0:0:0:0:0:0: (total 8)
0 4 8 12 72 Thread 0 going to cpu 0
Thread 3 going to cpu 12
76 Thread 2 going to cpu 8
Thread 1 going to cpu 4
Thread 4 going to cpu 72
going to barrier (cpu 72)
going to barrier (cpu 8)
going to barrier (cpu 0)
going to barrier (cpu 12)
80 Thread 5 going to cpu 76
going to barrier (cpu 76)
84 Thread 6 going to cpu 80
going to barrier (cpu 80)
Thread 7 going to cpu 84

cpu 8 cur 8
going to barrier (cpu 84)
STARTING...
going to barrier (cpu 4)
STOPPING...
Duration      : 10000 (ms)
Acquisitions  : 22682841
4620
1670
2600
532
1906
268
4522
734
836
66578
1970
2206
516
474
1546
2354
240
101960
1324
654
390
97322
60628
342
480
3664
618
1786
390
22802
86046
68412
1956
624
113306
670
2316
502
2778
782
1690
6222
3470
658
348
1336
2596
546
1688
2424
472
2040
242
2708
1732
3818
2286
1792
84962
53874
3014
614
1728
1660
420
3836
2810
2112
1684
30516
1234
820
2612
12384
29208
21634
1232
81298
1852
1366
3966
1518
1822
1796
1518
1484
1176
56418
230
1158
2488
622
2524
1284
1552
488
2172
236
394
470
2044
1822
2504
1532
3204
518
1868
45456
388
390
238
1338
774
404
608
272
37884
594
234
1342
17556
2198
490
2918
1094
2094
1258
1570
408
596
1714
60068
4218
1684
1818
3244
524
2334
4444
246
2102
2064
2370
2816
1724
2630
236
658
968
2600
1910
730
178632
3106
1346
1840
65514
470
614
1660
494
2718
552
722
388
2062
388
230
1644
4482
1340
3624
590
486
1658
4824
522
376
2294
2434
92690
242
2200
502
1784
2394
2692
5416
215216
252
2252
1290
1236
1586
2172
1680
143366
3756
30972
512
1244
1074
1904
63942
36558
842
1714
9978
3522
666
662
2598
2994
11554
2004
3524
1542
3392
532
2562
1484
2384
514
2704
1836
23126
652
1562
264
1918
760
1096
2056
538
1448
3056
590
2532
1334
2444
47014
2174
139418
492
1996
386
654
1112
1882
3764
1570
55178
244
32674
3374
394
504
26950
266
242
40938
2076
2384
2132
2344
768
508
992
1388
4566
1878
6970
234
2420
5424
1554
1678
1476
548
488
2090
552
1316
15706
1294
236
11308
436
1310
48230
1888
1862
658
500
2590
940
2096
2632
2160
1686
2410
1228
616
1912
608
92920
542
5832
44760
2128
2432
1588
131080
2846
678
2866
2666
1722
124816
1536
1984
2330
2046
2466
3456
958
2184
14430
2760
380
662
3928
1828
370
2138
2550
37456
514
67858
2478
1896
12412
47486
1258
80444
2840
2034
248
1656
3156
878
524
686
2438
982
2078
276
518
488
1738
2510
3872
1656
370
1742
2420
1146
458
2048
115544
15364
756
568
384
6102
2128
716
21136
1746
62044
1214
432
1802
510
3102
2132
1896
3502
1174
4490
474
902
2202
398
1406
63370
512
1994
3278
1826
2334
3742
278
2124
248
240
1290
386
117010
2088
708
1788
518
992
95748
2902
2114
686
938
228
3562
1198
1334
341002
2734
1552
4496
1226
1510
2192
38048
17744
438
556
1370
2304
3248
2708
25904
5604
930
606
516
3538
4818
12402
1562
480
42340
542
3238
2304
232
19318
2036
256
1162
442
92930
2240
2158
52976
3550
688
2874
2236
1236
2528
2026
4172
236
384
1794
1534
384
258
230
1376
598
1514
2740
2744
224
534
2470
2160
3072
1918
2860
1636
262
3506
134212
2874
3918
264
2888
1922
11890
830
51246
2744
2236
2556
1626
39054
3080
29782
1298
2132
67924
2840
2880
2660
44634
972
2502
382
2658
892
1482
1458
1872
1790
2190
1012
1692
3342
2934
482
688
658
1048
2620
1330
1306
39588
3322
1816
1946
2236
392
72942
1126
274
3482
436
1580
354
2278
1740
524
630
990
2564
1624
3992
8916
246
3278
1826
2664
500
348
1378
2646
390
44644
4988
518
1282
1518
1540
4228
8244
1022
1152
1630
3444
2484
3794
2274
1402
1200
3302
576
1474
1250
1760
1278
1332
996
664
43314
3028
2608
262
3676
2826
19784
596
4396
868
59774
1780
1054
1874
880
3464
1772
2482
2482
1330
2416
494
244
1138
1482
1938
730
232
3070
822
386
1876
3548
4796
1718
2828
2028
602
404
630
248
1446
2506
2662
1966
2468
622
1838
624
2134
1668
1652
234
1588
4370
1978
344
2378
1938
20240
534
248
2220
1364
3868
2280
802
232
2480
2686
1720
2414
81412
244
2742
75634
1162
5770
4038
1262
2094
23820
1546
2230
232
2536
492
1426
1416
2658
264
1446
1064
3770
1106
114306
2302
976
484
700
1554
398
2784
972
1726
1594
752
1644
58858
40972
884
2558
1200
1712
256
2220
1580
496
246
2940
656
560
1736
1296
282
496
2058
546
344
1704
240
1964
388
486
242
242
1370
614
1762
1754
1444
1748
406
1094
2162
4192
2370
321178
2256
1758
1596
4362
414
354
506
2064
4070
540
1906
3142
17010
494
504
2336
452
12886
2944
42468
398
274
5606
2392
466
496
1810
1812
5850
2040
31754
410
1962
536
1494
1288
1222
744
75970
73344
256
242
3714
274
7518
488
624
1148
234
111668
2264
2218
1110
1012
524
542
1268
1654
2208
1624
1870
69840
1510
262
2124
762
538
1552
79242
608
1816
65180
128590
598
276
1120
496
504
406
208
394
1880
2254
42312
818
1738
490
1998
1292
296
2084
1794
1878
3704
2122
3218
1336
2794
2104
2114
14518
304
2274
1752
2784
4496
472
1444
1828
3004
2786
33576
1596
55822
9164
244
2262
366
25096
2008
992
670
3030
3474
21266
1954
1736
1644
794
52492
111856
41880
392
2182
98184
518
1820
2518
2038
2684
1244
528
56342
620
3032
810
652
2500
1336
1706
136204
1360
504
2986
3038
460
37282
24398
2980
2440
2828
2462
95136
1790
1364
1236
2704
1610
18988
488
8396
1382
784
1446
120696
1986
1434
432
1790
1246
4166
2146
36678
2852
968
2928
2198
14842
468
1782
8658
500014
244
654
1646
1210
498
1908
1844
1636
2122
1114
652
504
212
28856
2132
2502
1202
468
2288
2100
2820
1866
1828
3382
1104
25994
55770
145458
242
554
1938
728
2776
226
2432
2680
1004
1008
794
1886
1608
248
1834
2742
406
392
270
4202
820
4316
2096
424
1590
2518
1206
1262
97950
1948
320
2648
834
1554
1292
384
726
23944
1330
400
2412
382
33700
1786
388
476
2098
109548
244
1992
2528
2220
3404
656
1890
402
1618
1792
3036
4004
658
410
1814
112706
2160
1420
2276
1932
146400
2052
1642
1822
1916
1716
256
1734
2876
1280
276
1138
14854
500
1138
2402
514
1018
2038
600
1396
19114
87748
408
1436
6546
267260
388
2922
3190
732
1244
1618
390
1784
2136
1896
1688
2036
1760
350
2768
2964
3230
3130
1364
1364
418
2006
3402
1708
2060
12704
70966
658
492
1436
3622
1526
3906
3166
1702
470
1428
9756
720
1078
1248
1670
2978
14110
3876
2358
2774
58014
1878
83442
25562
1232
2482
1004
1448
390
2256
3474
1754
1770
1022
1758
30226
1748
386
1328
1780
2146
1026
1836
1002
2330
1530
45260
2364
3110
1330
704
1990
1560
1558
1648
2350
1360
482
516
1698
61462
1266
2068
416
1742
1804
3054
1568
2154
514
1200
1448
614
1698
1744
864
2586
1434
1920
352
2532
1094
1826
1384
2402
248
384
1350
1006
2746
1816
2358
1644
3530
3042
5394
22848
1478
476
26388
1200
1028
496
1436
1180
9906
1744
2166
3890
384
1272
1012
1900
1318
1728
3366
656
506
8824
2638
1800
1604
1052
606
26258
100836
1688
390
2618
1464
1206
474
518
2776
614
2770
2138
152310
1632
342
960
1342
2920
1760
82724
1294
68792
1434
3240
2608
1624
1364
64552
390
1362
1312
1464
2300
392
606
2652
151520
4716
768
1858
17456
1690
1592
12618
1472
1882
2372
2224
14680
994
1250
30920
70990
1750
1146
2088
588
2954
49924
1330
1278
2366
2780
3048
14512
1878
120784
1586
1768
514
1784
622
498
1640
2396
1744
746
3420
2510
1564
850
8110
46800
5708
36542
1508
2756
1618
113854
2962
796
73868
4704
2230
1754
1868
4198
2468
2202
998
512
2608
69970
500
2036
948
49686
286
1888
1350
1940
1802
1104
228
1036
1866
262
2868
612
1144
24160
878
1770
28614
2706
1284
1386
1138
2512
1096
1572
1608
1082
2110
2132
2066
1396
1872
3826
696
1446
2038
388
2084
1252
44746
660
2204
3004
3138
2550
1354
2228
3070
2170
1538
598
740
1226
1566
126064
3556
706
604
70820
240
1570
1508
1792
216
2614
49596
4432
1232
516
1552
85688
3782
2640
2052
608
248
1606
390
1022
412
506
1648
492
2538
2362
1874
2278
2842
2844
1126
25488
866
21168
242
2140
10798
69902
3288
1976
1788
1702
3840
1904
1774
3796
2368
2198
2848
89188
12252
2816
1110
1276
650
14988
1782
2228
2148
3092
2950
546
1016
1838
1612
67212
14074
9270
1528
2790
2064
1514
390
1162
388
1790
10562
20582
2010
1162
848
1618
20860
3332
2382
1402
386
2062
1442
400
33478
4638
2120
1650
145660
386
390
106870
2228
1312
1340
388
2406
1602
1778
1700
1874
1488
270
1900
832
24336
390
538
788
594
276
1430
2092
3130
2162
2594
524
41608
1320
1652
57974
534
98366
1936
600
1386
1142
3048
1528
2092
3310
508
2468
1632
2980
1880
3420
1164
3244
1908
2092
1264
3700
224
2944
55796
3264
175392
3564
65858
2176
1774
1830
1128
1452
1368
64782
2900
1804
862
3900
656
1124
1178
3506
1138
726
1912
15554
2126
2430
848
1590
1436
1066
2652
57476
1228
2354
1594
526
4316
1456
38642
2730
97930
390
2126
2644
1584
119686
622
1830
388
43544
2244
2124
1832
386
104386
46842
1238
1098
1018
268
2916
6278
1522
1718
1408
618
2882
1494
530
1908
376
3288
1860
2818
1562
59134
928
1494
1280
744
1470
43178
42376
1966
1792
244
1126
1034
690
1950
2390
1806
252
2572
2326
1612
1640
83990
290
1626
490
1802
1364
117768
2476
1364
2578
1706
1244
2522
1412
7988
1970
1864
3526
2324
1766
1270
1148
16962
1002
15018
518
1140
135734
1016
2866
1034
594
2198
1052
2224
16892
420
1308
412
1648
1176
4870
1650
2058
28756
4188
2040
1844
992
2732
25428
2470
1836
2882
406
5424
26994
548
190026
974
544
1236
3428
1854
582
1780
2798
2180
608
1936
3488
1898
1902
1608
1046
1110
2046
732
2362
1712
694
2006
352
1270
1142
1060
242
1994
3152
1612
1294
1240
1612
2602
2332
1708
556
63980
2172
2604
684
2736
1126
1636
238
264
1416
1956
2234
386
2048
2438
2514
2148
270
1380
2636
300
1720
662
908
1922
42150
2216
2702
1602
2312
2152
916
2710
2396
1286
10170
388
2028
480
2042
1526
1466
1242
3208
2558
258
2434
1924
542
520
1138
134772
16184
32846
3250
500
1838
3050
2548
2554
65894
3714
2652
710
28960
3178
3664
476
2658
410
12878
378
2160
276
2278
530
1282
2606
2120
926
1326
1134
1164
1340
488
20886
392
1788
1756
2996
1384
658
1446
2248
2058
1440
7316
3002
21348
1502
386
2504
4432
500
1516
2486
29098
2866
2020
716
690
2460
1654
746
2680
2686
1374
704
1286
2464
1186
400
2958
3032
2776
1722
10258
2372
1554
254
1622
622
1102
1330
1982
2142
1388
1928
51952
1106
2008
1962
760
2466
558
22096
1924
1606
3582
2708
17202
2996
1070
13982
484
1822
594
3408
352
1688
3316
2236
3114
1550
68372
2356
998
3338
686
1624
2546
1666
882
1602
2408
134514
1780
830
2004
662
2918
908
2380
1716
386
69098
1946
976
2952
3064
2424
4986
156518
2786
746
1990
384
242
2932
2294
386
274
1256
414
1610
274
1768
1786
606
1450
424
1544
1706
1946
4282
2076
274
1610
1990
33226
388
272
510
1466
2010
1474
970
1660
1768
252
46794
862
474
262
654
1252
73212
740
3530
1616
4472
682
2062
2928
1274
1766
39268
1728
1696
708
532
1070
870
1526
41806
2258
506
2180
2226
290
660
47980
302
486
638
64392
1522
2192
4114
1824
1544
3796
2982
1910
488
534
2338
2318
888
2422
1340
1058
2374
2392
1550
1954
1882
494
19810
2100
526
388
242
1760
688
1642
484
2922
1796
2368
760
388
1244
386
1792
53052
3268
2718
954
36102
1120
2810
1624
2372
41110
58014
23536
1450
838
2470
1852
3470
3044
2090
2112
4370
3570
3624
3080
185554
1026
2620
2890
1938
4812
18102
3056
84690
1426
16492
246
716
1602
260
61778
25942
1398
762
2494
254
258
66844
3528
1852
246
1918
416
1326
80774
720
2322
1208
2190
2670
274
2278
2216
1204
1870
1452
1014
1022
2130
2014
6694
1900
236
276
1416
1702
3486
280
1688
1756
234
536
2076
13584
7450
47556
19394
1872
2006
1692
486
1838
770
240
45710
1554
1606
488
1066
2052
26520
4228
248
388
2104
1260
3344
254
1868
238
794
1440
454
3038
3200
1970
2788
1304
6694
250
21764
406
1958
3034
230312
1702
2406
2254
26132
4162
110856
1624
686
1250
3400
250
1840
478
1704
1728
962
270
4108
7934
1194
494
5634
2354
1750
8952
978
512
125854
998
2344
352
354
173480
384
2270
1380
468
1850
1556
47176
1628
2042
1500
650
258
1266
3670
4162
3930
2032
1662
1644
1852
1556
1884
242
412
1618
1266
2260
1642
3906
2296
1690
3108
506
2842
1748
1212
2300
80016
548
1848
1588
12352
2338
1878
3024
1572
25230
6762
1270
2112
3656
2850
1678
2778
1376
1960
1932
518
480
1848
2254
588
1050
1822
2306
1770
2176
4824
1570
264
1664
1556
1616
3576
2010
274
1524
2136
1098
2502
3216
1490
3126
614
2376
2062
3282
16506
782
1630
268
684
410
29792
932
2772
14348
2740
34318
958
1200
20346
1746
492
2350
2700
1730
2364
2680
1620
248
246
754
6766
500
33298
264
3054
2190
33382
236
11766
2540
216860
246
93016
1450
2298
1376
2084
2270
46268
384
114724
58498
1646
244
42972
23924
510
1344
2366
5760
622
2164
248
3622
1614
1492
4618
2082
40566
350
240
1654
4786
746
1366
5740
114572
2766
9668
4222
26614
212334
4314
1224
698
11944
2158
706
56724
550
26310
1878
2996
1720
1388
260
1718
39612
488
472
3026
238
1266
2068
392
1914
1016
3344
2424
1870
608
2202
165868
2674
2882
2012
2182
30260
213206
1238
322802
1144
1530
161188
1888
384
620
1266
1938
242
1346
480
76934
2060
14440
1232
488
3906
1554
33094
14264
1054
1992
492
1892
252
5674
386
2678
4706
19268
1542
3014
758
1586
3412
1358
1708
1272
494
1750
24028
4254
900
724
59218
2436
248
3200
3892
1262
384
1938
11352
1926
1094
1616
2536
402
2834
2626
660
1330
1968
1502
1512
1990
1990
2392
594
2676
1180
274
392
872
2414
4348
384
2876
2834
278
1866
972
28820
488
3220
1060
2666
1974
256
33358
674
200902
4270
2944
1528
22236
89838
2276
4320
516
3316
2190
105284
506
2320
1680
104732
3746
654
28400
54658
12420
692
1648
958
14688
946
972
384
1614
2222
650
714
250
1058
1844
1642
1712
2684
542
1164
113126
1152
1470
58022
3360
3288
2432
960
50874
1548
1174
2816
1826
1350
13922
526
2928
1262
1176
3982
476
4112
60034
1964
3748
506
9792
1482
3494
488
1302
786
1610
3742
2326
1518
3262
2348
508
924
388
5902
82276
2140
147536
1398
2556
966
104600
47702
1736
1754
1244
346
62962
1752
1520
1958
2274
1336
18728
2056
1892
1866
386
1256
1372
3186
1462
1168
1288
2142
386
1302
1016
620
82102
4508
1152
1986
658
1712
686
1152
1214
1620
1528
2228
1656
1828
592
1456
4400
244
1762
1566
31560
1354
1978
3234
1396
1780
530
90228
854
1988
52708
386
1162
242
39404
1694
1078
244
1382
1478
1066
1328
2094
33766
2348
1276
1480
1532
384
506
3132
1848
1920
2100
406
246
1896
1102
2664
2304
1592
7154
1240
15262
33498
1406
1570
2058
1218
610
1660
998
626
12300
10262
1272
656
1136
1576
2708
278
28922
3154
3026
2416
352
1900
3806
2830
2510
2538
3480
4374
1248
2878
3748
926
2296
37056
2794
1636
1726
33122
260
1610
1358
2538
2352
340
1382
1308
1250
1514
6902
6390
1686
1474
378
266
3676
2214
2002
1688
1364
2472
274
1934
2014
1008
1362
474
3084
44884
3294
348
1646
252
21280
384
2364
1564
934
1772
4582
510
17440
1470
1872
770
2234
32852
1332
408
2184
986
512
2336
584
1438
352
2718
244
2142
700
2120
1328
924
1002
1424
2230
748
1056
1370
242
1412
1874
2208
1652
1232
1098
2906
1668
1266
1378
2568
410
1454
242
2164
2304
1874
274
1182
108262
1272
4150
1758
1370
15126
1302
2330
68204
1512
1540
1384
3052
248
2222
2676
1882
16528
1694
768
1798
1194
658
620
1154
20656
4532
1504
470
1472
1614
2068
1134
576
1968
532
1094
538
1032
1518
412
32264
1418
34346
388
242
1376
1498
746
2374
2484
952
2426
872
340
19566
234
2148
1022
47500
826
1472
2314
242
856
1120
700
4364
8968
682
1968
55756
826
1236
568
13202
1358
1414
882
58886
606
1372
3092
2788
386
3130
1924
4398
2386
498
1352
2416
2926
498
478
48940
2238
2304
2246
524
2870
392
5138
394
1792
2260
1516
1446
2222
1640
2352
2458
1750
496
3076
712
2860
360
1808
2662
60880
512
1290
2804
1194
1396
1866
2408
2558
2382
1570
3818
556
1956
1440
2004
2792
23472
1892
17902
1438
4500
252
1708
386
2722
2230
486
5210
2582
262
1942
216
716
155288
2458
250
3370
1852
1724
384
1898
242
1596
49514
760
2192
1622
4110
1788
1920
16744
2406
2826
1426
3372
1798
654
1474
248
6672
37242
222
522
3488
1078
716
76002
64014
620
738
1262
1518
610
398
1802
1054
3604
27634
2140
1214
1878
290
2098
460
232
2116
125436
1640
1960
2632
822
390
664
250
240
2604
2616
270
1974
131926
258
3232
1282
26578
1220
2266
1890
774
834
1708
1394
2672
396
246
2746
602
2474
2928
502
930
248
654
782
736
24724
1404
384
1604
4042
3320
2498
928
2438
560
7364
268
760
2114
34160
2612
1734
558
930
1810
516
268
1204
606
2676
28342
2024
2196
484
7230
1956
1488
1272
1540
764
696
482
2954
1436
1538
6656
1938
2618
2916
64832
1634
1986
1134
41198
1560
1768
1196
238
500
2156
1650
2598
2868
1408
1802
660
2200
3554
546
2414
3782
1312
7712
236
682
90986
618
1492
2380
1540
2094
1232
2096
678
2828
2026
230
2050
474
2268
4456
1508
544
232
80938
822
2818
1744
157442
1044
1334
3208
2004
1480
1630
3816
3676
2132
1938
382
5928
1880
1874
4616
1068
2654
266
2078
2204
3588
508
4018
8946
3166
100418
596
3168
1136
340
3140
1926
268
722
538
248
1306
1320
36622
61576
4424
1328
848
2016
1238
29076
496
550
11386
1884
1492
1872
46950
4310
1248
56722
30904
522
2100
238
718
1780
1242
996
2120
2372
1632
80930
690
61382
1646
248
2000
2766
526
3876
1294
14574
6016
2254
90140
480
2364
1864
2084
3946
226
3172
1642
1970
524
1706
514
2546
1984
2418
408
1330
72976
2178
388
512
1740
484
1632
592
1886
4104
1512
2292
2180
1872
284
2410
3286
2358
18132
504
240
28498
270
2532
25750
1694
496
1492
1742
1276
1146
1828
4604
680
1104
1986
1364
2128
2252
230
2994
2144
2246
1544
2480
1872
542
1044
2444
1018
1140
1876
2070
1558
518
874
2512
2636
384
155816
1482
3126
1638
3034
250
344
3732
3848
1254
2732
398
2094
1976
8986
2460
404
760
3612
228
232
4210
518
498
1228
596
1644
1326
2126
490
1406
3592
1502
2078
888
14034
1980
738
2020
3204
2174
33270
604
1974
1536
404
510
1520
2028
630
2718
670
1370
1378
1486
1914
884
1568
35664
2146
2666
2688
1160
1918
3498
16494
1970
1230
1800
1548
10278
1730
658
1598
804
2422
524
2540
532
222
794
518
626
7190
522
1632
1606
2308
2024
478
2260
530
1504
254
244
1538
3400
1528
4840
2890
408
3328
2046
2720
2830
2838
676
2226
16514
46766
47042
658
1538
240
1988
2186
1230
1290
3022
648
1774
662
3466
2080
3118
500
506
3328
70586
7156
267688
2496
1248
1038
3598
25648
618
1940
2566
2896
238
1018
3252
1562
1030
548
230
390
720
1242
1680
83612
2086
2612
2356
3306
498
3220
2572
662
18794
2358
1604
2818
262
908
2364
1462
256
1514
2274
442
4556
1568
1484
222
506
4840
1808
3080
690
792
240
3164
1666
2084
3618
2698
1876
1490
37140
10536
2812
1530
1230
338
2206
1884
3754
73884
15026
2246
2314
2546
732
2282
2120
2544
9992
1670
4302
3700
3898
2930
1388
1278
1578
398
3530
2602
266
1224
44026
1302
1286
2142
3118
2996
1692
5304
460
350
2706
1690
1416
412
998
55110
1952
478
494
1620
766
2994
4108
4114
2390
23636
1372
1730
2758
2920
1452
516
3146
1916
710
928
2538
4300
410
1784
662
2940
10066
1414
996
2530
7302
3534
1782
3078
1746
1070
20732
1876
1120
384
1528
408
1410
520
2090
1284
1656
604
1546
1048
532
2098
1282
1526
1114
36854
474
1898
3382
2012
2580
2012
600
6428
240
111834
2088
1528
1084
662
1286
60928
15466
1416
970
66158
500
1826
1590
20450
3908
2300
4810
1656
1610
4390
68442
2438
4166
1336
1656
1780
33822
658
1656
2274
78096
1734
2106
2436
1916
962
470
2408
3800
350
712
1344
2086
116760
1588
654
86670
544
1576
1446
242
1392
53602
956
1132
2900
422
4762
1136
3694
1784
1132
2912
1524
1788
59668
5268
240
844
1574
2220
2054
2032
1488
408
3090
4006
520
1466
3878
2134
1508
3638
276
1340
35628
528
64894
3388
460
2230
3320
270
2458
1486
996
348
1600
1452
1380
88330
1522
1102
1438
256
2098
1618
792
3434
250
25254
19350
40846
3232
1320
4978
1300
252
2414
386
88012
1924
476
78522
2204
268
1334
66534
1882
1676
1870
1790
1372
1754
2096
2322
2100
614
1620
552
1126
2384
1872
2210
1200
1604
3442
1796
1942
51574
2574
474
1400
2334
4566
2576
1242
58252
754
1844
2354
1106
5306
32746
1418
1654
512
676
1444
1256
3054
682
926
982
966
388
1532
19680
85640
1646
1486
1946
270
3326
1462
524
1252
10448
1136
2746
1190
2868
660
4374
17882
1152
1020
1476
662
156948
236
4416
3336
3404
1112
992
12084
3624
1050
1512
110072
1196
1352
31222
1004
666
272
1710
1730
3302
958
510
1554
11624
390
874
2072
1606
468
596
1766
3278
127894
1006
2330
238
222
2984
1368
1536
1322
2014
618
1378
956
1500
222
1386
696
1988
810
472
1120
446
2504
1800
2038
1926
2668
77532
2866
4346
2538
508
1962
268
1526
2436
656
188234
20848
526
2652
17614
1796
2816
2574
750
1634
1668
656
548
1888
1326
1854
2998
244
2000
1968
388
2270
1412
870
1840
2192
2904
250
2124
2224
396
4744
2684
556
2598
2216
272
75976
982
520
1952
2366
414
3952
496
716
1542
13698
474
2288
1592
1746
13500
1950
1666
2394
268
1326
2268
3100
238
390
1600
1114
1714
784
2232
1492
2000
82046
2264
3030
1824
1006
73118
1936
14646
726
978
1704
406
1578
1082
2056
44450
2846
346
270
208820
1878
500
1136
2254
2708
2172
2870
1858
232
2478
384
2406
1110
1894
1960
1930
2616
244
276
230
2484
58734
3402
1426
468
2286
5196
3874
1890
2298
11168
790
1928
3722
2686
1986
3242
2192
2610
2438
480
276
1280
18000
484
36858
490
1882
2154
1754
1264
3062
3094
1846
1590
274
656
5174
2152
408
68374
2530
2510
50758
344
236
992
1196
930
4116
1718
1938
3546
3042
482
1236
3610
236
1634
52640
1010
4250
2348
1776
2328
2258
2682
622
1910
740
960
11528
226
1266
22688
1704
352
2948
1276
2120
6630
716
968
1380
1816
1946
83900
1896
384
3400
232
1782
2326
2492
232
5050
1728
2044
1634
3660
4990
50610
2260
4276
394
224
77608
1632
928
2210
1176
256
1718
5248
1060
24566
4846
22752
11916
712
231214
24520
678
2316
2266
386
1470
654
1062
218
240
63042
248
1830
11388
3638
920
2436
664
1928
266
3636
2056
1170
534
2280
240
256
1928
32638
1028
268
53016
260
11784
764
4590
24972
4216
490
520
1104
480
1314
21520
1918
1632
53536
115094
38282
4234
100748
2350
1918
2080
472
1692
3128
52756
3114
412
606
3496
276
1440
1026
135034
618
2870
3600
3058
272
2840
656
60786
1536
258
2034
540
1802
23948
482
71676
1738
990
1532
386
1310
22464
8278
2496
2282
119572
2082
3800
996
1052
498
1300
1688
37116
2694
604
872
2110
592
1762
570
17812
4038
482
694
1048
496
54704
414
252
400
442836
3136
2726
2810
1538
2370
2264
270
1188
33874
596
2476
592
2010
1822
344
1570
1812
244
2388
2094
1982
496
504
30122
203298
3730
4052
510
2250
742
968
3052
2224
1428
2484
2698
590
4080
660
3944
250
520
484
284
2100
2768
2882
272
1274
2286
1668
250
31486
57252
930
516
390
2060
348
3298
4146
2762
26434
238
1440
2982
34092
482
2304
3210
112088
2034
2392
1712
3196
2128
2988
1488
284
2160
224
602
3484
1828
492
618
1684
1612
508
3480
1794
988
1096
2850
1198
528
242
64496
1984
4380
1200
2662
97898
386
1376
99754
2028
62094
406
692
2596
2940
23106
492
226
244
238
392
149468
118470
3462
2848
2236
486
246
490
376
272
1516
280
3452
1146
248
3984
1556
3600
2208
3034
1820
622
2294
1708
1844
452
80344
384
2188
492
52116
404
2334
1742
3564
832
1630
254
1866
240
1618
26678
274
522
692
3866
410
1850
11836
29470
21194
81052
2008
1756
2788
238
1530
2298
2098
1502
1512
1612
2222
57056
2750
3128
2462
1374
2526
4082
1428
1378
3634
1314
866
2644
2112
656
46022
5678
34728
280
2812
2140
256
654
16742
3012
494
1096
1176
1770
1014
2820
62494
236
512
526
1836
1650
2652
392
250
2224
622
1404
658
1262
1834
508
976
1958
394
1780
350
1366
276
1456
416
5178
254
1330
2618
177852
386
1250
1668
1886
66872
2676
1236
5858
2770
1848
668
268
608
1376
1590
522
608
4624
1364
226
260
252
2994
380
1426
238
94842
3186
1730
2196
702
2744
740
1058
12922
488
110638
91376
2386
1310
1572
1162
1482
1966
54784
87250
384
966
1226
31906
1290
1478
1802
60670
478
1356
38922
9606
2670
382
4144
834
2484
784
1390
11866
1820
348
266
2494
1188
236
276
2756
242
376
1946
1338
2716
508
1068
1616
454
19070
348
2760
2550
254
3092
1228
746
2016
1376
748
2746
1844
1220
236
2632
43994
2834
2332
92986
43630
230
2656
3024
2154
1412
512
482
1734
55932
1716
476
24950
620
698
414
888
946
734
3334
70632
2526
2468
1792
3972
972
1666
510
656
1080
408
1864
446
388
650
764
3788
272
1870
376
484
628
1530
1920
1666
4688
2998
34406
1998
48192
1194
8058
2884
480
1676
1494
1602
1294
2954
3116
604
99928
45610
1318
1120
2304
48836
79608
954
4740
2360
1910
53526
68040
478
788
1694
1892
2402
2182
1646
412
610
3358
316
16316
484
4368
602
234
1734
3434
252
1274
41410
7324
478
522
54688
252
2046
1974
15024
47830
1806
80710
2348
2068
1390
262
5280
386
1304
1696
4006
2296
234
1298
342
1236
2140
1952
386
1324
3380
125610
520
244
240
662
330
652
3452
2438
388
480
1404
530
3086
19178
2158
64164
3900
2988
844
2704
1626
246
1798
244
1312
1476
734
552
2680
2012
2716
63484
2838
252
2072
404
2060
1850
408
2146
384
416
1726
3502
22114
244
97176
4208
2464
97960
272
2072
4592
494
594
1162
812
341198
1998
502
2148
2174
244
250
1630
1592
1900
38470
1850
252
13910
3046
2432
1216
2050
384
25644
1946
228
388
954
7906
3368
276
578
14518
47288
420
264
1708
480
21884
2976
3704
91114
1064
230
2398
1976
810
48542
714
2538
786
2982
238
2732
1436
1938
248
1266
250
1188
616
616
4910
2328
3618
2880
1384
628
1380
834
3702
494
2004
1606
236
1890
1538
1072
1536
3128
260
838
137298
886
382
882
2432
390
1124
384
1958
470
8426
2462
832
232
350
47624
408
3212
1642
1588
270
1234
36064
2514
660
32186
2462
1824
66168
2470
658
1868
482
372
1382
534
1478
42628
942
2418
3620
1130
1054
2916
1610
2030
1438
3398
2382
504
1646
248
5036
1616
236
1636
1802
37046
452
244
1324
270
880
2732
1214
1382
2524
494
70874
1828
4586
772
1988
2542
328
2828
1134
1498
1044
2256
1642
29830
880
512
13664
762
2312
3084
568
276
1646
254
1388
16732
2780
492
466
2700
56376
1600
2228
1422
4702
742
1942
1942
1348
2120
1626
3426
1204
1514
3098
658
3460
1464
240
250
234
1504
412
596
1902
1408
458
1272
5658
2306
2196
618
1112
2130
3346
3006
284
2338
1910
2804
2536
682
2252
3232
2630
20492
3528
2170
1676
338
1446
1382
3292
388
1770
494
1868
1678
1418
82540
2336
72632
1910
1964
934
280
348
522
1556
922
500
1362
1310
2090
23444
1144
498
2350
2808
998
1746
684
3026
938
1814
260
284
2470
1704
114226
1744
3612
2654
516
522
1108
2310
1812
62196
1994
542
41098
472
2678
3154
2100
4230
3030
1438
3900
3262
2416
5398
1858
962
1776
988
2808
1280
270
1544
486
682
1594
528
2102
320902
2710
1606
1144
242
738
3850
2320
388
2484
272
2264
254
2182
15044
4748
14494
476
1376
478
1632
44842
1426
386
384
1126
508
4038
2052
2528
246
798
1066
1438
31792
474
2164
3368
1126
4796
470
2994
68672
1872
73944
978
12448
1890
109496
3250
1780
1278
4364
1718
1694
2514
2240
71982
2164
3894
82238
1840
60834
958
714
126812
236
3260
7330
1808
254
46364
2908
274
2454
2616
1382
2362
1876
782
590
1008
2108
526
1452
2332
808
1960
2792
514
1614
694
3022
34232
1092
1466
654
1464
1546
246
99468
23408
1556
1270
844
1158
1684
488
270
210
2286
410
998
528
1542
386
1796
510
354
860
2370
3180
1808
224
299518
2068
3038
1020
1454
146910
1670
3898
1334
2876
1616
2372
1208
2350
18580
1376
612
4396
1844
106584
3318
1646
236
482
1130
564
245354
1822
488
1022
2172
730
1478
354
3606
1422
2088
2298
238
1164
1886
1774
1572
1918
398
384
1808
892
496
1418
494
1288
1398
3032
2332
596
1830
2972
1222
610
300
79714
3998
1218
494
492
1964
2508
412
2604
330
1658
2964
9660
2820
1456
974
1636
236
2094
14176
738
624
1030
260
1414
348
1932
21402
33632
1530
388
112642
1204
1358
1556
3132
2540
2104
2264
1710
2152
1714
26516
1172
2702
1346
2430
1152
1556
1456
1410
1758
1168
45444
230
2260
240
1382
2966
2324
1474
1510
388
1516
2244
4164
732
62326
1522
3246
1786
1630
280
2324
1448
2446
1790
2808
1596
4274
462
996
726
3530
1422
1006
1624
1586
280
3170
1238
1502
766
1302
1182
2156
1508
754
1460
1448
524
718
23084
254
930
31356
2966
1808
13416
1396
2118
1006
998
1982
3482
3088
1010
1372
278
8786
432
278
1462
398
1458
1572
796
131214
2612
270
1556
1638
3340
622
2894
2744
1428
131088
19766
2650
1068
1404
580
1572
83292
870
1492
69810
2638
724
2314
2072
1500
1088
65874
1914
1208
2186
3974
606
34940
116308
1844
646
3398
1704
18454
1486
2302
10022
1506
1918
1746
2470
15524
3398
30640
1356
69062
1120
1188
1486
4084
348
52504
1494
1822
482
2680
656
1928
272
12146
626
246
1360
1882
117828
1648
1654
2742
3748
2072
1400
4032
624
1624
2296
2930
53594
2170
434
386
248
1442
738
32784
1140
1772
490
1404
2102
620
110398
2040
500
1430
66322
6420
1484
462
2422
1964
1030
1730
268
622
2034
268
1276
5974
68012
280
3108
1554
1132
50432
1962
1858
2390
1228
3008
1776
3530
494
2748
28000
27984
1314
466
2268
1472
1758
1440
2202
1038
1712
1276
1076
490
1644
490
1142
1472
2452
2144
350
478
3296
1238
3070
1392
1502
42372
2484
2698
2256
548
1276
244
250
780
1976
2146
492
2052
1908
4656
1258
1436
125474
530
228
73734
2462
1070
1446
2638
2834
394
49224
1580
1748
2526
87170
386
386
1682
1746
3868
3398
4188
7170
1622
1310
2024
586
1594
2660
23456
1172
1398
18360
256
2368
12066
72158
516
2160
2142
1520
2194
964
2672
1154
1466
608
700
1212
248
1832
1740
558
1826
87134
15692
1398
1346
2412
15522
2464
2894
1950
354
1728
388
488
2692
926
2076
66298
16478
6898
1342
1846
538
1486
1672
2814
2876
1920
31482
1566
3372
1470
18770
986
526
2596
1040
2642
2190
2808
396
482
27684
706
884
400
2540
1546
145408
4402
392
566
102942
1150
1672
3790
2132
1478
1478
2558
1196
2708
3036
31664
1808
2092
252
5760
2512
40070
1550
1600
56816
282
3734
93814
286
5016
1134
1836
660
1548
1514
1190
352
3058
478
1182
2894
1754
840
502
288
1606
2294
384
1162
492
1426
2144
1606
1104
3080
1824
51798
620
1522
608
1882
123212
52142
242
392
65736
1662
1682
1470
1716
1608
2058
1124
66386
2100
2842
4538
1530
1706
742
1958
2032
16458
1522
1184
248
1484
2700
1352
1108
2644
54934
530
390
1618
922
246
2482
1854
342
656
1512
1208
38170
484
97944
1984
2242
2914
122752
44372
1102
2090
2178
2648
104980
47038
1546
2068
3270
1052
1890
682
492
490
1388
1360
2062
3278
518
1138
3182
3804
1682
1450
648
2146
1506
59442
1050
1630
2916
88094
1528
532
1922
1096
3166
1452
1628
3376
1434
484
1510
1272
87450
2540
1206
1066
35054
79344
516
1120
840
934
1524
392
2256
1000
2720
2814
10708
1234
1370
490
3526
1714
3760
1356
1626
15230
934
1164
388
14648
1888
135940
1502
1314
2260
1422
2208
20752
2506
1350
1650
1740
256
1672
1026
1610
28234
620
526
856
1242
1428
3870
420
25076
2204
1232
1528
624
478
6150
26554
3186
188138
1140
2338
1648
570
2210
246
3268
1156
242
286
2286
3300
2156
520
264
2086
2110
1264
1052
3596
3106
1702
3388
3012
1106
1268
2232
242
1446
658
1274
3526
1680
1534
1092
552
1998
1538
67614
384
2096
3456
786
1306
1594
3166
2330
1548
2840
2748
2642
1300
390
2754
1068
3990
3192
1030
44438
2390
1692
2080
1964
2512
1044
658
886
1840
8870
506
630
3060
3116
1998
1272
976
1744
382
1810
244
2274
2090
3542
132818
766
49272
1840
660
2438
1784
620
1698
1454
662
1394
70330
666
1016
28718
1712
404
2722
500
3068
482
3166
10930
2532
510
1896
596
2026
1726
662
1528
3062
1136
1696
2332
3010
22788
1088
2408
3072
2938
1576
270
1476
2180
1612
5630
2226
21262
2038
3640
2780
478
560
246
2778
2024
252
1114
618
28090
252
1794
1160
2488
678
1834
3692
2374
1350
4502
918
624
1274
3436
642
1260
3280
2138
1558
518
9848
2846
2340
3222
5064
1136
1842
1374
2626
51334
1074
2442
3794
2078
22254
2092
2204
1408
1932
19122
528
18830
3340
604
3900
2112
596
2120
2990
260
2660
67286
592
1532
1376
1550
390
3370
1892
1980
3702
1838
135076
1244
3018
2986
512
1660
2002
2196
69812
1644
3676
502
2318
264
246
2368
2024
662
2600
157468
2760
720
3298
746
2330
4578
2294
2244
1184
2878
4640
1532
2444
1448
552
248
2374
2322
1560
41002
958
2758
1606
2328
476
49846
760
74294
448
3000
2306
1070
2638
2110
670
1822
1076
2296
36746
2204
1684
6876
43858
3776
1678
5462
46194
69790
1918
1898
656
1772
1908
1734
3622
506
2578
2984
2374
2280
1368
2058
1362
1956
238
3514
2682
1758
2126
2272
19598
5056
2014
1178
2794
2034
1572
1378
1966
2532
54650
1814
1846
420
2682
3220
2978
2344
2132
1958
236
2030
1622
350
2516
1240
342
2250
490
18280
2232
4548
30476
396
3242
15194
3022
33902
1230
2116
482
19002
2852
618
910
522
1978
984
234
236
1630
1912
4290
8238
30764
3396
2138
36570
11258
236
216410
95818
1888
908
1120
1764
1448
44384
1802
173136
41726
1342
22208
238
3268
2318
486
990
246
486
734
2696
2082
622
542
2118
1142
1596
788
2266
1634
36958
502
3440
2692
234
590
388
2928
2212
226
414
114754
2602
968
514
594
11402
608
400
27282
209494
532
240
3910
2176
4582
11556
2612
54540
27236
492
1568
1540
232
1408
2748
1720
2030
32862
520
500
386
3228
408
2644
1730
3332
1414
1808
248
1382
1278
2596
1564
166274
846
2192
1932
2432
243412
1420
145458
179638
1614
163510
3420
1462
2314
80686
1892
284
392
11156
1504
3382
528
2256
48660
3888
2744
6310
244
2756
492
2094
482
21456
1902
260
2402
1832
406
502
974
1548
4674
24958
1588
538
390
1088
2616
1048
57430
2384
656
1416
534
238
2466
1832
13758
1704
1524
1630
468
2856
2218
230
1964
1564
1578
1500
2162
1904
1322
610
3206
2134
8940
232
390
2878
1758
234
392
2854
1164
2572
28856
260
238
1330
1124
1268
1442
141340
378
480
89864
2398
616
480
1260
278
1310
20630
408
3310
516
84032
458
1646
352
1014
954
930
2720
518
1944
105588
3454
1418
106322
248
84146
492
16010
17928
86750
117114
992
2916
1832
5528
1770
1246
2342
1244
256
3222
1420
110584
2102
1206
2572
58306
390
1180
418
250
1234
486
1800
52500
1432
2214
752
1060
1452
13742
1668
858
1520
846
1572
542
388
3470
406
1896
60226
1594
390
3270
248
8610
1034
262
2680
3506
1228
388
2036
2434
1914
748
1636
2748
3114
656
582
1472
83058
2182
147454
2092
1430
103684
50838
2584
928
2510
60902
1556
2414
832
518
1918
1622
20612
1666
1094
354
2622
1104
2012
606
2080
910
954
2056
2788
1974
2072
262
514
77296
6016
1110
4466
3004
1284
1844
1832
1662
2030
1656
2996
1784
480
392
3570
2234
28050
1564
620
1350
1266
2060
1462
2196
94514
51732
2652
1596
37448
1376
1230
2652
1528
1128
1826
1358
13996
19466
1374
244
1414
1636
2066
3772
354
1318
1038
1350
566
2642
3726
1828
604
996
10106
1296
13544
33636
1462
1292
1348
1768
3364
1220
3124
24768
2748
1584
1660
534
3152
29950
614
1990
2332
620
2970
834
1374
1896
2524
1786
248
1826
248
2110
720
556
2380
1652
482
1398
720
1450
1856
37680
1238
588
1186
1712
35916
1852
1114
656
2264
3740
1270
960
1544
1108
3914
8450
1864
3588
714
1602
1382
456
2216
1664
2934
232
1754
1890
1216
7740
27028
14958
886
504
272
2786
26236
2058
3558
1836
608
274
18914
1348
1786
1452
1442
32716
1418
2384
238
1552
2572
626
2834
2320
950
2272
616
2412
1540
1064
1372
1282
1766
3068
1266
2320
1550
1484
248
1556
992
2166
1336
548
1294
1620
1264
880
256
246
2346
2526
1478
2964
1818
109738
1408
722
314
2372
1196
1380
15452
1568
388
66746
1874
1252
1184
1888
590
1746
388
1692
2440
236
1876
16754
3400
244
1564
3266
1592
21754
520
236
620
856
1992
1440
2196
614
842
2322
498
2286
1644
1126
33066
1744
1738
36882
960
2850
2032
1674
1312
402
1140
23844
1768
1416
45306
1258
1650
1034
834
1674
1450
18350
31510
516
26052
1220
3110
540
386
492
494
620
482
890
478
254
1234
2274
1164
1432
60160
1114
504
2402
318
3716
266
1690
1958
508
230
296
1492
2484
1424
1318
50814
1834
1944
1380
2450
3030
390
878
3264
2170
2002
1402
2000
402
1692
1238
1712
240
1870
2672
658
2280
754
2444
1902
1654
61970
1632
622
1468
1730
1738
2030
3060
670
2282
2008
1014
758
3900
1872
1688
1628
25394
17840
1188
1936
384
1730
3362
478
410
1862
2284
720
388
3286
1894
156842
2140
1888
260
1564
1176
3710
2646
53484
1728
1790
784
1758
2134
13654
710
890
238
2038
2248
1642
1394
512
490
1594
2332
3106
1242
256
254
270
350
1468
39874
1838
3360
137860
5918
4166
3494
664
1994
25184
1648
1710
2038
2848
4414
15252
472
108306
2230
2054
2588
586
7046
1990
1104
2072
132972
3372
614
1602
29130
1568
2282
242
5100
1874
1738
3064
590
3010
248
1406
228
5764
30862
1340
658
344
1778
474
2006
3532
12288
33826
1822
342
2310
2336
1862
3402
2718
1316
18190
6668
2580
1778
6576
492
660
2290
1096
1596
852
5636
254
2204
1694
8166
1850
406
2200
1262
1488
516
1470
4010
740
240
1962
15104
2192
2070
83390
1434
1390
17704
4364
85542
4302
3130
240
66066
768
988
2368
2538
1450
77826
3178
1726
1248
2074
264
2492
1776
2072
1546
2316
1524
892
1796
1996
7768
2614
2882
1660
678
738
1760
1460
3108
14004
1304
502
384
482
532
274
2170
250
65308
1882
2396
2712
4070
41678
250
1370
246
700
2606
1378
250
25538
594
2160
252
586
3868
1280
1408
1266
3388
240
3372
2976
606
1748
772
1372
1878
2030
1098
264
1084
832
25772
1922
272
228128
614
484
522
2158
4336
29612
508
114732
3204
1038
468
646
3454
2956
1000
4344
476
2342
702
1030
242
606
392
4842
2682
1582
398
2322
138060
4094
3508
175574
1704
2652
1844
2262
224
46310
2212
1604
3912
980
612
510
1940
788
756
1416
1070
1414
534
1156
1526
1830
1336
2778
996
1392
2152
2172
516
602
1020
2034
790
624
350
2062
664
1944
1322
1968
1508
81798
472
992
2104
12424
1316
266
1536
504
1294
25916
1944
238
534
1038
254
3658
2000
624
2382
5510
274
2094
1168
2632
3484
1914
246
3562
1464
1090
740
1818
3210
1150
688
622
1282
3116
2194
1826
2136
1882
748
3690
1286
1810
594
3536
2002
2552
3234
3032
1872
1038
79918
2888
1442
2390
1212
73108
1390
242
1588
16028
772
2812
1042
1632
1152
266
40546
2642
1296
210204
1716
3026
1334
822
1724
2436
2728
244
2008
2102
1024
2758
1778
1518
250
2094
1188
1412
4096
59674
2198
548
2350
2586
2338
240
672
886
2514
388
2714
2438
11750
3624
1220
248
228
686
1828
390
1326
3280
2470
1564
780
2028
410
3218
10718
48632
1666
1326
1854
1500
272
242
2230
242
1512
1560
3142
518
670
1228
1896
66310
1872
1722
412
55486
9414
2036
2086
418
3242
2210
2172
754
536
1358
52506
2748
588
2548
620
2014
2168
1492
1940
2910
2010
11440
2802
2272
510
21286
3186
654
1796
1562
2346
262
528
804
516
5940
1318
2644
2732
80328
528
1318
3564
246
276
4808
1258
2440
3196
748
992
1556
1578
2092
2120
236
648
726
472
622
516
52340
1652
486
540
1860
75414
2092
3504
2296
3324
3348
368
2682
24410
1962
1828
33940
250
230
232018
24430
2532
2102
2778
71124
1374
488
65096
1762
1410
366
1016
1708
3938
236
35008
1978
4258
248
1106
1490
2312
486
1024
2034
2262
266
2718
522
2470
386
2352
1480
11970
386
658
89636
1688
492
2774
858
1262
1978
3906
3184
1938
2730
1462
3998
3040
78318
2206
690
246
1512
15754
143478
2190
1472
276
842
538
1644
1004
6764
510
3248
2006
8678
1820
1472
280
236
1828
1880
3110
2112
618
1120
236
250
2282
404
530
2670
8932
240
492
100562
3150
470
1616
1994
350
946
1880
5464
2228
1500
930
32566
61546
2156
754
2652
1632
2012
2504
962
27666
3428
394
11522
1702
2358
46424
2616
648
756
1324
2124
52220
388
610
2732
348
30270
2328
1382
1848
3176
2230
2180
143922
680
1276
2642
492
1732
2990
802
1940
15958
1330
654
484
1688
380
1370
1734
90840
1488
1752
1554
1050
2512
256
1616
1950
2632
3766
2804
1956
4084
51174
23962
3846
246
2666
3660
2152
544
386
1848
2824
1260
1932
3152
2636
708
2162
1402
526
256
17444
30504
508
25636
1890
3228
2090
1692
1622
1992
7604
2732
1010
1396
1252
232
1768
528
1858
1418
2334
1672
1644
2458
1608
1940
1164
1430
1604
1352
3854
2784
2278
852
149494
244
584
2336
2132
2766
2340
506
4474
390
2252
386
564
1260
1950
266
2702
2238
2190
9428
3912
1438
2844
276
512
3030
3286
1618
2698
2416
2094
384
246
2222
2186
1282
1250
12448
1878
2654
1578
700
1324
728
30662
272
240
680
1976
1008
4164
2640
2144
402
3154
1728
1768
2310
860
718
35632
2004
2002
2216
276
1502
1578
2040
236
17738
1694
4450
3268
1276
232
388
6264
1392
2928
3060
3820
7992
8280
1204
2200
1720
3120
3408
2936
1690
246
1754
1482
656
2226
3674
856
2264
1546
726
2476
2150
234
4048
19242
43890
1770
47984
3356
1410
1890
984
1012
274
2878
2762
764
1370
3092
4562
492
1960
282
866
65934
1560
658
754
282
2758
239884
656
23680
1512
3252
1832
1174
276
254
1518
26520
1324
1906
554
3958
534
2266
1534
7512
2298
81908
1782
2648
242
1294
3022
850
1886
1124
2162
3638
16102
2340
1224
1230
432
3318
2386
1182
2246
2262
276
4752
282
1904
1456
3308
234
410
248
2564
532
486
386
3456
2266
2222
1146
1240
656
572
1640
488
1650
1340
50482
254
1522
2474
2188
626
1218
2518
482
392
76282
6836
678
254
238
1606
2076
3328
4420
2124
2304
1418
9550
2036
1642
1768
394
658
1982
538
1396
372
1178
1366
876
3020
386
606
1570
246
1682
2430
656
13610
1570
23620
1816
2456
1314
1152
2668
1054
3244
2308
284
294
454
272
1768
1536
4092
58900
3972
2916
932
1468
300
3464
970
1242
22984
480
1608
1606
2846
2072
1514
2958
230
268
2588
1278
2160
460
7102
484
3428
2454
5818
234
1366
5094
2540
1100
2486
3474
1420
2620
1532
1222
2100
1076
688
33168
2274
2000
414
622
718
1536
2312
3334
7756
108696
2114
1460
1110
2502
63474
600
14382
1230
34514
31042
2872
1304
1668
14842
658
1686
676
1968
416
1184
812
1276
1946
1130
1794
502
386
240
68096
2114
1698
470
688
2264
1522
1612
37180
2308
242
1854
74962
4398
228
1118
236
1888
246
1390
2566
2784
606
3748
1454
118844
3246
87224
1304
3144
896
51770
980
942
1396
350
4826
1844
1064
842
2174
1900
1788
348
1558
1648
58772
2166
2850
3054
766
484
2216
1670
1352
2290
1582
480
1314
568
464
2716
1648
506
2034
2030
1486
756
2058
101976
2642
600
2754
2100
688
2924
2200
3132
1408
390
1128
90458
1072
1100
3142
1010
1132
1806
256
87166
3304
1238
1180
594
486
1900
2104
412
90838
348
2176
76234
1096
2564
1894
64472
2440
2428
1256
1312
1248
1794
2186
1218
1100
3442
1532
1278
606
1520
2474
3534
1006
952
2894
2506
55236
4362
2106
234
998
388
566
2576
478
2104
56362
604
2512
1230
1124
1708
39192
1808
4460
858
1472
486
3660
2920
2662
2160
106292
1508
1242
1778
1316
1130
2718
1158
8374
1074
1480
272
1776
6094
352
19682
2744
3172
618
512
151010
8222
518
386
1740
526
2890
14808
520
1830
1236
2600
110130
1756
33404
3192
1242
1976
246
1620
3496
1854
10098
2202
2480
1864
3248
1942
660
128136
1554
1482
746
3108
388
1538
1556
1656
1268
2980
976
1896
2220
1186
1336
1940
2470
2746
386
2022
1568
1516
1556
246
1260
77590
532
1872
1288
2274
3008
1996
1308
390
2744
36152
175660
476
1504
15118
1626
1754
530
1358
1608
1634
1560
4532
1476
1020
2628
510
2450
1020
618
2432
1990
1600
698
1428
2004
684
3072
2268
8492
3366
1164
2638
78398
1854
2316
824
526
3840
1460
15146
4294
2140
8598
386
346
