111111111:1111111100:0:0:0:0:0:0:0:0:0:0:0:0:0:0: (total 17)
0 4 8 Thread 0 going to cpu 0
12 Thread 2 going to cpu 8
16 Thread 3 going to cpu 12
going to barrier (cpu 8)
going to barrier (cpu 0)
20 Thread 1 going to cpu 4
going to barrier (cpu 12)
Thread 4 going to cpu 16
24 Thread 5 going to cpu 20
28 Thread 6 going to cpu 24
going to barrier (cpu 16)
going to barrier (cpu 4)
32 Thread 7 going to cpu 28
going to barrier (cpu 20)
going to barrier (cpu 28)
going to barrier (cpu 24)
72 Thread 8 going to cpu 32
76 Thread 9 going to cpu 72
going to barrier (cpu 72)
80 Thread 10 going to cpu 76
going to barrier (cpu 76)
84 Thread 11 going to cpu 80
going to barrier (cpu 80)
88 Thread 12 going to cpu 84
going to barrier (cpu 84)
92 Thread 13 going to cpu 88
going to barrier (cpu 88)
96 Thread 14 going to cpu 92
going to barrier (cpu 92)
100 Thread 15 going to cpu 96
going to barrier (cpu 96)
Thread 16 going to cpu 100

cpu 17 cur 17
STARTING...
going to barrier (cpu 100)
going to barrier (cpu 32)
STOPPING...
Duration      : 10000 (ms)
Acquisitions  : 8627391
143078
4038
4358
275926
3552
8368
2372
6394
5414
3502
3698
5288
7380
4776
678
6410
4098
3888
5016
876742
7348
2404
1462
4772
6014
3018
2980
5230
3874
390
1550
6246
2040
8930
3236
944
3284
6652
5482
2340
265006
554
6846
4902
1916
7228
682
8414
6332
3642
740
954
9250
10164
4418
2948
494
5466
50026
10992
7566
179066
1374
6890
1560
6078
540
4614
6658
366
5530
6774
1352
606986
4636
3484
640
6872
1764
45594
3842
1762
4994
392
370
2116
5062
8682
4062
2134
5484
3946
25282
5496
339594
4828
4856
3774
3042
970
4514
517384
12044
2484
1572
468
848
4112
536
3968
398
9026
276
5218
143970
1000
6938
4188
5758
5308
2710
5552
11880
4154
369060
7314
910
4398
744
2662
580436
3570
5166
1984
5238
86132
9746
222024
4366
4672
1172
11774
3518
4212
3412
3692
2756
9010
3948156
4116
3180
616
6360
2602
618
6498
11636
4080
5090
3482
4166
8818
502
2528
9776
4040
3938
2182
7768
5258
3476
7866
1402
9180
2070
1156
4162
5280
4382
944
3754
75488
2792
1236
10976
7870
1798
8836
3486
338276
2414
396
677740
354
9810
534
9092
4504
752
1054
2262
3688
5424
4382
3520
7744
276
9998
4432
3470
3118
4448
341128
14088
8932
488
5902
3718
1526
496
4946
10916
382
2996
5372
6212
588
4438
290420
7018
1992
1500
4166
7982
2958
648
3488
6384
5818
2646
4262
7312
3066
3866
4206
82936
7052
88460
4188
1126110
5632
1852
3054
4848
6240
5702
6712
286
575228
8994
4094
592
13092
10152
4136
6120
9084
9876
8164
4128
5788
68148
2100
4936
4886
1228
614
8482
5036
2898
264
4294
4490
5964
2512
11096
10334
4950
442
3570
1632228
2658
1310
2992
3000
285330
292492
3438
862
2950
4716
1306
3548
3206
908
2514
8056
5384
3752
4324
474
10666
612
6594
6558
1106
8452
3276
16388
2510
4440
3656
7320
254
167108
3490
411786
2942
4474
2950
4426
2316
4006
436
3802
8690
3594
2656
8486
8998
2252
7872
1728
310
5170
3950
4688
5742
3884
7120
3906
5008
4994
4294
484
720
944
3108
903066
492
7646
3566
2138
4822
1066
234
1518
3872
3064
2596
300
1442
4418
2540
3182
2574
5682
2272
543580
4154
6772
9490
2170
3480
2392880
1278
2878
6656
1387258
7676
270
4492
1516
5906
1458
5980
3074
372
11806
926
4818
2526
6378
3104
468
272
5018
2928
4248
6528
5112
5942
58412
6414
5364
5424
272
268
8860
3738
6630
8312
8412
4558
4228
4634
12954
6300
5592
748212
1722
5816
2238
560
9730
5662
2700
2660
6962
9068
394
1218
8864
1000
5838
11696
6910
808
82080
3992
2014
4930
2116
524
7364
4668
5138
6696
3228
5260
6078
4962
6536
3222
1103404
6404
3494
988
886
518
2768
1976678
508
254
4434
354
11630
3974
2390
7164
4538
2900
5306
2210
7656
380
2486
6190
3636
2982
13130
2724
4092
3798
6318
4400
3086
2576
4814
11122
484050
7138
1754
5382
3054
3714
5824
6172
4682
4230
3892
2234
2588
1834
3214
4782
4396
7298
4910
514
467468
2984
7164
6262
3096
4116
1260
4022
2022
4588
1350
9194
5312
1083504
8462
2194
3852
4554
4866
8156
440668
4094
970
4590
7116
5424
3072
8398
5166
153114
2000
6334
6490
9838
5598
3280
1950
1474396
4256
5090
208124
2128
538
5202
1742
3038
6714
3076
3400
5252
2790
8026
5428
304202
3036
3186
6186
3050
4286
2604
9108
396
5714
136982
5280
16004
9354
4158
5018
5156
1378
4384
3466
1584
2684
2520
254
8814
3864
2260
3122
6892
1914
4924
403260
4892
6102
1480
6138
5584
294
2120
482276
1293702
4810
7356
5162
2164
902
2714
2774
6006
1746
7430
2266
10352
4376
7218
10502
7636
552622
6608
1230
3656
28192
3764
790386
3124
4830
260
2588
5728
354
1608
388
2204
7164
1496
3462
1556538
9388
382
418
2402
2790
7436
5308
6562
3370
902
322414
342
2588
482
6992
7310
3614
6392
19736
1724
6184
10066
16942
518
754
6952
2522
5126
3272
2190
8220
4980
821120
9916
992
6256
676
352
280
1800
250
980
9298
1882
5422
3080
2398
11746
408458
5204
2848
270
5028
643316
3688
3674
35890
4688
7000
6612
4374
7656
3136
7880
2934
11072
3814
156946
5838
9494
1348
8648
71810
4644
3020
5896
6460
12144
7750
7160
4436
2848
7080
2796
1386
8692
4024
4762
888
6792
5838
6206
5532
4110
9230
604372
1900
3714
21524
8192
1994
353588
1002
1220
3318
7538
1372862
1174
4244
11028
5572
6706
5540
2218
372
354
1578
4268
5378
2116
2972
4710
1274
2478
2212
1422
2110
276
6670
2994
8424
5572
272
4940
8402
71482
7458
6844
6158
622
360
6644
1356
5806
1186
2008
5316
808
4566
2438
4918
2818
842
4012
2380626
5868
161402
2476
4048
3668
8788
4386
6710
3820
582226
5550
1006
677364
7874
9618
11116
4366
748
3586
10148
10980
5488
8906
9426
1398850
5372
8688
1889114
4016
10148
7472
3368
487738
4490
1742
6746
3674
4178
2694
3464
11826
5060
508
225214
3330
3776
1846
7796
5230
4160
4566
3204
1920
5046
5796
2744
6026
3958
4360
3066
4226
6244
1272672
1216
7180
3598840
3452
30370
1958
1123150
2674
4510
3072
1560
4432
470444
1404
2574
252858
1032158
8832
1068
109490
3152
744
1596
3156
9242
6612
3492
4502
4944
5410
5534
9220
6262
591060
4444
1266
750
286
5628
2308
6952
467654
3356
6190
364
3346
6306
382
4880
5304
5282
794
7990
11732
4448
2624
2714
972
7042
4800
12368
4104
1596
121610
1350
1614
2690
7436
676670
3092
4050
5004
3684
7872
287184
6974
1118244
5490
348
6244
9156
7766
3920
4084
1780
200346
5384
12712
1412
7178
7590
366
7176
286
1034540
4756
7792
10572
507452
478
934
4008
388
7958
5180
6084
1048
7122
244
14842
3186
4458
1732
6684
17636
3840
596
3288
2042
2366
830
4446
4452
282
2986
2328
842
5722
2652
7676
824
1163842
5506
7246
3272
3974
4438
9548
6792
4312
9462
353860
860
2894
6266
10850
1350
1136
1668
8638
5040
466
39758
3994
359460
160986
4198
392
5942
4416
9920
2926
5774
4422
3968
3868
1580
11012
48596
4450
750
5844
7618
1688
6572
244
9730
11530
2414
12038
8728
3026
4538
417442
1369692
7814
159966
5694
8102
7660
4334
5054
669426
8328
3332
444
11918
3894
1048
7038
4366
4164
3364
12536
4134
255878
3132
164412
5636
312
4314
5840
7648
263222
8872
1590
8162
260
375590
282
13798
6844
7412
6028
2266
5086
3534
1180
1952
5812
5684
1534486
4580
4164
374540
2312
1044
4922
4144
1935400
2706
5766
8672
4602
10024
2180
5180
3970
710830
4022
4600
7324
7030
4412
403840
1874
6392
1792
5176
1536
5252
3608
4946
4170
2152
6454
7560
265958
3708
3714
3336
2402
2686
3966
6086
4136
328866
592
1644
214384
5958
2280
2984
2566
3230
280
5806
8592
840
5452
2606
3136
3684
2464
2948
4504
2178
1107362
3710
5972
3436
796
5368
5420
1456
3320
796
2212
3390
608
8626
975044
3554
3702
4124
2210
7714
402
3722
2568
3698
1326
3348
6170
5428
2234
1114
4152
746
5954
3792
6172
4300
5914
5708
4302
7518
1168
5248
1776
3310
646
6258
3794
640
7016
3410
6628
1630
300
8372
5960
4728
1604
3456
3666
6734
1270
4222
3656
3030
3352
2694
5196
2936
4372
7404
4388
2030
3496
15220
2812
3926
472
2964
5104
5670
3352
1502
4184
284
2086378
1966
4824
952
1361814
5648
6574
5122
2986
3204
2856
6464
1972
2952
4428
1780
8398
6900
1300
4150
6058
3304
3728
680068
6072
172744
2328
286
7198
5324
4674
117770
6738
5780
2814
4740
2528
1208
6836
4638
7798
6448
1948
6468
520
1652
2722
6582
1478
3834
852
2796
7204
10002
2624
2618
3294
5060
8170
3144
75096
1612
2046
4354
390
640694
3350
2292
4120
4470
3588
3478
4428
1204
5066
3944
736
2696
4690
4854
4982
5452
815842
442504
510140
3494
781990
11362
4858
2232
3256
3556
240924
3868
2866
2076
4962
1866
10090
2416
2460
4612
4686
9556
7922
4516
4592
7902
4776
1922
2302
5534
1568
2780
3108
4154
1892
2852
4982
8228
2420
4116
5330
2536
2550
449200
4474
2242
2690
2212
4230
4286
5722
272
4524
1140
3846
388
3312
2824
1052164
7010
2168
37792
4830
3294
653164
4962
4684
7238
4954
6742
3570
3874
9892
302
3422
9512
4262
5198
4324
6032
2134
1986
2262
6282
2358
3874
644
8454
4568
1916
1612
1122
4070
3318
279344
3220
3404
19862
5314
5100
392
3584
1530
814
4974
5438
3354
884
3350
4532
15248
2290
4288
6728
5266
3752
7128
2984
328882
2296
3186
2142
4270
3508
7150
8316
5056
5288
284
4900
1498
308
440
6070
1748
4178
5110
6220
3116
514
734082
6744
1792
303112
4806
4644
2936
14986
4310
3466
3708
3064
6908
5462
2228
3330
1852
5164
369444
4244
6246
392
4346
2950
4468
2542
4276
2578
3068
1908
408826
268
5320
4416
5418
3024
2052
5736
2108
4946
8504
11470
8710
2522
4876
2566
3148
2662
4400
3144
1520
5322
4846
1582
4434
5428
3428
4330
1966
5604
3914
4202
2892
838
1620
304
1474
1786
3768
5632
5508
3714
6886
3814
26458
145206
2594
4530
512
16532
1492
6350
4162
1106
3980
2870
5832
6702
2196
1754
6080
2450
2414
1312
3556
3532
3464
6268
1002
3266
308572
5396
7666
3882
940618
8482
436
4128
7214
4936
1686
3740
6254
16942
1161796
4106
1358
8902
3204
2478
3776
186878
6852
3942
3336
5034
1276
4578
6008
6000
104268
748
5290
280836
9100
7582
3974
30088
1784
266
7990
358
804
2268
4026
9924
4168
1558
2630
11696
4672
4762
5422
644
3432
1832
5676
6262
4828
7140
3094
1680
3386
1958
3872
7562
757688
314
3550
306
5940
2776
1762
2250
5116
4392
3202
5778
6060
5110
3102
3204
4080
437774
6096
3496
6354
2966
4198
898
1160
5974
32222
11154
6406
4656
1618
6698
8728
7028
3392
2972
5154
510
7902
4414
1164
4440
3304
2676
1068
5978
2500
6496
3696
4310
4826
7074
2112
5138
372730
4396
2276
4650
3186
2972
1784
418836
14596
1830
2236
3378
921920
412770
4176
3560
2472
2332
3224
3452
4638
148492
1792
2434
3204
5604
8720
2214
5508
2392
4252
1572
5502
2636
6098
3534
4452
10236
3364
3384
3506
4318
7302
2444
3862
7156
2138
8088
5454
2090
3544
1436
4888
3486
3250
4396
4906
4540
4886
4890
4966
4938
542
3892
526800
4190
2528
2566
4630
5398
2854
3646
2934
3326
3780
4010
2358
5276
375132
2528
3678
3656
288
3830
4078
6600
2146
333256
3192
2096
588
4254
676
5618
892372
4938
3386
2612
2160
7530
8450
3120
4400
6658
8676
7494
2734
3094
1300
950
3110
536
2758
740836
276
2848
5588
2516
3708
5088
4862
4418
262
5036
1914
3870
872
3338
3206
5264
6040
9196
3908
3210
520
6720
392
974
12878
1272
9112
557368
4796
5668
6770
4176
2234
1898
1852
3286
3052
5750
5852
3866
3222
3088
342698
3028
564
7358
2046
6860
4114
914
1217700
7534
2476
2620
562
1398
9440
2474
5794
4256
386
569140
143538
5504
2068
1146
1518
5946
4510
1828
4848
4882
5278
2332
3710
298
2620
3092
6698
4852
141464
262
8596
7728
1814
2412
5118
400326
2232
7132
2116
658428
4086
11130
2518
4170
372
2230
6852
448460
7108
3614
5914
2246
1222
904
2600
3442
1876
8068
1688
6214
3828
4556
2922
4054
3020
3292
5426
2188
2780
5724
8786
526
2610
3230
5204
646
4950
8450
3510
6422
1870
612014
15100
6868
13962
2406
842
5122
3558
854
4084
4788
3090
1186
7286
1858
380
3600
3266
2036
658
8110
2790
4440
4478
2406
3296
2922
1710
4184
1238
3754
9852
4668
5502
7856
5928
10552
676
4058
3024
2848
2970
2180
8306
3064
1496
1740
4936
1015918
2798
2758
3632
258106
3868
1242
4092
9302
7456
548
3912
2010
2248
6548
2600
5024
3922
3314
7374
4534
258
1820
3760
7018
13332
1416926
393556
6220
9238
1806058
4846
1076
9006
7448
6222
97168
4508
6652
2944
4078
6112
6238
313242
6812
3854
8550
2212
4430
3212
3544
2444
280
278
9262
6258
5912
4462
3246
2592
1830
8178
3358
1820
12616
3196
11696
6578
87894
3448
3460
6062
11320
6348
1964
1888
2194
65634
2412
3952
2964
7976
5700
280
1914
7234
5246
270316
2814
990
3904
1380
7038
5530
7432
9860
9312
4872
4040
5478
5154
7560
5316
3170
3020
10564
1518
2410
2254782
1281882
6116
484132
4976
480
602
4234
6210
396
2802
3594
4582
2768
1131036
754
474
1094
3334
1526
604
3696
746
2180
12016
6192
6242
6752
227270
9522
9724
3584
4266
772
626
5118
272
2244
352
8372
3746
2794
2960
1816
162726
9872
1722
7964
280
6470
4666
2348
182900
384
3424
3882
5228
643642
677358
13606
1764
1996
3262
8518
1276
6114
1530
240
3464
3920
9520
3186
2804
7794
4506
4156
4378
580
688064
7100
2112
3416
2596
4828
6896
5174
4290
538
1416
4036
1163692
7204
2430
5792
1968
2768
382
1848
5732
6372
3562
900844
5614
1920
7698
504
3180
920
1153022
3564
4518
3950
2642
7280
3636
3728
3530
5800
7914
2015912
461530
5998
2788
9124
374
2332
2216
3412
5298
872
4394
4534
6386
76722
2810
7038
5784
5970
1296
486
1622
2112
4022
7498
9696
92326
2394
5292
2192
3840
5760
508
2586
426658
14792
902
1736
274
486
614
1988
624
2782
6422
4162
7754
3944
8338
6752
1116
1258
1806
9398
1474
5284
450036
392
8410
357388
7266
344966
1564
5746
1786
2062
490
5480
1560
7416
3684
1218
7196
3108
5352
4308
3954
11696
174974
1148
8080
9314
3046
9352
384
3372
7522
4280
1926
12806
3576
1212
1924
5000
4432
740
2684
5144
3880
519130
7476
9898
3904
3814
1786
10576
3166
6918
7312
650
380
6340
2950
264
4120
388
3316
3322
3184
632
8614
2576
772
5198
388
3934
3750
5034
1050
5200
258
600
2082
1304
146498
240
3486
2440
369972
4614
1662
9092
2586
388
5110
490
11628
6630
1398
8478
87364
4104
662
4304
1772
2920
1458
2660
4436
184692
3382
1392
460
1966
3602
744
4216
464724
678
6290
2006
9782
475646
5966
3376
6520
540
648676
11736
494
1208
3634
5022
8328
4282
506
3068
3626
7960
53102
572
2770
5098
6140
4034
128300
4772
5682
1432
1144
3168
1848
2956
1048
2778
266
3714
6826
808
1414
2194
5932
5130
4786
2257752
1908
4846
468
1276
7910
2132
5318
2854
808
6362
5020
2296
6864
3242
2426
7346
5572
4008
5536
4448
8574
2816
994582
2976
3940
5292
5630
352
10610
522
303980
2334
2782
2884
5168
699200
2852
6096
3172
2634
2932
512
744
5760
5470
4272
1612
682
4980
4144
3604
5612
746
3640
2318
980
6478
4250
2200
2686
2990
1958
11138
7662
3030
78768
8338
912
2234
906
746
3004
1156310
600
3652
7390
4574
702
11722
2732
35446
1798
5206
6958
9626
2754
362
6074
2464
425288
4640
516
2292
2918
332
6770
2296
1835878
3042
3244
475988
6588
2716
4248
380
5228
5082
2374
2566
2624
2306
3026
4538
8186
6146
4778
3212
630020
4858
5694
594
382
5542
6606
4830
394
3004
1976
1538
3226
2156
256
4400
5192
4598
2948
3484
6674
4810
986
7580
8586
3696
1996
5130
329788
2676
71308
3112
4232
10818
516
2588
3998
1286
4434
2952
1508
2990
1496
2694
2834
396
2488
5232
4604
3890
2472
5314
463070
1601148
6850
3384
2458
2486
3108
10416
6890
3468
1132
8820
2664
1001396
2958
3184
5160
3802
1546
386432
3372
3466
2680
260
7094
4464
8922
1696
2300
5354
1122
1662
3484
3300
483956
740
3800
2098
5556
6882
7568
3500
1490
292710
2538
540
8156
1396
2838
2926
125704
3062
268
4442
4602
1196
2692
3778
754
6858
6874
2684
3410
8404
2068
1236
1264
3666
1930
6888
2706
3078
872846
3986
1886
5674
4474
4344
5762
7214
3692
3532
4092
1828
2204
2578
78018
5586
5348
4934
9122
488
1766
2050
390
640
6426
470
4480
1344
10532
3938
1088
2524
2914
1086
6398
458656
3156
10022
3776
4258
6226
2016
814976
1140
332196
6056
6186
93024
6588
3412
6004
6470
2810
368
6872
386
3900
9088
802026
7964
4372
358
2320
3884
4002
550
5630
1499102
6780
11328
565478
3066
3574
2108
3578
1684
3266
4372
750
15582
484
2628
5504
33302
5744
3154
454
742
4948
5566
480
1172
1612
13764
6056
7128
3774
7548
5354
4660
6728
5196
2670
1784
5382
2376
4554
6168
4268
4872
7760
9830
552568
6336
986
4936
3556
37044
3378
4798
13488
3148
85156
638
2390
1376
2590
960
5968
4340
11382
5150
3088
3780
640
2736
4008
1844
4562
3986
654
9204
4970
9916
4890
467114
350
11254
5578
250
2472
10142
5022
1722
2486
3398
635970
447590
579748
3502
6842
3226
5052
3730
3978
1594
1130
5312
3058
157076
3884
2206
1046
11364
6616
1528
2236
5496
3938
8462
3154
380
3770
382268
7274
3076
968
8294
5436
1274
566
3270
4514
11060
468
238
572
281608
2310
6264
378
614
8180
8420
4332
5130
7124
762
3886
464
358
5350
752374
5940
9312
12326
7984
6068
1050
3402
2164
990
5364
10680
8174
2144
6970
3732
8858
652
5536
3128
6600
1202
1692
3134
6448
2002
4966
6366
5426
2394
3738
3892
380
6088
740
5958
7694
2168
3948
1246
7520
4994
2320
5832
8290
7466
50470
2778
2652
3552
133566
8724
7318
3432
5976
3134
634
8620
384276
872
8692
2760
1000
3814
1940
2872
2340
207592
82686
1996
476
5964
35496
3484
916
2138
2596
9098
1502
1374
6022
11292
4050
7216
4142
7752
3870
482
5550
5044
5248
6540
1844
4790
4508
2282
4230
3466
136378
248
1147364
2894
5528
3736
936
1431738
1328
60792
3430
10422
3646
2682
1330
4930
5596
2542
456
7128
6786
1376
57336
1404
3960
9206
8364
4632
927002
2950
4368
3244
1908
5894
584
5966
1104
8432
193412
4652
506
5764
496
5750
924
4090
246
224
9808
4172
3526
498
3878
3946
3578
853738
7130
5534
4144
6290
3676
2886
3014
72316
1871572
3254
4986
3538
4732
7366
1324364
7224
3354
4112
8388
4634
3434
6146
384
3696
233834
13386
5702
4240
2210
2828
376
4918
2542
886
8076
5050
5696
6716
290020
1366
6482
3534
6612
3432
6674
4038
4172
12198
394
3298
4214
300
3924
12144
1996
4166
3648
3588
812
1536
2246
506
8888
2060
170496
1462
5318
3964
372
8452
7208
2050
3454
1402
556
3092
3644
4804
1920
9876
5018
930
1656
4156
2872
6022
4916
506
4698
6142
2488
2602
407062
4944
652
4176
4980
4880
7830
2332
4084
4812
552
3872
4138
784
6482
3970
3564
290840
2548
4530
597722
4046
7782
5946
3334
2380
6600
4362
3478
6160
2566
392
7428
2778
5560
2604
4600
950
2632
4150
7900
7106
5424
1246
3448
10524
2060
5532
4060
2912
4886
4172
2276
6586
4312
1980
1610
1200
6948
13740
501484
876
1560
288324
694
354
2640
2710
5926
5372
5116
2824
8696
3548
85766
2242
468
1140
4508
153656
3722
3432
522
10810
433026
13188
5518
5116
1580
1668
4710
5448
558
11926
4946
514
4134
260
6410
3676
19308
5706
8606
14078
5526
10326
396
1167546
8024
4506
9678
1632
2318
8222
2986
5910
6546
664
3262
3460
5264
118232
5092
3166
24700
1564
9298
6854
2960
8318
2944
2368
3214
4338
3880
288
2814
5956
10072
652
3228
7596
1536
9524
6394
2968
1508
3518
2678
2498
5454
3722
2584
6024
3932
2488
7802
882
3698
7598
2066
2500
4666
771592
4892
4558
2072
21338
2362
1902
5248
6316
8322
8916
7478
3398
4664
5474
5670
581636
5016
1060
6072
1484
4014
6210
4732
4782
5640
5592
1666
2886
6716
69278
5582
2308
473586
1766
6096
4860
3496
2404
5336
7400
6580
5934
5034
1900
5198
398
170148
1476
312470
504
4462
1980
5110
3090
2394
5558
839118
4522
622
6156
2050
10364
506
11668
258
2814
5600
232
7430
13492
380
5436
1314
207462
9864
4180
264
1980
670
178810
711274
4672
4036
4048
6866
2286
5514
3542
9614
2182
4260
642
4262
14260
2312
5778
4392
516
248
1730
3696
1328560
9610
3720
5872
2968
2242
1724
3530
380
2754
656
3848
5652
7030
7292
1794
159246
3646
5548
5528
7326
3380
19568
8090
498
151910
3232
11510
2992
10220
10162
7100
4164
382
2228
2950
5264
351716
9952
4722
3302
501012
6588
3190
4736
3082
19564
3164
1384
1345706
2948
2488
9740
1462
2576
1658
1120
4050
4132
1396
1572
3584
6914
4646
1618
5256
968
342
4268
2970
7852
2176
1420
2292
6174
3628
274
864
3414
4874
4352
3908
6758
4068
5464
438
7630
4312
2762
7850
4992
5508
3680
6962
359720
5398
148976
8794
3532
4120
7346
4014
4010
3090
376518
1372
5380
8582
1148
4872
2008
576
4404
2848
6644
5058
540
7004
3308
347750
5662
6952
9034
7824
390
3366
884
8052
10536
10628
14324
2928
3812
4340
1292
414216
4206
4522
3384
6760
238
3650
3450
160304
232
5960
6170
10272
1745400
1524
11712
2758
4716
5002
2126
6594
5516
1808
104902
4124
232
762
2052544
5732
246
3400
4536
1904
10708
6230
7810
6344
4304
4004
2650
5678
10658
6444
3910
4120
3240
313634
3670
12304
390
9246
1418
4994
3232
1454
3468
4870
514
1882
2580
5322
562
3534
4720
4538
2512
5170
3338
5848
258
6160
4916
8178
331836
6314
10134
3708
7690
6018
6528
1086
3194
144694
5450
3084
964
970
7412
2272
1308
2322
2050
4614
292088
6232
4098
1594
10258
4304
4434
522
7184
2778
5472
3800
6598
5370
574
784
5972
1144012
12140
892
8626
2826
1170
3060
3934
8116
9334
3684
2698
7932
2928
884
4654
2100
6124
4102
7086
107184
13330
1288
15266
3326
4746
2888
8220
4716
3810
6978
656
8066
4386
4200
5502
6334
1946
11918
1662
5468
246
7302
4034
390
5696
504542
6628
5166
6548
376
5084
15338
546
2554
436
1378
558
2844
6748
4714
6022
5598
60896
9300
5878
3892
654
436
2892
6024
284
3838
213506
6582
4446
2590
18464
8298
3946
1406
762
5320
3928
2290
8416
4098
4282
760
1928
790
882
6686
1818
3270
32732
7026
3310
3268
2906
2184
3810
4604
6856
1714
3820
2174
9138
6450
4382
7004
1261446
6110
3330
944
9068
5970
1264
2358
4642
478244
2412
810
4066
449434
2670
7418
1714
5738
4774
4048
5610
3636
5664
2040
4424
1206
1286
292
3952
3334
5468
3858
3294
5026
1710
5214
14874
3842
3974
8424
4916
3924
5022
6212
5450
5344
4058
544
2642
4600
8034
6818
1602
3500
7646
5578
290
2034
4086
6086
828412
8468
256
3704
6244
3414
16100
4208
8110
1800
2668
18636
6510
1904
486
2942
209268
11816
2686
2852
4332
3484
8476
3318
4206
9520
432
8552
3964
3594
8444
11452
1586
6942
7250
4386
434
2438
3714
4786
2454
3084
245750
158130
1832
4702
8438
1744
98924
1830
2614
6026
2632
5300
4550
4682
2716
3800
8740
650
1474
260336
3548
2532
195516
3242
3804
690
5128
772
1116
5008
2724
4226
4982
4390
3340
760808
3406
3684
1300
316
6802
8396
520
4172
5362
6826
838
8192
6064
1742
640
4820
6600
2966
3602
111940
6854
3584
3592
7660
3460
5812
1448
2076
4136
6554
5502
6114
5538
5838
508
129210
7142
3076
5886
278
6354
4036
4588
8406
11624
119070
5982
2266
53258
4026
3966
7750
11668
4532
356
6106
3212
1864
2582
2190
66144
4228
1812
84048
4532
4548
2072
4710
4608
7712
7598
3240
4174
222704
11594
11300
4408
3310
387932
8274
9414
8046
9154
2716
10826
6102
1614
4620
442
270
390
3140
2494
3532
2562
703772
4818
161688
4092
13158
4344
955186
113682
5648
3698
7092
109060
486
5482
3564
3036
7788
4500
1776
5120
435528
6984
4214
2004
21032
260
8642
5058
3710
8502
4464
4818
1806
2738
863248
10468
4224
4032
3376
1510
5952
5220
3450
5524
3134
3948
218654
5148
1924
11216
5826
1214780
10082
11398
2748
600
2244
2588
3072
436
832
1176
380
4874
6666
552
10996
5082
4532
4760
5060
1102
5824
5904
6896
8304
3324
3786
7350
7524
6458
2542
7870
981850
4644
426118
11670
2546
3152
6844
2116
7734
4414
6890
7598
8760
1966
3562
4072
3560
3266
8634
3944
5530
1934
302
5092
526
2626
555394
4300
931794
2636
7812
7046
316
3686
2728
934
866
3464
3894
832
8218
1384
4388
388
9276
2812
5954
2192
766
3730
292
9256
1114
5462
1220
994
1102
8540
482
625880
638
2926
3014
553242
2432
2126
832
64872
2664
5328
5584
681678
1792
6666
244
3394
7254
153988
1790
2144
1788
9196
544236
8540
1082
7530
3448
2708
2518
2182
1614
3580
3092
626
5146
760
197518
4042
3742
1610
6050
4420
936
2021164
246
7760
2822
2960
5212
8974
7320
4678
900450
5870
1423736
112622
9942
5528
3714
3170
3176
6430
10760
3642
3620
2600
750
7044
228
8150
7900
436
10610
1126
4640
750422
4862
1008
6474
7478
3298
6660
682824
4970
2332
12294
2526
2344
4942
486
984
2794
3650
4444
638
2932
4470
8416
3520
140518
7086
4802
3426
8314
4488
631046
230
4752
404
3420
5248
838
7172
4676
538
3402
3670
6838
2848
6858
5272
5588
2798
3220
4160
6468
5486
8680
508632
1956
2292
2404
6660
397238
7452
15768
950
2386
1596
6080
6356
10132
12278
744
2722
2418
15534
3118
8590
1070
5180
884
3004
3988
3726
5292
1100
4978
738
7850
2914
388816
394
7802
624394
1120
167718
5094
5934
1962
616
4814
5634
6366
936
6912
766
5572
626
9834
4300
470
4604
1390
2464
4890
2261088
3066
3468
18434
8220
1106
3188
3244
1890
2516
3714
4160
7292
3554
1598
3738
5672
2614
4880
4516
3778
3674
7278
10932
189960
1274
762
5250
6542
2308
2664
4596
2176
8744
392
9132
5772
782
1376
3960
1596
1290
762382
2328
4498
2820
6796
4710
6810
652
5358
5420
3876
8848
5842
4628
1350
404788
3058
9004
496
396
3742
44756
4310
5312
1190
1274
5694
4848
4536
374
2834
4866
374
3162
3816
4624
8612
1714
3868
524
5170
660
1690
3506
7884
610
5284
5400
388
266
562
3530
8724
8424
3340
4496
5158
3866
7900
10210
8206
2040
4076
3378
384264
4852
660
2372
627652
382
349152
474
676
4070
3998
5984
4182
5276
7868
648642
6146
8910
6284
8228
512
344
8286
4132
2436
4996
246
5834
5418
2470
5524
143182
3762
8252
3638
8262
3132
3956
240
640
9384
1990
6018
4734
5696
5190
1394
1516
1252
3144
5134
3198
1520
5764
1984
1076
6858
3504
786
886
2212
4608
6746
2080
11186
8176
4806
622
41466
6780
5216
12054
3492
3786
6834
7958
4478
6400
438
1604
13564
3808
230
382760
370
7236
3070
2504
1956
1978
2984
962
1650
2212
2946
3314
322846
3254
1526
4466
478
6612
1926
1892
5034
7972
3678
6712
11692
7382
5066
4276
4938
1260
7438
510
3598
5292
690
964
11554
2772
9978
4542
3756
4582
753414
308
4534
366
6572
7142
1498
4806
1694
680
1524
4254
2692
3732
492
264
3686
12360
6884
4734
4228
7088
3844
256
3068
3132
700
624
772
2576
2010
3414
5484
108806
1542
5320
5146
1004
3930
1924
2018
5562
1372
17712
6156
2518
4694
5324
3304
1748
6892
2530
2250
974
4596
2648
4662
5130
2072
6614
226
5430
135538
2340
22312
4880
2050
2838
1866
2872
1034
2760
2908
2136
4184
3008
2858
4966
12078
4156
3306
1250
6520
1278
6390
3204
3030
4032
5802
3666
1010466
502
10088
5402
502
3558
3114
3126
852
3474
592
6852
3182
834
784
246174
2608
4212
2778
2514
1420
952
4990
528
7358
19388
6748
5038
5356
2608
5168
4592
133896
6316
2372
3066
349362
5516
44298
7016
3834
3168
2416
7324
11190
14526
1191044
5924
6712
5518
1304
2286
3496
816274
5494
3018
4640
4624
4294
1066
100338
3030
3106
227660
450518
228
7770
4468
3488
8608
992624
2658
3766
2248
46046
7418
698
17652
1966
6882
937878
133686
1369448
6548
280
760
4376
8840
4898
3668
6462
3306
7948
6866
776
3716
6856
9738
914
7296
4868
10264
1930
7700
3480
4804
5344
244
1558
4794
524
6186
12192
3258
924
280
1668
2532
736
380
3712
5522
464
4410
890
3486
2076
1488
3254
276
3674
5404
3582
2952
5856
4174
4798
3628
607024
6336
1156
480
2842
4972
1674998
4626
4630
432870
7698
5410
354042
3716
3208
746
3336
6112
1730986
5464
3498
6098
752
4500
3690
922
1514
5804
3836
1416
3002
3228
506
286
4028
1662
3854
10138
3592
3490
1960
1008
2876
736
8938
4368
1252
5376
8898
8676
392
1868
10220
3118
4122
3778
3772
7632
3030
1594
2664
5808
4596
2130
554
4026
2680
11384
2670
5072
696
4900
1724
594
4102
3442
4166
4664
5788
772
14418
2176
6366
6328
3454
11432
1356
5378
3804
1682
3886
407896
401840
4306
9626
191608
3324
8994
3374
4250
774
7452
7934
2954
2466
8038
4070
755102
5472
1542
5604
3950
5120
1266
4834
6286
2002
9396
6944
500
5156
2774
5974
5690
3334
274
612144
563490
9236
2992
2574
1290
2824
3060
8882
5576
880
1644
632
5584
5150
3764
6898
2070
497766
3430
892
3646
500
4768
6978
706068
906
6258
1472
820
4936
4210
5174
6446
8596
6806
8778
2720
1492
6056
9850
2420
2530
3746
9526
5172
1614
343976
2948
5514
7166
10790
4638
488
1888
2882
6668
3618
7268
475470
5472
4308
5710
4568
4890
2238
3602
2170
8034
3498
1712
2468
1470
1298
7822
11658
7180
112524
1118
628
6160
2218
9772
1250
3134
8644
518
1054
3550
2072
2378
380
1604
282
6398
2800
1078
6248
10550
2940
6508
3982
5522
252
1990
1647548
7222
6940
2872
1098
1292
436
7932
5470
1442
3974
748
2614
4724
6406
6252
50370
4032
4704
3632
6492
3950
4084
6832
6190
5046
4318
402
6318
2496
1410
5496
6348
5220
7744
1148
2024
2720
2424
648
7492
824
5112
5176
7094
13844
5050
6646
4122
3692
10652
3344
10036
5288
4636
15362
75252
2184
7178
3138
4912
5238
2104
258
3920
2990
3836
7938
8384
2802
4074
5684
4960
1030
7782
3794
3006
9252
6068
2676
1020
2596
6594
912658
5270
3430
190628
2898
7372
3088
4794
7774
3604
3758
6786
7292
9510
5850
1326
1585878
510
6766
4962
4206
7266
4968
4192
5458
6452
3180
4982
3106
7016
6994
3172
1514
6300
1208
5678
1656
530702
5386
8164
2694
7554
504
904
604
374
4504
3146
6976
2070
4074
4944
299184
1374
3264
3988
260
241802
5012
168142
4550
3046
4130
4600
9506
496
368
6998
10768
414752
4790
3514
5348
2746
384
3926
4794
12140
1344
8758
742
1682
763596
1246390
3416
4312
3472
358086
4522
5262
10224
6444
4280
4188
6280
830
1272
644
232994
4454
6024
1280494
8092
274588
4836
4320
2050
6764
5566
9404
3848
4402
11318
12048
2190
3240
604
3370
3628
1812
243380
8350
4192
6178
5796
1031246
1110
3594
4072
8880
8600
1462
3186
290
4550
1090
10092
426
5196
3260
772
5604
5148
3632
5398
1509766
1492
590
4456
4406
3836
8436
2740
3884
624
2282
3386
5074
8118
3918
2896
4296
884
35364
862
162072
7980
10046
3064
6190
606
6620
958
7260
1740
3934
4378
264
7066
3794
257470
1876
5816
364
2604
10480
1142
350848
2094
3662
4074
6626
5230
3504
9120
8538
6324
4896
1194174
329728
10008
8120
3860
6614
276
14198
5196
266
9444
3182
798
167908
7368
2510
1002
9658
10440
1136
836
400
6244
5572
5796
4302
5414
2124
738
6526
3378
528
6460
7446
5938
26220
1503614
1110186
2984
8328
4576
2348
5364
291618
1090
57714
2918
2500
4982
744
2070
1749658
2990
1784
520
1272
4234
9440
856
9626
4840
7552
602
4346
1612
6872
238
786090
1716
2054
1470
5130
8148
8690
5106
3454
5688
5764
156526
1100
3134
4644
5724
6836
11150
384
4716
7856
1680
4424
5238
320568
77016
1382
5310
6756
250
1386
306
3614
4554
11686
504
2924
4340
2438
212816
1110
4966
4302
2718
4166
4500
7684
996
3804
5294
9734
2460
3980
3752
2312
630
9982
6200
574
3262
512
3218
264
5464
3000
4566
1430
682
4305150
5378
3122
10376
9570
274972
3128
756
4322
2798
7356
2946
2414
10256
5898
506
854
3696
4608
2964
6970
6314
296
4190
2806
5670
4468
5250
3366
6040
364
5428
5154
2416
3096
8264
2770
1782
660
1462
340870
6788
3698
610
6552
3194
5270
968
4892
9020
1576
4672
496
3322
2374
11668
272
5656
5988
5500
254
5132
8714
4042
5028
3602
6582
4670
1412
125724
438
2542
7716
7084
394
6902
3142
2886
6872
2818
7806
3938
8418
744
522812
3172
758
4288
8716
6206
2288
1487386
2280
13346
4292
4714
610
164710
5740
9968
236438
227316
8044
1536
3074
7088
5168
10386
7532
9672
2462
3686
7176
1054
1882
5448
6166
10448
5966
249220
838
3998
6224
9070
1710
2540550
5068
4078
15790
2452
5078
3622
834
8638
3366
5240
3774
7150
812
668766
9166
6482
3760
696
3484
752
4442
2926
5694
9726
5638
1988446
1090
3954
3824
998
5460
6846
262
14406
846
3032
962
4854
6416
3270
1618
197672
11308
4896
7088
3856
2188
2110
5410
3586
552
5320
5500
1414
1892
768
2870
14452
7090
6186
1180
120536
768
3736
3370
2306
5112
5494
2932
850
3254
4044
3510
2634
1656
1666
24790
3512
5504
12174
6068
2820
6816
6216
9186
1182008
3924
844
5068
3808
4388
2330
3598
4008
986406
8004
8612
3994
1938
6576
3882
290278
394
1742
3682
2784
796
3390
2112
1046
4642
8142
7172
1250
8116
6574
7766
5750
1534
7670
2890
4464
2584
2998
7024
1264
2512
4486
586
2746
2706
5576
5750
4018
4124
6118
6878
7790
8122
6438
5168
14988
382
4934
7378
6850
6080
69852
282
5092
5660
2004
8632
6622
8950
1542
3718
652
1000
3716
4558
113614
2486
436044
746018
3166
3758
2376
6180
1604
8378
5290
438
5938
6704
6334
8634
79608
6782
1942
3054
3338
3640
2426
4964
4474
5506
4126
2506
144590
6020
736
5646
2890
2344
4256
258
2514
4288
2012
4336
1652
3532
3760
2916
496
8330
398
3662
3782
5346
699436
5374
6662
1950
4714
3490
2494
449098
10096
3884
890346
1874
7038
1444
3974
4950
8404
3140
548
1540
1006
526
9078
2798
362
2230
5830
1614
9634
264056
3228
8452
3288
3546
420
7850
2762
2542
3330
22400
3974
6222
2024
3680
7026
4044
4964
3230
4372
1180
8402
3634
7988
3354
7076
372
2306
4862
3450
8596
9834
1516
7538
1712
4718
3300
1622
593006
9458
4316
4606
6724
8106
757054
5260
3694
3926
2026
4876
4016
3062
5218
5240
378
7994
10470
6494
4752
232164
1856182
3884
790
642
3796
1615572
4858
8036
5722
758
682
461710
3950
360
17892
606
3368
7160
3906
3558
240764
268
6666
436
2034
6728
646
2550
3868
3166
1640
5338
3176
2564
2332
2060
3866
1200
3796
976
2894
11162
3616
654
6642
6312
3202
3658
3430
7200
1410
846
6306
1087878
9162
2270
3820
508
7964
5808
5034
7488
11048
1364
5744
4898
3732
642
1566
4174
5658
8074
2192
4468
4748
9878
4626
6070
3710
5944
694428
3688
6986
2700
9168
4586
3008
4400
45812
301170
276
69938
4868
1426
5294
3070
364
4660
7452
3772
4306
6452
5164
2508
7788
3078
4072
1046
4880
2944
3998
2122
6038
6378
7434
571998
6108
478550
594
231184
11118
2976
2458
1714
4644
5168
5460
856
320
8586
8014
3950
3678
5546
5754
6886
3490
6168
392
1616
3328
964
5102
2094
2911290
6110
2862
7150
1922
2476
3734
239312
662
5678
6528
1370
6402
3968
3438
322752
3964
12610
2078038
2340
4044
4660
2590
8126
3468
394
434
4904
10376
8122
5414
2862
3756
7334
1468
2666
4994
2464
4208
3432
1908
822
3552
451742
3118
2896110
4030
10574
5054
376
2704
5318
1925890
2472
2060
3382
2960
4558
6228
6820
5276
4582
580920
4148
2682
546106
3766
428344
5552
10780
3304
4962
214818
4810
5768
5108
4394
7966
3208
3400
4148
7550
5438
6610
4068
3394
6276
4024
2496
7184
2912
6834
3454
2286
12252
3000
252
3330
1566
516
1996
11056
5192
1820
864
4804
3802
11104
658
1716
5292
1177744
3490
888
9340
1230
288
1046
8704
2402
12322
4810
1974
4486
902
1530
8364
3056
1244
3262
3016
2004
662
5288
4516
476
2342
1476
5056
4814
780
5404
424
3696
10980
654
3870
1707666
1108
2892
4210
1294
856
3258
589112
6636
3164
444
98900
868
49000
5898
370
5478
7656
3460
4526
5168
2416020
2668
3428
5782
3610
2316
7930
2798
119026
514290
1086916
6792
2878
6902
4680
4310
8458
6424
3222
5042
3308
4192
3574
5646
746
5166
400
7628
1478
748
2594
298
13178
362
719938
556638
4732
772
349110
6634
5746
7074
2424
3422
8758
2976
5736
3480
4668
2540
5526
368638
3258
3620
4138
3888
2520
3660
5664
1798
3140
296
5748
1496
1936630
2906
4744
4730
442
2816
3952
7924
7402
300458
1612
5074
6988
429880
5798
832
9526
7592
4136
3670
2486
4268
5544
5526
1882
1750
2664
1946
3242
13498
3892
3226
2604
4976
1608
4360
4624
2682
3800
3704
388
3510
6098
11398
2562
1890
2464
2574
4332
1820
2268
4046
9532
2082
6888
3482
4326
3500
244
1644
2458
201268
1578
2268
64716
3486
2492
2978
7532
230638
6014
5032
2904
3530
421514
1268
2842
3340
5052
6530
3432
3372
748
4104
3526
4732
3028
13414
5354
130544
7604
802856
5004
4312
2082
3598
1888
16524
1952
2686
551218
4400
4340
2438
6130
3736
1188
5590
5210
5150
10108
4328
3494
914
5410
8232
3582
2370
3368
3020
2698
2978
5408
715662
10592
10000
4378
3610
868
4962
1906
3668
5512
4102
6708
8908
6754
4594
410
6288
7592
2962
3116
3422
2550
788
2616
6186
3094
454
1076
4898
5628
3050
3884
2362
2918
10478
2468
1928
5190
6306
8104
1562
5358
400
2860
3214
6512
2472
7550
9748
4352
878
3424
6102
5244
432
12690
5620
3984
4580
5206
3650
6008
1479750
904
3526
1050
1772
5738
1996
5126
6804
8598
2094
4488
2472
5126
4332
3532
1758
2840
4830
1115806
3056
801834
2848
6220
1600
2926
3006
4752
417272
5848
1182
3650
2068
2846
6976
776
1818
3598
1770
6224
5406
2134
4484
185976
1162
3066
3608
3106
4658
746
7140
4172
7050
484
2772
2988
9574
8220
2970
3194
233796
770
4876
10378
2806
757654
7244
8702
4626
1220
4412
14412
2354
4678
4016
578044
5274
9264
6206
1904
11474
8412
2722
230936
3430
2784
1734
12718
286
969284
6588
5164
2862
2424
5436
8832
5036
6376
4582
2808
550
6256
5214
2124
8986
1008
650
456450
3826
2914
1892964
618
737060
13618
4118
2746
1092
3080
1794
7344
2794
1760
4946
2554
109764
8174
492834
4592
638
556206
5620
2850
3036
5066
329226
4606
3712
238
3342
3734
3482
1826
3080
392
7892
434
59022
5186
6350
6522
440
2678
4034
1548
1916
598
215516
3002
836404
3828
6562
5856
5706
7190
4524
4736
3290
1754
6148
3120
5614
14510
364
749892
7764
1610
3920
1858
9212
8502
2290
13220
9376
4732
3426
6426
18434
5010
1776
2650
2912
11692
578438
6530
744
9540
613858
6002
5036
3850
580
2168
462
7780
6200
1600
2692
3614
2956
554660
4840
4772
3280
9188
1062
388
4802
498
14954
3406
4874
10802
494
3184
4100
2466
1610
1452
3566
5382
8298
443362
482
630
4394
1984
480
50656
5458
2960
3064
475166
1050
11732
5894
3262
3710
4840
288
3206
1042
99834
1356
4134
2628
7280
2944
5060
994
9874
4486
76230
5054
8448
4732
9834
3424
1680
1206
526
8810
766
3122
6330
472
6834
6366
4216
15770
2740
7826
7904
2280
4512
4956
966
394
872
7184
4860
486
6430
634
9598
1349442
3846
2748
4346
9792
3866
1390
590
3032
758
8922
145576
4034
286
4016
193622
2370
4256
2118
7488
180182
2696
6832
270
4116
2776
6988
1974
8246
9494
1484
3766
1381984
6910
3916
3736
2784
112846
838278
3096
3528
4002
1116
429834
2380
10608
672
3252
2492
7302
7720
5732
1542
6994
2574
2360
9992
2420
7362
260
3550
11872
2576
350
1236
370
3772
2292
7246
6004
292
5954
8716
4964
6930
4276
1992
292
398510
3890
742
3220
3378
6554
3680
8420
962
3090
2522
6798
1292
1574
7098
460
358
5328
4940
1040
4888
496
2026
7036
7800
526
2482
5282
2216
3978
380
7766
2138
7350
666
13522
794
398
7720
9144
854
4418
514076
5926
239186
2698
1840
1934
3704
1126
278
4316
1620770
5268
3784
823266
1650
4468
3094
1704
886158
2988
4870
386894
2902
1966
796
5516
2466
4130
2910
4284
500
1528
5730
7996
5592
2374
11126
11450
1466
2062
4990
1428
1252
6482
916026
8814
299884
3190
6542
2678
5440
15136
7330
9722
3602
5008
1900
6992
5678
11060
246
2952426
3220
714518
5424
1490
291324
6514
3118
3822
3244
4086
4850
4898
84294
8246
4446
1356
1808
604
7358
5698
5370
5360
2784
7496
8596
2462
5694
5204
350574
4868
4142
3296
8594
932
3246
11296
3588
5918
3272
7820
1900
6496
2922
5670
997184
9684
3016
6930
3652
457950
4806
9850
2732
496
3664
1914
2712
258
7898
4154
3822
693454
48908
2298
3492
4274
335726
2164
5264
10662
14812
10064
1826
4570
6472
2990
8124
4732
5322
6318
6992
11736
4994
1198
3480
12392
2258
9062
4960
6858
7282
620
9948
258
3400
8146
1412
6218
8302
7242
5214
4680
472
1242
436
552782
6532
4968
3286
8826
388
6042
3836
3894
3448
6402
6196
3022
8060
5966
610286
389128
6462
5658
5972
4654
16530
9260
9134
3696
1958
115558
6210
6490
3280
245594
4292
5832
3078
10384
2192
6706
1578
1474518
3262
3488
608
5674
1680
340
1052
2754
345016
8390
5314
5806
2706
4092
9950
847326
11400
1230
2250
8988
5736
394
7384
2818
4532
7948
3462
6404
6688
5468
148368
12776
2192
1160
4404
1402
6074
669308
5862
4180
1078484
4738
5204
640
1596
6590
1668
5246
1595562
3310
6482
8636
3790
5986
6526
3040
836
5672
4830
3970
1161700
4688
6156
3082
392
2980
1352
654256
1842
4316
5344
2324
5348
7196
3330
3430
7982
3614
50390
3586
5418
12512
1492
3094
1702
8264
10434
11682
2640
2908
4438
3290
5176
4604
4992
4630
5808
12602
2102
554
6482
3576
2826
4372
5276
7624
6238
1004
3492
5202
3762
8596
1021510
4354
3846
3892
354
2924
5010
1899372
5406
246
808
5794
3722
5490
9014
5332
7418
3070
5518
7710
3070
6618
2332
10958
4716
230
7084
6224
644252
2272
4432
1602
374
14094
392
5014
6250
6374
2560656
5664
4606
2364
2418
1090
3322
4512
386
2824
912
2200
4252
9914
293826
5778
8254
7538
4874
1922
6834
4146
8688
8928
1110
5796
298
7696
7168
3722
4664
3172
2872
5612
3194
2444
102062
5506
1312
4624
6756
7588
654
5932
3478
3616
678466
5486
3886
2272
4126
4318
1964
5478
2032
2506
1046612
10036
5698
3688
3212
6376
7700
3648
294
1183606
5256
894056
5632
8142
1202
5200
5202
942
1402
3838
8696
5120
5872
7906
3662
7814
5454
3878
11312
3076
408
4760
11536
1220
2906
16092
3924
8520
2256
6884
4690
4432
2070
262
1612
6038
12338
8584
11832
7702
3614
2484
2834
4638
1746
5132
1004
7894
4132
8482
2316
1990
4744
5180
9992
6902
5388
3684
660
3340
5910
2852
100966
7314
1284
2822
2410
3770
7374
7680
272
254
5364
1718
4872
5624
1698
356
2052
4040
4592
5286
2432
3160
242464
392
3270
5954
7762
740
4780
241590
4138
227442
4024
902
5848
276
817014
5430
720128
10534
4258
1758
1654
147854
3670
1282
2780
669926
13336
8604
3000
3650
4168
246
4604
5760
8590
7516
5120
2714
4150
3544
5906
2474
7004
5120
10354
6780
1884
4886
620
8174
4708
2048
3586
2268
4208
11218
2918
3948
7436
628
6994
3984
6620
3498
3368
4232
1444
1962
2950
1384
6304
736
9526
11398
159764
9764
1288
4702
5312
4400
7244
3984
3970
6806
5384
2440
4496
6408
4952
2178
790790
8712
874
1042
838
3954
547482
927744
2122
9740
12888
2202
7442
9962
4570
4006
27186
3050
74628
3476
94468
10432
1518
1436
5172
9978
417416
5332
376950
4718
11112
3766
206104
3934
4782
964
8748
5454
3180
3378
4798
11712
1603194
3888
440
6100
4098
3656
4536
5870
3132
3862
4598
6742
8252
6278
4166
686
4162
1358
3858
5800
6504
4626
4340
274
5846
2192
3078
448
4516
380442
7536
552176
19206
6270
8072
746
2978
4664
7906
4450
2210
87798
6940
1008
2094
2212
744
2944
6232
6030
5578
358
4634
2920
1474
664
4674
7740
992
3626
3260
3018
5062
6320
3062
5406
2580
6710
2292
6240
528
262692
6402
8056
394
7316
5704
4764
1806
8660
268
490
394
3492
152318
4772
4478
5338
966
2570
7938
6658
335678
6174
2608
603550
7038
3464
6044
1008812
4156
1682
280
5904
701894
7420
7118
438
3906
776
3620
8008
4178
432
4568
196092
518568
7190
3254
8670
3160
2452
1368
6262
4970
2914
928
1954
356046
2286
2952
3264
2290
266
4370
752
2978
3212
8716
1464
3542
2438
11914
364
6514
798
3732
802
3716
6032
3254
11398
6538
2822
3734
2654
7964
1004
11086
4148
766
10458
10320
6096
426
461046
1658
3452
2690
10690
194154
2356
3030
8022
2592
5184
3122
8182
2330
6060
1242
7410
2932
5050
7478
4224
5700
2294
4344
2554
5332
1376
4920
4798
2484
6106
286
3940
3590
185580
4204
2840
1494
3822
4352
3074
229952
3680
4980
5118
8798
1160
15840
4148
4058
6112
2248
3944
5420
4578
2696
540
4010
920838
6102
12272
3912
8246
7834
4014
2042
896394
4556
7720
3074
2686
3466
3702
578
4502
9612
4026
4834
950
3214
908
6736
3762
510
8282
2074
60818
14346
7440
6482
12278
6762
396
9124
3698
2892
1460
5076
8632
6444
3670
6364
4798
429254
5248
259410
6678
4120
4154
2910
7088
878420
10414
203642
3204
1564
1059532
4028
2996
3302
5652
4456
5678
2364
3084
1306
7264
1362
6988
10340
4994
2434
868
1546
6878
642
4838
7548
5474
3396
3568
1442
7212
5434
5070
6966
624
7928
9644
3830
778
7658
702680
3856
7832
247568
1418
9576
1033358
6710
7526
2490
6016
5384
3274
4226
3504
2338
6026
6454
7824
3856
274
5834
2754
9174
2582
5586
8692
394
3012
3518
8452
656
3180
3816
13332
1794
5010
6266
8658
4284
9028
1742
2476
1212
2006
5250
512
5130
4502
3184
4232
6190
8942
5404
8872
3254
1132
6142
2386
8814
169746
134530
380
3990
4668
4230
4176
3912
1836
994
4160
5104
6048
5616
2064
2386
4742
310
818
10270
3984
4664
5944
3982
5284
3470
322430
1664
4718
3394
6420
4126
8408
5416
5834
5960
4202
4986
3612
4500
14216
6078
3746
1166
3020
7306
12586
3392
18360
8396
1138
6426
5818
663958
6092
1234
390
3004
1452
6668
10446
4510
260
89902
3414
6282
9570
11236
5094
2406
2498
3864
3206
6312
3404
562
9900
2218
502
2492
10478
750
6140
6834
2594
4732
5582
1872
5856
7788
7302
3770
266
1078
286
4456
847110
492
3804
282
3244
4262
6890
748
8536
7458
2438
237130
2750
10012
5400
4634
2732
4394
350
7064
2888
5390
6530
3288
2922
280
7248
8656
3904
1124
7654
6642
2218
4960
7132
5784
6814
2880
6116
6688
642
7142
892992
2750
6070
860
2970
3606
3920
840
4462
5394
5940
2746
446
4394
6798
2930
1350
7154
6388
3120
6934
556
3034
4534
8284
3136
2856
2366
1954
13450
17530
774
3128
694716
4236
2818
597352
7232
5638
5438
1618
4458
5184
2052
4566
4668
4358
9044
3738
4098
708
1737744
7060
6554
3852
3166
384
490
6022
458
4594
1466
608
1364
2090
948258
2860
8098
2462
2876
4020
1352
6422
294
524
4062
9022
3298
1538
10384
1350
2880
5072
7116
6300
3472
3930
5144
5264
230
4786
5906
4184
4528
10012
2596
744
5644
3548
5760
4094
1120
3864
3238
5196
4238
302104
4140
6288
3742
2272
4254
3666
9860
2022
6998
4932
580
4226
864
5466
2214
510
1536
8832
1670
3150
551128
5274
254740
7096
970
6710
5856
9710
3462
604
5252
4850
3198
7126
451484
1676
4376
384
1044
4124
8886
2642
918
2674
7382
2520
148326
4566
3884
7766
93582
4774
1406
676750
4328
494
2782
8580
2362
4522
5386
3576
5996
3220
1530448
5476
3432
6644
5956
3376
5312
5004
2338
2188
8274
6998
4964
1538
5512
1058
392
7188
2998
3470
3044
7536
5974
7742
9610
4482
37820
298790
6644
4562
2838
6778
2954
1569572
6532
1060
4276
6006
6042
2756
5696
8158
5894
5188
8108
2972
5060
846518
272
2970
470
1120
4678
500
1218
642
858
666724
740
1190
1726
1036
814
602
258
262
2976
1150
618
2426
506
708
648
299326
743044
1462
4218
1350
745016
1014
5808
394
370
936
876
922
2986
1292
1124
1026
262
1122
291624
392
1080
1630
1158
814
846
795774
518
2360
2496
2614
288
2576
258
1670
1442
1256
264
576
4258
1630
1036718
544
1328
832
260
336
626
1740
1258
1268
1136
814
810
378
9242
236
1174742
1674
1224
2398
564420
1130
762
848
254
374
748
248
1432
1692
1016
686
474
374
1432
632
250
372
364
1586
1082
584
1086
79918
382
4206
542
524
334662
916
946
490
612
470
940
1352
242
433042
992
904
602
1416
270
324
492
1440
284
1046
491820
1130
1908
1282
1820
634
2140
1238
1982
492
1402
2816
4476
1630
1622
1612
960
1172
1132
526
1340
520
1038
740
474
516
666
2598
1879916
437176
260
502
364
2218
133658
2586
1772
2738
2514
1170
408
3132
716
1840
968296
584
2796
1324
410
516
234
1820
1666
650
614
348
5100
674
270
794
1802
1759146
750666
2140
274
712
528
1794
1420
685546
272
1037880
1128
376
590
260
244
242
250
254
1536738
1114
246
478
470
1420
800
490
838
2438
364
244
512
1450
635946
794
726
248
470
694
800
254
824
246
400
372
738
2392
398176
1034536
1926
542
1994
1430
790
364
1846
938
386
1604
1036
372
774
299942
1417894
722
252
1278
952
636
1118
1522
466
366
324
1734
496598
1428
480
408
2802
768
466
1878
1356
568920
1874
880
92548
4248
404036
646
2462
1254
1348
1088
638
1294
522
1436
626
1560
2102
920
626
530
266
46332
260
340682
628
786
2680
682
2450
484
1574
2364
1494
744
598
842
1082
264
3066
3268
1196
526
258
584
2220
659384
478
1292
350
484
254
2410
1084
640
512
632
3080
2600
810
488096
1714
268
1130
437090
1778
372
672
622
1354
518
284
870
986
252
358
484
506
1532
966
998
495866
2112
690
2132
1870
338
3032
1782
3066
2028
358
1178
600
1236
692236
1334
732
1046
252
1392
970
630
278
710
520
534
577626
1338
622
2000
488
374
720
784
2250
1644
242
2012
246
1032
348
588
274
1122
574
872
1998
784016
378
524
744
502
530
348
350
1008
512
1558
858
1028
998
708
532
248
620
978
1556
640
1008
508
1116
862
1946
378
2164
1150
2046
252
1450
442614
304
256
260
512
274
484
962
574
1322
1608
1116
350
230
364
1262
606
4810
1160
6108
1372
2112
850
506
258
1218
938
848
596
374
492
1728
886
896
494
612
748
352
6090
738
414
821424
570
1760
5624
910
2402
1224
770
244
260
482
1532
736
1650
380
1598
830
800
1420
1170
1456
262
1008
1018
266210
437722
3054
1562
1820
248
32812
492
456
280
280
378
3010
236
514
1350
654
878
724
392
892
508
626
1208
2304
248
242
690
502
1178
720
768
1560
3240
142272
1816
266
1260
394
246
576
1044
1228
1334
742
652
600
272
522
2140
1248
476
376
406
2778
1688
230
1156
572
3862
3230
616
760
1094
2262
1678
7094
817258
678
524
714
920
466
404
3130
502
2740
520
400
232
584
394
1018
260
2040
1092
874
240
244
360
264
1452
2494
736
248
2036
1136
572
668
974
922
728
1556
917318
576
748
562
2270
1094
752
642
874
386
1038
740
1114
118272
1356
1032
1570
248
472
766
218042
240
1914
776
500
1004
272
1158
828604
396
502
1092
1616
1096
3366
986
702
1752
1996
1258
998
87514
4770
2496
1806
878
750
600
1172
1410
2492
418
336
2468
966
1466
1122
992
370
2466
362
832
1050
3150
2192
2198
472
900
844
262
1071712
1306
544272
850
4482
1616
1730
1808
1052
1036186
1404
406
268
1566
127298
940
402
1142
248
2328
556
764
626
750
1656
386
604
254
1112
286
1536
1378
600
850
1042
1122
854
374
272
1878
375942
4012
1880
246
360
160442
614
868
1122
1060
1358
1976
350
258
248
1440
1752
616
663342
1102332
1388
264
738
264
408352
1390
354
394
464
276
1084
734
6424
614
800
872
676
750
254
1026
1930
2336
1226
784
2460
778
608
1608
488
1310
1060
1740
4080
2406
826
3130
1292
872
4242
378
504
874
742
1522
1860
538
398
858
1472180
3292
234
1182
1206
738
858
3196
1587158
3344
268
618
1478
410
750
2492
1950
1064
380
854
372
352
502
882
254
250
1012
1056
1958
810
548
514
614
4794
536
972
972
1010
1150
734
636
418
152566
247266
1354
420
1176
434130
5888
308
758
2548
1492
414
363452
728
246
1598
966
1420
716
1078
374
2008
1686
1932
77072
338
2762
2080
1084
364
3074
132614
274
242
742
242
378
966
1664
248
620
2154
258
932
760
3748
1414
1342
1493438
724
242
500
2388
726
1410
238
502
504
1584
1406
238
724
346
1202
1394
1574
1916
1862
1048
1086
764
3898
710
396
376
382
1048
984
592
3478
518
5204
614
1226
790
256
784
1616
752
872
172454
634
1128
672
4208
356
2448
270
346
4182
250
786
2612
4954
812
712
2242
1594
2172
378
1812
1408
608
254
2042
764
2052
630
1206
242
250
1670
356
298818
822
1036
838
896
1336
282
976
236
268
608
2222
3302
1482
3444
260
278
882
986
846
2552
974
1618
2886
1052
250
258
244
512
1410
398
666
846
403794
3008
498
2938
250
2890
746
472
2266
638
2680
910
270
1016
250
276
364
1970
1408
884
510
502
630
1924
618
352
322
314530
802
1090
760
3810
920
3718
1114
2346
800
3206
414
1720
1404
478
280
5178
7526
4268
2834
3794
600
3948936
4498
2160
4824
264
3262
6976
8376
868
2026
4848
3532
6048
7074
2224
5066
5216
1096
7830
4272
6442
7048
246
8636
2498
3740
660
7494
1470
998
240
9246
1890
2824
6236
3580
10380
5452
72672
2198
1840
4156
6196
2318
9340
2270
4054
4688
336508
686316
8388
766
3906
9784
3036
782
3744
3306
5042
518
362
10246
790
3016
6918
4814
3984
344518
5440
3834
904
7674
7418
5200
7788
242
3688
390
890
8292
2800
8780
5312
274
282112
252
3628
5436
514
12826
5074
434
2326
9078
3198
6008
4938
1484
6374
9280
1818
93406
1278
264
3254
780
83318
6744
3760
1128534
8910
2808
5358
1080
230
2116
5138
3558
579896
12332
1846
5410
1824
5296
9964
4598
2080
10134
4470
12526
5876
58718
242
11282
3294
12434
1268
3926
11374
7026
4936
6220
5686
3728
5616
7580
3478
1639712
6730
7750
2178
587020
7680
3264
5326
15462
1050
3214
2644
4454
6002
4860
3412
15306
9376
3760
1050
1276
390
7214
2842
8006
3006
171728
414358
7052
5538
2744
5396
5780
4672
452
6712
3820
3844
370
480
5680
7670
3896
398
518
5044
8908
4286
4352
7076
2958
4672
6824
4982
7366
5528
7528
904988
4236
12426
2792
5524
11572
2682
2044
9086
352
8720
3406
2278
7006
2542
3096
536562
3370
6752
4726
4238
8586
2390908
8334
3818
1387050
6624
11370
4630
3376
6996
6820
7544
580
10304
5600
2422
6450
11132
4418
3134
6878
2252
3896
950
4382
58002
5140
3958
9460
3204
5020
2960
11428
762
2612
242
1858
6286
5108
4436
2746
5096
766
1354
749618
9196
624
6152
7378
376
1284
6196
886
2732
4980
5952
262
4710
5418
1678
8266
2484
2964
7424
6088
2206
77564
2374
3502
4254
8008
1128
4464
3168
4334
4978
4554
5006
7608
3708
4338
1099226
994
2566
5710
10326
2818
1979146
3748
1666
3430
3382
2632
2020
6226
4252
3548
6380
7100
1992
1102
2242
4444
2904
2230
758
7684
7254
5290
1426
3284
14634
7580
1084
3446
268314
217418
4600
3750
6130
2066
5562
656
2780
4572
2774
3692
1458
4056
3300
6260
7048
6500
3288
476616
396
7718
3778
704
2736
5032
7202
274
4510
3202
974
10554
7162
1080554
4048
2118
2718
3952
3568
2108
440074
4348
9234
4478
5662
3156
4532
4914
7130
152382
1200
6768
6404
512
1692
4614
7894
1481388
7886
3322
3906
206276
5012
3302
3232
3416
260
6454
2186
5396
5104
4842
394
4512
307236
2994
4332
3008
6918
3304
5578
772
8646
136364
2382
7536
2124
512
4966
1482
860
4754
4892
3788
10162
3048
8758
2908
4172
3566
1232
4864
9216
11902
2142
284
400132
970
3238
1996
3226
3664
3832
6974
483534
2162
1286212
4418
3558
5070
7434
1944
2636
1972
3334
4146
6964
2026
2716
3246
8308
4178
602
3422
5496
556282
5366
6476
19082
4080
4660
786994
8388
7022
4194
11246
4852
3482
6368
4230
340
1556386
268
13862
826
4554
360
1784
1710
1084
5564
1924
3842
6924
622
307938
400
6602
12384
754
6580
5580
2654
3644
3082
2684
1762
4816
5036
614
5234
758
3472
746
7218
16096
3214
4474
1192
4568
827224
10542
19166
1470
306
4268
4108
996
11012
3366
1970
408454
2680
2364
5068
652144
36230
5520
5192
3916
526
1272
3034
3100
506
3378
4792
12916
352
3422
3550
145102
5642
510
2146
1744
5086
276
72486
4880
5168
2996
4232
368
3644
1212
976
516
9406
5242
3344
1808
5286
3240
6802
5456
5876
12714
4952
1826
3376
234
6360
2396
8060
10772
605392
4526
24732
910
5760
1594
7768
363564
2734
764
3212
490
1375374
5260
286
4468
7432
742
5304
1266
17388
6110
4016
8812
15830
9974
7084
4272
620
7344
8304
72710
3952
14290
10726
282
4988
12000
11022
5288
2822
10146
3328
2104774
1790
263648
6570
4016
438
1678
149190
4480
3648
9882
4190
5572
5496
2272
2568
4154
582798
680156
2956
5080
5254
238
988
1396
486
638
3390
4100
4594
4784
2628
3394
1112
4604
422
2242
1399124
4778
6794
1895744
2864
528
2934
4632
10978
482142
2972
1044
4084
4394
6848
4522
3700
1954
4636
524
3362
6342
215856
2966
4304
5992
4654
4806
1008
5458
1920
2334
3198
2592
4960
2892
2546
2910
5200
2160
3160
5752
5736
1266926
1942
6032
3591906
396
5632
372
2926
22798
228
2268
1127124
4060
3904
4160
4468
474156
2776
3074
1289204
280
117292
9486
5378
346
7802
5822
4154
10126
3294
6838
5854
5202
654
8612
591806
13820
3254
4254
546
467822
4900
5478
5932
3922
4758
2914
4018
8022
4122
916
280
3370
4538
14268
2350
3726
1840
8266
8434
116880
11910
4992
7964
676318
4610
3714
2810
3400
5508
1548
762
279380
1125238
4190
3392
10028
6232
4204
9656
189934
1196
2752
5248
7536
1768
624
3276
4062
368
278
4690
1240
5008
2614
1044702
2314
2388
2600
2878
511036
5718
4980
7212
6932
5924
5426
2004
4022
3706
4650
3206
8692
7092
6054
6616
10166
3706
254
5506
3758
5810
8172
1168992
5734
930
3470
770
4818
1800
2998
272
3200
3860
8328
4652
361430
2730
3546
3862
634
1104
14506
246
1822
336
4368
2838
38284
2544
520092
141048
1804
288420
3292
1002
3852
3302
5272
2842
3056
8442
3258
6226
10878
768
2094
4292
228
1008
882636
4096
5938
5780
922
5356
1594
4666
1736
4454
6234
5692
7908
1276
5524
8000
7102
4650
2052
267976
9584
2740
372
7162
386
6514
1858
1502
368
2156
8216
5596
626
4032
5796
7078
1858
2662
6274
498
174266
1238
6916
2532
3162
8612
6046
1054
10986
3296
606512
1906
4752
1990
10036
3416
5966
44568
11982
4362
366
2856
5812
838
4328
1734
4660
738
5932
3370
1796
1440
630
2462
274
5942
6548
339150
3810
636
3570
4932
6416
514800
1622
756
3260
5418
2602
4578
9072
5616
736
143042
4584
740
2212
6494
3886
3512
3206
5974
1298
1528
1664
7712
7730
390
359156
854
3620
7110
5210
586
4146
577822
3548
11114
542
7606
79676
7580
7632
219582
5628
4952
1840
436
3060
5050
403998
7326
6248
5460
654174
2538
2714
2166
2528
5672
7336
4404
294
455424
3884
2242
770
4244
4976
2936
6138
1716
3018
1432
5226
2310
5232
2280
4502
6976
8246
5486
4564
280
5894
4408
2536
5046
3580
2032
4394
7934
4882
5502
3408
615944
2064
2792
6130
6474
452
288
4042
4584
4810
9230
2652
4376
5084
2880
6034
7330
3284
3116
5160
4008
3354
7748
272
7878
4532
4326
1210
4606
4000
8142
6318
5920
452
3606
7248
9460
3828
1800
4268
2894
4074
1180
3238
2916
5164
1404
4434
1007378
1004
6496
6410
258490
3776
1672
4104
6922
3562
812
5924
4862
3286
5548
4924
4036
8042
6400
3800
6166
3090
4140
7468
5472
2372
1407088
395356
5000
8050
1568
1811000
5752
294
6078
2312
6158
5716
7588
5498
98818
3480
5384
2570
4540
796
350
3534
323390
2708
2222
3154
1596
4348
6690
5796
7584
4776
956
3106
1658
960
2232
2882
5188
8100
7554
7268
7610
2620
1476
2170
7144
4504
4576
8998
1486
2570
8800
3306
806
1756
368
56918
7638
6586
1136
2216
5086
9256
3270
3788
5478
2366
6586
534
752
4038
4192
270
331198
82226
3980
1364564
3462
1052
157186
6936
6702
1780
1208
4618
4264
7692
5920
665264
488
7314
7720
390
270
398
1658
7564
7182
4310
1908
3686
3538
370
1360
620
6108
2926
251060
5546
170096
8452
5526
5094
776
8076
259538
502
7264
2082
2314
382432
2328
1658
4568
1432
8330
4900
7478
5778
4864
5302
2790
2072
6218
1534436
398
4574
4784
4598
1582
372176
6180
262
5722
664
4336
148280
804
510
1778218
2480
3934
3322
7048
4250
7116
5172
3222
712872
3166
5920
1418
3142
6168
3914
412236
9130
9692
394
2994
3458
3464
3820
3064
522
2022
5650
7846
4882
262226
4680
2696
6124
1934
3030
7672
9086
316264
944
280
1784
4934
4802
205026
1164
5384
1900
2980
6250
3834
5602
9966
6930
540
4320
3230
3740
2046
6756
4636
5508
1097814
6106
3788
4898
8158
3116
3900
2098
4562
8846
1922
978
2990
874
972386
1902
2020
3000
2486
7478
2762
1266
3520
2046
4706
7046
2530
2906
1780
7382
2246
5046
2780
5048
6194
4364
3224
9518
2890
6168
4342
2174
7246
5162
3470
2030
3312
742
6446
3958
2126
2528
4558
6010
7120
3216
4466
4698
2816
4172
4672
4698
7836
4442
7192
1940
2504
1724
8190
3470
3626
4128
4638
7454
4330
2083768
8374
1369124
4484
856
4016
2666
5026
2968
2652
3356
2478
3774
2672
4348
2868
2184
4844
3418
2278
5460
1530
682984
5218
170130
3476
12878
2200
3506
850
3340
676
276
2498
2108
103668
7550
1142
3068
12600
5180
6916
2748
3920
6042
2236
4918
8238
11814
2408
12950
7930
2284
5052
8506
3284
498
4176
4830
67736
268
9612
3918
286
646584
5260
3462
7286
2946
3210
4756
6982
5474
3340
5348
6458
5326
1970
825156
438630
513962
784238
1446
3852
2354
3690
1850
5156
245550
2554
4190
3852
5444
5126
2516
4794
3022
5258
1726
668
2520
6038
6676
2776
7594
5942
1996
2910
6188
3166
2952
3494
3062
4042
1382
4284
486
3446
3562
6580
3494
2268
3640
451102
2532
3674
4236
3288
4396
3680
7234
6866
10204
5848
1047728
4530
2632
42370
2934
651592
5078
2360
5598
1244
6556
3360
4914
3322
4820
260
538
8164
4476
3298
5348
534
5202
4642
8330
6932
5204
3130
5122
3990
8338
3554
5246
4058
1864
3640
7310
270656
2980
6580
8116
9186
922
2056
7352
7242
2236
4802
2962
2952
5934
4050
2812
5806
900
3556
3094
4558
4864
6906
5854
388
2134
329472
10112
4952
3990
3124
3596
8514
2830
5180
6744
3952
13718
3984
2866
3460
4930
762
3324
7088
731114
3374
303440
1602
3682
3040
14102
3274
5008
5434
4010
5210
9956
4728
1538
5074
5642
370190
1436
3720
6034
2754
3474
3062
3184
2494
4460
411856
4716
5092
2190
12994
4042
436
3428
4228
5684
8342
2348
610
2250
1002
746
5796
3070
4164
4246
3640
3074
2186
3890
5300
7482
636
6614
4920
4746
2104
3068
2048
4214
4056
3070
5140
7078
5780
4290
4596
2802
3838
1140
4722
29770
145456
3044
12286
1090
9766
4392
4794
282
7442
2048
3060
2840
2210
3124
2836
5280
2100
9756
4244
3250
4974
10484
314092
6768
1964
3484
4370
935914
14292
590
4956
394
2762
1286
4798
2894
6746
1184844
3378
3220
1478
5982
4430
4318
190490
2350
2782
6384
3936
5642
1134
2306
1354
6676
102564
3938
5536
279378
870
10106
3884
2998
20450
7252
4816
6862
4268
8188
6488
5038
6106
6446
5008
1000
3590
7216
2860
4624
6380
7648
5198
3956
3426
2134
4112
3202
4252
765136
6114
1110
6192
5994
1474
2220
380
3872
3434
3076
4752
5372
2140
3680
4538
437292
4942
6852
2712
6190
4020
2992
3566
37134
3942
2486
2326
7504
9246
4846
610
2466
6050
3968
10340
3464
3286
4438
398
3704
6538
2810
4468
1426
3684
2830
5142
1334
442
974
5550
2116
371368
3618
3536
1656
3738
3780
3740
424150
1868
394
3608
2060
4160
924970
413060
2998
2152
2406
382
2204
4090
2668
3054
152110
1922
2256
2952
3654
260
1188
1758
760
7288
6690
2254
6384
2064
3182
5476
1470
8722
9082
3678
624
5806
1856
3418
5694
5302
3694
6744
278
4754
3654
6592
6428
2668
3406
3294
2430
4264
5650
610
2058
3738
6148
6658
1140
525058
7750
2294
1694
8124
4472
3576
3002
5850
4018
2150
1722
3876
388454
1802
3330
5126
7840
428
5010
3972
914
331776
11050
7670
4900
895586
2768
6402
2856
4824
4138
864
7426
5352
3198
632
4440
318
5744
2294
2866
4578
5724
6034
722232
22850
3552
2378
3028
3078
3670
2116
12280
6140
8448
2588
2668
6710
3494
2184
7568
2744
7412
8586
14280
562950
3292
5874
1086
4288
3554
1402
2408
4132
4424
4474
6156
2754
5382
7470
4318
342104
4182
4554
5676
3680
5824
1209806
3744
596
4652
1886
4676
4966
3922
1950
3990
722550
9302
3790
3438
3332
7492
4306
5108
5070
3970
3666
2158
612
918
11564
4252
133712
4714
6950
274
3718
3562
3908
5808
191094
2336
3768
1330068
6042
5152
7900
6404
7550
10256
4560
2466
2580
5210
6216
7800
2722
3300
360
6552
690302
3092
2272
3196
4130
2122
446
3228
6092
9682
4644
1163872
3556
3024
3868
836
18206
4852
6074
1976
3550
768950
736
1310
116224
2202
1572
5790
9606
1740
1318
5736
9248
1145822
7678
5016
4680
3066
2390
620
4016
6846
5514
3088
6010
922
2483034
6134
1584
7410
636
4672
2290
2976
3298
7596
3884
4092
480
72560
1078
4964
2792
5614
2876
9822
4334
2842
5152
7736
96568
4480
6704
7186
1934
2078
7114
6706
418396
1616
9576
304
16840
3362
6178
3526
1962
5088
6344
2518
532
8084
5940
4614
7634
445540
448
6428
1102
357822
5838
1194
5328
390
333384
2752
2692
3538
3934
14162
2704
4010
3344
6302
498
5126
10556
5248
7176
4898
600
1594
4584
168810
12894
1786
5264
4312
3746
2274
484
8212
3668
1514
3754
8110
6616
1714
612
478
2588
3446
260
1658
2114
2306
3662
10408
378
4230
521388
2418
1868
2184
4140
1456
4014
3074
3046
1356
360
2026
4864
3218
8304
8544
952
1482
5560
3664
8966
6496
3458
8302
2264
8996
4832
4374
3126
7696
14280
94148
2126
45752
6034
4000
376910
5046
926
6324
8298
5488
4204
6912
894
94374
9942
5418
3806
5788
4256
185694
6116
742
6830
5394
5262
3662
1076
458248
5294
3486
2096
2270
491638
6530
657144
374
11982
5618
618
1534
2200
4458
738
4280
4144
470
5584
67828
5804
5388
2702
122098
6740
4850
8002
5526
4936
2632
1740
5378
1074
472
9108
4992
4282
1556
1906
4210
572670
1683928
3850
1300
7922
2572
2642
1990
2308
7328
3166
4758
6062
1694
6626
1470
1654
516
5330
3950
5992
238
5360
1384
4486
1414
4340
1000926
2604
3196
3612
1310
3262
1664
290
490
304126
4656
4880
3322
6274
1406
3308
692014
2936
3866
250
9546
3300
244
2514
1152
8484
5224
2548
1420
6188
8328
4748
3610
4474
8136
6034
5164
1798
2374
1714
9610
1440
5916
248
244
3870
8588
70132
3140
492
9182
8716
1156296
5004
5714
524
3634
4652
452
376
3690
3238
3224
1412
39180
2522
3136
476
1462
4780
8958
435926
9218
8982
4162
1843672
2512
2738
478552
2164
5402
2966
1438
1314
9628
3196
2938
8008
1428
338
394
5130
7686
3102
636564
5450
8606
3938
2014
1376
4596
1908
2514
2616
4072
4392
2796
1430
7720
1820
396
2630
1052
392
2130
586
3418
13086
1212
562
4314
3908
2384
3596
530
326740
948
1420
67926
1746
1254
386
4924
2474
3494
5116
2250
7992
2316
5660
2060
3064
1544
5212
4658
358
6726
8682
2868
3644
2672
458944
857442
744510
4638
1352
1064
2666
3674
3354
3432
14940
4788
3638
4618
4706
1008108
7048
6552
648
3470
4874
4598
752
381076
1684
9148
1624
4394
7332
6306
4010
7818
1160
814
2696
1800
6284
6906
476070
3216
3224
2316
5928
1300
4240
5328
4716
1460
289580
2206
5386
8686
3832
4544
3870
356
122072
4322
1306
2108
7146
2134
7372
6600
3402
5272
2874
360
380
4848
6204
1928
4476
3926
626
3666
2532
3842
872160
1320
3938
2106
7594
1798
214
6116
7580
1606
6254
3504
1908
1660
4130
2836
74474
3162
1410
2168
508
5412
1890
5338
8314
1258
6222
8296
4334
10500
1648
1316
4470
7704
2146
450092
1258
3532
772
3618
2348
5852
4994
3764
3724
2964
808754
3142
1504
331202
4340
5848
744
622836
182612
1912
2526
850
3302
4150
2164
3904
6958
8774
336362
1148022
1068
4292
3290
1480
466
250
3244
344
474
557612
3184
6162
4546
3214
3802
5766
1572
1474
4746
1136
606
976
5096
3058
6356
1112
29738
9114
6180
2010
240
10084
1842
11610
3532
1808
12284
1790
4612
746
8398
1172
2066
5364
3790
6892
1430
2716
376
7756
1288
6304
1500
5726
746
10564
8210
232
551674
6882
2216
37516
7462
3046
4124
10562
86384
11264
2416
7714
1824
4738
984
456
1252
1264
3922
3582
5188
2200
3090
4928
3044
8002
5872
504
3098
9102
468998
6682
524
6812
4138
8168
618
6348
11114
636558
443508
490
584550
2462
2448
1854
2472
14918
3228
2630
738
153656
6726
2596
6718
470
5246
8410
3774
6982
246
2434
2162
3800
3444
376936
5398
5570
4780
1294
468
3728
11784
5132
6096
1808
300798
12142
378
5248
1868
2428
4510
1010
11408
8496
388
5852
988
751414
4036
5916
4656
602
866
7916
916
8378
2704
5578
2500
7634
5698
6590
6186
1464
5382
6392
5004
4692
3626
6268
10872
2676
5008
5430
4060
3424
3202
1856
9344
4622
1510
7546
5252
3044
9090
4634
10460
246
4760
3126
7664
2176
49402
3734
4274
3450
143304
7228
2134
4706
2748
8398
356
9532
390532
362
11312
5516
2498
7296
2426
199738
3220
506
67528
7836
5008
23916
5334
5854
14886
8324
3858
3030
12388
2618
1306
2670
4412
2976
6004
2334
5730
4348
4780
2606
4184
2604
1534
5340
8600
138518
1146600
3452
3460
1442714
60700
390
4026
2146
3788
3216
3924
230
7988
4802
1658
4990
3746
4854
51708
278
3092
4402
9222
8292
1520
382
933896
2546
698
4674
2040
636
256
3542
512
740
6232
1526
200924
9118
4324
10112
5674
4236
5876
4186
5110
4978
858134
2458
1526
300
3410
486
9022
5630
7858
4630
1946016
1502
3752
3822
4378
2958
6864
396
1316596
6930
454
4750
6668
7830
2260
4614
2712
5084
5754
234138
7640
6474
4846
7240
532
5308
6338
6020
2072
7300
2024
620
3392
2270
3284
2272
6196
698
10894
92656
5556
2400
388
5884
2196
8100
1580
256
8662
6068
71786
6444
2792
1764
2690
5088
8042
7324
2356
4426
264766
3644
5752
2098
12994
5276
604
8602
10178
6006
494
248
3528
3088
232
4042
2332
4030
340
3556
1808
2142
2526
1902
1374
3324
2255142
1512
1146
1268542
2460
8244
485968
8442
2556
7206
3628
3964
6502
1129982
12756
8790
1434
5766
2552
280
6346
2342
3406
5660
221286
3304
9454
2364
3842
1064
19278
5060
854
1216
5462
1528
9936
1052
158274
8764
7282
370
1544
9008
2412
7056
4340
10324
6548
81944
4470
6856
5552
153732
2976
6382
244200
186162
3814
1136
1976
2420
6514
14206
5400
1984
5920
1536
6058
4728
4660
2312
4654
1960
2018
6188
2796
3272
5326
1418
474
6186
4574
1210
10746
1596
1160460
5938
8902
5030
4612
1788
3050
2506
6352
7006
7048
2462
2254
118584
3108
808
3440
24664
6096
1986
5824
2526
6602
1586
3182
4276
3820
1426
6772
6666
5048
3822
1618
942
5406
3904
4068
2586
10996
6398
280
4920
2684
1694
3204
9798
4426
4168
4608
2370
3076
588
6156
354
4456
272
2766
2762
2550
3666
772912
4766
7374
22878
2948
3434
5628
4864
7720
5996
1976
9258
4306
4586
5064
575242
794
4142
4476
5348
278
3484
5584
3768
5734
5630
3204
5532
6776
5596
388
2124
64912
3576
470672
7092
4628
5862
13558
1040
2278
626
7534
10564
8108
750
179678
312646
4584
8362
4906
6522
4290
5276
836046
5988
12944
7856
1112
884
260
7450
1944
6190
6174
6586
10672
200408
4986
494
6706
6660
278190
621366
1656
4066
266
2922
2994
494
2970
6134
3512
3968
4534
4826
4646
5910
1850
5386
2680
876
5202
642
4516
3490
1331184
862
1058
4990
7524
6444
3520
7066
7144
8008
7962
1826
11320
163348
686
5772
3894
3898
7152
358
2032
1320
17570
586
157882
492
5104
3394
502
2934
1990
480
3558
3126
244
8084
2708
3950
4818
1206
4702
644
343050
3096
1236
480
3074
752
2500
3136
500368
6288
6130
1634
23844
3042
5618
1064866
272618
4940
8942
10144
5560
5588
5966
6434
8346
3350
5978
920
7178
4432
4952
280
3112
7138
2254
3064
378
12790
4986
4520
2166
1880
3808
4608
8788
2644
3630
7718
5902
8036
3006
7048
2728
357304
5804
150824
6028
376
8484
4012
4708
1490
3466
3040
5134
387824
7506
974
828
8274
4898
8368
1668
3668
4326
11572
5150
8752
348506
6546
818
2002
1098
380
4684
252
5356
9268
3920
2994
7722
3490
3058
5802
2012
2152
7274
417296
2324
5046
7912
8480
1752
3948
165696
2210
4168
1080
1747792
8484
1610
4410
2864
2980
7690
3012
7480
8542
1810
96636
3912
7716
2038720
9228
5434
3964
6642
7008
1598
4606
2308
4740
8150
3444
3708
3206
592
5376
1422
1362
5110
3042
3116
5004
319688
3908
1138
1994
6546
9420
3180
6802
5088
13638
8012
856
1004
6228
1992
5724
5088
5176
496
7870
5432
3962
2680
330278
9978
1390
1676
4526
10490
5600
3986
3178
5374
5024
138846
5208
1154
3454
8876
22164
5936
290274
7368
9766
370
828
3882
1460
4642
894
4702
748
7684
3756
10198
3922
7316
7438
4058
1143424
396
4114
2000
6406
5768
3046
2524
6008
1306
1046
3114
748
664
5564
5226
2190
2572
6820
8720
3092
5466
9314
3238
10106
264
104752
918
6292
566
1972
8696
838
2156
6800
3680
784
1278
2662
2640
700
5750
6254
3184
248
1340
374
3188
2104
4076
3302
13028
2200
8338
6972
4292
4388
504694
3032
2164
3566
7314
4340
1416
652
6022
9802
4866
4418
7126
5060
64892
7666
5716
9562
5026
5590
220732
6450
4412
260
5884
392
2222
2408
2066
936
8468
2438
4594
3572
1864
8986
5794
2408
6334
7320
1512
388
6394
39938
7032
5698
16858
3714
4540
422
7684
14010
6602
6538
3020
4666
1252434
2542
346
1786
6678
1720
294
988
4160
7248
3168
2312
473680
3794
7074
457212
990
8990
6990
2998
9072
268
232
5724
5582
2398
4152
7318
3062
2784
5844
8626
4694
4706
3658
2492
744
5164
510
338
2306
3046
5146
522
4564
4636
4772
5398
2060
6042
364
2532
6214
8176
1160
9806
950
4082
6666
1060
3850
7428
2648
6966
826024
5384
5112
4894
2608
3856
6392
1708
390
744
390
1674
4962
2590
5588
5140
994
6914
7066
6034
4706
6038
206574
3302
1958
372
7630
1114
3468
5202
4742
2048
5362
3294
6388
1202
6238
2932
4050
3114
6966
882
3704
2722
2094
8112
814
7526
3592
6832
4416
2620
6046
250532
153522
1044
6524
4576
1254
2792
103516
3586
3666
3132
4122
4804
1434
3714
5648
2750
7580
3714
476
354
269454
8660
4466
196258
4848
4894
11736
4192
4162
3144
9698
546
3770
6760
753902
4438
4534
9210
8016
374
6016
4584
4164
6506
958
3296
4278
9280
5200
5368
2222
106658
1550
4992
4696
1256
372
3338
7450
8186
8642
6150
5002
3230
1504
5322
6540
4178
122128
2918
4754
6606
4574
1916
2656
8382
7620
1714
7082
116842
4354
62132
4086
6226
4566
386
3970
6074
10100
10496
1508
2538
6328
65994
3600
85626
254
4496
3190
3870
6212
2296
4042
908
3470
16922
3906
213010
6060
1454
1602
6860
1140
1988
1066
2370
744
1750
390118
2082
7586
4878
402
2510
7008
4632
3816
1884
244
578
3194
6604
2246
11210
3612
1778
4186
3704
440
586
748
692288
3642
5956
155588
3776
5626
3172
628
954666
4614
107040
3336
2008
1288
105416
5972
260
11846
1712
2236
7200
8668
5172
1516
422616
3696
4562
7384
26190
1426
6632
3834
446
5772
350
4676
5606
4164
1980
868254
482
758
14706
6506
5428
3080
10822
4754
4052
5120
217194
4114
4564
4396
2946
606
2268
1226492
5626
5860
8740
5914
5770
7456
3164
9702
5534
2492
4684
2274
9258
916
5778
5444
3280
4764
3238
4948
1048
4748
6846
294
664
2372
9112
988076
429566
4974
1400
7092
2514
4558
10398
476
4046
5020
7674
6878
13266
3884
2606
3852
7872
1248
4934
4494
4970
10078
12686
550126
5870
8860
927922
4058
2302
5366
16914
7300
6900
1982
161622
11650
6572
4682
348
10756
1688
8122
3340
14356
2928
6792
2258
7310
8486
5332
4854
3652
5528
5308
12882
412912
4714
1182
378
2880
7532
4196
3160
4326
8050
4924
7582
1050
4386
2742
289746
4346
2878
2500
586088
400
6836
3004
966
5268
5372
7584
616
1796
3838
2354
752
12972
496
8922
4934
3502
5138
4356
4190
3294
10304
1582
5874
2994
3264
566
4392
3686
5148
2300
2248
1850
5178
1060
2552
5974
392
910
4050
10746
4562
505998
3136
6076
285238
6990
4764
4704
5268
4856
572
5668
6246
4216
2366
8468
6640
5006
950
2626
798
6358
588
2520
9196
22506
381472
920
864
3570
476
393226
5824
5066
205578
3586
548
3734
3514
230
10328
250
7346
1354
3598
14530
2366
9154
755686
1512
7788
3342
3722
3136
6154
780
1714
7482
1594
3370
7140
696
12942
6048
1490
3310
8448
608428
557930
7876
284
286
5746
7380
3762
2844
436
2412
1004
4312
5246
6406
2294
264
3732
1530
9022
3718
1190
489950
2754
4028
5842
4380
704812
7944
4288
4452
504
5496
2134
7280
840
3790
1794
8048
670
3658
15292
5268
2592
5802
5074
2854
992
296
3344
6442
466
338572
10042
3504
2316
454
4808
2990
1356
4910
3386
2164
4586
350
8624
262
4490
472550
2602
5980
3766
2752
3152
2304
2718
3898
1822
1770
4806
3462
2884
6634
406
1736
5386
2116
1208
3278
1884
111842
8200
652
5252
4704
8708
3992
492
11022
3020
3504
6270
6718
380
3160
4216
538
2622
492
1588
2704
3064
5384
4828
740
1655124
2418
8094
19586
5106
660
4030
4750
7318
5654
3266
9134
53920
4306
1690
5690
17798
2928
748
2300
794
3474
4780
6224
2752
5350
7858
5310
2896
8642
1130
9788
912
3922
3876
2682
7318
374
626
3252
6140
5192
376
2598
4886
766
582
3292
5198
2830
6114
3414
1902
1828
78810
1940
4976
2814
5872
1072
3798
6616
4318
4564
9284
1734
270
5676
4626
4050
3556
3914
3010
7984
960
3956
3788
7472
1192
3196
1748
11974
3848
3258
872
908072
1754
198380
3664
2092
6546
6304
9974
6760
2728
9508
1300
2580
638
3764
2276
6032
960
2678
1594406
2284
3020
6324
5054
952
7046
3702
3066
5948
9868
3168
7000
374
3524
3356
5194
6330
7630
254
5210
3182
6104
6548
4970
636
5702
5700
1998
5150
2666
2400
6252
9450
12140
2456
8120
7052
416
617444
8990
1074
552530
1784
80214
5798
5126
642
674300
8002
8920
2420
150532
974
11406
10342
5346
492
539650
2300
264
9362
4750
4478
1476
5082
2216
2774
7386
206176
1306
3078
5624
3802
2033830
6012
3830
3766
480
5766
8424
3586
542796
1112
282
348570
5116
238
2888
1417776
1002
4388
102824
6672
2654
5376
5592
3852
4386
2694
10142
1810
4218
3318
3812
4578
7094
782
762
3216
11198
1136
6174
770
10734
737192
5728
11976
4226
3194
2710
688920
5396
3042
6694
3110
3856
1956
8540
2354
5602
1912
4722
2198
4188
1080
3320
1742
143338
6640
3960
6146
5648
639450
7432
2414
7312
4554
7212
7902
4018
490
3608
3504
234
12272
354
2624
3066
3648
4600
872
2048
5126
2950
1712
510022
8822
2810
4826
3740
388722
3664
5782
2144
3144
616
6418
7662
8002
4162
830
5154
1132
2466
982
5178
8842
388
5344
2158
628
5942
9772
3808
5412
2232
7348
7916
2576
3624
401714
2464
8974
629774
160022
7154
2256
1554
10100
4584
2696
10132
854
3178
658
5938
6536
2936
6644
3060
2261282
1562
5616
3458
1796
370
5150
8258
5072
3546
3120
3068
4450
8514
3430
5386
5622
3242
3156
6622
5980
2670
4124
3498
6058
4042
632
670
1058
211330
3414
6456
532
3246
3576
8852
5114
5084
4906
3100
776084
282
3580
2936
5088
5070
1566
8762
5596
5492
3670
7294
1262
1808
5450
396634
1486
8452
12452
4874
38030
3936
258
2956
1816
1330
11308
3736
740
2208
3080
4146
3532
4016
4062
2746
3762
3144
4576
7922
2930
692
5058
5278
7266
4056
2274
8794
6532
3270
3186
6118
7842
582
2130
7050
1570
992
5138
2150
370
12106
2274
6902
744
373936
5906
5552
3806
967928
8516
3258
3978
3922
4600
2650
2200
5814
650500
4940
10714
1102
7584
10628
462
6246
2722
5210
7078
858
6948
2694
1082
624
1108
140104
1216
2072
6436
1752
2638
8284
6732
3988
6158
1314
544
5530
3130
3416
3996
5938
8588
5664
302
9914
828
4040
1908
3962
1918
6580
7172
2294
9914
3920
3470
6616
4140
48070
2168
1722
502
5044
808
600
894
5692
1816
1448
1958
4840
5248
2270
7498
2478
5324
2768
604
370932
5970
4180
4224
2970
11250
6296
2346
608
1612
328732
1836
3542
7358
482
2784
4486
2702
4530
3228
3326
256
4186
836
5228
932
1566
2442
6246
3454
5954
1792
2376
6142
1850
1534
306
5644
3492
438
4364
5554
1904
750138
770
256
6690
3656
5964
5402
16704
6348
8094
5174
1440
748
3876
3528
3562
6850
4896
4016
2604
17090
3304
464
6274
119338
540
4962
1406
5772
5408
3892
7910
3218
1438
288
2450
10026
848
5392
3010
5866
6740
11844
970
4714
10962
6550
6738
4308
2748
4010
644
7182
2346
8432
514
115514
2836
954
8018
4438
1592
746
12836
6200
3924
2798
5832
6926
7114
7404
6262
4292
4284
2510
520
784
644
2426
7306
4660
862
3980
3820
5044
4944
2922
5404
3686
4644
336398
672426
396
2656
4196
5078
2118
11426
8910
1218
3122
253358
608
4136
3050
5476
4142
3978
514
26300
4234
2714
5978
3726
2956
133262
5132
376
1668
3026
6008
344388
2522
3588
5394
8692
5016
4630
4830
818966
3690
628
2454
5262
1824
6588
92686
6838
2880
2572
266
220320
2606
441108
1740
5084
368
4674
7758
3472
1138
488
3180
989002
2320
8688
2710
3534
46906
1404
3860
1168
3500
2500
436
590
12472
4172
934616
2182
262
1500530
11480
10654
6298
3876
2248
3304
342
6498
4584
5842
6538
3294
3438
3942
4640
1352
10246
4672
1610
3860
1582
946
754
2422
8236
3024
654
8610
2648
276
3810
2434
518
3218
9080
5840
7912
248
8090
4004
5320
5490
4702
5628
572
656
6814
7816
4120
4114
4236
6992
618802
5078
9498
4046
1676900
5500
502
2492
428624
8278
2468
1512
3954
2302
359420
2268
4286
5702
1374
4678
1727904
6180
4942
1354
4230
2734
10900
5122
4670
4954
6450
250
3838
4608
2016
7888
10892
9152
4160
994
3140
7914
6144
490
5644
8316
3890
6074
3380
3022
4364
5248
1188
7364
3298
3426
3646
278
2586
8828
9662
2676
2992
3568
358
8396
9838
3524
7550
1582
11028
32886
6190
1744
1914
2350
4026
10190
826
7916
4886
472
5452
1176596
8806
14452
4820
494
3648
960
5348
2238
979880
4102
2864
1762
514
3946
2892
1138
7198
2200
285426
7186
4724
7046
6344
7106
3122
662
900
5720
5556
4562
660
3590
11442
2488
2610
5262
862
6286
9248
9004
5812
4210
4514
3806
2692
5474
842
5128
7822
7914
1142
4414
5840
9538
4436
6810
3018
2046
5708
2918
1962
3826
2194
580
5560
5272
70312
3332
388
3756
1974
636
5054
2424
3184
10480
11418
2680
113770
1352
437934
5496
736254
6820
2844
2506
2084
760
9566
566
3832
9490
11648
5034
636
516
4304
84918
5110
2070
2616
3332
3278
5682
3154
4260
1932
5016
153066
3440
3224
4016
3222
4760
4534
2820
1718
3276
3278
6172
14410
2672
1148
3754
4292
2968
3536
693762
8676
1122
1980
1008
3802
7276
520
5664
4404
451400
816
6350
4172
891102
388
7832
3914
12128
4830
16718
15096
2504
6040
956
1454
265742
4314
1682
9824
4950
1678
286
3052
1430
4242
25130
4768
2406
3254
6842
8118
4824
280
5836
370
2974
238
2944
6810
4708
6332
766
4712
426
7308
6778
4640
4150
5206
1130
3528
994
354
1658
3662
938
8020
1692
2032
2488
593272
7692
2224
5780
310
2118
1560
6422
4400
749230
384
800
4280
3002
3852
3890
2806
5826
7320
11312
5908
754
5756
4658
2372
386
240
5282
231704
1849510
4076
8342
248
1940
2470
1610562
6152
4162
472970
5420
15552
1918
4246
4388
1946
231956
7800
8342
8624
8966
3094
1618
2320
3490
5718
5994
4090
2184
6438
5758
2176
962
4834
4078
3194
3546
1984
3762
3732
976
5294
848
2558
1090046
654
858
7366
5338
1348
6272
8402
5090
836
7906
1968
268
1044
3856
2956
640
5022
5976
9296
5034
10690
5814
4598
5566
3892
5374
2506
1196
7512
270
4740
246
704024
5926
3660
1518
676
4110
4002
2310
347358
2038
78010
5296
4634
5588
4492
6468
2588
5632
1594
5326
3850
3286
2098
3582
6042
9354
2476
3896
4078
3100
3174
2424
388208
185558
7888
1708
710068
3062
1598
6166
2352
5104
5594
600
4618
354
10572
1206
1352
6066
2744
2266
1510
392
4896
4050
4280
2554
8070
1794
6960
4968
2916242
3688
8742
1220
2854
5296
1708
192684
44078
7288
14706
4604
1906
333648
2822
1180
1754
6972
2079298
6202
2884
266
2708
3024
844
3510
7592
7922
7850
6436
4354
4392
4996
9144
1294
2056
3532
9596
7884
3434
442986
1986
5496
2883560
3760
9806
3216
5816
9096
1928492
5482
3582
4942
4578
3046
624
3746
2990
1468
4142
3656
6774
579860
2492
3168
544120
3878
494
1292
24472
740
387358
2922
3008
1198
508
6578
5842
10530
208980
2414
6434
442
5084
256
6776
9560
2366
5080
2812
6886
4104
11896
1698
5642
7668
4854
7854
2206
3812
1904
11268
4668
8820
292
356
2098
5068
6388
8526
5476
362
526
9504
15936
5400
4668
2266
12658
4316
932
1164642
6566
8576
10876
7518
2536
2216
7010
6504
624
12574
4550
3464
5098
5858
8920
2392
6500
5444
6968
7494
4840
10896
4840
4326
1712958
4168
588006
5192
3530
532154
286
738
6080
2076
2998
740
5880
2084
2270
12296
3332
2370
7702
392
2536
3652
268272
38934
241560
2304
5202
169268
4928
6020
6570
2914
672
1004
8354
1984
7264
5664
1604
127780
2134
294
268344
1140
5176
1962
4336
2718
2196
6746
2736
522
2534
2742
1752
266
392
5374
2186
7986
444
512
756930
2488
1236720
5942
4470
3790
3950
1570
536
355212
3886
3118
1240
4254
6456
7214
4698
240746
2858
1006
7166
1278072
278
8812
280092
820
4412
6306
5696
4988
1748
7922
1408
4872
892
1790
1354
8010
1544
11740
5046
8618
2220
3434
248896
1224
5178
5314
4596
2792
1023132
250
5778
3586
5176
284
5570
878
1120
470
930
5016
8242
9834
546
6036
12948
4766
7060
3154
1514012
2596
6002
3926
2402
7754
2674
2900
3474
4924
376
3158
3248
1226
3996
6062
5196
760
44628
160088
1620
5014
1046
4666
4246
2048
3764
1106
6888
4096
3966
4288
8062
6348
2988
766
256994
3760
9740
7190
396
742
7902
340844
378
378
3316
1358
2152
3900
5416
3862
6428
4762
250
1246
3212
1074
4694
4696
1185428
332608
616
3582
1652
5424
6234
1002
5986
526
458
4420
1000
8264
3232
178408
4220
3814
994
3310
514
1304
1208
9998
5856
3338
1350
1934
5726
256
3154
9788
5410
4474
7100
2814
2202
1530244
6140
1116366
3150
4712
3946
4280
804
348458
6264
8284
536
1436
624
2506
1726900
676
3040
12162
4118
490
11042
878
4354
5366
922
6206
5760
572
1474
266
5586
782890
4112
3428
4480
894
5810
4718
6100
5576
5420
9832
141188
782
5018
2088
4854
1900
1564
244
5698
1562
3196
1280
526
7226
6450
296
4154
2726
6900
5350
311646
2398
77430
5738
3406
6674
658
4348
6542
3716
7464
5620
1846
2832
5016
634
3446
199458
5056
2784
3292
7172
2514
278
4132
6288
1702
4686
6062
8036
3470
1116
7312
828
308
6984
7484
3090
5484
3438
2968
2230
3446
4308802
394
3626
4408
10864
2036
1384
272816
6360
4654
6006
1998
8586
2690
274
2278
7156
2008
3854
3458
7086
3558
6094
3978
3210
3790
5542
5050
398
5852
9726
1964
4628
2164
5684
544
10990
10864
3550
342058
22082
2380
3026
8506
8738
6822
7776
3142
7132
614
2708
6220
506
4766
5732
652
2620
3606
4646
1634
5114
6398
6752
4190
123944
1850
4816
2936
3012
5456
6476
3636
3044
6890
2866
1386
1670
3448
252
14234
6342
2250
6866
1768
590
7486
4802
243904
4694
7410
1180
2364
2822
2538674
7376
2436
9140
11338
1282
4296
5440
404
7276
4384
3298
681602
6942
4286
6070
9088
13678
8448
5520
364
7468
1987354
2870
2486
9234
470
2964
1430
244
5004
686
3370
4080
7616
3216
4186
6218
186960
2100
3528
998
3168
5442
816
744
4452
11690
5478
8696
2600
3312
5726
3526
2926
1114
980
1350
9262
5000
130872
386
3658
1720
10740
2384
6332
7202
418372
4584
3518
4522
6134
7922
2050
402
4438
7942
1250
5178
2920
3156
3538
766
3792
137196
3916
799436
3560
3330
1928
2444
5146
5436
292
10018
4020
555598
3328
4176
1516
438
2812
6494
6424
2586
9692
1388
7908
1406
7264
7724
3926
5940
3826
2002
4224
7230
5268
717622
376
498
854
8716
282
5460
2688
4480
6140
6780
4468
2032
2988
2112
8656
8730
3834
4342
5142
756
6576
1934
3530
7676
4904
2624
1618
8456
2670
5466
11922
8176
1836
2782
6054
2200
7504
452
1958
4326
7054
2974
6148
7728
1866
6706
4272
1204
3694
3932
1708
9720
4778
1616
3152
4762
3102
538
3332
10980
5288
1466486
8874
6532
3864
11326
2348
2096
3292
9732
4572
3968
1510
2816
3852
8762
3012
3976
1109174
4394
804874
4832
6996
1388
1370
421798
3028
5180
2272
2952
3092
8856
6102
11456
6944
9012
192168
2364
3750
4902
230
11078
2496
3492
5250
2852
3892
5768
3278
5498
4002
4832
227854
4158
4880
6834
3288
756694
504
4738
1806
2866
4054
250
4298
3976
3910
2504
742
1152
2950
1670
1694
5664
2938
382
573024
2276
1662
8814
6208
3280
2742
662
504
5104
4198
3048
238596
6538
6766
5046
686
462
5484
969550
12166
3368
2454
4340
3576
4626
4086
3324
4338
12406
5502
764
7342
1066
10940
550
456430
8676
1894102
5070
737996
6004
2950
4398
4128
9046
394
6034
3930
4866
4946
1954
117730
4086
481340
2986
370
559266
3374
1692
4354
2314
4624
332346
1210
2676
3972
2544
7320
1608
12242
898
72650
1982
2098
4706
10504
3132
7038
3386
4778
217116
6514
827916
3178
2822
3682
588
1108
4616
6550
9446
2296
304
1426
4800
2378
4098
790
2870
3608
610
4490
988
814
2326
4382
746782
5308
4248
4882
3500
1580
11780
8724
3554
684
754
992
3352
8508
4030
3894
5078
3406
772
1064
1240
3376
7252
3456
3466
6510
289426
282928
6948
8428
5776
238
3080
603974
1942
5414
3044
445244
9006
54262
6204
12160
484678
360
7898
2878
1558
3024
6876
39006
70458
3344
6536
1174
5976
4526
4350
8260
80470
4554
3676
5926
3212
1006
2962
11282
6930
5040
6702
5540
5632
594
5060
1356
2364
3356
4592
828
4708
668
3226
5912
3536
9438
738
4626
7818
11824
7358
474
1343626
3784
5830
870
10640
298
3602
6040
5298
7532
934
3348
143642
8162
860
3990
194406
4442
5196
5188
190906
4662
11488
4740
2880
9544
1672
4612
1702
2700
7154
1384556
5258
3150
9304
2770
87770
1738
14618
3860
992
830398
4722
3272
5226
3090
248
422476
4604
5580
914
1242
6032
4742
3492
5890
1180
3230
8426
8996
7654
4586
5604
246
6122
4104
2282
7232
2506
3742
2532
9142
3038
4338
5352
2208
7422
408850
5636
2374
3942
7000
8028
7184
4118
2150
1658
500
9776
6982
3874
442
5076
5878
6218
4318
2576
2972
5096
4368
2794
1440
13212
2654
4584
5132
702
16086
5558
5230
510956
8880
238376
362
20880
3302
10660
2610
1621188
1670
7592
9758
3938
808562
438
1130
5402
4906
6716
3740
5910
879662
3056
6354
6000
378200
5366
2104
8194
6130
5616
3098
4290
4840
5130
5206
372
6542
3242
6790
7862
1812
224
7316
8476
922984
297924
680
1202
7194
8242
12968
1520
2654
2688
5864
4688
376
3426
1400
4512
4510
6130
4688
8550
976
306
5090
2946890
725458
297076
5562
6654
5150
4332
4016
97212
16824
4464
9486
7372
5318
644
2748
3964
5892
2104
3604
6838
6384
354940
4826
7880
3290
884
4366
5600
2446
1306
5478
5320
4122
3614
7602
3940
3750
1003758
4048
4794
1852
4048
454876
3756
10850
1166
822
4916
11362
13536
6052
5196
5180
4684
685482
604
47922
438
2718
6564
5042
334752
3158
3980
7260
3248
3746
1138
1142
4428
956
7824
5244
430
610
3556
1912
1232
6976
6408
4476
4848
2848
7842
5632
2212
3184
3452
402
394
3290
6832
1540
6072
832
6120
6480
12774
3102
2088
5678
9230
3922
4534
4972
561000
6886
2280
9770
1748
7240
4894
6272
5580
6888
6162
4520
4316
6780
4398
604116
389144
3786
3366
2862
382
4878
4716
778
1742
3776
5672
670
448
3892
2768
3382
342
114074
1394
5696
3384
2462
704
234146
6996
4894
3768
3150
758
5312
1182
4834
4664
650
1473596
5520
3804
2002
6034
351046
2634
9060
7088
6770
388
374
6112
845834
1236
5962
5250
1442
248
2680
5130
12038
7368
6860
10272
758
1882
4548
154364
4468
13388
1724
2822
2144
1872
671500
2592
5344
1073010
1996
9662
4746
2674
659946
935378
3950
5322
480
246
3946
7948
3610
7758
12912
4146
3338
3850
538
556
1153026
7344
964
8924
651790
492
1372
12708
4546
1686
3552
2216
6590
3452
4958
692
8814
3818
48528
4630
3396
2960
496
368
6080
6074
8652
6654
440
9686
3930
3132
5030
6220
6796
1594
4598
5848
4950
274
254
486
5318
7114
4582
2552
5944
7768
5846
1254
5416
3776
3528
226
1286
4264
7174
1023432
790
4324
1900
5012
3130
1784
1893760
4838
8442
236
1044
3874
1916
2614
6660
5640
284
6682
5986
3516
2298
2226
3956
1792
5326
814
3744
5164
5182
954
648112
3228
5664
252
3180
4660
1078
94344
54296
8054
7162
8266
5472
6258
4516
2419142
10224
6112
2062
4010
8770
4194
118770
2252
509820
2558
1090710
6400
8670
6112
5624
862
6158
5086
548
1792
4960
2686
4064
2058
6016
2502
4818
13812
5776
440
444
721598
561358
6972
343236
2904
278
7066
4776
476
4562
3424
1000
3112
1498
3590
3842
6290
2414
3892
4612
1220
364874
5668
3416
3274
3486
2664
4176
2168
9290
7668
5292
5308
742
1929522
3818
1826
4680
5872
2922
1934
2568
3900
792
4502
295792
3248
2196
5694
443066
8096
238
1540
6668
5390
2384
3476
7108
1610
5104
2808
1968
3870
4206
624
4910
3510
3692
4032
4830
5908
4016
3230
532
3142
3578
4400
5408
5198
6348
11858
4080
3540
2964
7378
4102
5686
4988
1084
3734
3528
2766
6006
3618
4556
2842
1508
200584
8972
58766
4058
3470
2372
9556
896
228962
3368
628
6372
3250
4226
1660
205230
4352
5714
2982
3944
4856
10660
5486
6534
1597896
2752
7076
3084
2568
3724
4422
1360
3310
4120
12818
6048
3758
7142
9840
276
1798
3570
6526
8066
2116
262
3916
4328
2838
3824
9194
1612
376612
8926
5786
571894
4494
3922
2710
2012
634
801588
2948
12484
2726
319078
7620
1680
4484
4644
2318
542
7694
8038
8344
500
548
5942
1938
3784
5910
5852
8502
1478
3348
3532
400
8068
2380
4660
4128
3526
552
426876
936
4614
6410
312634
6336
8910
5838
7596
72870
10550
818
4852
5180
5938
1786
4528
3904
6132
82284
1244
6606
2394
4598
3292
4666
5632
1164
7660
2474
9686
3384
11268
2390
3880
2956
5754
8020
6212
1138
6314
5068
546
9048
270112
5818
6798
2670
5598
8300
654
380
166774
4448
3604
10080
2392
11596
76686
248410
612794
4358
4984
1010010
4952
956
7138
1910
702430
2796
6248
1742
5624
7112
3388
5612
7566
195128
524832
9510
1674
5286
2434
3738
3430
6340
2386
4988
359614
2962
2864
5906
4438
4414
2776
5510
3202
3894
1582
4886
6764
6004
3678
5946
3332
3912
608
2316
5988
544
3662
4330
3796
1736
6426
3620
6262
2818
5220
1748
9264
448884
1356
378
7096
5236
6868
290
440
198266
6894
7040
8254
5724
4762
3884
5948
3914
7916
2714
5474
3288
3146
5538
9638
2334
5354
5486
7548
10074
6840
3484
4490
182884
6022
8942
2766
2512
230054
9820
1748
8304
2816
902
11652
524
746
636
5628
2216
6026
1364
4656
2648
4166
11236
6022
911036
5308
2812
8194
5894
3638
5008
3712
901632
2240
744
4828
1288
3856
4306
6526
4574
4114
4260
8532
5292
7208
2382
6474
1390
2452
2234
52864
654
3188
2028
1582
2970
1130
4960
6210
1372
248
9186
432
9024
1614
4396
3238
496
2544
3436
4412
6998
294
4918
4118
2038
5108
435518
269318
4294
2570
3698
4394
652
250
3440
871918
4972
1210
214966
2590
4380
1049708
6662
5806
4674
2206
4732
4398
5158
10914
6006
274
436
1988
2040
1578
3284
10536
3056
6468
5042
5564
5258
10732
4640
3420
6486
1130
4116
3394
2720
656
5068
390
4646
1048
3514
8136
704446
3308
3706
6494
252656
1035060
2892
7586
6472
7402
5306
3284
3496
2226
8032
7018
8276
6492
6980
9978
5606
5342
4094
9218
4286
5434
5666
3418
2066
960
6316
3104
7442
10604
5424
3598
10524
10086
9632
3440
3962
3614
2442
3180
2960
3580
678
2460
4332
7954
3946
319230
3628
4600
6258
4554
9430
1936
3714
4484
3184
8134
14640
1384
5996
10650
2792
9530
3184
2272
900
326756
5382
3756
4918
1476
4430
8134
4710
5926
4630
5234
1312
3994
890
848
7716
3756
6530
2110
5060
3516
1000
5656
6952
3394
9966
2848
5600
6104
6368
664000
272
15300
4306
4030
3636
634
4196
4424
81194
2528
6892
3866
1380
5368
6054
9106
1508
4572
3784
3994
9818
3610
4722
2952
10354
8570
3744
5230
1448
3804
6138
2372
6024
1288
8514
6088
284
10508
857518
3996
4500
4342
9182
686
11342
5880
244240
7086
6314
4198
2794
3820
6290
2690
2236
5402
976
2340
4104
8552
5750
1264
4524
9184
804
4884
6536
2510
858
5154
4578
2188
3286
3710
1616
1348
12124
254
3476
888916
3392
3760
4758
7602
3882
6224
7678
2802
4202
9546
4024
3718
4578
5144
1700
3686
3164
1228
12754
2606
6942
6278
2344
13614
284
3380
244
7600
2408
2002
8998
689538
4704
4548
598308
5092
558
7540
3298
7294
9328
7618
3804
3824
4094
874
6588
4158
4948
1739504
382
654
1430
1288
2400
3890
7358
4884
19636
2640
947882
4966
9946
4148
3048
5576
8864
2972
290
5860
9076
4216
6510
7876
5006
5634
4078
3850
2736
7644
2980
476
3426
4856
2584
486
658
25096
3346
2912
13510
4212
2762
5950
307078
2326
4426
3004
3976
2506
778
4818
10622
4078
6250
3990
266
18546
288
3056
3298
557136
255686
2912
5090
3618
4614
5718
10504
2150
3262
2020
461528
1928
9824
3496
6646
12466
3550
4508
154474
5320
554
4966
93490
1400
676454
5178
3906
4182
1494
3552
5084
5692
5308
3612
3500
1529386
1902
308
5020
3616
492
1512
268
1562
2836
7224
4982
4674
3448
1052
6348
4802
2226
5806
6532
9020
4240
5782
5938
6848
8438
5382
300
7450
4326
5490
31730
302036
2040
1438
6044
1418
2896
3000
4298
1559822
6924
4228
3340
4834
1552
4662
1932
4906
2750
7070
4134
8114
2210
272
858714
10110
5384
530
5682
2565422
2744
6636
9588
4246
4328
10904
6766
2586
290196
2584
986
4282
4792
4902
4150
3138
524
4154
1860
512
398
3196
2438
6550
6102
3824
4630
2250
558
5380
2094
3524
7904
3724
100870
5908
2596
6140
5530
5290
5522
2872
4278
8736
679670
3972
4628
4230
4026
10652
5352
5516
1046262
514
3984
2648
3256
4746
3286
754
7030
6000
2080
1184192
6360
893652
2744
654
7676
8122
11400
4510
1278
6024
4844
316
3602
2986
5018
5036
2982
4304
3512
1188
4462
5288
3994
1356
246
6168
4996
16374
9178
498
7058
4794
5406
4434
14632
7396
962
8546
1188
584
3482
2568
6734
392
506
2282
4358
2734
3524
6108
8756
1002
10798
1032
14056
2254
5662
3486
2010
1390
2996
3680
6682
2488
9986
3456
93398
3342
6876
2068
3328
1674
1168
4270
8494
3774
3174
3802
12454
13106
7032
4568
11988
252478
3420
7424
9012
4096
232658
3988
236438
11420
460
392
7614
816
814544
718094
1684
312
3416
2924
7664
5570
153564
7042
4020
3216
671654
536
522
264
6362
626
532
3480
5100
4740
7798
1878
962
3220
6078
6920
3530
2578
264
3008
4590
4168
5650
9648
9490
1808
5730
6198
9962
654
3394
4242
11912
3666
1612
558
9522
5458
3596
9388
1252
5652
3900
4148
3992
4504
4360
4414
8370
8230
7578
5876
4150
165976
6290
4814
3266
2940
6642
2482
4816
5972
5586
3070
3132
4738
4166
2454
782688
2664
8620
2296
1476860
5868
562
6684
1452
14034
838
5498
1734
4186
670
4702
36550
69590
4324
2670
84680
1134
6778
8634
4682
438
2170
425072
381396
5430
1704
7038
