111:1100:0:0:0:0:0:0:0:0:0:0:0:0:0:0: (total 5)
0 4 8 72 Thread 0 going to cpu 0
76 Thread 2 going to cpu 8
Thread 1 going to cpu 4
Thread 3 going to cpu 72
going to barrier (cpu 72)
going to barrier (cpu 8)
going to barrier (cpu 4)
going to barrier (cpu 0)

cpu 5 cur 5
STARTING...
Thread 4 going to cpu 76
going to barrier (cpu 76)
STOPPING...
Duration      : 10000 (ms)
Acquisitions  : 30919300
842
768
980
388
5494
4720
804
23974
1674
1442
486
216
2292
218
2314
21170
1440
782
2400
2354
1444
356
64676
386
1648
376
1502
386
1496
352
1516
1112
2382
38476
1316
31952
2660
978
360
754
908
44790
5238
11462
42220
398
1416
1524
1206
1558
26984
13094
42804
1340
1824
6838
2952
404
406
1492
8736
222
828
238
756
66742
1328
2108
508
1384
1870
1926
620
344
1004
7178
702
1060
1348
996
230
3772
212
386
384
592
2146
1408
32082
1414
2426
14028
8398
2836
1378
3800
1292
3466
260
826
1612
1444
2486
23828
2440
12790
26240
1386
1872
1466
1708
1472
382
1824
1060
1356
210
2144
864
36166
5918
1172
1446
1356
382
21164
224
2056
334
5210
1022
238
1210
922
1214
1250
340
21906
250
848
1096
342
1302
1140
6990
2324
1334
386
1278
6942
1440
1180
1064
3904
1808
956
3332
230
1418
1616
1644
2220
1182
1222
8714
1450
1890
740
13270
248
964
776
1062
1054
1074
1036
1082
1634
4544
412
708
690
1240
710
758
744
902
1004
1240
742
1442
772
266
934
250
1230
502
234
10818
1702
1338
1800
28480
1114
222
1130
862
760
1812
498
4408
210
4362
456
270
1396
1044
488
876
2806
15810
2726
2124
462
4496
1250
1286
4564
1780
1444
1484
970
1126
1308
15596
466
486
972
392
1922
13602
1806
1148
1804
348
502
1222
338
214
346
1860
810
1536
1256
1126
748
1570
1068
282
712
382
2254
1984
1548
40552
2136
1368
346
228
11664
21426
290
246
1490
244
406
478
648
260
388
232
264
1220
2526
830
7284
1660
1052
490
1440
2298
72628
1064
1416
1124
390
1392
224
350
2482
1200
1370
258
390
18568
486
1506
1270
1734
392
10448
1186
1600
872
2096
1248
1666
210
378
1782
10122
404
3460
948
1194
990
1218
60396
352
894
384
1056
14506
996
1334
1176
3220
1266
1468
2220
1320
1014
936
8278
3190
404
3196
226
1528
708
9542
39948
386
2072
39960
2136
21158
384
1808
992
1030
274
398
1696
338
850
1104
2234
806
394
508
864
244
3908
1642
1594
1456
1118
776
1686
394
1492
502
1146
1490
2154
276
1676
626
1410
506
2154
1296
2852
414
234
1358
1296
350
350
1054
660
990
710
1110
488
350
236
954
384
488
6380
390
2178
1202
574
234
836
1962
386
1460
3132
266
1236
952
1816
922
1162
5258
1340
1262
240
2202
484
1056
1624
270
1886
206
350
948
2706
2690
5230
512
1554
2122
1096
1506
1840
1514
1160
1196
4628
3876
2302
1216
2936
424
1806
1654
2028
852
1264
12272
1668
1338
708
1244
3464
242
570
2212
1726
394
828
356
4004
384
3644
1548
960
8956
3834
20996
1122
1394
1138
3132
5414
1314
246
342
822
1290
928
1672
1042
262
1742
854
1080
6802
386
344
810
1162
492
1576
1326
382
2494
2122
782
3116
1604
1030
2046
372
1196
844
2334
738
244
884
1254
3008
5902
444
1160
1092
1382
1376
23606
348
1670
2414
1252
1468
1602
994
1388
1934
1708
1562
2200
2478
13010
614
990
658
350
1716
1970
2056
1620
424
388
1524
488
1106
382
866
482
4120
862
1306
608
3940
236
1298
246
392
1600
1238
996
1410
2196
1142
22136
1472
500
968
20900
1278
388
1804
300
216
2184
1416
1152
3380
1634
2994
1344
390
386
9652
388
9254
386
618
1022
416
480
1452
1600
11326
1484
234
1242
2562
248
228
24496
398
1082
244
354
480
2574
1446
400
724
1252
1344
214
1320
2780
216
386
2078
926
1334
244
1144
2498
20492
834
732
228
2134
1296
526
220
406
2422
266
1742
1338
7970
1336
256
1410
13790
350
390
246
228
418
258
1284
1254
2370
244
20652
2592
1564
784
3168
1484
242
1338
490
482
1168
510
352
1696
406
836
348
4136
968
1322
1466
1106
2698
12920
2880
23608
398
612
1516
916
258
1674
1532
3460
3510
364
388
246
388
2122
2814
1092
12938
3256
350
236
5414
1836
16456
1156
228
388
25086
1774
14984
2216
504
1404
1812
3866
384
468
2716
1548
5432
6324
1394
754
9744
386
808
1784
264
500
20912
1238
2276
250
1120
1088
384
4024
236
546
1552
1192
1444
1844
236
1442
2416
1782
894
906
1458
348
7212
9032
1300
1352
1072
488
386
372
224
874
1856
3010
1058
1382
278
2454
1370
1906
1984
3016
1476
1092
3560
1630
242
1282
23034
1358
358
1560
4290
1318
396
218
1234
844
3578
2086
1994
1696
386
266
372
1804
478
214
350
1870
12670
1218
1546
346
1154
13982
1256
1304
1210
226
1634
2760
1636
682
2746
1358
796
398
29392
41394
392
504
11030
1406
596
1006
438
610
1266
1272
7990
602
350
1608
458
1252
1488
2498
1344
39864
1936
540
610
926
276
376
608
1212
260
1290
20250
10168
246
256
4706
20268
1312
348
348
250
1634
1168
1180
482
4964
1272
1944
1564
10974
5582
894
614
400
1080
1446
1408
9424
1654
3814
866
1526
388
2258
480
1146
1580
3012
1572
248
816
1140
988
1184
620
274
16106
514
1878
1974
262
258
384
2974
246
1108
890
12416
210
978
218
1370
1638
10178
20968
386
25178
512
222
1818
386
1072
1862
6628
14740
5100
386
350
1354
782
3306
9468
2650
1690
1096
7808
2468
3716
3404
862
2412
1018
384
1258
32574
1750
1188
346
1832
340
500
1156
2580
346
2218
1120
1454
274
2266
464
29248
1662
4644
1512
1628
1006
902
392
1716
586
1730
1048
1958
1852
1648
388
1618
1586
482
1286
1090
7068
312
924
588
2046
398
3800
598
1446
210
244
392
1234
840
1128
1052
504
348
1260
1232
21354
1430
516
382
4470
1222
1378
452
31090
1872
12176
344
1060
392
41666
1652
838
1068
2344
10744
516
904
1404
854
1804
1362
25860
260
2042
1494
684
262
1426
248
246
1746
2286
1720
388
222
2400
1246
482
1076
14602
1060
2948
368
714
1222
1150
1348
2692
242
368
1656
2286
498
758
494
1540
778
3868
5816
16276
1872
260
784
414
19346
946
1472
7418
1938
4628
236
1544
1102
1778
1272
944
23556
1374
348
1310
1268
1654
7768
246
252
388
1690
7764
3064
346
1046
2000
226
1194
476
1216
342
2346
1654
386
386
1108
25252
1620
1112
1360
5426
12694
1352
340
1718
242
1124
37162
932
574
1188
450
2390
2034
20802
1746
580
1258
13992
2830
972
7422
3218
1626
476
942
386
1508
1122
7600
3240
574
1480
1632
936
352
1534
1086
2260
384
2854
982
11590
5582
1444
1200
2788
382
992
1124
22022
948
232
9594
390
384
1448
23166
2592
1640
1166
390
1486
1096
374
666
1242
1590
670
396
416
2368
224
238
922
2222
260
244
29070
240
1308
392
488
1222
2000
1416
1306
1788
334
348
2808
398
1424
386
252
1684
5090
35648
1404
346
1054
32744
1622
252
1464
1364
1448
2378
1556
1300
19830
1092
254
256
1208
5296
1144
1268
1576
1728
1422
2588
1142
2922
4688
2750
1066
1608
244
354
15802
256
1180
9356
376
490
2178
264
460
1266
2400
662
1890
724
1550
1782
388
688
27468
648
394
4072
14516
470
1792
238
248
1122
1146
1450
1568
388
1404
2008
4592
1306
1184
6428
760
1878
1832
1654
386
698
1456
582
1248
1228
1060
3228
1146
1210
1312
1358
352
1704
20426
1648
254
250
266
1420
1932
386
3116
2316
2222
602
4918
734
882
858
1236
448
2274
11328
722
348
1544
6026
2294
1122
3004
1190
13028
1890
2166
814
1720
1300
1646
2684
816
346
1802
254
2096
1100
1902
390
15570
5442
1444
602
386
456
418
2424
2712
1704
1388
2766
1210
248
1030
1414
338
502
1536
2070
976
220
480
1654
384
916
2396
378
1702
16146
446
1266
4504
1436
396
960
378
3442
448
878
386
1544
1034
4958
1680
256
248
2054
6850
762
920
384
1134
1680
238
1106
238
1074
1866
4272
238
2304
1064
1644
1558
2316
1472
2254
2916
220
250
7160
1852
276
1014
10330
1950
1920
346
7524
882
472
1194
1348
394
1348
336
244
422
290
2082
322
260
970
380
3924
2488
1230
6222
1830
598
566
1424
1002
240
1208
1210
3030
1090
2096
244
1652
2968
20182
346
1088
1454
25306
1606
2248
1580
2050
1056
854
374
1184
1404
1124
1256
1402
612
1782
7782
2734
1118
902
3842
16032
402
1164
19192
4708
2016
270
1652
458
16280
2112
270
384
384
844
760
410
8742
374
246
1226
1046
3012
348
4008
240
328
344
1602
1078
25846
1624
1292
1202
386
1450
458
1168
388
1626
1744
1364
536
252
594
870
260
946
386
1082
5880
16786
2932
1112
1014
18088
518
1192
12608
1142
2098
1542
1314
2270
934
1414
732
1312
1476
11736
13734
1478
996
8692
1054
23702
19646
42248
1582
1918
1148
2530
1956
340
1884
7686
928
350
1086
2016
352
2288
1416
1054
1210
1202
1768
1782
1432
1300
386
2948
390
1206
2032
2200
352
248
1132
286
16520
388
394
1220
346
462
584
1540
2168
280
6142
1278
47554
1258
396
252
290
85786
748
1056
1170
1512
380
1656
1686
384
1556
9428
456
878
1398
792
332
1444
236
2682
6904
1434
1190
1940
384
1468
3284
1532
366
400
1866
4038
2118
798
49422
1776
85050
2072
388
274
980
2754
268
528
564
388
1032
222
520
2368
248
972
738
15862
246
1890
18224
934
1898
928
1822
1414
1392
43122
16224
1208
960
1736
1210
1436
2044
48806
2984
1460
1332
246
1542
1036
1192
616
2130
1202
752
1212
3190
452
12538
242
1230
824
388
480
2596
322
1860
1392
386
1968
396
1174
2540
1108
19722
2068
1272
12934
348
586
980
722
1204
252
1140
546
1830
844
1086
694
988
2326
1154
1594
386
344
216
6798
1080
854
1172
1254
1890
2252
412
1534
242
762
1736
986
456
402
8472
23606
250
384
1838
1916
1604
340
400
1406
1436
14116
996
2478
238
21538
472
922
386
1384
16170
1236
1470
386
1492
2036
228
1252
1468
384
1530
270
864
3012
1002
1332
5642
1386
2686
2254
1436
1468
388
1454
1426
1608
750
488
1858
2002
7086
1740
970
810
1432
1250
1632
9512
1330
16758
1454
16944
2490
11604
348
3164
1402
388
384
252
382
1150
1512
1938
1122
1964
388
388
1128
2258
2030
486
2384
252
10674
1940
346
1660
824
382
1908
840
5094
222
1666
1560
1046
6586
1564
394
4088
2022
1692
380
1658
4318
686
1208
2118
87642
1996
32926
244
1050
27716
238
450
484
1104
20632
1106
27104
2348
1058
610
24980
1474
10276
1534
1574
2556
7592
388
2242
1026
1198
1124
392
392
246
1776
4752
32914
458
2272
924
47694
17074
1012
1988
910
352
236
1864
1344
230
592
1276
39762
59172
1910
1342
1078
1856
354
382
1324
2982
1572
230
392
9504
8854
1248
540
1300
1482
31042
2048
1176
4754
238
1466
246
244
348
18104
2238
852
2136
13558
346
1928
1360
458
1328
1620
1880
824
1648
388
2352
41492
1948
1930
624
1216
1124
1574
3054
1696
34604
392
1318
260
472
350
1150
2646
460
15084
2266
1728
2220
916
1442
1092
258
63414
474
228
262
250
1040
252
2182
6732
1646
1546
2158
35028
1664
450
2698
12442
248
7688
1474
13530
1454
4342
516
246
326
256
258
258
1272
4670
578
394
1428
1554
4566
3032
1396
35688
2326
5350
1886
13372
2604
1336
222
1870
840
1460
1566
1792
1318
50318
470
1094
1330
52464
1572
2322
894
1368
1056
936
386
4296
740
632
11130
260
26484
17106
378
366
11884
4562
364
260
5070
218
232
67736
344
364
362
7340
17940
270
19500
46666
16666
354
384
244
20316
26954
246
34546
3446
4958
32796
264
10002
16670
382
218
15622
8368
66
24940
25668
33068
282
69884
382
342
360
10812
376
4676
368
230
8454
418
17296
522
7066
218
30350
244
364
248
32950
386
738
19590
18230
238
386
396
5156
402
236
10094
522
272
15554
218
262
250
376
24376
612
33772
396
6448
362
600
25532
370
366
234
620
492
22380
230
7708
2880
362
1822
17040
43170
486
350
500
928
5232
62044
236
19824
374
234
260
248
396
232
372
376
724
372
244
400
240
274
13820
488
352
732
350
502
27372
378
264
15892
370
5552
386
380
5660
262
66
290
220
11392
488
362
408
232
370
234
8648
392
966
366
374
584
380
376
368
28662
222
26710
242
16796
394
540
256
14372
8566
258
34336
374
14984
368
16952
358
366
8752
232
2960
484
10566
6558
380
24866
24052
394
360
5786
402
31146
608
20900
706
378
366
1770
25964
372
370
480
2582
242
5124
378
380
528
250
1570
75554
262
2902
256
246
54554
412
510
262
356
2158
41724
14270
402
218
508
7850
14706
380
366
60714
364
234
356
382
366
360
21156
608
250
19784
600
22316
220
260
758
352
260
362
3146
256
530
13522
42672
252
68
9162
16898
218
34642
592
366
1596
404
284
34918
7040
264
394
376
7648
10778
1190
490
36254
838
49020
220
66
7794
382
472
384
222
256
35736
238
7814
498
15666
546
220
270
1674
55752
34134
516
372
3830
37754
226
364
508
400
366
28652
276
113120
248
474
256
366
53620
256
348
218
18058
356
6352
44732
5606
622
546
366
37516
364
598
364
31262
366
21042
242
364
384
380
368
1838
19546
19332
400
254
68
5486
278
19244
368
382
364
43920
2960
460
364
32536
258
484
380
526
4982
502
1064
526
240
380
258
39756
14196
38256
366
246
10286
246
14022
260
364
360
1640
264
268
214
350
268
84
56076
2308
366
358
252
238
360
256
368
374
496
36440
370
254
252
26104
63052
582
610
26352
244
242
368
376
632
2148
258
498
216
236
33738
16160
1746
76
262
18062
6058
344
386
1832
376
616
7988
27824
470
352
482
44890
22948
388
242
3010
282
966
12106
11894
220
258
3468
7242
3582
24182
270
390
236
270
12396
354
982
7424
220
394
734
396
230
8648
418
5906
240
25470
68908
39628
68
5910
378
41002
238
12700
368
21908
198
9414
376
17550
52360
362
264
44290
344
364
19866
17430
364
602
934
15552
26182
6242
512
264
364
240
628
1976
378
490
49200
510
29912
358
840
254
400
498
742
496
266
37700
6188
380
23206
8378
32182
39262
3684
364
31182
598
462
520
364
342
368
48838
490
486
8688
31616
612
366
380
518
366
382
386
412
230
370
244
13264
452
502
378
614
21926
340
2204
360
6550
7288
264
7480
8876
7294
368
268
4180
512
466
13188
272
494
31512
246
258
1686
21622
380
496
12626
3930
386
720
27548
11958
358
382
380
25746
354
23768
234
52522
416
370
130080
370
260
384
392
344
386
378
88044
368
256
234
234
358
248
19882
368
476
15140
500
246
246
10042
608
232
378
9214
61152
380
234
3934
538
17670
47976
256
9946
274
31042
220
19590
386
254
492
4164
464
374
29270
2444
364
2548
14952
370
248
12522
358
262
12522
7434
340
2898
46190
26554
30158
2428
272
36772
47370
234
384
248
4848
368
376
16750
10720
42060
758
66
3814
25912
8762
232
252
1096
406
82
252
256
252
386
376
242
368
232
2992
478
358
33408
87338
388
256
13320
234
364
372
934
368
370
372
366
16272
506
366
3764
37274
2088
364
490
386
366
352
382
366
364
232
378
4560
400
364
48610
254
402
17370
500
452
28962
252
20508
384
22076
932
25640
5446
13460
352
13470
250
604
1438
370
13864
492
364
47516
68
368
394
54800
242
570
6668
372
382
280
384
360
40336
246
66
386
386
604
268
374
21656
226
4508
4794
238
360
260
6478
53606
244
8474
482
83916
224
14456
710
13470
276
14602
350
958
482
254
638
8362
364
594
524
490
5526
62880
20262
3492
402
368
4300
256
364
402
378
368
342
282
52726
230
534
250
366
232
360
22858
222
482
5148
9180
18408
5112
376
6546
288
68
380
370
362
246
3952
462
370
236
276
342
258
400
266
644
258
384
218
28050
27880
286
370
366
524
1594
266
378
8412
3178
264
3874
260
260
372
364
368
370
488
588
17316
4866
7144
17018
642
348
244
618
274
380
16288
540
6234
4018
394
384
254
1684
270
286
368
382
40062
258
4644
250
66
262
276
4040
9626
24556
366
382
18588
14830
258
3174
27726
506
28246
380
464
378
246
484
7440
378
378
11630
1472
382
626
642
380
236
14034
35786
370
12746
19882
366
218
3736
27802
20706
236
2986
370
362
51490
246
350
382
368
386
376
702
406
368
27122
13666
368
398
10002
250
17314
15656
372
426
372
13538
262
8288
496
480
540
52636
396
386
244
5026
484
374
618
384
358
45118
76
8120
2128
254
58314
628
410
2198
5178
230
10268
484
39658
42790
258
396
8832
11890
218
1058
3242
260
492
228
388
5388
16616
492
9020
256
350
248
6934
238
274
16428
366
47064
20120
266
362
604
376
218
652
6036
526
23534
374
376
362
258
1866
35760
1102
1320
898
1168
1374
1370
1720
3162
600
1568
1218
1536
352
40280
214
1010
2478
11414
210
19082
2744
7586
1310
460
1116
7154
1006
1726
1950
222
1384
846
1120
44956
230
26048
1932
1488
2058
2304
398
1486
1276
19338
1958
450
1676
1500
6618
6282
1928
1580
1786
1474
1292
2360
1338
14534
972
1330
1236
62994
1528
14232
1418
1586
1320
5042
1706
1428
398
1134
1578
1162
11170
218
2738
654
1612
992
1446
7840
1830
208
350
34426
4052
492
1338
39992
21432
1516
6408
2398
952
840
1790
3062
1674
496
468
386
1652
1862
856
1814
3224
3074
2504
2242
1148
386
1742
2434
2334
368
1584
1376
348
352
2962
1208
2536
2172
2222
3306
3064
4094
2716
382
1448
2790
1606
3292
1934
662
232
1990
1230
1538
238
1180
972
8164
878
5758
888
3016
2858
1660
608
346
1122
384
7778
1240
342
942
1090
1804
1332
228
984
1432
6482
400
614
398
1886
214
1022
1004
4240
246
1324
1032
248
250
702
15578
1938
894
1448
1340
2036
2266
342
244
1186
2372
1946
5150
1292
2334
1758
9316
1272
330
392
390
232
1358
21182
1302
810
1404
358
350
212
1048
386
3118
1022
2892
802
342
642
1054
1046
2102
982
886
11696
1782
1350
2632
422
1878
206
858
5210
1204
1272
2202
2122
218
1248
1674
1924
1372
960
1780
264
342
1782
286
2830
718
1676
848
1440
3278
18636
2096
342
1044
384
264
1100
2042
1710
922
1574
1478
294
1438
348
956
2038
1104
342
1852
6390
6074
2642
1298
236
1406
1982
3324
2854
3756
664
352
488
1302
738
2626
352
234
344
1502
2766
864
1470
1736
4712
1094
22752
22490
238
1322
2064
3004
374
1476
1520
864
492
492
1198
1818
388
510
1214
2744
17766
350
3256
3736
1652
1582
11096
2058
1452
250
2754
240
376
21280
2236
4006
364
1300
4404
1162
1704
864
384
2920
350
236
1508
1194
2122
1804
1382
11326
8268
2764
340
242
1034
3278
592
2282
228
1424
8254
1448
2554
1374
386
11372
5226
1214
1194
538
352
21780
1400
384
1328
1020
1010
964
1284
1818
2824
2856
2030
1922
280
242
520
1938
1234
228
1164
1316
1452
592
14104
238
386
222
1326
22538
2756
236
1166
2646
2314
2752
3354
486
5864
850
390
1998
11732
256
1260
222
364
214
238
2308
4932
350
1002
6300
2570
732
570
270
486
220
1246
28718
722
16894
386
2074
1776
332
1480
342
214
276
3406
390
1664
866
2730
7884
1024
8604
392
2148
1096
22186
1896
1568
390
1874
1340
8096
1390
986
1706
1944
1120
402
1454
1498
1664
1284
2046
260
2154
380
244
216
494
1812
224
6730
682
992
932
4304
4586
390
1460
1388
1838
640
1432
2214
1770
1366
392
1538
1448
1158
394
404
372
2878
2106
1114
19838
250
1564
2134
1038
388
716
470
1336
3724
1292
1806
518
508
1074
362
1002
596
886
270
3460
482
3132
11374
386
964
1108
1576
15944
870
1430
1498
1574
250
616
1412
1742
964
500
1584
1396
29858
1926
448
42204
8924
1354
2038
4012
1288
11786
236
2626
1000
1174
222
406
884
1626
540
242
36366
1116
258
2570
3888
2296
1680
18688
9446
840
29302
4010
984
884
1470
234
372
348
480
386
1358
1650
1390
2206
10438
5460
2496
1344
1290
12418
1640
334
830
372
1006
1556
2122
390
2188
1224
1118
244
214
726
234
1968
1128
1310
1334
2722
388
16490
1374
514
3392
4244
848
732
572
8558
384
210
2194
1742
1518
238
1692
7184
392
1748
352
21270
224
26372
224
1918
1006
6202
344
16180
2690
2870
1374
862
266
356
518
1346
478
9198
388
962
1132
7422
2550
1084
232
798
350
1818
404
908
1396
350
250
1388
2134
684
32502
1044
1576
266
2750
1540
398
1862
600
1664
1460
2042
270
2160
29022
6516
1122
1796
968
2348
2284
1678
1210
244
1418
242
854
266
2108
1600
2412
1096
6424
388
1842
2070
342
1996
390
382
1798
2898
926
1112
1458
3870
1456
1232
20932
342
5096
574
1266
1292
2024
30596
390
11652
384
2712
1662
2812
7178
6146
25214
8172
342
4524
17742
2884
260
2052
398
1722
68654
1714
2110
1734
1734
1816
388
1640
526
346
36698
4584
28990
248
268
1102
1884
1438
1186
42282
586
7088
11536
38488
242
382
518
1792
1544
1450
1556
26580
12670
384
1542
44526
588
9046
380
236
3332
1496
8970
68728
1578
1564
2950
1582
384
1366
3830
8614
1232
1546
1910
9124
244
1850
1782
228
31950
1030
490
1036
10788
1140
1424
354
236
6738
418
1236
5420
1040
486
390
2570
1404
1348
1220
722
1828
22134
1594
348
1140
356
9714
352
1484
552
392
222
22140
1418
1450
388
1404
1224
396
1664
216
2512
1120
1026
2080
1550
37890
3648
1224
1352
1300
20146
402
276
2384
456
1930
4838
2244
846
1562
792
25304
1352
2220
1118
878
228
242
3836
1554
384
2090
2172
8292
1448
632
3590
1318
384
940
2986
2684
1388
248
1640
1296
1000
856
8464
1744
1540
1240
998
11412
1770
970
948
938
1002
802
1020
1758
1354
5624
716
700
244
712
774
762
730
760
834
242
756
784
248
952
1272
1286
242
2348
2084
398
1206
1292
7488
252
1626
1600
458
4044
386
2364
494
4336
1174
3044
338
1684
1618
1774
1262
1300
1430
2636
1282
1328
4970
346
348
1142
1780
1240
218
1666
1034
1182
814
2546
1296
1700
1344
1828
538
836
6802
2674
8328
230
1272
1236
1796
1484
26160
1182
4408
844
388
2298
5364
242
948
386
336
2518
806
2310
684
406
386
1676
13524
1310
422
1806
3030
4076
1556
1070
510
386
4010
1254
1472
684
904
1546
17654
2174
2116
13468
236
1150
1038
2908
3124
1512
434
824
360
1664
372
258
1296
4350
1358
11470
1834
258
1352
1204
1376
996
1350
1560
280
1152
1612
568
1832
346
1664
1906
23956
4660
226
1556
3210
1874
1210
350
632
986
1900
1398
2752
2148
484
1506
3270
256
1870
1584
366
2008
18828
1468
4564
2212
2188
490
500
2932
2154
1096
3850
238
246
1126
2278
716
6816
1222
1606
1402
1060
386
1388
1462
1346
1042
506
4318
384
1216
1058
238
1210
1314
346
1074
1568
954
552
258
8688
868
384
1952
984
10956
352
1332
7372
2166
2014
1062
1986
8818
2268
356
524
488
1076
268
1048
3554
350
3434
3434
1504
1992
1394
4754
1618
690
2468
1850
338
352
526
1326
18488
2218
984
1224
23056
558
858
2142
1830
1334
268
1426
1168
2042
1444
1510
1516
1114
3076
250
1120
6568
952
844
1132
1438
22626
972
19088
384
252
384
224
1344
236
1736
2208
16322
230
260
3558
1274
9428
2582
2370
494
8364
1114
26884
1674
1250
2146
2052
1674
1630
1604
1324
2990
1586
1454
1122
1772
350
318
472
1338
398
5454
8644
1764
468
252
1538
1108
1180
6876
380
9624
966
966
10568
1428
1554
1106
1938
880
474
1418
1342
242
904
1104
1150
1546
11940
12196
1132
770
8696
822
43146
244
1426
242
260
390
15770
246
388
378
20476
480
1618
352
2288
19118
1174
812
1318
1512
2882
952
386
55308
400
990
462
1926
14930
25104
834
346
1354
1398
430
984
2162
472
6956
332
1590
2212
1512
418
1482
386
1266
1402
1122
664
3916
348
1486
1610
2108
262
224
2820
996
464
1622
256
2676
2040
14240
386
3258
3344
1032
230
2130
2476
556
226
372
1446
1054
47334
3376
83512
572
1410
986
1688
744
1928
1354
2136
7492
384
1090
1576
1662
1078
2058
1594
348
346
1530
230
396
246
390
238
3738
1350
1200
232
1902
1562
416
1614
2892
5630
384
1580
734
49198
69178
15430
1136
258
2412
1598
336
4320
2640
474
2060
1130
1292
234
680
334
14462
19868
1456
380
1294
1322
1198
1266
37218
516
402
4868
16114
1148
1024
570
844
1594
1290
260
48508
386
1162
486
584
1624
1110
1686
1138
1056
1836
1792
1338
1852
1238
506
15814
7552
1104
2162
384
1982
1632
834
944
1036
422
18928
284
1948
16752
1956
1640
1900
1392
1276
2588
1636
276
1018
1430
402
2622
4642
244
1664
1084
1660
1460
1784
4650
1492
1330
242
1102
2952
7278
27398
1384
226
386
1364
2262
1440
764
12672
964
1488
25684
2184
18060
1366
3228
1226
584
1426
1534
1920
336
1330
1232
612
256
1356
1198
996
4474
1380
1592
386
246
1126
252
1198
1492
1994
1102
1234
1006
1590
478
1132
350
984
240
6478
1218
1334
1054
1346
968
1188
9650
846
17248
18290
580
228
1018
466
246
248
7914
2148
1168
1716
5712
388
842
1700
1436
462
3528
1572
434
1702
688
2754
13050
1994
1268
1502
386
1186
1370
3652
1964
1314
410
852
8078
9208
388
2266
3076
384
2408
1190
278
1466
262
87062
272
35260
1100
30592
21768
23474
1230
484
482
2296
246
1304
28156
11972
890
1746
330
338
9588
384
1158
1224
1526
3168
1662
576
234
316
556
1056
33980
704
50880
15354
790
1576
382
1188
2870
238
1734
4536
97976
1826
1136
936
636
454
2718
1796
490
242
1116
2764
386
18140
2224
1370
1352
30866
342
1470
1398
5486
3766
250
15748
1376
364
352
852
1012
15866
344
1580
1516
1424
1392
392
2730
1754
348
43754
4824
1236
1712
772
490
328
1394
37172
3150
1072
596
15116
350
984
398
1060
370
876
1540
1250
1338
1432
65374
1378
394
6298
232
1242
1548
1332
218
37078
2474
666
234
12114
9206
1404
15356
4236
5970
986
516
450
376
348
1152
2056
862
4692
1192
560
348
1292
1318
3556
334
27970
342
886
340
8080
388
1180
11564
1198
716
1238
1434
346
3050
1402
338
710
384
828
52760
944
1242
388
50314
1160
1574
388
1154
1820
1328
1178
2178
246
3480
41382
1154
1054
1224
1048
356
1576
8584
2902
744
1108
1022
1916
774
326
25768
240
1728
2868
2072
406
1646
390
1650
2794
384
870
2750
1098
13264
720
686
336
392
1736
1182
1048
1590
1590
238
242
3016
1238
576
2632
2110
1552
5604
684
352
386
456
598
1322
370
13802
1748
462
21146
244
1034
1440
1486
7976
386
1414
622
676
394
318
1906
1222
1032
348
1114
1222
1074
23716
1602
1976
1060
1394
5826
2888
1558
5374
384
1294
444
2696
1272
400
1774
2306
2432
390
1170
2650
26594
244
1126
1286
1500
3848
1424
12732
2160
384
1250
38580
2006
2294
452
1624
1286
21478
2208
1458
416
12704
680
1410
7168
1174
388
388
1296
2568
2276
1520
14006
1004
1460
2010
696
2166
2692
244
788
1054
10766
492
6916
1688
1078
412
350
2364
966
1710
19392
348
1128
1914
11252
222
1204
23226
252
246
1768
1406
2214
1682
2776
1260
4666
242
2158
970
550
30594
1378
3350
882
588
934
1136
1534
234
2700
382
2334
2304
994
386
4628
240
34750
1950
32734
1402
1614
1298
1344
1040
246
1314
1108
21522
2464
1442
388
1176
252
462
1150
1098
1188
380
1412
2538
412
378
868
1196
488
254
1214
4872
400
352
766
1410
2696
13498
402
1542
5386
350
5390
346
2280
1438
806
2336
268
1138
1242
1094
2016
1086
6874
330
252
19008
4642
14642
1790
244
2368
1480
1068
1242
1542
972
2648
496
244
1204
866
1222
244
454
342
252
362
416
324
2032
434
1424
382
1390
1968
856
1928
1444
1004
1062
350
438
1386
992
1030
1492
1812
350
23202
4084
1420
388
2442
412
1194
410
982
386
5438
970
1280
996
1066
1890
348
348
12398
1700
