111:11100:0:0:0:0:0:0:0:0:0:0:0:0:0:0: (total 6)
0 4 8 72 76 Thread 0 going to cpu 0
Thread 2 going to cpu 8
Thread 1 going to cpu 4
Thread 3 going to cpu 72
going to barrier (cpu 8)
80 Thread 4 going to cpu 76
going to barrier (cpu 72)
going to barrier (cpu 4)
going to barrier (cpu 76)
Thread 5 going to cpu 80

cpu 6 cur 6
going to barrier (cpu 80)
STARTING...
going to barrier (cpu 0)
STOPPING...
Duration      : 10000 (ms)
Acquisitions  : 29084737
1968
1164
1172
1762
1248
1066
1158
1048
2470
1232
406
2476
84892
850
2576
1428
1418
258
790
1108
896
930
3026
416
2090
1170
2694
388
270
2784
1790
2530
770
2606
908
1164
392
1086
1514
394
1232
388
1450
1036
1184
390
11628
1880
2964
1560
1176
924
3158
418
912
1372
1234
1492
1296
1292
390
666
514
1378
1102
270
1100
3022
1386
2092
412
112436
1114
1054
272
1012
1368
962
418
1110
1760
1944
2926
1136
414
1790
6222
1182
1314
406
408
1970
1654
1720
1058
1086
2626
748
1072
1192
1432
394
402
1826
1068
1030
1238
974
278
1236
1218
1242
274
111348
49200
2068
386
2260
910
388
418
1630
414
1308
1070
930
420
1324
784
1382
1174
1306
796
2868
4724
1056
380
2070
410
1072
398
1292
694
1976
12020
35436
420
268
2298
1658
52018
408
1188
2924
2856
268
23908
546
552
9536
3640
370
2430
244
3584
4254
406
980
1186
1656
2022
1338
2106
1624
2672
692
428
408
1230
1216
416
1138
21712
264
1904
1420
2518
282
1056
800
4120
118458
1350
2336
3062
408
288
1242
389192
2124
412
1108
1040
1786
1484
1364
410
376
656
410
836
1070
384
406
392
406
63316
3252
252
4838
424
1488
1498
390
404
526
554
1184
1964
1880
284
534
3438
552
410
1798
398
21502
382
378
1240
1546
1530
21498
2100
1170
394
272
394
414
390
1438
1370
1192
386
2310
416
1930
262
410
2094
2022
1980
2478
406
1780
109494
2346
1070
3556
3530
268
1158
386
1632
410
1832
962
1780
1274
2096
2218
2128
1118
442
1526
398
1636
2512
1802
1962
420
390
2956
1542
2498
1622
1850
384
494
2186
2014
1732
2784
1464
2186
2512
1538
29786
1312
2416
1510
2670
140626
390
1382
268
520
1544
1282
1960
1340
272
2782
406
3156
270
416
1330
368
1368
1262
1038
410
62746
520
272
1078
406
406
2026
256
396
2052
384
2242
414
1586
1194
1040
1354
1760
388
1538
404
1168
1900
382
542
390
1618
252
2922
1342
1782
3076
2298
1046
2474
64240
266
384
382
1808
1552
1324
1180
708
412
1286
3540
414
1880
794
400
2130
2974
1562
396
1092
1802
822
290
388
386
1044
418
386
1062
1086
1104
410
1966
386
490
404
1102
1334
1780
410
1400
1062
1404
414
784
410
1048
392
560
416
370
382
976
8274
2750
1054
6666
408
2780
276
1234
1638
21706
2654
5108
1320
1082
1890
1672
270
43686
2372
370
2138
1074
3346
4000
248
392
1450
1552
6154
498
26224
1192
1196
44466
11418
1392
1588
424
412
2478
1976
1642
1572
388
1334
78674
1930
398
832
422
1484
36916
1166
250
1580
1202
1586
3200
1166
2280
1344
26678
2322
1092
2222
418
386
502
1344
1478
1694
1912
1652
1790
28990
2398
1922
1690
388
5118
2060
1226
4590
1510
1674
1094
1516
2464
1550
390
1136
1588
2194
2448
2540
1702
1718
4314
516
3162
1048
1558
658
1524
1114
412
534
778
408
1092
436
858
1964
282
668
1876
2044
404
5218
4200
922
418
428
1918
3278
88956
1550
1216
1414
274
2504
438
1404
1486
1368
2338
386
1068
412
1832
1002
1542
1504
14300
4332
1174
1538
666
1676
1370
1870
3188
1222
1678
1048
402
1312
1802
1142
416
280
390
26390
408
2178
2112
384
1554
270
424
894
1496
420
30206
414
2232
3290
1636
278
2042
1572
1184
56092
1376
1634
1648
1432
248
2658
1348
654
1558
1954
1052
404
388
538
2342
1678
2682
408
1412
1372
272
2056
1094
93376
45078
260406
1094
272
270
1828
388
986
1684
1992
932
412
1550
1284
1192
1970
660
410
274
1066
2742
1884
1348
2228
1720
1608
1286
2902
1772
1926
556
85186
30936
390
1720
370
1508
6202
1680
1860
1470
290
392
384
250
410
2050
398
268
422
408
1264
1100
278
1630
2370
386
1168
1882
1112
384
702
412
1256
1310
1064
1544
1782
2812
2208
109532
1504
530
388
418
1114
2000
402
404
408
386
1038
3792
1766
1412
546
2006
70264
1146
2522
866
2020
2654
1954
1696
1774
2008
412
1086
1608
500
2010
406
456
3296
408
728
26524
1244
1000
554
2518
1862
1282
1556
422
4534
2250
1634
306
406
260
1782
2592
1296
1650
1210
270
1570
1370
304
410
270
958
442
1190
262
440
1746
1998
1004
252
1718
1138
420
694
18698
1302
3768
1076
1202
254
2130
2348
1918
2098
34108
382
1262
4848
392
2878
2336
2426
1224
404
512
396
1304
1548
406
4392
5420
1136
1784
382
1304
266
264
1248
388
1028
1606
1412
2546
822
3738
1396
416
1648
418
412
1960
1364
274
402
1370
850
2856
1094
1686
1268
1944
1692
282
1580
1244
1220
546
398
1432
384
426
1644
69220
438
3310
2426
1624
1572
1140
558
5076
4024
1448
268
274
416
538
1410
27214
290
1434
1688
2502
1682
412
380
522
406
274
416
270
2348
414
2662
1170
3602
1888
2136
3432
1512
1514
34450
1632
2524
1050
1282
278
2346
5076
1056
444
5528
408
1642
1084
258
3186
280
1184
266
55650
392
1246
3274
9164
1054
2374
1324
404
2200
1414
1144
264
1338
392
1282
670
950
1056
386
396
1236
280
412
1476
924
1472
412
980
386
1792
1234
872
1296
2188
1486
518
528
1480
1980
1474
1038
2682
262
1776
1104
1312
382
49570
2672
920
1190
1164
408
1146
1782
1712
2532
2828
1168
1290
1606
422
1698
1332
28382
1296
1040
546
1954
406
1176
1596
384
1146
2484
1034
2856
87500
396
550
560
904
1066
1068
2386
1070
388
76184
1328
414
2710
388
1280
1514
914
1214
1264
404
2058
1208
2470
1346
418
121602
290
2054
510
1074
786
1232
410
1356
1066
416
1262
1768
1526
1110
424
2342
2204
2918
1946
402
2050
424
1066
1446
1536
406
1186
1814
3892
390
254
382
1366
1328
3400
1898
1534
2232
950
302
1286
388
2014
1434
1808
1978
3012
1748
460
242
201140
1710
1232
34700
1598
1078
1672
1098
254
242
1926
400
1444
386
248
252
386
252
1384
1612
4942
260
1056
1280
1754
1756
396
1298
1134
3430
3114
410
1262
1470
384
1518
1788
1398
388
1384
146220
422
2578
390
1432
1172
944
1730
264
1670
1194
402
3666
240
540
1702
1178
396
1026
412
390
1332
788
2442
74016
386
6034
1822
264
2838
125768
3262
1838
1524
2292
1196
1240
416
422
1042
396
93840
232
2992
1048
1962
1474
656
538
2646
4584
1398
378
240
18918
4682
408
248
1524
2604
388
2648
504
2108
1694
1432
1702
1046
1636
654
2436
1634
1090
816
1488
534
1720
926
408
1820
902
414
2396
510
2216
2164
1058
658
2072
550
3548
390
398
374
1534
384
1746
11878
3628
1458
2612
924
268
1854
1252
1600
2888
2010
402
1534
248
1450
416
542
388
1248
4622
1416
1720
386
390
278
1194
36272
386
384
2854
139788
2132
816
1110
1708
2808
3388
3020
1414
1780
1616
2300
2256
83214
1208
658
404
1924
23748
750
1582
4180
1368
390
388
97560
3514
936
756
530
2282
1062
410
1052
1310
2790
87332
396
396
404
3302
1850
1056
1548
2974
400
1138
2194
1338
2226
410
2646
63008
1582
2856
1036
1962
4296
398
1552
1218
1336
934
1448
1718
24748
522
1074
658
2012
394
844
394
1000
1710
1376
862
1074
345340
1460
268
392
418
1474
756
1690
520
2268
388
2286
254
1284
1184
1560
252
18250
408
1574
2142
1264
388
1440
400
250
256
1590
250
386
4120
1368
294
2194
400
118362
1088
414
1866
2696
1032
2180
382
806
1068
390
1628
402
402
382
1098
1566
1694
1292
2494
2482
1536
1648
406
238
1242
1226
1334
382
408
1370
1490
272
2518
930
23104
528
804
384
1812
4080
20824
1686
1554
408
2344
1906
2360
1836
1652
1008
1504
3732
406
115224
258
1980
1846
68462
1828
2574
272
1686
270
1034
678
1424
3470
1018
1794
2458
187584
1074
914
522
2984
386
406
1154
1242
1522
1926
788
1550
1622
264
416
2360
65776
562
388
1040
260
2266
1076
1436
402
23300
416
404
1298
1240
240
894
424
1170
4470
1066
1316
402
1222
4574
1582
5176
240
402
1190
682
1148
1958
384
2200
1500
774
1704
1016
522
386
2274
248
1482
256
420
260
2570
1914
31550
1708
1652
1864
402
934
10282
1348
244
512
388
272
1218
1120
1716
524
1720
2294
1260
1360
3344
386
1686
1308
400
380
1554
1692
1096
144570
650
400
1040
402
1244
400
1484
1282
1546
24606
1038
660
2208
686
384
414
1136
1460
392
1618
388
238
2752
123090
416
1612
406
1026
1260
1322
384
1084
108144
414
3842
59000
1538
1890
3492
1786
436
2360
1988
652
42080
20752
1256
1176
2156
382
246
920
1362
384
1566
28142
394
270
250
73946
1086
2566
1040
2414
3450
540
414
1328
248
1456
2478
5004
1290
1044
1118
418
408
384
95530
1590
402
1502
1200
1494
522
157572
384
1072
65882
3714
1046
2252
2228
1396
1774
2198
2228
1456
1632
272
378
1466
1258
1470
414
386
384
938
2016
38512
4452
532
53362
1030
1978
1390
1040
1990
384
1460
1504
536
390
424
404
414
246
26584
404
404
1684
4406
1186
1282
532
256
372
248
824
270
390
1010
1110
526
896
714
1324
1452
1182
250
64540
2814
388
256
1328
66612
25508
1360
1672
1860
1420
402
954
1668
1836
1454
72230
1830
256
87306
1794
412
1274
398
1410
2438
794
1974
412
1474
1574
1876
268
400
924
1890
832
1386
1358
1714
408
1142
384
414
402
1548
526
1630
127216
1182
368
1198
2710
1618
1394
912
1414
1604
384
1056
1814
1038
3196
406
392
1514
1180
2192
1514
2284
1352
39486
1590
416
11226
1808
2014
1174
1052
404
1430
1582
2156
1382
71214
87564
1998
1146
1294
1336
1836
280
1214
514
2206
1600
2172
62890
276
1332
1606
1326
1178
2566
384
412
394
1276
1166
408
402
1068
426
386
410
2058
386
1204
1782
394
898
1262
410
394
1394
424
1552
546
250
1222
288
410
684
1500
2600
1458
256
1420
1588
1578
392
388
1278
1342
4164
1054
2380
536
42864
1570
1276
1142
33394
64904
408
1422
372
1692
408
3964
1200
930
390
1148
1606
1506
1216
956
386
2676
1844
272
922
1606
1202
3466
2066
440
1444
640
1078
22112
2444
121988
1428
274
1432
2912
1728
1168
1574
2450
1072
1596
1964
258
1056
91252
1256
1840
50208
1684
784
1844
1332
1272
1348
2632
1472
2654
1386
107778
388
1428
390
1034
412
104902
2918
5134
1532
1660
1678
410
352
5600
1440
422
1316
2246
396
1892
1220
440
252
1930
384
1140
1236
1548
131876
2130
2190
384
10966
1834
926
2266
270
1038
1544
2476
794
398
932
2038
1550
526
400
1676
1554
289642
388
1086
654
213144
1170
1476
1190
1046
1072
1304
386
1472
416
964
1558
2106
1216
1290
258
3620
244
1012
43816
1224
1070
2138
956
426
390
1338
2180
388
2214
400
1186
268
2034
406
526
1194
552
1418
270
414
1748
382
386
1590
1396
104012
1616
1744
402
2162
1906
1338
942
2498
3220
1306
388
412
252
400
386
2110
2746
412
1978
1222
1048
388
2580
1330
2770
3082
1238
396
534
1056
300
1654
532
526
1970
256
1440
236
1398
1448
390
676
382
542
1708
254
3018
1232
394
1320
1848
43728
924
280
294
56358
386
1164
2136
1386
1542
256
400
1182
2352
20056
848
406
1204
1762
1068
1650
392
15202
1992
2206
526
1258
2450
1944
418
1834
3268
37674
920
1504
1362
3160
1580
1226
660
924
53108
284
1710
296
1688
938
1906
64670
276
1596
2198
1818
1242
1894
1880
402
1974
15584
548
530
1420
1046
1646
560
2112
1266
544
244
2646
125510
1820
1328
39266
1836
1282
2156
566
1502
1674
806
386
908
440
1438
640
2408
370
262
34920
1472
420
778
2798
1190
688
2194
412
1888
1212
2052
1004
654
1200
272
1964
3566
2236
1098
388
2248
414
688
238
952
304
414
1640
1236
942
416
286
392
1258
404
388
458
2766
1338
2234
22786
828
1042
274
1786
3380
1282
400
978
2294
2280
2298
1256
1764
2374
2504
2236
1234
1508
270
418
686
1792
1090
686
1110
964
4084
1162
300
1478
518
36750
252
1308
404
494
960
1468
812
1386
388
1142
408
1780
682
2362
686
1064
1258
2380
1886
414
1472
44624
3198
1596
1582
368
4178
386
1072
1510
1494
1404
1508
388
384
420
2100
406
1382
5240
80844
678
420
424
1264
2046
1510
2872
1394
1504
386
2910
442
34032
1242
410
112250
1506
2606
1024
1802
1520
402
1880
278
2532
6540
522
1442
1312
390
278
1856
1696
404
1374
2014
1452
1516
22068
2552
2242
274
274
1358
1818
1634
264
944
306
1136
3022
1502
1236
1216
1572
1078
1226
1594
268
246
410
1262
1374
76510
1648
1108
1180
1582
1724
1222
1590
1280
958
540
404
1410
936
2866
3314
3088
400
2058
50682
274
250
504
552
276
1518
1402
1554
3744
2576
9224
384
1580
1042
560
1144
266
256
932
410
688
386
440
2126
386
1934
908
1476
1980
4294
688
1534
1428
960
1610
420
99610
10306
652
1336
1474
2324
400
1432
2106
1720
386
252
7490
428
420
1424
1688
1362
5310
1306
3384
1138
1684
6474
1584
1256
410
730
1428
1248
412
394
652
384
1228
1514
1608
1608
1084
2894
272
390
2162
1702
524
410
1464
554
2494
1330
400
234
2606
1414
1688
306
408
2192
282
410
372
1452
1024
1556
3568
1482
1410
564
400
422
1236
1256
276
1012
2924
1482
1412
1148
312
1252
270
1094
2692
1614
406
1488
1630
2058
1156
2264
1286
1664
384
10240
514
2054
1092
1916
280
1348
1516
406
1630
548
1198
2746
1198
932
1276
1742
64374
2132
1262
1528
1370
1822
3402
402
1370
1902
402
388
1056
382
1168
650
400
1656
1364
406
532
1100
1876
1420
1310
414
1760
1750
2470
1094
1102
564
1242
1388
1554
1252
380
398
2222
1492
370
266
422
394
1932
2126
1744
2330
2964
1486
390
3282
1680
1374
25694
368
250
410
1768
432
1872
4952
2160
85132
1510
386
2244
1596
1404
242
1864
4696
68808
246
1014
2274
1732
412
1644
1646
2052
410
1412
1402
2326
1478
1280
2018
1048
1702
2176
2386
386
2038
2612
2418
578
1134
1410
1744
548
1958
848
276
406
1924
408
1334
1046
1408
508
1608
950
2236
142386
1374
410
92920
2390
1092
2198
390
382
92590
412
2022
270
1146
1232
2576
1404
820
1494
1334
452
2104
270
1140
4434
436
996
2774
1260
412
1196
512
1096
3310
2120
1414
57936
1744
1188
532
1354
1592
2062
1564
2372
276
1688
828
2600
1468
161390
1994
386
1078
18466
400
286
1380
386
1616
1304
1758
1558
1364
1432
2224
242
1146
1072
1304
378
1764
2662
1198
264
1556
940
1414
1092
1194
25154
794
25328
3074
1360
5184
1272
2142
1216
1650
682
2640
514
1210
1386
1470
1362
272
358
1582
386
1584
248
1548
286
994
2592
384
6728
422
1646
676
2274
54700
272
286
2886
268
410
274
1710
388
958
548
1310
1096
2774
272
1826
284
410
2388
1420
1450
402
3664
264
1280
1702
282
542
90476
1098
268
24178
1662
420
1558
1366
656
1310
1230
394
450
1514
268
1352
1462
2210
1894
115152
526
3270
408
1104
1092
410
2194
1412
1960
1232
2608
280
514
1988
1100
1384
1506
1830
272
2774
300
418
290
1396
1270
1320
1564
270
2336
1940
526
270
406
408
1224
2198
2466
422
1226
782
1376
1144
2098
418
1804
1878
3920
1322
37400
386
1106
402
286
454
1686
135062
512
394
420
824
1356
916
410
420
1464
300
506
1090
398
508
3496
1196
1742
404
1508
1290
2184
2308
1498
3698
278
554
1128
1814
250
384
1586
1026
101052
370
1584
1102
1216
534
962
1284
396
1162
1810
404
384
20612
2282
518
1702
254
1692
286
404
388
1234
1510
28824
1964
2090
1072
406
1478
410
3340
5350
410
412
654
1438
966
1142
244
418
4518
1842
1468
530
1952
2004
1234
386
454
532
1224
3218
1340
1148
412
2390
250
1864
408
906
446
420
2056
1404
2348
1102
540
2658
266
2244
1276
2064
3032
1826
524
2196
1998
1358
1540
276
556
1232
8106
394
260
276
1744
2464
1496
1234
2642
3598
1608
374
1486
286
444
1610
1666
548
1714
1360
1914
384
410
1226
3768
1120
582
412
1236
1096
1322
980
1790
386
1466
410
1354
388
28430
398
828
1518
4178
1996
392
1058
1880
246
1070
1614
1590
384
1172
2982
386
1422
1774
1112
400
928
254
250
1456
58194
246
1256
2086
1510
388
1276
2194
976
2426
386
1566
2154
1680
576
416
1052
404
1478
3140
1590
1554
1318
1560
542
576
1846
1882
390
408
2202
1272
1296
1694
3400
1102
260
992
546
1260
2324
384
1188
1140
114188
972
2296
2784
1606
370
1040
2440
264
1574
115860
372
396
1754
89622
422
278
1844
818
2398
2746
1540
1744
1148
538
388
1384
286
1644
426
67938
448
270
60710
394
1428
386
1520
410
2106
124996
500
414
658
1298
408
1174
3074
1196
1742
412
1834
2040
1740
424
408
1078
1458
278
1188
1102
1146
386
2128
2072
290
1356
1364
2500
2062
1066
1450
1284
1250
2900
280
436
2496
794
396
1398
2288
406
2526
2342
2478
406
810
50350
404
1576
1472
17976
444
270
404
290
280
1084
418
386
2630
21200
12212
394
1110
536
262
2106
276
1882
386
420
654
1448
532
478
414
1968
1094
1508
1702
246
1884
1702
1262
1260
558
3734
1342
2596
1918
412
418
426
444
16140
2026
1422
914
390
284
1750
2336
260
268
404
414
1680
282
115300
2134
1580
254
1788
238
386
412
2608
391062
506
2096
1332
1330
2096
1464
5974
4214
60634
988
1016
388
2046
400
654
532
400
3818
1820
5112
1680
1438
388
2802
396
406
3992
1914
270
22140
1648
1212
21938
1928
1398
5026
1140
1352
2126
404
2202
2994
386
1238
1122
386
1252
406
384
1904
108322
556
1302
298
1092
1352
832
408
270
1432
932
408
1784
2776
2598
244
1096
1114
1682
1640
812
420
1394
250
1496
2502
2716
1176
246
384
1608
260
1742
418
3836
550
518
1464
1528
418
1008
1340
532
3006
424
1714
2622
1608
410
1476
1002
1960
446
2076
31642
1632
384
1172
1522
412
390
143484
3422
2204
1514
1322
2476
262
390
2754
692
412
3022
1950
1792
1312
2034
64346
2524
2808
1760
388
2140
1468
1206
1068
1594
1942
1726
1310
276
3576
1960
400
412
1274
1240
1370
272
284
1230
408
2202
1698
548
1100
66608
274
1340
818
932
1274
2174
1226
518
404
3060
1108
2254
1296
566
998
1892
1554
5968
3036
1608
1260
2156
270
3544
976
1600
2434
1680
1508
2428
2054
5504
10696
412
1102
1208
396
536
236
602
272
252
2444
518
372
2016
972
23512
558
2086
260
392
374
552
1106
988
1002
1244
258
44332
1816
390
1856
428
1784
1724
390
386
1460
270
386
274
2840
1396
6434
29326
1160
1230
41376
416
13628
1608
3026
420
1306
416
1106
1656
2252
78662
1508
248
3920
986
388
272
512
518
392
30118
1650
1856
1146
2384
1886
390
420
1470
1202
1850
1468
20962
4758
394
1004
1194
518
3536
1098
1454
1688
1606
1188
272
28118
1216
264
276
1556
2024
2266
532
396
264
388
1400
1372
1460
422
656
260
1376
1508
1144
2190
1358
272
1364
2106
998
252
1926
2060
254
1076
236
1274
278
1034
386
1546
430
534
4416
1026
1704
1592
2108
5206
2686
1298
3642
270
1508
284
1670
554
292
370
412
1618
384
424
402
1352
2470
1546
404
91860
1954
1194
2868
3308
1674
1330
1222
412
1844
1850
260
1476
1458
986
1818
10284
554
412
1980
660
276
400
1622
1112
2424
1412
1578
266
1122
274
700
1276
1650
2188
2226
998
388
2040
31896
270
1830
484
1966
3208
1108
2098
278
27494
2966
1750
656
1506
1962
1788
1312
55920
1724
1272
1282
1644
2090
372
1692
2164
1430
552
884
4262
414
1500
1122
394
392
2038
1236
2192
410
1240
1454
91852
45768
262244
3188
2740
1790
1554
278
938
2740
1456
1026
1070
530
3958
1246
438
1478
1258
956
2288
1136
2520
1484
276
420
1134
1138
86576
33784
1896
1678
414
1820
256
260
1642
1932
1218
5520
4982
944
1784
1304
412
2278
1232
1674
4120
1082
924
1192
1136
1740
254
540
1140
406
111312
3654
1192
388
3978
1074
552
412
1566
1098
2256
398
1104
656
66954
1458
1648
976
3258
658
1602
420
1804
1548
1038
1828
2346
1442
2002
392
4130
386
396
2478
28274
1654
4992
394
1640
1616
2034
388
550
386
384
1550
2244
4146
424
1396
400
1218
1208
1136
2060
252
1046
3248
2842
2672
1322
1412
1694
386
1364
22476
1366
532
552
390
1196
1178
1982
412
1698
410
1790
1524
1216
34902
1944
402
252
372
2620
404
386
956
280
2464
408
1094
3878
1734
2244
574
538
1146
1054
376
256
552
388
1182
1592
3146
3110
1852
1244
1536
1562
260
1148
1778
1092
416
1092
1536
422
3170
1002
2776
2888
394
264
1632
1352
2072
1652
1946
2184
1448
2010
2898
3256
69646
3186
548
396
1050
402
262
1056
1168
1608
2026
430
680
414
386
402
1636
508
272
276
262
822
4170
1356
530
22994
514
2368
1942
1004
268
372
1284
6702
386
2316
394
1178
1452
414
296
1688
254
2340
2088
548
504
1610
1138
36490
2240
406
986
1680
1640
276
1138
548
548
386
390
1210
1992
274
412
384
372
408
2470
1492
2716
412
2014
59522
1540
394
266
1826
5312
390
374
1128
1912
414
1790
2602
406
884
1548
1550
2056
2492
838
2774
2618
1182
1218
2484
2458
1006
1756
908
1200
412
1368
2754
1356
390
1202
1282
808
414
2020
1292
1646
53438
388
1116
1070
1052
3140
1088
1648
1312
408
998
552
1362
1092
918
390
2812
1296
1606
392
25604
1256
1182
2258
394
2170
938
1760
1076
410
1466
1034
412
422
92128
1394
1060
940
504
970
76948
870
2676
790
2634
1640
906
1058
1204
2144
546
928
1068
266
1312
126084
2710
1030
956
3176
1106
2016
1186
1520
1108
3302
1118
250
1270
412
1006
1266
1276
1796
1348
886
1154
1208
274
1500
2878
286
86406
1112
408
1112
1558
1712
1096
1300
972
1034
266
402
2462
410
1388
1158
410
3052
414
390
1254
1152
656
398
900
1044
520
390
968
1036
2606
1236
2336
2200
1076
1068
1812
278
9248
1372
1436
388
1066
386
926
1154
1378
384
2042
1182
1368
942
1152
1350
4234
936
2056
960
512
390
1144
1062
388
115394
1304
2578
1232
1790
1676
1066
2260
1062
418
412
1250
1788
6504
1214
1334
3610
390
1242
1634
1268
922
1330
770
2872
1058
1276
4094
1332
1058
1070
1104
1928
2204
942
112138
1212
100
72
84
102
90
76
92
72
74
41724
2084
388
2054
1754
3174
2394
1060
890
2446
1674
924
2228
442
1510
2428
1296
1586
382
408
92428
426
254
1388
1200
1058
1306
402
386
2126
1546
424
1440
1152
424
2262
542
984
61222
1454
1502
408
248
870
1464
1756
386
510
3352
1588
1536
1200
1690
930
24616
2272
1956
2276
2084
1478
1216
1830
1790
119546
384
390
223874
1380
3924
898
1172
2740
412
2224
684
2356
1066
1018
22442
1206
664
1030
2490
3158
2578
400
936
384
1540
1648
386
121570
2060
410
1432
420
250
1216
732
402
3126
1686
3472
1130
400
1264
1202
1408
388
1192
658
768
1998
2512
1716
1610
2612
1044
1576
264
994
20710
404
404
794
1922
2670
248
1388
392
376
390
1620
20604
392
1072
2406
514
1158
524
1272
372
1092
396
1048
1022
1584
1542
390
390
248
37468
230
390
78988
1384
376
1594
67920
408
1682
410
278
1906
1862
2900
1622
392
270
1662
1034
386
1438
390
187770
1544
882
2220
394
390
2926
1446
1816
1600
390
2276
1412
3368
366
1508
68022
2076
386
1388
1544
24052
3984
1114
1670
1542
1084
414
372
398
538
1566
1418
2196
1810
408
766
638
1352
1622
252
412
248
386
406
384
2860
2036
1552
528
1496
522
1140
1370
1442
788
3164
2884
3028
656
250
1956
246
1462
258
27896
1572
408
1458
1838
400
2520
1074
6222
540
222
1600
5260
1400
686
2954
1604
256
412
882
1588
1748
412
390
2360
1788
2690
1460
1360
1694
810
418
440
532
74274
656
61958
2806
2336
2336
1004
1622
1042
22792
1544
1890
574
3914
1240
2482
3138
270
392
123174
2574
1816
912
250
1436
2576
1070
106262
2004
552
384
246
58870
382
1186
1636
1340
382
386
1464
2338
390
1574
392
2480
41748
20278
1706
1424
438
3224
1412
1956
32434
412
70706
1498
1074
392
544
1016
1526
418
1194
410
418
3734
2478
1422
388
1858
414
386
384
384
390
1068
1100
1314
3832
95552
3058
1156
1656
73728
534
530
406
83700
1684
412
250
63754
424
516
1540
1794
394
1570
248
1244
1324
1082
532
1530
392
1858
2364
2958
1116
1388
4126
1282
1360
35612
382
1436
2108
55894
1418
406
1300
1094
1036
416
2522
1402
6292
410
27962
1692
410
400
372
390
1316
738
4060
2326
1580
1822
1072
812
1418
2088
65136
1832
242
2568
1084
65016
25326
384
1274
1142
1444
1840
2098
1068
386
1034
264
1298
1254
71588
2006
84528
390
1038
2038
1792
1844
384
390
2394
524
2164
1240
392
1310
3342
1822
994
872
402
1436
1270
1994
4332
2498
1610
126720
2474
1148
390
1766
3512
998
1202
2134
1430
412
1136
1096
518
404
3108
1146
1070
252
1804
1334
524
1148
1576
38042
384
2808
24778
3558
2058
1728
14010
1898
254
1242
1352
1828
1728
1084
402
1070
161292
1870
1020
938
1492
392
1580
1718
1486
1654
1486
63680
1224
266
1296
1190
1596
448
3384
1072
3442
3902
284
2146
1318
2120
1288
2760
2290
2844
4292
1640
244
388
1430
2430
950
1204
2886
1336
1642
576
412
1220
1686
802
2596
286
400
38444
256
1428
1088
1190
35082
61082
388
234
2266
2200
1888
236
538
414
1240
1918
2188
1632
1074
1536
1636
1694
396
414
1842
390
2254
1046
1448
1526
386
406
398
1586
412
2338
2124
24966
408
123670
254
2704
1292
240
384
1602
974
1538
1998
386
1570
1502
1706
1988
84234
9172
1036
392
50220
1204
254
1694
1182
1346
1318
924
1952
546
1528
1858
256
404
1294
1206
108200
2220
1714
104786
246
408
1106
306
588
394
1034
1546
380
1140
2664
382
448
552
384
388
1174
3160
1198
2066
1328
2632
384
2442
1402
1712
131986
1104
388
1738
398
13674
3056
660
1940
1066
1356
258
386
1174
1924
1744
1500
3050
1428
292510
215588
1616
1256
1356
1536
1134
2502
1972
910
1228
1102
920
2134
408
516
410
2372
43496
1778
1410
1650
1916
2344
1584
388
1664
2132
2160
240
2642
3432
3140
3530
1020
104020
1512
1202
2036
416
2084
1456
1206
1132
284
1056
252
384
1240
5316
404
1968
384
2498
1606
3600
528
416
1518
1824
518
2350
686
1584
3430
2740
3126
388
2064
1964
1552
4490
2094
392
246
258
1404
2026
1310
46320
2966
544
388
55146
908
408
1038
1318
3116
1092
374
23996
1428
1716
1592
14874
390
250
1250
1286
266
2508
1158
236
1042
2302
398
1062
410
258
386
1566
402
386
1188
392
2546
230
1926
2060
1032
2620
1180
1878
414
1204
3512
1282
730
238
388
1888
278
1210
1864
390
1970
2444
2398
394
1582
1782
936
546
1072
380
254
1396
181294
408
20108
1468
1296
720
254
386
32904
1494
1198
960
2292
2742
4360
1814
962
818
532
396
424
1908
1050
1236
1992
2830
1064
1446
386
282
1868
682
388
2192
962
2244
2032
1098
2750
1578
143012
252
2536
386
1646
1890
1414
1724
2338
1726
1820
412
250
2924
1636
1736
2378
2404
402
2216
69762
386
248
400
2328
252
386
270
250
264
272
1056
2546
530
1380
406
404
123782
520
392
1752
1458
1624
424
1334
1374
3946
97634
508
1444
1438
1478
3038
654
254
1396
678
652
414
262
746
2590
15404
398
264
1612
562
268
542
374
3284
1002
256
1974
546
2138
1174
1762
1474
1492
1464
2136
392
1836
1218
2676
2782
3650
1624
2134
3330
1176
388
1236
2068
392
2630
414
390
3542
2294
938
10080
1224
536
656
1794
1338
304
1444
1706
2066
1466
1482
290
938
1768
1718
4302
1396
390
392
422
1098
1454
4234
36490
2682
260
246
141772
936
1340
1874
1892
422
1324
646
402
2110
412
1186
904
236
1292
1416
412
1676
1828
540
82066
2716
1248
21682
1050
1098
404
1592
240
370
406
272
1070
3002
250
386
94374
4222
962
2134
420
1702
1532
1542
3472
12036
1234
392
1262
1144
1232
284
1874
268
266
2380
2752
2998
410
1558
2402
1608
1106
3152
1078
402
390
278
406
1392
2852
1098
826
2346
1304
2264
2510
2092
26614
2336
1378
1368
498
416
514
1258
2132
1904
2290
1514
1102
2578
952
422
1998
1384
1934
1760
2834
1276
418
54668
404
2598
1614
370
1784
2000
1508
274
1512
1402
384
284
2228
1198
282
1836
3814
1744
1592
382
418
1610
1690
1742
1436
3668
1740
3128
272
1274
1758
1394
1310
386
292
1814
2212
2432
1286
396
1874
1260
42982
67842
370
390
802
976
1642
1636
274
266
984
2120
858
2016
116168
3548
390
93142
3068
396
1156
554
420
1102
1074
1280
2768
2022
1964
66062
62282
396
2158
2322
2440
392
129242
1754
1338
528
386
1788
1418
386
1816
1850
424
1574
4114
936
2328
1158
1596
2112
1384
386
1912
1386
1518
426
1278
410
1348
37200
1072
1658
1106
282
1242
1222
2490
52886
396
2052
2292
1406
1030
67110
1552
260
1500
1954
1286
1876
2630
386
20034
1350
1570
2564
424
1066
2828
408
124888
624
1458
288
1322
1570
438
282
36966
380
1706
1368
418
2150
1540
2968
2282
2494
382
36664
1484
2952
418
1328
2434
406
3012
266
1016
926
378
1494
2110
2570
410
1106
524
276
424
2052
1276
2624
3300
4252
1196
1450
3508
4442
446
1490
1634
284
1682
17488
282
284
284
406
2366
1170
1782
1718
394
452
1546
2030
1320
532
1640
806
408
1754
1590
410
1500
688
1512
428
1404
410
1132
1384
3754
406
1110
2484
1064
1154
450
388
1306
2438
2750
36556
3058
1216
948
1094
2158
2194
2764
406
2098
1680
1386
386
424
1214
276
2638
44564
364
1490
484
394
2058
1472
2646
284
418
658
2040
826
1578
1360
1470
3364
388
1752
1408
4686
78634
4184
1680
1276
978
400
268
1684
1336
1814
280
414
2324
33940
2318
112578
1230
540
428
1070
1410
1002
2116
1966
560
1250
422
2132
412
2426
1088
2820
412
924
2104
1394
494
1624
1242
1416
21548
402
1784
2714
1418
1312
274
2120
2458
1238
510
392
1550
1644
1304
1078
1772
1504
1478
3402
1138
1772
76504
1904
1190
1302
2284
250
1330
1406
1554
1870
2950
1492
1302
538
1140
544
2302
404
2832
50396
286
5522
1314
2026
1694
406
424
420
1396
290
9870
1882
1234
2892
2354
5086
422
1794
260
964
1398
1428
1784
284
280
666
2790
1346
970
956
99788
418
1204
11276
1224
1116
258
542
2404
1842
658
920
9082
1788
398
1418
1200
288
1678
2802
2918
2228
1504
418
438
1474
1230
272
2514
1862
1228
1386
1148
1594
119530
512
926
722
658
1426
4596
1100
2478
284
2906
1498
1158
1820
1760
1346
404
9776
398
1674
165016
400
1696
546
1302
1128
1180
946
1404
1152
2844
113924
1898
2606
4446
107580
1408
2234
1164
1798
1132
1640
1688
1110
1132
536
278
428
930
422
2008
3598
1914
5030
1468
1126
1980
554
390
252
412
1786
1048
662
278
410
1254
1780
1696
412
396
506
392
422
1000
1312
2044
1044
854
4140
1486
1440
1638
410
1330
1582
412
262
2634
388
1098
3504
2320
256
388
1098
2270
384
966
1494
2974
280
3564
1102
1480
1692
394
656
394
1178
1530
3750
1570
270
2058
1488
392
1506
1394
1780
2476
1922
4430
2766
1394
1238
386
1142
1558
250
1394
1286
412
10510
2730
1230
540
1890
1700
2568
412
2346
1000
286
3212
1244
1108
66916
372
1142
1654
1418
2162
1450
662
252
2506
1700
3302
1678
3194
1248
2814
1708
388
1442
1620
2340
1594
1804
412
1424
1100
2750
948
1484
1598
2964
252
1336
4568
278
1362
286
1106
1554
410
1378
390
1206
2384
278
292
1242
1384
1518
27676
2666
1282
418
276
416
396
1674
1918
274
84780
2256
268
1382
1698
3092
1334
660
550
408
67746
270
280
2152
1546
662
1498
262
2282
1556
1858
2376
1064
1578
396
1384
1648
1434
1382
1168
1430
276
1522
420
2186
396
1528
384
392
1346
282
2838
1500
1464
386
2606
1484
3010
1966
1102
1580
2244
1686
1172
254
1558
140346
956
1796
92738
520
1090
2018
424
93564
2132
2088
960
1378
556
1484
2762
1424
2616
422
1918
1638
972
390
2596
1966
388
1662
2290
2002
870
408
404
1520
390
2172
58904
1570
278
1560
2032
1542
962
420
1290
1802
276
2414
1196
1074
510
1142
163250
242
1986
21834
2140
1618
1266
1350
1356
1204
1444
282
2184
888
1084
2186
1576
388
976
1688
1172
1516
1246
1374
28674
23662
1308
388
554
992
7300
1324
418
1322
818
2310
386
396
2200
1374
1360
1140
3326
2950
2036
2248
952
276
2466
308
386
5394
2364
294
2086
402
266
284
50062
2640
410
3766
2332
2030
1460
1474
390
1952
3340
2506
1680
2026
444
272
2126
1464
3550
89840
1736
24058
2392
1276
2034
1332
3608
2090
1778
1040
272
2166
408
118068
290
422
2250
1078
2234
1260
2092
414
1116
1784
418
2522
382
1110
1222
822
1342
2180
546
416
4026
1748
974
1646
1912
420
1142
5086
926
418
1374
396
1930
2808
2594
1510
406
2616
738
392
1404
410
390
436
1364
1092
34628
282
2006
3834
133472
282
240
416
5194
1260
3300
2952
3066
772
384
1482
1550
2668
1300
1030
656
1338
674
1252
1112
268
388
424
2534
1136
2876
1250
101084
1686
1126
1466
2120
1032
2062
978
3012
516
19690
660
2346
1952
4836
1516
31440
242
1788
1250
2360
1870
410
418
1418
422
502
242
458
3996
1490
1818
3302
410
3292
402
1278
2272
2030
260
1508
4418
1292
514
1538
1054
2648
392
2256
2162
2996
1518
1088
694
1232
2428
402
2048
786
1456
1524
1098
278
426
