11111111:111111100:0:0:0:0:0:0:0:0:0:0:0:0:0:0: (total 15)
0 4 8 12 Thread 0 going to cpu 0
Thread 1 going to cpu 4
16 Thread 2 going to cpu 8
Thread 3 going to cpu 12
going to barrier (cpu 4)
going to barrier (cpu 0)
20 going to barrier (cpu 8)
going to barrier (cpu 12)
24 Thread 5 going to cpu 20
28 Thread 6 going to cpu 24
72 Thread 7 going to cpu 28
76 going to barrier (cpu 20)
Thread 8 going to cpu 72
going to barrier (cpu 24)
going to barrier (cpu 72)
80 Thread 9 going to cpu 76
going to barrier (cpu 76)
Thread 4 going to cpu 16
84 Thread 10 going to cpu 80
going to barrier (cpu 80)
88 Thread 11 going to cpu 84
going to barrier (cpu 84)
92 going to barrier (cpu 16)
Thread 12 going to cpu 88
going to barrier (cpu 88)
96 Thread 13 going to cpu 92
going to barrier (cpu 92)
Thread 14 going to cpu 96

cpu 15 cur 15
STARTING...
going to barrier (cpu 28)
going to barrier (cpu 96)
STOPPING...
Duration      : 10000 (ms)
Acquisitions  : 10465792
1644
4494
2874
251752
1388
5032
6304
778
3748
5112
7670
7552
2152
11662
4052
1536
1812
3874
4490
3498
3778
4400
2222
3746
5584
2558
5456
718
7986
5882
1906
3538
6796
1367478
126862
5322
1326
4260
8126
946
3258
1974
5558
624
5586
3198
6864
582
5748
974
222700
8134
1146
3272
1540
16950
2784
10452
6978
3254
274
7948
8492
3862
72210
278
5430
5270
4812
8204
4608
3988
2976
1478
6094
9562
3850
5740
2352
2306
1216
3938
1234
3908
1356
6552
38724
7236
530
4140
2724
4708
3072
2582
3054
5462
5028
315512
634
81610
2198
8134
1696
884
2780
1308
376
3132
1120
972
3568
3086
3980
7012
4152
4698
6984
3856
3548
3480
356
710366
2830
164642
4954
2948
3756
1292
390
3238
1604
2760
3840
5556
962
1994
4160
628
836
18902
758
5832
1364
3830
5586
3770
396792
6980
1508
1524
2722
1838
258
1768
4018
3444
3594
1088
372
6250
3572
3242
5638
1028
368
6500
302
1916
2166
5630
3754
2898
239626
1204
7188
3686
656
976
5196
2390
5572
226
502
4996
274
5060
9326
3468
296
482
3908
1294
9102
231182
3374
778
1526
2368
3640
6326
3258
3352
3274
2890
902
5570
7822
760
636
6938
2064
5072
4810
2190
374
246
2040
2828
296
2336
3832
9918
2948
841828
4208
360638
3492
890
254
7554
6074
1526
2958
234
5924
2974
7148
4942
5156
1600
4624
9766
3268
2880
3178
4302
1704
2606
4974
1992
754
2750
10022
629940
974
858
6162
1904
7570
278
2830
3120
1490
5340
342
640
1220
6328
2034
7074
2652
3540
290
8476
516
2902
4614
1532686
368
1722
1078
3154
3490
2632
3182
2934
1834
270
2510
3428
2222
5782
3464
8324
6392
478
350
6436
393358
6070
5494
654
1726
4750
2210
6770
1086
472
1496
892
2974
5888
7960
894
6326
238
5388
1396
2216
2380
2318
3834
6238
1508
2200
4182
3136
516
5476
1920
1170
2196
1444
3902
3876
5524
7636
5542
1272
10964
5644
1814
1372
478
858
4622
1882
2800
358772
1082
1548
4192
1166
7360
4458
8166
2908
952
3544
482
6190
2338
11976
4640
3812
1256
4524
379788
4186
264126
5374
4312
3612
2232
8978
1348
8352
5008
488
922
3274
1610
4250
2466
968
1474
7982
356
3522
7342
4560
8464
2750
358090
2124
746
9200
7546
11148
518
570
3820
5280
3936
3272
676
3754
3552
2796
4684
100888
4870
6286
2706
7022
2816
366
8470
73566
3922
2028
2688
1422
440756
270
5812
1356
4020
2318
2642
4434
940498
6764
3802
4834
6280
13806
3582
3832
839482
524
6072
10966
2476
1230
722
3378
222706
3890
4856
6168
2516
4378
3904
876
4340
3972
874
4040
3244
1072
4052
2488
1822
6368
12662
2868
1604
5134
4146
2148
4896
2034
4282
5372
1686
474
10378
2370
6520
3750
862
7848
2634
732462
2156
1616
372
1310
6134
5388
1830
9546
2930
1140
6166
968
76992
1334
1102
1348
6246
4454
250
2972
667720
474
8638
1018
826
2952
490
644
4206
3076
292
3326
206294
5100
494
7248
3540
6148
3702
716
10758
622
5202
1614
1766
5828
3242
972
3214
2630
6390
5762
518
3332
924
3724
7348
2396
4208
206262
494
2470
1810
3982
8042
1898
5602
2280
6942
6262
9228
12140
3606
230
1780
1098
5334
646
2682
1888
2646
494
2614
1140
4930
1335010
2860
3794
1432
1714
3430
5116
362
2958
3610
2816
1052
1328
2862
5648
720
2234
3524
250
864
8664
2968
6252
832
3420
1786
2086
842
3686
3390
1518
4268
1274
378
59414
2374
860
1268
3470
5312
5314
214
2264
844
2116
6468
8214
2274
5814
2004
2256
1402
28464
3782
3688
1206530
1752
3936
382
6056
762072
2218
6030
6244
4072
506
2300
2638
342
2850
1133894
762
3554
4262
2692
2530
1226
448
4594
668
2700
2576
1642
56282
2374
3346
1988
3742
1414044
1710
496
4004
1664
1808
3106
2210
4018
4960
2802
3626
552
3750
7612
2702
4028
117448
1230
3366
2896
2006
3926
1372
5878
2362
1236
842
3250
73452
2906
3822
3562
3598
80710
2928
2386
1150
6740
1418
3482
2388
2998
370
3092
5268
5226
217878
788
372
5064
506
952
1736
276
2234
2646
6372
350390
3778
6080
8054
6046
1102
6158
1424
462
28684
3004
5618
2364
246
4624
3960
2644
1248
6074
303744
4588
7908
2394
245686
3700
3900
502
2306
2720
2880
1502
7950
1506
350
322110
12682
964
552
9784
5502
3260
1316
4438
5004
6564
1566
506
16958
480
114494
1400
362
2542
3338
5170
3094
1572
3502
1166
3734
2694
4878
824
4598
764
6636
3994
528
4012
2384
448
3382
946
4934
250
1560
1926
9114
1500
4312
232
758
1938
466
459240
6242
2442
528
1342
1870
502
2952
221156
2978
836
7780
860
4360
4034
646
7892
8222
6612
6246
4680
2374
2580
3902
13208
13544
3812
21810
1966
151964
3292
374
2872
5192
1692
1538
6380
946
1886
6602
2152
3058
2268
5380
1362
2208
109604
440
1496
852
222378
1900
2294
360
3142
4234
330
3980
79866
3554
1778
1080
3046
2062
7886
6270
1350
2448
6142
2492
2500
6044
1932094
762
3924
1438
4464
232
580240
2612
3280
5486
508
4788
3664
4284
1426
2164
2258
727288
4666
3408
5606
4368
2668
10404
2144
4028
578
4156
6464
2290
420
5874
1778
5316
2658
370
5264
1746
3244
1656
3382
2624
1552
1082
278
2134
3366
3532
2968
4768
2086
8022
816
3130
1132
4328
260
1774
5124
707902
2494
5350
1804
804440
7482
6798
4340
378
3860
4882
2934
4952
236
302046
4580
828
3562
761098
3308
8254
2570
111146
516
488
776
120530
6520
750
2484
14672
5438
1520
10588
319948
7166
32888
658170
2260
4218
44566
4526
4260
2288
966
3200
2374
492
3244
1728
4178
20728
498
3382
1788
2710
2260
3102
232
110028
1298
3232
3398
6370
2702
11172
934
1862
2396
4420
576
4826
4498
4320
5322
5036
218584
6310
2602
2860
14834
3418
3454
9536
237990
4692
1214
5082
4926
362
2688
1082
5434
3322
2472
3128
343770
6808
3946
2152
2568
4244
14122
2384
462
5278
4938
3706
434392
2628
6796
5112
3618
3638
1970
2028
2926
976
2912
584
5964
6454
972
2124
1544
4670
2296
4846
29356
2626
3694
5732
2676
29792
4324
5672
4360
4398
508
2772
199140
3586
1206850
2666
1476
3038
484
594
6602
5688
6088
6430
3832
1040
1212
1630
3734
256
9576
5082
358
9836
2080
3402
4888
1846
6006
1944
2678
242
654
288350
594
5798
360
1310
5402
2746
426
7092
4604
5098
1882
6990
1654
5184
1112
2766
6540
5390
176106
1030
3816
6078
4862
1652
5072
4222
4218
1026
3304
3998
5366
7308
6106
4804
10918
2816
1634
268
7654
4648
2506
3764
5442
720
4106
368
2296
3094
4430
3570
4252
4858
4086
8304
1306
3634
135486
5700
6132
48360
2006
2030
3810
1894
4126
1372
5568
1114
2500
4682
3702
7212
3206
3110
2204
5742
2558
5422
2872
1572
2636
2316
3742
4886
4760
2498
1566
4576
1190
5044
2042
3526
600
5646
6754
3974
1206
3030
74470
4228
4426
514
3438
1690
9310
4260
11848
3816
3098
4264
179112
480
1148
3924
286
3098
7898
230450
3664
4670
6596
7370
2826
7798
8798
390
2630
4412
3282
363648
8232
356
482
4082
2046
5232
756
2466
3858
1300
758244
1904
3228
608
3300
1130
9906
7224
1308
1332
3884
3654
4964
734
2070
2646
3952
2718
1356
2316
5396
5006
2656
1714
5914
5868
4230
7486
5216
77712
2894
7736
2948
1636
2874
4900
3090
3740
4280
1360
4542
7642
1570
399450
5558
2576
1804
624078
6422
1828
1874
4556
2458
276
5050
156284
370660
640418
9296
1450
2694
3444
3480
7392
6470
3710
361934
4238
3470
4998
4774
2222
5352
3040
6056
3232
1734
2930
1700
6330
1460
3078
7084
1840
5172
2882
3676
4258
1448
1936
3668
2910
199368
262320
4924
2950
353284
3246
5238
2568
190530
5418
440
5090
4982
4574
148348
2246
516
3086
5042
278
3074
238
1346
3646
540
7618
3704
3522
1632
2580
80214
6380
3348
3522
3232
3174
5318
2374
3078
2484
5454
1828
3514
1391786
5626
1914
2140
3508
3772
6602
4142
3508
774
4904
5300
2856
4492
986946
2108
4680
6060
3986
2662
2152
6272
6970
1926
8536
920
2742
256
4156
1562
1084
3212
4230
3778
158492
2792
4610
405108
13040
553662
5470
2782
1884
356
2820
5262
2214
310480
3728
6436
3346
1826
2188
4732
2206
4526
1964
4512
6748
2296
1592
1674
2600
5618
6862
532
258
2224
4810
1562
1828
2892
8242
2418
492
4650
3324
1728
2404
4236
334868
3044
3256
3964
6846
3428
1854
2702
2638
6036
2678
4342
2988
4356
1116
5096
4434
4212
397176
426
2574
3410
318
512
4168
878
3090
2836
3748
1036
6790
1548
5702
486
4780
2160
5402
1218
384
3502
2268
4712
4190
3618
7358
2926
5580
2470
4348
596
7890
3880
1536
3162
5770
5612
2094
2008
4510
2168
4668
3562
3880
4854
3712
620236
6558
2954
2912
354
3222
6706
7698
6142
1364
7356
6020
4210
2276
2802
308
3558
4176
2882
2116
1888
922
1486
4648
7390
2954
1020
1168
3058
2778
2416
1564
842
2948
3246
2628
4394
4448
239676
2262
2904
1506
1736
2946
3016
3084
4376
425232
75902
6534
4754
3510
4986
4636
616
222672
128786
3594
2932
8114
3890
2000
2474
3596
6284
4360
4252
2816
3630
6450
5604
5432
3510
6988
4396
1946
6946
8070
4584
6570
13122
1380
2802
5200
3044
3152
7134
1988
83956
2858
1538
6016
658
1706
1936
2882
482
3100
7298
1710
5152
3566
3420
1820
2646
1326
1568
2372
3236
5994
1576
3588
5368
362
4560
970
2892
4780
3718
3582
3156
2800
2842
372
1818
1570
177478
2116
9810
1454
8040
2052
4998
1372
110390
8178
698
4150
1495012
4744
4410
1222
108974
1406
110300
1720
3516
5592
3964
4644
2502
3772
2728
988
4272
2882
4176
4190
960
412828
3298
464
7746
1356
4374
5104
2446
2312
54900
3546
4408
492
576206
1802
3288
9578
3544
1634
492
2596
852536
147324
1638
1116
4694
4762
6344
6698
618
152908
1930
2176
2826
598
748
3416
3426
2722
4016
3996
5394
19542
4804
3228
4654
3904
3356
236978
2464
35954
3554
3002
2452
7082
7388
7894
372
3220
4442
5338
4876
1326
1272
2914
3836
3340
610
1164
252
2676
2372
6220
3882
3108
1596
2148
3942
3844
6464
1107728
2808
3428
2060
3196
6184
378
3636
1800
4910
3584
954
2228
2998
2680
1604
3742
3768
2030
5408
3064
5524
262
1528
3884
254
476
5030
86438
420346
2688
3194
3846
1736
4330
132782
4672
1710
2222
1740
2410
1754
4754
2138
2984
3414
4088
207096
2664
6308
5096
738
300620
3516
4022
260808
3500
1856
6686
222
2060
890
2772
3848
6882
768
3074
6048
4238
1016
5876
15056
2012
1644
9010
325884
3606
466
2554
3680
4848
4422
1046
1346
3464
5002
2570
2376
1782
3312
6836
1744
2590
4850
810
89092
2168
4484
2078
422
4400
8318
1892
1678
80966
2834
4202
89756
978250
2102
6124
5560
5278
6710
4634
1166
5290
1354
3408
1672
3238
648
3712
3246
246
2050
1672
3212
2192
3204
1788
3282
1552
242
4480
3142
376380
868
4204
2442
2604
1874
2494
2052
6764
2114
2018
2316
5170
502
2054
1666
968
3140
2856
4024
3078
4088
860
4628
5562
1332
3348
5834
1086
1904
2090
1214
209412
4320
10276
3382
2932
7984
2010
2860
3860
1510
850320
2446
3528
449912
607094
307844
4786
3328
6836
1926
3118
1310
3024
468
5792
1550
3298
3198
734
6250
3664
2386
502
4050
3816
3420
3104
2020
2190
26864
5090
2632
5036
610
1386
6318
6688
856734
2324
3628
1662
386
9716
4764
4890
1964
2052
3414
2670
1882
1084
4974
1860
6612
5236
1552
1136
6572
4136
1804
3840
2346
367298
4604
4202
5928
1106
1550
4464
3378
1000
1416
7254
2786
2578
2274
4790
2428
3284
722
2556
2132
3858
2192
1313882
2906
2606
650
5052
3756
582
2378
4920
4882
5214
722
7000
2216
4750
3510
4050
7248
3134
2844
966
4864
3446
5078
4930
3738
127196
3776
4370
6330
588
266
333558
6304
4096
8408
5244
4608
1308
4760
1900
4710
185800
8828
316
3522
4598
2250
6024
2030
3216
334486
1772
213414
270
5122
5816
5576
5712
2610
1896
2010
447082
6160
1516
1202
3138
3786
1874
1322774
302
8412
4384
864
3620
4292
401214
786
2894
1054
11088
292
2802
3530
6456
2624
6026
4146
3566
606
842
280
1624
5666
4254
3100
7162
2048
4866
4976
4546
5438
6614
6182
3614
2416
230028
4216
4774
3154
4322
4952
4214
6396
1542
4962
376
1234
6898
1196
238
2368
7562
2786
5672
3778
2948
2114
1538
1884
2982
5688
2132
2952
720
4590
6196
2974
78030
2246
2410
1796
3416
246
5978
3280
4056
7658
10196
7224
1266556
5226
1992
4764
7058
1312
5538
586670
3746
1238
1390
496
2516
7570
1868
2414
652
5460
2000
1612
4062
3280
340
11516
3126
558
3690
3852
2664
4008
6044
11652
1086
2484
3806
9892
6386
3502
7300
5248
4938
1106
2366
4272
72474
11534
3184
474
762
7526
1720
4004
5696
14406
430
7742
1078
1212
4134
1452
3930
962
1838
2350
3438
8994
5296
7568
3738
9168
4726
2582
6648
4510
6174
7902
1770
482
7032
3638
7550
2288
630
1140
192364
792
5232
5058
3992
5204
4014
1810
2362
836
3160
2994
12448
632
591134
2910
6896
2862
382
3590
806
552
4524
2726
5106
3950
3806
1604
3790
3240
5532
1780
329606
240690
279852
3898
5090
5820
3574
1246
2230
1916
910334
1700
2934
127524
2434
4400
6644
5218
9724
3346
3180
2878
4238
7100
824
6764
5138
2178
384
3590
2758
4824
2048
5670
842
6584
6804
2778
4262
506
3798
3962
2114
5264
5398
6758
967826
3184
228
2344
8644
2898
624
2920
1350
738
248
5538
1002
5508
1358
2284
356
679698
5174
2864
3860
4256
14382
6562
4044
5006
1306
3536
4758
4926
4758
5018
8258
2480
1622
1096776
3654
9610
4938
1902
3844
3234
4680
4392
1992
1442
3620
3672
2536
1938
4122
2696
3472
1010
1378
1450
6022
2230
362
4580
3870
118046
4076
5094
1012
838
1644
1750
988700
6592
3218
2050
7644
3532
6550
4936
2092
2412
1322
1538
576
2700
4850
3288
242
3684
144646
2714
5756
4746
14458
3968
3996
6126
3316
3272
2560
4326
4034
354
3484
930
3130
4736
1306
3300
9006
5206
1428
6156
2988
6942
860
4854
6616
660
1602
6100
2870
8390
2952
344
2078
252
2974
3670
160856
1060
2890
2240
8794
3976
180166
2728
4232
2700
2842
310006
98724
7182
2066
3814
3732
4044
4258
2432
1210
7520
606454
4668
5908
6488
1334
551590
1656
5062
5198
2664
8222
4778
2276
1358354
1690
5316
1554
1350
4896
4928
842
838
2972
1994
1558
3090
2262
4772
2984
6364
2120
826
738
1872
346632
5586
2060
3566
290
868
868
494
4442
6708
551416
2680
5500
2950
8380
972
244
3142
1908
2684
718
4680
5206
720
3464
1286
4408
3012
2744
3088
4612
4092
256
8268
4236
3666
1528
612
374636
2506
5794
1990
1472
908
3258
5898
2132
180806
2618
636
236
5004
516266
2270
1862
1206
2542
440
4686
4732
3152
4696
528
2838
2472
5620
3254
2016
718
6584
2886
2998
2318
2600
597722
5488
4676
2910
2298
2766
3178
4566
641988
2690
2678
1838
5334
701880
806
4180
2342
183068
5980
3658
1348
1824
5012
1098
3584
2742
6232
4232
1792
6304
3026
2674
2920
3354
618
80244
1112
2216
256754
3042
3784
3510
1730
2988
828
3390
1240
2942
4518
2600
478
6080
500
1680
3334
3522
2770
2486
4294
1186
1718
1604
4798
3372
834
3888
393158
1356
3590
3464
4952
4918
3980
4572
3358
3960
450
3738
4648
5314
4090
1414
4268
2152
252
6190
3818
173074
3300
3380
7380
4524
4428
5760
704142
3652
6952
2894
9496
2956
1166
2030
660740
260
5276
9030
2828
4958
2022
529802
3744
1692
2550
1121010
3676
3484
2312
6960
1906
5370
5842
2160
674
1880
4636
844
4034
586
3536
2822
2226
3054
234
2584
2518
5400
3700
3100
4676
6138
3336
4460
3186
494
1138
5564
2158
3220
3282
238
4460
7574
114486
2772
4512
372
5384
2008
1644
632
3170
5118
5672
1760
6078
9704
3638
4890
4750
4270
3444
240
3762
3150
4012
2310
3096
1248
3510
3494
1816
3146
4970
4464
1364
5432
3322
6052
3128
4492
5956
1562
8628
3072
3100
3650
3064
923542
2532
1592
3208
4616
4458
585006
2998
1332
5146
6110
7732
5030
2314
7006
2898
2312
2622
4330
2578
5154
2154
3016
2934
506
1716
4574
4256
1924
2058
6440
9748
1942
7672
4358
1238
5416
5526
1372
1704
2156
8024
2232
495124
2060
4130
6866
6942
4482
240304
2140
4928
5426
1152
1164
4358
3384
3980
1606
2268
3266
2664
1658
111092
2104
5138
3648
2308
4954
7582
2408
1588
114768
4508
1810
542
2148
3252
4848
242368
5696
6286
2896
6974
6786
3908
3024
3340
9154
2052
3796
2680
2702
2084
5144
2840
7578
3290
1850
1432
4786
894
292076
1402
5128
3116
2062
2386
2916
1378
3504
8714
4994
3064
5386
4718
3750
514
256
1792
2334
7904
5658
6238
1970
236
5328
3132
266942
2486
248848
7114
3952
3914
4034
4320
2406
5118
1342
3992
534
2462
3096
5406
2026
502
145144
5356
1172
3766
5268
4130
4174
280
1482
5320
2558
1326
2506
5258
3400
1514
2826
1034
6612
2622
2454
13582
373574
2902
854
1268
2102
9576
2008
3426
102372
5436
5010
884
2498
309740
4238
2908
3216
1928
3450
2412
2122
3202
9532
7170
2422
4800
4286
581080
11546
324
1024
1650
4322
5228
3732
5424
1980
4350
1540
2096
5244
12592
2998
2266
2312
2060
1878
1818
4704
6998
354
3974
2482
183386
3692
376
5304
5552
346
8328
8250
2960
6758
1544
2852
624
5818
3704
496
4416
2058
1914
5462
2222
3024
4496
2720
4414
1770
2712
516628
4994
5148
4146
2646
6298
7284
2842
4058
5070
2418
5424
9304
2900
2178
656818
3716
2952
3648
11726
5810
1798
3794
9256
4624
462
3214
3948
4384
2088
4056
7522
2112
2990
407300
8110
616
4504
3724
290248
8680
6658
720000
4368
3634
2988
7422
970
2678
2632
2274
1454424
486
4808
3024
4014
332
712
1442
3848
5152
3756
22154
1898
3198
5172
233662
2268
386
5092
3784
3438
4880
1628
3202
6644
3512
1656
5064
2840
5862
3486
836
1042
4814
7332
798
3582
5072
4974
1236
4208
4076
676
3470
4930
2270
7450
3586
2924
1462
236
2704
7056
2674
3168
3074
3660
3800
630
4226
5094
2782
962
13452
268
5542
4638
4098
7766
2036
656
660
5810
5302
1674
468
5990
4108
2928
3128
6964
4618
4540
388
2764
2348
4866
634
466
3812
1922
6956
4626
3700
4188
3828
2086
4692
2954
626276
3120
2422
3082
3106
6572
5574
1840
816
3014
6526
1780
3594
1842
860440
4294
7796
26190
3312
4734
1556
4966
186952
885942
4594
4600
764
518
626
353740
1238
4018
722
4002
1442
5340
494454
2884
1776
866
3178
4208
6860
1608
3778
236828
5262
155202
2900
4604
4356
1970
2016
3660
4448
382
3154
1326
2616
1192
4428
567736
221508
5424
388
173136
896
4030
7624
2010
5742
2018
3876
3558
5044
3690
2636
500
2956
4310
438
2350
1338
8894
2982
1392
9318
4668
7004
3978
920
5550
534
550
4280
1070
3380
2850
1066
1452
626
3256
850
767082
4854
3248
1204
1852
3512
3928
856
1256882
2520
79110
6670
630
2496
1582
5134
888
424
744
6048
3668
2216
2264
8030
6546
9200
2488
2168
1094
1760
4990
531518
2656
3592
860
554910
1368
5518
2558
63372
3118
3558
2906
454
508
3326
5542
1082
4178
1306
460
1192
5670
576
5986
2376
6366
3270
340
4200
3144
5724
3522
4830
3864
860
7104
11166
4986
616198
4394
753456
3276
4666
4658
6932
3232
5666
1014
5900
90228
2618
834
2612
194068
1338
490352
2978
3298
6046
3850
3226
7618
5306
2620
383954
260
217822
2668
815814
4792
2092
2004
13022
1658
4434
2652
3090
4452
2368
5628
4118
1914
129190
356
6114
2074
2782
2814
4044
4548
7332
6692
510
4168
1764
1674
2966
5838
2414
3488
3104
4004
3248
6964
1426
5664
9836
6198
2672
7362
1014
5264
3558
3030
6836
3820
5302
9326
3666
6490
359348
1206
384932
2934
4192
3264
3748
1028
528
3386
4930
5188
2064
2908
4490
2066
4284
8492
5390
3436
6562
3152
6148
6468
103728
4506
1666
4008
4716
7170
880
3760
970
9370
769730
1208
747716
4456
3528
236
1330
2922
3306
4018
2014
2724
3018
272
1348
3732
19428
5420
4402
3356
3076
7160
2700
6102
4280
3056
6254
5278
3500
2346
4060
5406
5722
9354
2962
2730
6868
3972
3448
6428
2042
5816
2900
3178
3454
7068
6174
5670
2278
5138
7952
3194
244
3230
4696
3218
2880
946
4070
870
1104
1014
824
2658
2018
3044
830
2538
6064
3700
7576
254
2566
5884
1308
1806
3254
278
4928
2628
3420
2706
476
1966
4722
137160
4866
3220
90138
3018
9340
1270894
5028
5040
502840
707012
804
3558
288
4886
2852
3148
2368
3646
1744
3760
6374
2346
2594
3082
510
2016
4154
2640
864
1478
3574
2222
1858
3174
2884
2232
344
2432
2092
269314
2374
3352
4180
2522
2934
6116
387516
4636
6342
4254
3162
4080
3326
354
3336
1608
960
5406
6060
5224
2018
5060
1906
3542
2502
2136
5702
2900
2988
9324
1234
4784
7814
272
186806
5356
4660
5926
3042
3578
5686
2180
684
4868
500
2926
2750
2558
854226
1968
6408
264
4984
14046
2816
3362
2554
4174
3188
2074
10554
2972
1576
5508
359736
100220
2670
4382
3384
3854
1960
2128
6358
3030
3314
3422
4896
2464
3886
3258
2782
3526
2056
4778
3162
2402
3976
242
5072
4050
487950
4230
1970
2888
3900
2522
143910
5000
4970
4582
2386
1182288
6032
1392
2300
532
4832
664
3136
1730
4332
4940
2708
92474
4040
3874
3658
2832
2870
1632
482256
618
1186
4548
2276
1403212
4278
2706
1922
2984
3146
1802
896
4070
2220
655788
6792
2810
1642
5594
4108
1568
2456
4242
4386
2506
41368
3688
3948
5048
1230
4304
1012
3168
3726
5874
462
2978
388
5174
3342
1478
358
3900
2340
4812
2608
4176
535134
3668
3160
4058
3936
5058
2086
7118
4090
128740
2308
596
519534
4028
489950
4628
1974
548
3510
2694
1312
6226
4170
3704
4008
3002
278
3162
4616
6162
3100
2992
2872
1232
2880
3012
3300
1016
6024
5448
2706
2780
3202
2996
2908
380042
6170
1976
276
3152
4590
26290
2794
2846
5696
4728
12634
3022
4264
468
4458
5624
2788
4266
4308
5164
898648
4780
5302
4432
304
1070
3458
678
2178
874
4046
4658
2642
5538
970
6040
3690
2872
2290
2264
1610
2870
6244
4262
3326
3076
8368
5484
2958
2450
2624
3996
3250
4138
1944
4664
4678
3218
1276
1632
1714
3824
4896
2000
5180
2646
78082
1310
2926
7910
622
536
1584
535140
5060
1064
7374
3288
1752
1992
1338
5662
2860
3112
6032
5984
2606
5708
5794
3782
6430
2968
4968
4000
4702
1374
3068
2522
6258
2008
4406
5958
2656
246
3898
2434
4768
5452
2260
2420
1224
1442
3544
2150
5198
774946
160384
244
6702
4232
3606
4354
1812
250
4038
632
3530
5406
4720
2902
2050
4566
4220
3410
4424
59156
2054
4658
6430
7702
10830
4332
2566
362
956
20280
8700
7070
284
3556
1714
7654
2110
1692
5764
1040
4900
3026
4452
3386
578
5662
3352
3342
5734
3188
5030
948
2684
5250
274
242
6008
306754
3572
3650
2282
11278
3948
4128
5270
234
4182
2676
5876
5120
2704
4956
3398
7066
2134
946
1040
2530
4090
2414
88824
1624
5196
4804
8848
520
2406
276
289102
874352
7280
600
2954
4738
10066
3082
834
179856
1930
4680
4616
5060
472
1214
643994
184532
4458
8346
5646
9968
6104
1530
230
734
345140
4652
6860
2194
7340
5470
2988
3770
5922
380634
5598
6036
7556
4866
5602
1466
4646
5432
140274
3034
3024
4844
2880
3262
1746
3338
8088
4580
2570
8276
1374
6162
1522
5550
13472
4104
7508
7446
350
6408
1730
246
2714
4406
2186
11582
796
12574
232
13298
3188
2280
1028
5748
7208
2876
1402
1912
340
3082
1140
384
1616
3058
718
3266
2820
8614
28824
1520
1346
382696
6634
1042
3648
1350
11282
2944
2470
2862
2376
2854
824
376
5772
248
3412
2514
4008
2948
4430
4294
2570
1172
1168
2746
6474
2006
2410
6656
6840
3088
1500
1966
1638
1334
232
486
23260
1578
3180
1984
3564
3744
1426
2806
3624
1122
788
352
5676
454
2646
9724
2574
1958
352
374
2670
2686
3834
1902
50794
2522
3200
1094
167494
1922
2312
4942
360
1486
5042
1572
5824
720
2742
1842
446
1930
2142
236
5976
1188
2520
8222
3200
1318
1794
1764
449244
426
4098
2040
2306
2756
6466
3680
471592
334
2898
1084
7824
2460
2304
476
4122
1928
3064
606
2238
1998
3364
1604
3178
3060
2292
484
6382
6032
3752
5142
5996
2256
1600
2092
2742
4918
334
5320
1264
1198
1214342
460
1864
3386
744994
5420
4690
920
613088
1914
7916
4014
568010
2666
2232
3238
3264
7330
7882
3246
1008
63128
726
4296
944
2236
960
1424
4040
1310
2086
460
3654
2012
796
242
1564
4764
972
1310
1528
2576
678
4362
2502
100372
1242
5108
838
1768
2116
750
2800
5010
1402
5072
3420
6522
3234
3216
1016
2052
1604
5704
334440
5658
124098
1184
5396
1882
902
3608
2400
4156
41430
3182
718
5426
2256
2376
3828
1098
1292
2936
530756
388
15782
1144
4462
7346
1516
72414
2308
7342
902
360
9778
810
3076
4104
3280
209212
744532
658
7182
346
177898
1478
2992
470
3056
648
478
244
4670
1984
1216
1166
2414
4734
1966
6836
2980
1682
290864
2660
87298
2506
2132
504002
52958
149958
6092
216334
2288
1994
234
2332
2926
1370
2396
3524
6086
3198
1010
1858
2978
456
1870
5350
2052
16136
2016
9526
3222
376880
4614
1724
2418
1728
61318
3038
3438
2702
3656
4014
1396
1648
135510
3198
2446
3240
4796
2138
3956
1408
2372
3032
1630
2174
234
4364
6438
2368
676
4396
576
1676
3438
620
2680
3840
2352
1756
1382
13154
2436
14664
260
54138
3962
4240
1584
2356
278154
1144
232
380
490
5538
1948
2398
242
783844
2602
1960
1316
6416
3838
540
1370
3070
720
1964
2034
4992
2642
1584
4168
474
1638
952
4374
4012
1722
886
2008
2104
155412
2706
5494
1018
5668
2336
2172
1942
4392
604
11900
2370
1096
1478
7042
3870
4972
2910
2260
720
1720
250
8652
3816
4362
3950
3130
786
6388
4162
454
1992
1280
1942
1420
4758
1562
7754
5212
1756
4426
2632
3870
1982
4448
315762
7586
2024
3132
7808
755520
6742
370
1398
248
1846
3314
344
354
4660
471838
2866
12406
1266
1950
676
2316
498
4612
248
1690
2278
2678
1416
4062
5062
5462
1438
240
2894
8860
1210
2390
820
1296
2962
2760
3632
720
4236
2682
2658
892
3104
2138
3788
582
2450
1028
1028
10320
12552
298
4694
338
1236
484
4600
2534
1120
860
5930
2406
814
1746
6644
518
3834
10084
3434
252
283796
2652
1180
6606
9138
2122
5742
3948
2508
1098
1174
4368
3378
8038
1308
4548
710
2716
2146
248
1508
476
2332
2984
4040
2438
1864
574
482
1186
3206
4768
2276
346
4388
6814
1940
8436
2880
3844
1654
2106
1724
2020
3664
27206
5714
1096
2876
3510
1750
539134
954
1230
1894
846
311658
2696
1898
928
3132
4086
3294
940
576
4236
2016
952
2632
2378
366
8328
2344
1042
358802
3952
3266
2748
289902
748
79574
10152
1404
703070
1642
716
4516
918
7142
3748
2030
1922
242
280
7200
548
3156
680
2312
7624
1620
2088
384
4938
1830
1974
1982
3978
7672
1708
2032
3100
4296
1746
2118
4124
2978
2416
2078
2274
5558
582
4516
988188
724
1338
472
124602
1660
3888
246
1314
4032
5532
1932
864
1950
1052
11202
11912
2588
576
2028
11150
5748
4644
6202
1602
3696
5702
4226
936
365896
1522
6554
4186
1688
1670
3406
2832
4288
250
4234
2838
2016
2836
3010
1014
426806
356
4266
1428
1352
2326
4848
3850
309460
1608
5686
4096
352
235896
3520
2010
2412
1762
1714
950
4916
2984
3590
2874
7848
1896
3024
2436
4600
226
2304
3756
1784
294338
598
4468
4390
1346
5286
228
1070
1940
2742
278
2266
1992
1250
1594
1114
5248
2778
5174
946390
3680
7664
598
106536
2502
1360
1180
1232
264
41924
5562
5182
4086
2072
238
662
7808
732
1747252
848
2120
5398
3032
656
850
5106
3552
2156
1308
1518
3916
656
972
588
234
1766
5838
766
3234
7762
2022
1438
370
1046
1714
756
232
1060
1000
2018
386
2890
4916
4790
1520
5424
7574
8108
5290
1072
2466
11196
5678
8980
1392
360
6074
687480
228
1406
4974
1774
9482
598
538
418090
472
14136
3004
3368
3004
659194
12190
3200
2890
4258
2472
5332
1604
2580
2350
896670
1810
1898
972
2064
4422
11204
5716
4784
678
984
2580
808
4102
730
3850
3824
5432
1538
3396
10474
6946
4072
728
4840
322828
2874
27172
4706
67918
716
3406
2502
1304
596
3806
11246
2054
4118
5082
3790
442428
1040
802
1772
1366
18380
4298
2638
1104
3472
356
4216
1674
3248
2742
1134
2232
1022
2786
274
714
3958
2390
5770
1370
1056
586
226
2188
472
2718
3102
6188
2474
256
378
3190
2868
1374
490
8064
2464
1202
1682
3780
12854
1870
1814
2830
2546
694390
3268
468
3622
800
1189010
1878
3142
2794
1166
4672
9488
1662
5728
4476
1141548
1952
5472
65940
546
225548
1442
2250
326
256
500940
1930
5098
2460
11256
626
1586200
1104
4950
5432
87956
232
3412
6364
1266
1488
11848
2000
854
2700
1389660
4278
1196
2428
4024
2488
246
4210
7996
4476
2452
1228
248
2572
4882
5528
1290
199992
1952
1066
2382
2264
230278
374
5798
1684
242
3502
2360
558
1146
714
6296
4608
1566
467162
6580
5308
4006
1188
4974
764
11712
3162
5986
2446
9852
2250
4422
2084
2400
4438
10692
3054
1680
968
1682
3538
664
1694
2190
830340
1720
3846
2760
3326
72580
6384
5208
3588
6992
3222
2492
4678
3200
308
5462
1820
2142
19788
6204
2858
1325396
8686
3338
3968
481124
4656
690
4292
250
3216
608
763426
3176
994
4166
2414
8908
1786
2388
9232
7422
2774
3780
6050
2800
1696
3436
7164
3622
2666
2234
1068
1956
3796
10878
340
1278
786
2864
551856
9594
3918
1992
2838
3410
722
2780
346
6260
4516
3844
100610
360
9906
2734
1782
31098
6702
14678
8714
3484
4652
3672
2696
3102
5280
329124
3282
3344
244
2624
3694
2182
2932
7802
3206
5712
2802
4292
4780
1106
1958
4570
4100
232
7326
2862
3366
722
2544
4000
4684
720
2360
2620
1306
9746
4990
602
5388
2808
4750
5472
254
2186
4156
2166
135992
8664
1992
1152
2302
140504
374
4010
260
6704
1304
7648
4176
2126
2856
9492
2544
5700
904
9580
3850
5556
3052
6282
2056
6984
4052
3544
622
2454
3304
2778
1946
1676
352
5266
4244
231784
2486
2930
3920
4742
4554
449342
754
4504
1606
1780
2298
3102
1172
546
2444
4892
4096
252
3064
892
5932
4482
1058
2838
3514
964
7332
914
242450
5422
3302
3072
3072
4338
1029928
2888
468
4268
2144476
3444
2120
3178
5028
3430
2200
950
3448
6056
6868
2666
3910
2640
6466
2058
1512
1350
3208
1600
4854
596
4110
1388
1220
3188
5766
358
4970
2930
592
3150
3154
58358
1362
2578
4358
270
3524
2472
341218
3870
1580
1422
6934
754
84908
3694
131406
3614
4012
3662
526
4124
3068
5250
7996
3942
3324
7482
1532
5358
525504
1218
4406
1944
3786
8600
8694
6342
4138
3306
518
2542
10152
3946
2072
253386
2654
8132
3432
2180
4528
3442
3740
4280
3518
2478
738
4058
1764
4036
2240
1744
3048
7144
48394
9688
3772
2162
3304
1330
2848
2382
5620
714724
4608
5074
1378
2756
566464
3298
6850
2012
4062
3202
234
1922
4722
3906
7058
5374
866
2844
776
5674
4000
2128
5450
3128
2772
1470
250
3116
5100
4368
3792
2858
1986
2508
2110
2812
2908
5858
2076
2944
852
1192
207472
1458
4512
586
2080
244936
4392
2544
6066
399800
5378
6124
4986
3768
3572
2444
1938
1868
6368
3858
39056
3866
99602
3956
5038
3902
1612
860
2884
2424
6780
2532
2508
4076
654268
5210
2426
3654
3202
1244
2258
3498
3888
3440
4018
2440
1792
558190
2844
958
2726
4028
3080
198762
3116
3264
7588
1620
5416
676
2344
6710
1708
4652
3334
7122
5010
4952
482
708024
3800
4390
3978
2686
2428
1174
3042
252
4192
474
3866
460
2052
228
298976
2256
3974
1306
2720
5170
3872
5778
2594
1422
4256
7386
3752
6872
9526
1852
362
4226
3490
4836
2886
155648
4710
4572
2052
2416
2902
38948
6526
4490
4152
4126
2776
1276
2346
416294
2834
794
5658
6878
4130
6732
378
302198
506
3072
710068
6460
108830
4248
356
2790
5028
3824
5224
1360
315440
1374
1308
1854
244
2690
574
734
5366
274
3404
9762
5706
2636
3708
1032
4726
433192
488644
8984
4368
4390
1452
1332360
5382
837572
5152
5998
777600
2606
705782
163770
3338
1960
4710
380
1742
2628
1916
1308
4042
366
8772
2880
2734
432
5380
4770
124080
3452
1126
892252
4918
1220
4204
2460
10704
2514
278
2426
1004
4498
10288
246
5600
766
3764
4798
3572
960
3316
2882
12058
7390
7642
3282
6402
4106
5862
952
4438
1386
4282
5754
9618
1728
252
1420
4820
480
5738
7338
3542
4350
378
3366
3316
5052
5050
3564
379908
1472
2698
50946
3782
722
2982
1988
598
2330
2814
1854
864
1342
4052
4150
8522
5950
3344
3322
3466
9480
3066
2206
3360
3314
2532
354
726
2610
2002
1078
4128
4090
2030
2206
8692
7772
2334
6158
6178
1726
8196
14042
8176
1304
3536
1116
2448
606
4390
4536
7466
7014
5294
4806
1592
4700
6168
284
7474
6270
7380
242
368
4650
3926
3974
2114
3076
256
1028
718
8364
10076
3572
4938
1980
1622
323414
3942
235126
526316
7484
4088
7474
3502
17748
3916
5168
2266
3434
4498
1920
1316
4648
3618
2218
4098
2600
4792
2208
4146
2490
716832
1968
2338
8164
3068
407286
2118
4070
4956
273680
2522
612
500
3994
754
11168
4402
575862
2900
10126
3862
358506
3572
4262
3322
2830
4318
5296
836
3178
7102
880
480
1472
10324
6372
6282
3140
4714
10662
4050
3994
972
3774
5030
267408
6190
780
468
6240
2932
1638
516
4156
1782
1138
5846
4094
2226
814
4932
2920
3600
268
3762
1790
1496
5724
4598
6214
622
3164
724
3964
788
2542
6274
4332
60864
2446
3668
8112
3912
944
5520
4230
5494
7078
6008
6224
600
3902
614
3188
4208
5664
7168
5226
4844
4704
3350
4580
2452
926
3480
1526
2318
1708
712
2912
1076
1670
11938
4244
3476
919258
3606
177222
6060
870
5938
8864
738
4926
812
309286
5170
1832
2954
1636
3714
1306
831556
1691414
3636
6738
846
6910
3360
8234
2796
4704
4272
1750
1110
5418
2486
2334
4356
2472
1658
2608
4436
3432
338
484
4274
1470
242
466
6600
834
1764
584
2948
250
3674
1026
812
4314
8378
4836
6874
552
946
9102
816
460
5468
1104
7554
3816
3878
2880
2270
2590
5200
5580
3476
864
2976
4444
4768
3328
6056
3388
538
13922
4458
4192
5048
3714
77320
368
1982
8872
1620
4740
718
678
5096
2902
472
254
5182
5148
3652
1466
3298
3118
3676
2672
6144
5460
4618
252
472
2074
1998
9404
4328
4554
2716
1190
8514
2586
10694
3934
3110
1524
1882
7808
2778
8132
3270
942
3788
3396
1082580
1762
2818
5480
7642
1362
4258
2928
3762
10320
2442
240
3824
3192
3336
778
2164
4320
1898
1924
3106
9242
260
3640
2606
2174
3474
498
6996
838
2344
2524
1726
820
5324
785182
3006
342
349176
3798
1832
4000
4678
3354
1248
2422
1854
824
7234
1896
4402
878
6510
1788
704380
495150
255434
6070
508
3458
4612
674
606
6796
70240
3126
355616
3134
1294
6376
3786
1524
3138
3274
352
1788
6400
2842
3566
12036
294026
1214
4814
1610
1996
155944
3190
4032
7486
9534
4604
1248
3488
610
652
3996
3482
616
6440
962690
3952
2950
4154
6860
2108
2468
5828
4554
4194
6864
2132
3216
812
6324
7776
1262
4106
2036
4792
1178
2368
1122
5508
2198
3266
3850
4706
3158
167572
4328
4732
5310
3640
1936
243542
10188
3574
6096
950
5822
4482
7196
947266
5150
9966
1166
120054
1316
5024
4254
508
5502
4664
1864
2560
5844
11190
3544
10308
360
360
5188
8618
8228
6378
2744
3904
374396
6552
12418
2426
5510
1778
5484
3686
4928
136448
476422
470
654774
3492
1358
6390
3880
844
258
3808
2824
1704
4376
9820
5684
7660
4180
2092
5808
12142
5328
162278
2126
3856
8586
2394
4002
5348
2422
5918
3332
1758
6632
194048
1264
4566
3138
6606
1306
7896
2024
2566
6630
4834
4006
653268
1058
3006
3470
4014
648
4326
2120
290076
2728
532
9226
2132
508
7098
1880
222
338
3060
1934
360
2950
652
236
1342
1718
3590
366
972
6450
514
3392
3066
362
3098
5286
7498
1368
276
4306
4058
7222
138312
4008
9148
3408
8608
622
9204
4572
2398
466
3890
1692
378
725016
966
1460
6636
4230
20394
2974
6694
7770
626
496
3850
6368
1682
1580
3846
6490
128656
4982
3074
2904
9140
3616
1566
4310
1960
4642
4772
4124
354
1944
2376
602
434496
2118
347350
5638
5062
3626
5072
1992
4142
7192
3124
1348
469550
550
3136
6366
7766
3192
1590
442294
2332
4924
1706
1010
5542
6070
5568
2526
1712478
3826
2670
1006
7286
2398
1632
368
9354
22834
4122
220976
4356
1792
2372
7784
4258
3386
2980
4544
946
10454
1262
10046
6646
3536
2524
2840
437954
5960
3840
5368
1316
4750
7710
774
2092
4778
356
94668
292236
3056
5534
1838
5188
584
4466
4268
2484
1570
2100
2632
1684
4698
1986
3804
4082
4028
530
2672
11260
480688
538310
6704
2746
4520
1048
258
3448
2782
3392
84950
2392
3424
2010
7442
4134
16330
3630
3502
7340
4924
1696
5216
3260
526
4956
5252
1582
710
6996
5862
7658
4398
2786
33538
378
246
2986
5510
332166
866
714
2692
16602
240
3312
4542
8730
3602
5190
6150
3180
4800
5874
6312
389110
3848
716
21056
4670
4378
4020
4892
1846
2008
4886
915514
810
5564
6684
6298
4638
254
786188
1238
2866
826
423924
2782
4250
7134
3136
4422
6620
1338
4098
2570
2724
466
6526
10230
4360
1348
168730
3376
7164
3396
4666
2654
58968
5750
431944
3064
7684
482
368
1604
794
3888
674
2344
4344
522
2808
5524
2584
4874
7666
4860
2374
252
3880
2334
628
800886
6730
3414
5562
2654
3050
9476
4470
368174
950
5628
5148
5794
520
3400
4052
4696
211950
263374
1276
2540
819932
1076
832
2354
1680
4142
5604
484
6022
3446
3554
846
2742
2730
6224
1892
5346
2500
3360
3210
3512
2968
71050
6622
7614
3422
2324
2364
3446
7456
3592
2818
5816
820
1696
5090
7260
4000
366
2532
1072
5556
998
3554
3064
2258
3944
5722
1430
746
592
4864
4078
1566
2784
3172
266
2614
288
5528
1454
274
822
143410
500
6734
4420
3442
3710
1940
2694
656
2888
2240
2794
606238
2848
1750
3592
1224
4354
4980
6850
4658
3284
4384
252
5836
5676
3700
2826
2072
3716
736
4396
3318
3102
1394
2898
1138
260274
490
2028
1818
3740
1122
4782
1644
4844
1174
309050
4836
5616
1168
1698
1152
10674
5940
250
1934
3026
2692
4414
364
2336
256
2340
3438
374
4130
6542
3018
266
476
7330
3668
5822
4990
6818
504
5016
3772
520
2412
4452
4656
3418
6642
182446
2800
4292
2350
5714
4384
265328
5804
4862
790
1936
4280
4986
5670
3396
1122
3428
2122
2568
4230
6036
1182
1492
2786
2092
510
3024
4950
3614
9398
3458
2888
2594
3614
744
1180
4588
4240
230
2188
3266
4408
2268
3868
1150
2354
4212
654
2238
3338
6884
6432
2592
3962
8348
2038
4632
2608
4316
4032
1848
7930
4232
4020
4190
6674
2614
5648
98624
1804
8102
2618
6516
756
5508
4786
1456
5888
6372
4268
1520
638
230
1964
111024
4110
6040
4044
2360
380
478
2608
6710
612
2652
5596
2300
1738
1716
3216
1120
590
5180
8336
4774
5066
368
3404
171484
2886
4926
3456
5242
11312
5052
240280
2492
3250
4958
3158
3564
6562
6064
4138
2672
2472
3284
2810
9594
1312
4754
511432
746
4544
3218
3478
4886
338
4856
1670
4108
129926
828
3558
4128
2294
2094
2234
3178
169640
378
4098
2712
3238
1790
3842
9810
4720
5176
1920
4980
2294
2048
1382
6208
13070
3934
512
846
16874
750
6958
3866
2475068
3536
2972
470
2254
4274
3652
4126
480
654
1682
4152
2794
1774
9046
1104
9002
4338
9300
2716
4130
14508
2944
10916
173988
4176
934
6678
254
5900
1226
3298
3982
2438
13330
4384
5524
3252
7334
500
5672
2472
1310
3508
409950
2032
3780
722
888
1556
382
2882
4328
3444
3750
632
2310
271652
7914
300880
1440
3792
2302
5964
6226
2080
2580
372842
597408
5626
4612
4326
3180
7508
4794
4810
2670
4928
6548
2594
742
4396
3490
3816
3214
38544
376
3894
3852
5334
5760
4628
1926
3402
4440
2226
3166
3244
2914
3844
7346
606
1006
2008
4442
874
7830
5898
3354
1200
662
4826
320052
3778
3678
5632
4828
4762
4316
389490
2648278
3344
3310
3576
3200
1172
4136
10142
880082
8392
3744
5754
4496
2408
4680
468
6338
4546
3220
2332
4218
3436
8034
2520
616
2566
7598
1462
8514
2774
3734
4344
2974
383578
3024
6206
3538
8116
1622
1056
246
6416
4684
230
1864
2030
4050
4072
1716
4552
868
5084
634
3330
6248
6376
4162
4844
5088
3518
4248
4980
164890
2940
4450
3820
6070
3974
4132
8424
4054
6724
4712
7934
5240
2630
2092
1714
5084
4136
3234
676
7922
564
7052
5436
4658
2682
93982
6484
2210
5302
4398
4296
6878
3118
4182
4134
228664
602162
9472
5814
2830
2324
6958
2928
5062
2110
957284
13260
4800
468
830
4616
4008
2492
820
6146
1602
14522
5158
4286
23570
382
254
6966
990
826
920
1746
1250
1014
273598
524
62886
63946
454
614
508
472
982
361126
361638
1648
1540
27246
270
3594
633486
1144
111898
234
2524
481940
1165872
2019046
458
980
1600
622
462
620
1410
628274
1788
420370
462
1585128
984
216
98020
846
726
918
271034
944
372
306240
1590
844
364
958
542
264
2262
2764
74
866
1436
260
1210
242
234
1114
1004
844
364
3180
696
234
1604
1990910
254
926
2034
6412
1308
1882
236
1134122
466
370
608
74
117008
1111738
1134
1392
1310
490
372
864
494
232
712
1988
380
592
527966
248
238
2846
248
246
634
636186
2250
474
1240
115226
836
236
480
364
834
958
780
910442
18764
470
1506
818
374
998
362478
164044
252
702
1210
2878
2138
860
570
376
545188
1532
990
374834
480
648
762
236
784076
490
336264
74
482
1034
238
1064
1954
374
2048
944
578
326700
2058
1072
248
346
1930
1210
704
441022
3674
490
1512
1180
928
428484
344
946
868
570
716
242
482
601440
489534
246
1146
894752
395302
1012
848
788
490030
1718
478
946
694
1622
238350
621434
93060
358
1896
240
2356
1146
246
962
702
3400
2728
4122
296
2552
148744
466
278
3586
846
626
2442
1070
850
590
252
175962
602836
874
356634
551228
236
1834
569072
346
254268
2564
244
1672
478
252
2424
344
368
604
2626
1444
411112
969854
632
262
1516
250
1560
726
240
498
234
136764
1036
1360
63314
370
502
830
232
1502
287720
2974
842
484
936
1668
596
656
1554
492
244
250
431796
92066
848
630
886608
982
1291206
403212
418
458
893244
901902
278
802
1584
433872
1085976
519658
484
1672
248
566
624
268
624
1752
2654
74
400310
228
1222734
358
234
586440
494
706
427106
156344
254
425926
1097152
1422
342068
736
574
1210
246
2412
722
1472
618
710
526504
187824
240
1488232
480
554320
1000
213422
454
1560
1914
360
262
370
820
498
494
724
1244
1115234
696
936
960
480
344
2196
98038
244
1348
1076
346
1484
610
356
1372
3112
870140
1430
370
191400
1534
498
396
734
1093722
881858
1092
285178
1914
906926
489240
502682
1642
514514
3888
356
1668
240
986
1476
3596
1054
926
598
704986
70830
1222
794
802
1186
346
2622
1136
1164314
468
842
238
834
343426
494
616
823390
372
356
238862
443000
397782
1202
1104
942
478
309110
1860
1578
622
132990
474
687352
668340
272
344182
895386
246
134088
536
74
252
1692
864
470
880
1442
946
1456
5046
244
1050
4736
1438
580
148632
157668
2770
153590
354
248
878
35920
348
600
260
1948
905984
1328
200822
1067384
374
1228
244
372
472
2774
474
411748
466
1392
91312
384
155646
516
9578
1534
496
181918
602
238
427488
621672
584
466
500
714
87186
1216
807358
1788
240
1884
844
948
510572
1280
478
206152
740
686598
466
712
882
3836
2512
1202
779422
1428496
589656
1326
478
250
199920
406272
336328
673732
78
912
3840
500
1488
553698
842
360
594
802
1430
782216
491538
2414
2162534
440
75708
740
2212
70372
974
688324
152614
1316
201036
498
113492
712
238
250
1566
1480
848
356
2146
3590
169394
1220
325824
478
1400
238
444
476
1587314
382976
254
480824
292986
1786
380332
116736
276
776
822
468
97390
246
753174
2346
390
310902
1357768
653552
626
482
2608
73584
476
642190
1857646
1086
270
990
197548
44358
1940058
581414
3876
478
710
270
472
1350732
135682
632
217228
3166
992
690
920
1586
1504532
880
1276
670422
2152
11528
1954
240
698
244026
1860
2010
468
128870
370
380
5305226
1034
1570
1074
760
711878
454
466
772482
238982
2396838
297064
1010
1100
828
1012
26250
756
1876440
165178
14976
984
147962
364
1544
370
1620
544
450878
378674
156616
822
346
374
926
246
852476
1956
756
3236
648
248
256
2874
1234
400
238
1416
846
196732
250
452
3722
1154
3220
812
1358
116128
468
26652
988
240
1294
344
494
431782
850
650598
846
626
1010
986
848
515114
1002
650226
484
198350
143868
142788
626
46110
1640
374
1156
130960
470
528
980
1098
570
240
86366
256
1369614
1530
327046
1275296
498
1672
620370
382
646302
798
298518
1614
246
4100
807890
10938
470876
61846
532994
610
228
180026
3180
238
674
2062
1600
1230
195280
1531072
1256
362
234342
246128
358
2094
850
2078
942110
1670
330848
732
92900
241592
120982
1194
541058
390
1053260
908040
1180
253868
642
294424
1198
190656
752
1724
590
596
850
2410
2158
274
58336
879282
100486
1008
508
332018
496
793718
220020
222
252
685974
500
524
938
246
984
850
234
256
1120
266
588122
393752
1380
1377132
1492
534282
466
1484
330
628
862
2484
572
378
2342
378190
664
860
950
708
358
764
545994
1060
240666
1462236
1176
31426
1794
334338
816
530210
804
1372808
484
675610
2576
378
2388
636
1076
65704
217104
390
2088
621978
468
614
1754
1650
1170
248
1214
1490
250
737410
1338
688928
634
258
726
291180
6660
480
382
362
818
503432
624
437998
342
232
1234
264
1404
65160
1424
274
719502
1872
367016
720
586
1916
820
706
362
360
2042
656
1558
92
732
183492
242
974
932
880
492
666640
258
708
98902
254
248
646
242
486
366
1448
890
1662
174246
1159340
594
2748
252
269028
1399518
45804
820
21832
421274
1112
3150
662
628
1918
416
1454
31670
248
2120
624
3686
621770
632
2060
258
684
702
2590
474
510
1800
1064
330516
252
114434
1572
169176
838
874
952
926746
926
696
542
366
77610
348
358
584
812
712
2238
27748
144002
1570
681026
121844
924
270508
1076
264
1414
740
880232
1776
1062
1078566
1230
966
724590
1170
358
63016
272
452192
1198
356
1420
896282
2650
468
645898
458
2477110
11786
936
948
147564
360
1282
882
1203866
466
1722
344710
217562
1115974
1650
958
1880
274
6818
4650
1196
5442
5854
2422
6828
256
258
262
4006
3576
8644
1527920
4806
7086
1776
2220
1932
9708
2816
3758
3372
4604
1760
5260
8736
4824
394358
4014
310
5984
2244
2724
3226
1966
908
6356
3698
2868
722
5942
576
730
7422
732
4912
5386
1588
2868
7292
3708
534
6188
5068
5308
6868
4840
7104
3214
320
3650
3560
5226
3810
5426
2444
11138
368
14592
3840
2378
2966
363836
5244
7706
506
634
720
3456
880
1690
13440
7316
6390
4190
772
1940
6050
3286
4510
2782
383666
271658
7786
3784
6116
3438
4102
7744
1510
3324
490
6242
1776
6470
2162
4578
2600
2950
372
3894
2634
498
3096
4434
3816
4778
358258
5796
3098
1374
7470
8206
824
1244
2306
5894
576
3560
3512
6982
3482
1338
8402
105706
818
3078
2384
5244
2894
252
4096
5358
78584
1272
4460
3244
4174
440730
1206
5286
7574
3150
362
944150
296
4324
3074
7426
5302
510
1052
428
3748
5920
3262
836172
4144
1206
2946
388
972
4678
6546
227188
4288
7222
3318
1576
1838
9198
5162
3978
3686
8244
3980
8038
372
2222
1010
8128
6940
3204
2218
2808
5298
2892
10544
358
6140
2266
1094
2010
5888
1912
3328
735734
1088
7700
5388
2054
3738
3384
884
3150
6626
85084
6310
4310
4180
668486
4210
2426
2810
8734
8570
3194
7596
4202
195420
4546
524
8776
3560
4622
6054
10160
7388
4910
6700
614
7068
526
5932
3776
5174
7828
8172
6620
8818
1604
3000
5412
230
3518
714
200338
8624
278
1950
5906
3618
8286
1662
1666
2700
476
5730
3666
2266
1352
236
1504
1992
1082
10912
490
3518
3698
666
5530
384
3280
2618
6324
8512
1344338
6644
2496
1214
8226
5076
5828
2590
2328
3154
1662
6258
578
850
4352
4650
2182
5640
1650
4000
3836
582
6276
508
1100
3064
69814
4318
3662
2740
1728
3092
5474
2782
2664
2240
3878
2582
3876
6010
2372
26890
5986
2020
2106
3570
1204650
7256
5610
974
760548
9268
4204
3898
494
4218
944
10802
1134468
6176
3384
1956
5020
3256
4070
12410
56724
4534
8584
924
1413564
2568
7816
2384
2276
4558
3200
6648
4706
5192
648
5102
4678
5368
388
1980
3432
10370
113812
2150
3414
3186
4814
2822
9824
788
6052
4778
72660
7806
5386
3284
1114
486
79462
7386
344
8270
290
9890
2636
3308
718
3256
5666
8436
1700
568
211894
5712
9038
2962
6632
370
2950
350652
268
5822
3054
956
4872
3154
2198
3040
2992
356
726
496
20858
2642
4740
292
3028
7366
3742
528
6034
2530
3870
494
1608
2060
298246
474
3744
3254
594
258
1518
3468
245990
3156
5566
2078
2510
276
10466
5068
321956
4604
1680
8122
3942
352
368
3292
6938
4270
5356
3432
4568
8318
238
2426
119894
4290
5086
708
3230
1362
4136
3136
3294
2236
1356
6156
1438
5158
1202
2924
30770
2862
611856
744
2186
2096
2776
2326
1944
6052
6022
3382
4084
5210
5496
3914
6388
3860
1956
2066
4064
5402
2878
2908
4014
1926
3994
3386
4260
6496
5424
4962
982
4280
970
1386
596
3538
1088
1104
376
238
1606
4464
464
3232
1334
2950
455332
2516
532
250
2514
9038
5344
225284
6738
496
6736
4212
3324
844
2416
5396
5426
1824
4386
3682
2330
1846
3550
3772
5408
906
816
746
3090
27898
2954
144798
1534
3002
5444
3786
1810
8340
8058
4428
4026
2846
6168
2706
828
3592
2888
105484
2710
232740
3362
3406
93626
5186
2882
7390
3262
2248
5250
2090
648
9226
4280
1940250
2744
3320
587204
2614
522
5036
5938
3882
366
2348
2398
8648
1984
678
2148
466612
254892
1808
6276
3166
3730
4544
2208
3390
4292
4970
1312
2804
1908
3588
4376
8358
388
2340
8020
3736
2132
2340
2560
3846
3320
6858
2472
376
3994
350
2138
3988
6212
3608
722
236
234
6244
3260
5636
2714
1458
4118
714252
8110
802270
746
4574
3586
6032
3932
3422
1456
2456
4448
1270
291444
3206
5006
1440
5594
753614
2342
1648
1520
4664
360
110574
1308
8404
123326
1202
6224
2930
2310
3672
8354
1582
2184
2614
1266
620
4574
319526
496
36044
358
651550
246
3914
5300
55284
806
3024
938
2960
5848
4654
4170
4710
2332
26582
12452
1580
3850
840
714
101814
2152
1600
4156
1312
4230
3936
5776
1036
6938
4956
3900
4124
3350
506
5580
2366
2928
2678
218880
1188
2818
3680
2476
1780
10236
2876
2596
233766
2366
1958
12068
4760
6724
6502
5644
278
3630
252476
8152
944
3814
1922
5794
5510
7322
9266
2332
942
3548
3146
752
1590
2874
6302
3904
2464
4460
5554
1072
4628
2194
4890
4582
4818
1316
720
5920
430
4868
5094
6950
2872
1368118
127192
9494
4790
816
4968
2276
5010
8308
8684
1824
6330
1174
252
3638
215474
7782
1606
3946
5378
258
2622
1992
3274
5798
1104
3358
824
6222
4174
3678
1326
2042
8032
1268
618
760
65600
4364
4816
2256
3468
1966
3450
2668
2552
2556
728
7726
1038
2898
3694
4122
3328
8552
8632
4314
5218
38972
6608
3142
1610
5448
3898
1748
3632
2554
161790
244504
4188
5152
5166
6254
5906
4240
2116
8248
7038
2192
4406
362
3568
722
6930
1398
4930
2198
3966
358
3696
707658
172318
2858
4028
1352
3070
380
1314
2138
3898
4030
13188
5964
23196
378
1046
354
2062
3432
2892
714
860
4140
1346
391148
242
5286
1926
5452
2676
4846
2010
1808
2010
9202
372
722
2312
2176
3822
12512
338
236
8632
3808
2996
466
2050
2336
612
2074
902
231812
1926
2246
3214
566
3316
7528
496
2750
568
3704
6594
1118
8236
2562
5586
6796
2290
1998
368
908
237766
748
6564
1518
4822
1098
4940
1600
3126
3332
8482
7482
3934
6086
474
256
9692
2670
3188
5736
5366
2678
4338
2038
358
364
846926
3470
361362
1954
7524
248
5444
7834
7098
494
1948
2190
3894
2114
4744
2502
5056
1506
1112
3738
2834
1768
4280
4160
5396
2458
2880
10412
5962
580002
47876
10722
3636
3754
380
7490
3146
1082
4654
237604
4218
1670
378
4680
1468
4788
610
3578
4508
4220
493714
4514
588
2048
2566
4038
3862
3996
348658
3662
2708
3670
3416
1298
1922
4830
3308
5240
1524
2292
2264
2706
3598
5484
8272
2730
250
2962
5846
1230
5180
2258
1564
7712
382
3044
526
1322
936
376
3524
1604
254
8014
3300
1420
3088
2160
6110
92746
4942
518
5132
1482
2216
2814
3952
5150
3968
2920
4462
2664
1888
10344
5254
5106
4040
3938
1772
2058
4976
3636
3298
4478
7168
1918
3430
3880
9436
2098
4860
292
169328
3384
2562
724
6114
5784
1766
7368
3372
104446
2238
2118
8386
2464
115394
1372986
2016
3508
840
2068
2778
224726
3486
6584
4322
4142
3470
4680
3060
3550
4206
2870
1256
1978
415468
4538
2944
2872
2150
1820
4892
59088
1866
583566
1922
7074
846
3198
2220
5530
3262
508
850188
144150
2054
7532
6122
3734
2440
3608
6136
148278
3780
3932
3700
5038
2078
3750
4006
4826
718
1584
6908
25246
268
2708
466
2800
5602
2760
1994
235000
970
35592
1368
3968
6792
4876
4386
4894
5030
3064
2382
848
4914
7014
1692
5088
4310
7580
4560
4792
1814
1782
4650
3296
2798
3564
1066
3608
3248
1109488
2670
1274
2318
8366
5208
4034
3838
2566
8042
716
2032
6892
2644
3484
4560
3094
722
2532
6892
3750
5464
6278
502430
3332
4234
3108
1546
2450
3492
134450
6362
1914
4592
2102
2414
4134
3778
2838
3306
4194
530
386
197954
3996
4436
1226
307140
1914
265096
720
2754
7050
3864
2300
7720
3366
9596
3812
6700
4946
1684
14320
1514
3440
4864
6534
326074
4522
3590
4944
2488
4594
2296
4446
3118
3816
922
2952
5244
620
7116
4742
89202
622
1852
3858
1652
6094
2716
5648
1902
4320
5262
75864
3714
4800
94008
978696
1616
5462
4942
2526
2410
6158
3886
4912
1444
3614
4042
2406
4330
6924
3354
2438
5444
9144
3412
389196
2660
3064
10208
2776
1098
2484
3370
2918
3334
2578
4960
1780
1136
950
2024
2718
2120
1862
5452
3582
3948
3384
4184
11614
2320
4382
200248
3234
3820
1110
1254
3940
2916
252
3216
7770
4790
2866
855020
3956
2928
441536
362
611316
308978
3942
6056
466
2506
3300
4972
6824
1930
1474
2454
6734
4322
2554
5464
4556
3054
1188
6424
27600
2120
2784
3424
5538
2284
1392
4072
14014
856588
3794
2546
2524
848
3074
3800
498
2970
6492
3476
3840
1574
6380
3436
6006
2748
4992
5604
5182
4336
2938
868
1896
371384
2934
662
5808
276
4624
5636
5494
8844
3492
2614
1764
4566
808
4132
2876
3548
5728
4616
2102
1318656
3824
7286
5794
4308
1758
794
5438
5778
1546
3374
3416
6438
1340
3578
7856
3892
7958
4224
4664
2694
4196
5956
344864
2354
716
2908
7216
4244
1950
13762
5454
4814
5004
1744
430800
3972
3608
2084
4000
3722
3302
3312
2516
5724
4774
4986
2800
6106
1660
2788
32316
3274
628
2578
5442
1616
21404
764
5844
3128
6338
7600
3684
199044
1208474
2846
236
3296
4154
612
248
1966
2424
3886
3880
6190
7314
2174
406
5632
6462
991746
1734
63670
364
675948
2308
2186
13324
1438
4492
3526
6482
5586
3830
1222
4894
3966
260
1514
340
4740
8404
280
3068
5880
5264
3924
5598
7968
302750
10064
3756
7852
5400
2412
466
1580
2414
512
3746
2862
668
4338
2314
6652
2628
3692
246
2018
159900
242
2234
548
5716
4442
274
516
2126
366
6510
292
4346
1298
380
9126
6318
5802
5700
6384
5542
1132
6822
470
3304
2024
6838
5732
252
472
2032
2902
1846
3784
1732
5654
3168
3966
2242
532
3508
3742
494
2976
3046
3326
1550
6368
3020
132698
3158
53274
7630
2186
3384
7506
3466
1452
1038
6760
3550
1318
794
1486
3574
9516
1548
584
3316
4662
1592
2240
2792
3196
2918
5646
298
2422
7438
6342
3184
3830
6692
5752
2450
2534
9064
2214
476
71848
2542
5638
3728
6110
2632
3878
12902
5120
2936
190688
5678
2118
1650
2000
225492
2412
2484
1144
4508
1346
10988
2958
482
16572
2050
1436
372428
1916
4900
2484
5082
726
3660
3920
2752
757236
5184
4968
4854
2356
7002
9328
4978
296
3542
6638
2160
3946
2040
1546
3916
3490
1332
2064
4930
4970
4462
5286
1982
4810
3254
71432
1318
2602
3874
2722
1756
3160
5564
3162
536
3396
3012
6394
3846
2918
734
5284
1508
405902
3330
634882
1978
1008
3122
2234
1950
5518
151066
722
368950
5826
640196
642
3610
2080
4936
3428
1406
2656
3738
2428
362328
2558
3898
6572
2150
2948
1968
2878
5918
2706
1516
4100
4692
7240
2186
558
6674
2648
4724
2340
7712
1658
2478
3830
4816
198912
2170
604
384
261912
866
2986
3450
352780
1636
716
4102
2134
192504
5580
886
1716
4480
3568
149190
4570
5442
5394
608
5666
468
5128
5338
3776
9672
88108
498
5578
3842
264
2528
5598
5528
5008
2636
244
3742
4778
3030
2620
1388432
4898
2412
2526
3032
3672
3494
1272
1918
4010
4386
4132
3688
1750
989072
4378
3170
1034
5024
2604
1880
2852
1158
4646
4672
4032
2106
252
1970
1542
4586
3178
2928
5540
3502
2952
286
1252
148452
3282
3466
1804
400874
2728
1564
7130
557378
6546
4714
6272
2032
5370
1570
309472
362
2934
1902
2580
1468
1372
5450
10782
3982
4174
4394
9504
3082
5550
4686
2592
1428
4150
6326
4410
4518
3692
1534
3540
4578
5554
4776
2060
1076
340366
1858
4022
7662
2846
1022
3004
6494
4158
1436
2916
2910
2630
3412
5296
508
1352
1096
2846
394962
4272
372
3968
6854
6482
934
3476
8122
5966
6940
4912
4866
1946
4278
3000
4978
4292
3122
4450
7706
4028
896
500
612
248
4152
2784
4370
1530
4936
4898
3480
382
1080
5152
246
2610
4746
2202
282
3540
2226
1836
2136
6032
5420
3000
620532
4806
4564
606
3302
5822
1592
246
5360
954
2676
1458
1760
4660
514
3716
2676
3448
2224
6880
1720
1384
3130
1916
3504
1476
4250
3594
4014
6338
3786
380
2686
4220
4958
1562
654
264
2754
6152
1996
5264
4784
1530
3924
4260
3674
2888
3520
3882
1008
8442
10198
2904
4676
724
1458
3106
3312
3590
5268
4450
6296
1652
452
386376
5946
2226
4342
2772
260
2448
1332
2520
2394
3056
5784
2562
2914
4108
2712
2858
2292
3778
5200
4460
165850
2404
3412
3510
276
1324
10552
4472
3744
584
696492
4094
1954
2664
1170
4238
828
3312
412
4712
1902
2254
660352
5674
1554
4678
5250
5606
9076
86924
392
438304
6358
3156
2544
314088
736
798752
1510
3092
1970
5830
2858
720
1240
6944
2784
7320
2190
6480
430
3688
5200
4964
2540
6232
2956
5466
3132
5500
1794
1852
984
4110
3886
3416
4366
992
508
3156
1986
860
3100
3930
4716
117040
2908
3212
8114
5062
2884
8076
3870
250
5882
4044
2496
5782
1256
4472
3518
1882
6250
8210
3502
3026
2910
4560
5044
3434
8728
4064
4820
11750
490
4888
3968
4464
4440
2884
4870
9410
858
3878
3214
927664
3700
3584
3416
1542
2882
589204
2882
3584
6632
2920
308
1118
3972
5338
2026
1922
2052
3088
4040
3308
3424
3236
4316
2544
4146
4346
2298
2862
622
3014
3212
5572
4312
4172
1760
3690
1852
1910
6870
748
4814
1532
5670
772
7536
494180
2706
2788
5984
380
3374
2144
78988
157724
2376
6680
4528
5784
1938
372
2548
5278
1536
2710
4530
3650
1892
114032
2434
2662
1714
4268
5064
3736
1892
3394
110972
704
2580
4000
2160
4670
1174
4268
243890
4954
374
6678
1530
608
3212
1420
4324
7636
8790
3740
9444
4006
3832
2292
4086
4816
4988
4300
1858
3702
5822
2740
2578
504
4944
292966
4704
4824
1698
1480
3032
4138
3432
4116
1646
4080
728
2088
5210
3688
482
2240
7474
1320
3050
3124
4688
842
1630
3148
5186
3024
264298
254110
4650
2252
2378
1276
2234
3126
4752
6364
3400
3860
3598
4840
2906
146970
3570
4346
4134
3154
3280
5236
6096
6844
5188
1432
2258
4926
2946
7700
4420
6824
2722
14708
728
8914
4710
1074
3156
3676
205436
3486
4944
514712
4840
2734
2894
4410
1620
5072
1854
3382
3524
3414
2984
264
7416
2222
4918
363040
3926
4088
2378
1928
472
6972
3486
106348
2892
622
10144
1754
308624
2688
2652
1746
3042
2626
3812
2220
2284
1378
5712
646
2128
3970
240
4848
582484
19988
2492
3496
1340
2136
5194
6004
6718
2160
2260
14850
2702
1256
3244
2272
3620
7146
4304
6736
712
186852
4054
4516
256
1168
6664
466
1926
2164
846
248
3334
4872
1504
1926
1096
7232
4534
4338
4040
1448
6198
274
3150
3444
1280
3374
2194
3970
3294
3790
513336
2534
5734
4850
2024
1672
2334
570
4638
2062
1654
3440
4420
2644
752
3370
4132
256
4208
4252
643710
6778
2074
5464
2026
3516
1892
3108
3296
2826
2924
1044
4182
4210
372
2126
6594
7302
5218
2208
536
2026
2772
412450
3226
130988
3702
3126
1264
338536
5016
4816
4438
4900
5426
514
1904
7700
1138
3702
179336
5062
490
852
6622
3048
7630
4364
2886
4244
334470
1498
224418
3734
1776
7726
4324
5406
453274
4826
6006
868
2460
2558
1316134
1946
5342
2190
3980
4496
3666
400448
250
5914
9760
7336
812
6692
1724
3194
3484
2310
14728
4230
8166
2688
3138
2010
6242
5452
4484
1854
2582
5898
3798
3046
228546
5096
4442
5558
5728
3132
3666
5184
9990
7772
3732
10162
3910
1156
3478
4958
2908
2578
3708
6850
2470
4372
5678
9358
6356
1218
4316
592
75842
2860
3834
3014
2836
3692
3476
7264
1324
4708
2010
1456
4340
1273056
2978
5738
1078
3434
7576
188982
398636
3132
1356
7890
3954
1082
2504
3182
7866
234
372
3828
3716
3494
1514
6444
248
1014
4104
6630
604
242
1752
2756
3120
3278
1400
3738
818
11834
4898
7936
1552
3674
1098
3562
6926
7032
1938
624
2558
6960
5258
65886
4940
1784
1140
2048
7100
4058
4434
4280
5170
788
1700
8908
366
7016
10682
6214
10324
1222
1668
292
4816
3954
3888
4434
262
4926
3140
4724
2146
7522
3986
374
1084
1452
6026
4978
590
3422
1092
1214
4776
199148
7662
5708
3958
5788
5782
11384
4668
4804
5540
3256
5738
590574
842
4498
7784
6828
12264
3406
2726
5678
4410
5346
3594
6024
578228
4262
372
254
272146
1090
3556
6448
5816
6380
919580
6030
119830
1408
4060
3230
4582
1054
4076
3184
1336
2794
1942
2242
1842
3784
3602
6786
652
1290
4888
3992
5670
3572
2806
3716
4278
848
8406
6558
2640
8410
2358
6150
3666
3172
570
1582
970020
4084
8970
8346
6272
7272
2334
2080
574
7182
688580
4044
3850
2490
4562
17040
3520
2516
3720
4784
3024
1574
1744
1866
4774
4164
4872
2296
4980
972
1009584
81794
2110
2006
9950
7226
4134
3084
2568
3774
5574
4698
4100
1550
3504
2590
4224
12608
9400
4608
116328
3066
5456
6272
2472
992684
9114
4464
5598
2008
266
2588
6894
680
490
4294
4076
3456
8072
3570
2462
4450
6334
143266
3650
3740
14388
6192
4498
3426
4284
230
3466
3240
1858
4348
5094
4242
1414
8908
4354
4368
6454
4984
3480
822
1110
5374
5708
4766
3298
2188
928
2752
3278
3080
6608
3828
160122
3804
1880
2032
3146
188482
2624
2998
5504
307176
106520
4406
6154
2762
3436
5818
2276
5646
3854
610410
1084
6062
3540
1670
561210
1148
5184
4144
4084
884
4728
352
4848
4934
1361146
4790
3324
1850
5336
8072
4184
7894
3538
2046
3502
3684
4722
13030
2978
338344
5080
380
5088
2024
6964
10462
7382
7238
552186
3178
2878
3862
2652
4392
2212
3610
7642
4920
6062
3320
6700
3342
4514
1230
6522
5190
11262
2684
3284
2200
377820
4044
8310
522
3002
4124
7336
3672
3652
185692
6428
5180
507250
15766
4850
5228
760
2034
4266
4374
3714
3926
3284
4694
3840
3028
454
1190
6340
238
530
2758
3520
5668
597270
3102
7298
3524
2340
1710
4602
5054
4298
637874
2628
3320
540
4994
4736
701698
1384
3818
188120
6612
2422
2172
4338
588
388
1840
3562
1332
7232
4142
4058
1480
5080
3426
2072
5138
84026
3706
3474
940
249372
4870
244
1972
872
2676
548950
9102
1700
6142
3876
66440
4532
2250
4484
4946
424
4896
3150
2108
2612
1344
8202
4218
3248
380
2308
2298
10068
4060
7440
6578
2446
438
6906
6864
304
4352
380
2508
1768
615868
2948
762108
3802
5982
1700
3038
2050
7436
968
89668
2544
5828
194298
7182
491754
3362
1554
7782
240
1954
4430
2436
3410
380480
334
223152
820524
3340
2758
3808
2508
1372
6498
5028
6762
1676
1862
3894
1694
3310
3570
2420
125400
7240
1798
2114
1830
2778
2424
4166
2016
3274
5616
2378
7302
2206
3720
1374
3998
5330
2950
7756
2766
3676
580
3272
8456
1440
2148
4444
4958
4498
504
2448
2750
4644
3826
3782
3318
7826
772
2408
353192
6030
385898
4474
5214
3386
6146
2532
830
4072
3556
644
1750
3074
4378
372
1218
2998
2258
3168
6320
3286
3520
4178
8466
356
898
3836
104700
4356
3256
1604
818
3264
3606
484
264
3220
5814
1904
770340
6824
742196
2000
4106
4616
3050
2948
5522
3466
5418
4844
3328
20110
1112
6982
2612
2944
3518
2902
6118
424
2050
2532
4198
1196
3282
2386
4938
2714
5122
470
6092
7416
3690
2326
5518
7812
4358
3876
476
3896
2988
5152
2200
1790
2056
4070
7116
2276
1602
6946
6232
582
2964
3516
1458
3374
7112
4444
4982
5132
7852
5028
3524
2596
1088
3310
4828
754
3380
1380
1854
3970
1668
2160
4000
7070
4696
1628
130268
5412
4282
5750
87308
2446
3582
954
636
2778
612
1260110
4466
724
2382
3496
502970
703926
2468
5900
6134
2106
3844
4408
2420
6158
1078
3882
3314
3618
9592
4034
4730
2374
596
2638
2658
3840
2412
3796
2600
2586
269530
250
1812
4204
1528
5392
1924
2894
364
390340
508
1960
6126
2372
2752
1748
2234
1904
2284
5174
1318
6238
2974
1886
4274
3788
1284
2704
1902
7218
2992
2216
2480
744
1076
3642
4978
3454
364
1964
4974
187850
3774
3034
6120
2168
3308
2408
1790
4622
5170
2478
2356
3396
847196
282
5126
4712
7020
890
5440
974
5962
3152
1642
3740
2528
2284
3504
4124
2710
3976
992
3544
349756
2870
95860
3406
2442
4968
2736
2760
1874
3990
3348
2246
5368
2730
4846
1306
4088
2008
4626
3624
1954
4022
2472
2238
3512
768
3312
491884
5538
2114
4738
2642
5016
141496
1962
3542
4956
2168
836
1176390
3740
5100
5500
7510
2512
4396
3772
4390
3884
83880
3562
3772
8204
2014
380
1958
2264
480748
4602
2784
5058
1402688
3240
3840
3574
3076
5102
1532
3042
4524
3260
661154
4712
8178
2242
2110
292
2466
3746
4632
12366
45286
3372
4366
2192
2946
10122
3624
2624
4840
12214
1804
2460
2744
6080
2644
2318
3934
534330
2986
5346
2828
2376
3028
1848
5810
570
3704
3088
125570
3212
250
518402
3804
3210
483272
3966
3978
3068
5072
2192
3600
5182
4470
4766
360
2698
5420
2874
660
8140
1748
1916
3626
5530
1834
4536
4662
1684
3182
1934
4220
2910
1714
3478
2354
375776
5716
2462
3168
2800
33556
4466
2570
6624
4012
728
1416
380
1076
3822
2568
4640
1344
2476
4916
6010
3676
5538
898740
3322
6390
9924
4094
3814
2062
4980
2416
4922
3008
4834
2672
4078
2242
2906
4276
1084
2814
5440
854
1192
7294
1684
2516
3938
2896
3164
3894
4930
2536
4416
2676
4008
4756
2042
1218
3106
2128
4912
3288
3852
2782
84282
3038
8842
3604
531736
3346
3874
3392
2366
4134
1994
1100
3716
2400
2774
484
3654
1354
2982
7004
4488
6300
5676
5104
5120
3708
670
4960
1694
3744
5748
3390
2224
2682
2414
2764
884
2426
366
4352
2020
1462
2412
2252
1428
4034
2714
5564
779212
161726
1850
1686
1888
3112
5574
3202
3114
2932
252
2904
6218
2580
5094
1464
3176
1376
61622
3274
4806
5624
2300
718
2568
728
2234
4490
11328
468
15960
5850
3254
676
6184
3312
2290
470
2100
3938
7478
8012
4144
5130
6622
5500
1844
3928
2096
508
5460
3592
5636
922
7242
311642
5134
4956
3556
3752
5096
4024
8512
5328
3070
6150
378
6320
4980
1778
2792
5318
7106
7010
1996
4610
88758
5548
2472
724
5986
5632
4076
6950
287066
1812
878428
1110
7692
4554
740
1002
600
378
186220
2594
5722
940
2868
2550
841814
7782
3956
1838
2378
1602
1480
7804
6862
343068
1338
362
818
2212
11582
2156
6748
4940
2940
272
1230
4476
1230
838
380728
3242
4160
274
256
5996
468
3068
5130
5112
2280
864
1810
2504
141524
2824
4874
7254
4976
1568
2540
5326
1344
3330
512
4048
5256
1754
5150
5742
3688
834
5826
2838
608
236
2280
5816
2734
3468
7296
1354
7670
1916
4736
1932
4956
7898
754
1952
1184
2262
2324
3262
474
5594
5692
2686
285972
7004
3696
380
719782
3280
1322
4026
1622
802
10938
3108
1028970
417968
5408
1112
2744
958
7644
5982
2916
3082
3078
27696
2858
11670
234626
4178
3778
3126
2102
4518
6886
4424
5074
6176
9866
1822
2114
11778
3606
524
4682
5080
606
5958
5184
5052
4762
6256
1568
5320
380
1152
1718
3468
2592
5482
7492
4530
2792
228
8418
6174
7970
2886
3262
5836
2580
954
810
8500
5316
3994
5630
236
1902
940
1798
5658
484
2240
9586
756
248
3884
3138
4030
2140
2210
2360
310
5504
5750
2538
1918
8456
450
904
5774
600
3998
2512
3052
4888
2158
3224
2786
2770
621240
4014
2566
8306
4828
6418
474
4374
368
2678
2886
2314
228
4576
3666
5772
848964
246
9524
4636
3094
26170
3960
2502
4338
189754
882042
5188
5246
8620
349866
1230
2446
3264
239990
157456
2536
372
6180
2130
2302
6220
1820
4508
11348
4030
3550
798868
172930
8538
2700
488
1880
1648
4568
4562
2288
2782
1324
2516
8448
3208
294
3580
3018
6196
636
6690
2908
1906
484
4646
4878
254
2118
6862
9846
6908
5416
6952
584
773368
1638
7118
2182
244
1468
1253908
10472
3932
71060
426
3682
1730
8934
5986
5234
5408
2052
4618
9734
912
4022
4604
230
7140
1856
3230
2700
4338
1450
521178
1950
1126
7584
4246
4254
426310
4138
2318
1340
4622
3506
238
314310
3280
244
3846
238712
2710
1500
1998
2060
2284
7398
4766
2528
810
662
1518
2748
4210
2466
3394
1804
3986
1634
4502
298656
7642
6426
570
368
8894
1884
3418
5092
1322
1422
1312
1042
3156
5750
6688
944756
1644
3126
4832
101700
4436
3292
2282
48426
3950
606
3432
3214
5616
748344
1005700
5348
4520
3632
4584
1832
250
6920
3116
4670
15216
4348
1730
5434
2266
4658
7752
3272
5444
3152
5098
2770
1202
236
4702
6630
2934
3604
284
1214
1778
1498
1034
2932
728
1060
1024
5274
236
4768
1900
2958
5678
533850
155856
6222
484
2272
1632
1048
530
498
2738
9282
417228
2156
1684
1184
3980
3358
4464
5348
655386
13694
8314
3492
3434
478
7384
2278
3888
892370
1152
6200
5904
3916
532
1066
5456
1278
8392
3020
7442
4438
3002
1496
1976
4914
5058
2746
7734
5090
7310
2176
323664
1122
29232
914
74376
3562
4380
3692
3162
1376
1100
2916
2424
5698
2324
2996
1980
624
226
441438
8878
17474
1986
6486
5802
720
3342
3320
11402
4710
284
1738
2238
14478
6372
3466
2418
2254
602
4492
1146
8692
1984
570
3412
5044
1666
2244
1082
1410
326
226
1164
2484
4640
250
1592
698688
5646
4348
1188270
3374
1308
3556
2752
716
2828
242
728
5182
4364
3722
1268
2636
1792
1138106
4388
560
61558
8434
219160
3058
2708
5174
499284
2878
616
806
4192
2810
1780
3536
1578994
366
4586
5538
570
6000
87824
2626
2288
10570
814
1330
1234
1862
1428
2090
1389616
3668
2364
3876
1782
5110
2278
1708
6088
1468
930
4610
356
3692
1210
4894
446
3124
866
209582
6096
2394
826
236
234046
6146
5060
1376
10810
270
1440
1594
2636
465736
586
3828
722
2468
3516
1536
4168
2858
3510
2112
3094
6254
3056
2334
1098
960
1308
1114
4732
2104
2592
2920
10146
1976
3632
4664
3846
5140
4142
831372
2736
3138
1758
676
4542
1702
3260
232
2624
364
574
1000
3112
1104
4164
2504
1704
2164
3588
5108
3794
720
7618
22912
4664
2094
378742
424
750
3166
870
250
10018
346
3902
1654
8970
1096
2234
2242
1756
7814
1838
4022
1840
1352
6846
3822
2056
2712
3840
3306
11292
3052
740
5016
2260
1428
718
3262
740
2582
8116
3536
2916
2360
27580
2628
2090
2468
2082
246
952
1740
9382
1228
7688
1082
3742
2756
8622
5522
5686
462
2050
2034
2196
1000
50088
1470
4434
2388
164442
1608
3100
1880
5872
1304
4236
1728
1998
3818
8176
4802
2990
2524
2950
2992
604
6406
5630
924
1958
826
6120
1676
1598
452682
2516
1488
1882
1952
966
2454
2754
471606
9268
2832
3822
1264
4494
280
1740
3762
5400
2092
2820
5140
938
3114
4358
512
562
2006
1444
5582
1684
3664
494
1860
2094
1428
2874
2560
262
3124
1312
6364
1510
1209722
7934
4806
738084
262
2638
346
2874
768
616268
3612
2196
1282
1118
4022
566648
5144
2162
3380
614
912
3130
3264
4300
1536
69174
4624
6218
9338
5760
1526
592
11392
7434
2430
7114
4302
99882
6164
950
3126
3088
4192
1086
3024
6454
3686
1642
1310
4124
4548
7304
4066
2680
3788
335358
358
1060
2348
122680
2404
768
2186
4704
4364
1872
2144
42392
4732
7870
13740
7768
4402
540138
1544
2680
4560
3606
1634
70922
2218
826
1654
6240
3676
914
3736
258
1698
2040
3588
262
250
206724
1644
746454
7174
169672
8218
502
2890
8620
2366
738
1264
2270
1316
1410
2886
2930
2426
3598
1312
294364
4676
87574
3642
562078
466
1242
141946
3066
392
3884
209696
4132
962
3338
1438
724
1060
5644
3696
442
4962
4494
2626
250
3430
1766
2562
2672
18892
1070
784
720
2334
496
376268
2168
1208
1392
2198
1590
60274
4362
2898
1692
4188
1842
1706
137494
3110
2414
512
3104
2672
3200
1608
224
1426
4296
2294
1798
3540
4416
864
472
1372
4136
4076
5816
4402
720
368
2024
2006
1624
14082
1966
2540
944
1604
5426
54152
980
5256
1998
281468
8366
3736
2344
1924
788400
2182
3326
4878
1176
5886
7860
3424
3460
4774
1996
3806
3768
4676
4840
1378
242
1506
6482
1736
5006
2490
150974
3178
936
3588
1610
1738
2372
2472
4734
9184
802
2002
2138
3178
4714
1080
2890
2564
2090
1512
5088
6278
2598
230
758
2396
5528
586
1672
2532
3862
7254
4866
1858
1730
1584
2852
6484
1086
246
1916
3024
1874
1688
5724
1642
4132
3948
316770
276
1838
3436
1004
1210
763956
7046
2930
2054
234
7748
252
469876
2626
724
1296
724
670
1310
268
4172
11310
484
4922
2382
3222
2028
2758
280
1648
6326
4948
1892
2132
1654
3654
7000
858
1902
2802
1234
2540
4922
4644
2100
3634
1610
1286
2110
1854
2088
6006
2726
1360
2558
2916
3326
254
5800
1532
3660
2726
744
3592
2850
484
2258
3516
4180
3306
4468
280110
3780
9846
3846
2248
892
2978
1134
1014
5230
3918
800
1392
1294
3546
3774
664
510
460
6432
872
3702
1916
4932
4100
1626
1974
334
3086
1416
6094
1546
3904
1048
1516
4470
822
5450
1186
5224
598
516
426
1612
360
4396
244
6776
2120
2996
2150
1500
31280
2542
2144
1930
476
2114
1912
542644
320726
5820
974
7384
2422
5174
3104
462
4124
2602
4512
1412
430
11396
1692
359616
3254
3594
156764
1436
130222
786
78718
2344
3918
1004
4288
702566
10770
2878
886
458
848
3640
1964
2148
8570
880
4638
7114
3430
2322
4758
4710
1416
802
2220
3920
3616
3618
4696
1742
4328
3532
944
1302
1684
1932
7412
4432
3708
1448
2470
794
5368
4724
987608
1398
6508
2570
4524
1696
2528
4508
1086
2606
586
816
1880
1616
1460
2148
3094
7674
236
6148
8832
1088
5040
2856
244
119392
3094
4458
6270
4464
478
2628
3264
11300
5434
3330
2348
5126
11552
3866
1840
2396
1854
1764
1462
3074
1514
4968
4790
582
17254
356378
1696
3314
6804
3078
824
358
2592
3770
4268
3966
4718
1206
2630
269118
1258
5206
6146
9252
5604
256
574640
4606
3028
1778
256
7966
3894
350926
1154
2712
1362
936
4714
332
3412
3240
2192
5458
1562
5028
2284
2330
3050
500
3762
234
8188
6132
520
5844
1968
4190
4494
2978
262314
2916
296
5838
5620
9234
2740
4652
1594
6888
3618
6064
2854
2600
5198
12490
5554
2050
6826
7712
7664
5266
3944
4668
55176
2282
3368
672
4622
4348
4570
1452
6252
8854
3104
488
6474
2486
3504
246
918
3568
7462
4710
4792
8632
5680
2268
3490
1600
254
2748
3674
6032
5122
5988
1590
2112
4528
7546
4220
1606
4310
907638
264
6750
804
179254
1524
6104
3532
2214
5812
316402
3978
3982
1336
3626
5332
2523758
4978
7718
248
7462
1608
2090
1372
350
2456
4774
4592
6146
3740
1064
4420
6182
3980
1686
3230
3920
4316
8318
8910
2200
1334
2982
5420
7766
4176
1406
3266
2280
6104
832
272
740
5314
6272
1132
5292
3576
520
2286
3220
1512
2428
2368
2366
6610
4946
4526
4104
4022
5296
4478
506
1100
3690
3414
2704
454
4070
3776
72590
3390
5766
1476
6824
546
6176
3520
8956
4108
3804
742
5180
5064
4322
3708
3810
4170
474
1734
4228
2678
4930
2230
4158
238
3284
248
3930
4518
4656
3944
1554
6110
1366
486
5876
5178
484
4310
4502
2004
7600
4716
1476
1075572
11632
3292
5642
6936
3168
3544
2118
522
274
2258
3894
2926
3432
3982
5142
3730
5132
1502
2514
3300
380
1212
4660
2848
7028
4410
3222
482
6046
8250
5168
3910
777668
6150
4868
345140
2988
8034
2512
3162
5174
4130
4072
4962
2010
9296
2522
4522
2438
1078
698332
498658
248626
3322
1054
4936
6340
6852
454
596
72246
4406
838
354570
3284
2122
2916
3746
1888
4846
6720
1192
750
7268
2394
268
372
2796
289962
3936
6186
73586
4170
6398
1996
6104
2832
7906
5832
7830
1944
2170
5174
648
25264
3968
224
10216
1323324
654
5110
4666
4748
482790
4742
6500
771218
234
2594
1554
1846
3050
360
1316
2638
2312
3584
4808
872
3364
1242
5944
538
3608
3128
946
3368
1010
2504
2510
12222
4908
4290
572
2054
1312
2910
560062
292
7196
2176
3184
4548
2786
5474
2888
8752
101576
4162
972
5340
2420
36028
968
3310
342
1076
7062
382
2832
960
1842
6516
2264
2540
5242
334670
7512
8740
4068
2938
5618
2574
1316
6386
2592
828
2358
2074
374
2298
348
4876
3076
2998
2982
368
6758
3610
5420
4274
4022
6442
1976
6304
456
1318
3626
760
4222
7996
6850
3184
5846
4488
3472
137090
5724
2260
1732
3718
132852
1154
5552
6944
6752
4826
3170
2576
3316
2978
7584
2762
3948
3336
7780
360
2264
902
2094
6038
3458
6320
7624
4248
5102
4736
2718
4288
3116
6420
4676
236148
1942
3982
1196
4652
5586
2552
447916
4432
378
6476
1960
3360
10454
5856
4574
418
5126
1560
3462
6654
6368
2294
3422
376
424
3514
2594
243752
2604
1506
1868
4798
2850
1035288
5288
374
591964
1552320
1836
3936
1676
9302
2406
8598
1638
3934
248
5892
346
3130
2430
1384
4230
5028
1228
7238
2802
4918
7190
10034
1576
4176
834
2804
7226
3332
58614
4282
876
2186
4412
278
2290
345838
2880
10760
5684
3192
83134
134420
2114
7778
2902
1304
5918
3222
3262
2946
5718
782
1056
3614
3464
1350
2776
4388
1070
2396
1926
930
2656
1920
2292
3702
3614
3218
524304
2458
8610
3086
5360
1544
1172
5160
4738
4464
3648
4402
6690
2150
914
1064
1624
253882
4830
386
1456
2234
508
3006
3430
3998
2616
2994
2018
2440
4284
2208
1952
1452
1440
2792
3330
484
1846
44760
1120
378
268
5678
4318
3950
4440
4324
4784
554
717384
4452
6032
1848
2408
4630
566806
4460
4084
4990
2530
3810
6082
3560
2438
1816
4660
10834
1680
5050
1216
4956
3422
2844
6562
4228
4124
2614
758
1856
3532
3716
2204
3298
3704
4176
436
3084
4908
5086
2268
199154
3352
4390
5522
2666
239804
4710
2492
1566
398582
2992
2634
748
3876
2134
3988
3894
2904
2090
1538
2392
2162
2626
38942
99224
900
3352
2912
462
1976
5520
3790
1232
5078
1800
4096
1068
2608
656450
1316
2716
1298
5454
1504
3364
1578
2000
2508
5842
3834
3178
554986
5864
2976
4718
3566
5188
196626
3262
5660
1012
9234
10302
1262
1880
3326
4456
5466
5988
3420
4478
972
701754
354
2780
6000
1580
3338
3716
4484
4062
4676
4892
300044
3112
2406
578
2644
4276
5334
4396
3590
2892
1296
2114
2916
1780
360
6422
5118
2068
6152
3910
8030
2408
4680
4200
157416
3544
1026
4328
3692
3920
3636
38516
4760
2414
1334
2912
2858
4346
1912
2574
3320
409740
1410
2544
10392
4274
3428
3584
4110
297770
712590
4838
242
5538
108584
3728
3292
6632
5674
606
2494
314444
8330
3328
6238
4834
4750
1034
1530
4838
3898
384
2134
9378
432250
266
3678
489130
906
5612
3652
438
932
1331992
1936
840760
2100
488
5660
775292
705974
2974
162922
1728
2958
1798
4072
7236
6708
2446
3886
1028
3706
4878
9748
4978
127234
4002
520
6118
895696
2756
3624
5720
2004
624
586
5322
5230
7078
5902
718
2108
6156
2602
3488
9560
826
4496
4100
464
362
9404
1118
366
7000
2248
2576
3968
348
3210
3672
5468
1076
1628
1326
3916
4234
4602
3436
2522
252
4914
4240
6628
1966
476
5622
8624
1474
242
5618
378022
3732
2734
55494
4812
5622
2030
2922
7198
3940
5450
4148
368
2642
3448
2482
5290
2052
2024
4236
3230
2430
1932
6006
1334
7178
6218
554
3080
2076
3566
3446
5246
1780
5484
472
2940
5652
1470
528
3732
384
3402
5180
4880
3732
2914
3396
2226
4350
3794
4186
3980
1814
3410
1768
12340
8592
3964
2324
6084
1796
1072
4334
4200
3758
1958
3200
6012
2236
1756
382
420
832
3114
5076
5946
1078
325284
239474
523386
3230
1448
1766
7600
4328
17098
4392
5328
3168
4898
1704
13510
4498
2946
2136
1686
3484
3736
4328
723168
2318
2862
578
1230
2620
3428
410038
3758
2736
2616
5828
5042
2966
2748
3554
6352
9226
3796
13926
6768
2692
1144
3012
392
6344
4250
5216
6854
974
1666
6634
2052
4530
1506
3392
6238
3840
5926
5766
2882
658
254
4248
360
3110
240
3356
5818
6772
1960
6930
6152
5150
1948
1408
380
2048
1708
800
1968
7052
2192
2238
96714
1416
4288
784
8812
498
670
4574
4284
4432
2996
6238
270
2332
230
1708
6488
2134
106710
1976
3214
3304
7386
5934
2306
2742
6226
1580
7550
2704
3046
4392
9574
4586
2958
2530
3760
6680
168196
1564
2806
2262
1154
2398
2336
2024
822
5284
239992
7486
1558
2894
1524
12056
966
2344
258
5730
4836
270
896
1348
3274
3204
234
1198
3236
4840
4394
512738
6238
3266
1100
6026
3270
276
8754
127726
5388
7196
2330
2180
4608
6608
168858
4734
2132
1472
3232
4256
1606
2524
1374
2920
4434
5226
2884
7590
2694
3434
262
650
764
2010
24452
388
6906
928
2872
6688
2465266
2228
236
3058
6064
5006
4036
5640
12206
2958
6254
7326
10448
1188
300
6546
3420
4254
4976
642
3278
506
356
5066
3760
378
176204
3384
1480
6608
424
364
5358
2828
3896
2830
2636
17918
2886
7266
2854
4960
4546
5798
2832
408712
4950
3940
11448
2096
2630
4508
5164
277090
306646
1214
1900
4000
466
4074
3166
6808
370460
597718
3404
1796
1714
234
1782
7856
478
2822
5078
5558
3020
6838
876
5936
6296
268
4710
3088
3240
3316
31726
5176
2972
4534
1612
5582
3114
2326
1748
2918
840
4764
1422
3970
3926
5488
4284
7058
4574
4444
5014
4662
9222
7926
313826
382
2654
8864
10202
5942
5652
5150
4574
3035998
3270
5552
2846
2886
6482
864
543928
335824
3130
1326
1776
3972
1310
2786
3054
3754
6600
3422
4016
1114
4100
4160
4506
8388
8430
5678
2216
6190
4210
3054
5964
6346
4410
826
385046
2684
5800
884
8538
5142
6718
810
2756
6008
3870
3752
1516
9374
7592
2376
4818
5192
4184
514
4646
2210
2322
8994
169610
4020
4840
2180
3056
4108
4290
922
2338
1550
2740
3148
382
7606
2300
9266
4310
2258
7726
346
600
6396
488
3072
616
2732
2716
99432
1940
4444
1896
3776
3870
4678
2616
1428
484
231992
1334
592098
7522
976
6194
2216
4596
4652
3312
3480
856
3228
1992
961060
13750
4854
4812
10906
4932
730
590
1018
4374
6676
2894
18466
5288
158234
2748
11644
4272
5918
3306
612
3940
4944
7814
4026
6976
7856
514
960804
6398
2638
3862
250
3376
3094
5020
838
4810
3114
3034
370
2740
1982
6668
8244
492
504
7978
4392
5750
6642
1140
2052
2510
2722
3484
4520
3554
166476
2036
4772
3724
632
4752
4468
3120
3450
946
240360
3402
268
7402
5070
6904
1806
7072
260
5998
948136
468
9432
3484
119206
2290
1326
244
3806
5846
964
2128
3756
3916
3746
5230
9740
3084
6318
5748
6028
5248
478
3962
3380
476
374638
2476
4244
1954
310
2568
5174
4018
3484
1084
4334
3318
1220
2810
130820
4168
474054
654430
3778
5812
4138
7236
3242
3668
3576
2452
1816
2742
7332
4166
1986
4736
7834
1146
4452
166418
3518
4588
1136
4538
1960
4090
1048
3336
3474
1836
3158
236
206578
4746
4536
910
8260
4092
5946
3378
350
3040
2322
660130
3802
2532
6720
3522
296398
4394
488
1542
2588
6656
2382
5308
10620
4050
8714
4568
354
7210
268
6122
5126
4274
4222
4998
5752
5218
5126
3530
137440
2866
5638
296
1986
4318
544
912
4572
4258
1304
3388
4796
3134
5570
725186
3068
4578
364
20528
2428
3540
5190
272
6132
2310
724
1672
3632
5606
4652
3460
126418
384
3388
3106
4254
2130
1308
6252
4620
4592
2838
2168
1612
370
8512
4704
435188
350970
1802
6792
10304
4430
2938
4006
6216
3928
3628
1028
456
458892
4530
3614
1780
3106
240
3576
2070
447592
3720
2514
4880
4902
4958
5242
2228
1698550
508
1144
5322
2460
2952
2858
3220
632
384
3740
12020
20220
5200
220218
4740
2744
2852
5182
4346
2972
3808
7910
5258
1770
2360
6718
376
2506
5238
4982
230
2742
2348
444190
3002
2300
650
4012
5292
8902
378
7194
7600
3178
90402
1610
286318
470
2806
3220
2112
1296
5056
9598
5906
3742
2494
256
2110
4618
1580
3344
516
4024
3328
3382
2100
1630
544
384
479336
1858
6568
534406
6046
7300
4978
4128
5398
5126
3666
86040
3128
482
4384
252
5162
2584
1658
1904
486
1576
3796
3106
1446
7476
2854
4330
5244
1836
8194
1950
2990
5352
5786
5192
42154
3838
3496
328898
4972
2244
4674
3734
5200
3912
3328
8078
5722
3994
380424
2430
21914
2710
2426
2716
4042
1972
3356
2912
1970
909750
4668
5404
854
1880
1324
5112
792860
2080
4622
429704
3012
3908
3628
590
4320
10424
2384
3414
7366
1334
4512
1560
4340
738
1478
171314
2218
1082
6736
3278
1832
64240
430610
2594
7816
1940
6024
4350
6838
3030
11054
3356
2654
1320
800
370
3290
352
4996
3888
4434
1870
4290
576
792636
5802
2638
4854
3824
1398
1838
3814
3524
4372
2034
2014
376480
3870
3660
11802
5802
4368
3836
207774
3210
263058
3442
3608
494
812254
7440
5418
2742
4578
4248
594
4380
220
3912
5644
4952
714
1800
2368
1202
5198
3056
3218
3564
2598
80358
998
270
4752
3426
4664
2846
3572
5070
272
2404
3696
4980
1074
5336
4690
2748
1010
5030
9088
9040
3884
3434
484
7154
3318
1416
3400
1986
3904
2514
5114
4998
5694
4010
5292
4504
12606
145474
1074
606
5478
4848
2918
1170
7980
4516
5360
1278
3326
286408
3026
315518
2156
3680
2168
4702
3406
478
5444
4318
3118
2336
3780
3174
3220
4346
3296
2232
6530
2844
2192
4588
2382
4636
3834
256396
5386
2742
3786
3600
5420
2564
3070
4190
310112
3086
2834
2790
2052
8918
1014
2278
4092
9344
2898
5816
7278
4526
2028
7696
2118
12382
1094
1018
3580
1322
4850
3048
1076
4766
5606
4012
2572
3164
2468
5266
183866
1064
4366
4288
482
6728
2752
269046
232
3098
3050
826
