7f:0:0:0:0:0:0:0:0:0:0:0:0:0:0:0: (total 7)
0 1 Thread 0 going to cpu 0
2 Thread 1 going to cpu 1
3 Thread 2 going to cpu 2
going to barrier (cpu 1)
going to barrier (cpu 2)
4 Thread 3 going to cpu 3
going to barrier (cpu 0)
going to barrier (cpu 3)
5 Thread 4 going to cpu 4
going to barrier (cpu 4)
6 Thread 5 going to cpu 5
going to barrier (cpu 5)
Thread 6 going to cpu 6

cpu 7 cur 7
STARTING...
going to barrier (cpu 6)
STOPPING...
Duration      : 10000 (ms)
Acquisitions  : 5951559
260
270
1254
240
580
1790
226954
2730
5348
270
280
4254
6370
4942
2682
3126
1686
794
30040
246
270
2184
236
706
722
682
8228
1458
1512
2028
248
1004
1210
112346
688
252
1942
3270
1170944
268
694
242
1030
840
1992
1276
1526
3152
924
2928
232
252
3372
2078
236858
4728
248
557750
66
1198
1116
1816
254
1668
708
63686
1084
3666
252
1396
740444
805710
256
250
3316
978
926
113894
1546
794
256
1944
5520
1000
1278
1456
73428
1528
2736
1534
806
1308
627096
1296
264
970
1170
122036
1954
2502
571126
278
254
1338
1552
984
173636
1114
254
1902
141534
2440
270
818
2906
256
712
238
1902
26662
2442
2218
5552
918
1942
1464
5590
40780
27500
3060
2468
612010
224696
1090
1926
1596
61622
958
1346
248
836
1066
4218
1526
9326
14632
844
2804
1456
1978
218038
1594
1116
1050
246
248
926
268
5110
752
246
160186
22244
1102
78116
1130
1362
1028
1118
159250
305988
274
2608
37162
2888
8166
240
1326
88950
278
1130
1192
2236
1144
97304
238
3912
260
248
48506
44820
1148
1220
250
2810
3956
2030
250
1664
155890
242
252
362440
5618
18412
3094
30962
716
6226
804
19354
201604
1656
250
2294
2260
1132
506354
2266
698
252
1530
957116
266
356352
806
839994
742
263682
87702
10468
242
1430
2454
970
442448
5184
850
376902
10058
3464
1524
168830
252
1300
373616
1254
2112
2190
248
18384
37470
349772
14030
246
980
1770
1992
1116
109264
234
1480
287234
918
124558
1724
3832
574
2764
2416
234
190368
1990
248
2250
260
4232
3592
1630
12980
262
250
340194
3846
2452
220966
23306
252
517028
21418
728
3606
238
246
1024
274
268
1852
1748
16594
2214
112624
2398
1382
359046
130930
2222
256
1632
4956
1050
252
180834
6814
1622
45710
184878
4052
526136
2384
36376
574
1144
244
262
832
274
274
244876
2232
2344
2504
1428
714
168920
1464
256
3564
10544
2268
254
2618
3672
1160
2584
113212
228338
340696
537536
1484
1118
950
307358
606
4736
8992
1322
782
886
260
568
1514
2794
1442
798
240
1904
698
1168
2338
250
14708
242
568
55096
4082
23946
806
130664
1246
722
886
794
1380
2216
252
1312
1128
248
2960
7750
1754
3120
1034
806
252
1118
1118
18688
1480
2082
824
292
720
690
1054
590
828
676
2954
808
1808
244
4274
2994
792
2074
641974
700
141270
1762
2572
281234
722
1122
2904
328978
2018
256
264
1942
2002
189334
1760
8906
2772
39460
5422
1546
656
258
1710
256
13428
250
1186992
1862
3862
246
1296
199488
4308
5294
535808
1860
1492
2158
4238
1912
1112
704
145246
34964
248
1544
266
264
469936
256
1010
417284
1628
254
930
2216
704
236
95690
810158
256
772
128832
698
164320
244
2638
714
114986
244
812
256
1738
1212
1176
214
732
15766
68
932
2716
810
1496
1936
264056
802
2172
258
143670
792
97110
2670
2588
1258
260
712
210748
236
2274
486866
706
5216
1246
266
18830
2040
848
248
348360
10102
256
1842
784
250
4602
6290
3618
1456
738
1244
42924
1788
246
618702
1186
1684
3246
4700
1578
254
1640
1440
618
15682
934
248
918
228
2576
248
272
1928
254
12570
430748
31760
3456
1108
4042
2346
6468
274
120242
86014
54734
712
84054
1248
2104
111818
632834
345898
2268
4616
580
722
236
371930
173824
1966
18382
2902
696
7454
485970
802
258284
89782
2684
254
4052
254
12408
1784
2812
252
2000
654
1006
1208
1720
246
1028
250
1250
562758
368610
2352
962
236
3840
248
248
1234
5804
2432
181372
1216
698
2030
34250
2056
926
341284
234
4914
252
246
1046
1792
244
2628
10388
244
4212
1158
1580
818
250
3740
274
224
230
1024
1050
4114
2520
3028
258
2176
1330
4334
226
1652
724
252
2484
154406
3676
3528
262
86426
113442
258
254
1844
1550
1156
986
1364
1148
256
238
1656
132402
1172
1966
57526
103338
1936
704
1830
232
568
1194
260
250
1622
240
1310
870
1036852
236
266
1974
2642
258
3074
3232
250
3174
1192
938
2362
6574
3554
238
4720
248
250
2806
250
1394
1118
54458
2078
256
636860
254
254
2196
252
1014
2070
183394
3924
2040
2716
2746
256
236
100792
11216
2168
2546
1596
3362
248
154220
248
4388
6196
1326
23688
710
1648
248
4362
270
254
896
26154
2052
742
674
26160
66840
260
1630
1258
254
283350
2214
193578
844
2958
248
4350
1668
2798
141000
1052
1126
876
596
714
1902
1760
246
986
351538
564230
2558
250
1012
3562
503422
2144
336366
58920
1204
242
5918
25846
252
214
160664
1344
1446
990
743812
6262
155320
3406
748
142062
1750
1254
1804
92876
429870
1174
1440
10762
694
3534
91226
4278
824
686
250
252
250
328392
4338
244
131612
236
69166
704
34720
3916
2318
954446
1360
10792
239058
256
510356
580
250
3268
864658
41296
2548
47398
28384
1924
45144
18346
328670
240
1408
1692
1976
676
254
552996
413708
266
258
4464
20216
96956
2780
264982
242620
256272
39010
317608
252
131726
252
1326
3360
272934
45340
1728
844
28058
680212
246
335148
5106
2628
714
2630
820
3002
1544
90402
694
414340
4028
7758
2356
3766
1996
1286
29770
704
26310
1700
1182
1720
244
887544
2122
29954
144766
8580
804
838
944
33410
544364
2240
708
2282
1390
23990
2374
2600
39848
2202
2350
436352
2488
1132
242
334986
250
648
1886
566610
1466
88576
1506
1108
964
1692
2286
1516
56640
3576
240
1030
252
1046
238
645234
9766
143952
1002
2680
1330
10844
250
212
2126
256
7662
274
1478
6164
54780
252
1504
49044
666
2018
3784
3936
132146
1078
590
254
291382
704
2590
1666
238
9272
250
824
2702
248
109410
1968
2076
2218
315902
796
3232
270
2016
248
796
2030
5206
934
1026
1236
2282
1446
4752
238
17372
1636
258
2238
1280
1204
248
35302
1700
24958
286
250
264
125146
1548
268
260
3076
1142
630
2360
1796
2628
264
2356
912
244884
250
642
272
972
4142
4104
526598
783916
2998
1998
964
692
2674
1050
2832
229290
262
1802
1342
248
2648
4166
1314
2340
538
1614
1544
879588
2020
262
3860
115410
260
804
1444
934
2718
2588
2510
1570
932
53492
2204
2554
2154
1002
2726
1242
425698
1802
1674
4522
1172
4798
782
3348
2842
264
1854
1226
734
2802
1582
4880
1372
340230
1766
1328
776
1932
2874
1640
1328
3100
1356
325630
282914
244
23494
256
1484
4496
1060
425416
1988
4022
42704
1496
26002
266
4594
2084
3078
1116
252
2702
1178
150030
520
3096
1866
1252
264
2808
262
230
2682
3378
264
796
2892
1890
666
292
2354
266
1456
742
250
321992
1410
262
1888
1220
105910
252
442366
269480
1806
4716
2192
1720
266
7984
262
2078
2038
1454
2992
2568
4226
256
57354
1032
265292
278
122238
780
2618
252
3592
268
2552
282
5842
2356
1298
1120
1446
730
2718
1818
5336
794
808
1848
1666
1312
2086
904
1326
2338
518
21756
2798
12484
1130
333806
2636
6492
282
3632
1434
1604
3804
128708
5772
1702
264
129808
786
1962
2618
1734
2010
256
2248
258
1870
3664
2982
2958
3192
790
4236
7376
1748
248
521644
1686
2506
1754
902
2558
2174
1902
262
368660
926
276
56836
3722
2160
256
1830
1456
3146
2006
982
155728
137126
248
4052
812
2216
1306
3784
304702
824
786
1186
1760
2958
5602
1296
418756
280
406766
262
46618
764
2846
2518
1876
48660
52486
332702
429238
1812
3896
41268
104748
309446
5236
252
1130516
586190
7506
2506
2418
3834
1314
2186
2630
606
260
61170
349766
264
254
1316
16510
3496
2182
1884
3024
3336
248
1044
1700
3480
1334
1944
5380
774
4724
1202
4240
3864
255854
256
165668
778
2032
1940
10502
2134
262
133128
1196
1752
142062
940
79428
94976
2022
2222
4032
2284
243294
1318
617132
68
250
6932
101786
248
15670
1172744
668
171510
4698
1248
49478
1240
3488
640
2342
3554
2562
1588
2216
2606
254
286588
1126
4208
2874
4142
542
3404
1974
1196
264
1110
270
378682
3094
3648
894
2216
1646
1848
262
248
2844
3918
5414
2980
632
2010
2378
266
2314
1454
2142
2896
4816
3250
1892
5790
5048
1144
1054
1496
1930
2492
1580
4532
3952
642
1258
806
389352
250
1294
2486
870
2688
2136
2102
2698
1740
1284
2016
37288
270
1058
415252
246
672
3340
2076
668
132804
176852
1144
2758
2438
262
5064
770134
2530
562614
1394
2786
7044
6518
2364
246
1382
1754
1566
3114
266
256
238294
982
2766
2354
2996
546
23972
3520
254
446780
2622
1572
1260
2382
278
250
20990
468978
1880
1516
2086
1464
930
1670
2016
1564
2164
250
806
2178
1530
1806
1664
266
1904
1148
3094
250
4860
1812
262
1316
171024
1956
1216
2624
4430
942
42384
2616
2346
260
794
2114
4316
1247120
1092
552718
62776
243534
784
2166
5130
3830
5400
250
1194
148024
4062
248
3880
2186
3448
3364
258
922
6168
2392
7216
1376
2408
1878
81714
4292
1426
4966
628
280
108006
3152
262
206676
2144
1724
260
2712
2782
2198
276
2542
3262
804
1318
3292
946
6008
168544
874
1418
262
16778
2522
1828
690
726268
1544
1030
1982
173498
539180
738
38636
2528
1359166
26898
1103356
1154
68168
101320
1310
50408
1698
2316
958
4026
964
914
250
2776
1428
4588
1254
1492
609024
1332
2002
118952
1252
286
2388
788260
2568
3740
284
756
1162
41566
1852
3066
258966
66430
262
1698
2886
1952
3062
102858
11724
4312
2982
1254
950
762
2106
3148
422954
3014
209832
930
8370
264
264
1552
904
2260
262
401222
650
1952
284
740
252
1394
4458
1288
1198
2438
4002
254
252
4008
2702
4288
176192
3158
2000
252
804
252
6368
149176
1316
3998
688
23830
6144
248
2340
41694
250
262
13514
1184
329178
1806
260
97264
3882
2030
1340
1266
310474
668
1270
656
268
250
1498
6980
1606
3960
195088
906
268
318520
566
74870
4092
440622
756834
398372
1324
73118
3530
262
264
2768
250
1256
4680
1906
3518
73270
680
1206
3534
1780
4174
226
3028
4116
272
1838
2168
266
166612
1160
45110
764
4188
262
250
1704
266
3104
2134
758
268
1412
1118
1230
268
660
756
266
155836
1424
668
798
2192
274
250
696
4334
59154
441260
77290
6300
260
2120
1416
1344
282
760
798
230
926
2658
1084
1134
1920
532
1064
2314
1558
1294
1444
5466
538
250
1100
1816
7688
279020
2934
694
2648
36234
3958
368846
1010
676
3046
1284
1354
5356
906
262
3122
2254
252
1572
254
819832
1982
4326
3558
276
1150
1138
258
2686
185156
1124
335694
260
5106
2480
664
248
240
536
725088
1102
2756
794
3450
952
1058
630
1698
6136
890
2668
4970
1684
145144
250
1660
1158
2950
942
252
1136
3942
5878
3740
2248
3200
1884
740
1400
8918
1328
4936
266
3512
524
974
3550
286
3364
1120
2436
260
2522
268
760
4430
1870
2326
728
1276
2262
1098
240454
8884
3316
650974
3720
4162
1118
2134
2558
2492
1196
286886
43770
4018
3072
2876
238
276
2546
1494
878
2020
1184
32168
42404
2056
930
3144
280302
1474
1876
1128
3984
179592
3446
11056
696
465902
56696
760
2728
419126
1410
6106
1680
656
3534
153742
21648
2542
3416
2212
5098
262
798
5628
784
2628
1792
2250
2646
532
700266
3124
3176
3288
27346
5874
66948
8738
3116
264
248
1026
2272
1046
1708
2630
99336
2370
804
1182
252
1512
3680
3412
266
652
3684
9274
516
2632
3214
2458
760
6676
278
972
2026
2484
1418
654
260
2354
648
264
4362
1386
469638
3446
3850
268
2016
6428
1852
3088
746
499298
1162
920
270
2158
3382
1560
252
1806
660
4342
1372
32530
2848
254
12524
61904
2544
1136
1592
2110
3682
4280
3982
1936
764
5912
299772
972
8934
1274
1296
522
1088
6000
882
1010
2496
716
3144
630
1034
6560
656
538
264
1800
1066
1182
2050
1282
958
2096
812
562
1938
115644
538
244
696
1154
87008
1416
1336
34818
992
1400
264
770
2036
1290
5708
1194
1114
1520
650
200922
686
1108
2372
258
1304
101328
1072
2208
16480
1366
7390
1082
2794
912
646
522
4842
730
956
2274
540
666
1264
2926
516
538
1184
3082
530
254
178054
2048
332110
3070
1694
3474
1004
930
2692
1660
664
1038
660
526
944
27608
16552
4276
1784
518
660
848
1566
254
4210
804
25502
1288
238
2844
2098
1430
1406
1668
576
1708
1672
2722
2464
4200
246
1688
1480
1306
2478
1668
2774
3912
1158
5066
1392
1908
648
670
3784
240450
1688
662
2142
89464
3030
514
1814
1694
652
1134
2554
3068
2622
3804
710
578
1938
532
2158
382188
706
524
2414
2072
2078
268
986
1310
702
2346
640
2272
710
690
1174
34606
728
3692
256
240
260
6892
1202
2154
2312
1254
3038
1062
1314
254
1988
854
634
2478
696
2592
1594
844
2800
252
1466
367584
2324
1480
1076
1566
660
516
966
157478
1072
782
1040
510
2022
1842
1424
930
698
976
1254
684
876
52636
548
692
534
1486
1482
1566
824
750
2820
1858
846
2126
658
1666
256
830
504
2838
814
266
986
5648
264
542
1062
91516
3068
254
1974
878
2254
1346
3364
2740
658
59456
788
2696
1338
698
33026
1270
702
2668
2786
1204
1342
2100
1164
4116
668
536
536
2138
1424
654
50782
1906
8872
1668
1472
169656
820
548
1792
71950
278
710
1832
242
630
706
1092
1258
321436
1226
4572
1646
256
1010
2624
1666
183154
1328
1004
2402
646
260
946
722
4136
85682
1572
210
1122
248
1614
1118
3864
1080
490
762
1456
2284
258
2070
1070
256
1180
958
1216
656
668
1906
116606
1532
55056
44754
1188
266
2824
878
1048
850
78868
776
644
113658
1546
4192
1152
252
680
2932
2804
3594
3144
848
3238
2986
680
1918
1900
1126
3610
3216
1426
1858
1542
52174
712
834
652
256
50232
2338
1396
21152
1668
161192
1222
662
788
3012
2192
433374
149216
254
1560
566
2790
147614
1506
1398
946
1118
31922
1646
980
225728
16920
10532
1358
548
92246
706
35840
1830
578
1154
530
4536
1056
2328
736
15122
662
2534
660
978
1038
1982
5688
244
84100
514
1594
2368
35628
268
169184
686
5068
1068
27726
724
3396
1764
520
2920
1454
1182
870
1424
996
3654
7232
1530
688
632
958
1998
67538
858
1646
1134
670
2572
1728
252
1642
2528
812
816
1544
3852
668
65912
708
1694
1928
1414
1100
5760
1220
1226
116328
940
373598
78364
4710
1038
906
1592
736
2308
4576
1342
722
532
1298
708
214
1096
540
1724
1200
258
210
2916
720
574
2792
686
636
2234
544
1076
636
2110
1596
118536
1134
92278
170012
2184
11160
530
121198
576
3460
648
1440
1016
21294
988
1148
137350
632
1218
1446
924
226
1166
652
708
34802
50568
1020
179942
256
244
2598
274
3036
2880
260
10664
2188
246
712
2674
688
2860
1672
254
898
1144
838
252
800
874
1590
1412
254
1808
1264
828
518
672
15214
304670
850
230342
1844
682
254
1876
1164
778
710
1146
137414
55930
3262
2174
1012
356718
72048
1284
1158
1160
1750
13392
2182
928
1374
3330
1632
552
254
2128
1460
2542
680
1438
720
932
1390
28044
252
1436
1558
3342
1952
2492
1780
105924
23538
538
1024
518
39842
808
1520
848
7604
1618
1908
258584
932
24536
264
634
1964
1948
550
1142
934
1092
1564
520
1290
1776
738
1810
644
2238
2484
1928
2292
26016
31054
1644
66646
1028
36856
1192
248808
1852
240
11270
520
802
1666
2166
43380
540
221488
2284
570
786
2006
1936
1040
646
17944
3226
528
4996
89070
1928
3004
712
1560
526
48444
1648
650
5274
244
650
964
82134
818
53268
652
2322
1008
584
20996
664
254
652
532
1150
1746
2724
808
1544
900
25434
1686
710
2658
648
2654
256
33988
700
1036
532
952
3206
282
2494
826
686
2006
1618
712
828
3022
3034
1048
250
2164
1230
1012
1412
958
654
530
2100
1576
644
1764
266
278
586
3012
654
1204
650
8958
680
1120
1866
3950
244
1000
2738
672
2396
706
1666
244
1556
102538
1360
532
834
2220
266
1052
246
1200
1544
710
130568
2632
256
924
1868
1122
26482
1488
730
550
1944
924
1246
716
256
658
3926
1838
1276
4198
944
3180
998
1558
7012
188342
1334
530
1500
1208
818
2372
22520
264
198240
522
1970
1320
1036
1998
1582
680
990
648
2184
4536
244
3418
21424
572
1998
708
5158
518
15600
1002
242
3446
1010
2246
1324
516
1014
704
2994
976
20130
268
882
240
3446
2002
1798
1130
1586
240
240
2148
564
1788
668
266
254
1960
3418
1158
650
3538
25012
1518
600
840
258
538
1538
248
1130
1216
992
1608
4088
710
638
254
3372
126966
810
534
1234
262
2744
29800
1000
4130
822
70180
756
2156
1392
4336
3196
7568
254
532
3006
528
540
676
1212
842
1352
982
3786
1394
654
1230
438498
270
2436
578
942
2468
812
2010
506
2016
1354
1538
2940
4872
642
976
844
518
978
1070
644
518
818
1186
248
2026
2216
2292
640
1518
3042
9710
1250
1846
246
262
1270
1874
24372
1062
79064
1668
274
1668
706
2740
2016
1222
3896
802
4606
672
1634
718
946
1006
1810
748
520
658
263228
898
246
876
1694
536
1258
698
922
61494
964
2106
1774
2748
1092
240
17514
23826
2418
772
588
2146
140070
660
15522
240
1180
852
1734
243892
2984
2612
270
568
250
518
674
125690
1530
706
4116
242
2492
782
980
1356
244
1666
684
3742
2122
936
1224
886
1116
328550
3822
295626
4724
2352
2198
520
755466
1552
16196
593878
62872
217920
1708
1222
68
5134
2028
666
68
912
1462
68
51864
2874
220194
66
87626
546
68
574
68
371764
2586
2600
2656
632
1214
1328
68
124492
68
1852
308140
1086
2296
912
453934
4004
824
68
334062
68
77698
750774
645596
740452
2438
190750
2872
882
68
1960
68
1040
2168
68
3726
806
82
918
782
666
2676
1270
68
2528
988
1430
3084
1968
1020
1796
1604
760
2316
654
66
314686
305086
1028
68
1202
2552
3270
1206
808
2062
110314
1220
642
461524
846
2504
3878
2740
1120
922
670
1008
1664
526
2154
2122
1128
161092
172274
1554
1394
1316
2120
2818
906
896
2482
40842
3090
2630
68
2468
66
27166
920
1240
756
3670
1558
1652
23794
1784
1668
2714
3508
1416
34646
315152
2354
982
1794
1242
107372
6756
1156
780
668
528
167878
1346
2426
638438
1314
528
62946
208310
2324
810
591568
542
1400
104550
162160
309504
1432
13450
3686
189312
534
3028
4392
896
28534
1340
273548
68
186590
836
1622
68
1922
284986
1004
10614
1388
3496
2512
1354
5374
4264
68
245810
100536
1020
2580
68
1120
1218
68
68
341688
60850
1102
2234
1530
253366
1708
68
688
68
68
64176
3470
88458
2974
370762
68
335982
2870
2490
660
638
948
3024
1192
40192
622
224160
56584
52680
818
1452
5736
79564
654
1024
1586
30220
85970
1882
296300
68
108388
980
3466
127928
334714
1518
708
1390
68
89854
2406
3622
142994
251362
52784
1268
2458
984
1614
1868
2654
860206
2238
1064
822
47234
288598
68
526
630
1296
3206
2782
68
220756
268228
2216
688
68
2406
85490
39168
2852
171714
239720
37918
970
584
68
463494
2562
202256
97668
66606
538
9018
19704
1792
3478
1912
4054
11538
5546
1992
69354
237336
1060
350356
2126
1344
2100
469492
227414
8922
1252
1964
263756
5186
658
1200
1358
33538
79476
92166
1752
20010
1456
928
68
387450
1468
1970
339518
254872
166684
68
553956
66
16228
1578
5296
3356
569958
5862
666
1978
234474
76224
124506
45378
1408
3970
1114
139894
1580
2400
282832
3708
2884
678
88956
31164
1872
2480
2954
68
104810
55852
1776
39688
53584
2512
1108
24068
161156
17918
526
22224
2230
1250
1134
1532
2178
844
952804
193100
374828
1146
68
333906
1330
45740
1504
379186
6542
658
427754
3380
1632
315910
814
1468
304494
668
1368
522
2164
454346
1680
68
376222
770
50306
1720
68
304114
3382
68
680
518
104186
1158
2086
1944
624
6482
1818
2794
70
143848
1664
520
1994
536
129540
68
1246
1358
2726
1272
2230
1540
3700
713732
346116
68
197130
1496
518
2066
532
556
488
77504
35362
1270
28414
1446
1804
1850
608
174646
418302
3702
312456
2540
1328
8022
4634
68
357018
672
1898
68
325910
2672
1760
1670
68
129194
668
68
31502
1806
273510
144084
1338
6514
2844
198666
3022
3140
173846
4202
1422
3326
29286
70
244102
378772
130990
602836
8854
2142
938
1988
2682
2258
2474
2984
317460
2386
1320
167634
128876
5180
7990
477702
2854
1366
918
708
154450
1640
1322456
1704
1830
1450
1648
678
5288
68
35210
44256
305906
2426
9140
2158
512
892
3298
264542
2178
37188
1694
938
758
2228
2082
27490
1456
1752
800
204782
68
348856
148458
846
1158
1460
654
213500
129356
734
2878
2220
112080
68
367376
2102
106404
374730
1880
4590
68
1524
670
902
4234
1370
616
510
1622
1706
1336
1694
465516
303736
540
662
904
68
974
154628
1456
666
1968
68
68
1264
2506
82
1658
1694
201924
341246
1500
758
1144
1892
2538
1076
2606
148878
74064
3320
528
2356
219934
2026
674
1580
546
1970
680
186764
99786
568
2894
1970
3616
1846
74318
1694
2148
68
124182
4796
308534
668
1120
1348
1020
2566
2726
260616
1260
4500
68
194258
496638
4662
1518
1086
1410
229426
1784
568
2214
68
1834
666
3408
666
1522
964
820
2000
68
1188
82
357188
520
662
4554
2056
778
93628
347104
760
1834
2372
1456
1938
1820
2716
82
73478
2766
838
64342
1136
540
1004
39542
1124
68
482672
920
648478
568
68
3542
5192
1894
1158
1766
405612
3998
1162
910
1492
836
1372
68
1006
530
199934
2082
1316
1126
972
48056
2780
1392
510
1966
4912
136800
18738
662
68
24210
2404
1542
68
2480
1394
82
918
2444
105532
806
129012
544
326700
68
38842
4090
25816
148542
1362
792
3074
1628
3256
3748
956
1436
231952
536
3018
580
68
2402
1900
2112
2948
2170
1000
950
534
544
2780
68
20950
2764
138118
1618
39982
504844
68
214460
68
369168
2686
1336
3632
82
876
854
497196
68
900
68
1014
1066
560
391324
982
3490
1574
68
283844
2292
191354
17702
62734
1520
794
68
650
1694
534
79260
215474
538
1152
2360
4580
928
670
1834
62962
71098
544
519906
532
1248
532
4584
572
1244
640
516720
1504
826
970
408880
1490
369168
3656
16468
1086
3744
2180
520
461568
34426
49594
544
68
1174
7708
2354
133318
2062
68
1226
5246
662
42244
183818
326566
2174
359236
122250
616
39206
654
69058
1792
516
7938
876
2546
392672
1388
339408
277868
382874
1086
798
3496
135930
4172
5162
1470
3086
628
522
1026
198840
2880
3502
417508
1160
3234
1842
3138
47618
538
676298
319152
2604
68
1804
68
57396
71960
344688
2318
1980
68384
2848
68
700
64294
1424
740
796
710
1112
1164
44072
1180
643270
131050
249086
1746
1094
334494
2260
5022
3140
1960
794
540
1910
1330
1648
217622
68
310804
68
173936
972
1258
1568
2444
656
66
1464
4042
1216
3588
377812
796
2058
684148
181360
68
614298
115286
123326
1332
1426
806
526030
1616
2110
2116
1224
256456
2260
2282
2232
1436
1816
2450
668
1434
908
1258
4492
532
1552
542
2100
2118
742
155462
481320
61660
159126
175758
1718
2242
1488
68
1108
2456
2238
1070
1926
1766
530810
1412
1752
430124
1918
896
808
66056
688
256
1244
1636
3772
6676
244
896
127264
1532
678
1324
1034
250
1004
1652
1326
509082
4036
1020
250
21268
2668
246
920
1402
1444
1304
270
832
1269636
252
2684
3648
1334
16726
623032
2366
296
694
3342
2134
246
254
2298
3516
256
1870
980
2544
246
262
262
103702
2366
2178
290282
716
252
2056
872
248
1390
23328
2038
700
479256
2630
252
258
264
1008
1230
339972
248
618
2934
1750
540630
592
1948
242
234
1346
48204
1890
1510
1226
3614
250
12192
347576
242
3072
17692
116172
672
436892
250
608
5752
4176
199042
5510
248
13538
712
570400
2032
1438
1776
2174
612
10210
258
790
792
964
3322
1004
488990
1310
47720
1332
2720
10340
1670
1756
230
248
604
1636
1894
2138
844
128382
1622
1182
301450
166846
804
248
174096
7076
884
1122
1994
248
242
3158
2510
1066
5152
238
1188
1230
1258
155474
2272
840
202000
248
284616
250
2460
3310
2000
254
1010
708
2676
1258
252
73076
258
196574
3444
1028
904
1054
1514
1968
246
250
35158
5214
3660
3088
125010
1762
15058
2844
246
369732
256
2032
334154
242
2124
160908
242
250
686
1564
238
2740
5262
600
248
111104
266
3784
1168
880
98850
250
700
896
252
1032
2150
4406
244
3162
254
270
49158
706
1142
238748
542488
5712
1302
34876
126522
1670
812
3066
1346
232
5486
1342
3022
250
52568
242
250
2140
252
14420
1716
1916
2536
649798
270428
248
250
2198
2662
244
3868
678
664652
108780
3198
1282
2478
2630
258
2116
119752
1812
254
1100
1046
185994
254
1690
694
84578
582
29852
264
902
1012
36328
1034
3026
2580
258800
2302
130458
5606
914
274
334224
1730
456274
2016
4112
34604
1294
594
400816
36228
1722
248
460278
236
2630
736
1548
4032
243412
2574
30244
6062
8952
2962
10796
250
397282
4686
14296
248
1012
254
3906
23758
216
35330
248
796
702
250
2026
270
984
3730
250
64324
1120
145784
67796
1432
1150
272
15702
1790
3442
89216
1062
4360
1132
258
650680
234
5176
248
1422
269642
268
2088
2600
686
1940
242
23508
87616
2422
920
234
238
2316
706
402598
2166
9218
256
2902
246
252
14040
1668
1978
486788
250
800
252
70442
918
2492
159862
250
1904
232
69170
246
28596
3352
33146
435146
1912
732
250
64922
680
248
66704
1746
2280
236
602
1030
460
602
2762
224
1712
373130
1532
840
2216
806
246
2124
2726
716
264
294
154880
2252
2104
244
254
2764
242
2598
380510
232
2254
68542
63796
1474
249854
254176
16108
1026
17376
260
2624
4184
722
972
1236
228
1406
3076
1576
242
163122
232
2298
2080
1012
1796
278
7318
252
1860
397884
2772
250
1162
2052
2946
1330
256
127476
3746
1114
1516
5898
1734
794
3084
1354
64444
9486
1652
2424
238
234572
36036
164844
734952
1436
248
1232
850
246
1766
2132
236
2224
252
2216
1348
706
250
2260
1532
676
2280
998
3124
246
1036
1206
1440
1176
1652
36074
250
93138
1724
250
208454
3820
1618
836
1562
32712
1628
1750
250
1116
2662
244
22168
1520
2278
1938
2432
650
3546
256
240
264
268
2460
3018
1690
248
2818
2650
1360
18538
1580
674
143156
4570
3154
1868
248
3926
258
248
1008
278
270
1422
260
6922
1602
326046
732
371546
3024
252
234
658036
240
1044
1966
890126
260
4600
258
246
262
254
252
264
694
112562
800
3530
1020
1780
710
1454
5976
1710
248
246
4096
549282
563700
248
250
2340
252
254
1648
2134
1236
1558
1530
1904
238
870
443060
256
246
1010
454270
2812
1964
135972
67156
3004
53660
3714
1132
2032
248
1558
2582818
29586
1120
4444
1346
264
238
2864
712
54364
4250
268
244
24564
4062
4618
254020
2532
778
3704
258
714
834
270
2072
73316
270
258
1980
1032
250
246154
242
674
268
242
224
252
248
1996
254
248
1250
254
1316
1160
716
258
252
252024
1978
936
339034
806
576
22994
1236
1042
3474
146986
216458
254
223602
1678
2088
250
232932
4230
6408
3934
252
3462
676
1754
242
13942
1220
1146
309328
1160
409748
254
1116
58980
4632
1908
254
1530
604
610
646870
262
1944
732
1156
1966
2670
371556
353552
272
3834
254
978
158678
3134
27964
1118
844
250
256
1268
6472
1964
250
1476
250
1380
921076
932
1480
1178
1804
622
149896
61504
250
938
583752
1392
2672
668
2834
2210
2626
20292
244
4512
418702
201414
26648
82086
5974
2044
830
242
1936
11620
32902
221264
307554
572
186068
647970
3024
52840
230
109396
276
2220
22996
2812
74240
276
252
10996
1344
260
191126
1064
1678
11750
250
2446
250
261724
246
120162
262
248
262
411634
1506
1920
258
30266
1346
6058
1222
254
2692
21376
303384
842
786
2176
17862
38754
2218
97022
258
117010
246
714
1352
782
258
649860
2362
252
1290
1742
3072
1246
252
2020
3466
254
256
1370
394472
236
252
1312
248
856
1244
1760
2580
316230
264
246
250
1062
262
3462
67830
1064
248
244
422870
2582
1250
691114
824
2640
248
60640
3452
169584
60520
256
730080
2102
76244
246
1140
608426
1888
1220
1900
4472
246
1822
16172
778
254
128178
936
1984
1756
2014
2564
250
2154
252
431606
468038
2660
700
2562
838
13166
250
72132
238
248
250
3152
692
1074
5670
282
258
2970
668768
1278
2200
83998
1852
250
1904
1716
48950
602
56004
29238
2002
8152
70308
6878
147130
246
5518
4136
28628
171674
1178
250
844
254
2158
256
70088
2010
272
1674
176590
246
100632
139066
1698
1470
43840
618
260
242
1776
2092
286
706
1648
248
8172
694
15884
1186
1112
710
248
1802
54602
1288
264
137500
2628
264
2102
3348
1182
1788
1318
1768
4512
1258
1578
592
262
3344
590
1926
678
252
2044
1958
256
46520
276
3226
684
76888
258
258
3056
834
652
756
672
260
53912
2794
5184
814
75726
4008
2490
258
1118
5586
487440
1168
648
290
260
3076
1964
534994
4358
1340
1794
890
916
1028
940
4278
536
2116
1242
1034
2482
5076
258
958
1362
3782
256
1454
7410
2512
742
252
245874
256
3928
250
574
544800
71804
1196
1150
43670
522700
260
2490
127478
90238
2924
2254
256
3956
3588
3702
1430
3026
1116
284
270
1668
2536
256
256
836
536082
28398
2586
40646
3142
2976
2222
3188
750
958
3474
359224
3288
5546
1720
1120
254
9816
155496
260
666
2138
8420
802
1796
394476
3822
1658
13198
1358
7588
4352
776
260
1898
672
1752
558
662
2028
1174
1262
2176
258
260
902
280
121024
1614
1336
3626
272
105112
208470
296
2004
117472
1436
1568
1760
664
4138
260
1206
266
258
1330
492118
2456
1118
1182
3382
2066
2808
12286
270
252
4578
8324
784
272
5748
676
156424
5924
4376
1216
3894
2206
642
43430
5512
264
3912
1012
1930
928
2848
666
4610
1090
3756
676
1388
1700
3678
1210930
266
256
55852
2592
264
3538
1238
1338
2792
6814
646
254
1280
648
1836
254
1682
268
2770
1182
2554
17982
2774
262
264
3128
1228
1302
276
3988
6904
1496
3818
1850
4098
2528
233732
298
14532
1356
2186
5424
1532
294
548
260
264
950
2994
266
2574
1912
2852
1298144
292284
1824
264
2458
1190
936
3436
258
4704
1020
660
1018
1274
664
3464
1564
2196
2484
262
650
3060
5730
260
4146
1616
1614
250
1958
5192
2768
1620
3148
4354
1496
2426
278
268
268
1580
4758
2160
4388
290
3868
2680
272
272
2514
288
3228
262
262
298
2356
405726
231014
102556
1432
369726
1128
982
147334
92934
78124
2408
2168
4688
5344
3200
1354
222212
3522
285954
264
264
3070
260
1458
1020
1480
7264
1230
1670
256
766
3166
260
132554
1450
68
125070
2102
2344
2394
532
728
2490
2236
5246
2704
266
1824
548
1518
790
632444
268
4920
260
4754
2296
3232
286
1012
1154
778
2430
1334
4454
298
21202
1270
1262
350572
2830
3628
2246
1596
3068
258
260
670
2056
664
780
2358
928
538
256
5064
1000
4118
1654
3040
1360
5196
1292
260
1616
1590
1286
2926
2546
1770
1312
256
229212
1288
1432
2196
2722
274
266
3106
258
1518
270
3946
1682
2528
298
284
764
258
544
1370
1724
307504
264
5392
264
138044
256
329590
400628
264
1022
264
5778
984
5002
164246
750650
664
264
496160
3506
2336
274
1222
670
1196
1854
68
97792
2362
2134
3084
262
1960
2310
87232
1192
2240
912
296
3296
566
75010
2454
3818
730
32246
1692
938
4998
1986
24622
926
11488
246
658
296
266
244
1198
3930
1280
2858
1580
756
279398
1632
3200
1910
558
4312
6338
264
260
3012
1786
4000
1956
1178
4592
2558
164084
2476
1114
2448
4760
1796
2082
3218
794
798
2494
1568
8658
262
1174
686
2416
3208
786
2900
5954
2624
264
260
1424
1300
782
264
77484
796
2068
1388
5582
262
898
256
676
1476
5202
766
239702
792
193234
74470
2762
413926
1812
680
268
262
2182
936
1386
1042
672
5510
654
3506
3970
1220
1252
838
2826
560
1036
274
5948
3622
1912
272
712
1910
1522
754
3696
268
1368
1868
278
1376
754
2754
324666
772
2186
242
1020
3540
1158
672
202220
1804
19612
2052
5178
2772
1156
1694
6298
2974
236
2308
778
1432
1220
654
2048
3284
2806
2256
173588
2810
288
6334
1966
258
2076
1942
662
1256
668
982
7216
2200
6024
3842
159286
1182
3108
1134
3230
1998
1232
1968
3120
1310
1148
264
258722
1866
3672
1364
264
668
3072
7550
95988
690
258
270
2354
1190
53194
1496
5602
1916
256
1000
2326
2024
298
2440
756
262
2026
49542
1042
22068
4080
1278
276
1306
194682
244636
1944
654
272
1918
270
258
2338
926
802
36572
336590
3308
1518
4260
732
3396
1004
274
1076
282
1944
2058
5206
5000
1666
65560
272
270
278
296
2106
880
1088
1118
2296
1198
1786
768
268
5920
2578
850
1748
1496
5474
1052
3590
264
296
254
914
256
1166
232
266
1696
266
678
848598
540
868
292
4278
290
1444
263334
2944
670
1172
668
2174
2308
848
270
6650
690
1802
260
666
3792
1840
274
256
4418
258
1010
2080
4146
1520
1342
1518
2342
1314
786
1362
288
4742
1690
766
944
122496
3480
4000
567230
4012
1642
264
258
266
1668
1452
258
2112
800
562
3752
1338
2498
1506
977636
1394
3644
1192
1546
5734
1368
2092
258
2918
1106
948
1094
692
1652
357330
164788
90422
3906
3020
1998
1382
952
654
270
327968
1170
141638
6910
616
48788
1114
3666
772
4528
1518
5280
4346
4126
260
3778
1954
260
5130
1862
3618
1754
4466
262
900
950
798
3280
2170
250
256
1458
1910
256
692
3464
256
2278
2382
2978
2102
1752
288
1340
670
2472
2554
248
5854
2712
248
1598
1784
227130
1236
286
770
265808
5436
1476
264
41454
1350
2094
2206
5040
1710
256
250
2864
2168
5090
262
952
1226
1498
890
270
2482
1338
521080
262
5068
642
2970
3182
256
284
3146
107032
656
1926
2330
930
96564
727978
874
3410
2286
250
142652
238
7036
1940
274
1234
642
262
2544
7832
272
3384
3938
260
2782
59686
1440
37108
89850
2492
280
2406
256
262
1628
1598
918
550
466844
3714
238472
2120
552
270
4710
4500
8828
298
282
3174
6608
146558
1068
4668
2072
1254
258
50198
59678
4278
770
106926
21688
296
260
1106
17888
28850
296
262
5036
262
3778
6238
3738
1114
2888
3264
252
126036
4260
624
270
696
1624
682
254
680
1942
188104
2180
810
8972
501012
250
516492
1114
1114
676
1998
2494
3970
562
1684
1460634
2996
292
296
952
646
1338
274
3912
270
668
2168
1822
68
3980
1548
4858
4142
930
3192
4604
2144
318590
236
262
692
2094
842
550
2012
1394
21544
674
240
27172
1478
90178
922
100226
638
28458
608
2902
960
264
232
570
62600
316344
538
660
1152
1468
5240
2530
1060
252
938
544
2466
2776
2356
824
974
5826
3064
19078
258
1706
2748
8522
16908
221582
1792
602
388494
1152
256
1030
1776
1136
2042
232504
696
762
4708
2368
2134
278
1380
240
1584
1812
126268
1860
716
69042
1668
148692
262
612
1956
1526
708
244
238
996
1592
2136
2732
402580
1354
1196
256
1144
1280
706
221712
948
12320
654
187376
1400
778
3334
648
3662
556
1246
3312
1118
27186
650
568
2224
568
185690
3834
532
3912
540
1924
1406
2476
534
1936
4090
130560
4546
4578
290
1568
550
264
1192
3426
988
566
856
3444
1456
1770
708
128054
3850
736
1320
1532
127990
1698
14962
1348
4760
940
1146
1840
2152
2822
2230
582
1282
2034
264
1444
1854
1828
6570
260
260
242
2096
6612
814
2764
1358
998
784
1810
1172
802
1638
666
270
1120
1310
534
244
2616
980
722
15716
264
264
742
1442
572
716
2216
389248
650
664
157534
658
1660
2244
1128
256
552
230
666
258
2468
594
730
2212
702
286166
1690
1738
578
534
1608
1902
1804
1028
686
844
970
560
1290
790
1842
1024
6042
38296
294
1308
4536
1472
1196
1152
6892
668
994
716
224
2396
31652
710
3762
18238
712
4990
2350
562
41422
280
39340
792
530
532
1790
2416
254
1138
546
280
262
658
614
1710
706
14652
106094
2224
1288
1742
3490
1142
1036
1460
1732
260
702
712
1892
17716
540
264
2796
2282
1438
2758
1748
966
526
246
2696
2236
17570
4860
328614
272
2584
568
134144
652
59666
1014
2122
810
572
39346
298
1998
840
536
774
169784
4132
288
840
2716
544
570
298
238
3892
1066
2220
970
1210
264
720
562
1404
762
538
296
1086
574
710
276
254
1556
1372
2004
1868
978
242
754
20040
1912
1048
1080
2108
242
262
181516
708
2658
2856
1608
1330
552
1786
1556
654
678
2394
1654
636
2258
1032
730
248
2800
4996
11260
1282
650
2990
586
1184
672
2358
3380
534
548
2782
2588
878
264
16284
2172
1202
8576
680
1450
1170
1622
242
1534
836
1648
35072
262
1070
1746
72638
754
5684
960
3022
2276
21322
13256
256
264
1756
4300
976
612
68
36516
680
1316
1170
7648
1176
4996
4948
1614
6104
1698
1866
550
854
6958
3264
2432
1750
296
2976
560
1750
2104
272
244
876
19362
952
4988
244
1656
1254
246
79766
10722
660
282
1258
264
1128
1326
570
4088
2350
180686
2240
1728
262
2554
3032
2796
1778
262
1422
2896
1270
264
608
1004
1030
2656
1418
246
654
2050
1502
394620
1260
1444
262
242
3234
20488
244
652
1632
1186
3608
1208
266
143658
656
654
2388
656
954
276
1084
2974
554
79650
1542
248
2698
642
250
614
830
1914
2146
1062
3414
1668
936
734
1046
998
2214
1366
932
2170
676
2156
646
2826
992
946
1574
846
960
242
634
656
5822
848
5234
4942
1232
2462
5056
1920
7600
1174
1278
1718
3736
958
1558
1410
2318
258
544
530
260
6686
724
250
66616
660
1116
1282
250
252
3624
784
2958
676
1824
1492
2294
688
1396
28464
244
1424
282
260
652
178830
534
528
1390
240
670
706
1348
3026
1170
51876
224466
103276
1174
3900
544
740
4686
778
648
1966
556
1306
1806
1398
127230
634
730
852
700
536
2656
1058
266
818
900
1054
740
1172
1918
654
1784
3122
2524
1038
1456
904
141336
3496
260
1186
1300
688
2958
21362
1752
1130
84132
268
18430
274
1714
88714
768
1334
4392
534
4666
298
562
1666
572
1424
1900
1858
1978
266
71896
1112
2268
2080
3030
1436
1660
820
1028
2630
39232
720
796
258
1078
2518
2578
4464
1078
644
168964
2170
1696
558
2208
4030
1352
31768
262
688
1534
24460
676
1680
254868
1462
2234
1244
764
270
1268
262
12192
2332
262
3400
3282
684
700
1448
11200
916
252
230896
240
262
3454
292
1590
1642
848
706
550
260
7792
3616
244
882
1694
81326
1264
678
1366
4278
8300
262
2438
17634
244
240
274
660
2150
1596
1162
260
1174
1248
3814
3186
1876
1158
6186
242
1578
260
3278
262
258
708
234812
604
662
710
3316
570
646
13110
2826
2766
18248
1398
4232
1242
1348
1396
552
3012
4824
768
3498
253368
1644
1232
3596
674
17616
822
264
3418
1154
1606
862
260
67486
163522
1226
240
948
1586
1384
9880
918
1786
844
828
1580
248
6392
1734
790
608
22226
530
1072
710
1944
3142
1714
704
828
840
644
1148
2354
884
532
262
734
2828
4646
654
668
1948
2104
69162
714
2144
254
5926
92936
958
554
1352
4290
958
260
2656
1044
598
546
1864
1400
1376
3080
1364
51210
3194
1000
1390
744
794
678
1418
1690
58358
1814
2764
1302
1202
279158
648
2084
4930
1072
24974
1404
1098
278
640
50642
770
1026
1856
698
2268
89988
774
244
844
1396
112130
3988
5426
1112
2726
1904
682
1248
246
534
1414
720
700
1570
792
2776
588
2048
26496
266
564
1282
898
2432
2812
523744
570
82976
2534
674
1330
126380
2254
51688
650
5124
928
3616
1454
600
2524
240
1124
1910
1978
260
1328
716
1484
1000
3370
662
238798
240388
1434
2310
2164
2466
798
244
1904
656
1286
76628
2596
2270
1694
672
808
4394
1216
3026
1242
536
1636
2686
862
244
1214
3494
4530
254
2228
264
24914
240
1180
824
530
264
1408
1444
1902
702
163606
2194
1604
3358
704
244
3618
260
36864
222
680
1256
778
2616
2734
2366
532
776
1226
242
294
716
646
