ffff:0:0:0:0:0:0:0:0:0:0:0:0:0:0:0: (total 16)
0 1 2 Thread 0 going to cpu 0
3 4 Thread 3 going to cpu 3
Thread 1 going to cpu 1
Thread 2 going to cpu 2
5 Thread 4 going to cpu 4
going to barrier (cpu 4)
going to barrier (cpu 1)
Thread 5 going to cpu 5
going to barrier (cpu 0)
going to barrier (cpu 3)
6 going to barrier (cpu 2)
7 Thread 6 going to cpu 6
8 Thread 7 going to cpu 7
going to barrier (cpu 5)
9 Thread 8 going to cpu 8
going to barrier (cpu 8)
10 going to barrier (cpu 6)
Thread 9 going to cpu 9
11 Thread 10 going to cpu 10
going to barrier (cpu 7)
12 Thread 11 going to cpu 11
going to barrier (cpu 9)
13 Thread 12 going to cpu 12
going to barrier (cpu 12)
going to barrier (cpu 10)
14 Thread 13 going to cpu 13
going to barrier (cpu 11)
15 Thread 14 going to cpu 14
Thread 15 going to cpu 15

cpu 16 cur 16
STARTING...
going to barrier (cpu 13)
going to barrier (cpu 14)
going to barrier (cpu 15)
STOPPING...
Duration      : 10000 (ms)
Acquisitions  : 3285396
386
7092
2468
722
1376
2956
5540
2170
832
812
1310
254
2050
97936
1042
5834
770
1112
1640
1452
260
252
98540
1054
1942
447240
356
226
2286
1062
2362
2150
316776
2034
2404
9052
1492
5236
1708
754
890
271100
804
782
520
1709974
672
1032136
532
740
2100
1182
5560
794
1142
1452
2392
3324
1980
2796
1040
3246
4972
6882
3234
2376
1728
1234
157164
756
710532
3376
2220
1640
256
2100
1780
3990
506
1128
46248
1090
3084
1692
1500
1398
2952
6834
6546
1220
678
244
1576
1796
3416
2812
706
432172
1138
2110
2176
738772
262
658
1380
1150
2044
1230
409970
240
488
5784
14770
2202
254
6370
282
3684
2336
386366
1586
634
1508
2074
3452
5542
3444
7812
170656
2276
2326
246
1130
130354
2210
1124
254
366
1660
1292
368
1706
663592
6800
1790
2273726
2600
516
929806
7202
3132
1978
1796
500
2780
1820
630
262866
1736
7044
1844
1940
628
510
1512
464
1403464
1724
918
813024
2628
1166
900
770
4220
1842
1892
3600
604
7400
1284
303750
56492
660
2902
522
870
254
2296
149566
1374
2504
1952
2370
806
7230
3049110
1738
1118
1064
5640
282
628
950
2438
1866
6022
680
764
928
191578
950
3172
1446
238
2556
2158
4552
4700
768
480
1514
1086
758
240
496
1220
1622
214
612
148020
174190
654
3510
2775816
3004
2562
3518
236
193248
2656
6952
92988
2224
2658
3174
2828
632
4112
1002
2490
1466
577746
502
890
2742
1544
1110
2592
2544
3932
690
7200
7232
562
2132
246
214632
182748
842
2238
352326
1604
3838
368
2778
1174
10124
944
264
1170
5446
260
3478
1046
348126
1762
1432
776
4344
236
1806
5472
483784
1716
1668
2102
770
1280
1010
666
894
986
2138
186598
1560
1672
1222
892
258
3006
816
736394
5126
5010
694152
3518
2944
2282
1700
3832
4622
472
2356
806
4480
2492
266
952176
5822
1322624
984
557666
630
1780
1060
1610
1344
151438
1088
1154
678
4422
2976
1008
4360
234
1406
276
2040
1310
242
2948
2760
1046
57990
710554
3130
2272
1492
3494
2174
2638
5476
1406
7822
36936
5108
1406
3582
1444
2374
154534
3556
1284
3360
634
1500692
1296
3286
1942
4486
810
2288
1151170
1118
7130
282
622
2648
848
640
317568
1928
356
486
734
3256
7878
760
1834
2662
1330
236
524
1048
1664
3012
6526
264
2462
1862
240
3086
1142
556
2356
862
982
898
2934
27376
266
295144
3286
5720
1594
3316
1126
5608
1990
2396
1074
3188
2350
2592
4240
4154
6456
2132
236
558
3817576
846
3396
7706
3412
246
3828
1828
242
8024
6436
6722
2604
494
1526
4494
1438
2045450
246
1138
6380
2186
18966
5634
1088
468
500
400
496
1194824
56470
516
242
2564
162454
256
6196
814328
228
880
3068
848
815750
1240
384
788
1966
664
1028
120984
169494
1904424
6182
376
618
540
262
1654
1638
1150
884
3522
253022
28106
2160
1310
3278
6532
2156
35826
244
244
84340
2500
2994
1832
542
975226
3612
874
3378
3398
990
990
247354
366
6828
5784
564
686
10418
2920
1502
680
3334
684
2694
1984
2746
1778
4358
970
626
638
41288
700
258
2712
170768
6064
256
1352
2676
512
3248
4470
812
274
246
878
166596
2084
2176
1924
3498
1688
2368
7298
1224
254
678
4176
150962
1514
222462
756
1384
1300
789056
1414
2218
5258
1148
1412
2370
2054
9838
1894
2254
1426
782
234
688
824
3816
2720
1474
5054
1724
4008
3458
249216
738
6916
5730
2434
2516
2686
2458
1806
958
1014
3314
468
819452
1482
748
4740
254
5956
878
1386
1544
5682
1348
5594
5758
1248
984
1186
163988
1706
384
11498
1390
4854
2098
1304
1598
546
886
4096
1890
1683576
1244
347744
7690
833110
568
2698
4158
388
1066
1966
716
890
526
1746
4482
7918
230
2150
1710
3520
3132
1832
922
958
1626
872
517638
3748
932
1676
2046
3106
1764
5096
1410
2106
1780
2184
4732
3138
354
3922
674
4344
1170
1672
244
5660
1846
1896
4594
802
382
83664
3340
668
1420
568
258
4554
251122
268
2200
680
1910
508
2244
690
1010
266
4818
1014
668
534
10598
1218354
886
998
1312
76530
206254
258
3740
2900
586
1074
1204
894
244
1160474
496
246
5488
360
1030
308026
250
3968
916
6006
2054
1032
1144
234
772
780
1254
246
4094
256
9388
810
4126
4192
2044
6684
4484
3602
3500
11272
238
358
9242
870
916
2282
1302
2442
580
4400
1258
256
2050
1284
1221154
734
1403348
4528
1472
1536
2318
3576
1030
1920
1702
2880
1436
31498
3076
1002480
2268
594562
260
24880
2334
240
832854
782
1188
682
1550854
770
281854
4498
2108
1452
358
252
2324
2818
3454
2604
2256
1634
216712
3058
6430
1632
2412
766
3316
242
5688
888
7594
2820
638
1622
1996
2442
2906
912
340
236
1394
2738
928634
161492
750
3112
4966
356
3054
1784
238
2126
1550
356
536
562
850
3816
733682
478
236
2106
366
2122
758
1446
700
1210
226
116208
548
1462
256
882
1112
52260
1940
3168
1886
756
1678
6910
9698
99028
826
2628
6702
740
12860
670
3010
1082
1386
2256
3214
588
894
502
2362
561760
4890
1642
2902
672
1828
56112
251988
760
256
5432
386090
37954
7794
7810
3824
2724
1296
398
1561100
3940
4414
2470
1530
1532
812206
390
2684
2406
1806
804
4308
364
5150
455724
3110
2668
3316
1578
7136
1260
1320296
1084
3212
3452
1332
4836
1208
1868
682
630
3600
1526
632
2142
2324
5488
1564
648
6670
858
994
894
5256
603898
610
5150
3046
146488
672
1324
1226
998
7102
928908
809324
538
748
3656
1244
1200
3904
1020
996
2762
1752
818
1322
3734
1108
797596
1976
113812
5440
4630
262
1148
10850
195416
1076
745238
242
5860
822
1536
3034
11374
864
3018
264
2336
2946
384
516
544
252826
254
1600
5200
521004
298174
676
1014
254
368708
2950
940626
1202
1364
4176
68
9496
4239652
1161720
97678
6134
258
1251426
2396
504
914
644
4066
1890
2600
876
1136
5218
1528
280948
244
510
5524
1111064
4728
8462
3468
4792
3002
5344
3404
4812
1116
4514
4432
846
4036
606
2268
532
390
2380
2522
243314
362
2204
1654
372
2778
366
1118
360
2356
4568
665140
1206
270
2662
7988
2692
1830
2736
492
996
1814
2230
238
3218
792
12350
910
2258328
482
508612
3174
2972
4402
10118
2320
66
787514
10454
2500
4709700
904
6302
1512
9590
2556
3410
13956
6006
6926
244
4890
1472
370
10082
912
784
2278
4686
842
1726
8094
1360
772
902
992
4086
1084
2142844
1476
397992
282048
7948
1124
5982
3006
2028
4999094
1392
2144
374
3150
756382
2794
1964
276
364
6224
2352276
1572684
2870
4928
266
6474
229946
3430
10846
16102
6448
692858
766
388
240
6230
3996
6894
6966
9742
18768
2914
2140
4332
242
1903934
3394
1976
5654
1496
1117290
1870
1984
2252
1534
1942
332
2468
806
5062
3982
1854
2272
1532
1506
3704
752
2172
788
2986104
9200
1124
952784
2248
4802
1672
2520
7270
6266
103004
2358
3684
1224
2997202
234
754
248
5442
6396
12420
5956
484
2296
2600
4172
1002
9138
1171216
70
1658870
6056
10542
252
159766
3072
392834
1342
2344
534
836
1978
68
1049828
278
922
1012
3122
4604
169588
278
2122
4332
1810
4844
1589388
1696
3662
5344
3590
696
250
250
1110
2660
7444
1472
1452
629206
5132
3516
1122
7428
262
258
488
5744
2810
248
1659316
6022
9744
8202
378
260
8442
372
912008
10010
1286
1704
1824
38168
1610
6922
266
1142
8454
380
5530
770
7856
2665242
616
4340
3762
2188
3282
4668
4700
396
1667304
5224
8178
1036
238
8228
375814
8742
2584
4252
382
553594
7986
1595524
372
1496
1256
258
2618
6446
3158
1992
1798
4786
3964
637328
2690
486
3214
934868
5910
1072
1434
1946
1124
350
358
66080
1482
7392
1634
6690
1796
1164
972876
4830
1450
2068
1208
6502
256
2646
970364
1726
240
1323184
274
3666
400636
4712
592
1156
1180
16492
392
2938
3204
12272
6004
108092
1014
4182
13534
2956
8100
3194
10234
238
313934
10652
12056
2856
10718
349782
678
2624
1120
2792
3400
2183540
358
180374
4056
2828
510
3612
8106
260
1532
1394660
4372
2932
1356
884
358
3932
802
4818
3626
536
700654
2408
15660
400
8172
17898
252
2846
1618
268
498
2480
6148
10006
1616
746
494
3362
1560
1368
1043712
18068
1676
1656
2190
234
946
3382
364
21590
5930
7234
1636
2978
2834
3942
5524
2788
6966
1096
1990
1288
770
240
6128
258
77148
3726
370
776
244
1792068
1728
598
230
5098
366
2120
1304112
244
19072
1012
260
992
425860
756
6022
9040
246
242
254
606
1738
248
1951714
283690
3482962
668
2432
6318
2501206
1916
530
1420562
646010
356
248
8972
3344
348
39462
573612
1662
984
5830
2666
6916
1770
2526
250
236
1532
2436
57542
8252
612
852
906
1544750
264
4482
1350
1663916
260
4238
626088
32718
158036
363336
934238
139928
2320
236
1194
2942
4416
244
15122
384
1640
4600
632
254
1640
504
7850
2272
11092
230
1468
6220
4012
260
2240
666
518
2034
6260
342
3284
256
1620642
2192
6124
352
8016
376
1346
4726
256
3322
4624
1358
7656
1330
7512
1292216
7572
888
512
5224
1428
1123190
366
3346
624
248
2389546
6200
276
7246
4248
3608
1042
1606
1412
8578
5916
5222
2736
1766
3632
24538
958386
12092
8614
1252304
5244
4285738
68
1970
1778
4680
7726
3976
13272
370
4654
5086
3048
4404
1620
380
7784
2716
892
6544
3756
724
2824
1151678
364
20400
506
5962
2380
386
2100
1308
2948
330838
1860
2328
404
699154
3260
2767578
376
226
94058
2044808
9728
3142
356
418
985402
1050
358
1960
2668
13538
7024
1075710
1488010
360
774
4884
1524
9394
7458
2218
1014
985130
1486
1494
1538
278026
4284
1762758
1056242
1329698
35588
266
754
1082
11536
8744
266
4128
460666
4972
244
7084
3686
1092
1962
3692
7018
5772
366
4428
5472
4500
88356
3768
2202
6202
240
250
4698
252
1678
4622
12686
2872
384
1682820
378
7686
2368
2124
70
372
1444
655934
492
257844
5962
6384
494
8592
1532
844
3488
250960
252
2078
6508
936
2038
6230
760
3676
6638
9376
364
8594
1030
610
4894
71586
473178
1884
6580
2234
220
3042
1622
8326
242
1944
278
246
354
268
1778
1226
944
3434
1886
5066
7330
4192
1800
6374
3330
24580
12674
173932
443940
1739590
8060
1804
4128
17160
2220086
3066
2876
1294
2080
2814
1334932
3412
1610
10046
5838
2330
2580936
200010
1288
2576
366
6790
3590
12512
1998
506
16894
1942
11564
366
1112
1758
796
1321676
1430
1598
3866302
68
1372
1275862
10128
2114
344
402748
918
2372510
236
1574
1063960
746
2176
400448
1136
2200
1788
1432
2650
9060
1158
2302
2294
4604
246
6128
3202
6376
3514
194160
3774
360
348
5672
2394
329550
4328
6736
384
3630
2226
358
1166
5190
2388
4612
12764
6010
2432
5772
6014
4352
2700958
5266
4504
7876
1518
582084
1124432
666
68
44720
1873184
1269828
846
484
2716
620
3280
6664
4988
3076
2969578
4610
860
5158
10424
3530
17384
4530
3504
656
254
4882
1130
4300196
1466
872
4376
1206
5472
8600
9384
640
933994
3614
4614
3004
978016
8348
1522044
1052326
602
2580
4058
1892
6976
5918
1012
764
58740
1426
240
7296
1582
768
8038
4352
2640
260
909910
382
4868
10244
4824
8264
1334
1408
3378
500
238
370
7294
4106422
8324
7204
4444
2726
7474
7820
1841954
508
1302
872
1530
512
861996
8276
1832
4538
1904
402
2200
1532
6460
30646
6288
6616
4646
360
5092
1774
2950
7132
13502
8802
1666
1358
3110
1912
7382
238
504
1504
838
290
3828
4626
1232
2192
3176
250
843202
360
2420
4786
12742
3846
128402
2824
9120
1590
256
1226
1542
1110
3296
2584
380
3152
3680
4414
3322
11390
42628
1822
340800
1188
7472
10930
10876
2528
3034
244
932
658
3940
378
1939152
813962
250
419338
17290
356
1506
7738
7530
2406
6104
256
9712
7214
7024
5646
1714
240
210
250
283766
1976
3698
6500
1580
260
4778
7278
1354094
808
550
3240
912
2060
1570
6644
9814
8532
1698
2238
4916
246
1635608
11480
231080
1310
1958
3045408
4674
368
9790
240
2726
652694
225222
6516
278
1956
2696
530450
1344
240
4532
350
1206
3220
3466
10318
2884
2680
270
2316
1009984
1107202
827718
538
392912
2558
5576
2960
5792
264
2614
8566
2477054
2234
260
3964
3864
3208
782
1849300
248
1600732
41512
234
2039978
180056
245986
138752
1706
2230
49048
5000
1150
4892
1396
369312
1930
5276
5310
969024
5398
1038
2139782
9598
5822
2618
10826
2282
3080
70
2790
70
68
3254
262
8244
6864
2198
2978
1640
2144072
906
1208
364
2350
234
1832
11666
3766
691000
2084
2186
878
234
264
1806
252
250
7484
892
7196
70
70
3416
4316
2476
246
9982
4980
5322
3256
3250
880
2394
2766
9498
2676
1210
2112992
244
2576
1224
2196
2154
1524
1050
19820
1806
964
3960
7240
991304
1087762
6316
70
2174
16738
3846
818
5200
566
3912
1682
429406
6842
7048
3774
270
105302
752818
70
7074
6200
364
376
11140
11564
2004
6276
4852
9140
3500
370
68
70
426
266
232
74902
5652
4696
348
1752
364
268
254
810
5400
252
250
346
3710
252
1718
4376
8608
14728
10432
3504
849754
404
4356
376
1126
13936
5182
264
376
3408
950
816
2902
5038
1068
1812
1542242
3030
3976
13574
232
6210
506
9264
1478
6738
228
1987658
1590
941374
1994
404
846
1888
2244
640
272
354
836
5820
812
2527506
4524
984
7304
6418
4104
692
248
794
270
1888
3842
2428
10310
2218
5736
258
2322
540
4892
6072
4042
242
1385518
1818
916456
3116
354
1190
1037760
2136
578
234
2172838
354
1024
6120
3804
7848
604016
482
242
224
374
5762
270
2646
3864
649776
3372
6894
2434
4034
822
4680
264
149122
818
250
4204
362
12448
232
380
5864
4110
8312
1990
3428
6596
4168
928
3034
1186
3522
7982
1136
2734
936
4948
248
4194
4118
6494
2000
7444
230322
3132
2734
1450
1422
1304
3162
1254
70
242
2148
6074
2851798
3045060
4254
5718
2936188
1158662
2844
11788
5480
366
610142
85780
2262
494
7124
6314
256
3146
4342
366044
3272
3780
10712
242
1096
10838
1146
6048
20448
497136
250
4030
2524
970
161036
240
8164
2388
374
372
2372
240
4026
250
264
3998
6658
5622
834
8778
784
1560
264
1388
4748
248
232
9320
248
8356
5200
936
11990
360
5154
922
374
804
376
1080
12880
1138
946
4084
374
2077478
51080
356
2210
400
4714
264
1523234
368
1502
229626
2548
6508
363272
3802
2322
3134
1054208
1736
2432
1821670
250
3824
362
1970334
6066
470942
9730
2368
959682
6350
1554
258
822486
6514
7920
658
924
894
1976
3204
374
70
70
1378
1254
1396
8954
2578
370
578
70
1112
5898
4950
88584
70
70
1408
1686
70
70
1192278
3546
23056
1756
5428
3038
825166
548
12094
508
250
2536
1698
1605566
432120
7040
484
690
5652
360
1938
512
11880
362
260
866
3758
8706
7888
630
250
5560
6286
384
4990
282
256906
246
358
1742
998
4988
7288
5960
262
1782
3682
1026
262
421250
4714
1094
3384
374
240
4870
5408
3010
360
240
248
389360
1519860
5364
786
376
750
4690
1396
1828
448482
6260
804
8740
4068
2186
398
5064
1904
3344
656
840
6406
244
3456
1228
3454
2854
68
1496
52468
2220
4823262
22486
1408
2484
1187910
1658
1125604
1324
10676
8958
68
5736
2520
2866
236
1612
3958
2240
4074
260
7530
3690
1146466
2062
5764
266
349040
1102674
12448
1034958
3612
70
70
748
17942
1686858
994514
1082
1740
3503986
502
708
4194
2992344
2492
4940
1190
8910
546
146006
814
262
2430
1524
148366
1342
8114
544
1972
2600
321864
2130
1702
2284
8328
3408
60518
454438
3622
2624
500
384
6622
1756
1582
670
268
602
8450
3606
7364
1334
4626
4602
268
1238
2088
8746
8570
14816
914
268
1324
1494
270
1088
2220
242
3808
3148
3506
6608
5924
1064
1396
1964
5150
72
70
2080
1924
1388968
1804
7036
282
590
8942
4962
3744
6972
70
4410
1363762
2698
70
5164
1322
2296
356
2180
10872
2944970
2873810
2448
1408
272
2280
832724
7582
7544
2228
3392
2076
17926
254
148868
3186
3974
2722
3576
8320
2216
6570
2434
1642
1662
1864
3284
2622
3324
1050
1767578
426962
70
6480
4856
3152
688
449080
10950
2138
2856
3064
624
3210
1204
284
6136
244
6938
684
6164
4290
2190
121630
2574
712
492
2560290
3932
564
2784
6996
372
354
252
1622
3648
914
3430
1680
5732
366
254
1738
5232
774
1826
1204
5974
470
4936
4068
1256
246
1856
754
6554
4974
242
6622
2987830
7258
2456
960
8722
360
759778
6782
3376
262
1852
2358
2268
802
7450
3998
12590
2750
10644
2034
2546
3422
724252
90
1674
3628
1378
2740
248
260
3912
262
8834
254
406
2390
116088
70
7060
1346
816
609356
830
2860
1908
1284
2932
4786
9868
1156154
1254
3642
7644
1670
266
6119940
5538
3250
244
238
8128
5380
1674
1134
6442
7908
5972
5124
2261480
3885264
3244
863148
2006
9188
30672
262
256
7714
9396
3210
1278
488
2620
794
10198
6198
1388
1574
11818
1294
926
1470
6224
5204
248
1388
554
2188
7696
258
496
730196
3936
3360
5756
4108
5084
6138
288102
4412
1391518
1062
622
1548
2448
1528
252
3504
10932
5282
2754
6992
217932
255998
5192
5672
349970
4474
5486
3728
7104
72
3386
355990
922
4640
508
355558
1762
1474
270
3796
1946
248
5686
1338
2160
2626
7340
2070
1770
482
1648
17896
1154
392550
240
7080
2062862
244
3786
8590
67462
1203020
1112508
2926
260
1976
3557034
238
4476
5054
529398
1732
89088
1008
4930
10544
1848
7570
7928
1178
1372
3534
945078
1686
163300
4832
592758
6040
7966
2782
4420
242
14878
258
3758
268
3474
11392
536
2270
11466
4714
1960
890
3524
3356
2594
3550
11900
242
2820
5090
4686
2752
4258
1350
3470
4782
6670
4750
6864
6094
1896378
626
4170
3566
7874
502
260
1244394
3532
7318
8610
955266
498
5008
3048
395328
242
6758
13034
3646
2094
3676
396
756648
1296
1104
7990
1118
4000
2768
246
384
4138
813334
4324
8224
4606
5612
262
1698
376
478634
2306
1740
2904
372
5688
3138
1160854
1508
3040
366
6680
5090
2872
34176
5376
1744
260
14052
2814
15808
999320
6022
2332
1494
1116
2830
2868
10278
236048
2156
12216
3340
248
8854
2316
3262
15742
892
1746
9374
1686
1256
220
1410
4968
638
2436
8388
900
1130
2792
1782
1388
569708
246
3552
1166
650
258
1258
5684
374
3378
2526
2640
4552
1934
7880
644
7354
240
1672
9302
5094
996
1570
8608
260
242
1884
1595240
250
386744
3378
3432
238
3412
4590
1390
2276
13328
502
674
2036
224
3176
1530
2010
1257336
6434
786
3244
2040122
1208
2376
2488
518
2610
734
1812
506
2898
256
113352
1480
1428
1022612
9250
784
3880
360
952
2922
462
236
2980
15670
1814446
262
2982
4144
972
10138
522
934
986
1890
514
4924
872
13006
2648
3772
2844
228
364
1530
889316
63978
456468
431468
76246
878
1152930
2846
3921354
2022
10100
902
254
2232
4706
4592568
13246
3341110
1754
3540
374
268
940
262
1640
6298
2968
394296
782
1900
4090
6850
1339496
254
70
8666
7378
2310
6882
1308
280
4910
1047440
2090
2050
260
422
2252
1042
7486
1538
3044
242
1464
1730
5512
1480
1590
215560
628
330586
1941408
248
3754
2052
1138
3882
252
1504
742
5660
764
2076
1040502
2374
1472
2490
102374
596
1978020
9220
1582
2900
2104
1098
2744
3188
3976
1489076
2253234
2964
244
246
2900
1174
244
2780
1394
2404
2164
6006
3146
628
4458
1202
266
248
11410
5110
2768
5882
222
6628
2220
860
1248154
4352
2098
9764
7448
6054
6612
568
11558
376
2628
5864
256
1350
3588
380
5542
3108
2718
1234
256
790
3632
1702
1606
644
434474
1260
3576
260
760
246
1936
7358
4362
478
1430792
3306
258
7740
15832
7269786
6372
528
654
1300
7038
4944
4614
1308
4442
1090
1526
2848
3386
4244
1294
8606
4658
3656
889296
11824
3240
2702
2166
3266
342494
2660
1745336
3800
5860
3652
4584
5614
1570256
1617408
356
3345210
1172
4390
6024
70
3526
7278
3280
2696
1748
8394
284910
1312768
248
74288
1708
8514
539950
455352
3030
5063278
3356
5104
4964
4224
266
5702
13040
2216
4084
3174
786
820
835988
4022
2548
8372
604
85084
70
6468
6118410
9292
1222
3880
644
1902
4932
3922496
1278
2690
1252
15040
1648
504
7282
1300
494
5982
1320
412
988
12046
492
3004
1712
1382
7496
3611158
1682
10226
1532
490
7638
11838
794
81104
6616
1768
5164
180574
72
5062
14670
3368
384
1324
4476
256
764
8388
37414
2212952
640
5518
1836
938
4418
508
3146
1606
3280
12232
1126
1946
1140816
2006
12124
252
1670
8260
9964
2278
9866
512
5880
736
1944
7046
422906
458
3772
5872
3318
234
506
3350726
258
1666
3808
616
1362974
1786
960
734
1308
2060
4650
2924
3730
930
4716
2172
660
2558
2204
66474
2662
5388
1002
1860
7578
238
2584
464182
1806
244
4976
4822
1390
1396
368
262
866
236
1392
15206
6960
1092
920
1120
248
5820
908
266
5474
264
6766
3264
5664
2632
2646
2430
906
646
4200
1840
3634
8224
1928
374
772
360
1750
776
262
5802
1352
580414
5546
2838
754
3958
4860
7662
1454
2482
3202
11096
370
956
250
8844
3246
5252
1806
1064
4624
1248
5370
1124
748
1736
3772
258
342
504
1154
4172
2302
3238
224
1134
2430
244
2252
4084
2902
4584
486
1078
3060
2352
12800
484
5730
7246
7478
230
380
508
2630
9620
4190
986
10352
5824
3124
1422
112594
99936
2609658
540
2764
1326
2844
6338
6070
268
232
2504
606
498
3536
484
2826
1522
388
6932
4302
7278
1906
3746
2082
70
1744
1888
7422
533026
3588
7058
4886
1532
2072
246
49652
26568
4136
2366
1576
1122
2768
1124
4240
368
364
3128
1258
1290
5104
6140
990
3856
1834
4514
12098
9048
7448
250
6358
928
10834
1652
7704
3710
5364
6828
3626
5618
3456
224
2838
10204
2170
11480
7352
2080
238
2838
10168
1244
1205558
7234
3562
808
49952
3250
3648
774
1454
9352
5240
3500
735614
8254
4284
1560
4656
3944
1694784
2478
896
2082
1750
9312
4706
5534
640
4548
239350
3954
428
7158
874
1278
3594
1178
5186
1562
2492
6608
414
978
4492
2668
1092
348
1317322
1692
847184
3932
260
1436
2982
628
13486
814
624
6144
3006
8342
1230
504
10768
5636
4202
2610
386
3982
1447846
4460
1888
2076
2962
3232
3360
4553932
916
1142
5576
904
8694
726380
15168
8608
4826
598
252
3572
182898
4600
372
3534
2994
1230
4528
2870234
612
7802
3110
2562
5240
12246
1946
10042
2078
1110
85280
242
1936
5054
2514
2814
5154
2012
728
242
244
10554
1642
2398
73770
4916
5142
2188
4126
1624
2408
1798
6262
358
4112
288
3742
10492
6558
8022
364
1598
3826
7846
872
1952
854
4822
244
1018
250
512
12312
4274
1460
331436
16136
2094
3208
390
1444
1892
2212
1180
1292
984
242
4144
374
1710
1668
3970
360
3044
6418
3530
1176
610
2110
3308
2142
240
1734
10870
11450
256
1714
218
13882
4050
8192
3318
1760
376
10556
4192
1088
19802
630140
1720002
6170
1470
2054
11100
984
7436
3204
888
2714
2420
6952
301926
638
258
386278
2162
1544
9632
2356
5786
250
2740
2328
5514
2630874
1250
2580
3376
222
4202
6404
1672
766
2414
2066
2342
2184
608
3480
906
293964
5180
1242
346
99732
1126
4542
268
356
8498
1166
4826
9561362
414
4420
1944
4688
366
15324
1442
7654
266
1750
586800
264
6352
6156
1266
2040
1292
3628
1838
4880
660
670
1048
2018
11650
1856
2728
1968
8550
1530
278
1108
1920
3240
702
524
2558
674
264
4056
4136
1066
2384
242
2654
2254
4986
3758
802
5804
272
2534
2158
1726
5762
2770
256
6578
134556
2860
3490
990
254
2644
248
1942
102328
1774
2854
1632
9422
378
35522
3928
4446
2034
2074
966
250
648
2284
1966
8230
3600
642
3140
962
3468
910
256
1380
5330
2268
2028
1594
1328
6310
988
2006
12374
1834
1418
1636
5168
1256
890
3346
2152
431894
1108
514
1066
4072
1658
2028
5008
6192
1608
512
11388
7334
732
5334
3178
910
3292
3002
250
3194
780
2396
292
1258
1468
1556
1195380
1132
1318
1664
1557554
1536
3648
3252
7934
1112
528
6366
2430
2532
2000
266
2418
2696
2434
3174
3444
5318
23206
1418
1962
272
1668
141640
3232
1204
554
690
2520
846
1944
670
1804
6496
924
1542
876
808
3178
260
254
5344
1222
1532
1826
5876
3810
2538
4006
4378
2576
2480
1976
2130
380
912
512
432
1142
3484
1376
876
3228
2184
918
2078
1314
892
1450
958
1078
671284
4048
1162
4152
6758
280
674
1154
2174028
270
1002
271070
976
1768
1846
132692
5270
5554
558
1396
2106
2474
1642
9788
938
5436
5030
1182
2942
778
8254
882
1336
538
1956
1994
1274
2038
536
1378
820
85796
124984
11874
5668
3358
772
77486
880
902
2524
892
1634
357408
236
974
1200
2964
2218
4584
1460
1424
1150
1196
1512
918
12798
3186
684
3892
532
948
1772120
1022
5456
1646
712
2000
1378
1150
5134
1492
1274
2454
580
1510
3562
1860
3012
2478
3270
584
9256
1010
668
1278
286
4480
544
2968
670
1568
3620
6118
656
638
2928
246844
12856
3152
1556316
1114
1642
2630
894
780
850
354
2966
4712
1776
15036
244
3752
4274
5516
54944
1528
6870
574
952
2718
2926
1418
1608
1868
3844
3342
262
2294
9038
626
1162
3036
2016
5384
2220
2990
3442
1744
4684
1738
2860
1550
844
843402
4358
2036
2874
1636
4004
2084
886
2222
683160
1230
3472
256
772
1288
3442
3592
2672
880
1754
327916
998
1012
2290
1910
266
3396
4686
3686
878
868
1199568
940
4268
8216
1950
474476
916
690830
529006
1526
1162
2084
1756
2278
3336
2942
702
1026
6802
2082
1402
391280
274
6380
1282
6890
2194
2118
1028
4272
1312
3916
2894
1186
2056
240
796
258
562
1562
2754
632
508778
3714
5948
384
6352
7968
1212
992
3136
4832
246
5850
654
1624
2936
1118
364
1240
1326
2028
3106
854
1300
2282
3950
422804
3280
12384
910
1846
10494
774
666
9948
664
1600
2570
1407998
3254
3736
4164
1696
562
1786
4604
758
722
658
1250
804
1086
2182
4960
8902
1262
784
1288
3270
2236
3176
4234
2944
1406
251394
5480
1562
994
2124
1804
1082
478
1084
3558
672
2968
3384
3902
4906
4578
3860
648
570
896
530
2414
2088
9838
772
4350
7468
1902
1312
1934558
3074
1670
1320
1566
2072
1464
838
3480
1988
980
3648
3902
1258
2182
3438
6906
3542
252
349314
700
2674
2176
834482
1022
2248
1754
1842
1624
120124
26120
994
2222
1704
4070
1496
3322
6140
4780
1058
370
4290
579952
660
3386
3656
3730
2424
2862
570
3798
892
1910
5070
990
256618
776
2898
686
256
2912
1744
2052
1500
3036
2022
2272
1018
3902
2928
3592
4336
1314
2142
1150
4880
12722
7786
3894
915954
2250
1916
1116
3464
2906
2658
1674
1284796
2144
3718
1234
1768
1720
6700
2818
676
824
1409374
4878
752
2508
1438
425518
252
268
1110
896608
1938
2198
3388
1532
1676
822
6652
1390
4278
4828
3690
4388
4392
710
3042
7336
6280
2996
598
2998
536364
1994
614
1174
1556
2798
3830
2354
822
7036
1042
542
7928
1542
4492
1862
258288
1120
2270
1014
522
738
3182
758
714254
712
4716
3150
3846
1644
4252
4368
906
528
4594
1038
2904
604
2270
2568
30008
3276
2600
520
672
2564
514690
464
2470
1806
2320
5492
2034
4368
2700
652
1808
2880
656
1272
1446
1876
270
284184
654
38904
1938
1778
1612
1468
4874
5346
1596
3432
2396
6214
244
1984
6152
1208
1265934
1018
5890
3168
5356
596
2374
3614
892
5102
2440
31526
254
678
658
672
1110
994
2900
772
2754
1238
278
4782
7982
5472
1812
3006
558
1164
258
6110
2600
376
4484
1502
2080
2710
4268
782
2662
5762
872
4760
448112
1396
4172
662
1706
1786
248
2720
3460
1020
4502
6610
796
678576
1464
1033600
498
10508
2336
2226
4090
2836
3176
6728
2506
2918
538
4872
1606
286
2742
1962
1136
2172
2302
2358
2600
6088
1860
3254
2844
262
785690
4688
3018
292
1828
6176
2568
3570
1046690
1466
1298
2554
2874
294
6148
908
2788
694
286
564
232
3398
848
786
2878
610
4718
1584
1043416
10692
642
250
1072
1322
1678
1018
4414
3616
5970
4426
1418
2924
2308
4630
590
904
4174
530
4748
674
3970
2264
4922
5026
872
3608
7966
2126
1226
4144
750
2906
8964
1466
3672
5828
5586
352
708
187310
764
3018
1834
770
6298
1296
1834
7468
930
1118
240
1934
3346
2114
1982
2060
652
2668
552282
2236
1306962
374
2924
524
284
6436
1250468
3634
1162
5390
812
2480
2842
1485388
5194
1932
8848
4164
1032
93946
298
508
272
3624
1494
246
1642
1088
700
1498
2470
4548
1748
836
3064
934
2356
8424
380
3320
254
1238
1104
254
3186
2696
3356
28438
2016
648
1206
1898
3130
3492
1536
3610
467502
4084
163944
5834
836
2104
872596
3142
3504
1742
1060
7102
1896
5540
1494620
2048
2820
434308
2538
2312
1000
9968
242
3352
4000
9232
792
673556
572
223436
2762
2682
942
1345814
294
4358
4152
720
1632
2392
1336
4860
2932
4850
4814
546
474
678
3488
11718
10834
385834
11150
1352
3196
706
5246
995376
6140
900
1514
5046
1905986
3322
171766
2156
900
1304
2110
162028
2850
258
270
4478
374
2186
2076
260
2004
5860
4934
8426
2346
262
4224
13596
306630
2522
14402
4690
268
2022
5018
4412
3312
914
3922
9666
13056
268
2954936
971584
2544
532
2428
2742
9956
624
104246
2872
2578
398
1260
2405320
1914
1704
2312
7750
1012
1516186
248560
368
2736
8086
4742
2600
638
3254
4988
2216
612
3274
3002
1690
1256
810
370
2428
4676
2088
862
276
642
285854
3344
148786
726
1802712
1662
258
478
642
4618
674154
378
2686
6502
5160
3054
7900
760
9620
916
2720
4296
3202
2192
1828
254
290
666764
378
1858
3718
8312
9152
12522
4828
264
1942
3142
3876
7186
482
505866
3188
7386
5044
3136
268
250
3724
490
1662
4096
11732
1920
2606
2006
370
1262
8398
23238
256
11080
70
1717200
603658
4222
1496
3864
1431860
258
4458
382
4842
11256
264
964
902
4074
2125884
3044
6818
260
495490
9746
400
2490
3140
2280
68
1028618
644794
394
7606
3180
908
1511744
8506
1050
5448
9230
4568
2262
2282
2552
3786
2218
2744
1908
2080
4846
534736
3942
884
734
5102
1392
1358
4826
254
6168
1264
526
856
6034
1218
2146
246
4848
1802
737916
3636
2448
1552
228494
252
1162
136506
244
1834
258
10992
3054
8284
3722318
2288
375074
72
5710
1724
1970
12978
1428
2188
2544
58000
4280
1236
2342
10046
6440
202376
10736
5816
2882
672
7066
3824
272
358
8010
1730
2100
366
262
1236484
3260
1094
72
9036
495916
4342
760
366
4268
4980
2316
2558
502
252
688
270
264
2082
1342
7482
4378
268
270
174738
4830
70
7746
388
10708
776
3004
11506
4544
2574
268
1112
2778
2496
18244
3932
72378
2962
5368
1228
260
7360
2252
3744
11510
5160
260
3078
3054
7180
70
138354
2681310
810
1930
1564
494
2462
227830
8286
1770
2810
1786
103270
242
4330
4244
934
262
6520
5684
246
1080122
20936
388
4064
1240
2072
4998
4392
5958
2340
534
266
680492
3256
7898
13274
1127030
2700
776
68
9082
368614
15580
2808
1278682
5024
4274
167066
4216
4366
1954
5630
2354
7168
22546
1956
2336
1270
1166
1766
256
165866
256
794
922
9252
1470
2596
4240
7538
264
702
205164
1844
1950
3232
511968
254
268
1888
2621194
785252
4650
808
2996
1010
19614
400
1120
4504
7344
5000
2134
378
363626
2499636
2418
2324
658
664
754
68
248220
1614
494
5740
280
494
594
6268
814
5006
18696
1368
2250
1106
278550
10682
5138
7294
925496
1252
3752
1006
5622
568
10810
7972
593356
252
370
947872
268
1452
3264
3188
4086
2764
15726
1362
9242
264
60970
1378
1334
2314
363012
743230
5952
2484
1520
2072
1872
2920
392
3864
2040
1115490
2978
5924
11274
2354
14316
1410
1076
696
3516
1506
1882
272
8984
8192
634
9862
10754
1298
2362236
2156
234744
2322
344
3064
558
14180
1790
1014
1518
244
658
20680
5678
3018
6718
358
2204
1454
372
1530
203078
5618
12270
5596
1418
3398
4714
762
4428
394
2596
20034
2310
1962
4710
300
1400
4478
2276
1536
1078
4574
3110
2026
3740
1632
272
2048922
272
2462
262
1806
6844
254
2782
2004
4360
7170
15814
2010
3382
752
4092
9974
6560
3092
2558
1022860
1210
1240974
6552
1396
46454
5892
4218
4124
3888
5198
5816
1208
5424
726326
268
2012
376
1082042
1221248
2584
1210
376
496
11494
282
7090
13172
254
8974
890
1290
502
13048
272
1368
1034
7406
374
1008
529160
270
4580
960
6496
7890
1054
2972
1352
4372
2548
8644
1154408
2414
490
11506
1482
1776
1107334
1254
5920
2870
5734
1364
1582
382
4130
1810
3666
106610
7124
512
3212
1626
266
5774
786218
3190
3728
384
2518
256
1626
3276792
8824
530
14408
480
4386
3764
4092
3192
4120
2110
1856
272
482
10742
994048
4684
13226
2088
1540
1336
7198
1534
5876
4550
752
6584
2980
998
1448
1546
2116
678
5782
1748
756
264
3562
898
260
266
1226
4964
2186
118248
3966
266
5472
4932
7216
221532
1674
504
926
2410
250
1866
794
8690
508
5306178
6196
73476
650
4536
2868
264
3634
12470
68
8226
1630
1200
984
984
292
6990
2594
256
5748
4690
1112896
242
2624
13148
2019398
121920
2300
8810
266
678
70
188508
376
1039906
2820
264
644
815966
250
2178
8196
1204
8780
2556
2716
252
2214
7170
1884
996
2219906
5576
990
436974
3084
4326
274
1748
2138
22872
7640
354
20170
4086
5112
264
264
619812
8122
1532
2542
2836
482
1572
3272
6750
774
1538
1848148
4992
2116
7960
766
3220
1146
1222
460
8328
3920
4976
1938
376
4416
2244
3856
5068
15752
5602
293536
1574
2606
4336
3950
8816
2358
286
10210
3372
10912
2260
4268
5786
402
1624
1618
734
9292
248
3094858
1940
1514
818
4248
4158
6092
1092182
1886
260
4968
252
378688
5210
376
8810
536
2370
3954
899212
3512
404278
3520
1408
250
4712
994
268
1834
1580
4964
7416
2630
266
264408
5274
3348
2672
6392
6380
2396
4326
1458
608
1223652
8500
2734
1470
2700
3954
66
1241504
2006
3268
990206
7022
460
538
2394
3272
288
5678
3176
6608
2198
456364
3104
2522
2886
9530
8032
672
8624
5198
2480
1670
5014
260
402
536
3070
7034
13386
2360
3090
256
2964
604
4682
2434
1264
1028
1129154
82576
496
358
250
2004116
7072
732
3044
2018
325944
2284
908
3304
508
6712
382
4186
2300
2186
768
664
8970
386
1168
5820
2628
264
880
1920
360
11006
280
2234
1258
8462
6254
3284
543820
3288
289928
475932
2789582
380
4140
594012
108962
268182
5568
1592
12192
156962
24874
248
14962
926
1279936
443600
2022
246
1984
2181284
1346
2544
4770
1372
14238
3458
500236
2798
1140
3478
50850
2392
5136
786
141922
258
5922
3844
270
2422
6746
252
7104
7506
549934
1500
776
194992
2452
764
3264
1836
292
3514
13356
4412
4802
3120
3668
6958
378
4040
1366374
8822
12646
1930
1682
4672
320170
352
254
2706
5118
1814
397632
256
10486
2200778
264
4112564
3440
280
1990
2122
1842126
26326
1862
4490
4070
2190896
9190
746
298
3374
252
10576
3894
2950
1430
982
5380
806
288
944826
890
286
386
8780
5236
7520
5978
4034
3010
3682
6066
8906
1633908
274
826
284
7370
936
4902
264
246
5520
710
2348
936
149262
144270
1832
508
9376
722
260294
2158
3076
246
6316
870
3884
1758
268
2042
5752
1194
928
3826
6280
4856
19470
2616
1202
294
4346
2072
4894
70
68
1264
3236
250
3630
2602
3120
2082
15098
2820
260
8406
398
1377294
1178
1468
10668
268
3452
70
667716
832
802
254
934
276
736
13526
3610
618
2156
718
368
1138
258
408
8216
242
110616
716
1454080
2150
2016
365804
2270
270
4708
3606
4948
3478
2222
1836
280
1554
374
6282
3108
1490
22108
1954
11322
962
3286
260
1253766
1039368
2720
380
4574
3814
925742
5126
165752
1153880
4334
7904
2794
2164410
3528
490
802
3188934
1222
700806
70
70
8182
5362
280
386
946
242
706
284
1906
1628
2028
1194
3714
1922
213160
4294
786
296
1666
274
3472
3402
804
270
6008
2354
1150
2862
890
2542
2710
3346
9876
1300
1182
4076
4026
94584
840
2000
8896
5420
1206
1336
266
3196
3914
1556134
244
934
274
6134
2000
4239112
270
2662
7354
433414
3548
1546
242
1674134
397796
68406
160798
1570
3840
158010
1946
1354
2638
8786
6872
2560
266
286
6932
508
2112
8116
72
1874
3450
710
2316
1744
388
274
580
3838
4844
388
6516
1594
2366
3356
928876
10034
1260
260
274
580
5964
2682
3386
2458
288
258
39550
252
2552
4660
15100
6078
3238360
1920
2072
3364
2238
682
254
3542
1473312
5350
4634
284
5688
284
1780
9666
3540
472
4374
4144
8888
2262
958
388
264
42424
17588
9578
5376
1988
1888
266
70
68
714
250
6406
404
4442
388
2470
1454
5176
270
516816
6778
480
2024
70
260
1520
7526
670
3378
1322
61512
1836
982
4132
1518
2422
2166
4604
3064
1482
262
266
1142
1924
1734538
682
2926
1330
4492
10590
698
3820
384
1110
2090
9514
2414
70
70
254
1434
2450
1558
298
3764
7242
254
832
3128
10336
936
586340
1966
8890
70
70
3182
70
70
58300
2874
5243114
5506
266
6762
2086372
3404
736682
484
2838
3760
5746
1450
256
85512
296
242
692
3202
5456
490
6481366
1432
109192
252
8464
270
9236
256
684
3976
17094
930
1564
1848
262
522
846
2762294
388
254
4418
506
2728
1020
244
304730
904
3978
948
264
902
5526
1672
317328
2812
7386
2650
260
5350
4058
6481236
74
1466
2788
1058
4328
792
5658
942
1004018
4362
808
244
418336
1578
4100
4780
2398
1796
4188
5996
4280
1420
3554
5572
376
734
5818
686
1926
2585984
6544
8142
270700
272
722
2566
3346
2246
4404
418470
1466
1016272
7260
70
2284
949166
5372
3176
8626
1200
6822
2694
5690
512
1742
3122466
690
3632
1338
1692
3206
1466
2796
31538
926
3888
6208
1758
270
3316
3318
1052
7558
6790
270
2168
2794
1376
1512
310
387994
380676
7088
3594
8412
2680
4538
2054
2012
294
512
1758
1219546
3344
244760
916
2736
9688
368
1258
9460
2394
378
2228
816
7462
1706
3750
2716
271998
41792
3480
278
813656
1320
1608
276
3704
7292
4994
1378
1162
3894
2824
610
7540
12722
1243108
3078
698
2750
2004
8452
832
4934
5096
502
19248
1410
3152
3744
388
5844
13072
588
294
4116
492
2408
3482
4246
966
4822
3614
7356
2420
494
1496
3124
1238
3584
1408
7118
265762
1256
3324
5370
3470
604
2054
522
4884
2862
1028
3074
266
2098008
6322
58986
14020
436
154546
220
2018074
1707176
6370
3604
1452
1496
4802
8886
4974
1590
11136
70
1460
918
3946
3188
646
2786
964
4522
708
2190
2274
2172
684
3870
1696
7182
5998
1520
1420
1934
962
380
1120
276
1478
268
264
2396
2420
232
3148
1021546
1189106
806
4348
744
4490
461304
2500
2548
5838
2850
1914
4396
364
1218
806
5912
1254
6156
2424
282
4092
258
276
3724
264
2870
6102
7182
822
5284
672
3606
840
3762
6476
1246
1804
7908
1652032
6002
5322
7462
9326
2174
810066
1424
1468
26592
1326
1616
280
684
2098
3826
1392
3102
274
1628
1696
824
2076
274
9228
4164
266
7720
4088
1168
1898
1854
2663564
12780
3504
252
2606
2326
2396
5038
8582
7296
78112
231848
3030
510
89602
10892
5226
875408
1092
4864
4690
282
3548
6140
11140
10546
598
1836
1126
9736
70
3518
2127178
1372
1228
1456
408
496
1148
258
810852
708
1122
12762
3418
1430
395932
16566
2160
1792
2200
3138
2780
1450
8040
1218
10698
382
2000
302136
574
258
432004
2350
4870
709520
693452
1930
2040
274
270
2149472
256
802
2830
270
494
982
5402
4130
4664
10752
618
2955644
250
2384
433082
972
3680
756
384
494
2366
268
256
564
412
928
6136
296
9498
3094
844854
3405124
276
10706
4676
254
592
2994
380
4188
5974
814
1428
3106
11058
3774
1203568
3986
1126
1688
7346
3656
13328
2194
4932
3486
5426
1118
2000
1892
1340
2334
3488
282
2714
10964
2065862
508
384
1356
2246
2350
5178
4546
3994
5102
2172
6986
15200
277842
2496
286
2632
1256
5322
730
270
5594
2856
2728
806998
6394
976
10912
2354
4186
4474
7420
1882
1902670
820
266
1236
1598
10660
2720
2184
258
1598
7232
1688
1026
2778
14318
693354
64460
1958
3064
1252
1260
1796
254
2182
4452
1434
2110
5650
940
2414
812
3488
7874
4888
952
6086
1159188
10422
392
1718
1042
4460
716
482
704
1566
6772
17822
276
358
1056934
1232
1092
579174
834
956
2256
1254
1368
6094
5338
1236
1516
481712
274
3092
7262
678
904
7882
3772
4001498
2147056
4533598
76
70
2408
5620
3478
2896
2464
1574
4352
4408
6630
5078
8218
360
1720
3584
3026
278
398
276
270
4300
5332
530
12910
14328
1408670
9642
3350
2476
678
3356450
1338
638
2676
2618
5976
2634
1320
6912
276
534
124374
6366
3988
791994
648
3864
278
3466
10224
5920
248
2172
3284
6920
6016
7350
4328
472
2356
308
19176
2948
12784
1096
874
264
15982
3202
5916
1624
3068
276
1750
5302
5812
1064
546
4526
5846
2776
260
810
274
260
1286
690560
8812
5522
252
356
1138
986
6552
868
980
2196
5730
4194
5130
2538
1435008
6910
380
8220
978
4180
14236
958
708
3026
4000
2114
6052
350
372
4352
7998
1566
11064
3658
5180
880
2674
734
554
2578
3770382
948630
2538348
262
2420
978
258
4432
262
790788
5370
360
7920
2606
2944
6812
4548
7266
254
366
11056
3664
304450
4668
278
1344
12464
518
532664
4357882
3632
1634
1884
1526496
1762
542
250
2724
3292
1702
7792
2560
143848
1060
258
4738
278
1532
3934
1227480
1491824
1326
1180
2494
1436
3408
15338
546
400
864
576644
5664
270
1034
744
2334
1516
407556
5176
600
2210
1558
11980
238
3238
2880
262
1560
3164
1732
1116556
6132
2218
280
1970
4086
2520
380
5238
1545322
874
2285980
1352
814762
1950
4784
1564
3010
236
752340
5288
1964
1459694
72868
388
1006
248
889588
6398
1154
16280
2552
2608
2782
384052
2072
10424
8032
1708
246
1157692
4414
878
13034
2476
2178
732
2720
254
268
335112
2360
1209938
2543462
1204
1346538
2228
4142
766
4194
4610
7318
508
904
3438
5920
260
294
1606
1626356
738
9258
3500
3480
4724
10800
6898
3844
1562
2690
1556722
5080
1542
3730
5100
764
2716
3372
6690
2986
5280
5822
2434
784
1036106
4656
967688
428620
2748
3716
2742
2702
2442
6412
1196
256
145792
274
784
264
260
11072
1070
4866
4752
4342
4772
370
7002
1798524
1300
4038
5534
572
7152
4377636
55010
3034
4418
770
7592
3996
3690096
7884
820
8016
280
3792664
686
4102
2900
3290
10392
5132
2240376
258
7056
3346
3306
2550
2456126
384
4828
264
3196
1263456
762
5998
1778
3554888
8528
1130
2328
1268054
8538
4420
635580
3344
3152
3700
934246
2291934
1638
613526
1110
67168
6776
2434
1124
609824
3316
780
538
2774
847408
296
9788
1682
5166
795120
1826
254
5480
10612
4524
14914
4146
1974
1220
762292
650
648
6356
288142
368
602
988042
260
1630650
1404
258
252
246
262
8934
4642
5812
1884
2622
7984
2540
1090
588
1911754
3710
774
4552
5582
1376
7022
3228
1492
256
1970
6818
4946
2610
7072
658
3774
2934
864
276
1259996
13060
765818
1198
3260
2978
2238
4826
114248
1554
374
389156
274
256
246
626
386
254
16906
5002
14354
2288
420
5924
3352
4468
4364
2912
144384
1356
258
1509436
75948
243344
418504
1239552
1732684
512
1590
248874
244
7268
7710
5194670
1414
4634
68
3426
8262
3470
2142
7188
1630
634
3578
628
11688
2102
260
5468
258
2352
4888
6658
2940
2196
3396
3698
2544
2390
2630
292
7652
4804988
1782
1530
640
4254
1264
1310
754
3790
1820
244
3406
2189658
70
474150
2386
16632
2808
8700
11350
6724
57876
5446
976
508
2718
822
186240
3316
296
1408
2788
9528
2358
5374
1958
4324
17372
810
5592
2322
4762
5296
1158918
512
7110
742
2078622
272
13764
8920
78
710
260
2545248
3477882
182088
260
588
238
3084
12688
320948
9747644
1014
2672
4002
2376
258
580292
6086
2908
2706
4328
8242
292
5146
2210
3737504
4552
256
1498
1122
6752
1590
4952
6740
364
1242
272
1284
2394
2448
747568
504
256
422256
4558
648
4924
5620
4986
2456
62882
3694
2310
970
3734
2918
1608
8788
3448
9588
4832
4196
3594
4928
3564
1518
215884
612568
2852
380
1782386
3786
1561826
583762
2490
6026
757976
372
2582
906
1550
5238
3124
7298
5254
3176
260
6224
5862
1412
4024
5648
1010
1254
196566
6686
439508
4918
1202
5290
3220
2134
2562
3396
410
434
4952
390
794
5062
1682
330110
534
14150
874
3136
536
6054
3276
1288
1214
1968
1344
44246
4200
3032
3532
532
976
1230
2248
1310
736
5170
804908
2212
1038
4668
264
538
1166
476
258
423924
1778
10868
13630
3680
8490
2358
664
2165986
282
2098
524
830244
1544
94240
1126
178272
2112
268
1236
5210
70
1120318
2858
14868
276
4420
640
294
3570
1328
816
2952
3228
3226
1934
1900
956700
336720
400
9400
6838
272
5528
2334
4586
3842
3592
238
1512
2048
2406
1536
9960
3018
6136
4278
1088
782
264
4068
378
3906
3310
1724
1426
262
1416
6800676
270
3554
164198
902
262
260
2020
2680
14188
1488
1726
260
666
3812
1818
912
2520
1286
3354
2306
2642
1320114
604
1574
270
346
370
3066
20584
2654
982
2978
264
2356
1576
1207642
8086
2492
2680
3502
2600932
3150
276
204224
2054
8166
5398
278
3230
860
7202
426
653760
2040402
6970
1120
6394
1316
2818
3826
666204
12982
9582
274
550
238536
2786
3486
4778
5746
1386
622212
4118
1604
266
8950
8288
5490
4252
2006
256
3144
10890
4702
3884
4554
4940
1570
2080
3870
1196
1270
1512
3360
230
5638
3374
5536
1006
1882
3358
1944
490
1058
262
646
5232
636674
604
6868
3096
3590
1612
4476
2174
3814
1342
2102
762
720406
1932
5682
1910
3324
382
6624
376
3748
262
1734
1318614
1416
1840
4890
2026
3825244
1306
710
12124
400
7558
3034
3218
286
2302
3360
63460
2626
4424
2728
382222
3027562
4068
382
5212
5282
522
1060
246
2784
3808
262
248
2326
3242
1740
256
972074
3202
993898
424
2602
1508
1666
1634
4000
418
1186
884
4550
1608
4692
623768
1678
3328
8808
640
2802
2122
2324
1288
2258174
2842
3430
738
4744
2286
5706
3752
2030
3596
788
4678964
1548
818
3338
1856
1328
4244
7432
773872
132432
278
1342
4612320
300950
1552
4642
5600
8074
3440
3432
6006
14770
10644
3596
5854
472236
266
5014
7190
2542
768
5248
1780
3150
4040500
2228
1970
1794
647000
13200
6472
1948
13734
258
3064
1560
264
4420
153554
634436
256
6922
109242
380
3946
2396
744
12114
4558
2828
13258
4312
2776
3518
2690
296386
4868
1866
240
1510
4460
1060
770
1460
5006
127154
1442
1996
370
6700
250
51962
248
174646
2864
3118
4996
2388
3246
109518
264
805564
242
1234
1644
5568
514868
1828
12192
1856
370354
5870
7472
2184
2768
1540
248
818
2900866
244
7588
240
880
4328
3640
532
2840
3174
354
625826
3714
1252
982
2112
489344
5292
624
1072
4650
1576
772
1318
1054
1282
2553778
3280
1362
1060
4858
6040
3624
7954
101696
498
1066
1384
931214
2232
2848
502
622
630
1236
800
5852
5436
1854
4994
3042
1668
3748
114704
25830
10306
717784
1476
1028
1812
900
492
579078
328
256
348
792
112076
2100
4176
357904
1532
5786
558
1280
843684
2246
1518
1742
704
2702
1254
1856
5764
2546
240
13060
15142
29710
1970
366154
572
1120
520
1836
636
600
4662
3570
1374
640
5978
218808
3848
9298
1216
284126
6320
1010
1790
2380
1144
100338
6388
1732
2074
352
378
1374
594
906
2632
640
1658
1860
5524
6200
6214
106040
354
3326
1314
1570
1008
59224
872
754
5130
1180
733062
248074
2422
476
248
990
3040
636
5388
304276
3264
356
1522
354
204
379918
1870
254
1588
1402
1850
2218
2764
2934
234
1802
244
631958
2620
2078
1654
536
240
2130
878
1622666
812
1600
4350
2712
240
2856
1878
2564
250
1998
2042
6500
1450
1838
1710
3940
854
488
4024
1470
476
2426
242
622
510
2356
33554
720
4474
2120
1282
1620
168866
3042
3198
1256
348
2950
2662
1008
3160
1418
1260
254
240
1136
520
2634
1922
2310
6810
1170646
439278
2438
624
5032
1320
4360
910
912
1946
4316
1780
602
3464
5376
640
946
589818
2584
5276
2256
2754
916
1226
1410
1946
1936
2460
252
1966
180218
882500
4546
1222
912572
660
1138
8132
846
864
936
1460
486
2840
972
3962
1672
1560
37416
2422
260040
754
1314
4652
6050
2606
1676
456002
2494
1828
3526
1342
9530
1588
1930
157958
2956
1228
4834
172370
2550
2364
2078
1154
2138
1465100
3020
3658
1668
236
1396
1900
1844
202654
24032
1798
2842
776
1892
3510
4690
1268
2472
8630
4346
3280
1288
684
4788
4554
1164
1720
1190
1256
1480
783350
6266
592
1128
878
818
202768
3518
668172
354
12714
671854
479450
734
4782
349878
261796
240
1998
1818
1751584
687498
1676
2604
7604
618
5824
2082
244
3016
998732
1446
1914
630
6974
246
3488
413674
1418
1202
254
462706
2474
2202
1962
1938
892
57866
886
3182
3518
1344
3554
226
377228
7162
242
248
766
880
2386
2628
318818
1044
7368
598
5146
2808
1450
6300
890
3250
846
1120
1744
2634
5320
254
1730
990
2064832
268050
1289062
236
1890
1270
1852
2216
860
89772
568
222
1572
538
554
297754
660
3966
13050
620
1252
139376
4972
2976
252
22812
608
3948
255750
192468
634
263250
2850
726
2764
620
1930
490
1560
10204
262
382
244
6726
3250
3276
1830
547976
380
920
3000
2720
704
48272
224
1364
640
482
251194
275932
2488
5794
12220
2576
4736
4282
684
3488
1216
2452
1704
1660
378
524628
620
1102
590
2838
6692
1742
456212
788
5422
4850
1582804
5736
332222
1556
10156
2606
774
2006
624626
2770
1256
2028
878
748
242
2664
2896
1370
926
4656
752
882
8114
2356
1242
1052
13438
762
3016
5628
4674
2466
242
917384
95740
1122
1374
1594
8092
222
1391128
1660
6646
910
1057070
910
373814
2274
5022
774962
1446
502
240
1082
676
4696
4544
2978
1004
934536
1531222
3512
1980
1252
6308
1114
398920
3180
151494
500
650
2556
1960
248
250
3904
248
3282
1488
540
1714
4428
1250
3658
854050
9122
6052
2040
976
618
61640
256
2452
370
244628
1650
1854
3248
270
379688
567716
1112
740212
2414
5860
3184
119150
3464
747980
1534
106922
3254
1988
240
742908
238
367048
5180
240
4468
252
2298
974
268324
864
238
3418
226
1076
642
246
888
3982
1174
2282
338410
502
1620
236
1966
1512
1806
2036
145076
508
4414
246168
514
50642
322834
2556
2130
2740
4998
790
2628
11864
629782
5036
2488
660
6034
264
7050
850
1884
898
4426
644
532
1592
1050
4622
5210
5082
1714
2152
894
564
870
5376
344
1946
1264
193400
3946
1980
514
1658
3244
1102
234
212482
552
1630
524
1272
6310
1672
6260
2604
2148
38518
7104
364
1452
171300
2074
1592
1728
1178
623812
1940
1178
678
1120
3160
494
33834
1672
4860
3170
4214
2952
1968
258
3656
1072
3316
522
1812
256
6404
5206
3828
384
3254
612
4502
780
1024
2010
736
1352
3506
5004
608
4414
2052
3560
4212
2756
1248
1564
1054
2864
2424
1668
800
3092
5962
240
417020
9090
1132
544
2844
1670
173524
636
1576
2786
164658
5234
2021936
136296
1542
4988
244
3508
874
6752
374
1090
3340
766
790
240
814
3984
614
2950
14988
2110
9750
1466
2012
2526
2044
1150
622
316368
4812
368
1522
1810
414
1082
1648
4824
2198
1090
990896
1590
1734
1030
1440
394
254
776
2316
1166
2114
13994
2856
1422
1428
1222
1078
1978
766474
2114
1570
248
6298
122034
2262
2732
1804
151660
2582
794
8606
2628
5564
2664
698
5042
254
678
1012
2944
228
4578
748
5336
1046
250
2342
2196
992
698
1570
5472
2648
2224
115150
3516
256
4412
2622
2048
4872
1876
4832
3050
1914
6864
11970
358
498
1596
1558
2058
1118
6086
2136
2858
2520
1668
2920
1834
351824
2706
7222
3716
2274
3248
3785710
3864
1804
1864
836
1286
206786
318700
2894
3864
222
189700
1418
1162392
4706
1462
8194
1390
570
8644
7342
2354
4464
1180
2254
1648
3440
3080
706
270
1798
1980
8380
1524
250
356
806
1838
28808
494
244
131544
504
3526
234
1970
1652550
2650
1104
1336
301238
6618
2748
1912
254
376328
1198
1870
2112
4568
248
1352
814
15836
266824
2960
1890
638
532
248
15902
1942
1900
4168
1486
229748
6136
2274
240
964
1864
242
2336
238
992
1630
248
1396
2650
732394
764
1754
1310
242
3430
84
501294
227780
872
2080
242
7044
65308
151248
4510
11022
596764
405694
766
4089070
68
788
25140
2027116
939156
8806
3864
115052
2866
256
236
2232
4006
723782
3666
1074592
6546
5602
500
1844
4246
991882
853818
3912
518
892
177304
2158
2934
1877284
2568
1946628
8886
561958
2491670
746
236
5404
760652
147190
468748
548
1164992
1363094
1768
81318
244566
6426
2312
1650
812538
780
68
1238914
4834
142764
3532
5062
666
3436
3204
2156
3648
3682
628
246
1266
6306
875470
2139724
728
2347796
5520
1030424
2320916
236
2096
37068
7198
2147068
68
760
1412818
2458748
133586
2082
1717328
4421654
398
224
1501738
5950
2860
2550
1030
678
681100
384
242
7142
894
256
272
782
740932
1138
1904
250
240
68
66
382
1880808
3942
252
7570
7764
1660
350
378
23338
101770
108356
4400
242
358
250
268
1097376
1922810
1732
816
224
1322
4214
609030
2532054
240
2878
1826
68
7460
2520
4278
1091632
7796
1087590
1076842
258
1277810
1144
715704
2493646
541910
280
4568
6578
2356
5748
490
1296
1496
343812
217976
4578
3815250
3370
1804456
1453948
1910010
17654
670446
1395332
492
337188
3662
32406
986
467456
378
652
2578
1948
4148
5022
5746
1756
1774982
1076
1404
3066
7338
1019252
414
6122
978
3606
4052
794
5380
3040
3780
350
5234
2244
1664
1296124
5060
354
1786
68
1712
2356
1310
5228
14074
4944
2480
929262
691298
2753522
532282
8392
9590
12200
248
6122542
9428
268
494208
6676
3460
1258
970
1123420
10262
4844
8670
465648
3632
2220
224
366
2778
2562
270
2746
6576
343112
372
1752
1182
24538
2953216
197074
5644
2158
10348
238350
1302
2188
242
6816
3476
3708
3850796
1564
5540
677876
370
3124
242
6036
2906
1898
386
4318
602
1512
4824
648
4608
248
5012
9486
1348
1542
370
13354
1041280
2334
5772
4094
310414
4360
1170
5910
8150
293810
764
224
2812
876
6014
2242
72588
2868
728
232
5758
1310608
10556
942
5694
407450
762
3018
10130
2966
4032
6322
46826
6690
5004
10080
6742
1176
1784
1488
2072
2579280
4832
451044
2148
983192
1764624
1010
2536
1782788
3107202
767210
1288
5562332
8144
892
31430
1491158
2036
489016
2364
1437794
124268
632
486
8928
242
2150
3192
70
2710
2856866
1841380
980
3778
4794
1002930
2076358
44180
840640
250
242
667558
3362
262
8852
1050
226
2957274
68
4098
180552
2853810
656
300420
15814
2154
3245900
2510276
4414
262
272
1578
1775840
950732
7317758
484
310462
224
1746
4786
2440
10460
51666
4869522
464332
2906
68
358774
264
3492
492
1862
5542
681066
10386
882
4004
461104
6476
2182
618
254
3140
3730
904
676976
237814
1142
2638
3284
180574
3710
603982
4968
2486052
2894
1398
3048
1270
4454
1480
1216
2328
8120
958
2558
250
100138
2133250
1662
2277674
2905132
48958
6688
1928
2213766
642
484
3666
2788
1750
506
626
3894
1940
10814
286818
526
4642
3230
7024
5500
100094
230
2376480
432464
990
451156
2732
244
4192
5994
15576
3226
3410
3996602
1921274
20718
4750
2900
2348
40550
1801016
2056
2990
882
7396
266
9370
789044
366
3137362
5374
2002
6036
1071272
2267534
9004
2104
591516
621054
984468
1126
1718
242
538
437132
908
4226
13306
441554
2502
1610
998766
1342
46664
5904
2208
6640
1343826
1496
780178
240
252
3632
5460
60364
392
1834
358
1593720
66
12468
3352
4478
366
1364
202930
2174
18660
1665934
456144
6224
139328
1584622
2034
976580
11842
137132
1828
3316
6952
4198
1012
886
1272692
499262
2636
15882
730236
650
624
4928
6054
609722
92186
949850
240
362
1710
594
660
10440
757524
2160238
7472
3658
1526
3780
272
20338
3061798
248
508
610
2479014
2950
1052020
4549190
378
3664
258
11888
3642
841506
714496
436102
4744
884
3512
612216
5146
5762
6051002
776
1094062
1453952
662
613114
744
5402
382
534346
1773158
2210700
3448
3034
1358
3750
2594
690550
210276
95946
262
6058
2004404
1892
617782
2519918
5380
3352
3346
1420286
80
601466
1252
1257130
5782
246
144306
368
657842
741126
1041344
3678
13626
2073182
506
250
4922
535970
118754
5132
7734
724
1394
3068
1012
11554
392
52874
3924268
260
1719490
654
1812
228
1381996
3274
955846
4704
4816
340272
15754
246
3306
3302
1106510
662
258304
3914
478
3168
2262
276
2402
4116
3279760
238
1140
1264
10524
256
2538
452068
1930
3642
1050
258
4208
254
6016
386
4368
240
5766
1258724
2364
266
1514
2967558
492068
748
72372
185304
9728
1644
240
2450
1158
252
66930
1681540
222
268
838
232
228
3646
559514
222
11720
4786
242
1516670
8948
274102
1010610
231172
4450
732934
1138406
1848
3342
1150
2602760
366992
6378
3064
352
350
1959846
6668
168054
1260
347488
4862
4396
785320
1200956
3636
1686
1938298
72
9130
2607434
246
398038
4928
5590
3340
3224
42156
4818
978
254
244
863184
439340
56506
488
721418
3072
242
2241710
1118
5800
47268
2200
7454
246
2112
21094
2902122
918
672
7070
606
753884
1036
1040
5828
2401916
1938
300666
6086
248916
484
3866
441584
3176
496
6048
1122
5030
14584
5046
627124
3166
270394
1566506
4138
1320
1401098
1729288
3596
2170
376
1029418
7704
152316
70
3428
2880
4498
786
1384
4650
245790
402
4234
2162
1616
5372
884
926
3536
132232
9652
2642
4550
1650
648
9936
13866
9384
246
308308
6284
4004
2164
3544
531302
1114
9088
7710
1944
2596
534
3964
1016894
4814
1882
1804006
6282
1678
10416
5342
918190
5808
2086
4488
66
2366152
1060960
790
330822
4074
1237610
268890
1610904
1200
144490
9932
10178
134188
555480
12708
5550
3043654
242
9020
1478
2746
1712
1324
2728
1994
727126
246
758
2722
832
1146
7334
395888
264
312788
16872
6680
2448
2744
640
242
508
1144
76434
3434744
246
5278
6164
4400
2551956
3014
1000988
292980
896
6672
6406
1204
260
1716
1096908
416582
5110
728984
5648
3626
2740
3664
2082
1260
2648
4670
4226
258
5752
915612
3334
1324
1099976
3502
486
2242
4589252
5328
136170
12236
262
258
18256
2244164
1756
252
4168
4190
66
8100
484128
4206
4480
923166
2671918
371186
630
4246
4062
1912
182976
1582
12238
4240
1070
4880
47478
242236
491148
258
8500
2231218
388664
1286618
1502
4731446
1199456
2410500
369528
1746750
1286972
2454148
364
1006
495834
1846
70
265626
2952
972164
6524
4380
6214
262
270
6674
4280
6874
6302
1233006
4412
231490
1288
6446166
4266
672940
193792
1049318
1041888
738590
360552
1007278
82
6192
884
763362
2977712
172198
404
2012
7956
1456630
4234
2390510
386
151408
787934
2373926
3838
3764
1352
1534
88
254
1722712
448676
1099182
275906
888
1077720
242
3891510
85222
470188
1060
889098
1458806
5862
3811678
3027240
250
3538
433830
274
1351146
2910
926916
1356
2722
1230682
7216
1184
1892
370
3102704
4594
2022
2630
1652666
1864
663036
1684
3700
3461608
4514
3936
544
1212236
5542
1490
232
883274
78012
161968
758912
856834
2372252
136396
175568
5540
1348
3860
421076
1804914
659352
446078
1815516
938
438906
885014
70080
9722
2513728
84
3298
2078
4860
14628
3946138
421024
1180696
876618
2117438
4090440
1734316
1632
13886
22170
58494
383062
730590
773408
912
2324
244
96324
642
402
1662
643174
122574
1816
7604
462642
1639466
1718
1238040
1289254
2004092
7312
342
520862
305316
68558
837254
278930
147132
5040
915890
8500
958210
734
1324860
658586
526356
685670
3620
63920
5030
136498
1680324
264
359458
276
635282
2554
1024678
710562
4176
2096
8478
388
1573864
1745876
258
1105816
720
484882
88
3338
894870
82
3954
36582
308450
2156
892276
1016084
117592
84
82
2660
40530
447468
82
267530
2492
1412932
40456
248
8510
84
17126
139914
2296
110954
884414
3520
156462
1239358
3762
5868
3686602
6060
2370
1508418
238
982
509054
912
3136
268
2069106
232
268
1104
283724
4250876
1894
21812
2536
5726
345898
2480
348
4896
3184
84
256
500312
68
2718
4682
2934
3862
1706582
3896
666
5306
256
1686118
23900
1061258
2795694
8354
1002
1474588
6142
3822
198
1612
5902
981818
3753096
2053068
1542
471792
102976
374
3566
423954
3998
240
322018
537012
1447904
120830
752404
109038
182266
2639556
505870
4582
67096
4210
1312902
824476
559288
329946
4254444
1146
58002
258
3712
82
70
46134
506092
406994
13708
2986550
274
8120
1190576
2990672
823500
225574
1461044
270
1782
566350
621144
382656
1652538
262
1550
1722308
113270
359482
5046
291838
9420
3364888
84
1060
3826
252
14132
287306
262184
84
3486
901326
1152
235268
210902
9492
180514
2580
3130
2212
662
364
2512242
1532
496
220
483570
1372
2944886
339150
2796
1847272
395828
8756
496
3524
4384
1572
856512
8930
240208
3750
80592
360
510
1558
2340
5962
1926666
926402
6014
283830
1728266
3455176
2212
2112
692
248
1253488
4419198
1558
872760
646038
1362576
228368
2469816
3779200
402626
84
8344
965482
1080832
1714360
3101376
82
5138
53990
653884
23346
2742
3118
512
839574
420606
56610
565070
4348
62654
2597326
1476
3530
80420
228770
256
3108
1032356
1235866
280
1117520
1374346
2063574
1874
9286
718
3000
248534
242140
296
2730
1496
62212
1325086
1530256
1763448
902964
361300
1625862
3246
83538
616
73112
1556
739008
1244
246
1106
1014000
3378
2282
234534
5002
469754
835966
475874
4472
1103712
2395148
1902
3112730
82
1650
4742
4900210
1854
4868
197356
159238
772790
43516
1188532
2350146
765132
1301430
1216
1140152
1476
82
324272
82
1358
1041474
1772
1066608
7172
656
75442
285916
820898
4920
861856
127338
1274
1935422
6156
7131262
2808450
74
10450
1212
2015092
1836
26744
3346820
1508916
1754
4172
1156334
2312
5779182
9808
197578
384376
70
177622
1468
2370
1276210
2823180
3526
5344
103322
4540
171052
358344
1568820
436606
1010154
1634
4986
754912
2329904
161252
9572
376854
315358
198692
932
186730
1538
240
3812
234442
40360
699272
4455590
8450
1532
3808
238
768870
3439380
82
5092
2408
708502
5526
1554030
1143958
429982
36762
1262348
387290
782
517904
3314
70
5166
2380
4706
848
1010
84
82
3346
84
1742
3140
2276152
320594
1950
234
6815558
408222
1418036
66300
7998
408820
2174
5466
57240
177288
1391850
1773266
1244342
3504
5876
632728
560734
774978
266
13254
183028
891954
90
6832
132604
6540
1424784
837016
7902
1402316
72502
42806
887050
46294
264
954
1714
694674
3258
1280
1748886
184890
3884
373722
2392
2745330
2892068
1587998
376
286846
82
13588
39974
1088082
479662
1136
2086
82
691150
2205756
1175344
1533740
651728
1515834
3234
1316452
42606
1118
8114
1188676
514
1015442
1774
1302786
6112
145914
1582096
4508544
10498
6100
6611638
7439048
28580
784
920
3494
4660
1509060
686
1000
2448784
8718
3388
9966
1500842
84
1374142
326220
3642
4512
1848192
2876
272
2342
612542
2097474
1790280
1503868
1918
7836
542164
14544
1386326
724
750408
1195306
586906
291774
391182
2065088
794534
122150
489226
2027556
742026
28898
952
262
74242
2528
37664
266
3330820
2780
2288
1628
2736776
6326
2235828
800096
20108
2996
84
5732
694618
109368
5140
1326
9368
793802
7306
529734
1184712
167776
181726
1716
272
1150
3794
3307090
397116
1262220
535706
1461344
2492288
112724
349864
161952
358
1468
151654
1532264
1996232
310794
6398
4824
1138
2084560
1083706
457218
1382868
3500
768
4164
3991116
309384
1198
212080
86
72
1244842
7442
324204
4352
1894
628
275596
5432
2966
537430
636
1931546
532004
2788368
676
1420794
914342
43782
2847130
706220
1777848
258
34034
4370
576
2324
3036
1564790
84
6190
2720
1268
1070
1884500
580348
352
1010296
84
70
860
1060270
1390
2159524
100892
2040
65226
5532
2210
1788
2348
798302
2004
2354
29828
1058116
132646
4596480
2524
5522
274
678
699262
736792
6308
546500
1001968
561840
2082820
348374
1979626
1244892
82
6904
4216
3068272
8982
2041974
1324
1972
4365586
1625584
5298
884324
1076618
1456
8984
124400
4400
1264804
1244
2374278
3588
1578
262
202602
1431424
5702
539632
10440
3298
4266
3534
1410
265746
1530
1109506
3000
1326
3178
210098
9484
232
4028
7666
1267284
1682
12716
21040
598
1824194
230360
2520
1315536
441838
1758
260066
369220
752
6438
1915796
668584
964790
734364
486
2369272
205388
406240
315578
186726
110492
337036
2876064
1794
70
436988
13828
4734
855668
136106
1673442
766074
1890
123520
13404
3100
4505552
262
350206
1542364
1784
42710
404826
1683466
25902
60812
80134
6392110
73094
492142
658854
1314
1911902
1950
110646
1480988
587238
350444
315564
760246
536688
99364
662860
12804
256
838
2631170
5926
356592
1554
4418
1035540
216612
3214
2396
3020
556014
181046
496
539688
3354334
18518
2144
3772
120358
82
866
2384032
70114
82
1618
3586
3116
3862
113836
266
2127952
8318
832860
516296
1264
2248540
5213954
1312644
7184
162222
5796
9572
3176
256
646
266
439126
467676
1976
1670
4622
2810
151038
3592790
9492
2027772
1008260
1532
4036
12286
6592
972
1480152
2722
360
794
4180
3212
1394
1464214
2172390
9676
1503572
1982
634
789372
1646174
2606
4968
6636
1432
482
245668
641592
5920
1198
2735364
362
4168
8710
2736
2378
2767572
1756660
1420
2420502
3010
1282
13818
41346
604048
9920
924
4316
2610
490
5034
6527864
822
3264
7270
6336
360496
902
1178
1910
264
4256
1462
2502
1884
2342540
9998
592
1542
1946
5752
858080
492
3866
1159732
422
2356
1178
14540
1846
536036
1130
20532
186774
1268
1838
256
3944
980
1372
1864
250
14556
3495126
3062
2754
1097518
2448
3864
4634242
3734
376
1940042
1496
4068
456172
2550
1540
7020
410682
22528
194404
494488
518
1330
1908
5374
858466
12404
7962
1414054
2815624
872
4415368
11266
131144
952
1333782
3731320
2350
1198
10732
394
814
1554492
156634
2490
4546
5110
3566
2574
2258
3070
1447138
4240
2492
1224
277888
2474934
1658
2496
244
3864594
8066
3438
5980
8728
3576
585012
2210
4046
386
8006
2902
2158
2310758
5304
238
1524
616
234
6736
876
1412
1262
2112
974
1303384
1080
678
374
2492
5066
7238
15200
4403364
195032
356
926668
134738
7568
97284
848
2330390
116648
494
4700
364
222
860
1516
803552
366014
6826
1258
1672
16758
980168
1264300
949284
252
254
3068624
5016464
1530
208
12584
1264
721494
4068
224
1127020
518
11158
462
284262
12864
4312
602008
46222
221698
1336958
1666
1260
371664
8792
545626
1934
5010
355808
11520
762600
3826500
2184
2160
3361940
264
2710
3766358
1386928
2694
2216694
6654
1844
4044
636
6574
1794
1021922
9162
1188
1540360
841012
1971306
288208
2666482
1556804
4150
189980
2948
3178
12270
5164
2832
7164
1912
306088
956
3500
518
3622
3452
1942
164704
1191656
914
1670
20444
6200
222
10212
6756
892
5846
1712
848128
143570
868
967164
5822
353320
9786
74532
1642
1285034
3420
1766
6352
4372
944
631948
10180
1788
1012
2842
1396
2094
1112
1844
4550
402
1218
2512
3360
2488
754
6138
1504
649980
246
6792
15182
236
246
2576
232
378
11100
3336566
1445568
2014
9484
1118
2086
645122
53014
772166
6256
9046
402
764
1468
8138
5166
9838
1582
738238
64980
10926
6798
222
4618
1528
492
424
2118
3526
248
516
1240
3168
736
202774
1944
459670
492
6466
368
2412
93794
1734
5314
474
2882
2254
3966
871458
660
174580
1014
229098
532
6336
1532
1110
1648
161690
5364
958
3656
1138
230
155292
258
376
1086104
1766
10252
5294
5642
752
8306
3086
7792
284
1792
5624
10314
622
11510
512
1404
2202
6414
354
977386
996
366
1226
56284
4434
2712
1134
1935978
3823886
1338
5990
904906
3034
1016
3822
6394
628
2520
17106
4486
1674
770
143672
608
446746
11112
3254
10634
1511954
494
748
376
264
2692
2432
1752
4074
884372
1970668
764
6284
5976
4308
1618
602
7708
13128
5356
1876082
270
8586
1269964
222
9072
2415862
6560
4696
1592
686338
1206
2020
2351816
2134
610602
2830
1782
1076
1710
1650
260
3332000
7424
4552
3595750
3880
2654458
3652
2888
256
1740
3042138
8806
366
213562
6026
3410570
78928
246
3942
266
105362
728220
4246
1410
222098
742
4336
252
1730
1830
764
3098
4496
982
4117752
375098
5262728
1502
1779322
277618
8618
256
8914
1166
2934808
2088
3890706
4840
7424
1515418
1540
522
1911982
1209234
738
8405106
605082
1556
1485518
3212
2072
2630
961474
4455682
3542
2224338
7160
760
1932
750
86374
1076910
812
5290
1527804
6810
232
512
786
11432
240
1868
258
356
7982
3548
3906674
2286
632390
855672
1472
1706
2810724
919440
2980
10564
3252
4596
535154
5100
258
3974
26860
407376
14300
2434948
2230
3388
2834
2200
1606032
768
10746
402
502
11674
9004
1264
252
1338
1236
2450
254
1068744
5140106
934
395346
2016332
3136
106882
2966840
6822
3242
3364
4930
3340
1236884
254
949420
2274
2270
1862
1732
954912
258
1379358
256216
2994
2960
914
3412
5984
6688
256
284
1936
262482
364
1546
2050
2346
1832630
2334728
983814
352
1334
17650
1392
538668
11612
242
3080
262
14592
1534
1710098
474
1872
2240
658706
70
884
12464
14608
126466
279240
264
278
5786
3298
3288
7352
1348
3528414
591126
761248
800
263716
2028
840
1263382
3066
3238
1086
3092
8486
3314
1600718
721248
2904
8006
2766
1212
388554
2710
3140
3554
3038302
374
1288
2751314
2916462
72
2672
6218
356
15444
522714
484
3812
2066
2192
242
2112
290
4854
362754
4582
252
1284406
386
13220
1726
2125014
349570
505132
2928
3508
2768
1396
260
2772
7650
256
5234
499666
2045996
1432
1406
906
3918
1540
488
9200
4204
264
2514
2172
897350
630
880
4000
5144
1238
527000
12882
244
2770
4408
250
110870
2892
1168
2667576
268
986
256
602048
600268
494
5242
9588
1548
1204
386
5524
2046
5386
1375776
1728
3624
522162
228
2510
806812
2166
3980170
613230
2070
1732
4002
938
3034
1386
692
1066
722
12170
1044
630
2352
758
360478
998
4932
1674
2462
626
248
13144
1256
1720
512
63192
3003988
5060
1040
652
11888
994
2524
642996
1669110
7570
9784
11278
742792
1982738
13488
3544
3112
9868
7076
2983088
370
228
5179622
82822
13316
410
3880
5546
3735648
478
2722
2984672
18434
1678
1558
2734
962
774598
534
1992
2160
1626746
370
2172
10120
6610
916
7078
1256
3600
2012
352
2972
569608
612
1423382
393602
713244
4942
4008
2936
250
512
475676
5482
256
1497398
5070
798258
7840
7668
3724
880300
4824
49652
11904
7542
3416
3626500
2441212
1850338
4186
610
8862
5774
370
99456
15128
366
5700
4780924
64834
594362
1710826
240
198960
1124
1985558
3879300
4578
5594
242
99338
672
15672
1799378
2876
16088
244
2622
806184
1940
2362
3320
1690262
70
1395568
2994
8322
1122
8546
147004
2154
2202516
260
1162
1512672
978950
2359836
4998
254
982
2652
824328
5668
642858
2946450
640710
2516958
778
3174
2552
1950232
250
4828
724536
502
2626
2826
1700
2352
13548
2594
34468
8122
2406
4377112
7782
1440
170076
246
842
1366
4216
934
268
281816
248
57592
2248
2136176
4168
2746
3674
419182
5168
6218
772
1222
1166
1418
244
642
1624
7248
6444
2164
631398
1542
4554
2632
8886
3270
534
2326
1598
982
642
948
1032
2233682
1616
950
2766
1017594
262
1800
4342
1054
630
1636
85168
4474
1812
5208
642
784
838
1208
8672
2532
1002
4758
2698
3632
744
1414
1244
2064
364
1522
646
655456
676
103488
1804
968
2848
4728
285616
870
2730
53230
4172
1046
788
2692
4470
3094
978
1304
2246
952
4798
1032
710884
2516
1348
7872
842598
1144
3780
1462
948
392
1590
686
1322
2116
558
4376
2734
518
8658
848950
1590
1674
4548
252
559370
1796
1004
904
246
4748
3262
5558
1234
274
5404
2564
3042
658
1594
802
1056
1258
2422
1262
1834
112614
8574
1412
3814
94772
376
4328
2530
244
672
670
560
1658
5918
788
1052
424
502
3938
1944
4098
3352
749424
1722
1180064
266
6268
2082
2720
282
646
980
6496
2194
2690
6108
7908
2726
2220
500
1136
2424
2248
668
4330
770
2524
2556
2350
1130
7856
8976
900
1056
1034
242
2694
1224
598
828
2512
2512
1820
2008
1122510
1750
3950
1560
1846
222
1386
2392
1212
2966
654
6754
1620
6852
890
1318
234
1592
386
4436
2824
2104
640
1647878
4210
1306
242
3294
1040
786
240
3716
2310
1348
6812
8652
2214
4662
986
15610
3910
2630
1186
1680
2946
662
1290
67030
4562
380
794
1672
1020972
964
644
1346
1362
6472
1298
4452
1188
1510
488
666
3520
578378
1354
496
2870
1256
1398
2644
2252
3134
380
904
3406
1252
266
8528
1464
512
670
1592
3346
1220
3648
274
1438
251704
5160
3446
1298
3338
1112
2216
810
3700
1174
1464
1740
1604
292
1184
3514
139506
4558
8702
1011062
1398
254
1222
1408
704
268
246
2906
64776
6780
1008
1024
5162
1232
1302
11328
548
2810
9822
6926
772
2400
246868
3316
2708
8770
77626
3826
4278
2176
2810
1260
3124
4466
2398
1028
774
4720
6492
1676
312614
2932
2182
5580
229794
1424
1774
2976
1346
668
604
3944
1740
54376
1716
1242
2448
262
1032
874
3878
262
256
1086
1398
1688
2422
5536
2208
2076
256
534
3508
2502
134512
878
472168
3486
6286
5128
1294
493006
262
1502
221348
582
4082
3642
2724
2074
792
230126
914
1064
2538
3542
2834
2460
536
2644
6348
382
1784
376664
838054
756
2896
2772
3042
3572
2014
2032
266
1856680
7986
712
1154
839626
784
912
460
1078
918608
220
3634
4436
2040
2520
1476
3800
550
280268
278
290
1212
3030
6654
4308
1958
514
3112
754
790
6626
1396
4724
504
10334
1124
2146
2508
2990
740
2606
698
558
3696
572
1972
2138
2946
6386
346
1040
10554
648
1296
5842
730
3792
434
366938
49156
348
762
780
564
1782
3090
471236
1504
710
238
292
1738
646
1170
510
542
3458
644
2170
794
2028
614790
768
3904
429160
514770
1441590
1322
262
2802
882
634
4778
258
984
236
3362
848
8374
1730
1448
1176052
7030
250
220970
2580
244
126056
5368
876
358
570
1400
5138
3396
2536
3038
4304
1750
2870
726
4994
2738
4144
1734
2802
1364
558
3000
1442
234
1350
3384
1990
392922
1416
5932
1724
256
2770
246
1570
2708
1052
5586
668
1064
1976
936
1596
1058
3084
3642
236
1790
800
4366
1014
642
2116
2530
3654
12128
1132
4764
274
165312
5300
1288
940
4374
1798
6056
680
151572
1110
936
990
268
1066
239460
2226
2054
650
290
2462
1444
12548
2432
2352
2930
2578
983782
2468
1554
1168816
11040
918
1278
3262
3660
3676
1338
1342
1544
1048
1422
1114
45388
4482
4658
534
1206
1590
748
266
1622
2174
3588
4616
1916
10412
1764
1308
5336
238
1122
3010
1064
2930
786
1140
2202
1206
44120
1556
4504
4668
2974
748526
49606
5130
1146
3036
1694
2604
780
1195032
2352
650
635798
534
3022
364
266
2992
886
778
2242
3836
71824
631368
4546
6328
360
1178
4024
2036
478232
678
263370
1342
4300
936
1276
523052
2700
46194
1144
962
244
1426
2250
8170
564
874
3690
1244
4948
394
1514
3952
2072
2642
698
1204
4128
236
2842
6200
946
690
372
2660
242
6186
3612
5448
534
1242
2866
1460
3490
4058
2114
2322
984
3272
1510
830
2702
260
1738
22448
3594
392
824
942
272
7120
2160
1094
1288
656
1534
244
5838
5730
264
1532
1016
4452
14170
654
1952
554
1940
5274
4158
1394
1196
3532
646
650
906
2440
1692
1198
3634
3310
3410
3578
5040
354
3444
228898
108796
672
6488
4988
1240
1114
46912
2098
262
3020
1192
800
1828
340
1812
768
599768
804
780
2830
1016900
3354
1690
175940
558
1286
527540
1308
960
1718
240
664
224
1850
3106
250
3064
900
6064
1290
1752
864
1264
634
6314
2376
2498
1458
3514
11236
5490
613060
728
3660
2658
266
1282
3772
1626
530
642
8000
9544
788
5642
696
976
2536
916
252
1492
714
274910
366
1534
296
1672
244
3868
652
1030
1174
1104
266
2600
4000
3908
2496
568
4774
4876
672
1904
6124
802
2936
670930
1390
1702
3526
260
650246
570
1394
4056
244
4202
2192
4180
986272
248
1566
1952
240
1214
2566
2208
642
1118
5186
3676
1318
2084
1838
646
1646
1382
2058
902
3072
3006
706
880
3148
2662
260
3030
5144
8502
242
158616
1844
248
1818
1280
1014
5680
11606
7720
528
796
5798
5818
1014
254
1176
1983570
824
642
2384
1406
1280
2548
648
4146
622
956
4956
2148
4654
4474
9034
372
2060
636
3830
1016
3766
2154
1304
1724
2338
982956
488820
2294
1300
551964
846
3130
195714
370
1016
496
242
8540
506
1518
8714
3046
602
5556
38150
6040
2892
1304
2638
708
1498
1262
552596
242
2722
430
2566
252
3382
536
664
256
3170
6240
3174
6150
292
3736
3730
6160
1210
1634
2142
820
3558
760
15510
2348
1610
3460
746
2304
2322
1254
1160
3126
1722
1504992
396
7054
588004
15738
1004
68
645780
4046
16758
9202
7172
246
183444
11910
364
4118
4706
1493300
4079010
396
4910
1252
1366
2923980
374
706894
5702
6326
410360
58758
1064
346734
3180
3770
1104
5514
2343864
142982
4078
3614
6470
3918
1830
262
1566
264
1184088
15418
246302
303514
111460
709742
4416
1674
2104
648
14038
2080
2266
1140
1920
921504
988
5914
256
4448
1748
4306
3482
18354
1090
4036
2631214
66
1914
46588
2564
4512
9278
23584
47744
4200
374
526
2360
1182
1722
372
5404
272
1856
262
6164
100888
2243924
378
4432
4118
4056
1512
496
77572
352360
6326
5162
372
181146
2652
6218
2762
6268
485114
2862
260
675204
9154
2100
248
386
8764
8628
266
622
4198
274
1410990
289764
1970
5916868
8724
2816
492
3716
2310082
382
480
370
4758
1178
24046
1024
2722
2386
474
563732
14048
42008
6228
6408
2781674
260
239172
256
72
353978
70
1688
6266
1152
828
5270
370298
238
11722
858
10920
6104
746
246
6208
1310
1788
270
384
254
2360
2204912
252
272644
1094
1906
3560
2342062
3590
486
2508
1160
1797248
1390
454
7628
2957844
252682
364
9500
1498
474
4416
274
3390
228094
196874
1662
4254
3228
102740
2812
11182
1290
240
8444
4192
6726
11542
4662
2536
896
262
252582
870020
1950
2220
3016
2686
3192
354198
1742
4780
356
7886
4064
260
380
3902842
2218
374508
1162
290
1742
4548
1656964
879602
1188
1726084
3312
10290
1202
7506
3160
6698
236
1404072
6778
8166
3804
3390
1890
328792
12978
3756
2156
494
2976
5557440
16612
1314
1716
3768
3108
5228
11420
4490
5622
5372
1395450
2116
1164
350724
1622
7214
246934
2063702
266
2800
4398
2519768
270
498
3602
3392
268
250
358
3580
1056634
650
1334
341602
804506
372
8670
250
9686
1012
68
283750
2636
2290
126224
1256
260
270
216
9034
760
570178
2604
449390
3042
12404
7438
443140
3019846
1527028
754694
864194
1796
2808
3680
388
2686
1344340
545656
402140
1366
1086
1098278
6732
238
1740
5842
2420
4442
1482
17180
23044
3136250
1580
376932
374
999270
602674
6620
3106
243248
1055070
1510
6450
656
2295106
562864
4014
19158
12284
9236
2918
3554
6750
282
7116
2112956
243648
248
219438
381370
1219020
360
682
5582
8042
2246
2268
380
508918
98894
6710
462592
270
1014
242
2238
370
483414
6772
9092
12468
1188500
964
1279200
408
260
7984
246
13284
2027358
111852
260
242
2204
1660
5252
68
614918
3316164
36894
2944
1094140
2056
723928
2696
1801706
2388180
6616
540
71184
1896
9160
2652
884
1680308
3144
498
225200
703650
12046
2444
1956
4770
2845844
2266
3052
5046
6864
329018
805408
8718
2396
2362
782
2162
4812
262
1324
8694
788
134792
3578
4338224
151126
574424
5032
9980
117746
23406
16302
714660
374
2542
4274
68882
3364
1098
914
2654
3966
4776
9216
3122
2040
4406
4156
6552
70
232
1800
532
6804
1420
3974
1714
2736
6570
244
952
68752
376
4930
252
260
17222
395470
254
6678
3404
1804
5506
512
754
1336
1404
7820
290
2280
230
1572
1624
9860
1938
5836
7988
7614
7968
256
253460
4254
2622
326960
26404
4938
1668672
68
968766
368572
358
4348
2110
4944
7196
250
477324
9736
1318
2490
496
268
898
232
4638
6880
2060
1277514
2734
268
388
238
1510
170950
5378
1613842
2786
4332
2432
1032
767396
268
2872
262
1672
1616760
2294154
68
5574704
1940
11530
1483344
1184
264
240
2822
1084
97046
2052
891516
382
294
433710
17556
420138
4704
8918
1244
10580
1428
270
1520
3482
4636
10048
5768
4767838
1596
60626
878
6872
981772
786468
274
268
1310552
873690
1858
756
1150
2586
3196
4304
7874
296656
3313978
477108
2348
111796
1858
17558
226
3810
1294
1172
4428
5602
2138
3204162
1456
356
3652
250
6120
11794
2904
4848
1940
12294
10356
68
2308780
238
5374
496
44244
5386
3094
1426
888
594
1650
8916
3100
370
4942
2366978
4276
2088
1456
354
6438
3690
8756
3028
3806
11110
2120
14094
1670
5350
3520
2586
2226
1824068
10454
504
5786
1818
1386
4002
2787648
1126802
1010
6450
252
372
5194
1912
1356
2144056
1456
9380
10038
2792
692
433492
4910
10506
1241698
1946
2678
5512486
3234376
6510
1936
136048
1230
108782
69508
4290
1860
1884
3666
189254
246
9196
2276
900
3166
70
244
8550
2884
10126
298
180408
2690
762896
57486
278
1224
14140
8142
3786
268
902
8816
4416
406
288
1306254
684
9816
2416
2140
2844
4554
6662
2652
4634
4646424
2930
5206
4280
11004
1972
1724
248
1562
5121972
638
7364
1722
4714148
1954
4180
783662
309090
5422
7520
1286
266
370
398
18856
262
5856
4660504
1336
1103698
13698
8830
4004532
1308
1100
1065874
14830
945504
9372
2360
969890
504
4326
4672
1894
508
5544
376
7538
2786
294
4674
254
892
244
464
9780
2078
6624
770
171166
6466
1758
508
80676
2488
364
842
11600
5102
1568
387172
4342
1412
776
370
5026802
939888
1754
117946
2470
2259594
910
266
1462
500
1708
4548
1707452
6016
4236
1470
2578
3816
3630
3949844
4270
6312
544716
1194
2056
2178
488884
8186
873222
2140
4044
1664
250
3328
66
272
14756
3056
244126
8242
741094
296854
3424
272
5494
3282
230
2838
14660
478
368
2808
6524
7328400
3576
3500
11124
264
462
366
6768
7210
646
5492
7092
406
260
2302
74988
135484
5288
257848
4220
754
4468
542
270
3388
492
5734
6640
14354
2148
8470
3728
230
5225984
9354
382
11626
270
4860
1265280
1115806
1530
4088
274
4314
6050074
1366606
678
254
290
454
3236
4220
132456
2466
1852
13584
1218
292
11056
6250
1676
1732
256
1408
2364
706932
8906
14438
1038
1666
1410
2460
10700
688
2802
12988
244
1582
6202
5028
1342
1546
68
1710122
4868986
297198
354846
1620
1652
242
115844
1446
13182
1036892
5658
3677356
5130
5876
5514
678
298
213446
272
1940
869956
3174
2308
962
2396
270
4184
264
274
1668
3310
114762
4115526
356578
510
8228
1972
7070
4202
29128
4148
2061728
1819014
3260
2176
9970
878
3006
2527486
5594
312630
20802
5546
1677048
818
3210
5918
244
4916
1774
254
5364
70
552
266
258
5436
70
68
1412
1574
12540
2966
283920
236
4260
70
68
374492
270
1406
3836
702
1064224
1392
11368
280
5818
6624
2346
298
3726
70
68
2038
1102054
1558
4724
3073522
1310
11608
2888
2112
39202
398
1554
161770
5950
272
1285106
8082
592722
8018
252
3422
368
364
877044
3090
2686
1476
4416
6794
2742
6924
1569508
168220
3182
2922
25118
2710
92416
2400
2318860
1256
1806
846
266
244
268
3344
946
9220
3792
1904
6160
2422
610
566808
5556
8502
1408
2598
210598
119492
394
3032
3686
2888
810
258
1703048
6042
2298
2542186
1322
722
700378
3896
244
2680
1310
294
3986
1732
2036
2522
2402
1880
1789196
256
8484
10422
268
372
406
1404
5428
5362
2084
2796
1498
502
1508
5650
7378
1550580
7906
878816
260
7724
252
1016
70
3430
238
6454
3610
3836
490
1152860
7644
8996
7486
1126
258
558144
4969174
2387218
382
1012
2810
246
733848
374
1356726
3180
4636
1546
1874
4520
2217554
10270
3829228
266
592
871946
22438
3480
6618
1209446
2518
3152
386
276
5924
16852
5722
3464
70
702
12542
4384
1582
484
3456
268
1392
1705152
366
1140
7668
727262
1104
3584
1182
2190
1278
3188
7346
292
5938
7678
4744
4622
994
3540
3182
720
70
201568
1332
2418
1102
1132
2186
2656
488060
6954
1376
1286
6546
252
1554
8296
242
494
3676
2256
6476
49294
372
3194
3336
278
222
964
268
2130
2318
4692
2136
264
1938
270
5374
2240
268922
767930
8288
287302
492
3158
908
70
1930
14266
4240
5534
2956
4410
1900
1498
907472
972964
2380
13854
266
370324
1716
4518
11032
718
3944
1788
3660
954
866
784
2244
778
378
2224
270
7506
940
384
1054
3698
3948
2806
5994
768
255110
1900
5796
17492
242
1398
3870
5616
1322
5664
260
2222
4246
4190
6058
1254
10834
376
4698
3190
548438
4200
1442
10822
748
272
478040
1036
1372
22696
492
1946
1062396
1428944
7316
602
1334
3624
5778
706
11126
3772
227346
115056
2318
6174
4108
6196
694
692
93108
42268
532756
9652
471958
1658592
297108
3344
9418
4518
1556
266
2224
368
366
1510518
2000
354
362
2218
323680
364
785802
530376
502
2072
70
68
602780
2194
1728
672
4808
5724
2604
1143216
798
268
7700
602
15422
3760
7022
1140
1980
12966
388
3476
7166
12428
18052
5780
749070
240
1331250
92504
3612
4668
2772
268
4736
10918
3980
1376706
1107038
400
3844
977720
727822
3144
7532
355256
940
802
4404
1818
8194
272
3244
1488
270
7040
258
6392
15706
4020
274
5576
1449878
4088128
1148
1198
5092
6198
13758
7364
2432
4994
488
392
1434818
2744
1650
2125746
45878
79444
502584
30230
343464
982
4890
2518
48590
5814
4538
2194
256
2230
500
6616
2450
2612
990756
4584
2029004
494
1850306
70
5794
3614
3782
2446
7518
384
14930
268
587036
268
3304
880
1284
4688
15650
4552
11572
1194
936
3782
5884
2742
1190
266
200692
886
649044
7026
3476
2899912
9530
569850
676048
3596
3966
5920
488
1626
8776
270904
3788
10582
6620
242
3822
3486
3030
2702
278
266208
4396
2034
526
5712
2260
390
1889174
1260
1415738
2964
3204
5044
70
70
680
6150
4560
262
630
890
1236954
247752
1784
3104
2412
9138
652440
1756
8066
7662
106728
1404
11902
1474
982
9902
4316
5584
168258
8236
1338
222768
710
5896
252
491380
8252
763352
388
2988
1307740
5594
1210
672
1866
3506
2174
7154
4086
2572
7548
2924
1886
252
4176
2450
4002
14890
3016
240
260
4546
5854
2542
4718
18004
678
352
7132
400
3746
5290
243608
2466
2690
4126
354
1224
12320
10068
1786
6236
264
4702
380
402
782
2234
5686
8532
1345410
4206
145034
9648
1846
2305062
3944
12892
1016126
2194
2348
234
708
3242
552
1206
2872
4296
4798
1354
2388
810
4920
8226
11626
902098
5340
83342
568
113796
248
10122
1354
1006314
537840
4582
1806
3488
1375804
508
2388
2491530
83396
2898
2632
1234
2478
330748
264
4792
3298
9038
3515624
296
1850
246
908
3056
796
238
8648
2966
2878
4936
264
264
364
2306
5344
3176
1860
4632
1054
1706790
410138
3124
9328
804
3372
380
1656
702
708
664
226
658
11736
5444
1546
256
2614
737216
2502
559128
4218
10866
272
3248
4596
4734
5540
3518
14080
4990
452082
3770
2097554
560944
368
686
3280
3402
663872
70
3436
6428
9834
2586
276
1684
502
3440
3730
3896
765876
2906
250
2224
1052
262
3964
1129110
4404
2070
404912
256
1315468
6596
4320
7826
4830
2354258
808
21856
1192
254
5748
1486
5848
138874
268
3170
3232
1641264
44226
2392
940046
2594
680
569798
3516
34320
3580
6292
70
68
6004
5212
532
268
704
1368
1752
2942
5830
6072
1258
2684
392
14194
13438
8638
4394
4129102
482
9156
1117666
5112
1816
508
1194
356
9826
258
4842
605300
8460
356
7728
10644
4648
1184
698
804
3972
6418
334946
7216
1564
6082
3116
354
1466
598
4880304
1056
396
1838
2936
3178
13402
1056
2894
11948
2012
1826
1202
1878
1060104
2560
7852
220344
2034
3072
1428
357578
260
1304488
6234
1572
5212
994
1420
3694
2972
316532
254238
1010
7072
1562
734
166792
2264
1882
696
17912
9192
2442
2136
2934
898
410
4030
384
667576
268
1900
256
2528
406
270
10746
372284
808
3454
1822
2122
8794
470
1012
281714
1832
2052
3896
240
6096
1136
8348
3402
1614
3062
1362
1582
910
70
68
2120934
74
70
2568928
1370502
514248
3424
5432
2580
9432
2978560
5944
8366
8716
263820
2474
8996
238
3436
4628
3156
232
2656
1840
1326
430
5386
286
2604
435462
3938
9930
248
3030
444376
790
429622
1432150
1140122
2296
2508
465918
2066
378
10296
1426
968
244
11624
464
4498
368
43948
4360
594
592
19122
1266
14392
5888
3187964
5990
222
1694
392
252
3082
6208
1806
7174
5346
35262
542132
1768
1260
1220
8574
555468
6086
4956
270
924044
104222
3990
4710
2594
1955454
7358
5584
1256
7283462
4338
5196504
2101404
1036
227134
5240
11058
976
536636
762
3136
244
11736
9692
2860
2942
2382
2050104
826
3696
8674
7450
3524
2278
6251324
1124
2190
374
11388
2214
9944
256
5476
2440
3503892
1384
5490
254
4278
1226
2171478
5564
904
3986
2490
2588
22838
1750
6356
89598
258
20568
3246
4494
5752
257668
2076
329656
4466
10640
4864
1574
1326
7298
5520
7030
1234
5482
3360
39466
840
1084
162570
403620
3436
5706
632
246
2468
2114
466578
1570
512
5170
530
447082
3334
4220
3172
1538
761976
2560
15242
8256
469406
4858
3280
6554
1024
85232
769588
246
9188
2376
1720
388
602
2200
4570
4144
2520
4586
3382
1432
67102
822
4086
246
1730290
49188
4930
388496
1776
1682
3435130
3904
5824
622
608
3354
3282
2501204
1474
374
760
1750
2614
4142
2308642
1916
1184
3646970
1996
148304
5976
10994
2942
2904
4670
2274
520
123012
1514
590
3092
2326
3322
468
248
1960
8888
47734
3810
1256
3710
1523390
4994
5760
1822
4526
6580
6558
227324
5954
137622
8734
374
7168
2632
4670
268
3700
432
2632
488
43144
3289632
428842
1784
1392498
1301908
6656
412
2464
998
2872
2218
8706
4788
2002
4030
3040
566
1324
282
5516
2502
6044
2260
3656
2506
2024
6002
272
6890
182874
238
276
882
2650
584326
1340
882
254
2108
5792
1730
1004
1553398
1180622
3248
2889302
766
1310
1378
698
1842
752
1140470
163248
1064
3407458
648
1087560
920
986
1595458
3778
3508
1866
1568
8790
1180
3130
2428
5786
984
4602
6836
5350
1274
8904
1598
842
1620
900570
742
260
1848
3540
266
6888
13688
1022
394
73140
1302038
1840
1644
1364
5148
1840
4008
3196
13220
684704
382
4664996
990126
54144
437432
10880
254
136966
3426
8966
1284
262
254
5424
1084
1994
7646
1866
1043910
386392
3120
9020
1578
932252
378
370
376
462
648
1716306
11944
7922
2278
2190
3924
1270
1800
408574
2698
560714
2652072
1732680
3594
2197954
8146
190300
1142574
70918
2048
3864
272
2274
4066
838
10692
2214694
3786546
2180194
477708
1150
4196948
2643776
3486
828610
12860
276
24512
655268
376
584522
51750
7300
394
4476
9028
1473322
1385364
1017976
1125482
6478
2342
3590
1144
5988
256
1760
1002
744630
1118
127356
2654
4864
270
270
4609950
1660
3890
1104
1434
248
547566
17488
301258
4254
57638
5560
12914
254
5172
5686
1467884
134712
4208
5072
522
2714
4790
5074
5042
928642
374
56552
5060
464832
33186
410654
1104
1957262
6098
1942
612586
691260
266
12496
1122
9026
1484
300968
7418
1954
3478
7018
2872
1561320
1602362
1646948
378
1894
488
376
416
1058380
110856
4830
1528
3616
3464
912182
3430
1232
2479532
3168
7956
1228
4084
4521572
1006
254
2892
238026
3554254
5244
244
1644
3544914
5184
4820
3946
510
3592
10926
64364
4886
4250
770
886
1004
555952
2560234
344
352
81418
2386
2162276
488
376
656
276
1290030
126204
5935300
2726
5512
68872
767344
3234
4084
3340
1132
1218008
6574
560408
246
11148
8192
5414
564226
118574
3274
3982
43212
3194
270
3564
9692
146026
1870
252
70
621810
260
656822
13836
1066344
552
231710
1916
562
834
3256
970174
11860
1554624
10242
238
8810
250
7954
2890
8798
2527182
628
4188
656132
17922
1314394
1970736
1824
4176
3462
252
746
1004
1764
380
165572
200054
86158
13004
1518
48692
166088
25810
158922
1818
10550
1098
633722
5132
3082
386
1018
856
2224
528
5260
1230
8934
4650
2453762
414
2356
4486
4295668
4124
3706
1312
1096
510
2587024
2076
1970
2588104
693900
2962
4502
20870
2218
2412
10944
1606298
1263206
904
9606
11214
652
1598690
658
278240
1748
2582
2202
7244
8672
686
1328
662
2392
1543916
652
13646
7706
3488
2024
112582
3078
2866
2084
880
2626
7232
1428
3912
2401248
2252
6642
2338
4640452
1096
278824
406832
2175774
618
254
284
3432
259958
4296
2844
528
1576
2046
4440
5918
1500786
4548
70
3256216
1477044
1460
4128
9112
2632
6762
3620
766
1138864
1044
1777696
1148
288
6188
1372
186762
1152
5698
4242
3936
270
4688
2203332
1122
3368
370532
2410
364
652502
6888
568
14832
3496
4524
4758
7850
3203476
232
1364
270
1376
292966
3942
70
5994
18414
258804
4124
4244
2181554
1868
238
1284
278
4495754
3586
1406
3576
3206
260
3648
3248
9464098
2066
2870
1964
238
4162
234
430294
3062
1632
4632
4454
1324
3884
2476
1008
2898582
3980
2709712
424936
378634
1720
5310
10902
1786046
223166
116072
4440504
3152
295144
2996
7192
18838
1492
3474
10296
283616
238
698
3326
1592
2306
10642
7774
356
1352
232
6838
4694
551850
1012
364
2267744
8118
742848
1138056
329838
1990078
1081506
5629206
494
3260
9818
852394
1684
1912
258
1476
5284
4632
3057992
2278
867076
294
8610
254
792094
3748
758
1292
5566
6960
476
2866
790
3500
273460
3236
1259368
992
252990
3495678
4322
268
516
1484
214930
6088
403130
25634
3076616
884
3892
6942
2380
9182
1517058
1106666
236
3666
1524
894
4488
6372
3574
2956
730462
10416
70
1304338
1550
1495580
4976
260
5466
6498
408
264
258
2069926
2340890
1934
860758
4292
1644
7830
3108
1528
7682
1088
288
7300
1820
3020
4112
3270
14778
2008
3900
4764710
852238
838
1532
864
6956
106738
1470
17018
752
4744
3044
4578
4794
372
14050
4196
360366
262
617266
34794
2190
240
5034
987184
294
640260
1059154
2050
21620
240
756
3582
2574
4964
7726
396660
16228
5076
5846
2344974
5708
260
1862
8334
49216
3072464
1478
513280
2062
46642
2178
19476
892
998190
1262
3735192
1558
10306
634
2664
1014
585244
272
12690
1285892
3204
9512
1556
986120
2570
4160
410088
1230
6888
7982
2989316
382
3456
1778
8448
4494
394
982
1782
6182
1808
252
7282
2442
1410410
678452
9576
4724530
1048180
2040
224264
2402
240428
5748
732
4388
4336
752182
2546
254
256832
370
876902
1836
8336
271012
2142
4290
236
4042
1242
474
4080
231814
1866
8312
2276
10064
583542
535292
1742
474
286988
1876
1627506
4236
3584
592
274
1866
243552
790
904
10492
248
5920
1712
1790
1979546
2912
2554
880
611048
1082804
628
1848
4998
2276
2738
25804
5182
2376
754
