1f:0:0:0:0:0:0:0:0:0:0:0:0:0:0:0: (total 5)
0 1 Thread 0 going to cpu 0
2 Thread 1 going to cpu 1
3 Thread 2 going to cpu 2
going to barrier (cpu 0)
going to barrier (cpu 1)
going to barrier (cpu 2)
4 Thread 3 going to cpu 3
going to barrier (cpu 3)
Thread 4 going to cpu 4
going to barrier (cpu 4)

cpu 5 cur 5
STARTING...
STOPPING...
Duration      : 10000 (ms)
Acquisitions  : 6690243
240
274
842
1052
2244
1898
3402
1928
1394
2674
1534
250
1058
1906
5782
43032
1634
10446
94196
740
2904
3916
2528
236
36960
1286
1180
262
296
58502
2014
2680
60656
2492
4502
3804
1614
47380
1746
254
88478
102942
15596
8788
254
284
3666
822
1630
1638
824
3324
1426
1078
3676
3468
986
1046
2344
828
1170
710
922
720
1144
818
250
1368
806
1888
31826
3398
708
2606
250
594
84638
8118
1504
806
842
67812
10058
95616
52438
1198
1394
2694
4488
712
2904
90496
736
812
738
270
2984
1290
1566
2696
1780
131116
844
3092
7146
268
266
950
728
14612
40910
2104
262
1056
2216
1028
67276
836
3152
19260
844
1282
934
254
256
1650
1418
18258
1062
49152
1958
1270
258
40632
726
40984
256
256
924
2556
1698
2022
228
156454
842
1610
252
1432
62130
2028
1284
712
736
242
824
252
10958
138796
1442
1070
734
2452
5396
1382
258
13216
238
56054
8218
844
2122
1518
592
2838
738
21510
19944
820
1070
1888
252
2248
1678
5832
129146
1162
254
26212
578
2576
3204
2332
238
81174
2600
2080
1900
68
2496
2464
242
1682
1912
1650
2892
1272
1890
718
2688
10922
254
2124
224
3704
272
37340
52940
256
1380
1882
2476
736
1982
1882
254
1514
260
258
1964
1624
1026
588
1728
688
13672
1264
250
22134
18932
1800
1400
26212
826
818
4158
3404
2228
1880
2542
2464
2254
256
250
1782
1736
21658
682
702
1074
1034
1642
9596
67678
588
1280
7316
262
25150
686
922
2624
250
1118
262
47624
2618
250
264
48310
1804
240
1518
11760
1662
2256
46560
254
2098
708
26922
1510
1078
3962
1396
258
45170
698
52708
1258
3110
3104
1148
586
28530
4990
3830
940
1398
268
736
262
234
816
93510
2570
14882
734
52810
3250
1662
21076
85892
262
1028
822
14948
95452
1298
12396
1656
1264
2444
1962
13888
1068
256
266
107794
60882
242
17572
1618
708
1658
2808
165654
2394
982
1174
2928
1376
2000
5188
262
1244
846
5104
106876
4514
284
2124
1398
248
2890
317276
1878
936
1648
1686
2230
2476
5496
276
2242
3180
824
1932
1850
1306
2704
2416
43552
4006
3960
820
256
242
242
240
1650
14178
4730
702
208150
1810
3324
238
264
4332
2938
2334
1854
252
84362
1044
816
20962
290
3746
1860
3596
836
2836
294
280
33476
248
252
252
2456
700
814
2012
1420
45672
3312
11982
624
576
1640
254
3354
626
2806
22662
586
4702
254
710
1192
840
248
1048
242
151796
142626
11040
844
2208
1874
8430
2370
1252
56046
6402
684
197202
18234
6066
4770
5308
39698
926
718
6250
830
56304
41306
2356
189900
2140
62650
1770
20310
12642
764
842
688
50688
4782
252
2806
8094
5234
2070
2262
135432
1746
240
14846
4002
730
1666
2336
1618
1296
17772
10398
4680
49766
956
252
1274
3368
6008
1036
1470
5062
2188
50618
66402
272
63882
3026
3512
8318
50550
17618
4098
954
30912
39180
2546
256
4796
2564
3826
250
3416
100632
17634
2646
111930
57948
270
9224
278
1436
6546
1666
1306
258
23738
2708
1720
2710
17684
31724
1290
234
694
1724
260
2602
1154
19638
4600
2422
272
724
30098
2310
286
2820
2584
824
1160
266
1382
2540
7074
252
1156
30518
164306
234
256
1666
30118
272
1418
5486
1050
1414
1942
1038
250
12854
2032
2078
3244
1426
11040
27852
2688
700
3396
4204
1428
804
10988
15190
850
2530
1316
1802
252
98574
2542
844
266
2008
61210
230
268
832
34616
35854
3906
2126
3612
13450
3396
4940
3140
7160
712
2178
1090
1420
8558
1060
254
31960
29938
1444
1054
3818
22680
6040
130962
714
72046
1080
706
238
258
1966
40418
4788
1606
5026
250
250
250
1642
264
244
276
35574
250
107514
264
726
1402
696
1370
19520
2096
2888
8926
8222
18894
264
45046
6690
3118
2458
2810
3616
14330
1742
4198
2758
16900
34158
49392
264
3314
169998
272
1292
1378
3390
288
1030
596
20266
1052
17510
2180
49138
1982
258
1068
248
8540
3070
1970
3708
65842
258
242
1156
41038
8342
244
1074
960
1544
88336
254
93018
730
1424
1534
1052
1184
3062
2056
3070
5978
1304
1544
27710
1378
3836
5632
606
14920
220
1306
2660
1234
3340
710
1268
1076
1366
164216
254
2958
66238
254
3610
254
7422
1078
2348
2964
1790
2384
248
2438
824
284
1406
2484
2096
36012
286
946
3282
2212
690
2902
1056
1234
260
36362
1766
3660
37002
76732
708
124874
3268
2388
5938
18170
75450
3758
1366
1422
1282
810
5270
1652
692
1018
254
139510
1988
252
732
734
1054
1646
254
954
254
22294
2382
4364
256
1390
1556
4640
1432
714
3476
1246
1820
942
49732
146312
124426
13478
254
1998
832
1972
252
15096
3166
2220
712
4648
36228
1174
1902
708
738
11830
10448
3466
6472
11786
70984
2682
39770
1862
1664
29588
3512
1610
27856
824
1956
1110
2916
3706
133726
2768
33898
256
260
816
3858
53392
2250
2562
1802
688
4520
256
3958
171668
2644
43488
64002
1154
2360
942
1174
12854
1758
238
2568
250
7030
46862
20938
722
38530
5088
1426
77038
260
254
47350
32504
2098
698
38172
2710
690
4264
1390
252
254
11556
2248
598
2688
5484
846
1538
1060
2484
13884
1208
26434
10994
1292
2566
62320
3510
5742
700
56872
1998
29532
22086
254
4820
5552
18480
836
1042
40282
13722
236
27946
121982
2250
240
688
5540
260
2658
1682
250
732
842
1506
260
1902
35218
1932
242
294
7108
608
254
3112
832
586
1744
926
2334
708
1076
252
4410
4766
780
260
282
1922
2924
1158
1322
282
40464
256
6608
115700
4826
3524
938
1346
258
1530
250
2004
240
8214
5176
11552
64868
71170
812
1052
918
2722
2224
1506
3234
872
2320
17690
1582
11548
2838
1682
17602
710
90450
2242
1054
610
2988
594
13370
946
982
2314
17348
58834
11048
1286
590
25438
23732
53368
12728
47382
4308
28926
31618
32080
12230
1858
984
71728
960
9224
9134
948
590
65816
762
96496
4140
930
21930
6942
1692
620
1298
594
946
940
11530
604
15366
1632
1310
1666
608
43708
46606
19160
612
53564
25408
1884
25008
602
34542
944
1302
3216
3508
1990
624
76610
2696
608
1270
622
598
1456
1044
948
87368
990
34910
592
17526
946
612
9726
604
1224
612
944
37894
598
20844
1612
44218
46944
21792
47730
2342
770
49686
608
620
600
578
704
48890
67522
594
630
596
6574
16384
1556
1848
570
608
21012
10414
604
43784
56826
13868
28862
49940
2110
624
4100
1696
586
616
1502
32844
1096
594
968
9824
72752
946
62736
616
596
1136
32872
11500
35008
37384
135144
12434
612
2678
574
1652
3354
45838
2426
9852
41268
131478
612
28758
3910
828
14250
7238
604
620
924
598
7060
24818
40668
544
626
1268
15348
592
34024
10356
1316
602
1170
5510
97438
25398
73500
2140
19412
1320
4864
8506
9980
29986
7658
1502
10812
582
594
10858
958
2196
1136
574
13670
614
2448
592
10638
5220
56680
73488
71280
15184
1280
9466
20312
12618
2122
2440
90396
9282
1914
44280
616
6518
604
16132
600
620
19754
2754
598
1510
1260
572
4612
34392
23930
24910
21338
626
1172
14914
630
1662
22502
3628
1684
17332
610
7626
912
1578
21990
1648
2652
5472
624
1052
19504
576
37208
12494
1302
2278
31240
612
1394
29888
1302
1684
1306
2558
1382
584
14330
1424
3948
15364
1068
6668
16872
15094
6748
1430
39360
1188
3758
44916
28420
46334
1408
28214
34672
2006
9378
608
4822
596
76822
2034
11758
1248
27870
8936
1848
61282
1432
36044
25594
2396
25480
55018
2094
292014
1286
62256
844
986
1242
1528
4590
624
10386
934
11332
62934
21208
594
6968
1006
724
582
814
938
938
976
618
574
1518
2900
1192
1338
692
1294
1168
622
620
592
958
1938
1270
187842
924
626
612
614
1290
1286
586
708
604
592
1454
127578
17988
1290
1276
634
930
21932
594
1450
1508
1288
574
1734
1540
1606
590
618
576
1980
84390
1886
966
594
954
1492
1582
980
1300
34646
912
1666
956
946
610
618
40642
60994
566
16342
1852
49836
932
1504
1310
1292
934
1286
618
614
616
716
714
588
952
588
612
578
3386
890
1262
1294
1406
48604
218854
68980
27174
732
960
1298
938
1304
600
608
922
582
574
932
6942
6382
1536
20878
998
584
594
8228
628
944
8026
614
1986
1036
586
1830
598
964
20370
598
640
914
608
946
600
1070
958
1792
584
1536
608
572
614
590
16948
922
608
754
11178
900
24552
29118
67804
752
1304
1954
588
984
1416
1288
574
1790
1340
2134
65332
3150
600
2640
588
618
588
622
952
930
1288
1258
938
2470
1270
47756
1288
6576
19816
1286
600
586
29272
1070
596
42696
922
6368
93258
600
23184
598
20184
40756
29742
598
29576
588
4622
1874
55398
138494
12658
1298
588
22562
67134
82088
47482
149326
22032
2710
11362
2132
41030
108612
36926
600
1300
1978
2162
2168
1884
932
17986
938
608
25618
1162
616
54610
626
3258
626
8200
98440
2614
123138
578
3700
2328
570
110228
4844
50788
32448
1588
13174
2674
1982
14040
10186
1248
2102
1656
606
932
1162
934
64652
1278
626
618
41010
158140
17974
980
952
21348
614
952
600
604
1084
1264
81604
1616
1642
57456
9812
184690
35680
1276
10352
1236
602
590
622
1288
37038
908
604
9148
918
936
628
930
10374
604
1292
598
586
968
914
13228
612
1268
726
948
592
622
610
57158
1970
38654
2606
614
1048
186840
2166
568
976
960
6252
594
1394
1596
1300
582
64696
9874
846
2130
1034
2298
22576
1760
1288
1928
556
3892
552
1758
586
1308
1294
752
586
708
980
716
3364
13120
622
4072
626
828
1294
618
1084
1448
624
836
2750
628
606
582
94424
1432
600
19626
594
616
934
620
594
1626
45636
578
594
1628
964
940
1300
41588
588
610
618
1976
592
620
596
1276
734
600
48742
2086
586
26082
1342
13880
1268
962
614
42892
68088
1752
886
1090
18666
590
1948
17426
17934
1308
1410
618
1632
1294
616
950
1410
20038
894
564
16760
920
912
690
2040
3536
1646
1994
1944
57706
572
964
596
602
972
594
598
620
76644
2408
2300
614
2872
622
586
612
960
606
2034
1282
1440
1230
4442
14232
6520
1256
598
894
586
9126
15236
932
592
1406
620
24650
716
105412
584
598
606
4528
862
23890
582
574
590
3380
934
37086
29458
3592
946
1738
6454
586
574
3096
3294
52438
1280
610
932
692
598
2354
584
15920
620
612
2538
15784
578
580
612
1886
586
2360
1264
1714
9818
942
4298
722
1294
590
628
964
1290
608
614
578
32004
580
2216
1102
1416
588
596
1722
920
990
578
614
1866
582
582
17226
716
13722
1290
612
21272
708
2634
574
948
594
1648
600
592
606
980
67604
3084
44638
576
574
4106
710
578
600
918
1808
614
21308
2334
12352
618
604
94844
2462
27288
1718
600
558
586
1300
52108
630
16098
1658
1270
584
944
3268
60422
600
1286
38468
616
67522
29516
12214
588
5232
26082
19230
1764
6466
1550
3330
560
1422
9238
1268
580
136442
6798
7978
2214
1400
1250
626
9148
706
103202
8510
4358
600
39888
98884
726
616
922
618
3506
9624
574
18452
92166
592
1932
10942
1534
48960
590
13180
28862
660
70158
1288
15670
9368
616
3932
20832
602
4216
3772
22694
13214
58042
70774
1622
27818
18846
1108
9450
48124
8814
6136
636
30460
1316
940
22858
65530
612
40356
1392
620
1692
1334
594
2608
1406
29134
4960
26208
68838
17798
1086
12556
584
4106
68698
588
706
28772
1994
8234
77036
239518
15898
1616
2124
1728
65448
145958
7356
2236
2228
30896
78
3038
1816
99232
606
365520
32190
24292
1732
87814
4648
82050
1578
121192
78
1788
166682
122182
718
88626
29486
1254
193948
17460
48762
3386
1042
1410
9242
209632
3254
106402
7382
42880
44082
96672
734
930
302418
10364
1190
1608
4880
11452
702
80568
1870
8588
14978
2232
1916
57994
944
40420
2454
43372
92164
23592
84634
1086
708
1670
5114
41468
958
1310
23134
27132
101326
28926
596
186122
42460
84330
3160
10362
1512
81426
2438
7156
2014
95826
1936
34412
1544
724
70550
40942
916
1548
146700
1312
87336
3932
8232
2160
2116
4408
114892
133446
16182
938
87704
207110
5714
15200
34016
21422
12182
72344
289644
970
87658
2092
28606
3924
1874
53916
17144
85766
2126
28326
90258
708
220762
590
9962
1704
136536
170664
19902
12108
2242
600
61284
32690
13442
700
3810
19800
9570
1218
2914
1288
1410
21172
31724
23556
52114
11916
1522
83338
116970
852
7620
35912
982
4986
7960
52110
1080
2140
1290
8574
4216
41424
1818
1314
1948
76
199552
192492
1390
44880
76
1618
19562
116256
1680
952
76172
51852
1066
13320
117508
17724
141776
85502
600
972
2484
115270
214922
43162
266174
78034
7550
139428
1544
211476
2846
1058
1970
42626
1188
81068
83596
70916
24764
42764
4252
12004
946
626
21000
848
50416
7742
982
2222
11048
1768
6290
124934
978
161616
131124
696
2118
10740
1184
712
40554
244942
14480
3054
1542
1196
1632
128756
1406
128342
3180
32750
6234
994
64084
1124
11386
76
2370
156370
91268
5950
980
41312
3576
35758
184396
11752
25974
740
48534
76
10360
60354
87198
49624
934
76
37826
171636
606
928
41770
722
112152
16250
4728
2904
966
113482
78418
72440
51530
32586
3174
5052
16532
1468
27892
27590
47550
215590
1566
1980
1314
2252
30290
116304
1202
13794
1038
6968
7238
2534
34480
1298
8306
18600
22994
1490
592
1502
972
1362
26694
5860
814
13188
28140
54144
118480
80
16604
8782
1286
1890
55098
9098
30676
2102
41794
698
926
38026
12856
942
28490
60644
1544
3368
206628
2324
1670
154160
694
93506
1618
934
594
3914
1888
74778
604
1332
45282
46560
26680
13836
1484
2570
4598
704
944
51930
26902
5956
24018
702
11094
1750
1292
55662
690
68990
31400
92590
1036
2936
6396
2516
1292
4702
89104
85116
1662
4586
1290
1222
1520
2138
42708
38892
1372
1290
1338
18776
86292
2328
76
58354
3402
76374
22342
19236
55980
99498
3962
12654
1328
934
53476
28222
76
170650
21458
3328
1612
17238
1402
4374
680
3934
3934
720
181190
30472
139002
5360
1270
117224
189622
600
3792
6628
10854
1854
131688
69460
1078
243960
45172
1326
1616
49634
10614
712
1162
1684
81872
746
1890
28454
9262
72030
1548
1220
240474
137970
936
7794
112338
144696
11940
2474
3022
67938
117608
24970
1178
110312
130204
726
111356
4066
18318
1202
70648
1764
3086
24506
11564
45284
6574
107146
1332
954
970
107122
694
78
1270
948
1998
1278
29738
65464
2852
1288
162672
23284
18452
606
1898
606
35936
2468
23480
14808
8032
9518
854
76
27980
594
5414
854
2306
3076
20216
123218
25000
120270
21758
98064
36658
27530
103818
3112
976
15098
2996
592
83650
16308
912
138498
2828
4380
5550
9746
978
21702
17854
4628
616
2228
26454
1492
944
11822
994
7068
81408
940
27722
1264
82688
2384
10606
52586
52508
56030
160150
7282
83962
16430
1640
614
968
1098
4466
89608
15530
27484
38264
35544
3446
1750
3452
122738
29578
69016
154796
30806
2114
8356
2438
706
44432
702
2156
2144
36534
5762
612
3936
29996
1050
35640
96328
10134
3754
76
20704
1560
11988
33478
32364
926
36234
1738
3136
26266
1312
10002
1602
932
23382
116508
4630
25786
1068
7208
54390
11498
12318
1274
1268
704
47768
1220
40162
1758
82802
6550
1216
182984
35770
3018
2776
59448
159658
82914
1286
7618
54952
916
110696
135256
1424
694
596
2488
930
682
590
13828
74304
1628
7144
8042
950
7256
103472
9128
55176
80320
8928
736
11518
16814
65812
151450
23220
37688
572
112624
77772
952
2212
77820
3032
718
942
576
128070
27306
584
35464
2944
6020
195368
1522
29646
1404
32154
109162
44938
110138
2138
108332
2214
117510
11564
111050
430478
46984
2830
2206
60412
58870
12884
3666
3030
2292
952
1952
94372
1292
848
144984
5420
49950
1638
6768
84374
820
27670
1060
76
1274
76
27592
580
4334
2528
1536
298978
598
59500
59984
1298
730
47844
728
25018
590
624
61440
36368
195582
25978
127860
64344
1544
76
92792
33326
1970
21872
35470
87202
79156
1900
9538
1216
148768
65414
1294
34848
1546
2932
13126
88356
56610
574
76
1912
50926
35868
13184
94908
69644
100430
1428
598
8862
33640
712
11488
716
83930
3290
8774
1940
31638
81168
1282
100900
2496
85902
1280
6924
10022
2348
2104
76
56550
15010
32940
67794
217008
704
7954
9090
12758
92028
2578
11250
45548
24524
96714
2906
107898
3612
952
1330
1296
56350
1668
2228
2624
1054
46756
24642
2124
2160
926
144092
62
47228
6714
2706
45528
2118
704
15934
2044
944
1860
99916
22782
42358
23446
570
6232
105124
2254
36200
109420
1402
13416
3832
76
37742
914
19094
6964
2216
31772
2866
19564
63120
2076
60804
59024
12196
590
2782
2124
2024
716
30192
3054
101566
42724
48876
1494
69682
36474
22028
47624
2242
1544
2980
600
184144
704
1750
9010
5358
3284
129646
31066
73732
54888
588
17054
738
47516
18268
852
5862
604
21098
9554
53704
13316
4180
137736
36372
1548
12362
962
48694
3244
18408
161978
23278
2040
61878
18226
86858
2144
13424
1904
7500
113476
16110
32628
1318
2124
43714
4360
23396
78328
730
840
74302
2960
5172
31634
14560
151982
22458
1268
49934
48830
50442
960
20540
78770
1280
954
103698
22068
13898
1678
49372
32390
72612
76
720
2404
44986
160094
1764
16950
114210
1596
2828
1188
38728
2246
956
28176
1374
47882
3776
600
948
26158
1542
706
1318
33472
8866
61316
65128
53330
1772
600
40240
13376
34588
1532
87086
37390
974
1300
3288
1552
55188
10072
2336
3296
7786
1164
1662
9290
30582
11352
111036
2358
1388
1184
99772
84
2732
46574
4292
1760
718
2868
984
1216
4064
2090
35750
5954
1684
1280
39284
88008
724
970
1992
2700
36644
600
15638
2170
1372
688
696
1144
1030
1394
710
5618
7514
1758
946
94052
708
704
138888
710
712
1390
2138
980
586
952
1286
26672
746
2482
1564
1394
2218
2718
1394
724
1148
1280
2330
24524
1548
8330
78700
1872
936
2472
44706
200240
2584
720
3410
720
1052
984
40140
2004
124726
2326
742
18086
94440
140702
2130
614
18950
2166
2330
4550
2350
712
1250
608
1668
940
618
1300
24558
1296
7222
1956
1852
3392
1232
96296
21626
3932
1492
3380
6902
10742
690
195856
1074
706
1488
169312
13124
96676
1524
1312
12194
39810
2188
826
58426
708
588
1612
940
940
600
45252
2010
123106
1668
21904
1050
12096
80
81766
105056
3848
37752
50772
586
2486
1396
1176
1994
11776
1290
1664
984
29926
160310
2140
14338
80
658
3406
6820
2210
214482
934
688
16584
1110
814
1388
3556
942
1628
1156
2720
1532
1208
2220
700
41404
25714
1522
2592
1172
586
2738
932
4626
1780
578
708
2222
8488
1670
3394
156128
1530
742
604
58266
8070
24698
52650
2700
4434
68492
2602
720
1524
60562
610
1046
178242
1870
606
1438
706
1372
934
109748
136466
1300
118932
15346
9520
586
104668
568
972
1304
2658
1738
10372
66602
1634
105366
102080
1200
29972
1284
932
123680
1624
1474
2022
48660
1250
19118
822
2258
2676
832
122642
608
606
72928
944
2118
1214
612
142230
1060
2198
176536
48802
2558
690
1904
7830
4344
3154
13542
1956
60386
968
178058
2910
5302
726
1274
926
692
45612
1392
734
1764
95354
32768
2424
10072
940
99876
16222
9382
2930
37152
1532
14172
15780
33442
15308
29684
9774
158904
950
594
1184
105362
1050
15376
2444
1636
1966
41340
87304
616
1392
2600
15188
11312
7586
1892
1178
2970
10650
2614
940
54198
15600
21108
926
3226
1430
704
16686
2550
688
134768
1388
73402
33162
6810
34612
1304
41716
17152
59598
2220
41172
2142
1302
2334
74096
2752
2822
820
2814
1070
1390
2136
1274
1152
1610
32582
1374
2196
1520
708
956
5898
46388
87614
124752
1658
926
1758
1730
3266
722
68
66
2420
134640
954
31312
2120
11270
37240
2104
1428
704
2144
3524
690
16700
728
1380
146514
2752
1080
112160
2032
73532
13234
12760
159806
44422
1194
1052
1886
7404
584
1900
146546
30366
2176
2546
1604
33612
2124
41714
130096
1624
104236
736
12844
33348
2876
21332
11410
118462
17040
56676
694
41724
720
3318
6234
122958
32684
948
11866
594
1858
602
12568
12654
1086
708
2756
47906
163366
602
1784
25196
612
65270
7064
2808
1050
2792
592
1298
39336
2440
1252
27368
2128
50110
1046
4214
1788
2552
11500
19852
34360
10916
3732
1412
1532
1668
1662
1600
702
1298
14970
972
594
600
710
8650
140464
1680
176188
1532
2068
66152
5054
65210
1848
1898
1176
16600
600
970
1412
3146
4262
2094
2330
10838
1526
720
844
3712
1254
924
73966
4832
62728
135708
238316
160082
2242
325970
57006
111516
18666
1402
2194
33308
954
2638
1292
696
2306
82892
964
1158
1372
144634
3328
5054
12080
940
948
12840
962
17848
19818
49132
2588
1394
154750
1074
2088
1516
1252
712
3232
3834
18408
856
1734
1392
66926
2584
2734
1864
610
64972
1258
600
1936
30200
1412
1844
2172
1532
152360
694
712
3716
5858
1564
2862
120000
15178
1170
1298
62496
1162
2612
830
706
844
38492
600
2208
4806
11666
23334
1856
970
177286
2316
69792
1200
49750
1444
700
1854
20260
58864
43278
1528
3214
968
68
1996
77192
704
1202
2118
25062
1308
1402
708
958
960
3570
169270
1540
3638
2550
74524
107926
16378
44584
2706
1458
1518
9138
1974
7768
35392
1802
2100
1212
6232
3268
1034
3266
3804
1858
32820
604
1750
29244
702
77424
12526
28182
692
23242
1762
2376
710
1768
65456
594
44902
82660
15372
3496
1196
1548
38790
83854
1534
800
1392
122978
84406
18026
7404
67408
4736
52718
2154
2632
3038
61492
2170
2270
13280
86602
2990
3526
63852
86364
4352
2752
2800
54670
109836
586
1138
18662
5958
12444
1530
1634
18064
1526
1580
12912
6656
11724
2054
73216
2318
1688
714
3016
1550
1032
5298
1308
2032
2032
3428
1626
2206
128520
1904
6354
914
19224
10502
2086
1382
1292
1858
1684
2654
67120
4348
596
36072
15836
978
3748
2034
68
778
91006
96398
52834
1296
1474
2572
720
2160
838
1666
2588
1866
1266
6732
29906
2154
698
1056
1552
614
7566
52242
80
1288
686
53380
968
123250
11796
44284
18698
586
958
32198
2598
1740
2836
33626
2632
2246
66552
37156
2840
8672
3754
124792
1284
71496
1070
50432
19170
1652
710
2162
934
26050
1042
712
2742
5710
26122
588
696
952
11246
1510
1072
2558
4012
698
121472
2632
21368
1196
1980
1404
1728
3592
4454
24442
4150
1078
978
284384
141248
1080
920
4116
44630
2470
746
698
2492
720
5268
618
1424
1302
1552
830
1180
134350
8600
56276
1702
1652
30836
1956
2594
598
125632
2578
15996
39570
11798
1294
41794
2316
8896
80358
724
602
1496
108856
1086
1744
22948
1266
1080
14782
642
1020
6980
706
690
2952
2630
692
1706
2162
61754
2020
221706
49842
1990
1922
12164
978
9322
2748
928
716
1534
1394
17444
9882
708
55450
598
1222
1430
37862
1430
95400
594
694
2064
2732
7042
99010
698
20006
8618
3172
23012
594
1284
926
706
18212
40914
1240
1768
166872
692
1538
704
22340
610
56826
1182
21760
2832
4898
1996
1202
942
574
1546
594
24118
4594
1502
1850
844
122316
1304
4682
102368
27864
49778
71124
43642
150288
612
1308
1762
58534
110788
2688
702
866
744
1308
1428
55450
608
976
4806
87756
31884
2696
5734
1312
9006
1272
2550
66362
14184
1068
1014
2674
10000
20620
2092
26104
944
44750
5662
4318
77904
242
11584
992
756
3078
21556
52358
256
576
252
256
1288
2356
2460
3288
3640
852
1994
1620
1298
64618
56214
31272
1764
1410
2012
14254
258
3138
246
1276
1066
696
12688
1080
2220
18848
1848
262
1656
1514
3142
37134
24886
23854
576
49556
1614
244
2348
2768
25240
3040
1670
2680
580
278
256
256
4206
250
3788
18154
4182
1066
26826
242
694
1422
258
57600
3260
242
77084
32520
1878
2314
104058
1382
3412
2110
702
3934
2004
1504
1908
3428
73888
40294
1386
810
252
234
258
4030
131810
242
1314
286
85200
2462
42304
246
960
270
11400
252
250
1128
2084
2580
2578
962
1298
252
2002
1390
1138
1978
1866
231586
537250
46340
256
1318
256
244
60830
918
3550
242
13648
4374
1158
84946
31478
119230
4000
250
37044
168810
1060
2208
2834
708
586
1526
1176
1294
5352
260
1426
15088
1032
1436
3868
1684
32322
44086
2008
288
91946
4966
2766
260
248
1774
602
13288
108254
248
55448
2110
696
254
67882
7476
102724
23396
38016
1682
748
1148
107202
1408
1108
77774
2258
3304
1500
23148
242
104798
700
1060
4740
918
1916
1284
1670
1284
32340
1292
710
3870
1852
304
2182
2282
1400
254
3240
694
19828
215352
2544
75282
2974
6102
27456
938
4944
2252
3466
740
2434
1970
2784
2930
97844
1842
250
175532
2808
244
1430
27588
53048
47716
250
2892
2098
3458
842
162314
43236
57440
15162
8872
2872
11090
818
6254
68764
126870
1764
34844
1298
722
1656
814
6956
2480
576
2338
54592
1236
62126
918
24836
256
81654
1736
2566
5238
2870
14244
13752
1316
7796
11408
246
234
836
54836
1604
3080
147122
1768
698
2426
1394
7006
2126
70258
5258
106946
706
22224
2814
680
1570
38638
686
15150
1158
5880
1286
694
4352
2462
4990
816
1270
44610
690
3216
23492
1048
244
694
22646
1294
4240
8136
27840
85504
250
1198
1782
3020
2410
584
798
254
166506
260
2106
1900
58912
106940
4392
238
1530
3404
1724
2574
35520
3078
716
56314
1392
1312
5342
25004
1250
20232
5244
1124
11154
116284
19622
250
16268
25350
33930
598
256
3188
798
1058
132826
1656
250
812
12074
1410
824
5548
4204
32624
1310
70948
256
2088
708
50644
100320
35902
1518
1304
38222
2824
254
1826
2770
3270
30970
278
1458
1730
802
12718
1450
7684
46092
1978
3340
254
34924
896
3312
1502
27252
1634
17468
3484
2076
252
2130
46342
1856
1652
2538
3562
254
1894
168844
2494
2244
252
568
1548
1840
2256
2428
10916
566
3762
568
272
58556
236
266
1298
1388
1530
2832
4902
820
252
3502
1760
6244
268
13008
105188
2920
4026
1558
81338
1926
1616
40618
812
246
14576
1268
250
31502
820
6496
1526
2664
918
36688
268
34606
18342
250
31072
2128
41308
240
2790
1542
2252
2532
3636
912
236
2532
2722
2466
2436
1152
2904
1368
1262
3148
260
1528
2306
4178
600
1434
65966
1680
714
11070
820
274
700
250
268
258
46596
81642
836
7178
688
37380
36934
52018
2682
5106
3038
844
115634
103688
1176
80262
1650
104290
79468
71868
3148
1626
2498
1556
4422
1282
22282
252
1412
2360
716
3002
11442
714
3126
1786
90246
562
22722
63202
6060
7568
1502
246
1064
2100
3110
1910
266
812
3850
50090
1506
6522
256
856
169860
568
21912
266
1378
129032
141274
71180
9832
2484
117058
250
5560
55952
1530
266
264
1348
41176
1334
1400
1946
208016
40884
944
45700
938
1516
2168
256
834
1306
270
1964
1632
3176
15588
1060
240
65002
254
1268
2544
180200
260
13960
78604
248
1176
1142
1658
54702
246
1426
2570
252
1456
1394
1392
1058
840
1678
1962
4870
1762
158522
23168
3060
3060
2232
1388
1310
258794
714
256
242
15534
2194
2220
41722
79272
708
10408
88960
2302
26086
1652
205934
128426
2218
254
11962
252
62222
34616
5446
108012
1192
1188
244
1054
57918
1630
696
3762
262
2188
2730
4512
1438
252
858
272
722
2120
1482
68770
1636
8980
1308
2356
1958
1532
2212
830
14556
2768
1078
28120
4368
94126
1842
1468
7292
846
199212
3194
1438
3106
710
54874
262
838
24180
256
43854
252
19632
65122
240
2896
240
100630
268
186378
1396
70868
708
250
1044
10502
1686
3404
2860
1670
6462
1654
1380
568
2156
910
704
726
692
3928
75170
91108
3402
11906
7362
103352
2816
3070
1366
3010
174886
1904
51488
1080
1522
1620
2996
2884
26926
3114
808
52218
1284
240
1296
2222
1286
22798
682
121228
1056
3530
1398
244
24550
2464
1394
684
1196
244
15788
2538
30190
38914
110044
680
1256
956
1756
1484
268
698
2120
3650
2148
810
38854
934
702
177324
1282
1028
242
7374
42594
244
4050
33846
256
68700
560
2242
706
44958
283350
35942
3492
47960
27810
596
2094
804
5730
34246
3040
1876
12036
1400
3058
3828
3126
842
19688
49596
590
2444
1422
22408
242
72482
1894
848
926
612
1512
62262
2112
2086
11174
6834
1160
2520
252
36376
61928
710
826
1408
2666
2204
2642
2560
1848
9506
696
2108
5100
2352
2092
2022
3316
10126
6404
5260
6424
240
42944
622
2902
122772
2434
842
1290
2452
1950
4090
254
250
23124
1766
242
880
2080
7200
3048
694
936
1392
75248
1976
1606
1072
1048
12942
65654
23826
3182
30076
1452
1530
16146
43948
8580
3180
217734
1862
9930
1872
1714
1618
3306
238
264
714
35600
256
1056
1850
232
2020
1736
258
47074
1570
21856
17792
1532
94312
1072
19424
1668
252
2000
32560
250
2904
15482
718
1860
46192
1126
46520
8390
272
1486
61900
1572
268
682
246
1138
2598
2196
1084
1680
1684
1506
119532
2450
3112
5070
710
39178
1406
1860
270
18502
60696
252
716
19558
1642
262
704
9424
3744
36698
3428
678
92596
802
3482
3440
33850
2192
1638
9042
1818
14960
2920
256
234
30900
1558
1278
270
35642
2184
1786
700
1968
824
1998
236
21804
