3ff:0:0:0:0:0:0:0:0:0:0:0:0:0:0:0: (total 10)
0 1 Thread 0 going to cpu 0
2 Thread 1 going to cpu 1
3 Thread 2 going to cpu 2
4 Thread 3 going to cpu 3
going to barrier (cpu 3)
going to barrier (cpu 0)
going to barrier (cpu 1)
going to barrier (cpu 2)
5 Thread 4 going to cpu 4
going to barrier (cpu 4)
6 Thread 5 going to cpu 5
7 going to barrier (cpu 5)
Thread 6 going to cpu 6
8 going to barrier (cpu 6)
Thread 7 going to cpu 7
9 going to barrier (cpu 7)
Thread 8 going to cpu 8
Thread 9 going to cpu 9

cpu 10 cur 10
STARTING...
going to barrier (cpu 8)
going to barrier (cpu 9)
STOPPING...
Duration      : 10000 (ms)
Acquisitions  : 4638226
3530
113798
3044
5382
1806
1598
1964
2082
1304
956
250
520
112226
1348
5002
1508
4092
1098
224
380330
1818
912
946
4456
571028
2612
1020
3308
2188
862
82822
2456
300618
10412
4688
1586
728
1186
686
4014
442202
907712
1904
2228
770
790
5052
82380
716
718
615338
2154
2468
2830
4890
1120
2274
4112
614
1478
208
2826
3742
97168
2488
246
1316
580
774
1100
8674
2274
1778
756
700
3752
704298
3002
1328
117490
4114
2404
602114
4174
3262
1684
2758
1056
250
98386
53344
384576
388
386448
236
2066
11164
734
1304
3652
122536
3752
1404
3900
1258
71544
2122
8006
1556
561482
271850
768152
1168
586
2152
45736
5112
3786
1732
736
1280
1360
1534
4936
184004
224
368506
149042
52726
5006
1408
252802
1262
1856
1376
1786
1506134
4136
620
190814
824
1364
818
3496
784
1320
3032
1342
4202
150938
2422
2130
359578
840
1976
231176
834
62010
3072
1574
2092
36538
27236
121818
67336
395744
217626
966
1450
149828
176560
352
6658
746
2160
14446
4018
938
296198
4462
28432
642
2178
2332
311274
73478
2070
2300
4014
876
1182
3640
418962
3052
310944
4152
706
56040
15188
2508
248
622
338
1326
1982
1436
68
1936
1304
640
620
1052
640
242
1076
3422
2746
3594
93214
2140
290074
588
736
156228
212206
3246
2314
322928
2240
1958
586
3188
614
648
1212
13772
14610
1294
40266
616
2768
1968
3266
3148
1358
2792
634
648
4838
3364
2970
311748
346
1056
295592
1224
2912
708
3084
980
5484
1170
7134
165140
240
976
4022
1344
2196
4504
662
904
3992
2324
752
4500
543866
250
218
224
2700
2468
235342
1056
242
4604
1564
3192
740
716
2616
225556
2212
850
244
1350
1530
2588
610
3230
4510
1852
2424
2966
1770
2858
72866
391706
155696
210
1652
2098
438044
1280
976
2844
1628
125384
1318
3590
1624
872
1578
1664
1738
466
2532
201602
240
662
2090
2144
4000
734
496
7388
946
590
600
2426
460
494406
1992
1620
3020
142294
1280
2590
1348
844
340
2090
1182
630
413952
710
504
808
1500
2944
4914
266
130124
391536
8346
652
1668
1514
4030
289972
1048
107798
484
252
608
2976
1740
3126
1622
468
6894
2766
2310
3330
240
1048
936
256
1892
205970
1714
508
610
456
2616
4890
182902
470
1468
1062
72566
432162
2234
1288
716
252
604480
3784
1123450
578
5402
1094
231226
2150
60580
1534
1062
218
378988
1398
1296
2248
3318
3756
220
210
1478
327196
233354
3438
850
214
572
2774
260
1462
848
1382
4194
5632
2004
207010
130478
32660
230
451348
260
345164
1100
374
4882
294726
2438
872
241704
1520
870
4420
2762
2468
89654
708
3172
1634
3576
2082
3168
1016
234758
220
1168
1724
990206
413838
254
886
224
878
2536
632
433262
65124
248
196328
964
2246
884
410682
1860
558024
1784
228
206338
630
252
4240
506
377800
744
2318
322
3960
222
1804
1066
3144
2672
1108
1318
216
3672
994
2496
730
1062
11566
1660
922
373744
306394
206
1466
662
848
1528
10726
1402
1658
1392
1594
6684
204
1310
1416
3198
496
37054
1032
103322
31880
898
3544
1694
2024
252
3942
248
1654
189520
2082
23702
1102
890
3150
4418
660
2518
1124
1182
1581834
125052
994
2122
342952
220
628
250
83436
228
780
239688
1842
223808
62224
4764
232
1354
2240
474
1702
1472
594
22178
1964
3282
1260
30698
836
1650
1590
32210
2660
4018
1796
2480
1900
100208
1002
842
496
706
674
900476
1648
1565876
1514
950
2736
1596
228
1404
2306
2502
1116
4344
602
94052
2160
1152
1458
832
1814
8926
2186
3450
4392
1756
3536
1162
214040
4204
224
260
4006
2836
982
244902
3724
574090
3014
3230
3116
2018
351564
1288
1050
1562
2208
344
348
7800
2882
2182
518
20490
868456
212446
1992
281156
842
2410
1164
3038
998
378
2948
1228
610
1340
652762
788
2332
1584
172954
1576
479444
238
67816
360682
2226
888
982
2578
34524
946
663978
2158
570344
1608
224
748
188050
1292
500546
371318
1056
1058
3926
1043604
704
2160
1042
4940
248
912
488
1178
6316
114728
848
587208
30990
638
3160
1556
6744
238
1696
2816
5034
207944
892
1256
4542
160518
534
1166
2926
228
1108
3606
1084
3854
45168
1120
1618
28606
2214
2632
666
1124
39200
1050
58304
291362
1922
804
131704
486
254
1180
642
814
256
216828
2706
55878
1762
734
4734
2768
60866
3954
62108
1616
3594
1420486
3348
1846
218
590
1240
2608
2652
7048
152552
2394
632
409514
584
8796
84236
1744
3834
24822
1248
1664
646
4404
240
651474
1068
11132
2698
1144
594
129776
845994
720
1266
240
24682
3034
524
668
2360
119226
4194
340148
2038
938
842
461420
850
149862
279326
68
1778
371748
352
584
228
4310
184956
2502
100782
222
267072
34320
192316
364
1782
464
1236
1204
480
900
2184
926
2694
126312
2578
2112
2484
208070
1926
254318
2330
602
852
1978
255402
200440
1030
952
1834
862
1344
2538
1684
2182
2900
844
1064
360358
1088
552
618
203196
762
4386
63502
778
2720
726
632382
1122
9730
858
3042
1352
4732
1394
1188
1142
946
846
1316
684
1040
2234
2516
820
1287894
18802
2906
804
2062
5656
141640
1036
472770
1586
11674
574
8986
1466
1746
852
2486
2262
5544
312524
1582
26274
224
1722
252
1140
1790
1168
2046
631868
1006
2934
1850
600
1792
1180
230
452836
964
1046
942
336778
1540
2034
1810
3292
466
902
6642
1880
774
222
6744
1610
2646
704
2044
2424
8984
1080
996
236
736
2032
136746
864
2038
478
299840
72748
236
838
1860
864
3204
3416
447750
2586
252
240
33836
99914
850
1132
1002
2310
77016
3378
638
644
2180
676
70536
65550
354
616
1290
696
200190
3082
862
3294
108742
3982
83876
506
932
3046
998
456076
964
5938
5542
114944
3584
6984
1280
8390
3834
2960
206
604
57946
734
472
334744
1228
13782
1776
2030
876
946
887090
872576
478
1370
486676
68
2814
1158
2322
600
368
354
1738
149194
158342
548848
236
1794
1460
1526
3986
41352
5508
250
8060
226
1652
1003300
1574
68
427272
4816
1053016
508942
542930
244
236
218
116810
36940
203412
748446
1234046
641666
1558
1820
628
13786
208
2574
232
4956
1400
244
91654
230
2076
5850
1048932
1102
762288
70528
1636
1448
466
3920
354
318814
332
226
420470
1714
2344
2838
4746
5926
3106
801052
340
254
232
66
2832
4436
1128
232
10188
2848
489134
1085072
110520
68
339320
19302
234
767030
256
1472
256
4226
706126
882
224
342
5354
232
240
1752
252
1554
222
213636
827430
1919378
362
765094
1830
1356
466310
1538
730
1982
2492
456
106566
5510
1264
169612
1422
5348
3828
5704
3056
55056
311584
258
228
5616
111646
5218
1930
250
140450
6388
714980
720
387362
356
47604
519244
4608
606
4092
228
205772
248
352
5904
31532
73374
250
845404
2424
244
8932
6316
228
944812
956
232
6362
318582
4574
2774
236
10120
13890
8610
204258
1756
244
61002
3286
179168
582096
216
2486
1256
599490
434224
606
623966
226
194
2046
537018
90888
344
2330
1374
755642
1210
226
2854
155674
210
14936
1688
240
61776
8278
6114
348
1762
240
244
8258
1886
1266
206600
875052
1758
480
1652
2620
2630
448
576
704
4886
1758
7356
2528
726
206324
326138
2206
31824
89890
1282
7306
8870
107830
222
228
4722
252
2934
2916
3780
448336
38406
3016
348
12280
118290
1380
344
994
3714
242
1359844
454
1142
2800
3394
4512
52426
2564
749922
316442
15024
356
1146848
3252
258
3606
650292
934
13494
876
1698
1234
3080
2100
538
376
1288286
3910
356
673568
2080
10308
250
3844
1035790
1319990
2820
1394252
1458
4456
5100
760
124032
254
1576
625900
1986
234
262
2200
4542
6492
254
12648
1114
100492
66954
6418
982
7492
3598
326
1786
364
1852
218
3894
1126830
344258
1946
3272
1294
634
1188
848
584
4032
1546
3032
248
4266
5338
72702
73596
8704
116974
5136
2994
1742
1388
1462
3658
2490
1456694
618
2590
1868
4752
4690
5910
2816
1958
497572
2306
557442
242
3048
1230
1540
260
6416
232
264
4100
334
4644
258
2518
1796
4336
2076
2796
760
224
4124
1522
62258
28912
170270
51030
4188
670380
2432
226
360
984
4314
223216
110758
480
139560
956
5178
4178
7566
3158
4140
242
1202
5296
348
58528
10470
652
2138
567806
2886
86410
14140
354
626080
240
6068
3538
15992
3030
1483344
977472
74468
1654
1706
242
4466
744874
4540
698018
6890
2135718
1420
10332
68
102334
2186
266
115680
4442
47754
389646
158528
214
2822
256
220
1822542
234
5170
520
3370
1228
897172
254
249604
1459640
2782
1084
636228
432
240
282924
1498
2244226
810104
340
43572
1220
892
248
762
246
482
2248
1934
938354
12046
4278
3452
214
1736
603544
421576
2266
1673732
186132
1718
238
1052
3176
696704
256
2438
169548
6534
2236
482
340268
228
1078
716
242
5516
672
6378
1096
6278
533238
7688
5966
350
248398
730
2734
317066
488
1078
1372712
1398
4950
138446
1516
11022
230
322
1716
74412
3396
342168
1774
886
2834
3112
1380
1103548
1154
514600
3388
276408
142232
500774
82388
652032
1006
3862
994
1872
383840
3682
732898
1210
60858
715278
11448
1340
1018
3002
244
242
5506
1046928
1670
19170
194622
4114
236
1058
5246
686952
164506
230
205624
1331636
1172
1154
992
1556
455350
2128
894
1371626
1776
2638
1098024
188048
1736
42764
1048
550808
352
99892
4284
1099760
1174
240
234
99014
240470
220
2090
1184
500
1338980
6812
156392
2626
275864
1420
235444
334
230358
242
210
5954
5194
230
9152
362
866
1804
1668
1186
354
340
998
5778
166180
940624
2366
1840
5554
224
126738
978
2272
260
1072
1640856
1264
674
114794
224
1676176
4442
226
860
7382
248
9970
358
1156682
5770
228
372
4874
1756
4950
1102
1520
130002
2532
3358
6720
1172
840302
54080
6798
526016
3118
245136
2794
3394
994
1600892
230
194
1398
22528
107906
302592
94428
4622
338
135888
1300632
2086
224
244
322422
273830
3352
6372
241674
480
147850
236
1364
364
940
597046
2728
1852
466578
164554
372
2128
2344
6446
6278
260592
1220
488624
728
1256
1250
2584
352
12422
1506
1558
1602
4000
2324
228
872
1526
68
5928
2350
3964
3378
10398
4512
244
49922
240
290652
1402
1478
1254
92544
768526
230
2476
3262
444172
1296
148354
319920
72464
5008
8876
931300
106098
568764
220
3674
41510
364
1266
1080
306168
91624
220
940
1472
121260
1598
3346
344
5690
2160
195794
3060
1198
1978
1002566
2132
472
3870
6778
1016
207578
2552
1818
510
2740
792572
3166
2452
1632
116090
8334
1522
128660
630
5044
2258
517576
234
1766
668560
5684
1482
5942
44064
47814
240
3548
1692
200518
142064
2932
356
238
5252
2824
5814
4588
8238
5792
1680
1160
756
460
2398
246
9508
2326
64222
7192
325540
340
1071370
9136
10424
366
209122
70054
214
2694
4588
8450
1034
8224
230
584
772
260
221336
6406
332
7698
9584
236
13750
214
7158
992
1602
6622
1120
4204
2090
437454
3874
484
4222
8320
1172
356
5892
445444
598
68
5810
256
9498
369888
3940
1136
224
1718
358782
66
6456
242
424682
3456
210
1806
1122
3224
856
716
3546
194400
76
1712
208298
266626
394
1134
40058
3402
385382
12404
2054
3010
386114
2676
258
226
365768
230
572808
946
3578
5036
1134
259272
68
448690
250
248
1612
13946
1270
41714
9834
16196
8408
2128
4736
26304
228386
257436
1762
230
342
962
240
1724526
6896
6034
13554
1616
1303618
39564
5234
1268
1908
600
500
430936
3454
2029074
346
368
2180
240
214
659090
1512
4134
2816
3702
3922
2118
1014
2086
258
3734
1768
2686
327744
472
2548
1918
600028
1329994
900
757912
2564
252
2596
256
2680
454572
329184
1310
2464
1406
230
15398
784
1528
1128
928
5568
91436
295834
879078
1786
5198
606
244
3668
6086
383478
10932
230
4036
1637274
378416
1848
17144
254
4352
248
43314
1192
601258
262
2248
254
75920
230
942526
244
151900
256
790
21676
63692
230
952948
1716
954
3306
3638
1402
1560
2094
1316
232
443754
304882
2354
934
274
242
513386
4144
1622190
3450
1880
1716
13114
240
948
1736
232
1290
166198
3632
666
1392
242768
242
1252
525670
670
242
2050
82132
782
688
113144
254
36814
814
50050
80
68
476446
4094
130072
690
244
414048
406328
108186
324674
1918
176930
260
270
2344
201564
2384
1732
246
136264
4602
1294
1390
1400
2752
262
2186
4202
850
2460
45314
2192
1804
4104
1076
1080
258300
568
234
2396
666
234
4466
46844
3044
103852
2520
528
70
68
2834
3732
93954
210
29500
242034
1053752
4000
235446
762
3536
34944
1286
2294
9428
252
445634
1854
246
4342
1276
65098
1074
1808
375376
1534
1118
1536
216848
572
161074
4894
3812
268
82012
2084
1070
2140
1220
634
252
133820
1066
33776
3630
544000
6088
572
426498
244
240
232
242
414904
279134
380334
81980
2556
44738
996
341954
115236
1808
78642
12584
2570
875024
6928
1632
4550
39686
780
2588
1552
1642
1614
414342
256
752600
246
988
7142
3176
1618
2118
184850
36760
12508
244
3680
658
1168
272
1492
2292
394212
3944
300644
244
902
246
501606
704
4432
1107476
242
1206
30772
282254
70
68
238
2784
1221226
248
294
658288
1196
246
16304
2676
3968
3804
664542
1528
3836
4430
956
3036
5824
15542
1868
234
129600
250
2814
4900
244
894
3806
230
8702
2930
232
2380
6230
527748
2028
274996
122804
2444
2862
240
850528
876870
20898
3082
279728
1634
258
236
3654
317822
4002
998
353700
936944
2068
213354
3278
2159324
1702
2852
228
2718
6838
666
327422
234
1884
182870
6466
19864
5812
450836
1016
3880
3284
256
2054
244
2420
2194
14308
14516
1134
1534
1742
81508
260
236
1554
871788
6336
12220
3188
186674
546
236
1402
170096
242
1268
236
146386
1382
1470
242
3036
662
822
2254
35074
1884
258
100992
71506
146682
686
5234
70
662
800234
353004
2370
1244
59844
433024
1444324
3190
3206
244
244
252
244
256
240110
68
1970
172396
4026
104188
1446328
4662
4556
4816
5472
634634
230
1572
1754
1216
248
10644
1498
2034
962210
4432
4016
178900
1252
250
658
240
502390
1258
856104
686
274
1742
1906
2454
1740
19268
1286
2133342
6394
676
2632
210706
230
250
1116
2418
226
2088
274
1930
242
258
270
18944
1270
2580
6144
4440
4186
1108
2848
2194
272090
676
1470
700
40260
63960
189514
1022
1324362
192
54506
2184
1252
692
2312
4472
250
664
4030
1522
236
528
4828
1072
1147908
232
2758
240
167108
2594
30176
8646
169776
244
9460
234
232
3204
4728
3244
66
521552
230
4176
824
384170
542
2034
4766
555988
254
244
2552
1222
445378
3842
234
501412
926
972
1770522
3626
433670
269744
231364
244
1952
4078
244
29126
158724
35490
1710
900
3148
10736
471036
121160
3534
162508
240
662
888
262
467744
8360
320860
1476
2796
256
3242
68
702
735400
447466
1192
234
560634
9852
252
242
3882
74192
43932
244
593050
36906
1771278
1108
759834
236
4008
684
75996
196
4886
437612
1378
254
581138
3938
5670
1298
248
3942
387520
1348
255788
1758
191936
4422
2250
130480
2554
618
311996
413048
1058
242
1770
252
4498
390986
232
3954
155956
1798
1168
2868
1454
9568
106286
678
246696
2570
756656
244
1854
684
234
706
70
1420
720
3586
2018
84
252
278
152164
686
880108
2214
667128
268288
944
2622
2144
1456
57510
5130
222
24406
230
854
1351588
794
552976
2284
4680
690
320402
4136
1778
274
264
955854
1506
1290
1574
340048
1082
232
1324
233306
140278
3752
636718
250
16930
68
68
2378
4922
248
246
183966
3956
242
4886
107264
2878
234
244
232
1752
250476
1618
244
5802
2978
398160
6078
5418
940
2096
186386
1576
1528
5148
44516
1668
2390
266126
76918
1362
37704
268
254
141540
256
2412
136128
1720
6778
264
4178
260
256
236
195142
270
250
1894
646
1116
654
232
1242
244
82648
4560
2374
1676
307764
1804
2822
2902
108268
628
524624
433074
568
812332
3758
36764
922
2064
856
71112
3682
238
248
3498
3370
934036
1712
244
254
2344
214
300576
2286
45216
3472
258
3618
18386
658
1264
246
228
326926
107342
1516
254
268566
5004
952
93864
238
1718390
244
4192
2506
427856
3454
2054
248
886
275718
27604
4678
525938
250
248
71788
2904
966
4932
248
702
546
2328
1120
232
26558
790
132528
670
250
268
3282
1174
83892
258
248
232
234110
2900
1610
220652
4816
619384
12310
76230
5338
3818
3340
42412
29756
27180
12404
256
540
238
1280
1184
398226
232
4962
255096
6804
6676
3128
39706
134782
252
4856
2076
7052
532796
1133398
264
254
568582
812
2304
2242
2594
54296
2370
3936
260
2828
3126
1970
1638
1620
254
3210
770
189332
1105762
246
238
242
806
3800
230
1408
1292
1340
232
862
248858
4756
1104
1282
107364
2288
254
581302
120730
830
1074684
988
2718
654660
230
244
68
68
457212
2464
195002
71552
230
1306
483682
234
3012
1628
674
2180
6860
5864
53878
4940
236
524
1208
1766
640
1472
922956
2290
647846
232
167410
196
91820
230
264
2144
708
1900
683766
1664
1846
139330
3640
246
236
516
2290
4242
270
250
688
950364
3926
1262754
4218
246712
12552
111546
232
238
2032
10978
2896
2828
4276
248
2866
174874
98822
424922
238
656
242
5866
252
826
230
51112
932
248
662
2406
104678
319212
798
1668
252
5298
1298
256
120940
1702
2900
242
3856
250
68
68
270
108462
1420
45146
250
1256
236
83654
700
254
1608
540
804
213324
3268
1588
262
2690
1096
12730
226
2496
1669920
1910
4774
1458
3894
42576
4138
200
1604
250
357208
230
955842
5650
3340
116070
1630
2590
232
1393152
244
5894
2704
68432
2036
1426
551552
518
218
6332
24706
246
2116
15414
138656
15372
1323764
1883642
5154
1646
1606
49418
2828
2286
1240
2542
2832
15316
8830
238776
4824
383184
2626
472
1764
2664
1742
2410
2774
486
18946
252
894
115848
884446
1472
2022
125794
6708
1506
3876
980
622
234
4854
204
1414
380054
36348
765648
804
240
232
80020
972
2092
238
254
41624
5578
306784
258
313742
394796
1996
850958
2180
380382
11990
1836
5434
5960
3796
396956
1295150
244
108892
230
20734
8796
891886
238
1908
9750
242
242
774364
244
718
2134
309858
3324
1002
52978
4780
4394
2902
3090
2736
3996
228
11376
315952
264
1408
7926
252
3114
2174
1890
2446
557290
375052
537748
1714
236
1366
3732
472786
1942
256
264
498
748
78
936534
2772
211192
250
1320
1580
65064
248
5612
52588
139022
1134
321298
3472
7240
636078
1632
52970
232
792
161104
42074
1208
2434
1018
3558
3040
484
852
3368
1432
1120
927366
1268
68
628
1232
252712
242
238
140816
1347402
210
3278
236
1584
2328
1101552
2134
2268
4776
1704
922
498
540
226
244
248
490142
236
2710
6550
1790
1422
260
250
232380
2352
790
4904
250
3038
37656
782458
1372
180736
230
26816
15324
99528
782844
1852
2768
234
230
1468
10342
1166
417306
27272
2912
3834
2274
334538
230
4436
998
5338
4274
1404
3430
234
594
1102
3548
118474
592
1004
236
1866
246
240
148364
2582
8254
1672
580
3068
626
25484
409980
244
91302
2036
982
648
1350
2080
1534
960
1194
306534
972
138732
1418
1918
1488
1330
2598
1404
287240
226862
248
2628
230
2720
4354
2584
12680
648
1668
139336
632
4414
521960
2666
3456
78500
370366
490
2598
655258
606
2084
1724
1032
1476
972
109420
3876
228
262
1128
234
2194
1808
248
83970
706102
236
12346
774
84
232
986
3778
1601172
484
750
248
6554
1610
43320
944
1446
1664
906
1346
5356
2360
1868
252
4528
1716
232
1664
2070
211136
1146
242
81138
169406
2502
1292
54972
250
5300
1662
248
248
1300
244
646
1618
4858
3784
246
293962
242
276
260
2208
1776
3560
2614
2768
211926
2338
1996
355660
242
258
1830
1972
628
1556
636
2908
488
13574
1586
14716
236
257412
232
246
2256
648
25136
415572
186884
1974
16602
45212
1646
1070
3680
236
864
2706
2092
250
962
389902
45034
2528
89724
133204
40710
124614
714522
2146
10598
722
141298
1856
9692
1312
244
1208
1120
668
6366
230
232
2538
852
240
121508
682
242
1474
244
17818
494
2036
4410
3176
2788
1442
4006
6380
1890
1340
885494
441810
2130
1588
569236
1530
8942
258
232
2734
250
232
2734
247824
230
1616
3216
1444
238
1020908
254
2254
2042
2996
230
1222
926
5064
252
268
3688
79244
834934
795806
264
248
4118
2590
1252
256
1310
236
511214
1626
220
650
10230
533722
4380
608
1384
250
2886
844
9838
812
1302
2394
1592
250
1784
250
430692
1352
4584
2792
320870
4014
2514
588
25630
2164
268
248
1948
67562
768828
904
660156
68
221932
234
330644
1362
952
760
904
1094
3238
1444764
252
1060
5948
126810
2628
962
724
246
2770
1348
479734
933208
3002
1058
262
228
1850
238
244
252
50332
1698
1160
225754
204360
630
70262
2228
319972
1020
75486
214174
149946
2686
370814
240
252
1834
664494
1175132
249818
2908
105114
2008
282528
2156
8248
171550
4782
236
4400
1166
214032
137730
586
3234
4058
2826
172954
244
86122
115580
936
1080
1788
240
302582
1912
246
14882
27210
1284
238
874
51550
1148
514
4106
1498
1968
1682
3770
4504
6770
250
1978
88916
268
244
982
244
768526
482
78620
2092
2286
11016
474674
1680
23788
501764
254
54110
364804
2556
728
181114
254
86978
1496
648
1982
890
254
248
262
822
272
962
1730
6062
3528
1574
660
3828
5388
238
328542
1308
228
23036
2420
240
2430
4648
58870
242
1094
252
2504
812422
232
149978
1456
2530
236
746
1370
3222
8616
798
1590
230
13456
250
97288
3808
128396
7082
984
223238
1900
264
2128
1466
397250
4676
3042
1528
3778
5522
818
254
71160
116826
654
4606
878
67900
2552
9544
244
308710
1280
240
248
1416
258
1472
628
1960
417156
652
408002
26414
3844
1596
2592
77156
794
2820
328796
4300
70
3696
459854
391298
1448
1522
2080
240
2334
413668
1336
403706
1056
3842
116990
982
624
260
1864
3490
664
5108
1110
240
628
156314
401932
2020
140658
236
242
228
6582
2458
1808
174300
156796
199676
453322
2940
33872
68734
260
278
1670
2320
397942
242
1388
3954
1886
3692
482
463780
1037778
56986
17674
4166
131058
50888
244
1452
238
154964
856
4660
630824
129610
620
1436
274
248
271438
70
597522
4280
2622
162050
219032
1672
3288
1190
311218
1004
246
2174
5738
934
4316
2218
634
2532
250
266
2020
2160
230
202548
557616
242
1724
1386
2892
2482
1728
31994
1718
1018
244
7866
242
900
1568
268
474006
1260
818
242
1906
1752
356564
3758
996
5512
228
1812
5314
1606
359838
802
1428
228
581368
1834
938
242
588516
1174
4104
404280
886
2376
238
246
1218
2196
980
6074
1408
2736
1450
5314
341922
798
257554
1238
252
954
898
242
24688
413434
1458
638740
504
484
66
302246
1246
852
445588
49908
22228
274878
13248
1774852
872914
1970
220
1119756
898
164788
2318
1278
1202
244
930
244
1576
250
4666
244
770682
238
246
2208
962
244
1530
230
2410
70
238
324276
3848
1604648
3368
246
92036
574
15492
471232
866454
1202
244
1574
1144
1921758
2112
238
541550
816
624
2118
3416
4936
238
19264
2824
266
588414
792
248
4278
1166
132136
1528
818
1260640
614640
1348
1590
250
12014
1164
1978
2176
4722
1910
1010
1446
1018
766
236
236
328862
5764
75648
650
3218
7988
2362
125054
832
702330
790
6610
3084
214
3988
2780
9638
3486
642
450
3928
1234
703964
1351366
2874
2734
75374
5202
2628
1254
1052
240
703298
2184
619626
1680
333794
433586
838
1100
3924
273996
189844
1776
172432
4838
2158
926
2664
1698
3712
2166
1172
250
2946
1688
758
2522
2574
2174
228
2694
1848
285184
3610
730
912
1346
3180
1230
1140
638
3356
3054
1084
1328
2312
646
6520
254
1856
888
562
1426
542
1488
2128
796
510
2118
4470
1342
740
2400
640
1892
264
5150
664
1846
648
856
80018
654
1454
3426
68920
1568
722
3704
3792
662
834
1092
5156
1468
2630
1212
845122
942
712
572
644
2456
758
494
958
2180
6408
738
1832
3070
2966
258
2414
3736
393510
240
1328
1086
2564
1324
1244
750
1936
610
736
2264
3222
1086
2844
1858
1012
1432
840
1856
6200
234
2530
1414
1208
774
656
244
782
4942
2850
4592
254
974
824
3616
260
5736
305348
1894
136944
870
1282
1524
1196
6118
744
1070
3316
1604
2602
2066
2076
11248
842
2612
3798
252
1944
1306
4716
248
860
93818
3480
1944
1086
2246
2624
1870
2492
1018
272854
1564
1170
2084
768
654
1184
2000
878
744
1018
1792
1736
3152
1050
3770
4016
1462
1030
2348
1812
1000
1506
356
246
566
4670
1510
2076
1108
2678
258
2620
100750
1750
3572
5082
802
626
1568
1026
1370
818
327060
956
658
760
167186
1840
1650
276
2038
3700
2720
844
366
1260
2104
6854
6110
2528
2024
1952
1328
1628
105894
260
1250
1646
722
1352
1268
1374
2998
218830
157090
2298
1922
2380
1444
796
642
2494
258
820
3088
5322
2930
5744
4824
2840
602
1698
4118
454
2322
242
2608
250
900
2128
466
262
1170
1274
2528
768
289756
708
177824
264
4182
2522
632
1060
234
320106
1314
1916
1064
656
2922
1530
1510
2388
1154
2078
1392
5104
5272
1016394
114490
8452
774
708
3186
242
3148
846
288750
256
3308
596
854
5058
2278
2246
768
864
736
4204
1622
13204
2664
666
2062
846
26398
3020
1672
3460
2752
3112
1630
2342
5802
2246
2222
2208
824
598
1170
50938
686
1433788
2046
774
774
4918
190776
3222
1458
4096
916
1940
564
1994
1534
1530
726
10390
2108
1034
508
780
980
1932
3178
3120
4510
4864
970
2070
1250
256
2722
5114
11732
2394
1166
1838
3866
2950
1814
79242
1206
2742
4444
4636
1502
370
6692
1242
2202
534
1518
442744
3996
1898
1336
6042
131704
244
534
5734
986
1404
167282
4242
3848
5608
1320
672
262
2118
354
1380
870
1612
1738
922
3772
724
1662
872
4432
825922
1430
2190
6248
1654
4314
748
1014
2856
3508
44922
254
1802
626
4978
1952
4098
1198
66
1334
2124
3180
1742
1632
890
1206
706
5252
3820
240
4328
2468
1784
1298
836
7322
2580
2284
3008
1922
730
3336
2524
660
3140
1648
68
308112
792
154390
558
2694
113096
277588
708
902
4114
1124
1404
2768
5044
1438
943614
1558
782
258
1354
2910
1138
698
1538
1598
1486
1616
232
2152
254
708
5742
234
786
1804
750
928
9440
6188
778
2354
260
2240
1528
5092
5578
528
646
2996
1318
137438
1412
1114
3220
252
1438
658
2350
548
100976
2374
1224
73206
530
630
1168
3032
2352
790
2656
560
2738
218000
1260
3798
1122
892
250
846
640
6204
13112
1252
2010
670
1228
1754
300860
2576
378
488
772
1742
4344
1766
1800
242
2000
236
2616
736
244
2340
1914
792
4600
305956
896
3928
3724
1580
652
1576
244
1956
2396
3058
814
1118
2996
1330
1032
1868
730
1180
4874
5086
1284
360
1458
3972
632
1930
2836
674
942
27518
25926
5222
4058
362
1184
870
1534
2684
2864
640
1740
246
724
1100
710
738
2400
1666
2466
59882
534
1298
690
1174
3034
738
56548
2794
1888
484256
2126
1696
1244
1452
1808
1228
1604
244
718
4420
974
4134
1408
23784
694
2136
2306
1874
676
740
3898
1448
2670
3184
146112
2810
1240
1392
990
2184
260
1878
1886
1804
1728
1424
257986
5386
5300
664
225380
3166
3066
4544
1490
824
1352
256
1514
552432
2516
1576
246
7094
3130
3484
844
92210
4528
818
1026
6142
1504
8302
764
2410
3244
4998
1238
1250
1066
548
1100
114108
890
234
268
120058
720
1406
2950
581842
550
1792
1470
1050
2154
1666
1140
5518
124098
2718
2502
4174
666
1728
850
269748
4450
107074
1404
14950
3934
3064
1040
1622
610
1712
552
796
485372
3690
1610
296
714
2440
3914
3838
1102
960
2450
714
2318
497690
1614
1068
716
260
5126
2594
264
1498
3694
800
1142
4136
2716
698
2044
408160
244
802
2356
892
1918
554
682
3422
784
1212
1962
3938
3724
252
2250
2754
3380
321400
842
2302
1786
2588
254
632
2262
562
3054
1334
1388
4268
526
1490
1256
8190
944
1572
1242
4462
3180
372378
4132
3622
2986
2858
7612
7782
846
922
630
1802
1208
538
1358
621640
2032
630
3116
46176
1078
1412
248192
1482
2602
4040
752
1436
258840
1236646
2584
798
1590
970
1060
242
2948
1630
1826
1884
2920
2458
710
4324
2354
1074
466
654
1166
6908
364
111152
662
1028
648
252
230
1252
974
1258
360
726
240760
2144
1056
674
2070
550
1898
248
1166
3922
84926
2848
528
556
1600
1678
1324
2290
762
738
3728
364
1498
656
2566
246
1316
1354
696
48502
5930
2126
309634
1308
2504
3176
692
2216
1944
946
6060
604
4124
1242
504
2482
1086
2376
3526
2120
1256686
2964
270
886
612
3784
2708
568
1486
1754
4802
800
1190
634
2480
1166
2572
1052
1222
1434
868
918
472
920
588
1502
3172
2766
2744
264
618
256
3904
1178
2074
473916
7618
540
758
3222
1672
2148
850
242
688
2206
514
3918
12858
1946
7882
2092
258
1644
4134
5974
7896
3144
189420
6936
2478
2602
1662
2066
1466
4790
2624
1472
1512
2968
1480
2874
3080
892
1848
3728
7172
716
264
4294
1174
1090
4116
264
1314
3996
2522
517490
230
1130
940
2898
866
1566
774
1484
1218
1056
1716
890
6684
1218
4474
250
2518
1786
260
2588
1074
260
214518
498
528734
252
252
4474
1896
1526
1254
8548
2242
2610
3594
9086
946
928
1668
4418
2624
2218
1771752
456
1002
1482
288038
1264
910
238
258
5394
1446
6812
622
8442
972
330
5638
2184
4644
42800
1614
1118
2084
358
1524
68
262
388
3806
1094
1110
278
159178
872
1606
11714
3788
2832
270
348334
984
968
1364
952
169096
242
385282
366
846
3034
5660
1950
6170
2956
2686
4762
247240
6600
4622
642
1012
962
862
4248
262
4250
3370
1056
1032
518
1684
1901924
570
6082
290
2478
1722
744
600
1926
230780
3048
1210
3728
2820
2030
304754
1538
1258
3744
2064
876
254
4178
2762
352
1076
348
752
852
1054
796652
670
1206
218752
3532
1490
244
3406
13306
1154
1074
8966
11382
958
908
262
2166
707670
990
3346
370
1798
4852
7922
1730
238
1400
372
1534
1700
3074
1458
240
5594
1030
33770
1526298
782
1256
650
1128
6014
2158
264
1076802
260
3510
2278
2314
4684
4754
242
448736
370
756
1236
3606
359920
112928
2100
1518
6370
462
272
2040
1276
278
7424
1998
256
5534
7428
4090
1584
3912
254
7240
854
258
2716
3504
3358
248
1608
2398
2254
3382
244
4726
1200
5408
424120
8660
7244
176468
1954
592
752
234
4098
896
254
3254
1270
3504
352
254
364
1942
942
240
382
494
148024
1176
252
2182
1942
2590
732
5242
2344
70
2620
4002
236
266
1368
3848
1134
6824
247258
1490
12594
3550
6454
964
910
3558
3720
852106
1638
2244
2834
5784
372
1650
198544
5988
2894
264
996
4688
252
4994
4076
1222
2264
254
2340
726
4750
1124
1090
248
6894
462
1768
1286978
3930
446
5680
5276
1884
1694
2962
1668
2060
315810
2630
194780
242
1218
2162
4646
1398
692
188958
274
3264
3990
1010
3624
7140
873976
4458
361030
4852
358
1540
156278
240
2836
3702
3220
2396
2122
757354
1300
6608
3572
13570
3686
31856
3534
868
730
1526
586542
366
79156
4110
2018
2174
754
966
1952
942
68
372
2654
3118
344
2678
2652
372
3434
3596
1036
2454
850
4330
269060
2900
2940
5484
3504
2654
720
260
2736
256
710
4278
240
1006
370
12450
4542
2198
401652
4278
236
10346
3608
682
7310
640
7844
1946
240248
238
510
1986
268
250
546
7082
4940
2828
2630
386
1026
5480
2078
5970
2544
1484
248
14298
1210
2704
8532
6336
250
7818
1726
258
4730
358
986
2254
11112
158260
10116
1040
1802
1190
1236
990
238
1182
1438
1170
362
250
398
796
2024
2704
628
244
368
2322
1668
1096
4876
652
1564
521602
4588
49806
2434
800
6078
74562
1340
468056
1916
252
78952
1716
1492
366
250
1698
2668
254
728
4240
1458
692
2360
78330
13832
1062
256
2370
68
2118
1438
254
260714
342152
258
3750
2920
314532
1200
952
1052
980
792
968
708
1466
454
1060
1228
758
11248
9732
820
3224
2442
48404
1790
294
56392
730
4762
256
2082
1392
742
852
1776
1290
658
3706
2000308
254
2210
31846
7794
80336
2392
3314
3688
256
11390
2266
1364
150308
7982
646
986
538
1514
2530
125000
1626
5556
8168
74
4328
1892
1486
129130
4482
294
270
4104
2350
11420
2678
2566
638
1738
2946
254
250
2506
1856
750
580
1085408
1992
1234
35552
2114
244
5584
174832
3312
4806
242
2970
3376
1760
978
7332
250
230
1192
1088
762
1876
5704
305682
2862
2826
4322
2514
2080
238
14660
540
1972
191608
114296
482
6362
1932
2274
796
788
252
1634
774
256
1572
6714
3234
3824
1426
260
3714
636
3342
238
1000
1610
2356
60878
1756
1158
742
3794
3284
6478
6582
694
2230
1432
106294
1794
1704
282
262
42588
4138
3308
75212
3452
238
2032
10304
12878
256
3940
2036
828256
2056
1396
1054
3948
930
858
1110
364
1186800
6450
944
372
6008
6834
1026546
244
230910
258
248
2014
4806
6710
472
2044
66712
438
1023860
4596
356
572014
4666
256
1614
1296
520
98314
2764
254
5106
1152
3598
1748
242
9430
576834
3250
131540
2062
3346
242
42720
3230
3606
2348
4092
870
242
4930
392
270
7294
6438
4468
3036
29322
6304
685210
2504
522
7452
1482
1776
2594
3640
7406
1278
240
950
264
457014
964
424786
238
1736
862
852
2284
580664
1440
40668
954
274
1230
1070
1738
612
330538
260
236
2352
1770
804
258
4144
2272
998
476
837714
640816
258
57584
1086
256
1728
794
258
2650392
4546
258
4584
236
942
902
262
880
652
1092
240
4396
2278
1358
1404
2746
5302
254
2972
252
3612
1444
260
4144
870
1108
463094
258
954
366
3730
3004
871184
5192
3872
3446
3588
3206
270
2062
1356
352
920
42618
6512
598
3958
3468
257698
143114
936
734
1060
381234
352
3422
270
4892
246
546
5056
256
1498
387558
840
2394
1424
378
1278
2626
260
2988
183894
1112
4456
348
2134
3378
11628
2758
3338
478600
4544
236
1912
1926
1658
3356
6862
7192
988
998
10660
4216
15188
1718
266
119584
1026
4358
1162
1080
750
6422
4680
1088
1150
2374
38960
2602
264
2496
62788
2024
3538
2506
201216
1098
5418
4784
164940
254
1524
5400
6090
1782
3358
1544
3680
250
14976
2058
268
4872
238
3544
2242
256
1534
536990
284990
3726
2504
858
5120
742
994
1004
218208
628
3146
165474
1692
874
2596
240
2083000
976758
266
3974
234
538828
2348
1750
1678
4914
836
754
4924
352
3144
1368
348
2076
4070
254
2982
276
7416
2960
1492
2104
240
3886
1250
236
2140
1862
380
500
276142
7098
268
252
520
1202
5052
1524
4186
738
4272
4746
980
4514
761874
192486
5152
2246
1714834
856
1880
4814
852
1616
7346
916
1730
415466
786
2300
1698
376
236
3142
1988
372
1752
6796
3774
2116
6448
14608
3100
628
612
1332928
5460
6034
1212
2248
1556
3156
2496
240
2544
2238
70
2466
882
1204
1034
1690
2592
266
1792
1404
1308
924
760216
2794
228942
5612
3016
10204
270
384316
3458
66
68
270
254
1530
1024
804
258
3358
1118
1606
1144
109096
710
2464
2006
7582
4032
1718
1524
1552
2592
794
1210
984
1556
1348
1016
236934
1111332
2114
1098
3180
1460
3498
4042
974
1028
3094
1458662
260
718
3666
2942
266
1640
282
1924
3540
1584
248
3356
1554
266
139022
598
562842
238
775426
248
653050
236
1302
2622
298
543802
260
258
2878
1016
2202
3176
236
1798042
592852
980
1766
4162
263974
1456
4630
1314
266
680
3718
2024
1382
1874
2950
3266
1990
4792
960
1020
2170
590
694
262
260
3398
2298
268
1364
904
3806
912
1912
240
54012
1522
526002
1254
2216
1696
736880
44992
238462
572
1186
2410
2942
282
676
2046
212806
501472
1946
4412
4330
1196
1856
2018
3868
468014
2534
250
256
2896
581508
90294
68
250
5252
167426
1620
3274
1072970
4760
1276
1998
1814
238
7772
233362
224
2674
2258
658
1762
2580
867132
1424
258
1702
240
2862
668
690
724864
706
1116164
1948
943460
254
756
1550
278
1694
106404
912
1156446
25094
1072
274
1046
842
142626
2578
1600
82452
246
284
250
1482
2500
3398
276
2092
8566
3216
3778
5742
1100
4940
3122
70
70
153354
490508
1404
1125390
56942
924
850272
6602
277318
96248
2396
2828
858
1260
254
295644
5140
1778
135304
2378
1845314
1514
2812
2964
260
3198
2538
1046
1288
1536
1516224
1936
1014
370336
1008
972
367264
18086
876
2328
321466
2044
696
3184
254
2984
594
29666
1170
670
1466
1212
1296
634142
3176
5098
2664
4928
2056
942
1618
1120
3454
118576
5374
3072
5416
121424
710
980
1268
1708
664
487850
1442
1670
1052
978
2482
3754
1780
244
924
115504
465448
270
10826
940
2690
157668
258
876
2214
940
1912
2662
232
248
684
1324
690
1402
4486
244
1234
2840
2974
12394
1078
89798
232
678
252
3018
974
3952
247754
24286
3226
1674430
5354
16922
14478
658
1424
258
1840
4594
654
2886
295678
6594
256
572
1254
1472
3968
2856
9878
262
898
26584
2120
9154
1059072
3928
3158
3016
980
19790
1035590
1086
2544
844
343032
646
1404
1716
1246
74
1160
246
1580
1374
900
902
3986
2198
603080
922
94128
1306
2576
1464
646
250
684
2762
3214
260
4468
2330
262
2686
7850
1072
1362
240
1832
2598
4280
810
966
558
266
640
702
1198
2834
246066
41742
1796
848
519468
957254
712
150934
3194
1728
570
1206
635454
862
270
1076
4562
6208
1818
850506
686
1946
1372
163300
806
3456
894
262
6578
3788
2080
1100
280
66
66
1496
246
3374
1440
704
246
2856
928
3590
278
772
1964
3364
1680
790
238
22190
65120
978
1810
708
1268
3368
238
866
4710
1720
3008
3512
333116
1152
1250
29542
2356
264
56526
204550
788
6708
1876
2284
3508
1588
784
754180
511012
68
68
1124
36590
272
3816
241628
444616
1458
3126
260
93836
1406
2708
345712
1936
806
1766
1622
576
1192
256
1938
1060
5230
1294
692
49734
2174
256
4600
754
260
1472
2720
12582
274
262
8166
4230
774
2026
5636
213702
1638
70798
928
254
3034
248
2256
2730
150740
98044
5474
2322
666
3800
16950
1230
256
1240
786
260
2258
3092
2128
580
254
452384
2224
800
274966
1106
9482
656
274
172702
88906
1068
682
3510
654
260
3736
268
1986
266
1624
1766
1202
270
594
1222
418936
1662
828
604
692
1280
1952
2304
8056
1756
2804
7506
270
2262
3994
1022
22572
1630
2924
266
1052
276
238
2270
592
2002
527266
43462
948
3044
2302
3084
5748
2748
169514
270
95410
1958
3820
5998
806
250760
670
244
2458
153602
2470
3324
246
3734
924
177858
268
2288
5000
720
1826
275724
672
650
7220
3788
227446
99222
1888
4222
272
3442
218360
222
3812
1962
294
1766
3184
250
975692
2080
7080
3546
664
294
420872
2700
27080
1354
1216
1336
68
68
1088
964
139102
246
678
1288
977818
990
401976
244
4120
6162
3882
218
271274
95686
234384
1176
658
2168
1398
2314
268
4434
4888
1064
71090
1982
529680
266
800
1888
5000
1420
965840
694142
58604
2564
2416
1032
351218
154312
20110
1960
1804
2016
3230
133878
1702
244
2892
3564
2110
272
4050
6892
1478
574
577494
250
153204
28986
3632
1524
70
890
2814
748
3700
1619212
648
638
824
1532
309226
6442
248
4606
6100
50546
1017560
270
270
1064
78350
1034
2582
1200
1014
1812
706
302208
1422
1572
924
154864
710
4152
226
880
264
3204
182570
1000
4322
1650
151848
240
740048
19104
1112
63734
1510
672
2628
2298
6228
1754
1116
256
2674
692
270
922
291816
463318
4348
4714
1844128
298020
1140
2128
270
4190
176288
160924
175662
676
4334
2296
250
2286
2566
2274
3578
1716
242
788
34782
980
68
3084
2098
3764
1354
254
2580
1196
266
1952
2016
268
880
736642
155136
6018
1408
4014
3370
3922
1032
237616
4170
631672
802
1562914
294134
4272
252
260
5522
195818
728
383992
2316
268
240
3486
258
246
262
1000
1428
70
1494
260
252
1384
800
56078
266
800
1017760
946
1050
4306
276
401254
27494
240
194624
802
272
1132
782
966
1418
712
788
272
2306
256
1112
3290
672
1782
272
68
66
2190
676
1994
244
782
3034
111218
2842
43418
797556
3476
356094
5758
2632
1774
1150
3052
81038
1968
258
1462022
3478
689106
3196
1820
3290
226
3412
1556
3524
272
189570
68
68
594
3946
594
517372
2636
155078
2318
3824
692
774
2216
1802
2440
770
1292
584
6802
2120
254
242
796
4506
3634
84922
517596
1558
3274
672
236
4156
6364
3652
2802
248
742
33070
665618
2524
20194
1652
2926
1146
3834
1064248
1602
51976
506734
3094
904
4572
7446
70
70
1442150
3242
684
248
7392
3536
622884
2512
240
242
1066
141470
536
229078
1024
876
3476
2124
1438
1612
274
343202
448356
1840
570
2784
152318
3672
988
12502
256
5544
1246
2996
924
942
4686
784
68
90740
255342
505768
2856
250
238
467498
264
846
240
2068
171078
569214
300
24436
250
626
1758
1814
411504
756
672
2640
248
946
444106
4786
280
109592
2512
2898
248
37414
1446
551212
185908
1854
1398
1066
2854
1804
2062
240
1068
1780
93206
1452
6078
325834
748
236
1448
2804
13986
67112
182818
1780
1650
1814
187134
2248
685258
2266
2852
6584
258
62304
1450
1640
145058
2448
1888
4360
2692
262
662074
258
2084
7678
1390
42210
718
218950
2070
178698
1848
1330
1249830
346734
3320
1692
250
2550
2684
1292
1261388
5980
33850
281306
252
2202
4044
1510
982
403536
1416
266
476192
1754
1034
828
1002
4894
1490
1398
2356
590
3598
202878
322252
4902
218632
15446
1052
1692
1616
3822
2468
310014
656
1780
1278
32216
1530
1390
1030
568
3670
972
244
528
1586
1648
844744
116372
644
109116
264
228
259788
4480
388806
309842
302
238
680
4130
728
648
184124
153066
914
2200
5704
290
722
5594
1079952
4522
84668
1454
1994
408132
1848
2154
1234
2514
440606
494
355498
1302
236
740
1704
870
29504
250
246
250
254
4064
890
771496
1522
236
254
77274
4864
2052
234
258
2670
1614
596
1082
264
500
185660
956474
2284
250
808
286
178930
456358
1054
15092
236
4050
2252
3368
1976
514306
2658
248
1549324
1544
266
740
10532
2650
986
1544
6616
240
6134
52946
1396
2076
2458
5500
7576
616
2576
3242
3350
1084
794
608
1666
2768
2128
832
144322
960
252
39890
3696
270
5336
1078
3338
876
726
7212
648
268
1252
1728
2324
1012
998
1176
254
3606
1462598
884
273138
5452
262
258
17018
1986
1344
172450
276
1000
234
599344
268
79354
594756
442582
242
296
618
4498
30344
984
868
1074
454302
608
3416
1186
364966
620
3734
270
1316
1202
272
5102
1340
2366
361956
822
130126
831578
252
268564
1226
260
1908
4844
1506
2108
250
611872
335508
1186
1198
75834
254
1132
534
1666
170072
1260
2240
1102
116654
238
323742
6228
5742
741160
1556
2598
5770
880
252
2654
2336
4456
1974
257402
5726
252
606
2632
7560
1270
783462
70270
2724
2204
3424
2896
3880
888
1804
882154
1038
250
240
508
1684
867036
1085866
798
648
1884
616
937736
3318
2770
250
8836
2262
1800
1268
510
53084
272460
294
1205990
248
1512
24344
41982
2110
2258
1938
258
602
242
1176
270
266
2598
904
3924
4056
264958
1250
1660
840
274
952
240
1812
920
274
5184
2130
10092
3226
2298
3200
248
2432
1120
294
3868
520
1724
3114
248
2434
730
3946
270
4638
1968
8688
2702
224
750
1040
770
6470
520
534
2900
406054
1862
266
2634
16222
254
2698
3028
139920
254
930
135804
1420768
256
238
1600
6406
2134
1080
1220
4922
3492
224384
970
799448
13168
434128
3788
1394
596
5168
2032
256
1562
710
1858
2062
2880
614
1494
238
258
262
1338
1560
2036
256
294
565664
980
4496
1056
1102
1802
1822
248
268
1122
1642
3538
2162
1570
2548
30308
532
96138
1602
2132
6202
11626
736
3344
944
262
262
2460
1832
1580
1342
762
2656
249982
1175716
258
564
4050
608
8706
3376
1594
844
224
608
762834
842
258
2048
3782
244
284
5560
1994
258
258
6900
244
4626
1064
38612
136964
6462
522
242
3236
1636
1014
1126
754
6040
4856
872
622
606
262
876
238
274
286
209856
1706
2436
266
379292
1690
48702
616
8474
271386
954
411066
7890
1538
834494
260
2996
876
252
3554
1305018
1484
131518
323738
1376
218
930
235558
1664
1586
432858
2600
256
4326
2816
814164
602
1220280
238
252
248
1946
1628
1918
1320
3092
740
662
1010
1536
994
1328
1694
621570
950
766
778
298
2410
1508
1940
3240
1904
2134
654184
3488
288846
228
914
1320
1798
152382
68
612
940
258
614
244
108916
2796
1310
97504
258
2556
236
256
702
752
1406
145454
264
2194
433644
2934
1394
48688
1262
878
1334
186562
5536
1378
2104
664
4174
1556
2676
568
727548
171086
660
332650
6036
1018
1240
2510
884
1280
2684
630
2646
2730
236
228
258
4636
71968
798
252
678010
2208
127254
262
242
2286
1058
244
254
932
254
16300
248
3306
1400
528
289810
1086
2062
238
2270
268
270458
258
2704
1898
1007376
262
2198
1056
2504
648
2100
852
1872
3042
1622
7016
4396
185978
380042
980
778
306942
1196
1638
662
860
938
250
533978
1016
3030
884
1192
624
252122
1044794
628
1602
2140
611642
5098
1645376
262
594
1910
964
540370
3214
4448
4492
154194
1510
976
3826
640
268
1180
746
1184
244
4366
268
2312
1470
246
775990
628
262
242
1066
3002
18994
2506
2172
1094
1800
1878
366952
260
1686
3118
902816
252
196000
2398
756
3344
852
101394
256
44124
32798
1296
270
1432
3344
28036
690
1044
528
1428
290
530
3946
1452
6560
995676
856
2232
1114
1886
260
660
15670
1378
2362
4204
3840
2496
8714
1872
4330
1152
682
1214
2364
2854
968
3544
2438
1068
2084
1846
1294
1120
252
276
240
2650
3184
4614
274
264
3042
1398
216
256
250
58948
1256
622074
1096
1578
1302
996
2720
278
1572
1036
5074
3902
4436
1514
5158
96120
248
262
2900
266
4502
1396
1720
254
268
1524
618
262
5664
686
4060
7414
1470
290
3950
2746
612
250
254
33952
256
1288
252
642
2492
1498
650
986
378078
6426
838
4140
1880
568
23336
232
622
1126
2144
2856
2768
1210
938
244
1532
1796
1936
4240
648
252
234
1536
2054
262
294
238
7424
768
610
258
305354
2694
238
786
506
620
854266
1292
2668
262
716
1316
4582
1692
2608
1712
1556
3930
2220
229598
688
2658
858984
2242
467632
1228
36916
1046
1898
4350
1060
606
2130
1396
1406
1916
273624
254
742
3360
1096
2526
1188
854
2478
838
5478
960
1412
2696
826
6530
4360
766
4616
1432
254
230
580
2054
800
1288
1488
1762
2444
1296
4380
2538
263892
1362
874
2070
818
260
576
1226
960
250558
4702
4962
7170
1980
894
1010
3134
1230
5490
3400
1220
2878
419850
662
2194
1028
604
1342
1692
1440
1922
1530
1708
842
930
1242
570
1932
1944
718
534
654
1080
2626
1534
1146
262
191320
3862
720
2898
2204
474
3726
906
486
520
1796
2406
1536
688
4458
1348
1806
4332
1082
1446
1066
764
1488
2768
1088
252
1306
542
1850
1864
922
3970
636
601526
508
270
347646
2166
2658
3010
1598
2826
1674
1804
2590
2402
7046
3688
692
534
4294
2244
6014
2900
2726
652
256
1530
1334
1266
3410
1774
1526
1092
1048
1224
618
4546
3638
370
4676
1076
3510
1094
1670
534
3906
936
2334
250726
724
222
4370
2758
482
352
1032
3916
2738
2450
740
1934
3732
6828
2602
2896
512
610
1308
808
140210
1982
2512
1696
770
1706
3022
582
1776
2160
1846
67766
602
1282
1658
1396
724
822
2226
1396
1966
2396
652
4142
486
3992
2558
750
1036
1298
2000
1670
6158
670
816
4414
5542
4412
1532
5682
1050
2182
1074
582
2740
3070
2390
2764
3704
2430
1000
576
1034
3092
2588
1128
610
101838
588
1876
624
1886
616
1176
4570
2954
884
1618
1198
1626
528
872
2218
2080
2162
610
350
258
600
1828
668
604
1718
256
1618
2114
216
2088
218
482
1706
2076
1588
364
1956
952
260
88620
466646
1038
2842
1600
9302
5044
2006
2758
866
910
5220
2576
230
1286
1396
234
2076
2360
220
1238
734
2392
944
1762
256
658
908
256
1960
207372
514
726
2148
4786
3428
352
2032
1562
1954
6054
505028
758
662
6076
3228
518
2388
808
238
3508
1842
1116
672
3696
1084
1210
340
4794
1844
3418
6954
592
1126
118266
480
754
1096
1114
1490
756
1178
982
1728
1718
724
872
1334
2692
1892
1048
256
1396
1556
3598
802
2562
1954
1388
680
374
252576
5300
3650
560
2450
172314
248798
662
230
628
4148
292144
2826
4028
1160
1134
1622
52266
2934
1292
630
1256
3774
578
1598
1154
2004
1628
1668
6740
1576
150182
820
1914
2536
1750
5472
1882
11446
372
2424
258
3352
1916
382
3418
2934
4516
472
3548
242
3650
490
1404
1610
3410
1676
3494
2635644
604
1260
6550
2644
236
4076
352
356
2918
6716
4318
1938
35778
726
1072
972
838
5168
1688
2902
1296
256
1616
1120
2022
9688
2316
706
1050
1874
990
61004
1196
8642
546
3600
250
1562
228
2120
4418
4830
870
3862
1526
1470
1822
377430
6446
7724
1370
3350
1458
1000
574
95016
1084
2564
596
3956
250
798
2768
1842
4354
4532
1510
1030
3352
862
3210
2090
1386
539098
828
2448
2288
1962
898
1560
240
3984
820
1192
153862
1412
258
782
2240
704
700
756
546
4258
1064
1266
4162
8412
856
2862
20830
488
896
1602
1598
1244
3276
240
2950
856
2486
2404
1916
5514
912
2346
894
2774
372
4738
89002
2492
2902
1902
2872
12814
2086
1680
595642
6520
2000
748
2138
5018
2758
2008
806
4686
966
1174
1442
676
1754
2354
2610
554
7580
5838
618
1830
2018
870
257150
3654
1210
608
1600
2066
344878
1720
2224
236
1158
804
738
1482
4078
522
774
1940
348
2818
201756
2270
928
1440
2536
642
2532
2316
608
868
5572
2300
1552
200
1666
666
640
8768
641382
254
1334
274
2640
556
216
2512
718
258
2838
2078
528392
5882
1582
2090
966
2328
1524
6976
1600
1942
1284
2708
822
4694
3918
2666
1334
2968
2558
4486
1590
990
3358
8800
784
1384
602
1640
150446
2154
3326
994
610
616
474
1018
4662
254
574
768
1494
299024
6942
364
3856
560
1062
230
2712
3658
548
3194
2220
212
634
2292
325170
4096
1226
4020
244
171896
3006
260
1266
622
260
2590
786
4690
570
1076
1256
838
2872
258
230
1968
2334
1052
6918
676
1390
3288
1928
242504
340
698
260
3986
624
234
3014
7436
260
3046
494
3598
1492
1996
1066
2176
572
1436
105930
610
3470
3136
680
900
502
858
928
996
1154
2458
4920
3236
3510
307644
1670
628
874
3642
2076
3078
2508
1010
3602
6904
268
2210
1488
2206
706
5300
856
1822
928
996
5198
1906
972
1694
14200
2818
2218
802
4530
2690
100532
1338
252
1456
3122
1160
738
1216
2082
728
666
2538
4236
2174
1454
1268
4994
130498
1138
984
4484
1122
2626
650
586
4214
1068
1432
234
248
656
252
1164
3054
2874
1634
1558
730
2598
9216
230
2522
3650
2406
3744
284
700524
2332
866
1200
998
329804
5316
3452
3152
600
1002
864
1146
670
241880
512
648
1592
628
740
538
3672
1402
732
518252
650
2944
2688
1196
2374
1546
604
634
1660
2206
1356
4426
2164
3654
2990
606
236
1560
938
2064
1382
1354
236
2048
362
220
2718
5690
1488
758
744
1120
1422
1088
133102
480
736
384406
238
1434
846
4048
750
1294
3602
1572
258
478
3308
6782
1024
2046
4904
2408
1138
4976
1706
3878
608
712
5654
1208
1468
15324
686
216
6036
1832
524
1328
764
1042
234
2458
1230
378
382
1112
2450
543348
4262
1132
1912
633918
780
1926
2254
1304
6794
670
252
934
244
228
2862
982
1708
2692
79784
1270
1992
282
932
528
2876
2564
1014
840
1698
16152
5370
5044
2964
230
972
1500
3786
2640
5696
594
250
6768
1692
3810
109902
668
246
218
832
1594
2028
2892
2208
260
3974
1818
3534
1232
608
5464
4576
1946
934
364
908
988
3976
1176
16186
842
1204
252
2634
1102
1112
8556
468
1400
1394
2234
1970
728
149942
3908
1396
496
3190
280
1456
810
42130
380
30002
586
1310
112750
869450
254
982
1332
2574
1880
262
2630
3740
1144
5328
8250
250
350
366
1844
1792
1584
4810
2260
248
2474
1796
370
2852
1474
271310
1116
1424
1398
68
1318
475316
1470
762
2078
246
1480
2658
6316
1000
2430
5010
1018
16830
390
1026
222
1430
372
964
3614
3562
256
248
1298162
372
4082
1026
250
5384
258
1120
228
356686
1206
990
240
1114
518
1468
236
860
3872
5986
996504
277476
16316
218
2812
3450
586
3990
4382
3760
5616
1128
490
1974
4090
890
3222
2982
4826
3174
218
2188
642
750
1206200
246
5744
2692
394
284
4682
284
8386
154020
535082
394
6052
3512
1074
1378
9548
2262282
150936
2186
1266
1593118
6638
742
2246
230
944
3596
1390
984
1244
58600
356
4048
612
588336
28520
3586
382
856
34144
1120220
2618
2318
366
1268
1001756
352
698732
77452
47946
1620
382
1122
212
1436
1002
824
1486
1123994
3868
618
345150
4122
2856
1186
1982
3294
2232
226
822
1788
648
1074
4556
4226
358140
431434
8912
5462
3832
2834
6102
2926
1890
368
1374
1650
3298
232
2088
1390
382
1950
5254
1196
1100
1980
9258
2444
2008
4760
2028
7366
1478
3876
507682
1988
486
1682
1024
485906
980
1802
2984
604378
1610
720
230
242
258
168726
240
484
1274
3688
2688
826
657384
486
512
5632
280946
2078
2494
1258
1022040
440098
4072
1732
1588088
4090
356
1228
340
1144
1014
1268176
158516
244
2670
234
2568
900
181164
3112
4408
1382532
232
844
167544
846
814
724864
266
672
659102
2426
1388
2958
492
230
17512
282
2292
206420
874
1566
252
3780
3944
88862
572
5328
522
220
4126
1098
2368
261200
82184
5674
1544
961552
620
766
23078
123374
978
4532
936
4368
500
1632
1910
3538
258
1020
806
3230
4056
2026
4236
2658
606
4194
220
338
4932
105958
3536
8142
286
264
772
698
1234
5472
368
1296
1820
1230
1970
928006
220
5966
1118
97154
3058
1988
43734
79176
2934
7416
3260
256
1248
4360
7936
332710
1338
266
876
520
8788
504
3158
5742
230
681426
873812
297216
2396
2984
1460
1642
7138
6014
2242
1828
2788
1952
1284
5352
1434
602656
1938
5730
3590
6156
484306
2092
9332
2448
990
134112
115696
1152
1984
230318
3186
256
832894
2300
1458
209976
544
4952
26882
1962
760102
1330
2282
4048
374
1208
4546
478
5190
2400
2570
2796
2446
266
1218
2328
614
138016
702
698
2870
1126
3858
210
1346
3782
2800
1032
2070
1516
3368
281636
5900
3462
236
600654
76
5184
473540
1600
1394
2616
552282
3530
902
1570
3328
3330
256
374
10724
63510
2960
2370
3348
1926
11996
85276
218
1329582
2972
226
808
72318
2362
104510
2564
370
4428
1168092
809342
5424
6152
3112
2012
8260
1818
2608
3484
2616
1426390
2882
3516
483880
1632
762
1776
1314
1392
480976
26932
3502
2020
1948
2474
762
230
3064
1246
1472
278
1612
1022
1038
1605366
244
620918
3388
7020
402288
1738
2145386
3850
982592
5232
7590
84830
6212
1300
9132
1356
3248
1074
244
1542
380
66814
2070
796
1156300
1751176
128624
1388
4774
5200
1656872
518
1752
4242
762
3172
43346
169426
372
3278
3996
1064
1194
1454
268
1556
1000
358
4754
1442
3572
1672
358
6574
268
242614
3228
1888
3722
3332
7034
4512
5272
3866
752
960
398
238
5420
508
5880
1658
9956
7972
922
1126
3014
5844
3574
1492
222
621708
236
6788
1676
2302
2238
258
254
3778
1304
6406
1468
2336
230
222
790
3496
1158
263116
2236
4326
4504
370
153048
8200
3330
5172
358
5326
378
1906
1664
2408
1776
2664
8562
616
872
10722
230
230
1082
1216
3238
368
844
2052
56900
1570
4496
1496
2622
110614
1044980
3446
1860
1390
1762
752
143896
212694
5926
3480
2356
1310
502
3584
256
4320
4608
1278
1394
8526
220
844914
1180
756486
2052
372
1664
2496
229500
1902
522
2930
790
5918
2082
4774
2026
248
2422
234
3682
714
1748
2184
254
384
778
882
924
1438
2086
3980
3240
418412
574
1424
158386
458
554608
10294
252
1720
5514
232
5170
348
966
380
1284
2278
2368
3916
561178
3662
818
560
4748
1908542
1804
5384
242
2308
250
1270
242
246
264
6416
88916
1862
350
242
313014
3978
2652
4596
423108
131416
2796
28692
12964
2746
488
3934
596
131396
1886
930
8112
984
256
160906
317786
46346
2492
273866
59644
254802
1166
364
1946
1406
1372
6194
2612
9420
5782
219756
310786
3024
1024
368
63950
2360
6780
4428
1736
543550
5426
68
224
36530
962
2882
238568
286694
3230
280
1054750
612
3136
12274
1226
3594
238
3388
5592
223566
968
1438
515326
255876
2686
5546
912
8546
555628
1996
6132
1364
68
1348
232
270
838
1006
234
3286
1518
3348
904
1440
4002
362
2140
912
260
4790
1652
12502
7464
1716
2572
2000
632
1334
5236
484
8058
1620
1880
5318
79792
90704
1302
642898
232
4506
526146
348
1968
248
1492
1440
904954
4986
250
4784
418
598
47828
3660
248
261908
1724
6834
1642
3948
616
244
1386
2114
11570
246
4366
2898
1040496
2568
1286
3242
1892
53166
2326
2234
476
616
216
6686
848
2372
218
4092
5988
24310
5120
345802
124466
5340
48530
528
30808
245632
2896
360
259498
3048
392906
1280
755928
374
980
3588
2490
2064
882
423584
238
2358
2470
1152
1394
758326
1176
1498
224356
10214
354
1132
2240
4904
45856
1388
2370
367386
1542
3634
2082
1762
694
2742
5212
1346
374
232
1176
6466
2358
743900
4756
638084
299642
638
850
1532
234
712
1364
1096
1182
490
1456
1168
1392
792
6194
1220
2506
974
870222
740
1070
1656
3528
344
2416
3578
3004
4374
711526
2668
1014944
1668
352
370
2590
4128
436868
490
378
436656
370
325162
366
3990
3422
1510
256
262
824216
212
1862
592
238
1598
7484
3560
329366
130404
171272
3004
256
9188
384
1582
1162
248
230
1666
121118
1190
216
2970
534922
