7ff:0:0:0:0:0:0:0:0:0:0:0:0:0:0:0: (total 11)
0 1 2 Thread 0 going to cpu 0
3 Thread 1 going to cpu 1
Thread 2 going to cpu 2
going to barrier (cpu 0)
Thread 3 going to cpu 3
4 going to barrier (cpu 3)
going to barrier (cpu 1)
going to barrier (cpu 2)
5 Thread 4 going to cpu 4
going to barrier (cpu 4)
6 7 Thread 5 going to cpu 5
going to barrier (cpu 5)
Thread 6 going to cpu 6
8 Thread 7 going to cpu 7
9 Thread 8 going to cpu 8
going to barrier (cpu 8)
going to barrier (cpu 6)
10 Thread 9 going to cpu 9
going to barrier (cpu 7)
going to barrier (cpu 9)
Thread 10 going to cpu 10

cpu 11 cur 11
STARTING...
going to barrier (cpu 10)
STOPPING...
Duration      : 10000 (ms)
Acquisitions  : 10108377
2919
161661
84066
87738
221760
37530
4212
1602
2058
1536
3519
2616
65022
148053
37569
3192
24459
14223
2913
37398
236424
1170
1815
90513
2184
164145
1764
14595
4938
73962
38808
2565
3690
123408
4782
1866
3516
1311
2394
2142
77037
1422
53481
3330
8289
3705
4257
1764
241839
205782
2700
3267
3837
24735
3729
7824
2178
3699
5538
5151
1587
834
3333
2859
30837
25968
2550
2118
136680
2241
4449
2598
1932
127278
84123
52521
3654
25167
118833
64821
138912
2799
1641
2016
298506
264075
2511
5094
3567
115470
3894
3054
1104
3723
2028
101361
2706
3741
2547
175026
3045
5757
3507
3558
25302
3039
16158
2754
1410
3807
2577
2133
1932
2367
2019
179610
3000
568935
147870
3615
1761
70206
5727
3009
140724
3636
3588
3144
38535
1620
2850
1440
1935
16383
1890
2241
2859
2979
5010
2577
3192
5799
2712
35040
2553
3600
54816
3096
3558
410994
5577
942
3735
88119
4746
28305
5169
3423
1302
102777
99201
3981
3267
58284
2013
2706
217821
4284
1680
143364
2526
2391
930
145566
3627
3282
2862
1764
870
1473
2991
3447
2172
260997
2676
18240
1899
743877
336624
972963
1530
4083
2721
4059
226302
131169
3795
3411
2163
18906
20643
1863
2265
2013
2793
2721
2486388
2112
58995
4391328
1371
5493
3678
1134
2778
491817
40980
2085
819513
2220
2097
3504
3135
334500
48714
2148921
3804
2589
2697069
105000
1692
4509
1402836
4701912
2694
3342
114081
2640
1620
870
1668678
3006
2160
1995
1839
2493
1150674
1405689
6288909
4875
8503965
285594
1605
2541
3237
7187103
2838
34524
4860
3042
2808
55959
50358
1929
3015
2951133
2148
2157
2112
4011
2073
4095
3777
1643301
2637
6282093
5007
2358
1803
2835
3918
6326805
4659
7283928
17301
8376228
1373328
1407
1072095
345846
2243793
3243
9651
1728
4233
2868
4401
3761853
4947
1329
1397250
1662
1917
8277
1734
1443
1266
3819
1482
2286
1110
4347
3417
2426646
1054896
4065
48600
453711
2391
1087638
2322
4128
1746
3783
3921
1806348
1940121
2628
1153254
16368
8085
30354
307128
34779
2334
1506885
1350
2352
4881
722001
2343
3714
3888
1143
2535
19839
1521
3954
345390
2853
4524
6384
869025
3014430
899922
3456
3795
424026
3114
2061
5413938
294696
2088
1437
1192788
60993
3366
5124114
3153
2352
2346987
51636
3594
2061
3111
81006
5364
1197
267759
3285
9099
1602
4083
2553
3086967
2301
2266647
2313
2237310
1947
67164
2144202
14325450
3885
109011
3624
5751
2823
63417
5040
1698
2757
3015
2865
32667
4212
3297
4809
58677
1021602
4449
2202
2994
66024
66498
31440
4950
50790
4245
75015
63543
205299
19902
2451
1662
2199
3057
250215
1272
3648
15828
198750
12960
3825
3636
33807
2214
2922
1617
2031
3300
4815
2415
752070
134007
2112
69189
25911
3276
207909
756153
1836
3549
1827
93582
3939
2973
2844
1035
4476
4489626
7525734
1677
43320
64305
94449
104229
3894
2133
363888
67716
2943
248919
3327
2346
3993
1614
2370
2274
298665
2001
2889
3369
3693
1107
311295
231156
14703
137595
1506
3117
3654
2376
50568
4977
3714
2391
3246
37983
2745
121392
2034
4704
2091
3786
3996
19041
136746
103203
3534
57603
179421
1509
47871
2235
3210
352218
97350
209547
86817
2556
255156
3459
145911
187773
2352
1449
3069
188721
1455
1548
2031
3162
5169
124857
1704
2211
2013
132213
2970
21648
3192
71154
2013
18333
1392
67401
2649
28383
178290
2649
43326
18477
130887
299523
2271
5283
19377
127554
102927
1683
3072
2769
3351
4374
1512
1188
1680
2928
34611
1836
1770
134976
4905
2445
3618
46320
3948
4428
3276
4881
160176
1341
74208
18525
55881
89574
2799
9132
4362
261975
27978
4767
2811
3612
1392
2094
3003
27372
107634
4932
1497
1743
2193
1989
93576
2571
41661
1842
3108
1557
1839
31635
3486
489933
2907
3507
6363
441048
68373
1881
43206
3498
3075
113880
2343
82689
3165
41664
2517
3012
115761
4665
37419
2991
133245
2697
169272
79821
125628
9159
3639
2781
2910
1386
33444
1836
3285
2922
4065
3285
2811
19209
1182
2448
20763
223215
2982
1752
2403
5373
36600
848214
100503
45753
152463
220860
3876
1647
52455
1842
41109
4053
3069
3510
35679
155706
4485
2616
3063
5106
5751
3237
2037
3699
156327
3933
3123
2973
4539
86250
3093
95796
13764
4287
261243
1950
11889
253923
3768
816984
5190
3570
2007
1197
2856
175509
399753
1974
3351
1773
19248
2598
1860
1024305
5520
29028
1452
2760
3342
1932
1503
1848
3267
71475
289914
3741
6441
26394
4992
2314719
154704
4533
3747
3282
86097
2598
21663
3621
5667885
2607
1977216
4185
1894389
1899
3882
2193
2715
4014
2496
4613385
3213
2433027
1121142
24348
3438
5337690
3391734
1266
2940
2511
4560
3018
3900
1116201
3090
1401
4581
6264021
3549
1095180
4938
3426702
879018
1977
1239
3960
1929123
4206
2307
802998
1878
3006
1482
2226
16149
10293
3054
18891321
7006578
2685
841809
2100
1611
2076
1638
2496
1941
1407168
4890
1977
4332
1395
3012
2601
3528
1306653
54063
2986737
3651
271380
4812
1518
1926
3195
39210
24600
192384
3453
2733
2412
99486
105459
2343
3324
1620
5886
2616
71874
2076
169284
79500
3738
1794
1350
524697
67497
3402
1992
2445
80544
69612
325152
1617
1467
275646
3351
3651
3339
25215
190344
1917
1572
241806
54963
3777
2730
2427
1893
104151
1731
2493
76446
227385
1914
1236
2802
5727
33750
212853
4617
2589
639669
1509
3477
56742
4110
2607
2256
2106
67170
48432
138975
2022
3282
1428
1485
3096
98943
5505
3408
5715
4443
420
191829
2862
2460
2367
281052
290469
169602
3873
300
2622
3714
3192
99837
4224
4569
2403
1812
2298
25230
1464
205887
3309
2115
4251
15792
205071
138102
186153
5610
2967
3069
205812
2433
3564
2637
2145
3279
1929
2523
2106
140658
3696
2598
4101
4101
1407
1758
250605
3807
422646
88605
2943
3366
4884
265500
100530
75936
3856194
2169
1917
2412
3345
3972
41796
4023
106281
2472
153207
3109767
2991
33267
932160
2883
4068
1347
1659
2235
3570
307845
19538313
52482
5531961
2192466
1707
1065
411684
1851
4431
2967
3534
2526
5517
5688
1659
2859
3582
1144251
1974
2571
3456
3144
1074
4811091
935169
833700
6117732
2811
2079
1944
3000
2460
807780
2448
19209
2673
2439
8160
2724
3036
3696
2052
2990832
2337
3960
4274322
232152
1404
30627
1791
2292
1959
1500
2496
4509
237474
28497
206292
418371
47148
100929
2757
1743
2946
3045
4794
3018
4488
4020
2298
76638
2319
5208
4050
30153
2742
2811
50244
2844
105153
3732
7587
124848
354474
1557
124704
186678
45105
199593
48411
107772
1428
2904
3171
5271
1815
4356
82983
2040
1824
224682
1869
4191
4062
1254
2304
29925
172332
2355
4581
2382
3978
2811
50097
4731
5034
3189
1647
2223
883407
1818
4683
260394
22245
1533
134058
3042
3024
2613
173175
2055
2004
2163
807363
3210
4215
2931
3540
5157
3348
33339
5394
3369
4662
2157
2019
26325
76785
22587
6084
2415
1545
2502636
2706
2448
1416
4536
26814
49935
3264
1180692
2484
1031892
4053
2772
1749
7632
802524
4494
2697
119697
2286
1845
3999
2148
201780
249498
3975
2433
5538
8244
2760
2550
736917
1748637
2781
3627
2322
2661
5006457
1425447
1761
2490
3190695
3624
1579197
3078
2115
3024
1707303
2655
5547
8463
21444
2823
1106466
3942
2475876
3198201
4644
29370
31956
1971
2766
1353
21309
1608
1115559
9236949
5217
9351
3690
340020
4125
6337962
4592502
3357
1473
2430
3780
1911
3183
5941386
2439
1350
3384
2517
84021
2031
2604
22239
2478
1968
343734
2424
1899
1758
3216
805098
136167
1051764
5253636
2187
2298
4146
7280706
3321180
849726
2322
3288
2932788
2535
1204560
4602
3591
2790
1965
4344
2022
2817
559953
2898
4413
2802
1629
1874559
321921
6077892
4794
1269
1125
2751
406917
11550
2802
32877
2007
3159
2109
6108
2058
11820
3543
5415
3018
842379
2964
2145096
2433
345165
1061481
3465
1440
4425
6045
3270
1878
1592853
20703
414
1920
4488
1080114
3129
2019
658461
2001
30300
21924
3336
4104
1629
2604
1899078
1142484
1968
51489
4212
269034
3426
2276646
1263
44763
4299
2793
3039
33093
1171566
38214
3678
36321
1788
2117820
2466
794871
4905
2826
4734
4059
893712
1983
2598
4863
3090
2583
3729
2421
421407
4857
1084854
1566
2052
2578455
1131
2160
2043135
3912
4101
879447
6747
7077750
2433
2727
5493
2127
911415
37782
2961
5337
2700
2535
2901
2382
1674
2154
1842
3501
1758
3608121
1692
2658
6954
3795
2082
1914
72102
2736
5109
1877259
4650
3879
3099
2934
2535
5112
2394
4465794
30984
590472
6768498
6229113
3189
962139
1635
176148
3654
18486
3366
7257
830850
202227
310236
3579
401085
1575
2355
2304
173775
1764
754551
3372
90135
4356
2319
1872
207618
185115
922968
2673
2193
3594
3513
2187
3261
1809
5589
29052
2721
3282
4400316
1938
1935
54699
5058
4440
1744593
3669
10917
5644473
2415
294348
3096
4461
1458
2565
3303
1317
3294
78924
6063
5832
2568
3027
3006
3861
2787
103737
414
1692
3102
3531
3258
3987
2226
248589
4323
16587
4305
2487
237402
2994
3561
2577
3087
3687
1833
2670
3489
201057
4542
174873
4665
1113
2427
3318
1764
2661
177219
109965
205959
3417
3231
5064
31725
1935
10212
5460
2757
2280
3720
4617
2667
49011
79863
2787
20763
289857
3138
3762
333105
3234
2382
3012
135135
3600
1530
2025
55743
1254
2688
18723
414
4383
5124
2727
2313
3669
88152
1332
189228
2697
2757
17295
2310
2067
3732
125415
1191
3438
12057
1893
2301
25596
2034
2244
432771
2475
3579
3564
7983
5130
5157
64422
3192
1704
2661
325374
34173
2328
1686
2067
2730
4434
3096
4053
190962
4140
2265
218793
2433
2199
2820
47586
23877
238197
110346
2382
4725
17337
2697
4935
104898
3105
2166
54375
4119
2676
2439
1944
43167
2907
3609
2547
18327
3264
1278
10740
175683
6180
5670
2142
5799
139110
3399
4638
3072
2409
2637
155385
14184
2583
98523
2502
5286
3858
153951
2361
3096
13698
389334
3270
6549
66732
2283
2028
132279
54747
161484
295668
82833
1998
5628
271269
4680
1761
26730
76044
2787
2238
50676
5331
32160
156744
17697
2898
2469
1917
228441
3417
4911
2136
4485
2091
202305
67770
37224
1848
3792
107424
3138
2625
2898
2988
283464
1863
4167
1428
3294
3783
4350
2619
2079
247560
714774
19668
5049
4326
3666
2319
1338
387264
1782
4335
3861
97134
181407
352533
143676
4239
3213
1782
19146
2502
75087
2298
1953
68124
3828
3699
134085
8217
2883
4086
4200
2685
39960
71040
4632
630
1131669
9741
3096
22935
194142
4662
42423
3447
3639
2994
149328
152730
1617
2031
1062504
4701
254382
8187
5139
6972
2292144
3726
3093
2907
2526
4818
108462
3852
99909
4163193
2463
2073
4230
240576
4020
1662
215721
18744
2484
3888
3055668
10099422
3570
7806
3703098
2067
5016
3009
5754
5013
1479804
2256
2068617
8899470
2415
1119759
4225125
4164
3141
2757
4182
1314
3852
1842
1140312
1629447
2097
19245
6294
3138
11559
1704291
2481
807390
1548
4170
2727
2214
34359
13856427
3825
1524
3222
2415882
4305
3924
4269
4746
4185
4800
2934
5566740
714
3126
1242
13992
3276
1083996
4194
3657
1815
1184778
1191
2262
3837
1379289
3030
571788
4248
1857
1749
763899
1578
2847
4278
3147
2826
1857
3030
3468
2849211
2670
3285
53511
126930
83640
2565
2646
4404
2436
3441
242271
226440
39282
215208
1824
5124
54876
53394
30813
2022
111564
4554
3735
2064
3612
3648
2799
2700
1926
1230
208791
78366
3405
2868
88668
69330
1158
2034
1911
270672
2145
3213
70803
1467
451881
106434
2751
1506
614679
3540
377787
1605
55143
3852
1764
42276
3036
3387
225888
1137
2046
65904
41556
1305
2304
5316
1854
3282
3384
4107
5103
2688
117471
3234
3420
151437
1620
198960
2508
4491
91902
2532
12540
2790
2178
2076
5481
1566
3450
1422
176979
60177
127887
3336
3930
2988
58302
3375
1869
2985
112344
1854
2574
3270
3846
2307
2403
5181
479481
3237
42690
5022
3525
24873
3204
4068
3405
2427
1617
187164
318636
3075
1833
33072
179034
2532
3993
2523
3447
3960
2811
3957
1746
2190
1515
21924
2526
2880
3207
1926
19293
3204
2595
200484
74082
10395
4014
6399
4443
279933
596289
36600
2352
3678
32628
84024
4401
54177
197961
4764
21807
3776130
2535
2004
1680
51057
1767
6240
1905
3129
1821
95856
170634
2049
2343
2817
2313
2592
1851
4473
4110
4002
4029
3153
3133920
2608791
16832433
1406469
5552886
3246
2046
5595
10554
2196273
7377015
2859
1875
1737
2323269
2934
2592
1767
5496219
803535
6455370
2454
1281
89865
2880
367044
3246
1209
2301
2589
88629
2607
5298
2694
2343
51417
2454
91386
3063
157995
3417
35958
90486
1158
48504
1740
69873
12081
771783
1719
3180
1740
1212
147042
2340
4095
1716
2424
2958
4071
2109
1557
3876
148752
135684
1197
91659
1293
1773
171258
51978
109299
4689
3312
1740
192723
4326
5478
4008
2877
3210
168963
2115
3798
2355
1392
2562
2997
1428
75261
129588
1668
280134
5142
41085
4176
1395
98442
3654
3702
1629
652695
3180
2733
4089
2538
118176
3426
4851
2916
2439
3600
69972
3561
5499
144438
376779
157113
5970
3534
464913
2022
4320
205455
1872
110400
5160
2769
2529
3018
34596
5526
3867
41406
3060
307977
4341
1758
1764
2049
4407
2625
1848
2508
396624
1917
705
2766
2001
2136
256221
2193
2019
18327
223233
4221
2688
230142
2961
3576
2877
162453
2856
17232
2415
1827
4143
821520
1254
68940
3768
3063
1851
3126
2702409
303708
1572
815520
2391
3732816
2520
4794
1078230
17574
3237
12102114
5322078
1518
3093807
1095
1469652
755748
1323582
3447
4196433
4290
1054092
3348
1725
5429208
839973
774033
1098
1938
2292
2211
1733742
18410811
678315
3675
1913850
1039305
743805
6381
9354
2244714
1956
5394228
4656
3387
2145
139623
3456
3639
1758
51363
53652
2565
1773
2541
73632
2421
4812
1089
1791
1431
2844
3594
30216
2013
2457
3114
1329
1356
2490
337977
1902
2823
3216
3057
3192
301935
42138
2628
2559
2196
2715
1941
383661
2115
780177
5556
66621
2922
3276
232002
1233
2817
205776
1554
1998
103179
23460
89031
2133
20868
3162
1200
2160
1584
294672
2286
153351
2289
116277
1938
3897
1986
1548
3795
333774
1464
4227
2460
1152
53016
4866
4557
2139
1683
22452
2304
2013
22719
51348
33972
1362
3483
15960
2280
29199
216084
103011
2037
6723
55299
1383
2988
2436
3375
5940
2082
46680
5250
101595
3834
3117
75849
2775
3666
70818
3621
257052
104604
22944
73359
199002
93978
933
3681
807
51030
3504
1611
318816
190755
1887
1311
235683
2151
1419
3894
2274
1296
310863
2664
2133
2766
337023
74772
415614
400773
1239
1524
2061
5613
2622
37797
1395
1848
1077
1344
3747
69222
292569
3966
415470
1797
3636
1310217
2706
2143527
2082
4815
4113
86742
3201
3438000
2961
1290
2268
20815629
11472
1584
3849
2487
3531
2595
3093
2178
1447719
2976
1815
1761
1821
6260457
18783
816
1612329
2334
1545
4770
2325
2268
2493
4785858
1521
2322
1356
1623
3069
3681
3600
930687
3363
8638662
1908
5619
6440919
2553
1341
2193
2556
75810
3939
336672
5509197
34125
927612
2796
93549
4806
2580
4086
4158
5553
1893
22566
86337
2490
2016
600
1593
3036
155514
2760
1773
2271
1701
3627
61236
3660
1758
53226
2775
24276
3141
34509
18756
50838
1929
2310
2058
37176
2637
2331
2844
3873
2814
1875
153297
2460
2049
78582
42648
1368
124320
3504
264723
159642
1908
18114
3009
4218
31560
233085
68463
16215
1440
3699
1596
1821
77727
1095
15066
2256
926247
3162
55713
3180
780
5118
93660
103050
3009
233097
2313
3705
107358
3240
18285
3162
1605
2709
14691
5097
4209
2574
108990
4581
4041
2760
4032
38484
5133
33672
5040
6678
1740
180315
2109
165798
3162
3369
22476
32604
3858
3105
3453
2352
1827
22488
28926
3018
2085
4956
2463
242160
205914
164145
2703
3609
2238
222489
18729
2052
159855
3966
5160
1317
6291
3708
2322
35025
4812
3255
1245
2316
49290
4398
4287
4371
14874
2697
31809
55113
5868
2670
87285
69192
1719
44706
98367
1722
3108
4239
82077
380610
3354
192795
400443
2775
1566
3015
2847
1479
6852
1446
1752
3006
4398
94323
3018
65940
2619
3909
2352
2256
987
933
3144
2280
4611
1500
41940
1308
252861
4557
3291
265191
59880
2940
76614
4659
2565
29106
2880
1002
417645
55869
2028
5286
4740
3591
24120
2295
4833
2715
2886
422961
3141
3399
53466
33096
146730
74997
3504
1197
1311
1827
180255
4572
3444
757041
293217
127476
2088
1191
26379
2187
5028
2787
2622
924609
2436
1386
4293
866472
3621
1893408
93006
3165
10779
2625
1166916
16296
1230
989433
2214
3438
2715
1602
1578
1119885
150798
3318
187623
1192986
3162
2067
5106
5385
1322598
2164035
2850
2621943
20070
1863
6285210
4398
3105
2112
3228
105594
2256
2718
1692375
10731
1956
6477
2455086
3354
4324731
2658
10866
2734989
3636
975
1236
7716207
7508010
29316
47955
21567
1938
3591
2673
9619782
21597
1263
1806
2655
2331
52653
4704
1608
14934018
3015
2172
2429643
3345
2256
5872026
3198
4743
2340
3072
42906
532920
1536
1836
2508
4329
19851
2198763
4170
2442
2688
2254962
4249545
4317
2541
2796
5427
3786
46125
1225425
1908
3855
2101008
4281
1119
2662716
4500
1810941
2172
1401
28170
4293
3464928
4128
5088
2232645
79491
4032
314349
6432
414
3099
3729
3834888
1317
960672
20184
3396
311136
3228
2652
2163
2208
27573
2154
16932
2256
1650
43428
882
4764
2515065
1875
3687
3378
1713
4506
2844279
3021
23634
256683
2256
4119
7696836
1171431
1038
147477
181410
3473349
1758
2310
1854
1893969
55647
5550
12267
2207907
2125314
3399
3987
37587
14343471
1080
5964
35001
2514
262452
147327
8976
55980
8493
1779
3552
2628
1157826
2256
3549
2739
1959
177018
3189
194250
215163
2697
2427
3399
166242
3339
59796
2136
639369
74508
2322
7035
3102
1596
20847
2778
1431
1254
3444
3990
84984
4242
5508
1878
3057
2187
1119
8883
3924
3621
1818
1048824
64914
2388
2457
6333156
1506
16311
5665869
196977
3246
6981
3348
1308
3522
6627
3591
4035
2892
3780
181764
77373
2532
3174
204282
1785
438501
2931
3813
1683
41091
2346
1695
2661
3300
2109
2952
76017
2868
753
2895
59298
1269
2436
1569
2262
2769
47895
2796
2748
3120
2007
4428
4284
8433
16476
40152
232569
1449
3030
3690
261186
139905
3828
5883
5214
33414
231420
83583
91917
83943
43989
2466
129963
7776
2292
267165
110907
4080
2364
21546
3234
3639
171819
2130
3228
43194
5046
1689
104304
5322
1593
1608
3162
1362
264762
1452
6549
20439
3831
2943
14718
2628
2907
537819
140760
133131
1986
3039
1674
1854
42480
2340
9339
4248
3852
132855
2838
5199
6084
4020
1599
2046
78525
61725
1428
108747
66438
14388
4947
4419
2889
1800
21369
2232
3156
1722
82773
2193
5661
3249
120744
318303
2298
1872
3012
20586
1911
219645
48534
116649
2619
4437
2694
1944
39801
57600
3222
116406
3369
2460
1497
6060
36366
1485
2349
717
1479720
484566
1998
537
1386
399
423795
588
1314
2652
600
726
291
285
80574
282
516
396
468
216
1434
1389
14841
378
294
351
564
630
567
1095
12291
414
327
1227
213
1458
846
555
4349673
297
504
204
213
348
408
369
188220
573
759
1170
405
297
402
720
9630210
3603753
3660420
522
303
864
195
861
33204
894
2115
345
420
630
915
1065
1464234
567
213
357
198
906
453
744
93429
1263
186
276
741
180
525
1431
6504
762
648
681
1089
1683
1032
210
1106862
1694493
198
402
1347
432
822
312
274797
1203
267
1233
567
435
453
567
1393932
309
1641
744
372
444
453
1233
9591
366
315
990
360
291
453
393
2080428
1251
495
1929
285
1560
1599
933
3892788
573
1209
1665
297
456
471
459
4805859
537
408
735
573
435
1977
2352
2025
1323
711
1053
732
735
1218
1125
819681
1206
408
702
654
1137
639
1173
1097871
345
513
2016
618
312
180
1329
1710897
1362861
681
300
555
513
837
495
287508
597
354
678
435
2385
1308
897
8835
1593
195
1563
438
288
366
516
818100
294
756
843
1716
273
492
528
17527743
4369602
1105194
873
624
216
195
297
1214706
1722
621
267
372
285
1125
966
1920012
450
627
663
483
453
201
855
3428199
221379
858
858
297
282
267
990
72711
468
1569
207
660
345
1614
399
52749
969
753
2655
816
405
2871
1413
40500
1233
927
345
345
1830
663
1746
202617
285
186
864
849
1803
861
291
703158
840
684
1155
2028
1053
300
1005
51312
708
915
1314
1317
930
1209
573
17118
795
423
2169
567
453
693
1062
364590
420
288
279
291
615
588
315
15720
1092
441
423
4248
204
726
312
19560
387
366
417
1725
378
807
819
15297
1500
369
969
453
1392
345
417
45321
1599
300
1062
558
600
1014
522
27174
279
1806
288
183
1236
1815
612
80724
723
555
1149
282
618
714
819
474672
861
288
1428
612
825
555
1191
216381
195
399
1473
2715
786
1002
423
180960
348
930
822
618
1290
1146
1824
246570
1071
303
378
489
315
258
1449
24945
357
195
177
291
2202
1056
972
22047
1128
996
609
1221
453
549
435
143748
2331
567
831
294
753
672
786
84144
936
603
435
498
978
1395
393
306276
594
306
630
1245
1131
279
987
244866
1647
618
828
312
678
633
909
13476
2520
528
858
825
423
498
297
180480
180
528
774
609
945
924
1191
58806
897
1254
1122
714
438
483
201
2529
1221
270
534
513
969
387
378
81141
444
447
1371
330
2151
972
1602
74790
282
543
360
1137
450
300
444
10797
744
216
462
714
195
195
1266
18336
573
984
1461
567
201
300
1170
349494
669
825
1179
813
2037
2031
420
168825
978
405
384
567
297
1188
513
40482
834
183
894
207
891
663
1557
55863
276
330
291
459
900
363
378
79749
285
393
189
354
984
1251
945
53832
468
204
1014
807
2955
309
372
213522
444
378
390
570
294
2304
291
32154
1743
822
783
1092
399
843
1353
217407
2421
375
471
297
273
990
1185
110244
375
2016
1236
645
375
2610
390
30384
399
741
852
1284
267
369
2709
36321
312
303
339
630
690
843
963
10368
192
876
309
591
186
1716
435
172365
381
360
294
924
291
411
1968
99561
501
1503
195
288
423
1449
3762
103932
360
546
807
1248
1428
267
378
201588
1401
432
1386
873
1128
1209
1125
21852
366
471
402
189
1497
1557
348
361020
393
408
804
549
507
1125
804
62145
1236
756
2154
738
1665
1722
672
424233
870
1752
444
219
288
315
444
19539
744
546
510
849
624
1203
1920
208311
540
180
411
201
300
300
636
82398
12771
282
1191
726
834
204
393
3285
861
183
1005
279
981
564
291
312156
432
1530
588
462
516
1431
534
1086
597
285
513
1071
1215
1020
819
43683
1572
177
672
1197
264
1101
732
329178
930
867
486
312
732
918
255
810312
465
525
813
294
291
423
870
2605035
597
180
288
471
291
462
303
120636
528
1833
444
930
201
444
390
27675
540
714
303
1230
306
357
1725
47427
1113
360
276
1719
453
603
366
118059
486
270
1092
1626
477
507
948
3119121
597
222
273
654
2109
537
561
934356
1749
219
1755
372
471
348
342
313146
546
528
507
2913
429
720
546
1125195
306
1272
708
1665
630
669
453
17006379
1379082
423
969
1434
1419
495
495
1514508
273
1668
639
942
564
498
699
4055499
30444
375
1059
1758
285
1572
288
2495511
360
912
366
1170
402
1032
756
19941
276
474
381
1662
363
720
279
72573
354
387
210
369
1089
750
855
1097370
384
606
360
702
525
264
1071
219
1245
468
537
1869
273
198
684
675705
1092
948
798
696
714
1407
387
5078169
2325678
444
1260
390
675
387
639
5508432
1405566
456
384
180
273
1884
378
5874
375
453
1011
315
2628
693
798
5837976
279
465
531
435
810
477
1359
27264
552
180
204
18000
453
768
204
77994
546
201
963
1131
1572
309
234
61554
384936
309
531
384
774
390
1590
57030
465
600
1458
981
558
837
411
433956
603
621
609
441
1740
438
1110
95712
552
744
1440
702
708
639
504
732621
174
207
519
276
1182
372
1815
19830
798
924
345
417
360
366
654
241935
555
582
639
375
213
360
1392
20607
453
648
681
198
279
1536
519
95901
1371
951
555
405
519
1797
450
86694
195
402
531
375
351
615
480
45159
579
828
303
390
726
438
837
274008
1248
1059
582
2733
435
447
462
1359516
852
1235694
2100
817569
300
186
2585394
6022761
1376274
279
2130036
1285650
880836
1065
1925577
862905
1476
579
1402452
1134897
213
1179
174
16317210
1154727
71085
7866
3089598
2721234
192
354
901275
183
198
1008
1335216
3957351
149673
198
17082
1323
663
117399
52458
34011
82428
825
224448
528
99027
343947
489
42399
972
180
31047
25284
34728
399
1740
83205
483
53100
5487
618
867
388047
3639
1470
17769
134397
199041
18546
135189
891
4605
954
441
87801
202173
119445
372
1401
155304
79722
7179
1257
76656
501
645
266289
213555
134802
162369
198
47739
15159
51156
79764
10464
171489
100806
693
80211
244332
7647
141195
288
177819
119292
94743
20865
114228
28401
87900
390
1947
103158
225
62166
35592
555
57147
129339
891
912
134811
222885
1092
207
341088
15738
198
48390
648
120717
576
49254
747
23964
711198
555
1428
145392
128412
180051
256791
28776
35346
211209
909
639846
781491
2274
288
669
2633226
960
91266
272361
276
1374978
1692699
372
1021221
282
942
319506
1083945
228
199917
16002429
5896449
4593879
1152
1171929
5722980
462
255
830691
858
1497540
195
5447655
1377
486
840
1200
1683
1462926
183
14940
522
465
5819817
6870
109770
387
1008
99015
4476
318441
2451249
146367
1008
597
660
54168
352356
924
183
24360
435
771
630
26091
94248
51030
78888
152832
20985
306
54645
38583
66423
17238
189
429
120891
153618
81609
228066
44667
2538
915
264
167739
627
310044
37698
918
291
2934
508566
258
900
1722
115137
160839
39942
174
870
2628
813
315
211182
930
435
40239
76215
612
801
471
1554
207
89877
75378
124614
825
180
282
351
384
474
393
81747
744
186
49737
609
747
121386
30225
879
4851
543
444
206334
1002
3873954
204
174
804
285
1257
293214
831
1285176
298677
600
33030
1269
828
5568285
928512
252486
882
6972
792
48396
360
106158
459
45132
441
351
639
741
68355
284340
42225
78174
198
1095
741
444
42831
95673
201
537
795
1671
207
19413
14592
26469
642
720
146526
39825
354
48972
618
98217
1236
186
144714
180
129666
336
263109
63297
1077
1365
360
50706
276
18954
150867
133677
14970
726
1167
103869
174
1038
34200
481146
810
404262
161079
195
14283
2853
45132
212211
101493
220509
297
48867
294
103539
720
37200
303
306
648
14532
576
36708
1809
24243
27399
957
1182
798
906
204
777
17592
116649
441
441
804
42945
271065
50295
92334
64440
270
90453
564
546
1098
285
10869
1362
262977
180
219
681
447
66228
108849
186
46386
201
20289
480
543
143817
32391
33447
915
633
396
180
768
452094
551583
58008
381
438
222864
801
92505
227133
139539
207
469920
741
879
89379
198
816
92946
333
318570
192
912
198
20886
39741
20535
112494
106710
936
351
25026
831
76905
243237
59727
14766
1264476
1686
53142
459
33360
741222
555
17949
62364
561
543
720
15354
174879
279
2658
2571792
3403695
639
738
666
63558
579
564
48639
62316
378
900
276
146016
1359
15120
746181
201
660
31752
1635
460455
456
871908
37431
531
312795
22164
189
2188629
378
824154
15735
3225
1749663
63144
348
141711
600
1404501
813
18189
28455
4726341
243
39789
1066041
171
17938137
258
17337
690
192
393435
1034340
306
6018651
166077
447
204
1845
2466507
531108
4788
567
6741429
3090
682071
252
15516
477381
1308
474
20703
759
936
474
1135131
900
291
192
4559484
201
10140345
251343
21828
210
651
30276
480
816144
183
1302
872535
2924355
1796487
830961
7470684
1002
6546
433227
75546
2094
27501
339
471
195
1074
567
3325284
216
4596
186
1042731
1449
3006
1413
489216
1177062
1536
1820772
1858236
786
378
1185513
1908543
201
1095339
63486
799077
2999508
831
107022
873474
438981
5382531
1260
210
450
450
309
307755
585
756
663
813786
300
552
492
453444
624
3038496
2009754
21771
1407
798
807
1158
753
1002
606
285
984
25185
624
2013
804
1208115
459
19608
2082
18027
282093
21366
833487
474
630
1515
1260
23115
1305
19344
3879
336
747
441
105684
1245
187431
3394362
927
99255
1923015
1737
342
1038
1182
705
13065
174
408
171
186
543
426
3942
681
1086
2232504
327
2505
17223
2083965
21087
291
276
59361
626424
183
5922
978
13646025
522
213
198
94074
124848
42432
3132
62757
91356
885
936
28008
384
42753
1353
982008
189219
1815
40785
101643
19521
16701
1578
224814
238761
1539
148407
1173
810987
577089
610065
207186
396
1347
4386681
36486
606
537
264
7567938
20931
942
747
25812
25674
807
231984
38517
552
465
249
420
954
396
909
36636
1050
275082
198
303210
143787
272940
58506
18405
282
17694
324471
441
1191
741
357
43344
1506
201
31380
30315
270
43800
675
7797
2061
101958
306
372
57066
234363
696
194370
561
105108
138714
1770
213
354
465
68265
1254
1761
885
229575
171
11040
1251
251127
103707
48168
128001
189
351849
196611
186
141069
1980
483
43188
180
155964
615
32367
4269
149625
480
465
111678
732
228
114342
53112
354
64935
522
72504
15543
15213
357
24351
198
291
66888
1041
435
15768
1050
119199
183
37452
792
546
181203
92268
416637
34098
717
1164
79287
195333
42792
201
381
17745
1344
21930
308835
187296
60537
258
1098
64416
438
498330
1371
468
16011
19437
278697
127263
24888
206223
85014
558
1047
645
540
148800
201
22476
2076
16020
62103
816
630
57666
426
141699
1251
1278
15672
30798
738
117051
1683
840
873
657
669
1167
24822
22818
1146
306
459
110571
214845
30324
561
347637
601944
26103
414
13284
32331
269268
225003
241587
47715
15294
918
480
2214
57672
37797
51054
58464
54888
69804
50673
165297
204
1353
46935
1065
771
210
213564
198
204873
651
208581
386769
26934
189
94584
207
213
369
42207
372
5181
288
197421
795
212814
172983
67173
814236
354
38469
1698
1224
282
47037
21990
183
762
269343
18528
777
918
67422
1365318
264
798
963369
393
1521
198
205806
894381
735
171
528
2886
3484026
41406
186714
1096119
558
459
16809
3072672
213
6517833
156
808953
1373601
278445
3749760
363
1290327
285
1044
202959
528
1527
444
540
1224
1848
306
1467
549
519
531
222
273
1119
1839
600
645
441
525
267
543
309
798
276
309
303
654
996
1044
765
354
963
1410
321
606
186
558
1158
1986
300
1458
297
702
972
621
1155
828
285
669
510
1782
282
759
654
756
2109
2001
894
807
1131
312
303
303
567
1872
315
609
1425
195
285
558
570
1353
1077
837
2310
297
285
402
219
1122
2430
717
216
657
279
2376
624
201
429
1014
474
1308
1461
384
381
708
495
276
624
306
3774
2445
1032
3750
387
891
741
282
516
471
456
837
555
1038
525
543
870
738
303
933
558
1344
276
984
630
1041
201
309
495
1545
522
978
2301
354
1209
285
303
1926
1023
297
3237
618
858
717
333
657
366
372
456
291
1284
300
1179
369
303
309
288
177
594
291
312
183
468
1104
291
1560
1125
456
639
588
549
453
1197
813
486
546
528
414
597
1341
864
273
312
291
285
798
1572
300
456
582
1170
741
285
291
2397
1197
300
282
342
729
270
264
609
1503
648
405
528
468
567
540
1125
534
2583
429
1041
297
3882
174
456
1497
522
1950
849
3132
288
345
423
1389
606
774
267
381
474
366
618
951
291
603
396
342
282
288
492
2898
1092
192
759
1620
519
543
375
621
567
570
276
948
720
174
78
684
849
1371
522
582
282
1392
2292
525
912
1212
528
747
312
1029
579
570
471
336
639
510
297
183
1053
717
1647
372
1185
498
654
687
1317
384
1401
1485
777
279
294
1905
1386
552
780
1374
474
1302
2007
732
972
405
828
357
432
696
405
297
708
867
1590
438
303
306
20892
357
915
441
870
351
798
375
1410
210
402
474
441
519
510
627
360
1467
399
291
270
291
2547
549
2409
288
561
1368
609
1746
918
444
1671
1161
474
402
711
978
1074
291
708
555
741
453
1083
189
717
393
909
255
903
795
288
855
441
582
342
1872
411
363
177
1083
615
1107
1059
1599
1311
774
1626
459
336
366
366
591
714
2055
801
1146
393
846
657
1740
204
1392
285
846
717
1071
300
795
288
798
390
1236
447
867
294
726
372
1170
603
192
867
399
522
303
357
300
1482
630
498
924
477
822
525
3141
795
351
942
888
2922
549
822
1317
378
693
1080
270
522
279
1053
372
1446
345
915
912
345
345
288
1272
1830
390
348
423
303
1068
591
195
966
381
981
552
1155
747
267
612
1302
696
798
837
1056
993
195
579
708
792
210
3216
393
822
357
585
408
558
945
1044
1572
1611
633
627
270
720
450
570
786
462
204
771
462
1596
396
1002
309
612
888
540
519
489
1062
402
360
1215
1266
711
636
1683
921
330
489
2265
936
309
798
888
255
954
693
726
654
567
213
618
735
435
1002
315
480
3300
1014
1524
543
1650
1395
723
624
471
1194
498
471
279
435
297
210
276
420
987
405
459
2127
1059
1362
378
561
306
825
384
375
555
1509
300
384
1383
1023
777
1206
870
873
402
1536
375
381
393
1512
384
390
1041
264
615
387
948
669
291
288
702
321
1089
441
1179
522
1902
858
678
765
861
681
1860
447
2439
312
1164
576
531
870
729
618
2940
309
798
666
795
537
1266
375
543
762
264
534
1227
636
453
453
900
303
1071
1926
1074
273
753
888
894
480
594
1359
1137
351
486
1176
285
396
465
300
402
1803
1323
909
3030
1161
609
1329
2121
1560
489
564
1920
285
408
432
396
492
1407
606
1419
384
897
816
606
345
288
807
1647
279
1230
363
264
336
624
1767
396
393
696
579
585
1155
216
303
1962
675
693
480
804
309
378
783
300
516
906
846
204
933
1080
1683
555
882
1917
282
549
1425
1977
378
858
603
582
2838
1188
231
297
759
978
858
2307
423
918
555
702
750
480
1272
264
573
1077
1290
1335
288
471
1719
396
456
267
1578
315
522
348
1161
585
279
540
3015
513
1017
411
288
906
720
1830
297
1080
1791
564
741
714
513
606
1812
1209
270
720
2076
516
954
198
588
303
744
297
396
1128
588
522
903
2319
459
624
378
1011
474
312
276
1182
387
408
399
633
2679
1677
222
309
531
567
555
540
291
1095
450
297
300
747
645
579
1107
720
759
432
708
459
1176
1086
285
429
552
780
564
507
558
276
510
288
219
258
657
381
1041
492
483
1080
570
579
420
219
198
678
921
180
2517
192
465
288
414
282
285
279
291
1584
1548
927
534
384
1068
282
309
1266
801
384
630
303
777
288
534
294
1554
510
738
732
783
639
1158
198
201
915
276
513
711
576
648
891
573
273
543
789
723
282
762
882
555
1065
1041
558
816
561
834
567
303
840
1272
285
1836
294
378
1011
1356
1146
1041
270
1182
285
384
396
429
1233
1176
1767
504
1158
525
630
303
312
1827
846
1344
294
1110
846
1491
270
264
897
1194
459
1281
1215
273
309
291
861
282
681
474
828
798
567
264
495
951
312
369
402
519
2826
822
528
270
936
408
930
693
1143
303
852
282
1443
951
474
2421
540
384
264
300
375
1104
651
612
906
291
294
714
1113
1083
465
1152
426
528
1044
798
657
852
1203
1197
444
1422
846
429
822
1548
342
51825
207
480
606
285
2289
73251
744
549
204
1584
189
369
333
483
2157
270
837
309
171
216
1017
229320
795
1749
384
375
1017
285
537
332886
579
570
336
450
1173
195
294
113517
183
435
489
474
204
204
516
84234
672
195
642
1857
900
168
594
396
672
387
1383
186
204
183
195
29130
1335
246
189
294
183
1194
186
32373
432
1233
420
441
192
468
300
2724
1005
210
168
357
966
348
348
54687
657
186
1422
387
360
987
453
45405
186
720
270
2433
942
1464
1098
149733
1353
186
1686
531
597
759
393
17916
744
201
447
189
339
1116
537
26088
501
912
567
294
375
189
1437
3795
183
429
255
885
420
1029
189
513
882
189
192
279
192
360
990
1839
177
921
195
450
183
198
306
1371
297
2871
660
390
1176
294
255
405
786
405
708
186
669
198
174
207
288
1059
174
729
312
630
909
219693
441
672
348
1371
630
189
1200
708
549
213
981
189
1383
1017
630
47331
186
669
1167
264
201
405
873
387
1002
846
600
405
594
198
555
6393
309
174
363
171
981
189
201
142785
453
819
207
840
1101
459
2433
110868
561
174
1545
411
618
372
429
191028
462
297
369
558
198
606
1158
166203
273
807
183
189
1989
393
219
312
2169
270
453
438
612
585
192
208512
174
633
189
924
207
438
1146
174321
210
2049
192
339
984
291
561
1008
303
1002
384
1425
174
873
567
210
189
1626
651
189
696
405
1245
258
174
453
261
711
2106
177
201
1305
1674
177
1458
576
1575
405
915
1224
387
417
699
1257
630
636
2745
822
186
189
363
927
597
192
195
213
648
207
171
807
492
1890
1242
85449
198
633
618
426
906
417
192
7398
375
738
2088
2430
522
1134
1668
158154
282
264
213
480
432
192
948
16686
288
849
189
429
1257
207
513
17700
195
210
534
204
1023
246
465
337488
996
180
1344
177
402
192
372
49332
264
189
2772
186
306
1668
2214
84063
1329
423
192
1458
633
960
1128
52821
1005
186
747
660
303
1038
294
102999
2085
357
276
300
570
762
189
3827478
729
189
408
168
435
1251
741
62724
1746
531
714
423
189
1386
204
48723
1488
504
969
675
1497
2502
882
18477
459
213
186
2277
294
195
192
12333
303
570
204
360
609
426
900
76467
702
795
2961
1341
510
192
465
69975
189
372
213
795
168
192
201
3077211
198
864
495
291
540
516
630
1270770
354
522
1119
639
174
1098
213
1129095
924
564
693
1062
180
765
189
191418
204
702
597
501
822
687
585
1913331
1086
2520
930
279
273
186
471
14055687
833766
471
1308
1038
450
264
930
1436586
798
294
192
2184
195
384
1218
657
351
180
444
2298
312
168
465
294
999
321
651
699
459
213
345
660
690
363
345
195
2436
513
192
1351758
1017
276
975
522
333
399
369
4101570
1281
264
198
279
1116
258
207
2187804
186
474
762
807
252
279
351
201
615
1212
261
2262
201
300
732
304575
267
543
837
618
531
192
1584
20934
1110
1098
357
177
624
333
192
1245177
279
600
570
408
285
171
771
294
402
756
192
174
183
492
372
312
675
189
267
375
189
189
489
2031
699
948
774
342
264
210
648
198
888
426
864
870
405
186
498
657
375
294
177
1080
1209
909
1404
273
459
348
1209
330
900
717
735
1152
219
192
609
846
189
2109
435
210
2052
426
609
462
696
204
423
1068
450
465
249
210
681
207
390
549
207
1689
240
1212
759
348
336
174
624
738
597
2064
192
201
195
432
774
168
288
615
1236
1122
192
1725
1017
183
345
291
1392
288
417
390
297
258
183
420
786
204
189
759
183
189
186
183
510
495
381
927
1959
540
201
285
180
186
192
891
258
924
273
189
351
174
618
207
1314
204
207
1362
1710
1167
252
1917
210
903
891
1332
639
192
192
174
507
180
447
1206
468
1353
1347
3615
798
174
618
342
300
2535
726
210
870
978
267
714
426
276
207
171
723
1035
708
939
606
552
210
345
279
279
198
603
585
498
186
363
561
423
1464
1356
1008
213
198
969
1104
465
441
657
210
633
945
492
315
933
1437
633
450
957
558
498
246
3120
1557
672
207
1086
765
474
1257
501
276
270
186
195
297
177
186
381
192
711
1713
423
2541
207
213
198
285
303
348
516
366
447
762
207
195
807
732
204
855
378
1326
192
720
180
198
615
267
282
2550
1176
1608
204
213
204
201
210
591
498
1635
186
780
393
264
801
186
711
207
819
1890
1791
183
192
699
903
384
612
192
351
702
213
618
174
1434
1623
1593
195
189
18129
870
1620
417
981
564
1824
183
282
633
417
639
561
666
519
588
894
456
195
711
423
171
189
267
3675
189
555
174
306
201
291
195
711
249
1350
300
453
1674
189
285
393
408
1890
207
615
444
600
456
1131
555
315
381
426
186
390
390
750
831
204
1305
525
348
216
948
621
762
585
1008
216
186
399
540
303
345
183
453
195
594
672
432
11839926
192
540
1350
147
801
858
189
417
2526
951
783
786
306
1512
1188
1689162
807
531
246
384
192
1491
216
583500
1383
201
282
540
360
186
924
5867928
366
297
1014
384
276
210
2370
3213
1635
1341
453
228
2004
1671
501
435
504
282
822
192
630
393
573
978
1173
273
462
828
447
1077
549
1233
774
669
390
444
771
456
720
336
1326
303
288
894
1614
516
1071
525
501
336
300
1008
888
219
432
1128
942
879
1092
1209
186
267
273
699
951
897
369
1002
822
435
303
633
606
768
381
450
588
288
591
3273
276
2295
357
306
615
978
372
465
513
1743
288
1362
621
513
1878
468
1512
441
1494
693
555
852
468
789
720
489
975
279
204
579
882
363
369
1053
558
1398
567
381
867
741
1200
777
1134
666
285
549
399
303
696
1896
1068
282
633
306
507
915
729
726
609
282
285
384
534
399
846
855
399
408
480
942
459
342
513
1338
792
495
825
498
1332
309
1875
315
291
399
384
618
762
1059
1275
597
570
387
384
663
444
546
1752
462
495
1023
582
990
708
1095
369
192
978
342
756
714
462
390
1242
1377
399
636
936
381
291
216
576
441
180
750
399
951
456
309
438
1023
1347
459
423
789
444
921
1014
1320
357
561
351
1542
2409
312
219
396
804
378
303
504
276
570
549
750
387
207
528
669
312
558
621
309
366
444
1599
282
1638
1218
558
288
906
555
513
948
303
513
465
306
1254
399
1032
915
309
624
495
1758
288
3276
594
1095
456
351
1116
1092
810
1605
663
297
654
300
387
1365
1578
1392
378
357
177
552
303
1119
561
474
591
309
978
708
291
285
828
510
2613
285
174
948
873
1287
177
615
285
1386
1242
1002
996
267
201
564
696
837
2019
957
552
594
378
306
1032
366
558
1644
285
831
1740
1455
276
822
1209
282
1203
1125
285
870
2076
612
708
1857
1287
855
1200
393
1011
540
387
369
270
1818
489
837
636
1176
456
273
804
780
1590
1053
291
456
1380
1044
711
612
756
294
474
1026
396
288
291
660
1077
552
1353
987
900
7341657
498
555
591
1374
261
180
447
978
759
213
621
414
270
978
630
528
651
822
399
1482
519
771
282
1053
717
306
642
810
744
801
621
297
399
564
609
618
1083
591
1269
360
552
882
843
792
396
600
477
201
348
267
1752
276
288
687
825
1008
390
528
1872
387
339
672
378
357
912
2802
690
198
576
294
588
618
381
378
303
627
549
528
663
300
531
1071
657
384
417
474
534
183
714
414
285
1200
660
1485
396
795
1869
291
276
1173
2157
831
291
306
516
291
2334
834
774
297
567
651
1017
1038
561
552
519
387
444
579
1107
1275
1008
1254
207
855
363
393
483
363
1221
564
1476
435
789
306
450
516
507
198
402
843
1323
195
804
819
429
1440
510
210
465
522
261
732
1242
408
213
174
1890
1557
525
384
585
306
351
636
777
312
705
1215
645
1920
2109
3732
357
420
201
621
759
504
1413
288
531
1128
402
1080
498
450
363
375
486
471
822
624
210
294
474
552
1110
945
732
471
189
450
180
807
315
1194
774
183
372
1518
381
270
1611
1413
300
750
276
735
897
291
390
1038
300
321
816
660
552
702
735
951
303
717
588
1053
366
1128
978
1701
1770
834
627
1044
693
378
1248
1164
186
507
915
567
450
675
609
612
414
288
807
429
756
426
318
612
480
432
816
1470
756
618
321
1353
273
1032
2628
717
927
342
897
279
282
534
495
354
2556
948
441
519
351
381
249
462
1866
1311
348
2157
822
501
573
489
294
1059
774
1752
351
813
177
1041
501
177
744
270
276
870
534
621
819
1722
2271
414
1614
387
687
582
504
816
303
396
432
555
366
729
1131
618
513
1077
2235
939
489
1119
753
564
420
1014
579
1392
1209
1524
1035
579
846
288
279
312
495
474
459
594
1575
1476
627
864
765
729
1341
888
465
1011
534
840
447
309
735
291
477
1188
534
198
1737
1329
198
348
300
201
276
1500
264
1962
492
252
1176
696
486
1020
1239
519
393
777
933
534
435
621
561
651
1077
666
1674
735
1203
297
297
447
543
180
954
405
450
1074
459
354
924
1659
195
318
648
705
459
1089
1116
576
945
444
1266
717
2100
393
2559
216
1485
462
1206
612
711
2433
768
702
303
561
456
750
753
189
474
708
870
798
2850
264
489
630
966
948
723
1311
618
528
282
747
366
369
486
315
1293
2328
768
171
423
192
420
1002
1563
528
681
1635
1215
1020
360
489
387
1014
1716
225
564
393
477
465
723
405
465
885
351
1050
288
306
462
1260
438
1245
306
294
303
372
624
450
3588
198
309
2649
528
684
372
273
201
1134
1515
261
297
1176
1659
1179
867
1338
2889
519
639
345
849
1005
804
303
1548
447
381
354
357
786
306
195
891
630
855
624
1320
1257
729
627
699
927
1683
798
219
429
576
825
303
531
2073
729
198
462
297
549
522
174
603
360
1365
2877
198
759
921
453
837
744
765
1026
1182
2781
462
1479
288
456
906
612
1590
279
678
567
720
402
648
750
363
1809
846
1842
267
783
696
474
1638
1362
1161
705
480
201
777
2400
573
183
1281
489
651
777
1578
462
450
1899
552
774
300
867
288
687
1476
294
399
507
573
64410
1953
621
453
552
561
300
666
1137
197484
95337
3126
2631
26196
124575
106185
2898
2295
2424
4092
1689
1269
4044
2421
37425
1761
135255
4533
1923
3078
51438
3885
2502
4542
2988
158655
81687
75891
86511
2637
13185
4878
256374
34992
1989
4182
3561
2055
2067
142479
1704
3216
2508
1464
98898
45570
2238
3270
1833
2841
28572
3252
488670
2274
4380
2865
1938
510312
47775
2967
117120
2463
79713
2526
46701
2268
118383
3903
34554
1791
132639
3330
175857
75522
3708
119037
2346
2520
2685
3054
3018
2631
1728
29043
1560
879
3246
5685
4272
4170
23142
3210
2073
21306
224109
2028
2403
1620
35046
3189
762651
189141
40746
3948
147732
2265
20298
114921
81600
1749
2439
49938
2802
1995
37647
3327
5208
2688
35085
158940
1344
4479
3150
4254
3306
2529
1914
161190
1449
4215
2604
90888
5904
88968
18279
1770
260991
1170
8115
1074
249570
2340
4935
816183
7332
2373
2718
2694
179925
243057
147597
4389
1242
5295
27033
1494
194406
822696
2418
32922
1989
1563
1761
1209
2232
2607
75795
285378
2757
2859
3135
1242
23061
5271
2470860
5010
4542
2916
2130
82683
3351
26418
4284
5663451
1314
1539
1970622
1206
1900839
2445
5091
2112
2241
1962
3132
4615722
4017
3554229
28713
2133
5334129
1922688
875022
593835
2160
3831
3849
3852
3285
1119654
2751
2499
2655
6265035
1099461
1620
3422580
882384
3018
2742
1934811
2436
802458
2508
2847
1923
1704
2637
13413
11565
1569
18896934
7007013
841179
1677
2445
2430
1167
1890
2409
1406685
3483
2139
2727
2943
2832
2373
2601
1305507
62694
2984595
2016
246879
25638
1515
2853
1761
2370
30741
2634
19326
195798
4236
2529
3687
93504
3768
104967
3204
2349
2883
6147
1503
63255
5709
174708
73710
2727
3480
2628
592974
3816
3297
3189
484602
1491
7884
270015
2007
3237
3273
18162
3015
23013
164877
951
1779
236865
56205
3840
2322
1944
3027
108588
1266
309867
1944
2034
4218
33789
219639
2007
3423
635202
1401
2550
60564
2469
4287
2340
66324
192027
1995
4116
6399
103059
2394
5352
2598
197790
2925
1227
1977
278199
1782
285786
173676
3753
6423
3447
1545
94491
2355
2433
3435
2754
3093
3492
17478
2169
205392
6099
2535
2991
22173
203670
134859
2334
182886
4533
2553
3426
1362
202764
3843
1452
2289
1746
1167
2910
1485
2817
144471
3678
4296
3858
2967
1605
255339
513816
3111
3546
3030
442656
1293
3857442
3528
3024
2157
2799
48714
4080
101556
1209
3265131
2460
41490
907800
17898
2232
3819
2022
3948
2493
2670
303387
19542279
47055
1263
5536308
2184594
2187
3795
408456
2625
3192
3924
3540
2940
4794
2769
2994
2400
4941
4308
1138671
1602
1506
3780
3627
1743
1455
6584628
6117651
2208
2031
5235
2199
813117
17898
3957
3426
4911
3216
3414
4233
3129
2991648
2292
4368
2529
4259145
1779
73506
1629
16194
2550
29115
79236
21018
2448
225426
2100
2925
24618
3723
2454
3411
2064
162510
81705
2223
82581
4551
81057
135984
41712
3537
4020
2856
2211
1857
220056
38049
1602
20466
19194
3105
34248
3882
59688
171756
1143
1539
94863
167307
2931
16977
5037
71007
44955
2325
20115
102597
4152
1746
2787
1251
5154
2283
3378
77586
50856
2808
2250
180
4626
3075
4020
189123
46980
205896
3090
1431
3033
28737
3558
4362
2505
3852
1893
2754
4794
1800
2913
2514
58266
2595
3609
3369
132609
3177
4503
3867
3357
5556
119139
3246
79233
5436
27969
22008
2178
207003
2040
138123
2976
2400
302844
265077
3006
4788
3084
111270
6732
2856
4254
2457
2376
104715
1599
2589
1425
112881
32376
21945
2874
4620
5583
5550
24255
1608
14013
4560
1950
2655
3453
2856
3054
1380
2313
3333
1680
22749
151068
3045
562530
146676
3492
2295
75942
4428
145431
2346
4371
43029
2898
2604
2049
22269
1884
3396
2979
1635
3603
3792
3075
4230
39651
2988
55386
1530
2481
2853
410427
5118
1485
91488
28233
2562
3276
6078
99732
6237
92355
2616
2109
2223
2103
48111
3522
2580
222480
3153
2853
139023
3069
1146
2583
148902
3531
2250
3417
1269
1290
3528
4206
1467
3951
20895
241620
22797
2061726
2388
2655
2790
233958
127485
1641
2784
4161
1578
16491
2913
18384
5529
2433
1281
1566
3072
2489367
1422
56358
4396728
14658
1980
1167
492018
2136
37527
5094
824226
1776
4350
1920
390378
2144808
4551
2643
2701554
99678
3717
3366
6107595
4575
3012
118725
3633
2097
2307
1668939
3075
2841
2124
1431
2560437
1308
6286695
8510364
283269
1692
1830
3339
7186641
1830
33006
5949
4104
2571
2676
52398
54603
2184
3246
2943645
3156
4923
2211
2415
1794
2628
5649
2826
1644003
6280785
4347
2844
3297
2034
3078
6333315
7282836
8398971
1365999
2238
2181
1064034
347580
2246406
3126
6009
2397
1932
2817
3975
3741306
17655
2721
4104
2130
1394175
2445
3831
8472
2436
2016
2535
1656
1671
2538
2142
2544
5442
2410650
11340
1058487
54516
448053
2622
4272
1084938
11562
1854
1647
2757
2331
1801200
1946877
2571
1150887
3066
17925
2841
1584
25023
306420
1413
30570
2043
1725
1502667
4281
2988
3129
727881
3486
5133
1686
2760
2154
15405
4977
3099
350556
2886
5841
3033795
851346
1704
890967
6180
1815
3573
418464
4869
4050
1029
5415141
298416
2664
1188945
66321
2523
5121087
1854
2331
1749
2348019
53169
2787
7704
76836
1941
3342
1929
263043
3789
2307
7110
7014
1524
3093765
2269770
3060
2236641
2778
69336
2137680
14331771
3831
107388
2394
5352
3801
59730
2238
5820
4974
2574
3570
38664
2811
6075
1845
55947
1032993
3057
173229
55038
71820
3945
292122
2712
1524
3216
255282
3951
20424
85611
112728
12966
1857
4320
34383
1710
1725
2619
1368
3345
3477
1824
754992
128583
1845
1617
70311
20052
4959
212448
756363
2865
1392
2865
93738
2454
2385
2445
2466
4490688
1869
7525134
1857
7917
28776
2559
57198
5910
89271
108789
3366
2529
360882
1248
63750
2028
2163
249948
2346
2226
3222
1980
3042
3096
294603
2694
2568
2004
7563
1611
315483
232863
10857
1596
127368
6219
1806
2028
1554
2934
55296
2199
3531
1683
39942
1830
4539
112734
4068
1764
6186
2613
6939
4308
15522
140343
100524
2982
240696
2136
44970
2274
2202
91611
258849
3654
307293
80832
3774
260853
338469
1674
1890
196278
1833
1458
2598
2013
4326
123633
2205
3525
135177
26055
77235
17220
1908
71139
180345
26985
2877
45762
14013
135288
2472
1680
2574156
2136
3375
2670
2037084
5664
4191
880626
1005
7085205
2193
3807
5541
816426
32436
58095
40974
2250
3039
3483
2481
3873
1950
1947
3021
2547
3225
3611742
2679
4176
3069
2991
2349
75882
3126
1882695
2451
2541
1677
1998
2643
5898
4466721
2991
23478
596895
6757392
6230688
2175
2877
961371
178980
5247
13944
2778
1701
24795
807516
206289
306093
6204
2154
397503
2397
2385
3627
177426
2373
748959
2502
5424
82278
3504
2619
2871
1998
395334
919770
2550
3363
3606
2337
3882
1944
2631
4065
5499
24990
3066
2598
2964
4405017
4182
54024
2949
4968
1749855
2517
5268
5652954
2100
32142
30291
220137
1905
2064
2919
1692
1575
4215
1854
84528
2322
2769
4827
5448
2772
2559
4374
109401
2331
3285
2769
3462
3777
106950
149562
21306
2598
3702
236652
5961
4596
2571
3231
3225
3150
1629
2388
206337
4416
170001
3108
3204
2745
3651
4437
3108
4338
171597
4188
111318
206397
2751
4083
36066
7281
5979
1815
3696
2955
2577
5355
56886
75369
2493
313914
2997
337551
1446
3468
140565
1236
2433
3159
54315
2013
25347
6156
1932
3288
3114
2598
89382
3408
184434
1635
1764
4398
18555
2877
3624
130155
1929
19920
2166
29169
2364
436191
3297
1662
2499
1626
5415
2562
3003
58110
4554
2799
3102
2643
321033
38235
2157
1239
3894
2391
4107
1860
190131
3369
3273
2250
219975
1938
1965
1872
45819
17778
4287
645
231933
106902
4143
4953
23655
4734
111183
2262
59004
3072
1533
2091
47376
2769
3366
23436
2616
2112
191091
219
3906
2478
2283
143283
3954
4833
1836
2847
1845
62643
86106
21270
1989
98163
3102
5424
157023
1953
410418
76395
2055
356070
292632
1836
75375
2211
3417
3222
268572
2073
3864
108270
54330
2358
7053
31497
152805
21411
2946
3873
232998
2280
3813
3678
4674
2841
311991
3375
1851
102231
2241
3114
2847
2922
1929
279960
3075
1905
2907
2949
2610
3222
2019
3129
2619
690915
277653
16419
5508
2439
3624
2127
2961
1812
380529
3108
2430
4809
102594
530589
147900
2949
3333
25278
81822
3357
72024
4605
2052
130515
11031
1971
3204
3426
3144
36342
76206
57633
1074918
3867
4800
31059
155139
30582
2955
3336
20235
21990
3375
3168
305823
1950
6162
1054518
5457
263754
4434
4203
8043
2294889
2163
2796
1479
3726
2766
110616
2484
96276
4452
4158591
2058
1575
2214
245226
3711
15045
199839
1497
19833
1881
3056598
10103319
3717852
3375
4512
3846
5997
1478412
2790
2068407
3393
2592699
796989
5506029
6405
1113714
4221762
4137
2427
2175
4074
3198
2964
3081
2349
1135713
1634037
22941
2853
1723434
806049
2427
4344
3450
2934
32250
2121
13852623
4392
2625
3690
2424
2415231
12540
5226
2745
3120
3459
3294
5569617
2175
18669
2991
1079730
1725
2004
3261
2007
1180194
7050
1740
1383600
3948
565776
4629
3030
1347
767931
1725
3723
3393
4680
1920
4671
4566
2846817
3363
3771
183930
2649
76434
2259
1179
4317
5793
2145
281805
188001
1188
33927
4854
210264
4707
2424
62484
54948
24030
3345
3267
104190
4500
6180
2601
3192
1668
3021
3132
2511
2907
211677
74184
2532
3129
89592
73185
1866
2463
273045
2853
36912
34449
1218
449319
110262
2103
620118
2067
379884
59010
3327
4251
37992
1578
3006
2874
222255
3606
1926
2625
63243
1782
37176
921
2853
5304
2115
1626
4020
4161
6378
1395
123642
4956
158427
201645
3846
98037
2901
15198
2109
1455
2796
3909
1932
1740
179442
56367
6120
122721
2712
3228
5604
1278
52194
3687
5550
1410
3576
107727
2454
2376
3024
2616
2037
2253
6552
484119
3471
27300
8553
3498
3996
25155
2475
4623
2280
2022
1101
1689
188577
314127
2859
1527
3123
28851
182892
5433
2205
2718
2940
3267
1782
1782
4812
1866
28140
2574
2892
2007
24066
1836
271632
10431
1761
5406
1581
3552
916344
1920
121545
56070
2280
191679
4704
3183
15744
2979
3771666
1563
2235
3201
51168
1656
11844
3291
2931
101052
167457
1872
2109
2010
2478
3819
2691
3315
2193
3954
3342
3516
5743014
16835760
1402833
2265
5553885
3072
2715
2209110
7376412
2613
2241
2139
2326899
1911
2220
5494629
810927
6462537
5163
172200
984
4473
561
77568
3399
2340
15906
181659
2679
2409
3981
2385
2118
49131
1986
375783
302688
3912
43869
3483
166593
1380
1533
2139
1179
1623
84345
5661
371496
4464
4317
3423
3324
83970
2007
3651
5247
2445
4455
46422
1791
99294
156168
4062
2295
1968
2316
2436
5112
234372
662169
49482
95211
3552
3399
1743
2841
3489
3132
3753
2985
3363
76545
2688
2859
1893
2481
26721
3513
2562
2304
45240
2226
111045
3093
723
132348
349734
2271
125769
1662
181467
410433
4974
3672
3846
2517
2958
88593
3975
137943
88896
4665
1464
2298
3006
209835
5790
3153
2610
1419
54894
6708
4350
1806
4722
886773
3600
3609
260721
19143
2994
128322
2775
3285
4614
2739
168882
1842
1521
4134
3300
801546
3384
3909
3252
3054
3657
3612
42075
3396
2478
3279
1818
26946
75066
27657
2427
5961
2940
2501022
2871
3030
4404
2538
21942
2352
49185
1183032
2697
2667
1030800
2802
2202
3645
808350
2193
4011
112815
2511
2001
3633
4365
449763
3342
4143
5730
11136
3495
3801
731583
1753863
4146
1905
5145
4878801
123150
1430664
1626
2229
3191118
2418
1575696
2802
3144
2097
1707219
2676
2895
2493
4623
21711
1590
2346
1102878
2352
5679591
35706
25098
2352
2037
1875
2055
22155
1115808
9236718
3495
14019
339828
2139
6342855
790284
128964
3673221
3531
2097
3447
2673
2319
2550
5941404
2847
2979
4326
84882
1596
2604
1710
17946
2319
3084
348075
2931
2964
1674
3117
816
15243
780957
3594
133158
1671
1048740
2103
5255772
2664
2760
1494
7278222
3435
4171554
2403
2934006
2514
1211802
4299
2724
3018
2904
3303
2664
562545
3054
3705
2448
1878054
6398046
3567
1593
1188
1431
3975
402084
6198
7320
891
39018
5364
2055
9201
1938
2499
11499
7470
3723
3504
842682
1425
333360
1812510
3207
341748
1058544
2913
1473
1494
4284
2877
3177
1598637
16080
5043
2778
3810
1075290
2214
4353
2346
654159
2520
33615
17022
2793
4437
1995
2418
3759
1892490
1147185
3255
45891
3630
274143
2283603
49017
2442
2223
36771
1170915
35142
2844
37605
1185
2118849
1848
788877
8025
3144
6882
1563
898848
4659
4932
3366
1929
1878
2442
2742
424248
4605
1080921
2964
17640
1209
2571
1890
818844
2028
1812
65400
3756
2676
1653
1308
3930
2702727
297471
3975
1821
810477
2163
3798
6168
3483081
235911
1137
3681
1077711
2367
17493
10403676
552288
1140792
5322411
1941
3098250
3555444
2628
4189056
4596
4017
1049181
4542
2532
3744
5423661
1617906
1527
2184
2328
4209
20151783
670632
3990
3201
3693774
4215
15954
2244732
5393784
1116
5019
4614
6675
140529
2436
2724
54639
49971
2943
2973
2826
1749
76236
3906
2238
1599
5547
3015
2181
35226
1932
1107
2337
1170
1194
1773
5112
24936
301017
2262
1908
1146
4587
3369
2538
294957
40797
1980
3183
3006
912
1383
390762
3075
656433
119016
79299
2349
223587
4968
2190
2352
4470
206463
2427
2289
100587
2022
15894
1671
86124
1242
19320
3480
1467
1152
2259
302151
152010
1164
4431
118746
5073
1857
2568
1113
338580
3336
2259
1533
51738
3030
4398
2271
1323
1107
17943
5490
1959
26268
87777
2628
3510
15963
251154
105675
2940
2178
3774
49626
3147
1260
3795
6024
2901
417
3810
3906
49959
3627
96771
2865
1680
5607
70650
2112
2187
207
22392
45693
3279
103926
84792
64011
2145
47106
82047
74037
196779
96987
2961
1254
51168
2934
3156
1221
319641
187827
3243
3105
232617
2019
2709
2766
2502
1509
310239
2841
3201
4167
342828
70464
2730
411105
406758
1185
3039
4842
4194
2643
34281
1449
1698
6579
1608
68172
16791
272622
1905
4929
416139
1926
1309407
1626
2145792
3951
2106
43785
44076
1932
3618
318591
3116259
3057
1863
20815536
3081
5223
3501
2259
4356
3336
3915
2772
2100
1452993
2094
2955
3201
6259464
18948
1731
2445
1611204
1134
2808
5427
3243
3237
4790133
1131
2244
2472
3024
2562
1869
936759
1515
8634006
1521
4176
6445785
5607
2862
2070
3601719
2418
4269
42951
12078
62241
1281
612
3777
1767
3030
2346
1422
1255320
3234
2793
1461
79383
3846
279264
52386
2430
5511486
27465
2451
898491
19992
2562
97563
1806
3171
2511
4740
6501
114312
3699
3414
1554
158064
1929
2754
1806
3342
65673
1902
3357
46548
2505
27258
37812
73008
1779
4977
2799
32148
3243
1863
4434
2067
2682
870
1509
148848
3123
3426
80091
5538
36849
1830
1575
118677
3273
268323
159336
24759
3288
36147
295623
23319
3369
4248
1857
80217
21252
3411
921222
1410
61023
2736
2922
1659
92226
1203
106587
237936
3459
108123
5148
20685
3858
660
25026
1023
113109
4755
3603
2721
42153
38610
3330
2931
1233
182949
170271
2355
59502
3126
2535
2196
3921
56178
4746
1845
2106
453672
166041
2532
4125
1377
216168
23202
155844
3225
4572
4722
2985
6288
1500
41577
2376
2070
1770
57930
6441
1563
20526
37653
57885
3117
162219
143019
1575
2184
1923
2802
79608
376611
4845
2481
189618
2448
400563
2049
3156
4596
1719
10635
1734
2565
1677
4767
97524
73440
1599
1209
1497
1017
2169
1518
2364
2385
3234
1833
37491
957
175749
73524
6798
3720
2244
261807
57033
2931
80052
5802
2652
22338
4155
1920
423327
53049
2073
2766
2610
3765
30588
9588
3084
3075
421341
2460
61008
32958
142878
77925
2460
1566
1254
1068
177933
2097
5877
1986
752706
338019
17136
65055
1764
24810
2766
4452
4113
2913
2940
57333
864462
4116
2532
871728
4020
1889172
98721
10674
2022
1169955
11364
3102
1656
984819
2322
3276
2703
1512
1860
1124187
147045
4119
1387512
1488
2211
4533
3327
89931
3397254
2620785
2328
20142
6283989
2442
3069
2628
3090
110685
2010
1698408
6561
1320
5025
2461416
4330908
11523
4227
46914
1947204
730929
3138
1302
1569
7716798
10476
378339
7145898
50475
25941
3717
1746
1959
9612924
21744
2079
2217
954
4239
57198
3549
3066
1234404
13696971
1992
2850
7773
2412717
4287
4758
3225
849402
878895
4138320
1989
3783
1434
1479
38997
530331
2712
1971
2511
4866
2225670
3072
3291
6507018
831
3099
3564
2307
4296
1953
41739
1226130
1569
1884
2427
2101947
1635
4472817
459
1710
1836
32031
3470169
2985
2238369
74283
2532
3417
315972
4458
1890
911139
20196
2904996
986526
315324
3651
2889
1353
2643
21537
1308
22389
2385
3828
36660
2967
4140
2512986
3795
912
1941
2550
1683
2852514
20769
261501
3333
8873748
152403
178245
847098
2625849
5925
1716
1954716
16689
2202729
5421
2120715
3042
2718
4770
36654
673428
2787
13658490
3201
4440
29835
1278
265848
144465
1440
3735
60567
5160
1326
3027
4461
787980
116400
252753
1725
1527
1608
3099
128820
50868
4860
188466
1464
212316
2040
2433
3213
4812
161667
1443
3348
50625
3408
643578
70548
1935
14868
2151
24588
2139
1935
1515
5679
85701
2550
2301
2559
3435
2529
3063
1236
1689
2970
3642
3657
3312
1044789
3507
60858
2022
1893
6336828
3588
9507
5664534
201693
1941
4338
3474
1164
12267
5157
1806
5232
184806
79707
1251
208557
2130
433494
4425
3975
966
39462
1416
2043
1539
2967
3249
1290
3381
71562
1389
4332
3297
62403
3405
1803
3408
3273
52275
2163
3690
3321
2907
2523
4152
2559
19998
36144
238986
1614
3537
2307
252504
155592
2787
7401
141834
127479
179247
77841
50478
3300
138354
1527
152883
105945
4611
109872
3696
2538
17823
3192
3333
171540
3375
1245
49779
4332
37683
69336
2571
2490
4953
2124
3534
265692
3462
3807
16917
3939
3075
19476
1782
2040
533448
139848
136302
1569
4845
1383
1491
43089
2001
11190
4869
137601
3015
3639
6183
1035
2286
81063
62328
196401
4119
11544
2868
3732
17139
2382
3600
4161
2484
77358
2490
3348
3636
119904
2154
66300
244215
2382
2952
2271
3078
14517
3585
2751
217389
51513
110559
3105
1314
4734
1347
2853
36285
55476
3387
121203
2292
3054
2736
42348
3564
127392
1533
53463
1953
64197
787866
2070
2163
2043
151260
2151
3867
2793
2367
3249
3285
1644
3543
3384
146022
2646
129624
2652
15375
80403
2124
169854
2532
46740
113958
3168
3063
196635
2937
4818
2430
3048
172077
2616
4293
2079
3420
1758
2481
1761
68934
132696
2433
275580
1698
46203
3567
1125
91929
3456
3840
1116
657156
1530
2892
2607
118281
3654
2562
4410
3948
3777
1791
63255
3555
1623
2859
142476
541419
3510
2991
463062
2244
2748
200985
1845
114756
3774
3354
1173
2898
33267
339
2181
46011
1422
302256
4827
2295
3453
4212
1155
4035
2124
2229
401607
2364
1683
1722
2673
260571
2571
2163
23604
225321
3942
1923
223518
4953
1257
173397
