1fff:0:0:0:0:0:0:0:0:0:0:0:0:0:0:0: (total 13)
0 1 2 Thread 0 going to cpu 0
3 Thread 1 going to cpu 1
4 Thread 2 going to cpu 2
Thread 3 going to cpu 3
going to barrier (cpu 0)
5 going to barrier (cpu 3)
going to barrier (cpu 1)
Thread 4 going to cpu 4
going to barrier (cpu 2)
going to barrier (cpu 4)
6 7 Thread 5 going to cpu 5
going to barrier (cpu 5)
Thread 6 going to cpu 6
8 Thread 7 going to cpu 7
9 Thread 8 going to cpu 8
going to barrier (cpu 6)
going to barrier (cpu 8)
10 Thread 9 going to cpu 9
going to barrier (cpu 7)
going to barrier (cpu 9)
11 Thread 10 going to cpu 10
12 Thread 11 going to cpu 11
going to barrier (cpu 11)
Thread 12 going to cpu 12
going to barrier (cpu 12)

cpu 13 cur 13
STARTING...
going to barrier (cpu 10)
STOPPING...
Duration      : 10000 (ms)
Acquisitions  : 9759738
1521
3813
6114258
2634
1404
579
3450
1077804
1476
23976
1596
3370518
3246
1217538
2277
2601
3642
3225
3276
2001
3436437
38538
16278
4296
2478585
3969
27129
2772
4449
4362
121842
3507
2628
109902
69984
3582
1512
179007
4749
1812
3213
2931
2373
57036
4974
2235
153180
491481
1332
3264
2889
2049
2574
2220
21504
70836
279021
5487
1404
1362
2970
4077
17268
2034
244005
2172
50598
4131
975
5808
79563
1488
2022
1182
2550
5937
483
2946
2259
2178
2763
2739
94407
26784
2496
3090
3579
3123
50292
71655
4023
3426
10887
315
211668
2058
5796
2310
1392
127710
1311
85737
2964
30762
3066
2271
3837
2199
3282
31680
198906
158061
452052
36285
4467
3303
1887
1993290
1482
1380
2403
2007
1266882
1794
2919
3021
4599
1791
1974
1845
83265
660
2430
2949
2550
3141
4224
1773
62154
4989
338454
230460
652443
1596
4125
42762
3447
1524
1923
2548455
84645
2322
1359
1440
70065
3657
1881
42225
5421
2793
2967
4071
4410
32211
3255
3435378
2397
5172
4116
2244
801474
1361598
4818
3531
1530
1674
7782669
26193
3045
3792
2157
1644
3786
1557
3437952
2085
36147
3624
978
1587
2287158
4596
3945
2286
1833
2235
1173
2679
3060957
4704
2004
46320
711
1656327
28671
5034
2151
43407
2397
5049342
3294
1472832
7588416
1188
8203035
3543
1821
2505
8379
853668
5775717
28254
2820
3624
505428
3525
10173
648963
2889
2541
3519
2202348
327
3462
655074
2118
2646
2538
143043
4764
11911464
3801
1147194
3024
5622
2277
4779
1931427
3090
274623
3492
3693
2835
1386
4125
15381
55290
4065
1135038
3813
4815
3855
3258
2349351
2142
33012
2266413
1674
55377
5799
2007
849885
1755
3429
1888557
4317
1299
3561
4055502
4527
12327
2004
1422
4542
1737
1704
2260470
2466
1154346
3897
1197576
7710
3597
1647
2223
7869465
40749
1722
1187133
14892
2103
1494
2733
1265877
2190
2166
89817
34524
3996066
195222
13644
128460
2265
2010
3861
6252
468648
40194
1959
2619
2400
2739
101334
5823
10947
1863
53184
2340
3801
5970
4497
4146
3189
5940
75501
84504
80916
168162
244575
134067
4629
1536
1923
2982
99663
4017
324564
3213
2397
4236
1347
2100
1608
79824
2847
38502
131949
3363
321
3870
243177
2457
24030
2757
3960
1161
624
29544
348915
250026
2064
2598
4545
57003
92487
40716
3027
1341
3078
3339
3234
2166
203130
1383
2190
2376
97689
139662
61422
2814
28848
3501
4452
41919
321363
278349
1446
69516
11709
1875
2712
2961
5562
120762
3183
606
606
1236
3177
3564
1527
3957
3294
3354
3387
1671
1647
2541
3438
3540
4095
724785
2706
2502
2931
2790
2745
4014
2082
1947
2826
3048
121212
1170
217443
2505
1341
4512
18885
63456
25176
3111
98448
2421
1980
3246
2172
2940
1536
3474
2748
313497
3552
2379
14331
3369
174129
3639
2802
94818
47790
4317
3876
6711
23250
183705
2124
4020
28107
4260
40086
1251
2943
2580
3066
5010
3420
7125
4098
2376
1398
1959
1662
2853
3258
7086
2556
4782
129228
87618
3897
3018
102126
114147
19710
153972
3300
6108
4140
2088
2751
2568
3621
118839
2289
1455
5661
2787
3567
123807
2835
68364
2376
29439
13515
303
22968
2112
1545
2862
6279
2868
7326
2763
28944
2991
184116
3030
2148
67878
3738
51744
40506
66108
1794
3624
68094
1959
75513
2214
48300
32013
1644
1743
5091
42168
3030
135201
2499
106470
4059
2820
29580
1653
43047
2436
2298
2208
2205
1221
83979
4044
4473
203979
2685
2946
2979
94512
3981
1572
2493
4071
130866
3102
233559
3273
52668
2439
174681
102057
2283
5652
2199
150963
2874
61284
5061
51849
3327
141663
2640
6645
3204
470607
45609
2760
867147
3484818
14367
4548
2445
3222
3429
2358
55164
2490837
7857477
2781
1578
2628
1929
3672
2611152
6447
3726
84711
3234
3045
45771
1842180
3030
1173
2529
1107918
2475
1848
1218477
3156
2799
2826
64656
2772
3891
4482
8840163
30537
3105
22770
76419
4461918
47964
2553
7059
2273181
4287
14775
2289114
3585
2226042
1842
3741
6012
4665
15774
5664
7789767
4080
2732475
37740
2919
3060
2553
23385
64728
4524
2409
21372
27204
1863
1857
1602
2514
1875
2280
21852
21891
312570
24342
3909
151215
118371
140112
56109
206817
3144
4509
2118
2700
3615
2295
3354
2661
1158
1065
84171
4425
27033
44502
3273
88632
20949
270345
115833
2676
98616
20409
5223
2742
3450
2196
21336
4605
10836
1410
3264
3918
23589
5085
296709
48825
2211
3408
209430
3816
1920
2991
59832
1083
3237
3279
2934
33684
4233
4791
353967
18024
33039
5199
3153
3789
2358
27048
178320
2910
2136
2664
55338
4377
2550
3105
41625
3858
172281
1827
28899
4869
89598
3471
1653
11517
100374
52284
3249
3072
2094
34656
1944
1473
3192
3330
2475
2136
27663
145809
2049
63813
73848
2268
75960
173067
75495
2535
3456
34692
2430
3477
2955
110256
431559
199107
104499
77724
3270
1698
215523
2394
2892
3621
3696
4311
3672
1287
15672
1593
37128
6678
75204
3111
3039
3324
7866
67461
3966
2193
3444
4707
5442
2274
23400
20469
1938
3156
2337
2685
7539
4080
2274
56874
33030
80607
3201
4344
5220
4995
2424
3126
5589
53541
1251
80757
2898
5463
2475
1671
3714
3990
2724
1344
208452
5313
76482
161337
7341
48471
1716
401130
164361
2382
10758
56979
2643
4527
69405
2193
156219
1629
332859
71838
2766
3366
1992
83316
1872
167403
2439
3453
3951
43350
2871
2787
119451
2274
124047
6918
6273
138354
2703
1872
2541
45600
2349
77895
3717
2319
134271
4470
2157
5997
27849
13392
46938
23637
93393
1962
3438
5034
3633
1605
2436
112167
30714
3357
13635
1842
5829
8670
54693
5502
31065
1041
279159
16239
70440
5565
2157
2544
26679
370524
4527
67029
41115
3456
143835
2190
2649
4230
62694
186150
26889
1146
243738
2241
4683
74892
1248
4041
2772
208302
22782
2424
2042787
488832
2565
2013
1350
1911
1863
2664
9810
70674
18210
7434
6126
2517
3843
4162272
251130
9543
439053
15837
1878
1434
3756
3009
4026
30459
4950
2448
3012
8378982
2569017
8265
4557
89868
2535
5466
1422
4053
23070
25356
5166
3153
3777
1332168
55722
1629864
1212
150990
4830
3009
5703
4344
2805
1881
101277
1860
3938529
2733
226323
2322
10238955
1311
4002
3150
6021
2340
3477
881319
2532
1674
1314
1836702
3081
3879
2979
149001
1677
15588
71118
1860
157239
112995
3882
68433
3996
99348
3783
198213
9354
42543
2100
4056
3393
105243
2121
2622
4236
2220
3105
3276
2106
2046
2124
1629
2499
122619
2163
6711
144081
3195
2490
2793
5322
16653
3417
4851
2064
4452
91794
2595
4161
5370
1803
307710
3678
5376
2055
37305
42753
2583
142407
2604
2178
2151
31479
28206
99276
3690
126249
9003
2853
5286
112896
65346
3753
39372
26310
1773
3546
29961
4149
2490
167223
35535
2571
370014
3615
16545
2562
3882
2007
1914
1065
2622
142314
5571
4488
2151
115593
121383
4311
22464
57726
19416
28608
3525
1089
3414
2769
5550
2541
3243
13470
15015
2670
1797
11313
4245
2187
4275
1083
5148
127866
65712
72363
2448
3000
3075
2457
3705
4365
3105
3381
265398
117678
3513
224748
2328
6615
132639
2352
1419
2955
1938
36090
2085
3258
52932
2163
87150
2343
46719
4776
2103
2091
56037
3645
2607
132009
4314
9753
1641
133434
2742
4911
2052
28836
2736
3255
55608
66864
4050
4254
1911
71715
4590
3477
16926
3213
2685
3699
69546
2262
293115
3399
3339
6120
1428
3555
300984
5430
3264
1413
3936
27453
9171
2412
129525
108831
2577
3822
3825
131010
1839
4194
2625
1785
1968
3726
3504
2982
24480
3543
4572
5913
2661
31719
5451
14067
2424
2886
435846
2397
2985
3903
2823
112311
2799
2166
107352
1692
33801
3246
78306
4812
1935
5532
66399
2310
85218
2736
2202
66828
3309
1872
131742
2736
5052
2100
142215
2184
14337
2868
64116
4755
5151
3684
1962
53289
2682
3141
2949
58638
3018
60156
4950
1998
102234
3597
128376
2703
2409
3597
2859
1284
3585
3234
122826
2859
58461
3582
138081
1983
3369
1461
2757
1086
2235
3948
451875
4152
24177
2727
38124
31170
2016
3102
2706
3693
102351
2016
26250
227145
5529
191058
2925
555996
3801
2922
3831
1444743
2824077
60933
2214
2298
4596
594
5361
1986
3918
2459394
23949
3634929
2259
4353
3219
4206
2988180
3048
3507
570678
613137
54759
1599
2551164
1473
3534
3594
1593
1917
6069
3846
2778
45366
4047
4449
1476
3780
2289
3303
1533
2277
3999
3786
1413
2874
3354
3021495
3105
11778
1533
3936
76509
1117617
4653
6646461
2019
3735
3852
2622
3471
3522
2316
2224995
10698
7308
3470154
17811
2982
3387
1112007
2853
2285196
3588
3192
3795
40221
4552941
1794
2400
8956104
2580
47067
1602312
30273
5427
2007
1812
2085
2166
4119
3234
4959
46356
3492
55506
58827
20997
6762
2316
2388
1689
285498
1674
19215
4020
69117
2184
3714
1710
200703
1506
3360
69216
2526
22602
23658
4596
153477
1338
2091
145014
2484
3444
12333
13311
2196
4935
89652
3360
3834
59910
236913
1935
2457
3462
186528
6309
4659
391041
20145
1608
4152
104280
2325
12513
2127
3744
18795
3306
205512
70755
5253
3813
107361
139644
1788
2136
3678
3093
5481
2904
61371
1596
54024
51207
2550
53928
4266
55680
44343
4047
18141
20703
5115
4821
7134
3717
4371
2172
2907
65298
7443
14271
80433
4581
2988
22554
3732
55617
3381
79611
2103
2244
2658
2085
26295
2355
24861
69171
164958
14928
2922
83607
70440
2097
3759
7416
412476
4896
5655
96177
126228
4782
3144
3735
3192
76908
126771
2826
105171
145422
2697
30591
51246
2607
4446
78288
148227
3828
4680
3186
1956
3174
26667
30528
2064
185610
3891
66108
156483
110310
2298
1257
169179
2847
30699
2175
2019
1539
2829
4086
2553
5076
122349
24951
3024
3171
2688
2442
63261
156759
1914
4137
2556
2403
1884
127650
4200
18939
2604
1641
145836
1260
12777
3402
4071
2478
3690
79251
2007
9285
1851
3366
2076
2346
3183
1392
3063
4911
1722
156396
172935
3360
3879
1368
103887
40887
93078
2790
4089
35145
5073
1851
3126
2418
2982
103887
2556
2178
216591
23037
5715
71475
4239
2979
3087
167061
3159
1992
54894
1950
3246
2958
3654
32337
1089
66654
148551
28701
75765
3963
69450
2181
79293
2202
3336
4107
255831
4713
4149
4674
50397
1836
33417
2022
2931
1242
3270
52338
3681
2436
243927
2808
3531
3612
279957
4620
2778
68532
181431
2553
60690
1182
67767
2064
2853
167766
46416
295872
419535
3885
1980
3645
3636
1809
1218
3306
47664
6162
2103
45618
1995
464601
1723920
4698885
2829
5550
34455
53685
7944
3201
1470
3252
3204
4758
2436
2250
14415
3120
3750
4392
582843
1884
1701
38163
1139955
6669843
1566
14031
4884
4659
3159
1301181
2010
4956
3846
1845171
1519995
126528
1713
21813
41637
3915
3339
2274
4536
1476546
1671
23388
4470
201087
15894
4129023
3912
58338
3957
28971
2793
2355
846
1113678
4854
3330
9993405
3999
3651
3015
4632
4161
45054
2704419
3990
5070
2511
2927286
2892
2352
3549
3349764
936
1103085
2109
2234307
3102
56676
2847
1290894
66267
2244
5289
1149342
2126076
2401788
3735
4284
114120
3480
32274
80172
160950
239466
1995
3783
387999
102123
130566
5358
1506
1872
4377
35433
74451
4944
134019
3171
6288
209574
4098
3351
3027
196644
138393
2811
1653
4209
362727
2205
1944
34272
87192
3699
17370
172032
3171
6411
183504
4959
1644
114414
3129
1581
2652
3405
2715
2793
5559
65829
243684
3504
88191
80715
3732
2520
3012
2343
1644
4431
1533
2054607
2454
1893
21462
1066248
3348
2640
18120
186180
1659
392481
1629
211356
15975
639165
1206
418401
3936
2316
1404
2181108
2007
3345
186597
2700
2262
13523691
2961
3258
4818
1456965
1971516
1578
4599
10263
4020
3039
2130
14664
91014
7059
5334438
2274
40278
2667
7725
3343899
16056
1956
2118
1308
2523
6345360
4245
3855
1749
3855
23013
4161615
1911459
41364
6264
4320
1490682
3345
2913
3732
7527441
4086
333357
19620
5347884
2640
2808
1461
27648
3330
593190
605655
22203
16542
2204238
722925
1926
41892
21666
2415
3501
63126
3255
3801
742677
1144227
4137
4536
2145066
4923
2340
5073
2496
1785
1851
3009
2067
2439
1212555
1932
2424
3285
3312
820947
5124
5751057
1269
3819
1776
4302
1144923
2910
2257470
4542
20133
2556
1177233
1767
2928
2259642
153738
1797
3137322
276804
1668
3069
3787491
4401
4773
11790
3549
5241
2118
2841
2478
1822701
4890
2013
2324970
3576
3024
3825
2256345
2202
56358
5112
1653
2178
5546103
1059816
2616654
2637
1145322
55701
20154
1512
4171065
5202
3180
4437
3498
234363
2079
2085
154056
130128
11697
3213
2940
11148
3798
213870
1353
6615
1446
234447
2400
2604
4323
10161
2091
3456
4218
43422
65091
1167
4572
94371
5895
45771
2109
70641
327120
2223
3534
2070
1974
149871
2043
169539
3474
4596
2295
2841
26340
2451
3234
2139
19953
172488
168861
2157
19362
66327
2631
70797
33954
6915
2769
74880
1923
17442
2535
19107
2472
2997
3951
3867
127953
12264
3159
3021
3708
1998
3540
7167
1179
62097
3483
1071
1929
23562
6342
2484
2040
2292
119079
1404
50577
134496
3162
2154
2928
100038
2778
3765
1161
2808
26082
139371
1611
2367
1263
2181
4029
2544
3087
2502
1596
2073
74562
3792
33783
81483
2463
2028
57651
5520
241077
2556
2652
3150
4020
2016
2364
1407
2067
66417
1599
1077
2463
3678
3915
2964
71976
234012
1900437
3381
6936
5076
3288
468750
1641
23214
2160
86562
3225
1686
4130793
1887
60249
3357
3927
21135
127440
33435
2220
3558
57825
3786
5130
2835
4359
2556
9417666
2685
1911
1788
4488
2025003
63330
3816
1474119
3156
31107
70719
1608
207
59283
3480
1545984
1302
142692
2160
8382
3552
2484
1491
25635
2610
2577573
6711
1587
2709
3690
1551189
7197
3666
3264
2301
40962
2256
1728
11146809
30357
3783
2529
4941
1801947
3309
3141
942336
5138715
1116021
3315
2364
1729314
2526
2505
2811
2799
4200306
1254
4666236
61053
2208
2115
2937
2034
2589
46314
53172
3336
13875
2649
1752
1246932
1311
13656381
1989387
7169235
31749
2973
3099
3702
6563226
2277
1674
2274
1629
7558668
3558
8880
27402
297507
2043
2604
1159860
4494
3816
4674
2835
7535295
19869
23796
1854537
1836
3117
2817
2907
3814455
40194
2064
2436
5634
1185516
2217294
1350
2652
739968
2841
2973
4521
1944
5526
4212864
1797
1154637
2103
2955
20880
1566
2046
2454
1512
1731
2142
30045
1236
2505
2004
2742
7664109
4143
3483
2580
1296
1945263
23634
295905
2217
1243380
2127
2234634
2331
3414
51069
5904
2310
2343144
2574
24156
2628
7341
22485
3204
827322
4097901
28776
2067
2643
667038
2649
1114494
963
4590
97458
3660
2352
1527
2958
3365394
2001
2049
5604
16284
4089
1157202
1776
2805
3298803
3350103
3126
1737
3312
942636
2613
310311
1968
6042
2181
6246
1203603
1235955
3609
24816
2550
1977
1980
91677
2274
2157
2271
1140
8184
2754
7326
2391
1665
2517
1638
4017078
4800
33006
2748
4836
1932
3315
89055
31302
1107
24018
50028
1539
4140
2598
54060
43710
2352
2541
2181
51897
1932
2145
91230
1788
92949
89391
2115
82908
2049
1947
8025
3567
359055
2931
4377
3846
2103
4392
1683
40431
41583
1947
3147
4347
4383
2760
1509
2781
4620
3378
1227
3990
2703
2991
21840
1707
5103
1929
133959
36942
50844
13653
1503
1686
2154
1668
1266
2163
1866
5712
3252
1617
3918
1908
4482
2373
3582
3144
1428
4317
1773
18954
2340
4011
3144
2382
2859
32082
93945
4014
1404
186912
3273
3603
2952
1821
1614
1791
46788
2076
1701
23853
2979
4113
1674
2043
2262
5583
3795
247785
2946
84663
1680
2334
5088
2265
41652
1893
116136
221028
3075
41286
1980
2979
3372
1230
2751
4143
1620
75660
2406
4050
1977
66717
1797
2574
2739
5649
4698
7137
2550
2439
52611
79506
3285
145935
7164
3618
1584
131289
3261
64551
2181
61920
2130
3834
2667
111606
142149
3636
27366
149556
2490
4092
35448
3978
12303
1011
3468
2187
270477
1485
52809
1959
4575
7527
179217
39219
2295
3504
1647
2412
2727
3513
1533
4191
3993
8637
74430
2688
1989
5520
2703
3477
2319
2211
3489
55695
4194
1806
2439
3894
4761
1851
226539
3414
57300
1350
5646
1404
1461
3159
4263
7902
110910
43383
2835
2796
30762
1605
4029
60645
1632
1902
2439
945
101769
2157
51666
85254
1215
4479
3435
4596
78672
1482
43272
2670
3480
2559
1728
1860
60033
65217
3945
64749
44892
1395
43353
1845
21660
3918
2478
1845
2400
1782
12114
2430
53346
2694
42240
108027
3432
963
1563
2655
3726
1458
2727
84678
54228
1923
4353
291603
86955
232509
3477
3369
4548
2919
4167
19893
3873
80625
2724
94941
5403
3720
7626
85725
112854
2052
2535
768
4083
2148
3576
2760
117900
2022
3327
55314
87072
27483
1890
2943
4653
3297
1968
267615
1959
7515
1938
2361
65205
4251
1920
187881
6174
2784
160146
125907
2220
1509
1932
36891
1536
4641
277203
2322
68445
2985
22389
2082
3024
936
3489
32526
4998
111609
420447
63804
5991
106818
3942
6768
2808
50676
79461
81597
36120
2790
1350
3705
2685
2514
146607
1872
2214
3393
2718
4017
3102
1896
3330
147858
4617
2037
2241
72990
2697
5313
58962
5682
12141
7890
10167
20904
2109
2883
1548
84657
150576
2715
1755
2817
111246
488580
5262
14130
2061
2625
3180
2157
769266
4764
1284
3201
3547245
3009
2599713
9957
4644
4779
6592488
3696
2958
2304
1929
4923
2655
1211814
5823345
2814
6285
2250
5610
7848
3249
4536
4614
2523
6321
21504
3132
1169898
1108482
2889
5506077
2213289
13209
97944
1629
8049
1704
4481607
2404167
4002
3273
1620
2268
1111236
2688
4035
4287
3377190
19956
1698
10511106
3318
58806
97908
3951
86025
2943
128514
91881
2097
2133
3534
2115
65352
55734
1968
2079
285465
3507
3186
1083
2769
4965
39723
4284
4788
2310
1872
3984
450954
112140
70149
4728
1902
4176
2001
891
41022
3072
3978
61197
77181
20451
2508
82722
107106
128445
24783
2304
2835
116214
75168
46173
1632
11223
30687
1305
3912
126789
3945
3066
3387
2271
5409
3180
3819
3300
34161
2430
2790
1026
86736
1935
3783
6894
4011
2556
22128
3921
92568
1443
1173
2406
2877
2067
38529
3165
87762
2694
21903
35505
30159
2187
3777
2748
4572
3225
163260
1800
1266
3525
1719
199125
5862
283791
6363
80952
1194
1620
59553
7320
4935
112032
2652
67098
21009
4338
2316
32094
77349
1860
7917
2148
9381
2439
1650
4401
24993
1656
5286
2697
1326
1506
41064
366624
2250
1941
20955
2718
503748
2259
2511
186672
2802
29154
200088
9054
1602
95619
37041
1677
2907
370566
114969
3561
3219
35196
1890
1773
26490
4137
1833
1476
3573
783
242370
3195
119205
1182
3750
2346
3270
2763
3330
16815
111927
1746
2271
1440
3246
306513
2418
1164
2610
2412
4209
5586
2166
3084
3765
57912
2697
177057
37500
2613
103053
4338
1530
30666
11580
2892
283653
59676
4860
2058
3507
1857
2064
3801
2610
2265
2436
43305
2448
138339
1959
4167
9045
3249
3468
273000
4029
3015
1896
70752
2988
56622
2808
2199
40764
2298
2619
2862
1623
3645
3654
3351
2607
1458
73500
5043
5997
3573
4011
2475
183267
53226
342816
2943
1113
36768
2160
37941
5094
1392
85053
4038
3066
222003
2412
2235
1572
106623
7830
1770
5352
34524
2664
4200
6774
3747
3066
3663
325104
32514
2430
3117
3882
179586
2943
46350
119361
2316
3654
3348
3141
2829
3456
6540
2823
2055
86037
2220
303996
2874
20064
2085
34188
75807
4200
4422
24222
114075
2187
3837
2925
3459
4338
77016
165165
44283
80556
91602
170820
74994
1548
2619
5217
2757
120105
3054
4479
3807
39069
3699
2277
3822
2772
1773
319851
3276
7722
2385
4875
117699
3096
4281
155535
190989
480657
2580
71235
729327
1617
2973
3930
1941
2301
6351
6216
23052
3495354
2427
3099
15186
663
2544
97608
2439348
7248
5469
3629337
2856
3624
2931
3041274
559806
2547
4872
4404
1440
2997
2259
2904
5772
3375825
8781
1864074
2344077
2127
2385
6611931
59379
1449
2230800
3138
42036
28839
9303
2094
13041
3222
3027
1524
2580
3318819
3369
1230726
2253516
3408
2270496
4068
3066
3813
1635
2505
2207553
3942
5595
3177
1779
7827294
2320098
454131
3312
2349
109395
24822
116589
4245
57903
97749
4311
2457
3762
334011
1743
2091
1038
2112
68385
236859
17799
3618
107199
12363
62844
1650
4011
3615
5217
3186
2337
2007
2046
2349
199449
3453
42969
103989
5931
1926
2847
21468
3588
1749
2802
1392
2661
6045
76590
51792
4767
147210
2985
1581
2979
82686
67875
78030
3264
55116
4728
741
3156
3933
113790
49797
200946
116253
53937
3180
120174
16920
2580
1830
16650
3441
2412
26436
346491
3564
231717
41322
2280
3054
239427
1512
5607
38811
16491
161112
3234
1509
36111
79377
3558
2076
2895
122931
47853
174222
2472
46095
2316
1962
1752
1551
4020
4170
3723
2616
3192
3420
1701
1611
1815
4656
2751
4182
2130
2529
3057
1341
2736
33093
61167
110883
21492
1875
3270
6345
133491
4812
1776
1740
1590
1653
3363
2610
2355
1569
3399
2658
2988
45885
34743
975
53763
195108
1572
47559
1248
3717
37401
21663
3384
1350
43860
2151
3873
4545
2958
1560
2325
12486
66465
50523
3588
3972
14313
4392
2886
1518
2478
171021
2871
3093
1461
3177
2133
2718
195507
356661
5010
104373
1869
36447
2535
2343
4287
24960
380358
894
1635
3513
41322
2064
3720
3552
2433
2274
3984
3558
4287
2679
5622
3183
2163
2370
4146
70752
4818
2493
3174
32358
1599
4326
3990
2136
2352
14223
3237
1605
350004
3666
2427
30573
2850
6093
78093
2466
2220
1863
22731
2703
124965
1920
2289
1545
199539
1947
2670
42009
2202
41163
171933
1464
7095
1104
1689
1281
3081
20919
1068
28815
52413
3372
2022
6678
4434
159417
76236
218157
1665
3357
3336
37026
6474
2673
45468
2151
41886
15147
1731
5094
95238
2499
82428
81711
3975
207810
1326
41406
2352
13461
2859
64953
2157
3600
259029
4458
3069
5124
53049
108822
29229
2499
2742
43395
3897
3480
4413
40962
3045
3318
131568
2067
4515
231
3138
63693
2934
31404
3528
113598
297870
2625
21504
2838
2940
2478
5724
597501
2274
2121
4104
1746
31875
2014230
2040
1863
2373
591594
3459
4214127
1854
1962
3963
2382
2514
2478
54981
2094
94749
3471
1476
2385
3465
78135
2982
553509
11040558
2400
49509
7608
3696
1612818
4902
4293
4722
3135
4146
1623495
2040
47247
1781832
1089
4791
3156
3180
753684
2682
3420
3474
1062
1369962
4518
3381
219756
1168725
3570
3153
9109281
4236
3882
1632
847782
4683
1590
1840878
3609
6115839
1136394
4140
20661
2259
2453769
887214
5187
17673
2604
2085
11970
1171167
3075
195804
2556
2331
1467
1941
2256
1872
2439
1518
3570
3254088
2736
2522268
421047
90564
1091475
78162
4605
5271
24828
2682
4137
34245
3027
4407
2276739
5615169
4897959
3894
2304
4515
17415
2517
155931
397878
2475
3027
362382
1296
32922
21645
94266
2085
246651
1419
32259
151833
240546
30525
1917
3792
2658
3228
2952
4005
132240
4227
14010
5289
2172
6936
3204
70833
295971
155604
114318
138741
4200
5808
427668
1137
3354
1245
3738
145704
85269
31566
2997
6168
22923
578670
3528
3321
4758
15897
4032
115599
95010
140013
244575
1695
2490
3687
1983
145257
933
2634
1806
1558035
5526
3357
3078
29187
488643
2067
62502
2730
1056882
3879
3936
2517
39576
88851
3708
2082
1761
3957
7833
83712
4212
2271
332226
955581
4872
4965
66189
2525166
11958
2541
2418
65370
1632
3705
66171
6015
69741
1265154
4409040
7780230
37008
2940
1437
3514005
2222292
3123873
6378
4359
2835
2556
2055
3303
1745067
4134
5022
1620426
2205
1857
2826
35358
3379794
338550
1145388
5645373
3816
4395
10608
4656
1930965
2508
1458
8171811
869919
30735
4287
8568
298467
2049879
3402312
3918
572487
601938
258318
2712
2654151
4461
5442
3537
1725
2062146
2826
2192376
1172583
3636
871338
2442957
3291963
1545
28230
3207
3384738
1332
1323
10479
1521
1146642
3387
3906
5352
4711935
4179
2472
2800104
1842
2867973
1167432
1968
19830
4580508
2496
6677913
3150
2169
17208
1299462
3591
1254540
2367
3378
4095
1223037
3543
2826
59493
2805
3959340
50919
145905
5262
4689
2163
3843
24741
3486
2601
3537
5457
18687
1710
2520
20697
5106
133176
22890
78858
10083
6543
2964
5676
2664
174864
5682
3822
3795
3819
240927
3096
2295
43578
4881
295785
5997
249465
2331
209751
65286
2577
3987
67659
1815
1422
3561
198600
115476
3315
2730
2865
3621
69666
3321
32208
38172
29979
12519
79377
2766
153405
17982
4464
4698
9873
22545
46914
2913
2781
3678
3486
2559
1701
11880
2547
44784
23436
301965
17787
81600
5682
1284
3900
4164
1410
32205
2601
2820
2007
88983
3732
2574
33978
1821
1683
112926
52158
9924
2487
88542
46485
2661
1482
36162
4260
4110
13698
12882
4383
3726
2283
5967
310884
2991
1914
42156
27066
60555
5196
2772
2253
5919
1743
5592
5553
2991
2673
2949
31908
3654
30180
3606
3609
5220
27822
2340
26928
89646
7716
2163
89421
3768
67176
40797
2952
364026
17940
3018
81348
3189
4977
142467
1605
5763
11874
5343
5130
5388
3786
3306
1830
48939
35544
4155
115287
4446
5898
4059
6387
4926
2316
4227
54189
1497
4458
147450
2193
126363
89463
85104
18666
2031
26250
3543
3066
1791
163581
52362
3135
3207
3339
14643
2595
3975
85629
2022
2148
381717
2214
2535
8103
1968
72309
1158
113670
179421
45285
175410
4200
490218
1635
2265
4590
38262
696111
2328
3552
36786
38820
2688
3555711
3963
2502300
6680646
1425
3774
2889
607185
3087
3987
618159
2747694
1824
1870851
2302509
4152
4605
37398
4047
2352
6605937
34914
4686
3999
2216475
38727
2196
1950
3252
41256
4344
2268
2538
3385410
3948
572070
1932
2829
3405
569430
35811
2251467
98877
1121892
3030
11181270
4182
1137672
4449
3129
3474
3372
3144
14808
1541340
2616
4593
71376
2418
3306
43740
846
51711
3477
26208
35934
2367
6192
2454
3048
37113
30675
120855
28455
3705
2172
3099
5148
867
3819
1119
2601
1956
2649
2013
2859
1431
3249
301782
4224
18216
170844
5469
1491
2061
49596
7881
1956
1923
2877
82416
2211
34863
1944
132516
53118
3306
2550
1947
3639
1485
70098
4314
51783
2700
12096
1512
2532
101034
2103
66105
50739
1812
2784
1590
48939
3759
3192
2745
33624
5505
2547
2556
45288
300669
83871
2400
1455
3642
3621
90096
37695
4143
1902
437523
2934
1539
2799
3483
1560
23262
4782
3327
2688
3930
8877
2976
4698
1692
135945
36276
4581
108351
1692
54723
3864
2085
1326
18210
2931
1965
4125
2097
399720
162150
35367
194565
3267
52887
2127
2442
61662
5283
159015
26277
2559
1587
3300
2973
2565
1161
38985
2001
1572
3420
42501
2796
2055
2826
34896
1386
467463
1695
1419
3678
2310
2988
2400
173655
3018
1731
3159
29901
2934
2247
2220
72159
3276
3813
1839
1521
47943
149880
1248
66015
1851
14616
2466
17316
3162
26688
103344
774
17127
2643
86427
4530
75603
138033
128991
1656
2415
533295
5865
138927
78246
2037
2628
36708
312150
5244
4473
203070
117033
3384
82698
215379
18342
3102
109902
352839
96072
3438
2628
4368
2142
35490
2871
33333
26814
1410
4200
2649
3345
12597
3813
21012
6273
108537
1839
29574
3615
3174
1197
6597
3006
5871
2436
3999
7059
996
1485
2691
2499
2265
38298
2073
4212
24942
3006
28299
12576
1674
49221
60492
98835
1785
2943
2445
165411
13074
2769
2025
3645
4407
124542
2817
163428
3936
2736
4635
182376
1452
155268
40044
5025
260343
4332
3582
1716
38940
3162
2994
3723
5529
8538
4377
1524
2016
11790
1821
5010
16113
22224
1521
2292
25617
318465
3963
1917
2739
5616
144195
141186
296922
147540
16275
23016
4749
3096
71586
106902
6549
2154
3363
2802
1929
4782
3189
4290
1803
3576
3123
1893009
3138
1830
39447
2583
571953
4301016
1783992
6677865
8799
1857
1123779
3282
2024946
32991
148083
3093
1386156
58419
96327
4785
8016
77721
2652
1551474
1894737
1183026
1086
3021
1209675
1695
1986
32697
5250
3321
11120025
4194
52602
1770219
41577
1857
897063
2271
8053077
1707468
1216479
1866
4302
1440
2925
10494
1758
2118
11841
2157
3594
4317
4650
2532
3630
1146
2706
822609
2516232
2507664
4360059
31017
3366
2538
68223
4632
2190
6076899
324564
845382
3393
8814
2115
1452
3216
25755
984078
2217
452610
2199
32646
1554
1194399
51972
2703
7959879
1632
1914
2646
2886
31785
2271
4636101
3720
412176
3426
4050
3330
2628
6855
361836
3849
1761
39195
1149
2079
1668
224250
174921
1095
3705
3294
9354
53079
77343
1956
2997
2628
115380
1599
4440
2385
18606
1050
10194
2835
129753
2790
2436
2226
4041
23757
222660
3354
3414
287994
3000
23979
4920
2358
2736
2106
239745
2775
150648
137808
89454
3738
24972
2364
365091
188208
1227
5895
60774
24762
3540
122043
21954
1062
5466
637158
87885
4836
3720
2574
56379
9930
5589
2391
2409
331575
76623
3486
1932
6060
2514
3210
173049
1728
3741
2400
4065
14751
4611
2526
4062
4482
1435545
4605
1666044
4446
2667
14859
4707
18891
2436
35781
9675
43944
2292
2745
5064
1476
6357
35550
4305
2172
3234
19659
2388
1722
326940
2583
229227
676305
88098
3342
978
2511
3117
3237
2601
283062
3195
2259
23568
1626
2218698
1866
2424
86460
3213
2370
3414
157758
2253
1659
2811
1238931
3345
2961348
1405425
1080
3018
3327
9273993
2532
882
1926192
3774
2358447
3426
6732
3966
2376
2127
10268271
3732
8737077
55212
8157333
3284382
3123
3340005
77010
2655
1704
4389
6981
486441
20322
568719
5985
25143
61353
2158833
7941
668319
136818
2640
2070
4557
2676
4174884
3321
1109016
3186
16257
56865
2580
9644037
2847
2565
2001
3885180
2376
16320
2103
44469
2328081
2712
1368
4458
3354120
2541
2511
2391
1108917
2358645
4560
4538142
94287
7543194
357018
3300
1207407
1179072
2175
2955
3915
4773
2622
15453
16722
1659
3117
3627
67956
1203
5625
2427
5052
3495
2481
2664
3972294
3078
1797
23418
81636
1641
88677
150318
1500
19464
1269
3207
2862
2988
3561
112797
94995
2928
1686
1674
34131
2073
7047
4668
19851
61314
2838
4905
1695
1887
2430
78852
2808
3360
3264
1758
9603
2946
4074
6249
3780
1716
299439
55185
61218
2181
3216
3666
2970
2157
2925
3579
16281
4353
2772
2511
175236
1767
64617
1842
2136
4458
65067
152685
17772
1011
3993
2403
4872
123363
133452
300747
3603
1995
2334
74286
85521
4182
86718
2163
927
2157
2085
108909
1593
32901
53268
13686
191529
34812
19989
8232
2682
3360
294552
2229
1758
21090
1557
1200
2163
1179
36978
1935
69234
3516
6315
3195
86091
3975
2883
3030
261912
2769
32517
2256
3354
2454
4191
1722
91143
156795
56751
159936
85089
22224
3582
265293
63423
33918
2820
4029
84306
398895
5166
2154
3666
2193
2310
2892
6624
2970
4023
2208
271338
32376
56079
1593
78624
6162
110796
3837
3126
48147
4437
69216
3675
17661
2451
37686
81384
4593
3822
3105
23097
382053
1671
2367
1680
119616
1533
2910
1761
2982
242298
3315
91485
2394
2265
2790
148974
3786
1794
3306
6192
1632
1614
2298
5772
2499
4014
2913
35184
5493
2691
1260
80502
263502
3465
2679
2121
97314
2508
197058
7641
3078
3867
1917
29208
234618
3363
1980
52701
3900
1662
23022
60777
2967
95886
247620
39564
2259
3714
2904
52923
2247
65841
80640
3000
1437
1479
1245
1935
2376
6405
2952
2217
1383
1989
21678
6759
1749
2520
1755
3405
4272
1422
2496
46530
1443
2682
2139
3390
3885
1128
2670
5853
3540
4839
3093
1200
2295
1491
1854
6639
16923
12354
181188
433371
1149
5772
318
309
225
996
315
193770
756
549
1596
645
555
378
366
96177
381
1176
1239
639
1395
915
678
58584
789
522
1104
864
399
345
498
11151
318
183
306
300
405
267
303
179247
1143
402
288
444
702
447
663
22767
1392
300
576
1506
381
831
588
361935
207
711
819
1641
2181
408
588
7542
1296
915
732
810
759
1008
174
35295
306
537
669
525
2256
1128
291
9594
690
966
573
828
408
2307
1164
117072
216
1386
270
768
1350
315
309
101979
399
1368
1530
390
456
294
315
38274
555
597
552
924
1716
402
183
11193
738
1398
543
834
486
672
633
1875
840
633
1173
300
1518
222
291
60207
489
570
1269
3177
270
1527
645
4731
756
180
1311
1710
519
300
924
49476
465
2037
381
504
633
387
774
204702
729
486
1458
780
501
561
405
115266
1227
402
1200
291
417
201
2154
222390
297
810
2589
816
759
786
639
61542
276
657
297
654
549
462
312
55674
384
1710
414
909
2007
261
363
81999
708
312
306
819
945
1287
975
32886
1335
390
795
1485
396
1419
2388
16818
747
315
807
294
717
486
1185
18888
291
921
306
1494
300
1497
372
128265
669
654
276
1140
1671
795
1350
7140
867
1050
633
309
738
201
192
16110
750
1875
1473
399
306
360
645
118548
423
474
219
1842
294
216
450
327
201
321
357
786
1203
438
357
193830
369
315
669
447
930
3264
1110
52041
345
2067
315
1143
453
477
273
82074
435
180
186
339
378
1044
1293
337974
741
294
396
888
273
183
1065
65199
303
672
312
354
351
411
1704
5091
2514
222
747
876
918
1281
384
166581
447
888
396
291
291
549
666
33696
1134
1206
210
558
1008
198
573
76275
210
318
567
180
399
1521
594
24693
837
549
933
840
1395
579
504
68814
603
1629
585
288
897
567
1191
5808
393
285
1140
525
855
1377
1599
34770
738
753
780
759
822
288
666
94902
471
222
435
1512
1140
315
1521
11277
471
468
402
858
996
672
2454
25377
186
1341
561
1779
192
942
213
67872
831
375
984
393
540
804
1230
10113
456
270
1671
798
402
3060
834
128217
963
1080
855
402
1083
477
486
29121
837
384
723
1026
720
831
342
267414
306
1104
285
783
291
489
378
24096
720
540
519
267
306
747
282
59352
528
480
1434
1230
306
279
1173
201414
918
2172
1347
786
1452
501
1530
125337
351
996
2052
402
1077
963
999
78552
2772
732
576
732
504
1308
909
27321
441
1665
804
300
870
321
804
55347
1059
1641
939
1119
2631
654
1404
49851
381
477
600
945
351
273
1596
12996
1260
600
696
555
2178
1080
387
170187
291
852
486
498
342
210
396
40992
354
384
555
396
495
303
291
77211
660
408
768
177
867
525
735
7668
405
870
192
198
534
1032
489
80178
855
1899
936
303
198
201
840
93909
294
882
927
540
810
282
276
23337
1308
837
636
1293
1251
597
285
292722
43116
966
207
1668
273
1191
606
105015
543
801
576
780
1137
741
645
148947
558
1290
504
1323
1134
999
2949
42498
174
1509
1638
684
576
1098
387
67566
732
465
1158
444
300
387
318
70818
498
696
660
519
1056
309
687
84648
180
717
375
675
288
363
564
3387
303
2244
1350
1677
873
714
987
50601
993
270
564
1086
786
279
1269
362622
192
798
306
375
342
654
609
171759
885
744
1842
1692
294
276
291
68190
384
1011
534
744
291
735
606
94890
474
675
288
1512
411
393
279
2005053
543
618
546
735
1590
2451
450
480210
1830
4020
300
348
558
636
630
12870
564
291
999
351
732
1068
291
4230669
21945
492
759
1293
450
525
2346
86259
219
279
369
411
3096
399
924
25500
1200
1500
978
345
585
1224
1017
474
198
651
177
1113
285
843
1389
13761
1758
411
687
312
1572
1356
186
568506
789
1635
2079
276
2058
390
651
1075131
2154
1320
273
2730
420
1002
921
9766077
210
405
186
2343
399
729
921
1323
423
819
951
294
756
447
864
50703
3057
291
180
531
1962
480
1014
2235
1116
687
939
450
276
312
342
14598
744
1410
471
267
540
513
783
33288
1923
888
1296
2121
378
219
402
1381029
1065
441
609
291
309
219
1050
23697
828
1050
771
864
801
303
783
61593
405
204
993
306
3312
267
585
18741
459
2256
180
198
1347
957
387
4293
2079
1143
348
306
1146
198
282
1474203
1572
468
660
180
498
522
498
10926
1818
207
891
705
591
1365
627
13422
417
1434
264
414
507
432
480
23862
300
960
291
537
693
564
402
102030
642
390
1203
498
711
1611
951
30627
1551
396
534
447
2979
753
783
1793715
759558
531
1659
861
933
882
378
2774826
537
195
2589
381
177
468
795
38982
1494
612
543
1350
513
1242
2076
9085914
930060
285
822
801
1305
1191
534
2499546
1746
207
300
522
645
861
465
215982
685530
777
1785
396
1107
963
699
2237673
300
1254
420
558
1155
993
1710
4450542
1110
1107
1023
1008
198
690
1827
2247939
14925
297
579
645
387
402
543
14199
1404
804
387
618
2451
1011
2007
1119993
567
1362
1107
300
1530
2946
666
51840
375
2016
645
387
288
411
1113
1422
372
891
1161
402
288
183
990
92139
756
204
294
381
381
882
399
1167558
450
1683
2073
657
300
723
783
2145495
507
1107
414
528
1134
393
708
15033
1161
381
573
468
1419
462
738
2462286
678
270
282
690
195
996
297
34692
9555
14067
49374
58644
1389945
27603
36213
1654851
1959
723
390
23865
8427
453
537
184455
2569935
1403115
7179
182445
192
1962
18231
22455
816
8742
819
1131771
9137481
198
838857
16311
90294
1005
831
468
1788219
900267
207
10782
728925
639
4439994
897
195
1151820
198
2430468
393
216
1986
1047
729
2517
186
884460
1185
174
21756
37386
18675
744
1183152
58044
3380154
390
1215
378
48303
471
405
2471031
23112
930
9654
151044
1011
177
729
124857
19227
1446
354
189
39990
1101
183
32712
52026
186
567
19149
123
570891
433809
860835
20043
1551441
3879909
927
3800685
195
288
17097
185526
7905
1005
6769401
288
2304
372
10776
378
5583
360
2556
14508
177
2542917
1149066
2412
702567
300
521556
17802
21543
1163949
723510
543
183
263937
480
130305
720
273
2027871
177
58638
303
435
402
201
192
2670
51135
2427549
201090
3376725
1149
1557
201
148095
291519
417372
13131
315
465
189
198
411177
315
618
918
1468689
1228791
213
471
4059
17139
2396583
198
273
1133829
186
453
4470420
4933416
1329
213897
378
8394
186
360
709131
21879
546
44061
192
300
1641
327003
48933
169548
408
267
381
1176
558
1581
17373
654
828
732
117444
489
297
1122
17640
1116
201
1185
294636
384
807
486
581391
276
192
99846
17664
74979
471
1164
281502
450
342
1032
17454
441
177366
456
90828
47322
298578
248757
198
828
45555
1191
142404
50058
375
67533
1842
12132
35271
23598
89403
233193
204033
705
100239
1450686
549
26298
468204
24399
1575
540
1096887
161352
456
138585
554037
12243
1104
903
345
684
10551
387
622713
372
471
48597
561
51051
30411
313008
2239032
39027
214362
462
204
306
1220934
16632
2986224
1354641
216
7519035
672
726
195
3868677
5325564
192
441
1742625
921
1287
16257
2007
18321
1685895
3683907
471
195
744
1191
447
5481
1138959
366
990
948
204
663
1284
1495986
1263
807
7595226
1350
174
6110934
216
604329
393
1770
5181
1770
552
854043
25026
1837728
381
3870726
23568
566445
288
273
459
13176
578100
366
6279
369
264
2226408
1086
720645
54825
4208709
183
354
720
1130376
87
890211
435
6927411
2223366
39552
1145373
1371
2314659
148023
1188
741
474
2243445
35730
222
609
22239
843594
4803327
378
1234113
471
264
2263173
1092
1136232
8748816
180
26022
1551831
348
15864
1206411
903
60612
1758
84669
1116
522
4057359
80979
108651
204
639
498
837
486
145380
21753
14169
201486
2172
192
306
321654
360
203796
969
348
139809
139827
534
32103
207
63834
870
99009
183
627
172836
738
996
200994
462
304329
123660
39405
1356
25386
50517
225993
65712
1269
228549
180
71157
927
828
31929
732
744
36387
2055
69954
636
219960
142611
99894
294
19002
1293
2610
846
207
115896
1074
204
243852
189
186
183
107715
24942
160707
94191
8757
10065
489
3489
570
18600
51651
468
1425
447
1677
219
690
37329
3720
17967
840
55149
1116
1893
213
45666
42942
74325
49371
312435
306
88089
49923
34140
201
357
246
486
1032
69174
396
23592
176394
10149
134964
80487
61899
52350
89655
93831
102099
205254
303
200508
840
22149
915
78252
993
1191
68508
105681
73854
35202
127119
20052
53442
198
137751
186
207
151215
1023
61572
166485
873
219
213867
28467
3627
486
43260
189
73017
124674
201
1002
201
32529
11622
459
17787
166236
3108
474
195
564
2067
195
636
1263
57459
288
10092
177
105252
38799
471
57690
477
795
402
53913
45285
48867
37233
1788
49356
57996
102990
35445
227976
1071
570
291
690912
194463
1206
142587
106938
486
31326
663
3213
6978
152271
2088
68850
136437
63609
456
5562
612
1089
201
78621
453
10380
132075
1959
303
180
452361
69753
28995
852
444
2241708
357
2049420
825
2570064
5586
7911048
582
2590782
97182
546
3046491
1242561
471
1542
3168
22119
6558366
2323485
201
82131
564
3316806
204
612
198
1653
732
357
207
1671
24993
441
1114893
1392
2321265
14109
2168898
978
2429544
7335
405
477
4435383
4520358
432
222
1098
1851
930
402
1131381
396546
210
213
31203
44682
85929
103563
211554
114996
633
552
121404
74691
72513
90612
1371
16023
360
43854
8067
180
825
201
225
291885
486
107535
31344
357
129903
1170
44775
112422
11457
180
15366
1062
55092
651
549
35136
492
2229
18033
393
351
98226
104634
28722
1422
38202
1089
552
3543
381
192
3360
100557
357
36819
582
24576
198
735
91113
897
309
387
21552
180
21675
316065
37755
615
192
354351
21900
3216
2199
381
82017
131376
12753
459
435
282
244077
205011
68424
2109
759
78600
77145
82317
387
73059
159492
987
198
354
840
399
192
831
139596
645
54813
750
570
17256
1194
1836
144093
1299
351
88194
126504
624
378
468
61545
114285
645
70941
26826
30954
18726
564
83127
201
2922
228675
1008
213003
70071
21465
52884
1632
1233
177
468
1194
195
96918
46596
1608
40194
138453
183
20337
47874
471
27429
210
750
189
75177
22548
1830
660
229827
1866
2523
786
666
210
192
393
21039
192
216
387
300
180
1299
189
75357
207
462
996
1182
1209
1674
717
37680
444
46506
121608
189
729
46647
717
376551
543
22944
354
1179
1014
960
198
48879
450
5076
5817
1419
918
357
357
592368
19029
2397
1182
618
531
438
441
75192
25332
1335
15120
65226
166275
2478
192
44835
189
180
453
276
129678
192
178839
18414
2682
235620
6840
981
3603
153396
408
62676
26991
29511
297
36882
1092
17124
792
6057
35451
47310
1209
636
11391
1236
189
74469
1443
17019
27543
279
48312
6000
1356
56028
834
1809
86919
432
26451
846
19992
14967
459
387
381
882
579
663
198
29982
651
360
117234
195
2610
570
1071
34134
732
306771
354
51984
1254
36987
1074
93063
705
42873
192
66447
111099
10662
113253
449718
54561
166791
186
6435
52761
177
897
16074
432
828
174
201
288
62625
13485
52242
3549
1878423
447
1257
42243
804
2100
554067
624
837
192
180
2544
534
4148892
161694
157224
357
453219
35448
1168107
7788438
2013885
7563
1164
1209
921
1962
816
699
318
636
1221
372
1911
363
201
258
279
549
420
180
429
309
633
1671
678
2850
546
1131
807
801
1293
306
942
1713
375
207
306
690
1479
1638
294
381
396
219
513
1467
1227
276
441
177
1968
387
207
702
318
705
1716
390
366
648
1161
648
1395
294
840
285
1326
1797
1179
468
261
648
1917
282
300
849
678
483
357
654
426
306
549
300
930
762
2541
642
909
936
1293
636
387
750
492
183
366
3156
411
1992
771
918
405
1179
369
390
1596
276
450
633
606
642
684
288
288
1032
483
1317
1506
366
447
561
381
303
978
402
405
483
915
297
402
834
405
279
567
924
1176
819
546
669
393
204
1302
1047
300
624
399
378
3738
276
438
1245
930
474
813
189
372
282
537
567
1677
1068
267
351
210
669
2160
594
1092
669
852
1692
1089
684
396
696
288
267
1284
702
570
1626
1074
381
414
576
1737
771
1104
1500
285
285
1188
864
381
1014
744
666
924
285
234
285
2133
360
606
978
2958
1110
210
600
303
1266
270
2274
1746
405
552
363
969
3780
372
405
375
1077
192
771
528
690
636
408
450
456
579
642
660
720
789
1020
1203
309
291
1707
207
738
1173
213
582
195
402
267
1317
273
840
3210
621
4224
201
1590
309
306
945
537
849
1353
396
285
504
288
1683
639
390
378
717
291
720
381
264
573
642
669
183
876
312
483
405
744
1644
735
414
267
180
183
354
1248
513
1179
453
411
441
426
1269
390
360
450
711
333
1080
837
990
198
1095
570
1545
1311
264
2040
609
288
825
303
1875
1368
987
1401
1689
1269
186
480
549
348
393
981
999
420
552
339
306
672
564
1506
267
939
384
1683
594
942
606
279
399
894
1011
822
564
390
564
1152
495
402
990
1050
1248
570
303
2505
369
465
402
552
312
396
300
177
816
456
1692
555
1521
1122
660
1167
786
441
771
2499
1920
1101
570
1467
765
186
1443
1260
318
492
573
2070
786
1458
1668
273
276
537
1350
1332
1350
354
636
186
273
621
1008
297
348
300
651
891
1104
303
315
1314
741
786
387
270
825
1443
399
477
489
969
807
1410
339
315
1959
702
471
3150
921
357
186
894
1344
2148
936
399
462
933
831
552
1077
402
1266
1029
561
579
264
807
399
942
546
924
828
2622
198
288
300
1497
693
186
531
396
1686
303
624
378
267
288
2667
498
390
495
384
288
1014
1248
1062
792
453
180
1209
828
843
465
210
1839
288
666
387
438
717
375
579
618
1464
999
1002
1824
288
270
393
597
456
372
1677
750
228
210
303
570
552
882
534
1371
708
1530
672
399
1230
504
1371
672
2946
306
945
291
759
690
1539
759
1488
456
405
297
207
933
828
2136
693
879
303
1053
468
921
1326
636
1737
387
501
1542
900
927
687
1128
1224
1149
606
483
1281
1035
651
663
312
651
1020
1944
1341
1179
417
720
585
975
1041
975
540
882
387
1413
828
912
945
1311
615
663
291
1941
360
612
786
522
390
645
414
1821
972
294
864
1491
654
999
222
768
309
300
465
663
441
1965
798
441
444
477
1008
882
216
1350
1587
282
1476
438
273
1152
378
666
447
399
396
564
372
534
909
546
366
294
1428
297
399
2535
885
2250
507
381
312
378
183
1317
306
1389
807
303
420
1197
360
1302
540
468
1677
999
804
633
1167
504
435
486
462
279
558
474
651
660
1638
570
957
375
396
1008
306
207
285
363
1281
396
2883
411
1293
804
273
786
642
564
393
321
660
2025
372
378
459
720
399
393
552
4290
414
489
564
888
798
660
471
2001
1917
300
393
636
690
300
1320
177
573
471
549
390
1839
216
291
435
282
552
921
3147
633
747
297
1116
297
561
2154
1128
480
531
411
669
1518
918
921
459
375
1086
690
711
273
759
639
474
3429
279
309
819
825
915
315
273
291
1371
1434
276
285
1020
1071
321
756
558
507
198
3852
2430
180
279
1200
726
450
297
756
510
312
288
429
1629
282
1167
408
807
288
423
873
282
570
411
183
402
795
1026
294
744
594
798
270
459
399
1173
510
633
606
573
441
666
810
804
399
300
600
1155
366
663
1023
276
591
771
474
780
627
372
288
291
399
540
288
753
189
561
1044
498
366
378
894
378
192
1089
273
270
291
414
312
654
381
309
1083
198
1890
291
522
309
399
723
756
405
1800
267
207
750
735
822
489
864
234
1032
1428
291
288
1086
306
810
300
618
192
636
471
2211
303
726
1203
786
1083
282
648
1128
459
294
1245
399
363
300
678
267
306
543
381
264
192
1314
627
621
405
180
645
717
669
453
279
456
291
201
402
1350
285
288
768
297
1299
525
1989
969
465
615
306
501
282
1344
426
180
681
675
864
1335
909
309
594
3042
423
279
1101
918
759
975
579
1128
399
318
537
300
684
1398
399
1323
1560
1983
909
276
1197
426
1005
291
1755
282
288
465
822
693
642
417
549
2145
399
462
723
1323
594
285
219
396
504
441
873
504
729
645
396
5850
183
207
600
732
459
399
369
291
198
15936
282
516
294
1155
1185
303
2517
2238
2766
3435
211653
83847
156435
2382
1491
1887
45033
1461
5541
395556
2538
158184
4629
14214
52809
2349
3510
74145
159036
408711
3855
2811
91254
175026
3810
5034
47355
2874
2955
112377
6516
2301
120129
2247
4140
142266
2088
1908
4638
44481
80601
2112
138645
5838
12156
23988
72816
18474
97878
3774
2715
1965
2610
3600
118593
30609
2514
8157
1842
3342
2235
5796
53466
5919
1608
27711
1488
2898
271548
15519
3759
72144
5397
1485
5271
20238
374715
72498
36900
4725
140586
2289
2139
2061
3678
58911
1866
212607
5457
241323
2961
80094
1632
2301
207558
4422
14652
4182
3756
2037090
489114
2184
2445
3735
1407
2469
1608
10035
96357
3345
7653
3507
3378
4168131
88539
156540
1386
5421
1932
435336
14304
4233
2937
4593
2982
2976
3753
23388
4863
4362
2325
2211
8379195
2555715
4011
13881
13563
36894
38304
2943
1257
3042
2640
4422
18852
29154
3279
3291
3351
1322679
2976
60309
1624572
2529
3207
146418
10206
7980
5676
3705
1920
2601
93975
5826
3942135
228927
10242204
2796
2685
2274
5760
2037
884928
1965
1968
1844112
3786
2199
1848
920445
5181681
5925
3258
3840
5925
1082880
29811
3537
3366384
2178
2559
1214325
3906
2268
4398
4200
3123
2562
3912
1305243
2123232
61515
2485848
79440
58551
75780
3210
2913
4485
29337
1989
4701
123414
3606
3537
3126
106944
73485
1644
3288
172902
3585
4050
2148
2595
2853
56790
1992
3351
3813
150597
498642
2514
3633
1989
2661
1263
29838
68211
2268
273456
2433
3219
3219
1887
3204
24183
249438
24504
27849
3201
90234
4473
1611
1476
2205
9057
2070
2127
1896
2433
125469
2553
1737
4923
1653
45903
2079
66420
2091
2406
2814
5373
5424
61947
143979
4053
4776
3615
1965
2601
122238
2505
89031
32847
3696
2778
4137
1692
1344
27399
3918
190854
3285
152889
2496
444345
43692
6732
3333
3549
133425
1850427
1746
1092
2823
3138
2685
1150581
107577
3771
2526
5223
2712
1776
4239
2937
86928
1464
2004
1767
2136
3003
2235
1443
64221
17577
318021
2346
223782
655824
2517
48294
2709
1155
2548317
89328
2262
1434
69852
2448
1818
3357
38022
1512
5226
2979
4182
2541
4014
27690
3678
3440058
2835
7221
2451
3819
802596
1365486
3918
2598
1734
1698
7783623
23649
1773
2808
3942
4626
2457
3012
3543
1438524
2331
1961496
25032
1302
2256
28389
3615
4473
1056
3498
2287728
1761
2541
3330
2847
1734
2082
3957
3059652
4998
44919
1695606
1428
4086
45084
5057001
3018
322482
8739363
8205987
2973
3555
869142
304404
5466105
31548
3246
2520
497523
3762
657984
2148
3132
2637
2200365
6066
655215
2757
1620
3678
2277
60954
76080
2748
3924
8624961
3283215
3945
1139544
2979
2289
2961
2052
5256
1932528
3975
269331
3213
1860
2769
3435
2994
4071
9303
3315
48336
3366
1141785
6060
2691
4182
2856
17778
2331810
3654
2298174
1671
3114
52383
2154
4458
853530
1974
1894701
2097
2094
4053756
3822
3735
8373
1953
1986
3282
3525
1941
5214
2258946
2778
1150761
3156
1116159
79836
5556
5517
3798
1959
7876134
35031
2610
1193157
12039
1893
1848
1746
3984
1261248
2244
1098
90696
29916
4003266
213093
3930
118440
7587
2013
2790
4176
1020
2625
464760
3306
38976
1677
2007
3102
108942
14277
57150
1914
3855
4497
1581
4026
3132
72474
83193
250806
383643
1479
1503
2448
2607
93909
4422
26547
291747
3294
2610
2139
1407
2676
2784
82866
38310
2691
125970
2217
8232
1917
239313
1260
28308
3900
3489
615
1806
26211
1554
69969
18570
261801
250464
1290
2856
4029
58164
88020
40320
2124
2982
3156
2370
4800
1575
210525
1701
1587
100746
142995
62814
32565
1932
362172
113562
169992
5877
64437
9099
3168
2622
2460
4035
126162
1158
606
621
2907
3519
3642
1731
1902
2745
4092
3615
2229
1521
4053
3864
3930
3486
726153
3273
1605
3183
3279
1806
3009
3081
1941
2112
125067
600
211089
1410
1131
2085
18969
4317
63909
21300
2484
103653
2757
2529
2811
1731
1632
2628
1722
319626
1638
3324
7332
2220
1986
164184
2097
4512
98721
43656
11712
3003
1551
2118
19785
188235
3114
33432
3273
42843
2322
1836
2316
4440
2487
3693
4248
4023
2637
2049
2079
1158
2445
5967
4323
2295
129126
92907
1674
4275
236874
3279
155946
3525
4170
3690
2235
3753
3783
116088
3063
774
12366
4596
2625
120153
1545
74058
50889
17097
2610
1392
2658
2889
5901
3624
6696
35028
2655
14052
31923
132750
1521
1686
64449
2928
3825
46698
109071
2136
5097
4386
62517
2124
78603
53814
33162
2328
1692
45033
1584
139479
1713
103296
3507
2898
34179
46563
2817
1842
4230
2952
4311
78816
4470
4989
203577
2580
2970
2436
92865
3567
1911
3468
3153
128868
1908
5835
227271
3423
58473
3555
88749
78546
106023
3021
2688
990
154155
65241
64134
146211
15702
3741
465249
53442
1188
56184
806856
3505872
8376
2733
3030
2811
3705
51507
4914
2490240
7272870
577134
4278
1689
3336
2208
3570
3204
2556381
49986
3852
7062
88689
2922
3606
1884654
2511
1548
5160
1111284
2277
2187
34290
30039
1151532
2079
4905
68190
5190
3240
3600
8833647
2970
25428
3534
20655
4887
67956
4515303
3621
2278728
20850
2290761
2223669
2283
2907
3006
3822
3786
11553
8880
2151
7784334
2106
2777073
2643
2529
23433
3546
69393
23547
25074
2394
2700
2547
1497
2145
3204
26226
17136
317997
20256
3300
157386
320133
209391
3489
2067
2067
2472
4371
3627
2805
1590
1638
82812
4518
78423
5766
46998
18738
13383
26493
57627
155637
48582
115707
1815
120303
3030
9066
2622
26673
3027
10593
2217
4365
23538
3693
297003
52374
5145
214263
3753
1869
1716
54537
2265
4221
1224
3018
2994
36762
3912
361737
20820
24837
4143
3375
1779
3423
2265
19932
1227
175173
2730
3057
2175
63549
4041
1839
46134
175449
33867
40941
48852
1617
3255
118392
47937
2247
2166
1764
2355
30606
1404
2121
2454
3357
5163
1449
32958
140199
2412
62748
78600
307692
14031
2298
3090
40692
2580
2820
2379
105939
4317
631026
97950
4134
78954
3555
1257
215028
4716
2982
3387
2118
3675
3417
15138
2952
40998
76950
1731
1524
2013
5913
72432
2601
1995
4926
2700
3285
25887
20382
2706
1755
1533
12447
1893
92613
79686
3462
3579
4443
1851
2403
3924
4056
2838
48249
2430
2349
75993
2094
5199
3582
2790
2493
4293
3354
1863
42474
2520
4764
3693
2517
1104
3453
2937
1818
3441
2880
1710
5232
2514
3025743
12399
1200
5301
112539
1090017
6650202
6483
2394
1161
2268
2511
3168
2225436
15303
924
3491796
2826
1118655
3372
2279262
2952
3495
5925
2403
37098
3288
4549314
1527
3282
8958771
1650831
28503
3456
6195
2082
2724
4089
2952
2133
1941
46284
3117
3921
52236
2181
55308
25947
1851
6804
2376
3198
280626
1821
24312
3756
65064
4701
2928
2226
2460
192180
3600
3675
73497
17487
5127
19620
4239
2862
105285
39633
3792
3165
2622
139872
3744
2115
4401
5289
12930
2379
3777
3093
82215
2154
2955
3075
54531
3642
236904
951
3360
192759
4329
412005
1134
2268
2172
101292
2340
17289
2718
26712
203061
3339
65064
2778
4797
251850
4362
2928
3489
3831
3582
3483
55428
4203
2364
55140
48597
2031
60813
61290
45765
38025
1989
4011
6246
5385
5283
2580
3252
180762
3039
18882
5187
54621
3840
3156
71640
1869
1524
4251
3891
32385
32385
69699
159786
5484
13839
87975
63840
2121
3591
426792
100041
131172
1683
2235
1977
208179
148494
110052
35265
51018
4605
2463
74067
155313
3489
4230
3102
1563
5574
14535
38868
96420
91257
73188
153486
2511
105483
4011
1779
173682
34116
2916
2637
2883
2319
5964
3150
2982
124842
20805
2259
2727
2199
1740
62727
163470
2403
4725
4830
2274
2538
126705
16755
3354
3345
149169
16263
1890
1878
1809
87441
2100
5424
4200
2619
1503
1716
4050
1521
4200
3585
1443
151557
41862
130896
2505
5256
2691
244614
2760
35580
3753
5058
2964
2433
1680
108570
1947
220863
20199
4419
69987
2217
2277
2697
3816
168459
2559
57927
2724
2769
4209
3225
25077
2478
2610
65631
172968
5565
75138
74580
82434
2256
3027
262284
3717
5589
2157
45951
1254
38634
2487
1923
2430
53061
3966
3387
244935
2463
4980
2853
282621
1950
3408
62796
5238
183333
65007
72129
3255
167661
4482
39870
2859
292893
2091
420276
3753
2955
4011
2946
2394
4362
53046
3027
2874
38934
4797
468975
1716516
3351
4699764
2022
2580
34470
58074
5640
2457
1437
2970
4482
2154
1869
2178
10434
3072
4728
2736
587991
1284
1174920
6675798
1476
5928
3672
3858
1845
1307757
6837
3603
1849956
1516326
3159
121626
1815
3639
17541
38820
6789
2781
2313
2145
1481124
28332
208128
10446
4136061
2217
57990
33957
2058
1593
1112577
5277
3654
2223
9991764
4548
4536
3678
4968
45996
2702226
5565
4881
2769
2931672
1959
3357
3357444
1097967
2094
2760
2229522
1830
61029
3759
1161270
123684
1629
63042
2613
5271
3286167
15963
2380338
4959
3069
114324
119274
16458
1944
53277
2115
3843
2880
5529
2946
37191
76935
25095
134247
241254
2994
2133
395916
96747
3702
125085
4260
5307
2754
3084
2364
31947
78966
137697
5811
209931
5832
2466
3705
1734
192156
3459
138333
3192
2538
3957
71919
282690
3186
2817
38127
80793
1734
22905
169920
4164
2886
180552
5244
1815
119025
2502
2340
2562
2238
1971
1188
5136
5133
54606
242739
4263
2574
85404
3501
72303
1986
4866
3018
2961
2046
3372
3138
2046
1986891
61755
2478
1914
2979
14925
1070778
2562
22080
2709
181980
1722
396354
215295
11862
1524
635781
1827
3669
44340
367728
3114
4578
2475
3252
2174808
2070
2856
1812
180555
2412
4593
3546
13519050
3357
2322
2883
3435915
1458
2925
5400
3750
3090
2532
13692
98133
6360
2207625
3125493
44961
3516
3339
3338583
20592
2547
1845
1581
6343830
3744
3555
5430
2061
4187175
4293
1903410
1968
42189
4593
1495488
2685
4533
7525314
4935
2838
327927
24024
2058585
3282243
3117
2358
1881
2541
20565
2517
1557
588237
610746
2247222
718503
4386
44532
17439
1806
1890
5010
52833
3441
3651
747966
1141971
4890
2361
2138622
2196
6279
1827
5652
1998
2088
2661
3822
4632
1218861
2097
1740
3849
5106
817575
2892
4086
5747697
2037
3216
2265
2427
2850
1139931
2892
2261517
22788
3285
1178709
3504
1512
2255481
153414
3978
3136308
282750
2208
3792498
3963
4647
5730
4794
3711
3501
2484
2223
1827564
3060
2322912
2301
3879
4836
2262396
63810
1452
1155
5553258
1059258
2611860
3381
1146093
80604
1164
4091190
73335
2838
5748
2865
2307
2838
230409
3873
1077
286488
2079
7926
3738
2292
2850
7692
2958
4971
209823
2526
2664
142896
2730
2382
17031
64746
1980
162480
113913
1509
64035
3786
105369
3822
50973
136719
14886
36048
2169
2496
4116
104880
2271
2940
3945
3996
3816
2475
2223
2193
2493
3774
2259
1719
119865
1140
4698
150627
2535
1839
2679
21936
4110
2049
4326
2628
2265
83436
3579
2832
1929
2271
1518
237264
63522
2577
2403
7920
84720
146826
2943
2658
31647
5460
21381
103575
143718
2013
3519
109395
69840
2511
40197
18561
1428
1734
30096
5349
1362
208155
1962
365736
1713
19596
3735
1332
3081
2544
1350
142584
2604
2178
4917
243153
2364
17634
85467
21657
3522
1554
2154
1896
3393
2586
2562
17733
11799
2913
2535
2418
5469
1929
3726
3240
1683
4536
126375
143736
2277
2244
2724
2274
5397
5613
1566
3345
261585
4029
118131
220503
4866
6300
4443
127326
1155
1854
3705
3105
40818
2904
2853
50829
3273
83382
1194
51942
4611
1344
61449
2619
1929
129153
1650
2298
9951
63144
67119
2805
2607
1983
3633
23436
2535
3645
55134
2436
66054
3372
4407
2811
67170
1827
2640
17895
2562
3207
2337
74424
1824
280866
2400
2436
4074
5061
1722
3240
4353
104748
193959
6714
3468
3753
2730
38049
130014
2904
104328
1332
2169
2004
3510
126720
2610
2772
4242
1587
3522
2271
3264
3663
3177
24393
4437
4335
2607
39711
18567
1638
322260
113346
1920
3309
3537
3750
116103
3333
3618
102132
1677
2676
26397
3975
3213
82482
1395
3441
68901
11721
76176
1692
76641
2529
2871
125934
3642
4017
3531
147582
2070
9186
4839
69249
2799
2751
2859
3429
50010
2973
2358
3354
4944
52467
2952
64371
3345
104589
132831
5913
3474
3030
3378
2043
4485
2280
121140
62979
2199
98052
35604
2001
1545
1359
2895
2043
3645
2745
456378
29445
2010
33306
4047
23574
2523
2352
3759
1695
107028
29568
221643
6141
195951
2640
532098
25785
4815
3369
1443627
4995
2818635
64809
2040
3975
11631
5091
2799
2664
6117402
4710
4878
1875
2217
2571
2983761
3237
5157
1185342
3159
49035
3900
11241
2539032
1209
3213
7560
2025
2499
1584
6228
795
3933
1773
70302
1725
4566
4002
53724
3537
4485
8613
2379
1437
2343
28743
2901
1884
83055
147279
6606
2505
115689
484770
4875
17853
5529
2499
2667
772257
1737
3468
1554
3553764
2466
119802
2456850
13242
14838
6603471
3045
3270
2973
3114
5532
1210926
1905
2644173
2002377
1170342
2229
2703
6309
3213
3354
2856
1473
2289
2526
3615
1446
2475
2274
16776
2187
1170120
1112433
2997
5502249
2233902
92154
2949
13971
4490769
32283
2283333
18258
62160
4071
1332
2403
2331
5154
1103748
2748
3618
3054
3397350
10516164
1683
55623
107181
87330
4476
103686
20265
3438
88515
2757
3600
3465
2109
3051
58884
55920
2931
2604
286740
3069
4062
3309
2319
7011
45474
6318
1281
1803
1527
2526
207036
237447
109491
77565
3771
1782
3048
2022
1788
40803
4641
1284
57663
104292
86268
124332
16971
108141
20001
2547
3393
1917
113607
71124
50181
11181
35580
1248
2613
127035
3129
2361
3135
5442
1650
4284
3282
4785
27468
4242
1398
783
2736
82959
2811
3027
1749
10893
26616
98661
1062
1311
3957
2604
42006
92208
21705
2025
38004
24798
1173
2181
2460
2685
3717
25497
57453
73146
2022
1230
2760
3111
1077
196959
2886
2508
277581
5811
93852
1998
74334
118818
3276
64365
25485
3858
118608
2613
195
1800
2994
8733
3897
3681
30984
4020
2565
1935
2067
46062
191697
10548
150309
2568
1842
25206
222996
133230
142086
2313
2649
2007
186867
234438
11706
1818
91434
41913
945
312768
176817
2628
38772
2415
30870
3933
1986
3690
2322
2352
243333
3249
114915
1326
2508
5136
1578
3621
3198
3462
130992
3759
3843
1047
305085
2949
1236
1059
3714
2961
3024
4212
1878
3354
60633
5901
130734
36936
36138
2106
2520
99489
3396
7758
1680
25968
15099
2724
279801
69204
2088
933
3582
6795
1839
239556
1485
2754
4233
14994
4068
2586
5010
35445
70284
1254
1992
84213
7332
45609
789
71094
256185
74502
1980
2769
1578
154056
1251
165375
2226
2199
3804
2466
32184
2406
2721
1938
2958
13791
345381
90846
67980
1269
31593
3969
3021
3618
77367
15996
2802
24669
2607
2298
3315
2994
123789
19398
3273
5520
2421
1071
2100
3162
2352
58494
3285
2448
2691
29097
5994
3693
3930
2043
60057
61350
56235
132174
2277
2952
3279
103725
2583
2838
2757
171114
1581
4281
2727
4602
2529
2265
3555
1077
1227
4137
70059
2253
4050
29148
86796
2058
56844
4008
245907
2334
3522
1566
3153
3771
3966
1449
71979
2274
1965
2802
2409
3777
2209287
3231
4068
9108
5511
472236
28836
89871
6000
4130067
2604
65772
4242
4272
18858
122793
37587
1095
2709
414
51282
1260
5379
3456
5781
2865
9421401
3057
1542
1872
2025912
68904
2763
1472868
1155
4806
28326
73935
66633
1545633
1719
148050
3882
7002
1710
3912
1704
31950
2577585
3915
3339
1995
2109
1569087
2427
2415
4230
40302
3102
1530
11142975
32220
1986
2277
3390
1797177
3945
2835
949554
5132340
2745
1111389
5658
2727
1726245
6663
2019
4719
1653
2835
4200222
4668438
337125
2123991
1152
930
3243
2808
720
26664
2796
2844
3354
2196
2289
1989
1347
28701
4134
4647
4620
3057
60696
3339
1203
4122
1209
2607
45828
54657
2535
19911
3063
4194
1245510
5544
15748581
5340483
36456
1686237
2958
28767
3663
3837
2583
1688886
4874052
2673
3267
2472
3687
7566570
8076
33396
293004
1836
3225
1162710
3936
4656
2586
3705
7532592
49911
1852080
1689
4977
1899
2553
3816306
2241
33798
4533
2769
4713
1815
1149987
27573
2222403
1623
2142
737691
1410
4521
2034
1881
4219314
2529
1156929
4209
1710
21579
1923
939
1095
1443
1578
34548
3750
1095
1674
7669371
4569
1752
2181
1215
1945758
20337
299643
1248651
2238666
1365
3180
47778
4215
1353
2343930
1341
2784
19536
2058
11892
15273
3030
4932261
32067
1989
1077
663360
2877
1110462
3111
2010
4062
92775
3672
1674
2307
1710
3363885
2358
3669
2826
6318
11835
2658
1162134
1869
3765
3293973
3354147
2772
3036
947439
314958
2817
1881
1785
4563
1199526
1872
1231782
3888
28197
3429
1434
95787
2562
3819
1233
25257
3138
2415
2931
2667
4012104
4974
6969
30507
2361
3027
2907
93120
26421
2103
79989
2052
5400
1788
48105
4344
40413
2517
4077
1308
3087
48066
3690
1323
4272
87858
1521
4422
85983
2340
87069
1845
5046
77490
1389
2709
14388
363696
2937
3765
3861
4014
4095
2289
82722
4275
3447
2952
2487
2232
4356
2991
9669
2868
3840
3507
24705
2760
3888
1701
129471
44445
46545
2709
9708
2979
2010
1491
1230
3018
2010
1278
7635
2319
2406
1809
2379
3330
5520
2790
2535
1056
1287
3315
22008
2748
2619
2979
1872
2364
25350
3096
93705
1977
2088
181539
3657
2496
6105
3147
1770
1590
4743
46092
1182
4377
17304
1941
3363
4254
1029
1788
3060
3750
252228
89952
2826
3021
3951
2127
35883
2808
116082
225618
41826
1596
1686
2028
2739
4107
4377
1809
2307
76455
2457
4071
1935
61446
2316
3324
2220
3075
4209
12063
2217
2619
48843
84039
158598
5319
131820
4413
3048
57459
3207
2100
55284
2301
2307
3114
2871
108711
4950
136059
2598
1812
20877
2724
149085
2793
3513
30003
4026
3480
12942
3006
3240
3390
264576
3576
1287
47829
4758
2103
3720
7749
180951
34191
2781
4521
2370
1416
2148
3885
1539
2946
3171
88398
1521
5811
2118
3222
2835
3855
2769
2646
50565
4020
1377
720
2391
2295
5934
229161
4638
52317
2028
2544
3090
2250
2007
3906
168075
2448
34485
9198
53586
1680
4464
2913
1413
2013
101922
48468
4599
87168
2322
1923
2229
82578
47382
3552
3843
1509
1809
59976
70404
117717
46785
31668
1812
2868
2256
1566
3915
10869
57891
42036
111612
2496
1353
2349
4533
1557
2700
2619
81027
1077
51111
2016
1515
4506
229188
147054
229314
5289
1572
4512
3768
2388
3111
15570
2907
84855
100722
5181
3978
3486
1323
82722
2181
107412
2532
1404
1350
2325
2910
3351
2886
121377
4065
145128
26250
6585
3969
2769
3000
270693
12018
2121
2427
61347
3360
1986
1485
183600
2793
2322
294828
2571
1845
39390
2556
4752
276579
74832
25143
2085
2361
2178
36114
79938
26913
2409
422004
56832
5817
110826
3012
1596
55011
74649
2166
76653
2805
29007
1461
1416
2217
1791
3363
1485
146997
1746
3993
1788
1941
4536
2670
1632
3441
82788
58986
1323162
1256994
3345
2796
1227099
2667
65508
3959145
19098
30279
79074
64611
2463
3192
3765
2685
3579
20826
3315
3792
2469
3924
3180
12531
2628
3042
27975
132105
2097
22824
74076
5760
7509
2838
3153
3978
180039
6090
3078
2301
3975
19074
76608
138090
2430
2748
3657
45276
3033
268236
21783
5880
255051
60897
145689
65028
3888
2940
68685
1692
1698
4125
3402
192186
2190
109119
2961
5748
2112
3897
1926
70119
32670
37032
31410
2676
95544
1572
148941
22941
4734
2352
4176
70149
3213
2415
3303
4011
3459
3171
3879
6306
4350
47559
18963
28434
272850
2562
14964
1776
78666
5217
1683
3981
3861
2898
2670
32454
2274
3612
2202
80568
3627
2997
40179
3510
129942
37485
1953
6174
2820
140730
1461
2268
30612
2532
6267
17838
13752
4173
1665
4884
314943
2007
48072
18282
2049
56298
3996
2889
2148
2871
2586
2373
5634
3990
1527
2862
31626
1971
2244
22827
3501
5544
4470
31551
130770
3255
90297
3084
63759
43941
2337
358671
22326
3105
78615
1224
1731
2973
136806
2241
2331
14367
4527
4269
5343
2514
2949
2019
2247
44826
42165
118461
11526
11613
2187
2271
2529
52929
2733
3582
148356
125979
97002
3723
3615
1560
2448
1095
47610
142656
2715
17181
2358
2550
268470
5145
2673
2013
74256
55482
2643
2466
2490
36009
4212
3102
2169
2349
2310
2823
4398
2367
2220
76179
8385
3540
2934
5514
208221
25596
346845
2010
3945
19161
10842
2844
43545
3399
89385
3063
226089
2181
4026
107496
6813
1572
3339
40065
2448
3201
228
3972
3066
2745
363567
2091
3306
3954
173550
2481
5145
40956
122232
2436
3768
1491
4266
2349
10044
3081
2508
81507
2739
308916
3441
15510
3402
33519
1611
72762
3339
4590
147408
3333
4944
3657
3213
81939
160890
127818
89427
175404
72663
2493
4350
1560
4623
124293
3378
3357
3387
38517
2307
2052
3003
4194
3096
89154
69246
158736
2409
8091
3711
4194
112596
2073
6669
155214
3402
185187
2991
474429
4248
69312
5289
729990
3414
1914
2442
1683
7248
4134
2013
20208
2265
3491253
2967
1776
2457
11541
4230
3471
91848
3069
2436270
12450
3570
13995
3611709
1836
3255
3567
3047049
553638
1980
4311
4053
4473
2064
2661
2928
4008
2910
637416
2733387
1873497
1470
2346072
2937
6618462
54861
2937
5097
2231274
86700
3231
17940
2928
3345
1092
3138
3318681
3494622
2274888
4368
2361
4311
1848
3084
2207289
3876
3978
2682
3426
7831821
2772813
4029
114234
25602
113412
2538
66165
99894
1875
4257
337878
3117
2469
3849
73566
234135
1914
18711
112350
6867
68904
2220
4626
5235
3363
4623
2781
2400
2946
2361
59073
133557
1719
5205
149148
4863
4251
24702
5853
5583
2007
84432
2427
51393
155148
1851
2724
3150
85275
32952
26718
83268
2094
31587
18504
9444
3312
546828
4107
114447
2049
18294
2607
5511
16068
2055
1887
25743
341751
5358
1311
34431
190716
45657
4941
4542
233262
1896
2742
46317
12432
3234
112749
46299
1770
37284
77232
2337
1437
3078
2295
82500
32718
1863
43749
2796
173610
3492
46767
1779
3006
1785
2424
3099
6210
4239
2073
3696
3678
3330
993
2814
3033
2190
3369
2406
8514
4752
2550
32124
56505
1926
107148
26535
2850
5397
141516
4644
3015
1917
2256
3948
3231
2466
2484
1590
2631
2436
44196
2370
28827
1884
254004
1959
11292
28815
4005
2634
3810
32943
24270
2928
4560
38007
2025
1428
3624
5211
1599
2274
3951
7812
3834
62247
2442
51510
4134
19125
5313
4551
1854
173598
3927
1659
1674
1197
2223
1809
190326
224514
136074
108078
34854
1554
3606
3447
409497
1695
2250
1017
43749
2967
4791
2532
1743
1887
5358
2004
6486
3279
477
4167
2496
3789
1449
3915
62547
9705
2388
2334
28686
5352
3615
5091
3450
3612
18444
3165
349041
3468
2838
35187
1986
82470
2985
2637
4365
18570
1533
3522
44661
74277
3294
1572
2835
205749
3627
44937
42738
176883
11568
1185
2016
2979
27051
1455
26031
2469
19773
26460
3597
3222
3735
1101
2247
2190
153753
2046
68757
223806
3144
3204
5592
29724
4950
3987
3393
41751
1416
47589
10869
2856
6399
94419
2673
37068
133275
5796
2388
201207
1362
42606
16332
3120
64695
3141
5586
38169
222402
2199
4800
52005
107712
33939
2595
49383
1629
2010
4680
37554
3363
3237
2532
126168
1917
3003
5148
69090
36105
111747
4251
293301
2655
26493
1350
3615
4296
5469
589185
2346
1359
3333
1539
30828
2017989
2106
2031
1977
587838
1704
4214328
2349
1131
2133
4611
1812
3468
3120
49623
2058
99762
1074
1398
4071
2460
73131
4617
4299
547188
11043717
3153
46239
5652
2067
1617477
4530
2289
5235
2958
1630842
1831014
3981
3882
4341
2448
756684
2823
3369
1950
1375335
4620
220887
2022
1169289
5025
9107052
2961
2418
2637
2379
844233
2850
2322
2079
1834392
4971
6120609
1136013
21966
1671
3346575
24516
3963
1191225
4542
192513
4359
3705
2826
3966
1857
3423
1800
3063
3291
3259512
2525973
1671
5295
493917
3285
1827
3327
937824
1857
5580
514095
1091967
2820
47601
26745
4032
25047
4857
3555
39882
2946
2281464
5610462
4897314
1968
1851
1023
22422
560028
2733
4059
282861
70605
1977
37650
14994
93882
3399
2406
247017
36222
122898
21825
3129
56967
24324
152031
34362
3534
2736
4512
3243
1995
120084
12258
21204
2046
2670
3888
380355
144834
3582
110592
142929
2544
426603
2295
3060
3801
2892
2853
229839
30576
4104
1884
3918
20124
581880
1962
3594
20460
114000
4953
233901
251235
1653
2574
2223
151587
1668
3639
1563201
2790
1920
524916
3090
54639
4560
1057119
2250
1908
3345
40152
3138
91134
2382
3774
2043
9009
3387
80037
4476
2022
338505
906060
44565
3663
7671
2613507
2184
46794
16275
1776
2133
71694
5163
64971
1268223
4405641
6057
7773903
1095
31584
2868
2823
3397551
114795
3942
5345181
11049
4584
3648
1602
3225
1746
1741323
3666
4647
1622802
2565
2970
3885
29712
3371154
5952
333081
1149477
5646225
2829
3636
11922
5916
1898118
25902
1383
3309
8176839
37230
827001
35367
3837
8109
5748057
4758
2712
566460
1740
861033
2660322
4770
3150
1200
2068512
2192157
2517
1164630
3624
50244
823158
2447541
3290958
2343
19743
4416
3381438
2328
3528
13326
1146060
3738
4491
5220
3564
4703349
888
5223
15630
2783250
1770
2866950
4218
1161531
1953
4857
13377
2538
4581333
1767
6672360
5178
1542
3996
2328
2409
377325
3132
5649
32106
2301
3567
4038
404262
4329
4398
2214
7056
134319
2184
2808
1920
119877
3324
1917
3288
11220
4101
15561
134904
3288
3336
2013
250731
2886
2859
115842
163173
3231
29073
2268
3579
2895
244794
5967
146496
142287
85011
2553
3318
21711
2664
1794
360285
981
184341
2781
4575
94845
43653
78936
18138
921
2736
3006
634473
92442
3153
4149
2283
51705
2520
13329
5415
4098
4398
328809
75222
5415
2583
2766
3543
2862
1614
14340
153540
2493
2418
1689
3636
2115
13677
5196
3111
3117
3426
1429419
3783
2502
1668762
2490
1797
15585
3126
13662
2028
42417
4458
39852
2667
1590
3696
2799
3705
3033
36762
2448
2772
2133
13827
1737
2760
4110
323376
2424
2010
224853
1737
28209
638280
95487
771
1515
2643
918
4122
286200
1833
21588
1758
2225583
1020
2649
88290
2193
2472
161406
2493
2304
1247061
4372809
3657
3036
2562
9266961
2115
3453
1017
1923009
1287
4203
2356242
11919
2091
1740
10268658
1971
5961
30957
8760429
8151687
2541
879366
7923
2392590
3340107
77796
2733
3300
6255
2715
558
489246
14757
569316
3798
4752
21675
66192
2155074
11967
801597
2943
2331
4611
2802
1203
4171614
3027
3474
1107261
14868
3930
55437
9652743
2367
3890688
2487
11061
1554
70644
2299620
1539
2583
3036
3354117
1503
3090
3627
1110402
2359395
4422
3330
4540698
92847
7540230
362109
2763
1203807
3813
1175331
1578
2004
3027
7584
3036
36582
2442
2829
3168
65019
1896
3006
3060
2739
5403
5430
3153
3977937
1560
26217
77841
1218
2106
230988
1575
18606
1191
2961
1992
1686
3060
207795
4266
1806
1170
31161
3774
4542
6072
83118
2058
3666
3951
1194
4272
85374
4752
2943
4941
5103
6438
6717
2424
6846
2709
303453
50265
1908
23238
32295
3699
3822
3870
822
2550
1524
2505
15969
2433
5049
187071
71313
2601
1959
2916
24444
31068
156615
16119
3375
5565
2775
124062
138420
141090
155076
3411
1896
4044
1872
68280
89319
91731
2013
3720
1761
114747
32994
3408
55302
8343
2292
244488
7659
1734
5490
2025
296934
1395
19353
2274
2934
2019
1317
3210
30915
1458
15156
47715
2202
2325
1611
3060
82416
1758
3426
2901
3342
104709
157422
32715
2130
2868
4875
2691
2748
93699
153990
61785
160089
77028
2340
18996
3318
268524
58473
1401
39213
4395
2712
79449
403380
1659
3528
3921
1707
4437
2823
2304
2355
2724
2448
3132
265737
93378
78342
3111
111258
4248
2286
54087
73329
2790
14448
2604
37251
1983
78528
3294
2427
2325
27081
376002
4590
3291
1752
3321
119175
1650
5775
2181
172755
72921
3219
87744
4179
5220
3528
3738
142650
2625
2202
1839
3645
3705
1509
4542
7680
2184
3315
2964
29844
2292
1668
1626
350076
3213
1758
3705
92061
2100
2538
191025
2439
7236
1911
1989
4062
15498
241365
2370
1821
57135
1725
26799
54873
2598
345432
2337
33471
2688
3960
891
3477
53802
70380
78000
3378
1989
2109
3912
2151
5091
4227
3789
1989
1836
28872
1434
1032
3942
2043
2703
1947
2217
52968
2523
3345
1491
3732
2706
1983
4206
2715
1800
2235
774
1317
1926
2415
29319
12381
174720
2724
37056
391518
1662
88356
16422
5049
20976
1530
4815
1395
2610
160434
3780
47412
2769
3777
4710
1836
8364
1053
2148
87564
1074
2331
1407
83682
296178
2523
6990
3351
73644
1122
113097
182667
219249
1410
491925
2682
2628
3627
3207
36300
700248
1536
79767
1146
3559272
9190761
2664
1914
605496
2319
1200
3510
618054
2743956
1563
1335
4171236
2700
2859
43566
2754
1224
6639246
1257
4614
2940
2211927
40800
3372
2211
2241
44598
3810
2289
2970
3379644
2169
5628
569064
1842
2292
3174
2863368
1389
95874
1123461
1185
11184615
3201
1147401
1863
2070
3312
1371
2454
17442
1540827
2775
74112
3333
47691
51045
3480
2700
23712
37866
10686
1560
2352
29646
3537
153489
23985
5043
2358
2376
4230
2784
1308
3645
1458
3273
1509
4002
2349
2058
2481
2457
299490
1791
23829
172182
2808
5253
52980
8802
1167
3120
88110
38682
133602
2232
49647
1638
3588
3117
2871
2481
1644
64191
5970
2073
47745
1842
15903
4944
101862
1617
65229
1686
47448
2766
2064
1806
53985
5664
735
39624
4359
5406
3129
41085
1491
300549
86589
2205
2559
4077
95214
37362
4518
442362
2181
1695
6870
1875
28356
3498
4374
3822
2070
9633
5163
2325
133338
39573
2979
102924
4581
59019
2343
2049
22461
2964
2115
3768
405249
53106
101481
3306
31878
197274
57408
1731
67113
165036
20451
3018
2283
2328
3558
3231
3489
1488
39357
2094
5283
50892
2280
996
38745
1992
155691
302688
3237
1935
4431
3870
1818
1293
172074
2022
2919
1683
33210
2376
2412
79185
2784
3825
4554
2097
32919
9456
59013
94485
1695
63330
2364
8769
1494
21498
30156
103761
1437
16479
3129
79878
1674
348972
3621
2556
29487
106068
388305
954
6798
133629
2442
74391
2145
2487
41373
313692
2823
87348
119547
117819
248130
48879
22920
109296
5313
244863
102267
2076
96696
1437
7674
2613
28761
1809
2106
33690
26502
4038
2874
2208
3672
12612
3714
15741
5967
2877
105720
1122
35817
3915
1275
4740
9954
4752
2928
10362
1401
2178
3147
2706
39312
2013
1599
3453
20445
1527
3531
23106
16119
1329
44568
168249
2757
3264
165516
2799
8151
2580
2808
1314
1344
135774
3405
163389
2343
3744
187491
147543
44160
4485
255801
3237
3324
3522
1098
32163
1428
2286
5544
1755
18816
2967
1611
15336
4152
43482
2061
28137
57933
9036
241599
5988
2007
2961
3690
142470
142164
1548
265599
27630
148326
16905
1134
20211
2910
2883
180222
2814
4461
4446
2265
1887
3243
4500
1260
4377
3525
1794
1894539
1572
1680
39651
2802
571923
1539
4298547
197727
1584837
6692742
1126458
2529
2020590
33489
151248
1391154
58821
93381
3249
10674
81261
1556469
120693
2956881
3081
4449
991884
209334
1806
1902
33477
3204
4821
11124378
55908
1775307
38331
1032
902952
8053575
1706403
1908
1213236
3879
4356
2079
2604
2787
5985
1953
2427
3342
6027
957
3588
3360
4737
2550
1554
3345
4977
4014
817947
2521581
2502114
4394121
1926
11616
51294
1731
2790
6076065
2022
318189
1464
648210
196446
9420
2280
2241
2664
29583
347988
5487
5118
622185
2037
453414
35985
1253169
2332680
5624415
3351
1302
2304
1968
2634
28746
1848
4476
4636452
413541
3246
