7fff:0:0:0:0:0:0:0:0:0:0:0:0:0:0:0: (total 15)
0 1 2 Thread 0 going to cpu 0
Thread 1 going to cpu 1
3 Thread 2 going to cpu 2
4 going to barrier (cpu 0)
Thread 3 going to cpu 3
going to barrier (cpu 1)
going to barrier (cpu 2)
5 Thread 4 going to cpu 4
going to barrier (cpu 4)
6 Thread 5 going to cpu 5
going to barrier (cpu 5)
7 8 Thread 7 going to cpu 7
Thread 6 going to cpu 6
9 Thread 8 going to cpu 8
going to barrier (cpu 7)
going to barrier (cpu 6)
going to barrier (cpu 8)
10 Thread 9 going to cpu 9
going to barrier (cpu 9)
11 Thread 10 going to cpu 10
going to barrier (cpu 10)
12 Thread 11 going to cpu 11
13 going to barrier (cpu 11)
Thread 12 going to cpu 12
going to barrier (cpu 12)
14 Thread 13 going to cpu 13
going to barrier (cpu 13)
Thread 14 going to cpu 14
going to barrier (cpu 14)

cpu 15 cur 15
STARTING...
going to barrier (cpu 3)
STOPPING...
Duration      : 10000 (ms)
Acquisitions  : 9136795
7578
2514
1680
4158
4485
25497
2991
4572
6453
4389
2613
5655
124992
81855
2547
4938
2067
117690
5355
3492
2115
13251
17928
50319
3066
3903
164052
2751
32829
5637
3261
1983
2415
21642
5664
22155
1128
4569
2442
3822
2346
165993
2121
2124
153381
26982
2238
4245
7689
2322
64122
3198
1707
1428
2358
69453
2895
1452
102414
114282
2868
49488
40023
120291
60522
4131
4395
3903
11043
1761
6300
209499
3885
2352
2553
2094
283512
5286
1293
4020
2385
4200
220194
2307
2799
1959
3588
2457
2238
40269
87390
6291
8808
4950
42252
2400
2730
3516
2193
4425
3969
113307
2097
271743
20538
31110
14616
130407
3972
2406
2871
205149
2307
3321
5991
1851
59490
3987
161847
121644
11592
25536
199488
3615
14343
47025
3147
3444
147243
28977
36420
1479
1971
5964
174570
3027
4026
1677
375
247758
1293
3198
214653
1935
3306
4002
2778
28047
2733
108711
216963
3678
92973
83904
1722
73236
2856
1770
31674
135687
2271
46335
2001
2574
2565
327
4578
4029
3072
2823
1662
200172
55452
3045
252258
31392
10095
3957
1020
3678
2082
4821
51018
3369
4215
4254
13023
3777
2376
116628
2496
6933
39069
3747
192948
70131
2610
40065
2886
1419
2721
82380
2412
3408
2358
3999
3255
20625
2133
4032
22128
2847
1677
89523
3225
2553
1632
1899
3861
42081
2115
71343
4695
24951
54774
3528
3105
1938
2919
17289
3273
3657
44154
329022
1353
4653
2859
2934
153042
256860
2583
1371
3270
3816
2769
4179
2988
1680
49932
2247
28008
2001
87057
28554
4092
107865
1941
3540
2421
2844
95217
1272
4278
3384
4395
3576
25704
245376
2991
137340
4395
112314
109233
1371
42252
14652
4344
5562
2433
2937
717
2604
3603
2727
2064
3915
2460
3447
160734
3486
45504
256257
8976
1899
14697
5124
6498
5265
4011
2109
82872
8037
4446
2124
1476
4704
3624
177564
3681
51705
136566
1803
2319
3003
42759
4029
14241
2655
4554
5316
44604
2865
1317
2298
133218
2298
74595
51255
53604
2904
2976
33279
4488
38670
2154
1722
2913
4077
4200
129453
31749
72579
86934
3480
4851
45468
1212
3186
3768
180150
3102
1902
2937
1488
1431
77076
1827
19068
1956
3327
31155
2250
24426
2124
42630
2475
323505
1977
4689
95622
74907
92232
199887
73536
1671
5628
2187
2784
71337
3081
19791
17157
3774
13764
3603
4365
24753
2754
2619
44271
85290
2547
15252
1857
162810
2727
28269
2568
32295
2532
3990
119466
28143
31119
3006
50079
26193
2790
322236
3495
148506
113694
3522
20169
42492
4215
2328
49923
1878
3720
3150
87924
19914
3396
3114
1848
2157
14544
2454
3111
6585
40398
9000
3123
18366
2085
32244
196614
28659
2067
22857
4155
2655
594
73242
1842
2208
4446
51528
110571
3120
108516
2610
2466
3522
630522
4215
3471
18255
47808
2190
4815
3495
3393
2916
91722
3120
40596
1815
106668
2835
2163
58101
1476
7860
97035
82317
2349
96198
3138
5109
3981
2712
115422
3480
3357
73668
1221
26643
3129
103680
40587
299022
20502
972
2775
5037
32925
1560
5607
2775
63687
2037
2688
57693
1389
1458
2442
26061
34977
3750
187851
2013
1653
359265
35532
1935
1596
2727
13731
4050
2637
173742
2076
2310
19857
3051
1677
3483
6924
3267
65070
2700
3003
3288
5487
3102
2622
4200
4356
2181
131880
53205
3198
1203
2661
29742
40965
2568
86109
2157
2316
3336
7665
143775
63858
89964
2826
1506
4647
5643
1812
2058
55347
5100
2766
2838
2187
108501
3642
3027
7065
4242
2184
4728
4059
2112
13734
7461
2076
75342
2508
1221
5907
111726
3423
4845
4650
2706
3474
23808
5268
2613
3033
6762
2952
3669
2238
2931
15993
1752
2046
23529
2523
4047
37170
47070
2619
2697
4254
1572
3108
2439
66021
2745
5391
42711
2412
2496
26886
140844
57669
2997
28599
3609
3525
61179
3264
2904
157521
3858
23763
1746
64983
6081
2847
4968
2607
3720
32937
245892
32022
2280
2970
6867
6303
61302
40848
2628
3612
4053
2565
49767
104175
2583
2229
2535
3030
3630
97875
4233
2379
2760
1860
1632
3663
2688
4482
3015
4611
6303
2514
74853
157272
3750
3927
3033
3267
3459
2064
385878
2415
3249
3903
6615
3897
2577
2907
51354
3039
2802
4158
2682
2823
4395
67668
3423
6804
87090
3225
2079
3510
2505
3891
99831
1662
14664
4089
194388
12699
2994
4446
2922
74256
4998
2574
65091
56478
181470
5253
231
1668
130398
15645
128838
1851
2301
23130
2997
116769
2694
49386
3435
3228
23676
3915
3153
870
194703
3450
3954
1602
11484
56568
247359
3036
4080
17652
71313
4131
5430
3612
2919
4779
3987
4308
5592
253059
5730
2232
14058
85347
69057
193812
5442
3093
5994
96963
3105
4584
3807
4317
170853
4182
2760
2739
74754
34068
3531
5322
3819
2850
13656
2115
2568
6996
117489
5130
4518
37089
2286
24804
13605
5697
144516
2829
3852
2829
2100
75147
1917
1983
43629
107415
2976
107166
3279
2292
13677
1986
2604
2427
96024
38394
4617
3282
4641
1701
6012
3363
2478
2526
4863
42411
3606
1926
3594
74397
57171
2814
5181
3225
2925
69279
6699
2847
2319
11073
3408
3594
126720
38175
238290
58542
10326
1929
2643
4479
4338
2025
2526
66291
5196
1905
217836
3000
3075
142944
81306
13827
2424
70566
177831
1122
3879
11961
2382
77934
52434
3339
2586
8316
2265
2664
3291
10785
2433
6612
1746
17967
3954
3708
20070
2697
2160
10332
1197
315930
2586
70362
3948
144933
3033
2118
26577
53754
4593
121302
3936
2439
1431
2031
39228
3633
2706
41553
19308
1932
4725
3294
12090
3642
5301
3738
4785
33852
2526
1857
1671
4104
88284
2340
2826
2202
2757
3501
2376
19092
1620
3003
2721
15342
3246
1656
7104
3759
374922
47469
53235
3126
25683
39138
2583
4803
3963
23862
2283
3279
573
1608
1182
2520
53661
2004
2598
42453
5079
1905
1830
2490
14097
4500
6369
1503
72129
67797
1440
2454
33348
2736
3540
85077
14031
3843
6018
57768
43155
2847
5946
153786
1893
2340
924
2838
5250
4272
5511
2013
3120
2694
3501
3429
63864
19344
3315
3384
2094
2763
5667
12495
2019
3534
3381
1872
3702
77577
16872
3666
65550
1710
1899
55710
4218
1809
5106
9261
116826
6996
3837
37467
2115
2553
2385
10332
660
7110
76563
3234
2904
3171
2277
42921
2430
4956
48651
2943
1509
3660
1893
106254
2649
4014
5250
2157
510537
2574
4857
37911
209505
2766
41400
3048
3459
2334
203658
4617
3291
82074
3516
24756
4533
65952
77745
307500
2262
1584
5130
1956
3885
2580
2613
5112
2946
181764
73293
1941
241146
88746
1662
6741
2439
4740
86676
2943
2184
2214
28974
4098
2025
2520
3213
12234
27120
2520
126426
74148
2220
6849
1767
26553
3684
2406
1689
3126
16593
2277
45696
3285
4824
597
3267
2235
5028
1515
2880
2337
2184
3807
131976
277881
3648
3840
4218
1215
3108
2286
12417
1914
2700
2940
4389
52299
2112
233331
74682
5004
4017
69201
69747
6444
12462
3780
21954
46569
4821
3147
1095
1848
75201
2274
2571
3714
74250
2775
2268
17466
157587
2820
4284
16458
2745
75528
1599
1431
45513
375
3450
4374
3546
1806
1329
5661
18732
4074
3615
2412
2853
2826
1764
3021
24609
6462
3426
2637
4416
28563
99831
4557
3114
51996
2403
100569
5475
2955
2016
2535
113100
2199
3876
3348
172875
2676
104517
40698
81405
6579
27996
3813
68214
4881
3495
2907
124062
2628
30087
38904
39075
3354
48672
2940
4182
3246
156702
3378
123162
1974
1191
87372
1182
2988
27321
3198
1833
151026
294669
71625
3822
6552
121533
2895
2043
40692
3309
21123
26973
160464
144573
130203
3111
2382
2538
126693
33954
14961
84642
5781
4146
1668
3879
53940
4254
3564
30747
1224
5031
34692
2571
2712
2022
98724
95091
4071
7014
2364
1869
2811
1473
2202
2175
2220
3060
3771
1761
76032
1923
3942
204306
23013
4038
17391
1842
404796
4596
2973
259671
78465
2061
3294
3249
1791
3588
54786
46587
2949
2514
33993
2922
35964
2721
3123
104991
1908
71793
2463
3084
3456
169230
45189
3507
3588
462342
10098
2478
3771
2823
3003
60423
15384
4728
95187
85701
64245
2712
2025
5061
3594
60456
5091
2172
2589
143259
44394
292422
3876
1680
118524
4908
14877
2202
1566
2673
133515
3957
3447
3114
6411
3705
1560
55242
38325
3720
78879
3165
135126
2838
147699
74919
6015
139350
37098
2133
11484
3330
5004
5157
2475
14499
3513
3120
1221
67728
1980
421308
1470
80352
49122
1977
200871
1635
3210
17388
2268
3297
2157
2700
78708
1317
69747
4401
57006
1476
55335
4464
40074
4293
2982
58509
3516
3132
1572
6885
14787
19974
1428
4770
48453
2880
55842
2475
13689
3825
115329
2232
68160
3147
7395
3096
4140
5175
3246
1929
107919
81111
5142
2169
2835
4080
181689
5190
113352
42432
10767
4404
2877
18558
2388
2697
3594
2211
4428
1695
80559
2817
2412
93963
2628
2484
89070
7545
23712
35610
1587
10155
2706
2937
3933
63438
2097
5646
1365
4473
3141
162018
2052
8274
53205
3108
2823
4857
31212
2829
3183
2556
1962
3579
47175
3210
9282
4578
76122
2094
5124
1128
3432
162852
2142
97140
259380
4629
4350
2934
229341
5151
1395
2766
3486
129681
41859
4047
1344
2805
143178
2142
3741
2352
278256
2874
4494
6249
1398
2292
1212
31518
2679
1563
132660
4695
273840
3462
86658
2688
34863
1278
4449
84960
2994
4842
6519
4587
2688
125007
2790
28536
17832
67203
128997
2253
8790
134493
63531
4488
3075
1986
3444
4599
2454
4032
2091
2547
4554
3150
2397
2259
411
2421
2454
2040
2343
3582
3912
30990
11286
3510
5502
2187
4329
1869
4230
1716
41253
45279
131943
4827
6141
2418
52548
2523
3648
1284
41940
83811
2238
2832
49761
200193
3495
2289
48414
3147
30858
2268
3243
3960
112239
2169
4059
3444
12210
1824
2079
3978
3696
4632
2688
1839
4206
2529
2439
3462
5205
1854
31107
10494
84240
2394
2112
3447
3630
13755
2862
30591
6432
4377
51408
24930
3081
6603
4422
1782
4368
3315
53640
2952
3645
39072
240885
1896
1884
32592
5493
124497
1761
63084
5334
3654
5145
1815
2868
80118
158070
2055
2541
3630
28284
2523
3096
4269
6423
229683
66711
5922
21249
81894
2889
2301
3114
25308
5223
693
3681
6885
21225
4485
1644
2742
2382
46347
3393
110799
2832
1941
174639
2010
5136
1365
4344
3555
53184
16392
89118
2655
217887
4731
3618
15252
2352
49212
3408
3687
19317
79809
4194
2085
109368
3663
2784
141873
1857
2979
66270
2241
120213
4143
4035
122448
12546
157155
2667
12198
3417
23817
3399
2148
1506
90669
4317
2709
4431
1524
53190
2859
2337
2448
17760
3039
23991
20007
7362
2274
76740
3450
2814
3264
321
4422
4083
4764
3186
2361
2055
29142
1764
272637
1950
3327
16008
25587
3882
1101
34392
4797
4764
2121
34524
42552
1788
4797
3327
63948
137247
2718
1902
2895
55998
65802
11025
2325
3414
3657
2049
29547
4125
1581
57894
2256
2964
38544
2133
2133
2709
33282
7422
6687
24123
4563
2739
22044
4308
276894
3525
2862
1137
3123
45363
4440
1779
2571
4215
2721
28830
1875
2574
4182
126387
6456
33660
27888
2430
110865
3105
59259
3414
2871
168087
3873
2130
57537
4206
3483
3513
4986
7428
2061
3045
18984
3036
66615
84186
3057
2526
61161
55623
5508
2676
5004
2265
3336
3213
147105
8994
3696
11484
22989
2997
3102
18738
1275
1638
144366
3732
1338
5325
46986
7062
16293
7284
36774
3300
47652
91053
1530
3738
21093
5739
11844
112194
52758
2730
4281
3015
3528
1476
5670
97098
22938
3471
1617
69651
65241
91278
42672
5910
31848
3705
15414
3657
3759
4476
2220
2898
3099
19428
2043
3501
4095
2148
67650
2322
2730
2865
606
603
1668
1524
99897
10662
2853
2919
1584
3027
26454
3477
175032
2310
3660
2697
2580
2571
4179
3384
615
618
38667
4692
111282
38046
3546
68913
6960
2586
2466
37077
70626
12015
2139
3291
126129
52437
2892
4005
261282
57483
3102
4197
3693
6714
3636
64434
2862
4839
4011
4914
2544
1923
2478
33717
1575
3225
198297
29706
4713
5616
4488
97701
78492
36768
6621
4596
116277
11826
1599
4842
2121
2967
20565
6555
4554
3408
3969
2601
5799
115788
1323
88437
5673
3105
3114
5688
37062
1986
2754
3792
92754
2520
140238
4782
2652
1707
1761
2574
73290
21198
2427
7089
2469
170067
116697
5769
123285
1986
203883
164334
122922
24945
3720
3210
22365
2760
1269
66756
2142
3612
127644
38979
3387
287058
4530
29019
3021
2058
18234
317583
103731
3651
6720
3333
78774
26340
1698
3237
3219
3648
21345
2340
2271
3063
2028
31923
141690
7041
207942
3519
1950
53220
1494
87687
164328
44958
1788
171699
4797
56745
114183
2961
1920
3000
4122
2661
3249
153465
4494
35940
123687
104919
278019
118536
3168
6930
1593
2589
95649
2736
2646
56046
16362
15603
3882
2604
209979
110589
2553
135822
57399
67686
4299
2532
71115
130605
2604
3330
3015
14109
160527
231093
1866
5670
5331
3045
6099
2664
37176
146583
29829
3225
5220
6228
2607
5358
1770
4650
186633
3165
2019
2379
7335
61332
47649
5001
39984
3999
3090
2802
2148
48636
20973
15948
2547
2985
3198
3288
30972
3027
11739
135633
2658
25008
3855
3483
27456
5670
2946
36180
41295
110154
4437
2418
11550
2835
73818
2322
2454
1602
115767
4455
5484
2727
4638
106362
2589
2949
4605
4473
3102
2853
3180
4875
1467
3204
38205
4416
2592
187539
204978
2484
1317
3219
2652
1587
1971
5328
1221
2592
1641
2292
3390
3144
5376
3249
2562
149598
2349
1584
30906
4296
41886
1659
2649
2298
3396
29700
58278
41751
2319
174561
6153
3696
1941
4251
18288
176835
10122
2742
4266
5202
32958
4467
4686
1866
2043
2994
2850
3204
2673
2346
3216
2808
37071
1377
3438
278895
1764
1845
41508
66948
29139
119409
1695
2187
4269
1323
3666
1671
2253
3360
4734
2583
1839
3222
2376
2034
33408
4473
30792
3498
116634
20691
2289
2373
2823
4935
3336
31164
1482
48525
29205
2898
49782
57270
14448
38691
3264
277743
214224
2655
2118
60408
7620
1863
2925
3525
4632
132618
5412
5784
2052
5310
5409
215313
33609
3441
4365
3375
4827
105060
3783
3738
74778
5682
3387
4158
1455
3213
3261
3492
84639
6402
65730
60198
3468
20016
99735
1788
13383
17070
3468
54612
125232
70506
2655
47652
5259
5703
1974
37935
30984
1956
7209
30699
3588
184608
109134
3234
1470
3117
4536
4320
197040
58698
15330
4659
13182
3879
1269
3606
6786
3108
59442
2472
1593
1770
61896
3765
6018
3489
25317
49053
94008
1881
3948
44202
3108
55146
4374
25290
68658
115437
4284
3408
2661
1659
80934
38823
2652
2949
2349
33654
38136
2562
3543
5238
4926
28029
2067
19686
30087
2559
50199
4101
70980
2871
25638
3423
13125
2580
84645
24300
52164
1191
4614
2001
3099
147924
89034
135384
3504
3807
3378
27918
4521
2259
3195
264264
52665
1599
2853
2391
11400
2682
2436
2073
4146
3027
80379
1797
3018
43701
16116
3939
3645
34980
2778
3504
152577
23946
127809
4545
70392
2241
4272
3453
4263
3561
1497
4032
3849
3327
1599
1662
6273
2421
3606
85182
3579
98595
3678
3000
2856
2193
68271
2013
1983
4422
89193
1551
4617
3060
2550
3273
3897
2181
19086
2160
3363
24099
3528
2796
3315
1782
2244
59904
43014
5331
1977
2658
4947
6504
4233
149781
2958
1962
53232
52896
281559
8061
66111
2082
2322
11049
31497
4215
38142
132603
4893
3015
4806
5004
3729
1527
91047
2133
4791
39264
3672
2292
2367
5811
118317
7422
425586
5001
16506
3870
77403
61851
3951
6000
2307
54078
1668
28482
23238
48333
1815
6999
3615
3708
36639
3456
1434
3765
61269
2448
1956
177186
3495
2808
3861
23271
102600
2214
85332
5796
2304
3477
5079
231087
135138
2754
4020
177324
3147
3075
217212
61461
5100
5865
3381
120207
4914
1524
2229
6492
4173
17409
5322
1971
6384
2391
3873
2067
5541
89220
10020
1752
4074
1122
2949
4038
2103
2271
14235
168033
2748
1671
2283
253008
3753
2988
3537
3099
49008
11142
3102
2226
3288
2733
88626
417
72522
3243
2727
105942
1578
3009
1755
1344
322938
2178
2742
108750
101814
3237
2271
1983
148278
3261
225033
3510
2658
2853
2757
1344
2115
126207
245382
1836
2898
2136
2571
55263
3177
2961
2442
1722
2268
97509
6630
3459
124515
6330
160947
45342
3111
4527
45486
76653
10821
3252
14007
5121
1671
4740
4071
15093
4836
2886
14256
3900
3564
8436
2382
2625
1740
4902
3069
4815
4269
14142
4353
3591
4146
3483
2427
13455
2481
3045
3612
2358
6066
81972
243477
130848
4083
3204
1725
2217
2154
2481
3096
4413
96879
98343
1173
155967
40059
3774
41433
198024
4239
2295
209568
322254
3267
11421
2166
2493
27315
3012
2679
224844
3624
13863
4074
110220
5580
1251
7023
9108
2232
3036
3309
72558
26970
41544
3402
52374
3522
4707
2343
31920
1410
6300
1845
6114
3939
28962
56733
3933
4029
4548
4959
146967
183636
268791
5385
3273
4773
2184
2649
201060
2583
112590
43908
2712
3603
96813
11505
4359
4182
3351
2574
4707
67572
27561
5259
302175
96828
1653
22206
33537
3207
3426
1842
3615
4869
201387
80409
3447
49110
160479
4314
20838
127983
2037
2583
30216
2301
2667
21441
2295
1266
162462
1920
4167
6456
2211
3477
2565
80889
61029
2610
1779
30906
2247
82047
3963
29172
3030
263709
4242
4170
4338
6474
3180
57024
89970
45897
59982
33504
4365
6744
2904
111219
1479
185700
262767
3414
2634
4380
3495
3393
2277
56802
44595
140988
4071
3186
3585
2010
2643
12291
2151
182625
3003
2613
43098
3534
37032
61284
135324
34062
226347
25677
2952
2046
176529
49581
5289
4422
14151
3054
1476
5385
21165
62388
12762
308160
2214
5013
59853
1932
4185
2364
6708
1992
4368
2034
18399
314715
3987
2127
2655
2958
5268
2709
7776
7407
1449
2808
1992
2025
60831
3609
3030
1077
3594
4026
2226
5811
132753
3033
4185
2328
2076
21426
43566
79134
3066
5562
2547
2724
163467
2943
5361
4749
3444
3843
1356
3180
102738
2043
2586
2130
3792
27858
2502
63894
5724
5895
2502
3327
1398
133698
2550
4710
17985
3285
4782
129390
2802
1737
3552
2637
858
30783
4578
302730
2667
1710
1632
119796
51348
2892
34371
1419
3381
223902
5565
19524
3456
204177
2733
3615
2559
3882
45414
2397
143637
3411
3966
43089
3516
2541
3069
1719
3780
1578
15225
2427
4365
156777
24843
3417
11646
28314
3264
13584
4164
50235
1842
65733
211404
14442
309735
4029
3339
80175
3045
27027
6144
2589
2172
2052
5433
2427
3858
142401
3099
2889
2862
80673
26151
108147
3528
46602
4410
52026
2184
2535
2379
1836
3534
3300
3150
6135
3687
4269
4233
66402
1737
2646
6768
2766
88170
60600
1872
2034
21468
120471
5700
71859
8904
1683
4656
4314
1437
82977
1287
47616
33927
33345
12378
2511
5781
94443
2613
3216
2289
157707
3702
4608
6693
234111
13815
3114
4434
42411
188319
137769
2292
1899
5703
64749
1680
2766
61512
2430
3576
112449
117342
2532
71478
2859
2055
2058
3039
2922
1503
2565
152355
226134
7266
2832
5154
1230
104823
387
2970
18027
124071
1443
1740
3279
1806
74634
44445
1917
2706
102978
37329
112605
4701
4338
157971
4080
2994
146802
100698
1227
3138
1356
2310
3960
7770
1260
3045
2520
1278
76374
5334
2526
1338
120117
2583
73833
1329
1161
2013
60366
2214
2994
5175
2907
3606
2148
2769
45525
3336
65874
3828
276642
143331
1770
53808
2760
1596
89202
3501
4575
99792
4716
2421
2373
1758
1149
14967
86430
2013
2937
3939
93978
4938
68382
59445
2196
4221
3705
7908
15045
2868
109674
22611
171729
3195
3807
68442
7086
1911
2991
4578
2625
2445
66780
1524
36003
2679
2460
1524
1659
19290
223959
2556
2991
2760
1638
2070
2373
51168
1323
1572
1926
4014
2460
1632
285642
1455
5163
222423
57489
2550
164220
3030
56187
144225
3000
2982
13341
128454
3927
2139
6294
1776
68205
190500
83490
33705
1812
2352
2085
128889
37794
2412
96591
4566
22038
1770
1947
165543
23763
8100
2814
2970
1317
15357
204816
2265
54831
149070
62211
3975
3777
1830
3849
4746
1209
1506
130356
2289
5778
23430
224787
109635
373770
1569
181014
2577
83124
75447
4878
39210
49272
1479
930
1986
3633
108675
3897
3042
2271
187656
1167
37137
1719
2868
2613
116223
4161
18750
1668
106887
2418
3534
2904
4131
126183
41853
92541
450663
3141
15888
2319
2013
2931
22662
1362
4200
178038
90237
2316
5802
4617
1443
2409
1806
1659
95238
37896
1641
1572
42948
945
173655
55218
53031
4002
3285
3915
3693
3051
21567
2322
2967
65796
1323
6042
48039
46926
2808
2367
4860
2928
65952
3780
3078
2304
3105
3147
1395
1023
5097
61368
5541
3207
25473
2484
438162
22152
1437
1836
112893
2388
76752
63180
175479
3753
2883
3648
2778
25287
3750
13749
53157
104028
1887
2760
2688
157698
2550
27561
46410
36048
2637
3096
107166
3372
2433
114852
140397
59991
1599
2733
167193
4662
3177
196875
60759
2313
24534
1650
5295
3807
1314
5334
31818
105594
3024
3138
147177
1761
203973
3537
3963
3474
1098
4194
2880
70143
1677
43704
2634
1494
316305
1953
29301
28089
3492
1992
30741
107895
204603
46308
122022
2361
2604
95553
3498
2085
61335
28779
210144
2190
4437
97524
136764
2781
1785
44574
66393
25083
2397
10350
74712
5283
3939
202182
3144
2418
3234
1371
6606
87603
29103
45684
5157
26358
2787
40518
133542
1857
2466
2214
3903
13611
2604
1968
111747
1461
414
2274
2109
2979
51822
1362
6978
1869
101373
2868
4260
2769
101460
2634
117450
5295
3003
50010
1128
64860
150588
1755
1260
3948
3447
3744
6564
52206
1491
48735
1938
999
222273
383715
6054
1107
2694
1692
2481
2358
2910
2628
46791
2991
21237
1941
1617
2565
3117
48720
3330
5997
3633
2043
3297
25584
1758
1026
43977
53394
2517
39060
7602
1350
40779
2784
178047
52224
2481
15639
81945
20223
3018
203565
2658
3561
1944
1554
64308
40383
154173
3831
48600
12564
2337
3276
1152
2457
2322
3567
16389
62163
3900
4737
19419
2271
112530
2070
2919
3396
4806
45000
13254
3096
2127
3588
1884
2268
17727
2568
1020
2268
29640
3279
46011
4560
13194
3858
2427
3108
2025
57903
5961
100407
1587
3630
1932
123651
1509
1884
2844
162747
2430
1740
41013
3246
6699
1020
56943
3315
3702
1605
1830
2559
29250
7032
153480
1659
30501
3048
2988
3942
3168
69129
2346
120507
102474
2241
2637
73113
26952
27531
30918
3453
333798
4599
2628
2970
1800
62259
4017
3966
5748
3774
1635
130698
59712
2793
3195
3027
1989
26436
2727
3018
1953
14127
1902
103752
3495
2910
61044
1896
1971
43494
271149
4311
156141
2148
358362
822
26139
2841
1884
3906
2076
66891
3633
4623
2922
395226
3948
172965
127863
1614
3063
2628
2643
2454
57531
2829
1389
1776
3360
7167
4752
130761
103989
1746
96699
1392
1995
1464
4878
4293
1971
3159
22470
4239
3330
81849
2853
2685
2376
166647
2520
3633
139134
14463
2166
39696
2091
127686
2352
41226
69123
1872
1929
208005
3600
3969
2616
3183
250812
153978
2517
43797
4980
100746
3387
1551
1800
65082
2781
2715
3033
1260
2439
2799
5202
4722
3300
220458
177384
4278
22527
4965
2376
91278
33057
67485
58281
245874
1962
2097
3009
2832
3000
10425
134094
82764
7887
76413
4497
2613
15609
2421
2793
14406
4530
191562
3069
3825
2307
1971
3408
3699
96189
4344
1716
8106
29997
141465
1977
2493
1656
4230
2910
4338
1587
3072
5073
11283
81813
70914
200145
75501
3603
1500
2181
151974
2871
1230
2985
2433
2721
51210
125079
1380
28434
73899
3363
53520
3117
17595
76611
2697
2262
6153
31218
2934
3006
4848
3447
2613
1440
2952
3429
60516
64506
1431
131541
2184
2199
3612
1569
32214
3786
927
2286
17151
93972
3771
89664
1722
2778
1101
1632
17877
1869
57180
9240
49824
148266
3003
1344
2664
3024
2805
4095
2949
1653
2088
2541
2889
2286
21552
1608
56796
177030
4428
80754
78450
2430
3561
1647
6819
1728
3609
3804
3180
2337
2043
206214
2982
1908
765
2991
2667
169410
44484
4278
3720
7587
2430
2223
20208
46836
3597
7851
1518
16758
3561
66780
3099
2937
5007
71661
2520
2451
2382
3504
1086
1746
241989
82677
2121
1677
103038
2640
26541
2052
2259
3984
2775
2319
204648
35193
3255
3189
2517
1392
63645
7875
3162
70548
3144
3024
41325
2232
13023
51711
53571
49995
96948
1752
2019
95292
123636
3681
2649
39792
21618
3813
1425
2043
4050
138444
2811
55029
2526
40713
6456
47667
2742
38790
2655
38466
2460
3369
2313
2913
3480
141834
4284
3666
66267
115041
102078
1398
2637
101919
24561
3045
2091
5337
303243
68091
2055
5679
1554
2550
2130
31677
4650
46569
2823
119913
19155
155199
3312
1809
3021
7623
130842
3309
2415
2205
273711
44412
47742
3174
909
2073
1986
4668
104151
20259
1686
83346
2775
94008
71445
16500
544686
3123
26277
1137
2643
158928
2142
2535
27345
60951
93108
2772
120900
3930
2379
2742
311646
2775
85278
15072
3264
4101
17214
98259
79785
3756
2034
2196
47514
23046
33942
3771
2139
3309
2637
78264
30810
61485
4062
2652
2769
3459
1788
19830
26289
3615
3267
1755
103806
2505
228915
72018
1842
3474
1731
116838
1515
197739
3471
18111
6126
4707
37797
2349
186879
269625
3222
148596
106158
1578
1617
2325
3321
4407
2949
167637
3420
2196
295770
2781
2616
3450
2721
36408
119691
1581
6273
4569
3579
4305
2025
61800
39999
1959
2028
3876
254913
3144
210522
72456
3153
1881
3777
15984
3570
3462
3846
75579
2790
2406
22908
10908
2358
4641
17403
5058
1254
3714
97518
100800
2562
40758
1659
2358
7194
2808
3432
3744
116268
98556
54213
2820
64554
1614
1950
2106
194643
3753
10152
2175
88197
2547
215343
1926
47580
186402
2052
2052
72336
4506
3471
52146
2616
10200
29193
2604
27933
1758
64011
1878
1689
73200
26208
2859
51156
2442
6150
1704
110916
3042
130368
20826
3867
2958
2961
135690
1920
2679
1266
64644
49341
171690
1686
44547
1290
4035
6933
1566
3471
2421
83973
2892
120417
4329
2712
89241
3198
3963
4563
5277
6681
12255
1473
3501
3405
2778
7236
22998
2595
5001
25521
13920
1830
3585
3069
2214
3639
27741
3189
3351
2535
2043
3669
4695
1935
4743
3639
33318
2292
44652
5187
5613
2094
2586
2082
2469
3816
2334
32391
2070
47850
268554
82164
2529
18600
3324
3474
6222
1953
4125
3531
4053
2769
4911
23862
30765
5301
1599
146001
3270
55119
22332
4116
1839
19107
1761
2721
3708
5196
189216
3120
337860
4923
66987
4158
17424
4584
3270
302850
3090
40344
4857
2790
3345
143907
72231
146559
4104
4104
242370
15057
21054
4920
2250
5820
2835
112929
3096
7764
2643
50409
2886
206295
4308
246
2241
119430
1920
26742
41682
3903
20991
3444
1401
924
211743
3699
2664
3324
2187
4554
87813
16380
136341
1947
75678
2835
8421
3297
2679
36117
3720
1938
1242
41946
44220
21189
3432
97734
5565
2562
13191
50097
2142
1782
136245
1539
43935
2784
136815
24093
4278
4284
6111
31242
4569
252888
110094
2112
29775
1896
2094
3207
5091
2661
105843
4041
53391
147396
3261
3846
4947
2502
1824
4737
93936
2808
2736
149607
5556
1902
3663
2724
2439
3861
47316
4995
63657
3036
2289
3192
310626
18480
2619
50919
1869
2160
10572
3213
9129
2400
1419
158910
6105
3585
61389
22542
1629
97767
5850
63819
2496
9948
56133
4308
4002
3549
21072
2754
3243
3426
3963
6804
140511
2322
4032
2529
75438
2127
4509
16293
241812
2373
1791
59376
34137
2730
2280
3552
5856
84828
64095
2913
1347
2811
39060
31755
4644
3573
1986
311031
2319
3543
106023
5061
6006
109278
33183
1662
3975
9678
106743
65163
72747
96114
2781
2946
3114
6303
139863
2361
2709
11025
2067
3267
2826
125028
230205
2781
71052
1872
7923
5733
2931
3363
53586
3123
4740
2127
4629
2877
73029
2838
8658
3054
2868
183078
3237
63615
109965
173103
10758
3051
41382
207993
7005
123726
7326
37026
1389
48606
3486
3210
2958
41379
49944
1722
188031
21438
5679
39972
2853
59223
4644
3234
79389
39261
2949
7755
2415
166332
3243
3312
4803
1497
1938
5460
3093
1482
7143
2628
2238
140058
99513
7518
1500
4737
37989
40887
68919
24345
2220
25119
42270
2130
75996
4008
3450
66432
3438
86472
4674
65778
58104
57189
1836
987
4956
3699
83478
3717
2217
2382
4107
115293
59259
1683
53592
3552
74421
49782
213294
19179
4011
71013
3642
2265
20451
3237
22113
107445
3486
4869
2493
6312
71937
152118
2391
2829
121119
67767
104889
3990
2505
4440
36363
32253
6135
55797
1647
4494
2853
4272
24756
2628
3390
16740
14766
2292
96921
147969
102057
22119
1764
18543
2472
3201
3069
94785
5307
82461
135879
2961
68031
2862
3717
110634
9432
1569
86169
3999
3192
4110
1851
41751
53667
2322
1740
2271
61158
66201
3813
3096
3276
159252
4635
3693
50373
6261
1110
4854
4059
41223
36792
1842
24270
3024
66315
91032
5376
3000
69408
4362
4005
4305
1716
4080
59028
4686
6633
2436
11034
1692
2547
40173
44073
4428
2577
267180
57207
87786
2439
3330
2145
67473
1875
3033
26778
1128
24804
47217
8349
64209
3624
1260
1347
61152
2667
42321
1464
4782
100833
148320
2538
125778
2664
49527
40782
12279
3564
4356
2436
109293
1683
3024
43650
206001
1785
262623
80787
14685
2040
2274
21204
90234
2379
2598
3984
3216
29205
119583
22125
79716
3030
1833
3387
18495
24123
3312
30492
4461
30741
3861
58311
2079
13278
40008
3504
4464
2850
2232
3882
4449
6411
3168
3015
53187
1944
3375
4143
53502
155076
14652
3153
1749
1935
153342
3198
2859
2334
78639
22920
154596
4068
6810
2835
3393
1593
1656
3396
1698
2373
152394
22065
21492
3684
21333
2298
3540
54837
3579
3489
2784
3360
2436
3249
46764
121074
232566
4518
30630
1980
2067
1887
210198
11760
1566
31797
3621
92037
2991
26547
1587
3588
87135
1851
3585
2232
83019
8208
41373
2013
2301
41751
1950
1758
97650
181236
2577
4767
159552
3945
4431
154872
3984
108483
2061
3276
1530
2853
3564
3246
29019
1806
2838
4875
227574
27624
14181
4335
2676
82251
2169
3696
27969
2706
2823
3441
7008
2769
53376
3606
2904
2097
3339
127797
26523
2100
8757
6039
4311
1848
51762
1377
912
1938
2850
8721
99810
8601
1443
1911
2505
86913
50640
1458
2154
4746
3216
86754
67770
4077
2616
4152
4728
3684
2061
4857
4146
78084
5418
2037
4434
2703
2499
5631
1884
1815
253044
40536
37518
2031
3951
3960
3153
5235
3018
193710
5043
2226
37494
3378
46050
3492
75048
74844
3570
1260
2244
2796
5133
2628
2643
149568
3297
5859
5775
192291
77046
1668
1713
169506
4077
2772
3996
4497
1668
1881
54627
4803
1752
3876
86676
1911
2646
6525
36789
3738
1659
137337
77694
3495
2610
4581
27630
2973
180429
3756
69396
3600
1848
40563
5226
12783
3687
2793
2085
25713
49464
4614
1491
191484
1719
1968
45303
2949
5037
2700
3336
3105
6045
31257
5574
4641
1299
4791
5040
2382
3702
3321
3063
3912
4170
3270
71712
2739
1554
3597
229101
3651
69768
53853
10404
161058
210657
4098
31929
2838
211350
3672
1638
70566
70203
77301
24354
1857
61629
49857
2856
4650
3009
3048
15384
3021
1317
5724
15942
67326
4380
5223
184941
3045
1512
2016
36702
1848
3561
129831
4956
107235
2226
3228
1986
1293
2067
16023
5061
2397
2535
53586
16026
1263
1473
2319
1671
3621
8745
22662
14712
2718
25665
25032
5580
66114
244701
3666
48879
44247
1623
301611
2655
2472
17721
198768
139014
2916
2442
4332
90471
2574
2958
3723
66771
3324
3102
2346
55263
4728
1968
58884
38448
54000
24555
3780
139251
14991
30186
39708
2472
1578
171087
1539
28893
2157
3201
4953
2445
2577
294861
5511
73134
1311
1539
43998
227004
1233
65871
452790
2229
1674
1470
64347
2733
2748
1908
2586
5709
3960
187497
3261
1740
4392
5139
30516
145317
4179
1902
3618
72336
2751
3975
3417
3696
57777
1902
2631
4632
91968
3282
3702
5301
52446
3414
47823
2091
50838
2586
148821
3894
2616
1800
2313
3471
495
3411
3822
14550
1689
3897
123387
3153
3165
32940
48645
19563
98997
184632
1767
2586
2910
3384
1218
1239
2154
10968
50163
15258
3213
13209
27810
1881
420
3054
3240
1551
181236
4146
2604
2709
3270
2061
1479
60024
94863
184524
3492
4050
58641
2409
60717
2952
3087
42510
3138
2787
1896
2079
111432
2571
51021
4386
1476
180039
3411
2241
9975
4572
67584
2304
3711
2142
16815
3516
2874
2283
35184
2055
1431
2331
223302
24327
1377
2259
2682
9276
112431
1833
40206
1791
1773
3360
126270
9930
52185
2112
99519
1629
3393
1278
2265
22650
23076
5133
19917
2739
3060
1488
7647
195162
2166
405
5529
1974
3297
1866
2877
1236
2919
1662
26577
1251
4122
88971
4314
21456
39945
113520
2109
79368
1950
251043
2376
3054
14901
70158
99462
1263
201489
4053
87564
93408
6024
2460
30939
3318
4035
4614
256428
2928
225261
2190
2091
2616
2355
3555
5850
1434
3081
7572
1746
5589
1089
3471
4053
3564
3849
45525
3129
3486
1602
4530
25197
270057
159057
1101
80895
1293
19974
3666
2826
36984
3159
193848
2514
1191
270162
37536
101397
30096
103737
22215
19323
3138
3396
37698
193515
7368
118842
2391
2922
3363
5310
2820
2529
103755
1122
1596
175587
1059
58890
81984
119970
2463
32220
70647
3231
10599
62676
27219
102651
280062
94458
2349
1149
10647
178638
11577
6867
1929
4782
4041
33273
63273
435660
10647
5379
1827
129996
9099
6351
51447
128973
3369
2487
3678
5328
184242
6321
13131
4305
3483
3381
45132
189711
2841
2157
2316
3732
2280
1932
4014
138012
2829
2319
3117
58668
1275
3531
76713
1896
3504
1539
1983
1998
4062
4821
2634
1149
18339
193473
1734
80508
2199
73314
52842
39216
3285
30738
1338
3528
2991
85059
1110
80061
24021
140808
3648
3336
27828
2142
10131
1455
2034
3195
348264
5376
73917
276633
3411
1890
80256
1536
2382
1791
14484
2760
49263
1617
2037
1551
2217
11358
3801
1470
55902
1710
3312
1710
4440
2913
1794
2244
47445
8649
2844
44832
38376
59361
50058
38085
4008
2445
41547
126054
849
1188
3285
3402
61698
1011
3276
3762
735
831
5259
2481
1536
2061
2274
76377
1689
84909
8739
59274
1440
31281
55293
30291
633
5436
32670
4476
56724
2712
3090
1887
3531
34440
47067
3024
4881
2376
207504
1959
2520
110982
27159
228549
1428
3075
2814
2298
2091
75936
3447
2535
3921
1860
1803
4134
26025
4614
401010
2574
1578
2430
30609
1605
128181
24435
165846
2544
1902
3435
162285
4029
4191
3783
5250
2841
1713
2151
2373
1374
3744
76620
72234
74742
2040
47442
2511
2064
3243
1986
1200
6591
3102
5088
140151
2943
2277
3873
42567
2514
35631
1617
1014
1812
2517
2289
2043
19725
55968
78942
69987
156975
42084
72381
1152
2553
12216
174576
3147
192777
2130
12267
70377
1956
150333
1686
3210
2424
3585
2439
1971
186630
2280
1368
4719
5724
47169
25425
1782
4044
74025
25941
2502
150969
3360
2490
2037
91296
3549
118614
83262
3240
76122
136875
1731
3945
9255
2163
2895
2712
3504
5064
184425
1308
3378
108003
2526
1449
20841
4356
110430
3102
19767
1872
189114
19494
6309
86964
2415
2043
2739
4200
207912
135855
1932
4029
122163
3501
2229
59847
50799
3699
74322
34125
117261
1887
2622
55926
2112
1821
2097
69732
1479
12564
1581
1896
1323
47046
12303
4533
23730
11142
2121
240138
3636
147747
2589
100446
1998
89094
178572
2841
3894
31062
2238
39969
4371
5820
11139
140802
212448
96144
3720
45837
5016
2949
3057
3681
660
32109
39981
14814
91749
111144
48780
162756
57597
3096
4560
160431
64680
3378
88470
3222
1782
106707
2700
4632
2598
83799
22857
115365
4395
1626
3243
1872
3954
1713
43248
1971
3954
44064
1839
3312
31932
153825
2664
13071
1956
9804
5829
1332
34608
2259
124491
91020
151638
3057
3885
1833
2460
22566
4206
3399
2517
4623
22506
2811
49005
4935
180198
4197
3423
1479
1422
2568
1866
109443
138708
103263
100155
2316
29340
5949
2745
3714
3318
1884
4692
1230
90159
4446
3675
1194
2865
79980
2550
1674
3348
3144
2379
103281
208392
4461
2763
11796
44592
39228
3297
15975
62424
14007
193896
2031
29982
2583
3465
2343
109026
7290
42582
2235
2544
63225
4953
2418
167313
1674
2643
1737
23589
4146
164544
2772
145101
3525
1974
3042
3174
4395
3219
1452
1605
1974
2403
1716
11922
1338
1614
21861
51396
1911
1716
3003
359850
2025
90114
14580
2358
924
5454
10842
136602
3339
23550
1920
4689
4158
14664
17145
113037
218469
1239
3780
34770
96195
1626
2619
3945
333726
3036
24849
3096
4086
2328
3003
74094
59862
2526
3543
5526
49659
1425
1923
3312
3588
3750
1347
9387
10254
12927
1038
4914
5829
24234
3300
142806
156921
2289
410883
1464
990
3489
116097
3894
5367
76659
2646
1902
7158
3663
229386
1902
29268
4455
32409
3129
132387
1947
251385
4557
4083
1302
2082
4389
59973
3624
2328
4788
74649
122565
2604
1626
2292
36609
2946
141393
55044
3075
24180
56493
2598
14055
50835
4374
1719
1470
1524
3276
2841
4581
2868
4179
192654
2604
47775
4158
140637
20247
104835
13335
4356
3963
2880
3501
140892
3054
44175
4698
104163
2889
1029
3234
3906
3138
8730
1935
1074
2751
39651
64230
2061
7032
1839
2871
34218
3750
139731
2709
1482
20499
4797
1911
447
2190
7290
35010
1959
1416
73254
2664
2829
2088
2001
3438
1551
3801
3600
2976
1260
2751
2520
2103
2427
6462
23334
50880
1080
2478
2046
2109
12729
2397
2634
167043
1536
2742
50418
3225
4080
1143
108810
3420
3198
24723
1431
144198
3255
6927
1575
4647
2463
51174
2190
2619
5208
52326
20703
4365
2226
3012
30006
1851
1998
127422
7209
3807
3906
7641
2133
3399
2859
25155
69801
67704
23652
2076
2058
151278
237453
258759
2148
2931
3399
5766
4263
2415
2580
4662
173355
2043
4497
105630
3702
1839
2727
1857
93633
3993
3942
193779
3333
140652
156057
2628
849
3738
231525
2592
56082
2016
3513
6186
1938
1986
1983
46911
210813
2127
2070
2637
2391
46308
2172
1449
6114
74184
123903
2091
6129
5397
5235
52023
43353
51102
2556
1386
5976
175908
2709
3468
3204
15870
18384
3387
1422
4257
28356
2253
214521
4524
2388
147417
1218
2196
44370
4215
1911
1848
3384
8532
2499
93045
4818
63741
2376
3099
19941
55050
201297
3267
130296
1341
3180
239838
2670
1524
19071
17799
75936
159714
2565
54132
2646
1968
78420
5172
8016
5673
2118
3018
33132
2259
4116
75480
3057
26547
27477
1278
57276
6315
1698
3186
2856
3018
9681
38973
4449
55605
2166
157917
2241
4146
5361
21159
3201
4023
2745
4998
156966
2814
32841
2868
2004
3180
1623
22068
3615
3477
6102
3288
2259
2718
5502
3270
99849
3432
1524
1221
3297
13857
2703
135234
2802
2688
4476
4764
12318
34761
3294
2007
50064
2259
2097
3552
3819
25725
79983
125511
5340
2178
4530
97764
42312
119952
2028
4323
18522
2628
32961
137649
3300
3846
31071
2481
4305
3723
2232
2943
3306
2415
26784
3555
3036
1767
6288
121269
117180
4995
4203
2415
22602
2292
4182
10824
1743
4104
26994
1866
2763
2379
62742
3258
104655
127566
76350
2670
3015
15903
4821
177276
2412
1662
92232
49536
4983
2772
3843
20934
1662
32856
1995
3423
3939
1437
2463
2112
55503
28488
3345
3105
104034
2655
93234
62985
3177
2748
54471
3303
1149
270600
37482
3012
1686
1680
2556
36609
2637
140286
2973
3144
1665
54912
2586
8415
3108
3537
14643
41589
72366
1911
6048
17208
1074
2478
4179
27489
969
3312
5265
4815
84756
3294
90603
2796
4230
4395
2385
248487
261186
90957
2028
178560
1782
2814
3558
1857
3735
53277
9654
4257
2235
2568
5127
49557
3162
26241
1362
39804
6207
57186
31677
5199
65298
1782
33552
3300
4632
3171
4587
81063
64020
3429
4248
115356
1872
102138
62364
25113
16695
1353
2721
2229
2085
5316
3399
3885
67620
112815
38379
2229
19215
2124
18996
2577
3432
1950
30600
120087
86286
265980
4944
375939
94206
31299
29871
2418
1719
3417
3342
3279
3066
3522
3156
21672
2322
117597
46974
2919
1584
41505
3450
97998
1497
34308
3240
25428
1758
54858
2478
11280
35550
1176
2127
2832
2265
18975
96969
1461
3672
1944
1683
4383
2742
2271
1899
54357
4278
1860
125694
4128
4050
130368
2058
1737
55746
18297
2940
126738
25686
2346
114813
3804
16722
2394
9642
3258
1236
2907
73671
21537
4764
56952
47097
19059
2292
2445
1809
1422
4554
2658
1890
32565
2382
3342
3906
253329
3369
4956
2469
19824
89532
2160
2559
1515
23358
4746
30705
103323
5868
2073
2415
28566
23490
4617
3117
2961
107664
67686
19293
49125
54030
30510
2082
8259
15345
14064
4533
132792
78840
2769
2916
3267
4074
2937
2046
8862
36510
2748
184545
3639
1857
39990
3669
5748
54273
2397
2178
2589
2754
2442
2496
2475
2268
2694
3006
62154
76224
2337
32751
10455
2370
29262
3411
1890
21375
1437
4458
116940
3567
2649
2685
4125
1536
1989
3684
200754
2514
8514
1332
34260
63144
69921
3132
2322
22161
92247
252660
2718
5700
1326
3624
2811
4368
163806
3843
28884
2715
52992
73926
2370
8472
1812
59460
3468
3726
2217
101709
1605
147999
1521
2487
159096
2022
5187
7041
10566
2793
1857
3588
3525
16035
2202
61341
2643
4038
4452
2049
177771
2061
4269
6420
4125
3138
1734
2367
4923
2661
51981
6867
227568
2088
2556
1848
177864
2427
2184
3495
6579
1527
3855
5304
5028
85029
4254
3705
3558
5190
1590
160011
1143
52698
2604
5313
1128
221889
2721
3477
1527
5262
105069
47775
2166
2520
183048
1542
2736
130038
1701
1350
2922
1089
2535
2955
97254
3639
2898
1704
2541
4548
2535
22713
124503
107043
2826
1686
170550
2193
115770
2952
117987
11628
85641
1749
4371
5898
20034
215655
18333
3657
2139
15861
79422
2778
57999
93030
2784
1647
2943
2520
93951
5712
2139
122049
2514
2271
163947
2667
3897
3093
1362
2850
2397
95985
2892
1287
2439
9927
43974
21777
2844
3648
6465
2589
6351
3354
2742
4311
2046
74865
3639
3348
3153
147054
3942
4320
2412
2304
2106
2982
1548
3669
17874
3798
38565
2085
2151
3699
2580
1827
1776
3345
2064
1581
13215
2661
44259
3687
2520
2322
4314
172737
6711
203301
5349
114951
2706
5922
3195
160176
4221
1671
8466
3048
2220
2685
197949
1755
13344
2562
10632
2169
213018
4353
2487
82299
1689
3474
45450
1293
196617
3090
3531
3414
2919
3462
24105
2790
1701
5997
2916
1926
2106
2490
2406
2520
47055
170226
34023
28914
25653
2757
21006
53181
7437
62112
999
83907
4329
4284
2058
3348
3045
1536
40800
1785
2010
2700
2814
26544
2091
1383
2106
3267
3591
9141
3363
3363
2721
2520
43194
3378
3354
59484
4026
77070
4401
2538
303954
137811
7140
1776
2076
1932
2613
20910
2004
64338
5505
103899
4677
1770
4047
35691
4665
83418
27300
1662
3915
45492
2742
2724
1656
2292
3495
27117
135039
5532
117894
32394
145263
4263
137319
233802
2553
4152
278097
2886
148884
5079
90090
2199
1980
51963
4905
4989
60486
56469
2292
92289
2844
4251
5550
7077
130623
9651
1560
5304
101781
8247
4080
7158
20412
4047
25527
1731
1374
2421
80307
3111
2625
112350
2439
4515
69282
2637
2445
3189
12348
2271
6423
4047
118446
44901
3036
6909
3840
207237
300477
4386
9009
97803
8607
2745
16992
4563
4086
1812
6693
5139
4446
3654
3444
4530
2976
24561
2484
122331
4044
122262
4305
30165
76788
1989
3039
3378
3474
2181
2016
21423
2184
4197
3045
4485
384
18009
5532
38154
5070
747
192
73389
345
378
76407
885
42783
210
83703
25485
288
300
44910
152796
273
67023
1680
145395
5256
315
186
582
132936
270
588
67596
570
3768
66234
909
16428
194262
531
111390
10887
192
124008
72348
399
837
58164
35787
218631
28836
1506
2193
67377
1284
71625
106863
37212
318
16014
477
2016
153867
297
345477
16851
1830
252
348
294
801
372
30423
687
43284
660
9351
459
756
792
48615
34371
13095
45207
84603
3507
288
351
34911
23577
25677
57846
651
195
1035
65739
59994
408
303
212634
393
711
534
756
27945
489
195
573
52269
885
192
570
3711
354
561
109179
1371
122388
58599
1332
194478
204
189
1290
279
109647
564
1416
190665
102207
11181
291
250683
576
154704
285
86406
55356
37191
291
900
375
64029
1083
73131
43575
285
483
42030
1113
903
162960
174504
1104
678
8118
2205
216558
58164
1110
64692
1728
131106
1662
125310
1011
927
495
79788
1050
177546
11304
372
393
1392
297
14319
573
10914
32343
282
483
189870
1626
16950
87849
81921
348
1119
489
1533
576
28878
186
378
115995
337887
741
210
195
21066
630
7770
285
285
477
11553
189
384849
297
462
28287
903
32091
23973
375
76920
372
582
573
69459
207
285
888
180519
198
753
1011
314271
7554
1290
594
30489
285594
35025
1044
31200
192
717
951
33090
109554
720
387
666
111297
93156
255
26478
127116
20610
35076
77415
456
115134
372
62400
195
197193
2031
1395
564
41421
576
145323
1149
201
192
1029
1122
210
198
89562
948
53562
117537
753
26574
9432
198
7299
192
828
813
21468
64209
29442
2508
38547
2985
450
25485
21753
282
213
24294
20859
21024
305487
49173
33480
13998
204393
21054
115767
7224
1416
1131
130068
756
279
23127
209130
1668
390
981
732
180021
192
360
26742
186
26574
210
1692
87159
95133
49182
25782
2013
2328
1746
46665
357
633
173229
110460
27186
285
792
234546
1134
738
375
55923
351
462
273
269451
44640
33423
294
69885
85194
21870
1881
282
192
1428
852
23565
63213
7809
282
456
73479
306
40791
45087
303
825
948
26817
183
142239
120243
30783
1971
720
3711
399
63222
12555
1848
257670
51582
81648
300
1215
7323
186
57759
30978
387
933
56082
51525
371880
27780
621
15636
1044
186
843
219
182769
1284
23604
138807
300
122769
471
1092
921
62394
1983
18552
177
35895
729
462
663
318
2082
5259
96747
639
158487
348
219
44859
75240
293886
31917
186
38550
726
1137
30486
5712
66375
84012
465
27006
67914
82923
561
1389
29520
288
198
318
762
28614
288
63351
26418
29121
23949
834
399
33066
100404
270
28278
1260
1083
23355
207
348
138993
167682
60447
1107
744
996
183486
26721
12072
1026
183351
35154
45231
52062
148530
24849
711
140121
20715
480
777
630
987
1392
198
176829
6369
576
212889
1491
399
186
234534
396
91188
192
51312
199842
226677
75825
65961
201
4506
195
119757
5904
73155
1932
9111
1212
11085
40392
42594
192
459
300
747
840
100992
495
50910
183
42420
918
105822
98412
61521
54915
1029
270
786
669
9681
1197
15687
1620
204
552
1104
396
1011
12303
100500
32265
25803
107847
112137
293088
26790
83154
257952
109536
14052
390
288
8775
405
360
15129
294
100932
36066
1458
1680
81207
696
70656
666
28920
79797
114933
82386
1428
36972
96429
234
5811
1815
17397
49416
684
18693
2457
1125
284712
30399
174297
23469
477
381
100527
54939
158007
28392
2952
879
256881
5721
55293
216
93318
145008
2130
77094
213
591
34128
186000
22575
6753
2667
80280
22047
13077
62832
314085
15114
54990
66450
61449
24405
102720
37773
20232
228
75552
89067
8259
130692
11268
33570
28902
270069
72033
292344
41322
143700
16389
275544
98961
140802
585
164853
23403
140952
211989
103176
222240
111477
219
324
65820
147591
34506
29973
47568
48543
262515
11016
32631
131259
82593
163200
34014
198
46191
591
960
53460
3021
24765
6579
585
10659
378
7206
486
1098
138702
747
492
17463
351
97878
60039
518895
83457
75450
510
18882
54990
8868
40320
33333
161475
129123
29751
14061
26403
159984
443196
62289
113373
315
735
1311
54255
37545
378
387
34638
783
369
103023
224655
465
9069
276
58035
6573
45090
34407
17541
99534
14121
204
75699
197745
55749
97920
159303
4452
11139
154137
73515
162762
104214
21108
753
207
645
72018
142419
4113
27618
43401
101457
75084
44019
95682
12942
254805
119547
18063
43698
930
12663
18717
48633
21993
106509
1032
23946
174042
29493
1425
74586
20772
46962
228
54918
89100
18912
43596
44598
60942
819
419292
18246
36261
154929
79566
18189
200229
103194
666
396
201
654
2373
52842
98721
47346
6249
459
213
624
243765
63420
591
178350
104907
216
855
1020
732
80826
291
843
192
24363
56376
1065
14649
23901
5133
369
663
1284
81684
66939
101781
23934
92106
738
867
807
10221
19401
504
149787
11418
558
270
124353
204
189
211845
304131
2973
25953
25611
1587
834
39852
55596
27918
57042
306
294
303
40692
456
396
32595
408
1251
1761
44679
23460
51741
20769
142026
73422
46389
20046
103767
312
54108
459
216183
64854
105879
1095
285
1596
1785
21831
32034
192
29190
279
213
591
132039
1302
214380
471
1065
175059
315
660
11535
189
41883
573
216
294
300
14298
130530
693
140331
294
192
876
756
747
831
198
9531
573
561
40914
1269
143742
204
129006
34728
396
152673
273
4881
297
3636
34674
12912
53289
26253
10221
50040
312
1125
633
15561
63702
531
44046
402
105225
33822
465
15945
23427
291
35631
948
12096
35112
14919
57456
16650
4368
91929
229476
1860
903
831
276399
84132
130068
189
1656
180
567
852
59709
16887
315
306
32247
318
24099
61584
36453
651
1200
1200
29841
10509
378
20637
55695
1872
44328
201
444
198
213
54696
2775
1101
186
1191
16032
738
198
1170
64518
681
186
39495
663
1608
951
213
83076
122877
831
192
1059
348
204
12780
90711
1776
209745
3657
2646
3639
2112
24771
25128
2973
2031
157317
119502
5460
5670
31947
193815
3021
59901
1407
3273
146454
36396
29274
5088
4170
4443
4899
167433
5478
3246
1551
251448
2697
2781
221250
2685
1671
1614
34851
1731
2325
106500
210312
2190
5001
92064
78468
3078
1950
68295
1455
1617
174147
3774
46989
3261
2247
3270
4485
1419
3690
1143
47544
151680
59259
257178
24561
10968
4662
4080
4830
2883
1692
4854
46452
3837
3927
5733
5535
8421
2691
2181
1338
112014
3792
1782
1536
2970
32805
3276
269424
45540
1437
2904
88548
3348
3747
2922
2814
3204
15759
3048
2637
27996
2466
87258
3489
1908
2274
2460
3363
45522
2565
65592
5496
85020
2964
3645
2598
3012
13110
2433
4557
380934
4494
2445
3357
2178
156090
142680
108483
2808
1479
2358
3399
1782
2259
3213
3066
54870
31986
91758
23886
1932
1185
101820
2586
1794
2190
2985
99123
3816
3318
2448
2616
280518
140691
2094
106968
108660
1239
46134
10047
2994
6375
2592
2028
4953
4710
2439
2571
2805
3522
3405
165069
2763
39594
269397
4992
10032
2532
5013
5184
1905
2541
80217
2817
11364
1716
2742
2223
2592
176976
5919
192909
3093
1242
48201
4491
10062
1092
2472
2742
42921
3504
1728
1878
132444
1788
1164
55185
11565
2859
45048
53085
4623
2187
39933
4728
42144
1212
1857
6672
4005
133230
26829
168228
3201
52113
2982
5442
5688
183018
1116
2124
2127
2235
79554
23049
5265
37380
3540
23829
48345
321423
4080
1164
3015
91017
373557
78033
2205
5115
1791
79275
17364
4395
13896
3051
16296
4272
31254
3015
47313
81225
3621
2442
11937
3690
168591
1407
23535
3069
38892
2772
148872
40506
50604
26331
2250
5325
323766
265203
2550
22326
35016
6345
1680
2082
50184
2280
3468
3945
87444
23436
4599
2568
1938
1773
14367
2517
13572
36150
4572
4257
19629
2688
2793
28092
230874
2205
18822
2457
3792
3234
75519
1425
1992
51120
106770
2193
112698
3243
3489
2040
27180
115083
139089
3618
147456
182658
2661
2877
4062
12036
53844
4524
2970
4692
7371
3174
86673
2334
38286
3765
111393
2202
64554
195708
3009
92073
2532
12207
3084
3756
110568
1833
5928
81729
31329
2826
13002
81972
46200
292386
6303
11475
3906
2664
3036
39780
2796
5976
61902
2271
2853
61017
2181
1161
67707
191733
2148
361875
31245
2019
3819
1689
19443
2166
2943
106329
60216
2505
2817
2622
21939
2247
5505
3792
3039
4119
64422
2604
2985
4122
1917
4539
3273
2886
1341
4047
128655
1812
49419
3231
3537
1770
35625
33417
2595
2127
81837
1317
2415
4098
6528
2004
147003
60231
4032
87732
2013
1716
13446
3642
58536
3492
2583
2013
113562
4074
5655
3168
3864
2100
4641
2031
2055
16980
3111
3954
71520
2388
1797
3030
5859
65019
45486
10875
2871
4833
27585
5715
3195
5808
3726
4035
3135
2316
2319
16164
1173
2046
23970
2568
2409
32160
50994
3447
2169
2475
3486
3132
2322
57027
6711
5814
47817
2994
31374
115041
16503
4026
60255
2649
28197
3846
2166
57564
3480
4332
2730
141900
6177
3360
31617
78639
2649
3396
2427
2211
27051
282450
2208
12075
5112
55719
1872
38274
4293
1401
3189
3522
53844
103755
2085
3141
1641
2565
4641
98505
3759
2232
3228
2712
1728
3594
4635
3141
4614
7230
1767
2802
68532
4809
86769
64005
2460
2136
3267
4065
4566
2853
3210
381915
2919
1434
2811
4299
1938
1674
2757
52215
3558
3177
1941
5793
1977
3384
2814
60933
2895
2700
96240
4341
2268
3459
2997
103767
1986
10716
1938
200076
5286
1089
2520
3147
82062
3486
121023
2556
178212
4098
9582
122049
21153
127035
4320
4245
29100
123579
56088
4299
23958
2991
2697
3024
197646
4422
2097
1785
73998
251901
2706
16722
74112
1155
2967
4380
3093
3459
2739
3669
4827
256089
3087
2094
9852
3741
157119
189798
3627
5286
6120
2301
91926
2505
2598
3387
201
4008
175956
3075
3912
75156
3981
34218
5205
4182
3408
12180
2745
3012
3411
4860
107466
7938
5706
3045
33870
1788
22407
4542
14445
5271
139974
2634
2409
4491
2262
76098
1956
2229
1908
37857
110022
2991
4683
107430
5247
3792
7731
4458
1725
3417
1785
137424
1980
2841
6228
2361
4008
2376
3450
5559
2382
38406
3549
3009
2985
1023
73272
53568
2211
3648
2955
3675
76662
4083
2862
13776
9354
406440
55113
14625
1266
3666
3768
3435
4272
70395
3546
2286
212586
3423
5511
3039
138114
80772
20256
2478
64011
115101
61263
2643
1515
18279
6522
72435
51408
2319
2433
10797
2364
3015
14409
3789
3771
1761
17463
2805
1785
18108
6306
14598
317778
74421
150732
1662
33330
47322
2847
3456
118083
1605
4086
2844
2394
2763
36021
5730
3870
70242
3045
2529
16206
4350
3780
4629
4893
29577
3435
2190
4458
3129
93441
1683
2841
3075
3813
2541
2940
16617
1989
4335
3351
22740
3462
12006
10506
9357
300795
49746
2415
43443
2445
48690
37848
39741
4299
5187
21285
5283
2325
5343
2946
1629
52065
1698
3498
2157
13098
20337
3933
2172
2340
2736
10887
1392
5025
5001
142779
1584
36438
2118
3993
80694
5397
8550
2850
3402
59925
2325
40494
3945
2787
153930
2601
2823
2361
4005
2583
12048
1350
2877
2511
4464
75696
2505
1104
2994
5946
2601
1473
6471
1848
116769
1869
3624
41265
2169
114891
12198
159615
2202
2691
2571
1878
2013
10578
4947
3588
117492
40026
4179
49746
20859
5184
2760
4593
2100
5859
7029
2361
1917
4908
2559
3054
105330
65751
2157
2016
59766
2643
4527
9576
4194
98970
8817
5295
5157
39717
3330
1665
1770
7314
2538
6897
2580
2919
3621
28344
4638
3054
7782
2004
2673
126003
85227
3108
2766
3030
111501
3363
5076
2148
4656
8481
17955
57399
8241
167331
31911
3612
3129
2160
3231
22797
4194
19440
1365
2007
3984
2952
1647
5001
38940
124278
2535
188127
2673
10524
60633
3048
3528
1590
2130
66783
1794
3624
101835
2505
108591
2268
93741
116061
65679
2979
3510
18447
1398
2682
63303
139680
4512
4026
3480
2925
3195
278481
1464
3375
1815
2085
4041
227028
3498
5427
1743
2583
2793
45852
37785
41568
4551
15468
6861
38217
2886
3114
3825
2736
2955
4650
3522
109224
2133
268173
582
1125
16824
56505
130068
2118
4788
2712
39402
43014
98301
2607
2235
55764
3735
533598
2037
4134
3081
3663
1452
40512
41196
4899
2880
5325
45321
2199
5817
2439
111081
22731
129573
1467
7134
1971
2775
20193
2250
3807
1047
3330
2196
1569
76461
3618
954
99342
3324
94665
9045
17499
2994
39360
12342
2382
2523
68937
2730
4038
3984
2829
6246
94434
58776
2571
5211
62325
2679
2595
30261
4290
2340
3621
2673
4755
2361
34788
5226
3912
8493
3711
2286
77541
4704
2685
2382
167937
364875
4206
2532
3039
108015
115239
2421
2292
2478
6036
180093
6378
4302
141291
2664
3459
2214
273336
5511
5718
3198
2310
1458
2454
36657
1512
2244
128457
3111
4233
270357
1761
90294
41811
1494
92238
1971
6294
4662
3195
128232
3543
24432
1995
17328
63522
3006
129312
12297
122361
12591
65337
2238
3015
2673
3462
3894
2073
3150
2916
10233
3201
1836
4689
1908
2724
1512
1353
4539
49116
5283
2016
3015
4656
3006
2265
91509
127359
4707
5181
1770
56100
2178
1128
1872
37572
2736
80787
2589
4917
3261
51651
162882
37710
2565
51213
4872
24921
3489
900
1917
69288
39426
2559
4998
5439
9882
2118
3066
3123
5148
4182
3801
1344
3642
2874
1500
2343
5103
3111
31473
2148
5493
2442
37314
27369
17865
2505
3003
2514
12486
2325
3855
36381
81870
10683
6516
3447
2391
59601
2532
3519
30150
247674
3789
2772
26316
7032
6417
120939
3690
68241
1878
2262
2886
2295
83538
114438
37191
3330
1545
4104
2676
23178
3792
1134
3921
2580
231672
62265
6747
4179
14838
2280
82671
2547
5580
2274
24021
5700
4902
2154
21789
2844
2802
3726
2391
49383
115824
2220
120108
51882
2733
5049
1449
2265
3429
56106
12549
35961
54882
87168
126843
2463
3417
19257
53505
2079
97974
4131
1776
105609
2688
1524
4344
136989
726
2886
5598
66228
119184
4032
4767
2850
118098
17271
153831
2160
5631
8148
4689
28965
3414
2031
96192
1866
2922
3258
57048
3798
2457
4245
19455
49692
5298
1968
2640
71619
1800
2361
2688
5508
2580
2781
4419
2442
3606
2010
20673
4848
73965
201354
2421
4206
10008
2649
22299
1863
41049
6720
1761
33003
48066
3243
5064
2856
57678
135870
2142
2499
2667
140187
2517
4593
2253
24639
3804
2193
13227
41022
4767
2265
48078
2271
3003
2829
36246
5613
30231
843
2127
28353
283278
3270
1677
2496
45954
3273
4458
1998
5112
3267
32937
1695
2445
5100
324
116175
3306
3465
30183
2811
24339
2148
108759
1482
2556
54759
2646
3678
173010
1044
1116
52317
3402
4656
3267
3984
7653
3231
2178
2772
20028
11175
32562
106719
5907
3522
59643
53304
3411
3360
4389
3270
1644
4161
145752
1998
9720
42624
3885
18123
2850
2253
142308
2469
3585
3939
6492
42321
2631
2193
21108
1389
36390
3783
42276
3033
85989
1509
2055
5388
14235
2529
126009
2475
54426
3996
3132
1965
1671
4662
240
100029
25083
1746
5205
65175
64509
2904
61248
24444
2184
39717
3633
29352
2778
13035
1365
3069
3528
2517
2388
1080
23535
3867
5436
1548
76395
2715
1770
597
606
606
1191
1596
930
111180
3075
5955
31278
2853
169521
516
1902
2106
1920
2421
1620
4359
4083
711
627
36900
3045
158748
14181
52206
11421
2013
2352
34518
1923
79149
1542
1536
185967
3009
261159
33750
25269
2427
4278
5055
3717
3717
4557
63414
3012
4029
6468
2769
2157
3141
38436
3702
2400
192645
32703
4950
3705
185310
30513
2688
5073
118476
16986
4266
3351
2826
24894
2124
3414
3234
4164
3363
123726
1176
12846
77601
1929
3426
4008
43698
2934
1362
5835
89802
3264
141795
7104
2388
4926
3810
101889
10716
27984
5811
133314
114015
5019
122235
2484
210294
158523
2109
29835
91401
28455
2901
27540
3435
72591
2655
2361
6909
119361
34242
1470
2811
32337
250890
3708
5049
25008
92664
2697
2091
4863
46713
3999
5181
42222
5508
3978
1542
4263
109392
4824
3336
2682
509412
1008
4245
2271
38694
206139
4137
2271
42843
3126
6342
202023
4212
1710
86181
3090
25923
67572
76929
3405
298593
3372
2244
5013
1488
3099
3828
4176
4131
5592
1884
176766
79767
3540
241005
81630
1968
3348
4491
5589
93027
1764
1656
2073
31143
3417
1827
2553
17316
19404
3639
1842
120024
79023
1791
2754
1929
4368
21546
2139
4146
2124
5187
20652
50754
5352
603
1659
2733
4671
3345
6486
2562
2157
137880
260817
7488
4206
2907
3270
3723
618
2967
12894
1149
2475
3627
5211
57621
2049
226065
3534
69045
4824
3639
46026
99063
18198
25290
42075
3441
4401
7437
3924
73230
2898
2613
2475
67437
1314
3636
2094
10413
163533
1689
5007
10065
2583
79668
2082
2115
40551
3939
4032
2955
1752
1929
2916
26955
5205
2412
2850
2406
1740
1917
2034
28104
1017
4497
2907
34371
93231
3861
4017
1941
47649
4620
2169
96342
2127
4629
2931
3771
1098
110187
3048
2781
2700
176040
103431
38487
13437
69588
4278
30477
67275
2340
2406
3528
2166
122286
3972
117267
54933
4365
2973
151383
6540
127431
1899
1314
86463
1446
31959
2979
151353
948
289911
77043
3963
5997
121557
1557
3669
40527
22338
34668
438075
2601
3084
123849
4671
28782
19116
80184
4950
4173
1917
2823
8016
43272
1665
3096
34446
3876
3591
30384
1620
4776
1983
104289
90393
2949
10848
1560
2490
4698
2754
1935
2319
4731
2787
2556
3276
69540
2580
5223
2712
206289
22473
21738
3294
403251
4824
345747
2169
2691
2919
3408
59442
5025
35028
2904
2400
38196
40764
2133
3690
100680
2139
2118
71586
1242
2160
173457
42528
3942
2829
457098
2691
9588
3414
3183
2334
2772
47484
7461
20901
5844
88035
3804
77424
64302
3048
2508
1890
3945
60618
10281
2787
149103
40485
3477
282954
6129
3180
124050
17667
3768
4086
1986
133083
2901
3897
2751
6156
5184
2895
3021
49947
3531
33432
2640
82974
118668
14025
157839
26115
40611
11931
140277
36228
3711
10839
3219
5058
3417
1554
10224
3828
3645
3759
1410
68274
425214
86064
40647
2433
2190
196494
2436
3105
21459
2979
3591
2337
80361
2022
71259
60480
59478
42804
2826
3807
2865
58425
4824
1476
47436
3342
55647
59805
3555
14346
120699
3915
61707
4191
10626
3720
4827
4263
4065
3021
193446
2736
2295
3648
186735
157830
13491
1986
34389
630
2442
41250
1557
2190
4152
34746
53271
3780
35604
3276
175050
2067
5463
4689
3666
3543
14061
2100
170868
17622
3768
6855
1959
26766
3651
11814
2133
2439
2823
3117
4188
2364
2100
3933
42012
3918
278139
1719
2412
1623
37206
2088
60579
100269
51249
2370
2067
3492
2565
6837
1920
2766
8580
2100
4383
1539
3351
3933
27156
4521
36333
3006
112053
3186
16401
2979
2094
2685
3861
6057
34704
49080
32055
52905
54162
14079
44313
1902
87210
150117
31182
64452
149295
4194
2520
75615
2436
2310
2670
5637
135573
123918
85074
41010
4500
2274
1521
112389
2844
80151
5328
2724
2187
2511
1851
4974
164529
60024
17340
2631
94359
2508
15201
13023
2982
2790
182388
28869
40989
53892
5385
2772
3111
32163
7782
29901
3438
4965
9306
12762
3000
302709
3210
2145
2034
4155
130593
65730
78927
17529
1608
3441
6012
3135
61062
2184
3558
942
1575
62817
6219
3321
2004
24891
43965
99423
2328
45288
2760
3642
49263
4311
4560
22197
73758
112347
5469
3996
2340
124134
2217
1914
33246
45180
2136
4197
3636
5727
24210
1743
56955
50337
6903
70971
1653
29286
10737
6621
2052
81471
1296
20721
57087
4983
3726
3474
3267
143067
88104
3324
136503
3549
3285
2313
23367
4725
2421
2529
2682
10497
247554
3339
45411
3978
1869
3555
2535
8631
3606
1311
2523
1227
1788
1185
76533
2769
1830
3462
39006
2649
11526
2889
3282
3777
34281
2598
187473
121833
5370
4029
68820
3012
4137
5058
2286
3768
3633
5352
2931
3282
2373
3378
5808
2520
88872
104301
3951
2373
3087
73233
4830
2169
4395
84498
1677
1269
1302
3180
2139
1479
3345
1701
10074
3513
2823
2877
20535
2913
2169
1929
6639
1707
58824
47907
2550
1068
4431
5664
3909
153768
1173
57552
41334
11151
276654
83664
2247
3093
5376
40122
24300
12375
135798
5130
10224
3450
3483
91569
2619
3612
3987
34425
2940
2775
2757
2961
123822
3057
2865
17103
366132
36084
4260
20154
3456
74124
68568
2619
3531
1938
47295
1563
32361
19974
52977
2478
2364
3426
4302
39810
3690
2268
4812
53508
2079
1539
181302
4236
1854
18846
2223
97296
3852
90474
3084
2649
4374
233709
133155
3777
6093
183954
2934
282051
5211
3663
1764
118989
2565
4065
1917
4560
3420
22089
2550
11712
2592
2979
4551
42750
53910
3969
2976
9561
5754
3618
3291
18294
169176
2853
3465
258834
5139
2334
3129
51855
4743
3240
2046
3768
2517
97077
68964
2205
1785
111879
2352
2457
2034
2595
172770
146970
4725
2307
105051
106719
2295
1782
151899
28959
191757
2895
3432
3204
2562
3228
1374
3714
120441
250137
3264
1239
1968
3558
34926
12954
2949
1764
2529
2547
4260
110154
126168
2820
164001
45612
2811
5076
44841
2196
73458
15117
20112
2871
2406
3186
2067
11034
5070
2820
2277
10944
2505
3012
10668
4659
3102
1989
3981
4116
2436
6921
1761
8814
2952
4260
4575
2367
3243
19353
3366
2532
2277
5391
2595
82194
236046
3546
133173
3006
1863
3405
2079
1866
3033
2217
97638
97455
1482
2187
151431
1449
35532
3069
46728
192573
4752
1638
2079
85152
90189
33171
96183
78426
20289
54390
63930
14370
2634
2046
19656
3840
3606
2823
217935
4617
20475
2475
107025
3270
1710
3933
15102
2088
2697
2856
65910
25716
49389
3162
47382
3465
3783
3006
35562
4455
8436
2439
4890
3270
23430
56367
3285
2214
4149
4992
2907
142293
182637
272622
4626
1908
4566
2511
207099
117414
39111
3228
5184
3876
34410
73584
3870
3861
2415
3933
72261
28059
146793
152991
3105
98628
23241
44058
1893
3204
5031
3699
3009
196755
2502
80838
7206
47715
160536
22899
131907
2601
34059
5256
25686
2226
3021
155061
3882
1839
4065
5178
3570
2973
3192
75840
2724
61788
1185
33744
87504
30033
1761
268032
3684
4992
3768
2700
1500
34218
15405
95547
101724
3672
29598
2316
2184
2889
114042
1704
181614
4629
257220
3327
2298
2004
5586
6381
3177
4059
51510
4365
36981
2328
138333
2466
3228
4809
3666
1704
1449
12171
3654
48843
127113
1794
3411
49149
37383
3702
62031
31236
30663
64242
38592
226104
21087
1248
3807
2511
172515
18156
35343
2013
17058
1803
2205
32025
62511
8904
312762
1998
64929
2400
2904
5019
1332
4119
4116
17838
3765
311202
3045
2142
2598
2031
2658
3624
11466
3885
1764
2964
2157
1716
4035
55527
5178
1818
2124
4659
2340
5235
3858
140424
3051
2133
2775
25968
38391
2313
78984
3948
3636
2112
166839
3258
3315
4935
3639
1638
2355
2676
2934
61743
32976
2412
3120
2358
2520
2361
26748
72429
2955
549
4881
2304
3507
138939
3024
24495
2946
27390
105972
1899
1812
3516
1023
3096
30744
9066
292233
2853
2763
1314
2874
116094
1842
46395
3081
37290
2313
3222
53157
202536
202428
2781
2448
2907
2178
49638
143064
5061
2937
47628
1872
3933
1545
1485
1071
15816
3672
2439
1692
150567
31434
21927
21705
5040
2730
6921
3618
54873
70413
17130
187812
17526
310638
4500
87351
3231
20148
2934
2985
2349
2733
2205
6552
4260
148146
1941
3273
3507
218355
52797
58086
3114
2892
2796
2340
3159
2061
5130
4023
2145
2076
5115
56319
3876
3303
1038
10809
5460
7965
11937
324744
96378
2499
4308
2073
1443
74403
28599
3135
4092
3942
4830
13596
2145
3027
3471
2673
2694
28551
142887
1656
3768
66300
135963
2526
2286
1095
48294
1782
95439
158541
47451
4833
164664
4896
60768
109872
3186
1866
3180
3573
3891
3039
153681
3213
3168
29217
123201
2646
99840
404613
4578
5670
1779
102354
3843
56553
19647
16878
3084
2193
61878
147894
106338
3828
159342
34479
1470
68307
1134
74430
131088
1410
3066
14781
165951
223302
1734
4497
7722
3933
1731
6129
185640
39282
2259
4935
2340
3579
2403
2613
186969
3954
2565
2430
2430
64899
47352
4428
44124
4344
1905
2235
53925
15975
3222
11952
1665
3933
4038
3420
9057
22308
5334
149544
3030
24132
2115
4071
33516
3264
43611
34860
4722
104058
5415
3543
14901
2124
32370
35775
2505
2265
4083
1608
111927
5859
3738
1863
5754
109872
1557
4791
5445
2295
1944
3372
2985
2670
2283
3093
39123
2274
193887
199038
2901
2187
2184
2178
3963
1755
9390
1629
1398
1941
2382
4599
3705
2814
5772
153876
1254
35997
876
3885
167088
1620
52299
56283
2307
1830
2847
2334
28272
2097
71778
1443
53724
42279
4698
1986
3165
6891
65745
4089
3330
2235
2865
2217
3501
2097
4344
66477
5478
4128
20088
3348
135378
302691
26850
1542
1554
112899
80103
59241
178974
2175
2301
4764
23292
3456
6972
8769
2043
48843
106980
4611
2733
161706
32967
42906
2298
29619
5805
2517
107277
4047
2970
3174
108777
204828
693
173286
4641
2535
193224
2484
56325
2055
26247
6180
2481
3468
2565
3906
25677
2802
108966
1671
151947
3666
197415
3852
222
2490
3711
1719
1320
3519
73902
47469
1527
319599
1464
25707
33180
3480
143142
201606
50550
115203
2790
2118
3834
91476
2427
3327
2070
17391
36612
27627
215301
3609
103086
136533
3465
4761
44187
62235
28446
91122
6636
3024
198360
1467
3111
2121
2079
102114
30450
43710
1848
4461
26361
1854
37278
131931
5688
1497
2511
17652
2172
1896
99600
6729
1701
2916
2043
3435
55614
3849
3189
1989
98715
1998
1740
3927
104823
126414
3213
53745
64101
3429
147870
2394
2178
4971
6279
2118
2991
3282
48159
1881
2826
44019
2427
1752
226215
383547
2778
3237
1449
2403
4329
3243
1224
49947
2871
15225
4524
2973
2634
2808
2118
48762
2796
3717
2556
3774
25227
2922
1695
103254
4515
29625
11700
3159
34998
2322
239736
2436
9165
4887
77592
3702
14733
3867
4938
196755
4599
2607
5709
2076
68442
37296
2034
156744
68142
2652
3060
3102
1236
1962
87108
3297
1407
14961
3969
116295
2253
2172
3027
1842
41583
18771
3672
4086
2367
1803
21876
3111
951
32226
2256
50961
13269
2013
1500
2976
3345
63297
2151
93939
1653
1890
3114
4086
123168
1779
3945
162456
2616
2025
894
39522
3840
1401
60951
4818
1716
4161
1398
4275
24441
4710
6663
152592
4686
28032
5019
1281
3081
3498
74160
124458
102306
2742
74313
2379
21135
3591
24216
30816
3909
168027
163362
4923
4914
2364
1212
66381
4998
4086
2769
4833
2250
125157
1959
55269
8517
2427
2649
29208
2778
1047
17481
108552
4563
64518
2115
47880
243543
24837
158802
240621
122118
23772
3540
2424
2538
3798
71397
4287
3609
3441
388974
2502
3633
165219
4068
123273
2097
2559
2376
3213
1572
57654
4032
1476
3495
2832
8034
3426
128349
2955
99546
2019
4359
90300
5511
2760
1434
1785
4176
3135
2217
29154
5829
87675
1971
2904
170976
3198
23733
49623
63528
19059
3888
41445
8085
115578
3459
113967
1821
3237
205533
1779
2376
3354
1920
3315
248820
1878
147879
2121
48486
3729
73203
20913
4575
1806
1350
65793
1953
3090
1230
4260
1719
2568
3492
6810
3612
1536
216141
2799
178449
25347
1836
93828
35898
60171
2604
304836
1743
3366
2913
3198
14454
130611
2679
79140
10197
72630
5322
2922
1050
16524
1341
2688
7338
3294
194472
7899
2439
2148
3543
3981
96420
3594
1809
3888
177573
1788
2535
5076
7683
1434
2886
1755
172797
3120
183594
74982
3117
1776
1611
153720
1152
1314
1533
2559
1668
1527
47601
129819
107115
53622
1386
2154
9984
78396
1740
2679
5745
33543
2739
4014
4029
3324
2490
1464
1512
3408
61686
58035
2688
1653
35538
90873
1068
2112
1317
2199
39309
2280
2262
4932
13281
96294
1896
85890
3414
2730
3474
1449
25620
4323
36255
11847
3327
60045
145839
2904
1392
3735
2673
3255
3078
2316
3654
1416
2478
2412
3360
27708
3228
53589
182046
2751
74772
83547
1203
3267
2892
1650
2520
3258
4041
3465
2736
210582
3510
984
897
2340
3297
166665
49272
4803
10653
1500
6309
12408
46776
4251
14361
20502
3687
61323
4137
7017
76842
2358
3816
5172
4392
1671
2343
241182
82548
2667
107352
3222
19584
4155
1914
1974
4695
3975
246171
3195
2229
3303
62787
8028
2820
2730
65547
1488
4476
43455
18774
48210
56673
46848
100899
2247
3294
93135
123387
2745
39249
25788
2655
1767
2028
3036
137808
63426
46434
6207
43797
3765
41739
37173
1680
3801
1548
2223
1452
2694
77601
59148
1668
3723
5859
5781
47529
5046
2445
118017
98193
1719
101841
28452
2340
1428
2013
298758
72972
2979
11886
3282
1749
27939
3003
51069
3336
55803
83181
37581
115644
1566
3633
15240
125406
1818
2421
3414
2865
208251
59817
1911
37152
48420
4491
2196
1587
2598
1251
129447
2499
82722
4770
89973
75918
11469
542304
2778
32463
4593
159999
3795
86040
64974
1515
149496
1974
2967
79218
3111
5034
2943
80631
2442
54768
74457
7188
2205
3717
70788
19365
2466
2130
3411
162597
3942
11457
2697
2172
190596
116403
2826
22338
2613
244977
3993
2994
2541
3327
34443
1467
67473
116148
2916
133677
2331
2091
1779
4488
60444
1599
2358
18063
41025
5640
4554
111225
4755
118209
74649
2769
2604
1680
7632
2211
1230
149457
1497
222000
5784
2955
2286
4299
102228
4350
1197
13566
129999
1062
2799
1818
72606
2460
41124
1665
1881
107886
28815
112158
3069
4122
3486
157128
4536
2061
147426
96576
4161
1002
1983
3225
5493
3513
3408
2424
5043
1893
43359
11268
16236
4740
2757
2628
2964
111720
2223
1416
71670
3219
1407
2892
2127
56784
2571
3372
1968
3264
2994
2925
2700
1431
47229
3339
66555
2862
277383
145179
50469
3192
2730
2124
91794
3987
106485
2616
1932
1560
2106
3975
103851
1179
3870
2802
96072
2952
130779
2979
3195
11463
10935
1785
2634
109590
16848
178314
3612
41217
24405
6552
1740
3036
3579
4170
1605
69699
40545
1878
2415
1863
252258
2073
3141
3225
1935
3951
58620
1923
1644
2073
4008
1542
3732
280419
2475
2544
2139
219264
2133
54411
3645
169740
3078
54981
145182
2682
2340
7701
131580
2508
13179
2271
64785
1239
188586
2640
109959
3135
3687
1614
136254
29844
2634
2439
94386
3405
21588
2118
2427
1860
163164
1809
19845
15468
3243
3561
11592
211962
57399
215550
4656
2526
3678
6639
3324
2019
3504
124698
2091
2850
28350
221364
110577
377922
3729
42249
132918
2079
4173
75192
74883
5385
90459
2946
2514
1857
2838
115329
3783
4791
3309
158445
28131
42723
2994
3948
4557
108189
3072
18285
3345
3774
103635
1851
4968
5115
3174
127011
49185
88200
459042
20172
2256
2094
26301
1347
3351
104697
5727
28887
29307
93480
5925
3966
2466
2988
3093
1377
2802
89676
4437
30447
2529
2571
3324
5034
128349
3999
86430
75438
41112
173124
3318
26751
1743
207294
1851
3138
3990
94404
96495
125835
2448
3237
3831
167586
141516
85086
19746
3027
22212
94947
3078
75939
4047
2184
3336
51492
18912
34977
3501
2295
2676
2496
77070
2823
29205
65391
4326
3159
2481
2646
4383
20382
23316
3270
3546
3540
4566
96633
2121
227175
31860
35670
1533
3180
1404
2355
115977
1656
1692
200091
24588
2211
5760
32106
3081
1932
162234
285624
3387
2256
75006
63423
1698
106107
1494
2676
3462
2208
2628
3084
160980
2619
4071
299193
2235
2328
3246
33531
4785
114573
1419
10224
3963
3822
1521
1401
58239
45699
3339
4323
259092
213900
75048
2373
3861
21420
2874
5250
80799
2340
2277
30138
2700
4773
24348
2820
1518
104688
96285
2961
2676
37794
2631
1374
6693
3933
3360
4455
221265
50187
5265
66858
2313
2604
1551
104031
64353
19605
3936
3834
3687
1716
84024
2445
215124
1992
46524
3630
186012
1740
1179
67779
2598
5886
4194
52377
17193
23868
1425
31839
68331
1587
107295
48639
3066
2328
2100
2967
95103
9072
2112
3594
66771
59184
13683
3012
4827
1257
139494
1692
1764
2142
60249
3630
45024
3276
166980
1008
43521
4368
2802
3870
7827
4656
2487
89763
127059
3972
92190
3714
6750
2985
2610
1794
16545
4089
2742
1968
2613
510
26589
4605
25446
4203
12696
4185
2772
2373
2613
33702
2538
2757
2355
3573
3228
2841
4497
2163
33633
2307
51621
2346
2670
1482
2688
2682
3891
2097
3015
27246
3141
55029
265083
85602
22071
4995
3573
4629
2601
4590
5673
1854
4932
5994
18483
2481
24570
4638
2205
4113
141558
2256
78834
3300
1674
22785
2283
3636
3465
193713
341253
4236
61398
2403
6042
11205
3834
4029
228066
73899
48723
3417
6585
2169
144570
68940
152628
4563
258765
25599
3618
2892
2535
112128
5340
3507
3534
2412
45240
4350
1821
201063
2085
8316
124968
1854
26289
43305
24642
1857
2151
2514
127470
79884
4536
2613
2517
3258
4026
89100
1938
9606
138078
3042
80571
11931
2247
5901
29973
2934
1752
2631
3456
38766
53067
18474
106176
4317
64881
2304
1254
3969
59928
70959
1353
48795
75990
63399
20637
4968
2871
5835
3150
32271
243198
12936
117477
29253
3273
1668
1914
6090
1986
112548
2271
201786
2097
3687
2706
1950
2541
99012
1512
2970
144768
3864
2850
2664
2856
3090
3387
4035
48027
4773
59964
3744
2670
2409
309369
3189
16833
3249
17010
29976
3327
2064
10221
2838
12930
4566
163014
6981
60009
26040
4869
93375
5223
5013
63948
2709
6384
3177
49359
3171
1875
1935
5196
14952
4155
2865
4878
4272
6012
146622
6462
3324
71658
2949
1623
16281
64203
177096
3789
2913
97131
1866
2424
3240
2097
7512
31800
116739
1986
1578
38388
40068
1767
2544
314412
2946
109815
5220
112920
28134
2745
4047
14112
106818
67116
64179
6060
89733
3345
2613
2574
2862
142836
2160
16383
2466
2169
2514
119748
236256
75675
2592
912
1668
5952
3606
3207
49722
2259
3480
1929
3771
4161
3006
70062
3798
1590
9480
4764
184266
2526
3645
59931
2778
54063
55254
168294
4362
5862
3792
45123
202779
6576
127773
5520
29817
582
1320
54696
3321
1395
44244
46638
4593
194340
22341
42975
3183
2625
54594
4170
1614
126672
2346
3828
3591
173532
4359
6216
2124
1851
2514
3570
2115
9951
2193
3477
19959
79509
31764
2874
96243
11625
2067
152052
32112
2961
19296
4347
42108
2100
78747
2145
2838
62814
2859
30948
54750
4539
5907
60339
62220
53337
3894
4080
3087
3030
88626
2979
2673
3144
5415
108423
64125
53070
4500
2028
70083
2424
45687
213603
24375
70719
3381
3369
2982
16050
4518
25821
34944
63948
3126
4359
1977
1431
6849
68544
2394
143202
1494
2463
125835
64413
9498
101754
2253
3447
7278
28041
39153
18228
36948
2187
2682
3699
3177
31656
3363
20412
8994
2769
245751
107436
19362
3171
23040
4050
22797
78309
2226
4545
2991
2604
80907
4983
2493
2136
4092
40941
3777
49122
2730
1605
2235
67461
57720
2112
10626
157338
6456
2880
5469
45675
3153
7464
2547
45018
33015
2256
2544
19851
2016
8118
59556
1908
85635
2016
3582
2799
67452
1689
5352
1344
2562
4071
3855
59730
9747
1914
5976
2016
2355
2592
34152
5667
38310
5082
1734
2298
146019
115149
62460
82896
3975
2676
2613
72597
1998
26922
3780
70764
12471
62946
2607
1458
69816
47241
1887
3399
96345
148827
2730
131535
51372
3009
40035
13389
5724
2331
113391
2748
2142
40125
212829
262503
84120
10881
2973
3993
26910
83763
1404
6306
4245
4251
29715
2904
112539
108012
3123
1428
44034
2973
28560
2616
4026
27219
4575
65700
4710
9540
4326
41013
5109
2319
1479
2358
3438
4332
2328
1533
4254
53097
1527
3156
3990
56970
149604
2517
8106
7077
5187
2271
160650
2283
3165
76347
26136
156234
3786
5544
2373
3918
2313
2622
1569
1308
175602
4959
17979
21102
2487
4716
1956
50808
2535
4206
2214
1527
2805
4620
2790
46965
115914
1326
227604
3891
35529
1917
2022
1434
196221
9294
4071
12672
31212
5163
2436
93312
29055
1614
3363
81189
4773
3726
5532
91692
324
3864
4599
30408
2499
2766
46014
2685
288369
2391
4029
74478
74217
2292
7215
124149
29529
2322
113517
2958
3333
2664
2712
5622
32604
2112
2505
4896
218928
1560
23610
19131
3177
1296
83790
2727
26271
6567
3063
3918
3762
3339
59574
3444
1755
2766
128334
2340
21963
3702
13776
5817
1995
55167
1359
3957
2433
3168
112746
2460
2106
2883
3369
87621
50379
2172
4968
5232
95313
61236
4530
1482
3795
4440
4029
2847
1983
4620
81471
5004
2421
2472
2586
5172
4710
2211
298812
32634
1821
1956
2460
4059
3135
3279
1710
193839
4989
35010
3306
1932
41352
2850
1710
30573
40911
57801
20901
2184
2061
2754
4029
3306
2817
163842
12381
4212
273006
2673
2745
106275
55986
2244
2187
4317
3678
4230
1713
2241
49425
2457
2775
2151
4092
85350
2154
6624
42114
2910
220881
3471
2883
2892
30063
187152
2511
65589
3369
3504
46857
18480
4554
2898
32070
45570
4056
2943
2100
79197
114855
1845
43458
4095
1752
2196
3174
2172
5337
3111
30948
4476
2352
2031
4743
201
2187
2418
3885
4074
2700
3732
3642
68676
4467
2331
2676
234408
7215
3834
116337
75999
152004
99684
5337
44718
2703
11025
3798
25572
44622
220884
208716
64767
2106
159687
68400
88392
2871
3732
1185
103092
5946
2124
4068
3027
65787
15687
16887
4044
81291
28164
3117
5442
3204
2874
3633
3540
40260
4194
1404
3546
40560
1665
4224
31833
1620
152262
18945
9216
5460
2190
43437
1284
109029
8856
89853
2874
145881
1743
2784
3867
2226
26706
3315
4866
1680
3069
28074
53418
4317
178551
1746
3207
2610
2025
1242
1416
103797
170217
176424
4977
24222
5166
2850
2106
3132
1995
3087
1797
94020
2898
2853
1299
2166
80304
1866
3138
4782
3030
2508
97848
3807
157011
52218
3243
10536
48633
39624
2730
80583
10593
194757
3681
32832
2433
1941
69657
42450
46059
2151
1050
62262
3105
2034
1974
163140
1068
3531
2103
22998
2805
167892
151080
4125
1113
4740
1728
3771
2535
1683
4347
2007
2037
3180
13491
4230
22344
3051
50160
3627
2934
171477
187266
1647
95373
16746
1452
5310
14655
12315
121335
5010
22242
4758
3582
4749
9900
132510
1815
155094
61032
3894
134649
1908
2289
3849
68628
259599
1854
31386
2595
3180
2103
38229
37413
52380
5526
2703
4800
55917
2397
3048
4224
6663
25086
9783
1410
2751
3861
6531
20460
1965
91707
51945
161433
1953
411147
2985
2925
1812
111522
2982
2820
3462
70296
1926
3156
3153
1431
4242
4278
226695
33615
2478
33732
3237
131529
1974
253032
5190
1968
1929
3423
2964
60552
2403
2529
5775
198738
1425
2355
36105
5079
144852
50685
3234
27708
53679
67554
1620
3729
3954
1053
4710
1407
4929
1887
3855
4080
187695
1599
56694
142143
16563
97710
3750
18618
1149
2721
3117
95967
44088
2250
2322
36942
5505
110886
2124
8067
2250
4107
3240
5817
1197
4137
110646
2589
5208
2574
39489
4293
134265
3873
1716
1581
2412
63981
3537
65829
1065
74835
2739
25728
119688
7659
2295
15243
1578
3942
2880
2031
18093
64650
1734
5577
2418
188784
3300
3408
42831
1767
3945
133818
1620
107970
2808
4044
2757
2139
19683
6417
3285
49602
19716
2301
2775
3108
1524
2427
4110
19332
4536
13467
2343
43935
10497
27201
32916
2115
165966
78249
1962
19014
23955
50091
987
299952
2211
2850
215073
1848
140334
1623
4539
95115
2559
3063
71229
2658
3828
61848
2319
62937
124656
2439
134337
2415
11424
72093
5223
2859
2298
121896
47082
34116
4275
2865
5607
2436
14280
1836
276525
3348
70890
2058
1659
1137
271443
3141
59055
1845
446997
2466
1863
1371
67494
2127
2799
2733
3570
5208
187782
3111
1956
1227
2859
3882
24474
149964
1101
1980
3375
71757
3846
4497
2502
2484
54807
1410
3666
4164
89745
2097
2352
3615
1431
46875
1866
46626
2373
54633
2004
151815
3279
1434
1278
2325
8877
1755
14139
1887
3627
128400
1797
1869
29223
51279
630
143613
150693
1308
1332
1839
3345
4104
3189
1080
2847
8070
1902
45963
18243
47283
4059
3495
1740
4023
176523
3375
2181
2646
2289
2334
2274
56598
2007
92742
4155
177258
2907
2292
3570
53988
2448
65373
4086
1536
45375
2613
2562
2565
1509
108072
2181
57051
3201
182703
3723
14988
71475
2790
3882
3882
14367
4494
3357
35958
4638
1524
3891
2418
219504
1500
24087
1803
2607
10923
1542
109821
2181
44358
4335
1944
2586
119646
2820
3192
53892
3684
102669
2580
3969
2637
4383
16878
29784
3066
19758
4620
1920
2985
154089
43782
2679
9318
1536
2754
1470
5715
1362
3168
2538
29724
99147
25002
34914
90024
27990
84174
200223
50346
2235
2940
18570
2922
66612
101622
203847
1629
79929
5994
93231
8421
37203
2280
4080
102273
151656
3795
230730
1866
1542
2334
4149
4110
1920
1653
2295
3462
2973
3153
2646
3096
4839
3066
1179
41235
3411
2859
1944
3066
2118
20241
4791
265620
2892
156369
1557
85917
25236
2676
42726
3246
190308
3699
1515
4548
263526
37524
99501
28464
104832
37530
3096
2766
41319
188391
5193
123681
2256
1365
4548
3123
2616
109053
1098
178794
828
54600
208305
40464
71322
5811
100107
1791
63879
36900
29535
119952
127431
95160
1815
10992
182622
13773
6228
3990
5973
39495
510858
5781
1002
125505
15672
53244
134622
3099
1833
6102
4050
178362
3912
18450
2565
5925
48771
187251
3657
1386
3516
3156
2625
1320
1728
140508
1755
3036
2424
12144
39171
1998
840
80781
2082
3423
2811
1614
4701
8847
4125
24261
186819
2688
85839
3948
69939
59556
41262
36180
2919
2748
89493
83073
170259
2637
31734
13338
2169
1461
74571
272850
2904
79254
278772
2925
85416
3030
3057
14067
2598
53973
2190
2781
756
2187
7977
3660
1806
60624
1674
3846
2082
2409
1806
1254
2043
40704
12894
83847
63009
47247
36777
1824
3357
4041
42843
47178
74046
1611
1677
2784
4212
65943
1347
3225
1545
1641
1923
2715
2778
972
3375
74676
2379
1761
79350
16296
54132
2289
4833
26250
99822
29646
71226
2412
2847
3465
38481
42756
2214
4800
1176
206472
1149
2349
146004
225495
1851
1386
3198
2367
2037
2511
69198
4002
2175
2532
3027
1320
3990
31704
400284
2034
1203
1533
35694
127596
199092
1068
2337
3339
25440
135900
2946
2445
4365
5913
1884
3459
2205
1974
1284
3828
76476
68634
74940
1866
50124
1653
1998
1569
2841
13629
1578
3408
136731
3069
1920
2796
3402
36696
1458
2559
29394
2085
1146
2715
2697
1512
1764
22746
205920
79791
116856
77046
1653
1833
188268
1383
1197
191868
9183
1311
65385
2475
134352
11052
2346
879
3327
2781
2484
2400
1110
181593
3921
5046
7854
3276
73509
1941
82905
19845
4536
152127
2409
2559
1275
2364
90834
139029
71793
222912
1845
15639
900
3042
1077
4176
2187
180873
3360
1209
111300
8565
16632
1986
5937
111555
21873
29367
159357
151533
3363
3231
2988
2313
2745
3309
114945
1482
1830
1650
3276
3252
3543
1140
3363
94962
2133
11661
3774
75591
1644
7605
4173
225459
2199
2823
28344
40989
1548
58986
30627
297657
91890
3897
27777
88776
4362
2019
1746
2895
2517
184926
18531
1728
130911
2940
2172
127323
4053
77538
33978
2625
2694
69429
155646
2595
1734
56616
2310
2025
3114
64767
2487
15378
3114
1227
3837
39330
16986
25680
3723
10650
3231
236844
2772
154491
104418
216828
50865
3411
2421
2742
25041
2592
1479
38823
6702
3948
169686
4605
13515
96549
2541
118209
102732
2505
2316
25350
212316
24330
3918
103887
154938
3582
2925
1596
98298
1767
1644
117369
1446
2442
167406
4524
3276
2307
2769
3081
100179
4740
2256
59994
17022
2979
4128
9756
12048
4287
3930
1446
2880
66786
3405
3441
1587
151167
4527
3096
2841
1560
1293
1191
3036
2694
16977
44028
2313
3516
3081
2262
2397
3126
2988
2307
18135
50301
2115
2217
3360
2586
132543
35184
211284
3123
3618
106689
7857
3783
4755
165537
3528
11832
2415
4959
200412
2598
12543
1764
5985
3579
1947
97467
111228
2523
6270
85572
2358
4260
40284
1800
196761
3957
3909
4029
5961
4869
26373
1899
10482
2286
2871
2637
3357
2946
3993
45486
165570
39612
11535
40623
19158
61842
65796
2637
1194
77658
4215
2229
4473
3066
4572
1593
771
40221
3603
4689
3300
33399
1038
2190
2001
2931
3636
3291
2202
4977
2562
3438
43602
3105
2961
3591
52068
3612
85020
5043
321360
119451
2715
4296
2991
1851
1836
26364
68184
621
1458
106293
3210
2760
2898
31284
4416
82758
31290
3117
50172
2550
1578
2145
2958
4329
23037
141792
118323
184710
4353
129168
237426
3555
283857
4314
143940
2883
411
88551
2844
3063
55362
4830
4362
54858
5862
25629
23202
2982
2856
87192
2382
3636
10089
144651
3162
4530
3702
94770
9585
2934
3666
29922
31266
2379
2457
3927
46038
31122
1854
3546
76851
28425
4017
5373
2349
62583
3846
2964
2322
17016
9894
2394
42162
72234
1644
42255
1203
3333
5694
516513
9108
112320
16953
4773
4404
1125
5172
2292
1575
2292
1956
3420
2907
4137
21462
1608
127536
4311
7446
102600
3654
3018
24681
80034
2658
4584
3360
1998
2772
25635
2286
5622
1392
36501
5352
11112
28038
4221
876
2883
70290
4035
1800
4164
933
2325
2178
4494
4332
2421
1938
1995
2238
2019
3132
5901
27078
48363
2259
1155
3363
3660
16161
3153
172611
1050
2934
46284
2037
4314
2580
114327
3525
4053
18684
4059
142845
2838
1503
6243
2214
4329
55806
2925
3201
4161
48513
26352
2676
2466
36465
2247
134187
2706
3201
8292
4407
3180
1962
23757
2601
39120
22650
1893
61431
3054
21885
2079
996
145953
2880
492633
2619
2184
3129
4377
2955
2619
2148
4035
1266
174642
2631
111981
3084
2271
1851
3030
87027
6114
4602
195177
3576
3177
135330
159417
1134
3462
2403
227784
2844
61179
2538
3204
3909
1638
2379
267264
1461
2988
2475
50568
5469
3612
79260
60879
56067
2253
2829
4398
2226
57660
35880
2415
46995
1869
3057
3870
2130
62637
108423
5964
2271
2127
6300
29436
2163
3453
35109
85296
122037
7365
6219
147828
1707
4074
48678
4293
2109
3465
10890
2646
88149
2343
3555
61278
1569
1890
3228
279297
3078
5343
116559
969
1944
3030
233790
1770
1335
24063
1689
9828
4830
237744
56355
2181
2550
83895
4287
1668
3258
3387
2646
38637
2424
80610
31140
24381
2817
3423
54189
10224
2268
1782
3027
53865
60105
40950
114381
3591
3855
5100
2079
17505
2148
3003
3630
3465
163953
37770
3459
4002
1713
26622
5007
4182
5946
2292
2352
2088
3810
98556
3006
2238
2553
1167
2376
13737
140742
3456
3756
4476
3141
7398
2943
34308
2280
55266
2367
2079
2841
31314
74184
2601
123081
1458
3729
101055
38004
126582
4749
2475
15954
1698
37968
132192
3900
2964
3222
32100
3654
4344
2505
2775
3408
3864
2775
23007
4371
3582
2541
5199
4623
113130
121359
6057
3993
21939
2277
3543
3540
3348
3378
1842
3294
22404
1323
2463
4620
66843
2625
104262
47616
74334
81924
3987
3564
16446
178161
2244
3738
97845
46215
1722
2571
2916
4302
17766
3093
3108
27282
2223
1503
1752
3867
2349
3312
1920
24753
27081
2940
27213
3783
108198
93270
70389
2067
1752
13839
35718
3783
1377
1833
271392
35643
3102
2052
3519
40746
144066
2646
2685
2958
53259
3027
7701
5829
13503
2253
37551
76941
2217
2898
876
12822
1653
1500
2892
3255
23778
1923
2097
3573
5097
3462
80391
1389
94842
3723
3279
3603
1611
244557
259854
95079
181359
3774
4737
1902
3300
2934
52539
12087
2802
4527
6525
54225
30786
5880
34734
7050
51867
37710
70149
37413
2535
2955
3123
4851
74154
2025
64962
3240
3984
111876
1863
3453
16521
79293
92973
13179
2208
2730
2589
1914
3573
3174
2343
76062
107106
41904
2259
18858
3735
17100
2781
3642
155580
17313
58950
5103
261147
4005
376191
2502
90459
68997
3195
1755
2745
1209
3291
5199
5031
1779
16035
2622
1380
114516
1905
41265
3459
2229
44358
174501
2934
2469
21792
2319
2271
3282
5466
3501
70422
13893
2151
3021
34314
6201
2079
117519
4137
3996
56715
3345
189201
4647
275001
1578
24198
301914
2502
22815
3045
241953
123933
226950
5790
1833
90246
7182
3045
4995
109365
3417
29964
59304
4386
3588
34083
29451
55335
2079
10941
1995
35871
1773
3579
5112
19806
1722
86316
3000
1062
3930
3885
2121
2439
2235
3138
69858
1848
132036
2589
128604
5316
80463
91713
28041
3975
3054
26310
116694
3543
3534
16254
15048
1905
1731
99105
3726
3519
51699
54825
18645
3432
2853
1287
2322
7023
4341
37713
1881
3834
259218
2421
4278
19038
2019
91014
2991
1440
29901
142137
2106
2667
27780
28581
1893
4887
2676
101637
5097
62088
5100
14931
4356
43878
3753
50043
35964
43089
137295
79911
4092
2838
3822
1089
2844
54069
4263
177408
4605
1287
43695
4668
3405
48822
2400
2019
1962
1755
3099
2070
2802
2901
3228
4623
22527
43077
75000
3084
28095
11067
2568
33771
2856
2826
17022
2322
4062
123255
1701
3471
2997
3843
1488
4083
203991
13599
104700
72384
5778
379659
4602
4164
3759
3939
2613
166170
1950
2193
21612
3546
134880
5166
2775
2697
62910
6042
2529
100992
1752
152328
2097
3873
154761
1350
2154
2973
15339
1965
2787
4068
21459
61530
3519
3189
3993
2418
3291
173085
1941
3993
4215
3222
3624
2700
1851
1500
3192
3459
46014
237867
2961
2346
5229
176226
2790
1065
2997
4185
3564
4239
1671
91965
1845
5679
2547
4989
5043
160035
56973
3300
3879
226716
2832
1929
4476
2817
155613
5469
1719
150939
21345
3693
2547
129504
2427
1719
3387
4773
1047
3798
101724
3759
1686
3066
3786
5826
256341
2622
2346
2379
