ff:0:0:0:0:0:0:0:0:0:0:0:0:0:0:0: (total 8)
0 1 2 3 Thread 0 going to cpu 0
Thread 1 going to cpu 1
4 going to barrier (cpu 1)
going to barrier (cpu 0)
Thread 2 going to cpu 2
going to barrier (cpu 2)
Thread 3 going to cpu 3
5 going to barrier (cpu 3)
Thread 4 going to cpu 4
6 Thread 5 going to cpu 5
7 Thread 6 going to cpu 6
going to barrier (cpu 4)
Thread 7 going to cpu 7
going to barrier (cpu 5)
going to barrier (cpu 7)

cpu 8 cur 8
STARTING...
going to barrier (cpu 6)
STOPPING...
Duration      : 10000 (ms)
Acquisitions  : 10299655
684
15537
306
555
744
516
384
23916
270
510
594
831
285
864
1428
66345
417
1263
405
1338
1068
324
699
58623
1650
2661
696
282
1842
291
462
385599
294
777
348
717
2415
861
1686
90204
918
864
381
1965
627
1092
795
2607
903
390
426
702
747
477
378
372882
351
354
279
285
2100
1203
969
5116500
1272042
438
1806
273
753
561
1380
3994059
273
1422
486
600
1011
561
831
3975339
2387523
717
1422
693
543
669
1164
18411
300
426
348
402
606
285
297
73350
2472
300
270
1755
264
303
723
8554044
2492829
339
432
270
588
1278
951
3178878
62481
978
1680
405
528
291
294
5193
441
480
429
1347
1014
1716
339
24651
405
633
291
300
858
1023
888
31134
396
450
816
465
1722
1026
270
1058391
390
408
678
207
1338
372
528
1010454
378
1263
585
1077
285
1083
273
690867
600
273
516
897
1161
1758
303
409242
693
906
459
285
1071
606
1773
3961548
2289426
474
474
387
1413
1788
954
423
738
222
828
528
1407
1074
528
71850
276
603
603
408
285
858
936
11023320
370305
270
288
837
273
534
552
50904
945
288
300
1206
267
1119
999
2891277
1329
468
873
288
387
654
627
74796
612
339
639
1155
690
273
2124
5305953
27159
573
393
270
282
435
501
790290
207
189
1263
396
411
906
693
2069955
297
1014
267
339
561
921
276
294600
516
915
792
441
417
384
294
173958
1077
2394
720
300
1281
3108
2685
4406478
366
1086
924
324
1971
468
2667
6720
345
1662
627
312
384
1170
765
10005
273
3117
396
1701
501
180
441
14946
1068
537
462
720
177
1836
204
3171120
492
1479
273
273
582
273
1278
454626
786
489
522
699
453
2334
585
254964
756
510
903
870
1143
885
177
4030338
249
1257
921
399
717
543
1578
64755
1641
297
699
300
588
576
1638
2168766
228039
1383
636
294
381
687
1530
1068513
627
810
402
471
1725
2874
1434
6976245
2527656
2127
369
474
363
618
642
20028
273
2553
183
270
447
378
2292
1215012
753
552
1020
267
597
579
528
28860
645
339
291
450
1299
2715
900
3346290
9722985
24792
1524
3063
351
351
339
4983792
396
630
279
297
1140
1836
270
1338462
270
1722
1989
453
1170
273
732
1762767
2540247
1476
558
2073
1518
1851
633
736161
510
420
459
1554
555
369
372
3618
657
300
435
2175
393
222
492
2639028
846
468
783
537
276
585
183
80979
984
183
822
1134
708
270
468
30204
1635
288
1599
864
903
378
786
1135839
762909
1278
699
192
369
384
672
5736600
546
2274
381
552
585
276
1020
16611
489
624
831
450
954
555
498
5626755
1098516
948
612
681
759
552
183
1422369
1821
261
276
288
405
384
903
994530
1479
870
693
444
1767
1089
2010
2665137
183804
870
972
453
672
432
432
4964571
555
450
1098
288
624
288
3417
493203
438
714
657
405
855
300
690
777540
248067
834
459
1293
906
2073
519
5289
858
273
1278
270
1800
282
837
10281123
23103
261
441
1812
957
462
933
2485533
336
999
1089
381
186
513
291
3371691
306294
2412
750
396
264
288
369
15534
1665
1830
378
1563
306
747
210
126084
378
525
1407
300
918
375
306
126450
1488
576
885
423
354
297
549
106980
1656
696
1443
1650
1281
1368
738
58236
381
552
405
411
411
255
930
303726
561
672
1338
1803
1326
1008
897
39753
267
372
831
714
294
786
2454
5364
282
495
282
276
336
570
276
251130
273
768
204
837
447
630
453
35712
1053
1011
552
402
534
576
309
35364
1101
198
516
402
423
261
891
14232
579
477
588
285
303
285
216
538803
540
462
348
357
366
642
1419
767652
435
543
684
1074
213
303
996
60123
375
477
267
708
1572
519
510
343896
279
1101
1068
924
1086
537
1227
262956
3177
963
285
294
288
1656
351
59151
1857
273
288
984
1977
600
303
331974
1200
600
282
534
1476
756
255
53124
702
864
1206
561
492
618
288
109890
549
288
399
393
270
534
804
461463
765
1143
192
648
1371
276
681
48453
414
285
909
381
429
282
309
17979
534
2400
405
672
1326
300
1182
144084
888
348
777
396
1761
180
444
112482
1458
1095
279
678
636
519
447
164658
681
294
369
396
357
507
891
49047
1743
705
186
1584
276
678
432
79593
426
669
636
810
288
807
831
144990
405
663
276
273
297
981
1347
19611
300
375
1119
372
648
627
1236
38367
297
972
438
2433
279
1950
558
527304
180
300
264
276
405
570
2283
55455
270
489
288
528
669
2409
366
192318
300
990
612
1863
453
690
771
101685
600
441
288
273
525
837
408
59991
450
291
474
444
2202
960
1329
195633
537
576
969
882
345
642
918
80385
393
762
621
1836
789
642
270
87951
1746
450
876
939
384
663
414
140838
1182
627
378
843
417
303
630
58095
306
363
921
276
351
366
786
143043
282
273
858
1146
810
1611
273
102135
408
777
1581
282
585
393
483
36543
378
612
459
492
1332
459
633
38154
288
267
603
1098
930
492
1488
86772
441
915
846
753
1005
348
453
9108
510
1182
972
1110
1029
951
921
108717
444
354
699
456
297
624
426
197877
633
675
285
687
648
618
2478
70764
233583
588
1140
405
1452
303
291
1979688
591
879
909
588
1512
528
375
6283614
374394
597
459
366
390
666
1392
40800
366
1203
780
267
675
915
1020
312648
846
450
2022
177
351
597
771
1375476
267
432
459
405
1116
498
882
92226
372
2852181
2343225
645
212529
2333550
9197079
311685
17214
174
171
285
474
52788
462
3284892
19662
738
9727191
708
600
6383391
255
2118249
840
1379583
1546356
177
17214
330
2744655
17244
177
1434
1455
183
1191456
755610
1798236
4003125
192
788292
774
522
204
565170
462
14886
189
1044
1098
192
16632
4202466
29604
1081962
1410
19428
1143
177
267
672
351
3435564
5745030
153
180
177
657
2627118
306
44046
770730
15468
1575
1497
1050426
195
7274529
187383
720
528
940299
480
2892
342
384
2165511
357
309
323313
1074
597
3370242
46767
12675
372
246141
174
954
1305
810
216
66348
174
456
230772
906
636
1500
1155
192630
195
399525
19920
189
821865
177
31323
150129
312
186012
154236
513
353115
168
660
16176
183
55116
287304
501
245043
927
180
183771
393
789
274254
114066
48300
69795
35610
471840
204
168
274539
2064
10947
238677
194205
73218
477336
189
87054
69204
777
624
675
17376
62724
189
415503
720
14277
339
444
35823
25254
73830
79059
546
204
51582
20319
53769
423570
270
32493
216
163857
117375
18069
201
207
31476
34650
204
933
2277
177
303873
987
100977
22425
1575
171
456
222345
81822
1686336
186195
1080
63795
2232819
369
1563
985611
201204
297
195
360
180
2828184
891
976278
867
133281
1263
639
1118382
1029
453
15855
548850
174
2256
196521
17292
215478
1542
29601
882
308163
4911519
183
3471069
861
975
1948089
6223974
3075
180
124137
267
13410
189
5535603
183
825639
1161
399
308211
573
174
922731
961203
1215
418704
1806
2084382
2132292
420
1119840
1131
16362
186
45426
1281
180
186
1094019
1798068
165
189
183
402
393
834
1359012
1662
2924907
1431
2376360
672
16362
11074305
349632
31668
348
133830
2819244
16995
254004
489
230832
171
195
56217
537
186
196158
1026
33309
14274
351
17025
802992
177
474
177
67896
180
261192
759
207
119010
960
738
153138
1449
216
511191
603
171
192
1194
28479
1860
330771
102609
357
171
186
552
134259
610836
14574
128997
1359
519
945
154923
15510
255
1959
55338
30750
462
186
33477
48189
421062
32253
512034
552
30633
615
270
221406
192
171
1203
639
180
266763
78879
348378
17760
308385
369
14409
459
621
342
68268
239283
108522
249249
65736
171
174561
1068
29448
33048
195
1308
534
260784
1914
390
313311
597
309
30270
14286
130968
939
576
71832
471
174
507
177
405
699
195
200481
66621
186
307947
381
268260
174
696
466272
83481
64254
36513
140892
52200
924
67722
15762
85089
104850
87441
375
816
151047
312729
382053
204
168
2181594
34581
28425
4159635
204
48600
423
1016196
1404
354
3650595
780
714
14949
5957784
3423
282
951
326022
201
783
2593773
201
1927809
189
795
612
1085166
426255
8457432
21519
2116110
2158296
540
3918501
336
279
551991
1024755
192
774
1395
2318874
219
2291715
11065062
3469701
1122
168
312
1052667
219
23010
256257
279
1002
15510
822
1095
666
3700254
1305462
714
1044
573
195
1248
4817109
4322211
2333031
279
171
606
1422
3293355
291
1561092
1030779
280641
1494
8362359
2846022
207
29826
3402819
1232514
35715
5201565
34347
264
2181
192
276
7797369
16437
183
567
345
15690
2105175
817026
2461548
987
1380
29571
4299054
204
1050513
654
155514
354
372
1265880
6363039
698052
11328243
1671
4436520
5226579
1197
3964197
1002048
286587
1401
579
2454951
1638
16653
192
378
277539
207
432
4939200
5590803
1701372
693
2184981
198
83781
13446
8094702
2079441
267
438
770106
13508202
996648
519
1765713
3386145
5218248
1584
3105906
46365
1260
213
2716140
192
4799313
1075461
921
570
186
2579013
66306
2113143
1248
1086
357
942
2211822
210
7415331
1040670
4335
639
160836
453
684
687
1541844
303
177
337908
1665
284946
741
705
14088
1176
174
864546
183
192
183
1042770
171
1079316
1611
195
189
765
186
1827
2712444
285
495
1182
927
651
273
1470789
1103415
5410053
1156284
17253
77235
288
756
507
156804
2019
837
165
146451
174
16119
170307
123204
183
453
1833
1704
903
265281
546
307731
154641
270
61956
555840
174
1017
531
27477
840
1332
1380
382041
435
390
286251
18417
191175
588
143097
80304
44154
402
450
798
15657
690
360
274791
834
70770
365079
30534
192
115602
110871
468993
708
103833
534
299412
1056
1440
297
183
273
357
192
266118
1665
459
432
186
768
771
192
15744
180
52326
606
267
72507
960
444
57264
276
285
16935
49719
504
768
261
40119
46299
1056
393
222
2643
1023
291
52461
171
51483
155166
729
16473
180
238788
164451
83160
174
270
630
19050
15387
31803
107232
245118
109704
118689
232704
359457
837
14628
95244
594
31077
164394
537
73932
306
720
447285
1851
73794
168
129279
861
432
56529
80478
38397
189
180
220917
591
168
21810
263244
780
89940
35925
222
456
531
835290
143280
696
1197
150
954
432
1017054
621
111648
963
183
73038
9843
870
1236354
4085391
75000
354240
702
187221
345
1227
1112244
540
8095917
8589951
1150554
924
2040
1119
309
15285
777639
20412
183
441
110256
615
333
192
1063800
459
540
768
3483099
412227
897
321024
331494
180
168
14631
192
192
183
399
1407477
267
1041
447
67704
1448079
591
762687
3605904
967821
453
1047
1067793
12927
17868
20019
2068686
429
288
1917
774954
522
276
699
200781
180
804
300378
80127
4116525
3549954
180
5661861
1107
9431610
423
258
966
5895720
895089
1161012
2008347
11895693
450
369
1046715
306
742803
2540982
1008453
261
21069
3102888
17223
189
983334
37665
459
186
171
1596
1081677
183
186
2089011
735
44100
1118064
2088
177
4971
6809925
78042
192
864
174
1089
2501535
2879763
363
3624
1539
369
888
357
966
345
1119
4240725
822
177
240657
869013
1993236
3501651
534
36081
901275
516063
1239
315
438
304416
201
1690029
273
1602528
171
3966681
7935741
705
180
18813
156426
843
1434
1305765
498
1134
273
641622
32601
2909073
352584
177
174
177
1947
91026
915
6300
18882
186
1269
372
2200068
2103009
294
3207873
744
1097091
1826448
2511
177
4881744
633
23502
1272
19602
840
1203
2269704
992544
19734
180
927
675
420786
188685
708
1235172
453
36531
357
1350
984
1930785
1077
30678
630
855
1323
474
450
189
609
35160
717
606
1686
1464
375
1005
1056
109023
393
1077
192
483
591
1518
819
259833
2988
2544
207
504
894
387
783
18711
303
189
198
273
2217
276
273
100800
276
690
285
588
1242
516
276
1575
1422
345
942
453
210
450
381
398328
630
939
213
819
285
189
189
18087
1074
522
426
843
882
852
744
143154
195
312
636
2433
363
405
606
8371083
249
1434
594
276
522
360
276
5824545
192
177
612
1071
909
207
300
2356437
3780
1512
273
195
591
606
180
51996
846
354
396
639
2145
1251
201
513
1962
192
189
408
189
366
597
117282
852
891
177
2232
564
1185
174
2487
897
2136
363
192
495
777
564
342
666
462
294
456
1257
273
1158
924
423
600
837
828
633
513
837
972
729
375
561
1062
405
192
495
8786298
1494
3219
669
552
192
510
285
2115477
1053
816
1620
507
1146
1050
1194
444
396
921
495
291
885
942
450
522
579
750
195
2202
1155
2358
1245
3092916
483
177
618
1524
189
219
1200
19458
798
1371
882
1017
786
420
1515
300
840
993
270
1215
1056
507
1101
17979
519
192
282
291
189
528
525
1226493
747
1536
1329
426
513
1704
384
363
345
963
300
486
798
381
420
555
453
840
582
447
192
699
531
567
624
735
399
510
270
441
549
1598715
288
879
1062
558
561
804
450
366
567
411
213
288
351
1035
597
20178
345
1695
957
672
675
672
1137
291
660
756
276
285
342
300
681
29907
1152
627
360
183
1143
213
561
1237407
645
456
648
1836
1833
666
525
693
1140
840
1716
894
1185
204
186
444
801
1335
186
789
444
444
1155
942
450
759
636
1206
351
276
516
19032
780
546
186
648
540
186
582
6468
627
600
1476
720
585
261
537
1146
2193
1149
276
291
282
273
558
531
687
345
732
912
486
393
753
2897877
1761
495
192
606
624
354
384
2346066
1092
783
348
378
534
1383
297
758781
1050
1518
435
864
891
1080
1173
10699197
495
501
588
198
492
759
192
49458
303
999
813
390
690
213
852
549
378
1227
891
600
1827
1293
1062
25659
663
1368
198
1071
2364
513
402
3609
1038
177
756
1935
741
393
2229
2782482
771
1212
531
456
198
309
192
1366548
1233
894
186
435
264
738
639
498
882
189
885
462
207
192
894
6696
297
924
795
279
801
210
783
28746
378
2298
381
408
342
264
666
31176
693
360
912
669
1653
195
873
4153281
480
1008
189
282
282
1155
288
1040625
447
369
879
462
282
1278
456
1428903
735
453
276
981
537
984
192
990531
1800
198
510
642
192
282
267
8364267
1083393
13854
729
489
969
381
1293
70941
951
204
1890
201
390
687
186
2805474
1056
303
390
645
510
1098
807
6182004
471
849
198
1863
267
294
687
3543
189
573
894
192
675
510
891
4518
2148
897
1980
468
360
780
378
173955
1908
540
984
354
294
207
342
2235045
501
507
843
621
780
288
207
1020
285
714
1644
876
1251
1950
558
1137963
1479
612
627
1350
534
918
441
3376176
295662
1956
1149
378
1074
381
639
137949
1311
441
639
279
1248
1251
1248
14559
612
474
636
471
633
423
423
110529
735
1125
1623
1050
543
525
705
13104
2385
690
1323
1722
663
279
2520
499968
525
357
1032
363
747
426
279
95928
609
393
924
576
528
1062
891
222681
786
912
516
1134
186
1005
612
70296
657
1161
357
1068
189
2100
177
123315
276
924
192
1269
897
690
675
435
351
279
378
1905
954
492
672
484899
480
750
885
417
438
729
273
28002
408
1008
1014
204
1671
1164
189
357
675
753
282
207
579
525
381
998211
189
1719
192
609
363
723
618
305109
312
531
528
189
900
483
1452
77895
1005
1674
579
798
279
195
303
49587
918
1080
780
882
1935
642
189
174405
1260
219
273
444
276
285
402
186567
744
531
285
456
552
504
1377
49113
678
1251
1947
1536
1047
189
426
678
1458
363
363
276
546
438
1320
201276
783
918
570
276
1428
831
894
52959
1695
276
291
1299
369
552
396
245367
276
537
747
1812
342
1224
1098
448365
270
519
375
873
444
303
369
155208
1668
1491
1428
1629
1089
387
291
116559
450
1266
270
534
351
504
873
107787
486
276
2298
1002
1080
459
798
479712
753
1053
258
570
693
378
384
22269
765
471
687
1287
765
903
681
48777
1059
384
486
588
366
987
438
18411
861
201
438
201
633
438
372
106077
654
489
717
393
510
531
465
585
1134
1068
1074
177
489
798
870
64032
303
714
555
1353
345
645
492
98733
693
582
894
444
195
198
438
57360
210
423
1017
924
291
525
993
71688
549
930
1125
384
285
1326
204
390366
870
1071
348
291
348
441
393
19701
2076
300
462
756
426
399
501
20283
420
2376
1500
198
342
522
489
233847
957
1035
996
498
504
699
579
65367
342
606
576
180
282
900
693
228264
684
606
279
285
198
2358
1926
202686
1179
498
369
681
1182
381
954
33003
303
375
1839
303
1596
996
918
37188
606
1182
375
858
1611
1410
441
114135
474
372
444
294
492
384
786
49575
279
570
948
570
372
1212
1731
295089
204
189
960
492
861
693
351
1912938
957
1425
207
726
198
498
525
3228000
192
384
366
969
288
552
186
3304482
294
729
525
384
1155
1047
960
57048
1015104
186
177
282
1098
2289
855
429
1281
189
3180
570
984
330
186
687
684
2412
351
1833
336
1113
969
171
501
657
564
537
252
393
189
1287
267
270
642
420
927
198
375
1251
756
1173
1050
549
1383
192
459
291
606
744
591
408
645
1350
408
1095
303
408
186
420
294
198
396
1272
969
609
354
507
180
198
1053
384
189
396
429
513
336
315
342
180
714
186
405
993
186
279
525
183
513
408
654
1077
825
357
192
300
666
201
291
189
189
396
330
1281
2316
645
426
210
183
1920
609
1110
1083
2109
393
774
345
765
705
462
852
936
402
732
405
1755
1926
441
285
1263
189
201
927
186
774
186
366
1791
369
186
1920
255
327
1224
291
1128
2700
351
1377
183
183
426
711
450
309
396
1764
489
612
1050
192
198
882
423
267
168
399
345
183
735
282
1386
672
987
435
267
180
933
363
375
174
996
411
615
513
843
204
612
285
843
642
267
393
183
168
276
1005
465
675
288
285
297
477
1032
1422
861
309
306
474
171
693
270
600
534
2007
183
504
450
657
567
687
2385
183
294
849
186
717
1266
174
675
558
1278
1224
189
906
465
789
612
177
642
180
273
1380
276
180
3198
348
738
204
1281
954
282
450
279
540
183
267
366
267
294
933
465
285
831
1431
390
189
1416
1026
348
1692
453
186
372
1152
186
351
351
180
363
507
180
471
189
684
171
840
537
849
582
540
291
201
1464
702
375
183
1524
1536
276
315
429
927
411
174
1395
396
1503
306
702
1104
354
354
186
201
180
1209
648
195
1077
198
627
189
489
1896
459
831
957
540
180
183
630
1239
297
531
408
339
642
192
2577
282
432
774
309
210
558
183
924
435
1722
183
183
387
963
369
420
1383
189
186
1593
315
1692
1275
333
810
666
291
264
912
183
1644
750
540
177
393
1046190
678
543
2133
1242
1164
291
729
2328
1116
1380
186
555
189
909
207
846
564
612
672
1053
339
177
306
798
813
537
366
192
1077
447
960
996
699
468
468
255
1533
465
606
270
1086
13575
186
552
960
354
942
204
186
186
183
372
186
510
576
177
1377
186
591
2127
366
183
288
1176
2097
570
660
204
924
435
285
1515
1329
555
1587
285
507
654
204
510
174
840
1374
303
1002
303
1026
186
1008
468
192
480
1920
570
180
705
585
183
420
531
540
600
1299
534
1095
393
288
360
810
183
594
660
354
1251
189
171
366
798
189
555
180
444
540
405
282
1827
675
912
1332
183
1332
333
1050
3456
399
186
540
309
417
663
795
273
201
711
924
831
393
1014
555
450
1086
204
459
774
381
1686
378
594
285
306
837
186
189
924
390
1110
189
999
1050
1884
921
594
864
174
975
288
180
360
429
1176
501
183
279
891
1071
279
546
2442
444
336
780
186
354
729
717
186
384
651
465
663
276
180
519
195
501
177
1047
636
612
186
909
777
993
663
450
723
876
543
663
990
186
177
177
177
1479
186
198
267
177
1722
1854
183
198
606
543
1002
1404
186
435
525
186
780
561
498
2004
954
267
471
2052
1230
177
543
756
795
291
699
1008
393
186
738
183
1347
813
1578
1953
696
192
705
768
186
180
1512
774
186
1467
426
1125
1164
306
381
204
843
846
348
945
504
690
198
306
186
858
579
189
594
1887
759
549
846
174
462
762
411
609
525
1251
426
183
1473
1911
687
825
945
579
846
1407
990
1263
543
192
1047
2034
183
183
654
177
666
624
1086
696
1077
2094
1416
924
435
174
474
603
186
192
300
1200
282
411
183
177
282
360
339
177
189
426
1455
186
288
189
435
1536
174
183
960
1737
183
669
282
444
618
177
894
177
1314
279
339
177
984
189
1410
1089
1548
345
186
645
189
609
528
288
726
183
387
183
1416
555
2127
714
1353
276
906
1530
186
186
183
273
180
315
1644
183
273
612
171
183
1563
1767
285
2844
1263
687
381
939
183
186
198
267
366
858
1917
513
972
570
342
177
1470
261
609
1146
1446
270
1104
2370
1041
654
186
456
273
1101
672
552
507
993
171
297
375
2805
189
627
174
168
897
1041
750
1719
960
1197
348
186
852
936
183
2145
1188
480
282
432
1008
624
1416
465
1098
183
189
1734
534
990
414
1260
1476
315
492
201
198
783
285
675
534
972
183
1437
792
1377
300
1071
612
189
183
1215
675
516
762
198
603
432
957
1500
417
2127
267
276
180
171
423
531
603
837
303
378
1056
498
702
405
987
2580
270
189
186
528
528
417
270
1227
876
198
1113
1002
195
357
180
570
798
936
180
1140
855
2370
282
210
282
192
1383
276
2754
1692
186
291
1791
852
738
801
1077
1935
1302
354
336
183
390
204
1260
1509
1143
1338
183
957
333
657
1836
186
726
1758
525
384
771
282
198
267
429
348
201
741
183
429
294
183
294
183
411
270
174
468
729
675
846
267
396
360
378
525
2100
168
555
972
204
918
207
507
933
432
501
540
186
531
504
282
183
285
660
183
699
423
543
2355
360
936
183
2019
375
705
3015
279
630
2013
11703744
714
1091091
1210407
13839
1398
567
492
1000368
399
465
459
345
507
852
489
435
288
864
1005
933
192
672
303
417
777
195
366
189
285
414
186
366
450
501
189
1029
819
573
291
675
813
1074
1503
285
351
372
1002
639
537
474
267
366
801
798
609
855
1029
486
444
456
666
582
588
864
441
1650
741
561
546
1146
618
843
864
789
699
1257
564
354
282
552
657
288
267
219
282
765
1509
492
198
729
1167
1557
1986
549
468
192
1242
270
1113
1197
543
375
561
363
684
948
282
621
273
1146
288
1263
210
597
468
1878
291
201
897
750
273
270
717
357
504
186
228
345
597
1803
411
729
540
1227
393
1935
426
393
354
465
1119
225
267
1332
4167
1296
264
306
225
1245
1251
1314
849
1143
558
1185
732
924
1545
639
927
954
1161
285
291
549
3165
921
900
357
285
195
537
273
282
780
1356
432
1803
675
1089
279
747
252
981
300
600
288
708
1419
210
1506
408
570
591
288
189
876
180
522
1041
1320
540
621
780
306
1338
453
201
1950
366
906
192
315
273
255
288
393
198
768
537
1050
267
495
489
816
537
471
210
1017
438
1578
384
192
189
819
192
375
2628
1560
2067
258
192
837
573
192
819
771
1449
369
264
513
210
360
879
429
279
294
702
276
564
693
378
621
1965
585
513
291
498
762
942
750
1299
684
351
348
1167
1854
765
669
456
756
594
534
255
579
675
267
321
969
888
1500
417
450
1215
978
1263
357
282
360
189
363
708
579
222
546
870
204
405
1038
855
276
441
2163
945
3147
654
1830
1509
1500
192
219
1866
1107
1605
2544
558
450
372
180
273
273
1191
255
771
81816
579
705
195
468
1122
276
615
282393
1119
282
795
1008
357
402
2154
201
759
558
882
3270
915
423
915
408
636
372
504
504
1086
192
354
180
459
1230
366
1080
921
753
519
597861
2256
1041
507
885
660
696
672
3363768
645
390
273
258
972
399
1146
769992
339
198
342
1611
708
216
615
234
1200
846
555
339
954
963
738
1125
1143
786
570
261
3243
258
813
339
1386
186
300
483
1659
705
1902
354
180
426
1152
822
1767
876
2679
1098
1365
585
195
273
288
192
354
447
363
996
1155
933
360
366
345
177
1251
1140
360
516
270
177
384
366
792
858
591
348
1362
426
897
294
1551
450
1050
585
1173
201
273
276
513
507
189
372
177
261
279
264
633
378
264
780
411
657
291
1387482
657
399
279
192
288
846
486
348
957
951
981
444
636
366
339
35190
681
198
180
465
1044
360
447
954
714
222
675
474
408
1665
582
1041
369
708
1818
378
384
309
318
363
471
177
450
297
525
198
180
753
918
690
720
381
378
273
1572
525
438
1263
888
369
798
444
1605
738
1671
714
450
867
981
474
1212
546
1035
540
189
660
225
723
1386
360
1851
1008
213
921
498
933
1122
771
1128
1734
1029
798
840
1992
369
417
276
354
1500
1008
756
270
483
369
582
2196
1308
369
375
429
1302
1350
363
375
513
1203
852
561
303
459
1011
1137
906
468
2088
645
429
1176
1272
1146
696
189
1332
780
459
498
417
426
645
543
264
474
729
282
363
192
546
531
213
498
366
384
1737
678
291
354
255
567
276
225
768
423
288
1317
2856
345
1341
849
834
381
210
777
459
1182
363
1071
219
951
1455
1326
324
429
549
270
1122
219
543
465
780
534
201
273
300
888
390
348
804
1236
186
2304
678
474
288
405
285
279
624
285
762
354
276
1047
276
846
1272
372
1041
630
1596
516
618
429
528
705
525
1245
474
414
879
459
204
702
1347
921
303
1050
273
174
837
1488
561
210
1395
711
195
741
417
597
438
270
540
1062
594
2844
285
1059
282
558
282
1047
204
750
381
180
624
630
189
465
867
1146
945
702
1194
636
360
1854
1125
501
1260
459
456
1062
816
723
1365
675
1011
441
600
510
627
285
2268
501
2451
714
195
2739
726
1002
498
546
1512
225
504
267
585
183
1452
2076
1020
1158
507
1029
1095
663
426
798
396
603
3597
396
885
483
585
363
993
390
1263
495
255
666
1749
645
1206
897
222
726
855
330
729
429
996
258
279
1944
1152
342
798
540
462
573
1152
366
357
288
705
1092
276
738399
531
534
276
219
744
936
351
9565281
489
2196
354
267
207
756
894
1158
279
183
465
1320
279
189
423
354
351
1350
1353
1341
1008
1611
705
510
273
306
375
1587
438
978
591
315660
753
930
645
267
1185
447
204
49044
972
429
510
177
1533
258
516
2868372
555
570
270
447
693
513
474
1128
687
948
1266
378
1116
2469
477
993
1401
1038
2112
1044
378
255
207
387
255
489
333
189
480
1377
1089
459
204
453
813
207
282
2376
339
967881
192
651
396
186
741
309
1665
597
303
270
531
1518
456
300
423
1329
861
288
201
330
468
2043
1380
540
282
543
825
1011
1872
471
825
1044
219
1485
1023
1083
1338
2460
669
210
192
771
588
279
441
858
2319
1788
468
444
810
366
426
1041
648
2796
666
513
1272
498
708
288
594
1533
807
1467
678
369
1167
843
432
1142583
696
657
297
222
357
852
741
4305564
735
24021
180
873
345
468
1239
1895328
513
399
756
171
903
171
510
4629813
633
744
1116
972
537
588
1863
971526
729
2037
1203
396
378
1236
351
189699
1095
552
774
1068
252
303
270
1179939
264
504
351
4461
432
279
3102
873654
174
570
792
417
366
1080
285
438
333
297
783
363
279
360
297
2112468
285
279
1326
441
177
282
948
5305065
423
336
270
300
873
267
603
68700
309
834
276
447
435
735
558
11082087
390
1518
543
666
834
882
282
267777
927
972
942
336
417
177
186
2975289
591
174
1992
672
246
534
1080
26532
294
177
279
633
177
981
1305
471
174
522
1095
504
2022
885
522
37041
816
387
171
339
1938
504
849
390
177
969
1002
849
393
1056
1011
801
204
636
1344
1578
1881
591
366
19674
426
837
516
483
423
2139
213
282
264
1389
630
636
816
444
405
3101781
576
1686
591
522
1311
1803
672
915
537
579
372
747
750
1515
531
17622
2721
273
1566
1146
174
834
1563
15061770
135
279
714
2037
423
342
447
2791041
267
621
840
1377
450
984
297
1839
354
357
954
378
672
780
738
1718607
552
300
1185
429
261
702
177
4237167
732
456
1026
456
411
177
945
219
279
441
615
723
615
810
267
17436
441
270
450
195
429
1077
654
46182
339
483
681
267
852
960
3333
2693841
687
2238
2151
1749
435
462
759
618
786
168
921
900
624
864
603
1008483
510
1338
561
663
819
273
267
3138534
1377
177
855
654
513
471
450
1869033
510
600
1137
825
612
177
831
228384
1581
2046
489
1491
675
762
807
201
879
612
1179
177
894
423
306
351
177
561
273
1203
363
255
1746
120036
696
360
192
174
177
660
777
10550169
549
366
900
552
273
924
1449
16587
1032
1197
804
606
1506
729
420
6604152
378
1308
279
2196
1413
474
1182
700236
903
270
438
267
285
600
369
1731
1032
558
279
861
390
297
441
2084772
2373
387
1155
1014
1275
375
420
6251775
471
957
285
291
450
447
645
6973026
39423
288
258
537
507
543
2304
2358
279
969
177
405
567
708
297
4374
516
426
357
1032
3504
174
177
328581
585
267
1707
513
273
801
177
38340
177
333
411
489
792
381
555
18138
174
846
933
177
285
444
426
224238
1488
465
525
438
711
1650
441
158793
306
1158
429
303
276
828
1629
282900
678
267
375
675
1239
456
879
322713
2877
846
183
600
258
444
678
68808
252
339
708
711
708
921
444
62322
168
294
342
294
702
291
1038
364587
279
285
1209
1188
270
705
654
122619
177
384
717
435
198
1611
603
71817
2985
300
297
444
174
297
753
70887
1248
468
684
366
753
873
1269
56346
414
501
432
603
867
636
420
18339
648
402
1758
399
459
399
675
154932
1257
342
1344
489
174
444
618
257253
351
468
1086
1929
954
717
174
3588
375
375
945
891
1062
786
333
89340
174
558
393
504
519
456
909
265164
2586
174
1344
1644
522
816
1485
276834
648
291
267
180
501
870
639
44097
684
519
660
615
459
453
339
16659
1035
282
288
279
468
996
2025
60774
1500
900
669
957
423
492
462
87591
600
465
795
285
174
591
753
21480
987
309
255
246
2409
261
543
18312
501
471
948
819
525
564
252
14046
495
711
534
450
249
177
297
119058
1110
177
1044
675
567
441
459
30423
336
705
492
1185
609
600
393
57729
360
447
216
558
282
1311
2031
501
1005
291
390
396
387
801
594
511110
363
609
195
345
264
1515
1035
29130
1860
588
1635
177
2262
591
297
195561
441
342
1083
1197
891
411
576
158745
174
177
621
1173
2262
1362
453
12342
537
759
1551
387
516
294
285
188403
300
282
177
510
258
1014
291
1371
867
363
1116
708
303
276
279
235689
2439
351
264
1260
1158
1098
2100
329301
1002
576
717
507
837
600
312
25584
540
1395
417
366
363
279
774
19944
921
1401
693
396
519
1683
255
19311
777
174
840
279
672
831
1134
57312
396
504
498
942
408
1029
270
52677
714
1332
1161
510
879
1023
171
48810
351
183
1611
1932
639
612
528
133581
366
423
177
294
1575
291
264
49794
570
1341
804
582
1485
1377
267
108261
294
252
267
243
1050
372
783
262191
195
549
273
588
1158
945
1227
650811
1149
333
177
264
177
348
1053
120402
405
699
903
939
1539
894
438
148089
522
558
1227
609
567
189
990
46548
2286
174
594
567
285
828
891
37239
285
279
1182
432
792
288
2109
127749
294
675
279
999
489
468
624
1593
924
627
957
612
483
465
1659
19878
705
186
1071
564
483
831
2232
14235
501
1755
168
474
597
1326
927
270795
1374
804
786
270
303
477
1428
1949715
363
1311
255
2559
396
606
174
6658023
1221
684
408
1743
519
1437
1068
335655
975
1215
177
261
429
540
708
301998
1338
579
444
426
444
270
264
1390581
840
354
2307
576
594
1182
504
70620
174
549
822
1014
609
453
360
997197
408
447
360
654
702
639
471
4889829
552
375
600
555
351
288
1341
54006
183
1086
177
807
1089
2886
1245
3347418
1080
1221
534
1398
1131
366
351
127860
825
504
1392
1527
513
342
462
1059273
738
618
174
456
330
708
576
7528536
528
315
501
2391
1083
3534
435
5245140
321
1098
576
537
678
525
1038
856638
270
426
1995
189
285
993
726
69474
834
366
426
588
519
867
429
80562
19773
822
570
192
1509
1020
765
438
264
438
489
843
1065
2052
576
591
555
909
1356
207
399
357
1836
672
465
600
612
1017
423
225
471
267
669
990
591
627
762
1146
1215
1215
252
1305
1767
348
738
696
642
630
336
507
288
717
303
855
1245
783
1620
288
861
1281
396
885
825
1308
879
189
1929
807
672
684
672
1101
1026
1227
888
282
942
333
2829
873
285
582
342
258
1347
441
177
1923
225
1035
516
588
681
951
603
600
267
372
534
405
891
258
303
825
258
552
846
201
381
255
279
348
426
1227
768
1185
837
531
225
2073
816
333
294
513
177
297
285
3042
747
534
774
207
177
663
204
588
360
315
300
735
1266
723
285
834
348
1320
510
435
1557
1401
1239
219
810
1068
258
252
525
1032
720
525
699
354
1383
1332
1110
426
2802
951
1395
606
1290
519
306
1509
852
456
252
2361
513
381
270
267
408
3525
822
282
300
210
1122
786
627
1548
516
534
1008
1347
1389
285
285
885
348
942
492
426
1266
267
1083
177
1953
786
585
555
771
669
294
219
420
1146
600
450
426
564
888
399
285
876
1308
360
201
1089
465
270
390
1413
1194
1044
1164
1419
600
285
561
297
369
417
2772
336
273
1311
618
1554
858
279
603
426
441
753
606
1287
426
432
288
618
261
702
1440
201
303
291
459
1368
348
1065
1320
1158
1284
954
201
1383
1065
627
1686
336
201
663
426
513
279
930
408
660
204
393
351
954
354
792
288
465
279
474
339
360
294
276
270
936
177
336
207
270
804
1107
1308
297
1545
1032
285
561
564
198
441
984
270
570
321
672
177
519
357
267
411
1095
261
651
810
1317
903
1059
255
672
510
318
432
414
264
735
843
198
174
795
1221
477
348
336
648
582
441
1266
285
444
381
2904
291
516
219
1629
807
1152
636
429
732
645
585
273
696
324
423
1011
480
1122
1356
441
1398
975
465
642
915
279
255
573
1356
1137
351
351
1113
3039
207
294
279
1278
651
591
912
351
498
549
213
177
315
885
315
927
489
219
726
429
972
291
417
369
2223
369
270
921
402
1920
927
339
990
393
267
591
450
342
537
1302
201
384
255
1101
282
1299
1011
390
1395
369
222
471
606
222
270
639
966
273
258
192
1149
1110
630
1479
201
441
174
762
1464
264
714
477
426
1284
807
1554
630
597
288
207
1068
798
840
369
1092
777
936
1437
540
339
504
198
792
939
249
2286
615
252
1347
2601
618
1569
669
1479
636
459
198
177
1017
258
285
297
1104
645
555
724440
285
762
345
660
522
495
1179
174
579
222
3258
273
612
1512
888
216
549
618
732
1125
177
180
759
537
1389
1101
177
378
210
372
519
294
837
510
1137
207
1212
252
1674
669
270
843
465
672
642
729
624
591
1182
282
2310
1158
624
522
651
393
447
216
681
282
210
1227
795
2697
708
192
1131
675
432
621
285
798
294
666
366
789
216
186
228
387
399
1230
252
195
354
594
270
1494
1470
567
1035
717
450
540
447
912
726
630
1152
762
1212
702
285
798
2088
441
1362
1449
282
363
567
510
381
441
855
591
1005
513
1341
417
1398
585
1179
1002
345
1149
1020
1212
1800
984
615
348
375
273
1293
201
207
309
306
504
252
666
270
315
207
1359
1269
567
267
249
732
1308
879
1059
963
816
285
177
348
759
987
1173
1059
561
510
762
441
447
507
1014
198
603
915
264
372
768
543
834
204
1281
978
606
1428
1227
351
192
357
1035
297
1236
1131
363
435
426
357
783
270
444
294
435
2655
1749
1170
177
516
852
1128
348
798
993
1032
849
1032
216
1047
720
567
1014
1257
558
339
1029
300
2934
573
768
510
279
1911
2046
1011
2868
222
387
381
267
1062
795
372
1173
369
2235
294
201
270
180
1569
525
546
510
201
1689
879
450
381
300
564
1233
201
354
177
174
348
2211
285
276
417
222
534
726
387
1755
1518
807
933
804
288
318
765
213
609
831
993
267
489
291
357
474
204
348
1035
765
282
252
390
477
804
378
1014
486
225
339
675
1146
2358
1104
558
366
333
1569
456
201
258
555
693
300
927
336
987
456
435
372
1065
297
594
897
255
1038
273
264
663
525
423
543
534
1125
216
279
681
1494
1359
426
606
1185
903
972
723
1056
948
339
1050
339
351
294
684
1356
444
969
285
609
351
381
603
2634
693
348
777
354
465
675
318
585
561
333
222
423
984
1947
1059
204
1137
423
306
507
345
501
426
591
639
996
288
276
1017
411
264
417
861
636
906
348
2430
2433
351
693
1455
435
390
897
339
1002
522
552
1206
636
1947
195
984
282
303
204
1428
345
594
1173
309
1512
174
300
951
264
174
963
393
219
621
432
1398
525
177
345
501
684
501
1140
279
549
630
762
417
669
531
183
357
219
1173
1221
2553
489
606
288
345
2415
369
222
975
1188
417
1464
921
450
201
1500
1353
1095
336
333
636
279
1071
810
729
459
255
357
282
435
276
714
1122
1383
936
834
255
594
1761
1371
723
1158
552
177
630
279
594
10812
210
438
1314
453
357
441
420
1319421
516
2816823
594
357
1185
663
264
88872
486
648
393
1803
393
705
561
444
552
999
672
849
1326
780
546
1599
420
588
171
1098
1779
2970
465
381
2091
1524
312
312
336
306
966
261
675
258
1167
744
930
927
1032
873
378
852
396
540
1965894
297
468
1443
300
444
465
333
900
936
1080
2358
711
1155
282
441
1158
270
297
171
285
1038
3036
927
1935
1626
2382
174
678
759
1572
888
297
732
840
264
1152
525
582
1431
1848
1746
771
180
387
444
204
285
2013
270
282
375
1080
666
636
3315
666
399
1575
495
879
264
567
390
303
387
816
699
264
1338
501
177
450
294
672
297
831
1701
2604
282
993
372
2136
213
1896
1011
888
1914
564
294
510
516
630
1092
471
174
1407
993
339
675
501
459
369
597
360
255
276
267
363
177
441
597
270
471
864
342
396
549
723
426
285
1242
726
777
663
534
339
264
585
591
567
285
174
444
558
879
180
417
2067
270
1263
1074
396
2343
810
459
282
429
330
720
765
351
1518
177
327
414
1584
2199
258
261
273
294
1146
549
705
1305
783
513
1434
1476
348
459
2106
1149
930
510
276
999
180
1182
780
687
2004
834
279
450
420
564
873
285
2460
177
285
360
1101
732
276
336
462
564
738
891
1305
1023
426
963
1953
288
372
315
309
267
423
495
2448
276
735
390
900
267
744
663
1233
186
741
1767
357
441
777
1356
1095
609
843
174
258
612
564
255
906
360
177
288
894
477
294
825
912
432
957
279
276
609
1350
390
384
735
1305
927
606
474
774
471
855
819
384
375
177
348
396
777
279
1131
297
3090
1446
522
261
618
1185
1086
1017
618
1347
369
177
177
273
282
411
1965
840
21012
1119
468
267
648
1116
1257
2667
2367
954
414
282
1050
174
438
609
1101
1359
945
939
267
267
279
297
276
969
504
519
786
264
651
273
987
1875
1362
393
273
180
714
252
789
1200
459
279
1191
333
279
531
1428
276
264
270
354
753
786
1416
177
432
570
534
258
432
975
1137
1500
1125
684
636
267
900
780
930
594
372
678
384
396
420
978
720
405
303
438
1773
2403
177
375
429
504
1182
336
180
3798
291
474
1080
627
276
645
1266
369
288
1278
957
519
747
300
600
174
483
177
486
750
1248
177
270
771
492
375
489
342
1347
435
480
795
303
501
408
540
423
1044
750
702
1224
474
420
375
999
273
432
1479
255
267
717
3040104
423
531
507
279
504
279
297
1077222
984
522
279
453
387
1368
1119
11580378
351
804
1089
1197
396
264
711
630
1383
273
354
516
267
636
1716
297
312
504
522
582
669
1053
768
279
276
765
462
414
168
897
258
1092
1143
1179
747
1458
360
747
708
858
177
393
744
795
966
780
435
921
273
1311
501
735
342
1473
549
906
1041
387
303
291
432
531
984
504
1977
1749
1695
261
270
1308
273
681
378
774
177
177
228
543
393
702
879
570
447
252
786
174
375
1656
1434
1425
372
579
2922
525
180
288
267
453
1227
813
210
1383
258
372
1749
441
300
624
282
201
690
285
834
639
588
1167
297
273
201
420
282
285
792
291
798
279
897
279
972
1011
522
282
414
375
564
792
285
204
3285
723
1173
807
543
1011
447
585
828
225
1425
1095
708
396
597
255
471
411
405
717
1134
288
387
273
270
591
534
918
384
1284
510
1653
1179
399
1116
282
267
1215
849
273
252
711
468
696
471
180
1083
657
1326
255
504
444
447
177
1014
441
2037
1065
1422
579
678
720
285
363
993
393
285
978
423
741
180
282
177
1185
174
360
666
399
687
1260
660
510
714
510
429
789
1158
282
1026
546
765
834
1833
177
336
1029
300
288
270
1122
477
288
1026
252
1764
603
333
1254
423
366
264
801
525
1047
471
2226
585
498
1332
513
1590
633
1617
519
279
1002
273
843
555
441
273
549
456
2820
279
285
252
528
279
654
897
849
870
591
1536
762
834
201
1158
801
423
660
300
591
441
594
177
396
1029
177
1146
420
294
1263
741
1335
1959
267
360
255
531
1185
1113
177
258
1233
756
981
180
1482
216
729
1098
1239
348
1008
471
468
438
540
375
426
297
291
285
339
648
360
642
177
657
1002
1386
528
990
597
1308
330
1554
261
267
825
438
849
978
1377
258
273
1452
792
393
1146
528
1983
558
720
270
549
645
510
354
417
174
285
507
405
300
546
2682
684
414
1146
183
876
828
90300
1149
537
1221
177
252
291
582
798
903
1077
1044
279
543
276
1902
1338
282
480
1788
1704
765
1176
534
1467
396
603
1053
1500
705
645
1305
1029
711
1407
192
2454
3039
360
1884
354
840
441
732
573
696
1497
333
1077
768
879
636
2361
501
747
255
1041
420
474
528
954
696
693
708
1008
816
612
2322
267
681
438
300
1032
756
351
360
267
714
177
759
660
291
378
1587
957
1716
1566
663
459
1080
1452
888
1320
612
378
597
363
1143
1026
411
633
768
414
1446
546
1599
372
276
417
570
360
357
282
438
342
273
1974
327
273
1839
64776
1638
1317
522
636
642
369
678
64764
1116
789
189
543
285
1320
1092
1002
